2021-07-27 11:25:08,751 [INFO] host = localhost, port = 29500
2021-07-27 11:25:08,752 [INFO] sending message $BPLOG,ACK,ON*1e
...
2021-07-27 11:25:08,752 [INFO] sending message $BPLOG,ALL,ON*16
...
2021-07-27 11:25:08,753 [INFO] sending message $BPSTS,152508.75,1,BWSI Autonomy OK*4d
...
2021-07-27 11:25:08,753 [INFO] Received from Frontseat: []
2021-07-27 11:25:08,753 [INFO] AUV state: {'position': (None, None), 'latlon': None, 'heading': None, 'depth': None, 'altitude': None, 'roll': None, 'pitch': None, 'last_fix_time': None, 'speed': None, 'rudder': 0}
2021-07-27 11:25:09,754 [INFO] sending message $BPSTS,152509.75,1,BWSI Autonomy OK*4c
...
2021-07-27 11:25:09,754 [INFO] Processing: $BFNVG,152505.70,4218.000000,N,07106.000000,W,0,10.0,1.0,45.0,0.0,0.0,152505.70*62
2021-07-27 11:25:09,754 [INFO] Interpreted as: {'position': (0, 0), 'latlon': (42.3, -71.1), 'heading': 45.0, 'depth': 1.0, 'altitude': 10.0, 'roll': 0.0, 'pitch': 0.0, 'last_fix_time': datetime.datetime(2021, 7, 27, 15, 25, 5), 'speed': None, 'rudder': 0, 'datum': (42.3, -71.1)}
2021-07-27 11:25:09,755 [INFO] Processing: $BFNVG,152506.07,4218.000000,N,07106.000000,W,0,10.0,1.0,45.0,0.0,0.0,152506.07*62
2021-07-27 11:25:09,755 [INFO] Interpreted as: {'position': (0.0, 0.0), 'latlon': (42.3, -71.1), 'heading': 45.0, 'depth': 1.0, 'altitude': 10.0, 'roll': 0.0, 'pitch': 0.0, 'last_fix_time': datetime.datetime(2021, 7, 27, 15, 25, 6), 'speed': None, 'rudder': 0, 'datum': (42.3, -71.1)}
2021-07-27 11:25:09,755 [INFO] Processing: $BFNVG,152506.43,4218.000000,N,07106.000000,W,0,10.0,1.0,45.0,0.0,0.0,152506.43*62
2021-07-27 11:25:09,755 [INFO] Interpreted as: {'position': (0.0, 0.0), 'latlon': (42.3, -71.1), 'heading': 45.0, 'depth': 1.0, 'altitude': 10.0, 'roll': 0.0, 'pitch': 0.0, 'last_fix_time': datetime.datetime(2021, 7, 27, 15, 25, 6), 'speed': None, 'rudder': 0, 'datum': (42.3, -71.1)}
2021-07-27 11:25:09,755 [INFO] Processing: $BFNVG,152506.76,4218.000000,N,07106.000000,W,0,10.0,1.0,45.0,0.0,0.0,152506.76*62
2021-07-27 11:25:09,755 [INFO] Interpreted as: {'position': (0.0, 0.0), 'latlon': (42.3, -71.1), 'heading': 45.0, 'depth': 1.0, 'altitude': 10.0, 'roll': 0.0, 'pitch': 0.0, 'last_fix_time': datetime.datetime(2021, 7, 27, 15, 25, 6), 'speed': None, 'rudder': 0, 'datum': (42.3, -71.1)}
2021-07-27 11:25:09,755 [INFO] Processing: $BFNVG,152507.09,4218.000000,N,07106.000000,W,0,10.0,1.0,45.0,0.0,0.0,152507.09*62
2021-07-27 11:25:09,756 [INFO] Interpreted as: {'position': (0.0, 0.0), 'latlon': (42.3, -71.1), 'heading': 45.0, 'depth': 1.0, 'altitude': 10.0, 'roll': 0.0, 'pitch': 0.0, 'last_fix_time': datetime.datetime(2021, 7, 27, 15, 25, 7), 'speed': None, 'rudder': 0, 'datum': (42.3, -71.1)}
2021-07-27 11:25:09,756 [INFO] Processing: $BFNVG,152507.42,4218.000000,N,07106.000000,W,0,10.0,1.0,45.0,0.0,0.0,152507.42*62
2021-07-27 11:25:09,756 [INFO] Interpreted as: {'position': (0.0, 0.0), 'latlon': (42.3, -71.1), 'heading': 45.0, 'depth': 1.0, 'altitude': 10.0, 'roll': 0.0, 'pitch': 0.0, 'last_fix_time': datetime.datetime(2021, 7, 27, 15, 25, 7), 'speed': None, 'rudder': 0, 'datum': (42.3, -71.1)}
2021-07-27 11:25:09,756 [INFO] Processing: $BFNVG,152507.75,4218.000000,N,07106.000000,W,0,10.0,1.0,45.0,0.0,0.0,152507.75*62
2021-07-27 11:25:09,756 [INFO] Interpreted as: {'position': (0.0, 0.0), 'latlon': (42.3, -71.1), 'heading': 45.0, 'depth': 1.0, 'altitude': 10.0, 'roll': 0.0, 'pitch': 0.0, 'last_fix_time': datetime.datetime(2021, 7, 27, 15, 25, 7), 'speed': None, 'rudder': 0, 'datum': (42.3, -71.1)}
2021-07-27 11:25:09,756 [INFO] Processing: $BFNVG,152508.08,4218.000000,N,07106.000000,W,0,10.0,1.0,45.0,0.0,0.0,152508.08*62
2021-07-27 11:25:09,757 [INFO] Interpreted as: {'position': (0.0, 0.0), 'latlon': (42.3, -71.1), 'heading': 45.0, 'depth': 1.0, 'altitude': 10.0, 'roll': 0.0, 'pitch': 0.0, 'last_fix_time': datetime.datetime(2021, 7, 27, 15, 25, 8), 'speed': None, 'rudder': 0, 'datum': (42.3, -71.1)}
2021-07-27 11:25:09,757 [INFO] Processing: $BFNVG,152508.41,4218.000000,N,07106.000000,W,0,10.0,1.0,45.0,0.0,0.0,152508.41*62
2021-07-27 11:25:09,757 [INFO] Interpreted as: {'position': (0.0, 0.0), 'latlon': (42.3, -71.1), 'heading': 45.0, 'depth': 1.0, 'altitude': 10.0, 'roll': 0.0, 'pitch': 0.0, 'last_fix_time': datetime.datetime(2021, 7, 27, 15, 25, 8), 'speed': None, 'rudder': 0, 'datum': (42.3, -71.1)}
2021-07-27 11:25:09,757 [INFO] Processing: $BFNVG,152508.74,4218.000000,N,07106.000000,W,0,10.0,1.0,45.0,0.0,0.0,152508.74*62
2021-07-27 11:25:09,757 [INFO] Interpreted as: {'position': (0.0, 0.0), 'latlon': (42.3, -71.1), 'heading': 45.0, 'depth': 1.0, 'altitude': 10.0, 'roll': 0.0, 'pitch': 0.0, 'last_fix_time': datetime.datetime(2021, 7, 27, 15, 25, 8), 'speed': None, 'rudder': 0, 'datum': (42.3, -71.1)}
2021-07-27 11:25:09,757 [INFO] Processing: $BFNVG,152509.08,4218.000000,N,07106.000000,W,0,10.0,1.0,45.0,0.0,0.0,152509.08*62
2021-07-27 11:25:09,757 [INFO] Interpreted as: {'position': (0.0, 0.0), 'latlon': (42.3, -71.1), 'heading': 45.0, 'depth': 1.0, 'altitude': 10.0, 'roll': 0.0, 'pitch': 0.0, 'last_fix_time': datetime.datetime(2021, 7, 27, 15, 25, 9), 'speed': None, 'rudder': 0, 'datum': (42.3, -71.1)}
2021-07-27 11:25:09,757 [INFO] Received from Frontseat: [b'$BFNVG,152505.70,4218.000000,N,07106.000000,W,0,10.0,1.0,45.0,0.0,0.0,152505.70*62', b'$BFNVG,152506.07,4218.000000,N,07106.000000,W,0,10.0,1.0,45.0,0.0,0.0,152506.07*62', b'$BFNVG,152506.43,4218.000000,N,07106.000000,W,0,10.0,1.0,45.0,0.0,0.0,152506.43*62', b'$BFNVG,152506.76,4218.000000,N,07106.000000,W,0,10.0,1.0,45.0,0.0,0.0,152506.76*62', b'$BFNVG,152507.09,4218.000000,N,07106.000000,W,0,10.0,1.0,45.0,0.0,0.0,152507.09*62', b'$BFNVG,152507.42,4218.000000,N,07106.000000,W,0,10.0,1.0,45.0,0.0,0.0,152507.42*62', b'$BFNVG,152507.75,4218.000000,N,07106.000000,W,0,10.0,1.0,45.0,0.0,0.0,152507.75*62', b'$BFNVG,152508.08,4218.000000,N,07106.000000,W,0,10.0,1.0,45.0,0.0,0.0,152508.08*62', b'$BFNVG,152508.41,4218.000000,N,07106.000000,W,0,10.0,1.0,45.0,0.0,0.0,152508.41*62', b'$BFNVG,152508.74,4218.000000,N,07106.000000,W,0,10.0,1.0,45.0,0.0,0.0,152508.74*62', b'$BFNVG,152509.08,4218.000000,N,07106.000000,W,0,10.0,1.0,45.0,0.0,0.0,152509.08*62']
2021-07-27 11:25:09,758 [INFO] AUV state: {'position': (0.0, 0.0), 'latlon': (42.3, -71.1), 'heading': 45.0, 'depth': 1.0, 'altitude': 10.0, 'roll': 0.0, 'pitch': 0.0, 'last_fix_time': datetime.datetime(2021, 7, 27, 15, 25, 9), 'speed': None, 'rudder': 0, 'datum': (42.3, -71.1)}
2021-07-27 11:25:09,820 [INFO] **** [(-0.21993023293121178, -7.6862156757158235)] [(15.437560812208067, -7.329055330858309)]
2021-07-27 11:25:09,820 [INFO] Next green buoy: [(-0.21993023293121178, -7.6862156757158235)], next red buoy: [(15.437560812208067, -7.329055330858309)]
2021-07-27 11:25:09,820 [ERROR] An error occurred. The stack trace is below.
Traceback (most recent call last):
  File "BWSI_BackSeat.py", line 117, in run
    rudder_angle, speed = self.__autonomy.decide(self.__auv_state, green, red)
  File "/home/steven/Baygulls/ChallengeCode/AUV_Controller.py", line 48, in decide
    self.__desired_heading = self.__heading_to_angle(green_buoys[0], red_buoys[0])
  File "/home/steven/Baygulls/ChallengeCode/AUV_Controller.py", line 89, in __heading_to_angle
    relative_angle = (gnext[0][0] + rnext[0][0]) / 2.0
IndexError: invalid index to scalar variable.
