2021-07-27 11:24:29,847 [INFO] host = localhost, port = 29500
2021-07-27 11:24:32,851 [INFO] sending message $BPLOG,ACK,ON*1e
...
2021-07-27 11:24:32,851 [INFO] sending message $BPLOG,ALL,ON*16
...
2021-07-27 11:24:32,851 [INFO] sending message $BPSTS,152432.85,1,BWSI Autonomy OK*4a
...
2021-07-27 11:24:32,852 [INFO] Received from Frontseat: []
2021-07-27 11:24:32,852 [INFO] AUV state: {'position': (None, None), 'latlon': None, 'heading': None, 'depth': None, 'altitude': None, 'roll': None, 'pitch': None, 'last_fix_time': None, 'speed': None, 'rudder': 0}
2021-07-27 11:24:33,853 [INFO] sending message $BPSTS,152433.85,1,BWSI Autonomy OK*4b
...
2021-07-27 11:24:33,853 [INFO] Processing: $BFNVG,152431.94,4218.000000,N,07106.000000,W,0,10.0,1.0,45.0,0.0,0.0,152431.94*62
2021-07-27 11:24:33,853 [INFO] Interpreted as: {'position': (0, 0), 'latlon': (42.3, -71.1), 'heading': 45.0, 'depth': 1.0, 'altitude': 10.0, 'roll': 0.0, 'pitch': 0.0, 'last_fix_time': datetime.datetime(2021, 7, 27, 15, 24, 31), 'speed': None, 'rudder': 0, 'datum': (42.3, -71.1)}
2021-07-27 11:24:33,853 [INFO] Processing: $BFNVG,152432.19,4218.000000,N,07106.000000,W,0,10.0,1.0,45.0,0.0,0.0,152432.19*62
2021-07-27 11:24:33,853 [INFO] Interpreted as: {'position': (0.0, 0.0), 'latlon': (42.3, -71.1), 'heading': 45.0, 'depth': 1.0, 'altitude': 10.0, 'roll': 0.0, 'pitch': 0.0, 'last_fix_time': datetime.datetime(2021, 7, 27, 15, 24, 32), 'speed': None, 'rudder': 0, 'datum': (42.3, -71.1)}
2021-07-27 11:24:33,853 [INFO] Processing: $BFNVG,152432.44,4218.000000,N,07106.000000,W,0,10.0,1.0,45.0,0.0,0.0,152432.44*62
2021-07-27 11:24:33,853 [INFO] Interpreted as: {'position': (0.0, 0.0), 'latlon': (42.3, -71.1), 'heading': 45.0, 'depth': 1.0, 'altitude': 10.0, 'roll': 0.0, 'pitch': 0.0, 'last_fix_time': datetime.datetime(2021, 7, 27, 15, 24, 32), 'speed': None, 'rudder': 0, 'datum': (42.3, -71.1)}
2021-07-27 11:24:33,854 [INFO] Processing: $BFNVG,152432.69,4218.000000,N,07106.000000,W,0,10.0,1.0,45.0,0.0,0.0,152432.69*62
2021-07-27 11:24:33,854 [INFO] Interpreted as: {'position': (0.0, 0.0), 'latlon': (42.3, -71.1), 'heading': 45.0, 'depth': 1.0, 'altitude': 10.0, 'roll': 0.0, 'pitch': 0.0, 'last_fix_time': datetime.datetime(2021, 7, 27, 15, 24, 32), 'speed': None, 'rudder': 0, 'datum': (42.3, -71.1)}
2021-07-27 11:24:33,854 [INFO] Processing: $BFNVG,152432.94,4218.000000,N,07106.000000,W,0,10.0,1.0,45.0,0.0,0.0,152432.94*62
2021-07-27 11:24:33,854 [INFO] Interpreted as: {'position': (0.0, 0.0), 'latlon': (42.3, -71.1), 'heading': 45.0, 'depth': 1.0, 'altitude': 10.0, 'roll': 0.0, 'pitch': 0.0, 'last_fix_time': datetime.datetime(2021, 7, 27, 15, 24, 32), 'speed': None, 'rudder': 0, 'datum': (42.3, -71.1)}
2021-07-27 11:24:33,854 [INFO] Received from Frontseat: [b'$BFNVG,152431.94,4218.000000,N,07106.000000,W,0,10.0,1.0,45.0,0.0,0.0,152431.94*62', b'$BFNVG,152432.19,4218.000000,N,07106.000000,W,0,10.0,1.0,45.0,0.0,0.0,152432.19*62', b'$BFNVG,152432.44,4218.000000,N,07106.000000,W,0,10.0,1.0,45.0,0.0,0.0,152432.44*62', b'$BFNVG,152432.69,4218.000000,N,07106.000000,W,0,10.0,1.0,45.0,0.0,0.0,152432.69*62', b'$BFNVG,152432.94,4218.000000,N,07106.000000,W,0,10.0,1.0,45.0,0.0,0.0,152432.94*62']
2021-07-27 11:24:33,854 [INFO] AUV state: {'position': (0.0, 0.0), 'latlon': (42.3, -71.1), 'heading': 45.0, 'depth': 1.0, 'altitude': 10.0, 'roll': 0.0, 'pitch': 0.0, 'last_fix_time': datetime.datetime(2021, 7, 27, 15, 24, 32), 'speed': None, 'rudder': 0, 'datum': (42.3, -71.1)}
2021-07-27 11:24:33,908 [INFO] **** [(-0.21993023293121178, -7.6862156757158235)] [(15.437560812208067, -7.329055330858309)]
2021-07-27 11:24:33,909 [INFO] Next green buoy: [(-0.21993023293121178, -7.6862156757158235)], next red buoy: [(15.437560812208067, -7.329055330858309)]
2021-07-27 11:24:33,909 [ERROR] An error occurred. The stack trace is below.
Traceback (most recent call last):
  File "BWSI_BackSeat.py", line 117, in run
    rudder_angle, speed = self.__autonomy.decide(self.__auv_state, green, red)
  File "/home/steven/Baygulls/ChallengeCode/AUV_Controller.py", line 48, in decide
    self.__desired_heading = self.__heading_to_angle(green_buoys[0], red_buoys[0])
  File "/home/steven/Baygulls/ChallengeCode/AUV_Controller.py", line 88, in __heading_to_angle
    relative_angle = (gnext[0][0] + rnext[0][0]) / 2.0
IndexError: invalid index to scalar variable.
