2021-07-27 11:27:22,678 [INFO] host = localhost, port = 29500
2021-07-27 11:27:22,679 [INFO] sending message $BPLOG,ACK,ON*1e
...
2021-07-27 11:27:22,679 [INFO] sending message $BPLOG,ALL,ON*16
...
2021-07-27 11:27:22,679 [INFO] sending message $BPSTS,152722.67,1,BWSI Autonomy OK*44
...
2021-07-27 11:27:22,680 [INFO] Received from Frontseat: []
2021-07-27 11:27:22,680 [INFO] AUV state: {'position': (None, None), 'latlon': None, 'heading': None, 'depth': None, 'altitude': None, 'roll': None, 'pitch': None, 'last_fix_time': None, 'speed': None, 'rudder': 0}
2021-07-27 11:27:23,681 [INFO] sending message $BPSTS,152723.68,1,BWSI Autonomy OK*4a
...
2021-07-27 11:27:23,681 [INFO] Processing: $BFNVG,152719.52,4218.000000,N,07106.000000,W,0,10.0,1.0,45.0,0.0,0.0,152719.52*62
2021-07-27 11:27:23,681 [INFO] Interpreted as: {'position': (0, 0), 'latlon': (42.3, -71.1), 'heading': 45.0, 'depth': 1.0, 'altitude': 10.0, 'roll': 0.0, 'pitch': 0.0, 'last_fix_time': datetime.datetime(2021, 7, 27, 15, 27, 19), 'speed': None, 'rudder': 0, 'datum': (42.3, -71.1)}
2021-07-27 11:27:23,681 [INFO] Processing: $BFNVG,152719.86,4218.000000,N,07106.000000,W,0,10.0,1.0,45.0,0.0,0.0,152719.86*62
2021-07-27 11:27:23,681 [INFO] Interpreted as: {'position': (0.0, 0.0), 'latlon': (42.3, -71.1), 'heading': 45.0, 'depth': 1.0, 'altitude': 10.0, 'roll': 0.0, 'pitch': 0.0, 'last_fix_time': datetime.datetime(2021, 7, 27, 15, 27, 19), 'speed': None, 'rudder': 0, 'datum': (42.3, -71.1)}
2021-07-27 11:27:23,681 [INFO] Processing: $BFNVG,152720.19,4218.000000,N,07106.000000,W,0,10.0,1.0,45.0,0.0,0.0,152720.19*62
2021-07-27 11:27:23,682 [INFO] Interpreted as: {'position': (0.0, 0.0), 'latlon': (42.3, -71.1), 'heading': 45.0, 'depth': 1.0, 'altitude': 10.0, 'roll': 0.0, 'pitch': 0.0, 'last_fix_time': datetime.datetime(2021, 7, 27, 15, 27, 20), 'speed': None, 'rudder': 0, 'datum': (42.3, -71.1)}
2021-07-27 11:27:23,682 [INFO] Processing: $BFNVG,152720.53,4218.000000,N,07106.000000,W,0,10.0,1.0,45.0,0.0,0.0,152720.53*62
2021-07-27 11:27:23,682 [INFO] Interpreted as: {'position': (0.0, 0.0), 'latlon': (42.3, -71.1), 'heading': 45.0, 'depth': 1.0, 'altitude': 10.0, 'roll': 0.0, 'pitch': 0.0, 'last_fix_time': datetime.datetime(2021, 7, 27, 15, 27, 20), 'speed': None, 'rudder': 0, 'datum': (42.3, -71.1)}
2021-07-27 11:27:23,682 [INFO] Processing: $BFNVG,152720.86,4218.000000,N,07106.000000,W,0,10.0,1.0,45.0,0.0,0.0,152720.86*62
2021-07-27 11:27:23,682 [INFO] Interpreted as: {'position': (0.0, 0.0), 'latlon': (42.3, -71.1), 'heading': 45.0, 'depth': 1.0, 'altitude': 10.0, 'roll': 0.0, 'pitch': 0.0, 'last_fix_time': datetime.datetime(2021, 7, 27, 15, 27, 20), 'speed': None, 'rudder': 0, 'datum': (42.3, -71.1)}
2021-07-27 11:27:23,682 [INFO] Processing: $BFNVG,152721.20,4218.000000,N,07106.000000,W,0,10.0,1.0,45.0,0.0,0.0,152721.20*62
2021-07-27 11:27:23,682 [INFO] Interpreted as: {'position': (0.0, 0.0), 'latlon': (42.3, -71.1), 'heading': 45.0, 'depth': 1.0, 'altitude': 10.0, 'roll': 0.0, 'pitch': 0.0, 'last_fix_time': datetime.datetime(2021, 7, 27, 15, 27, 21), 'speed': None, 'rudder': 0, 'datum': (42.3, -71.1)}
2021-07-27 11:27:23,682 [INFO] Processing: $BFNVG,152721.54,4218.000000,N,07106.000000,W,0,10.0,1.0,45.0,0.0,0.0,152721.54*62
2021-07-27 11:27:23,682 [INFO] Interpreted as: {'position': (0.0, 0.0), 'latlon': (42.3, -71.1), 'heading': 45.0, 'depth': 1.0, 'altitude': 10.0, 'roll': 0.0, 'pitch': 0.0, 'last_fix_time': datetime.datetime(2021, 7, 27, 15, 27, 21), 'speed': None, 'rudder': 0, 'datum': (42.3, -71.1)}
2021-07-27 11:27:23,682 [INFO] Processing: $BFNVG,152721.87,4218.000000,N,07106.000000,W,0,10.0,1.0,45.0,0.0,0.0,152721.87*62
2021-07-27 11:27:23,683 [INFO] Interpreted as: {'position': (0.0, 0.0), 'latlon': (42.3, -71.1), 'heading': 45.0, 'depth': 1.0, 'altitude': 10.0, 'roll': 0.0, 'pitch': 0.0, 'last_fix_time': datetime.datetime(2021, 7, 27, 15, 27, 21), 'speed': None, 'rudder': 0, 'datum': (42.3, -71.1)}
2021-07-27 11:27:23,683 [INFO] Processing: $BFNVG,152722.21,4218.000000,N,07106.000000,W,0,10.0,1.0,45.0,0.0,0.0,152722.21*62
2021-07-27 11:27:23,683 [INFO] Interpreted as: {'position': (0.0, 0.0), 'latlon': (42.3, -71.1), 'heading': 45.0, 'depth': 1.0, 'altitude': 10.0, 'roll': 0.0, 'pitch': 0.0, 'last_fix_time': datetime.datetime(2021, 7, 27, 15, 27, 22), 'speed': None, 'rudder': 0, 'datum': (42.3, -71.1)}
2021-07-27 11:27:23,683 [INFO] Processing: $BFNVG,152722.54,4218.000000,N,07106.000000,W,0,10.0,1.0,45.0,0.0,0.0,152722.54*62
2021-07-27 11:27:23,683 [INFO] Interpreted as: {'position': (0.0, 0.0), 'latlon': (42.3, -71.1), 'heading': 45.0, 'depth': 1.0, 'altitude': 10.0, 'roll': 0.0, 'pitch': 0.0, 'last_fix_time': datetime.datetime(2021, 7, 27, 15, 27, 22), 'speed': None, 'rudder': 0, 'datum': (42.3, -71.1)}
2021-07-27 11:27:23,683 [INFO] Processing: $BFNVG,152722.88,4218.000000,N,07106.000000,W,0,10.0,1.0,45.0,0.0,0.0,152722.88*62
2021-07-27 11:27:23,683 [INFO] Interpreted as: {'position': (0.0, 0.0), 'latlon': (42.3, -71.1), 'heading': 45.0, 'depth': 1.0, 'altitude': 10.0, 'roll': 0.0, 'pitch': 0.0, 'last_fix_time': datetime.datetime(2021, 7, 27, 15, 27, 22), 'speed': None, 'rudder': 0, 'datum': (42.3, -71.1)}
2021-07-27 11:27:23,683 [INFO] Received from Frontseat: [b'$BFNVG,152719.52,4218.000000,N,07106.000000,W,0,10.0,1.0,45.0,0.0,0.0,152719.52*62', b'$BFNVG,152719.86,4218.000000,N,07106.000000,W,0,10.0,1.0,45.0,0.0,0.0,152719.86*62', b'$BFNVG,152720.19,4218.000000,N,07106.000000,W,0,10.0,1.0,45.0,0.0,0.0,152720.19*62', b'$BFNVG,152720.53,4218.000000,N,07106.000000,W,0,10.0,1.0,45.0,0.0,0.0,152720.53*62', b'$BFNVG,152720.86,4218.000000,N,07106.000000,W,0,10.0,1.0,45.0,0.0,0.0,152720.86*62', b'$BFNVG,152721.20,4218.000000,N,07106.000000,W,0,10.0,1.0,45.0,0.0,0.0,152721.20*62', b'$BFNVG,152721.54,4218.000000,N,07106.000000,W,0,10.0,1.0,45.0,0.0,0.0,152721.54*62', b'$BFNVG,152721.87,4218.000000,N,07106.000000,W,0,10.0,1.0,45.0,0.0,0.0,152721.87*62', b'$BFNVG,152722.21,4218.000000,N,07106.000000,W,0,10.0,1.0,45.0,0.0,0.0,152722.21*62', b'$BFNVG,152722.54,4218.000000,N,07106.000000,W,0,10.0,1.0,45.0,0.0,0.0,152722.54*62', b'$BFNVG,152722.88,4218.000000,N,07106.000000,W,0,10.0,1.0,45.0,0.0,0.0,152722.88*62']
2021-07-27 11:27:23,683 [INFO] AUV state: {'position': (0.0, 0.0), 'latlon': (42.3, -71.1), 'heading': 45.0, 'depth': 1.0, 'altitude': 10.0, 'roll': 0.0, 'pitch': 0.0, 'last_fix_time': datetime.datetime(2021, 7, 27, 15, 27, 22), 'speed': None, 'rudder': 0, 'datum': (42.3, -71.1)}
2021-07-27 11:27:23,753 [INFO] **** [(-0.21993023293121178, -7.6862156757158235)] [(15.437560812208067, -7.329055330858309)]
2021-07-27 11:27:23,754 [INFO] Next green buoy: [(-0.21993023293121178, -7.6862156757158235)], next red buoy: [(15.437560812208067, -7.329055330858309)]
2021-07-27 11:27:23,755 [ERROR] An error occurred. The stack trace is below.
Traceback (most recent call last):
  File "BWSI_BackSeat.py", line 122, in run
    cmd = self.format_command(rudder_angle, speed)
  File "BWSI_BackSeat.py", line 171, in format_command
    cmd = f"BPRMB,{hhmmss},{-rudder_angle},,,{speed},0,1"
TypeError: bad operand type for unary -: 'str'
