2021-07-27 10:58:16,873 [INFO] host = localhost, port = 29500
2021-07-27 10:58:16,875 [INFO] sending message $BPLOG,ALL,ON*16
...
2021-07-27 10:58:16,875 [INFO] sending message $BPSTS,145816.87,1,BWSI Autonomy OK*44
...
2021-07-27 10:58:16,875 [INFO] Received from Frontseat: []
2021-07-27 10:58:16,875 [INFO] AUV state: {'position': (None, None), 'latlon': None, 'heading': None, 'depth': None, 'altitude': None, 'roll': None, 'pitch': None, 'last_fix_time': None, 'speed': None, 'rudder': 0}
2021-07-27 10:58:17,876 [INFO] sending message $BPRMB,145817.87,,,,1000,0,1*4c...
2021-07-27 10:58:17,876 [INFO] sending message $BPSTS,145817.87,1,BWSI Autonomy OK*45
...
2021-07-27 10:58:17,876 [INFO] Processing: $BFNVG,145814.45,4218.000000,N,07106.000000,W,0,10.0,1.0,45.0,0.0,0.0,145814.45*62
2021-07-27 10:58:17,877 [INFO] Interpreted as: {'position': (0, 0), 'latlon': (42.3, -71.1), 'heading': 45.0, 'depth': 1.0, 'altitude': 10.0, 'roll': 0.0, 'pitch': 0.0, 'last_fix_time': datetime.datetime(2021, 7, 27, 14, 58, 14), 'speed': None, 'rudder': 0, 'datum': (42.3, -71.1)}
2021-07-27 10:58:17,877 [INFO] Processing: $BFNVG,145814.95,4218.000000,N,07106.000000,W,0,10.0,1.0,45.0,0.0,0.0,145814.95*62
2021-07-27 10:58:17,877 [INFO] Interpreted as: {'position': (0.0, 0.0), 'latlon': (42.3, -71.1), 'heading': 45.0, 'depth': 1.0, 'altitude': 10.0, 'roll': 0.0, 'pitch': 0.0, 'last_fix_time': datetime.datetime(2021, 7, 27, 14, 58, 14), 'speed': None, 'rudder': 0, 'datum': (42.3, -71.1)}
2021-07-27 10:58:17,877 [INFO] Processing: $BFNVG,145815.20,4218.000000,N,07106.000000,W,0,10.0,1.0,45.0,0.0,0.0,145815.20*62
2021-07-27 10:58:17,877 [INFO] Interpreted as: {'position': (0.0, 0.0), 'latlon': (42.3, -71.1), 'heading': 45.0, 'depth': 1.0, 'altitude': 10.0, 'roll': 0.0, 'pitch': 0.0, 'last_fix_time': datetime.datetime(2021, 7, 27, 14, 58, 15), 'speed': None, 'rudder': 0, 'datum': (42.3, -71.1)}
2021-07-27 10:58:17,877 [INFO] Processing: $BFNVG,145815.45,4218.000000,N,07106.000000,W,0,10.0,1.0,45.0,0.0,0.0,145815.45*62
2021-07-27 10:58:17,877 [INFO] Interpreted as: {'position': (0.0, 0.0), 'latlon': (42.3, -71.1), 'heading': 45.0, 'depth': 1.0, 'altitude': 10.0, 'roll': 0.0, 'pitch': 0.0, 'last_fix_time': datetime.datetime(2021, 7, 27, 14, 58, 15), 'speed': None, 'rudder': 0, 'datum': (42.3, -71.1)}
2021-07-27 10:58:17,877 [INFO] Processing: $BFNVG,145815.71,4218.000000,N,07106.000000,W,0,10.0,1.0,45.0,0.0,0.0,145815.71*62
2021-07-27 10:58:17,877 [INFO] Interpreted as: {'position': (0.0, 0.0), 'latlon': (42.3, -71.1), 'heading': 45.0, 'depth': 1.0, 'altitude': 10.0, 'roll': 0.0, 'pitch': 0.0, 'last_fix_time': datetime.datetime(2021, 7, 27, 14, 58, 15), 'speed': None, 'rudder': 0, 'datum': (42.3, -71.1)}
2021-07-27 10:58:17,877 [INFO] Processing: $BFNVG,145815.96,4218.000000,N,07106.000000,W,0,10.0,1.0,45.0,0.0,0.0,145815.96*62
2021-07-27 10:58:17,878 [INFO] Interpreted as: {'position': (0.0, 0.0), 'latlon': (42.3, -71.1), 'heading': 45.0, 'depth': 1.0, 'altitude': 10.0, 'roll': 0.0, 'pitch': 0.0, 'last_fix_time': datetime.datetime(2021, 7, 27, 14, 58, 15), 'speed': None, 'rudder': 0, 'datum': (42.3, -71.1)}
2021-07-27 10:58:17,878 [INFO] Processing: $BFNVG,145816.21,4218.000000,N,07106.000000,W,0,10.0,1.0,45.0,0.0,0.0,145816.21*62
2021-07-27 10:58:17,878 [INFO] Interpreted as: {'position': (0.0, 0.0), 'latlon': (42.3, -71.1), 'heading': 45.0, 'depth': 1.0, 'altitude': 10.0, 'roll': 0.0, 'pitch': 0.0, 'last_fix_time': datetime.datetime(2021, 7, 27, 14, 58, 16), 'speed': None, 'rudder': 0, 'datum': (42.3, -71.1)}
2021-07-27 10:58:17,878 [INFO] Processing: $BFNVG,145816.46,4218.000000,N,07106.000000,W,0,10.0,1.0,45.0,0.0,0.0,145816.46*62
2021-07-27 10:58:17,878 [INFO] Interpreted as: {'position': (0.0, 0.0), 'latlon': (42.3, -71.1), 'heading': 45.0, 'depth': 1.0, 'altitude': 10.0, 'roll': 0.0, 'pitch': 0.0, 'last_fix_time': datetime.datetime(2021, 7, 27, 14, 58, 16), 'speed': None, 'rudder': 0, 'datum': (42.3, -71.1)}
2021-07-27 10:58:17,878 [INFO] Received from Frontseat: [b'$BFNVG,145814.45,4218.000000,N,07106.000000,W,0,10.0,1.0,45.0,0.0,0.0,145814.45*62', b'$BFNVG,145814.95,4218.000000,N,07106.000000,W,0,10.0,1.0,45.0,0.0,0.0,145814.95*62', b'$BFNVG,145815.20,4218.000000,N,07106.000000,W,0,10.0,1.0,45.0,0.0,0.0,145815.20*62', b'$BFNVG,145815.45,4218.000000,N,07106.000000,W,0,10.0,1.0,45.0,0.0,0.0,145815.45*62', b'$BFNVG,145815.71,4218.000000,N,07106.000000,W,0,10.0,1.0,45.0,0.0,0.0,145815.71*62', b'$BFNVG,145815.96,4218.000000,N,07106.000000,W,0,10.0,1.0,45.0,0.0,0.0,145815.96*62', b'$BFNVG,145816.21,4218.000000,N,07106.000000,W,0,10.0,1.0,45.0,0.0,0.0,145816.21*62', b'$BFNVG,145816.46,4218.000000,N,07106.000000,W,0,10.0,1.0,45.0,0.0,0.0,145816.46*62']
2021-07-27 10:58:17,878 [INFO] AUV state: {'position': (0.0, 0.0), 'latlon': (42.3, -71.1), 'heading': 45.0, 'depth': 1.0, 'altitude': 10.0, 'roll': 0.0, 'pitch': 0.0, 'last_fix_time': datetime.datetime(2021, 7, 27, 14, 58, 16), 'speed': None, 'rudder': 0, 'datum': (42.3, -71.1)}
2021-07-27 10:58:18,933 [INFO] sending message $BPRMB,145818.93,-15,,,1000,0,1*6f...
2021-07-27 10:58:18,933 [INFO] sending message $BPSTS,145818.93,1,BWSI Autonomy OK*4f
...
2021-07-27 10:58:18,933 [INFO] Processing: $BFNVG,145816.96,4218.000000,N,07106.000000,W,0,10.0,1.0,45.0,0.0,0.0,145816.96*62
2021-07-27 10:58:18,933 [INFO] Interpreted as: {'position': (0.0, 0.0), 'latlon': (42.3, -71.1), 'heading': 45.0, 'depth': 1.0, 'altitude': 10.0, 'roll': 0.0, 'pitch': 0.0, 'last_fix_time': datetime.datetime(2021, 7, 27, 14, 58, 16), 'speed': None, 'rudder': -15, 'datum': (42.3, -71.1)}
2021-07-27 10:58:18,933 [INFO] Processing: $BFNVG,145817.35,4218.000000,N,07106.000000,W,0,10.0,1.0,45.0,0.0,0.0,145817.35*62
2021-07-27 10:58:18,934 [INFO] Interpreted as: {'position': (0.0, 0.0), 'latlon': (42.3, -71.1), 'heading': 45.0, 'depth': 1.0, 'altitude': 10.0, 'roll': 0.0, 'pitch': 0.0, 'last_fix_time': datetime.datetime(2021, 7, 27, 14, 58, 17), 'speed': None, 'rudder': -15, 'datum': (42.3, -71.1)}
2021-07-27 10:58:18,934 [INFO] Received from Frontseat: [b'$BFNVG,145816.96,4218.000000,N,07106.000000,W,0,10.0,1.0,45.0,0.0,0.0,145816.96*62', b'$BFNVG,145817.35,4218.000000,N,07106.000000,W,0,10.0,1.0,45.0,0.0,0.0,145817.35*62']
2021-07-27 10:58:18,934 [INFO] AUV state: {'position': (0.0, 0.0), 'latlon': (42.3, -71.1), 'heading': 45.0, 'depth': 1.0, 'altitude': 10.0, 'roll': 0.0, 'pitch': 0.0, 'last_fix_time': datetime.datetime(2021, 7, 27, 14, 58, 17), 'speed': None, 'rudder': -15, 'datum': (42.3, -71.1)}
2021-07-27 10:58:19,988 [INFO] sending message $BPRMB,145819.98,0,,,1000,0,1*7c...
2021-07-27 10:58:19,989 [INFO] sending message $BPSTS,145819.98,1,BWSI Autonomy OK*45
...
2021-07-27 10:58:19,989 [INFO] Processing: $BFNVG,145818.36,4218.000136,N,07105.999825,W,0,10.0,1.0,45.0,0.0,0.0,145818.36*63
2021-07-27 10:58:19,989 [INFO] Interpreted as: {'position': (0.24664036592002958, 0.24576142989099026), 'latlon': (42.30000226666667, -71.09999708333334), 'heading': 45.0, 'depth': 1.0, 'altitude': 10.0, 'roll': 0.0, 'pitch': 0.0, 'last_fix_time': datetime.datetime(2021, 7, 27, 14, 58, 18), 'speed': None, 'rudder': -15, 'datum': (42.3, -71.1)}
2021-07-27 10:58:19,989 [INFO] Received from Frontseat: [b'$BFNVG,145818.36,4218.000136,N,07105.999825,W,0,10.0,1.0,45.0,0.0,0.0,145818.36*63']
2021-07-27 10:58:19,989 [INFO] AUV state: {'position': (0.24664036592002958, 0.24576142989099026), 'latlon': (42.30000226666667, -71.09999708333334), 'heading': 45.0, 'depth': 1.0, 'altitude': 10.0, 'roll': 0.0, 'pitch': 0.0, 'last_fix_time': datetime.datetime(2021, 7, 27, 14, 58, 18), 'speed': None, 'rudder': -15, 'datum': (42.3, -71.1)}
2021-07-27 10:58:21,044 [INFO] sending message $BPRMB,145821.04,0,,,1000,0,1*72...
2021-07-27 10:58:21,044 [INFO] sending message $BPSTS,145821.04,1,BWSI Autonomy OK*4b
...
2021-07-27 10:58:21,044 [INFO] Processing: $BFNVG,145819.38,4218.000542,N,07105.999301,W,0,10.0,1.0,46.3,0.0,0.0,145819.38*69
2021-07-27 10:58:21,045 [INFO] Interpreted as: {'position': (0.9850961399497464, 0.9793782755732536), 'latlon': (42.30000903333333, -71.09998835), 'heading': 46.3, 'depth': 1.0, 'altitude': 10.0, 'roll': 0.0, 'pitch': 0.0, 'last_fix_time': datetime.datetime(2021, 7, 27, 14, 58, 19), 'speed': None, 'rudder': -15, 'datum': (42.3, -71.1)}
2021-07-27 10:58:21,045 [INFO] Received from Frontseat: [b'$BFNVG,145819.38,4218.000542,N,07105.999301,W,0,10.0,1.0,46.3,0.0,0.0,145819.38*69']
2021-07-27 10:58:21,045 [INFO] AUV state: {'position': (0.9850961399497464, 0.9793782755732536), 'latlon': (42.30000903333333, -71.09998835), 'heading': 46.3, 'depth': 1.0, 'altitude': 10.0, 'roll': 0.0, 'pitch': 0.0, 'last_fix_time': datetime.datetime(2021, 7, 27, 14, 58, 19), 'speed': None, 'rudder': -15, 'datum': (42.3, -71.1)}
2021-07-27 10:58:22,110 [INFO] sending message $BPRMB,145822.11,0,,,1000,0,1*75...
2021-07-27 10:58:22,110 [INFO] sending message $BPSTS,145822.11,1,BWSI Autonomy OK*4c
...
2021-07-27 10:58:22,110 [INFO] Processing: $BFNVG,145820.38,4218.000926,N,07105.998751,W,0,10.0,1.0,50.1,0.0,0.0,145820.38*62
2021-07-27 10:58:22,110 [INFO] Interpreted as: {'position': (1.758267853409052, 1.6713983369991183), 'latlon': (42.300015433333336, -71.09997918333333), 'heading': 50.1, 'depth': 1.0, 'altitude': 10.0, 'roll': 0.0, 'pitch': 0.0, 'last_fix_time': datetime.datetime(2021, 7, 27, 14, 58, 20), 'speed': None, 'rudder': -15, 'datum': (42.3, -71.1)}
2021-07-27 10:58:22,110 [INFO] Received from Frontseat: [b'$BFNVG,145820.38,4218.000926,N,07105.998751,W,0,10.0,1.0,50.1,0.0,0.0,145820.38*62']
2021-07-27 10:58:22,110 [INFO] AUV state: {'position': (1.758267853409052, 1.6713983369991183), 'latlon': (42.300015433333336, -71.09997918333333), 'heading': 50.1, 'depth': 1.0, 'altitude': 10.0, 'roll': 0.0, 'pitch': 0.0, 'last_fix_time': datetime.datetime(2021, 7, 27, 14, 58, 20), 'speed': None, 'rudder': -15, 'datum': (42.3, -71.1)}
2021-07-27 10:58:23,165 [INFO] sending message $BPRMB,145823.16,0,,,1000,0,1*73...
2021-07-27 10:58:23,165 [INFO] sending message $BPSTS,145823.16,1,BWSI Autonomy OK*4a
...
2021-07-27 10:58:23,165 [INFO] Processing: $BFNVG,145821.42,4218.001292,N,07105.998152,W,0,10.0,1.0,53.9,0.0,0.0,145821.42*69
2021-07-27 10:58:23,165 [INFO] Interpreted as: {'position': (2.59793741669273, 2.3284446075558662), 'latlon': (42.300021533333336, -71.0999692), 'heading': 53.9, 'depth': 1.0, 'altitude': 10.0, 'roll': 0.0, 'pitch': 0.0, 'last_fix_time': datetime.datetime(2021, 7, 27, 14, 58, 21), 'speed': None, 'rudder': -15, 'datum': (42.3, -71.1)}
2021-07-27 10:58:23,165 [INFO] Processing: $BFNVG,145821.76,4218.001405,N,07105.997948,W,0,10.0,1.0,55.2,0.0,0.0,145821.76*60
2021-07-27 10:58:23,165 [INFO] Interpreted as: {'position': (2.883369673625566, 2.530656859278679), 'latlon': (42.30002341666667, -71.0999658), 'heading': 55.2, 'depth': 1.0, 'altitude': 10.0, 'roll': 0.0, 'pitch': 0.0, 'last_fix_time': datetime.datetime(2021, 7, 27, 14, 58, 21), 'speed': None, 'rudder': -15, 'datum': (42.3, -71.1)}
2021-07-27 10:58:23,165 [INFO] Received from Frontseat: [b'$BFNVG,145821.42,4218.001292,N,07105.998152,W,0,10.0,1.0,53.9,0.0,0.0,145821.42*69', b'$BFNVG,145821.76,4218.001405,N,07105.997948,W,0,10.0,1.0,55.2,0.0,0.0,145821.76*60']
2021-07-27 10:58:23,166 [INFO] AUV state: {'position': (2.883369673625566, 2.530656859278679), 'latlon': (42.30002341666667, -71.0999658), 'heading': 55.2, 'depth': 1.0, 'altitude': 10.0, 'roll': 0.0, 'pitch': 0.0, 'last_fix_time': datetime.datetime(2021, 7, 27, 14, 58, 21), 'speed': None, 'rudder': -15, 'datum': (42.3, -71.1)}
2021-07-27 10:58:24,233 [INFO] sending message $BPRMB,145824.23,15,,,1000,0,1*46...
2021-07-27 10:58:24,233 [INFO] sending message $BPSTS,145824.23,1,BWSI Autonomy OK*4b
...
2021-07-27 10:58:24,233 [INFO] Processing: $BFNVG,145822.79,4218.001727,N,07105.997310,W,0,10.0,1.0,59.1,0.0,0.0,145822.79*6B
2021-07-27 10:58:24,233 [INFO] Interpreted as: {'position': (3.7746107853017747, 3.104950319044292), 'latlon': (42.30002878333333, -71.09995516666666), 'heading': 59.1, 'depth': 1.0, 'altitude': 10.0, 'roll': 0.0, 'pitch': 0.0, 'last_fix_time': datetime.datetime(2021, 7, 27, 14, 58, 22), 'speed': None, 'rudder': 0, 'datum': (42.3, -71.1)}
2021-07-27 10:58:24,233 [INFO] Received from Frontseat: [b'$BFNVG,145822.79,4218.001727,N,07105.997310,W,0,10.0,1.0,59.1,0.0,0.0,145822.79*6B']
2021-07-27 10:58:24,234 [INFO] AUV state: {'position': (3.7746107853017747, 3.104950319044292), 'latlon': (42.30002878333333, -71.09995516666666), 'heading': 59.1, 'depth': 1.0, 'altitude': 10.0, 'roll': 0.0, 'pitch': 0.0, 'last_fix_time': datetime.datetime(2021, 7, 27, 14, 58, 22), 'speed': None, 'rudder': 0, 'datum': (42.3, -71.1)}
2021-07-27 10:58:25,291 [INFO] sending message $BPRMB,145825.29,15,,,1000,0,1*4d...
2021-07-27 10:58:25,291 [INFO] sending message $BPSTS,145825.29,1,BWSI Autonomy OK*40
...
2021-07-27 10:58:25,291 [INFO] Processing: $BFNVG,145823.81,4218.002015,N,07105.996650,W,0,10.0,1.0,62.9,0.0,0.0,145823.81*6E
2021-07-27 10:58:25,291 [INFO] Interpreted as: {'position': (4.694524281658232, 3.6155742947012186), 'latlon': (42.30003358333333, -71.09994416666666), 'heading': 62.9, 'depth': 1.0, 'altitude': 10.0, 'roll': 0.0, 'pitch': 0.0, 'last_fix_time': datetime.datetime(2021, 7, 27, 14, 58, 23), 'speed': None, 'rudder': 15, 'datum': (42.3, -71.1)}
2021-07-27 10:58:25,291 [INFO] Received from Frontseat: [b'$BFNVG,145823.81,4218.002015,N,07105.996650,W,0,10.0,1.0,62.9,0.0,0.0,145823.81*6E']
2021-07-27 10:58:25,291 [INFO] AUV state: {'position': (4.694524281658232, 3.6155742947012186), 'latlon': (42.30003358333333, -71.09994416666666), 'heading': 62.9, 'depth': 1.0, 'altitude': 10.0, 'roll': 0.0, 'pitch': 0.0, 'last_fix_time': datetime.datetime(2021, 7, 27, 14, 58, 23), 'speed': None, 'rudder': 15, 'datum': (42.3, -71.1)}
2021-07-27 10:58:26,344 [INFO] sending message $BPRMB,145826.34,0,,,1000,0,1*76...
2021-07-27 10:58:26,345 [INFO] sending message $BPSTS,145826.34,1,BWSI Autonomy OK*4f
...
2021-07-27 10:58:26,345 [INFO] Processing: $BFNVG,145824.83,4218.002269,N,07105.995970,W,0,10.0,1.0,65.5,0.0,0.0,145824.83*62
2021-07-27 10:58:26,345 [INFO] Interpreted as: {'position': (5.640362417674623, 4.06259660795331), 'latlon': (42.300037816666666, -71.09993283333333), 'heading': 65.5, 'depth': 1.0, 'altitude': 10.0, 'roll': 0.0, 'pitch': 0.0, 'last_fix_time': datetime.datetime(2021, 7, 27, 14, 58, 24), 'speed': None, 'rudder': 15, 'datum': (42.3, -71.1)}
2021-07-27 10:58:26,345 [INFO] Received from Frontseat: [b'$BFNVG,145824.83,4218.002269,N,07105.995970,W,0,10.0,1.0,65.5,0.0,0.0,145824.83*62']
2021-07-27 10:58:26,345 [INFO] AUV state: {'position': (5.640362417674623, 4.06259660795331), 'latlon': (42.300037816666666, -71.09993283333333), 'heading': 65.5, 'depth': 1.0, 'altitude': 10.0, 'roll': 0.0, 'pitch': 0.0, 'last_fix_time': datetime.datetime(2021, 7, 27, 14, 58, 24), 'speed': None, 'rudder': 15, 'datum': (42.3, -71.1)}
2021-07-27 10:58:27,402 [INFO] sending message $BPRMB,145827.40,0,,,1000,0,1*74...
2021-07-27 10:58:27,402 [INFO] sending message $BPSTS,145827.40,1,BWSI Autonomy OK*4d
...
2021-07-27 10:58:27,402 [INFO] Processing: $BFNVG,145825.84,4218.002517,N,07105.995290,W,0,10.0,1.0,64.2,0.0,0.0,145825.84*6F
2021-07-27 10:58:27,403 [INFO] Interpreted as: {'position': (6.585926404106431, 4.498514859937131), 'latlon': (42.30004195, -71.0999215), 'heading': 64.2, 'depth': 1.0, 'altitude': 10.0, 'roll': 0.0, 'pitch': 0.0, 'last_fix_time': datetime.datetime(2021, 7, 27, 14, 58, 25), 'speed': None, 'rudder': 15, 'datum': (42.3, -71.1)}
2021-07-27 10:58:27,403 [INFO] Received from Frontseat: [b'$BFNVG,145825.84,4218.002517,N,07105.995290,W,0,10.0,1.0,64.2,0.0,0.0,145825.84*6F']
2021-07-27 10:58:27,403 [INFO] AUV state: {'position': (6.585926404106431, 4.498514859937131), 'latlon': (42.30004195, -71.0999215), 'heading': 64.2, 'depth': 1.0, 'altitude': 10.0, 'roll': 0.0, 'pitch': 0.0, 'last_fix_time': datetime.datetime(2021, 7, 27, 14, 58, 25), 'speed': None, 'rudder': 15, 'datum': (42.3, -71.1)}
2021-07-27 10:58:28,453 [INFO] sending message $BPRMB,145828.45,0,,,1000,0,1*7e...
2021-07-27 10:58:28,453 [INFO] sending message $BPSTS,145828.45,1,BWSI Autonomy OK*47
...
2021-07-27 10:58:28,453 [INFO] Processing: $BFNVG,145826.89,4218.002799,N,07105.994609,W,0,10.0,1.0,60.3,0.0,0.0,145826.89*6B
2021-07-27 10:58:28,453 [INFO] Interpreted as: {'position': (7.5344169329619035, 4.9973230343312025), 'latlon': (42.30004665, -71.09991015), 'heading': 60.3, 'depth': 1.0, 'altitude': 10.0, 'roll': 0.0, 'pitch': 0.0, 'last_fix_time': datetime.datetime(2021, 7, 27, 14, 58, 26), 'speed': None, 'rudder': 15, 'datum': (42.3, -71.1)}
2021-07-27 10:58:28,453 [INFO] Received from Frontseat: [b'$BFNVG,145826.89,4218.002799,N,07105.994609,W,0,10.0,1.0,60.3,0.0,0.0,145826.89*6B']
2021-07-27 10:58:28,453 [INFO] AUV state: {'position': (7.5344169329619035, 4.9973230343312025), 'latlon': (42.30004665, -71.09991015), 'heading': 60.3, 'depth': 1.0, 'altitude': 10.0, 'roll': 0.0, 'pitch': 0.0, 'last_fix_time': datetime.datetime(2021, 7, 27, 14, 58, 26), 'speed': None, 'rudder': 15, 'datum': (42.3, -71.1)}
2021-07-27 10:58:29,507 [INFO] sending message $BPRMB,145829.50,0,,,1000,0,1*7b...
2021-07-27 10:58:29,507 [INFO] sending message $BPSTS,145829.50,1,BWSI Autonomy OK*42
...
2021-07-27 10:58:29,507 [INFO] Processing: $BFNVG,145827.91,4218.003108,N,07105.993969,W,0,10.0,1.0,56.5,0.0,0.0,145827.91*69
2021-07-27 10:58:29,507 [INFO] Interpreted as: {'position': (8.42781138769351, 5.547490197233856), 'latlon': (42.3000518, -71.09989948333333), 'heading': 56.5, 'depth': 1.0, 'altitude': 10.0, 'roll': 0.0, 'pitch': 0.0, 'last_fix_time': datetime.datetime(2021, 7, 27, 14, 58, 27), 'speed': None, 'rudder': 15, 'datum': (42.3, -71.1)}
2021-07-27 10:58:29,507 [INFO] Received from Frontseat: [b'$BFNVG,145827.91,4218.003108,N,07105.993969,W,0,10.0,1.0,56.5,0.0,0.0,145827.91*69']
2021-07-27 10:58:29,507 [INFO] AUV state: {'position': (8.42781138769351, 5.547490197233856), 'latlon': (42.3000518, -71.09989948333333), 'heading': 56.5, 'depth': 1.0, 'altitude': 10.0, 'roll': 0.0, 'pitch': 0.0, 'last_fix_time': datetime.datetime(2021, 7, 27, 14, 58, 27), 'speed': None, 'rudder': 15, 'datum': (42.3, -71.1)}
2021-07-27 10:58:30,559 [INFO] sending message $BPRMB,145830.55,0,,,1000,0,1*76...
2021-07-27 10:58:30,559 [INFO] sending message $BPSTS,145830.55,1,BWSI Autonomy OK*4f
...
2021-07-27 10:58:30,559 [INFO] Processing: $BFNVG,145828.93,4218.003449,N,07105.993356,W,0,10.0,1.0,52.6,0.0,0.0,145828.93*68
2021-07-27 10:58:30,559 [INFO] Interpreted as: {'position': (9.285572405788116, 6.157795165665448), 'latlon': (42.30005748333333, -71.09988926666666), 'heading': 52.6, 'depth': 1.0, 'altitude': 10.0, 'roll': 0.0, 'pitch': 0.0, 'last_fix_time': datetime.datetime(2021, 7, 27, 14, 58, 28), 'speed': None, 'rudder': 15, 'datum': (42.3, -71.1)}
2021-07-27 10:58:30,559 [INFO] Received from Frontseat: [b'$BFNVG,145828.93,4218.003449,N,07105.993356,W,0,10.0,1.0,52.6,0.0,0.0,145828.93*68']
2021-07-27 10:58:30,559 [INFO] AUV state: {'position': (9.285572405788116, 6.157795165665448), 'latlon': (42.30005748333333, -71.09988926666666), 'heading': 52.6, 'depth': 1.0, 'altitude': 10.0, 'roll': 0.0, 'pitch': 0.0, 'last_fix_time': datetime.datetime(2021, 7, 27, 14, 58, 28), 'speed': None, 'rudder': 15, 'datum': (42.3, -71.1)}
2021-07-27 10:58:31,614 [INFO] sending message $BPRMB,145831.61,0,,,1000,0,1*70...
2021-07-27 10:58:31,614 [INFO] sending message $BPSTS,145831.61,1,BWSI Autonomy OK*49
...
2021-07-27 10:58:31,614 [INFO] Processing: $BFNVG,145829.95,4218.003820,N,07105.992774,W,0,10.0,1.0,48.8,0.0,0.0,145829.95*6B
2021-07-27 10:58:31,614 [INFO] Interpreted as: {'position': (10.10211312782485, 6.8246721448376775), 'latlon': (42.30006366666667, -71.09987956666667), 'heading': 48.8, 'depth': 1.0, 'altitude': 10.0, 'roll': 0.0, 'pitch': 0.0, 'last_fix_time': datetime.datetime(2021, 7, 27, 14, 58, 29), 'speed': None, 'rudder': 15, 'datum': (42.3, -71.1)}
2021-07-27 10:58:31,614 [INFO] Received from Frontseat: [b'$BFNVG,145829.95,4218.003820,N,07105.992774,W,0,10.0,1.0,48.8,0.0,0.0,145829.95*6B']
2021-07-27 10:58:31,614 [INFO] AUV state: {'position': (10.10211312782485, 6.8246721448376775), 'latlon': (42.30006366666667, -71.09987956666667), 'heading': 48.8, 'depth': 1.0, 'altitude': 10.0, 'roll': 0.0, 'pitch': 0.0, 'last_fix_time': datetime.datetime(2021, 7, 27, 14, 58, 29), 'speed': None, 'rudder': 15, 'datum': (42.3, -71.1)}
2021-07-27 10:58:32,666 [INFO] sending message $BPRMB,145832.66,0,,,1000,0,1*74...
2021-07-27 10:58:32,666 [INFO] sending message $BPSTS,145832.66,1,BWSI Autonomy OK*4d
...
2021-07-27 10:58:32,666 [INFO] Processing: $BFNVG,145830.99,4218.004223,N,07105.992223,W,0,10.0,1.0,44.9,0.0,0.0,145830.99*6F
2021-07-27 10:58:32,666 [INFO] Interpreted as: {'position': (10.87752488674596, 7.551822510547936), 'latlon': (42.300070383333335, -71.09987038333334), 'heading': 44.9, 'depth': 1.0, 'altitude': 10.0, 'roll': 0.0, 'pitch': 0.0, 'last_fix_time': datetime.datetime(2021, 7, 27, 14, 58, 30), 'speed': None, 'rudder': 15, 'datum': (42.3, -71.1)}
2021-07-27 10:58:32,666 [INFO] Received from Frontseat: [b'$BFNVG,145830.99,4218.004223,N,07105.992223,W,0,10.0,1.0,44.9,0.0,0.0,145830.99*6F']
2021-07-27 10:58:32,666 [INFO] AUV state: {'position': (10.87752488674596, 7.551822510547936), 'latlon': (42.300070383333335, -71.09987038333334), 'heading': 44.9, 'depth': 1.0, 'altitude': 10.0, 'roll': 0.0, 'pitch': 0.0, 'last_fix_time': datetime.datetime(2021, 7, 27, 14, 58, 30), 'speed': None, 'rudder': 15, 'datum': (42.3, -71.1)}
2021-07-27 10:58:33,721 [INFO] sending message $BPRMB,145833.72,-30,,,1000,0,1*6e...
2021-07-27 10:58:33,721 [INFO] sending message $BPSTS,145833.72,1,BWSI Autonomy OK*49
...
2021-07-27 10:58:33,726 [INFO] Processing: $BFNVG,145832.03,4218.004658,N,07105.991704,W,0,10.0,1.0,41.0,0.0,0.0,145832.03*68
2021-07-27 10:58:33,726 [INFO] Interpreted as: {'position': (11.610433799331076, 8.339280158281326), 'latlon': (42.30007763333333, -71.09986173333333), 'heading': 41.0, 'depth': 1.0, 'altitude': 10.0, 'roll': 0.0, 'pitch': 0.0, 'last_fix_time': datetime.datetime(2021, 7, 27, 14, 58, 32), 'speed': None, 'rudder': -15, 'datum': (42.3, -71.1)}
2021-07-27 10:58:33,726 [INFO] Received from Frontseat: [b'$BFNVG,145832.03,4218.004658,N,07105.991704,W,0,10.0,1.0,41.0,0.0,0.0,145832.03*68']
2021-07-27 10:58:33,726 [INFO] AUV state: {'position': (11.610433799331076, 8.339280158281326), 'latlon': (42.30007763333333, -71.09986173333333), 'heading': 41.0, 'depth': 1.0, 'altitude': 10.0, 'roll': 0.0, 'pitch': 0.0, 'last_fix_time': datetime.datetime(2021, 7, 27, 14, 58, 32), 'speed': None, 'rudder': -15, 'datum': (42.3, -71.1)}
2021-07-27 10:58:34,780 [INFO] sending message $BPRMB,145834.78,15,,,1000,0,1*49...
2021-07-27 10:58:34,780 [INFO] sending message $BPSTS,145834.78,1,BWSI Autonomy OK*44
...
2021-07-27 10:58:34,781 [INFO] Processing: $BFNVG,145833.07,4218.005115,N,07105.991229,W,0,10.0,1.0,37.1,0.0,0.0,145833.07*6D
2021-07-27 10:58:34,781 [INFO] Interpreted as: {'position': (12.283896634238772, 9.16894493252039), 'latlon': (42.30008525, -71.09985381666667), 'heading': 37.1, 'depth': 1.0, 'altitude': 10.0, 'roll': 0.0, 'pitch': 0.0, 'last_fix_time': datetime.datetime(2021, 7, 27, 14, 58, 33), 'speed': None, 'rudder': 0, 'datum': (42.3, -71.1)}
2021-07-27 10:58:34,781 [INFO] Received from Frontseat: [b'$BFNVG,145833.07,4218.005115,N,07105.991229,W,0,10.0,1.0,37.1,0.0,0.0,145833.07*6D']
2021-07-27 10:58:34,781 [INFO] AUV state: {'position': (12.283896634238772, 9.16894493252039), 'latlon': (42.30008525, -71.09985381666667), 'heading': 37.1, 'depth': 1.0, 'altitude': 10.0, 'roll': 0.0, 'pitch': 0.0, 'last_fix_time': datetime.datetime(2021, 7, 27, 14, 58, 33), 'speed': None, 'rudder': 0, 'datum': (42.3, -71.1)}
2021-07-27 10:58:35,837 [INFO] sending message $BPRMB,145835.83,-15,,,1000,0,1*61...
2021-07-27 10:58:35,837 [INFO] sending message $BPSTS,145835.83,1,BWSI Autonomy OK*41
...
2021-07-27 10:58:35,837 [INFO] Processing: $BFNVG,145834.14,4218.005605,N,07105.990781,W,0,10.0,1.0,35.9,0.0,0.0,145834.14*67
2021-07-27 10:58:35,838 [INFO] Interpreted as: {'position': (12.921771685709246, 10.060598141513765), 'latlon': (42.30009341666667, -71.09984635), 'heading': 35.9, 'depth': 1.0, 'altitude': 10.0, 'roll': 0.0, 'pitch': 0.0, 'last_fix_time': datetime.datetime(2021, 7, 27, 14, 58, 34), 'speed': None, 'rudder': -15, 'datum': (42.3, -71.1)}
2021-07-27 10:58:35,838 [INFO] Received from Frontseat: [b'$BFNVG,145834.14,4218.005605,N,07105.990781,W,0,10.0,1.0,35.9,0.0,0.0,145834.14*67']
2021-07-27 10:58:35,838 [INFO] AUV state: {'position': (12.921771685709246, 10.060598141513765), 'latlon': (42.30009341666667, -71.09984635), 'heading': 35.9, 'depth': 1.0, 'altitude': 10.0, 'roll': 0.0, 'pitch': 0.0, 'last_fix_time': datetime.datetime(2021, 7, 27, 14, 58, 34), 'speed': None, 'rudder': -15, 'datum': (42.3, -71.1)}
2021-07-27 10:58:36,890 [INFO] sending message $BPRMB,145836.89,0,,,1000,0,1*71...
2021-07-27 10:58:36,890 [INFO] sending message $BPSTS,145836.89,1,BWSI Autonomy OK*48
...
2021-07-27 10:58:36,890 [INFO] Processing: $BFNVG,145835.21,4218.006084,N,07105.990308,W,0,10.0,1.0,38.6,0.0,0.0,145835.21*6C
2021-07-27 10:58:36,891 [INFO] Interpreted as: {'position': (13.593491167528555, 10.931046176701784), 'latlon': (42.3001014, -71.09983846666667), 'heading': 38.6, 'depth': 1.0, 'altitude': 10.0, 'roll': 0.0, 'pitch': 0.0, 'last_fix_time': datetime.datetime(2021, 7, 27, 14, 58, 35), 'speed': None, 'rudder': -15, 'datum': (42.3, -71.1)}
2021-07-27 10:58:36,891 [INFO] Received from Frontseat: [b'$BFNVG,145835.21,4218.006084,N,07105.990308,W,0,10.0,1.0,38.6,0.0,0.0,145835.21*6C']
2021-07-27 10:58:36,891 [INFO] AUV state: {'position': (13.593491167528555, 10.931046176701784), 'latlon': (42.3001014, -71.09983846666667), 'heading': 38.6, 'depth': 1.0, 'altitude': 10.0, 'roll': 0.0, 'pitch': 0.0, 'last_fix_time': datetime.datetime(2021, 7, 27, 14, 58, 35), 'speed': None, 'rudder': -15, 'datum': (42.3, -71.1)}
2021-07-27 10:58:37,943 [INFO] sending message $BPRMB,145837.94,0,,,1000,0,1*7c...
2021-07-27 10:58:37,943 [INFO] sending message $BPSTS,145837.94,1,BWSI Autonomy OK*45
...
2021-07-27 10:58:37,943 [INFO] Processing: $BFNVG,145836.24,4218.006542,N,07105.989836,W,0,10.0,1.0,39.9,0.0,0.0,145836.24*63
2021-07-27 10:58:37,943 [INFO] Interpreted as: {'position': (14.262877572095022, 11.762663533911109), 'latlon': (42.300109033333335, -71.0998306), 'heading': 39.9, 'depth': 1.0, 'altitude': 10.0, 'roll': 0.0, 'pitch': 0.0, 'last_fix_time': datetime.datetime(2021, 7, 27, 14, 58, 36), 'speed': None, 'rudder': -15, 'datum': (42.3, -71.1)}
2021-07-27 10:58:37,943 [INFO] Received from Frontseat: [b'$BFNVG,145836.24,4218.006542,N,07105.989836,W,0,10.0,1.0,39.9,0.0,0.0,145836.24*63']
2021-07-27 10:58:37,943 [INFO] AUV state: {'position': (14.262877572095022, 11.762663533911109), 'latlon': (42.300109033333335, -71.0998306), 'heading': 39.9, 'depth': 1.0, 'altitude': 10.0, 'roll': 0.0, 'pitch': 0.0, 'last_fix_time': datetime.datetime(2021, 7, 27, 14, 58, 36), 'speed': None, 'rudder': -15, 'datum': (42.3, -71.1)}
2021-07-27 10:58:39,000 [INFO] sending message $BPRMB,145839.00,0,,,1000,0,1*7f...
2021-07-27 10:58:39,000 [INFO] sending message $BPSTS,145839.00,1,BWSI Autonomy OK*46
...
2021-07-27 10:58:39,000 [INFO] Processing: $BFNVG,145837.29,4218.006986,N,07105.989327,W,0,10.0,1.0,43.8,0.0,0.0,145837.29*60
2021-07-27 10:58:39,000 [INFO] Interpreted as: {'position': (14.982457922422327, 12.567116811871529), 'latlon': (42.300116433333336, -71.09982211666667), 'heading': 43.8, 'depth': 1.0, 'altitude': 10.0, 'roll': 0.0, 'pitch': 0.0, 'last_fix_time': datetime.datetime(2021, 7, 27, 14, 58, 37), 'speed': None, 'rudder': -15, 'datum': (42.3, -71.1)}
2021-07-27 10:58:39,000 [INFO] Received from Frontseat: [b'$BFNVG,145837.29,4218.006986,N,07105.989327,W,0,10.0,1.0,43.8,0.0,0.0,145837.29*60']
2021-07-27 10:58:39,000 [INFO] AUV state: {'position': (14.982457922422327, 12.567116811871529), 'latlon': (42.300116433333336, -71.09982211666667), 'heading': 43.8, 'depth': 1.0, 'altitude': 10.0, 'roll': 0.0, 'pitch': 0.0, 'last_fix_time': datetime.datetime(2021, 7, 27, 14, 58, 37), 'speed': None, 'rudder': -15, 'datum': (42.3, -71.1)}
2021-07-27 10:58:40,060 [INFO] sending message $BPRMB,145840.06,0,,,1000,0,1*77...
2021-07-27 10:58:40,060 [INFO] sending message $BPSTS,145840.06,1,BWSI Autonomy OK*4e
...
2021-07-27 10:58:40,060 [INFO] Processing: $BFNVG,145838.35,4218.007406,N,07105.988773,W,0,10.0,1.0,47.8,0.0,0.0,145838.35*64
2021-07-27 10:58:40,060 [INFO] Interpreted as: {'position': (15.76276655192487, 13.325627835467458), 'latlon': (42.30012343333333, -71.09981288333333), 'heading': 47.8, 'depth': 1.0, 'altitude': 10.0, 'roll': 0.0, 'pitch': 0.0, 'last_fix_time': datetime.datetime(2021, 7, 27, 14, 58, 38), 'speed': None, 'rudder': -15, 'datum': (42.3, -71.1)}
2021-07-27 10:58:40,060 [INFO] Received from Frontseat: [b'$BFNVG,145838.35,4218.007406,N,07105.988773,W,0,10.0,1.0,47.8,0.0,0.0,145838.35*64']
2021-07-27 10:58:40,060 [INFO] AUV state: {'position': (15.76276655192487, 13.325627835467458), 'latlon': (42.30012343333333, -71.09981288333333), 'heading': 47.8, 'depth': 1.0, 'altitude': 10.0, 'roll': 0.0, 'pitch': 0.0, 'last_fix_time': datetime.datetime(2021, 7, 27, 14, 58, 38), 'speed': None, 'rudder': -15, 'datum': (42.3, -71.1)}
2021-07-27 10:58:41,139 [INFO] sending message $BPRMB,145841.13,0,,,1000,0,1*72...
2021-07-27 10:58:41,139 [INFO] sending message $BPSTS,145841.13,1,BWSI Autonomy OK*4b
...
2021-07-27 10:58:41,139 [INFO] Processing: $BFNVG,145839.40,4218.007792,N,07105.988188,W,0,10.0,1.0,51.7,0.0,0.0,145839.40*60
2021-07-27 10:58:41,139 [INFO] Interpreted as: {'position': (16.58411248680204, 14.02016428206116), 'latlon': (42.300129866666666, -71.09980313333334), 'heading': 51.7, 'depth': 1.0, 'altitude': 10.0, 'roll': 0.0, 'pitch': 0.0, 'last_fix_time': datetime.datetime(2021, 7, 27, 14, 58, 39), 'speed': None, 'rudder': -15, 'datum': (42.3, -71.1)}
2021-07-27 10:58:41,139 [INFO] Received from Frontseat: [b'$BFNVG,145839.40,4218.007792,N,07105.988188,W,0,10.0,1.0,51.7,0.0,0.0,145839.40*60']
2021-07-27 10:58:41,139 [INFO] AUV state: {'position': (16.58411248680204, 14.02016428206116), 'latlon': (42.300129866666666, -71.09980313333334), 'heading': 51.7, 'depth': 1.0, 'altitude': 10.0, 'roll': 0.0, 'pitch': 0.0, 'last_fix_time': datetime.datetime(2021, 7, 27, 14, 58, 39), 'speed': None, 'rudder': -15, 'datum': (42.3, -71.1)}
2021-07-27 10:58:42,201 [INFO] sending message $BPRMB,145842.20,0,,,1000,0,1*71...
2021-07-27 10:58:42,201 [INFO] sending message $BPSTS,145842.20,1,BWSI Autonomy OK*48
...
2021-07-27 10:58:42,201 [INFO] Processing: $BFNVG,145840.45,4218.008150,N,07105.987565,W,0,10.0,1.0,55.7,0.0,0.0,145840.45*6B
2021-07-27 10:58:42,201 [INFO] Interpreted as: {'position': (17.45638688968029, 14.661593036726117), 'latlon': (42.300135833333336, -71.09979275), 'heading': 55.7, 'depth': 1.0, 'altitude': 10.0, 'roll': 0.0, 'pitch': 0.0, 'last_fix_time': datetime.datetime(2021, 7, 27, 14, 58, 40), 'speed': None, 'rudder': -15, 'datum': (42.3, -71.1)}
2021-07-27 10:58:42,201 [INFO] Received from Frontseat: [b'$BFNVG,145840.45,4218.008150,N,07105.987565,W,0,10.0,1.0,55.7,0.0,0.0,145840.45*6B']
2021-07-27 10:58:42,201 [INFO] AUV state: {'position': (17.45638688968029, 14.661593036726117), 'latlon': (42.300135833333336, -71.09979275), 'heading': 55.7, 'depth': 1.0, 'altitude': 10.0, 'roll': 0.0, 'pitch': 0.0, 'last_fix_time': datetime.datetime(2021, 7, 27, 14, 58, 40), 'speed': None, 'rudder': -15, 'datum': (42.3, -71.1)}
2021-07-27 10:58:43,254 [INFO] sending message $BPRMB,145843.25,0,,,1000,0,1*75...
2021-07-27 10:58:43,254 [INFO] sending message $BPSTS,145843.25,1,BWSI Autonomy OK*4c
...
2021-07-27 10:58:43,254 [INFO] Processing: $BFNVG,145841.53,4218.008482,N,07105.986894,W,0,10.0,1.0,59.7,0.0,0.0,145841.53*6F
2021-07-27 10:58:43,255 [INFO] Interpreted as: {'position': (18.393419857718982, 15.25327649526298), 'latlon': (42.300141366666665, -71.09978156666666), 'heading': 59.7, 'depth': 1.0, 'altitude': 10.0, 'roll': 0.0, 'pitch': 0.0, 'last_fix_time': datetime.datetime(2021, 7, 27, 14, 58, 41), 'speed': None, 'rudder': -15, 'datum': (42.3, -71.1)}
2021-07-27 10:58:43,255 [INFO] Received from Frontseat: [b'$BFNVG,145841.53,4218.008482,N,07105.986894,W,0,10.0,1.0,59.7,0.0,0.0,145841.53*6F']
2021-07-27 10:58:43,255 [INFO] AUV state: {'position': (18.393419857718982, 15.25327649526298), 'latlon': (42.300141366666665, -71.09978156666666), 'heading': 59.7, 'depth': 1.0, 'altitude': 10.0, 'roll': 0.0, 'pitch': 0.0, 'last_fix_time': datetime.datetime(2021, 7, 27, 14, 58, 41), 'speed': None, 'rudder': -15, 'datum': (42.3, -71.1)}
2021-07-27 10:58:44,309 [INFO] sending message $BPRMB,145844.30,0,,,1000,0,1*76...
2021-07-27 10:58:44,309 [INFO] sending message $BPSTS,145844.30,1,BWSI Autonomy OK*4f
...
2021-07-27 10:58:44,309 [INFO] Processing: $BFNVG,145842.58,4218.008772,N,07105.986211,W,0,10.0,1.0,63.7,0.0,0.0,145842.58*6D
2021-07-27 10:58:44,309 [INFO] Interpreted as: {'position': (19.34502116125077, 15.766823981888592), 'latlon': (42.3001462, -71.09977018333333), 'heading': 63.7, 'depth': 1.0, 'altitude': 10.0, 'roll': 0.0, 'pitch': 0.0, 'last_fix_time': datetime.datetime(2021, 7, 27, 14, 58, 42), 'speed': None, 'rudder': -15, 'datum': (42.3, -71.1)}
2021-07-27 10:58:44,309 [INFO] Received from Frontseat: [b'$BFNVG,145842.58,4218.008772,N,07105.986211,W,0,10.0,1.0,63.7,0.0,0.0,145842.58*6D']
2021-07-27 10:58:44,309 [INFO] AUV state: {'position': (19.34502116125077, 15.766823981888592), 'latlon': (42.3001462, -71.09977018333333), 'heading': 63.7, 'depth': 1.0, 'altitude': 10.0, 'roll': 0.0, 'pitch': 0.0, 'last_fix_time': datetime.datetime(2021, 7, 27, 14, 58, 42), 'speed': None, 'rudder': -15, 'datum': (42.3, -71.1)}
2021-07-27 10:58:45,366 [INFO] sending message $BPRMB,145845.36,0,,,1000,0,1*71...
2021-07-27 10:58:45,366 [INFO] sending message $BPSTS,145845.36,1,BWSI Autonomy OK*48
...
2021-07-27 10:58:45,366 [INFO] Processing: $BFNVG,145843.63,4218.009026,N,07105.985501,W,0,10.0,1.0,67.6,0.0,0.0,145843.63*6A
2021-07-27 10:58:45,367 [INFO] Interpreted as: {'position': (20.332072978606448, 16.212831165641546), 'latlon': (42.300150433333336, -71.09975835), 'heading': 67.6, 'depth': 1.0, 'altitude': 10.0, 'roll': 0.0, 'pitch': 0.0, 'last_fix_time': datetime.datetime(2021, 7, 27, 14, 58, 43), 'speed': None, 'rudder': -15, 'datum': (42.3, -71.1)}
2021-07-27 10:58:45,367 [INFO] Received from Frontseat: [b'$BFNVG,145843.63,4218.009026,N,07105.985501,W,0,10.0,1.0,67.6,0.0,0.0,145843.63*6A']
2021-07-27 10:58:45,367 [INFO] AUV state: {'position': (20.332072978606448, 16.212831165641546), 'latlon': (42.300150433333336, -71.09975835), 'heading': 67.6, 'depth': 1.0, 'altitude': 10.0, 'roll': 0.0, 'pitch': 0.0, 'last_fix_time': datetime.datetime(2021, 7, 27, 14, 58, 43), 'speed': None, 'rudder': -15, 'datum': (42.3, -71.1)}
2021-07-27 10:58:46,420 [INFO] sending message $BPRMB,145846.42,0,,,1000,0,1*71...
2021-07-27 10:58:46,420 [INFO] sending message $BPSTS,145846.42,1,BWSI Autonomy OK*48
...
2021-07-27 10:58:46,420 [INFO] Processing: $BFNVG,145844.69,4218.009245,N,07105.984765,W,0,10.0,1.0,71.6,0.0,0.0,145844.69*6B
2021-07-27 10:58:46,420 [INFO] Interpreted as: {'position': (21.353247122082394, 16.593182659707963), 'latlon': (42.30015408333333, -71.09974608333333), 'heading': 71.6, 'depth': 1.0, 'altitude': 10.0, 'roll': 0.0, 'pitch': 0.0, 'last_fix_time': datetime.datetime(2021, 7, 27, 14, 58, 44), 'speed': None, 'rudder': -15, 'datum': (42.3, -71.1)}
2021-07-27 10:58:46,420 [INFO] Received from Frontseat: [b'$BFNVG,145844.69,4218.009245,N,07105.984765,W,0,10.0,1.0,71.6,0.0,0.0,145844.69*6B']
2021-07-27 10:58:46,420 [INFO] AUV state: {'position': (21.353247122082394, 16.593182659707963), 'latlon': (42.30015408333333, -71.09974608333333), 'heading': 71.6, 'depth': 1.0, 'altitude': 10.0, 'roll': 0.0, 'pitch': 0.0, 'last_fix_time': datetime.datetime(2021, 7, 27, 14, 58, 44), 'speed': None, 'rudder': -15, 'datum': (42.3, -71.1)}
2021-07-27 10:58:47,485 [INFO] sending message $BPRMB,145847.48,0,,,1000,0,1*7a...
2021-07-27 10:58:47,485 [INFO] sending message $BPSTS,145847.48,1,BWSI Autonomy OK*43
...
2021-07-27 10:58:47,485 [INFO] Processing: $BFNVG,145845.75,4218.009425,N,07105.984010,W,0,10.0,1.0,75.6,0.0,0.0,145845.75*6A
2021-07-27 10:58:47,485 [INFO] Interpreted as: {'position': (22.39874380454421, 16.90071299765259), 'latlon': (42.30015708333333, -71.0997335), 'heading': 75.6, 'depth': 1.0, 'altitude': 10.0, 'roll': 0.0, 'pitch': 0.0, 'last_fix_time': datetime.datetime(2021, 7, 27, 14, 58, 45), 'speed': None, 'rudder': -15, 'datum': (42.3, -71.1)}
2021-07-27 10:58:47,485 [INFO] Received from Frontseat: [b'$BFNVG,145845.75,4218.009425,N,07105.984010,W,0,10.0,1.0,75.6,0.0,0.0,145845.75*6A']
2021-07-27 10:58:47,486 [INFO] AUV state: {'position': (22.39874380454421, 16.90071299765259), 'latlon': (42.30015708333333, -71.0997335), 'heading': 75.6, 'depth': 1.0, 'altitude': 10.0, 'roll': 0.0, 'pitch': 0.0, 'last_fix_time': datetime.datetime(2021, 7, 27, 14, 58, 45), 'speed': None, 'rudder': -15, 'datum': (42.3, -71.1)}
2021-07-27 10:58:48,545 [INFO] sending message $BPRMB,145848.54,0,,,1000,0,1*78...
2021-07-27 10:58:48,545 [INFO] sending message $BPSTS,145848.54,1,BWSI Autonomy OK*41
...
2021-07-27 10:58:48,550 [INFO] Processing: $BFNVG,145846.79,4218.009564,N,07105.983257,W,0,10.0,1.0,79.5,0.0,0.0,145846.79*67
2021-07-27 10:58:48,550 [INFO] Interpreted as: {'position': (23.43962032312993, 17.132432708516717), 'latlon': (42.3001594, -71.09972095), 'heading': 79.5, 'depth': 1.0, 'altitude': 10.0, 'roll': 0.0, 'pitch': 0.0, 'last_fix_time': datetime.datetime(2021, 7, 27, 14, 58, 46), 'speed': None, 'rudder': -15, 'datum': (42.3, -71.1)}
2021-07-27 10:58:48,550 [INFO] Processing: $BFNVG,145847.14,4218.009602,N,07105.982998,W,0,10.0,1.0,80.8,0.0,0.0,145847.14*66
2021-07-27 10:58:48,550 [INFO] Interpreted as: {'position': (23.797189606819302, 17.193978967145085), 'latlon': (42.300160033333334, -71.09971663333333), 'heading': 80.8, 'depth': 1.0, 'altitude': 10.0, 'roll': 0.0, 'pitch': 0.0, 'last_fix_time': datetime.datetime(2021, 7, 27, 14, 58, 47), 'speed': None, 'rudder': -15, 'datum': (42.3, -71.1)}
2021-07-27 10:58:48,550 [INFO] Received from Frontseat: [b'$BFNVG,145846.79,4218.009564,N,07105.983257,W,0,10.0,1.0,79.5,0.0,0.0,145846.79*67', b'$BFNVG,145847.14,4218.009602,N,07105.982998,W,0,10.0,1.0,80.8,0.0,0.0,145847.14*66']
2021-07-27 10:58:48,550 [INFO] AUV state: {'position': (23.797189606819302, 17.193978967145085), 'latlon': (42.300160033333334, -71.09971663333333), 'heading': 80.8, 'depth': 1.0, 'altitude': 10.0, 'roll': 0.0, 'pitch': 0.0, 'last_fix_time': datetime.datetime(2021, 7, 27, 14, 58, 47), 'speed': None, 'rudder': -15, 'datum': (42.3, -71.1)}
2021-07-27 10:58:49,611 [INFO] sending message $BPRMB,145849.61,0,,,1000,0,1*7f...
2021-07-27 10:58:49,611 [INFO] sending message $BPSTS,145849.61,1,BWSI Autonomy OK*46
...
2021-07-27 10:58:49,612 [INFO] Processing: $BFNVG,145848.19,4218.009690,N,07105.982217,W,0,10.0,1.0,84.7,0.0,0.0,145848.19*6A
2021-07-27 10:58:49,612 [INFO] Interpreted as: {'position': (24.874205605650786, 17.33036412205547), 'latlon': (42.3001615, -71.09970361666667), 'heading': 84.7, 'depth': 1.0, 'altitude': 10.0, 'roll': 0.0, 'pitch': 0.0, 'last_fix_time': datetime.datetime(2021, 7, 27, 14, 58, 48), 'speed': None, 'rudder': -15, 'datum': (42.3, -71.1)}
2021-07-27 10:58:49,612 [INFO] Received from Frontseat: [b'$BFNVG,145848.19,4218.009690,N,07105.982217,W,0,10.0,1.0,84.7,0.0,0.0,145848.19*6A']
2021-07-27 10:58:49,612 [INFO] AUV state: {'position': (24.874205605650786, 17.33036412205547), 'latlon': (42.3001615, -71.09970361666667), 'heading': 84.7, 'depth': 1.0, 'altitude': 10.0, 'roll': 0.0, 'pitch': 0.0, 'last_fix_time': datetime.datetime(2021, 7, 27, 14, 58, 48), 'speed': None, 'rudder': -15, 'datum': (42.3, -71.1)}
2021-07-27 10:58:50,668 [INFO] sending message $BPRMB,145850.66,0,,,1000,0,1*70...
2021-07-27 10:58:50,668 [INFO] sending message $BPSTS,145850.66,1,BWSI Autonomy OK*49
...
2021-07-27 10:58:50,669 [INFO] Processing: $BFNVG,145849.23,4218.009738,N,07105.981444,W,0,10.0,1.0,88.6,0.0,0.0,145849.23*67
2021-07-27 10:58:50,669 [INFO] Interpreted as: {'position': (25.938403928186744, 17.392992756329477), 'latlon': (42.3001623, -71.09969073333333), 'heading': 88.6, 'depth': 1.0, 'altitude': 10.0, 'roll': 0.0, 'pitch': 0.0, 'last_fix_time': datetime.datetime(2021, 7, 27, 14, 58, 49), 'speed': None, 'rudder': -15, 'datum': (42.3, -71.1)}
2021-07-27 10:58:50,669 [INFO] Received from Frontseat: [b'$BFNVG,145849.23,4218.009738,N,07105.981444,W,0,10.0,1.0,88.6,0.0,0.0,145849.23*67']
2021-07-27 10:58:50,669 [INFO] AUV state: {'position': (25.938403928186744, 17.392992756329477), 'latlon': (42.3001623, -71.09969073333333), 'heading': 88.6, 'depth': 1.0, 'altitude': 10.0, 'roll': 0.0, 'pitch': 0.0, 'last_fix_time': datetime.datetime(2021, 7, 27, 14, 58, 49), 'speed': None, 'rudder': -15, 'datum': (42.3, -71.1)}
2021-07-27 10:58:51,724 [INFO] sending message $BPRMB,145851.72,0,,,1000,0,1*74...
2021-07-27 10:58:51,724 [INFO] sending message $BPSTS,145851.72,1,BWSI Autonomy OK*4d
...
2021-07-27 10:58:51,724 [INFO] Processing: $BFNVG,145850.29,4218.009746,N,07105.980647,W,0,10.0,1.0,92.6,0.0,0.0,145850.29*65
2021-07-27 10:58:51,724 [INFO] Interpreted as: {'position': (27.033748642075807, 17.380780071020126), 'latlon': (42.300162433333334, -71.09967745), 'heading': 92.6, 'depth': 1.0, 'altitude': 10.0, 'roll': 0.0, 'pitch': 0.0, 'last_fix_time': datetime.datetime(2021, 7, 27, 14, 58, 50), 'speed': None, 'rudder': -15, 'datum': (42.3, -71.1)}
2021-07-27 10:58:51,725 [INFO] Received from Frontseat: [b'$BFNVG,145850.29,4218.009746,N,07105.980647,W,0,10.0,1.0,92.6,0.0,0.0,145850.29*65']
2021-07-27 10:58:51,725 [INFO] AUV state: {'position': (27.033748642075807, 17.380780071020126), 'latlon': (42.300162433333334, -71.09967745), 'heading': 92.6, 'depth': 1.0, 'altitude': 10.0, 'roll': 0.0, 'pitch': 0.0, 'last_fix_time': datetime.datetime(2021, 7, 27, 14, 58, 50), 'speed': None, 'rudder': -15, 'datum': (42.3, -71.1)}
2021-07-27 10:58:52,783 [INFO] sending message $BPRMB,145852.78,0,,,1000,0,1*7d...
2021-07-27 10:58:52,783 [INFO] sending message $BPSTS,145852.78,1,BWSI Autonomy OK*44
...
2021-07-27 10:58:52,783 [INFO] Processing: $BFNVG,145851.36,4218.009713,N,07105.979851,W,0,10.0,1.0,96.6,0.0,0.0,145851.36*6E
2021-07-27 10:58:52,783 [INFO] Interpreted as: {'position': (28.12584721238818, 17.29272287338972), 'latlon': (42.30016188333333, -71.09966418333333), 'heading': 96.6, 'depth': 1.0, 'altitude': 10.0, 'roll': 0.0, 'pitch': 0.0, 'last_fix_time': datetime.datetime(2021, 7, 27, 14, 58, 51), 'speed': None, 'rudder': -15, 'datum': (42.3, -71.1)}
2021-07-27 10:58:52,783 [INFO] Received from Frontseat: [b'$BFNVG,145851.36,4218.009713,N,07105.979851,W,0,10.0,1.0,96.6,0.0,0.0,145851.36*6E']
2021-07-27 10:58:52,783 [INFO] AUV state: {'position': (28.12584721238818, 17.29272287338972), 'latlon': (42.30016188333333, -71.09966418333333), 'heading': 96.6, 'depth': 1.0, 'altitude': 10.0, 'roll': 0.0, 'pitch': 0.0, 'last_fix_time': datetime.datetime(2021, 7, 27, 14, 58, 51), 'speed': None, 'rudder': -15, 'datum': (42.3, -71.1)}
2021-07-27 10:58:53,847 [INFO] sending message $BPRMB,145853.84,0,,,1000,0,1*7f...
2021-07-27 10:58:53,848 [INFO] sending message $BPSTS,145853.84,1,BWSI Autonomy OK*46
...
2021-07-27 10:58:53,853 [INFO] Processing: $BFNVG,145852.40,4218.009641,N,07105.979077,W,0,10.0,1.0,100.5,0.0,0.0,145852.40*59
2021-07-27 10:58:53,853 [INFO] Interpreted as: {'position': (29.18593960441649, 17.133234447799623), 'latlon': (42.30016068333333, -71.09965128333333), 'heading': 100.5, 'depth': 1.0, 'altitude': 10.0, 'roll': 0.0, 'pitch': 0.0, 'last_fix_time': datetime.datetime(2021, 7, 27, 14, 58, 52), 'speed': None, 'rudder': -15, 'datum': (42.3, -71.1)}
2021-07-27 10:58:53,853 [INFO] Processing: $BFNVG,145853.44,4218.009530,N,07105.978314,W,0,10.0,1.0,104.4,0.0,0.0,145853.44*5E
2021-07-27 10:58:53,853 [INFO] Interpreted as: {'position': (30.229138482594863, 16.901941888965666), 'latlon': (42.300158833333334, -71.09963856666667), 'heading': 104.4, 'depth': 1.0, 'altitude': 10.0, 'roll': 0.0, 'pitch': 0.0, 'last_fix_time': datetime.datetime(2021, 7, 27, 14, 58, 53), 'speed': None, 'rudder': -15, 'datum': (42.3, -71.1)}
2021-07-27 10:58:53,853 [INFO] Received from Frontseat: [b'$BFNVG,145852.40,4218.009641,N,07105.979077,W,0,10.0,1.0,100.5,0.0,0.0,145852.40*59', b'$BFNVG,145853.44,4218.009530,N,07105.978314,W,0,10.0,1.0,104.4,0.0,0.0,145853.44*5E']
2021-07-27 10:58:53,853 [INFO] AUV state: {'position': (30.229138482594863, 16.901941888965666), 'latlon': (42.300158833333334, -71.09963856666667), 'heading': 104.4, 'depth': 1.0, 'altitude': 10.0, 'roll': 0.0, 'pitch': 0.0, 'last_fix_time': datetime.datetime(2021, 7, 27, 14, 58, 53), 'speed': None, 'rudder': -15, 'datum': (42.3, -71.1)}
2021-07-27 10:58:54,961 [INFO] sending message $BPRMB,145854.96,30,,,1000,0,1*48...
2021-07-27 10:58:54,961 [INFO] sending message $BPSTS,145854.96,1,BWSI Autonomy OK*42
...
2021-07-27 10:58:54,961 [INFO] Received from Frontseat: []
2021-07-27 10:58:54,961 [INFO] AUV state: {'position': (30.229138482594863, 16.901941888965666), 'latlon': (42.300158833333334, -71.09963856666667), 'heading': 104.4, 'depth': 1.0, 'altitude': 10.0, 'roll': 0.0, 'pitch': 0.0, 'last_fix_time': datetime.datetime(2021, 7, 27, 14, 58, 53), 'speed': None, 'rudder': 15, 'datum': (42.3, -71.1)}
2021-07-27 10:58:56,062 [INFO] sending message $BPRMB,145856.06,0,,,1000,0,1*70...
2021-07-27 10:58:56,062 [INFO] sending message $BPSTS,145856.06,1,BWSI Autonomy OK*49
...
2021-07-27 10:58:56,062 [INFO] Processing: $BFNVG,145854.48,4218.009381,N,07105.977565,W,0,10.0,1.0,108.3,0.0,0.0,145854.48*56
2021-07-27 10:58:56,063 [INFO] Interpreted as: {'position': (31.25136791728437, 16.600797581486404), 'latlon': (42.30015635, -71.09962608333333), 'heading': 108.3, 'depth': 1.0, 'altitude': 10.0, 'roll': 0.0, 'pitch': 0.0, 'last_fix_time': datetime.datetime(2021, 7, 27, 14, 58, 54), 'speed': None, 'rudder': 15, 'datum': (42.3, -71.1)}
2021-07-27 10:58:56,063 [INFO] Received from Frontseat: [b'$BFNVG,145854.48,4218.009381,N,07105.977565,W,0,10.0,1.0,108.3,0.0,0.0,145854.48*56']
2021-07-27 10:58:56,063 [INFO] AUV state: {'position': (31.25136791728437, 16.600797581486404), 'latlon': (42.30015635, -71.09962608333333), 'heading': 108.3, 'depth': 1.0, 'altitude': 10.0, 'roll': 0.0, 'pitch': 0.0, 'last_fix_time': datetime.datetime(2021, 7, 27, 14, 58, 54), 'speed': None, 'rudder': 15, 'datum': (42.3, -71.1)}
2021-07-27 10:58:57,113 [INFO] sending message $BPRMB,145857.11,-15,,,1000,0,1*6e...
2021-07-27 10:58:57,113 [INFO] sending message $BPSTS,145857.11,1,BWSI Autonomy OK*4e
...
2021-07-27 10:58:57,113 [INFO] Processing: $BFNVG,145855.50,4218.009201,N,07105.976836,W,0,10.0,1.0,109.7,0.0,0.0,145855.50*50
2021-07-27 10:58:57,113 [INFO] Interpreted as: {'position': (32.24470432777889, 16.24295979179442), 'latlon': (42.30015335, -71.09961393333333), 'heading': 109.7, 'depth': 1.0, 'altitude': 10.0, 'roll': 0.0, 'pitch': 0.0, 'last_fix_time': datetime.datetime(2021, 7, 27, 14, 58, 55), 'speed': None, 'rudder': 0, 'datum': (42.3, -71.1)}
2021-07-27 10:58:57,113 [INFO] Received from Frontseat: [b'$BFNVG,145855.50,4218.009201,N,07105.976836,W,0,10.0,1.0,109.7,0.0,0.0,145855.50*50']
2021-07-27 10:58:57,113 [INFO] AUV state: {'position': (32.24470432777889, 16.24295979179442), 'latlon': (42.30015335, -71.09961393333333), 'heading': 109.7, 'depth': 1.0, 'altitude': 10.0, 'roll': 0.0, 'pitch': 0.0, 'last_fix_time': datetime.datetime(2021, 7, 27, 14, 58, 55), 'speed': None, 'rudder': 0, 'datum': (42.3, -71.1)}
2021-07-27 10:58:58,163 [INFO] sending message $BPRMB,145858.16,0,,,1000,0,1*7f...
2021-07-27 10:58:58,163 [INFO] sending message $BPSTS,145858.16,1,BWSI Autonomy OK*46
...
2021-07-27 10:58:58,163 [INFO] Processing: $BFNVG,145856.55,4218.009038,N,07105.976086,W,0,10.0,1.0,105.7,0.0,0.0,145856.55*57
2021-07-27 10:58:58,164 [INFO] Interpreted as: {'position': (33.26766851992579, 15.91587212588638), 'latlon': (42.30015063333333, -71.09960143333333), 'heading': 105.7, 'depth': 1.0, 'altitude': 10.0, 'roll': 0.0, 'pitch': 0.0, 'last_fix_time': datetime.datetime(2021, 7, 27, 14, 58, 56), 'speed': None, 'rudder': 0, 'datum': (42.3, -71.1)}
2021-07-27 10:58:58,164 [INFO] Received from Frontseat: [b'$BFNVG,145856.55,4218.009038,N,07105.976086,W,0,10.0,1.0,105.7,0.0,0.0,145856.55*57']
2021-07-27 10:58:58,164 [INFO] AUV state: {'position': (33.26766851992579, 15.91587212588638), 'latlon': (42.30015063333333, -71.09960143333333), 'heading': 105.7, 'depth': 1.0, 'altitude': 10.0, 'roll': 0.0, 'pitch': 0.0, 'last_fix_time': datetime.datetime(2021, 7, 27, 14, 58, 56), 'speed': None, 'rudder': 0, 'datum': (42.3, -71.1)}
2021-07-27 10:58:59,213 [INFO] sending message $BPRMB,145859.21,0,,,1000,0,1*7a...
2021-07-27 10:58:59,213 [INFO] sending message $BPSTS,145859.21,1,BWSI Autonomy OK*43
...
2021-07-27 10:58:59,213 [INFO] Processing: $BFNVG,145857.58,4218.008913,N,07105.975331,W,0,10.0,1.0,103.1,0.0,0.0,145857.58*5A
2021-07-27 10:58:59,213 [INFO] Interpreted as: {'position': (34.299237385275774, 15.658941611647606), 'latlon': (42.30014855, -71.09958885), 'heading': 103.1, 'depth': 1.0, 'altitude': 10.0, 'roll': 0.0, 'pitch': 0.0, 'last_fix_time': datetime.datetime(2021, 7, 27, 14, 58, 57), 'speed': None, 'rudder': 0, 'datum': (42.3, -71.1)}
2021-07-27 10:58:59,213 [INFO] Received from Frontseat: [b'$BFNVG,145857.58,4218.008913,N,07105.975331,W,0,10.0,1.0,103.1,0.0,0.0,145857.58*5A']
2021-07-27 10:58:59,213 [INFO] AUV state: {'position': (34.299237385275774, 15.658941611647606), 'latlon': (42.30014855, -71.09958885), 'heading': 103.1, 'depth': 1.0, 'altitude': 10.0, 'roll': 0.0, 'pitch': 0.0, 'last_fix_time': datetime.datetime(2021, 7, 27, 14, 58, 57), 'speed': None, 'rudder': 0, 'datum': (42.3, -71.1)}
2021-07-27 10:59:00,265 [INFO] sending message $BPRMB,145900.26,0,,,1000,0,1*70...
2021-07-27 10:59:00,265 [INFO] sending message $BPSTS,145900.26,1,BWSI Autonomy OK*49
...
2021-07-27 10:59:00,265 [INFO] Processing: $BFNVG,145858.62,4218.008796,N,07105.974572,W,0,10.0,1.0,103.1,0.0,0.0,145858.62*59
2021-07-27 10:59:00,265 [INFO] Interpreted as: {'position': (35.33666712878039, 15.41668123099953), 'latlon': (42.3001466, -71.0995762), 'heading': 103.1, 'depth': 1.0, 'altitude': 10.0, 'roll': 0.0, 'pitch': 0.0, 'last_fix_time': datetime.datetime(2021, 7, 27, 14, 58, 58), 'speed': None, 'rudder': 0, 'datum': (42.3, -71.1)}
2021-07-27 10:59:00,265 [INFO] Received from Frontseat: [b'$BFNVG,145858.62,4218.008796,N,07105.974572,W,0,10.0,1.0,103.1,0.0,0.0,145858.62*59']
2021-07-27 10:59:00,265 [INFO] AUV state: {'position': (35.33666712878039, 15.41668123099953), 'latlon': (42.3001466, -71.0995762), 'heading': 103.1, 'depth': 1.0, 'altitude': 10.0, 'roll': 0.0, 'pitch': 0.0, 'last_fix_time': datetime.datetime(2021, 7, 27, 14, 58, 58), 'speed': None, 'rudder': 0, 'datum': (42.3, -71.1)}
2021-07-27 10:59:01,316 [INFO] sending message $BPRMB,145901.31,0,,,1000,0,1*77...
2021-07-27 10:59:01,316 [INFO] sending message $BPSTS,145901.31,1,BWSI Autonomy OK*4e
...
2021-07-27 10:59:01,317 [INFO] Processing: $BFNVG,145859.66,4218.008678,N,07105.973805,W,0,10.0,1.0,103.1,0.0,0.0,145859.66*52
2021-07-27 10:59:01,317 [INFO] Interpreted as: {'position': (36.38504229055252, 15.172299128957093), 'latlon': (42.30014463333333, -71.09956341666667), 'heading': 103.1, 'depth': 1.0, 'altitude': 10.0, 'roll': 0.0, 'pitch': 0.0, 'last_fix_time': datetime.datetime(2021, 7, 27, 14, 58, 59), 'speed': None, 'rudder': 0, 'datum': (42.3, -71.1)}
2021-07-27 10:59:01,317 [INFO] Received from Frontseat: [b'$BFNVG,145859.66,4218.008678,N,07105.973805,W,0,10.0,1.0,103.1,0.0,0.0,145859.66*52']
2021-07-27 10:59:01,317 [INFO] AUV state: {'position': (36.38504229055252, 15.172299128957093), 'latlon': (42.30014463333333, -71.09956341666667), 'heading': 103.1, 'depth': 1.0, 'altitude': 10.0, 'roll': 0.0, 'pitch': 0.0, 'last_fix_time': datetime.datetime(2021, 7, 27, 14, 58, 59), 'speed': None, 'rudder': 0, 'datum': (42.3, -71.1)}
2021-07-27 10:59:02,367 [INFO] sending message $BPRMB,145902.36,0,,,1000,0,1*73...
2021-07-27 10:59:02,368 [INFO] sending message $BPSTS,145902.36,1,BWSI Autonomy OK*4a
...
2021-07-27 10:59:02,368 [INFO] Processing: $BFNVG,145900.70,4218.008560,N,07105.973043,W,0,10.0,1.0,103.1,0.0,0.0,145900.70*52
2021-07-27 10:59:02,368 [INFO] Interpreted as: {'position': (37.42654812987894, 14.92808667384088), 'latlon': (42.300142666666666, -71.09955071666667), 'heading': 103.1, 'depth': 1.0, 'altitude': 10.0, 'roll': 0.0, 'pitch': 0.0, 'last_fix_time': datetime.datetime(2021, 7, 27, 14, 59), 'speed': None, 'rudder': 0, 'datum': (42.3, -71.1)}
2021-07-27 10:59:02,368 [INFO] Received from Frontseat: [b'$BFNVG,145900.70,4218.008560,N,07105.973043,W,0,10.0,1.0,103.1,0.0,0.0,145900.70*52']
2021-07-27 10:59:02,368 [INFO] AUV state: {'position': (37.42654812987894, 14.92808667384088), 'latlon': (42.300142666666666, -71.09955071666667), 'heading': 103.1, 'depth': 1.0, 'altitude': 10.0, 'roll': 0.0, 'pitch': 0.0, 'last_fix_time': datetime.datetime(2021, 7, 27, 14, 59), 'speed': None, 'rudder': 0, 'datum': (42.3, -71.1)}
2021-07-27 10:59:03,419 [INFO] sending message $BPRMB,145903.41,0,,,1000,0,1*72...
2021-07-27 10:59:03,419 [INFO] sending message $BPSTS,145903.41,1,BWSI Autonomy OK*4b
...
2021-07-27 10:59:03,424 [INFO] Processing: $BFNVG,145901.74,4218.008442,N,07105.972279,W,0,10.0,1.0,103.1,0.0,0.0,145901.74*59
2021-07-27 10:59:03,425 [INFO] Interpreted as: {'position': (38.47080178942997, 14.683806578628719), 'latlon': (42.3001407, -71.09953798333333), 'heading': 103.1, 'depth': 1.0, 'altitude': 10.0, 'roll': 0.0, 'pitch': 0.0, 'last_fix_time': datetime.datetime(2021, 7, 27, 14, 59, 1), 'speed': None, 'rudder': 0, 'datum': (42.3, -71.1)}
2021-07-27 10:59:03,425 [INFO] Received from Frontseat: [b'$BFNVG,145901.74,4218.008442,N,07105.972279,W,0,10.0,1.0,103.1,0.0,0.0,145901.74*59']
2021-07-27 10:59:03,425 [INFO] AUV state: {'position': (38.47080178942997, 14.683806578628719), 'latlon': (42.3001407, -71.09953798333333), 'heading': 103.1, 'depth': 1.0, 'altitude': 10.0, 'roll': 0.0, 'pitch': 0.0, 'last_fix_time': datetime.datetime(2021, 7, 27, 14, 59, 1), 'speed': None, 'rudder': 0, 'datum': (42.3, -71.1)}
2021-07-27 10:59:04,475 [INFO] sending message $BPRMB,145904.47,0,,,1000,0,1*73...
2021-07-27 10:59:04,475 [INFO] sending message $BPSTS,145904.47,1,BWSI Autonomy OK*4a
...
2021-07-27 10:59:04,476 [INFO] Processing: $BFNVG,145902.79,4218.008324,N,07105.971514,W,0,10.0,1.0,103.1,0.0,0.0,145902.79*51
2021-07-27 10:59:04,476 [INFO] Interpreted as: {'position': (39.51642939046724, 14.439492744393647), 'latlon': (42.300138733333334, -71.09952523333334), 'heading': 103.1, 'depth': 1.0, 'altitude': 10.0, 'roll': 0.0, 'pitch': 0.0, 'last_fix_time': datetime.datetime(2021, 7, 27, 14, 59, 2), 'speed': None, 'rudder': 0, 'datum': (42.3, -71.1)}
2021-07-27 10:59:04,476 [INFO] Received from Frontseat: [b'$BFNVG,145902.79,4218.008324,N,07105.971514,W,0,10.0,1.0,103.1,0.0,0.0,145902.79*51']
2021-07-27 10:59:04,476 [INFO] AUV state: {'position': (39.51642939046724, 14.439492744393647), 'latlon': (42.300138733333334, -71.09952523333334), 'heading': 103.1, 'depth': 1.0, 'altitude': 10.0, 'roll': 0.0, 'pitch': 0.0, 'last_fix_time': datetime.datetime(2021, 7, 27, 14, 59, 2), 'speed': None, 'rudder': 0, 'datum': (42.3, -71.1)}
2021-07-27 10:59:05,537 [INFO] sending message $BPRMB,145905.53,0,,,1000,0,1*77...
2021-07-27 10:59:05,537 [INFO] sending message $BPSTS,145905.53,1,BWSI Autonomy OK*4e
...
2021-07-27 10:59:05,537 [INFO] Processing: $BFNVG,145903.83,4218.008207,N,07105.970753,W,0,10.0,1.0,103.1,0.0,0.0,145903.83*51
2021-07-27 10:59:05,537 [INFO] Interpreted as: {'position': (40.55660720879678, 14.197165355086327), 'latlon': (42.300136783333336, -71.09951255), 'heading': 103.1, 'depth': 1.0, 'altitude': 10.0, 'roll': 0.0, 'pitch': 0.0, 'last_fix_time': datetime.datetime(2021, 7, 27, 14, 59, 3), 'speed': None, 'rudder': 0, 'datum': (42.3, -71.1)}
2021-07-27 10:59:05,537 [INFO] Received from Frontseat: [b'$BFNVG,145903.83,4218.008207,N,07105.970753,W,0,10.0,1.0,103.1,0.0,0.0,145903.83*51']
2021-07-27 10:59:05,537 [INFO] AUV state: {'position': (40.55660720879678, 14.197165355086327), 'latlon': (42.300136783333336, -71.09951255), 'heading': 103.1, 'depth': 1.0, 'altitude': 10.0, 'roll': 0.0, 'pitch': 0.0, 'last_fix_time': datetime.datetime(2021, 7, 27, 14, 59, 3), 'speed': None, 'rudder': 0, 'datum': (42.3, -71.1)}
2021-07-27 10:59:06,588 [INFO] sending message $BPRMB,145906.58,0,,,1000,0,1*7f...
2021-07-27 10:59:06,588 [INFO] sending message $BPSTS,145906.58,1,BWSI Autonomy OK*46
...
2021-07-27 10:59:06,588 [INFO] Processing: $BFNVG,145904.87,4218.008089,N,07105.969986,W,0,10.0,1.0,103.1,0.0,0.0,145904.87*5B
2021-07-27 10:59:06,589 [INFO] Interpreted as: {'position': (41.60498269286472, 13.952784044668078), 'latlon': (42.30013481666667, -71.09949976666667), 'heading': 103.1, 'depth': 1.0, 'altitude': 10.0, 'roll': 0.0, 'pitch': 0.0, 'last_fix_time': datetime.datetime(2021, 7, 27, 14, 59, 4), 'speed': None, 'rudder': 0, 'datum': (42.3, -71.1)}
2021-07-27 10:59:06,589 [INFO] Received from Frontseat: [b'$BFNVG,145904.87,4218.008089,N,07105.969986,W,0,10.0,1.0,103.1,0.0,0.0,145904.87*5B']
2021-07-27 10:59:06,589 [INFO] AUV state: {'position': (41.60498269286472, 13.952784044668078), 'latlon': (42.30013481666667, -71.09949976666667), 'heading': 103.1, 'depth': 1.0, 'altitude': 10.0, 'roll': 0.0, 'pitch': 0.0, 'last_fix_time': datetime.datetime(2021, 7, 27, 14, 59, 4), 'speed': None, 'rudder': 0, 'datum': (42.3, -71.1)}
2021-07-27 10:59:07,650 [INFO] sending message $BPRMB,145907.65,0,,,1000,0,1*70...
2021-07-27 10:59:07,651 [INFO] sending message $BPSTS,145907.65,1,BWSI Autonomy OK*49
...
2021-07-27 10:59:07,651 [INFO] Processing: $BFNVG,145905.93,4218.007969,N,07105.969212,W,0,10.0,1.0,103.1,0.0,0.0,145905.93*55
2021-07-27 10:59:07,651 [INFO] Interpreted as: {'position': (42.66288405796513, 13.704464218579233), 'latlon': (42.30013281666667, -71.09948686666667), 'heading': 103.1, 'depth': 1.0, 'altitude': 10.0, 'roll': 0.0, 'pitch': 0.0, 'last_fix_time': datetime.datetime(2021, 7, 27, 14, 59, 5), 'speed': None, 'rudder': 0, 'datum': (42.3, -71.1)}
2021-07-27 10:59:07,651 [INFO] Received from Frontseat: [b'$BFNVG,145905.93,4218.007969,N,07105.969212,W,0,10.0,1.0,103.1,0.0,0.0,145905.93*55']
2021-07-27 10:59:07,651 [INFO] AUV state: {'position': (42.66288405796513, 13.704464218579233), 'latlon': (42.30013281666667, -71.09948686666667), 'heading': 103.1, 'depth': 1.0, 'altitude': 10.0, 'roll': 0.0, 'pitch': 0.0, 'last_fix_time': datetime.datetime(2021, 7, 27, 14, 59, 5), 'speed': None, 'rudder': 0, 'datum': (42.3, -71.1)}
2021-07-27 10:59:08,702 [INFO] sending message $BPRMB,145908.70,0,,,1000,0,1*7b...
2021-07-27 10:59:08,702 [INFO] sending message $BPSTS,145908.70,1,BWSI Autonomy OK*42
...
2021-07-27 10:59:08,707 [INFO] Processing: $BFNVG,145906.97,4218.007851,N,07105.968445,W,0,10.0,1.0,103.1,0.0,0.0,145906.97*5A
2021-07-27 10:59:08,707 [INFO] Interpreted as: {'position': (43.71125967300031, 13.46008322481066), 'latlon': (42.30013085, -71.09947408333333), 'heading': 103.1, 'depth': 1.0, 'altitude': 10.0, 'roll': 0.0, 'pitch': 0.0, 'last_fix_time': datetime.datetime(2021, 7, 27, 14, 59, 6), 'speed': None, 'rudder': 0, 'datum': (42.3, -71.1)}
2021-07-27 10:59:08,707 [INFO] Received from Frontseat: [b'$BFNVG,145906.97,4218.007851,N,07105.968445,W,0,10.0,1.0,103.1,0.0,0.0,145906.97*5A']
2021-07-27 10:59:08,707 [INFO] AUV state: {'position': (43.71125967300031, 13.46008322481066), 'latlon': (42.30013085, -71.09947408333333), 'heading': 103.1, 'depth': 1.0, 'altitude': 10.0, 'roll': 0.0, 'pitch': 0.0, 'last_fix_time': datetime.datetime(2021, 7, 27, 14, 59, 6), 'speed': None, 'rudder': 0, 'datum': (42.3, -71.1)}
2021-07-27 10:59:09,762 [INFO] sending message $BPRMB,145909.76,0,,,1000,0,1*7c...
2021-07-27 10:59:09,762 [INFO] sending message $BPSTS,145909.76,1,BWSI Autonomy OK*45
...
2021-07-27 10:59:09,762 [INFO] Processing: $BFNVG,145908.02,4218.007733,N,07105.967680,W,0,10.0,1.0,103.1,0.0,0.0,145908.02*55
2021-07-27 10:59:09,762 [INFO] Interpreted as: {'position': (44.75688759924378, 13.215770184062421), 'latlon': (42.300128883333336, -71.09946133333334), 'heading': 103.1, 'depth': 1.0, 'altitude': 10.0, 'roll': 0.0, 'pitch': 0.0, 'last_fix_time': datetime.datetime(2021, 7, 27, 14, 59, 8), 'speed': None, 'rudder': 0, 'datum': (42.3, -71.1)}
2021-07-27 10:59:09,762 [INFO] Received from Frontseat: [b'$BFNVG,145908.02,4218.007733,N,07105.967680,W,0,10.0,1.0,103.1,0.0,0.0,145908.02*55']
2021-07-27 10:59:09,762 [INFO] AUV state: {'position': (44.75688759924378, 13.215770184062421), 'latlon': (42.300128883333336, -71.09946133333334), 'heading': 103.1, 'depth': 1.0, 'altitude': 10.0, 'roll': 0.0, 'pitch': 0.0, 'last_fix_time': datetime.datetime(2021, 7, 27, 14, 59, 8), 'speed': None, 'rudder': 0, 'datum': (42.3, -71.1)}
2021-07-27 10:59:10,820 [INFO] sending message $BPRMB,145910.82,0,,,1000,0,1*7f...
2021-07-27 10:59:10,820 [INFO] sending message $BPSTS,145910.82,1,BWSI Autonomy OK*46
...
2021-07-27 10:59:10,820 [INFO] Processing: $BFNVG,145909.06,4218.007614,N,07105.966912,W,0,10.0,1.0,103.1,0.0,0.0,145909.06*54
2021-07-27 10:59:10,821 [INFO] Interpreted as: {'position': (45.806591559085064, 12.9695049142465), 'latlon': (42.3001269, -71.09944853333333), 'heading': 103.1, 'depth': 1.0, 'altitude': 10.0, 'roll': 0.0, 'pitch': 0.0, 'last_fix_time': datetime.datetime(2021, 7, 27, 14, 59, 9), 'speed': None, 'rudder': 0, 'datum': (42.3, -71.1)}
2021-07-27 10:59:10,821 [INFO] Processing: $BFNVG,145909.41,4218.007576,N,07105.966660,W,0,10.0,1.0,103.1,0.0,0.0,145909.41*59
2021-07-27 10:59:10,821 [INFO] Interpreted as: {'position': (46.15107348706806, 12.890636607073247), 'latlon': (42.300126266666666, -71.09944433333334), 'heading': 103.1, 'depth': 1.0, 'altitude': 10.0, 'roll': 0.0, 'pitch': 0.0, 'last_fix_time': datetime.datetime(2021, 7, 27, 14, 59, 9), 'speed': None, 'rudder': 0, 'datum': (42.3, -71.1)}
2021-07-27 10:59:10,821 [INFO] Received from Frontseat: [b'$BFNVG,145909.06,4218.007614,N,07105.966912,W,0,10.0,1.0,103.1,0.0,0.0,145909.06*54', b'$BFNVG,145909.41,4218.007576,N,07105.966660,W,0,10.0,1.0,103.1,0.0,0.0,145909.41*59']
2021-07-27 10:59:10,821 [INFO] AUV state: {'position': (46.15107348706806, 12.890636607073247), 'latlon': (42.300126266666666, -71.09944433333334), 'heading': 103.1, 'depth': 1.0, 'altitude': 10.0, 'roll': 0.0, 'pitch': 0.0, 'last_fix_time': datetime.datetime(2021, 7, 27, 14, 59, 9), 'speed': None, 'rudder': 0, 'datum': (42.3, -71.1)}
2021-07-27 10:59:11,885 [INFO] sending message $BPRMB,145911.88,0,,,1000,0,1*74...
2021-07-27 10:59:11,885 [INFO] sending message $BPSTS,145911.88,1,BWSI Autonomy OK*4d
...
2021-07-27 10:59:11,885 [INFO] Received from Frontseat: []
2021-07-27 10:59:11,885 [INFO] AUV state: {'position': (46.15107348706806, 12.890636607073247), 'latlon': (42.300126266666666, -71.09944433333334), 'heading': 103.1, 'depth': 1.0, 'altitude': 10.0, 'roll': 0.0, 'pitch': 0.0, 'last_fix_time': datetime.datetime(2021, 7, 27, 14, 59, 9), 'speed': None, 'rudder': 0, 'datum': (42.3, -71.1)}
2021-07-27 10:59:12,936 [INFO] sending message $BPRMB,145912.93,0,,,1000,0,1*7d...
2021-07-27 10:59:12,936 [INFO] sending message $BPSTS,145912.93,1,BWSI Autonomy OK*44
...
2021-07-27 10:59:12,936 [INFO] Processing: $BFNVG,145911.21,4218.007372,N,07105.965339,W,0,10.0,1.0,103.1,0.0,0.0,145911.21*51
2021-07-27 10:59:12,936 [INFO] Interpreted as: {'position': (47.956650495529175, 12.468317924067378), 'latlon': (42.30012286666667, -71.09942231666666), 'heading': 103.1, 'depth': 1.0, 'altitude': 10.0, 'roll': 0.0, 'pitch': 0.0, 'last_fix_time': datetime.datetime(2021, 7, 27, 14, 59, 11), 'speed': None, 'rudder': 0, 'datum': (42.3, -71.1)}
2021-07-27 10:59:12,937 [INFO] Received from Frontseat: [b'$BFNVG,145911.21,4218.007372,N,07105.965339,W,0,10.0,1.0,103.1,0.0,0.0,145911.21*51']
2021-07-27 10:59:12,937 [INFO] AUV state: {'position': (47.956650495529175, 12.468317924067378), 'latlon': (42.30012286666667, -71.09942231666666), 'heading': 103.1, 'depth': 1.0, 'altitude': 10.0, 'roll': 0.0, 'pitch': 0.0, 'last_fix_time': datetime.datetime(2021, 7, 27, 14, 59, 11), 'speed': None, 'rudder': 0, 'datum': (42.3, -71.1)}
2021-07-27 10:59:13,987 [INFO] sending message $BPRMB,145913.98,0,,,1000,0,1*77...
2021-07-27 10:59:13,988 [INFO] sending message $BPSTS,145913.98,1,BWSI Autonomy OK*4e
...
2021-07-27 10:59:13,988 [INFO] Processing: $BFNVG,145912.26,4218.007253,N,07105.964571,W,0,10.0,1.0,103.1,0.0,0.0,145912.26*58
2021-07-27 10:59:13,988 [INFO] Interpreted as: {'position': (49.006354657234624, 12.222053141333163), 'latlon': (42.300120883333335, -71.09940951666667), 'heading': 103.1, 'depth': 1.0, 'altitude': 10.0, 'roll': 0.0, 'pitch': 0.0, 'last_fix_time': datetime.datetime(2021, 7, 27, 14, 59, 12), 'speed': None, 'rudder': 0, 'datum': (42.3, -71.1)}
2021-07-27 10:59:13,988 [INFO] Received from Frontseat: [b'$BFNVG,145912.26,4218.007253,N,07105.964571,W,0,10.0,1.0,103.1,0.0,0.0,145912.26*58']
2021-07-27 10:59:13,988 [INFO] AUV state: {'position': (49.006354657234624, 12.222053141333163), 'latlon': (42.300120883333335, -71.09940951666667), 'heading': 103.1, 'depth': 1.0, 'altitude': 10.0, 'roll': 0.0, 'pitch': 0.0, 'last_fix_time': datetime.datetime(2021, 7, 27, 14, 59, 12), 'speed': None, 'rudder': 0, 'datum': (42.3, -71.1)}
2021-07-27 10:59:15,041 [INFO] sending message $BPRMB,145915.04,0,,,1000,0,1*74...
2021-07-27 10:59:15,041 [INFO] sending message $BPSTS,145915.04,1,BWSI Autonomy OK*4d
...
2021-07-27 10:59:15,041 [INFO] Processing: $BFNVG,145913.30,4218.007135,N,07105.963805,W,0,10.0,1.0,103.1,0.0,0.0,145913.30*52
2021-07-27 10:59:15,041 [INFO] Interpreted as: {'position': (50.05335678724805, 11.977707003243268), 'latlon': (42.30011891666667, -71.09939675), 'heading': 103.1, 'depth': 1.0, 'altitude': 10.0, 'roll': 0.0, 'pitch': 0.0, 'last_fix_time': datetime.datetime(2021, 7, 27, 14, 59, 13), 'speed': None, 'rudder': 0, 'datum': (42.3, -71.1)}
2021-07-27 10:59:15,041 [INFO] Received from Frontseat: [b'$BFNVG,145913.30,4218.007135,N,07105.963805,W,0,10.0,1.0,103.1,0.0,0.0,145913.30*52']
2021-07-27 10:59:15,041 [INFO] AUV state: {'position': (50.05335678724805, 11.977707003243268), 'latlon': (42.30011891666667, -71.09939675), 'heading': 103.1, 'depth': 1.0, 'altitude': 10.0, 'roll': 0.0, 'pitch': 0.0, 'last_fix_time': datetime.datetime(2021, 7, 27, 14, 59, 13), 'speed': None, 'rudder': 0, 'datum': (42.3, -71.1)}
2021-07-27 10:59:16,093 [INFO] sending message $BPRMB,145916.09,0,,,1000,0,1*7a...
2021-07-27 10:59:16,093 [INFO] sending message $BPSTS,145916.09,1,BWSI Autonomy OK*43
...
2021-07-27 10:59:16,093 [INFO] Processing: $BFNVG,145914.36,4218.007016,N,07105.963034,W,0,10.0,1.0,103.1,0.0,0.0,145914.36*58
2021-07-27 10:59:16,093 [INFO] Interpreted as: {'position': (51.1071827095584, 11.731340853497386), 'latlon': (42.300116933333335, -71.0993839), 'heading': 103.1, 'depth': 1.0, 'altitude': 10.0, 'roll': 0.0, 'pitch': 0.0, 'last_fix_time': datetime.datetime(2021, 7, 27, 14, 59, 14), 'speed': None, 'rudder': 0, 'datum': (42.3, -71.1)}
2021-07-27 10:59:16,093 [INFO] Received from Frontseat: [b'$BFNVG,145914.36,4218.007016,N,07105.963034,W,0,10.0,1.0,103.1,0.0,0.0,145914.36*58']
2021-07-27 10:59:16,094 [INFO] AUV state: {'position': (51.1071827095584, 11.731340853497386), 'latlon': (42.300116933333335, -71.0993839), 'heading': 103.1, 'depth': 1.0, 'altitude': 10.0, 'roll': 0.0, 'pitch': 0.0, 'last_fix_time': datetime.datetime(2021, 7, 27, 14, 59, 14), 'speed': None, 'rudder': 0, 'datum': (42.3, -71.1)}
2021-07-27 10:59:17,146 [INFO] sending message $BPRMB,145917.14,0,,,1000,0,1*77...
2021-07-27 10:59:17,146 [INFO] sending message $BPSTS,145917.14,1,BWSI Autonomy OK*4e
...
2021-07-27 10:59:17,146 [INFO] Processing: $BFNVG,145915.40,4218.006898,N,07105.962265,W,0,10.0,1.0,103.1,0.0,0.0,145915.40*50
2021-07-27 10:59:17,147 [INFO] Interpreted as: {'position': (52.158306605997495, 11.48689335025847), 'latlon': (42.30011496666667, -71.09937108333334), 'heading': 103.1, 'depth': 1.0, 'altitude': 10.0, 'roll': 0.0, 'pitch': 0.0, 'last_fix_time': datetime.datetime(2021, 7, 27, 14, 59, 15), 'speed': None, 'rudder': 0, 'datum': (42.3, -71.1)}
2021-07-27 10:59:17,147 [INFO] Received from Frontseat: [b'$BFNVG,145915.40,4218.006898,N,07105.962265,W,0,10.0,1.0,103.1,0.0,0.0,145915.40*50']
2021-07-27 10:59:17,147 [INFO] AUV state: {'position': (52.158306605997495, 11.48689335025847), 'latlon': (42.30011496666667, -71.09937108333334), 'heading': 103.1, 'depth': 1.0, 'altitude': 10.0, 'roll': 0.0, 'pitch': 0.0, 'last_fix_time': datetime.datetime(2021, 7, 27, 14, 59, 15), 'speed': None, 'rudder': 0, 'datum': (42.3, -71.1)}
2021-07-27 10:59:18,202 [INFO] sending message $BPRMB,145918.20,0,,,1000,0,1*7f...
2021-07-27 10:59:18,202 [INFO] sending message $BPSTS,145918.20,1,BWSI Autonomy OK*46
...
2021-07-27 10:59:18,203 [INFO] Processing: $BFNVG,145916.45,4218.006780,N,07105.961498,W,0,10.0,1.0,103.1,0.0,0.0,145916.45*51
2021-07-27 10:59:18,203 [INFO] Interpreted as: {'position': (53.20668280881364, 11.242513796314597), 'latlon': (42.300113, -71.0993583), 'heading': 103.1, 'depth': 1.0, 'altitude': 10.0, 'roll': 0.0, 'pitch': 0.0, 'last_fix_time': datetime.datetime(2021, 7, 27, 14, 59, 16), 'speed': None, 'rudder': 0, 'datum': (42.3, -71.1)}
2021-07-27 10:59:18,203 [INFO] Processing: $BFNVG,145916.80,4218.006740,N,07105.961245,W,0,10.0,1.0,103.1,0.0,0.0,145916.80*5B
2021-07-27 10:59:18,203 [INFO] Interpreted as: {'position': (53.55244744743686, 11.159910567104816), 'latlon': (42.30011233333333, -71.09935408333334), 'heading': 103.1, 'depth': 1.0, 'altitude': 10.0, 'roll': 0.0, 'pitch': 0.0, 'last_fix_time': datetime.datetime(2021, 7, 27, 14, 59, 16), 'speed': None, 'rudder': 0, 'datum': (42.3, -71.1)}
2021-07-27 10:59:18,203 [INFO] Received from Frontseat: [b'$BFNVG,145916.45,4218.006780,N,07105.961498,W,0,10.0,1.0,103.1,0.0,0.0,145916.45*51', b'$BFNVG,145916.80,4218.006740,N,07105.961245,W,0,10.0,1.0,103.1,0.0,0.0,145916.80*5B']
2021-07-27 10:59:18,203 [INFO] AUV state: {'position': (53.55244744743686, 11.159910567104816), 'latlon': (42.30011233333333, -71.09935408333334), 'heading': 103.1, 'depth': 1.0, 'altitude': 10.0, 'roll': 0.0, 'pitch': 0.0, 'last_fix_time': datetime.datetime(2021, 7, 27, 14, 59, 16), 'speed': None, 'rudder': 0, 'datum': (42.3, -71.1)}
2021-07-27 10:59:19,263 [INFO] sending message $BPRMB,145919.26,0,,,1000,0,1*78...
2021-07-27 10:59:19,264 [INFO] sending message $BPSTS,145919.26,1,BWSI Autonomy OK*41
...
2021-07-27 10:59:19,264 [INFO] Processing: $BFNVG,145917.82,4218.006624,N,07105.960493,W,0,10.0,1.0,103.1,0.0,0.0,145917.82*54
2021-07-27 10:59:19,264 [INFO] Interpreted as: {'position': (54.5803068925743, 10.919741034507751), 'latlon': (42.3001104, -71.09934155), 'heading': 103.1, 'depth': 1.0, 'altitude': 10.0, 'roll': 0.0, 'pitch': 0.0, 'last_fix_time': datetime.datetime(2021, 7, 27, 14, 59, 17), 'speed': None, 'rudder': 0, 'datum': (42.3, -71.1)}
2021-07-27 10:59:19,264 [INFO] Received from Frontseat: [b'$BFNVG,145917.82,4218.006624,N,07105.960493,W,0,10.0,1.0,103.1,0.0,0.0,145917.82*54']
2021-07-27 10:59:19,264 [INFO] AUV state: {'position': (54.5803068925743, 10.919741034507751), 'latlon': (42.3001104, -71.09934155), 'heading': 103.1, 'depth': 1.0, 'altitude': 10.0, 'roll': 0.0, 'pitch': 0.0, 'last_fix_time': datetime.datetime(2021, 7, 27, 14, 59, 17), 'speed': None, 'rudder': 0, 'datum': (42.3, -71.1)}
2021-07-27 10:59:20,308 [INFO] sending message $BPRMB,145920.30,0,,,1000,0,1*75...
2021-07-27 10:59:20,308 [INFO] sending message $BPSTS,145920.30,1,BWSI Autonomy OK*4c
...
2021-07-27 10:59:20,308 [INFO] Received from Frontseat: []
2021-07-27 10:59:20,308 [INFO] AUV state: {'position': (54.5803068925743, 10.919741034507751), 'latlon': (42.3001104, -71.09934155), 'heading': 103.1, 'depth': 1.0, 'altitude': 10.0, 'roll': 0.0, 'pitch': 0.0, 'last_fix_time': datetime.datetime(2021, 7, 27, 14, 59, 17), 'speed': None, 'rudder': 0, 'datum': (42.3, -71.1)}
2021-07-27 10:59:21,352 [INFO] sending message $BPRMB,145921.35,0,,,1000,0,1*71...
2021-07-27 10:59:21,352 [INFO] sending message $BPSTS,145921.35,1,BWSI Autonomy OK*48
...
2021-07-27 10:59:21,352 [INFO] Received from Frontseat: []
2021-07-27 10:59:21,352 [INFO] AUV state: {'position': (54.5803068925743, 10.919741034507751), 'latlon': (42.3001104, -71.09934155), 'heading': 103.1, 'depth': 1.0, 'altitude': 10.0, 'roll': 0.0, 'pitch': 0.0, 'last_fix_time': datetime.datetime(2021, 7, 27, 14, 59, 17), 'speed': None, 'rudder': 0, 'datum': (42.3, -71.1)}
2021-07-27 10:59:22,396 [INFO] sending message $BPRMB,145922.39,0,,,1000,0,1*7e...
2021-07-27 10:59:22,396 [INFO] sending message $BPSTS,145922.39,1,BWSI Autonomy OK*47
...
2021-07-27 10:59:22,396 [INFO] Received from Frontseat: []
2021-07-27 10:59:22,396 [INFO] AUV state: {'position': (54.5803068925743, 10.919741034507751), 'latlon': (42.3001104, -71.09934155), 'heading': 103.1, 'depth': 1.0, 'altitude': 10.0, 'roll': 0.0, 'pitch': 0.0, 'last_fix_time': datetime.datetime(2021, 7, 27, 14, 59, 17), 'speed': None, 'rudder': 0, 'datum': (42.3, -71.1)}
2021-07-27 10:59:23,439 [INFO] sending message $BPRMB,145923.43,0,,,1000,0,1*72...
2021-07-27 10:59:23,440 [INFO] sending message $BPSTS,145923.43,1,BWSI Autonomy OK*4b
...
2021-07-27 10:59:23,440 [INFO] Received from Frontseat: []
2021-07-27 10:59:23,440 [INFO] AUV state: {'position': (54.5803068925743, 10.919741034507751), 'latlon': (42.3001104, -71.09934155), 'heading': 103.1, 'depth': 1.0, 'altitude': 10.0, 'roll': 0.0, 'pitch': 0.0, 'last_fix_time': datetime.datetime(2021, 7, 27, 14, 59, 17), 'speed': None, 'rudder': 0, 'datum': (42.3, -71.1)}
2021-07-27 10:59:23,738 [ERROR] An error occurred. The stack trace is below.
Traceback (most recent call last):
  File "BWSI_BackSeat.py", line 124, in run
    time.sleep(1/self.__warp)
KeyboardInterrupt
