2021-07-27 11:26:36,571 [INFO] host = localhost, port = 29500
2021-07-27 11:26:45,583 [INFO] sending message $BPLOG,ACK,ON*1e
...
2021-07-27 11:26:45,583 [INFO] sending message $BPLOG,ALL,ON*16
...
2021-07-27 11:26:45,583 [INFO] sending message $BPSTS,152645.58,1,BWSI Autonomy OK*48
...
2021-07-27 11:26:45,583 [INFO] Received from Frontseat: []
2021-07-27 11:26:45,583 [INFO] AUV state: {'position': (None, None), 'latlon': None, 'heading': None, 'depth': None, 'altitude': None, 'roll': None, 'pitch': None, 'last_fix_time': None, 'speed': None, 'rudder': 0}
2021-07-27 11:26:46,584 [INFO] sending message $BPSTS,152646.58,1,BWSI Autonomy OK*4b
...
2021-07-27 11:26:46,584 [INFO] Processing: $BFNVG,152644.80,4218.000000,N,07106.000000,W,0,10.0,1.0,45.0,0.0,0.0,152644.80*62
2021-07-27 11:26:46,584 [INFO] Interpreted as: {'position': (0, 0), 'latlon': (42.3, -71.1), 'heading': 45.0, 'depth': 1.0, 'altitude': 10.0, 'roll': 0.0, 'pitch': 0.0, 'last_fix_time': datetime.datetime(2021, 7, 27, 15, 26, 44), 'speed': None, 'rudder': 0, 'datum': (42.3, -71.1)}
2021-07-27 11:26:46,584 [INFO] Processing: $BFNVG,152645.05,4218.000000,N,07106.000000,W,0,10.0,1.0,45.0,0.0,0.0,152645.05*62
2021-07-27 11:26:46,585 [INFO] Interpreted as: {'position': (0.0, 0.0), 'latlon': (42.3, -71.1), 'heading': 45.0, 'depth': 1.0, 'altitude': 10.0, 'roll': 0.0, 'pitch': 0.0, 'last_fix_time': datetime.datetime(2021, 7, 27, 15, 26, 45), 'speed': None, 'rudder': 0, 'datum': (42.3, -71.1)}
2021-07-27 11:26:46,585 [INFO] Processing: $BFNVG,152645.30,4218.000000,N,07106.000000,W,0,10.0,1.0,45.0,0.0,0.0,152645.30*62
2021-07-27 11:26:46,585 [INFO] Interpreted as: {'position': (0.0, 0.0), 'latlon': (42.3, -71.1), 'heading': 45.0, 'depth': 1.0, 'altitude': 10.0, 'roll': 0.0, 'pitch': 0.0, 'last_fix_time': datetime.datetime(2021, 7, 27, 15, 26, 45), 'speed': None, 'rudder': 0, 'datum': (42.3, -71.1)}
2021-07-27 11:26:46,585 [INFO] Processing: $BFNVG,152645.55,4218.000000,N,07106.000000,W,0,10.0,1.0,45.0,0.0,0.0,152645.55*62
2021-07-27 11:26:46,585 [INFO] Interpreted as: {'position': (0.0, 0.0), 'latlon': (42.3, -71.1), 'heading': 45.0, 'depth': 1.0, 'altitude': 10.0, 'roll': 0.0, 'pitch': 0.0, 'last_fix_time': datetime.datetime(2021, 7, 27, 15, 26, 45), 'speed': None, 'rudder': 0, 'datum': (42.3, -71.1)}
2021-07-27 11:26:46,585 [INFO] Processing: $BFNVG,152645.80,4218.000000,N,07106.000000,W,0,10.0,1.0,45.0,0.0,0.0,152645.80*62
2021-07-27 11:26:46,585 [INFO] Interpreted as: {'position': (0.0, 0.0), 'latlon': (42.3, -71.1), 'heading': 45.0, 'depth': 1.0, 'altitude': 10.0, 'roll': 0.0, 'pitch': 0.0, 'last_fix_time': datetime.datetime(2021, 7, 27, 15, 26, 45), 'speed': None, 'rudder': 0, 'datum': (42.3, -71.1)}
2021-07-27 11:26:46,585 [INFO] Received from Frontseat: [b'$BFNVG,152644.80,4218.000000,N,07106.000000,W,0,10.0,1.0,45.0,0.0,0.0,152644.80*62', b'$BFNVG,152645.05,4218.000000,N,07106.000000,W,0,10.0,1.0,45.0,0.0,0.0,152645.05*62', b'$BFNVG,152645.30,4218.000000,N,07106.000000,W,0,10.0,1.0,45.0,0.0,0.0,152645.30*62', b'$BFNVG,152645.55,4218.000000,N,07106.000000,W,0,10.0,1.0,45.0,0.0,0.0,152645.55*62', b'$BFNVG,152645.80,4218.000000,N,07106.000000,W,0,10.0,1.0,45.0,0.0,0.0,152645.80*62']
2021-07-27 11:26:46,585 [INFO] AUV state: {'position': (0.0, 0.0), 'latlon': (42.3, -71.1), 'heading': 45.0, 'depth': 1.0, 'altitude': 10.0, 'roll': 0.0, 'pitch': 0.0, 'last_fix_time': datetime.datetime(2021, 7, 27, 15, 26, 45), 'speed': None, 'rudder': 0, 'datum': (42.3, -71.1)}
2021-07-27 11:26:46,644 [INFO] **** [(-0.21993023293121178, -7.6862156757158235)] [(15.437560812208067, -7.329055330858309)]
2021-07-27 11:26:46,645 [INFO] Next green buoy: [(-0.21993023293121178, -7.6862156757158235)], next red buoy: [(15.437560812208067, -7.329055330858309)]
2021-07-27 11:26:46,645 [ERROR] An error occurred. The stack trace is below.
Traceback (most recent call last):
  File "BWSI_BackSeat.py", line 122, in run
    cmd = self.format_command(rudder_angle, speed)
  File "BWSI_BackSeat.py", line 171, in format_command
    cmd = f"BPRMB,{hhmmss},{-new_rudder},,,{speed},0,1"
NameError: name 'new_rudder' is not defined
