2021-07-27 10:53:25,577 [INFO] host = localhost, port = 29500
2021-07-27 10:53:33,588 [INFO] sending message $BPLOG,ALL,ON*16
...
2021-07-27 10:53:33,589 [INFO] sending message $BPSTS,145333.58,1,BWSI Autonomy OK*4a
...
2021-07-27 10:53:33,589 [INFO] Received from Frontseat: []
2021-07-27 10:53:33,589 [INFO] AUV state: {'position': (None, None), 'latlon': None, 'heading': None, 'depth': None, 'altitude': None, 'roll': None, 'pitch': None, 'last_fix_time': None, 'speed': None, 'rudder': 0}
2021-07-27 10:53:34,590 [INFO] sending message $BPRMB,145334.59,,,,1000,0,1*45...
2021-07-27 10:53:34,590 [INFO] sending message $BPSTS,145334.59,1,BWSI Autonomy OK*4c
...
2021-07-27 10:53:34,590 [INFO] Received from Frontseat: []
2021-07-27 10:53:34,590 [INFO] AUV state: {'position': (None, None), 'latlon': None, 'heading': None, 'depth': None, 'altitude': None, 'roll': None, 'pitch': None, 'last_fix_time': None, 'speed': None, 'rudder': 0}
2021-07-27 10:53:35,591 [INFO] sending message $BPRMB,145335.59,,,,1000,0,1*44...
2021-07-27 10:53:35,591 [INFO] sending message $BPSTS,145335.59,1,BWSI Autonomy OK*4d
...
2021-07-27 10:53:35,591 [INFO] Processing: $BFNVG,145333.71,4218.000000,N,07106.000000,W,0,10.0,1.0,45.0,0.0,0.0,145333.71*62
2021-07-27 10:53:35,592 [INFO] Interpreted as: {'position': (0, 0), 'latlon': (42.3, -71.1), 'heading': 45.0, 'depth': 1.0, 'altitude': 10.0, 'roll': 0.0, 'pitch': 0.0, 'last_fix_time': datetime.datetime(2021, 7, 27, 14, 53, 33), 'speed': None, 'rudder': 0, 'datum': (42.3, -71.1)}
2021-07-27 10:53:35,592 [INFO] Processing: $BFNVG,145334.09,4218.000000,N,07106.000000,W,0,10.0,1.0,45.0,0.0,0.0,145334.09*62
2021-07-27 10:53:35,592 [INFO] Interpreted as: {'position': (0.0, 0.0), 'latlon': (42.3, -71.1), 'heading': 45.0, 'depth': 1.0, 'altitude': 10.0, 'roll': 0.0, 'pitch': 0.0, 'last_fix_time': datetime.datetime(2021, 7, 27, 14, 53, 34), 'speed': None, 'rudder': 0, 'datum': (42.3, -71.1)}
2021-07-27 10:53:35,592 [INFO] Received from Frontseat: [b'$BFNVG,145333.71,4218.000000,N,07106.000000,W,0,10.0,1.0,45.0,0.0,0.0,145333.71*62', b'$BFNVG,145334.09,4218.000000,N,07106.000000,W,0,10.0,1.0,45.0,0.0,0.0,145334.09*62']
2021-07-27 10:53:35,592 [INFO] AUV state: {'position': (0.0, 0.0), 'latlon': (42.3, -71.1), 'heading': 45.0, 'depth': 1.0, 'altitude': 10.0, 'roll': 0.0, 'pitch': 0.0, 'last_fix_time': datetime.datetime(2021, 7, 27, 14, 53, 34), 'speed': None, 'rudder': 0, 'datum': (42.3, -71.1)}
2021-07-27 10:53:35,644 [ERROR] An error occurred. The stack trace is below.
Traceback (most recent call last):
  File "BWSI_BackSeat.py", line 114, in run
    green, red = self.__buoy_detector.run(self.__auv_state)
  File "/home/steven/Baygulls/ChallengeCode/Image_Processor.py", line 171, in run
    g_centers, r_centers, green, red = ImageProcessor.detect_buoys(image)
  File "/home/steven/Baygulls/ChallengeCode/Image_Processor.py", line 119, in detect_buoys
    g_angles = ImageProcessor.find_angles(g_centers[:, 0], (res[1], res[0])) # pass in resolution of image to calculate angles
  File "/home/steven/Baygulls/ChallengeCode/Image_Processor.py", line 94, in find_angles
    angle_for_center = ImageProcessor.get_angles(sensor_position(center[0], center[1], res[0], res[1]))
NameError: name 'sensor_position' is not defined
