2021-07-27 10:55:11,850 [INFO] host = localhost, port = 29500
2021-07-27 10:55:14,855 [INFO] sending message $BPLOG,ALL,ON*16
...
2021-07-27 10:55:14,855 [INFO] sending message $BPSTS,145514.85,1,BWSI Autonomy OK*49
...
2021-07-27 10:55:14,855 [INFO] Received from Frontseat: []
2021-07-27 10:55:14,856 [INFO] AUV state: {'position': (None, None), 'latlon': None, 'heading': None, 'depth': None, 'altitude': None, 'roll': None, 'pitch': None, 'last_fix_time': None, 'speed': None, 'rudder': 0}
2021-07-27 10:55:15,857 [INFO] sending message $BPRMB,145515.85,,,,1000,0,1*41...
2021-07-27 10:55:15,857 [INFO] sending message $BPSTS,145515.85,1,BWSI Autonomy OK*48
...
2021-07-27 10:55:15,862 [INFO] Processing: $BFNVG,145514.34,4218.000000,N,07106.000000,W,0,10.0,1.0,45.0,0.0,0.0,145514.34*62
2021-07-27 10:55:15,862 [INFO] Interpreted as: {'position': (0, 0), 'latlon': (42.3, -71.1), 'heading': 45.0, 'depth': 1.0, 'altitude': 10.0, 'roll': 0.0, 'pitch': 0.0, 'last_fix_time': datetime.datetime(2021, 7, 27, 14, 55, 14), 'speed': None, 'rudder': 0, 'datum': (42.3, -71.1)}
2021-07-27 10:55:15,862 [INFO] Received from Frontseat: [b'$BFNVG,145514.34,4218.000000,N,07106.000000,W,0,10.0,1.0,45.0,0.0,0.0,145514.34*62']
2021-07-27 10:55:15,862 [INFO] AUV state: {'position': (0, 0), 'latlon': (42.3, -71.1), 'heading': 45.0, 'depth': 1.0, 'altitude': 10.0, 'roll': 0.0, 'pitch': 0.0, 'last_fix_time': datetime.datetime(2021, 7, 27, 14, 55, 14), 'speed': None, 'rudder': 0, 'datum': (42.3, -71.1)}
2021-07-27 10:55:16,921 [INFO] sending message $BPRMB,145516.92,-15,,,1000,0,1*6d...
2021-07-27 10:55:16,921 [INFO] sending message $BPSTS,145516.92,1,BWSI Autonomy OK*4d
...
2021-07-27 10:55:16,921 [INFO] Processing: $BFNVG,145515.09,4218.000000,N,07106.000000,W,0,10.0,1.0,45.0,0.0,0.0,145515.09*62
2021-07-27 10:55:16,921 [INFO] Interpreted as: {'position': (0.0, 0.0), 'latlon': (42.3, -71.1), 'heading': 45.0, 'depth': 1.0, 'altitude': 10.0, 'roll': 0.0, 'pitch': 0.0, 'last_fix_time': datetime.datetime(2021, 7, 27, 14, 55, 15), 'speed': None, 'rudder': -15, 'datum': (42.3, -71.1)}
2021-07-27 10:55:16,921 [INFO] Processing: $BFNVG,145515.47,4218.000000,N,07106.000000,W,0,10.0,1.0,45.0,0.0,0.0,145515.47*62
2021-07-27 10:55:16,922 [INFO] Interpreted as: {'position': (0.0, 0.0), 'latlon': (42.3, -71.1), 'heading': 45.0, 'depth': 1.0, 'altitude': 10.0, 'roll': 0.0, 'pitch': 0.0, 'last_fix_time': datetime.datetime(2021, 7, 27, 14, 55, 15), 'speed': None, 'rudder': -15, 'datum': (42.3, -71.1)}
2021-07-27 10:55:16,922 [INFO] Received from Frontseat: [b'$BFNVG,145515.09,4218.000000,N,07106.000000,W,0,10.0,1.0,45.0,0.0,0.0,145515.09*62', b'$BFNVG,145515.47,4218.000000,N,07106.000000,W,0,10.0,1.0,45.0,0.0,0.0,145515.47*62']
2021-07-27 10:55:16,922 [INFO] AUV state: {'position': (0.0, 0.0), 'latlon': (42.3, -71.1), 'heading': 45.0, 'depth': 1.0, 'altitude': 10.0, 'roll': 0.0, 'pitch': 0.0, 'last_fix_time': datetime.datetime(2021, 7, 27, 14, 55, 15), 'speed': None, 'rudder': -15, 'datum': (42.3, -71.1)}
2021-07-27 10:55:17,970 [INFO] sending message $BPRMB,145517.97,0,,,1000,0,1*70...
2021-07-27 10:55:17,970 [INFO] sending message $BPSTS,145517.97,1,BWSI Autonomy OK*49
...
2021-07-27 10:55:17,970 [INFO] Processing: $BFNVG,145516.49,4218.000136,N,07105.999825,W,0,10.0,1.0,45.0,0.0,0.0,145516.49*63
2021-07-27 10:55:17,971 [INFO] Interpreted as: {'position': (0.24664036592002958, 0.24576142989099026), 'latlon': (42.30000226666667, -71.09999708333334), 'heading': 45.0, 'depth': 1.0, 'altitude': 10.0, 'roll': 0.0, 'pitch': 0.0, 'last_fix_time': datetime.datetime(2021, 7, 27, 14, 55, 16), 'speed': None, 'rudder': -15, 'datum': (42.3, -71.1)}
2021-07-27 10:55:17,971 [INFO] Received from Frontseat: [b'$BFNVG,145516.49,4218.000136,N,07105.999825,W,0,10.0,1.0,45.0,0.0,0.0,145516.49*63']
2021-07-27 10:55:17,971 [INFO] AUV state: {'position': (0.24664036592002958, 0.24576142989099026), 'latlon': (42.30000226666667, -71.09999708333334), 'heading': 45.0, 'depth': 1.0, 'altitude': 10.0, 'roll': 0.0, 'pitch': 0.0, 'last_fix_time': datetime.datetime(2021, 7, 27, 14, 55, 16), 'speed': None, 'rudder': -15, 'datum': (42.3, -71.1)}
2021-07-27 10:55:19,032 [INFO] sending message $BPRMB,145519.03,0,,,1000,0,1*73...
2021-07-27 10:55:19,033 [INFO] sending message $BPSTS,145519.03,1,BWSI Autonomy OK*4a
...
2021-07-27 10:55:19,033 [INFO] Processing: $BFNVG,145517.51,4218.000543,N,07105.999300,W,0,10.0,1.0,46.3,0.0,0.0,145517.51*69
2021-07-27 10:55:19,033 [INFO] Interpreted as: {'position': (0.9865156913874671, 0.981195067986846), 'latlon': (42.30000905, -71.09998833333333), 'heading': 46.3, 'depth': 1.0, 'altitude': 10.0, 'roll': 0.0, 'pitch': 0.0, 'last_fix_time': datetime.datetime(2021, 7, 27, 14, 55, 17), 'speed': None, 'rudder': -15, 'datum': (42.3, -71.1)}
2021-07-27 10:55:19,033 [INFO] Received from Frontseat: [b'$BFNVG,145517.51,4218.000543,N,07105.999300,W,0,10.0,1.0,46.3,0.0,0.0,145517.51*69']
2021-07-27 10:55:19,033 [INFO] AUV state: {'position': (0.9865156913874671, 0.981195067986846), 'latlon': (42.30000905, -71.09998833333333), 'heading': 46.3, 'depth': 1.0, 'altitude': 10.0, 'roll': 0.0, 'pitch': 0.0, 'last_fix_time': datetime.datetime(2021, 7, 27, 14, 55, 17), 'speed': None, 'rudder': -15, 'datum': (42.3, -71.1)}
2021-07-27 10:55:20,084 [INFO] sending message $BPRMB,145520.08,0,,,1000,0,1*72...
2021-07-27 10:55:20,084 [INFO] sending message $BPSTS,145520.08,1,BWSI Autonomy OK*4b
...
2021-07-27 10:55:20,084 [INFO] Processing: $BFNVG,145518.52,4218.000929,N,07105.998746,W,0,10.0,1.0,50.1,0.0,0.0,145518.52*6B
2021-07-27 10:55:20,085 [INFO] Interpreted as: {'position': (1.765274265781045, 1.6767809055745602), 'latlon': (42.30001548333333, -71.0999791), 'heading': 50.1, 'depth': 1.0, 'altitude': 10.0, 'roll': 0.0, 'pitch': 0.0, 'last_fix_time': datetime.datetime(2021, 7, 27, 14, 55, 18), 'speed': None, 'rudder': -15, 'datum': (42.3, -71.1)}
2021-07-27 10:55:20,085 [INFO] Received from Frontseat: [b'$BFNVG,145518.52,4218.000929,N,07105.998746,W,0,10.0,1.0,50.1,0.0,0.0,145518.52*6B']
2021-07-27 10:55:20,085 [INFO] AUV state: {'position': (1.765274265781045, 1.6767809055745602), 'latlon': (42.30001548333333, -71.0999791), 'heading': 50.1, 'depth': 1.0, 'altitude': 10.0, 'roll': 0.0, 'pitch': 0.0, 'last_fix_time': datetime.datetime(2021, 7, 27, 14, 55, 18), 'speed': None, 'rudder': -15, 'datum': (42.3, -71.1)}
2021-07-27 10:55:21,138 [INFO] sending message $BPRMB,145521.13,0,,,1000,0,1*79...
2021-07-27 10:55:21,138 [INFO] sending message $BPSTS,145521.13,1,BWSI Autonomy OK*40
...
2021-07-27 10:55:21,139 [INFO] Processing: $BFNVG,145519.53,4218.001286,N,07105.998162,W,0,10.0,1.0,53.9,0.0,0.0,145519.53*6F
2021-07-27 10:55:21,139 [INFO] Interpreted as: {'position': (2.583924594684504, 2.3176794704049826), 'latlon': (42.300021433333335, -71.09996936666667), 'heading': 53.9, 'depth': 1.0, 'altitude': 10.0, 'roll': 0.0, 'pitch': 0.0, 'last_fix_time': datetime.datetime(2021, 7, 27, 14, 55, 19), 'speed': None, 'rudder': -15, 'datum': (42.3, -71.1)}
2021-07-27 10:55:21,139 [INFO] Received from Frontseat: [b'$BFNVG,145519.53,4218.001286,N,07105.998162,W,0,10.0,1.0,53.9,0.0,0.0,145519.53*6F']
2021-07-27 10:55:21,139 [INFO] AUV state: {'position': (2.583924594684504, 2.3176794704049826), 'latlon': (42.300021433333335, -71.09996936666667), 'heading': 53.9, 'depth': 1.0, 'altitude': 10.0, 'roll': 0.0, 'pitch': 0.0, 'last_fix_time': datetime.datetime(2021, 7, 27, 14, 55, 19), 'speed': None, 'rudder': -15, 'datum': (42.3, -71.1)}
2021-07-27 10:55:22,190 [INFO] sending message $BPRMB,145522.19,15,,,1000,0,1*44...
2021-07-27 10:55:22,191 [INFO] sending message $BPSTS,145522.19,1,BWSI Autonomy OK*49
...
2021-07-27 10:55:22,191 [INFO] Processing: $BFNVG,145520.55,4218.001616,N,07105.997542,W,0,10.0,1.0,57.7,0.0,0.0,145520.55*61
2021-07-27 10:55:22,191 [INFO] Interpreted as: {'position': (3.4508013044833206, 2.907388748601079), 'latlon': (42.300026933333335, -71.09995903333333), 'heading': 57.7, 'depth': 1.0, 'altitude': 10.0, 'roll': 0.0, 'pitch': 0.0, 'last_fix_time': datetime.datetime(2021, 7, 27, 14, 55, 20), 'speed': None, 'rudder': 0, 'datum': (42.3, -71.1)}
2021-07-27 10:55:22,191 [INFO] Received from Frontseat: [b'$BFNVG,145520.55,4218.001616,N,07105.997542,W,0,10.0,1.0,57.7,0.0,0.0,145520.55*61']
2021-07-27 10:55:22,191 [INFO] AUV state: {'position': (3.4508013044833206, 2.907388748601079), 'latlon': (42.300026933333335, -71.09995903333333), 'heading': 57.7, 'depth': 1.0, 'altitude': 10.0, 'roll': 0.0, 'pitch': 0.0, 'last_fix_time': datetime.datetime(2021, 7, 27, 14, 55, 20), 'speed': None, 'rudder': 0, 'datum': (42.3, -71.1)}
2021-07-27 10:55:23,246 [INFO] sending message $BPRMB,145523.24,10,,,1000,0,1*4e...
2021-07-27 10:55:23,246 [INFO] sending message $BPSTS,145523.24,1,BWSI Autonomy OK*46
...
2021-07-27 10:55:23,246 [INFO] Processing: $BFNVG,145521.56,4218.001912,N,07105.996899,W,0,10.0,1.0,61.5,0.0,0.0,145521.56*67
2021-07-27 10:55:23,247 [INFO] Interpreted as: {'position': (4.347724272403866, 3.4333946323022246), 'latlon': (42.300031866666664, -71.09994831666667), 'heading': 61.5, 'depth': 1.0, 'altitude': 10.0, 'roll': 0.0, 'pitch': 0.0, 'last_fix_time': datetime.datetime(2021, 7, 27, 14, 55, 21), 'speed': None, 'rudder': 10, 'datum': (42.3, -71.1)}
2021-07-27 10:55:23,247 [INFO] Received from Frontseat: [b'$BFNVG,145521.56,4218.001912,N,07105.996899,W,0,10.0,1.0,61.5,0.0,0.0,145521.56*67']
2021-07-27 10:55:23,247 [INFO] AUV state: {'position': (4.347724272403866, 3.4333946323022246), 'latlon': (42.300031866666664, -71.09994831666667), 'heading': 61.5, 'depth': 1.0, 'altitude': 10.0, 'roll': 0.0, 'pitch': 0.0, 'last_fix_time': datetime.datetime(2021, 7, 27, 14, 55, 21), 'speed': None, 'rudder': 10, 'datum': (42.3, -71.1)}
2021-07-27 10:55:23,299 [ERROR] An error occurred. The stack trace is below.
Traceback (most recent call last):
  File "BWSI_BackSeat.py", line 114, in run
    green, red = self.__buoy_detector.run(self.__auv_state)
  File "/home/steven/Baygulls/ChallengeCode/Image_Processor.py", line 171, in run
    g_centers, r_centers, green, red = ImageProcessor.detect_buoys(image)
  File "/home/steven/Baygulls/ChallengeCode/Image_Processor.py", line 119, in detect_buoys
    g_angles = ImageProcessor.find_angles(g_centers[:, 0], (res[1], res[0])) # pass in resolution of image to calculate angles
IndexError: too many indices for array: array is 1-dimensional, but 2 were indexed
