2021-07-27 11:29:16,329 [INFO] host = localhost, port = 29500
2021-07-27 11:29:16,330 [INFO] sending message $BPLOG,ACK,ON*1e
...
2021-07-27 11:29:16,331 [INFO] sending message $BPLOG,ALL,ON*16
...
2021-07-27 11:29:16,331 [INFO] sending message $BPSTS,152916.33,1,BWSI Autonomy OK*4c
...
2021-07-27 11:29:16,331 [INFO] Received from Frontseat: []
2021-07-27 11:29:16,331 [INFO] AUV state: {'position': (None, None), 'latlon': None, 'heading': None, 'depth': None, 'altitude': None, 'roll': None, 'pitch': None, 'last_fix_time': None, 'speed': None, 'rudder': 0}
2021-07-27 11:29:17,332 [INFO] sending message $BPSTS,152917.33,1,BWSI Autonomy OK*4d
...
2021-07-27 11:29:17,332 [INFO] Processing: $BFNVG,152913.35,4218.000000,N,07106.000000,W,0,10.0,1.0,45.0,0.0,0.0,152913.35*62
2021-07-27 11:29:17,333 [INFO] Interpreted as: {'position': (0, 0), 'latlon': (42.3, -71.1), 'heading': 45.0, 'depth': 1.0, 'altitude': 10.0, 'roll': 0.0, 'pitch': 0.0, 'last_fix_time': datetime.datetime(2021, 7, 27, 15, 29, 13), 'speed': None, 'rudder': 0, 'datum': (42.3, -71.1)}
2021-07-27 11:29:17,333 [INFO] Processing: $BFNVG,152913.68,4218.000000,N,07106.000000,W,0,10.0,1.0,45.0,0.0,0.0,152913.68*62
2021-07-27 11:29:17,333 [INFO] Interpreted as: {'position': (0.0, 0.0), 'latlon': (42.3, -71.1), 'heading': 45.0, 'depth': 1.0, 'altitude': 10.0, 'roll': 0.0, 'pitch': 0.0, 'last_fix_time': datetime.datetime(2021, 7, 27, 15, 29, 13), 'speed': None, 'rudder': 0, 'datum': (42.3, -71.1)}
2021-07-27 11:29:17,333 [INFO] Processing: $BFNVG,152914.01,4218.000000,N,07106.000000,W,0,10.0,1.0,45.0,0.0,0.0,152914.01*62
2021-07-27 11:29:17,333 [INFO] Interpreted as: {'position': (0.0, 0.0), 'latlon': (42.3, -71.1), 'heading': 45.0, 'depth': 1.0, 'altitude': 10.0, 'roll': 0.0, 'pitch': 0.0, 'last_fix_time': datetime.datetime(2021, 7, 27, 15, 29, 14), 'speed': None, 'rudder': 0, 'datum': (42.3, -71.1)}
2021-07-27 11:29:17,333 [INFO] Processing: $BFNVG,152914.33,4218.000000,N,07106.000000,W,0,10.0,1.0,45.0,0.0,0.0,152914.33*62
2021-07-27 11:29:17,333 [INFO] Interpreted as: {'position': (0.0, 0.0), 'latlon': (42.3, -71.1), 'heading': 45.0, 'depth': 1.0, 'altitude': 10.0, 'roll': 0.0, 'pitch': 0.0, 'last_fix_time': datetime.datetime(2021, 7, 27, 15, 29, 14), 'speed': None, 'rudder': 0, 'datum': (42.3, -71.1)}
2021-07-27 11:29:17,333 [INFO] Processing: $BFNVG,152914.66,4218.000000,N,07106.000000,W,0,10.0,1.0,45.0,0.0,0.0,152914.66*62
2021-07-27 11:29:17,333 [INFO] Interpreted as: {'position': (0.0, 0.0), 'latlon': (42.3, -71.1), 'heading': 45.0, 'depth': 1.0, 'altitude': 10.0, 'roll': 0.0, 'pitch': 0.0, 'last_fix_time': datetime.datetime(2021, 7, 27, 15, 29, 14), 'speed': None, 'rudder': 0, 'datum': (42.3, -71.1)}
2021-07-27 11:29:17,333 [INFO] Processing: $BFNVG,152914.99,4218.000000,N,07106.000000,W,0,10.0,1.0,45.0,0.0,0.0,152914.99*62
2021-07-27 11:29:17,334 [INFO] Interpreted as: {'position': (0.0, 0.0), 'latlon': (42.3, -71.1), 'heading': 45.0, 'depth': 1.0, 'altitude': 10.0, 'roll': 0.0, 'pitch': 0.0, 'last_fix_time': datetime.datetime(2021, 7, 27, 15, 29, 14), 'speed': None, 'rudder': 0, 'datum': (42.3, -71.1)}
2021-07-27 11:29:17,334 [INFO] Processing: $BFNVG,152915.32,4218.000000,N,07106.000000,W,0,10.0,1.0,45.0,0.0,0.0,152915.32*62
2021-07-27 11:29:17,334 [INFO] Interpreted as: {'position': (0.0, 0.0), 'latlon': (42.3, -71.1), 'heading': 45.0, 'depth': 1.0, 'altitude': 10.0, 'roll': 0.0, 'pitch': 0.0, 'last_fix_time': datetime.datetime(2021, 7, 27, 15, 29, 15), 'speed': None, 'rudder': 0, 'datum': (42.3, -71.1)}
2021-07-27 11:29:17,334 [INFO] Processing: $BFNVG,152915.65,4218.000000,N,07106.000000,W,0,10.0,1.0,45.0,0.0,0.0,152915.65*62
2021-07-27 11:29:17,334 [INFO] Interpreted as: {'position': (0.0, 0.0), 'latlon': (42.3, -71.1), 'heading': 45.0, 'depth': 1.0, 'altitude': 10.0, 'roll': 0.0, 'pitch': 0.0, 'last_fix_time': datetime.datetime(2021, 7, 27, 15, 29, 15), 'speed': None, 'rudder': 0, 'datum': (42.3, -71.1)}
2021-07-27 11:29:17,334 [INFO] Processing: $BFNVG,152915.97,4218.000000,N,07106.000000,W,0,10.0,1.0,45.0,0.0,0.0,152915.97*62
2021-07-27 11:29:17,334 [INFO] Interpreted as: {'position': (0.0, 0.0), 'latlon': (42.3, -71.1), 'heading': 45.0, 'depth': 1.0, 'altitude': 10.0, 'roll': 0.0, 'pitch': 0.0, 'last_fix_time': datetime.datetime(2021, 7, 27, 15, 29, 15), 'speed': None, 'rudder': 0, 'datum': (42.3, -71.1)}
2021-07-27 11:29:17,334 [INFO] Processing: $BFNVG,152916.30,4218.000000,N,07106.000000,W,0,10.0,1.0,45.0,0.0,0.0,152916.30*62
2021-07-27 11:29:17,334 [INFO] Interpreted as: {'position': (0.0, 0.0), 'latlon': (42.3, -71.1), 'heading': 45.0, 'depth': 1.0, 'altitude': 10.0, 'roll': 0.0, 'pitch': 0.0, 'last_fix_time': datetime.datetime(2021, 7, 27, 15, 29, 16), 'speed': None, 'rudder': 0, 'datum': (42.3, -71.1)}
2021-07-27 11:29:17,334 [INFO] Processing: $BFNVG,152916.64,4218.000000,N,07106.000000,W,0,10.0,1.0,45.0,0.0,0.0,152916.64*62
2021-07-27 11:29:17,334 [INFO] Interpreted as: {'position': (0.0, 0.0), 'latlon': (42.3, -71.1), 'heading': 45.0, 'depth': 1.0, 'altitude': 10.0, 'roll': 0.0, 'pitch': 0.0, 'last_fix_time': datetime.datetime(2021, 7, 27, 15, 29, 16), 'speed': None, 'rudder': 0, 'datum': (42.3, -71.1)}
2021-07-27 11:29:17,335 [INFO] Received from Frontseat: [b'$BFNVG,152913.35,4218.000000,N,07106.000000,W,0,10.0,1.0,45.0,0.0,0.0,152913.35*62', b'$BFNVG,152913.68,4218.000000,N,07106.000000,W,0,10.0,1.0,45.0,0.0,0.0,152913.68*62', b'$BFNVG,152914.01,4218.000000,N,07106.000000,W,0,10.0,1.0,45.0,0.0,0.0,152914.01*62', b'$BFNVG,152914.33,4218.000000,N,07106.000000,W,0,10.0,1.0,45.0,0.0,0.0,152914.33*62', b'$BFNVG,152914.66,4218.000000,N,07106.000000,W,0,10.0,1.0,45.0,0.0,0.0,152914.66*62', b'$BFNVG,152914.99,4218.000000,N,07106.000000,W,0,10.0,1.0,45.0,0.0,0.0,152914.99*62', b'$BFNVG,152915.32,4218.000000,N,07106.000000,W,0,10.0,1.0,45.0,0.0,0.0,152915.32*62', b'$BFNVG,152915.65,4218.000000,N,07106.000000,W,0,10.0,1.0,45.0,0.0,0.0,152915.65*62', b'$BFNVG,152915.97,4218.000000,N,07106.000000,W,0,10.0,1.0,45.0,0.0,0.0,152915.97*62', b'$BFNVG,152916.30,4218.000000,N,07106.000000,W,0,10.0,1.0,45.0,0.0,0.0,152916.30*62', b'$BFNVG,152916.64,4218.000000,N,07106.000000,W,0,10.0,1.0,45.0,0.0,0.0,152916.64*62']
2021-07-27 11:29:17,335 [INFO] AUV state: {'position': (0.0, 0.0), 'latlon': (42.3, -71.1), 'heading': 45.0, 'depth': 1.0, 'altitude': 10.0, 'roll': 0.0, 'pitch': 0.0, 'last_fix_time': datetime.datetime(2021, 7, 27, 15, 29, 16), 'speed': None, 'rudder': 0, 'datum': (42.3, -71.1)}
2021-07-27 11:29:17,390 [INFO] **** [(-0.21993023293121178, -7.6862156757158235)] [(15.437560812208067, -7.329055330858309)]
2021-07-27 11:29:17,391 [INFO] Next green buoy: [(-0.21993023293121178, -7.6862156757158235)], next red buoy: [(15.437560812208067, -7.329055330858309)]
2021-07-27 11:29:17,391 [ERROR] An error occurred. The stack trace is below.
Traceback (most recent call last):
  File "BWSI_BackSeat.py", line 117, in run
    rudder_angle, speed = self.__autonomy.decide(self.__auv_state, green, red)
  File "/home/steven/Baygulls/ChallengeCode/AUV_Controller.py", line 42, in decide
    self.__desired_heading = self.__heading_to_angle(green_buoys[0], red_buoys[0])
  File "/home/steven/Baygulls/ChallengeCode/AUV_Controller.py", line 82, in __heading_to_angle
    relative_angle = (gnext[0][0] + rnext[0][0]) / 2.0
IndexError: invalid index to scalar variable.
