2021-07-27 10:56:24,264 [INFO] host = localhost, port = 29500
2021-07-27 10:56:30,273 [INFO] sending message $BPLOG,ALL,ON*16
...
2021-07-27 10:56:30,273 [INFO] sending message $BPSTS,145630.27,1,BWSI Autonomy OK*44
...
2021-07-27 10:56:30,273 [INFO] Received from Frontseat: []
2021-07-27 10:56:30,273 [INFO] AUV state: {'position': (None, None), 'latlon': None, 'heading': None, 'depth': None, 'altitude': None, 'roll': None, 'pitch': None, 'last_fix_time': None, 'speed': None, 'rudder': 0}
2021-07-27 10:56:31,274 [INFO] sending message $BPRMB,145631.27,,,,1000,0,1*4c...
2021-07-27 10:56:31,274 [INFO] sending message $BPSTS,145631.27,1,BWSI Autonomy OK*45
...
2021-07-27 10:56:31,274 [INFO] Processing: $BFNVG,145629.70,4218.000000,N,07106.000000,W,0,10.0,1.0,45.0,0.0,0.0,145629.70*62
2021-07-27 10:56:31,274 [INFO] Interpreted as: {'position': (0, 0), 'latlon': (42.3, -71.1), 'heading': 45.0, 'depth': 1.0, 'altitude': 10.0, 'roll': 0.0, 'pitch': 0.0, 'last_fix_time': datetime.datetime(2021, 7, 27, 14, 56, 29), 'speed': None, 'rudder': 0, 'datum': (42.3, -71.1)}
2021-07-27 10:56:31,274 [INFO] Received from Frontseat: [b'$BFNVG,145629.70,4218.000000,N,07106.000000,W,0,10.0,1.0,45.0,0.0,0.0,145629.70*62']
2021-07-27 10:56:31,275 [INFO] AUV state: {'position': (0, 0), 'latlon': (42.3, -71.1), 'heading': 45.0, 'depth': 1.0, 'altitude': 10.0, 'roll': 0.0, 'pitch': 0.0, 'last_fix_time': datetime.datetime(2021, 7, 27, 14, 56, 29), 'speed': None, 'rudder': 0, 'datum': (42.3, -71.1)}
2021-07-27 10:56:32,329 [INFO] sending message $BPRMB,145632.32,-15,,,1000,0,1*62...
2021-07-27 10:56:32,329 [INFO] sending message $BPSTS,145632.32,1,BWSI Autonomy OK*42
...
2021-07-27 10:56:32,329 [INFO] Processing: $BFNVG,145630.45,4218.000000,N,07106.000000,W,0,10.0,1.0,45.0,0.0,0.0,145630.45*62
2021-07-27 10:56:32,329 [INFO] Interpreted as: {'position': (0.0, 0.0), 'latlon': (42.3, -71.1), 'heading': 45.0, 'depth': 1.0, 'altitude': 10.0, 'roll': 0.0, 'pitch': 0.0, 'last_fix_time': datetime.datetime(2021, 7, 27, 14, 56, 30), 'speed': None, 'rudder': -15, 'datum': (42.3, -71.1)}
2021-07-27 10:56:32,329 [INFO] Processing: $BFNVG,145630.85,4218.000000,N,07106.000000,W,0,10.0,1.0,45.0,0.0,0.0,145630.85*62
2021-07-27 10:56:32,329 [INFO] Interpreted as: {'position': (0.0, 0.0), 'latlon': (42.3, -71.1), 'heading': 45.0, 'depth': 1.0, 'altitude': 10.0, 'roll': 0.0, 'pitch': 0.0, 'last_fix_time': datetime.datetime(2021, 7, 27, 14, 56, 30), 'speed': None, 'rudder': -15, 'datum': (42.3, -71.1)}
2021-07-27 10:56:32,330 [INFO] Received from Frontseat: [b'$BFNVG,145630.45,4218.000000,N,07106.000000,W,0,10.0,1.0,45.0,0.0,0.0,145630.45*62', b'$BFNVG,145630.85,4218.000000,N,07106.000000,W,0,10.0,1.0,45.0,0.0,0.0,145630.85*62']
2021-07-27 10:56:32,330 [INFO] AUV state: {'position': (0.0, 0.0), 'latlon': (42.3, -71.1), 'heading': 45.0, 'depth': 1.0, 'altitude': 10.0, 'roll': 0.0, 'pitch': 0.0, 'last_fix_time': datetime.datetime(2021, 7, 27, 14, 56, 30), 'speed': None, 'rudder': -15, 'datum': (42.3, -71.1)}
2021-07-27 10:56:33,379 [INFO] sending message $BPRMB,145633.37,0,,,1000,0,1*7f...
2021-07-27 10:56:33,379 [INFO] sending message $BPSTS,145633.37,1,BWSI Autonomy OK*46
...
2021-07-27 10:56:33,379 [INFO] Processing: $BFNVG,145631.87,4218.000138,N,07105.999823,W,0,10.0,1.0,45.0,0.0,0.0,145631.87*6B
2021-07-27 10:56:33,379 [INFO] Interpreted as: {'position': (0.24947946949396282, 0.24939501471817493), 'latlon': (42.3000023, -71.09999705), 'heading': 45.0, 'depth': 1.0, 'altitude': 10.0, 'roll': 0.0, 'pitch': 0.0, 'last_fix_time': datetime.datetime(2021, 7, 27, 14, 56, 31), 'speed': None, 'rudder': -15, 'datum': (42.3, -71.1)}
2021-07-27 10:56:33,379 [INFO] Received from Frontseat: [b'$BFNVG,145631.87,4218.000138,N,07105.999823,W,0,10.0,1.0,45.0,0.0,0.0,145631.87*6B']
2021-07-27 10:56:33,380 [INFO] AUV state: {'position': (0.24947946949396282, 0.24939501471817493), 'latlon': (42.3000023, -71.09999705), 'heading': 45.0, 'depth': 1.0, 'altitude': 10.0, 'roll': 0.0, 'pitch': 0.0, 'last_fix_time': datetime.datetime(2021, 7, 27, 14, 56, 31), 'speed': None, 'rudder': -15, 'datum': (42.3, -71.1)}
2021-07-27 10:56:34,430 [INFO] sending message $BPRMB,145634.43,0,,,1000,0,1*7b...
2021-07-27 10:56:34,431 [INFO] sending message $BPSTS,145634.43,1,BWSI Autonomy OK*42
...
2021-07-27 10:56:34,431 [INFO] Processing: $BFNVG,145632.88,4218.000547,N,07105.999295,W,0,10.0,1.0,46.3,0.0,0.0,145632.88*60
2021-07-27 10:56:34,431 [INFO] Interpreted as: {'position': (0.9935677767498419, 0.9884283309802413), 'latlon': (42.300009116666665, -71.09998825), 'heading': 46.3, 'depth': 1.0, 'altitude': 10.0, 'roll': 0.0, 'pitch': 0.0, 'last_fix_time': datetime.datetime(2021, 7, 27, 14, 56, 32), 'speed': None, 'rudder': -15, 'datum': (42.3, -71.1)}
2021-07-27 10:56:34,431 [INFO] Received from Frontseat: [b'$BFNVG,145632.88,4218.000547,N,07105.999295,W,0,10.0,1.0,46.3,0.0,0.0,145632.88*60']
2021-07-27 10:56:34,431 [INFO] AUV state: {'position': (0.9935677767498419, 0.9884283309802413), 'latlon': (42.300009116666665, -71.09998825), 'heading': 46.3, 'depth': 1.0, 'altitude': 10.0, 'roll': 0.0, 'pitch': 0.0, 'last_fix_time': datetime.datetime(2021, 7, 27, 14, 56, 32), 'speed': None, 'rudder': -15, 'datum': (42.3, -71.1)}
2021-07-27 10:56:35,484 [INFO] sending message $BPRMB,145635.48,0,,,1000,0,1*71...
2021-07-27 10:56:35,484 [INFO] sending message $BPSTS,145635.48,1,BWSI Autonomy OK*48
...
2021-07-27 10:56:35,484 [INFO] Processing: $BFNVG,145633.93,4218.000944,N,07105.998724,W,0,10.0,1.0,50.2,0.0,0.0,145633.93*67
2021-07-27 10:56:35,484 [INFO] Interpreted as: {'position': (1.7961846885737032, 1.703795458190143), 'latlon': (42.30001573333333, -71.09997873333333), 'heading': 50.2, 'depth': 1.0, 'altitude': 10.0, 'roll': 0.0, 'pitch': 0.0, 'last_fix_time': datetime.datetime(2021, 7, 27, 14, 56, 33), 'speed': None, 'rudder': -15, 'datum': (42.3, -71.1)}
2021-07-27 10:56:35,484 [INFO] Received from Frontseat: [b'$BFNVG,145633.93,4218.000944,N,07105.998724,W,0,10.0,1.0,50.2,0.0,0.0,145633.93*67']
2021-07-27 10:56:35,484 [INFO] AUV state: {'position': (1.7961846885737032, 1.703795458190143), 'latlon': (42.30001573333333, -71.09997873333333), 'heading': 50.2, 'depth': 1.0, 'altitude': 10.0, 'roll': 0.0, 'pitch': 0.0, 'last_fix_time': datetime.datetime(2021, 7, 27, 14, 56, 33), 'speed': None, 'rudder': -15, 'datum': (42.3, -71.1)}
2021-07-27 10:56:36,537 [INFO] sending message $BPRMB,145636.53,0,,,1000,0,1*78...
2021-07-27 10:56:36,537 [INFO] sending message $BPSTS,145636.53,1,BWSI Autonomy OK*41
...
2021-07-27 10:56:36,537 [INFO] Processing: $BFNVG,145634.95,4218.001302,N,07105.998135,W,0,10.0,1.0,54.0,0.0,0.0,145634.95*6E
2021-07-27 10:56:36,537 [INFO] Interpreted as: {'position': (2.6217500818893313, 2.346375201828778), 'latlon': (42.3000217, -71.09996891666667), 'heading': 54.0, 'depth': 1.0, 'altitude': 10.0, 'roll': 0.0, 'pitch': 0.0, 'last_fix_time': datetime.datetime(2021, 7, 27, 14, 56, 34), 'speed': None, 'rudder': -15, 'datum': (42.3, -71.1)}
2021-07-27 10:56:36,537 [INFO] Received from Frontseat: [b'$BFNVG,145634.95,4218.001302,N,07105.998135,W,0,10.0,1.0,54.0,0.0,0.0,145634.95*6E']
2021-07-27 10:56:36,537 [INFO] AUV state: {'position': (2.6217500818893313, 2.346375201828778), 'latlon': (42.3000217, -71.09996891666667), 'heading': 54.0, 'depth': 1.0, 'altitude': 10.0, 'roll': 0.0, 'pitch': 0.0, 'last_fix_time': datetime.datetime(2021, 7, 27, 14, 56, 34), 'speed': None, 'rudder': -15, 'datum': (42.3, -71.1)}
2021-07-27 10:56:37,589 [INFO] sending message $BPRMB,145637.58,15,,,1000,0,1*46...
2021-07-27 10:56:37,589 [INFO] sending message $BPSTS,145637.58,1,BWSI Autonomy OK*4b
...
2021-07-27 10:56:37,589 [INFO] Processing: $BFNVG,145635.97,4218.001631,N,07105.997514,W,0,10.0,1.0,57.8,0.0,0.0,145635.97*68
2021-07-27 10:56:37,589 [INFO] Interpreted as: {'position': (3.4899549928377382, 2.9341998836025596), 'latlon': (42.300027183333334, -71.09995856666667), 'heading': 57.8, 'depth': 1.0, 'altitude': 10.0, 'roll': 0.0, 'pitch': 0.0, 'last_fix_time': datetime.datetime(2021, 7, 27, 14, 56, 35), 'speed': None, 'rudder': 0, 'datum': (42.3, -71.1)}
2021-07-27 10:56:37,589 [INFO] Received from Frontseat: [b'$BFNVG,145635.97,4218.001631,N,07105.997514,W,0,10.0,1.0,57.8,0.0,0.0,145635.97*68']
2021-07-27 10:56:37,589 [INFO] AUV state: {'position': (3.4899549928377382, 2.9341998836025596), 'latlon': (42.300027183333334, -71.09995856666667), 'heading': 57.8, 'depth': 1.0, 'altitude': 10.0, 'roll': 0.0, 'pitch': 0.0, 'last_fix_time': datetime.datetime(2021, 7, 27, 14, 56, 35), 'speed': None, 'rudder': 0, 'datum': (42.3, -71.1)}
2021-07-27 10:56:38,644 [INFO] sending message $BPRMB,145638.64,10,,,1000,0,1*43...
2021-07-27 10:56:38,645 [INFO] sending message $BPSTS,145638.64,1,BWSI Autonomy OK*4b
...
2021-07-27 10:56:38,645 [INFO] Processing: $BFNVG,145636.98,4218.001927,N,07105.996866,W,0,10.0,1.0,61.7,0.0,0.0,145636.98*63
2021-07-27 10:56:38,645 [INFO] Interpreted as: {'position': (4.393747347639874, 3.460036249831319), 'latlon': (42.300032116666664, -71.09994776666667), 'heading': 61.7, 'depth': 1.0, 'altitude': 10.0, 'roll': 0.0, 'pitch': 0.0, 'last_fix_time': datetime.datetime(2021, 7, 27, 14, 56, 36), 'speed': None, 'rudder': 10, 'datum': (42.3, -71.1)}
2021-07-27 10:56:38,645 [INFO] Received from Frontseat: [b'$BFNVG,145636.98,4218.001927,N,07105.996866,W,0,10.0,1.0,61.7,0.0,0.0,145636.98*63']
2021-07-27 10:56:38,645 [INFO] AUV state: {'position': (4.393747347639874, 3.460036249831319), 'latlon': (42.300032116666664, -71.09994776666667), 'heading': 61.7, 'depth': 1.0, 'altitude': 10.0, 'roll': 0.0, 'pitch': 0.0, 'last_fix_time': datetime.datetime(2021, 7, 27, 14, 56, 36), 'speed': None, 'rudder': 10, 'datum': (42.3, -71.1)}
2021-07-27 10:56:38,714 [ERROR] An error occurred. The stack trace is below.
Traceback (most recent call last):
  File "BWSI_BackSeat.py", line 114, in run
    green, red = self.__buoy_detector.run(self.__auv_state)
  File "/home/steven/Baygulls/ChallengeCode/Image_Processor.py", line 172, in run
    g_centers, r_centers, green, red = ImageProcessor.detect_buoys(image)
  File "/home/steven/Baygulls/ChallengeCode/Image_Processor.py", line 120, in detect_buoys
    g_angles = ImageProcessor.find_angles(g_centers[:, 0], (res[1], res[0])) # pass in resolution of image to calculate angles
IndexError: too many indices for array: array is 1-dimensional, but 2 were indexed
