1627336612.096799, Sending: $BPLOG,ACK,ON*1e

1627336612.096799, Sending: $BPLOG,ALL,ON*16

1627336612.105801, Sending: $BPSTS,175652.10,1,BWSI Autonomy OK*47

1627336613.115892, Sending: $BPSTS,175653.11,1,BWSI Autonomy OK*47

1627336614.1169806, Processing: $BFNVG,175650.02,4218.000000,N,07106.000000,W,0,10.0,1.0,45.0,0.0,0.0,175650.02*62
Interpreted as: {'position': (0, 0), 'latlon': (42.3, -71.1), 'heading': 45.0, 'depth': 1.0, 'altitude': 10.0, 'roll': 0.0, 'pitch': 0.0, 'last_fix_time': datetime.datetime(2021, 7, 26, 17, 56, 50), 'datum': (42.3, -71.1)}
1627336614.1169806, Processing: $BFNVG,175650.28,4218.000000,N,07106.000000,W,0,10.0,1.0,45.0,0.0,0.0,175650.28*62
Interpreted as: {'position': (0.0, 0.0), 'latlon': (42.3, -71.1), 'heading': 45.0, 'depth': 1.0, 'altitude': 10.0, 'roll': 0.0, 'pitch': 0.0, 'last_fix_time': datetime.datetime(2021, 7, 26, 17, 56, 50), 'datum': (42.3, -71.1)}
1627336614.1169806, Processing: $BFNVG,175650.54,4218.000000,N,07106.000000,W,0,10.0,1.0,45.0,0.0,0.0,175650.54*62
Interpreted as: {'position': (0.0, 0.0), 'latlon': (42.3, -71.1), 'heading': 45.0, 'depth': 1.0, 'altitude': 10.0, 'roll': 0.0, 'pitch': 0.0, 'last_fix_time': datetime.datetime(2021, 7, 26, 17, 56, 50), 'datum': (42.3, -71.1)}
1627336614.1169806, Processing: $BFNVG,175650.80,4218.000000,N,07106.000000,W,0,10.0,1.0,45.0,0.0,0.0,175650.80*62
Interpreted as: {'position': (0.0, 0.0), 'latlon': (42.3, -71.1), 'heading': 45.0, 'depth': 1.0, 'altitude': 10.0, 'roll': 0.0, 'pitch': 0.0, 'last_fix_time': datetime.datetime(2021, 7, 26, 17, 56, 50), 'datum': (42.3, -71.1)}
1627336614.1169806, Processing: $BFNVG,175651.05,4218.000000,N,07106.000000,W,0,10.0,1.0,45.0,0.0,0.0,175651.05*62
Interpreted as: {'position': (0.0, 0.0), 'latlon': (42.3, -71.1), 'heading': 45.0, 'depth': 1.0, 'altitude': 10.0, 'roll': 0.0, 'pitch': 0.0, 'last_fix_time': datetime.datetime(2021, 7, 26, 17, 56, 51), 'datum': (42.3, -71.1)}
1627336614.1169806, Processing: $BFNVG,175651.32,4218.000000,N,07106.000000,W,0,10.0,1.0,45.0,0.0,0.0,175651.32*62
Interpreted as: {'position': (0.0, 0.0), 'latlon': (42.3, -71.1), 'heading': 45.0, 'depth': 1.0, 'altitude': 10.0, 'roll': 0.0, 'pitch': 0.0, 'last_fix_time': datetime.datetime(2021, 7, 26, 17, 56, 51), 'datum': (42.3, -71.1)}
1627336614.1169806, Processing: $BFNVG,175651.58,4218.000000,N,07106.000000,W,0,10.0,1.0,45.0,0.0,0.0,175651.58*62
Interpreted as: {'position': (0.0, 0.0), 'latlon': (42.3, -71.1), 'heading': 45.0, 'depth': 1.0, 'altitude': 10.0, 'roll': 0.0, 'pitch': 0.0, 'last_fix_time': datetime.datetime(2021, 7, 26, 17, 56, 51), 'datum': (42.3, -71.1)}
1627336614.1169806, Processing: $BFNVG,175651.84,4218.000000,N,07106.000000,W,0,10.0,1.0,45.0,0.0,0.0,175651.84*62
Interpreted as: {'position': (0.0, 0.0), 'latlon': (42.3, -71.1), 'heading': 45.0, 'depth': 1.0, 'altitude': 10.0, 'roll': 0.0, 'pitch': 0.0, 'last_fix_time': datetime.datetime(2021, 7, 26, 17, 56, 51), 'datum': (42.3, -71.1)}
1627336614.332901, Sending: $BPSTS,175654.33,1,BWSI Autonomy OK*40

1627336615.436435, Sending: $BPSTS,175655.43,1,BWSI Autonomy OK*46

1627336616.3240485, Processing: $BFNVG,175653.56,4218.000000,N,07106.000000,W,0,10.0,1.0,45.0,0.0,0.0,175653.56*62
Interpreted as: {'position': (0.0, 0.0), 'latlon': (42.3, -71.1), 'heading': 45.0, 'depth': 1.0, 'altitude': 10.0, 'roll': 0.0, 'pitch': 0.0, 'last_fix_time': datetime.datetime(2021, 7, 26, 17, 56, 53), 'datum': (42.3, -71.1)}
1627336616.59253, Sending: $BPRMB,175656.59,,,,750,0,1*74

1627336616.59453, Sending: $BPSTS,175656.59,1,BWSI Autonomy OK*4e

1627336616.5965302, Processing: $BFNVG,175654.59,4218.000000,N,07106.000000,W,0,10.0,1.0,45.0,0.0,0.0,175654.59*62
Interpreted as: {'position': (0.0, 0.0), 'latlon': (42.3, -71.1), 'heading': 45.0, 'depth': 1.0, 'altitude': 10.0, 'roll': 0.0, 'pitch': 0.0, 'last_fix_time': datetime.datetime(2021, 7, 26, 17, 56, 54), 'datum': (42.3, -71.1)}
1627336617.747621, Sending: $BPSTS,175657.74,1,BWSI Autonomy OK*40

1627336618.898712, Processing: $BFNVG,175655.58,4218.000000,N,07106.000000,W,0,10.0,1.0,45.0,0.0,0.0,175655.58*62
Interpreted as: {'position': (0.0, 0.0), 'latlon': (42.3, -71.1), 'heading': 45.0, 'depth': 1.0, 'altitude': 10.0, 'roll': 0.0, 'pitch': 0.0, 'last_fix_time': datetime.datetime(2021, 7, 26, 17, 56, 55), 'datum': (42.3, -71.1)}
1627336618.894714, Sending: $BPSTS,175658.89,1,BWSI Autonomy OK*4d

1627336618.8907163, Processing: $BFNVG,175657.10,4218.000000,N,07106.000000,W,0,10.0,1.0,45.0,0.0,0.0,175657.10*62
Interpreted as: {'position': (0.0, 0.0), 'latlon': (42.3, -71.1), 'heading': 45.0, 'depth': 1.0, 'altitude': 10.0, 'roll': 0.0, 'pitch': 0.0, 'last_fix_time': datetime.datetime(2021, 7, 26, 17, 56, 57), 'datum': (42.3, -71.1)}
1627336620.039807, Sending: $BPSTS,175700.03,1,BWSI Autonomy OK*43

1627336621.1888978, Processing: $BFNVG,175658.08,4218.000297,N,07105.999619,W,0,10.0,1.0,45.0,0.0,0.0,175658.08*6A
Interpreted as: {'position': (0.537012786604464, 0.5367392413318157), 'latlon': (42.30000495, -71.09999365), 'heading': 45.0, 'depth': 1.0, 'altitude': 10.0, 'roll': 0.0, 'pitch': 0.0, 'last_fix_time': datetime.datetime(2021, 7, 26, 17, 56, 58), 'datum': (42.3, -71.1)}
1627336621.218903, Sending: $BPSTS,175701.21,1,BWSI Autonomy OK*42

1627336621.2489083, Processing: $BFNVG,175659.05,4218.000590,N,07105.999243,W,0,10.0,1.0,45.0,0.0,0.0,175659.05*61
Interpreted as: {'position': (1.0669734088587575, 1.0662452559918165), 'latlon': (42.300009833333334, -71.09998738333333), 'heading': 45.0, 'depth': 1.0, 'altitude': 10.0, 'roll': 0.0, 'pitch': 0.0, 'last_fix_time': datetime.datetime(2021, 7, 26, 17, 56, 59), 'datum': (42.3, -71.1)}
1627336622.359684, Sending: $BPSTS,175702.35,1,BWSI Autonomy OK*44

1627336623.4704597, Processing: $BFNVG,175700.06,4218.000894,N,07105.998854,W,0,10.0,1.0,45.0,0.0,0.0,175700.06*65
Interpreted as: {'position': (1.6152967699454166, 1.6156682167202234), 'latlon': (42.3000149, -71.0999809), 'heading': 45.0, 'depth': 1.0, 'altitude': 10.0, 'roll': 0.0, 'pitch': 0.0, 'last_fix_time': datetime.datetime(2021, 7, 26, 17, 57), 'datum': (42.3, -71.1)}
1627336623.4704597, Processing: $BFNVG,175700.58,4218.001049,N,07105.998654,W,0,10.0,1.0,45.0,0.0,0.0,175700.58*62
Interpreted as: {'position': (1.8971517746103927, 1.8957453267648816), 'latlon': (42.300017483333335, -71.09997756666667), 'heading': 45.0, 'depth': 1.0, 'altitude': 10.0, 'roll': 0.0, 'pitch': 0.0, 'last_fix_time': datetime.datetime(2021, 7, 26, 17, 57), 'datum': (42.3, -71.1)}
1627336623.534778, Sending: $BPSTS,175703.53,1,BWSI Autonomy OK*45

1627336623.5990965, Processing: $BFNVG,175701.47,4218.001320,N,07105.998308,W,0,10.0,1.0,45.0,0.0,0.0,175701.47*62
Interpreted as: {'position': (2.3848910379456356, 2.3855532398447394), 'latlon': (42.300022, -71.0999718), 'heading': 45.0, 'depth': 1.0, 'altitude': 10.0, 'roll': 0.0, 'pitch': 0.0, 'last_fix_time': datetime.datetime(2021, 7, 26, 17, 57, 1), 'datum': (42.3, -71.1)}
1627336624.697874, Sending: $BPSTS,175704.69,1,BWSI Autonomy OK*4b

1627336625.7966516, Processing: $BFNVG,175702.38,4218.001594,N,07105.997956,W,0,10.0,1.0,45.0,0.0,0.0,175702.38*65
Interpreted as: {'position': (2.8810105277225375, 2.8807098492980003), 'latlon': (42.300026566666666, -71.09996593333334), 'heading': 45.0, 'depth': 1.0, 'altitude': 10.0, 'roll': 0.0, 'pitch': 0.0, 'last_fix_time': datetime.datetime(2021, 7, 26, 17, 57, 2), 'datum': (42.3, -71.1)}
1627336625.7966516, Processing: $BFNVG,175702.87,4218.001741,N,07105.997768,W,0,10.0,1.0,45.0,0.0,0.0,175702.87*6C
Interpreted as: {'position': (3.1460135077359155, 3.146388285793364), 'latlon': (42.30002901666667, -71.0999628), 'heading': 45.0, 'depth': 1.0, 'altitude': 10.0, 'roll': 0.0, 'pitch': 0.0, 'last_fix_time': datetime.datetime(2021, 7, 26, 17, 57, 2), 'datum': (42.3, -71.1)}
1627336625.862968, Sending: $BPSTS,175705.86,1,BWSI Autonomy OK*4b

1627336625.9292843, Processing: $BFNVG,175704.05,4218.002099,N,07105.997308,W,0,10.0,1.0,45.0,0.0,0.0,175704.05*6F
Interpreted as: {'position': (3.794348207185976, 3.793341835960746), 'latlon': (42.30003498333333, -71.09995513333334), 'heading': 45.0, 'depth': 1.0, 'altitude': 10.0, 'roll': 0.0, 'pitch': 0.0, 'last_fix_time': datetime.datetime(2021, 7, 26, 17, 57, 4), 'datum': (42.3, -71.1)}
1627336627.034064, Sending: $BPSTS,175707.03,1,BWSI Autonomy OK*44

1627336628.1388438, Processing: $BFNVG,175705.03,4218.002395,N,07105.996929,W,0,10.0,1.0,45.0,0.0,0.0,175705.03*68
Interpreted as: {'position': (4.328566994401626, 4.328298463486135), 'latlon': (42.30003991666667, -71.09994881666667), 'heading': 45.0, 'depth': 1.0, 'altitude': 10.0, 'roll': 0.0, 'pitch': 0.0, 'last_fix_time': datetime.datetime(2021, 7, 26, 17, 57, 5), 'datum': (42.3, -71.1)}
1627336628.217158, Sending: $BPSTS,175708.21,1,BWSI Autonomy OK*4b

1627336628.2954724, Processing: $BFNVG,175705.99,4218.002684,N,07105.996558,W,0,10.0,1.0,45.0,0.0,0.0,175705.99*67
Interpreted as: {'position': (4.851474974420853, 4.850571482442319), 'latlon': (42.30004473333333, -71.09994263333333), 'heading': 45.0, 'depth': 1.0, 'altitude': 10.0, 'roll': 0.0, 'pitch': 0.0, 'last_fix_time': datetime.datetime(2021, 7, 26, 17, 57, 5), 'datum': (42.3, -71.1)}
1627336628.2954724, Processing: $BFNVG,175706.42,4218.002812,N,07105.996394,W,0,10.0,1.0,45.0,0.0,0.0,175706.42*60
Interpreted as: {'position': (5.082636971375905, 5.081900441087782), 'latlon': (42.30004686666667, -71.0999399), 'heading': 45.0, 'depth': 1.0, 'altitude': 10.0, 'roll': 0.0, 'pitch': 0.0, 'last_fix_time': datetime.datetime(2021, 7, 26, 17, 57, 6), 'datum': (42.3, -71.1)}
1627336629.591273, Sending: $BPSTS,175709.59,1,BWSI Autonomy OK*45

1627336630.8870738, Processing: $BFNVG,175707.40,4218.003110,N,07105.996012,W,0,10.0,1.0,45.0,0.0,0.0,175707.40*67
Interpreted as: {'position': (5.621068540262058, 5.62045684363693), 'latlon': (42.300051833333335, -71.09993353333333), 'heading': 45.0, 'depth': 1.0, 'altitude': 10.0, 'roll': 0.0, 'pitch': 0.0, 'last_fix_time': datetime.datetime(2021, 7, 26, 17, 57, 7), 'datum': (42.3, -71.1)}
1627336630.744361, Sending: $BPSTS,175710.74,1,BWSI Autonomy OK*42

1627336630.601648, Processing: $BFNVG,175708.35,4218.003396,N,07105.995646,W,0,10.0,1.0,45.0,0.0,0.0,175708.35*6F
Interpreted as: {'position': (6.136969923856668, 6.137347384355962), 'latlon': (42.3000566, -71.09992743333333), 'heading': 45.0, 'depth': 1.0, 'altitude': 10.0, 'roll': 0.0, 'pitch': 0.0, 'last_fix_time': datetime.datetime(2021, 7, 26, 17, 57, 8), 'datum': (42.3, -71.1)}
1627336630.601648, Processing: $BFNVG,175708.86,4218.003549,N,07105.995449,W,0,10.0,1.0,45.0,0.0,0.0,175708.86*66
Interpreted as: {'position': (6.414611590676941, 6.413824982941151), 'latlon': (42.30005915, -71.09992415), 'heading': 45.0, 'depth': 1.0, 'altitude': 10.0, 'roll': 0.0, 'pitch': 0.0, 'last_fix_time': datetime.datetime(2021, 7, 26, 17, 57, 8), 'datum': (42.3, -71.1)}
1627336631.897458, Sending: $BPSTS,175711.89,1,BWSI Autonomy OK*41

1627336633.193268, Processing: $BFNVG,175709.87,4218.003854,N,07105.995058,W,0,10.0,1.0,45.0,0.0,0.0,175709.87*63
Interpreted as: {'position': (6.965727558010258, 6.965031229890883), 'latlon': (42.30006423333333, -71.09991763333333), 'heading': 45.0, 'depth': 1.0, 'altitude': 10.0, 'roll': 0.0, 'pitch': 0.0, 'last_fix_time': datetime.datetime(2021, 7, 26, 17, 57, 9), 'datum': (42.3, -71.1)}
1627336633.03055, Sending: $BPSTS,175713.03,1,BWSI Autonomy OK*41

1627336632.867832, Processing: $BFNVG,175710.83,4218.004144,N,07105.994686,W,0,10.0,1.0,45.0,0.0,0.0,175710.83*68
Interpreted as: {'position': (7.490054699359462, 7.48912122938782), 'latlon': (42.300069066666666, -71.09991143333333), 'heading': 45.0, 'depth': 1.0, 'altitude': 10.0, 'roll': 0.0, 'pitch': 0.0, 'last_fix_time': datetime.datetime(2021, 7, 26, 17, 57, 10), 'datum': (42.3, -71.1)}
1627336632.867832, Processing: $BFNVG,175711.31,4218.004289,N,07105.994500,W,0,10.0,1.0,45.0,0.0,0.0,175711.31*67
Interpreted as: {'position': (7.752218238834757, 7.751166243106127), 'latlon': (42.30007148333333, -71.09990833333333), 'heading': 45.0, 'depth': 1.0, 'altitude': 10.0, 'roll': 0.0, 'pitch': 0.0, 'last_fix_time': datetime.datetime(2021, 7, 26, 17, 57, 11), 'datum': (42.3, -71.1)}
1627336634.162641, Sending: $BPSTS,175714.16,1,BWSI Autonomy OK*42

1627336635.4574502, Processing: $BFNVG,175712.23,4218.004568,N,07105.994142,W,0,10.0,1.0,45.0,0.0,0.0,175712.23*6D
Interpreted as: {'position': (8.25680859782733, 8.25537327863276), 'latlon': (42.300076133333334, -71.09990236666667), 'heading': 45.0, 'depth': 1.0, 'altitude': 10.0, 'roll': 0.0, 'pitch': 0.0, 'last_fix_time': datetime.datetime(2021, 7, 26, 17, 57, 12), 'datum': (42.3, -71.1)}
1627336635.314734, Sending: $BPSTS,175715.31,1,BWSI Autonomy OK*46

1627336635.1720178, Processing: $BFNVG,175713.16,4218.004848,N,07105.993784,W,0,10.0,1.0,45.0,0.0,0.0,175713.16*69
Interpreted as: {'position': (8.761444555246271, 8.761431046761572), 'latlon': (42.3000808, -71.0998964), 'heading': 45.0, 'depth': 1.0, 'altitude': 10.0, 'roll': 0.0, 'pitch': 0.0, 'last_fix_time': datetime.datetime(2021, 7, 26, 17, 57, 13), 'datum': (42.3, -71.1)}
1627336635.1720178, Processing: $BFNVG,175713.64,4218.004995,N,07105.993595,W,0,10.0,1.0,45.0,0.0,0.0,175713.64*6A
Interpreted as: {'position': (9.027820976858493, 9.027075789868832), 'latlon': (42.30008325, -71.09989325), 'heading': 45.0, 'depth': 1.0, 'altitude': 10.0, 'roll': 0.0, 'pitch': 0.0, 'last_fix_time': datetime.datetime(2021, 7, 26, 17, 57, 13), 'datum': (42.3, -71.1)}
1627336636.476826, Sending: $BPSTS,175716.47,1,BWSI Autonomy OK*44

1627336637.781634, Processing: $BFNVG,175714.63,4218.005293,N,07105.993213,W,0,10.0,1.0,45.0,0.0,0.0,175714.63*6F
Interpreted as: {'position': (9.566251948534045, 9.565632480196655), 'latlon': (42.300088216666666, -71.09988688333334), 'heading': 45.0, 'depth': 1.0, 'altitude': 10.0, 'roll': 0.0, 'pitch': 0.0, 'last_fix_time': datetime.datetime(2021, 7, 26, 17, 57, 14), 'datum': (42.3, -71.1)}
1627336637.639921, Sending: $BPSTS,175717.63,1,BWSI Autonomy OK*43

1627336637.4982078, Processing: $BFNVG,175715.54,4218.005566,N,07105.992863,W,0,10.0,1.0,45.0,0.0,0.0,175715.54*6E
Interpreted as: {'position': (10.05957701272564, 10.059006684459746), 'latlon': (42.300092766666666, -71.09988105), 'heading': 45.0, 'depth': 1.0, 'altitude': 10.0, 'roll': 0.0, 'pitch': 0.0, 'last_fix_time': datetime.datetime(2021, 7, 26, 17, 57, 15), 'datum': (42.3, -71.1)}
1627336638.810016, Sending: $BPSTS,175718.81,1,BWSI Autonomy OK*40

1627336640.121824, Processing: $BFNVG,175716.48,4218.005852,N,07105.992497,W,0,10.0,1.0,45.0,0.0,0.0,175716.48*63
Interpreted as: {'position': (10.57547775004059, 10.57589753344655), 'latlon': (42.300097533333336, -71.09987495), 'heading': 45.0, 'depth': 1.0, 'altitude': 10.0, 'roll': 0.0, 'pitch': 0.0, 'last_fix_time': datetime.datetime(2021, 7, 26, 17, 57, 16), 'datum': (42.3, -71.1)}
1627336640.121824, Processing: $BFNVG,175716.98,4218.006003,N,07105.992302,W,0,10.0,1.0,45.0,0.0,0.0,175716.98*67
Interpreted as: {'position': (10.850279979174957, 10.848741711117327), 'latlon': (42.30010005, -71.0998717), 'heading': 45.0, 'depth': 1.0, 'altitude': 10.0, 'roll': 0.0, 'pitch': 0.0, 'last_fix_time': datetime.datetime(2021, 7, 26, 17, 57, 16), 'datum': (42.3, -71.1)}
1627336639.974111, Sending: $BPSTS,175719.97,1,BWSI Autonomy OK*46

1627336639.8263981, Processing: $BFNVG,175717.96,4218.006298,N,07105.991924,W,0,10.0,1.0,45.0,0.0,0.0,175717.96*6A
Interpreted as: {'position': (11.38307815726148, 11.381882056593895), 'latlon': (42.300104966666666, -71.0998654), 'heading': 45.0, 'depth': 1.0, 'altitude': 10.0, 'roll': 0.0, 'pitch': 0.0, 'last_fix_time': datetime.datetime(2021, 7, 26, 17, 57, 17), 'datum': (42.3, -71.1)}
1627336639.8263981, Processing: $BFNVG,175718.34,4218.006413,N,07105.991778,W,0,10.0,1.0,45.0,0.0,0.0,175718.34*68
Interpreted as: {'position': (11.588916235719807, 11.58976240735501), 'latlon': (42.300106883333335, -71.09986296666666), 'heading': 45.0, 'depth': 1.0, 'altitude': 10.0, 'roll': 0.0, 'pitch': 0.0, 'last_fix_time': datetime.datetime(2021, 7, 26, 17, 57, 18), 'datum': (42.3, -71.1)}
1627336641.184968, Sending: $BPSTS,175721.18,1,BWSI Autonomy OK*4a

1627336642.5435379, Processing: $BFNVG,175719.29,4218.006698,N,07105.991411,W,0,10.0,1.0,45.0,0.0,0.0,175719.29*65
Interpreted as: {'position': (12.106144963414408, 12.104768763296306), 'latlon': (42.30011163333333, -71.09985685), 'heading': 45.0, 'depth': 1.0, 'altitude': 10.0, 'roll': 0.0, 'pitch': 0.0, 'last_fix_time': datetime.datetime(2021, 7, 26, 17, 57, 19), 'datum': (42.3, -71.1)}
1627336642.331064, Sending: $BPRMB,175722.33,-15,,,750,0,1*53

1627336642.332063, Sending: $BPSTS,175722.33,1,BWSI Autonomy OK*40

1627336642.333062, Processing: $BFNVG,175720.17,4218.006964,N,07105.991070,W,0,10.0,1.0,45.0,0.0,0.0,175720.17*6A
Interpreted as: {'position': (12.586785093240906, 12.585493381135166), 'latlon': (42.30011606666667, -71.09985116666667), 'heading': 45.0, 'depth': 1.0, 'altitude': 10.0, 'roll': 0.0, 'pitch': 0.0, 'last_fix_time': datetime.datetime(2021, 7, 26, 17, 57, 20), 'datum': (42.3, -71.1)}
1627336642.333062, Processing: $BFNVG,175720.65,4218.007112,N,07105.990881,W,0,10.0,1.0,45.0,0.0,0.0,175720.65*65
Interpreted as: {'position': (12.853206897736527, 12.852988958358765), 'latlon': (42.30011853333333, -71.09984801666667), 'heading': 45.0, 'depth': 1.0, 'altitude': 10.0, 'roll': 0.0, 'pitch': 0.0, 'last_fix_time': datetime.datetime(2021, 7, 26, 17, 57, 20), 'datum': (42.3, -71.1)}
1627336643.453149, Sending: $BPSTS,175723.45,1,BWSI Autonomy OK*40

1627336644.5732362, Processing: $BFNVG,175721.63,4218.007406,N,07105.990504,W,0,10.0,1.0,45.0,0.0,0.0,175721.63*65
Interpreted as: {'position': (13.384585229796357, 13.384312652982771), 'latlon': (42.30012343333333, -71.09984173333334), 'heading': 45.0, 'depth': 1.0, 'altitude': 10.0, 'roll': 0.0, 'pitch': 0.0, 'last_fix_time': datetime.datetime(2021, 7, 26, 17, 57, 21), 'datum': (42.3, -71.1)}
1627336644.598252, Sending: $BPSTS,175724.59,1,BWSI Autonomy OK*4a

1627336645.760337, Sending: $BPSTS,175725.76,1,BWSI Autonomy OK*46

1627336646.8974063, Processing: $BFNVG,175723.55,4218.007979,N,07105.989751,W,0,10.0,1.0,47.7,0.0,0.0,175723.55*6F
Interpreted as: {'position': (14.445282753848005, 14.419233600609004), 'latlon': (42.300132983333334, -71.09982918333333), 'heading': 47.7, 'depth': 1.0, 'altitude': 10.0, 'roll': 0.0, 'pitch': 0.0, 'last_fix_time': datetime.datetime(2021, 7, 26, 17, 57, 23), 'datum': (42.3, -71.1)}
1627336646.8974063, Processing: $BFNVG,175724.08,4218.008130,N,07105.989532,W,0,10.0,1.0,49.2,0.0,0.0,175724.08*69
Interpreted as: {'position': (14.75305773015134, 14.691264271736145), 'latlon': (42.3001355, -71.09982553333333), 'heading': 49.2, 'depth': 1.0, 'altitude': 10.0, 'roll': 0.0, 'pitch': 0.0, 'last_fix_time': datetime.datetime(2021, 7, 26, 17, 57, 24), 'datum': (42.3, -71.1)}
1627336646.919999, Sending: $BPSTS,175726.91,1,BWSI Autonomy OK*4c

1627336646.9425914, Processing: $BFNVG,175725.03,4218.008388,N,07105.989132,W,0,10.0,1.0,51.9,0.0,0.0,175725.03*6E
Interpreted as: {'position': (15.314390892279334, 15.155183255672455), 'latlon': (42.3001398, -71.09981886666667), 'heading': 51.9, 'depth': 1.0, 'altitude': 10.0, 'roll': 0.0, 'pitch': 0.0, 'last_fix_time': datetime.datetime(2021, 7, 26, 17, 57, 25), 'datum': (42.3, -71.1)}
1627336648.090096, Sending: $BPSTS,175728.09,1,BWSI Autonomy OK*43

1627336649.2376006, Processing: $BFNVG,175726.05,4218.008651,N,07105.988680,W,0,10.0,1.0,54.7,0.0,0.0,175726.05*6B
Interpreted as: {'position': (15.947393906651996, 15.626592865213752), 'latlon': (42.30014418333333, -71.09981133333334), 'heading': 54.7, 'depth': 1.0, 'altitude': 10.0, 'roll': 0.0, 'pitch': 0.0, 'last_fix_time': datetime.datetime(2021, 7, 26, 17, 57, 26), 'datum': (42.3, -71.1)}
1627336649.25319, Sending: $BPSTS,175729.25,1,BWSI Autonomy OK*4c

