2021-07-28 22:59:09,795 [INFO] host = 192.168.1.213, port = 29500
2021-07-28 22:59:23,140 [INFO] sending message $BPLOG,ACK,ON*1e
...
2021-07-28 22:59:23,142 [INFO] sending message $BPLOG,ALL,ON*16
...
2021-07-28 22:59:23,143 [INFO] sending message $BPSTS,215923.14,1,BWSI Autonomy OK*4f
...
2021-07-28 22:59:23,144 [INFO] Received from Frontseat: []
2021-07-28 22:59:23,145 [INFO] AUV state: {'position': (None, None), 'latlon': None, 'heading': None, 'depth': None, 'altitude': None, 'roll': None, 'pitch': None, 'last_fix_time': None, 'speed': None, 'rudder': 0}
2021-07-28 22:59:24,147 [INFO] sending message $BPSTS,215924.14,1,BWSI Autonomy OK*48
...
2021-07-28 22:59:24,148 [INFO] Processing: $BFNVG,215920.83,4218.000000,N,07106.000000,W,0,10.0,1.0,45.0,0.0,0.0,215920.83*62
2021-07-28 22:59:24,151 [INFO] Interpreted as: {'position': (0, 0), 'latlon': (42.3, -71.1), 'heading': 45.0, 'depth': 1.0, 'altitude': 10.0, 'roll': 0.0, 'pitch': 0.0, 'last_fix_time': datetime.datetime(2021, 7, 28, 21, 59, 20), 'speed': None, 'rudder': 0, 'datum': (42.3, -71.1)}
2021-07-28 22:59:24,152 [INFO] Processing: $BFNVG,215921.08,4218.000000,N,07106.000000,W,0,10.0,1.0,45.0,0.0,0.0,215921.08*62
2021-07-28 22:59:24,154 [INFO] Interpreted as: {'position': (0.0, 0.0), 'latlon': (42.3, -71.1), 'heading': 45.0, 'depth': 1.0, 'altitude': 10.0, 'roll': 0.0, 'pitch': 0.0, 'last_fix_time': datetime.datetime(2021, 7, 28, 21, 59, 21), 'speed': None, 'rudder': 0, 'datum': (42.3, -71.1)}
2021-07-28 22:59:24,155 [INFO] Processing: $BFNVG,215921.34,4218.000000,N,07106.000000,W,0,10.0,1.0,45.0,0.0,0.0,215921.34*62
2021-07-28 22:59:24,157 [INFO] Interpreted as: {'position': (0.0, 0.0), 'latlon': (42.3, -71.1), 'heading': 45.0, 'depth': 1.0, 'altitude': 10.0, 'roll': 0.0, 'pitch': 0.0, 'last_fix_time': datetime.datetime(2021, 7, 28, 21, 59, 21), 'speed': None, 'rudder': 0, 'datum': (42.3, -71.1)}
2021-07-28 22:59:24,158 [INFO] Processing: $BFNVG,215921.59,4218.000000,N,07106.000000,W,0,10.0,1.0,45.0,0.0,0.0,215921.59*62
2021-07-28 22:59:24,160 [INFO] Interpreted as: {'position': (0.0, 0.0), 'latlon': (42.3, -71.1), 'heading': 45.0, 'depth': 1.0, 'altitude': 10.0, 'roll': 0.0, 'pitch': 0.0, 'last_fix_time': datetime.datetime(2021, 7, 28, 21, 59, 21), 'speed': None, 'rudder': 0, 'datum': (42.3, -71.1)}
2021-07-28 22:59:24,161 [INFO] Processing: $BFNVG,215921.84,4218.000000,N,07106.000000,W,0,10.0,1.0,45.0,0.0,0.0,215921.84*62
2021-07-28 22:59:24,163 [INFO] Interpreted as: {'position': (0.0, 0.0), 'latlon': (42.3, -71.1), 'heading': 45.0, 'depth': 1.0, 'altitude': 10.0, 'roll': 0.0, 'pitch': 0.0, 'last_fix_time': datetime.datetime(2021, 7, 28, 21, 59, 21), 'speed': None, 'rudder': 0, 'datum': (42.3, -71.1)}
2021-07-28 22:59:24,164 [INFO] Processing: $BFNVG,215922.09,4218.000000,N,07106.000000,W,0,10.0,1.0,45.0,0.0,0.0,215922.09*62
2021-07-28 22:59:24,166 [INFO] Interpreted as: {'position': (0.0, 0.0), 'latlon': (42.3, -71.1), 'heading': 45.0, 'depth': 1.0, 'altitude': 10.0, 'roll': 0.0, 'pitch': 0.0, 'last_fix_time': datetime.datetime(2021, 7, 28, 21, 59, 22), 'speed': None, 'rudder': 0, 'datum': (42.3, -71.1)}
2021-07-28 22:59:24,167 [INFO] Processing: $BFNVG,215922.34,4218.000000,N,07106.000000,W,0,10.0,1.0,45.0,0.0,0.0,215922.34*62
2021-07-28 22:59:24,168 [INFO] Interpreted as: {'position': (0.0, 0.0), 'latlon': (42.3, -71.1), 'heading': 45.0, 'depth': 1.0, 'altitude': 10.0, 'roll': 0.0, 'pitch': 0.0, 'last_fix_time': datetime.datetime(2021, 7, 28, 21, 59, 22), 'speed': None, 'rudder': 0, 'datum': (42.3, -71.1)}
2021-07-28 22:59:24,169 [INFO] Processing: $BFNVG,215922.59,4218.000000,N,07106.000000,W,0,10.0,1.0,45.0,0.0,0.0,215922.59*62
2021-07-28 22:59:24,170 [INFO] Interpreted as: {'position': (0.0, 0.0), 'latlon': (42.3, -71.1), 'heading': 45.0, 'depth': 1.0, 'altitude': 10.0, 'roll': 0.0, 'pitch': 0.0, 'last_fix_time': datetime.datetime(2021, 7, 28, 21, 59, 22), 'speed': None, 'rudder': 0, 'datum': (42.3, -71.1)}
2021-07-28 22:59:24,171 [INFO] Processing: $BFNVG,215922.84,4218.000000,N,07106.000000,W,0,10.0,1.0,45.0,0.0,0.0,215922.84*62
2021-07-28 22:59:24,173 [INFO] Interpreted as: {'position': (0.0, 0.0), 'latlon': (42.3, -71.1), 'heading': 45.0, 'depth': 1.0, 'altitude': 10.0, 'roll': 0.0, 'pitch': 0.0, 'last_fix_time': datetime.datetime(2021, 7, 28, 21, 59, 22), 'speed': None, 'rudder': 0, 'datum': (42.3, -71.1)}
2021-07-28 22:59:24,174 [INFO] Processing: $BFNVG,215923.09,4218.000000,N,07106.000000,W,0,10.0,1.0,45.0,0.0,0.0,215923.09*62
2021-07-28 22:59:24,175 [INFO] Interpreted as: {'position': (0.0, 0.0), 'latlon': (42.3, -71.1), 'heading': 45.0, 'depth': 1.0, 'altitude': 10.0, 'roll': 0.0, 'pitch': 0.0, 'last_fix_time': datetime.datetime(2021, 7, 28, 21, 59, 23), 'speed': None, 'rudder': 0, 'datum': (42.3, -71.1)}
2021-07-28 22:59:24,176 [INFO] Processing: $BFNVG,215923.34,4218.000000,N,07106.000000,W,0,10.0,1.0,45.0,0.0,0.0,215923.34*62
2021-07-28 22:59:24,178 [INFO] Interpreted as: {'position': (0.0, 0.0), 'latlon': (42.3, -71.1), 'heading': 45.0, 'depth': 1.0, 'altitude': 10.0, 'roll': 0.0, 'pitch': 0.0, 'last_fix_time': datetime.datetime(2021, 7, 28, 21, 59, 23), 'speed': None, 'rudder': 0, 'datum': (42.3, -71.1)}
2021-07-28 22:59:24,178 [INFO] Received from Frontseat: [b'$BFNVG,215920.83,4218.000000,N,07106.000000,W,0,10.0,1.0,45.0,0.0,0.0,215920.83*62', b'$BFNVG,215921.08,4218.000000,N,07106.000000,W,0,10.0,1.0,45.0,0.0,0.0,215921.08*62', b'$BFNVG,215921.34,4218.000000,N,07106.000000,W,0,10.0,1.0,45.0,0.0,0.0,215921.34*62', b'$BFNVG,215921.59,4218.000000,N,07106.000000,W,0,10.0,1.0,45.0,0.0,0.0,215921.59*62', b'$BFNVG,215921.84,4218.000000,N,07106.000000,W,0,10.0,1.0,45.0,0.0,0.0,215921.84*62', b'$BFNVG,215922.09,4218.000000,N,07106.000000,W,0,10.0,1.0,45.0,0.0,0.0,215922.09*62', b'$BFNVG,215922.34,4218.000000,N,07106.000000,W,0,10.0,1.0,45.0,0.0,0.0,215922.34*62', b'$BFNVG,215922.59,4218.000000,N,07106.000000,W,0,10.0,1.0,45.0,0.0,0.0,215922.59*62', b'$BFNVG,215922.84,4218.000000,N,07106.000000,W,0,10.0,1.0,45.0,0.0,0.0,215922.84*62', b'$BFNVG,215923.09,4218.000000,N,07106.000000,W,0,10.0,1.0,45.0,0.0,0.0,215923.09*62', b'$BFNVG,215923.34,4218.000000,N,07106.000000,W,0,10.0,1.0,45.0,0.0,0.0,215923.34*62']
2021-07-28 22:59:24,179 [INFO] AUV state: {'position': (0.0, 0.0), 'latlon': (42.3, -71.1), 'heading': 45.0, 'depth': 1.0, 'altitude': 10.0, 'roll': 0.0, 'pitch': 0.0, 'last_fix_time': datetime.datetime(2021, 7, 28, 21, 59, 23), 'speed': None, 'rudder': 0, 'datum': (42.3, -71.1)}
2021-07-28 22:59:24,723 [INFO] **** [] [(-1.4462869274454153, 12.208300582194946), (-15.376482237772926, -2.1351222872228797), (29.24619448422928, 10.636952849948397), (28.987269472736664, -16.521817036156637), (10.369460925073346, -22.84298134253257), (-9.872921440181464, -19.77281415587871), (23.802266295150346, -13.561433631071434), (7.435638062360447, 24.280621151138472)]
2021-07-28 22:59:24,725 [INFO] Next green buoy: [], next red buoy: [(-1.4462869274454153, 12.208300582194946), (-15.376482237772926, -2.1351222872228797), (29.24619448422928, 10.636952849948397), (28.987269472736664, -16.521817036156637), (10.369460925073346, -22.84298134253257), (-9.872921440181464, -19.77281415587871), (23.802266295150346, -13.561433631071434), (7.435638062360447, 24.280621151138472)]
2021-07-28 22:59:24,725 [INFO] Desired_heading: 43.55371307255459
2021-07-28 22:59:24,726 [INFO] delta angle: -1.0573695923833952
2021-07-28 22:59:24,726 [INFO] sending message $BPRMB,215922.85,1.0573695923833952,1,0,750,0,1*67
...
2021-07-28 22:59:25,728 [INFO] sending message $BPSTS,215925.72,1,BWSI Autonomy OK*49
...
2021-07-28 22:59:25,729 [INFO] Processing: $BFNVG,215923.77,4218.000000,N,07106.000000,W,0,10.0,1.0,45.0,0.0,0.0,215923.77*62
2021-07-28 22:59:25,731 [INFO] Interpreted as: {'position': (0.0, 0.0), 'latlon': (42.3, -71.1), 'heading': 45.0, 'depth': 1.0, 'altitude': 10.0, 'roll': 0.0, 'pitch': 0.0, 'last_fix_time': datetime.datetime(2021, 7, 28, 21, 59, 23), 'speed': None, 'rudder': 0, 'datum': (42.3, -71.1)}
2021-07-28 22:59:25,732 [INFO] Processing: $BFNVG,215924.14,4218.000000,N,07106.000000,W,0,10.0,1.0,45.0,0.0,0.0,215924.14*62
2021-07-28 22:59:25,734 [INFO] Interpreted as: {'position': (0.0, 0.0), 'latlon': (42.3, -71.1), 'heading': 45.0, 'depth': 1.0, 'altitude': 10.0, 'roll': 0.0, 'pitch': 0.0, 'last_fix_time': datetime.datetime(2021, 7, 28, 21, 59, 24), 'speed': None, 'rudder': 0, 'datum': (42.3, -71.1)}
2021-07-28 22:59:25,735 [INFO] Processing: $BFNVG,215924.51,4218.000000,N,07106.000000,W,0,10.0,1.0,45.0,0.0,0.0,215924.51*62
2021-07-28 22:59:25,737 [INFO] Interpreted as: {'position': (0.0, 0.0), 'latlon': (42.3, -71.1), 'heading': 45.0, 'depth': 1.0, 'altitude': 10.0, 'roll': 0.0, 'pitch': 0.0, 'last_fix_time': datetime.datetime(2021, 7, 28, 21, 59, 24), 'speed': None, 'rudder': 0, 'datum': (42.3, -71.1)}
2021-07-28 22:59:25,738 [INFO] Received from Frontseat: [b'$BFNVG,215923.77,4218.000000,N,07106.000000,W,0,10.0,1.0,45.0,0.0,0.0,215923.77*62', b'$BFNVG,215924.14,4218.000000,N,07106.000000,W,0,10.0,1.0,45.0,0.0,0.0,215924.14*62', b'$BFNVG,215924.51,4218.000000,N,07106.000000,W,0,10.0,1.0,45.0,0.0,0.0,215924.51*62']
2021-07-28 22:59:25,739 [INFO] AUV state: {'position': (0.0, 0.0), 'latlon': (42.3, -71.1), 'heading': 45.0, 'depth': 1.0, 'altitude': 10.0, 'roll': 0.0, 'pitch': 0.0, 'last_fix_time': datetime.datetime(2021, 7, 28, 21, 59, 24), 'speed': None, 'rudder': 0, 'datum': (42.3, -71.1)}
2021-07-28 22:59:26,258 [INFO] **** [] [(-1.3534531718400082, 12.121393014556961), (-14.974211224865066, -2.5241520717017245), (29.20775766914783, 10.690323664521687), (29.034573391773126, -16.333188812269228), (10.08717441217604, -22.293035958571345), (-9.90142521752424, -19.758443059034708), (23.685051399442166, -13.532928434719187), (-1.4335450696860617, -21.135641628117767), (5.056605949100878, -20.69147044663129), (21.2635017086284, -13.325394785892483), (16.18997723864778, -19.9110033085175), (1.8484548551421578, -20.66182648778742), (7.424982105361043, 24.25360121897525), (19.044118287821995, -13.148171857762806), (23.33954231334619, -3.180156322959193)]
2021-07-28 22:59:26,260 [INFO] Next green buoy: [], next red buoy: [(-1.3534531718400082, 12.121393014556961), (-14.974211224865066, -2.5241520717017245), (29.20775766914783, 10.690323664521687), (29.034573391773126, -16.333188812269228), (10.08717441217604, -22.293035958571345), (-9.90142521752424, -19.758443059034708), (23.685051399442166, -13.532928434719187), (-1.4335450696860617, -21.135641628117767), (5.056605949100878, -20.69147044663129), (21.2635017086284, -13.325394785892483), (16.18997723864778, -19.9110033085175), (1.8484548551421578, -20.66182648778742), (7.424982105361043, 24.25360121897525), (19.044118287821995, -13.148171857762806), (23.33954231334619, -3.180156322959193)]
2021-07-28 22:59:26,260 [INFO] Desired_heading: 43.64654682815999
2021-07-28 22:59:26,261 [INFO] delta angle: -0.9732239405491896
2021-07-28 22:59:26,261 [INFO] sending message $BPRMB,215928.59,0.9732239405491896,1,0,750,0,1*65
...
2021-07-28 22:59:27,263 [INFO] sending message $BPSTS,215927.26,1,BWSI Autonomy OK*4a
...
2021-07-28 22:59:27,264 [INFO] Processing: $BFNVG,215924.88,4218.000000,N,07106.000000,W,0,10.0,1.0,45.0,0.0,0.0,215924.88*62
2021-07-28 22:59:27,266 [INFO] Interpreted as: {'position': (0.0, 0.0), 'latlon': (42.3, -71.1), 'heading': 45.0, 'depth': 1.0, 'altitude': 10.0, 'roll': 0.0, 'pitch': 0.0, 'last_fix_time': datetime.datetime(2021, 7, 28, 21, 59, 24), 'speed': None, 'rudder': 0, 'datum': (42.3, -71.1)}
2021-07-28 22:59:27,267 [INFO] Processing: $BFNVG,215925.23,4218.000107,N,07105.999862,W,0,10.0,1.0,44.9,0.0,0.0,215925.23*6A
2021-07-28 22:59:27,269 [INFO] Interpreted as: {'position': (0.1944823235971853, 0.19334569945931435), 'latlon': (42.300001783333336, -71.0999977), 'heading': 44.9, 'depth': 1.0, 'altitude': 10.0, 'roll': 0.0, 'pitch': 0.0, 'last_fix_time': datetime.datetime(2021, 7, 28, 21, 59, 25), 'speed': None, 'rudder': 0, 'datum': (42.3, -71.1)}
2021-07-28 22:59:27,270 [INFO] Processing: $BFNVG,215925.59,4218.000215,N,07105.999725,W,0,10.0,1.0,44.9,0.0,0.0,215925.59*66
2021-07-28 22:59:27,272 [INFO] Interpreted as: {'position': (0.38763643096899614, 0.3885760037228465), 'latlon': (42.300003583333336, -71.09999541666667), 'heading': 44.9, 'depth': 1.0, 'altitude': 10.0, 'roll': 0.0, 'pitch': 0.0, 'last_fix_time': datetime.datetime(2021, 7, 28, 21, 59, 25), 'speed': None, 'rudder': 0, 'datum': (42.3, -71.1)}
2021-07-28 22:59:27,273 [INFO] Processing: $BFNVG,215925.94,4218.000322,N,07105.999589,W,0,10.0,1.0,44.8,0.0,0.0,215925.94*66
2021-07-28 22:59:27,275 [INFO] Interpreted as: {'position': (0.5793709760764614, 0.5819895202293992), 'latlon': (42.30000536666667, -71.09999315), 'heading': 44.8, 'depth': 1.0, 'altitude': 10.0, 'roll': 0.0, 'pitch': 0.0, 'last_fix_time': datetime.datetime(2021, 7, 28, 21, 59, 25), 'speed': None, 'rudder': 0, 'datum': (42.3, -71.1)}
2021-07-28 22:59:27,276 [INFO] Received from Frontseat: [b'$BFNVG,215924.88,4218.000000,N,07106.000000,W,0,10.0,1.0,45.0,0.0,0.0,215924.88*62', b'$BFNVG,215925.23,4218.000107,N,07105.999862,W,0,10.0,1.0,44.9,0.0,0.0,215925.23*6A', b'$BFNVG,215925.59,4218.000215,N,07105.999725,W,0,10.0,1.0,44.9,0.0,0.0,215925.59*66', b'$BFNVG,215925.94,4218.000322,N,07105.999589,W,0,10.0,1.0,44.8,0.0,0.0,215925.94*66']
2021-07-28 22:59:27,277 [INFO] AUV state: {'position': (0.5793709760764614, 0.5819895202293992), 'latlon': (42.30000536666667, -71.09999315), 'heading': 44.8, 'depth': 1.0, 'altitude': 10.0, 'roll': 0.0, 'pitch': 0.0, 'last_fix_time': datetime.datetime(2021, 7, 28, 21, 59, 25), 'speed': None, 'rudder': 0, 'datum': (42.3, -71.1)}
2021-07-28 22:59:27,785 [INFO] **** [] [(-1.4196719751519096, 12.196153114564353), (-15.22787560284052, -2.262701301008116), (29.211903795375097, 10.612296926461), (29.034399717918845, -16.334312042075304), (10.326648861329181, -22.384034941363492), (-9.90142521752424, -19.67799782700727), (23.641304959155015, -13.52714551940204), (20.910475199370275, -13.290817029130109), (16.213295416499317, -19.920583012524943), (5.216293071205178, -20.493229534718683), (19.14089541792381, -13.148171857762806), (7.435638062360447, 24.25360121897525), (7.861444750278925, -14.882283725776045)]
2021-07-28 22:59:27,786 [INFO] Next green buoy: [], next red buoy: [(-1.4196719751519096, 12.196153114564353), (-15.22787560284052, -2.262701301008116), (29.211903795375097, 10.612296926461), (29.034399717918845, -16.334312042075304), (10.326648861329181, -22.384034941363492), (-9.90142521752424, -19.67799782700727), (23.641304959155015, -13.52714551940204), (20.910475199370275, -13.290817029130109), (16.213295416499317, -19.920583012524943), (5.216293071205178, -20.493229534718683), (19.14089541792381, -13.148171857762806), (7.435638062360447, 24.25360121897525), (7.861444750278925, -14.882283725776045)]
2021-07-28 22:59:27,787 [INFO] Desired_heading: 43.38032802484809
2021-07-28 22:59:27,787 [INFO] delta angle: -1.0331033089322545
2021-07-28 22:59:27,787 [INFO] sending message $BPRMB,215925.92,1.0331033089322545,1,0,750,0,1*64
...
2021-07-28 22:59:28,789 [INFO] sending message $BPSTS,215928.78,1,BWSI Autonomy OK*4e
...
2021-07-28 22:59:28,794 [INFO] Processing: $BFNVG,215926.30,4218.000430,N,07105.999451,W,0,10.0,1.0,44.7,0.0,0.0,215926.30*69
2021-07-28 22:59:28,796 [INFO] Interpreted as: {'position': (0.7738989419885911, 0.777185931801796), 'latlon': (42.30000716666667, -71.09999085), 'heading': 44.7, 'depth': 1.0, 'altitude': 10.0, 'roll': 0.0, 'pitch': 0.0, 'last_fix_time': datetime.datetime(2021, 7, 28, 21, 59, 26), 'speed': None, 'rudder': 0, 'datum': (42.3, -71.1)}
2021-07-28 22:59:28,797 [INFO] Processing: $BFNVG,215926.65,4218.000537,N,07105.999315,W,0,10.0,1.0,44.7,0.0,0.0,215926.65*68
2021-07-28 22:59:28,800 [INFO] Interpreted as: {'position': (0.9656334661412984, 0.9705994576215744), 'latlon': (42.30000895, -71.09998858333333), 'heading': 44.7, 'depth': 1.0, 'altitude': 10.0, 'roll': 0.0, 'pitch': 0.0, 'last_fix_time': datetime.datetime(2021, 7, 28, 21, 59, 26), 'speed': None, 'rudder': 0, 'datum': (42.3, -71.1)}
2021-07-28 22:59:28,801 [INFO] Processing: $BFNVG,215927.01,4218.000645,N,07105.999179,W,0,10.0,1.0,44.6,0.0,0.0,215927.01*67
2021-07-28 22:59:28,803 [INFO] Interpreted as: {'position': (1.157413651701063, 1.1658636881038547), 'latlon': (42.30001075, -71.09998631666667), 'heading': 44.6, 'depth': 1.0, 'altitude': 10.0, 'roll': 0.0, 'pitch': 0.0, 'last_fix_time': datetime.datetime(2021, 7, 28, 21, 59, 27), 'speed': None, 'rudder': 0, 'datum': (42.3, -71.1)}
2021-07-28 22:59:28,804 [INFO] Processing: $BFNVG,215927.36,4218.000753,N,07105.999043,W,0,10.0,1.0,44.5,0.0,0.0,215927.36*6A
2021-07-28 22:59:28,806 [INFO] Interpreted as: {'position': (1.3491938266670331, 1.3611279223114252), 'latlon': (42.30001255, -71.09998405), 'heading': 44.5, 'depth': 1.0, 'altitude': 10.0, 'roll': 0.0, 'pitch': 0.0, 'last_fix_time': datetime.datetime(2021, 7, 28, 21, 59, 27), 'speed': None, 'rudder': 0, 'datum': (42.3, -71.1)}
2021-07-28 22:59:28,807 [INFO] Processing: $BFNVG,215927.71,4218.000861,N,07105.998907,W,0,10.0,1.0,44.5,0.0,0.0,215927.71*6C
2021-07-28 22:59:28,809 [INFO] Interpreted as: {'position': (1.540973991213832, 1.5563921621069312), 'latlon': (42.30001435, -71.09998178333333), 'heading': 44.5, 'depth': 1.0, 'altitude': 10.0, 'roll': 0.0, 'pitch': 0.0, 'last_fix_time': datetime.datetime(2021, 7, 28, 21, 59, 27), 'speed': None, 'rudder': 0, 'datum': (42.3, -71.1)}
2021-07-28 22:59:28,810 [INFO] Received from Frontseat: [b'$BFNVG,215926.30,4218.000430,N,07105.999451,W,0,10.0,1.0,44.7,0.0,0.0,215926.30*69', b'$BFNVG,215926.65,4218.000537,N,07105.999315,W,0,10.0,1.0,44.7,0.0,0.0,215926.65*68', b'$BFNVG,215927.01,4218.000645,N,07105.999179,W,0,10.0,1.0,44.6,0.0,0.0,215927.01*67', b'$BFNVG,215927.36,4218.000753,N,07105.999043,W,0,10.0,1.0,44.5,0.0,0.0,215927.36*6A', b'$BFNVG,215927.71,4218.000861,N,07105.998907,W,0,10.0,1.0,44.5,0.0,0.0,215927.71*6C']
2021-07-28 22:59:28,811 [INFO] AUV state: {'position': (1.540973991213832, 1.5563921621069312), 'latlon': (42.30001435, -71.09998178333333), 'heading': 44.5, 'depth': 1.0, 'altitude': 10.0, 'roll': 0.0, 'pitch': 0.0, 'last_fix_time': datetime.datetime(2021, 7, 28, 21, 59, 27), 'speed': None, 'rudder': 0, 'datum': (42.3, -71.1)}
2021-07-28 22:59:29,349 [INFO] **** [] [(3.562089923477086, 10.66189466844083), (-14.797620448817481, -1.940352931068155), (29.28354118309175, 10.708873845138136), (29.043577252259208, -16.376811208683623), (-28.13502730269437, 19.60010969481283), (10.088745921319486, -22.49837187970319), (-19.065052658414086, -5.148411162623699), (-9.748611043193184, -19.571421623532977), (23.753178790741256, -13.54326161631043), (20.102376472980904, -13.224442944127643), (-13.181677439308967, -6.507177086888383), (5.31897562282955, -20.49956854262766), (7.41195745647673, 24.265611496108747)]
2021-07-28 22:59:29,350 [INFO] Next green buoy: [], next red buoy: [(3.562089923477086, 10.66189466844083), (-14.797620448817481, -1.940352931068155), (29.28354118309175, 10.708873845138136), (29.043577252259208, -16.376811208683623), (-28.13502730269437, 19.60010969481283), (10.088745921319486, -22.49837187970319), (-19.065052658414086, -5.148411162623699), (-9.748611043193184, -19.571421623532977), (23.753178790741256, -13.54326161631043), (20.102376472980904, -13.224442944127643), (-13.181677439308967, -6.507177086888383), (5.31897562282955, -20.49956854262766), (7.41195745647673, 24.265611496108747)]
2021-07-28 22:59:29,351 [INFO] Desired_heading: 48.06208992347709
2021-07-28 22:59:29,351 [INFO] delta angle: 3.262419764546902
2021-07-28 22:59:29,352 [INFO] sending message $BPRMB,215931.64,-3.262419764546902,1,0,750,0,1*73
...
2021-07-28 22:59:30,354 [INFO] sending message $BPSTS,215930.35,1,BWSI Autonomy OK*4e
...
2021-07-28 22:59:30,355 [INFO] Processing: $BFNVG,215928.07,4218.000969,N,07105.998770,W,0,10.0,1.0,44.4,0.0,0.0,215928.07*6A
2021-07-28 22:59:30,358 [INFO] Interpreted as: {'position': (1.7341280246619135, 1.7516225017607212), 'latlon': (42.30001615, -71.0999795), 'heading': 44.4, 'depth': 1.0, 'altitude': 10.0, 'roll': 0.0, 'pitch': 0.0, 'last_fix_time': datetime.datetime(2021, 7, 28, 21, 59, 28), 'speed': None, 'rudder': 0, 'datum': (42.3, -71.1)}
2021-07-28 22:59:30,359 [INFO] Processing: $BFNVG,215928.44,4218.001081,N,07105.998630,W,0,10.0,1.0,44.3,0.0,0.0,215928.44*66
2021-07-28 22:59:30,361 [INFO] Interpreted as: {'position': (1.9315863722003996, 1.9541539205238223), 'latlon': (42.30001801666667, -71.09997716666666), 'heading': 44.3, 'depth': 1.0, 'altitude': 10.0, 'roll': 0.0, 'pitch': 0.0, 'last_fix_time': datetime.datetime(2021, 7, 28, 21, 59, 28), 'speed': None, 'rudder': 0, 'datum': (42.3, -71.1)}
2021-07-28 22:59:30,362 [INFO] Processing: $BFNVG,215928.81,4218.001195,N,07105.998488,W,0,10.0,1.0,44.3,0.0,0.0,215928.81*63
2021-07-28 22:59:30,364 [INFO] Interpreted as: {'position': (2.1318838103907183, 2.1603189315646887), 'latlon': (42.30001991666666, -71.0999748), 'heading': 44.3, 'depth': 1.0, 'altitude': 10.0, 'roll': 0.0, 'pitch': 0.0, 'last_fix_time': datetime.datetime(2021, 7, 28, 21, 59, 28), 'speed': None, 'rudder': 0, 'datum': (42.3, -71.1)}
2021-07-28 22:59:30,365 [INFO] Processing: $BFNVG,215929.17,4218.001304,N,07105.998352,W,0,10.0,1.0,44.2,0.0,0.0,215929.17*68
2021-07-28 22:59:30,367 [INFO] Interpreted as: {'position': (2.3237096033990383, 2.3574338890612125), 'latlon': (42.30002173333333, -71.09997253333333), 'heading': 44.2, 'depth': 1.0, 'altitude': 10.0, 'roll': 0.0, 'pitch': 0.0, 'last_fix_time': datetime.datetime(2021, 7, 28, 21, 59, 29), 'speed': None, 'rudder': 0, 'datum': (42.3, -71.1)}
2021-07-28 22:59:30,368 [INFO] Received from Frontseat: [b'$BFNVG,215928.07,4218.000969,N,07105.998770,W,0,10.0,1.0,44.4,0.0,0.0,215928.07*6A', b'$BFNVG,215928.44,4218.001081,N,07105.998630,W,0,10.0,1.0,44.3,0.0,0.0,215928.44*66', b'$BFNVG,215928.81,4218.001195,N,07105.998488,W,0,10.0,1.0,44.3,0.0,0.0,215928.81*63', b'$BFNVG,215929.17,4218.001304,N,07105.998352,W,0,10.0,1.0,44.2,0.0,0.0,215929.17*68']
2021-07-28 22:59:30,369 [INFO] AUV state: {'position': (2.3237096033990383, 2.3574338890612125), 'latlon': (42.30002173333333, -71.09997253333333), 'heading': 44.2, 'depth': 1.0, 'altitude': 10.0, 'roll': 0.0, 'pitch': 0.0, 'last_fix_time': datetime.datetime(2021, 7, 28, 21, 59, 29), 'speed': None, 'rudder': 0, 'datum': (42.3, -71.1)}
2021-07-28 22:59:30,891 [INFO] **** [] [(-1.4539580872931415, 12.212751095896836), (-15.152219616959888, -2.434816248815013), (29.268348121356887, 10.685543181829122), (28.945667091304436, -16.77750693215229), (9.55459816408642, -22.522369944820653), (-9.897027906849573, -19.78589360706594), (4.710043617796245, -20.628136911149767), (-1.7263608662149104, -21.240727507783546), (23.821816327727678, -13.556565561355429), (1.1080524405426428, -20.74862187341772), (-15.515848097702513, -6.367599311841974), (7.405191100979645, 24.274188876087365), (21.428782440267053, -13.336428160896881), (16.039943306049665, -19.9110033085175)]
2021-07-28 22:59:30,893 [INFO] Next green buoy: [], next red buoy: [(-1.4539580872931415, 12.212751095896836), (-15.152219616959888, -2.434816248815013), (29.268348121356887, 10.685543181829122), (28.945667091304436, -16.77750693215229), (9.55459816408642, -22.522369944820653), (-9.897027906849573, -19.78589360706594), (4.710043617796245, -20.628136911149767), (-1.7263608662149104, -21.240727507783546), (23.821816327727678, -13.556565561355429), (1.1080524405426428, -20.74862187341772), (-15.515848097702513, -6.367599311841974), (7.405191100979645, 24.274188876087365), (21.428782440267053, -13.336428160896881), (16.039943306049665, -19.9110033085175)]
2021-07-28 22:59:30,893 [INFO] Desired_heading: 42.746041912706865
2021-07-28 22:59:30,893 [INFO] delta angle: -1.0643846439009508
2021-07-28 22:59:30,894 [INFO] sending message $BPRMB,215929.05,1.0643846439009508,1,0,750,0,1*60
...
2021-07-28 22:59:31,896 [INFO] sending message $BPSTS,215931.89,1,BWSI Autonomy OK*48
...
2021-07-28 22:59:31,897 [INFO] Processing: $BFNVG,215929.52,4218.001411,N,07105.998218,W,0,10.0,1.0,44.1,0.0,0.0,215929.52*67
2021-07-28 22:59:31,899 [INFO] Interpreted as: {'position': (2.5126962843351066, 2.5509152663871646), 'latlon': (42.30002351666667, -71.0999703), 'heading': 44.1, 'depth': 1.0, 'altitude': 10.0, 'roll': 0.0, 'pitch': 0.0, 'last_fix_time': datetime.datetime(2021, 7, 28, 21, 59, 29), 'speed': None, 'rudder': 0, 'datum': (42.3, -71.1)}
2021-07-28 22:59:31,900 [INFO] Processing: $BFNVG,215929.87,4218.001519,N,07105.998083,W,0,10.0,1.0,44.3,0.0,0.0,215929.87*6C
2021-07-28 22:59:31,902 [INFO] Interpreted as: {'position': (2.7031025057076477, 2.7462134389206767), 'latlon': (42.30002531666667, -71.09996805), 'heading': 44.3, 'depth': 1.0, 'altitude': 10.0, 'roll': 0.0, 'pitch': 0.0, 'last_fix_time': datetime.datetime(2021, 7, 28, 21, 59, 29), 'speed': None, 'rudder': 0, 'datum': (42.3, -71.1)}
2021-07-28 22:59:31,903 [INFO] Processing: $BFNVG,215930.22,4218.001627,N,07105.997947,W,0,10.0,1.0,44.5,0.0,0.0,215930.22*6A
2021-07-28 22:59:31,905 [INFO] Interpreted as: {'position': (2.894882595865056, 2.941477715037763), 'latlon': (42.30002711666667, -71.09996578333333), 'heading': 44.5, 'depth': 1.0, 'altitude': 10.0, 'roll': 0.0, 'pitch': 0.0, 'last_fix_time': datetime.datetime(2021, 7, 28, 21, 59, 30), 'speed': None, 'rudder': 0, 'datum': (42.3, -71.1)}
2021-07-28 22:59:31,906 [INFO] Processing: $BFNVG,215930.58,4218.001736,N,07105.997810,W,0,10.0,1.0,44.8,0.0,0.0,215930.58*65
2021-07-28 22:59:31,908 [INFO] Interpreted as: {'position': (3.088082225935068, 3.1385587863624096), 'latlon': (42.30002893333333, -71.0999635), 'heading': 44.8, 'depth': 1.0, 'altitude': 10.0, 'roll': 0.0, 'pitch': 0.0, 'last_fix_time': datetime.datetime(2021, 7, 28, 21, 59, 30), 'speed': None, 'rudder': 0, 'datum': (42.3, -71.1)}
2021-07-28 22:59:31,909 [INFO] Received from Frontseat: [b'$BFNVG,215929.52,4218.001411,N,07105.998218,W,0,10.0,1.0,44.1,0.0,0.0,215929.52*67', b'$BFNVG,215929.87,4218.001519,N,07105.998083,W,0,10.0,1.0,44.3,0.0,0.0,215929.87*6C', b'$BFNVG,215930.22,4218.001627,N,07105.997947,W,0,10.0,1.0,44.5,0.0,0.0,215930.22*6A', b'$BFNVG,215930.58,4218.001736,N,07105.997810,W,0,10.0,1.0,44.8,0.0,0.0,215930.58*65']
2021-07-28 22:59:31,909 [INFO] AUV state: {'position': (3.088082225935068, 3.1385587863624096), 'latlon': (42.30002893333333, -71.0999635), 'heading': 44.8, 'depth': 1.0, 'altitude': 10.0, 'roll': 0.0, 'pitch': 0.0, 'last_fix_time': datetime.datetime(2021, 7, 28, 21, 59, 30), 'speed': None, 'rudder': 0, 'datum': (42.3, -71.1)}
2021-07-28 22:59:32,422 [INFO] **** [] [(-1.5035060102971671, 12.274137116638178), (-15.034482540683587, -2.503988382373244), (29.14428621853274, 10.613173038645087), (29.034870658694754, -16.324845540121608), (9.389104963914987, -21.91286839209037), (21.96194834123913, -13.382264558819013), (-9.910328053644646, -19.76242895351388), (-2.073109766386515, -21.242350729808884), (7.46022675701198, 24.228649547701856), (-15.445951567639632, -6.42111318724084), (23.311504841797394, -3.1985716350883093), (4.572851118857715, 21.502529068459097)]
2021-07-28 22:59:32,423 [INFO] Next green buoy: [], next red buoy: [(-1.5035060102971671, 12.274137116638178), (-15.034482540683587, -2.503988382373244), (29.14428621853274, 10.613173038645087), (29.034870658694754, -16.324845540121608), (9.389104963914987, -21.91286839209037), (21.96194834123913, -13.382264558819013), (-9.910328053644646, -19.76242895351388), (-2.073109766386515, -21.242350729808884), (7.46022675701198, 24.228649547701856), (-15.445951567639632, -6.42111318724084), (23.311504841797394, -3.1985716350883093), (4.572851118857715, 21.502529068459097)]
2021-07-28 22:59:32,424 [INFO] Desired_heading: 43.29649398970283
2021-07-28 22:59:32,424 [INFO] delta angle: -1.1099162290049662
2021-07-28 22:59:32,425 [INFO] sending message $BPRMB,215934.73,1.1099162290049662,1,0,750,0,1*6c
...
2021-07-28 22:59:33,426 [INFO] sending message $BPSTS,215933.42,1,BWSI Autonomy OK*4d
...
2021-07-28 22:59:33,428 [INFO] Processing: $BFNVG,215930.93,4218.001842,N,07105.997674,W,0,10.0,1.0,45.0,0.0,0.0,215930.93*6C
2021-07-28 22:59:33,430 [INFO] Interpreted as: {'position': (3.279770952416584, 3.3301216764375567), 'latlon': (42.3000307, -71.09996123333333), 'heading': 45.0, 'depth': 1.0, 'altitude': 10.0, 'roll': 0.0, 'pitch': 0.0, 'last_fix_time': datetime.datetime(2021, 7, 28, 21, 59, 30), 'speed': None, 'rudder': 0, 'datum': (42.3, -71.1)}
2021-07-28 22:59:33,431 [INFO] Processing: $BFNVG,215931.29,4218.001949,N,07105.997537,W,0,10.0,1.0,44.9,0.0,0.0,215931.29*6A
2021-07-28 22:59:33,433 [INFO] Interpreted as: {'position': (3.4728792188689113, 3.5235013645142317), 'latlon': (42.30003248333333, -71.09995895), 'heading': 44.9, 'depth': 1.0, 'altitude': 10.0, 'roll': 0.0, 'pitch': 0.0, 'last_fix_time': datetime.datetime(2021, 7, 28, 21, 59, 31), 'speed': None, 'rudder': 0, 'datum': (42.3, -71.1)}
2021-07-28 22:59:33,434 [INFO] Processing: $BFNVG,215931.64,4218.002057,N,07105.997400,W,0,10.0,1.0,44.8,0.0,0.0,215931.64*6B
2021-07-28 22:59:33,436 [INFO] Interpreted as: {'position': (3.666033143934328, 3.718731756322086), 'latlon': (42.30003428333333, -71.09995666666667), 'heading': 44.8, 'depth': 1.0, 'altitude': 10.0, 'roll': 0.0, 'pitch': 0.0, 'last_fix_time': datetime.datetime(2021, 7, 28, 21, 59, 31), 'speed': None, 'rudder': 0, 'datum': (42.3, -71.1)}
2021-07-28 22:59:33,437 [INFO] Processing: $BFNVG,215932.00,4218.002165,N,07105.997262,W,0,10.0,1.0,44.8,0.0,0.0,215932.00*69
2021-07-28 22:59:33,439 [INFO] Interpreted as: {'position': (3.8605609394726343, 3.913928246125579), 'latlon': (42.30003608333333, -71.09995436666667), 'heading': 44.8, 'depth': 1.0, 'altitude': 10.0, 'roll': 0.0, 'pitch': 0.0, 'last_fix_time': datetime.datetime(2021, 7, 28, 21, 59, 32), 'speed': None, 'rudder': 0, 'datum': (42.3, -71.1)}
2021-07-28 22:59:33,439 [INFO] Processing: $BFNVG,215932.36,4218.002273,N,07105.997125,W,0,10.0,1.0,44.7,0.0,0.0,215932.36*62
2021-07-28 22:59:33,441 [INFO] Interpreted as: {'position': (4.053714845445938, 4.109158647246659), 'latlon': (42.30003788333333, -71.09995208333333), 'heading': 44.7, 'depth': 1.0, 'altitude': 10.0, 'roll': 0.0, 'pitch': 0.0, 'last_fix_time': datetime.datetime(2021, 7, 28, 21, 59, 32), 'speed': None, 'rudder': 0, 'datum': (42.3, -71.1)}
2021-07-28 22:59:33,442 [INFO] Received from Frontseat: [b'$BFNVG,215930.93,4218.001842,N,07105.997674,W,0,10.0,1.0,45.0,0.0,0.0,215930.93*6C', b'$BFNVG,215931.29,4218.001949,N,07105.997537,W,0,10.0,1.0,44.9,0.0,0.0,215931.29*6A', b'$BFNVG,215931.64,4218.002057,N,07105.997400,W,0,10.0,1.0,44.8,0.0,0.0,215931.64*6B', b'$BFNVG,215932.00,4218.002165,N,07105.997262,W,0,10.0,1.0,44.8,0.0,0.0,215932.00*69', b'$BFNVG,215932.36,4218.002273,N,07105.997125,W,0,10.0,1.0,44.7,0.0,0.0,215932.36*62']
2021-07-28 22:59:33,443 [INFO] AUV state: {'position': (4.053714845445938, 4.109158647246659), 'latlon': (42.30003788333333, -71.09995208333333), 'heading': 44.7, 'depth': 1.0, 'altitude': 10.0, 'roll': 0.0, 'pitch': 0.0, 'last_fix_time': datetime.datetime(2021, 7, 28, 21, 59, 32), 'speed': None, 'rudder': 0, 'datum': (42.3, -71.1)}
2021-07-28 22:59:33,956 [INFO] **** [] [(3.212527737470384, 11.017848617752987), (-14.9413532645563, -1.9025392166438106), (29.22985256527013, 10.658933111501828), (29.035126423055985, -16.35356980916455), (-28.094276707536213, 19.5514722686089), (10.215909971963333, -22.587885979065344), (-19.03701684741828, -5.1661335230203775), (-9.817816226829372, -19.471715031533495), (23.775331872809968, -13.53658686870551), (-13.166668072164494, -6.508851552639223), (11.44125941289943, -20.436154881570154), (7.424982105361043, 24.25360121897525)]
2021-07-28 22:59:33,957 [INFO] Next green buoy: [], next red buoy: [(3.212527737470384, 11.017848617752987), (-14.9413532645563, -1.9025392166438106), (29.22985256527013, 10.658933111501828), (29.035126423055985, -16.35356980916455), (-28.094276707536213, 19.5514722686089), (10.215909971963333, -22.587885979065344), (-19.03701684741828, -5.1661335230203775), (-9.817816226829372, -19.471715031533495), (23.775331872809968, -13.53658686870551), (-13.166668072164494, -6.508851552639223), (11.44125941289943, -20.436154881570154), (7.424982105361043, 24.25360121897525)]
2021-07-28 22:59:33,957 [INFO] Desired_heading: 47.912527737470384
2021-07-28 22:59:33,958 [INFO] delta angle: 2.8672617991865432
2021-07-28 22:59:33,958 [INFO] sending message $BPRMB,215932.11,-2.8672617991865432,1,0,750,0,1*44
...
2021-07-28 22:59:34,960 [INFO] sending message $BPSTS,215934.96,1,BWSI Autonomy OK*43
...
2021-07-28 22:59:34,961 [INFO] Processing: $BFNVG,215932.71,4218.002380,N,07105.996989,W,0,10.0,1.0,44.6,0.0,0.0,215932.71*61
2021-07-28 22:59:34,963 [INFO] Interpreted as: {'position': (4.245449190726504, 4.302572259679437), 'latlon': (42.30003966666666, -71.09994981666667), 'heading': 44.6, 'depth': 1.0, 'altitude': 10.0, 'roll': 0.0, 'pitch': 0.0, 'last_fix_time': datetime.datetime(2021, 7, 28, 21, 59, 32), 'speed': None, 'rudder': 0, 'datum': (42.3, -71.1)}
2021-07-28 22:59:34,964 [INFO] Processing: $BFNVG,215933.06,4218.002487,N,07105.996854,W,0,10.0,1.0,44.6,0.0,0.0,215933.06*60
2021-07-28 22:59:34,966 [INFO] Interpreted as: {'position': (4.435809644754045, 4.496019782498479), 'latlon': (42.30004145, -71.09994756666667), 'heading': 44.6, 'depth': 1.0, 'altitude': 10.0, 'roll': 0.0, 'pitch': 0.0, 'last_fix_time': datetime.datetime(2021, 7, 28, 21, 59, 33), 'speed': None, 'rudder': 0, 'datum': (42.3, -71.1)}
2021-07-28 22:59:34,967 [INFO] Processing: $BFNVG,215933.42,4218.002597,N,07105.996715,W,0,10.0,1.0,44.5,0.0,0.0,215933.42*69
2021-07-28 22:59:34,969 [INFO] Interpreted as: {'position': (4.631802618619986, 4.694883784279227), 'latlon': (42.30004328333333, -71.09994525), 'heading': 44.5, 'depth': 1.0, 'altitude': 10.0, 'roll': 0.0, 'pitch': 0.0, 'last_fix_time': datetime.datetime(2021, 7, 28, 21, 59, 33), 'speed': None, 'rudder': 0, 'datum': (42.3, -71.1)}
2021-07-28 22:59:34,970 [INFO] Processing: $BFNVG,215933.78,4218.002706,N,07105.996579,W,0,10.0,1.0,44.4,0.0,0.0,215933.78*6A
2021-07-28 22:59:34,972 [INFO] Interpreted as: {'position': (4.8236282743746415, 4.891998806037009), 'latlon': (42.3000451, -71.09994298333334), 'heading': 44.4, 'depth': 1.0, 'altitude': 10.0, 'roll': 0.0, 'pitch': 0.0, 'last_fix_time': datetime.datetime(2021, 7, 28, 21, 59, 33), 'speed': None, 'rudder': 0, 'datum': (42.3, -71.1)}
2021-07-28 22:59:34,973 [INFO] Received from Frontseat: [b'$BFNVG,215932.71,4218.002380,N,07105.996989,W,0,10.0,1.0,44.6,0.0,0.0,215932.71*61', b'$BFNVG,215933.06,4218.002487,N,07105.996854,W,0,10.0,1.0,44.6,0.0,0.0,215933.06*60', b'$BFNVG,215933.42,4218.002597,N,07105.996715,W,0,10.0,1.0,44.5,0.0,0.0,215933.42*69', b'$BFNVG,215933.78,4218.002706,N,07105.996579,W,0,10.0,1.0,44.4,0.0,0.0,215933.78*6A']
2021-07-28 22:59:34,974 [INFO] AUV state: {'position': (4.8236282743746415, 4.891998806037009), 'latlon': (42.3000451, -71.09994298333334), 'heading': 44.4, 'depth': 1.0, 'altitude': 10.0, 'roll': 0.0, 'pitch': 0.0, 'last_fix_time': datetime.datetime(2021, 7, 28, 21, 59, 33), 'speed': None, 'rudder': 0, 'datum': (42.3, -71.1)}
2021-07-28 22:59:35,514 [INFO] **** [] [(-1.4854741659862123, 12.239444859873762), (-15.287345114869499, -2.1263245672219777), (29.31595735546433, 10.68056786476806), (28.9554285083226, -16.664504226854977), (9.832292159915076, -22.708081702659253), (-9.861003722877737, -19.619688432578467), (-13.107892676778292, -6.6191605292690765), (23.803004674950014, -13.53744766035727), (11.214491671264856, -20.23998852475469), (7.435638062360447, 24.25360121897525)]
2021-07-28 22:59:35,515 [INFO] Next green buoy: [], next red buoy: [(-1.4854741659862123, 12.239444859873762), (-15.287345114869499, -2.1263245672219777), (29.31595735546433, 10.68056786476806), (28.9554285083226, -16.664504226854977), (9.832292159915076, -22.708081702659253), (-9.861003722877737, -19.619688432578467), (-13.107892676778292, -6.6191605292690765), (23.803004674950014, -13.53744766035727), (11.214491671264856, -20.23998852475469), (7.435638062360447, 24.25360121897525)]
2021-07-28 22:59:35,516 [INFO] Desired_heading: 42.91452583401379
2021-07-28 22:59:35,516 [INFO] delta angle: -1.0933019435192364
2021-07-28 22:59:35,517 [INFO] sending message $BPRMB,215937.80,1.0933019435192364,1,0,750,0,1*6b
...
2021-07-28 22:59:36,518 [INFO] sending message $BPSTS,215936.51,1,BWSI Autonomy OK*4a
...
2021-07-28 22:59:36,520 [INFO] Processing: $BFNVG,215934.14,4218.002816,N,07105.996441,W,0,10.0,1.0,44.3,0.0,0.0,215934.14*69
2021-07-28 22:59:36,522 [INFO] Interpreted as: {'position': (5.018247349886224, 5.090896720997989), 'latlon': (42.300046933333334, -71.09994068333333), 'heading': 44.3, 'depth': 1.0, 'altitude': 10.0, 'roll': 0.0, 'pitch': 0.0, 'last_fix_time': datetime.datetime(2021, 7, 28, 21, 59, 34), 'speed': None, 'rudder': 0, 'datum': (42.3, -71.1)}
2021-07-28 22:59:36,523 [INFO] Processing: $BFNVG,215934.50,4218.002924,N,07105.996304,W,0,10.0,1.0,44.5,0.0,0.0,215934.50*69
2021-07-28 22:59:36,525 [INFO] Interpreted as: {'position': (5.211401190026663, 5.286127152852714), 'latlon': (42.300048733333334, -71.0999384), 'heading': 44.5, 'depth': 1.0, 'altitude': 10.0, 'roll': 0.0, 'pitch': 0.0, 'last_fix_time': datetime.datetime(2021, 7, 28, 21, 59, 34), 'speed': None, 'rudder': 0, 'datum': (42.3, -71.1)}
2021-07-28 22:59:36,526 [INFO] Processing: $BFNVG,215934.85,4218.003031,N,07105.996169,W,0,10.0,1.0,44.7,0.0,0.0,215934.85*6E
2021-07-28 22:59:36,528 [INFO] Interpreted as: {'position': (5.401761593588162, 5.479574698954821), 'latlon': (42.300050516666666, -71.09993615), 'heading': 44.7, 'depth': 1.0, 'altitude': 10.0, 'roll': 0.0, 'pitch': 0.0, 'last_fix_time': datetime.datetime(2021, 7, 28, 21, 59, 34), 'speed': None, 'rudder': 0, 'datum': (42.3, -71.1)}
2021-07-28 22:59:36,528 [INFO] Processing: $BFNVG,215935.20,4218.003138,N,07105.996034,W,0,10.0,1.0,44.9,0.0,0.0,215935.20*61
2021-07-28 22:59:36,530 [INFO] Interpreted as: {'position': (5.59212198673049, 5.673022250644863), 'latlon': (42.3000523, -71.0999339), 'heading': 44.9, 'depth': 1.0, 'altitude': 10.0, 'roll': 0.0, 'pitch': 0.0, 'last_fix_time': datetime.datetime(2021, 7, 28, 21, 59, 35), 'speed': None, 'rudder': 0, 'datum': (42.3, -71.1)}
2021-07-28 22:59:36,531 [INFO] Received from Frontseat: [b'$BFNVG,215934.14,4218.002816,N,07105.996441,W,0,10.0,1.0,44.3,0.0,0.0,215934.14*69', b'$BFNVG,215934.50,4218.002924,N,07105.996304,W,0,10.0,1.0,44.5,0.0,0.0,215934.50*69', b'$BFNVG,215934.85,4218.003031,N,07105.996169,W,0,10.0,1.0,44.7,0.0,0.0,215934.85*6E', b'$BFNVG,215935.20,4218.003138,N,07105.996034,W,0,10.0,1.0,44.9,0.0,0.0,215935.20*61']
2021-07-28 22:59:36,532 [INFO] AUV state: {'position': (5.59212198673049, 5.673022250644863), 'latlon': (42.3000523, -71.0999339), 'heading': 44.9, 'depth': 1.0, 'altitude': 10.0, 'roll': 0.0, 'pitch': 0.0, 'last_fix_time': datetime.datetime(2021, 7, 28, 21, 59, 35), 'speed': None, 'rudder': 0, 'datum': (42.3, -71.1)}
2021-07-28 22:59:37,051 [INFO] **** [] [(-1.5240172917009778, 12.203655771609506), (-15.11623130920137, -2.3872436137852526), (29.34231887879944, 10.84058924767829), (28.98261111701089, -16.690434769966853), (9.614420670925844, -22.695093484349513), (-9.905556749993924, -19.829529004066487), (23.799446949607244, -13.543473027535947), (5.107873763997704, -20.568037254724736), (11.851881476485138, -20.24560018151002), (7.382353118690241, 24.258105338819064)]
2021-07-28 22:59:37,053 [INFO] Next green buoy: [], next red buoy: [(-1.5240172917009778, 12.203655771609506), (-15.11623130920137, -2.3872436137852526), (29.34231887879944, 10.84058924767829), (28.98261111701089, -16.690434769966853), (9.614420670925844, -22.695093484349513), (-9.905556749993924, -19.829529004066487), (23.799446949607244, -13.543473027535947), (5.107873763997704, -20.568037254724736), (11.851881476485138, -20.24560018151002), (7.382353118690241, 24.258105338819064)]
2021-07-28 22:59:37,053 [INFO] Desired_heading: 43.37598270829902
2021-07-28 22:59:37,053 [INFO] delta angle: -1.1288756599729481
2021-07-28 22:59:37,054 [INFO] sending message $BPRMB,215935.23,1.1288756599729481,1,0,750,0,1*6b
...
2021-07-28 22:59:38,056 [INFO] sending message $BPSTS,215938.05,1,BWSI Autonomy OK*45
...
2021-07-28 22:59:38,057 [INFO] Processing: $BFNVG,215935.55,4218.003244,N,07105.995897,W,0,10.0,1.0,45.1,0.0,0.0,215935.55*62
2021-07-28 22:59:38,059 [INFO] Interpreted as: {'position': (5.785184456210118, 5.864551302045584), 'latlon': (42.30005406666667, -71.09993161666667), 'heading': 45.1, 'depth': 1.0, 'altitude': 10.0, 'roll': 0.0, 'pitch': 0.0, 'last_fix_time': datetime.datetime(2021, 7, 28, 21, 59, 35), 'speed': None, 'rudder': 0, 'datum': (42.3, -71.1)}
2021-07-28 22:59:38,060 [INFO] Processing: $BFNVG,215935.90,4218.003350,N,07105.995761,W,0,10.0,1.0,45.0,0.0,0.0,215935.90*61
2021-07-28 22:59:38,062 [INFO] Interpreted as: {'position': (5.97687303670682, 6.056114263832569), 'latlon': (42.30005583333333, -71.09992935), 'heading': 45.0, 'depth': 1.0, 'altitude': 10.0, 'roll': 0.0, 'pitch': 0.0, 'last_fix_time': datetime.datetime(2021, 7, 28, 21, 59, 35), 'speed': None, 'rudder': 0, 'datum': (42.3, -71.1)}
2021-07-28 22:59:38,063 [INFO] Processing: $BFNVG,215936.26,4218.003457,N,07105.995624,W,0,10.0,1.0,44.9,0.0,0.0,215936.26*69
2021-07-28 22:59:38,065 [INFO] Interpreted as: {'position': (6.169981155893765, 6.24949402268976), 'latlon': (42.30005761666666, -71.09992706666667), 'heading': 44.9, 'depth': 1.0, 'altitude': 10.0, 'roll': 0.0, 'pitch': 0.0, 'last_fix_time': datetime.datetime(2021, 7, 28, 21, 59, 36), 'speed': None, 'rudder': 0, 'datum': (42.3, -71.1)}
2021-07-28 22:59:38,066 [INFO] Processing: $BFNVG,215936.61,4218.003564,N,07105.995487,W,0,10.0,1.0,44.9,0.0,0.0,215936.61*63
2021-07-28 22:59:38,067 [INFO] Interpreted as: {'position': (6.363089264719747, 6.442873786203563), 'latlon': (42.3000594, -71.09992478333334), 'heading': 44.9, 'depth': 1.0, 'altitude': 10.0, 'roll': 0.0, 'pitch': 0.0, 'last_fix_time': datetime.datetime(2021, 7, 28, 21, 59, 36), 'speed': None, 'rudder': 0, 'datum': (42.3, -71.1)}
2021-07-28 22:59:38,068 [INFO] Processing: $BFNVG,215936.97,4218.003672,N,07105.995350,W,0,10.0,1.0,44.8,0.0,0.0,215936.97*6B
2021-07-28 22:59:38,070 [INFO] Interpreted as: {'position': (6.556243033381179, 6.638104251585901), 'latlon': (42.3000612, -71.0999225), 'heading': 44.8, 'depth': 1.0, 'altitude': 10.0, 'roll': 0.0, 'pitch': 0.0, 'last_fix_time': datetime.datetime(2021, 7, 28, 21, 59, 36), 'speed': None, 'rudder': 0, 'datum': (42.3, -71.1)}
2021-07-28 22:59:38,071 [INFO] Received from Frontseat: [b'$BFNVG,215935.55,4218.003244,N,07105.995897,W,0,10.0,1.0,45.1,0.0,0.0,215935.55*62', b'$BFNVG,215935.90,4218.003350,N,07105.995761,W,0,10.0,1.0,45.0,0.0,0.0,215935.90*61', b'$BFNVG,215936.26,4218.003457,N,07105.995624,W,0,10.0,1.0,44.9,0.0,0.0,215936.26*69', b'$BFNVG,215936.61,4218.003564,N,07105.995487,W,0,10.0,1.0,44.9,0.0,0.0,215936.61*63', b'$BFNVG,215936.97,4218.003672,N,07105.995350,W,0,10.0,1.0,44.8,0.0,0.0,215936.97*6B']
2021-07-28 22:59:38,072 [INFO] AUV state: {'position': (6.556243033381179, 6.638104251585901), 'latlon': (42.3000612, -71.0999225), 'heading': 44.8, 'depth': 1.0, 'altitude': 10.0, 'roll': 0.0, 'pitch': 0.0, 'last_fix_time': datetime.datetime(2021, 7, 28, 21, 59, 36), 'speed': None, 'rudder': 0, 'datum': (42.3, -71.1)}
2021-07-28 22:59:38,587 [INFO] **** [] [(3.368470526771275, 10.893388656361894), (-15.323451531448027, -2.1692181124929086), (29.2342124844251, 10.661105376701036), (29.048386994323813, -16.350068679362295), (-28.107854420474503, 19.581422309116533), (9.76115343599715, -22.522208033414515), (-9.818772778282609, -19.641100058416196), (23.731558759988626, -13.545732461536602), (2.0540185448616266, -20.57145515231725), (7.424982105361043, 24.25360121897525)]
2021-07-28 22:59:38,589 [INFO] Next green buoy: [], next red buoy: [(3.368470526771275, 10.893388656361894), (-15.323451531448027, -2.1692181124929086), (29.2342124844251, 10.661105376701036), (29.048386994323813, -16.350068679362295), (-28.107854420474503, 19.581422309116533), (9.76115343599715, -22.522208033414515), (-9.818772778282609, -19.641100058416196), (23.731558759988626, -13.545732461536602), (2.0540185448616266, -20.57145515231725), (7.424982105361043, 24.25360121897525)]
2021-07-28 22:59:38,589 [INFO] Desired_heading: 48.16847052677127
2021-07-28 22:59:38,589 [INFO] delta angle: 3.0422834902087477
2021-07-28 22:59:38,590 [INFO] sending message $BPRMB,215940.87,-3.0422834902087477,1,0,750,0,1*40
...
2021-07-28 22:59:39,592 [INFO] sending message $BPSTS,215939.59,1,BWSI Autonomy OK*4d
...
2021-07-28 22:59:39,593 [INFO] Processing: $BFNVG,215937.32,4218.003779,N,07105.995214,W,0,10.0,1.0,44.7,0.0,0.0,215937.32*6F
2021-07-28 22:59:39,598 [INFO] Interpreted as: {'position': (6.747977242688648, 6.831517929211259), 'latlon': (42.30006298333333, -71.09992023333334), 'heading': 44.7, 'depth': 1.0, 'altitude': 10.0, 'roll': 0.0, 'pitch': 0.0, 'last_fix_time': datetime.datetime(2021, 7, 28, 21, 59, 37), 'speed': None, 'rudder': 0, 'datum': (42.3, -71.1)}
2021-07-28 22:59:39,599 [INFO] Processing: $BFNVG,215937.68,4218.003889,N,07105.995075,W,0,10.0,1.0,44.6,0.0,0.0,215937.68*6B
2021-07-28 22:59:39,602 [INFO] Interpreted as: {'position': (6.943970087741036, 7.030381992459297), 'latlon': (42.30006481666667, -71.09991791666667), 'heading': 44.6, 'depth': 1.0, 'altitude': 10.0, 'roll': 0.0, 'pitch': 0.0, 'last_fix_time': datetime.datetime(2021, 7, 28, 21, 59, 37), 'speed': None, 'rudder': 0, 'datum': (42.3, -71.1)}
2021-07-28 22:59:39,603 [INFO] Processing: $BFNVG,215938.03,4218.003996,N,07105.994939,W,0,10.0,1.0,44.6,0.0,0.0,215938.03*64
2021-07-28 22:59:39,606 [INFO] Interpreted as: {'position': (7.1357042759191245, 7.223795681260526), 'latlon': (42.3000666, -71.09991565), 'heading': 44.6, 'depth': 1.0, 'altitude': 10.0, 'roll': 0.0, 'pitch': 0.0, 'last_fix_time': datetime.datetime(2021, 7, 28, 21, 59, 38), 'speed': None, 'rudder': 0, 'datum': (42.3, -71.1)}
2021-07-28 22:59:39,607 [INFO] Processing: $BFNVG,215938.39,4218.004103,N,07105.994804,W,0,10.0,1.0,44.5,0.0,0.0,215938.39*6B
2021-07-28 22:59:39,609 [INFO] Interpreted as: {'position': (7.326064575347118, 7.417243277654052), 'latlon': (42.30006838333333, -71.0999134), 'heading': 44.5, 'depth': 1.0, 'altitude': 10.0, 'roll': 0.0, 'pitch': 0.0, 'last_fix_time': datetime.datetime(2021, 7, 28, 21, 59, 38), 'speed': None, 'rudder': 0, 'datum': (42.3, -71.1)}
2021-07-28 22:59:39,611 [INFO] Received from Frontseat: [b'$BFNVG,215937.32,4218.003779,N,07105.995214,W,0,10.0,1.0,44.7,0.0,0.0,215937.32*6F', b'$BFNVG,215937.68,4218.003889,N,07105.995075,W,0,10.0,1.0,44.6,0.0,0.0,215937.68*6B', b'$BFNVG,215938.03,4218.003996,N,07105.994939,W,0,10.0,1.0,44.6,0.0,0.0,215938.03*64', b'$BFNVG,215938.39,4218.004103,N,07105.994804,W,0,10.0,1.0,44.5,0.0,0.0,215938.39*6B']
2021-07-28 22:59:39,612 [INFO] AUV state: {'position': (7.326064575347118, 7.417243277654052), 'latlon': (42.30006838333333, -71.0999134), 'heading': 44.5, 'depth': 1.0, 'altitude': 10.0, 'roll': 0.0, 'pitch': 0.0, 'last_fix_time': datetime.datetime(2021, 7, 28, 21, 59, 38), 'speed': None, 'rudder': 0, 'datum': (42.3, -71.1)}
2021-07-28 22:59:40,124 [INFO] **** [] [(-1.4687528518745572, 12.205668496149462), (-15.300267997326822, -2.2547570995053237), (29.276330746397896, 10.757600509016934), (28.988161327783065, -16.521471557012383), (9.340322508461126, -22.328719761260544), (-9.926463211850932, -19.79001695863992), (23.78007369320327, -13.545258262898377), (1.6584611516885703, -20.63719039819613), (-1.3800494905581866, -21.109299095389638), (7.823461098805123, -14.94733620959976), (7.435638062360447, 24.25360121897525), (19.189241503365494, -13.161016747294441)]
2021-07-28 22:59:40,126 [INFO] Next green buoy: [], next red buoy: [(-1.4687528518745572, 12.205668496149462), (-15.300267997326822, -2.2547570995053237), (29.276330746397896, 10.757600509016934), (28.988161327783065, -16.521471557012383), (9.340322508461126, -22.328719761260544), (-9.926463211850932, -19.79001695863992), (23.78007369320327, -13.545258262898377), (1.6584611516885703, -20.63719039819613), (-1.3800494905581866, -21.109299095389638), (7.823461098805123, -14.94733620959976), (7.435638062360447, 24.25360121897525), (19.189241503365494, -13.161016747294441)]
2021-07-28 22:59:40,127 [INFO] Desired_heading: 43.031247148125445
2021-07-28 22:59:40,128 [INFO] delta angle: -1.0779401405029603
2021-07-28 22:59:40,129 [INFO] sending message $BPRMB,215938.30,1.0779401405029603,1,0,750,0,1*64
...
2021-07-28 22:59:41,131 [INFO] sending message $BPSTS,215941.13,1,BWSI Autonomy OK*4c
...
2021-07-28 22:59:41,134 [INFO] Processing: $BFNVG,215938.74,4218.004210,N,07105.994669,W,0,10.0,1.0,44.4,0.0,0.0,215938.74*6E
2021-07-28 22:59:41,138 [INFO] Interpreted as: {'position': (7.516424864530563, 7.610690876841545), 'latlon': (42.300070166666664, -71.09991115), 'heading': 44.4, 'depth': 1.0, 'altitude': 10.0, 'roll': 0.0, 'pitch': 0.0, 'last_fix_time': datetime.datetime(2021, 7, 28, 21, 59, 38), 'speed': None, 'rudder': 0, 'datum': (42.3, -71.1)}
2021-07-28 22:59:41,141 [INFO] Processing: $BFNVG,215939.09,4218.004318,N,07105.994533,W,0,10.0,1.0,44.6,0.0,0.0,215939.09*69
2021-07-28 22:59:41,146 [INFO] Interpreted as: {'position': (7.708204691647552, 7.8059552777558565), 'latlon': (42.300071966666664, -71.09990888333333), 'heading': 44.6, 'depth': 1.0, 'altitude': 10.0, 'roll': 0.0, 'pitch': 0.0, 'last_fix_time': datetime.datetime(2021, 7, 28, 21, 59, 39), 'speed': None, 'rudder': 0, 'datum': (42.3, -71.1)}
2021-07-28 22:59:41,148 [INFO] Processing: $BFNVG,215939.45,4218.004425,N,07105.994397,W,0,10.0,1.0,44.8,0.0,0.0,215939.45*66
2021-07-28 22:59:41,152 [INFO] Interpreted as: {'position': (7.899938838207163, 7.999368984252214), 'latlon': (42.30007375, -71.09990661666667), 'heading': 44.8, 'depth': 1.0, 'altitude': 10.0, 'roll': 0.0, 'pitch': 0.0, 'last_fix_time': datetime.datetime(2021, 7, 28, 21, 59, 39), 'speed': None, 'rudder': 0, 'datum': (42.3, -71.1)}
2021-07-28 22:59:41,154 [INFO] Processing: $BFNVG,215939.80,4218.004531,N,07105.994261,W,0,10.0,1.0,45.0,0.0,0.0,215939.80*63
2021-07-28 22:59:41,158 [INFO] Interpreted as: {'position': (8.091627304267604, 8.190932001918554), 'latlon': (42.300075516666666, -71.09990435), 'heading': 45.0, 'depth': 1.0, 'altitude': 10.0, 'roll': 0.0, 'pitch': 0.0, 'last_fix_time': datetime.datetime(2021, 7, 28, 21, 59, 39), 'speed': None, 'rudder': 0, 'datum': (42.3, -71.1)}
2021-07-28 22:59:41,160 [INFO] Received from Frontseat: [b'$BFNVG,215938.74,4218.004210,N,07105.994669,W,0,10.0,1.0,44.4,0.0,0.0,215938.74*6E', b'$BFNVG,215939.09,4218.004318,N,07105.994533,W,0,10.0,1.0,44.6,0.0,0.0,215939.09*69', b'$BFNVG,215939.45,4218.004425,N,07105.994397,W,0,10.0,1.0,44.8,0.0,0.0,215939.45*66', b'$BFNVG,215939.80,4218.004531,N,07105.994261,W,0,10.0,1.0,45.0,0.0,0.0,215939.80*63']
2021-07-28 22:59:41,160 [INFO] AUV state: {'position': (8.091627304267604, 8.190932001918554), 'latlon': (42.300075516666666, -71.09990435), 'heading': 45.0, 'depth': 1.0, 'altitude': 10.0, 'roll': 0.0, 'pitch': 0.0, 'last_fix_time': datetime.datetime(2021, 7, 28, 21, 59, 39), 'speed': None, 'rudder': 0, 'datum': (42.3, -71.1)}
2021-07-28 22:59:41,660 [INFO] **** [] [(0.5428111232706208, 10.082290389185749), (-15.079505890634072, -2.1766114822535787), (29.182246393077275, 10.757700677099777), (29.034304287198417, -16.35667022409852), (10.125457176098442, -22.31680060543228), (-9.829603931003634, -19.685264331903152), (-13.15502263301827, -6.54236952343418), (4.972587258623594, -20.626238462734015), (16.23993800594319, -19.929424785956336), (7.424982105361043, 24.25360121897525), (2.8771766958484, -24.299914067392173)]
2021-07-28 22:59:41,661 [INFO] Next green buoy: [], next red buoy: [(0.5428111232706208, 10.082290389185749), (-15.079505890634072, -2.1766114822535787), (29.182246393077275, 10.757700677099777), (29.034304287198417, -16.35667022409852), (10.125457176098442, -22.31680060543228), (-9.829603931003634, -19.685264331903152), (-13.15502263301827, -6.54236952343418), (4.972587258623594, -20.626238462734015), (16.23993800594319, -19.929424785956336), (7.424982105361043, 24.25360121897525), (2.8771766958484, -24.299914067392173)]
2021-07-28 22:59:41,661 [INFO] Desired_heading: 45.542811123270624
2021-07-28 22:59:41,662 [INFO] delta angle: 0.31061302578441563
2021-07-28 22:59:41,662 [INFO] sending message $BPRMB,215943.95,-0.31061302578441563,1,0,750,0,1*77
...
2021-07-28 22:59:42,664 [INFO] sending message $BPSTS,215942.66,1,BWSI Autonomy OK*4d
...
2021-07-28 22:59:42,665 [INFO] Processing: $BFNVG,215940.18,4218.004648,N,07105.994111,W,0,10.0,1.0,45.2,0.0,0.0,215940.18*68
2021-07-28 22:59:42,667 [INFO] Interpreted as: {'position': (8.303052423754707, 8.402378041297197), 'latlon': (42.300077466666664, -71.09990185), 'heading': 45.2, 'depth': 1.0, 'altitude': 10.0, 'roll': 0.0, 'pitch': 0.0, 'last_fix_time': datetime.datetime(2021, 7, 28, 21, 59, 40), 'speed': None, 'rudder': 0, 'datum': (42.3, -71.1)}
2021-07-28 22:59:42,669 [INFO] Processing: $BFNVG,215940.54,4218.004755,N,07105.993973,W,0,10.0,1.0,45.2,0.0,0.0,215940.54*6E
2021-07-28 22:59:42,671 [INFO] Interpreted as: {'position': (8.49753429426346, 8.595723957754672), 'latlon': (42.30007925, -71.09989955), 'heading': 45.2, 'depth': 1.0, 'altitude': 10.0, 'roll': 0.0, 'pitch': 0.0, 'last_fix_time': datetime.datetime(2021, 7, 28, 21, 59, 40), 'speed': None, 'rudder': 0, 'datum': (42.3, -71.1)}
2021-07-28 22:59:42,672 [INFO] Processing: $BFNVG,215940.91,4218.004865,N,07105.993831,W,0,10.0,1.0,45.1,0.0,0.0,215940.91*66
2021-07-28 22:59:42,674 [INFO] Interpreted as: {'position': (8.697648673900403, 8.79448635596782), 'latlon': (42.30008108333333, -71.09989718333334), 'heading': 45.1, 'depth': 1.0, 'altitude': 10.0, 'roll': 0.0, 'pitch': 0.0, 'last_fix_time': datetime.datetime(2021, 7, 28, 21, 59, 40), 'speed': None, 'rudder': 0, 'datum': (42.3, -71.1)}
2021-07-28 22:59:42,675 [INFO] Processing: $BFNVG,215941.26,4218.004972,N,07105.993694,W,0,10.0,1.0,45.0,0.0,0.0,215941.26*61
2021-07-28 22:59:42,676 [INFO] Interpreted as: {'position': (8.89075664698612, 8.987866186536849), 'latlon': (42.30008286666666, -71.0998949), 'heading': 45.0, 'depth': 1.0, 'altitude': 10.0, 'roll': 0.0, 'pitch': 0.0, 'last_fix_time': datetime.datetime(2021, 7, 28, 21, 59, 41), 'speed': None, 'rudder': 0, 'datum': (42.3, -71.1)}
2021-07-28 22:59:42,677 [INFO] Processing: $BFNVG,215941.61,4218.005078,N,07105.993558,W,0,10.0,1.0,45.0,0.0,0.0,215941.61*60
2021-07-28 22:59:42,679 [INFO] Interpreted as: {'position': (9.082445057691075, 9.179429228417575), 'latlon': (42.300084633333334, -71.09989263333334), 'heading': 45.0, 'depth': 1.0, 'altitude': 10.0, 'roll': 0.0, 'pitch': 0.0, 'last_fix_time': datetime.datetime(2021, 7, 28, 21, 59, 41), 'speed': None, 'rudder': 0, 'datum': (42.3, -71.1)}
2021-07-28 22:59:42,680 [INFO] Received from Frontseat: [b'$BFNVG,215940.18,4218.004648,N,07105.994111,W,0,10.0,1.0,45.2,0.0,0.0,215940.18*68', b'$BFNVG,215940.54,4218.004755,N,07105.993973,W,0,10.0,1.0,45.2,0.0,0.0,215940.54*6E', b'$BFNVG,215940.91,4218.004865,N,07105.993831,W,0,10.0,1.0,45.1,0.0,0.0,215940.91*66', b'$BFNVG,215941.26,4218.004972,N,07105.993694,W,0,10.0,1.0,45.0,0.0,0.0,215941.26*61', b'$BFNVG,215941.61,4218.005078,N,07105.993558,W,0,10.0,1.0,45.0,0.0,0.0,215941.61*60']
2021-07-28 22:59:42,681 [INFO] AUV state: {'position': (9.082445057691075, 9.179429228417575), 'latlon': (42.300084633333334, -71.09989263333334), 'heading': 45.0, 'depth': 1.0, 'altitude': 10.0, 'roll': 0.0, 'pitch': 0.0, 'last_fix_time': datetime.datetime(2021, 7, 28, 21, 59, 41), 'speed': None, 'rudder': 0, 'datum': (42.3, -71.1)}
2021-07-28 22:59:43,218 [INFO] **** [] [(-1.1725422490421331, 11.965913687916842), (-15.250679449741586, -1.6297840750226056), (29.23796857778445, 10.712827443579203), (29.044095244050446, -16.346406688607313), (10.232460514770437, -22.261306233815656), (-19.099433362543806, -5.2521164161958085), (-9.79685042031246, -19.39037756973058), (23.821816327727678, -13.562474108642826), (-13.174887715509048, -6.551639658540025), (5.5392033420485856, -20.479397152300823), (14.295059815322185, -19.82199353960828), (7.435638062360447, 24.280621151138472)]
2021-07-28 22:59:43,220 [INFO] Next green buoy: [], next red buoy: [(-1.1725422490421331, 11.965913687916842), (-15.250679449741586, -1.6297840750226056), (29.23796857778445, 10.712827443579203), (29.044095244050446, -16.346406688607313), (10.232460514770437, -22.261306233815656), (-19.099433362543806, -5.2521164161958085), (-9.79685042031246, -19.39037756973058), (23.821816327727678, -13.562474108642826), (-13.174887715509048, -6.551639658540025), (5.5392033420485856, -20.479397152300823), (14.295059815322185, -19.82199353960828), (7.435638062360447, 24.280621151138472)]
2021-07-28 22:59:43,221 [INFO] Desired_heading: 43.82745775095787
2021-07-28 22:59:43,221 [INFO] delta angle: -0.8134284653374948
2021-07-28 22:59:43,222 [INFO] sending message $BPRMB,215941.37,0.8134284653374948,1,0,750,0,1*6a
...
2021-07-28 22:59:44,224 [INFO] sending message $BPSTS,215944.22,1,BWSI Autonomy OK*4b
...
2021-07-28 22:59:44,225 [INFO] Processing: $BFNVG,215941.98,4218.005189,N,07105.993415,W,0,10.0,1.0,44.9,0.0,0.0,215941.98*6F
2021-07-28 22:59:44,228 [INFO] Interpreted as: {'position': (9.283978956518695, 9.380008437670767), 'latlon': (42.30008648333333, -71.09989025), 'heading': 44.9, 'depth': 1.0, 'altitude': 10.0, 'roll': 0.0, 'pitch': 0.0, 'last_fix_time': datetime.datetime(2021, 7, 28, 21, 59, 41), 'speed': None, 'rudder': 0, 'datum': (42.3, -71.1)}
2021-07-28 22:59:44,229 [INFO] Processing: $BFNVG,215942.34,4218.005298,N,07105.993276,W,0,10.0,1.0,44.9,0.0,0.0,215942.34*6F
2021-07-28 22:59:44,232 [INFO] Interpreted as: {'position': (9.479925988824107, 9.577021869830787), 'latlon': (42.3000883, -71.09988793333333), 'heading': 44.9, 'depth': 1.0, 'altitude': 10.0, 'roll': 0.0, 'pitch': 0.0, 'last_fix_time': datetime.datetime(2021, 7, 28, 21, 59, 42), 'speed': None, 'rudder': 0, 'datum': (42.3, -71.1)}
2021-07-28 22:59:44,233 [INFO] Processing: $BFNVG,215942.69,4218.005405,N,07105.993139,W,0,10.0,1.0,44.9,0.0,0.0,215942.69*65
2021-07-28 22:59:44,235 [INFO] Interpreted as: {'position': (9.673033917264547, 9.77040171995759), 'latlon': (42.30009008333333, -71.09988565), 'heading': 44.9, 'depth': 1.0, 'altitude': 10.0, 'roll': 0.0, 'pitch': 0.0, 'last_fix_time': datetime.datetime(2021, 7, 28, 21, 59, 42), 'speed': None, 'rudder': 0, 'datum': (42.3, -71.1)}
2021-07-28 22:59:44,236 [INFO] Processing: $BFNVG,215943.05,4218.005512,N,07105.993002,W,0,10.0,1.0,44.9,0.0,0.0,215943.05*6B
2021-07-28 22:59:44,239 [INFO] Interpreted as: {'position': (9.8661418374395, 9.963781576603651), 'latlon': (42.30009186666667, -71.09988336666666), 'heading': 44.9, 'depth': 1.0, 'altitude': 10.0, 'roll': 0.0, 'pitch': 0.0, 'last_fix_time': datetime.datetime(2021, 7, 28, 21, 59, 43), 'speed': None, 'rudder': 0, 'datum': (42.3, -71.1)}
2021-07-28 22:59:44,240 [INFO] Received from Frontseat: [b'$BFNVG,215941.98,4218.005189,N,07105.993415,W,0,10.0,1.0,44.9,0.0,0.0,215941.98*6F', b'$BFNVG,215942.34,4218.005298,N,07105.993276,W,0,10.0,1.0,44.9,0.0,0.0,215942.34*6F', b'$BFNVG,215942.69,4218.005405,N,07105.993139,W,0,10.0,1.0,44.9,0.0,0.0,215942.69*65', b'$BFNVG,215943.05,4218.005512,N,07105.993002,W,0,10.0,1.0,44.9,0.0,0.0,215943.05*6B']
2021-07-28 22:59:44,241 [INFO] AUV state: {'position': (9.8661418374395, 9.963781576603651), 'latlon': (42.30009186666667, -71.09988336666666), 'heading': 44.9, 'depth': 1.0, 'altitude': 10.0, 'roll': 0.0, 'pitch': 0.0, 'last_fix_time': datetime.datetime(2021, 7, 28, 21, 59, 43), 'speed': None, 'rudder': 0, 'datum': (42.3, -71.1)}
2021-07-28 22:59:44,749 [INFO] **** [] [(3.6099639999720576, 10.614626780177234), (-14.914051921908888, -1.8233443826049314), (29.267522459281892, 10.706320938290762), (28.968353245635836, -16.674347074733056), (-28.09491082703373, 19.597405987570106), (13.185580405808535, -23.17090774848117), (6.656070734768074, -22.473857477699276), (-19.083365897015256, -5.20796597717509), (-9.849717046122027, -19.73046331959937), (23.68775622343604, -13.545732461536602), (-13.148171857762808, -6.491075885329843), (21.451020143740024, -13.334628047406234), (7.424982105361043, 24.25360121897525)]
2021-07-28 22:59:44,751 [INFO] Next green buoy: [], next red buoy: [(3.6099639999720576, 10.614626780177234), (-14.914051921908888, -1.8233443826049314), (29.267522459281892, 10.706320938290762), (28.968353245635836, -16.674347074733056), (-28.09491082703373, 19.597405987570106), (13.185580405808535, -23.17090774848117), (6.656070734768074, -22.473857477699276), (-19.083365897015256, -5.20796597717509), (-9.849717046122027, -19.73046331959937), (23.68775622343604, -13.545732461536602), (-13.148171857762808, -6.491075885329843), (21.451020143740024, -13.334628047406234), (7.424982105361043, 24.25360121897525)]
2021-07-28 22:59:44,751 [INFO] Desired_heading: 48.50996399997206
2021-07-28 22:59:44,752 [INFO] delta angle: 3.3173197142095763
2021-07-28 22:59:44,752 [INFO] sending message $BPRMB,215947.07,-3.3173197142095763,1,0,750,0,1*44
...
2021-07-28 22:59:45,754 [INFO] sending message $BPSTS,215945.75,1,BWSI Autonomy OK*48
...
2021-07-28 22:59:45,755 [INFO] Processing: $BFNVG,215943.40,4218.005620,N,07105.992864,W,0,10.0,1.0,45.0,0.0,0.0,215943.40*68
2021-07-28 22:59:45,757 [INFO] Interpreted as: {'position': (10.060669290251099, 10.158978232182562), 'latlon': (42.30009366666667, -71.09988106666667), 'heading': 45.0, 'depth': 1.0, 'altitude': 10.0, 'roll': 0.0, 'pitch': 0.0, 'last_fix_time': datetime.datetime(2021, 7, 28, 21, 59, 43), 'speed': None, 'rudder': 0, 'datum': (42.3, -71.1)}
2021-07-28 22:59:45,758 [INFO] Processing: $BFNVG,215943.76,4218.005728,N,07105.992726,W,0,10.0,1.0,44.9,0.0,0.0,215943.76*60
2021-07-28 22:59:45,761 [INFO] Interpreted as: {'position': (10.255196734331548, 10.354174891486764), 'latlon': (42.30009546666667, -71.09987876666666), 'heading': 44.9, 'depth': 1.0, 'altitude': 10.0, 'roll': 0.0, 'pitch': 0.0, 'last_fix_time': datetime.datetime(2021, 7, 28, 21, 59, 43), 'speed': None, 'rudder': 0, 'datum': (42.3, -71.1)}
2021-07-28 22:59:45,762 [INFO] Processing: $BFNVG,215944.12,4218.005835,N,07105.992589,W,0,10.0,1.0,44.9,0.0,0.0,215944.12*64
2021-07-28 22:59:45,764 [INFO] Interpreted as: {'position': (10.448304620746057, 10.547554761171341), 'latlon': (42.30009725, -71.09987648333333), 'heading': 44.9, 'depth': 1.0, 'altitude': 10.0, 'roll': 0.0, 'pitch': 0.0, 'last_fix_time': datetime.datetime(2021, 7, 28, 21, 59, 44), 'speed': None, 'rudder': 0, 'datum': (42.3, -71.1)}
2021-07-28 22:59:45,765 [INFO] Processing: $BFNVG,215944.47,4218.005942,N,07105.992453,W,0,10.0,1.0,44.8,0.0,0.0,215944.47*62
2021-07-28 22:59:45,767 [INFO] Interpreted as: {'position': (10.64003861893434, 10.740968539379537), 'latlon': (42.30009903333333, -71.09987421666666), 'heading': 44.8, 'depth': 1.0, 'altitude': 10.0, 'roll': 0.0, 'pitch': 0.0, 'last_fix_time': datetime.datetime(2021, 7, 28, 21, 59, 44), 'speed': None, 'rudder': 0, 'datum': (42.3, -71.1)}
2021-07-28 22:59:45,768 [INFO] Received from Frontseat: [b'$BFNVG,215943.40,4218.005620,N,07105.992864,W,0,10.0,1.0,45.0,0.0,0.0,215943.40*68', b'$BFNVG,215943.76,4218.005728,N,07105.992726,W,0,10.0,1.0,44.9,0.0,0.0,215943.76*60', b'$BFNVG,215944.12,4218.005835,N,07105.992589,W,0,10.0,1.0,44.9,0.0,0.0,215944.12*64', b'$BFNVG,215944.47,4218.005942,N,07105.992453,W,0,10.0,1.0,44.8,0.0,0.0,215944.47*62']
2021-07-28 22:59:45,769 [INFO] AUV state: {'position': (10.64003861893434, 10.740968539379537), 'latlon': (42.30009903333333, -71.09987421666666), 'heading': 44.8, 'depth': 1.0, 'altitude': 10.0, 'roll': 0.0, 'pitch': 0.0, 'last_fix_time': datetime.datetime(2021, 7, 28, 21, 59, 44), 'speed': None, 'rudder': 0, 'datum': (42.3, -71.1)}
2021-07-28 22:59:46,288 [INFO] **** [] [(3.32261202805248, 10.844921502012532), (-14.789871472294214, -1.9578444503036054), (29.439205499941906, 10.914743274236477), (28.94344040863349, -16.80604085006541), (-28.130510374697508, 19.58555242261923), (10.751219581683591, -23.33697647777309), (13.156536124755835, -22.09072899157792), (-19.2166250244254, -5.348818804176342), (5.124010914468656, -22.655278995840114), (23.8019518989769, -13.567940257956831), (-13.2337789880911, -6.4865037513992245), (7.400116198032886, 24.295627259432838)]
2021-07-28 22:59:46,289 [INFO] Next green buoy: [], next red buoy: [(3.32261202805248, 10.844921502012532), (-14.789871472294214, -1.9578444503036054), (29.439205499941906, 10.914743274236477), (28.94344040863349, -16.80604085006541), (-28.130510374697508, 19.58555242261923), (10.751219581683591, -23.33697647777309), (13.156536124755835, -22.09072899157792), (-19.2166250244254, -5.348818804176342), (5.124010914468656, -22.655278995840114), (23.8019518989769, -13.567940257956831), (-13.2337789880911, -6.4865037513992245), (7.400116198032886, 24.295627259432838)]
2021-07-28 22:59:46,290 [INFO] Desired_heading: 48.12261202805248
2021-07-28 22:59:46,290 [INFO] delta angle: 2.9905996770729737
2021-07-28 22:59:46,291 [INFO] sending message $BPRMB,215944.43,-2.9905996770729737,1,0,750,0,1*4a
...
2021-07-28 22:59:47,292 [INFO] sending message $BPSTS,215947.29,1,BWSI Autonomy OK*43
...
2021-07-28 22:59:47,293 [INFO] Processing: $BFNVG,215944.82,4218.006049,N,07105.992317,W,0,10.0,1.0,44.8,0.0,0.0,215944.82*64
2021-07-28 22:59:47,295 [INFO] Interpreted as: {'position': (10.831772606703453, 10.934382323175669), 'latlon': (42.300100816666664, -71.09987195), 'heading': 44.8, 'depth': 1.0, 'altitude': 10.0, 'roll': 0.0, 'pitch': 0.0, 'last_fix_time': datetime.datetime(2021, 7, 28, 21, 59, 44), 'speed': None, 'rudder': 0, 'datum': (42.3, -71.1)}
2021-07-28 22:59:47,296 [INFO] Processing: $BFNVG,215945.18,4218.006156,N,07105.992180,W,0,10.0,1.0,45.0,0.0,0.0,215945.18*6E
2021-07-28 22:59:47,298 [INFO] Interpreted as: {'position': (11.024880461744033, 11.127762209624052), 'latlon': (42.3001026, -71.09986966666666), 'heading': 45.0, 'depth': 1.0, 'altitude': 10.0, 'roll': 0.0, 'pitch': 0.0, 'last_fix_time': datetime.datetime(2021, 7, 28, 21, 59, 45), 'speed': None, 'rudder': 0, 'datum': (42.3, -71.1)}
2021-07-28 22:59:47,299 [INFO] Processing: $BFNVG,215945.53,4218.006262,N,07105.992044,W,0,10.0,1.0,45.2,0.0,0.0,215945.53*61
2021-07-28 22:59:47,301 [INFO] Interpreted as: {'position': (11.216568759351503, 11.31932530645281), 'latlon': (42.300104366666666, -71.0998674), 'heading': 45.2, 'depth': 1.0, 'altitude': 10.0, 'roll': 0.0, 'pitch': 0.0, 'last_fix_time': datetime.datetime(2021, 7, 28, 21, 59, 45), 'speed': None, 'rudder': 0, 'datum': (42.3, -71.1)}
2021-07-28 22:59:47,301 [INFO] Processing: $BFNVG,215945.90,4218.006373,N,07105.991901,W,0,10.0,1.0,45.4,0.0,0.0,215945.90*6D
2021-07-28 22:59:47,303 [INFO] Interpreted as: {'position': (11.418102533207275, 11.519904574379325), 'latlon': (42.30010621666667, -71.09986501666667), 'heading': 45.4, 'depth': 1.0, 'altitude': 10.0, 'roll': 0.0, 'pitch': 0.0, 'last_fix_time': datetime.datetime(2021, 7, 28, 21, 59, 45), 'speed': None, 'rudder': 0, 'datum': (42.3, -71.1)}
2021-07-28 22:59:47,304 [INFO] Processing: $BFNVG,215946.26,4218.006482,N,07105.991758,W,0,10.0,1.0,45.6,0.0,0.0,215946.26*64
2021-07-28 22:59:47,305 [INFO] Interpreted as: {'position': (11.61954496143153, 11.71678245253861), 'latlon': (42.30010803333333, -71.09986263333333), 'heading': 45.6, 'depth': 1.0, 'altitude': 10.0, 'roll': 0.0, 'pitch': 0.0, 'last_fix_time': datetime.datetime(2021, 7, 28, 21, 59, 46), 'speed': None, 'rudder': 0, 'datum': (42.3, -71.1)}
2021-07-28 22:59:47,306 [INFO] Received from Frontseat: [b'$BFNVG,215944.82,4218.006049,N,07105.992317,W,0,10.0,1.0,44.8,0.0,0.0,215944.82*64', b'$BFNVG,215945.18,4218.006156,N,07105.992180,W,0,10.0,1.0,45.0,0.0,0.0,215945.18*6E', b'$BFNVG,215945.53,4218.006262,N,07105.992044,W,0,10.0,1.0,45.2,0.0,0.0,215945.53*61', b'$BFNVG,215945.90,4218.006373,N,07105.991901,W,0,10.0,1.0,45.4,0.0,0.0,215945.90*6D', b'$BFNVG,215946.26,4218.006482,N,07105.991758,W,0,10.0,1.0,45.6,0.0,0.0,215946.26*64']
2021-07-28 22:59:47,307 [INFO] AUV state: {'position': (11.61954496143153, 11.71678245253861), 'latlon': (42.30010803333333, -71.09986263333333), 'heading': 45.6, 'depth': 1.0, 'altitude': 10.0, 'roll': 0.0, 'pitch': 0.0, 'last_fix_time': datetime.datetime(2021, 7, 28, 21, 59, 46), 'speed': None, 'rudder': 0, 'datum': (42.3, -71.1)}
2021-07-28 22:59:47,817 [INFO] **** [] [(3.4362781273452696, 10.717643521823877), (-14.861507238074543, -1.8739970452705008), (29.306563993746092, 10.807562664889641), (28.974894986696953, -16.938658849779195), (-28.0912391948135, 19.60966919098955), (7.154358969295464, -22.696727256702438), (12.44845999044192, -23.864924248186192), (-19.084778464365897, -5.1904977286620175), (-9.792981468001543, -19.512709308523366), (23.87205866100397, -13.551552018060638), (13.760182096962113, -22.006480350332797), (-13.199543332262701, -6.52810710549863), (7.466080801156722, 24.287052774748368)]
2021-07-28 22:59:47,818 [INFO] Next green buoy: [], next red buoy: [(3.4362781273452696, 10.717643521823877), (-14.861507238074543, -1.8739970452705008), (29.306563993746092, 10.807562664889641), (28.974894986696953, -16.938658849779195), (-28.0912391948135, 19.60966919098955), (7.154358969295464, -22.696727256702438), (12.44845999044192, -23.864924248186192), (-19.084778464365897, -5.1904977286620175), (-9.792981468001543, -19.512709308523366), (23.87205866100397, -13.551552018060638), (13.760182096962113, -22.006480350332797), (-13.199543332262701, -6.52810710549863), (7.466080801156722, 24.287052774748368)]
2021-07-28 22:59:47,819 [INFO] Desired_heading: 49.03627812734527
2021-07-28 22:59:47,819 [INFO] delta angle: 3.1190269379591893
2021-07-28 22:59:47,820 [INFO] sending message $BPRMB,215950.15,-3.1190269379591893,1,0,750,0,1*47
...
2021-07-28 22:59:48,821 [INFO] sending message $BPSTS,215948.82,1,BWSI Autonomy OK*4d
...
2021-07-28 22:59:48,822 [INFO] Processing: $BFNVG,215946.63,4218.006591,N,07105.991614,W,0,10.0,1.0,45.9,0.0,0.0,215946.63*61
2021-07-28 22:59:48,824 [INFO] Interpreted as: {'position': (11.822361253784038, 11.913626433350146), 'latlon': (42.30010985, -71.09986023333333), 'heading': 45.9, 'depth': 1.0, 'altitude': 10.0, 'roll': 0.0, 'pitch': 0.0, 'last_fix_time': datetime.datetime(2021, 7, 28, 21, 59, 46), 'speed': None, 'rudder': 0, 'datum': (42.3, -71.1)}
2021-07-28 22:59:48,825 [INFO] Processing: $BFNVG,215946.98,4218.006697,N,07105.991474,W,0,10.0,1.0,46.1,0.0,0.0,215946.98*6B
2021-07-28 22:59:48,827 [INFO] Interpreted as: {'position': (12.019545016170014, 12.105053939856589), 'latlon': (42.30011161666667, -71.0998579), 'heading': 46.1, 'depth': 1.0, 'altitude': 10.0, 'roll': 0.0, 'pitch': 0.0, 'last_fix_time': datetime.datetime(2021, 7, 28, 21, 59, 46), 'speed': None, 'rudder': 0, 'datum': (42.3, -71.1)}
2021-07-28 22:59:48,828 [INFO] Processing: $BFNVG,215947.34,4218.006802,N,07105.991333,W,0,10.0,1.0,46.3,0.0,0.0,215947.34*6F
2021-07-28 22:59:48,830 [INFO] Interpreted as: {'position': (12.218056978250388, 12.294596852734685), 'latlon': (42.300113366666665, -71.09985555), 'heading': 46.3, 'depth': 1.0, 'altitude': 10.0, 'roll': 0.0, 'pitch': 0.0, 'last_fix_time': datetime.datetime(2021, 7, 28, 21, 59, 47), 'speed': None, 'rudder': 0, 'datum': (42.3, -71.1)}
2021-07-28 22:59:48,831 [INFO] Processing: $BFNVG,215947.71,4218.006912,N,07105.991185,W,0,10.0,1.0,46.5,0.0,0.0,215947.71*66
2021-07-28 22:59:48,833 [INFO] Interpreted as: {'position': (12.426414417801425, 12.493155935779214), 'latlon': (42.3001152, -71.09985308333333), 'heading': 46.5, 'depth': 1.0, 'altitude': 10.0, 'roll': 0.0, 'pitch': 0.0, 'last_fix_time': datetime.datetime(2021, 7, 28, 21, 59, 47), 'speed': None, 'rudder': 0, 'datum': (42.3, -71.1)}
2021-07-28 22:59:48,833 [INFO] Received from Frontseat: [b'$BFNVG,215946.63,4218.006591,N,07105.991614,W,0,10.0,1.0,45.9,0.0,0.0,215946.63*61', b'$BFNVG,215946.98,4218.006697,N,07105.991474,W,0,10.0,1.0,46.1,0.0,0.0,215946.98*6B', b'$BFNVG,215947.34,4218.006802,N,07105.991333,W,0,10.0,1.0,46.3,0.0,0.0,215947.34*6F', b'$BFNVG,215947.71,4218.006912,N,07105.991185,W,0,10.0,1.0,46.5,0.0,0.0,215947.71*66']
2021-07-28 22:59:48,834 [INFO] AUV state: {'position': (12.426414417801425, 12.493155935779214), 'latlon': (42.3001152, -71.09985308333333), 'heading': 46.5, 'depth': 1.0, 'altitude': 10.0, 'roll': 0.0, 'pitch': 0.0, 'last_fix_time': datetime.datetime(2021, 7, 28, 21, 59, 47), 'speed': None, 'rudder': 0, 'datum': (42.3, -71.1)}
2021-07-28 22:59:49,342 [INFO] **** [] [(-1.3753960296477536, 12.071018023544198), (-15.157635583766362, -2.227858985692271), (29.41132530798265, 11.007926406464849), (28.93819177601661, -17.168572202614516), (7.100264164990948, -22.199842149534184), (12.438974672535174, -23.079126849855626), (-9.865530765606723, -19.73116935104981), (23.8268209448346, -13.554082171161161), (-13.214760365508253, -6.545935000752892), (-1.6381373997277404, -21.36677762901226), (7.466080801156722, 24.274188876087365), (29.448944117778712, -10.46982797951753), (29.077802388991053, -10.396455304424233)]
2021-07-28 22:59:49,343 [INFO] Next green buoy: [], next red buoy: [(-1.3753960296477536, 12.071018023544198), (-15.157635583766362, -2.227858985692271), (29.41132530798265, 11.007926406464849), (28.93819177601661, -17.168572202614516), (7.100264164990948, -22.199842149534184), (12.438974672535174, -23.079126849855626), (-9.865530765606723, -19.73116935104981), (23.8268209448346, -13.554082171161161), (-13.214760365508253, -6.545935000752892), (-1.6381373997277404, -21.36677762901226), (7.466080801156722, 24.274188876087365), (29.448944117778712, -10.46982797951753), (29.077802388991053, -10.396455304424233)]
2021-07-28 22:59:49,344 [INFO] Desired_heading: 45.12460397035225
2021-07-28 22:59:49,344 [INFO] delta angle: -0.9929867394093321
2021-07-28 22:59:49,344 [INFO] sending message $BPRMB,215947.49,0.9929867394093321,1,0,750,0,1*66
...
2021-07-28 22:59:50,346 [INFO] sending message $BPSTS,215950.34,1,BWSI Autonomy OK*49
...
2021-07-28 22:59:50,347 [INFO] Processing: $BFNVG,215948.10,4218.007026,N,07105.991031,W,0,10.0,1.0,46.7,0.0,0.0,215948.10*65
2021-07-28 22:59:50,352 [INFO] Interpreted as: {'position': (12.643197782861535, 12.698914397507906), 'latlon': (42.3001171, -71.09985051666666), 'heading': 46.7, 'depth': 1.0, 'altitude': 10.0, 'roll': 0.0, 'pitch': 0.0, 'last_fix_time': datetime.datetime(2021, 7, 28, 21, 59, 48), 'speed': None, 'rudder': 0, 'datum': (42.3, -71.1)}
2021-07-28 22:59:50,353 [INFO] Processing: $BFNVG,215948.47,4218.007135,N,07105.990882,W,0,10.0,1.0,46.9,0.0,0.0,215948.47*69
2021-07-28 22:59:50,355 [INFO] Interpreted as: {'position': (12.852883404819295, 12.895588894374669), 'latlon': (42.30011891666667, -71.09984803333333), 'heading': 46.9, 'depth': 1.0, 'altitude': 10.0, 'roll': 0.0, 'pitch': 0.0, 'last_fix_time': datetime.datetime(2021, 7, 28, 21, 59, 48), 'speed': None, 'rudder': 0, 'datum': (42.3, -71.1)}
2021-07-28 22:59:50,356 [INFO] Processing: $BFNVG,215948.85,4218.007244,N,07105.990731,W,0,10.0,1.0,47.1,0.0,0.0,215948.85*62
2021-07-28 22:59:50,358 [INFO] Interpreted as: {'position': (13.065316771506332, 13.092195591889322), 'latlon': (42.30012073333333, -71.09984551666666), 'heading': 47.1, 'depth': 1.0, 'altitude': 10.0, 'roll': 0.0, 'pitch': 0.0, 'last_fix_time': datetime.datetime(2021, 7, 28, 21, 59, 48), 'speed': None, 'rudder': 0, 'datum': (42.3, -71.1)}
2021-07-28 22:59:50,359 [INFO] Processing: $BFNVG,215949.22,4218.007354,N,07105.990580,W,0,10.0,1.0,47.4,0.0,0.0,215949.22*6F
2021-07-28 22:59:50,361 [INFO] Interpreted as: {'position': (13.277795791160315, 13.290652992203832), 'latlon': (42.300122566666666, -71.099843), 'heading': 47.4, 'depth': 1.0, 'altitude': 10.0, 'roll': 0.0, 'pitch': 0.0, 'last_fix_time': datetime.datetime(2021, 7, 28, 21, 59, 49), 'speed': None, 'rudder': 0, 'datum': (42.3, -71.1)}
2021-07-28 22:59:50,362 [INFO] Received from Frontseat: [b'$BFNVG,215948.10,4218.007026,N,07105.991031,W,0,10.0,1.0,46.7,0.0,0.0,215948.10*65', b'$BFNVG,215948.47,4218.007135,N,07105.990882,W,0,10.0,1.0,46.9,0.0,0.0,215948.47*69', b'$BFNVG,215948.85,4218.007244,N,07105.990731,W,0,10.0,1.0,47.1,0.0,0.0,215948.85*62', b'$BFNVG,215949.22,4218.007354,N,07105.990580,W,0,10.0,1.0,47.4,0.0,0.0,215949.22*6F']
2021-07-28 22:59:50,363 [INFO] AUV state: {'position': (13.277795791160315, 13.290652992203832), 'latlon': (42.300122566666666, -71.099843), 'heading': 47.4, 'depth': 1.0, 'altitude': 10.0, 'roll': 0.0, 'pitch': 0.0, 'last_fix_time': datetime.datetime(2021, 7, 28, 21, 59, 49), 'speed': None, 'rudder': 0, 'datum': (42.3, -71.1)}
2021-07-28 22:59:50,871 [INFO] **** [] [(-1.3174893213556793, 11.982348846379448), (-14.829883491108687, -1.8502854132912212), (29.297909120021405, 10.811928014873699), (28.962372298056444, -16.707269000069633), (-19.09252099803944, -5.211852709202405), (4.942708760233957, -22.78612906575589), (8.063400136331472, -21.945300077754375), (23.799446949607244, -13.551506375588538), (14.449610910372584, -24.118521429942994), (12.483214211027494, -24.008853982596595), (13.842484780574491, -22.116839351879133), (-10.063073476228405, -18.824529430405388), (-13.2337789880911, -6.453216119376094), (7.435638062360447, 24.25360121897525)]
2021-07-28 22:59:50,873 [INFO] Next green buoy: [], next red buoy: [(-1.3174893213556793, 11.982348846379448), (-14.829883491108687, -1.8502854132912212), (29.297909120021405, 10.811928014873699), (28.962372298056444, -16.707269000069633), (-19.09252099803944, -5.211852709202405), (4.942708760233957, -22.78612906575589), (8.063400136331472, -21.945300077754375), (23.799446949607244, -13.551506375588538), (14.449610910372584, -24.118521429942994), (12.483214211027494, -24.008853982596595), (13.842484780574491, -22.116839351879133), (-10.063073476228405, -18.824529430405388), (-13.2337789880911, -6.453216119376094), (7.435638062360447, 24.25360121897525)]
2021-07-28 22:59:50,873 [INFO] Desired_heading: 46.08251067864432
2021-07-28 22:59:50,874 [INFO] delta angle: -0.9410064943321572
2021-07-28 22:59:50,874 [INFO] sending message $BPRMB,215953.19,0.9410064943321572,1,0,750,0,1*60
...
