2021-07-29 14:12:21,043 [INFO] host = 192.168.1.213, port = 29500
2021-07-29 14:12:27,191 [INFO] sending message $BPLOG,ACK,ON*1e
...
2021-07-29 14:12:27,194 [INFO] sending message $BPLOG,ALL,ON*16
...
2021-07-29 14:12:27,195 [INFO] sending message $BPSTS,131227.19,1,BWSI Autonomy OK*48
...
2021-07-29 14:12:27,196 [INFO] Received from Frontseat: []
2021-07-29 14:12:27,196 [INFO] AUV state: {'position': (None, None), 'latlon': None, 'heading': None, 'depth': None, 'altitude': None, 'roll': None, 'pitch': None, 'last_fix_time': None, 'speed': None, 'rudder': 0}
2021-07-29 14:12:28,198 [INFO] sending message $BPSTS,131228.19,1,BWSI Autonomy OK*47
...
2021-07-29 14:12:28,201 [INFO] Processing: $BFNVG,131227.01,4218.000000,N,07106.000000,W,0,10.0,1.0,45.0,0.0,0.0,131227.01*62
2021-07-29 14:12:28,203 [INFO] Interpreted as: {'position': (0, 0), 'latlon': (42.3, -71.1), 'heading': 45.0, 'depth': 1.0, 'altitude': 10.0, 'roll': 0.0, 'pitch': 0.0, 'last_fix_time': datetime.datetime(2021, 7, 29, 13, 12, 27), 'speed': None, 'rudder': 0, 'datum': (42.3, -71.1)}
2021-07-29 14:12:28,205 [INFO] Processing: $BFNVG,131227.26,4218.000000,N,07106.000000,W,0,10.0,1.0,45.0,0.0,0.0,131227.26*62
2021-07-29 14:12:28,209 [INFO] Interpreted as: {'position': (0.0, 0.0), 'latlon': (42.3, -71.1), 'heading': 45.0, 'depth': 1.0, 'altitude': 10.0, 'roll': 0.0, 'pitch': 0.0, 'last_fix_time': datetime.datetime(2021, 7, 29, 13, 12, 27), 'speed': None, 'rudder': 0, 'datum': (42.3, -71.1)}
2021-07-29 14:12:28,210 [INFO] Processing: $BFNVG,131227.65,4218.000000,N,07106.000000,W,0,10.0,1.0,45.0,0.0,0.0,131227.65*62
2021-07-29 14:12:28,213 [INFO] Interpreted as: {'position': (0.0, 0.0), 'latlon': (42.3, -71.1), 'heading': 45.0, 'depth': 1.0, 'altitude': 10.0, 'roll': 0.0, 'pitch': 0.0, 'last_fix_time': datetime.datetime(2021, 7, 29, 13, 12, 27), 'speed': None, 'rudder': 0, 'datum': (42.3, -71.1)}
2021-07-29 14:12:28,215 [INFO] Received from Frontseat: [b'$BFNVG,131227.01,4218.000000,N,07106.000000,W,0,10.0,1.0,45.0,0.0,0.0,131227.01*62', b'$BFNVG,131227.26,4218.000000,N,07106.000000,W,0,10.0,1.0,45.0,0.0,0.0,131227.26*62', b'$BFNVG,131227.65,4218.000000,N,07106.000000,W,0,10.0,1.0,45.0,0.0,0.0,131227.65*62']
2021-07-29 14:12:28,216 [INFO] AUV state: {'position': (0.0, 0.0), 'latlon': (42.3, -71.1), 'heading': 45.0, 'depth': 1.0, 'altitude': 10.0, 'roll': 0.0, 'pitch': 0.0, 'last_fix_time': datetime.datetime(2021, 7, 29, 13, 12, 27), 'speed': None, 'rudder': 0, 'datum': (42.3, -71.1)}
2021-07-29 14:12:28,569 [INFO] Next green buoy: [(-0.21993023293121178, -7.6862156757158235)], next red buoy: [(15.437560812208067, -7.329055330858309)]
2021-07-29 14:12:28,570 [INFO] Desired_heading: 52.60881528963843
2021-07-29 14:12:28,570 [INFO] delta angle: 16.790574229062365
2021-07-29 14:12:28,571 [INFO] sending message $BPRMB,131229.18,-16.790574229062365,1,0,1000,0,1*7e
...
2021-07-29 14:12:29,573 [INFO] sending message $BPSTS,131229.57,1,BWSI Autonomy OK*4c
...
2021-07-29 14:12:29,575 [INFO] Processing: $BFNVG,131227.99,4218.000000,N,07106.000000,W,0,10.0,1.0,45.0,0.0,0.0,131227.99*62
2021-07-29 14:12:29,578 [INFO] Interpreted as: {'position': (0.0, 0.0), 'latlon': (42.3, -71.1), 'heading': 45.0, 'depth': 1.0, 'altitude': 10.0, 'roll': 0.0, 'pitch': 0.0, 'last_fix_time': datetime.datetime(2021, 7, 29, 13, 12, 27), 'speed': None, 'rudder': 0, 'datum': (42.3, -71.1)}
2021-07-29 14:12:29,579 [INFO] Processing: $BFNVG,131228.33,4218.000000,N,07106.000000,W,0,10.0,1.0,45.0,0.0,0.0,131228.33*62
2021-07-29 14:12:29,582 [INFO] Interpreted as: {'position': (0.0, 0.0), 'latlon': (42.3, -71.1), 'heading': 45.0, 'depth': 1.0, 'altitude': 10.0, 'roll': 0.0, 'pitch': 0.0, 'last_fix_time': datetime.datetime(2021, 7, 29, 13, 12, 28), 'speed': None, 'rudder': 0, 'datum': (42.3, -71.1)}
2021-07-29 14:12:29,583 [INFO] Received from Frontseat: [b'$BFNVG,131227.99,4218.000000,N,07106.000000,W,0,10.0,1.0,45.0,0.0,0.0,131227.99*62', b'$BFNVG,131228.33,4218.000000,N,07106.000000,W,0,10.0,1.0,45.0,0.0,0.0,131228.33*62']
2021-07-29 14:12:29,584 [INFO] AUV state: {'position': (0.0, 0.0), 'latlon': (42.3, -71.1), 'heading': 45.0, 'depth': 1.0, 'altitude': 10.0, 'roll': 0.0, 'pitch': 0.0, 'last_fix_time': datetime.datetime(2021, 7, 29, 13, 12, 28), 'speed': None, 'rudder': 0, 'datum': (42.3, -71.1)}
2021-07-29 14:12:29,947 [INFO] Next green buoy: [(-0.22035521470194389, -7.708961974233651)], next red buoy: [(15.437560812208067, -7.333901112744751)]
2021-07-29 14:12:29,947 [INFO] Desired_heading: 52.60860279875306
2021-07-29 14:12:29,948 [INFO] delta angle: 16.78987087007583
2021-07-29 14:12:29,948 [INFO] sending message $BPRMB,131229.95,-16.78987087007583,1,0,1000,0,1*41
...
2021-07-29 14:12:30,950 [INFO] sending message $BPSTS,131230.95,1,BWSI Autonomy OK*4a
...
2021-07-29 14:12:30,952 [INFO] Processing: $BFNVG,131228.66,4218.000000,N,07106.000000,W,0,10.0,1.0,45.0,0.0,0.0,131228.66*62
2021-07-29 14:12:30,955 [INFO] Interpreted as: {'position': (0.0, 0.0), 'latlon': (42.3, -71.1), 'heading': 45.0, 'depth': 1.0, 'altitude': 10.0, 'roll': 0.0, 'pitch': 0.0, 'last_fix_time': datetime.datetime(2021, 7, 29, 13, 12, 28), 'speed': None, 'rudder': 0, 'datum': (42.3, -71.1)}
2021-07-29 14:12:30,956 [INFO] Processing: $BFNVG,131229.01,4218.000136,N,07105.999821,W,0,10.0,1.0,46.4,0.0,0.0,131229.01*60
2021-07-29 14:12:30,959 [INFO] Interpreted as: {'position': (0.2521358870435506, 0.24562580976635218), 'latlon': (42.30000226666667, -71.09999701666666), 'heading': 46.4, 'depth': 1.0, 'altitude': 10.0, 'roll': 0.0, 'pitch': 0.0, 'last_fix_time': datetime.datetime(2021, 7, 29, 13, 12, 29), 'speed': None, 'rudder': 0, 'datum': (42.3, -71.1)}
2021-07-29 14:12:30,960 [INFO] Processing: $BFNVG,131229.35,4218.000269,N,07105.999637,W,0,10.0,1.0,47.9,0.0,0.0,131229.35*6C
2021-07-29 14:12:30,963 [INFO] Interpreted as: {'position': (0.5110041371081024, 0.4855300113558769), 'latlon': (42.30000448333333, -71.09999395), 'heading': 47.9, 'depth': 1.0, 'altitude': 10.0, 'roll': 0.0, 'pitch': 0.0, 'last_fix_time': datetime.datetime(2021, 7, 29, 13, 12, 29), 'speed': None, 'rudder': 0, 'datum': (42.3, -71.1)}
2021-07-29 14:12:30,964 [INFO] Processing: $BFNVG,131229.69,4218.000398,N,07105.999450,W,0,10.0,1.0,49.3,0.0,0.0,131229.69*64
2021-07-29 14:12:30,966 [INFO] Interpreted as: {'position': (0.7738113210652955, 0.7179297171533108), 'latlon': (42.30000663333333, -71.09999083333334), 'heading': 49.3, 'depth': 1.0, 'altitude': 10.0, 'roll': 0.0, 'pitch': 0.0, 'last_fix_time': datetime.datetime(2021, 7, 29, 13, 12, 29), 'speed': None, 'rudder': 0, 'datum': (42.3, -71.1)}
2021-07-29 14:12:30,967 [INFO] Received from Frontseat: [b'$BFNVG,131228.66,4218.000000,N,07106.000000,W,0,10.0,1.0,45.0,0.0,0.0,131228.66*62', b'$BFNVG,131229.01,4218.000136,N,07105.999821,W,0,10.0,1.0,46.4,0.0,0.0,131229.01*60', b'$BFNVG,131229.35,4218.000269,N,07105.999637,W,0,10.0,1.0,47.9,0.0,0.0,131229.35*6C', b'$BFNVG,131229.69,4218.000398,N,07105.999450,W,0,10.0,1.0,49.3,0.0,0.0,131229.69*64']
2021-07-29 14:12:30,969 [INFO] AUV state: {'position': (0.7738113210652955, 0.7179297171533108), 'latlon': (42.30000663333333, -71.09999083333334), 'heading': 49.3, 'depth': 1.0, 'altitude': 10.0, 'roll': 0.0, 'pitch': 0.0, 'last_fix_time': datetime.datetime(2021, 7, 29, 13, 12, 29), 'speed': None, 'rudder': 0, 'datum': (42.3, -71.1)}
2021-07-29 14:12:31,336 [INFO] Next green buoy: [(-5.433964996904163, -8.816254437408286)], next red buoy: [(12.712111482252064, -8.454498741684331)]
2021-07-29 14:12:31,337 [INFO] Desired_heading: 52.93907324267395
2021-07-29 14:12:31,337 [INFO] delta angle: 5.553620275766077
2021-07-29 14:12:31,338 [INFO] sending message $BPRMB,131231.94,-5.553620275766077,1,0,1000,0,1*44
...
2021-07-29 14:12:32,339 [INFO] sending message $BPSTS,131232.33,1,BWSI Autonomy OK*44
...
2021-07-29 14:12:32,344 [INFO] Processing: $BFNVG,131230.03,4218.000524,N,07105.999257,W,0,10.0,1.0,50.8,0.0,0.0,131230.03*67
2021-07-29 14:12:32,346 [INFO] Interpreted as: {'position': (1.0447247519623488, 0.9445739146322012), 'latlon': (42.300008733333335, -71.09998761666667), 'heading': 50.8, 'depth': 1.0, 'altitude': 10.0, 'roll': 0.0, 'pitch': 0.0, 'last_fix_time': datetime.datetime(2021, 7, 29, 13, 12, 30), 'speed': None, 'rudder': 0, 'datum': (42.3, -71.1)}
2021-07-29 14:12:32,347 [INFO] Processing: $BFNVG,131230.38,4218.000646,N,07105.999060,W,0,10.0,1.0,52.2,0.0,0.0,131230.38*6E
2021-07-29 14:12:32,349 [INFO] Interpreted as: {'position': (1.3209509967127815, 1.163679713383317), 'latlon': (42.30001076666667, -71.09998433333334), 'heading': 52.2, 'depth': 1.0, 'altitude': 10.0, 'roll': 0.0, 'pitch': 0.0, 'last_fix_time': datetime.datetime(2021, 7, 29, 13, 12, 30), 'speed': None, 'rudder': 0, 'datum': (42.3, -71.1)}
2021-07-29 14:12:32,349 [INFO] Processing: $BFNVG,131230.72,4218.000765,N,07105.998859,W,0,10.0,1.0,53.6,0.0,0.0,131230.72*68
2021-07-29 14:12:32,351 [INFO] Interpreted as: {'position': (1.6025357251055539, 1.3770978124812245), 'latlon': (42.30001275, -71.09998098333334), 'heading': 53.6, 'depth': 1.0, 'altitude': 10.0, 'roll': 0.0, 'pitch': 0.0, 'last_fix_time': datetime.datetime(2021, 7, 29, 13, 12, 30), 'speed': None, 'rudder': 0, 'datum': (42.3, -71.1)}
2021-07-29 14:12:32,353 [INFO] Processing: $BFNVG,131231.06,4218.000880,N,07105.998655,W,0,10.0,1.0,55.1,0.0,0.0,131231.06*6F
2021-07-29 14:12:32,354 [INFO] Interpreted as: {'position': (1.8880593925132416, 1.5830114195123315), 'latlon': (42.30001466666667, -71.09997758333333), 'heading': 55.1, 'depth': 1.0, 'altitude': 10.0, 'roll': 0.0, 'pitch': 0.0, 'last_fix_time': datetime.datetime(2021, 7, 29, 13, 12, 31), 'speed': None, 'rudder': 0, 'datum': (42.3, -71.1)}
2021-07-29 14:12:32,355 [INFO] Received from Frontseat: [b'$BFNVG,131230.03,4218.000524,N,07105.999257,W,0,10.0,1.0,50.8,0.0,0.0,131230.03*67', b'$BFNVG,131230.38,4218.000646,N,07105.999060,W,0,10.0,1.0,52.2,0.0,0.0,131230.38*6E', b'$BFNVG,131230.72,4218.000765,N,07105.998859,W,0,10.0,1.0,53.6,0.0,0.0,131230.72*68', b'$BFNVG,131231.06,4218.000880,N,07105.998655,W,0,10.0,1.0,55.1,0.0,0.0,131231.06*6F']
2021-07-29 14:12:32,356 [INFO] AUV state: {'position': (1.8880593925132416, 1.5830114195123315), 'latlon': (42.30001466666667, -71.09997758333333), 'heading': 55.1, 'depth': 1.0, 'altitude': 10.0, 'roll': 0.0, 'pitch': 0.0, 'last_fix_time': datetime.datetime(2021, 7, 29, 13, 12, 31), 'speed': None, 'rudder': 0, 'datum': (42.3, -71.1)}
2021-07-29 14:12:32,708 [INFO] Next green buoy: [(-13.814296952612729, -11.107725929906575)], next red buoy: [(8.881825225028292, -10.567653349395554)]
2021-07-29 14:12:32,709 [INFO] Desired_heading: 52.63376413620778
2021-07-29 14:12:32,709 [INFO] delta angle: -3.098431508347119
2021-07-29 14:12:32,709 [INFO] sending message $BPRMB,131232.73,3.098431508347119,1,0,1000,0,1*66
...
2021-07-29 14:12:33,711 [INFO] sending message $BPSTS,131233.71,1,BWSI Autonomy OK*43
...
2021-07-29 14:12:33,712 [INFO] Processing: $BFNVG,131231.41,4218.000992,N,07105.998444,W,0,10.0,1.0,56.5,0.0,0.0,131231.41*68
2021-07-29 14:12:33,714 [INFO] Interpreted as: {'position': (2.1830631823977455, 1.7831356143578887), 'latlon': (42.300016533333334, -71.09997406666666), 'heading': 56.5, 'depth': 1.0, 'altitude': 10.0, 'roll': 0.0, 'pitch': 0.0, 'last_fix_time': datetime.datetime(2021, 7, 29, 13, 12, 31), 'speed': None, 'rudder': 0, 'datum': (42.3, -71.1)}
2021-07-29 14:12:33,714 [INFO] Processing: $BFNVG,131231.75,4218.001100,N,07105.998233,W,0,10.0,1.0,57.0,0.0,0.0,131231.75*68
2021-07-29 14:12:33,716 [INFO] Interpreted as: {'position': (2.47788426943589, 1.9758570324629545), 'latlon': (42.300018333333334, -71.09997055), 'heading': 57.0, 'depth': 1.0, 'altitude': 10.0, 'roll': 0.0, 'pitch': 0.0, 'last_fix_time': datetime.datetime(2021, 7, 29, 13, 12, 31), 'speed': None, 'rudder': 0, 'datum': (42.3, -71.1)}
2021-07-29 14:12:33,717 [INFO] Processing: $BFNVG,131232.09,4218.001206,N,07105.998022,W,0,10.0,1.0,57.5,0.0,0.0,131232.09*6A
2021-07-29 14:12:33,719 [INFO] Interpreted as: {'position': (2.772613995242864, 2.1648770663887262), 'latlon': (42.3000201, -71.09996703333333), 'heading': 57.5, 'depth': 1.0, 'altitude': 10.0, 'roll': 0.0, 'pitch': 0.0, 'last_fix_time': datetime.datetime(2021, 7, 29, 13, 12, 32), 'speed': None, 'rudder': 0, 'datum': (42.3, -71.1)}
2021-07-29 14:12:33,720 [INFO] Processing: $BFNVG,131232.43,4218.001312,N,07105.997808,W,0,10.0,1.0,58.0,0.0,0.0,131232.43*6B
2021-07-29 14:12:33,722 [INFO] Interpreted as: {'position': (3.071465347020421, 2.353795404545963), 'latlon': (42.30002186666667, -71.09996346666667), 'heading': 58.0, 'depth': 1.0, 'altitude': 10.0, 'roll': 0.0, 'pitch': 0.0, 'last_fix_time': datetime.datetime(2021, 7, 29, 13, 12, 32), 'speed': None, 'rudder': 0, 'datum': (42.3, -71.1)}
2021-07-29 14:12:33,723 [INFO] Received from Frontseat: [b'$BFNVG,131231.41,4218.000992,N,07105.998444,W,0,10.0,1.0,56.5,0.0,0.0,131231.41*68', b'$BFNVG,131231.75,4218.001100,N,07105.998233,W,0,10.0,1.0,57.0,0.0,0.0,131231.75*68', b'$BFNVG,131232.09,4218.001206,N,07105.998022,W,0,10.0,1.0,57.5,0.0,0.0,131232.09*6A', b'$BFNVG,131232.43,4218.001312,N,07105.997808,W,0,10.0,1.0,58.0,0.0,0.0,131232.43*6B']
2021-07-29 14:12:33,723 [INFO] AUV state: {'position': (3.071465347020421, 2.353795404545963), 'latlon': (42.30002186666667, -71.09996346666667), 'heading': 58.0, 'depth': 1.0, 'altitude': 10.0, 'roll': 0.0, 'pitch': 0.0, 'last_fix_time': datetime.datetime(2021, 7, 29, 13, 12, 32), 'speed': None, 'rudder': 0, 'datum': (42.3, -71.1)}
2021-07-29 14:12:34,101 [INFO] Next green buoy: [(-21.667558837999373, -14.562326763384611)], next red buoy: [(7.776809344457966, -13.879111166514761), (-15.72334474954563, -4.46839149083017)]
2021-07-29 14:12:34,102 [INFO] Desired_heading: 51.0546252532293
2021-07-29 14:12:34,102 [INFO] delta angle: -14.643116325418703
2021-07-29 14:12:34,103 [INFO] sending message $BPRMB,131234.68,14.643116325418703,1,0,1000,0,1*55
...
2021-07-29 14:12:35,104 [INFO] sending message $BPSTS,131235.10,1,BWSI Autonomy OK*42
...
2021-07-29 14:12:35,105 [INFO] Processing: $BFNVG,131232.78,4218.001416,N,07105.997595,W,0,10.0,1.0,58.4,0.0,0.0,131232.78*65
2021-07-29 14:12:35,107 [INFO] Interpreted as: {'position': (3.368851456500124, 2.5390462605282664), 'latlon': (42.3000236, -71.09995991666666), 'heading': 58.4, 'depth': 1.0, 'altitude': 10.0, 'roll': 0.0, 'pitch': 0.0, 'last_fix_time': datetime.datetime(2021, 7, 29, 13, 12, 32), 'speed': None, 'rudder': 0, 'datum': (42.3, -71.1)}
2021-07-29 14:12:35,107 [INFO] Processing: $BFNVG,131233.12,4218.001520,N,07105.997380,W,0,10.0,1.0,58.2,0.0,0.0,131233.12*65
2021-07-29 14:12:35,109 [INFO] Interpreted as: {'position': (3.6689853126299568, 2.724229320883751), 'latlon': (42.30002533333333, -71.09995633333334), 'heading': 58.2, 'depth': 1.0, 'altitude': 10.0, 'roll': 0.0, 'pitch': 0.0, 'last_fix_time': datetime.datetime(2021, 7, 29, 13, 12, 33), 'speed': None, 'rudder': 0, 'datum': (42.3, -71.1)}
2021-07-29 14:12:35,110 [INFO] Processing: $BFNVG,131233.46,4218.001624,N,07105.997167,W,0,10.0,1.0,57.9,0.0,0.0,131233.46*6D
2021-07-29 14:12:35,112 [INFO] Interpreted as: {'position': (3.9663713900954463, 2.909480202011764), 'latlon': (42.300027066666665, -71.09995278333334), 'heading': 57.9, 'depth': 1.0, 'altitude': 10.0, 'roll': 0.0, 'pitch': 0.0, 'last_fix_time': datetime.datetime(2021, 7, 29, 13, 12, 33), 'speed': None, 'rudder': 0, 'datum': (42.3, -71.1)}
2021-07-29 14:12:35,112 [INFO] Processing: $BFNVG,131233.80,4218.001730,N,07105.996953,W,0,10.0,1.0,57.6,0.0,0.0,131233.80*68
2021-07-29 14:12:35,114 [INFO] Interpreted as: {'position': (4.265222676913254, 3.098398585803807), 'latlon': (42.300028833333336, -71.09994921666667), 'heading': 57.6, 'depth': 1.0, 'altitude': 10.0, 'roll': 0.0, 'pitch': 0.0, 'last_fix_time': datetime.datetime(2021, 7, 29, 13, 12, 33), 'speed': None, 'rudder': 0, 'datum': (42.3, -71.1)}
2021-07-29 14:12:35,115 [INFO] Received from Frontseat: [b'$BFNVG,131232.78,4218.001416,N,07105.997595,W,0,10.0,1.0,58.4,0.0,0.0,131232.78*65', b'$BFNVG,131233.12,4218.001520,N,07105.997380,W,0,10.0,1.0,58.2,0.0,0.0,131233.12*65', b'$BFNVG,131233.46,4218.001624,N,07105.997167,W,0,10.0,1.0,57.9,0.0,0.0,131233.46*6D', b'$BFNVG,131233.80,4218.001730,N,07105.996953,W,0,10.0,1.0,57.6,0.0,0.0,131233.80*68']
2021-07-29 14:12:35,116 [INFO] AUV state: {'position': (4.265222676913254, 3.098398585803807), 'latlon': (42.300028833333336, -71.09994921666667), 'heading': 57.6, 'depth': 1.0, 'altitude': 10.0, 'roll': 0.0, 'pitch': 0.0, 'last_fix_time': datetime.datetime(2021, 7, 29, 13, 12, 33), 'speed': None, 'rudder': 0, 'datum': (42.3, -71.1)}
2021-07-29 14:12:35,497 [INFO] Next green buoy: [], next red buoy: [(11.749300631826515, -20.309170609588048), (-16.98627429300697, -5.026361713210614)]
2021-07-29 14:12:35,498 [INFO] Desired_heading: 69.34930063182651
2021-07-29 14:12:35,498 [INFO] delta angle: 25
2021-07-29 14:12:35,498 [INFO] sending message $BPRMB,131235.52,-25,1,0,1000,0,1*66
...
2021-07-29 14:12:36,500 [INFO] sending message $BPSTS,131236.50,1,BWSI Autonomy OK*45
...
2021-07-29 14:12:36,501 [INFO] Processing: $BFNVG,131234.15,4218.001837,N,07105.996738,W,0,10.0,1.0,57.4,0.0,0.0,131234.15*61
2021-07-29 14:12:36,503 [INFO] Interpreted as: {'position': (4.565493493282702, 3.289133775047958), 'latlon': (42.30003061666667, -71.09994563333333), 'heading': 57.4, 'depth': 1.0, 'altitude': 10.0, 'roll': 0.0, 'pitch': 0.0, 'last_fix_time': datetime.datetime(2021, 7, 29, 13, 12, 34), 'speed': None, 'rudder': 0, 'datum': (42.3, -71.1)}
2021-07-29 14:12:36,504 [INFO] Processing: $BFNVG,131234.49,4218.001946,N,07105.996527,W,0,10.0,1.0,56.1,0.0,0.0,131234.49*6E
2021-07-29 14:12:36,505 [INFO] Interpreted as: {'position': (4.860360122635029, 3.4837059881538153), 'latlon': (42.300032433333335, -71.09994211666667), 'heading': 56.1, 'depth': 1.0, 'altitude': 10.0, 'roll': 0.0, 'pitch': 0.0, 'last_fix_time': datetime.datetime(2021, 7, 29, 13, 12, 34), 'speed': None, 'rudder': 0, 'datum': (42.3, -71.1)}
2021-07-29 14:12:36,506 [INFO] Processing: $BFNVG,131234.83,4218.002057,N,07105.996320,W,0,10.0,1.0,54.9,0.0,0.0,131234.83*6F
2021-07-29 14:12:36,508 [INFO] Interpreted as: {'position': (5.14982255641371, 3.682115222327411), 'latlon': (42.30003428333333, -71.09993866666667), 'heading': 54.9, 'depth': 1.0, 'altitude': 10.0, 'roll': 0.0, 'pitch': 0.0, 'last_fix_time': datetime.datetime(2021, 7, 29, 13, 12, 34), 'speed': None, 'rudder': 0, 'datum': (42.3, -71.1)}
2021-07-29 14:12:36,508 [INFO] Processing: $BFNVG,131235.18,4218.002172,N,07105.996115,W,0,10.0,1.0,53.6,0.0,0.0,131235.18*65
2021-07-29 14:12:36,511 [INFO] Interpreted as: {'position': (5.436719902732875, 3.8879950642585754), 'latlon': (42.3000362, -71.09993525), 'heading': 53.6, 'depth': 1.0, 'altitude': 10.0, 'roll': 0.0, 'pitch': 0.0, 'last_fix_time': datetime.datetime(2021, 7, 29, 13, 12, 35), 'speed': None, 'rudder': 0, 'datum': (42.3, -71.1)}
2021-07-29 14:12:36,512 [INFO] Received from Frontseat: [b'$BFNVG,131234.15,4218.001837,N,07105.996738,W,0,10.0,1.0,57.4,0.0,0.0,131234.15*61', b'$BFNVG,131234.49,4218.001946,N,07105.996527,W,0,10.0,1.0,56.1,0.0,0.0,131234.49*6E', b'$BFNVG,131234.83,4218.002057,N,07105.996320,W,0,10.0,1.0,54.9,0.0,0.0,131234.83*6F', b'$BFNVG,131235.18,4218.002172,N,07105.996115,W,0,10.0,1.0,53.6,0.0,0.0,131235.18*65']
2021-07-29 14:12:36,512 [INFO] AUV state: {'position': (5.436719902732875, 3.8879950642585754), 'latlon': (42.3000362, -71.09993525), 'heading': 53.6, 'depth': 1.0, 'altitude': 10.0, 'roll': 0.0, 'pitch': 0.0, 'last_fix_time': datetime.datetime(2021, 7, 29, 13, 12, 35), 'speed': None, 'rudder': 0, 'datum': (42.3, -71.1)}
2021-07-29 14:12:36,842 [INFO] Next green buoy: [], next red buoy: [(-14.745935624316775, -5.675063858023328)]
2021-07-29 14:12:36,843 [INFO] Desired_heading: 38.85406437568322
2021-07-29 14:12:36,843 [INFO] delta angle: -25
2021-07-29 14:12:36,843 [INFO] sending message $BPRMB,131237.47,25,1,0,1000,0,1*4d
...
2021-07-29 14:12:37,845 [INFO] sending message $BPSTS,131237.84,1,BWSI Autonomy OK*4d
...
2021-07-29 14:12:37,851 [INFO] Processing: $BFNVG,131235.52,4218.002292,N,07105.995912,W,0,10.0,1.0,52.3,0.0,0.0,131235.52*60
2021-07-29 14:12:37,853 [INFO] Interpreted as: {'position': (5.721097823115997, 4.103196211159229), 'latlon': (42.3000382, -71.09993186666667), 'heading': 52.3, 'depth': 1.0, 'altitude': 10.0, 'roll': 0.0, 'pitch': 0.0, 'last_fix_time': datetime.datetime(2021, 7, 29, 13, 12, 35), 'speed': None, 'rudder': 0, 'datum': (42.3, -71.1)}
2021-07-29 14:12:37,854 [INFO] Processing: $BFNVG,131235.87,4218.002410,N,07105.995709,W,0,10.0,1.0,54.5,0.0,0.0,131235.87*68
2021-07-29 14:12:37,856 [INFO] Interpreted as: {'position': (6.005384386924561, 4.314695975743234), 'latlon': (42.30004016666667, -71.09992848333333), 'heading': 54.5, 'depth': 1.0, 'altitude': 10.0, 'roll': 0.0, 'pitch': 0.0, 'last_fix_time': datetime.datetime(2021, 7, 29, 13, 12, 35), 'speed': None, 'rudder': 0, 'datum': (42.3, -71.1)}
2021-07-29 14:12:37,856 [INFO] Processing: $BFNVG,131236.21,4218.002521,N,07105.995502,W,0,10.0,1.0,56.6,0.0,0.0,131236.21*63
2021-07-29 14:12:37,858 [INFO] Interpreted as: {'position': (6.294846755568869, 4.513105253688991), 'latlon': (42.300042016666666, -71.09992503333334), 'heading': 56.6, 'depth': 1.0, 'altitude': 10.0, 'roll': 0.0, 'pitch': 0.0, 'last_fix_time': datetime.datetime(2021, 7, 29, 13, 12, 36), 'speed': None, 'rudder': 0, 'datum': (42.3, -71.1)}
2021-07-29 14:12:37,859 [INFO] Processing: $BFNVG,131236.55,4218.002627,N,07105.995288,W,0,10.0,1.0,58.8,0.0,0.0,131236.55*63
2021-07-29 14:12:37,861 [INFO] Interpreted as: {'position': (6.593697907519527, 4.702023733407259), 'latlon': (42.30004378333334, -71.09992146666667), 'heading': 58.8, 'depth': 1.0, 'altitude': 10.0, 'roll': 0.0, 'pitch': 0.0, 'last_fix_time': datetime.datetime(2021, 7, 29, 13, 12, 36), 'speed': None, 'rudder': 0, 'datum': (42.3, -71.1)}
2021-07-29 14:12:37,861 [INFO] Received from Frontseat: [b'$BFNVG,131235.52,4218.002292,N,07105.995912,W,0,10.0,1.0,52.3,0.0,0.0,131235.52*60', b'$BFNVG,131235.87,4218.002410,N,07105.995709,W,0,10.0,1.0,54.5,0.0,0.0,131235.87*68', b'$BFNVG,131236.21,4218.002521,N,07105.995502,W,0,10.0,1.0,56.6,0.0,0.0,131236.21*63', b'$BFNVG,131236.55,4218.002627,N,07105.995288,W,0,10.0,1.0,58.8,0.0,0.0,131236.55*63']
2021-07-29 14:12:37,862 [INFO] AUV state: {'position': (6.593697907519527, 4.702023733407259), 'latlon': (42.30004378333334, -71.09992146666667), 'heading': 58.8, 'depth': 1.0, 'altitude': 10.0, 'roll': 0.0, 'pitch': 0.0, 'last_fix_time': datetime.datetime(2021, 7, 29, 13, 12, 36), 'speed': None, 'rudder': 0, 'datum': (42.3, -71.1)}
2021-07-29 14:12:38,219 [INFO] Next green buoy: [], next red buoy: [(-22.176148504188472, -6.480247012637353)]
2021-07-29 14:12:38,219 [INFO] Desired_heading: 36.62385149581152
2021-07-29 14:12:38,220 [INFO] delta angle: -25
2021-07-29 14:12:38,220 [INFO] sending message $BPRMB,131238.21,25,1,0,1000,0,1*42
...
2021-07-29 14:12:39,222 [INFO] sending message $BPSTS,131239.22,1,BWSI Autonomy OK*4f
...
2021-07-29 14:12:39,223 [INFO] Processing: $BFNVG,131236.91,4218.002731,N,07105.995060,W,0,10.0,1.0,61.0,0.0,0.0,131236.91*63
2021-07-29 14:12:39,224 [INFO] Interpreted as: {'position': (6.911692005756777, 4.88676618039608), 'latlon': (42.300045516666664, -71.09991766666667), 'heading': 61.0, 'depth': 1.0, 'altitude': 10.0, 'roll': 0.0, 'pitch': 0.0, 'last_fix_time': datetime.datetime(2021, 7, 29, 13, 12, 36), 'speed': None, 'rudder': 0, 'datum': (42.3, -71.1)}
2021-07-29 14:12:39,225 [INFO] Processing: $BFNVG,131237.25,4218.002824,N,07105.994836,W,0,10.0,1.0,63.2,0.0,0.0,131237.25*62
2021-07-29 14:12:39,227 [INFO] Interpreted as: {'position': (7.223688199010212, 5.051286584697664), 'latlon': (42.300047066666664, -71.09991393333334), 'heading': 63.2, 'depth': 1.0, 'altitude': 10.0, 'roll': 0.0, 'pitch': 0.0, 'last_fix_time': datetime.datetime(2021, 7, 29, 13, 12, 37), 'speed': None, 'rudder': 0, 'datum': (42.3, -71.1)}
2021-07-29 14:12:39,227 [INFO] Processing: $BFNVG,131237.59,4218.002918,N,07105.994612,W,0,10.0,1.0,61.0,0.0,0.0,131237.59*64
2021-07-29 14:12:39,229 [INFO] Interpreted as: {'position': (7.535730047326069, 5.2176577020436525), 'latlon': (42.30004863333333, -71.0999102), 'heading': 61.0, 'depth': 1.0, 'altitude': 10.0, 'roll': 0.0, 'pitch': 0.0, 'last_fix_time': datetime.datetime(2021, 7, 29, 13, 12, 37), 'speed': None, 'rudder': 0, 'datum': (42.3, -71.1)}
2021-07-29 14:12:39,231 [INFO] Processing: $BFNVG,131237.94,4218.003018,N,07105.994392,W,0,10.0,1.0,58.9,0.0,0.0,131237.94*62
2021-07-29 14:12:39,232 [INFO] Interpreted as: {'position': (7.842550388304517, 5.395268629305065), 'latlon': (42.3000503, -71.09990653333334), 'heading': 58.9, 'depth': 1.0, 'altitude': 10.0, 'roll': 0.0, 'pitch': 0.0, 'last_fix_time': datetime.datetime(2021, 7, 29, 13, 12, 37), 'speed': None, 'rudder': 0, 'datum': (42.3, -71.1)}
2021-07-29 14:12:39,233 [INFO] Received from Frontseat: [b'$BFNVG,131236.91,4218.002731,N,07105.995060,W,0,10.0,1.0,61.0,0.0,0.0,131236.91*63', b'$BFNVG,131237.25,4218.002824,N,07105.994836,W,0,10.0,1.0,63.2,0.0,0.0,131237.25*62', b'$BFNVG,131237.59,4218.002918,N,07105.994612,W,0,10.0,1.0,61.0,0.0,0.0,131237.59*64', b'$BFNVG,131237.94,4218.003018,N,07105.994392,W,0,10.0,1.0,58.9,0.0,0.0,131237.94*62']
2021-07-29 14:12:39,234 [INFO] AUV state: {'position': (7.842550388304517, 5.395268629305065), 'latlon': (42.3000503, -71.09990653333334), 'heading': 58.9, 'depth': 1.0, 'altitude': 10.0, 'roll': 0.0, 'pitch': 0.0, 'last_fix_time': datetime.datetime(2021, 7, 29, 13, 12, 37), 'speed': None, 'rudder': 0, 'datum': (42.3, -71.1)}
2021-07-29 14:12:39,565 [INFO] Next green buoy: [], next red buoy: [(-12.653920530810499, -4.708967203681484)]
2021-07-29 14:12:39,566 [INFO] Desired_heading: 46.246079469189496
2021-07-29 14:12:39,566 [INFO] delta angle: -25
2021-07-29 14:12:39,566 [INFO] sending message $BPRMB,131240.23,25,1,0,1000,0,1*4f
...
2021-07-29 14:12:40,568 [INFO] sending message $BPSTS,131240.56,1,BWSI Autonomy OK*42
...
2021-07-29 14:12:40,569 [INFO] Processing: $BFNVG,131238.28,4218.003123,N,07105.994179,W,0,10.0,1.0,56.7,0.0,0.0,131238.28*6C
2021-07-29 14:12:40,571 [INFO] Interpreted as: {'position': (8.139981908607297, 5.582370379008353), 'latlon': (42.30005205, -71.09990298333334), 'heading': 56.7, 'depth': 1.0, 'altitude': 10.0, 'roll': 0.0, 'pitch': 0.0, 'last_fix_time': datetime.datetime(2021, 7, 29, 13, 12, 38), 'speed': None, 'rudder': 0, 'datum': (42.3, -71.1)}
2021-07-29 14:12:40,572 [INFO] Processing: $BFNVG,131238.62,4218.003234,N,07105.993972,W,0,10.0,1.0,54.6,0.0,0.0,131238.62*6E
2021-07-29 14:12:40,574 [INFO] Interpreted as: {'position': (8.429444164969027, 5.780779743567109), 'latlon': (42.3000539, -71.09989953333333), 'heading': 54.6, 'depth': 1.0, 'altitude': 10.0, 'roll': 0.0, 'pitch': 0.0, 'last_fix_time': datetime.datetime(2021, 7, 29, 13, 12, 38), 'speed': None, 'rudder': 0, 'datum': (42.3, -71.1)}
2021-07-29 14:12:40,575 [INFO] Processing: $BFNVG,131238.96,4218.003350,N,07105.993771,W,0,10.0,1.0,52.5,0.0,0.0,131238.96*65
2021-07-29 14:12:40,577 [INFO] Interpreted as: {'position': (8.710891478462145, 5.988646026700735), 'latlon': (42.30005583333333, -71.09989618333333), 'heading': 52.5, 'depth': 1.0, 'altitude': 10.0, 'roll': 0.0, 'pitch': 0.0, 'last_fix_time': datetime.datetime(2021, 7, 29, 13, 12, 38), 'speed': None, 'rudder': 0, 'datum': (42.3, -71.1)}
2021-07-29 14:12:40,578 [INFO] Processing: $BFNVG,131239.31,4218.003475,N,07105.993571,W,0,10.0,1.0,50.3,0.0,0.0,131239.31*63
2021-07-29 14:12:40,580 [INFO] Interpreted as: {'position': (8.991375926882029, 6.213202496059239), 'latlon': (42.30005791666667, -71.09989285), 'heading': 50.3, 'depth': 1.0, 'altitude': 10.0, 'roll': 0.0, 'pitch': 0.0, 'last_fix_time': datetime.datetime(2021, 7, 29, 13, 12, 39), 'speed': None, 'rudder': 0, 'datum': (42.3, -71.1)}
2021-07-29 14:12:40,581 [INFO] Received from Frontseat: [b'$BFNVG,131238.28,4218.003123,N,07105.994179,W,0,10.0,1.0,56.7,0.0,0.0,131238.28*6C', b'$BFNVG,131238.62,4218.003234,N,07105.993972,W,0,10.0,1.0,54.6,0.0,0.0,131238.62*6E', b'$BFNVG,131238.96,4218.003350,N,07105.993771,W,0,10.0,1.0,52.5,0.0,0.0,131238.96*65', b'$BFNVG,131239.31,4218.003475,N,07105.993571,W,0,10.0,1.0,50.3,0.0,0.0,131239.31*63']
2021-07-29 14:12:40,582 [INFO] AUV state: {'position': (8.991375926882029, 6.213202496059239), 'latlon': (42.30005791666667, -71.09989285), 'heading': 50.3, 'depth': 1.0, 'altitude': 10.0, 'roll': 0.0, 'pitch': 0.0, 'last_fix_time': datetime.datetime(2021, 7, 29, 13, 12, 39), 'speed': None, 'rudder': 0, 'datum': (42.3, -71.1)}
2021-07-29 14:12:40,936 [INFO] Next green buoy: [], next red buoy: [(-21.828165352091503, -8.978035019021508), (-4.272753838478031, -5.348818804176342)]
2021-07-29 14:12:40,937 [INFO] Desired_heading: 28.471834647908494
2021-07-29 14:12:40,937 [INFO] delta angle: -25
2021-07-29 14:12:40,938 [INFO] sending message $BPRMB,131240.90,25,1,0,1000,0,1*47
...
2021-07-29 14:12:41,939 [INFO] sending message $BPSTS,131241.93,1,BWSI Autonomy OK*4a
...
2021-07-29 14:12:41,940 [INFO] Processing: $BFNVG,131239.66,4218.003604,N,07105.993379,W,0,10.0,1.0,48.1,0.0,0.0,131239.66*62
2021-07-29 14:12:41,942 [INFO] Interpreted as: {'position': (9.261052008369006, 6.445432992652059), 'latlon': (42.30006006666667, -71.09988965), 'heading': 48.1, 'depth': 1.0, 'altitude': 10.0, 'roll': 0.0, 'pitch': 0.0, 'last_fix_time': datetime.datetime(2021, 7, 29, 13, 12, 39), 'speed': None, 'rudder': 0, 'datum': (42.3, -71.1)}
2021-07-29 14:12:41,943 [INFO] Processing: $BFNVG,131240.00,4218.003739,N,07105.993193,W,0,10.0,1.0,45.9,0.0,0.0,131240.00*6E
2021-07-29 14:12:41,945 [INFO] Interpreted as: {'position': (9.522758817416616, 6.688971100375056), 'latlon': (42.30006231666667, -71.09988655), 'heading': 45.9, 'depth': 1.0, 'altitude': 10.0, 'roll': 0.0, 'pitch': 0.0, 'last_fix_time': datetime.datetime(2021, 7, 29, 13, 12, 40), 'speed': None, 'rudder': 0, 'datum': (42.3, -71.1)}
2021-07-29 14:12:41,946 [INFO] Processing: $BFNVG,131240.36,4218.003884,N,07105.993008,W,0,10.0,1.0,43.7,0.0,0.0,131240.36*6C
2021-07-29 14:12:41,948 [INFO] Interpreted as: {'position': (9.783548428211361, 6.951050092466176), 'latlon': (42.300064733333336, -71.09988346666667), 'heading': 43.7, 'depth': 1.0, 'altitude': 10.0, 'roll': 0.0, 'pitch': 0.0, 'last_fix_time': datetime.datetime(2021, 7, 29, 13, 12, 40), 'speed': None, 'rudder': 0, 'datum': (42.3, -71.1)}
2021-07-29 14:12:41,949 [INFO] Processing: $BFNVG,131240.71,4218.004029,N,07105.992837,W,0,10.0,1.0,41.5,0.0,0.0,131240.71*61
2021-07-29 14:12:41,951 [INFO] Interpreted as: {'position': (10.025103723048232, 7.213603734970093), 'latlon': (42.30006715, -71.09988061666667), 'heading': 41.5, 'depth': 1.0, 'altitude': 10.0, 'roll': 0.0, 'pitch': 0.0, 'last_fix_time': datetime.datetime(2021, 7, 29, 13, 12, 40), 'speed': None, 'rudder': 0, 'datum': (42.3, -71.1)}
2021-07-29 14:12:41,952 [INFO] Received from Frontseat: [b'$BFNVG,131239.66,4218.003604,N,07105.993379,W,0,10.0,1.0,48.1,0.0,0.0,131239.66*62', b'$BFNVG,131240.00,4218.003739,N,07105.993193,W,0,10.0,1.0,45.9,0.0,0.0,131240.00*6E', b'$BFNVG,131240.36,4218.003884,N,07105.993008,W,0,10.0,1.0,43.7,0.0,0.0,131240.36*6C', b'$BFNVG,131240.71,4218.004029,N,07105.992837,W,0,10.0,1.0,41.5,0.0,0.0,131240.71*61']
2021-07-29 14:12:41,953 [INFO] AUV state: {'position': (10.025103723048232, 7.213603734970093), 'latlon': (42.30006715, -71.09988061666667), 'heading': 41.5, 'depth': 1.0, 'altitude': 10.0, 'roll': 0.0, 'pitch': 0.0, 'last_fix_time': datetime.datetime(2021, 7, 29, 13, 12, 40), 'speed': None, 'rudder': 0, 'datum': (42.3, -71.1)}
2021-07-29 14:12:42,300 [INFO] Next green buoy: [], next red buoy: [(-17.363153561984166, -11.196175791925471), (5.5551274498394125, -6.054745523715929)]
2021-07-29 14:12:42,301 [INFO] Desired_heading: 24.136846438015834
2021-07-29 14:12:42,301 [INFO] delta angle: -25
2021-07-29 14:12:42,302 [INFO] sending message $BPRMB,131242.97,25,1,0,1000,0,1*42
...
2021-07-29 14:12:43,303 [INFO] sending message $BPSTS,131243.30,1,BWSI Autonomy OK*41
...
2021-07-29 14:12:43,309 [INFO] Processing: $BFNVG,131241.06,4218.004178,N,07105.992674,W,0,10.0,1.0,39.4,0.0,0.0,131241.06*63
2021-07-29 14:12:43,311 [INFO] Interpreted as: {'position': (10.255850649846252, 7.483831400983036), 'latlon': (42.30006963333334, -71.0998779), 'heading': 39.4, 'depth': 1.0, 'altitude': 10.0, 'roll': 0.0, 'pitch': 0.0, 'last_fix_time': datetime.datetime(2021, 7, 29, 13, 12, 41), 'speed': None, 'rudder': 0, 'datum': (42.3, -71.1)}
2021-07-29 14:12:43,312 [INFO] Processing: $BFNVG,131241.40,4218.004333,N,07105.992518,W,0,10.0,1.0,37.2,0.0,0.0,131241.40*6F
2021-07-29 14:12:43,314 [INFO] Interpreted as: {'position': (10.477254428260494, 7.765400575473905), 'latlon': (42.30007221666666, -71.0998753), 'heading': 37.2, 'depth': 1.0, 'altitude': 10.0, 'roll': 0.0, 'pitch': 0.0, 'last_fix_time': datetime.datetime(2021, 7, 29, 13, 12, 41), 'speed': None, 'rudder': 0, 'datum': (42.3, -71.1)}
2021-07-29 14:12:43,315 [INFO] Processing: $BFNVG,131241.75,4218.004491,N,07105.992371,W,0,10.0,1.0,35.0,0.0,0.0,131241.75*69
2021-07-29 14:12:43,317 [INFO] Interpreted as: {'position': (10.686430294183083, 8.052826977334917), 'latlon': (42.30007485, -71.09987285), 'heading': 35.0, 'depth': 1.0, 'altitude': 10.0, 'roll': 0.0, 'pitch': 0.0, 'last_fix_time': datetime.datetime(2021, 7, 29, 13, 12, 41), 'speed': None, 'rudder': 0, 'datum': (42.3, -71.1)}
2021-07-29 14:12:43,317 [INFO] Processing: $BFNVG,131242.10,4218.004655,N,07105.992230,W,0,10.0,1.0,32.8,0.0,0.0,131242.10*68
2021-07-29 14:12:43,319 [INFO] Interpreted as: {'position': (10.887636890867725, 8.351560985669494), 'latlon': (42.300077583333334, -71.0998705), 'heading': 32.8, 'depth': 1.0, 'altitude': 10.0, 'roll': 0.0, 'pitch': 0.0, 'last_fix_time': datetime.datetime(2021, 7, 29, 13, 12, 42), 'speed': None, 'rudder': 0, 'datum': (42.3, -71.1)}
2021-07-29 14:12:43,320 [INFO] Received from Frontseat: [b'$BFNVG,131241.06,4218.004178,N,07105.992674,W,0,10.0,1.0,39.4,0.0,0.0,131241.06*63', b'$BFNVG,131241.40,4218.004333,N,07105.992518,W,0,10.0,1.0,37.2,0.0,0.0,131241.40*6F', b'$BFNVG,131241.75,4218.004491,N,07105.992371,W,0,10.0,1.0,35.0,0.0,0.0,131241.75*69', b'$BFNVG,131242.10,4218.004655,N,07105.992230,W,0,10.0,1.0,32.8,0.0,0.0,131242.10*68']
2021-07-29 14:12:43,320 [INFO] AUV state: {'position': (10.887636890867725, 8.351560985669494), 'latlon': (42.300077583333334, -71.0998705), 'heading': 32.8, 'depth': 1.0, 'altitude': 10.0, 'roll': 0.0, 'pitch': 0.0, 'last_fix_time': datetime.datetime(2021, 7, 29, 13, 12, 42), 'speed': None, 'rudder': 0, 'datum': (42.3, -71.1)}
2021-07-29 14:12:43,690 [INFO] Next green buoy: [(7.801617363284217, -5.979295642948238)], next red buoy: [(-12.641883299763732, -15.103481503671333), (16.6071564703531, -7.016815242686275)]
2021-07-29 14:12:43,691 [INFO] Desired_heading: 30.37986703176024
2021-07-29 14:12:43,692 [INFO] delta angle: -3.0119574258835655
2021-07-29 14:12:43,692 [INFO] sending message $BPRMB,131243.63,3.0119574258835655,1,0,1000,0,1*5a
...
2021-07-29 14:12:44,694 [INFO] sending message $BPSTS,131244.69,1,BWSI Autonomy OK*4a
...
2021-07-29 14:12:44,695 [INFO] Processing: $BFNVG,131242.44,4218.004820,N,07105.992100,W,0,10.0,1.0,30.7,0.0,0.0,131242.44*69
2021-07-29 14:12:44,697 [INFO] Interpreted as: {'position': (11.07377648196416, 8.652518625371158), 'latlon': (42.300080333333334, -71.09986833333333), 'heading': 30.7, 'depth': 1.0, 'altitude': 10.0, 'roll': 0.0, 'pitch': 0.0, 'last_fix_time': datetime.datetime(2021, 7, 29, 13, 12, 42), 'speed': None, 'rudder': 0, 'datum': (42.3, -71.1)}
2021-07-29 14:12:44,698 [INFO] Processing: $BFNVG,131242.79,4218.004988,N,07105.991979,W,0,10.0,1.0,28.5,0.0,0.0,131242.79*64
2021-07-29 14:12:44,701 [INFO] Interpreted as: {'position': (11.247688163653947, 8.959333489648998), 'latlon': (42.30008313333333, -71.09986631666666), 'heading': 28.5, 'depth': 1.0, 'altitude': 10.0, 'roll': 0.0, 'pitch': 0.0, 'last_fix_time': datetime.datetime(2021, 7, 29, 13, 12, 42), 'speed': None, 'rudder': 0, 'datum': (42.3, -71.1)}
2021-07-29 14:12:44,702 [INFO] Processing: $BFNVG,131243.13,4218.005160,N,07105.991866,W,0,10.0,1.0,26.4,0.0,0.0,131243.13*6B
2021-07-29 14:12:44,704 [INFO] Interpreted as: {'position': (11.410791482427157, 9.273822368122637), 'latlon': (42.300086, -71.09986443333334), 'heading': 26.4, 'depth': 1.0, 'altitude': 10.0, 'roll': 0.0, 'pitch': 0.0, 'last_fix_time': datetime.datetime(2021, 7, 29, 13, 12, 43), 'speed': None, 'rudder': 0, 'datum': (42.3, -71.1)}
2021-07-29 14:12:44,706 [INFO] Processing: $BFNVG,131243.48,4218.005337,N,07105.991760,W,0,10.0,1.0,24.2,0.0,0.0,131243.48*66
2021-07-29 14:12:44,708 [INFO] Interpreted as: {'position': (11.564505988382734, 9.597802057862282), 'latlon': (42.30008895, -71.09986266666667), 'heading': 24.2, 'depth': 1.0, 'altitude': 10.0, 'roll': 0.0, 'pitch': 0.0, 'last_fix_time': datetime.datetime(2021, 7, 29, 13, 12, 43), 'speed': None, 'rudder': 0, 'datum': (42.3, -71.1)}
2021-07-29 14:12:44,709 [INFO] Received from Frontseat: [b'$BFNVG,131242.44,4218.004820,N,07105.992100,W,0,10.0,1.0,30.7,0.0,0.0,131242.44*69', b'$BFNVG,131242.79,4218.004988,N,07105.991979,W,0,10.0,1.0,28.5,0.0,0.0,131242.79*64', b'$BFNVG,131243.13,4218.005160,N,07105.991866,W,0,10.0,1.0,26.4,0.0,0.0,131243.13*6B', b'$BFNVG,131243.48,4218.005337,N,07105.991760,W,0,10.0,1.0,24.2,0.0,0.0,131243.48*66']
2021-07-29 14:12:44,710 [INFO] AUV state: {'position': (11.564505988382734, 9.597802057862282), 'latlon': (42.30008895, -71.09986266666667), 'heading': 24.2, 'depth': 1.0, 'altitude': 10.0, 'roll': 0.0, 'pitch': 0.0, 'last_fix_time': datetime.datetime(2021, 7, 29, 13, 12, 43), 'speed': None, 'rudder': 0, 'datum': (42.3, -71.1)}
2021-07-29 14:12:45,071 [INFO] Next green buoy: [(18.73102321474808, -7.018708888071671)], next red buoy: [(-7.576727498716514, -23.028504981803778)]
2021-07-29 14:12:45,071 [INFO] Desired_heading: 29.77714785801578
2021-07-29 14:12:45,072 [INFO] delta angle: 10.536787574235388
2021-07-29 14:12:45,072 [INFO] sending message $BPRMB,131245.75,-10.536787574235388,1,0,1000,0,1*75
...
2021-07-29 14:12:46,074 [INFO] sending message $BPSTS,131246.07,1,BWSI Autonomy OK*40
...
2021-07-29 14:12:46,075 [INFO] Processing: $BFNVG,131243.83,4218.005518,N,07105.991663,W,0,10.0,1.0,22.0,0.0,0.0,131243.83*6B
2021-07-29 14:12:46,077 [INFO] Interpreted as: {'position': (11.70603825955186, 9.92948966100812), 'latlon': (42.30009196666666, -71.09986105), 'heading': 22.0, 'depth': 1.0, 'altitude': 10.0, 'roll': 0.0, 'pitch': 0.0, 'last_fix_time': datetime.datetime(2021, 7, 29, 13, 12, 43), 'speed': None, 'rudder': 0, 'datum': (42.3, -71.1)}
2021-07-29 14:12:46,078 [INFO] Processing: $BFNVG,131244.18,4218.005702,N,07105.991571,W,0,10.0,1.0,21.7,0.0,0.0,131244.18*66
2021-07-29 14:12:46,080 [INFO] Interpreted as: {'position': (11.84083813522011, 10.266898875124753), 'latlon': (42.300095033333335, -71.09985951666667), 'heading': 21.7, 'depth': 1.0, 'altitude': 10.0, 'roll': 0.0, 'pitch': 0.0, 'last_fix_time': datetime.datetime(2021, 7, 29, 13, 12, 44), 'speed': None, 'rudder': 0, 'datum': (42.3, -71.1)}
2021-07-29 14:12:46,081 [INFO] Processing: $BFNVG,131244.54,4218.005885,N,07105.991480,W,0,10.0,1.0,21.5,0.0,0.0,131244.54*6B
2021-07-29 14:12:46,083 [INFO] Interpreted as: {'position': (11.97421845223289, 10.602491294033825), 'latlon': (42.30009808333333, -71.099858), 'heading': 21.5, 'depth': 1.0, 'altitude': 10.0, 'roll': 0.0, 'pitch': 0.0, 'last_fix_time': datetime.datetime(2021, 7, 29, 13, 12, 44), 'speed': None, 'rudder': 0, 'datum': (42.3, -71.1)}
2021-07-29 14:12:46,084 [INFO] Processing: $BFNVG,131244.88,4218.006068,N,07105.991391,W,0,10.0,1.0,21.2,0.0,0.0,131244.88*63
2021-07-29 14:12:46,086 [INFO] Interpreted as: {'position': (12.104851004551165, 10.938151523470879), 'latlon': (42.300101133333335, -71.09985651666666), 'heading': 21.2, 'depth': 1.0, 'altitude': 10.0, 'roll': 0.0, 'pitch': 0.0, 'last_fix_time': datetime.datetime(2021, 7, 29, 13, 12, 44), 'speed': None, 'rudder': 0, 'datum': (42.3, -71.1)}
2021-07-29 14:12:46,087 [INFO] Received from Frontseat: [b'$BFNVG,131243.83,4218.005518,N,07105.991663,W,0,10.0,1.0,22.0,0.0,0.0,131243.83*6B', b'$BFNVG,131244.18,4218.005702,N,07105.991571,W,0,10.0,1.0,21.7,0.0,0.0,131244.18*66', b'$BFNVG,131244.54,4218.005885,N,07105.991480,W,0,10.0,1.0,21.5,0.0,0.0,131244.54*6B', b'$BFNVG,131244.88,4218.006068,N,07105.991391,W,0,10.0,1.0,21.2,0.0,0.0,131244.88*63']
2021-07-29 14:12:46,088 [INFO] AUV state: {'position': (12.104851004551165, 10.938151523470879), 'latlon': (42.300101133333335, -71.09985651666666), 'heading': 21.2, 'depth': 1.0, 'altitude': 10.0, 'roll': 0.0, 'pitch': 0.0, 'last_fix_time': datetime.datetime(2021, 7, 29, 13, 12, 44), 'speed': None, 'rudder': 0, 'datum': (42.3, -71.1)}
2021-07-29 14:12:46,524 [INFO] Next green buoy: [(25.27970487734924, -8.252864631163735)], next red buoy: [(-10.259293229140011, -23.56667871098469)]
2021-07-29 14:12:46,524 [INFO] Desired_heading: 28.710205824104612
2021-07-29 14:12:46,525 [INFO] delta angle: 16.465227893078577
2021-07-29 14:12:46,525 [INFO] sending message $BPRMB,131246.39,-16.465227893078577,1,0,1000,0,1*79
...
2021-07-29 14:12:47,527 [INFO] sending message $BPSTS,131247.52,1,BWSI Autonomy OK*41
...
2021-07-29 14:12:47,528 [INFO] Processing: $BFNVG,131245.24,4218.006252,N,07105.991302,W,0,10.0,1.0,20.9,0.0,0.0,131245.24*68
2021-07-29 14:12:47,530 [INFO] Interpreted as: {'position': (12.235529214609414, 11.275662451051176), 'latlon': (42.3001042, -71.09985503333333), 'heading': 20.9, 'depth': 1.0, 'altitude': 10.0, 'roll': 0.0, 'pitch': 0.0, 'last_fix_time': datetime.datetime(2021, 7, 29, 13, 12, 45), 'speed': None, 'rudder': 0, 'datum': (42.3, -71.1)}
2021-07-29 14:12:47,531 [INFO] Processing: $BFNVG,131245.59,4218.006437,N,07105.991212,W,0,10.0,1.0,21.9,0.0,0.0,131245.59*6C
2021-07-29 14:12:47,532 [INFO] Interpreted as: {'position': (12.367626955499873, 11.614990174770355), 'latlon': (42.30010728333333, -71.09985353333333), 'heading': 21.9, 'depth': 1.0, 'altitude': 10.0, 'roll': 0.0, 'pitch': 0.0, 'last_fix_time': datetime.datetime(2021, 7, 29, 13, 12, 45), 'speed': None, 'rudder': 0, 'datum': (42.3, -71.1)}
2021-07-29 14:12:47,533 [INFO] Processing: $BFNVG,131245.94,4218.006619,N,07105.991118,W,0,10.0,1.0,22.8,0.0,0.0,131245.94*69
2021-07-29 14:12:47,535 [INFO] Interpreted as: {'position': (12.505083191674203, 11.948630200698972), 'latlon': (42.30011031666667, -71.09985196666666), 'heading': 22.8, 'depth': 1.0, 'altitude': 10.0, 'roll': 0.0, 'pitch': 0.0, 'last_fix_time': datetime.datetime(2021, 7, 29, 13, 12, 45), 'speed': None, 'rudder': 0, 'datum': (42.3, -71.1)}
2021-07-29 14:12:47,536 [INFO] Processing: $BFNVG,131246.29,4218.006801,N,07105.991020,W,0,10.0,1.0,23.7,0.0,0.0,131246.29*6A
2021-07-29 14:12:47,538 [INFO] Interpreted as: {'position': (12.648034923127852, 12.282134615816176), 'latlon': (42.30011335, -71.09985033333334), 'heading': 23.7, 'depth': 1.0, 'altitude': 10.0, 'roll': 0.0, 'pitch': 0.0, 'last_fix_time': datetime.datetime(2021, 7, 29, 13, 12, 46), 'speed': None, 'rudder': 0, 'datum': (42.3, -71.1)}
2021-07-29 14:12:47,538 [INFO] Received from Frontseat: [b'$BFNVG,131245.24,4218.006252,N,07105.991302,W,0,10.0,1.0,20.9,0.0,0.0,131245.24*68', b'$BFNVG,131245.59,4218.006437,N,07105.991212,W,0,10.0,1.0,21.9,0.0,0.0,131245.59*6C', b'$BFNVG,131245.94,4218.006619,N,07105.991118,W,0,10.0,1.0,22.8,0.0,0.0,131245.94*69', b'$BFNVG,131246.29,4218.006801,N,07105.991020,W,0,10.0,1.0,23.7,0.0,0.0,131246.29*6A']
2021-07-29 14:12:47,539 [INFO] AUV state: {'position': (12.648034923127852, 12.282134615816176), 'latlon': (42.30011335, -71.09985033333334), 'heading': 23.7, 'depth': 1.0, 'altitude': 10.0, 'roll': 0.0, 'pitch': 0.0, 'last_fix_time': datetime.datetime(2021, 7, 29, 13, 12, 46), 'speed': None, 'rudder': 0, 'datum': (42.3, -71.1)}
2021-07-29 14:12:47,861 [INFO] Next green buoy: [], next red buoy: []
2021-07-29 14:12:47,862 [INFO] Desired_heading: 26.993045578615714
2021-07-29 14:12:47,862 [INFO] delta angle: 4.780646150161855
2021-07-29 14:12:47,862 [INFO] sending message $BPRMB,131248.65,-4.780646150161855,1,0,1000,0,1*44
...
2021-07-29 14:12:48,864 [INFO] sending message $BPSTS,131248.86,1,BWSI Autonomy OK*47
...
2021-07-29 14:12:48,865 [INFO] Processing: $BFNVG,131246.64,4218.006981,N,07105.990918,W,0,10.0,1.0,24.7,0.0,0.0,131246.64*67
2021-07-29 14:12:48,867 [INFO] Interpreted as: {'position': (12.7963908133097, 12.611802033148706), 'latlon': (42.30011635, -71.09984863333334), 'heading': 24.7, 'depth': 1.0, 'altitude': 10.0, 'roll': 0.0, 'pitch': 0.0, 'last_fix_time': datetime.datetime(2021, 7, 29, 13, 12, 46), 'speed': None, 'rudder': 0, 'datum': (42.3, -71.1)}
2021-07-29 14:12:48,868 [INFO] Processing: $BFNVG,131247.00,4218.007160,N,07105.990810,W,0,10.0,1.0,26.1,0.0,0.0,131247.00*6C
2021-07-29 14:12:48,869 [INFO] Interpreted as: {'position': (12.952944287098944, 12.939415337517858), 'latlon': (42.300119333333335, -71.09984683333333), 'heading': 26.1, 'depth': 1.0, 'altitude': 10.0, 'roll': 0.0, 'pitch': 0.0, 'last_fix_time': datetime.datetime(2021, 7, 29, 13, 12, 47), 'speed': None, 'rudder': 0, 'datum': (42.3, -71.1)}
2021-07-29 14:12:48,870 [INFO] Processing: $BFNVG,131247.35,4218.007338,N,07105.990696,W,0,10.0,1.0,27.6,0.0,0.0,131247.35*65
2021-07-29 14:12:48,872 [INFO] Interpreted as: {'position': (13.117695341352373, 13.264974532648921), 'latlon': (42.3001223, -71.09984493333333), 'heading': 27.6, 'depth': 1.0, 'altitude': 10.0, 'roll': 0.0, 'pitch': 0.0, 'last_fix_time': datetime.datetime(2021, 7, 29, 13, 12, 47), 'speed': None, 'rudder': 0, 'datum': (42.3, -71.1)}
2021-07-29 14:12:48,873 [INFO] Processing: $BFNVG,131247.70,4218.007513,N,07105.990577,W,0,10.0,1.0,29.0,0.0,0.0,131247.70*6E
2021-07-29 14:12:48,875 [INFO] Interpreted as: {'position': (13.289178760256618, 13.584812127053738), 'latlon': (42.300125216666665, -71.09984295), 'heading': 29.0, 'depth': 1.0, 'altitude': 10.0, 'roll': 0.0, 'pitch': 0.0, 'last_fix_time': datetime.datetime(2021, 7, 29, 13, 12, 47), 'speed': None, 'rudder': 0, 'datum': (42.3, -71.1)}
2021-07-29 14:12:48,875 [INFO] Received from Frontseat: [b'$BFNVG,131246.64,4218.006981,N,07105.990918,W,0,10.0,1.0,24.7,0.0,0.0,131246.64*67', b'$BFNVG,131247.00,4218.007160,N,07105.990810,W,0,10.0,1.0,26.1,0.0,0.0,131247.00*6C', b'$BFNVG,131247.35,4218.007338,N,07105.990696,W,0,10.0,1.0,27.6,0.0,0.0,131247.35*65', b'$BFNVG,131247.70,4218.007513,N,07105.990577,W,0,10.0,1.0,29.0,0.0,0.0,131247.70*6E']
2021-07-29 14:12:48,876 [INFO] AUV state: {'position': (13.289178760256618, 13.584812127053738), 'latlon': (42.300125216666665, -71.09984295), 'heading': 29.0, 'depth': 1.0, 'altitude': 10.0, 'roll': 0.0, 'pitch': 0.0, 'last_fix_time': datetime.datetime(2021, 7, 29, 13, 12, 47), 'speed': None, 'rudder': 0, 'datum': (42.3, -71.1)}
2021-07-29 14:12:49,222 [INFO] Next green buoy: [], next red buoy: []
2021-07-29 14:12:49,223 [INFO] Desired_heading: 29.95612923003237
2021-07-29 14:12:49,223 [INFO] delta angle: 0.7479367621762699
2021-07-29 14:12:49,224 [INFO] sending message $BPRMB,131249.06,-0.7479367621762699,1,0,1000,0,1*7a
...
2021-07-29 14:12:50,225 [INFO] sending message $BPSTS,131250.22,1,BWSI Autonomy OK*40
...
2021-07-29 14:12:50,226 [INFO] Processing: $BFNVG,131248.06,4218.007686,N,07105.990451,W,0,10.0,1.0,30.5,0.0,0.0,131248.06*69
2021-07-29 14:12:50,228 [INFO] Interpreted as: {'position': (13.470187963917851, 13.900711015798151), 'latlon': (42.3001281, -71.09984085), 'heading': 30.5, 'depth': 1.0, 'altitude': 10.0, 'roll': 0.0, 'pitch': 0.0, 'last_fix_time': datetime.datetime(2021, 7, 29, 13, 12, 48), 'speed': None, 'rudder': 0, 'datum': (42.3, -71.1)}
2021-07-29 14:12:50,229 [INFO] Processing: $BFNVG,131248.43,4218.007868,N,07105.990314,W,0,10.0,1.0,30.9,0.0,0.0,131248.43*6D
2021-07-29 14:12:50,231 [INFO] Interpreted as: {'position': (13.666720818844624, 14.232893253676593), 'latlon': (42.30013113333333, -71.09983856666666), 'heading': 30.9, 'depth': 1.0, 'altitude': 10.0, 'roll': 0.0, 'pitch': 0.0, 'last_fix_time': datetime.datetime(2021, 7, 29, 13, 12, 48), 'speed': None, 'rudder': 0, 'datum': (42.3, -71.1)}
2021-07-29 14:12:50,232 [INFO] Processing: $BFNVG,131248.80,4218.008044,N,07105.990178,W,0,10.0,1.0,31.4,0.0,0.0,131248.80*60
2021-07-29 14:12:50,233 [INFO] Interpreted as: {'position': (13.861605765356217, 14.55400521773845), 'latlon': (42.300134066666665, -71.0998363), 'heading': 31.4, 'depth': 1.0, 'altitude': 10.0, 'roll': 0.0, 'pitch': 0.0, 'last_fix_time': datetime.datetime(2021, 7, 29, 13, 12, 48), 'speed': None, 'rudder': 0, 'datum': (42.3, -71.1)}
2021-07-29 14:12:50,234 [INFO] Processing: $BFNVG,131249.16,4218.008217,N,07105.990042,W,0,10.0,1.0,31.8,0.0,0.0,131249.16*60
2021-07-29 14:12:50,236 [INFO] Interpreted as: {'position': (14.056353691208642, 14.869565095752478), 'latlon': (42.30013695, -71.09983403333334), 'heading': 31.8, 'depth': 1.0, 'altitude': 10.0, 'roll': 0.0, 'pitch': 0.0, 'last_fix_time': datetime.datetime(2021, 7, 29, 13, 12, 49), 'speed': None, 'rudder': 0, 'datum': (42.3, -71.1)}
2021-07-29 14:12:50,236 [INFO] Received from Frontseat: [b'$BFNVG,131248.06,4218.007686,N,07105.990451,W,0,10.0,1.0,30.5,0.0,0.0,131248.06*69', b'$BFNVG,131248.43,4218.007868,N,07105.990314,W,0,10.0,1.0,30.9,0.0,0.0,131248.43*6D', b'$BFNVG,131248.80,4218.008044,N,07105.990178,W,0,10.0,1.0,31.4,0.0,0.0,131248.80*60', b'$BFNVG,131249.16,4218.008217,N,07105.990042,W,0,10.0,1.0,31.8,0.0,0.0,131249.16*60']
2021-07-29 14:12:50,237 [INFO] AUV state: {'position': (14.056353691208642, 14.869565095752478), 'latlon': (42.30013695, -71.09983403333334), 'heading': 31.8, 'depth': 1.0, 'altitude': 10.0, 'roll': 0.0, 'pitch': 0.0, 'last_fix_time': datetime.datetime(2021, 7, 29, 13, 12, 49), 'speed': None, 'rudder': 0, 'datum': (42.3, -71.1)}
2021-07-29 14:12:50,580 [INFO] Next green buoy: [], next red buoy: []
2021-07-29 14:12:50,580 [INFO] Desired_heading: 31.949587352435255
2021-07-29 14:12:50,581 [INFO] delta angle: 0.04628415085427386
2021-07-29 14:12:50,581 [INFO] sending message $BPRMB,131251.38,-0.04628415085427386,1,0,1000,0,1*48
...
2021-07-29 14:12:51,583 [INFO] sending message $BPSTS,131251.58,1,BWSI Autonomy OK*4c
...
2021-07-29 14:12:51,584 [INFO] Processing: $BFNVG,131249.52,4218.008389,N,07105.989906,W,0,10.0,1.0,32.2,0.0,0.0,131249.52*6E
2021-07-29 14:12:51,586 [INFO] Interpreted as: {'position': (14.25105593178887, 15.183274281211197), 'latlon': (42.300139816666665, -71.09983176666667), 'heading': 32.2, 'depth': 1.0, 'altitude': 10.0, 'roll': 0.0, 'pitch': 0.0, 'last_fix_time': datetime.datetime(2021, 7, 29, 13, 12, 49), 'speed': None, 'rudder': 0, 'datum': (42.3, -71.1)}
2021-07-29 14:12:51,586 [INFO] Processing: $BFNVG,131249.87,4218.008557,N,07105.989770,W,0,10.0,1.0,32.3,0.0,0.0,131249.87*65
2021-07-29 14:12:51,588 [INFO] Interpreted as: {'position': (14.445575481862761, 15.48958068434149), 'latlon': (42.30014261666667, -71.0998295), 'heading': 32.3, 'depth': 1.0, 'altitude': 10.0, 'roll': 0.0, 'pitch': 0.0, 'last_fix_time': datetime.datetime(2021, 7, 29, 13, 12, 49), 'speed': None, 'rudder': 0, 'datum': (42.3, -71.1)}
2021-07-29 14:12:51,589 [INFO] Processing: $BFNVG,131250.22,4218.008726,N,07105.989634,W,0,10.0,1.0,32.4,0.0,0.0,131250.22*67
2021-07-29 14:12:51,590 [INFO] Interpreted as: {'position': (14.640140684263315, 15.797737787477672), 'latlon': (42.300145433333334, -71.09982723333333), 'heading': 32.4, 'depth': 1.0, 'altitude': 10.0, 'roll': 0.0, 'pitch': 0.0, 'last_fix_time': datetime.datetime(2021, 7, 29, 13, 12, 50), 'speed': None, 'rudder': 0, 'datum': (42.3, -71.1)}
2021-07-29 14:12:51,591 [INFO] Received from Frontseat: [b'$BFNVG,131249.52,4218.008389,N,07105.989906,W,0,10.0,1.0,32.2,0.0,0.0,131249.52*6E', b'$BFNVG,131249.87,4218.008557,N,07105.989770,W,0,10.0,1.0,32.3,0.0,0.0,131249.87*65', b'$BFNVG,131250.22,4218.008726,N,07105.989634,W,0,10.0,1.0,32.4,0.0,0.0,131250.22*67']
2021-07-29 14:12:51,592 [INFO] AUV state: {'position': (14.640140684263315, 15.797737787477672), 'latlon': (42.300145433333334, -71.09982723333333), 'heading': 32.4, 'depth': 1.0, 'altitude': 10.0, 'roll': 0.0, 'pitch': 0.0, 'last_fix_time': datetime.datetime(2021, 7, 29, 13, 12, 50), 'speed': None, 'rudder': 0, 'datum': (42.3, -71.1)}
2021-07-29 14:12:51,940 [INFO] Next green buoy: [], next red buoy: []
2021-07-29 14:12:51,940 [INFO] Desired_heading: 32.409256830170854
2021-07-29 14:12:51,941 [INFO] delta angle: 0.0007124976415385203
2021-07-29 14:12:51,941 [INFO] sending message $BPRMB,131251.78,-0.0007124976415385203,1,0,1000,0,1*42
...
2021-07-29 14:12:52,943 [INFO] sending message $BPSTS,131252.94,1,BWSI Autonomy OK*4f
...
2021-07-29 14:12:52,944 [INFO] Processing: $BFNVG,131250.61,4218.008908,N,07105.989487,W,0,10.0,1.0,32.4,0.0,0.0,131250.61*6F
2021-07-29 14:12:52,946 [INFO] Interpreted as: {'position': (14.850412201834843, 16.129581036046147), 'latlon': (42.30014846666667, -71.09982478333333), 'heading': 32.4, 'depth': 1.0, 'altitude': 10.0, 'roll': 0.0, 'pitch': 0.0, 'last_fix_time': datetime.datetime(2021, 7, 29, 13, 12, 50), 'speed': None, 'rudder': 0, 'datum': (42.3, -71.1)}
2021-07-29 14:12:52,946 [INFO] Processing: $BFNVG,131250.99,4218.009089,N,07105.989341,W,0,10.0,1.0,32.4,0.0,0.0,131250.99*63
2021-07-29 14:12:52,948 [INFO] Interpreted as: {'position': (15.059264157549478, 16.459607493132353), 'latlon': (42.30015148333333, -71.09982235), 'heading': 32.4, 'depth': 1.0, 'altitude': 10.0, 'roll': 0.0, 'pitch': 0.0, 'last_fix_time': datetime.datetime(2021, 7, 29, 13, 12, 50), 'speed': None, 'rudder': 0, 'datum': (42.3, -71.1)}
2021-07-29 14:12:52,949 [INFO] Processing: $BFNVG,131251.36,4218.009268,N,07105.989196,W,0,10.0,1.0,32.4,0.0,0.0,131251.36*66
2021-07-29 14:12:52,951 [INFO] Interpreted as: {'position': (15.266650877485517, 16.785966465249658), 'latlon': (42.30015446666667, -71.09981993333334), 'heading': 32.4, 'depth': 1.0, 'altitude': 10.0, 'roll': 0.0, 'pitch': 0.0, 'last_fix_time': datetime.datetime(2021, 7, 29, 13, 12, 51), 'speed': None, 'rudder': 0, 'datum': (42.3, -71.1)}
2021-07-29 14:12:52,952 [INFO] Processing: $BFNVG,131251.71,4218.009432,N,07105.989063,W,0,10.0,1.0,32.4,0.0,0.0,131251.71*64
2021-07-29 14:12:52,954 [INFO] Interpreted as: {'position': (15.456866040767636, 17.08497181069106), 'latlon': (42.3001572, -71.09981771666666), 'heading': 32.4, 'depth': 1.0, 'altitude': 10.0, 'roll': 0.0, 'pitch': 0.0, 'last_fix_time': datetime.datetime(2021, 7, 29, 13, 12, 51), 'speed': None, 'rudder': 0, 'datum': (42.3, -71.1)}
2021-07-29 14:12:52,954 [INFO] Received from Frontseat: [b'$BFNVG,131250.61,4218.008908,N,07105.989487,W,0,10.0,1.0,32.4,0.0,0.0,131250.61*6F', b'$BFNVG,131250.99,4218.009089,N,07105.989341,W,0,10.0,1.0,32.4,0.0,0.0,131250.99*63', b'$BFNVG,131251.36,4218.009268,N,07105.989196,W,0,10.0,1.0,32.4,0.0,0.0,131251.36*66', b'$BFNVG,131251.71,4218.009432,N,07105.989063,W,0,10.0,1.0,32.4,0.0,0.0,131251.71*64']
2021-07-29 14:12:52,955 [INFO] AUV state: {'position': (15.456866040767636, 17.08497181069106), 'latlon': (42.3001572, -71.09981771666666), 'heading': 32.4, 'depth': 1.0, 'altitude': 10.0, 'roll': 0.0, 'pitch': 0.0, 'last_fix_time': datetime.datetime(2021, 7, 29, 13, 12, 51), 'speed': None, 'rudder': 0, 'datum': (42.3, -71.1)}
2021-07-29 14:12:53,302 [INFO] Next green buoy: [], next red buoy: []
2021-07-29 14:12:53,303 [INFO] Desired_heading: 32.40014249952831
2021-07-29 14:12:53,303 [INFO] delta angle: 1.360849591161534e-06
2021-07-29 14:12:53,304 [INFO] sending message $BPRMB,131254.10,-1.360849591161534e-06,1,0,1000,0,1*8
...
2021-07-29 14:12:54,305 [INFO] sending message $BPSTS,131254.30,1,BWSI Autonomy OK*47
...
2021-07-29 14:12:54,312 [INFO] Processing: $BFNVG,131252.05,4218.009594,N,07105.988931,W,0,10.0,1.0,32.4,0.0,0.0,131252.05*66
2021-07-29 14:12:54,314 [INFO] Interpreted as: {'position': (15.645615975896362, 17.380309669300914), 'latlon': (42.3001599, -71.09981551666667), 'heading': 32.4, 'depth': 1.0, 'altitude': 10.0, 'roll': 0.0, 'pitch': 0.0, 'last_fix_time': datetime.datetime(2021, 7, 29, 13, 12, 52), 'speed': None, 'rudder': 0, 'datum': (42.3, -71.1)}
2021-07-29 14:12:54,317 [INFO] Processing: $BFNVG,131252.39,4218.009757,N,07105.988799,W,0,10.0,1.0,32.4,0.0,0.0,131252.39*67
2021-07-29 14:12:54,320 [INFO] Interpreted as: {'position': (15.834411564050242, 17.677498229779303), 'latlon': (42.30016261666667, -71.09981331666667), 'heading': 32.4, 'depth': 1.0, 'altitude': 10.0, 'roll': 0.0, 'pitch': 0.0, 'last_fix_time': datetime.datetime(2021, 7, 29, 13, 12, 52), 'speed': None, 'rudder': 0, 'datum': (42.3, -71.1)}
2021-07-29 14:12:54,322 [INFO] Processing: $BFNVG,131252.73,4218.009921,N,07105.988666,W,0,10.0,1.0,32.4,0.0,0.0,131252.73*69
2021-07-29 14:12:54,324 [INFO] Interpreted as: {'position': (16.0246266812901, 17.976503591053188), 'latlon': (42.30016535, -71.0998111), 'heading': 32.4, 'depth': 1.0, 'altitude': 10.0, 'roll': 0.0, 'pitch': 0.0, 'last_fix_time': datetime.datetime(2021, 7, 29, 13, 12, 52), 'speed': None, 'rudder': 0, 'datum': (42.3, -71.1)}
2021-07-29 14:12:54,325 [INFO] Processing: $BFNVG,131253.07,4218.010083,N,07105.988535,W,0,10.0,1.0,32.4,0.0,0.0,131253.07*65
2021-07-29 14:12:54,328 [INFO] Interpreted as: {'position': (16.21200269460678, 18.271875365637243), 'latlon': (42.30016805, -71.09980891666666), 'heading': 32.4, 'depth': 1.0, 'altitude': 10.0, 'roll': 0.0, 'pitch': 0.0, 'last_fix_time': datetime.datetime(2021, 7, 29, 13, 12, 53), 'speed': None, 'rudder': 0, 'datum': (42.3, -71.1)}
2021-07-29 14:12:54,329 [INFO] Received from Frontseat: [b'$BFNVG,131252.05,4218.009594,N,07105.988931,W,0,10.0,1.0,32.4,0.0,0.0,131252.05*66', b'$BFNVG,131252.39,4218.009757,N,07105.988799,W,0,10.0,1.0,32.4,0.0,0.0,131252.39*67', b'$BFNVG,131252.73,4218.009921,N,07105.988666,W,0,10.0,1.0,32.4,0.0,0.0,131252.73*69', b'$BFNVG,131253.07,4218.010083,N,07105.988535,W,0,10.0,1.0,32.4,0.0,0.0,131253.07*65']
2021-07-29 14:12:54,330 [INFO] AUV state: {'position': (16.21200269460678, 18.271875365637243), 'latlon': (42.30016805, -71.09980891666666), 'heading': 32.4, 'depth': 1.0, 'altitude': 10.0, 'roll': 0.0, 'pitch': 0.0, 'last_fix_time': datetime.datetime(2021, 7, 29, 13, 12, 53), 'speed': None, 'rudder': 0, 'datum': (42.3, -71.1)}
2021-07-29 14:12:54,656 [INFO] Next green buoy: [], next red buoy: []
2021-07-29 14:12:54,657 [INFO] Desired_heading: 32.40000027216992
2021-07-29 14:12:54,658 [INFO] delta angle: 1.1359263562936503e-10
2021-07-29 14:12:54,658 [INFO] sending message $BPRMB,131254.50,-1.1359263562936503e-10,1,0,1000,0,1*30
...
2021-07-29 14:12:55,660 [INFO] sending message $BPSTS,131255.66,1,BWSI Autonomy OK*45
...
2021-07-29 14:12:55,662 [INFO] Processing: $BFNVG,131253.42,4218.010247,N,07105.988402,W,0,10.0,1.0,32.4,0.0,0.0,131253.42*6A
2021-07-29 14:12:55,664 [INFO] Interpreted as: {'position': (16.402217781171203, 18.570880736224353), 'latlon': (42.300170783333336, -71.0998067), 'heading': 32.4, 'depth': 1.0, 'altitude': 10.0, 'roll': 0.0, 'pitch': 0.0, 'last_fix_time': datetime.datetime(2021, 7, 29, 13, 12, 53), 'speed': None, 'rudder': 0, 'datum': (42.3, -71.1)}
2021-07-29 14:12:55,665 [INFO] Processing: $BFNVG,131253.76,4218.010409,N,07105.988270,W,0,10.0,1.0,32.4,0.0,0.0,131253.76*65
2021-07-29 14:12:55,668 [INFO] Interpreted as: {'position': (16.59096764016431, 18.866218618117273), 'latlon': (42.30017348333333, -71.0998045), 'heading': 32.4, 'depth': 1.0, 'altitude': 10.0, 'roll': 0.0, 'pitch': 0.0, 'last_fix_time': datetime.datetime(2021, 7, 29, 13, 12, 53), 'speed': None, 'rudder': 0, 'datum': (42.3, -71.1)}
2021-07-29 14:12:55,670 [INFO] Processing: $BFNVG,131254.10,4218.010573,N,07105.988138,W,0,10.0,1.0,32.4,0.0,0.0,131254.10*66
2021-07-29 14:12:55,672 [INFO] Interpreted as: {'position': (16.779808819992468, 19.165257899090648), 'latlon': (42.300176216666664, -71.0998023), 'heading': 32.4, 'depth': 1.0, 'altitude': 10.0, 'roll': 0.0, 'pitch': 0.0, 'last_fix_time': datetime.datetime(2021, 7, 29, 13, 12, 54), 'speed': None, 'rudder': 0, 'datum': (42.3, -71.1)}
2021-07-29 14:12:55,673 [INFO] Processing: $BFNVG,131254.44,4218.010736,N,07105.988006,W,0,10.0,1.0,32.4,0.0,0.0,131254.44*69
2021-07-29 14:12:55,675 [INFO] Interpreted as: {'position': (16.968604316469282, 19.46244648937136), 'latlon': (42.300178933333335, -71.0998001), 'heading': 32.4, 'depth': 1.0, 'altitude': 10.0, 'roll': 0.0, 'pitch': 0.0, 'last_fix_time': datetime.datetime(2021, 7, 29, 13, 12, 54), 'speed': None, 'rudder': 0, 'datum': (42.3, -71.1)}
2021-07-29 14:12:55,675 [INFO] Received from Frontseat: [b'$BFNVG,131253.42,4218.010247,N,07105.988402,W,0,10.0,1.0,32.4,0.0,0.0,131253.42*6A', b'$BFNVG,131253.76,4218.010409,N,07105.988270,W,0,10.0,1.0,32.4,0.0,0.0,131253.76*65', b'$BFNVG,131254.10,4218.010573,N,07105.988138,W,0,10.0,1.0,32.4,0.0,0.0,131254.10*66', b'$BFNVG,131254.44,4218.010736,N,07105.988006,W,0,10.0,1.0,32.4,0.0,0.0,131254.44*69']
2021-07-29 14:12:55,676 [INFO] AUV state: {'position': (16.968604316469282, 19.46244648937136), 'latlon': (42.300178933333335, -71.0998001), 'heading': 32.4, 'depth': 1.0, 'altitude': 10.0, 'roll': 0.0, 'pitch': 0.0, 'last_fix_time': datetime.datetime(2021, 7, 29, 13, 12, 54), 'speed': None, 'rudder': 0, 'datum': (42.3, -71.1)}
2021-07-29 14:12:56,024 [INFO] Next green buoy: [], next red buoy: []
2021-07-29 14:12:56,024 [INFO] Desired_heading: 32.400000000022715
2021-07-29 14:12:56,024 [INFO] delta angle: 8.661422964626605e-17
2021-07-29 14:12:56,025 [INFO] sending message $BPRMB,131256.81,-8.661422964626605e-17,1,0,1000,0,1*d
...
2021-07-29 14:12:57,026 [INFO] sending message $BPSTS,131257.02,1,BWSI Autonomy OK*45
...
2021-07-29 14:12:57,027 [INFO] Processing: $BFNVG,131254.79,4218.010899,N,07105.987873,W,0,10.0,1.0,32.4,0.0,0.0,131254.79*66
2021-07-29 14:12:57,029 [INFO] Interpreted as: {'position': (17.158773671486415, 19.759601179510355), 'latlon': (42.30018165, -71.09979788333334), 'heading': 32.4, 'depth': 1.0, 'altitude': 10.0, 'roll': 0.0, 'pitch': 0.0, 'last_fix_time': datetime.datetime(2021, 7, 29, 13, 12, 54), 'speed': None, 'rudder': 0, 'datum': (42.3, -71.1)}
2021-07-29 14:12:57,030 [INFO] Processing: $BFNVG,131255.13,4218.011063,N,07105.987741,W,0,10.0,1.0,32.4,0.0,0.0,131255.13*64
2021-07-29 14:12:57,032 [INFO] Interpreted as: {'position': (17.347614807425998, 20.05864047538489), 'latlon': (42.30018438333333, -71.09979568333333), 'heading': 32.4, 'depth': 1.0, 'altitude': 10.0, 'roll': 0.0, 'pitch': 0.0, 'last_fix_time': datetime.datetime(2021, 7, 29, 13, 12, 55), 'speed': None, 'rudder': 0, 'datum': (42.3, -71.1)}
2021-07-29 14:12:57,032 [INFO] Processing: $BFNVG,131255.48,4218.011227,N,07105.987608,W,0,10.0,1.0,32.4,0.0,0.0,131255.48*6A
2021-07-29 14:12:57,034 [INFO] Interpreted as: {'position': (17.53782979946118, 20.35764587391168), 'latlon': (42.30018711666666, -71.09979346666667), 'heading': 32.4, 'depth': 1.0, 'altitude': 10.0, 'roll': 0.0, 'pitch': 0.0, 'last_fix_time': datetime.datetime(2021, 7, 29, 13, 12, 55), 'speed': None, 'rudder': 0, 'datum': (42.3, -71.1)}
2021-07-29 14:12:57,035 [INFO] Processing: $BFNVG,131255.82,4218.011391,N,07105.987475,W,0,10.0,1.0,32.4,0.0,0.0,131255.82*6E
2021-07-29 14:12:57,037 [INFO] Interpreted as: {'position': (17.728044778225012, 20.656651279889047), 'latlon': (42.30018985, -71.09979125), 'heading': 32.4, 'depth': 1.0, 'altitude': 10.0, 'roll': 0.0, 'pitch': 0.0, 'last_fix_time': datetime.datetime(2021, 7, 29, 13, 12, 55), 'speed': None, 'rudder': 0, 'datum': (42.3, -71.1)}
2021-07-29 14:12:57,038 [INFO] Received from Frontseat: [b'$BFNVG,131254.79,4218.010899,N,07105.987873,W,0,10.0,1.0,32.4,0.0,0.0,131254.79*66', b'$BFNVG,131255.13,4218.011063,N,07105.987741,W,0,10.0,1.0,32.4,0.0,0.0,131255.13*64', b'$BFNVG,131255.48,4218.011227,N,07105.987608,W,0,10.0,1.0,32.4,0.0,0.0,131255.48*6A', b'$BFNVG,131255.82,4218.011391,N,07105.987475,W,0,10.0,1.0,32.4,0.0,0.0,131255.82*6E']
2021-07-29 14:12:57,039 [INFO] AUV state: {'position': (17.728044778225012, 20.656651279889047), 'latlon': (42.30018985, -71.09979125), 'heading': 32.4, 'depth': 1.0, 'altitude': 10.0, 'roll': 0.0, 'pitch': 0.0, 'last_fix_time': datetime.datetime(2021, 7, 29, 13, 12, 55), 'speed': None, 'rudder': 0, 'datum': (42.3, -71.1)}
2021-07-29 14:12:57,363 [INFO] Next green buoy: [], next red buoy: []
2021-07-29 14:12:57,363 [INFO] Desired_heading: 32.4
2021-07-29 14:12:57,364 [INFO] delta angle: 0.0
2021-07-29 14:12:57,364 [INFO] sending message $BPRMB,131257.24,-0.0,1,0,1000,0,1*4a
...
