2021-07-28 23:06:34,259 [INFO] host = 192.168.1.213, port = 29500
2021-07-28 23:06:38,560 [INFO] sending message $BPLOG,ACK,ON*1e
...
2021-07-28 23:06:38,561 [INFO] sending message $BPLOG,ALL,ON*16
...
2021-07-28 23:06:38,562 [INFO] sending message $BPSTS,220638.56,1,BWSI Autonomy OK*4a
...
2021-07-28 23:06:38,563 [INFO] Received from Frontseat: []
2021-07-28 23:06:38,564 [INFO] AUV state: {'position': (None, None), 'latlon': None, 'heading': None, 'depth': None, 'altitude': None, 'roll': None, 'pitch': None, 'last_fix_time': None, 'speed': None, 'rudder': 0}
2021-07-28 23:06:39,566 [INFO] sending message $BPSTS,220639.56,1,BWSI Autonomy OK*4b
...
2021-07-28 23:06:39,572 [INFO] Processing: $BFNVG,220636.06,4218.000000,N,07106.000000,W,0,10.0,1.0,45.0,0.0,0.0,220636.06*62
2021-07-28 23:06:39,574 [INFO] Interpreted as: {'position': (0, 0), 'latlon': (42.3, -71.1), 'heading': 45.0, 'depth': 1.0, 'altitude': 10.0, 'roll': 0.0, 'pitch': 0.0, 'last_fix_time': datetime.datetime(2021, 7, 28, 22, 6, 36), 'speed': None, 'rudder': 0, 'datum': (42.3, -71.1)}
2021-07-28 23:06:39,575 [INFO] Processing: $BFNVG,220636.31,4218.000000,N,07106.000000,W,0,10.0,1.0,45.0,0.0,0.0,220636.31*62
2021-07-28 23:06:39,577 [INFO] Interpreted as: {'position': (0.0, 0.0), 'latlon': (42.3, -71.1), 'heading': 45.0, 'depth': 1.0, 'altitude': 10.0, 'roll': 0.0, 'pitch': 0.0, 'last_fix_time': datetime.datetime(2021, 7, 28, 22, 6, 36), 'speed': None, 'rudder': 0, 'datum': (42.3, -71.1)}
2021-07-28 23:06:39,578 [INFO] Processing: $BFNVG,220636.56,4218.000000,N,07106.000000,W,0,10.0,1.0,45.0,0.0,0.0,220636.56*62
2021-07-28 23:06:39,580 [INFO] Interpreted as: {'position': (0.0, 0.0), 'latlon': (42.3, -71.1), 'heading': 45.0, 'depth': 1.0, 'altitude': 10.0, 'roll': 0.0, 'pitch': 0.0, 'last_fix_time': datetime.datetime(2021, 7, 28, 22, 6, 36), 'speed': None, 'rudder': 0, 'datum': (42.3, -71.1)}
2021-07-28 23:06:39,581 [INFO] Processing: $BFNVG,220636.81,4218.000000,N,07106.000000,W,0,10.0,1.0,45.0,0.0,0.0,220636.81*62
2021-07-28 23:06:39,583 [INFO] Interpreted as: {'position': (0.0, 0.0), 'latlon': (42.3, -71.1), 'heading': 45.0, 'depth': 1.0, 'altitude': 10.0, 'roll': 0.0, 'pitch': 0.0, 'last_fix_time': datetime.datetime(2021, 7, 28, 22, 6, 36), 'speed': None, 'rudder': 0, 'datum': (42.3, -71.1)}
2021-07-28 23:06:39,584 [INFO] Processing: $BFNVG,220637.06,4218.000000,N,07106.000000,W,0,10.0,1.0,45.0,0.0,0.0,220637.06*62
2021-07-28 23:06:39,586 [INFO] Interpreted as: {'position': (0.0, 0.0), 'latlon': (42.3, -71.1), 'heading': 45.0, 'depth': 1.0, 'altitude': 10.0, 'roll': 0.0, 'pitch': 0.0, 'last_fix_time': datetime.datetime(2021, 7, 28, 22, 6, 37), 'speed': None, 'rudder': 0, 'datum': (42.3, -71.1)}
2021-07-28 23:06:39,587 [INFO] Processing: $BFNVG,220637.31,4218.000000,N,07106.000000,W,0,10.0,1.0,45.0,0.0,0.0,220637.31*62
2021-07-28 23:06:39,590 [INFO] Interpreted as: {'position': (0.0, 0.0), 'latlon': (42.3, -71.1), 'heading': 45.0, 'depth': 1.0, 'altitude': 10.0, 'roll': 0.0, 'pitch': 0.0, 'last_fix_time': datetime.datetime(2021, 7, 28, 22, 6, 37), 'speed': None, 'rudder': 0, 'datum': (42.3, -71.1)}
2021-07-28 23:06:39,591 [INFO] Processing: $BFNVG,220637.56,4218.000000,N,07106.000000,W,0,10.0,1.0,45.0,0.0,0.0,220637.56*62
2021-07-28 23:06:39,593 [INFO] Interpreted as: {'position': (0.0, 0.0), 'latlon': (42.3, -71.1), 'heading': 45.0, 'depth': 1.0, 'altitude': 10.0, 'roll': 0.0, 'pitch': 0.0, 'last_fix_time': datetime.datetime(2021, 7, 28, 22, 6, 37), 'speed': None, 'rudder': 0, 'datum': (42.3, -71.1)}
2021-07-28 23:06:39,595 [INFO] Processing: $BFNVG,220637.81,4218.000000,N,07106.000000,W,0,10.0,1.0,45.0,0.0,0.0,220637.81*62
2021-07-28 23:06:39,597 [INFO] Interpreted as: {'position': (0.0, 0.0), 'latlon': (42.3, -71.1), 'heading': 45.0, 'depth': 1.0, 'altitude': 10.0, 'roll': 0.0, 'pitch': 0.0, 'last_fix_time': datetime.datetime(2021, 7, 28, 22, 6, 37), 'speed': None, 'rudder': 0, 'datum': (42.3, -71.1)}
2021-07-28 23:06:39,598 [INFO] Processing: $BFNVG,220638.06,4218.000000,N,07106.000000,W,0,10.0,1.0,45.0,0.0,0.0,220638.06*62
2021-07-28 23:06:39,600 [INFO] Interpreted as: {'position': (0.0, 0.0), 'latlon': (42.3, -71.1), 'heading': 45.0, 'depth': 1.0, 'altitude': 10.0, 'roll': 0.0, 'pitch': 0.0, 'last_fix_time': datetime.datetime(2021, 7, 28, 22, 6, 38), 'speed': None, 'rudder': 0, 'datum': (42.3, -71.1)}
2021-07-28 23:06:39,601 [INFO] Processing: $BFNVG,220638.31,4218.000000,N,07106.000000,W,0,10.0,1.0,45.0,0.0,0.0,220638.31*62
2021-07-28 23:06:39,603 [INFO] Interpreted as: {'position': (0.0, 0.0), 'latlon': (42.3, -71.1), 'heading': 45.0, 'depth': 1.0, 'altitude': 10.0, 'roll': 0.0, 'pitch': 0.0, 'last_fix_time': datetime.datetime(2021, 7, 28, 22, 6, 38), 'speed': None, 'rudder': 0, 'datum': (42.3, -71.1)}
2021-07-28 23:06:39,604 [INFO] Processing: $BFNVG,220638.56,4218.000000,N,07106.000000,W,0,10.0,1.0,45.0,0.0,0.0,220638.56*62
2021-07-28 23:06:39,607 [INFO] Interpreted as: {'position': (0.0, 0.0), 'latlon': (42.3, -71.1), 'heading': 45.0, 'depth': 1.0, 'altitude': 10.0, 'roll': 0.0, 'pitch': 0.0, 'last_fix_time': datetime.datetime(2021, 7, 28, 22, 6, 38), 'speed': None, 'rudder': 0, 'datum': (42.3, -71.1)}
2021-07-28 23:06:39,608 [INFO] Processing: $BFNVG,220638.98,4218.000000,N,07106.000000,W,0,10.0,1.0,45.0,0.0,0.0,220638.98*62
2021-07-28 23:06:39,610 [INFO] Interpreted as: {'position': (0.0, 0.0), 'latlon': (42.3, -71.1), 'heading': 45.0, 'depth': 1.0, 'altitude': 10.0, 'roll': 0.0, 'pitch': 0.0, 'last_fix_time': datetime.datetime(2021, 7, 28, 22, 6, 38), 'speed': None, 'rudder': 0, 'datum': (42.3, -71.1)}
2021-07-28 23:06:39,611 [INFO] Received from Frontseat: [b'$BFNVG,220636.06,4218.000000,N,07106.000000,W,0,10.0,1.0,45.0,0.0,0.0,220636.06*62', b'$BFNVG,220636.31,4218.000000,N,07106.000000,W,0,10.0,1.0,45.0,0.0,0.0,220636.31*62', b'$BFNVG,220636.56,4218.000000,N,07106.000000,W,0,10.0,1.0,45.0,0.0,0.0,220636.56*62', b'$BFNVG,220636.81,4218.000000,N,07106.000000,W,0,10.0,1.0,45.0,0.0,0.0,220636.81*62', b'$BFNVG,220637.06,4218.000000,N,07106.000000,W,0,10.0,1.0,45.0,0.0,0.0,220637.06*62', b'$BFNVG,220637.31,4218.000000,N,07106.000000,W,0,10.0,1.0,45.0,0.0,0.0,220637.31*62', b'$BFNVG,220637.56,4218.000000,N,07106.000000,W,0,10.0,1.0,45.0,0.0,0.0,220637.56*62', b'$BFNVG,220637.81,4218.000000,N,07106.000000,W,0,10.0,1.0,45.0,0.0,0.0,220637.81*62', b'$BFNVG,220638.06,4218.000000,N,07106.000000,W,0,10.0,1.0,45.0,0.0,0.0,220638.06*62', b'$BFNVG,220638.31,4218.000000,N,07106.000000,W,0,10.0,1.0,45.0,0.0,0.0,220638.31*62', b'$BFNVG,220638.56,4218.000000,N,07106.000000,W,0,10.0,1.0,45.0,0.0,0.0,220638.56*62', b'$BFNVG,220638.98,4218.000000,N,07106.000000,W,0,10.0,1.0,45.0,0.0,0.0,220638.98*62']
2021-07-28 23:06:39,612 [INFO] AUV state: {'position': (0.0, 0.0), 'latlon': (42.3, -71.1), 'heading': 45.0, 'depth': 1.0, 'altitude': 10.0, 'roll': 0.0, 'pitch': 0.0, 'last_fix_time': datetime.datetime(2021, 7, 28, 22, 6, 38), 'speed': None, 'rudder': 0, 'datum': (42.3, -71.1)}
2021-07-28 23:06:40,139 [INFO] **** [] [(3.1158490246865984, 10.93065263742063), (-14.482785061265103, -2.1061035765562592), (29.775343400055807, 11.447805589759028), (29.23857250548052, -18.227091994916247), (-28.15189570929187, 19.563687099520447), (-19.12316141824792, -5.289726496624032), (-13.199543332262701, -6.52810710549863)]
2021-07-28 23:06:40,141 [INFO] Next green buoy: [], next red buoy: [(3.1158490246865984, 10.93065263742063), (-14.482785061265103, -2.1061035765562592), (29.775343400055807, 11.447805589759028), (29.23857250548052, -18.227091994916247), (-28.15189570929187, 19.563687099520447), (-19.12316141824792, -5.289726496624032), (-13.199543332262701, -6.52810710549863)]
2021-07-28 23:06:40,141 [INFO] Desired_heading: 48.1158490246866
2021-07-28 23:06:40,142 [INFO] delta angle: 3.31177249379913
2021-07-28 23:06:40,142 [INFO] sending message $BPRMB,220638.27,-3.31177249379913,1,0,750,0,1*4d
...
2021-07-28 23:06:41,144 [INFO] sending message $BPSTS,220641.14,1,BWSI Autonomy OK*42
...
2021-07-28 23:06:41,145 [INFO] Processing: $BFNVG,220639.34,4218.000000,N,07106.000000,W,0,10.0,1.0,45.0,0.0,0.0,220639.34*62
2021-07-28 23:06:41,148 [INFO] Interpreted as: {'position': (0.0, 0.0), 'latlon': (42.3, -71.1), 'heading': 45.0, 'depth': 1.0, 'altitude': 10.0, 'roll': 0.0, 'pitch': 0.0, 'last_fix_time': datetime.datetime(2021, 7, 28, 22, 6, 39), 'speed': None, 'rudder': 0, 'datum': (42.3, -71.1)}
2021-07-28 23:06:41,149 [INFO] Processing: $BFNVG,220639.70,4218.000000,N,07106.000000,W,0,10.0,1.0,45.0,0.0,0.0,220639.70*62
2021-07-28 23:06:41,151 [INFO] Interpreted as: {'position': (0.0, 0.0), 'latlon': (42.3, -71.1), 'heading': 45.0, 'depth': 1.0, 'altitude': 10.0, 'roll': 0.0, 'pitch': 0.0, 'last_fix_time': datetime.datetime(2021, 7, 28, 22, 6, 39), 'speed': None, 'rudder': 0, 'datum': (42.3, -71.1)}
2021-07-28 23:06:41,152 [INFO] Processing: $BFNVG,220640.05,4218.000000,N,07106.000000,W,0,10.0,1.0,45.0,0.0,0.0,220640.05*62
2021-07-28 23:06:41,154 [INFO] Interpreted as: {'position': (0.0, 0.0), 'latlon': (42.3, -71.1), 'heading': 45.0, 'depth': 1.0, 'altitude': 10.0, 'roll': 0.0, 'pitch': 0.0, 'last_fix_time': datetime.datetime(2021, 7, 28, 22, 6, 40), 'speed': None, 'rudder': 0, 'datum': (42.3, -71.1)}
2021-07-28 23:06:41,154 [INFO] Received from Frontseat: [b'$BFNVG,220639.34,4218.000000,N,07106.000000,W,0,10.0,1.0,45.0,0.0,0.0,220639.34*62', b'$BFNVG,220639.70,4218.000000,N,07106.000000,W,0,10.0,1.0,45.0,0.0,0.0,220639.70*62', b'$BFNVG,220640.05,4218.000000,N,07106.000000,W,0,10.0,1.0,45.0,0.0,0.0,220640.05*62']
2021-07-28 23:06:41,155 [INFO] AUV state: {'position': (0.0, 0.0), 'latlon': (42.3, -71.1), 'heading': 45.0, 'depth': 1.0, 'altitude': 10.0, 'roll': 0.0, 'pitch': 0.0, 'last_fix_time': datetime.datetime(2021, 7, 28, 22, 6, 40), 'speed': None, 'rudder': 0, 'datum': (42.3, -71.1)}
2021-07-28 23:06:41,684 [INFO] **** [] [(3.081274008827922, 10.935900523508664), (-14.85873684795186, -1.9022496665152013), (29.69891501764525, 11.107973399230497), (29.18203321142079, -18.211425007223475), (-28.176915231163573, 19.537154218661588), (-18.92404209890936, -5.13933696520507), (-13.177210558157633, -6.516479533048821), (24.415548347685462, -13.6097318958122)]
2021-07-28 23:06:41,686 [INFO] Next green buoy: [], next red buoy: [(3.081274008827922, 10.935900523508664), (-14.85873684795186, -1.9022496665152013), (29.69891501764525, 11.107973399230497), (29.18203321142079, -18.211425007223475), (-28.176915231163573, 19.537154218661588), (-18.92404209890936, -5.13933696520507), (-13.177210558157633, -6.516479533048821), (24.415548347685462, -13.6097318958122)]
2021-07-28 23:06:41,686 [INFO] Desired_heading: 48.08127400882792
2021-07-28 23:06:41,686 [INFO] delta angle: 3.265900037435698
2021-07-28 23:06:41,687 [INFO] sending message $BPRMB,220644.01,-3.265900037435698,1,0,750,0,1*71
...
2021-07-28 23:06:42,689 [INFO] sending message $BPSTS,220642.68,1,BWSI Autonomy OK*4a
...
2021-07-28 23:06:42,690 [INFO] Processing: $BFNVG,220640.41,4218.000000,N,07106.000000,W,0,10.0,1.0,45.0,0.0,0.0,220640.41*62
2021-07-28 23:06:42,692 [INFO] Interpreted as: {'position': (0.0, 0.0), 'latlon': (42.3, -71.1), 'heading': 45.0, 'depth': 1.0, 'altitude': 10.0, 'roll': 0.0, 'pitch': 0.0, 'last_fix_time': datetime.datetime(2021, 7, 28, 22, 6, 40), 'speed': None, 'rudder': 0, 'datum': (42.3, -71.1)}
2021-07-28 23:06:42,693 [INFO] Processing: $BFNVG,220640.76,4218.000107,N,07105.999862,W,0,10.0,1.0,45.2,0.0,0.0,220640.76*60
2021-07-28 23:06:42,695 [INFO] Interpreted as: {'position': (0.1944823235971853, 0.19334569945931435), 'latlon': (42.300001783333336, -71.0999977), 'heading': 45.2, 'depth': 1.0, 'altitude': 10.0, 'roll': 0.0, 'pitch': 0.0, 'last_fix_time': datetime.datetime(2021, 7, 28, 22, 6, 40), 'speed': None, 'rudder': 0, 'datum': (42.3, -71.1)}
2021-07-28 23:06:42,696 [INFO] Processing: $BFNVG,220641.13,4218.000218,N,07105.999717,W,0,10.0,1.0,45.5,0.0,0.0,220641.13*67
2021-07-28 23:06:42,698 [INFO] Interpreted as: {'position': (0.3987644868902862, 0.39385685604065657), 'latlon': (42.30000363333333, -71.09999528333333), 'heading': 45.5, 'depth': 1.0, 'altitude': 10.0, 'roll': 0.0, 'pitch': 0.0, 'last_fix_time': datetime.datetime(2021, 7, 28, 22, 6, 41), 'speed': None, 'rudder': 0, 'datum': (42.3, -71.1)}
2021-07-28 23:06:42,699 [INFO] Processing: $BFNVG,220641.49,4218.000326,N,07105.999577,W,0,10.0,1.0,45.7,0.0,0.0,220641.49*6D
2021-07-28 23:06:42,701 [INFO] Interpreted as: {'position': (0.5960402201162651, 0.5889854496344924), 'latlon': (42.30000543333333, -71.09999295), 'heading': 45.7, 'depth': 1.0, 'altitude': 10.0, 'roll': 0.0, 'pitch': 0.0, 'last_fix_time': datetime.datetime(2021, 7, 28, 22, 6, 41), 'speed': None, 'rudder': 0, 'datum': (42.3, -71.1)}
2021-07-28 23:06:42,702 [INFO] Received from Frontseat: [b'$BFNVG,220640.41,4218.000000,N,07106.000000,W,0,10.0,1.0,45.0,0.0,0.0,220640.41*62', b'$BFNVG,220640.76,4218.000107,N,07105.999862,W,0,10.0,1.0,45.2,0.0,0.0,220640.76*60', b'$BFNVG,220641.13,4218.000218,N,07105.999717,W,0,10.0,1.0,45.5,0.0,0.0,220641.13*67', b'$BFNVG,220641.49,4218.000326,N,07105.999577,W,0,10.0,1.0,45.7,0.0,0.0,220641.49*6D']
2021-07-28 23:06:42,702 [INFO] AUV state: {'position': (0.5960402201162651, 0.5889854496344924), 'latlon': (42.30000543333333, -71.09999295), 'heading': 45.7, 'depth': 1.0, 'altitude': 10.0, 'roll': 0.0, 'pitch': 0.0, 'last_fix_time': datetime.datetime(2021, 7, 28, 22, 6, 41), 'speed': None, 'rudder': 0, 'datum': (42.3, -71.1)}
2021-07-28 23:06:43,241 [INFO] **** [] [(3.3496619348132306, 10.851568287092295), (-14.557493695375713, -1.9153094652585183), (29.597812175139673, 11.164467889688684), (29.16393408724011, -18.159688825555495), (-28.188274067412397, 19.552127916265395), (-19.108073006073763, -5.337308206731888), (-13.17899733018964, -6.510277940582545), (24.4318836098822, -13.600425034182312)]
2021-07-28 23:06:43,243 [INFO] Next green buoy: [], next red buoy: [(3.3496619348132306, 10.851568287092295), (-14.557493695375713, -1.9153094652585183), (29.597812175139673, 11.164467889688684), (29.16393408724011, -18.159688825555495), (-28.188274067412397, 19.552127916265395), (-19.108073006073763, -5.337308206731888), (-13.17899733018964, -6.510277940582545), (24.4318836098822, -13.600425034182312)]
2021-07-28 23:06:43,243 [INFO] Desired_heading: 49.04966193481323
2021-07-28 23:06:43,244 [INFO] delta angle: 3.6252771149572482
2021-07-28 23:06:43,244 [INFO] sending message $BPRMB,220641.36,-3.6252771149572482,1,0,750,0,1*49
...
2021-07-28 23:06:44,246 [INFO] sending message $BPSTS,220644.24,1,BWSI Autonomy OK*44
...
2021-07-28 23:06:44,247 [INFO] Processing: $BFNVG,220641.84,4218.000430,N,07105.999439,W,0,10.0,1.0,45.9,0.0,0.0,220641.84*68
2021-07-28 23:06:44,249 [INFO] Interpreted as: {'position': (0.7903854978503659, 0.7767790723592043), 'latlon': (42.30000716666667, -71.09999065), 'heading': 45.9, 'depth': 1.0, 'altitude': 10.0, 'roll': 0.0, 'pitch': 0.0, 'last_fix_time': datetime.datetime(2021, 7, 28, 22, 6, 41), 'speed': None, 'rudder': 0, 'datum': (42.3, -71.1)}
2021-07-28 23:06:44,250 [INFO] Processing: $BFNVG,220642.20,4218.000536,N,07105.999299,W,0,10.0,1.0,46.1,0.0,0.0,220642.20*68
2021-07-28 23:06:44,252 [INFO] Interpreted as: {'position': (0.9875698680989444, 0.9682062827050686), 'latlon': (42.30000893333333, -71.09998831666667), 'heading': 46.1, 'depth': 1.0, 'altitude': 10.0, 'roll': 0.0, 'pitch': 0.0, 'last_fix_time': datetime.datetime(2021, 7, 28, 22, 6, 42), 'speed': None, 'rudder': 0, 'datum': (42.3, -71.1)}
2021-07-28 23:06:44,253 [INFO] Processing: $BFNVG,220642.55,4218.000640,N,07105.999160,W,0,10.0,1.0,46.3,0.0,0.0,220642.55*6D
2021-07-28 23:06:44,255 [INFO] Interpreted as: {'position': (1.1832890046061948, 1.1559660118073225), 'latlon': (42.300010666666665, -71.099986), 'heading': 46.3, 'depth': 1.0, 'altitude': 10.0, 'roll': 0.0, 'pitch': 0.0, 'last_fix_time': datetime.datetime(2021, 7, 28, 22, 6, 42), 'speed': None, 'rudder': 0, 'datum': (42.3, -71.1)}
2021-07-28 23:06:44,256 [INFO] Processing: $BFNVG,220642.90,4218.000744,N,07105.999020,W,0,10.0,1.0,46.5,0.0,0.0,220642.90*6B
2021-07-28 23:06:44,258 [INFO] Interpreted as: {'position': (1.3803820102475584, 1.3436918389052153), 'latlon': (42.3000124, -71.09998366666666), 'heading': 46.5, 'depth': 1.0, 'altitude': 10.0, 'roll': 0.0, 'pitch': 0.0, 'last_fix_time': datetime.datetime(2021, 7, 28, 22, 6, 42), 'speed': None, 'rudder': 0, 'datum': (42.3, -71.1)}
2021-07-28 23:06:44,259 [INFO] Received from Frontseat: [b'$BFNVG,220641.84,4218.000430,N,07105.999439,W,0,10.0,1.0,45.9,0.0,0.0,220641.84*68', b'$BFNVG,220642.20,4218.000536,N,07105.999299,W,0,10.0,1.0,46.1,0.0,0.0,220642.20*68', b'$BFNVG,220642.55,4218.000640,N,07105.999160,W,0,10.0,1.0,46.3,0.0,0.0,220642.55*6D', b'$BFNVG,220642.90,4218.000744,N,07105.999020,W,0,10.0,1.0,46.5,0.0,0.0,220642.90*6B']
2021-07-28 23:06:44,260 [INFO] AUV state: {'position': (1.3803820102475584, 1.3436918389052153), 'latlon': (42.3000124, -71.09998366666666), 'heading': 46.5, 'depth': 1.0, 'altitude': 10.0, 'roll': 0.0, 'pitch': 0.0, 'last_fix_time': datetime.datetime(2021, 7, 28, 22, 6, 42), 'speed': None, 'rudder': 0, 'datum': (42.3, -71.1)}
2021-07-28 23:06:44,803 [INFO] **** [] [(3.2932855090423105, 10.882115847855967), (-14.836466151438394, -1.4967536525289726), (29.638121053186453, 11.37038195187459), (29.16321662811623, -18.178274045530696), (-28.17640345132679, 19.557221676641795), (-19.170906671267478, -5.33955743792895), (-13.220085878883486, -6.52810710549863), (24.435513093684907, -13.62110595486272)]
2021-07-28 23:06:44,804 [INFO] Next green buoy: [], next red buoy: [(3.2932855090423105, 10.882115847855967), (-14.836466151438394, -1.4967536525289726), (29.638121053186453, 11.37038195187459), (29.16321662811623, -18.178274045530696), (-28.17640345132679, 19.557221676641795), (-19.170906671267478, -5.33955743792895), (-13.220085878883486, -6.52810710549863), (24.435513093684907, -13.62110595486272)]
2021-07-28 23:06:44,805 [INFO] Desired_heading: 49.79328550904231
2021-07-28 23:06:44,805 [INFO] delta angle: 3.5491692978037817
2021-07-28 23:06:44,806 [INFO] sending message $BPRMB,220647.12,-3.5491692978037817,1,0,750,0,1*41
...
2021-07-28 23:06:45,808 [INFO] sending message $BPSTS,220645.80,1,BWSI Autonomy OK*4b
...
2021-07-28 23:06:45,809 [INFO] Processing: $BFNVG,220643.25,4218.000847,N,07105.998880,W,0,10.0,1.0,46.8,0.0,0.0,220643.25*69
2021-07-28 23:06:45,811 [INFO] Interpreted as: {'position': (1.5774293338763528, 1.5295669743791223), 'latlon': (42.30001411666667, -71.09998133333333), 'heading': 46.8, 'depth': 1.0, 'altitude': 10.0, 'roll': 0.0, 'pitch': 0.0, 'last_fix_time': datetime.datetime(2021, 7, 28, 22, 6, 43), 'speed': None, 'rudder': 0, 'datum': (42.3, -71.1)}
2021-07-28 23:06:45,812 [INFO] Processing: $BFNVG,220643.61,4218.000951,N,07105.998738,W,0,10.0,1.0,47.0,0.0,0.0,220643.61*6A
2021-07-28 23:06:45,814 [INFO] Interpreted as: {'position': (1.7772700776113197, 1.7172250021249056), 'latlon': (42.30001585, -71.09997896666667), 'heading': 47.0, 'depth': 1.0, 'altitude': 10.0, 'roll': 0.0, 'pitch': 0.0, 'last_fix_time': datetime.datetime(2021, 7, 28, 22, 6, 43), 'speed': None, 'rudder': 0, 'datum': (42.3, -71.1)}
2021-07-28 23:06:45,815 [INFO] Processing: $BFNVG,220643.96,4218.001053,N,07105.998596,W,0,10.0,1.0,47.2,0.0,0.0,220643.96*64
2021-07-28 23:06:45,817 [INFO] Interpreted as: {'position': (1.9770194676239043, 1.9011816438287497), 'latlon': (42.30001755, -71.0999766), 'heading': 47.2, 'depth': 1.0, 'altitude': 10.0, 'roll': 0.0, 'pitch': 0.0, 'last_fix_time': datetime.datetime(2021, 7, 28, 22, 6, 43), 'speed': None, 'rudder': 0, 'datum': (42.3, -71.1)}
2021-07-28 23:06:45,817 [INFO] Processing: $BFNVG,220644.31,4218.001156,N,07105.998454,W,0,10.0,1.0,47.5,0.0,0.0,220644.31*68
2021-07-28 23:06:45,819 [INFO] Interpreted as: {'position': (2.176814518752508, 2.0869889864698052), 'latlon': (42.300019266666666, -71.09997423333333), 'heading': 47.5, 'depth': 1.0, 'altitude': 10.0, 'roll': 0.0, 'pitch': 0.0, 'last_fix_time': datetime.datetime(2021, 7, 28, 22, 6, 44), 'speed': None, 'rudder': 0, 'datum': (42.3, -71.1)}
2021-07-28 23:06:45,820 [INFO] Processing: $BFNVG,220644.66,4218.001257,N,07105.998311,W,0,10.0,1.0,47.7,0.0,0.0,220644.66*6E
2021-07-28 23:06:45,822 [INFO] Interpreted as: {'position': (2.377892095828429, 2.269061035476625), 'latlon': (42.30002095, -71.09997185), 'heading': 47.7, 'depth': 1.0, 'altitude': 10.0, 'roll': 0.0, 'pitch': 0.0, 'last_fix_time': datetime.datetime(2021, 7, 28, 22, 6, 44), 'speed': None, 'rudder': 0, 'datum': (42.3, -71.1)}
2021-07-28 23:06:45,823 [INFO] Received from Frontseat: [b'$BFNVG,220643.25,4218.000847,N,07105.998880,W,0,10.0,1.0,46.8,0.0,0.0,220643.25*69', b'$BFNVG,220643.61,4218.000951,N,07105.998738,W,0,10.0,1.0,47.0,0.0,0.0,220643.61*6A', b'$BFNVG,220643.96,4218.001053,N,07105.998596,W,0,10.0,1.0,47.2,0.0,0.0,220643.96*64', b'$BFNVG,220644.31,4218.001156,N,07105.998454,W,0,10.0,1.0,47.5,0.0,0.0,220644.31*68', b'$BFNVG,220644.66,4218.001257,N,07105.998311,W,0,10.0,1.0,47.7,0.0,0.0,220644.66*6E']
2021-07-28 23:06:45,824 [INFO] AUV state: {'position': (2.377892095828429, 2.269061035476625), 'latlon': (42.30002095, -71.09997185), 'heading': 47.7, 'depth': 1.0, 'altitude': 10.0, 'roll': 0.0, 'pitch': 0.0, 'last_fix_time': datetime.datetime(2021, 7, 28, 22, 6, 44), 'speed': None, 'rudder': 0, 'datum': (42.3, -71.1)}
2021-07-28 23:06:46,347 [INFO] **** [] [(2.5915183443558822, 11.460625388170286), (-16.2813676891829, -0.381303088553501), (29.965064262714282, 10.660028803395424), (29.208033322812604, -18.262331926420654), (-28.157320480804962, 19.528325614750166), (-19.168525224805915, -5.3871843300337385), (17.946695403755967, -6.861631110867851)]
2021-07-28 23:06:46,349 [INFO] Next green buoy: [], next red buoy: [(2.5915183443558822, 11.460625388170286), (-16.2813676891829, -0.381303088553501), (29.965064262714282, 10.660028803395424), (29.208033322812604, -18.262331926420654), (-28.157320480804962, 19.528325614750166), (-19.168525224805915, -5.3871843300337385), (17.946695403755967, -6.861631110867851)]
2021-07-28 23:06:46,349 [INFO] Desired_heading: 50.291518344355886
2021-07-28 23:06:46,350 [INFO] delta angle: 2.6304669298364365
2021-07-28 23:06:46,350 [INFO] sending message $BPRMB,220644.48,-2.6304669298364365,1,0,750,0,1*4e
...
2021-07-28 23:06:47,352 [INFO] sending message $BPSTS,220647.35,1,BWSI Autonomy OK*47
...
2021-07-28 23:06:47,353 [INFO] Processing: $BFNVG,220645.02,4218.001359,N,07105.998168,W,0,10.0,1.0,48.0,0.0,0.0,220645.02*65
2021-07-28 23:06:47,355 [INFO] Interpreted as: {'position': (2.5790153340203688, 2.452983788214624), 'latlon': (42.30002265, -71.09996946666666), 'heading': 48.0, 'depth': 1.0, 'altitude': 10.0, 'roll': 0.0, 'pitch': 0.0, 'last_fix_time': datetime.datetime(2021, 7, 28, 22, 6, 45), 'speed': None, 'rudder': 0, 'datum': (42.3, -71.1)}
2021-07-28 23:06:47,356 [INFO] Processing: $BFNVG,220645.37,4218.001459,N,07105.998024,W,0,10.0,1.0,48.2,0.0,0.0,220645.37*69
2021-07-28 23:06:47,358 [INFO] Interpreted as: {'position': (2.781421098159626, 2.6331712463870645), 'latlon': (42.300024316666665, -71.09996706666666), 'heading': 48.2, 'depth': 1.0, 'altitude': 10.0, 'roll': 0.0, 'pitch': 0.0, 'last_fix_time': datetime.datetime(2021, 7, 28, 22, 6, 45), 'speed': None, 'rudder': 0, 'datum': (42.3, -71.1)}
2021-07-28 23:06:47,359 [INFO] Processing: $BFNVG,220645.72,4218.001560,N,07105.997879,W,0,10.0,1.0,48.4,0.0,0.0,220645.72*6B
2021-07-28 23:06:47,361 [INFO] Interpreted as: {'position': (2.9852464025607333, 2.815175504423678), 'latlon': (42.300026, -71.09996465), 'heading': 48.4, 'depth': 1.0, 'altitude': 10.0, 'roll': 0.0, 'pitch': 0.0, 'last_fix_time': datetime.datetime(2021, 7, 28, 22, 6, 45), 'speed': None, 'rudder': 0, 'datum': (42.3, -71.1)}
2021-07-28 23:06:47,362 [INFO] Processing: $BFNVG,220646.08,4218.001660,N,07105.997733,W,0,10.0,1.0,48.7,0.0,0.0,220646.08*6A
2021-07-28 23:06:47,364 [INFO] Interpreted as: {'position': (3.1903999043861404, 2.995295165106654), 'latlon': (42.300027666666665, -71.09996221666667), 'heading': 48.7, 'depth': 1.0, 'altitude': 10.0, 'roll': 0.0, 'pitch': 0.0, 'last_fix_time': datetime.datetime(2021, 7, 28, 22, 6, 46), 'speed': None, 'rudder': 0, 'datum': (42.3, -71.1)}
2021-07-28 23:06:47,365 [INFO] Received from Frontseat: [b'$BFNVG,220645.02,4218.001359,N,07105.998168,W,0,10.0,1.0,48.0,0.0,0.0,220645.02*65', b'$BFNVG,220645.37,4218.001459,N,07105.998024,W,0,10.0,1.0,48.2,0.0,0.0,220645.37*69', b'$BFNVG,220645.72,4218.001560,N,07105.997879,W,0,10.0,1.0,48.4,0.0,0.0,220645.72*6B', b'$BFNVG,220646.08,4218.001660,N,07105.997733,W,0,10.0,1.0,48.7,0.0,0.0,220646.08*6A']
2021-07-28 23:06:47,366 [INFO] AUV state: {'position': (3.1903999043861404, 2.995295165106654), 'latlon': (42.300027666666665, -71.09996221666667), 'heading': 48.7, 'depth': 1.0, 'altitude': 10.0, 'roll': 0.0, 'pitch': 0.0, 'last_fix_time': datetime.datetime(2021, 7, 28, 22, 6, 46), 'speed': None, 'rudder': 0, 'datum': (42.3, -71.1)}
2021-07-28 23:06:47,879 [INFO] **** [] [(3.2030022882942566, 10.92933391791133), (-13.36822887928633, -1.7872172431950457), (29.821235568204518, 10.795758194234706), (-28.81229177551809, 8.175344337123047), (29.245602349877334, -18.30965108641708), (-28.21983759506742, 19.539788694190342), (1.5927585578344492, -12.277422426129354), (-19.112680446922116, -5.335389731790947), (28.845510388096667, 23.07177121092868)]
2021-07-28 23:06:47,880 [INFO] Next green buoy: [], next red buoy: [(3.2030022882942566, 10.92933391791133), (-13.36822887928633, -1.7872172431950457), (29.821235568204518, 10.795758194234706), (-28.81229177551809, 8.175344337123047), (29.245602349877334, -18.30965108641708), (-28.21983759506742, 19.539788694190342), (1.5927585578344492, -12.277422426129354), (-19.112680446922116, -5.335389731790947), (28.845510388096667, 23.07177121092868)]
2021-07-28 23:06:47,880 [INFO] Desired_heading: 51.90300228829426
2021-07-28 23:06:47,881 [INFO] delta angle: 3.427966334673543
2021-07-28 23:06:47,881 [INFO] sending message $BPRMB,220650.21,-3.427966334673543,1,0,750,0,1*73
...
2021-07-28 23:06:48,883 [INFO] sending message $BPSTS,220648.88,1,BWSI Autonomy OK*4e
...
2021-07-28 23:06:48,884 [INFO] Processing: $BFNVG,220646.43,4218.001761,N,07105.997586,W,0,10.0,1.0,48.9,0.0,0.0,220646.43*68
2021-07-28 23:06:48,886 [INFO] Interpreted as: {'position': (3.396972946007736, 3.177231623791158), 'latlon': (42.30002935, -71.09995976666667), 'heading': 48.9, 'depth': 1.0, 'altitude': 10.0, 'roll': 0.0, 'pitch': 0.0, 'last_fix_time': datetime.datetime(2021, 7, 28, 22, 6, 46), 'speed': None, 'rudder': 0, 'datum': (42.3, -71.1)}
2021-07-28 23:06:48,887 [INFO] Processing: $BFNVG,220646.79,4218.001860,N,07105.997439,W,0,10.0,1.0,49.1,0.0,0.0,220646.79*6A
2021-07-28 23:06:48,890 [INFO] Interpreted as: {'position': (3.60345463687554, 3.3554666936397552), 'latlon': (42.300031, -71.09995731666666), 'heading': 49.1, 'depth': 1.0, 'altitude': 10.0, 'roll': 0.0, 'pitch': 0.0, 'last_fix_time': datetime.datetime(2021, 7, 28, 22, 6, 46), 'speed': None, 'rudder': 0, 'datum': (42.3, -71.1)}
2021-07-28 23:06:48,890 [INFO] Processing: $BFNVG,220647.16,4218.001966,N,07105.997283,W,0,10.0,1.0,49.3,0.0,0.0,220647.16*68
2021-07-28 23:06:48,892 [INFO] Interpreted as: {'position': (3.822620922815986, 3.5463515128940344), 'latlon': (42.30003276666667, -71.09995471666667), 'heading': 49.3, 'depth': 1.0, 'altitude': 10.0, 'roll': 0.0, 'pitch': 0.0, 'last_fix_time': datetime.datetime(2021, 7, 28, 22, 6, 47), 'speed': None, 'rudder': 0, 'datum': (42.3, -71.1)}
2021-07-28 23:06:48,893 [INFO] Processing: $BFNVG,220647.52,4218.002064,N,07105.997136,W,0,10.0,1.0,49.4,0.0,0.0,220647.52*6A
2021-07-28 23:06:48,895 [INFO] Interpreted as: {'position': (4.0290569209028035, 3.722735896706581), 'latlon': (42.3000344, -71.09995226666666), 'heading': 49.4, 'depth': 1.0, 'altitude': 10.0, 'roll': 0.0, 'pitch': 0.0, 'last_fix_time': datetime.datetime(2021, 7, 28, 22, 6, 47), 'speed': None, 'rudder': 0, 'datum': (42.3, -71.1)}
2021-07-28 23:06:48,896 [INFO] Processing: $BFNVG,220647.87,4218.002162,N,07105.996989,W,0,10.0,1.0,49.6,0.0,0.0,220647.87*62
2021-07-28 23:06:48,898 [INFO] Interpreted as: {'position': (4.235492906649597, 3.899120290763676), 'latlon': (42.300036033333335, -71.09994981666667), 'heading': 49.6, 'depth': 1.0, 'altitude': 10.0, 'roll': 0.0, 'pitch': 0.0, 'last_fix_time': datetime.datetime(2021, 7, 28, 22, 6, 47), 'speed': None, 'rudder': 0, 'datum': (42.3, -71.1)}
2021-07-28 23:06:48,899 [INFO] Received from Frontseat: [b'$BFNVG,220646.43,4218.001761,N,07105.997586,W,0,10.0,1.0,48.9,0.0,0.0,220646.43*68', b'$BFNVG,220646.79,4218.001860,N,07105.997439,W,0,10.0,1.0,49.1,0.0,0.0,220646.79*6A', b'$BFNVG,220647.16,4218.001966,N,07105.997283,W,0,10.0,1.0,49.3,0.0,0.0,220647.16*68', b'$BFNVG,220647.52,4218.002064,N,07105.997136,W,0,10.0,1.0,49.4,0.0,0.0,220647.52*6A', b'$BFNVG,220647.87,4218.002162,N,07105.996989,W,0,10.0,1.0,49.6,0.0,0.0,220647.87*62']
2021-07-28 23:06:48,900 [INFO] AUV state: {'position': (4.235492906649597, 3.899120290763676), 'latlon': (42.300036033333335, -71.09994981666667), 'heading': 49.6, 'depth': 1.0, 'altitude': 10.0, 'roll': 0.0, 'pitch': 0.0, 'last_fix_time': datetime.datetime(2021, 7, 28, 22, 6, 47), 'speed': None, 'rudder': 0, 'datum': (42.3, -71.1)}
2021-07-28 23:06:49,406 [INFO] **** [] [(-2.0698165950117486, 11.552008798278129), (-14.730934850066179, 0.8457890334432924), (29.36657120165459, -18.451098307975847), (-28.246729054012967, 19.53694947607507), (-29.49317373400258, 8.308826754142524), (30.258550747463563, 12.172983025035508), (-5.226546378580426, -8.31443233594487), (-25.333784336849146, 4.634823538989117), (19.196613836425612, -1.7903095257077157), (13.926384128476188, 21.917026653683326), (1.7297725097537544, -12.22743192563761), (-1.011746626008411, -9.115664186314564), (10.911649581955887, 21.75879181967537), (-25.309605616860065, 10.476206574862324), (-19.20022529390646, -5.402529185768139), (17.88576986557396, -6.856442406722043), (-22.44220992605924, 2.2461406837349744)]
2021-07-28 23:06:49,407 [INFO] Next green buoy: [], next red buoy: [(-2.0698165950117486, 11.552008798278129), (-14.730934850066179, 0.8457890334432924), (29.36657120165459, -18.451098307975847), (-28.246729054012967, 19.53694947607507), (-29.49317373400258, 8.308826754142524), (30.258550747463563, 12.172983025035508), (-5.226546378580426, -8.31443233594487), (-25.333784336849146, 4.634823538989117), (19.196613836425612, -1.7903095257077157), (13.926384128476188, 21.917026653683326), (1.7297725097537544, -12.22743192563761), (-1.011746626008411, -9.115664186314564), (10.911649581955887, 21.75879181967537), (-25.309605616860065, 10.476206574862324), (-19.20022529390646, -5.402529185768139), (17.88576986557396, -6.856442406722043), (-22.44220992605924, 2.2461406837349744)]
2021-07-28 23:06:49,408 [INFO] Desired_heading: 47.53018340498825
2021-07-28 23:06:49,408 [INFO] delta angle: -1.9861169499434936
2021-07-28 23:06:49,409 [INFO] sending message $BPRMB,220647.55,1.9861169499434936,1,0,750,0,1*66
...
2021-07-28 23:06:50,410 [INFO] sending message $BPSTS,220650.41,1,BWSI Autonomy OK*42
...
2021-07-28 23:06:50,416 [INFO] Processing: $BFNVG,220648.22,4218.002260,N,07105.996841,W,0,10.0,1.0,49.8,0.0,0.0,220648.22*68
2021-07-28 23:06:50,419 [INFO] Interpreted as: {'position': (4.4433027631021105, 4.07547078281641), 'latlon': (42.30003766666667, -71.09994735), 'heading': 49.8, 'depth': 1.0, 'altitude': 10.0, 'roll': 0.0, 'pitch': 0.0, 'last_fix_time': datetime.datetime(2021, 7, 28, 22, 6, 48), 'speed': None, 'rudder': 0, 'datum': (42.3, -71.1)}
2021-07-28 23:06:50,419 [INFO] Processing: $BFNVG,220648.58,4218.002359,N,07105.996691,W,0,10.0,1.0,50.0,0.0,0.0,220648.58*60
2021-07-28 23:06:50,421 [INFO] Interpreted as: {'position': (4.653906033723615, 4.253604170866311), 'latlon': (42.30003931666667, -71.09994485), 'heading': 50.0, 'depth': 1.0, 'altitude': 10.0, 'roll': 0.0, 'pitch': 0.0, 'last_fix_time': datetime.datetime(2021, 7, 28, 22, 6, 48), 'speed': None, 'rudder': 0, 'datum': (42.3, -71.1)}
2021-07-28 23:06:50,422 [INFO] Processing: $BFNVG,220648.94,4218.002459,N,07105.996537,W,0,10.0,1.0,50.2,0.0,0.0,220648.94*6A
2021-07-28 23:06:50,424 [INFO] Interpreted as: {'position': (4.870050484430976, 4.433452646248043), 'latlon': (42.30004098333333, -71.09994228333333), 'heading': 50.2, 'depth': 1.0, 'altitude': 10.0, 'roll': 0.0, 'pitch': 0.0, 'last_fix_time': datetime.datetime(2021, 7, 28, 22, 6, 48), 'speed': None, 'rudder': 0, 'datum': (42.3, -71.1)}
2021-07-28 23:06:50,425 [INFO] Processing: $BFNVG,220649.29,4218.002555,N,07105.996388,W,0,10.0,1.0,50.5,0.0,0.0,220649.29*62
2021-07-28 23:06:50,427 [INFO] Interpreted as: {'position': (5.079142844304442, 4.606067858636379), 'latlon': (42.30004258333334, -71.0999398), 'heading': 50.5, 'depth': 1.0, 'altitude': 10.0, 'roll': 0.0, 'pitch': 0.0, 'last_fix_time': datetime.datetime(2021, 7, 28, 22, 6, 49), 'speed': None, 'rudder': 0, 'datum': (42.3, -71.1)}
2021-07-28 23:06:50,428 [INFO] Received from Frontseat: [b'$BFNVG,220648.22,4218.002260,N,07105.996841,W,0,10.0,1.0,49.8,0.0,0.0,220648.22*68', b'$BFNVG,220648.58,4218.002359,N,07105.996691,W,0,10.0,1.0,50.0,0.0,0.0,220648.58*60', b'$BFNVG,220648.94,4218.002459,N,07105.996537,W,0,10.0,1.0,50.2,0.0,0.0,220648.94*6A', b'$BFNVG,220649.29,4218.002555,N,07105.996388,W,0,10.0,1.0,50.5,0.0,0.0,220649.29*62']
2021-07-28 23:06:50,429 [INFO] AUV state: {'position': (5.079142844304442, 4.606067858636379), 'latlon': (42.30004258333334, -71.0999398), 'heading': 50.5, 'depth': 1.0, 'altitude': 10.0, 'roll': 0.0, 'pitch': 0.0, 'last_fix_time': datetime.datetime(2021, 7, 28, 22, 6, 49), 'speed': None, 'rudder': 0, 'datum': (42.3, -71.1)}
2021-07-28 23:06:50,974 [INFO] **** [] [(-0.3393612182731792, 10.534619461010289), (-15.396756312570371, 0.8132339700280524), (29.88010343260717, 11.155344399760612), (-28.804180038537627, 8.305612854078174), (29.25831709054306, -18.370292811919857), (-28.244402170634864, 19.535808135546194), (-5.267468019505743, -8.326398058102729), (-25.29267502998595, 4.666819744602523), (1.8540933369894164, -12.436431615907049), (-0.9402016485894378, -9.16349004774592), (13.820961538931568, 21.42878244026705), (10.89127816748982, 21.71208402665582), (-19.23854499033179, -5.406913287592381), (17.898621911020186, -6.855488588514898)]
2021-07-28 23:06:50,975 [INFO] Next green buoy: [], next red buoy: [(-0.3393612182731792, 10.534619461010289), (-15.396756312570371, 0.8132339700280524), (29.88010343260717, 11.155344399760612), (-28.804180038537627, 8.305612854078174), (29.25831709054306, -18.370292811919857), (-28.244402170634864, 19.535808135546194), (-5.267468019505743, -8.326398058102729), (-25.29267502998595, 4.666819744602523), (1.8540933369894164, -12.436431615907049), (-0.9402016485894378, -9.16349004774592), (13.820961538931568, 21.42878244026705), (10.89127816748982, 21.71208402665582), (-19.23854499033179, -5.406913287592381), (17.898621911020186, -6.855488588514898)]
2021-07-28 23:06:50,976 [INFO] Desired_heading: 50.160638781726824
2021-07-28 23:06:50,976 [INFO] delta angle: -0.20721335850265632
2021-07-28 23:06:50,977 [INFO] sending message $BPRMB,220653.26,0.20721335850265632,1,0,750,0,1*5d
...
2021-07-28 23:06:51,978 [INFO] sending message $BPSTS,220651.97,1,BWSI Autonomy OK*48
...
2021-07-28 23:06:51,980 [INFO] Processing: $BFNVG,220649.65,4218.002651,N,07105.996238,W,0,10.0,1.0,50.7,0.0,0.0,220649.65*6D
2021-07-28 23:06:51,982 [INFO] Interpreted as: {'position': (5.289609072788153, 4.778649173676968), 'latlon': (42.300044183333334, -71.0999373), 'heading': 50.7, 'depth': 1.0, 'altitude': 10.0, 'roll': 0.0, 'pitch': 0.0, 'last_fix_time': datetime.datetime(2021, 7, 28, 22, 6, 49), 'speed': None, 'rudder': 0, 'datum': (42.3, -71.1)}
2021-07-28 23:06:51,982 [INFO] Processing: $BFNVG,220650.00,4218.002747,N,07105.996088,W,0,10.0,1.0,50.6,0.0,0.0,220650.00*63
2021-07-28 23:06:51,985 [INFO] Interpreted as: {'position': (5.5000752909109, 4.9512304943054914), 'latlon': (42.30004578333333, -71.0999348), 'heading': 50.6, 'depth': 1.0, 'altitude': 10.0, 'roll': 0.0, 'pitch': 0.0, 'last_fix_time': datetime.datetime(2021, 7, 28, 22, 6, 50), 'speed': None, 'rudder': 0, 'datum': (42.3, -71.1)}
2021-07-28 23:06:51,986 [INFO] Processing: $BFNVG,220650.35,4218.002844,N,07105.995938,W,0,10.0,1.0,50.4,0.0,0.0,220650.35*6C
2021-07-28 23:06:51,988 [INFO] Interpreted as: {'position': (5.710587169334758, 5.125662519596517), 'latlon': (42.3000474, -71.0999323), 'heading': 50.4, 'depth': 1.0, 'altitude': 10.0, 'roll': 0.0, 'pitch': 0.0, 'last_fix_time': datetime.datetime(2021, 7, 28, 22, 6, 50), 'speed': None, 'rudder': 0, 'datum': (42.3, -71.1)}
2021-07-28 23:06:51,988 [INFO] Processing: $BFNVG,220650.71,4218.002941,N,07105.995789,W,0,10.0,1.0,50.3,0.0,0.0,220650.71*6B
2021-07-28 23:06:51,990 [INFO] Interpreted as: {'position': (5.919725158601068, 5.300128453411162), 'latlon': (42.30004901666667, -71.09992981666667), 'heading': 50.3, 'depth': 1.0, 'altitude': 10.0, 'roll': 0.0, 'pitch': 0.0, 'last_fix_time': datetime.datetime(2021, 7, 28, 22, 6, 50), 'speed': None, 'rudder': 0, 'datum': (42.3, -71.1)}
2021-07-28 23:06:51,991 [INFO] Received from Frontseat: [b'$BFNVG,220649.65,4218.002651,N,07105.996238,W,0,10.0,1.0,50.7,0.0,0.0,220649.65*6D', b'$BFNVG,220650.00,4218.002747,N,07105.996088,W,0,10.0,1.0,50.6,0.0,0.0,220650.00*63', b'$BFNVG,220650.35,4218.002844,N,07105.995938,W,0,10.0,1.0,50.4,0.0,0.0,220650.35*6C', b'$BFNVG,220650.71,4218.002941,N,07105.995789,W,0,10.0,1.0,50.3,0.0,0.0,220650.71*6B']
2021-07-28 23:06:51,992 [INFO] AUV state: {'position': (5.919725158601068, 5.300128453411162), 'latlon': (42.30004901666667, -71.09992981666667), 'heading': 50.3, 'depth': 1.0, 'altitude': 10.0, 'roll': 0.0, 'pitch': 0.0, 'last_fix_time': datetime.datetime(2021, 7, 28, 22, 6, 50), 'speed': None, 'rudder': 0, 'datum': (42.3, -71.1)}
2021-07-28 23:06:52,515 [INFO] **** [] [(-1.9368623426447769, 11.614774558809527), (-11.129337843174197, -2.677616283593164), (29.268468040474545, -18.409927572146177), (30.05135293352267, 11.432247522496677), (-29.502502429290693, 8.235127977631045), (-28.1667287764603, 19.655402516072385), (-25.32488535104636, 4.603001116020333), (1.6374683314155583, -12.343949421672901), (13.825651204383872, 21.47572075054482), (10.894290418906353, 21.665454273059), (-25.396183729824813, 10.487596270443102), (-19.20681486442167, -5.400088010656497), (17.9122508337672, -6.8476247418476435), (30.94643050732341, -0.25687994134928843), (-22.48054417822007, 2.199340941029339)]
2021-07-28 23:06:52,516 [INFO] Next green buoy: [], next red buoy: [(-1.9368623426447769, 11.614774558809527), (-11.129337843174197, -2.677616283593164), (29.268468040474545, -18.409927572146177), (30.05135293352267, 11.432247522496677), (-29.502502429290693, 8.235127977631045), (-28.1667287764603, 19.655402516072385), (-25.32488535104636, 4.603001116020333), (1.6374683314155583, -12.343949421672901), (13.825651204383872, 21.47572075054482), (10.894290418906353, 21.665454273059), (-25.396183729824813, 10.487596270443102), (-19.20681486442167, -5.400088010656497), (17.9122508337672, -6.8476247418476435), (30.94643050732341, -0.25687994134928843), (-22.48054417822007, 2.199340941029339)]
2021-07-28 23:06:52,517 [INFO] Desired_heading: 48.36313765735522
2021-07-28 23:06:52,517 [INFO] delta angle: -1.8279462921497043
2021-07-28 23:06:52,518 [INFO] sending message $BPRMB,220650.68,1.8279462921497043,1,0,750,0,1*6e
...
2021-07-28 23:06:53,520 [INFO] sending message $BPSTS,220653.51,1,BWSI Autonomy OK*40
...
2021-07-28 23:06:53,522 [INFO] Processing: $BFNVG,220651.06,4218.003038,N,07105.995639,W,0,10.0,1.0,50.2,0.0,0.0,220651.06*66
2021-07-28 23:06:53,524 [INFO] Interpreted as: {'position': (6.130237016128376, 5.474560488946736), 'latlon': (42.300050633333335, -71.09992731666667), 'heading': 50.2, 'depth': 1.0, 'altitude': 10.0, 'roll': 0.0, 'pitch': 0.0, 'last_fix_time': datetime.datetime(2021, 7, 28, 22, 6, 51), 'speed': None, 'rudder': 0, 'datum': (42.3, -71.1)}
2021-07-28 23:06:53,525 [INFO] Processing: $BFNVG,220651.41,4218.003135,N,07105.995490,W,0,10.0,1.0,50.2,0.0,0.0,220651.41*6B
2021-07-28 23:06:53,526 [INFO] Interpreted as: {'position': (6.339374984498136, 5.649026435799897), 'latlon': (42.30005225, -71.09992483333333), 'heading': 50.2, 'depth': 1.0, 'altitude': 10.0, 'roll': 0.0, 'pitch': 0.0, 'last_fix_time': datetime.datetime(2021, 7, 28, 22, 6, 51), 'speed': None, 'rudder': 0, 'datum': (42.3, -71.1)}
2021-07-28 23:06:53,527 [INFO] Processing: $BFNVG,220651.77,4218.003232,N,07105.995341,W,0,10.0,1.0,50.1,0.0,0.0,220651.77*67
2021-07-28 23:06:53,529 [INFO] Interpreted as: {'position': (6.548512942623347, 5.8234923873096704), 'latlon': (42.300053866666666, -71.09992235), 'heading': 50.1, 'depth': 1.0, 'altitude': 10.0, 'roll': 0.0, 'pitch': 0.0, 'last_fix_time': datetime.datetime(2021, 7, 28, 22, 6, 51), 'speed': None, 'rudder': 0, 'datum': (42.3, -71.1)}
2021-07-28 23:06:53,530 [INFO] Processing: $BFNVG,220652.12,4218.003329,N,07105.995192,W,0,10.0,1.0,50.1,0.0,0.0,220652.12*60
2021-07-28 23:06:53,532 [INFO] Interpreted as: {'position': (6.757650890329387, 5.997958345338702), 'latlon': (42.30005548333333, -71.09991986666667), 'heading': 50.1, 'depth': 1.0, 'altitude': 10.0, 'roll': 0.0, 'pitch': 0.0, 'last_fix_time': datetime.datetime(2021, 7, 28, 22, 6, 52), 'speed': None, 'rudder': 0, 'datum': (42.3, -71.1)}
2021-07-28 23:06:53,533 [INFO] Processing: $BFNVG,220652.47,4218.003426,N,07105.995043,W,0,10.0,1.0,50.1,0.0,0.0,220652.47*65
2021-07-28 23:06:53,535 [INFO] Interpreted as: {'position': (6.966788827558048, 6.172424308024347), 'latlon': (42.3000571, -71.09991738333333), 'heading': 50.1, 'depth': 1.0, 'altitude': 10.0, 'roll': 0.0, 'pitch': 0.0, 'last_fix_time': datetime.datetime(2021, 7, 28, 22, 6, 52), 'speed': None, 'rudder': 0, 'datum': (42.3, -71.1)}
2021-07-28 23:06:53,536 [INFO] Received from Frontseat: [b'$BFNVG,220651.06,4218.003038,N,07105.995639,W,0,10.0,1.0,50.2,0.0,0.0,220651.06*66', b'$BFNVG,220651.41,4218.003135,N,07105.995490,W,0,10.0,1.0,50.2,0.0,0.0,220651.41*6B', b'$BFNVG,220651.77,4218.003232,N,07105.995341,W,0,10.0,1.0,50.1,0.0,0.0,220651.77*67', b'$BFNVG,220652.12,4218.003329,N,07105.995192,W,0,10.0,1.0,50.1,0.0,0.0,220652.12*60', b'$BFNVG,220652.47,4218.003426,N,07105.995043,W,0,10.0,1.0,50.1,0.0,0.0,220652.47*65']
2021-07-28 23:06:53,536 [INFO] AUV state: {'position': (6.966788827558048, 6.172424308024347), 'latlon': (42.3000571, -71.09991738333333), 'heading': 50.1, 'depth': 1.0, 'altitude': 10.0, 'roll': 0.0, 'pitch': 0.0, 'last_fix_time': datetime.datetime(2021, 7, 28, 22, 6, 52), 'speed': None, 'rudder': 0, 'datum': (42.3, -71.1)}
2021-07-28 23:06:54,052 [INFO] **** [] [(-0.10508783501530068, 10.037039674338546), (-15.558250486137847, 1.0263384261193658), (29.925091500012837, 10.84478813838773), (29.24610542766058, -18.26616220360524), (-29.45094463101122, 8.135685876050497), (-28.27958063767071, 19.535495893493795), (-5.27163223179581, -8.391252479401295), (-25.326691917417605, 4.58710428851941), (-16.226454160996695, 23.728852434925518), (1.8169767623303363, -12.327845165609276), (13.822554700055067, 21.45201831036693), (-0.9025088877234154, -9.826288347324263), (10.894554087879738, 21.735221052297707), (-19.18332309835594, -5.358684685960274), (-25.39233844672551, 10.480762553625535), (17.919147938939233, -6.858622548284406), (-1.0990663965395595, -7.454665269977629), (28.870448673512733, 23.053422919505778), (-20.673685460493118, 24.280621151138472)]
2021-07-28 23:06:54,053 [INFO] Next green buoy: [], next red buoy: [(-0.10508783501530068, 10.037039674338546), (-15.558250486137847, 1.0263384261193658), (29.925091500012837, 10.84478813838773), (29.24610542766058, -18.26616220360524), (-29.45094463101122, 8.135685876050497), (-28.27958063767071, 19.535495893493795), (-5.27163223179581, -8.391252479401295), (-25.326691917417605, 4.58710428851941), (-16.226454160996695, 23.728852434925518), (1.8169767623303363, -12.327845165609276), (13.822554700055067, 21.45201831036693), (-0.9025088877234154, -9.826288347324263), (10.894554087879738, 21.735221052297707), (-19.18332309835594, -5.358684685960274), (-25.39233844672551, 10.480762553625535), (17.919147938939233, -6.858622548284406), (-1.0990663965395595, -7.454665269977629), (28.870448673512733, 23.053422919505778), (-20.673685460493118, 24.280621151138472)]
2021-07-28 23:06:54,054 [INFO] Desired_heading: 49.9949121649847
2021-07-28 23:06:54,054 [INFO] delta angle: -0.04786637547169903
2021-07-28 23:06:54,055 [INFO] sending message $BPRMB,220656.35,0.04786637547169903,1,0,750,0,1*5f
...
2021-07-28 23:06:55,056 [INFO] sending message $BPSTS,220655.05,1,BWSI Autonomy OK*47
...
2021-07-28 23:06:55,058 [INFO] Processing: $BFNVG,220652.83,4218.003523,N,07105.994894,W,0,10.0,1.0,50.1,0.0,0.0,220652.83*62
2021-07-28 23:06:55,060 [INFO] Interpreted as: {'position': (7.175926754483953, 6.346890280023217), 'latlon': (42.30005871666667, -71.0999149), 'heading': 50.1, 'depth': 1.0, 'altitude': 10.0, 'roll': 0.0, 'pitch': 0.0, 'last_fix_time': datetime.datetime(2021, 7, 28, 22, 6, 52), 'speed': None, 'rudder': 0, 'datum': (42.3, -71.1)}
2021-07-28 23:06:55,061 [INFO] Processing: $BFNVG,220653.18,4218.003622,N,07105.994744,W,0,10.0,1.0,50.0,0.0,0.0,220653.18*63
2021-07-28 23:06:55,063 [INFO] Interpreted as: {'position': (7.38652989215916, 6.525023745372891), 'latlon': (42.30006036666666, -71.0999124), 'heading': 50.0, 'depth': 1.0, 'altitude': 10.0, 'roll': 0.0, 'pitch': 0.0, 'last_fix_time': datetime.datetime(2021, 7, 28, 22, 6, 53), 'speed': None, 'rudder': 0, 'datum': (42.3, -71.1)}
2021-07-28 23:06:55,064 [INFO] Processing: $BFNVG,220653.54,4218.003719,N,07105.994595,W,0,10.0,1.0,49.9,0.0,0.0,220653.54*65
2021-07-28 23:06:55,066 [INFO] Interpreted as: {'position': (7.595667798188515, 6.699489729478955), 'latlon': (42.300061983333336, -71.09990991666666), 'heading': 49.9, 'depth': 1.0, 'altitude': 10.0, 'roll': 0.0, 'pitch': 0.0, 'last_fix_time': datetime.datetime(2021, 7, 28, 22, 6, 53), 'speed': None, 'rudder': 0, 'datum': (42.3, -71.1)}
2021-07-28 23:06:55,067 [INFO] Processing: $BFNVG,220653.89,4218.003817,N,07105.994446,W,0,10.0,1.0,49.7,0.0,0.0,220653.89*65
2021-07-28 23:06:55,070 [INFO] Interpreted as: {'position': (7.804851363878697, 6.8758064126595855), 'latlon': (42.30006361666667, -71.09990743333333), 'heading': 49.7, 'depth': 1.0, 'altitude': 10.0, 'roll': 0.0, 'pitch': 0.0, 'last_fix_time': datetime.datetime(2021, 7, 28, 22, 6, 53), 'speed': None, 'rudder': 0, 'datum': (42.3, -71.1)}
2021-07-28 23:06:55,071 [INFO] Received from Frontseat: [b'$BFNVG,220652.83,4218.003523,N,07105.994894,W,0,10.0,1.0,50.1,0.0,0.0,220652.83*62', b'$BFNVG,220653.18,4218.003622,N,07105.994744,W,0,10.0,1.0,50.0,0.0,0.0,220653.18*63', b'$BFNVG,220653.54,4218.003719,N,07105.994595,W,0,10.0,1.0,49.9,0.0,0.0,220653.54*65', b'$BFNVG,220653.89,4218.003817,N,07105.994446,W,0,10.0,1.0,49.7,0.0,0.0,220653.89*65']
2021-07-28 23:06:55,072 [INFO] AUV state: {'position': (7.804851363878697, 6.8758064126595855), 'latlon': (42.30006361666667, -71.09990743333333), 'heading': 49.7, 'depth': 1.0, 'altitude': 10.0, 'roll': 0.0, 'pitch': 0.0, 'last_fix_time': datetime.datetime(2021, 7, 28, 22, 6, 53), 'speed': None, 'rudder': 0, 'datum': (42.3, -71.1)}
2021-07-28 23:06:55,607 [INFO] **** [] [(-0.8266021669749825, 10.893445322895426), (-15.654496611178258, 1.1114362556043138), (30.04811529595507, 11.044535879450143), (29.24283609824895, -18.291257392160613), (-29.354595231558214, 7.778634120175121), (-28.26116087887541, 19.48447662208884), (-25.328692798254675, 4.591362747195594), (-5.129690447489764, -7.921019266295363), (13.820308164976876, 21.45032259330313), (10.885815409940921, 21.711127356854128), (-25.33217289617591, 10.467821285062842), (-19.187184800924978, -5.397958458861592), (17.935948316500063, -6.8627458049328505), (-20.707558032070107, 24.24845326273553), (-22.777599212314392, 7.115737492404753)]
2021-07-28 23:06:55,609 [INFO] Next green buoy: [], next red buoy: [(-0.8266021669749825, 10.893445322895426), (-15.654496611178258, 1.1114362556043138), (30.04811529595507, 11.044535879450143), (29.24283609824895, -18.291257392160613), (-29.354595231558214, 7.778634120175121), (-28.26116087887541, 19.48447662208884), (-25.328692798254675, 4.591362747195594), (-5.129690447489764, -7.921019266295363), (13.820308164976876, 21.45032259330313), (10.885815409940921, 21.711127356854128), (-25.33217289617591, 10.467821285062842), (-19.187184800924978, -5.397958458861592), (17.935948316500063, -6.8627458049328505), (-20.707558032070107, 24.24845326273553), (-22.777599212314392, 7.115737492404753)]
2021-07-28 23:06:55,610 [INFO] Desired_heading: 48.873397833025024
2021-07-28 23:06:55,610 [INFO] delta angle: -0.6305371237148734
2021-07-28 23:06:55,610 [INFO] sending message $BPRMB,220653.76,0.6305371237148734,1,0,750,0,1*6e
...
2021-07-28 23:06:56,612 [INFO] sending message $BPSTS,220656.61,1,BWSI Autonomy OK*46
...
2021-07-28 23:06:56,613 [INFO] Processing: $BFNVG,220654.24,4218.003916,N,07105.994298,W,0,10.0,1.0,49.6,0.0,0.0,220654.24*61
2021-07-28 23:06:56,615 [INFO] Interpreted as: {'position': (8.012706708803307, 7.054007703438401), 'latlon': (42.300065266666664, -71.09990496666667), 'heading': 49.6, 'depth': 1.0, 'altitude': 10.0, 'roll': 0.0, 'pitch': 0.0, 'last_fix_time': datetime.datetime(2021, 7, 28, 22, 6, 54), 'speed': None, 'rudder': 0, 'datum': (42.3, -71.1)}
2021-07-28 23:06:56,617 [INFO] Processing: $BFNVG,220654.60,4218.004014,N,07105.994149,W,0,10.0,1.0,49.6,0.0,0.0,220654.60*62
2021-07-28 23:06:56,619 [INFO] Interpreted as: {'position': (8.221890255692415, 7.23032440058887), 'latlon': (42.3000669, -71.09990248333334), 'heading': 49.6, 'depth': 1.0, 'altitude': 10.0, 'roll': 0.0, 'pitch': 0.0, 'last_fix_time': datetime.datetime(2021, 7, 28, 22, 6, 54), 'speed': None, 'rudder': 0, 'datum': (42.3, -71.1)}
2021-07-28 23:06:56,619 [INFO] Processing: $BFNVG,220654.96,4218.004114,N,07105.993998,W,0,10.0,1.0,49.6,0.0,0.0,220654.96*60
2021-07-28 23:06:56,621 [INFO] Interpreted as: {'position': (8.433912886539474, 7.410274692811072), 'latlon': (42.30006856666667, -71.09989996666667), 'heading': 49.6, 'depth': 1.0, 'altitude': 10.0, 'roll': 0.0, 'pitch': 0.0, 'last_fix_time': datetime.datetime(2021, 7, 28, 22, 6, 54), 'speed': None, 'rudder': 0, 'datum': (42.3, -71.1)}
2021-07-28 23:06:56,622 [INFO] Processing: $BFNVG,220655.31,4218.004212,N,07105.993851,W,0,10.0,1.0,49.6,0.0,0.0,220655.31*61
2021-07-28 23:06:56,624 [INFO] Interpreted as: {'position': (8.640348653600086, 7.586659207940102), 'latlon': (42.3000702, -71.09989751666667), 'heading': 49.6, 'depth': 1.0, 'altitude': 10.0, 'roll': 0.0, 'pitch': 0.0, 'last_fix_time': datetime.datetime(2021, 7, 28, 22, 6, 55), 'speed': None, 'rudder': 0, 'datum': (42.3, -71.1)}
2021-07-28 23:06:56,625 [INFO] Received from Frontseat: [b'$BFNVG,220654.24,4218.003916,N,07105.994298,W,0,10.0,1.0,49.6,0.0,0.0,220654.24*61', b'$BFNVG,220654.60,4218.004014,N,07105.994149,W,0,10.0,1.0,49.6,0.0,0.0,220654.60*62', b'$BFNVG,220654.96,4218.004114,N,07105.993998,W,0,10.0,1.0,49.6,0.0,0.0,220654.96*60', b'$BFNVG,220655.31,4218.004212,N,07105.993851,W,0,10.0,1.0,49.6,0.0,0.0,220655.31*61']
2021-07-28 23:06:56,626 [INFO] AUV state: {'position': (8.640348653600086, 7.586659207940102), 'latlon': (42.3000702, -71.09989751666667), 'heading': 49.6, 'depth': 1.0, 'altitude': 10.0, 'roll': 0.0, 'pitch': 0.0, 'last_fix_time': datetime.datetime(2021, 7, 28, 22, 6, 55), 'speed': None, 'rudder': 0, 'datum': (42.3, -71.1)}
2021-07-28 23:06:57,146 [INFO] **** [] [(-2.4408083882678526, 10.834214103607545), (-13.598778064781454, 0.14873236462643982), (29.352288311812824, -18.49200238557439), (-29.467422837832338, 8.34160184536628), (-28.59631220122043, 19.108377918180576), (30.310442862048973, 12.056006398814288), (-25.420629473302366, 4.602892537170653), (-5.0729055690231055, -7.847952844770018), (-16.09232992173858, 23.853436534559687), (19.257298268080767, -1.790852053176908), (13.800670389793636, 21.453194133122235), (10.876235307994909, 21.617655011123233), (-26.16423754380372, 21.19363852349062), (-25.409788148678345, 10.552297168847076), (-19.189241503365494, -5.42180751785675), (17.908057542207818, -6.8501813764738975), (15.311618189926133, -9.897669188658988), (-21.812781951427308, 7.0303544682244885)]
2021-07-28 23:06:57,147 [INFO] Next green buoy: [], next red buoy: [(-2.4408083882678526, 10.834214103607545), (-13.598778064781454, 0.14873236462643982), (29.352288311812824, -18.49200238557439), (-29.467422837832338, 8.34160184536628), (-28.59631220122043, 19.108377918180576), (30.310442862048973, 12.056006398814288), (-25.420629473302366, 4.602892537170653), (-5.0729055690231055, -7.847952844770018), (-16.09232992173858, 23.853436534559687), (19.257298268080767, -1.790852053176908), (13.800670389793636, 21.453194133122235), (10.876235307994909, 21.617655011123233), (-26.16423754380372, 21.19363852349062), (-25.409788148678345, 10.552297168847076), (-19.189241503365494, -5.42180751785675), (17.908057542207818, -6.8501813764738975), (15.311618189926133, -9.897669188658988), (-21.812781951427308, 7.0303544682244885)]
2021-07-28 23:06:57,148 [INFO] Desired_heading: 47.15919161173215
2021-07-28 23:06:57,148 [INFO] delta angle: -2.4406589457123005
2021-07-28 23:06:57,149 [INFO] sending message $BPRMB,220659.46,2.4406589457123005,1,0,750,0,1*6a
...
2021-07-28 23:06:58,151 [INFO] sending message $BPSTS,220658.15,1,BWSI Autonomy OK*4b
...
2021-07-28 23:06:58,152 [INFO] Processing: $BFNVG,220655.67,4218.004311,N,07105.993703,W,0,10.0,1.0,49.6,0.0,0.0,220655.67*6B
2021-07-28 23:06:58,154 [INFO] Interpreted as: {'position': (8.848203960515093, 7.764860523864627), 'latlon': (42.30007185, -71.09989505), 'heading': 49.6, 'depth': 1.0, 'altitude': 10.0, 'roll': 0.0, 'pitch': 0.0, 'last_fix_time': datetime.datetime(2021, 7, 28, 22, 6, 55), 'speed': None, 'rudder': 0, 'datum': (42.3, -71.1)}
2021-07-28 23:06:58,155 [INFO] Processing: $BFNVG,220656.02,4218.004408,N,07105.993555,W,0,10.0,1.0,49.6,0.0,0.0,220656.02*65
2021-07-28 23:06:58,157 [INFO] Interpreted as: {'position': (9.055967915221117, 7.939360450021923), 'latlon': (42.30007346666667, -71.09989258333333), 'heading': 49.6, 'depth': 1.0, 'altitude': 10.0, 'roll': 0.0, 'pitch': 0.0, 'last_fix_time': datetime.datetime(2021, 7, 28, 22, 6, 56), 'speed': None, 'rudder': 0, 'datum': (42.3, -71.1)}
2021-07-28 23:06:58,158 [INFO] Processing: $BFNVG,220656.37,4218.004508,N,07105.993406,W,0,10.0,1.0,49.5,0.0,0.0,220656.37*60
2021-07-28 23:06:58,160 [INFO] Interpreted as: {'position': (9.26524274708936, 8.119378572329879), 'latlon': (42.30007513333334, -71.0998901), 'heading': 49.5, 'depth': 1.0, 'altitude': 10.0, 'roll': 0.0, 'pitch': 0.0, 'last_fix_time': datetime.datetime(2021, 7, 28, 22, 6, 56), 'speed': None, 'rudder': 0, 'datum': (42.3, -71.1)}
2021-07-28 23:06:58,161 [INFO] Processing: $BFNVG,220656.73,4218.004606,N,07105.993259,W,0,10.0,1.0,49.5,0.0,0.0,220656.73*61
2021-07-28 23:06:58,163 [INFO] Interpreted as: {'position': (9.471678472589701, 8.295763108879328), 'latlon': (42.30007676666666, -71.09988765), 'heading': 49.5, 'depth': 1.0, 'altitude': 10.0, 'roll': 0.0, 'pitch': 0.0, 'last_fix_time': datetime.datetime(2021, 7, 28, 22, 6, 56), 'speed': None, 'rudder': 0, 'datum': (42.3, -71.1)}
2021-07-28 23:06:58,163 [INFO] Processing: $BFNVG,220657.08,4218.004705,N,07105.993111,W,0,10.0,1.0,49.4,0.0,0.0,220657.08*6D
2021-07-28 23:06:58,165 [INFO] Interpreted as: {'position': (9.679533735383302, 8.47396444901824), 'latlon': (42.300078416666665, -71.09988518333333), 'heading': 49.4, 'depth': 1.0, 'altitude': 10.0, 'roll': 0.0, 'pitch': 0.0, 'last_fix_time': datetime.datetime(2021, 7, 28, 22, 6, 57), 'speed': None, 'rudder': 0, 'datum': (42.3, -71.1)}
2021-07-28 23:06:58,166 [INFO] Received from Frontseat: [b'$BFNVG,220655.67,4218.004311,N,07105.993703,W,0,10.0,1.0,49.6,0.0,0.0,220655.67*6B', b'$BFNVG,220656.02,4218.004408,N,07105.993555,W,0,10.0,1.0,49.6,0.0,0.0,220656.02*65', b'$BFNVG,220656.37,4218.004508,N,07105.993406,W,0,10.0,1.0,49.5,0.0,0.0,220656.37*60', b'$BFNVG,220656.73,4218.004606,N,07105.993259,W,0,10.0,1.0,49.5,0.0,0.0,220656.73*61', b'$BFNVG,220657.08,4218.004705,N,07105.993111,W,0,10.0,1.0,49.4,0.0,0.0,220657.08*6D']
2021-07-28 23:06:58,167 [INFO] AUV state: {'position': (9.679533735383302, 8.47396444901824), 'latlon': (42.300078416666665, -71.09988518333333), 'heading': 49.4, 'depth': 1.0, 'altitude': 10.0, 'roll': 0.0, 'pitch': 0.0, 'last_fix_time': datetime.datetime(2021, 7, 28, 22, 6, 57), 'speed': None, 'rudder': 0, 'datum': (42.3, -71.1)}
2021-07-28 23:06:58,685 [INFO] **** [] [(-0.11893376895551651, 9.94160444314622), (-13.763189135585783, 0.1220897351238437), (29.29354122886304, -18.37293233868272), (-29.497594573204626, 8.3475934575592), (-28.286946757798873, 19.50250966653315), (30.293495564997297, 11.594115695771821), (-5.121215958429319, -8.149118013255581), (-25.316382863331583, 4.783530515296365), (-16.296652798082484, 23.75149749019424), (13.824777839706902, 21.47572075054482), (-22.128279212483132, 5.876680348895834), (1.1306020835139259, -12.248189510111468), (-0.894455132694769, -9.848196192140016), (-19.11671174703511, -5.373233788491346), (-25.396183729824813, 10.496500357752096), (10.87267787907166, 21.593264076741935), (17.863811115843678, -6.84508506769992), (2.9298611064387448, -12.70003587137108), (-20.55659600615368, 24.211547383472166), (-22.472188369717323, 2.083157593007627), (-22.982805961473854, 4.666321971985379), (-1.354397062453844, -7.27574478649174)]
2021-07-28 23:06:58,687 [INFO] Next green buoy: [], next red buoy: [(-0.11893376895551651, 9.94160444314622), (-13.763189135585783, 0.1220897351238437), (29.29354122886304, -18.37293233868272), (-29.497594573204626, 8.3475934575592), (-28.286946757798873, 19.50250966653315), (30.293495564997297, 11.594115695771821), (-5.121215958429319, -8.149118013255581), (-25.316382863331583, 4.783530515296365), (-16.296652798082484, 23.75149749019424), (13.824777839706902, 21.47572075054482), (-22.128279212483132, 5.876680348895834), (1.1306020835139259, -12.248189510111468), (-0.894455132694769, -9.848196192140016), (-19.11671174703511, -5.373233788491346), (-25.396183729824813, 10.496500357752096), (10.87267787907166, 21.593264076741935), (17.863811115843678, -6.84508506769992), (2.9298611064387448, -12.70003587137108), (-20.55659600615368, 24.211547383472166), (-22.472188369717323, 2.083157593007627), (-22.982805961473854, 4.666321971985379), (-1.354397062453844, -7.27574478649174)]
2021-07-28 23:06:58,687 [INFO] Desired_heading: 49.281066231044484
2021-07-28 23:06:58,688 [INFO] delta angle: -0.05587550536222352
2021-07-28 23:06:58,688 [INFO] sending message $BPRMB,220656.83,0.05587550536222352,1,0,750,0,1*56
...
2021-07-28 23:06:59,690 [INFO] sending message $BPSTS,220659.69,1,BWSI Autonomy OK*41
...
2021-07-28 23:06:59,691 [INFO] Processing: $BFNVG,220657.43,4218.004803,N,07105.992964,W,0,10.0,1.0,49.4,0.0,0.0,220657.43*6F
2021-07-28 23:06:59,693 [INFO] Interpreted as: {'position': (9.885969440103509, 8.650348999537528), 'latlon': (42.30008005, -71.09988273333333), 'heading': 49.4, 'depth': 1.0, 'altitude': 10.0, 'roll': 0.0, 'pitch': 0.0, 'last_fix_time': datetime.datetime(2021, 7, 28, 22, 6, 57), 'speed': None, 'rudder': 0, 'datum': (42.3, -71.1)}
2021-07-28 23:06:59,694 [INFO] Processing: $BFNVG,220657.79,4218.004902,N,07105.992816,W,0,10.0,1.0,49.2,0.0,0.0,220657.79*6D
2021-07-28 23:06:59,696 [INFO] Interpreted as: {'position': (10.093824682000559, 8.828550349920988), 'latlon': (42.3000817, -71.09988026666667), 'heading': 49.2, 'depth': 1.0, 'altitude': 10.0, 'roll': 0.0, 'pitch': 0.0, 'last_fix_time': datetime.datetime(2021, 7, 28, 22, 6, 57), 'speed': None, 'rudder': 0, 'datum': (42.3, -71.1)}
2021-07-28 23:06:59,697 [INFO] Processing: $BFNVG,220658.15,4218.005005,N,07105.992664,W,0,10.0,1.0,49.1,0.0,0.0,220658.15*6A
2021-07-28 23:06:59,699 [INFO] Interpreted as: {'position': (10.307358103338629, 9.014018882997334), 'latlon': (42.300083416666666, -71.09987773333333), 'heading': 49.1, 'depth': 1.0, 'altitude': 10.0, 'roll': 0.0, 'pitch': 0.0, 'last_fix_time': datetime.datetime(2021, 7, 28, 22, 6, 58), 'speed': None, 'rudder': 0, 'datum': (42.3, -71.1)}
2021-07-28 23:06:59,700 [INFO] Processing: $BFNVG,220658.53,4218.005109,N,07105.992510,W,0,10.0,1.0,48.9,0.0,0.0,220658.53*6E
2021-07-28 23:06:59,702 [INFO] Interpreted as: {'position': (10.523684938787483, 9.201270313933492), 'latlon': (42.30008515, -71.09987516666666), 'heading': 48.9, 'depth': 1.0, 'altitude': 10.0, 'roll': 0.0, 'pitch': 0.0, 'last_fix_time': datetime.datetime(2021, 7, 28, 22, 6, 58), 'speed': None, 'rudder': 0, 'datum': (42.3, -71.1)}
2021-07-28 23:06:59,703 [INFO] Received from Frontseat: [b'$BFNVG,220657.43,4218.004803,N,07105.992964,W,0,10.0,1.0,49.4,0.0,0.0,220657.43*6F', b'$BFNVG,220657.79,4218.004902,N,07105.992816,W,0,10.0,1.0,49.2,0.0,0.0,220657.79*6D', b'$BFNVG,220658.15,4218.005005,N,07105.992664,W,0,10.0,1.0,49.1,0.0,0.0,220658.15*6A', b'$BFNVG,220658.53,4218.005109,N,07105.992510,W,0,10.0,1.0,48.9,0.0,0.0,220658.53*6E']
2021-07-28 23:06:59,704 [INFO] AUV state: {'position': (10.523684938787483, 9.201270313933492), 'latlon': (42.30008515, -71.09987516666666), 'heading': 48.9, 'depth': 1.0, 'altitude': 10.0, 'roll': 0.0, 'pitch': 0.0, 'last_fix_time': datetime.datetime(2021, 7, 28, 22, 6, 58), 'speed': None, 'rudder': 0, 'datum': (42.3, -71.1)}
2021-07-28 23:07:00,213 [INFO] **** [] [(0.12957821955750032, 9.812984092051098), (-15.078152356871927, 0.9899892768044355), (29.311369210804713, -18.424218446572432), (30.056346439457172, 11.83366195274523), (-29.487247926962276, 8.231125126951117), (-28.287599151575325, 19.48100482642806), (-25.326214953502316, 4.620965408648455), (-5.218664602446812, -7.848712975418463), (-16.201753713832172, 23.749323514927696), (13.771176206477246, 21.240727507783546), (-25.37259547005229, 10.508247446524685), (-19.15010638196397, -5.39485685492655), (10.872827218124172, 21.593952582266994), (17.909461829379865, -6.867444312648343), (-22.477526919243925, 2.123117960139952), (-20.695242483523163, 24.26015256053527)]
2021-07-28 23:07:00,215 [INFO] Next green buoy: [], next red buoy: [(0.12957821955750032, 9.812984092051098), (-15.078152356871927, 0.9899892768044355), (29.311369210804713, -18.424218446572432), (30.056346439457172, 11.83366195274523), (-29.487247926962276, 8.231125126951117), (-28.287599151575325, 19.48100482642806), (-25.326214953502316, 4.620965408648455), (-5.218664602446812, -7.848712975418463), (-16.201753713832172, 23.749323514927696), (13.771176206477246, 21.240727507783546), (-25.37259547005229, 10.508247446524685), (-19.15010638196397, -5.39485685492655), (10.872827218124172, 21.593952582266994), (17.909461829379865, -6.867444312648343), (-22.477526919243925, 2.123117960139952), (-20.695242483523163, 24.26015256053527)]
2021-07-28 23:07:00,215 [INFO] Desired_heading: 49.0295782195575
2021-07-28 23:07:00,216 [INFO] delta angle: 0.062194932009042324
2021-07-28 23:07:00,216 [INFO] sending message $BPRMB,220702.54,-0.062194932009042324,1,0,750,0,1*42
...
2021-07-28 23:07:01,218 [INFO] sending message $BPSTS,220701.21,1,BWSI Autonomy OK*41
...
2021-07-28 23:07:01,219 [INFO] Processing: $BFNVG,220658.88,4218.005210,N,07105.992363,W,0,10.0,1.0,48.7,0.0,0.0,220658.88*69
2021-07-28 23:07:01,221 [INFO] Interpreted as: {'position': (10.730257609160617, 9.383206979371607), 'latlon': (42.30008683333333, -71.09987271666667), 'heading': 48.7, 'depth': 1.0, 'altitude': 10.0, 'roll': 0.0, 'pitch': 0.0, 'last_fix_time': datetime.datetime(2021, 7, 28, 22, 6, 58), 'speed': None, 'rudder': 0, 'datum': (42.3, -71.1)}
2021-07-28 23:07:01,222 [INFO] Processing: $BFNVG,220659.23,4218.005309,N,07105.992217,W,0,10.0,1.0,48.7,0.0,0.0,220659.23*62
2021-07-28 23:07:01,224 [INFO] Interpreted as: {'position': (10.935365052369889, 9.561476160772145), 'latlon': (42.30008848333333, -71.09987028333333), 'heading': 48.7, 'depth': 1.0, 'altitude': 10.0, 'roll': 0.0, 'pitch': 0.0, 'last_fix_time': datetime.datetime(2021, 7, 28, 22, 6, 59), 'speed': None, 'rudder': 0, 'datum': (42.3, -71.1)}
2021-07-28 23:07:01,225 [INFO] Processing: $BFNVG,220659.59,4218.005408,N,07105.992073,W,0,10.0,1.0,48.7,0.0,0.0,220659.59*64
2021-07-28 23:07:01,227 [INFO] Interpreted as: {'position': (11.13772472954588, 9.739813150838017), 'latlon': (42.300090133333335, -71.09986788333333), 'heading': 48.7, 'depth': 1.0, 'altitude': 10.0, 'roll': 0.0, 'pitch': 0.0, 'last_fix_time': datetime.datetime(2021, 7, 28, 22, 6, 59), 'speed': None, 'rudder': 0, 'datum': (42.3, -71.1)}
2021-07-28 23:07:01,228 [INFO] Processing: $BFNVG,220659.95,4218.005511,N,07105.991923,W,0,10.0,1.0,48.7,0.0,0.0,220659.95*62
2021-07-28 23:07:01,230 [INFO] Interpreted as: {'position': (11.348510340205394, 9.925349519588053), 'latlon': (42.30009185, -71.09986538333334), 'heading': 48.7, 'depth': 1.0, 'altitude': 10.0, 'roll': 0.0, 'pitch': 0.0, 'last_fix_time': datetime.datetime(2021, 7, 28, 22, 6, 59), 'speed': None, 'rudder': 0, 'datum': (42.3, -71.1)}
2021-07-28 23:07:01,231 [INFO] Received from Frontseat: [b'$BFNVG,220658.88,4218.005210,N,07105.992363,W,0,10.0,1.0,48.7,0.0,0.0,220658.88*69', b'$BFNVG,220659.23,4218.005309,N,07105.992217,W,0,10.0,1.0,48.7,0.0,0.0,220659.23*62', b'$BFNVG,220659.59,4218.005408,N,07105.992073,W,0,10.0,1.0,48.7,0.0,0.0,220659.59*64', b'$BFNVG,220659.95,4218.005511,N,07105.991923,W,0,10.0,1.0,48.7,0.0,0.0,220659.95*62']
2021-07-28 23:07:01,232 [INFO] AUV state: {'position': (11.348510340205394, 9.925349519588053), 'latlon': (42.30009185, -71.09986538333334), 'heading': 48.7, 'depth': 1.0, 'altitude': 10.0, 'roll': 0.0, 'pitch': 0.0, 'last_fix_time': datetime.datetime(2021, 7, 28, 22, 6, 59), 'speed': None, 'rudder': 0, 'datum': (42.3, -71.1)}
2021-07-28 23:07:01,746 [INFO] **** [] [(-3.387525638309475, 12.328230749223678), (-14.796266093104496, 0.8060890967747822), (29.392789348646247, -18.488312592974935), (-29.508013595871326, 8.216163768161302), (-28.27388793775525, 19.53818022626698), (30.350358830342813, 12.036384376425287), (-5.2364206399599365, -7.995730934949371), (-25.336687036956246, 4.566839203872392), (19.230896387936003, -1.8006235450676036), (13.779210410745536, 21.265314277743844), (-19.19528276959163, -5.402529185768139), (-25.37924628460288, 10.501262798660541), (-0.8465942536219523, -9.610393997945563), (17.89044355200952, -6.856442406722043), (10.855606205235869, 21.546482718557396), (-22.520126897081276, 2.0353952871921925), (-23.053422919505778, 4.595925325079755), (-1.1377559178533092, -7.22242157334792)]
2021-07-28 23:07:01,747 [INFO] Next green buoy: [], next red buoy: [(-3.387525638309475, 12.328230749223678), (-14.796266093104496, 0.8060890967747822), (29.392789348646247, -18.488312592974935), (-29.508013595871326, 8.216163768161302), (-28.27388793775525, 19.53818022626698), (30.350358830342813, 12.036384376425287), (-5.2364206399599365, -7.995730934949371), (-25.336687036956246, 4.566839203872392), (19.230896387936003, -1.8006235450676036), (13.779210410745536, 21.265314277743844), (-19.19528276959163, -5.402529185768139), (-25.37924628460288, 10.501262798660541), (-0.8465942536219523, -9.610393997945563), (17.89044355200952, -6.856442406722043), (10.855606205235869, 21.546482718557396), (-22.520126897081276, 2.0353952871921925), (-23.053422919505778, 4.595925325079755), (-1.1377559178533092, -7.22242157334792)]
2021-07-28 23:07:01,747 [INFO] Desired_heading: 45.312474361690526
2021-07-28 23:07:01,747 [INFO] delta angle: -3.676573271110101
2021-07-28 23:07:01,748 [INFO] sending message $BPRMB,220659.89,3.676573271110101,1,0,750,0,1*5b
...
2021-07-28 23:07:02,749 [INFO] sending message $BPSTS,220702.74,1,BWSI Autonomy OK*42
...
2021-07-28 23:07:02,750 [INFO] Processing: $BFNVG,220700.31,4218.005613,N,07105.991773,W,0,10.0,1.0,48.7,0.0,0.0,220700.31*68
2021-07-28 23:07:02,752 [INFO] Interpreted as: {'position': (11.559250270598568, 10.109035198576748), 'latlon': (42.30009355, -71.09986288333333), 'heading': 48.7, 'depth': 1.0, 'altitude': 10.0, 'roll': 0.0, 'pitch': 0.0, 'last_fix_time': datetime.datetime(2021, 7, 28, 22, 7), 'speed': None, 'rudder': 0, 'datum': (42.3, -71.1)}
2021-07-28 23:07:02,753 [INFO] Processing: $BFNVG,220700.67,4218.005714,N,07105.991626,W,0,10.0,1.0,48.7,0.0,0.0,220700.67*6F
2021-07-28 23:07:02,755 [INFO] Interpreted as: {'position': (11.765822887711693, 10.290971893817186), 'latlon': (42.30009523333333, -71.09986043333333), 'heading': 48.7, 'depth': 1.0, 'altitude': 10.0, 'roll': 0.0, 'pitch': 0.0, 'last_fix_time': datetime.datetime(2021, 7, 28, 22, 7), 'speed': None, 'rudder': 0, 'datum': (42.3, -71.1)}
2021-07-28 23:07:02,756 [INFO] Processing: $BFNVG,220701.02,4218.005814,N,07105.991481,W,0,10.0,1.0,48.7,0.0,0.0,220701.02*6F
2021-07-28 23:07:02,757 [INFO] Interpreted as: {'position': (11.969602069701068, 10.47112570144236), 'latlon': (42.3000969, -71.09985801666667), 'heading': 48.7, 'depth': 1.0, 'altitude': 10.0, 'roll': 0.0, 'pitch': 0.0, 'last_fix_time': datetime.datetime(2021, 7, 28, 22, 7, 1), 'speed': None, 'rudder': 0, 'datum': (42.3, -71.1)}
2021-07-28 23:07:02,758 [INFO] Processing: $BFNVG,220701.37,4218.005913,N,07105.991335,W,0,10.0,1.0,48.7,0.0,0.0,220701.37*61
2021-07-28 23:07:02,760 [INFO] Interpreted as: {'position': (12.174709449987859, 10.649394917301834), 'latlon': (42.30009855, -71.09985558333334), 'heading': 48.7, 'depth': 1.0, 'altitude': 10.0, 'roll': 0.0, 'pitch': 0.0, 'last_fix_time': datetime.datetime(2021, 7, 28, 22, 7, 1), 'speed': None, 'rudder': 0, 'datum': (42.3, -71.1)}
2021-07-28 23:07:02,761 [INFO] Processing: $BFNVG,220701.72,4218.006012,N,07105.991190,W,0,10.0,1.0,48.7,0.0,0.0,220701.72*67
2021-07-28 23:07:02,763 [INFO] Interpreted as: {'position': (12.378442944260314, 10.827698040753603), 'latlon': (42.3001002, -71.09985316666666), 'heading': 48.7, 'depth': 1.0, 'altitude': 10.0, 'roll': 0.0, 'pitch': 0.0, 'last_fix_time': datetime.datetime(2021, 7, 28, 22, 7, 1), 'speed': None, 'rudder': 0, 'datum': (42.3, -71.1)}
2021-07-28 23:07:02,763 [INFO] Received from Frontseat: [b'$BFNVG,220700.31,4218.005613,N,07105.991773,W,0,10.0,1.0,48.7,0.0,0.0,220700.31*68', b'$BFNVG,220700.67,4218.005714,N,07105.991626,W,0,10.0,1.0,48.7,0.0,0.0,220700.67*6F', b'$BFNVG,220701.02,4218.005814,N,07105.991481,W,0,10.0,1.0,48.7,0.0,0.0,220701.02*6F', b'$BFNVG,220701.37,4218.005913,N,07105.991335,W,0,10.0,1.0,48.7,0.0,0.0,220701.37*61', b'$BFNVG,220701.72,4218.006012,N,07105.991190,W,0,10.0,1.0,48.7,0.0,0.0,220701.72*67']
2021-07-28 23:07:02,764 [INFO] AUV state: {'position': (12.378442944260314, 10.827698040753603), 'latlon': (42.3001002, -71.09985316666666), 'heading': 48.7, 'depth': 1.0, 'altitude': 10.0, 'roll': 0.0, 'pitch': 0.0, 'last_fix_time': datetime.datetime(2021, 7, 28, 22, 7, 1), 'speed': None, 'rudder': 0, 'datum': (42.3, -71.1)}
2021-07-28 23:07:03,273 [INFO] **** [] [(-0.34313740155032285, 10.015440458007731), (-14.231460063197117, 0.5705151914257436), (30.03971324201672, 11.465228012129032), (29.31313291355849, -18.435263436297966), (-28.15651760810861, 19.61083904211795), (-29.533505557294678, 8.529333592696176), (-25.39894737570919, 4.716367483398761), (-5.114373285335615, -7.865383398272231), (-16.11762079012418, 23.845495053988284), (13.821393489699807, 21.47572075054482), (-25.351948183834885, 10.496500357752096), (17.9122508337672, -6.859494599322074), (-19.198907316454065, -5.4052144556685375), (10.84610608996961, 21.452640112177125)]
2021-07-28 23:07:03,275 [INFO] Next green buoy: [], next red buoy: [(-0.34313740155032285, 10.015440458007731), (-14.231460063197117, 0.5705151914257436), (30.03971324201672, 11.465228012129032), (29.31313291355849, -18.435263436297966), (-28.15651760810861, 19.61083904211795), (-29.533505557294678, 8.529333592696176), (-25.39894737570919, 4.716367483398761), (-5.114373285335615, -7.865383398272231), (-16.11762079012418, 23.845495053988284), (13.821393489699807, 21.47572075054482), (-25.351948183834885, 10.496500357752096), (17.9122508337672, -6.859494599322074), (-19.198907316454065, -5.4052144556685375), (10.84610608996961, 21.452640112177125)]
2021-07-28 23:07:03,275 [INFO] Desired_heading: 48.35686259844968
2021-07-28 23:07:03,275 [INFO] delta angle: -0.21009951977333685
2021-07-28 23:07:03,276 [INFO] sending message $BPRMB,220705.60,0.21009951977333685,1,0,750,0,1*53
...
2021-07-28 23:07:04,277 [INFO] sending message $BPSTS,220704.27,1,BWSI Autonomy OK*42
...
2021-07-28 23:07:04,278 [INFO] Processing: $BFNVG,220702.07,4218.006112,N,07105.991045,W,0,10.0,1.0,48.7,0.0,0.0,220702.07*6F
2021-07-28 23:07:04,281 [INFO] Interpreted as: {'position': (12.582222093013115, 11.007851867936552), 'latlon': (42.300101866666665, -71.09985075), 'heading': 48.7, 'depth': 1.0, 'altitude': 10.0, 'roll': 0.0, 'pitch': 0.0, 'last_fix_time': datetime.datetime(2021, 7, 28, 22, 7, 2), 'speed': None, 'rudder': 0, 'datum': (42.3, -71.1)}
2021-07-28 23:07:04,283 [INFO] Processing: $BFNVG,220702.46,4218.006220,N,07105.990888,W,0,10.0,1.0,48.5,0.0,0.0,220702.46*67
2021-07-28 23:07:04,285 [INFO] Interpreted as: {'position': (12.802853114902973, 11.202404445037246), 'latlon': (42.300103666666665, -71.09984813333334), 'heading': 48.5, 'depth': 1.0, 'altitude': 10.0, 'roll': 0.0, 'pitch': 0.0, 'last_fix_time': datetime.datetime(2021, 7, 28, 22, 7, 2), 'speed': None, 'rudder': 0, 'datum': (42.3, -71.1)}
2021-07-28 23:07:04,287 [INFO] Processing: $BFNVG,220702.82,4218.006323,N,07105.990740,W,0,10.0,1.0,48.2,0.0,0.0,220702.82*69
2021-07-28 23:07:04,289 [INFO] Interpreted as: {'position': (13.010890885198023, 11.388008666224778), 'latlon': (42.30010538333333, -71.09984566666667), 'heading': 48.2, 'depth': 1.0, 'altitude': 10.0, 'roll': 0.0, 'pitch': 0.0, 'last_fix_time': datetime.datetime(2021, 7, 28, 22, 7, 2), 'speed': None, 'rudder': 0, 'datum': (42.3, -71.1)}
2021-07-28 23:07:04,291 [INFO] Processing: $BFNVG,220703.17,4218.006424,N,07105.990595,W,0,10.0,1.0,48.0,0.0,0.0,220703.17*61
2021-07-28 23:07:04,294 [INFO] Interpreted as: {'position': (13.214715672540478, 11.570013208314776), 'latlon': (42.30010706666667, -71.09984325), 'heading': 48.0, 'depth': 1.0, 'altitude': 10.0, 'roll': 0.0, 'pitch': 0.0, 'last_fix_time': datetime.datetime(2021, 7, 28, 22, 7, 3), 'speed': None, 'rudder': 0, 'datum': (42.3, -71.1)}
2021-07-28 23:07:04,296 [INFO] Received from Frontseat: [b'$BFNVG,220702.07,4218.006112,N,07105.991045,W,0,10.0,1.0,48.7,0.0,0.0,220702.07*6F', b'$BFNVG,220702.46,4218.006220,N,07105.990888,W,0,10.0,1.0,48.5,0.0,0.0,220702.46*67', b'$BFNVG,220702.82,4218.006323,N,07105.990740,W,0,10.0,1.0,48.2,0.0,0.0,220702.82*69', b'$BFNVG,220703.17,4218.006424,N,07105.990595,W,0,10.0,1.0,48.0,0.0,0.0,220703.17*61']
2021-07-28 23:07:04,297 [INFO] AUV state: {'position': (13.214715672540478, 11.570013208314776), 'latlon': (42.30010706666667, -71.09984325), 'heading': 48.0, 'depth': 1.0, 'altitude': 10.0, 'roll': 0.0, 'pitch': 0.0, 'last_fix_time': datetime.datetime(2021, 7, 28, 22, 7, 3), 'speed': None, 'rudder': 0, 'datum': (42.3, -71.1)}
2021-07-28 23:07:04,840 [INFO] **** [] [(0.09752757428439982, 9.625596297637788), (-14.137654159023308, 0.4943822526576959), (29.97511960385576, 11.244982484785186), (29.292619508798772, -18.402965200107015), (-28.304074176150767, 19.512892005196427), (-29.48270178604152, 8.636648743008493), (-25.41962075760683, 4.617330180755236), (-5.032687537854702, -7.894283833137183), (-15.96587057553339, 23.794000328183888), (13.795470360514873, 21.38181392672412), (-25.37355563726098, 10.501262798660541), (10.87540015162427, 21.5938967789809), (17.909461829379865, -6.867444312648343), (-19.216855099415163, -5.417873264226575), (-22.302157140262356, 6.015663286819322), (-22.477526919243925, 2.2205126206460934)]
2021-07-28 23:07:04,841 [INFO] Next green buoy: [], next red buoy: [(0.09752757428439982, 9.625596297637788), (-14.137654159023308, 0.4943822526576959), (29.97511960385576, 11.244982484785186), (29.292619508798772, -18.402965200107015), (-28.304074176150767, 19.512892005196427), (-29.48270178604152, 8.636648743008493), (-25.41962075760683, 4.617330180755236), (-5.032687537854702, -7.894283833137183), (-15.96587057553339, 23.794000328183888), (13.795470360514873, 21.38181392672412), (-25.37355563726098, 10.501262798660541), (10.87540015162427, 21.5938967789809), (17.909461829379865, -6.867444312648343), (-19.216855099415163, -5.417873264226575), (-22.302157140262356, 6.015663286819322), (-22.477526919243925, 2.2205126206460934)]
2021-07-28 23:07:04,842 [INFO] Desired_heading: 48.0975275742844
2021-07-28 23:07:04,843 [INFO] delta angle: 0.04360128262520292
2021-07-28 23:07:04,843 [INFO] sending message $BPRMB,220702.94,-0.04360128262520292,1,0,750,0,1*76
...
2021-07-28 23:07:05,845 [INFO] sending message $BPSTS,220705.84,1,BWSI Autonomy OK*4a
...
2021-07-28 23:07:05,847 [INFO] Processing: $BFNVG,220703.54,4218.006529,N,07105.990447,W,0,10.0,1.0,47.7,0.0,0.0,220703.54*6B
2021-07-28 23:07:05,850 [INFO] Interpreted as: {'position': (13.422844756394625, 11.759318835102022), 'latlon': (42.300108816666665, -71.09984078333333), 'heading': 47.7, 'depth': 1.0, 'altitude': 10.0, 'roll': 0.0, 'pitch': 0.0, 'last_fix_time': datetime.datetime(2021, 7, 28, 22, 7, 3), 'speed': None, 'rudder': 0, 'datum': (42.3, -71.1)}
2021-07-28 23:07:05,852 [INFO] Processing: $BFNVG,220703.89,4218.006630,N,07105.990304,W,0,10.0,1.0,47.7,0.0,0.0,220703.89*60
2021-07-28 23:07:05,854 [INFO] Interpreted as: {'position': (13.62392176972935, 11.941391193307936), 'latlon': (42.3001105, -71.0998384), 'heading': 47.7, 'depth': 1.0, 'altitude': 10.0, 'roll': 0.0, 'pitch': 0.0, 'last_fix_time': datetime.datetime(2021, 7, 28, 22, 7, 3), 'speed': None, 'rudder': 0, 'datum': (42.3, -71.1)}
2021-07-28 23:07:05,856 [INFO] Processing: $BFNVG,220704.24,4218.006731,N,07105.990161,W,0,10.0,1.0,47.7,0.0,0.0,220704.24*61
2021-07-28 23:07:05,859 [INFO] Interpreted as: {'position': (13.82499876851216, 12.123463555239141), 'latlon': (42.30011218333333, -71.09983601666667), 'heading': 47.7, 'depth': 1.0, 'altitude': 10.0, 'roll': 0.0, 'pitch': 0.0, 'last_fix_time': datetime.datetime(2021, 7, 28, 22, 7, 4), 'speed': None, 'rudder': 0, 'datum': (42.3, -71.1)}
2021-07-28 23:07:05,861 [INFO] Processing: $BFNVG,220704.59,4218.006833,N,07105.990017,W,0,10.0,1.0,47.7,0.0,0.0,220704.59*6C
2021-07-28 23:07:05,864 [INFO] Interpreted as: {'position': (14.027495304821059, 12.307352718897164), 'latlon': (42.30011388333333, -71.09983361666667), 'heading': 47.7, 'depth': 1.0, 'altitude': 10.0, 'roll': 0.0, 'pitch': 0.0, 'last_fix_time': datetime.datetime(2021, 7, 28, 22, 7, 4), 'speed': None, 'rudder': 0, 'datum': (42.3, -71.1)}
2021-07-28 23:07:05,865 [INFO] Received from Frontseat: [b'$BFNVG,220703.54,4218.006529,N,07105.990447,W,0,10.0,1.0,47.7,0.0,0.0,220703.54*6B', b'$BFNVG,220703.89,4218.006630,N,07105.990304,W,0,10.0,1.0,47.7,0.0,0.0,220703.89*60', b'$BFNVG,220704.24,4218.006731,N,07105.990161,W,0,10.0,1.0,47.7,0.0,0.0,220704.24*61', b'$BFNVG,220704.59,4218.006833,N,07105.990017,W,0,10.0,1.0,47.7,0.0,0.0,220704.59*6C']
2021-07-28 23:07:05,867 [INFO] AUV state: {'position': (14.027495304821059, 12.307352718897164), 'latlon': (42.30011388333333, -71.09983361666667), 'heading': 47.7, 'depth': 1.0, 'altitude': 10.0, 'roll': 0.0, 'pitch': 0.0, 'last_fix_time': datetime.datetime(2021, 7, 28, 22, 7, 4), 'speed': None, 'rudder': 0, 'datum': (42.3, -71.1)}
2021-07-28 23:07:06,408 [INFO] **** [] [(-0.6226499690436417, 10.6567983086196), (-14.549361728528751, 0.5908960687911411), (29.297723235485485, -18.399340194032117), (-29.460953114896625, 8.263929421287504), (30.176847700558014, 12.312092936310982), (-28.273099894701094, 19.53565263419881), (-5.330094678709348, -8.360953071993487), (-25.33434549762725, 4.5757354760812206), (-0.9706101925420976, -9.72404744855338), (13.791585129896307, 21.38181392672412), (-19.16410507778188, -5.404677403593334), (30.609904105535065, 1.679284235018853), (1.0777867302719717, -12.049699860738427), (-25.41386887603064, 10.517559818976085), (17.935948316500063, -6.867390307339655), (10.858023500077973, 21.56950662623482), (-22.51122653992087, 2.3209857140284336), (2.963134515345937, -12.719245663855775), (-20.763753083812187, 24.16345184523792), (-1.2400631141124827, -7.358666793480416)]
2021-07-28 23:07:06,409 [INFO] Next green buoy: [], next red buoy: [(-0.6226499690436417, 10.6567983086196), (-14.549361728528751, 0.5908960687911411), (29.297723235485485, -18.399340194032117), (-29.460953114896625, 8.263929421287504), (30.176847700558014, 12.312092936310982), (-28.273099894701094, 19.53565263419881), (-5.330094678709348, -8.360953071993487), (-25.33434549762725, 4.5757354760812206), (-0.9706101925420976, -9.72404744855338), (13.791585129896307, 21.38181392672412), (-19.16410507778188, -5.404677403593334), (30.609904105535065, 1.679284235018853), (1.0777867302719717, -12.049699860738427), (-25.41386887603064, 10.517559818976085), (17.935948316500063, -6.867390307339655), (10.858023500077973, 21.56950662623482), (-22.51122653992087, 2.3209857140284336), (2.963134515345937, -12.719245663855775), (-20.763753083812187, 24.16345184523792), (-1.2400631141124827, -7.358666793480416)]
2021-07-28 23:07:06,410 [INFO] Desired_heading: 47.07735003095636
2021-07-28 23:07:06,411 [INFO] delta angle: -0.44248132968380105
2021-07-28 23:07:06,411 [INFO] sending message $BPRMB,220708.74,0.44248132968380105,1,0,750,0,1*5b
...
