2021-07-28 23:11:34,698 [INFO] host = 192.168.1.213, port = 29500
2021-07-28 23:11:39,013 [INFO] sending message $BPLOG,ACK,ON*1e
...
2021-07-28 23:11:39,013 [INFO] sending message $BPLOG,ALL,ON*16
...
2021-07-28 23:11:39,014 [INFO] sending message $BPSTS,221139.01,1,BWSI Autonomy OK*4f
...
2021-07-28 23:11:39,015 [INFO] Received from Frontseat: []
2021-07-28 23:11:39,016 [INFO] AUV state: {'position': (None, None), 'latlon': None, 'heading': None, 'depth': None, 'altitude': None, 'roll': None, 'pitch': None, 'last_fix_time': None, 'speed': None, 'rudder': 0}
2021-07-28 23:11:40,017 [INFO] sending message $BPSTS,221140.01,1,BWSI Autonomy OK*41
...
2021-07-28 23:11:40,019 [INFO] Processing: $BFNVG,221136.65,4218.000000,N,07106.000000,W,0,10.0,1.0,45.0,0.0,0.0,221136.65*62
2021-07-28 23:11:40,024 [INFO] Interpreted as: {'position': (0, 0), 'latlon': (42.3, -71.1), 'heading': 45.0, 'depth': 1.0, 'altitude': 10.0, 'roll': 0.0, 'pitch': 0.0, 'last_fix_time': datetime.datetime(2021, 7, 28, 22, 11, 36), 'speed': None, 'rudder': 0, 'datum': (42.3, -71.1)}
2021-07-28 23:11:40,026 [INFO] Processing: $BFNVG,221136.90,4218.000000,N,07106.000000,W,0,10.0,1.0,45.0,0.0,0.0,221136.90*62
2021-07-28 23:11:40,028 [INFO] Interpreted as: {'position': (0.0, 0.0), 'latlon': (42.3, -71.1), 'heading': 45.0, 'depth': 1.0, 'altitude': 10.0, 'roll': 0.0, 'pitch': 0.0, 'last_fix_time': datetime.datetime(2021, 7, 28, 22, 11, 36), 'speed': None, 'rudder': 0, 'datum': (42.3, -71.1)}
2021-07-28 23:11:40,030 [INFO] Processing: $BFNVG,221137.15,4218.000000,N,07106.000000,W,0,10.0,1.0,45.0,0.0,0.0,221137.15*62
2021-07-28 23:11:40,032 [INFO] Interpreted as: {'position': (0.0, 0.0), 'latlon': (42.3, -71.1), 'heading': 45.0, 'depth': 1.0, 'altitude': 10.0, 'roll': 0.0, 'pitch': 0.0, 'last_fix_time': datetime.datetime(2021, 7, 28, 22, 11, 37), 'speed': None, 'rudder': 0, 'datum': (42.3, -71.1)}
2021-07-28 23:11:40,033 [INFO] Processing: $BFNVG,221137.40,4218.000000,N,07106.000000,W,0,10.0,1.0,45.0,0.0,0.0,221137.40*62
2021-07-28 23:11:40,035 [INFO] Interpreted as: {'position': (0.0, 0.0), 'latlon': (42.3, -71.1), 'heading': 45.0, 'depth': 1.0, 'altitude': 10.0, 'roll': 0.0, 'pitch': 0.0, 'last_fix_time': datetime.datetime(2021, 7, 28, 22, 11, 37), 'speed': None, 'rudder': 0, 'datum': (42.3, -71.1)}
2021-07-28 23:11:40,035 [INFO] Processing: $BFNVG,221137.65,4218.000000,N,07106.000000,W,0,10.0,1.0,45.0,0.0,0.0,221137.65*62
2021-07-28 23:11:40,038 [INFO] Interpreted as: {'position': (0.0, 0.0), 'latlon': (42.3, -71.1), 'heading': 45.0, 'depth': 1.0, 'altitude': 10.0, 'roll': 0.0, 'pitch': 0.0, 'last_fix_time': datetime.datetime(2021, 7, 28, 22, 11, 37), 'speed': None, 'rudder': 0, 'datum': (42.3, -71.1)}
2021-07-28 23:11:40,039 [INFO] Processing: $BFNVG,221137.90,4218.000000,N,07106.000000,W,0,10.0,1.0,45.0,0.0,0.0,221137.90*62
2021-07-28 23:11:40,041 [INFO] Interpreted as: {'position': (0.0, 0.0), 'latlon': (42.3, -71.1), 'heading': 45.0, 'depth': 1.0, 'altitude': 10.0, 'roll': 0.0, 'pitch': 0.0, 'last_fix_time': datetime.datetime(2021, 7, 28, 22, 11, 37), 'speed': None, 'rudder': 0, 'datum': (42.3, -71.1)}
2021-07-28 23:11:40,042 [INFO] Processing: $BFNVG,221138.15,4218.000000,N,07106.000000,W,0,10.0,1.0,45.0,0.0,0.0,221138.15*62
2021-07-28 23:11:40,044 [INFO] Interpreted as: {'position': (0.0, 0.0), 'latlon': (42.3, -71.1), 'heading': 45.0, 'depth': 1.0, 'altitude': 10.0, 'roll': 0.0, 'pitch': 0.0, 'last_fix_time': datetime.datetime(2021, 7, 28, 22, 11, 38), 'speed': None, 'rudder': 0, 'datum': (42.3, -71.1)}
2021-07-28 23:11:40,045 [INFO] Processing: $BFNVG,221138.40,4218.000000,N,07106.000000,W,0,10.0,1.0,45.0,0.0,0.0,221138.40*62
2021-07-28 23:11:40,046 [INFO] Interpreted as: {'position': (0.0, 0.0), 'latlon': (42.3, -71.1), 'heading': 45.0, 'depth': 1.0, 'altitude': 10.0, 'roll': 0.0, 'pitch': 0.0, 'last_fix_time': datetime.datetime(2021, 7, 28, 22, 11, 38), 'speed': None, 'rudder': 0, 'datum': (42.3, -71.1)}
2021-07-28 23:11:40,047 [INFO] Processing: $BFNVG,221138.66,4218.000000,N,07106.000000,W,0,10.0,1.0,45.0,0.0,0.0,221138.66*62
2021-07-28 23:11:40,049 [INFO] Interpreted as: {'position': (0.0, 0.0), 'latlon': (42.3, -71.1), 'heading': 45.0, 'depth': 1.0, 'altitude': 10.0, 'roll': 0.0, 'pitch': 0.0, 'last_fix_time': datetime.datetime(2021, 7, 28, 22, 11, 38), 'speed': None, 'rudder': 0, 'datum': (42.3, -71.1)}
2021-07-28 23:11:40,050 [INFO] Processing: $BFNVG,221138.91,4218.000000,N,07106.000000,W,0,10.0,1.0,45.0,0.0,0.0,221138.91*62
2021-07-28 23:11:40,052 [INFO] Interpreted as: {'position': (0.0, 0.0), 'latlon': (42.3, -71.1), 'heading': 45.0, 'depth': 1.0, 'altitude': 10.0, 'roll': 0.0, 'pitch': 0.0, 'last_fix_time': datetime.datetime(2021, 7, 28, 22, 11, 38), 'speed': None, 'rudder': 0, 'datum': (42.3, -71.1)}
2021-07-28 23:11:40,053 [INFO] Processing: $BFNVG,221139.16,4218.000000,N,07106.000000,W,0,10.0,1.0,45.0,0.0,0.0,221139.16*62
2021-07-28 23:11:40,058 [INFO] Interpreted as: {'position': (0.0, 0.0), 'latlon': (42.3, -71.1), 'heading': 45.0, 'depth': 1.0, 'altitude': 10.0, 'roll': 0.0, 'pitch': 0.0, 'last_fix_time': datetime.datetime(2021, 7, 28, 22, 11, 39), 'speed': None, 'rudder': 0, 'datum': (42.3, -71.1)}
2021-07-28 23:11:40,059 [INFO] Received from Frontseat: [b'$BFNVG,221136.65,4218.000000,N,07106.000000,W,0,10.0,1.0,45.0,0.0,0.0,221136.65*62', b'$BFNVG,221136.90,4218.000000,N,07106.000000,W,0,10.0,1.0,45.0,0.0,0.0,221136.90*62', b'$BFNVG,221137.15,4218.000000,N,07106.000000,W,0,10.0,1.0,45.0,0.0,0.0,221137.15*62', b'$BFNVG,221137.40,4218.000000,N,07106.000000,W,0,10.0,1.0,45.0,0.0,0.0,221137.40*62', b'$BFNVG,221137.65,4218.000000,N,07106.000000,W,0,10.0,1.0,45.0,0.0,0.0,221137.65*62', b'$BFNVG,221137.90,4218.000000,N,07106.000000,W,0,10.0,1.0,45.0,0.0,0.0,221137.90*62', b'$BFNVG,221138.15,4218.000000,N,07106.000000,W,0,10.0,1.0,45.0,0.0,0.0,221138.15*62', b'$BFNVG,221138.40,4218.000000,N,07106.000000,W,0,10.0,1.0,45.0,0.0,0.0,221138.40*62', b'$BFNVG,221138.66,4218.000000,N,07106.000000,W,0,10.0,1.0,45.0,0.0,0.0,221138.66*62', b'$BFNVG,221138.91,4218.000000,N,07106.000000,W,0,10.0,1.0,45.0,0.0,0.0,221138.91*62', b'$BFNVG,221139.16,4218.000000,N,07106.000000,W,0,10.0,1.0,45.0,0.0,0.0,221139.16*62']
2021-07-28 23:11:40,059 [INFO] AUV state: {'position': (0.0, 0.0), 'latlon': (42.3, -71.1), 'heading': 45.0, 'depth': 1.0, 'altitude': 10.0, 'roll': 0.0, 'pitch': 0.0, 'last_fix_time': datetime.datetime(2021, 7, 28, 22, 11, 39), 'speed': None, 'rudder': 0, 'datum': (42.3, -71.1)}
2021-07-28 23:11:40,594 [INFO] **** [] [(3.252327952666482, 10.944257268347071), (-14.875940900395648, -2.045909388514249), (29.181538552735788, -18.26089004463132), (30.05579380606859, 12.222916506235206), (-28.13292426108146, 19.508793116252203), (-19.02068747849495, -5.191098719470674), (-13.117338635416393, -6.508851552639223)]
2021-07-28 23:11:40,595 [INFO] Next green buoy: [], next red buoy: [(3.252327952666482, 10.944257268347071), (-14.875940900395648, -2.045909388514249), (29.181538552735788, -18.26089004463132), (30.05579380606859, 12.222916506235206), (-28.13292426108146, 19.508793116252203), (-19.02068747849495, -5.191098719470674), (-13.117338635416393, -6.508851552639223)]
2021-07-28 23:11:40,596 [INFO] Desired_heading: 48.252327952666484
2021-07-28 23:11:40,596 [INFO] delta angle: 3.4940804617780423
2021-07-28 23:11:40,597 [INFO] sending message $BPRMB,221138.72,-3.4940804617780423,1,0,750,0,1*4e
...
2021-07-28 23:11:41,599 [INFO] sending message $BPSTS,221141.59,1,BWSI Autonomy OK*4d
...
2021-07-28 23:11:41,600 [INFO] Processing: $BFNVG,221139.59,4218.000000,N,07106.000000,W,0,10.0,1.0,45.0,0.0,0.0,221139.59*62
2021-07-28 23:11:41,602 [INFO] Interpreted as: {'position': (0.0, 0.0), 'latlon': (42.3, -71.1), 'heading': 45.0, 'depth': 1.0, 'altitude': 10.0, 'roll': 0.0, 'pitch': 0.0, 'last_fix_time': datetime.datetime(2021, 7, 28, 22, 11, 39), 'speed': None, 'rudder': 0, 'datum': (42.3, -71.1)}
2021-07-28 23:11:41,604 [INFO] Processing: $BFNVG,221139.95,4218.000000,N,07106.000000,W,0,10.0,1.0,45.0,0.0,0.0,221139.95*62
2021-07-28 23:11:41,606 [INFO] Interpreted as: {'position': (0.0, 0.0), 'latlon': (42.3, -71.1), 'heading': 45.0, 'depth': 1.0, 'altitude': 10.0, 'roll': 0.0, 'pitch': 0.0, 'last_fix_time': datetime.datetime(2021, 7, 28, 22, 11, 39), 'speed': None, 'rudder': 0, 'datum': (42.3, -71.1)}
2021-07-28 23:11:41,607 [INFO] Processing: $BFNVG,221140.31,4218.000000,N,07106.000000,W,0,10.0,1.0,45.0,0.0,0.0,221140.31*62
2021-07-28 23:11:41,609 [INFO] Interpreted as: {'position': (0.0, 0.0), 'latlon': (42.3, -71.1), 'heading': 45.0, 'depth': 1.0, 'altitude': 10.0, 'roll': 0.0, 'pitch': 0.0, 'last_fix_time': datetime.datetime(2021, 7, 28, 22, 11, 40), 'speed': None, 'rudder': 0, 'datum': (42.3, -71.1)}
2021-07-28 23:11:41,610 [INFO] Received from Frontseat: [b'$BFNVG,221139.59,4218.000000,N,07106.000000,W,0,10.0,1.0,45.0,0.0,0.0,221139.59*62', b'$BFNVG,221139.95,4218.000000,N,07106.000000,W,0,10.0,1.0,45.0,0.0,0.0,221139.95*62', b'$BFNVG,221140.31,4218.000000,N,07106.000000,W,0,10.0,1.0,45.0,0.0,0.0,221140.31*62']
2021-07-28 23:11:41,611 [INFO] AUV state: {'position': (0.0, 0.0), 'latlon': (42.3, -71.1), 'heading': 45.0, 'depth': 1.0, 'altitude': 10.0, 'roll': 0.0, 'pitch': 0.0, 'last_fix_time': datetime.datetime(2021, 7, 28, 22, 11, 40), 'speed': None, 'rudder': 0, 'datum': (42.3, -71.1)}
2021-07-28 23:11:42,149 [INFO] **** [] [(-1.432788516718135, 12.217409889704788), (-15.227235196691117, -2.2203799028155524), (29.813553746039418, 10.84775317892586), (29.112340478937806, -18.05273140292141), (-13.086497678092472, -6.592281562604335), (28.911985896167923, 23.053422919505778)]
2021-07-28 23:11:42,150 [INFO] Next green buoy: [], next red buoy: [(-1.432788516718135, 12.217409889704788), (-15.227235196691117, -2.2203799028155524), (29.813553746039418, 10.84775317892586), (29.112340478937806, -18.05273140292141), (-13.086497678092472, -6.592281562604335), (28.911985896167923, 23.053422919505778)]
2021-07-28 23:11:42,151 [INFO] Desired_heading: 43.567211483281866
2021-07-28 23:11:42,151 [INFO] delta angle: -1.254057939803488
2021-07-28 23:11:42,152 [INFO] sending message $BPRMB,221144.46,1.254057939803488,1,0,750,0,1*5f
...
2021-07-28 23:11:43,154 [INFO] sending message $BPSTS,221143.15,1,BWSI Autonomy OK*47
...
2021-07-28 23:11:43,156 [INFO] Processing: $BFNVG,221140.71,4218.000000,N,07106.000000,W,0,10.0,1.0,45.0,0.0,0.0,221140.71*62
2021-07-28 23:11:43,158 [INFO] Interpreted as: {'position': (0.0, 0.0), 'latlon': (42.3, -71.1), 'heading': 45.0, 'depth': 1.0, 'altitude': 10.0, 'roll': 0.0, 'pitch': 0.0, 'last_fix_time': datetime.datetime(2021, 7, 28, 22, 11, 40), 'speed': None, 'rudder': 0, 'datum': (42.3, -71.1)}
2021-07-28 23:11:43,160 [INFO] Processing: $BFNVG,221141.06,4218.000107,N,07105.999863,W,0,10.0,1.0,45.2,0.0,0.0,221141.06*61
2021-07-28 23:11:43,163 [INFO] Interpreted as: {'position': (0.19310844386927783, 0.1933796051889658), 'latlon': (42.300001783333336, -71.09999771666666), 'heading': 45.2, 'depth': 1.0, 'altitude': 10.0, 'roll': 0.0, 'pitch': 0.0, 'last_fix_time': datetime.datetime(2021, 7, 28, 22, 11, 41), 'speed': None, 'rudder': 0, 'datum': (42.3, -71.1)}
2021-07-28 23:11:43,164 [INFO] Processing: $BFNVG,221141.41,4218.000213,N,07105.999724,W,0,10.0,1.0,45.5,0.0,0.0,221141.41*6C
2021-07-28 23:11:43,166 [INFO] Interpreted as: {'position': (0.3889189667534083, 0.3848407035693526), 'latlon': (42.30000355, -71.0999954), 'heading': 45.5, 'depth': 1.0, 'altitude': 10.0, 'roll': 0.0, 'pitch': 0.0, 'last_fix_time': datetime.datetime(2021, 7, 28, 22, 11, 41), 'speed': None, 'rudder': 0, 'datum': (42.3, -71.1)}
2021-07-28 23:11:43,167 [INFO] Processing: $BFNVG,221141.77,4218.000321,N,07105.999583,W,0,10.0,1.0,45.7,0.0,0.0,221141.77*61
2021-07-28 23:11:43,169 [INFO] Interpreted as: {'position': (0.5875685822684318, 0.5799353942275047), 'latlon': (42.30000535, -71.09999305), 'heading': 45.7, 'depth': 1.0, 'altitude': 10.0, 'roll': 0.0, 'pitch': 0.0, 'last_fix_time': datetime.datetime(2021, 7, 28, 22, 11, 41), 'speed': None, 'rudder': 0, 'datum': (42.3, -71.1)}
2021-07-28 23:11:43,170 [INFO] Processing: $BFNVG,221142.12,4218.000424,N,07105.999448,W,0,10.0,1.0,45.9,0.0,0.0,221142.12*6B
2021-07-28 23:11:43,173 [INFO] Interpreted as: {'position': (0.7777465495746583, 0.7659800322726369), 'latlon': (42.300007066666666, -71.0999908), 'heading': 45.9, 'depth': 1.0, 'altitude': 10.0, 'roll': 0.0, 'pitch': 0.0, 'last_fix_time': datetime.datetime(2021, 7, 28, 22, 11, 42), 'speed': None, 'rudder': 0, 'datum': (42.3, -71.1)}
2021-07-28 23:11:43,175 [INFO] Received from Frontseat: [b'$BFNVG,221140.71,4218.000000,N,07106.000000,W,0,10.0,1.0,45.0,0.0,0.0,221140.71*62', b'$BFNVG,221141.06,4218.000107,N,07105.999863,W,0,10.0,1.0,45.2,0.0,0.0,221141.06*61', b'$BFNVG,221141.41,4218.000213,N,07105.999724,W,0,10.0,1.0,45.5,0.0,0.0,221141.41*6C', b'$BFNVG,221141.77,4218.000321,N,07105.999583,W,0,10.0,1.0,45.7,0.0,0.0,221141.77*61', b'$BFNVG,221142.12,4218.000424,N,07105.999448,W,0,10.0,1.0,45.9,0.0,0.0,221142.12*6B']
2021-07-28 23:11:43,176 [INFO] AUV state: {'position': (0.7777465495746583, 0.7659800322726369), 'latlon': (42.300007066666666, -71.0999908), 'heading': 45.9, 'depth': 1.0, 'altitude': 10.0, 'roll': 0.0, 'pitch': 0.0, 'last_fix_time': datetime.datetime(2021, 7, 28, 22, 11, 42), 'speed': None, 'rudder': 0, 'datum': (42.3, -71.1)}
2021-07-28 23:11:43,708 [INFO] **** [] [(3.265384453042815, 10.834439409493903), (-14.741681838811944, -1.8416886296585213), (29.76119963548851, 10.916256790003812), (29.09171635102603, -18.082541672900724), (-28.137379763321118, 19.52143845120878), (-19.158625608189237, -5.343447245864793), (-13.161016747294441, -6.52810710549863), (24.435513093684907, -13.62110595486272)]
2021-07-28 23:11:43,709 [INFO] Next green buoy: [], next red buoy: [(3.265384453042815, 10.834439409493903), (-14.741681838811944, -1.8416886296585213), (29.76119963548851, 10.916256790003812), (29.09171635102603, -18.082541672900724), (-28.137379763321118, 19.52143845120878), (-19.158625608189237, -5.343447245864793), (-13.161016747294441, -6.52810710549863), (24.435513093684907, -13.62110595486272)]
2021-07-28 23:11:43,710 [INFO] Desired_heading: 49.16538445304281
2021-07-28 23:11:43,710 [INFO] delta angle: 3.511623024199274
2021-07-28 23:11:43,711 [INFO] sending message $BPRMB,221141.83,-3.511623024199274,1,0,750,0,1*75
...
2021-07-28 23:11:44,713 [INFO] sending message $BPSTS,221144.71,1,BWSI Autonomy OK*42
...
2021-07-28 23:11:44,715 [INFO] Processing: $BFNVG,221142.46,4218.000524,N,07105.999314,W,0,10.0,1.0,46.1,0.0,0.0,221142.46*6F
2021-07-28 23:11:44,717 [INFO] Interpreted as: {'position': (0.9664136117207818, 0.9465064918622375), 'latlon': (42.300008733333335, -71.09998856666667), 'heading': 46.1, 'depth': 1.0, 'altitude': 10.0, 'roll': 0.0, 'pitch': 0.0, 'last_fix_time': datetime.datetime(2021, 7, 28, 22, 11, 42), 'speed': None, 'rudder': 0, 'datum': (42.3, -71.1)}
2021-07-28 23:11:44,720 [INFO] Processing: $BFNVG,221142.80,4218.000625,N,07105.999180,W,0,10.0,1.0,46.1,0.0,0.0,221142.80*62
2021-07-28 23:11:44,722 [INFO] Interpreted as: {'position': (1.1551263361470774, 1.1288836495950818), 'latlon': (42.300010416666666, -71.09998633333333), 'heading': 46.1, 'depth': 1.0, 'altitude': 10.0, 'roll': 0.0, 'pitch': 0.0, 'last_fix_time': datetime.datetime(2021, 7, 28, 22, 11, 42), 'speed': None, 'rudder': 0, 'datum': (42.3, -71.1)}
2021-07-28 23:11:44,723 [INFO] Processing: $BFNVG,221143.14,4218.000726,N,07105.999045,W,0,10.0,1.0,46.0,0.0,0.0,221143.14*69
2021-07-28 23:11:44,726 [INFO] Interpreted as: {'position': (1.3452129303477705, 1.3112269109115005), 'latlon': (42.300012100000004, -71.09998408333334), 'heading': 46.0, 'depth': 1.0, 'altitude': 10.0, 'roll': 0.0, 'pitch': 0.0, 'last_fix_time': datetime.datetime(2021, 7, 28, 22, 11, 43), 'speed': None, 'rudder': 0, 'datum': (42.3, -71.1)}
2021-07-28 23:11:44,728 [INFO] Processing: $BFNVG,221143.48,4218.000828,N,07105.998911,W,0,10.0,1.0,45.9,0.0,0.0,221143.48*6B
2021-07-28 23:11:44,730 [INFO] Interpreted as: {'position': (1.5339713069843128, 1.495454777032137), 'latlon': (42.3000138, -71.09998185), 'heading': 45.9, 'depth': 1.0, 'altitude': 10.0, 'roll': 0.0, 'pitch': 0.0, 'last_fix_time': datetime.datetime(2021, 7, 28, 22, 11, 43), 'speed': None, 'rudder': 0, 'datum': (42.3, -71.1)}
2021-07-28 23:11:44,731 [INFO] Received from Frontseat: [b'$BFNVG,221142.46,4218.000524,N,07105.999314,W,0,10.0,1.0,46.1,0.0,0.0,221142.46*6F', b'$BFNVG,221142.80,4218.000625,N,07105.999180,W,0,10.0,1.0,46.1,0.0,0.0,221142.80*62', b'$BFNVG,221143.14,4218.000726,N,07105.999045,W,0,10.0,1.0,46.0,0.0,0.0,221143.14*69', b'$BFNVG,221143.48,4218.000828,N,07105.998911,W,0,10.0,1.0,45.9,0.0,0.0,221143.48*6B']
2021-07-28 23:11:44,733 [INFO] AUV state: {'position': (1.5339713069843128, 1.495454777032137), 'latlon': (42.3000138, -71.09998185), 'heading': 45.9, 'depth': 1.0, 'altitude': 10.0, 'roll': 0.0, 'pitch': 0.0, 'last_fix_time': datetime.datetime(2021, 7, 28, 22, 11, 43), 'speed': None, 'rudder': 0, 'datum': (42.3, -71.1)}
2021-07-28 23:11:45,327 [INFO] **** [] [(3.1637477256313327, 10.906062234001196), (-14.483456452801803, -2.072443657887607), (29.961196386296677, 11.156734562963383), (29.185248376605525, -18.25474503299812), (-28.14461083956097, 19.54194103617556), (-19.06640241165837, -5.231987613091338), (-13.148171857762808, -6.533455607540312), (31.04596932578175, -0.14901109718751296)]
2021-07-28 23:11:45,329 [INFO] Next green buoy: [], next red buoy: [(3.1637477256313327, 10.906062234001196), (-14.483456452801803, -2.072443657887607), (29.961196386296677, 11.156734562963383), (29.185248376605525, -18.25474503299812), (-28.14461083956097, 19.54194103617556), (-19.06640241165837, -5.231987613091338), (-13.148171857762808, -6.533455607540312), (31.04596932578175, -0.14901109718751296)]
2021-07-28 23:11:45,329 [INFO] Desired_heading: 49.06374772563133
2021-07-28 23:11:45,330 [INFO] delta angle: 3.375532505132594
2021-07-28 23:11:45,330 [INFO] sending message $BPRMB,221147.58,-3.375532505132594,1,0,750,0,1*7c
...
2021-07-28 23:11:46,332 [INFO] sending message $BPSTS,221146.33,1,BWSI Autonomy OK*46
...
2021-07-28 23:11:46,334 [INFO] Processing: $BFNVG,221143.82,4218.000929,N,07105.998777,W,0,10.0,1.0,45.8,0.0,0.0,221143.82*64
2021-07-28 23:11:46,336 [INFO] Interpreted as: {'position': (1.7226840022485703, 1.677831950597465), 'latlon': (42.30001548333333, -71.09997961666667), 'heading': 45.8, 'depth': 1.0, 'altitude': 10.0, 'roll': 0.0, 'pitch': 0.0, 'last_fix_time': datetime.datetime(2021, 7, 28, 22, 11, 43), 'speed': None, 'rudder': 0, 'datum': (42.3, -71.1)}
2021-07-28 23:11:46,338 [INFO] Processing: $BFNVG,221144.17,4218.001032,N,07105.998640,W,0,10.0,1.0,46.1,0.0,0.0,221144.17*69
2021-07-28 23:11:46,341 [INFO] Interpreted as: {'position': (1.9156096691731364, 1.863808810710907), 'latlon': (42.3000172, -71.09997733333333), 'heading': 46.1, 'depth': 1.0, 'altitude': 10.0, 'roll': 0.0, 'pitch': 0.0, 'last_fix_time': datetime.datetime(2021, 7, 28, 22, 11, 44), 'speed': None, 'rudder': 0, 'datum': (42.3, -71.1)}
2021-07-28 23:11:46,342 [INFO] Processing: $BFNVG,221144.54,4218.001141,N,07105.998494,W,0,10.0,1.0,46.3,0.0,0.0,221144.54*65
2021-07-28 23:11:46,345 [INFO] Interpreted as: {'position': (2.1211742700543255, 2.0605847146362066), 'latlon': (42.30001901666667, -71.0999749), 'heading': 46.3, 'depth': 1.0, 'altitude': 10.0, 'roll': 0.0, 'pitch': 0.0, 'last_fix_time': datetime.datetime(2021, 7, 28, 22, 11, 44), 'speed': None, 'rudder': 0, 'datum': (42.3, -71.1)}
2021-07-28 23:11:46,346 [INFO] Processing: $BFNVG,221144.88,4218.001243,N,07105.998358,W,0,10.0,1.0,46.5,0.0,0.0,221144.88*65
2021-07-28 23:11:46,350 [INFO] Interpreted as: {'position': (2.312680365284905, 2.2447447925806046), 'latlon': (42.300020716666666, -71.09997263333334), 'heading': 46.5, 'depth': 1.0, 'altitude': 10.0, 'roll': 0.0, 'pitch': 0.0, 'last_fix_time': datetime.datetime(2021, 7, 28, 22, 11, 44), 'speed': None, 'rudder': 0, 'datum': (42.3, -71.1)}
2021-07-28 23:11:46,351 [INFO] Processing: $BFNVG,221145.23,4218.001346,N,07105.998218,W,0,10.0,1.0,46.8,0.0,0.0,221145.23*69
2021-07-28 23:11:46,354 [INFO] Interpreted as: {'position': (2.50972763937898, 2.430619953200221), 'latlon': (42.30002243333333, -71.0999703), 'heading': 46.8, 'depth': 1.0, 'altitude': 10.0, 'roll': 0.0, 'pitch': 0.0, 'last_fix_time': datetime.datetime(2021, 7, 28, 22, 11, 45), 'speed': None, 'rudder': 0, 'datum': (42.3, -71.1)}
2021-07-28 23:11:46,355 [INFO] Received from Frontseat: [b'$BFNVG,221143.82,4218.000929,N,07105.998777,W,0,10.0,1.0,45.8,0.0,0.0,221143.82*64', b'$BFNVG,221144.17,4218.001032,N,07105.998640,W,0,10.0,1.0,46.1,0.0,0.0,221144.17*69', b'$BFNVG,221144.54,4218.001141,N,07105.998494,W,0,10.0,1.0,46.3,0.0,0.0,221144.54*65', b'$BFNVG,221144.88,4218.001243,N,07105.998358,W,0,10.0,1.0,46.5,0.0,0.0,221144.88*65', b'$BFNVG,221145.23,4218.001346,N,07105.998218,W,0,10.0,1.0,46.8,0.0,0.0,221145.23*69']
2021-07-28 23:11:46,356 [INFO] AUV state: {'position': (2.50972763937898, 2.430619953200221), 'latlon': (42.30002243333333, -71.0999703), 'heading': 46.8, 'depth': 1.0, 'altitude': 10.0, 'roll': 0.0, 'pitch': 0.0, 'last_fix_time': datetime.datetime(2021, 7, 28, 22, 11, 45), 'speed': None, 'rudder': 0, 'datum': (42.3, -71.1)}
2021-07-28 23:11:46,902 [INFO] **** [] [(-1.4644654494465832, 12.170181324182401), (-14.684686910003759, -2.6689551447077595), (29.56525434199141, 11.272653147168754), (28.91773306007664, -16.779166571809235), (13.891937894064933, -24.091240570519787), (23.97859534634652, -13.572977466825149), (-9.54593378928623, -20.27161256477814)]
2021-07-28 23:11:46,903 [INFO] Next green buoy: [], next red buoy: [(-1.4644654494465832, 12.170181324182401), (-14.684686910003759, -2.6689551447077595), (29.56525434199141, 11.272653147168754), (28.91773306007664, -16.779166571809235), (13.891937894064933, -24.091240570519787), (23.97859534634652, -13.572977466825149), (-9.54593378928623, -20.27161256477814)]
2021-07-28 23:11:46,904 [INFO] Desired_heading: 45.33553455055341
2021-07-28 23:11:46,904 [INFO] delta angle: -1.2888100069330335
2021-07-28 23:11:46,904 [INFO] sending message $BPRMB,221145.07,1.2888100069330335,1,0,750,0,1*67
...
2021-07-28 23:11:47,906 [INFO] sending message $BPSTS,221147.90,1,BWSI Autonomy OK*4e
...
2021-07-28 23:11:47,907 [INFO] Processing: $BFNVG,221145.60,4218.001453,N,07105.998071,W,0,10.0,1.0,47.0,0.0,0.0,221145.60*6E
2021-07-28 23:11:47,910 [INFO] Interpreted as: {'position': (2.7165747437393293, 2.6236605746671557), 'latlon': (42.300024216666664, -71.09996785), 'heading': 47.0, 'depth': 1.0, 'altitude': 10.0, 'roll': 0.0, 'pitch': 0.0, 'last_fix_time': datetime.datetime(2021, 7, 28, 22, 11, 45), 'speed': None, 'rudder': 0, 'datum': (42.3, -71.1)}
2021-07-28 23:11:47,911 [INFO] Processing: $BFNVG,221145.96,4218.001559,N,07105.997925,W,0,10.0,1.0,47.2,0.0,0.0,221145.96*60
2021-07-28 23:11:47,913 [INFO] Interpreted as: {'position': (2.922002286184579, 2.8148844121024013), 'latlon': (42.300025983333335, -71.09996541666666), 'heading': 47.2, 'depth': 1.0, 'altitude': 10.0, 'roll': 0.0, 'pitch': 0.0, 'last_fix_time': datetime.datetime(2021, 7, 28, 22, 11, 45), 'speed': None, 'rudder': 0, 'datum': (42.3, -71.1)}
2021-07-28 23:11:47,913 [INFO] Processing: $BFNVG,221146.31,4218.001660,N,07105.997784,W,0,10.0,1.0,47.5,0.0,0.0,221146.31*6B
2021-07-28 23:11:47,915 [INFO] Interpreted as: {'position': (3.120332065038383, 2.9970242911949754), 'latlon': (42.300027666666665, -71.09996306666666), 'heading': 47.5, 'depth': 1.0, 'altitude': 10.0, 'roll': 0.0, 'pitch': 0.0, 'last_fix_time': datetime.datetime(2021, 7, 28, 22, 11, 46), 'speed': None, 'rudder': 0, 'datum': (42.3, -71.1)}
2021-07-28 23:11:47,917 [INFO] Processing: $BFNVG,221146.66,4218.001759,N,07105.997645,W,0,10.0,1.0,47.7,0.0,0.0,221146.66*6E
2021-07-28 23:11:47,919 [INFO] Interpreted as: {'position': (3.315822732867673, 3.1755305882543325), 'latlon': (42.30002931666667, -71.09996075), 'heading': 47.7, 'depth': 1.0, 'altitude': 10.0, 'roll': 0.0, 'pitch': 0.0, 'last_fix_time': datetime.datetime(2021, 7, 28, 22, 11, 46), 'speed': None, 'rudder': 0, 'datum': (42.3, -71.1)}
2021-07-28 23:11:47,919 [INFO] Received from Frontseat: [b'$BFNVG,221145.60,4218.001453,N,07105.998071,W,0,10.0,1.0,47.0,0.0,0.0,221145.60*6E', b'$BFNVG,221145.96,4218.001559,N,07105.997925,W,0,10.0,1.0,47.2,0.0,0.0,221145.96*60', b'$BFNVG,221146.31,4218.001660,N,07105.997784,W,0,10.0,1.0,47.5,0.0,0.0,221146.31*6B', b'$BFNVG,221146.66,4218.001759,N,07105.997645,W,0,10.0,1.0,47.7,0.0,0.0,221146.66*6E']
2021-07-28 23:11:47,920 [INFO] AUV state: {'position': (3.315822732867673, 3.1755305882543325), 'latlon': (42.30002931666667, -71.09996075), 'heading': 47.7, 'depth': 1.0, 'altitude': 10.0, 'roll': 0.0, 'pitch': 0.0, 'last_fix_time': datetime.datetime(2021, 7, 28, 22, 11, 46), 'speed': None, 'rudder': 0, 'datum': (42.3, -71.1)}
2021-07-28 23:11:48,451 [INFO] **** [] [(3.205969942289984, 10.879236844287567), (-14.418392465853932, -2.3931720784188952), (29.78125304992887, 10.901963122927121), (29.143007454501348, -18.137000657886297), (-28.159234974788326, 19.46376011543512), (-19.059781081265093, -5.206598991264477), (-13.131043245616853, -6.553858101341648), (28.87422615796264, 0.8570596853479897), (24.370604571921408, -13.601200633931512), (28.870448673512733, 23.053422919505778)]
2021-07-28 23:11:48,452 [INFO] Next green buoy: [], next red buoy: [(3.205969942289984, 10.879236844287567), (-14.418392465853932, -2.3931720784188952), (29.78125304992887, 10.901963122927121), (29.143007454501348, -18.137000657886297), (-28.159234974788326, 19.46376011543512), (-19.059781081265093, -5.206598991264477), (-13.131043245616853, -6.553858101341648), (28.87422615796264, 0.8570596853479897), (24.370604571921408, -13.601200633931512), (28.870448673512733, 23.053422919505778)]
2021-07-28 23:11:48,453 [INFO] Desired_heading: 50.905969942289985
2021-07-28 23:11:48,454 [INFO] delta angle: 3.43193690470173
2021-07-28 23:11:48,454 [INFO] sending message $BPRMB,221150.73,-3.43193690470173,1,0,750,0,1*4b
...
2021-07-28 23:11:49,456 [INFO] sending message $BPSTS,221149.45,1,BWSI Autonomy OK*48
...
2021-07-28 23:11:49,457 [INFO] Processing: $BFNVG,221147.00,4218.001857,N,07105.997506,W,0,10.0,1.0,47.9,0.0,0.0,221147.00*65
2021-07-28 23:11:49,459 [INFO] Interpreted as: {'position': (3.5112677194410935, 3.352186195552349), 'latlon': (42.30003095, -71.09995843333333), 'heading': 47.9, 'depth': 1.0, 'altitude': 10.0, 'roll': 0.0, 'pitch': 0.0, 'last_fix_time': datetime.datetime(2021, 7, 28, 22, 11, 47), 'speed': None, 'rudder': 0, 'datum': (42.3, -71.1)}
2021-07-28 23:11:49,460 [INFO] Processing: $BFNVG,221147.34,4218.001956,N,07105.997367,W,0,10.0,1.0,47.8,0.0,0.0,221147.34*65
2021-07-28 23:11:49,462 [INFO] Interpreted as: {'position': (3.706758367596194, 3.5306925028562546), 'latlon': (42.3000326, -71.09995611666666), 'heading': 47.8, 'depth': 1.0, 'altitude': 10.0, 'roll': 0.0, 'pitch': 0.0, 'last_fix_time': datetime.datetime(2021, 7, 28, 22, 11, 47), 'speed': None, 'rudder': 0, 'datum': (42.3, -71.1)}
2021-07-28 23:11:49,463 [INFO] Processing: $BFNVG,221147.68,4218.002055,N,07105.997227,W,0,10.0,1.0,47.7,0.0,0.0,221147.68*66
2021-07-28 23:11:49,465 [INFO] Interpreted as: {'position': (3.903622884885408, 3.7091649156063795), 'latlon': (42.30003425, -71.09995378333333), 'heading': 47.7, 'depth': 1.0, 'altitude': 10.0, 'roll': 0.0, 'pitch': 0.0, 'last_fix_time': datetime.datetime(2021, 7, 28, 22, 11, 47), 'speed': None, 'rudder': 0, 'datum': (42.3, -71.1)}
2021-07-28 23:11:49,466 [INFO] Processing: $BFNVG,221148.03,4218.002155,N,07105.997086,W,0,10.0,1.0,47.6,0.0,0.0,221148.03*6F
2021-07-28 23:11:49,468 [INFO] Interpreted as: {'position': (4.101906942320056, 3.8894541217014194), 'latlon': (42.300035916666666, -71.09995143333333), 'heading': 47.6, 'depth': 1.0, 'altitude': 10.0, 'roll': 0.0, 'pitch': 0.0, 'last_fix_time': datetime.datetime(2021, 7, 28, 22, 11, 48), 'speed': None, 'rudder': 0, 'datum': (42.3, -71.1)}
2021-07-28 23:11:49,469 [INFO] Processing: $BFNVG,221148.37,4218.002253,N,07105.996948,W,0,10.0,1.0,47.6,0.0,0.0,221148.37*60
2021-07-28 23:11:49,470 [INFO] Interpreted as: {'position': (4.295978010632098, 4.066143653355539), 'latlon': (42.30003755, -71.09994913333334), 'heading': 47.6, 'depth': 1.0, 'altitude': 10.0, 'roll': 0.0, 'pitch': 0.0, 'last_fix_time': datetime.datetime(2021, 7, 28, 22, 11, 48), 'speed': None, 'rudder': 0, 'datum': (42.3, -71.1)}
2021-07-28 23:11:49,471 [INFO] Received from Frontseat: [b'$BFNVG,221147.00,4218.001857,N,07105.997506,W,0,10.0,1.0,47.9,0.0,0.0,221147.00*65', b'$BFNVG,221147.34,4218.001956,N,07105.997367,W,0,10.0,1.0,47.8,0.0,0.0,221147.34*65', b'$BFNVG,221147.68,4218.002055,N,07105.997227,W,0,10.0,1.0,47.7,0.0,0.0,221147.68*66', b'$BFNVG,221148.03,4218.002155,N,07105.997086,W,0,10.0,1.0,47.6,0.0,0.0,221148.03*6F', b'$BFNVG,221148.37,4218.002253,N,07105.996948,W,0,10.0,1.0,47.6,0.0,0.0,221148.37*60']
2021-07-28 23:11:49,472 [INFO] AUV state: {'position': (4.295978010632098, 4.066143653355539), 'latlon': (42.30003755, -71.09994913333334), 'heading': 47.6, 'depth': 1.0, 'altitude': 10.0, 'roll': 0.0, 'pitch': 0.0, 'last_fix_time': datetime.datetime(2021, 7, 28, 22, 11, 48), 'speed': None, 'rudder': 0, 'datum': (42.3, -71.1)}
2021-07-28 23:11:49,994 [INFO] **** [] [(-1.55789548576852, 12.168832337207784), (-14.35562579101886, -2.3474324075450217), (29.765938748224247, 11.09881201175422), (29.154134793419896, -18.192031015261858), (-19.00423602144249, -5.133883900844793), (-13.152842882414696, -6.581586969012918), (28.901604706255096, 23.041952696886174)]
2021-07-28 23:11:49,995 [INFO] Next green buoy: [], next red buoy: [(-1.55789548576852, 12.168832337207784), (-14.35562579101886, -2.3474324075450217), (29.765938748224247, 11.09881201175422), (29.154134793419896, -18.192031015261858), (-19.00423602144249, -5.133883900844793), (-13.152842882414696, -6.581586969012918), (28.901604706255096, 23.041952696886174)]
2021-07-28 23:11:49,995 [INFO] Desired_heading: 46.04210451423148
2021-07-28 23:11:49,996 [INFO] delta angle: -1.392396380248158
2021-07-28 23:11:49,996 [INFO] sending message $BPRMB,221148.17,1.392396380248158,1,0,750,0,1*57
...
2021-07-28 23:11:50,998 [INFO] sending message $BPSTS,221150.99,1,BWSI Autonomy OK*41
...
2021-07-28 23:11:50,999 [INFO] Processing: $BFNVG,221148.71,4218.002351,N,07105.996811,W,0,10.0,1.0,47.5,0.0,0.0,221148.71*6D
2021-07-28 23:11:51,069 [INFO] Interpreted as: {'position': (4.488675190368667, 4.2428670944646), 'latlon': (42.30003918333333, -71.09994685), 'heading': 47.5, 'depth': 1.0, 'altitude': 10.0, 'roll': 0.0, 'pitch': 0.0, 'last_fix_time': datetime.datetime(2021, 7, 28, 22, 11, 48), 'speed': None, 'rudder': 0, 'datum': (42.3, -71.1)}
2021-07-28 23:11:51,070 [INFO] Processing: $BFNVG,221149.06,4218.002452,N,07105.996670,W,0,10.0,1.0,47.7,0.0,0.0,221149.06*62
2021-07-28 23:11:51,072 [INFO] Interpreted as: {'position': (4.687004888721276, 4.42500701546669), 'latlon': (42.30004086666667, -71.0999445), 'heading': 47.7, 'depth': 1.0, 'altitude': 10.0, 'roll': 0.0, 'pitch': 0.0, 'last_fix_time': datetime.datetime(2021, 7, 28, 22, 11, 49), 'speed': None, 'rudder': 0, 'datum': (42.3, -71.1)}
2021-07-28 23:11:51,072 [INFO] Processing: $BFNVG,221149.40,4218.002551,N,07105.996529,W,0,10.0,1.0,47.9,0.0,0.0,221149.40*61
2021-07-28 23:11:51,074 [INFO] Interpreted as: {'position': (4.885243235272355, 4.6034455467015505), 'latlon': (42.300042516666664, -71.09994215), 'heading': 47.9, 'depth': 1.0, 'altitude': 10.0, 'roll': 0.0, 'pitch': 0.0, 'last_fix_time': datetime.datetime(2021, 7, 28, 22, 11, 49), 'speed': None, 'rudder': 0, 'datum': (42.3, -71.1)}
2021-07-28 23:11:51,075 [INFO] Processing: $BFNVG,221149.74,4218.002648,N,07105.996391,W,0,10.0,1.0,48.1,0.0,0.0,221149.74*68
2021-07-28 23:11:51,077 [INFO] Interpreted as: {'position': (5.079268593573943, 4.778284401632845), 'latlon': (42.30004413333333, -71.09993985), 'heading': 48.1, 'depth': 1.0, 'altitude': 10.0, 'roll': 0.0, 'pitch': 0.0, 'last_fix_time': datetime.datetime(2021, 7, 28, 22, 11, 49), 'speed': None, 'rudder': 0, 'datum': (42.3, -71.1)}
2021-07-28 23:11:51,078 [INFO] Received from Frontseat: [b'$BFNVG,221148.71,4218.002351,N,07105.996811,W,0,10.0,1.0,47.5,0.0,0.0,221148.71*6D', b'$BFNVG,221149.06,4218.002452,N,07105.996670,W,0,10.0,1.0,47.7,0.0,0.0,221149.06*62', b'$BFNVG,221149.40,4218.002551,N,07105.996529,W,0,10.0,1.0,47.9,0.0,0.0,221149.40*61', b'$BFNVG,221149.74,4218.002648,N,07105.996391,W,0,10.0,1.0,48.1,0.0,0.0,221149.74*68']
2021-07-28 23:11:51,079 [INFO] AUV state: {'position': (5.079268593573943, 4.778284401632845), 'latlon': (42.30004413333333, -71.09993985), 'heading': 48.1, 'depth': 1.0, 'altitude': 10.0, 'roll': 0.0, 'pitch': 0.0, 'last_fix_time': datetime.datetime(2021, 7, 28, 22, 11, 49), 'speed': None, 'rudder': 0, 'datum': (42.3, -71.1)}
2021-07-28 23:11:51,620 [INFO] **** [] [(3.1960065881755004, 10.949757017502888), (-13.500198477870544, -2.982172280702966), (29.750763554200994, 11.588345864482267), (29.131004998806063, -18.168516319168724), (-28.15764558838401, 19.497982599127372), (-19.066810577902555, -5.226256850783453), (-13.13789497734549, -6.564474661395435), (28.911985896167923, 23.00753030844208)]
2021-07-28 23:11:51,621 [INFO] Next green buoy: [], next red buoy: [(3.1960065881755004, 10.949757017502888), (-13.500198477870544, -2.982172280702966), (29.750763554200994, 11.588345864482267), (29.131004998806063, -18.168516319168724), (-28.15764558838401, 19.497982599127372), (-19.066810577902555, -5.226256850783453), (-13.13789497734549, -6.564474661395435), (28.911985896167923, 23.00753030844208)]
2021-07-28 23:11:51,622 [INFO] Desired_heading: 51.2960065881755
2021-07-28 23:11:51,622 [INFO] delta angle: 3.418610084030573
2021-07-28 23:11:51,623 [INFO] sending message $BPRMB,221153.81,-3.418610084030573,1,0,750,0,1*74
...
2021-07-28 23:11:52,624 [INFO] sending message $BPSTS,221152.62,1,BWSI Autonomy OK*47
...
2021-07-28 23:11:52,625 [INFO] Processing: $BFNVG,221150.09,4218.002746,N,07105.996251,W,0,10.0,1.0,48.4,0.0,0.0,221150.09*6F
2021-07-28 23:11:52,627 [INFO] Interpreted as: {'position': (5.276087368605658, 4.954906150698662), 'latlon': (42.30004576666666, -71.09993751666667), 'heading': 48.4, 'depth': 1.0, 'altitude': 10.0, 'roll': 0.0, 'pitch': 0.0, 'last_fix_time': datetime.datetime(2021, 7, 28, 22, 11, 50), 'speed': None, 'rudder': 0, 'datum': (42.3, -71.1)}
2021-07-28 23:11:52,628 [INFO] Processing: $BFNVG,221150.42,4218.002842,N,07105.996112,W,0,10.0,1.0,48.3,0.0,0.0,221150.42*67
2021-07-28 23:11:52,631 [INFO] Interpreted as: {'position': (5.471440915716812, 5.127860416658223), 'latlon': (42.30004736666667, -71.0999352), 'heading': 48.3, 'depth': 1.0, 'altitude': 10.0, 'roll': 0.0, 'pitch': 0.0, 'last_fix_time': datetime.datetime(2021, 7, 28, 22, 11, 50), 'speed': None, 'rudder': 0, 'datum': (42.3, -71.1)}
2021-07-28 23:11:52,631 [INFO] Processing: $BFNVG,221150.77,4218.002940,N,07105.995972,W,0,10.0,1.0,48.2,0.0,0.0,221150.77*68
2021-07-28 23:11:52,633 [INFO] Interpreted as: {'position': (5.6682596753234975, 5.304482175968587), 'latlon': (42.300049, -71.09993286666666), 'heading': 48.2, 'depth': 1.0, 'altitude': 10.0, 'roll': 0.0, 'pitch': 0.0, 'last_fix_time': datetime.datetime(2021, 7, 28, 22, 11, 50), 'speed': None, 'rudder': 0, 'datum': (42.3, -71.1)}
2021-07-28 23:11:52,634 [INFO] Processing: $BFNVG,221151.13,4218.003043,N,07105.995824,W,0,10.0,1.0,48.1,0.0,0.0,221151.13*62
2021-07-28 23:11:52,636 [INFO] Interpreted as: {'position': (5.87629780365387, 5.490086195059121), 'latlon': (42.30005071666667, -71.0999304), 'heading': 48.1, 'depth': 1.0, 'altitude': 10.0, 'roll': 0.0, 'pitch': 0.0, 'last_fix_time': datetime.datetime(2021, 7, 28, 22, 11, 51), 'speed': None, 'rudder': 0, 'datum': (42.3, -71.1)}
2021-07-28 23:11:52,637 [INFO] Processing: $BFNVG,221151.48,4218.003143,N,07105.995682,W,0,10.0,1.0,48.0,0.0,0.0,221151.48*60
2021-07-28 23:11:52,639 [INFO] Interpreted as: {'position': (6.075955641514156, 5.6703415513038635), 'latlon': (42.30005238333333, -71.09992803333333), 'heading': 48.0, 'depth': 1.0, 'altitude': 10.0, 'roll': 0.0, 'pitch': 0.0, 'last_fix_time': datetime.datetime(2021, 7, 28, 22, 11, 51), 'speed': None, 'rudder': 0, 'datum': (42.3, -71.1)}
2021-07-28 23:11:52,640 [INFO] Received from Frontseat: [b'$BFNVG,221150.09,4218.002746,N,07105.996251,W,0,10.0,1.0,48.4,0.0,0.0,221150.09*6F', b'$BFNVG,221150.42,4218.002842,N,07105.996112,W,0,10.0,1.0,48.3,0.0,0.0,221150.42*67', b'$BFNVG,221150.77,4218.002940,N,07105.995972,W,0,10.0,1.0,48.2,0.0,0.0,221150.77*68', b'$BFNVG,221151.13,4218.003043,N,07105.995824,W,0,10.0,1.0,48.1,0.0,0.0,221151.13*62', b'$BFNVG,221151.48,4218.003143,N,07105.995682,W,0,10.0,1.0,48.0,0.0,0.0,221151.48*60']
2021-07-28 23:11:52,641 [INFO] AUV state: {'position': (6.075955641514156, 5.6703415513038635), 'latlon': (42.30005238333333, -71.09992803333333), 'heading': 48.0, 'depth': 1.0, 'altitude': 10.0, 'roll': 0.0, 'pitch': 0.0, 'last_fix_time': datetime.datetime(2021, 7, 28, 22, 11, 51), 'speed': None, 'rudder': 0, 'datum': (42.3, -71.1)}
2021-07-28 23:11:53,157 [INFO] **** [] [(-1.6041186246564376, 12.12295406496675), (-14.293511794957809, -2.7337301016929567), (29.75720854180925, 10.634168270102169), (29.135226119774874, -18.130955504017336), (-13.104122028545518, -6.547208373170858)]
2021-07-28 23:11:53,158 [INFO] Next green buoy: [], next red buoy: [(-1.6041186246564376, 12.12295406496675), (-14.293511794957809, -2.7337301016929567), (29.75720854180925, 10.634168270102169), (29.135226119774874, -18.130955504017336), (-13.104122028545518, -6.547208373170858)]
2021-07-28 23:11:53,158 [INFO] Desired_heading: 46.39588137534356
2021-07-28 23:11:53,159 [INFO] delta angle: -1.4442274276979106
2021-07-28 23:11:53,159 [INFO] sending message $BPRMB,221151.42,1.4442274276979106,1,0,750,0,1*66
...
2021-07-28 23:11:54,161 [INFO] sending message $BPSTS,221154.16,1,BWSI Autonomy OK*42
...
2021-07-28 23:11:54,162 [INFO] Processing: $BFNVG,221151.82,4218.003242,N,07105.995541,W,0,10.0,1.0,47.9,0.0,0.0,221151.82*68
2021-07-28 23:11:54,164 [INFO] Interpreted as: {'position': (6.274193915887736, 5.848780122585595), 'latlon': (42.30005403333333, -71.09992568333334), 'heading': 47.9, 'depth': 1.0, 'altitude': 10.0, 'roll': 0.0, 'pitch': 0.0, 'last_fix_time': datetime.datetime(2021, 7, 28, 22, 11, 51), 'speed': None, 'rudder': 0, 'datum': (42.3, -71.1)}
2021-07-28 23:11:54,165 [INFO] Processing: $BFNVG,221152.19,4218.003347,N,07105.995391,W,0,10.0,1.0,48.1,0.0,0.0,221152.19*60
2021-07-28 23:11:54,167 [INFO] Interpreted as: {'position': (6.485071114497259, 6.0380177441984415), 'latlon': (42.300055783333335, -71.09992318333333), 'heading': 48.1, 'depth': 1.0, 'altitude': 10.0, 'roll': 0.0, 'pitch': 0.0, 'last_fix_time': datetime.datetime(2021, 7, 28, 22, 11, 52), 'speed': None, 'rudder': 0, 'datum': (42.3, -71.1)}
2021-07-28 23:11:54,168 [INFO] Processing: $BFNVG,221152.54,4218.003446,N,07105.995249,W,0,10.0,1.0,48.4,0.0,0.0,221152.54*67
2021-07-28 23:11:54,170 [INFO] Interpreted as: {'position': (6.684683248924557, 6.216422421857715), 'latlon': (42.300057433333336, -71.09992081666667), 'heading': 48.4, 'depth': 1.0, 'altitude': 10.0, 'roll': 0.0, 'pitch': 0.0, 'last_fix_time': datetime.datetime(2021, 7, 28, 22, 11, 52), 'speed': None, 'rudder': 0, 'datum': (42.3, -71.1)}
2021-07-28 23:11:54,171 [INFO] Processing: $BFNVG,221152.89,4218.003545,N,07105.995105,W,0,10.0,1.0,48.6,0.0,0.0,221152.89*6C
2021-07-28 23:11:54,173 [INFO] Interpreted as: {'position': (6.887043130234815, 6.394759297370911), 'latlon': (42.30005908333333, -71.09991841666667), 'heading': 48.6, 'depth': 1.0, 'altitude': 10.0, 'roll': 0.0, 'pitch': 0.0, 'last_fix_time': datetime.datetime(2021, 7, 28, 22, 11, 52), 'speed': None, 'rudder': 0, 'datum': (42.3, -71.1)}
2021-07-28 23:11:54,174 [INFO] Received from Frontseat: [b'$BFNVG,221151.82,4218.003242,N,07105.995541,W,0,10.0,1.0,47.9,0.0,0.0,221151.82*68', b'$BFNVG,221152.19,4218.003347,N,07105.995391,W,0,10.0,1.0,48.1,0.0,0.0,221152.19*60', b'$BFNVG,221152.54,4218.003446,N,07105.995249,W,0,10.0,1.0,48.4,0.0,0.0,221152.54*67', b'$BFNVG,221152.89,4218.003545,N,07105.995105,W,0,10.0,1.0,48.6,0.0,0.0,221152.89*6C']
2021-07-28 23:11:54,175 [INFO] AUV state: {'position': (6.887043130234815, 6.394759297370911), 'latlon': (42.30005908333333, -71.09991841666667), 'heading': 48.6, 'depth': 1.0, 'altitude': 10.0, 'roll': 0.0, 'pitch': 0.0, 'last_fix_time': datetime.datetime(2021, 7, 28, 22, 11, 52), 'speed': None, 'rudder': 0, 'datum': (42.3, -71.1)}
2021-07-28 23:11:54,689 [INFO] **** [] [(3.080776694218703, 10.990907744116464), (-14.658232697510519, -2.5592432067758413), (30.06900312558386, 11.518441808199263), (29.196094719804872, -18.242312658875054), (-28.132527019196594, 19.50197980860681), (-13.096778855718995, -6.566835049691396)]
2021-07-28 23:11:54,690 [INFO] Next green buoy: [], next red buoy: [(3.080776694218703, 10.990907744116464), (-14.658232697510519, -2.5592432067758413), (30.06900312558386, 11.518441808199263), (29.196094719804872, -18.242312658875054), (-28.132527019196594, 19.50197980860681), (-13.096778855718995, -6.566835049691396)]
2021-07-28 23:11:54,691 [INFO] Desired_heading: 51.68077669421871
2021-07-28 23:11:54,691 [INFO] delta angle: 3.265241159392379
2021-07-28 23:11:54,692 [INFO] sending message $BPRMB,221156.89,-3.265241159392379,1,0,750,0,1*73
...
2021-07-28 23:11:55,693 [INFO] sending message $BPSTS,221155.69,1,BWSI Autonomy OK*4b
...
2021-07-28 23:11:55,695 [INFO] Processing: $BFNVG,221153.23,4218.003644,N,07105.994962,W,0,10.0,1.0,48.8,0.0,0.0,221153.23*68
2021-07-28 23:11:55,697 [INFO] Interpreted as: {'position': (7.088029122794978, 6.573130080476403), 'latlon': (42.30006073333333, -71.09991603333333), 'heading': 48.8, 'depth': 1.0, 'altitude': 10.0, 'roll': 0.0, 'pitch': 0.0, 'last_fix_time': datetime.datetime(2021, 7, 28, 22, 11, 53), 'speed': None, 'rudder': 0, 'datum': (42.3, -71.1)}
2021-07-28 23:11:55,698 [INFO] Processing: $BFNVG,221153.60,4218.003746,N,07105.994812,W,0,10.0,1.0,48.7,0.0,0.0,221153.60*62
2021-07-28 23:11:55,700 [INFO] Interpreted as: {'position': (7.298769265122246, 6.756815635599196), 'latlon': (42.30006243333333, -71.09991353333334), 'heading': 48.7, 'depth': 1.0, 'altitude': 10.0, 'roll': 0.0, 'pitch': 0.0, 'last_fix_time': datetime.datetime(2021, 7, 28, 22, 11, 53), 'speed': None, 'rudder': 0, 'datum': (42.3, -71.1)}
2021-07-28 23:11:55,701 [INFO] Processing: $BFNVG,221153.96,4218.003849,N,07105.994662,W,0,10.0,1.0,48.6,0.0,0.0,221153.96*6A
2021-07-28 23:11:55,704 [INFO] Interpreted as: {'position': (7.509555066702887, 6.942351893521845), 'latlon': (42.30006415, -71.09991103333333), 'heading': 48.6, 'depth': 1.0, 'altitude': 10.0, 'roll': 0.0, 'pitch': 0.0, 'last_fix_time': datetime.datetime(2021, 7, 28, 22, 11, 53), 'speed': None, 'rudder': 0, 'datum': (42.3, -71.1)}
2021-07-28 23:11:55,705 [INFO] Processing: $BFNVG,221154.32,4218.003950,N,07105.994516,W,0,10.0,1.0,48.5,0.0,0.0,221154.32*60
2021-07-28 23:11:55,708 [INFO] Interpreted as: {'position': (7.714754003332928, 7.124322378076613), 'latlon': (42.300065833333335, -71.0999086), 'heading': 48.5, 'depth': 1.0, 'altitude': 10.0, 'roll': 0.0, 'pitch': 0.0, 'last_fix_time': datetime.datetime(2021, 7, 28, 22, 11, 54), 'speed': None, 'rudder': 0, 'datum': (42.3, -71.1)}
2021-07-28 23:11:55,709 [INFO] Processing: $BFNVG,221154.67,4218.004050,N,07105.994371,W,0,10.0,1.0,48.4,0.0,0.0,221154.67*68
2021-07-28 23:11:55,711 [INFO] Interpreted as: {'position': (7.918533381016459, 7.304476074874401), 'latlon': (42.3000675, -71.09990618333333), 'heading': 48.4, 'depth': 1.0, 'altitude': 10.0, 'roll': 0.0, 'pitch': 0.0, 'last_fix_time': datetime.datetime(2021, 7, 28, 22, 11, 54), 'speed': None, 'rudder': 0, 'datum': (42.3, -71.1)}
2021-07-28 23:11:55,712 [INFO] Received from Frontseat: [b'$BFNVG,221153.23,4218.003644,N,07105.994962,W,0,10.0,1.0,48.8,0.0,0.0,221153.23*68', b'$BFNVG,221153.60,4218.003746,N,07105.994812,W,0,10.0,1.0,48.7,0.0,0.0,221153.60*62', b'$BFNVG,221153.96,4218.003849,N,07105.994662,W,0,10.0,1.0,48.6,0.0,0.0,221153.96*6A', b'$BFNVG,221154.32,4218.003950,N,07105.994516,W,0,10.0,1.0,48.5,0.0,0.0,221154.32*60', b'$BFNVG,221154.67,4218.004050,N,07105.994371,W,0,10.0,1.0,48.4,0.0,0.0,221154.67*68']
2021-07-28 23:11:55,713 [INFO] AUV state: {'position': (7.918533381016459, 7.304476074874401), 'latlon': (42.3000675, -71.09990618333333), 'heading': 48.4, 'depth': 1.0, 'altitude': 10.0, 'roll': 0.0, 'pitch': 0.0, 'last_fix_time': datetime.datetime(2021, 7, 28, 22, 11, 54), 'speed': None, 'rudder': 0, 'datum': (42.3, -71.1)}
2021-07-28 23:11:56,244 [INFO] **** [] [(3.269348837059709, 10.976816307617588), (-15.229442877975279, -2.2153004767242566), (30.00689336768179, 11.363795098163843), (29.21182385049471, -18.324775911514713), (-28.166254200149012, 19.466679441392984), (-13.045364395346741, -6.545935000752892), (31.04777719932059, -0.3054089704152858)]
2021-07-28 23:11:56,245 [INFO] Next green buoy: [], next red buoy: [(3.269348837059709, 10.976816307617588), (-15.229442877975279, -2.2153004767242566), (30.00689336768179, 11.363795098163843), (29.21182385049471, -18.324775911514713), (-28.166254200149012, 19.466679441392984), (-13.045364395346741, -6.545935000752892), (31.04777719932059, -0.3054089704152858)]
2021-07-28 23:11:56,246 [INFO] Desired_heading: 51.66934883705971
2021-07-28 23:11:56,247 [INFO] delta angle: 3.516952999289542
2021-07-28 23:11:56,248 [INFO] sending message $BPRMB,221154.49,-3.516952999289542,1,0,750,0,1*76
...
2021-07-28 23:11:57,250 [INFO] sending message $BPSTS,221157.24,1,BWSI Autonomy OK*40
...
2021-07-28 23:11:57,252 [INFO] Processing: $BFNVG,221155.02,4218.004151,N,07105.994226,W,0,10.0,1.0,48.3,0.0,0.0,221155.02*6C
2021-07-28 23:11:57,254 [INFO] Interpreted as: {'position': (8.122358418419026, 7.486480474472046), 'latlon': (42.300069183333335, -71.09990376666667), 'heading': 48.3, 'depth': 1.0, 'altitude': 10.0, 'roll': 0.0, 'pitch': 0.0, 'last_fix_time': datetime.datetime(2021, 7, 28, 22, 11, 55), 'speed': None, 'rudder': 0, 'datum': (42.3, -71.1)}
2021-07-28 23:11:57,255 [INFO] Processing: $BFNVG,221155.38,4218.004251,N,07105.994080,W,0,10.0,1.0,48.5,0.0,0.0,221155.38*67
2021-07-28 23:11:57,258 [INFO] Interpreted as: {'position': (8.327511653420515, 7.666600279510021), 'latlon': (42.30007085, -71.09990133333334), 'heading': 48.5, 'depth': 1.0, 'altitude': 10.0, 'roll': 0.0, 'pitch': 0.0, 'last_fix_time': datetime.datetime(2021, 7, 28, 22, 11, 55), 'speed': None, 'rudder': 0, 'datum': (42.3, -71.1)}
2021-07-28 23:11:57,259 [INFO] Processing: $BFNVG,221155.73,4218.004352,N,07105.993934,W,0,10.0,1.0,48.8,0.0,0.0,221155.73*69
2021-07-28 23:11:57,261 [INFO] Interpreted as: {'position': (8.532710548024625, 7.848570785485208), 'latlon': (42.300072533333335, -71.0998989), 'heading': 48.8, 'depth': 1.0, 'altitude': 10.0, 'roll': 0.0, 'pitch': 0.0, 'last_fix_time': datetime.datetime(2021, 7, 28, 22, 11, 55), 'speed': None, 'rudder': 0, 'datum': (42.3, -71.1)}
2021-07-28 23:11:57,262 [INFO] Processing: $BFNVG,221156.09,4218.004452,N,07105.993787,W,0,10.0,1.0,49.0,0.0,0.0,221156.09*61
2021-07-28 23:11:57,264 [INFO] Interpreted as: {'position': (8.73923764016945, 8.02865669876337), 'latlon': (42.3000742, -71.09989645), 'heading': 49.0, 'depth': 1.0, 'altitude': 10.0, 'roll': 0.0, 'pitch': 0.0, 'last_fix_time': datetime.datetime(2021, 7, 28, 22, 11, 56), 'speed': None, 'rudder': 0, 'datum': (42.3, -71.1)}
2021-07-28 23:11:57,265 [INFO] Received from Frontseat: [b'$BFNVG,221155.02,4218.004151,N,07105.994226,W,0,10.0,1.0,48.3,0.0,0.0,221155.02*6C', b'$BFNVG,221155.38,4218.004251,N,07105.994080,W,0,10.0,1.0,48.5,0.0,0.0,221155.38*67', b'$BFNVG,221155.73,4218.004352,N,07105.993934,W,0,10.0,1.0,48.8,0.0,0.0,221155.73*69', b'$BFNVG,221156.09,4218.004452,N,07105.993787,W,0,10.0,1.0,49.0,0.0,0.0,221156.09*61']
2021-07-28 23:11:57,266 [INFO] AUV state: {'position': (8.73923764016945, 8.02865669876337), 'latlon': (42.3000742, -71.09989645), 'heading': 49.0, 'depth': 1.0, 'altitude': 10.0, 'roll': 0.0, 'pitch': 0.0, 'last_fix_time': datetime.datetime(2021, 7, 28, 22, 11, 56), 'speed': None, 'rudder': 0, 'datum': (42.3, -71.1)}
2021-07-28 23:11:57,781 [INFO] **** [] [(3.175744678598939, 10.966561068270034), (-15.086776342298714, -2.325866639144818), (29.984444657481237, 11.70001501153961), (29.231549343031844, -18.358639311455008), (-28.158917101283382, 19.48562633952914), (-13.113359591375483, -6.564336654129095), (28.888254409867805, 23.066529352517943)]
2021-07-28 23:11:57,782 [INFO] Next green buoy: [], next red buoy: [(3.175744678598939, 10.966561068270034), (-15.086776342298714, -2.325866639144818), (29.984444657481237, 11.70001501153961), (29.231549343031844, -18.358639311455008), (-28.158917101283382, 19.48562633952914), (-13.113359591375483, -6.564336654129095), (28.888254409867805, 23.066529352517943)]
2021-07-28 23:11:57,783 [INFO] Desired_heading: 52.17574467859894
2021-07-28 23:11:57,783 [INFO] delta angle: 3.391540134864612
2021-07-28 23:11:57,784 [INFO] sending message $BPRMB,221200.00,-3.391540134864612,1,0,750,0,1*7f
...
2021-07-28 23:11:58,786 [INFO] sending message $BPSTS,221158.78,1,BWSI Autonomy OK*46
...
2021-07-28 23:11:58,787 [INFO] Processing: $BFNVG,221156.44,4218.004551,N,07105.993640,W,0,10.0,1.0,49.2,0.0,0.0,221156.44*6B
2021-07-28 23:11:58,790 [INFO] Interpreted as: {'position': (8.945719052047934, 8.206891919486225), 'latlon': (42.30007585, -71.099894), 'heading': 49.2, 'depth': 1.0, 'altitude': 10.0, 'roll': 0.0, 'pitch': 0.0, 'last_fix_time': datetime.datetime(2021, 7, 28, 22, 11, 56), 'speed': None, 'rudder': 0, 'datum': (42.3, -71.1)}
2021-07-28 23:11:58,791 [INFO] Processing: $BFNVG,221156.80,4218.004651,N,07105.993492,W,0,10.0,1.0,49.4,0.0,0.0,221156.80*63
2021-07-28 23:11:58,793 [INFO] Interpreted as: {'position': (9.153620001336094, 8.386943941935897), 'latlon': (42.30007751666667, -71.09989153333333), 'heading': 49.4, 'depth': 1.0, 'altitude': 10.0, 'roll': 0.0, 'pitch': 0.0, 'last_fix_time': datetime.datetime(2021, 7, 28, 22, 11, 56), 'speed': None, 'rudder': 0, 'datum': (42.3, -71.1)}
2021-07-28 23:11:58,794 [INFO] Processing: $BFNVG,221157.16,4218.004751,N,07105.993340,W,0,10.0,1.0,49.7,0.0,0.0,221157.16*69
2021-07-28 23:11:58,797 [INFO] Interpreted as: {'position': (9.367016452364624, 8.56686035450548), 'latlon': (42.30007918333333, -71.099889), 'heading': 49.7, 'depth': 1.0, 'altitude': 10.0, 'roll': 0.0, 'pitch': 0.0, 'last_fix_time': datetime.datetime(2021, 7, 28, 22, 11, 57), 'speed': None, 'rudder': 0, 'datum': (42.3, -71.1)}
2021-07-28 23:11:58,798 [INFO] Processing: $BFNVG,221157.52,4218.004850,N,07105.993190,W,0,10.0,1.0,49.9,0.0,0.0,221157.52*66
2021-07-28 23:11:58,800 [INFO] Interpreted as: {'position': (9.57761946663959, 8.744993884116411), 'latlon': (42.30008083333333, -71.0998865), 'heading': 49.9, 'depth': 1.0, 'altitude': 10.0, 'roll': 0.0, 'pitch': 0.0, 'last_fix_time': datetime.datetime(2021, 7, 28, 22, 11, 57), 'speed': None, 'rudder': 0, 'datum': (42.3, -71.1)}
2021-07-28 23:11:58,802 [INFO] Received from Frontseat: [b'$BFNVG,221156.44,4218.004551,N,07105.993640,W,0,10.0,1.0,49.2,0.0,0.0,221156.44*6B', b'$BFNVG,221156.80,4218.004651,N,07105.993492,W,0,10.0,1.0,49.4,0.0,0.0,221156.80*63', b'$BFNVG,221157.16,4218.004751,N,07105.993340,W,0,10.0,1.0,49.7,0.0,0.0,221157.16*69', b'$BFNVG,221157.52,4218.004850,N,07105.993190,W,0,10.0,1.0,49.9,0.0,0.0,221157.52*66']
2021-07-28 23:11:58,803 [INFO] AUV state: {'position': (9.57761946663959, 8.744993884116411), 'latlon': (42.30008083333333, -71.0998865), 'heading': 49.9, 'depth': 1.0, 'altitude': 10.0, 'roll': 0.0, 'pitch': 0.0, 'last_fix_time': datetime.datetime(2021, 7, 28, 22, 11, 57), 'speed': None, 'rudder': 0, 'datum': (42.3, -71.1)}
2021-07-28 23:11:59,318 [INFO] **** [] [(3.0684644786928987, 10.937309450558038), (-15.390905062220554, -1.3032142989147084), (29.897637718847918, 11.78386480745445), (29.20782080381427, -18.295473111320877), (-28.15351296284326, 19.50270655274699), (-19.083001387260595, -5.277483902796304), (-13.199543332262701, -6.522758489187372), (28.93570652982108, 23.04031393415833)]
2021-07-28 23:11:59,319 [INFO] Next green buoy: [], next red buoy: [(3.0684644786928987, 10.937309450558038), (-15.390905062220554, -1.3032142989147084), (29.897637718847918, 11.78386480745445), (29.20782080381427, -18.295473111320877), (-28.15351296284326, 19.50270655274699), (-19.083001387260595, -5.277483902796304), (-13.199543332262701, -6.522758489187372), (28.93570652982108, 23.04031393415833)]
2021-07-28 23:11:59,320 [INFO] Desired_heading: 52.968464478692894
2021-07-28 23:11:59,320 [INFO] delta angle: 3.2489375396502025
2021-07-28 23:11:59,321 [INFO] sending message $BPRMB,221157.56,-3.2489375396502025,1,0,750,0,1*44
...
2021-07-28 23:12:00,323 [INFO] sending message $BPSTS,221200.32,1,BWSI Autonomy OK*46
...
2021-07-28 23:12:00,324 [INFO] Processing: $BFNVG,221157.87,4218.004948,N,07105.993041,W,0,10.0,1.0,50.1,0.0,0.0,221157.87*63
2021-07-28 23:12:00,327 [INFO] Interpreted as: {'position': (9.78680292260833, 8.921310625039041), 'latlon': (42.300082466666666, -71.09988401666666), 'heading': 50.1, 'depth': 1.0, 'altitude': 10.0, 'roll': 0.0, 'pitch': 0.0, 'last_fix_time': datetime.datetime(2021, 7, 28, 22, 11, 57), 'speed': None, 'rudder': 0, 'datum': (42.3, -71.1)}
2021-07-28 23:12:00,328 [INFO] Processing: $BFNVG,221158.23,4218.005046,N,07105.992891,W,0,10.0,1.0,50.4,0.0,0.0,221158.23*64
2021-07-28 23:12:00,331 [INFO] Interpreted as: {'position': (9.997360246139579, 9.097593469545245), 'latlon': (42.3000841, -71.09988151666667), 'heading': 50.4, 'depth': 1.0, 'altitude': 10.0, 'roll': 0.0, 'pitch': 0.0, 'last_fix_time': datetime.datetime(2021, 7, 28, 22, 11, 58), 'speed': None, 'rudder': 0, 'datum': (42.3, -71.1)}
2021-07-28 23:12:00,332 [INFO] Processing: $BFNVG,221158.58,4218.005143,N,07105.992739,W,0,10.0,1.0,50.6,0.0,0.0,221158.58*6F
2021-07-28 23:12:00,335 [INFO] Interpreted as: {'position': (10.21061964740511, 9.271957816556096), 'latlon': (42.300085716666665, -71.09987898333333), 'heading': 50.6, 'depth': 1.0, 'altitude': 10.0, 'roll': 0.0, 'pitch': 0.0, 'last_fix_time': datetime.datetime(2021, 7, 28, 22, 11, 58), 'speed': None, 'rudder': 0, 'datum': (42.3, -71.1)}
2021-07-28 23:12:00,337 [INFO] Processing: $BFNVG,221158.94,4218.005241,N,07105.992586,W,0,10.0,1.0,50.8,0.0,0.0,221158.94*66
2021-07-28 23:12:00,339 [INFO] Interpreted as: {'position': (10.425298583460972, 9.44813896343112), 'latlon': (42.30008735, -71.09987643333334), 'heading': 50.8, 'depth': 1.0, 'altitude': 10.0, 'roll': 0.0, 'pitch': 0.0, 'last_fix_time': datetime.datetime(2021, 7, 28, 22, 11, 58), 'speed': None, 'rudder': 0, 'datum': (42.3, -71.1)}
2021-07-28 23:12:00,340 [INFO] Processing: $BFNVG,221159.30,4218.005339,N,07105.992431,W,0,10.0,1.0,51.1,0.0,0.0,221159.30*6D
2021-07-28 23:12:00,343 [INFO] Interpreted as: {'position': (10.642725266516209, 9.624252310022712), 'latlon': (42.30008898333333, -71.09987385), 'heading': 51.1, 'depth': 1.0, 'altitude': 10.0, 'roll': 0.0, 'pitch': 0.0, 'last_fix_time': datetime.datetime(2021, 7, 28, 22, 11, 59), 'speed': None, 'rudder': 0, 'datum': (42.3, -71.1)}
2021-07-28 23:12:00,344 [INFO] Received from Frontseat: [b'$BFNVG,221157.87,4218.004948,N,07105.993041,W,0,10.0,1.0,50.1,0.0,0.0,221157.87*63', b'$BFNVG,221158.23,4218.005046,N,07105.992891,W,0,10.0,1.0,50.4,0.0,0.0,221158.23*64', b'$BFNVG,221158.58,4218.005143,N,07105.992739,W,0,10.0,1.0,50.6,0.0,0.0,221158.58*6F', b'$BFNVG,221158.94,4218.005241,N,07105.992586,W,0,10.0,1.0,50.8,0.0,0.0,221158.94*66', b'$BFNVG,221159.30,4218.005339,N,07105.992431,W,0,10.0,1.0,51.1,0.0,0.0,221159.30*6D']
2021-07-28 23:12:00,346 [INFO] AUV state: {'position': (10.642725266516209, 9.624252310022712), 'latlon': (42.30008898333333, -71.09987385), 'heading': 51.1, 'depth': 1.0, 'altitude': 10.0, 'roll': 0.0, 'pitch': 0.0, 'last_fix_time': datetime.datetime(2021, 7, 28, 22, 11, 59), 'speed': None, 'rudder': 0, 'datum': (42.3, -71.1)}
2021-07-28 23:12:00,850 [INFO] **** [] [(3.1001823811033398, 10.975126799772832), (-13.723710847609572, -2.486619890858063), (29.83673885294941, 11.629336648692849), (29.163462573651266, -18.21407737580515), (-28.14806612782292, 19.49258385054724), (-19.025042795695878, -5.177859845693616), (-13.143500655197203, -6.537831569608857), (4.721525160860012, -12.87382877663042)]
2021-07-28 23:12:00,852 [INFO] Next green buoy: [], next red buoy: [(3.1001823811033398, 10.975126799772832), (-13.723710847609572, -2.486619890858063), (29.83673885294941, 11.629336648692849), (29.163462573651266, -18.21407737580515), (-28.14806612782292, 19.49258385054724), (-19.025042795695878, -5.177859845693616), (-13.143500655197203, -6.537831569608857), (4.721525160860012, -12.87382877663042)]
2021-07-28 23:12:00,853 [INFO] Desired_heading: 54.20018238110334
2021-07-28 23:12:00,853 [INFO] delta angle: 3.290970896804442
2021-07-28 23:12:00,854 [INFO] sending message $BPRMB,221203.07,-3.290970896804442,1,0,750,0,1*74
...
2021-07-28 23:12:01,856 [INFO] sending message $BPSTS,221201.85,1,BWSI Autonomy OK*4b
...
2021-07-28 23:12:01,858 [INFO] Processing: $BFNVG,221159.66,4218.005435,N,07105.992279,W,0,10.0,1.0,51.3,0.0,0.0,221159.66*6E
2021-07-28 23:12:01,865 [INFO] Interpreted as: {'position': (10.85593896440696, 9.796765979379416), 'latlon': (42.300090583333336, -71.09987131666666), 'heading': 51.3, 'depth': 1.0, 'altitude': 10.0, 'roll': 0.0, 'pitch': 0.0, 'last_fix_time': datetime.datetime(2021, 7, 28, 22, 11, 59), 'speed': None, 'rudder': 0, 'datum': (42.3, -71.1)}
2021-07-28 23:12:01,867 [INFO] Processing: $BFNVG,221200.04,4218.005538,N,07105.992114,W,0,10.0,1.0,51.5,0.0,0.0,221200.04*6C
2021-07-28 23:12:01,869 [INFO] Interpreted as: {'position': (11.087332748167682, 9.981793796643615), 'latlon': (42.3000923, -71.09986856666667), 'heading': 51.5, 'depth': 1.0, 'altitude': 10.0, 'roll': 0.0, 'pitch': 0.0, 'last_fix_time': datetime.datetime(2021, 7, 28, 22, 12), 'speed': None, 'rudder': 0, 'datum': (42.3, -71.1)}
2021-07-28 23:12:01,871 [INFO] Processing: $BFNVG,221200.42,4218.005638,N,07105.991951,W,0,10.0,1.0,51.7,0.0,0.0,221200.42*67
2021-07-28 23:12:01,873 [INFO] Interpreted as: {'position': (11.315841756528243, 10.161337334662676), 'latlon': (42.300093966666665, -71.09986585), 'heading': 51.7, 'depth': 1.0, 'altitude': 10.0, 'roll': 0.0, 'pitch': 0.0, 'last_fix_time': datetime.datetime(2021, 7, 28, 22, 12), 'speed': None, 'rudder': 0, 'datum': (42.3, -71.1)}
2021-07-28 23:12:01,875 [INFO] Processing: $BFNVG,221200.80,4218.005739,N,07105.991786,W,0,10.0,1.0,52.0,0.0,0.0,221200.80*67
2021-07-28 23:12:01,877 [INFO] Interpreted as: {'position': (11.54714417771902, 10.342663771472871), 'latlon': (42.30009565, -71.0998631), 'heading': 52.0, 'depth': 1.0, 'altitude': 10.0, 'roll': 0.0, 'pitch': 0.0, 'last_fix_time': datetime.datetime(2021, 7, 28, 22, 12), 'speed': None, 'rudder': 0, 'datum': (42.3, -71.1)}
2021-07-28 23:12:01,879 [INFO] Received from Frontseat: [b'$BFNVG,221159.66,4218.005435,N,07105.992279,W,0,10.0,1.0,51.3,0.0,0.0,221159.66*6E', b'$BFNVG,221200.04,4218.005538,N,07105.992114,W,0,10.0,1.0,51.5,0.0,0.0,221200.04*6C', b'$BFNVG,221200.42,4218.005638,N,07105.991951,W,0,10.0,1.0,51.7,0.0,0.0,221200.42*67', b'$BFNVG,221200.80,4218.005739,N,07105.991786,W,0,10.0,1.0,52.0,0.0,0.0,221200.80*67']
2021-07-28 23:12:01,880 [INFO] AUV state: {'position': (11.54714417771902, 10.342663771472871), 'latlon': (42.30009565, -71.0998631), 'heading': 52.0, 'depth': 1.0, 'altitude': 10.0, 'roll': 0.0, 'pitch': 0.0, 'last_fix_time': datetime.datetime(2021, 7, 28, 22, 12), 'speed': None, 'rudder': 0, 'datum': (42.3, -71.1)}
2021-07-28 23:12:02,380 [INFO] **** [] [(3.2749526017126165, 10.872974694312028), (-14.127809084739596, -2.092988032856087), (29.869398841116716, 11.122368500134359), (29.15436180411931, -18.212040182691798), (-28.18623519549653, 19.46989670650256), (-19.14853089522113, -5.298869109891277), (2.774859732140273, -15.582205980222092), (-13.208103146874572, -6.4746158150366755), (0.7835637187887855, -15.422068403851224), (24.415548347685462, -13.596934772446762), (28.923847569618417, 23.027202397102794)]
2021-07-28 23:12:02,381 [INFO] Next green buoy: [], next red buoy: [(3.2749526017126165, 10.872974694312028), (-14.127809084739596, -2.092988032856087), (29.869398841116716, 11.122368500134359), (29.15436180411931, -18.212040182691798), (-28.18623519549653, 19.46989670650256), (-19.14853089522113, -5.298869109891277), (2.774859732140273, -15.582205980222092), (-13.208103146874572, -6.4746158150366755), (0.7835637187887855, -15.422068403851224), (24.415548347685462, -13.596934772446762), (28.923847569618417, 23.027202397102794)]
2021-07-28 23:12:02,382 [INFO] Desired_heading: 55.27495260171261
2021-07-28 23:12:02,383 [INFO] delta angle: 3.5244898203166635
2021-07-28 23:12:02,383 [INFO] sending message $BPRMB,221200.63,-3.5244898203166635,1,0,750,0,1*47
...
2021-07-28 23:12:03,385 [INFO] sending message $BPSTS,221203.38,1,BWSI Autonomy OK*4f
...
2021-07-28 23:12:03,387 [INFO] Processing: $BFNVG,221201.18,4218.005838,N,07105.991624,W,0,10.0,1.0,52.2,0.0,0.0,221201.18*62
2021-07-28 23:12:03,390 [INFO] Interpreted as: {'position': (11.774233615607955, 10.520390531048179), 'latlon': (42.3000973, -71.0998604), 'heading': 52.2, 'depth': 1.0, 'altitude': 10.0, 'roll': 0.0, 'pitch': 0.0, 'last_fix_time': datetime.datetime(2021, 7, 28, 22, 12, 1), 'speed': None, 'rudder': 0, 'datum': (42.3, -71.1)}
2021-07-28 23:12:03,391 [INFO] Processing: $BFNVG,221201.53,4218.005932,N,07105.991469,W,0,10.0,1.0,52.4,0.0,0.0,221201.53*64
2021-07-28 23:12:03,393 [INFO] Interpreted as: {'position': (11.991477553150617, 10.689101129770279), 'latlon': (42.300098866666666, -71.09985781666667), 'heading': 52.4, 'depth': 1.0, 'altitude': 10.0, 'roll': 0.0, 'pitch': 0.0, 'last_fix_time': datetime.datetime(2021, 7, 28, 22, 12, 1), 'speed': None, 'rudder': 0, 'datum': (42.3, -71.1)}
2021-07-28 23:12:03,395 [INFO] Processing: $BFNVG,221201.89,4218.006025,N,07105.991313,W,0,10.0,1.0,52.6,0.0,0.0,221201.89*60
2021-07-28 23:12:03,398 [INFO] Interpreted as: {'position': (12.210049690911546, 10.855927135795355), 'latlon': (42.300100416666666, -71.09985521666667), 'heading': 52.6, 'depth': 1.0, 'altitude': 10.0, 'roll': 0.0, 'pitch': 0.0, 'last_fix_time': datetime.datetime(2021, 7, 28, 22, 12, 1), 'speed': None, 'rudder': 0, 'datum': (42.3, -71.1)}
2021-07-28 23:12:03,399 [INFO] Processing: $BFNVG,221202.24,4218.006118,N,07105.991157,W,0,10.0,1.0,52.9,0.0,0.0,221202.24*62
2021-07-28 23:12:03,401 [INFO] Interpreted as: {'position': (12.428621816099621, 11.022753146477044), 'latlon': (42.300101966666666, -71.09985261666667), 'heading': 52.9, 'depth': 1.0, 'altitude': 10.0, 'roll': 0.0, 'pitch': 0.0, 'last_fix_time': datetime.datetime(2021, 7, 28, 22, 12, 2), 'speed': None, 'rudder': 0, 'datum': (42.3, -71.1)}
2021-07-28 23:12:03,403 [INFO] Received from Frontseat: [b'$BFNVG,221201.18,4218.005838,N,07105.991624,W,0,10.0,1.0,52.2,0.0,0.0,221201.18*62', b'$BFNVG,221201.53,4218.005932,N,07105.991469,W,0,10.0,1.0,52.4,0.0,0.0,221201.53*64', b'$BFNVG,221201.89,4218.006025,N,07105.991313,W,0,10.0,1.0,52.6,0.0,0.0,221201.89*60', b'$BFNVG,221202.24,4218.006118,N,07105.991157,W,0,10.0,1.0,52.9,0.0,0.0,221202.24*62']
2021-07-28 23:12:03,404 [INFO] AUV state: {'position': (12.428621816099621, 11.022753146477044), 'latlon': (42.300101966666666, -71.09985261666667), 'heading': 52.9, 'depth': 1.0, 'altitude': 10.0, 'roll': 0.0, 'pitch': 0.0, 'last_fix_time': datetime.datetime(2021, 7, 28, 22, 12, 2), 'speed': None, 'rudder': 0, 'datum': (42.3, -71.1)}
2021-07-28 23:12:03,911 [INFO] **** [] [(3.1153207490042543, 10.963659168120605), (-14.014453893515308, -2.6239870484016135), (29.882877413789803, 11.577941203624173), (29.16543009551304, -18.21320429887903), (-28.128939221948208, 19.504690775967422), (-18.99159328179441, -5.145239774718757), (-13.132532785041045, -6.562986579010658)]
2021-07-28 23:12:03,912 [INFO] Next green buoy: [], next red buoy: [(3.1153207490042543, 10.963659168120605), (-14.014453893515308, -2.6239870484016135), (29.882877413789803, 11.577941203624173), (29.16543009551304, -18.21320429887903), (-28.128939221948208, 19.504690775967422), (-18.99159328179441, -5.145239774718757), (-13.132532785041045, -6.562986579010658)]
2021-07-28 23:12:03,913 [INFO] Desired_heading: 56.01532074900425
2021-07-28 23:12:03,913 [INFO] delta angle: 3.311070641839772
2021-07-28 23:12:03,914 [INFO] sending message $BPRMB,221206.13,-3.311070641839772,1,0,750,0,1*7f
...
2021-07-28 23:12:04,916 [INFO] sending message $BPSTS,221204.91,1,BWSI Autonomy OK*4b
...
2021-07-28 23:12:04,917 [INFO] Processing: $BFNVG,221202.60,4218.006210,N,07105.991000,W,0,10.0,1.0,53.1,0.0,0.0,221202.60*63
2021-07-28 23:12:04,920 [INFO] Interpreted as: {'position': (12.648522139526904, 11.18769456539303), 'latlon': (42.3001035, -71.09985), 'heading': 53.1, 'depth': 1.0, 'altitude': 10.0, 'roll': 0.0, 'pitch': 0.0, 'last_fix_time': datetime.datetime(2021, 7, 28, 22, 12, 2), 'speed': None, 'rudder': 0, 'datum': (42.3, -71.1)}
2021-07-28 23:12:04,921 [INFO] Processing: $BFNVG,221202.96,4218.006302,N,07105.990843,W,0,10.0,1.0,53.3,0.0,0.0,221202.96*6D
2021-07-28 23:12:04,923 [INFO] Interpreted as: {'position': (12.868422454572283, 11.352635991759598), 'latlon': (42.30010503333333, -71.09984738333333), 'heading': 53.3, 'depth': 1.0, 'altitude': 10.0, 'roll': 0.0, 'pitch': 0.0, 'last_fix_time': datetime.datetime(2021, 7, 28, 22, 12, 2), 'speed': None, 'rudder': 0, 'datum': (42.3, -71.1)}
2021-07-28 23:12:04,924 [INFO] Processing: $BFNVG,221203.31,4218.006393,N,07105.990687,W,0,10.0,1.0,53.6,0.0,0.0,221203.31*66
2021-07-28 23:12:04,927 [INFO] Interpreted as: {'position': (13.086903210903984, 11.515760630369186), 'latlon': (42.30010655, -71.09984478333334), 'heading': 53.6, 'depth': 1.0, 'altitude': 10.0, 'roll': 0.0, 'pitch': 0.0, 'last_fix_time': datetime.datetime(2021, 7, 28, 22, 12, 3), 'speed': None, 'rudder': 0, 'datum': (42.3, -71.1)}
2021-07-28 23:12:04,928 [INFO] Processing: $BFNVG,221203.68,4218.006488,N,07105.990521,W,0,10.0,1.0,53.8,0.0,0.0,221203.68*6A
2021-07-28 23:12:04,931 [INFO] Interpreted as: {'position': (13.319305406417698, 11.685949037782848), 'latlon': (42.30010813333333, -71.09984201666667), 'heading': 53.8, 'depth': 1.0, 'altitude': 10.0, 'roll': 0.0, 'pitch': 0.0, 'last_fix_time': datetime.datetime(2021, 7, 28, 22, 12, 3), 'speed': None, 'rudder': 0, 'datum': (42.3, -71.1)}
2021-07-28 23:12:04,932 [INFO] Received from Frontseat: [b'$BFNVG,221202.60,4218.006210,N,07105.991000,W,0,10.0,1.0,53.1,0.0,0.0,221202.60*63', b'$BFNVG,221202.96,4218.006302,N,07105.990843,W,0,10.0,1.0,53.3,0.0,0.0,221202.96*6D', b'$BFNVG,221203.31,4218.006393,N,07105.990687,W,0,10.0,1.0,53.6,0.0,0.0,221203.31*66', b'$BFNVG,221203.68,4218.006488,N,07105.990521,W,0,10.0,1.0,53.8,0.0,0.0,221203.68*6A']
2021-07-28 23:12:04,933 [INFO] AUV state: {'position': (13.319305406417698, 11.685949037782848), 'latlon': (42.30010813333333, -71.09984201666667), 'heading': 53.8, 'depth': 1.0, 'altitude': 10.0, 'roll': 0.0, 'pitch': 0.0, 'last_fix_time': datetime.datetime(2021, 7, 28, 22, 12, 3), 'speed': None, 'rudder': 0, 'datum': (42.3, -71.1)}
2021-07-28 23:12:05,468 [INFO] **** [] [(3.287303675136723, 10.88646485807473), (-15.70435855611381, -1.8490632598137942), (29.804906545782515, 11.318251351306237), (29.167171436281794, -18.23303966182296), (-28.125717882731454, 19.51630951146774), (-9.748611043193184, -19.9141966721418), (-13.070245035167183, -6.609184978943502)]
2021-07-28 23:12:05,469 [INFO] Next green buoy: [], next red buoy: [(3.287303675136723, 10.88646485807473), (-15.70435855611381, -1.8490632598137942), (29.804906545782515, 11.318251351306237), (29.167171436281794, -18.23303966182296), (-28.125717882731454, 19.51630951146774), (-9.748611043193184, -19.9141966721418), (-13.070245035167183, -6.609184978943502)]
2021-07-28 23:12:05,470 [INFO] Desired_heading: 57.087303675136724
2021-07-28 23:12:05,470 [INFO] delta angle: 3.5411128604438025
2021-07-28 23:12:05,471 [INFO] sending message $BPRMB,221203.69,-3.5411128604438025,1,0,750,0,1*40
...
2021-07-28 23:12:06,473 [INFO] sending message $BPSTS,221206.47,1,BWSI Autonomy OK*42
...
2021-07-28 23:12:06,474 [INFO] Processing: $BFNVG,221204.04,4218.006578,N,07105.990363,W,0,10.0,1.0,54.0,0.0,0.0,221204.04*6B
2021-07-28 23:12:06,477 [INFO] Interpreted as: {'position': (13.54048822785262, 11.847155186347663), 'latlon': (42.300109633333335, -71.09983938333333), 'heading': 54.0, 'depth': 1.0, 'altitude': 10.0, 'roll': 0.0, 'pitch': 0.0, 'last_fix_time': datetime.datetime(2021, 7, 28, 22, 12, 4), 'speed': None, 'rudder': 0, 'datum': (42.3, -71.1)}
2021-07-28 23:12:06,478 [INFO] Processing: $BFNVG,221204.39,4218.006667,N,07105.990204,W,0,10.0,1.0,54.3,0.0,0.0,221204.39*65
2021-07-28 23:12:06,480 [INFO] Interpreted as: {'position': (13.762999247875996, 12.006476742215455), 'latlon': (42.30011111666666, -71.09983673333333), 'heading': 54.3, 'depth': 1.0, 'altitude': 10.0, 'roll': 0.0, 'pitch': 0.0, 'last_fix_time': datetime.datetime(2021, 7, 28, 22, 12, 4), 'speed': None, 'rudder': 0, 'datum': (42.3, -71.1)}
2021-07-28 23:12:06,482 [INFO] Processing: $BFNVG,221204.75,4218.006756,N,07105.990046,W,0,10.0,1.0,54.5,0.0,0.0,221204.75*64
2021-07-28 23:12:06,484 [INFO] Interpreted as: {'position': (13.984136382467113, 12.16583220846951), 'latlon': (42.3001126, -71.0998341), 'heading': 54.5, 'depth': 1.0, 'altitude': 10.0, 'roll': 0.0, 'pitch': 0.0, 'last_fix_time': datetime.datetime(2021, 7, 28, 22, 12, 4), 'speed': None, 'rudder': 0, 'datum': (42.3, -71.1)}
2021-07-28 23:12:06,485 [INFO] Processing: $BFNVG,221205.10,4218.006845,N,07105.989886,W,0,10.0,1.0,54.7,0.0,0.0,221205.10*67
2021-07-28 23:12:06,488 [INFO] Interpreted as: {'position': (14.208021259400994, 12.325119876302779), 'latlon': (42.300114083333334, -71.09983143333334), 'heading': 54.7, 'depth': 1.0, 'altitude': 10.0, 'roll': 0.0, 'pitch': 0.0, 'last_fix_time': datetime.datetime(2021, 7, 28, 22, 12, 5), 'speed': None, 'rudder': 0, 'datum': (42.3, -71.1)}
2021-07-28 23:12:06,489 [INFO] Received from Frontseat: [b'$BFNVG,221204.04,4218.006578,N,07105.990363,W,0,10.0,1.0,54.0,0.0,0.0,221204.04*6B', b'$BFNVG,221204.39,4218.006667,N,07105.990204,W,0,10.0,1.0,54.3,0.0,0.0,221204.39*65', b'$BFNVG,221204.75,4218.006756,N,07105.990046,W,0,10.0,1.0,54.5,0.0,0.0,221204.75*64', b'$BFNVG,221205.10,4218.006845,N,07105.989886,W,0,10.0,1.0,54.7,0.0,0.0,221205.10*67']
2021-07-28 23:12:06,490 [INFO] AUV state: {'position': (14.208021259400994, 12.325119876302779), 'latlon': (42.300114083333334, -71.09983143333334), 'heading': 54.7, 'depth': 1.0, 'altitude': 10.0, 'roll': 0.0, 'pitch': 0.0, 'last_fix_time': datetime.datetime(2021, 7, 28, 22, 12, 5), 'speed': None, 'rudder': 0, 'datum': (42.3, -71.1)}
2021-07-28 23:12:07,013 [INFO] **** [] [(-1.6063213561819387, 12.311001217293235), (-15.50061840148733, -2.202511811885628), (29.3157551996661, 10.891242384910539), (28.96458306865022, -16.50760737654931), (9.75034616825569, -23.18906828498654), (-9.885837136222591, -19.876267156023903), (13.000880583875729, -22.06429022490098), (23.9373106514567, -13.57401553896403), (-15.495083776456152, -6.413469034432595)]
2021-07-28 23:12:07,014 [INFO] Next green buoy: [], next red buoy: [(-1.6063213561819387, 12.311001217293235), (-15.50061840148733, -2.202511811885628), (29.3157551996661, 10.891242384910539), (28.96458306865022, -16.50760737654931), (9.75034616825569, -23.18906828498654), (-9.885837136222591, -19.876267156023903), (13.000880583875729, -22.06429022490098), (23.9373106514567, -13.57401553896403), (-15.495083776456152, -6.413469034432595)]
2021-07-28 23:12:07,014 [INFO] Desired_heading: 53.093678643818066
2021-07-28 23:12:07,015 [INFO] delta angle: -1.446706819728604
2021-07-28 23:12:07,016 [INFO] sending message $BPRMB,221209.25,1.446706819728604,1,0,750,0,1*55
...
