2021-07-29 04:17:49,506 [INFO] host = 192.168.1.213, port = 29500
2021-07-29 04:17:53,544 [INFO] sending message $BPLOG,ACK,ON*1e
...
2021-07-29 04:17:53,545 [INFO] sending message $BPLOG,ALL,ON*16
...
2021-07-29 04:17:53,546 [INFO] sending message $BPSTS,031753.54,1,BWSI Autonomy OK*46
...
2021-07-29 04:17:53,547 [INFO] Received from Frontseat: []
2021-07-29 04:17:53,548 [INFO] AUV state: {'position': (None, None), 'latlon': None, 'heading': None, 'depth': None, 'altitude': None, 'roll': None, 'pitch': None, 'last_fix_time': None, 'speed': None, 'rudder': 0}
2021-07-29 04:17:54,550 [INFO] sending message $BPSTS,031754.54,1,BWSI Autonomy OK*41
...
2021-07-29 04:17:54,551 [INFO] Processing: $BFNVG,031753.29,4218.000000,N,07106.000000,W,0,10.0,1.0,45.0,0.0,0.0,031753.29*62
2021-07-29 04:17:54,557 [INFO] Interpreted as: {'position': (0, 0), 'latlon': (42.3, -71.1), 'heading': 45.0, 'depth': 1.0, 'altitude': 10.0, 'roll': 0.0, 'pitch': 0.0, 'last_fix_time': datetime.datetime(2021, 7, 29, 3, 17, 53), 'speed': None, 'rudder': 0, 'datum': (42.3, -71.1)}
2021-07-29 04:17:54,558 [INFO] Processing: $BFNVG,031753.54,4218.000000,N,07106.000000,W,0,10.0,1.0,45.0,0.0,0.0,031753.54*62
2021-07-29 04:17:54,560 [INFO] Interpreted as: {'position': (0.0, 0.0), 'latlon': (42.3, -71.1), 'heading': 45.0, 'depth': 1.0, 'altitude': 10.0, 'roll': 0.0, 'pitch': 0.0, 'last_fix_time': datetime.datetime(2021, 7, 29, 3, 17, 53), 'speed': None, 'rudder': 0, 'datum': (42.3, -71.1)}
2021-07-29 04:17:54,561 [INFO] Processing: $BFNVG,031753.94,4218.000000,N,07106.000000,W,0,10.0,1.0,45.0,0.0,0.0,031753.94*62
2021-07-29 04:17:54,563 [INFO] Interpreted as: {'position': (0.0, 0.0), 'latlon': (42.3, -71.1), 'heading': 45.0, 'depth': 1.0, 'altitude': 10.0, 'roll': 0.0, 'pitch': 0.0, 'last_fix_time': datetime.datetime(2021, 7, 29, 3, 17, 53), 'speed': None, 'rudder': 0, 'datum': (42.3, -71.1)}
2021-07-29 04:17:54,564 [INFO] Received from Frontseat: [b'$BFNVG,031753.29,4218.000000,N,07106.000000,W,0,10.0,1.0,45.0,0.0,0.0,031753.29*62', b'$BFNVG,031753.54,4218.000000,N,07106.000000,W,0,10.0,1.0,45.0,0.0,0.0,031753.54*62', b'$BFNVG,031753.94,4218.000000,N,07106.000000,W,0,10.0,1.0,45.0,0.0,0.0,031753.94*62']
2021-07-29 04:17:54,565 [INFO] AUV state: {'position': (0.0, 0.0), 'latlon': (42.3, -71.1), 'heading': 45.0, 'depth': 1.0, 'altitude': 10.0, 'roll': 0.0, 'pitch': 0.0, 'last_fix_time': datetime.datetime(2021, 7, 29, 3, 17, 53), 'speed': None, 'rudder': 0, 'datum': (42.3, -71.1)}
2021-07-29 04:17:54,880 [INFO] **** [(-0.21993023293121178, -7.6862156757158235)] [(15.437560812208067, -7.329055330858309)]
2021-07-29 04:17:54,882 [INFO] Next green buoy: [(-0.21993023293121178, -7.6862156757158235)], next red buoy: [(15.437560812208067, -7.329055330858309)]
2021-07-29 04:17:54,883 [INFO] Desired_heading: 52.60881528963843
2021-07-29 04:17:54,883 [INFO] delta angle: 25
2021-07-29 04:17:54,884 [INFO] sending message $BPRMB,031755.54,-25,1,0,750,0,1*51
...
2021-07-29 04:17:55,885 [INFO] sending message $BPSTS,031755.88,1,BWSI Autonomy OK*41
...
2021-07-29 04:17:55,887 [INFO] Processing: $BFNVG,031754.28,4218.000000,N,07106.000000,W,0,10.0,1.0,45.0,0.0,0.0,031754.28*62
2021-07-29 04:17:55,889 [INFO] Interpreted as: {'position': (0.0, 0.0), 'latlon': (42.3, -71.1), 'heading': 45.0, 'depth': 1.0, 'altitude': 10.0, 'roll': 0.0, 'pitch': 0.0, 'last_fix_time': datetime.datetime(2021, 7, 29, 3, 17, 54), 'speed': None, 'rudder': 0, 'datum': (42.3, -71.1)}
2021-07-29 04:17:55,890 [INFO] Processing: $BFNVG,031754.62,4218.000000,N,07106.000000,W,0,10.0,1.0,45.0,0.0,0.0,031754.62*62
2021-07-29 04:17:55,893 [INFO] Interpreted as: {'position': (0.0, 0.0), 'latlon': (42.3, -71.1), 'heading': 45.0, 'depth': 1.0, 'altitude': 10.0, 'roll': 0.0, 'pitch': 0.0, 'last_fix_time': datetime.datetime(2021, 7, 29, 3, 17, 54), 'speed': None, 'rudder': 0, 'datum': (42.3, -71.1)}
2021-07-29 04:17:55,894 [INFO] Received from Frontseat: [b'$BFNVG,031754.28,4218.000000,N,07106.000000,W,0,10.0,1.0,45.0,0.0,0.0,031754.28*62', b'$BFNVG,031754.62,4218.000000,N,07106.000000,W,0,10.0,1.0,45.0,0.0,0.0,031754.62*62']
2021-07-29 04:17:55,895 [INFO] AUV state: {'position': (0.0, 0.0), 'latlon': (42.3, -71.1), 'heading': 45.0, 'depth': 1.0, 'altitude': 10.0, 'roll': 0.0, 'pitch': 0.0, 'last_fix_time': datetime.datetime(2021, 7, 29, 3, 17, 54), 'speed': None, 'rudder': 0, 'datum': (42.3, -71.1)}
2021-07-29 04:17:56,222 [INFO] **** [(-0.22035521470194389, -7.708961974233651)] [(15.437560812208067, -7.333901112744751)]
2021-07-29 04:17:56,225 [INFO] Next green buoy: [(-0.22035521470194389, -7.708961974233651)], next red buoy: [(15.437560812208067, -7.333901112744751)]
2021-07-29 04:17:56,225 [INFO] Desired_heading: 52.60860279875306
2021-07-29 04:17:56,226 [INFO] delta angle: 25
2021-07-29 04:17:56,226 [INFO] sending message $BPRMB,031756.23,-25,1,0,750,0,1*52
...
2021-07-29 04:17:57,228 [INFO] sending message $BPSTS,031757.22,1,BWSI Autonomy OK*43
...
2021-07-29 04:17:57,230 [INFO] Processing: $BFNVG,031754.96,4218.000000,N,07106.000000,W,0,10.0,1.0,45.0,0.0,0.0,031754.96*62
2021-07-29 04:17:57,232 [INFO] Interpreted as: {'position': (0.0, 0.0), 'latlon': (42.3, -71.1), 'heading': 45.0, 'depth': 1.0, 'altitude': 10.0, 'roll': 0.0, 'pitch': 0.0, 'last_fix_time': datetime.datetime(2021, 7, 29, 3, 17, 54), 'speed': None, 'rudder': 0, 'datum': (42.3, -71.1)}
2021-07-29 04:17:57,233 [INFO] Processing: $BFNVG,031755.30,4218.000102,N,07105.999866,W,0,10.0,1.0,46.6,0.0,0.0,031755.30*66
2021-07-29 04:17:57,235 [INFO] Interpreted as: {'position': (0.18875844439025968, 0.18422783445566893), 'latlon': (42.3000017, -71.09999776666666), 'heading': 46.6, 'depth': 1.0, 'altitude': 10.0, 'roll': 0.0, 'pitch': 0.0, 'last_fix_time': datetime.datetime(2021, 7, 29, 3, 17, 55), 'speed': None, 'rudder': 0, 'datum': (42.3, -71.1)}
2021-07-29 04:17:57,236 [INFO] Processing: $BFNVG,031755.64,4218.000200,N,07105.999729,W,0,10.0,1.0,48.2,0.0,0.0,031755.64*69
2021-07-29 04:17:57,238 [INFO] Interpreted as: {'position': (0.3814558321610093, 0.3609511675313115), 'latlon': (42.300003333333336, -71.09999548333333), 'heading': 48.2, 'depth': 1.0, 'altitude': 10.0, 'roll': 0.0, 'pitch': 0.0, 'last_fix_time': datetime.datetime(2021, 7, 29, 3, 17, 55), 'speed': None, 'rudder': 0, 'datum': (42.3, -71.1)}
2021-07-29 04:17:57,239 [INFO] Processing: $BFNVG,031755.98,4218.000296,N,07105.999587,W,0,10.0,1.0,49.8,0.0,0.0,031755.98*6B
2021-07-29 04:17:57,241 [INFO] Interpreted as: {'position': (0.580931265023537, 0.5338035859167576), 'latlon': (42.300004933333334, -71.09999311666667), 'heading': 49.8, 'depth': 1.0, 'altitude': 10.0, 'roll': 0.0, 'pitch': 0.0, 'last_fix_time': datetime.datetime(2021, 7, 29, 3, 17, 55), 'speed': None, 'rudder': 0, 'datum': (42.3, -71.1)}
2021-07-29 04:17:57,243 [INFO] Received from Frontseat: [b'$BFNVG,031754.96,4218.000000,N,07106.000000,W,0,10.0,1.0,45.0,0.0,0.0,031754.96*62', b'$BFNVG,031755.30,4218.000102,N,07105.999866,W,0,10.0,1.0,46.6,0.0,0.0,031755.30*66', b'$BFNVG,031755.64,4218.000200,N,07105.999729,W,0,10.0,1.0,48.2,0.0,0.0,031755.64*69', b'$BFNVG,031755.98,4218.000296,N,07105.999587,W,0,10.0,1.0,49.8,0.0,0.0,031755.98*6B']
2021-07-29 04:17:57,243 [INFO] AUV state: {'position': (0.580931265023537, 0.5338035859167576), 'latlon': (42.300004933333334, -71.09999311666667), 'heading': 49.8, 'depth': 1.0, 'altitude': 10.0, 'roll': 0.0, 'pitch': 0.0, 'last_fix_time': datetime.datetime(2021, 7, 29, 3, 17, 55), 'speed': None, 'rudder': 0, 'datum': (42.3, -71.1)}
2021-07-29 04:17:57,570 [INFO] **** [(-5.917651028887651, -8.416713146262568)] [(11.72579386104566, -8.232310326465793)]
2021-07-29 04:17:57,572 [INFO] Next green buoy: [(-5.917651028887651, -8.416713146262568)], next red buoy: [(11.72579386104566, -8.232310326465793)]
2021-07-29 04:17:57,572 [INFO] Desired_heading: 52.704071416079
2021-07-29 04:17:57,573 [INFO] delta angle: 5.622420526458082
2021-07-29 04:17:57,573 [INFO] sending message $BPRMB,031758.22,-5.622420526458082,1,0,750,0,1*73
...
2021-07-29 04:17:58,575 [INFO] sending message $BPSTS,031758.57,1,BWSI Autonomy OK*4e
...
2021-07-29 04:17:58,576 [INFO] Processing: $BFNVG,031756.33,4218.000391,N,07105.999439,W,0,10.0,1.0,51.4,0.0,0.0,031756.33*6C
2021-07-29 04:17:58,578 [INFO] Interpreted as: {'position': (0.7886042940663174, 0.7046018857508898), 'latlon': (42.30000651666667, -71.09999065), 'heading': 51.4, 'depth': 1.0, 'altitude': 10.0, 'roll': 0.0, 'pitch': 0.0, 'last_fix_time': datetime.datetime(2021, 7, 29, 3, 17, 56), 'speed': None, 'rudder': 0, 'datum': (42.3, -71.1)}
2021-07-29 04:17:58,579 [INFO] Processing: $BFNVG,031756.67,4218.000481,N,07105.999290,W,0,10.0,1.0,53.0,0.0,0.0,031756.67*69
2021-07-29 04:17:58,581 [INFO] Interpreted as: {'position': (0.9974228356732056, 0.8661127993836999), 'latlon': (42.300008016666666, -71.09998816666666), 'heading': 53.0, 'depth': 1.0, 'altitude': 10.0, 'roll': 0.0, 'pitch': 0.0, 'last_fix_time': datetime.datetime(2021, 7, 29, 3, 17, 56), 'speed': None, 'rudder': 0, 'datum': (42.3, -71.1)}
2021-07-29 04:17:58,582 [INFO] Processing: $BFNVG,031757.02,4218.000569,N,07105.999136,W,0,10.0,1.0,54.7,0.0,0.0,031757.02*61
2021-07-29 04:17:58,584 [INFO] Interpreted as: {'position': (1.21301941992715, 1.0237528020516038), 'latlon': (42.30000948333333, -71.0999856), 'heading': 54.7, 'depth': 1.0, 'altitude': 10.0, 'roll': 0.0, 'pitch': 0.0, 'last_fix_time': datetime.datetime(2021, 7, 29, 3, 17, 57), 'speed': None, 'rudder': 0, 'datum': (42.3, -71.1)}
2021-07-29 04:17:58,585 [INFO] Processing: $BFNVG,031757.36,4218.000654,N,07105.998979,W,0,10.0,1.0,56.3,0.0,0.0,031757.36*68
2021-07-29 04:17:58,587 [INFO] Interpreted as: {'position': (1.4326006178744137, 1.1757390024140477), 'latlon': (42.3000109, -71.09998298333333), 'heading': 56.3, 'depth': 1.0, 'altitude': 10.0, 'roll': 0.0, 'pitch': 0.0, 'last_fix_time': datetime.datetime(2021, 7, 29, 3, 17, 57), 'speed': None, 'rudder': 0, 'datum': (42.3, -71.1)}
2021-07-29 04:17:58,589 [INFO] Received from Frontseat: [b'$BFNVG,031756.33,4218.000391,N,07105.999439,W,0,10.0,1.0,51.4,0.0,0.0,031756.33*6C', b'$BFNVG,031756.67,4218.000481,N,07105.999290,W,0,10.0,1.0,53.0,0.0,0.0,031756.67*69', b'$BFNVG,031757.02,4218.000569,N,07105.999136,W,0,10.0,1.0,54.7,0.0,0.0,031757.02*61', b'$BFNVG,031757.36,4218.000654,N,07105.998979,W,0,10.0,1.0,56.3,0.0,0.0,031757.36*68']
2021-07-29 04:17:58,590 [INFO] AUV state: {'position': (1.4326006178744137, 1.1757390024140477), 'latlon': (42.3000109, -71.09998298333333), 'heading': 56.3, 'depth': 1.0, 'altitude': 10.0, 'roll': 0.0, 'pitch': 0.0, 'last_fix_time': datetime.datetime(2021, 7, 29, 3, 17, 57), 'speed': None, 'rudder': 0, 'datum': (42.3, -71.1)}
2021-07-29 04:17:58,910 [INFO] **** [(-14.481715203521452, -9.866115156602701)] [(5.994369662747136, -9.46986732806577)]
2021-07-29 04:17:58,912 [INFO] Next green buoy: [(-14.481715203521452, -9.866115156602701)], next red buoy: [(5.994369662747136, -9.46986732806577)]
2021-07-29 04:17:58,913 [INFO] Desired_heading: 52.05632722961284
2021-07-29 04:17:58,913 [INFO] delta angle: -12.005839054750254
2021-07-29 04:17:58,914 [INFO] sending message $BPRMB,031758.92,12.005839054750254,1,0,750,0,1*66
...
2021-07-29 04:17:59,915 [INFO] sending message $BPSTS,031759.91,1,BWSI Autonomy OK*45
...
2021-07-29 04:17:59,917 [INFO] Processing: $BFNVG,031757.70,4218.000734,N,07105.998821,W,0,10.0,1.0,57.9,0.0,0.0,031757.70*68
2021-07-29 04:17:59,920 [INFO] Interpreted as: {'position': (1.6533273295499384, 1.318437822163105), 'latlon': (42.300012233333334, -71.09998035), 'heading': 57.9, 'depth': 1.0, 'altitude': 10.0, 'roll': 0.0, 'pitch': 0.0, 'last_fix_time': datetime.datetime(2021, 7, 29, 3, 17, 57), 'speed': None, 'rudder': 0, 'datum': (42.3, -71.1)}
2021-07-29 04:17:59,921 [INFO] Processing: $BFNVG,031758.05,4218.000812,N,07105.998660,W,0,10.0,1.0,58.2,0.0,0.0,031758.05*6C
2021-07-29 04:17:59,924 [INFO] Interpreted as: {'position': (1.878084325348027, 1.4573335405439138), 'latlon': (42.300013533333335, -71.09997766666666), 'heading': 58.2, 'depth': 1.0, 'altitude': 10.0, 'roll': 0.0, 'pitch': 0.0, 'last_fix_time': datetime.datetime(2021, 7, 29, 3, 17, 58), 'speed': None, 'rudder': 0, 'datum': (42.3, -71.1)}
2021-07-29 04:17:59,926 [INFO] Processing: $BFNVG,031758.39,4218.000890,N,07105.998499,W,0,10.0,1.0,58.6,0.0,0.0,031758.39*66
2021-07-29 04:17:59,928 [INFO] Interpreted as: {'position': (2.1028413120657206, 1.5962292635813355), 'latlon': (42.300014833333336, -71.09997498333334), 'heading': 58.6, 'depth': 1.0, 'altitude': 10.0, 'roll': 0.0, 'pitch': 0.0, 'last_fix_time': datetime.datetime(2021, 7, 29, 3, 17, 58), 'speed': None, 'rudder': 0, 'datum': (42.3, -71.1)}
2021-07-29 04:17:59,930 [INFO] Processing: $BFNVG,031758.73,4218.000967,N,07105.998337,W,0,10.0,1.0,59.0,0.0,0.0,031758.73*6B
2021-07-29 04:17:59,932 [INFO] Interpreted as: {'position': (2.3289264977211133, 1.733240393921733), 'latlon': (42.30001611666667, -71.09997228333333), 'heading': 59.0, 'depth': 1.0, 'altitude': 10.0, 'roll': 0.0, 'pitch': 0.0, 'last_fix_time': datetime.datetime(2021, 7, 29, 3, 17, 58), 'speed': None, 'rudder': 0, 'datum': (42.3, -71.1)}
2021-07-29 04:17:59,933 [INFO] Received from Frontseat: [b'$BFNVG,031757.70,4218.000734,N,07105.998821,W,0,10.0,1.0,57.9,0.0,0.0,031757.70*68', b'$BFNVG,031758.05,4218.000812,N,07105.998660,W,0,10.0,1.0,58.2,0.0,0.0,031758.05*6C', b'$BFNVG,031758.39,4218.000890,N,07105.998499,W,0,10.0,1.0,58.6,0.0,0.0,031758.39*66', b'$BFNVG,031758.73,4218.000967,N,07105.998337,W,0,10.0,1.0,59.0,0.0,0.0,031758.73*6B']
2021-07-29 04:17:59,934 [INFO] AUV state: {'position': (2.3289264977211133, 1.733240393921733), 'latlon': (42.30001611666667, -71.09997228333333), 'heading': 59.0, 'depth': 1.0, 'altitude': 10.0, 'roll': 0.0, 'pitch': 0.0, 'last_fix_time': datetime.datetime(2021, 7, 29, 3, 17, 58), 'speed': None, 'rudder': 0, 'datum': (42.3, -71.1)}
2021-07-29 04:18:00,246 [INFO] **** [(-20.348264951144262, -11.942876218410447)] [(3.8085106112566027, -11.402044580566404)]
2021-07-29 04:18:00,248 [INFO] Next green buoy: [(-20.348264951144262, -11.942876218410447)], next red buoy: [(3.8085106112566027, -11.402044580566404)]
2021-07-29 04:18:00,248 [INFO] Desired_heading: 50.730122830056175
2021-07-29 04:18:00,249 [INFO] delta angle: -25
2021-07-29 04:18:00,250 [INFO] sending message $BPRMB,031800.90,25,1,0,750,0,1*7b
...
2021-07-29 04:18:01,251 [INFO] sending message $BPSTS,031801.25,1,BWSI Autonomy OK*48
...
2021-07-29 04:18:01,253 [INFO] Processing: $BFNVG,031759.07,4218.001043,N,07105.998175,W,0,10.0,1.0,59.3,0.0,0.0,031759.07*62
2021-07-29 04:18:01,255 [INFO] Interpreted as: {'position': (2.554966002877336, 1.868400833569467), 'latlon': (42.30001738333333, -71.09996958333333), 'heading': 59.3, 'depth': 1.0, 'altitude': 10.0, 'roll': 0.0, 'pitch': 0.0, 'last_fix_time': datetime.datetime(2021, 7, 29, 3, 17, 59), 'speed': None, 'rudder': 0, 'datum': (42.3, -71.1)}
2021-07-29 04:18:01,256 [INFO] Processing: $BFNVG,031759.43,4218.001122,N,07105.998007,W,0,10.0,1.0,58.5,0.0,0.0,031759.43*67
2021-07-29 04:18:01,258 [INFO] Interpreted as: {'position': (2.789385791751556, 2.008909944444895), 'latlon': (42.3000187, -71.09996678333333), 'heading': 58.5, 'depth': 1.0, 'altitude': 10.0, 'roll': 0.0, 'pitch': 0.0, 'last_fix_time': datetime.datetime(2021, 7, 29, 3, 17, 59), 'speed': None, 'rudder': 0, 'datum': (42.3, -71.1)}
2021-07-29 04:18:01,259 [INFO] Processing: $BFNVG,031759.79,4218.001205,N,07105.997838,W,0,10.0,1.0,57.7,0.0,0.0,031759.79*67
2021-07-29 04:18:01,261 [INFO] Interpreted as: {'position': (3.025362133688759, 2.156787946820259), 'latlon': (42.30002008333334, -71.09996396666666), 'heading': 57.7, 'depth': 1.0, 'altitude': 10.0, 'roll': 0.0, 'pitch': 0.0, 'last_fix_time': datetime.datetime(2021, 7, 29, 3, 17, 59), 'speed': None, 'rudder': 0, 'datum': (42.3, -71.1)}
2021-07-29 04:18:01,262 [INFO] Processing: $BFNVG,031800.14,4218.001287,N,07105.997675,W,0,10.0,1.0,56.9,0.0,0.0,031800.14*65
2021-07-29 04:18:01,265 [INFO] Interpreted as: {'position': (3.2530495182145387, 2.303018686361611), 'latlon': (42.30002145, -71.09996125), 'heading': 56.9, 'depth': 1.0, 'altitude': 10.0, 'roll': 0.0, 'pitch': 0.0, 'last_fix_time': datetime.datetime(2021, 7, 29, 3, 18), 'speed': None, 'rudder': 0, 'datum': (42.3, -71.1)}
2021-07-29 04:18:01,266 [INFO] Received from Frontseat: [b'$BFNVG,031759.07,4218.001043,N,07105.998175,W,0,10.0,1.0,59.3,0.0,0.0,031759.07*62', b'$BFNVG,031759.43,4218.001122,N,07105.998007,W,0,10.0,1.0,58.5,0.0,0.0,031759.43*67', b'$BFNVG,031759.79,4218.001205,N,07105.997838,W,0,10.0,1.0,57.7,0.0,0.0,031759.79*67', b'$BFNVG,031800.14,4218.001287,N,07105.997675,W,0,10.0,1.0,56.9,0.0,0.0,031800.14*65']
2021-07-29 04:18:01,267 [INFO] AUV state: {'position': (3.2530495182145387, 2.303018686361611), 'latlon': (42.30002145, -71.09996125), 'heading': 56.9, 'depth': 1.0, 'altitude': 10.0, 'roll': 0.0, 'pitch': 0.0, 'last_fix_time': datetime.datetime(2021, 7, 29, 3, 18), 'speed': None, 'rudder': 0, 'datum': (42.3, -71.1)}
2021-07-29 04:18:01,612 [INFO] **** [(-22.967348646985798, -14.847482591213769)] [(7.190306897639776, -14.387563552405725), (-15.286411422728035, -4.595925325079755)]
2021-07-29 04:18:01,614 [INFO] Next green buoy: [(-22.967348646985798, -14.847482591213769)], next red buoy: [(7.190306897639776, -14.387563552405725), (-15.286411422728035, -4.595925325079755)]
2021-07-29 04:18:01,615 [INFO] Desired_heading: 49.011479125326986
2021-07-29 04:18:01,615 [INFO] delta angle: -25
2021-07-29 04:18:01,615 [INFO] sending message $BPRMB,031801.59,25,1,0,750,0,1*7f
...
2021-07-29 04:18:02,617 [INFO] sending message $BPSTS,031802.61,1,BWSI Autonomy OK*4b
...
2021-07-29 04:18:02,619 [INFO] Processing: $BFNVG,031800.48,4218.001368,N,07105.997518,W,0,10.0,1.0,56.2,0.0,0.0,031800.48*66
2021-07-29 04:18:02,621 [INFO] Interpreted as: {'position': (3.472447948064655, 2.447602161206305), 'latlon': (42.3000228, -71.09995863333333), 'heading': 56.2, 'depth': 1.0, 'altitude': 10.0, 'roll': 0.0, 'pitch': 0.0, 'last_fix_time': datetime.datetime(2021, 7, 29, 3, 18), 'speed': None, 'rudder': 0, 'datum': (42.3, -71.1)}
2021-07-29 04:18:02,622 [INFO] Processing: $BFNVG,031800.82,4218.001451,N,07105.997364,W,0,10.0,1.0,54.6,0.0,0.0,031800.82*60
2021-07-29 04:18:02,624 [INFO] Interpreted as: {'position': (3.6878160711494274, 2.5959887513890862), 'latlon': (42.300024183333335, -71.09995606666666), 'heading': 54.6, 'depth': 1.0, 'altitude': 10.0, 'roll': 0.0, 'pitch': 0.0, 'last_fix_time': datetime.datetime(2021, 7, 29, 3, 18), 'speed': None, 'rudder': 0, 'datum': (42.3, -71.1)}
2021-07-29 04:18:02,626 [INFO] Processing: $BFNVG,031801.16,4218.001538,N,07105.997212,W,0,10.0,1.0,53.0,0.0,0.0,031801.16*6F
2021-07-29 04:18:02,628 [INFO] Interpreted as: {'position': (3.900619110907428, 2.751845942810178), 'latlon': (42.300025633333334, -71.09995353333333), 'heading': 53.0, 'depth': 1.0, 'altitude': 10.0, 'roll': 0.0, 'pitch': 0.0, 'last_fix_time': datetime.datetime(2021, 7, 29, 3, 18, 1), 'speed': None, 'rudder': 0, 'datum': (42.3, -71.1)}
2021-07-29 04:18:02,630 [INFO] Processing: $BFNVG,031801.50,4218.001628,N,07105.997064,W,0,10.0,1.0,51.4,0.0,0.0,031801.50*68
2021-07-29 04:18:02,633 [INFO] Interpreted as: {'position': (4.108063637511805, 2.913390850648284), 'latlon': (42.30002713333333, -71.09995106666666), 'heading': 51.4, 'depth': 1.0, 'altitude': 10.0, 'roll': 0.0, 'pitch': 0.0, 'last_fix_time': datetime.datetime(2021, 7, 29, 3, 18, 1), 'speed': None, 'rudder': 0, 'datum': (42.3, -71.1)}
2021-07-29 04:18:02,634 [INFO] Received from Frontseat: [b'$BFNVG,031800.48,4218.001368,N,07105.997518,W,0,10.0,1.0,56.2,0.0,0.0,031800.48*66', b'$BFNVG,031800.82,4218.001451,N,07105.997364,W,0,10.0,1.0,54.6,0.0,0.0,031800.82*60', b'$BFNVG,031801.16,4218.001538,N,07105.997212,W,0,10.0,1.0,53.0,0.0,0.0,031801.16*6F', b'$BFNVG,031801.50,4218.001628,N,07105.997064,W,0,10.0,1.0,51.4,0.0,0.0,031801.50*68']
2021-07-29 04:18:02,635 [INFO] AUV state: {'position': (4.108063637511805, 2.913390850648284), 'latlon': (42.30002713333333, -71.09995106666666), 'heading': 51.4, 'depth': 1.0, 'altitude': 10.0, 'roll': 0.0, 'pitch': 0.0, 'last_fix_time': datetime.datetime(2021, 7, 29, 3, 18, 1), 'speed': None, 'rudder': 0, 'datum': (42.3, -71.1)}
2021-07-29 04:18:02,990 [INFO] **** [(-23.856806476374608, -19.497116987403725)] [(16.086588320405784, -18.916824164263602), (-10.536182877536275, -4.923286290003506)]
2021-07-29 04:18:02,992 [INFO] Next green buoy: [(-23.856806476374608, -19.497116987403725)], next red buoy: [(16.086588320405784, -18.916824164263602), (-10.536182877536275, -4.923286290003506)]
2021-07-29 04:18:02,993 [INFO] Desired_heading: 47.51489092201559
2021-07-29 04:18:02,993 [INFO] delta angle: -10.06271503189123
2021-07-29 04:18:02,994 [INFO] sending message $BPRMB,031803.63,10.06271503189123,1,0,750,0,1*58
...
2021-07-29 04:18:03,995 [INFO] sending message $BPSTS,031803.99,1,BWSI Autonomy OK*4d
...
2021-07-29 04:18:03,996 [INFO] Processing: $BFNVG,031801.84,4218.001720,N,07105.996920,W,0,10.0,1.0,49.8,0.0,0.0,031801.84*6C
2021-07-29 04:18:03,998 [INFO] Interpreted as: {'position': (4.310103979776613, 3.0787727758288383), 'latlon': (42.30002866666667, -71.09994866666666), 'heading': 49.8, 'depth': 1.0, 'altitude': 10.0, 'roll': 0.0, 'pitch': 0.0, 'last_fix_time': datetime.datetime(2021, 7, 29, 3, 18, 1), 'speed': None, 'rudder': 0, 'datum': (42.3, -71.1)}
2021-07-29 04:18:03,999 [INFO] Processing: $BFNVG,031802.18,4218.001816,N,07105.996779,W,0,10.0,1.0,48.2,0.0,0.0,031802.18*6F
2021-07-29 04:18:04,001 [INFO] Interpreted as: {'position': (4.5082053588703275, 3.251659207046032), 'latlon': (42.30003026666667, -71.09994631666666), 'heading': 48.2, 'depth': 1.0, 'altitude': 10.0, 'roll': 0.0, 'pitch': 0.0, 'last_fix_time': datetime.datetime(2021, 7, 29, 3, 18, 2), 'speed': None, 'rudder': 0, 'datum': (42.3, -71.1)}
2021-07-29 04:18:04,001 [INFO] Processing: $BFNVG,031802.52,4218.001915,N,07105.996641,W,0,10.0,1.0,46.6,0.0,0.0,031802.52*6D
2021-07-29 04:18:04,003 [INFO] Interpreted as: {'position': (4.702322103548795, 3.4301994470879436), 'latlon': (42.30003191666667, -71.09994401666667), 'heading': 46.6, 'depth': 1.0, 'altitude': 10.0, 'roll': 0.0, 'pitch': 0.0, 'last_fix_time': datetime.datetime(2021, 7, 29, 3, 18, 2), 'speed': None, 'rudder': 0, 'datum': (42.3, -71.1)}
2021-07-29 04:18:04,004 [INFO] Processing: $BFNVG,031802.87,4218.002019,N,07105.996505,W,0,10.0,1.0,44.9,0.0,0.0,031802.87*65
2021-07-29 04:18:04,006 [INFO] Interpreted as: {'position': (4.893919434631243, 3.6180609865114093), 'latlon': (42.30003365, -71.09994175), 'heading': 44.9, 'depth': 1.0, 'altitude': 10.0, 'roll': 0.0, 'pitch': 0.0, 'last_fix_time': datetime.datetime(2021, 7, 29, 3, 18, 2), 'speed': None, 'rudder': 0, 'datum': (42.3, -71.1)}
2021-07-29 04:18:04,006 [INFO] Received from Frontseat: [b'$BFNVG,031801.84,4218.001720,N,07105.996920,W,0,10.0,1.0,49.8,0.0,0.0,031801.84*6C', b'$BFNVG,031802.18,4218.001816,N,07105.996779,W,0,10.0,1.0,48.2,0.0,0.0,031802.18*6F', b'$BFNVG,031802.52,4218.001915,N,07105.996641,W,0,10.0,1.0,46.6,0.0,0.0,031802.52*6D', b'$BFNVG,031802.87,4218.002019,N,07105.996505,W,0,10.0,1.0,44.9,0.0,0.0,031802.87*65']
2021-07-29 04:18:04,008 [INFO] AUV state: {'position': (4.893919434631243, 3.6180609865114093), 'latlon': (42.30003365, -71.09994175), 'heading': 44.9, 'depth': 1.0, 'altitude': 10.0, 'roll': 0.0, 'pitch': 0.0, 'last_fix_time': datetime.datetime(2021, 7, 29, 3, 18, 2), 'speed': None, 'rudder': 0, 'datum': (42.3, -71.1)}
2021-07-29 04:18:04,328 [INFO] **** [] [(-4.003235169912085, -5.3529507079462375)]
2021-07-29 04:18:04,330 [INFO] Next green buoy: [], next red buoy: [(-4.003235169912085, -5.3529507079462375)]
2021-07-29 04:18:04,331 [INFO] Desired_heading: 40.89676483008791
2021-07-29 04:18:04,331 [INFO] delta angle: -10.683927883747401
2021-07-29 04:18:04,332 [INFO] sending message $BPRMB,031804.35,10.683927883747401,1,0,750,0,1*6b
...
2021-07-29 04:18:05,333 [INFO] sending message $BPSTS,031805.33,1,BWSI Autonomy OK*4b
...
2021-07-29 04:18:05,334 [INFO] Processing: $BFNVG,031803.23,4218.002128,N,07105.996368,W,0,10.0,1.0,43.3,0.0,0.0,031803.23*66
2021-07-29 04:18:05,336 [INFO] Interpreted as: {'position': (5.087118988507427, 3.81514210999012), 'latlon': (42.300035466666664, -71.09993946666667), 'heading': 43.3, 'depth': 1.0, 'altitude': 10.0, 'roll': 0.0, 'pitch': 0.0, 'last_fix_time': datetime.datetime(2021, 7, 29, 3, 18, 3), 'speed': None, 'rudder': 0, 'datum': (42.3, -71.1)}
2021-07-29 04:18:05,337 [INFO] Processing: $BFNVG,031803.58,4218.002237,N,07105.996239,W,0,10.0,1.0,42.6,0.0,0.0,031803.58*6A
2021-07-29 04:18:05,339 [INFO] Interpreted as: {'position': (5.2693274999037385, 4.012494473718107), 'latlon': (42.30003728333333, -71.09993731666667), 'heading': 42.6, 'depth': 1.0, 'altitude': 10.0, 'roll': 0.0, 'pitch': 0.0, 'last_fix_time': datetime.datetime(2021, 7, 29, 3, 18, 3), 'speed': None, 'rudder': 0, 'datum': (42.3, -71.1)}
2021-07-29 04:18:05,339 [INFO] Processing: $BFNVG,031803.91,4218.002344,N,07105.996114,W,0,10.0,1.0,42.0,0.0,0.0,031803.91*65
2021-07-29 04:18:05,341 [INFO] Interpreted as: {'position': (5.445949143904727, 4.206281061284244), 'latlon': (42.30003906666666, -71.09993523333333), 'heading': 42.0, 'depth': 1.0, 'altitude': 10.0, 'roll': 0.0, 'pitch': 0.0, 'last_fix_time': datetime.datetime(2021, 7, 29, 3, 18, 3), 'speed': None, 'rudder': 0, 'datum': (42.3, -71.1)}
2021-07-29 04:18:05,342 [INFO] Processing: $BFNVG,031804.26,4218.002453,N,07105.995991,W,0,10.0,1.0,41.3,0.0,0.0,031804.26*62
2021-07-29 04:18:05,344 [INFO] Interpreted as: {'position': (5.619914359878749, 4.403836858458817), 'latlon': (42.30004088333333, -71.09993318333333), 'heading': 41.3, 'depth': 1.0, 'altitude': 10.0, 'roll': 0.0, 'pitch': 0.0, 'last_fix_time': datetime.datetime(2021, 7, 29, 3, 18, 4), 'speed': None, 'rudder': 0, 'datum': (42.3, -71.1)}
2021-07-29 04:18:05,345 [INFO] Received from Frontseat: [b'$BFNVG,031803.23,4218.002128,N,07105.996368,W,0,10.0,1.0,43.3,0.0,0.0,031803.23*66', b'$BFNVG,031803.58,4218.002237,N,07105.996239,W,0,10.0,1.0,42.6,0.0,0.0,031803.58*6A', b'$BFNVG,031803.91,4218.002344,N,07105.996114,W,0,10.0,1.0,42.0,0.0,0.0,031803.91*65', b'$BFNVG,031804.26,4218.002453,N,07105.995991,W,0,10.0,1.0,41.3,0.0,0.0,031804.26*62']
2021-07-29 04:18:05,346 [INFO] AUV state: {'position': (5.619914359878749, 4.403836858458817), 'latlon': (42.30004088333333, -71.09993318333333), 'heading': 41.3, 'depth': 1.0, 'altitude': 10.0, 'roll': 0.0, 'pitch': 0.0, 'last_fix_time': datetime.datetime(2021, 7, 29, 3, 18, 4), 'speed': None, 'rudder': 0, 'datum': (42.3, -71.1)}
2021-07-29 04:18:05,664 [INFO] **** [] [(-0.16540936099850514, -5.941915546396699)]
2021-07-29 04:18:05,667 [INFO] Next green buoy: [], next red buoy: [(-0.16540936099850514, -5.941915546396699)]
2021-07-29 04:18:05,667 [INFO] Desired_heading: 41.134590639001495
2021-07-29 04:18:05,668 [INFO] delta angle: -0.01824017113727905
2021-07-29 04:18:05,668 [INFO] sending message $BPRMB,031806.31,0.01824017113727905,1,0,750,0,1*5b
...
2021-07-29 04:18:06,670 [INFO] sending message $BPSTS,031806.67,1,BWSI Autonomy OK*49
...
2021-07-29 04:18:06,671 [INFO] Processing: $BFNVG,031804.60,4218.002562,N,07105.995869,W,0,10.0,1.0,40.7,0.0,0.0,031804.60*62
2021-07-29 04:18:06,673 [INFO] Interpreted as: {'position': (5.792505687335506, 4.601426562294364), 'latlon': (42.3000427, -71.09993115), 'heading': 40.7, 'depth': 1.0, 'altitude': 10.0, 'roll': 0.0, 'pitch': 0.0, 'last_fix_time': datetime.datetime(2021, 7, 29, 3, 18, 4), 'speed': None, 'rudder': 0, 'datum': (42.3, -71.1)}
2021-07-29 04:18:06,674 [INFO] Processing: $BFNVG,031804.94,4218.002675,N,07105.995746,W,0,10.0,1.0,40.0,0.0,0.0,031804.94*62
2021-07-29 04:18:06,676 [INFO] Interpreted as: {'position': (5.966653568553738, 4.806385152973235), 'latlon': (42.30004458333333, -71.0999291), 'heading': 40.0, 'depth': 1.0, 'altitude': 10.0, 'roll': 0.0, 'pitch': 0.0, 'last_fix_time': datetime.datetime(2021, 7, 29, 3, 18, 4), 'speed': None, 'rudder': 0, 'datum': (42.3, -71.1)}
2021-07-29 04:18:06,677 [INFO] Processing: $BFNVG,031805.29,4218.002789,N,07105.995625,W,0,10.0,1.0,39.3,0.0,0.0,031805.29*69
2021-07-29 04:18:06,679 [INFO] Interpreted as: {'position': (6.138099352770951, 5.013262254185975), 'latlon': (42.30004648333333, -71.09992708333333), 'heading': 39.3, 'depth': 1.0, 'altitude': 10.0, 'roll': 0.0, 'pitch': 0.0, 'last_fix_time': datetime.datetime(2021, 7, 29, 3, 18, 5), 'speed': None, 'rudder': 0, 'datum': (42.3, -71.1)}
2021-07-29 04:18:06,680 [INFO] Received from Frontseat: [b'$BFNVG,031804.60,4218.002562,N,07105.995869,W,0,10.0,1.0,40.7,0.0,0.0,031804.60*62', b'$BFNVG,031804.94,4218.002675,N,07105.995746,W,0,10.0,1.0,40.0,0.0,0.0,031804.94*62', b'$BFNVG,031805.29,4218.002789,N,07105.995625,W,0,10.0,1.0,39.3,0.0,0.0,031805.29*69']
2021-07-29 04:18:06,681 [INFO] AUV state: {'position': (6.138099352770951, 5.013262254185975), 'latlon': (42.30004648333333, -71.09992708333333), 'heading': 39.3, 'depth': 1.0, 'altitude': 10.0, 'roll': 0.0, 'pitch': 0.0, 'last_fix_time': datetime.datetime(2021, 7, 29, 3, 18, 5), 'speed': None, 'rudder': 0, 'datum': (42.3, -71.1)}
2021-07-29 04:18:06,995 [INFO] **** [(-10.396455304424233, -6.09986436947006)] [(2.060887131092103, -6.380978830242939)]
2021-07-29 04:18:06,997 [INFO] Next green buoy: [(-10.396455304424233, -6.09986436947006)], next red buoy: [(2.060887131092103, -6.380978830242939)]
2021-07-29 04:18:06,997 [INFO] Desired_heading: 35.13221591333393
2021-07-29 04:18:06,998 [INFO] delta angle: -11.580282795377911
2021-07-29 04:18:06,998 [INFO] sending message $BPRMB,031807.02,11.580282795377911,1,0,750,0,1*6a
...
2021-07-29 04:18:08,000 [INFO] sending message $BPSTS,031808.00,1,BWSI Autonomy OK*46
...
2021-07-29 04:18:08,001 [INFO] Processing: $BFNVG,031805.64,4218.002905,N,07105.995505,W,0,10.0,1.0,38.6,0.0,0.0,031805.64*66
2021-07-29 04:18:08,003 [INFO] Interpreted as: {'position': (6.308262589504011, 5.223874658346176), 'latlon': (42.30004841666667, -71.09992508333333), 'heading': 38.6, 'depth': 1.0, 'altitude': 10.0, 'roll': 0.0, 'pitch': 0.0, 'last_fix_time': datetime.datetime(2021, 7, 29, 3, 18, 5), 'speed': None, 'rudder': 0, 'datum': (42.3, -71.1)}
2021-07-29 04:18:08,004 [INFO] Processing: $BFNVG,031805.99,4218.003021,N,07105.995386,W,0,10.0,1.0,38.6,0.0,0.0,031805.99*65
2021-07-29 04:18:08,006 [INFO] Interpreted as: {'position': (6.477051937486976, 5.434520968236029), 'latlon': (42.30005035, -71.0999231), 'heading': 38.6, 'depth': 1.0, 'altitude': 10.0, 'roll': 0.0, 'pitch': 0.0, 'last_fix_time': datetime.datetime(2021, 7, 29, 3, 18, 5), 'speed': None, 'rudder': 0, 'datum': (42.3, -71.1)}
2021-07-29 04:18:08,007 [INFO] Processing: $BFNVG,031806.34,4218.003137,N,07105.995268,W,0,10.0,1.0,38.6,0.0,0.0,031806.34*62
2021-07-29 04:18:08,009 [INFO] Interpreted as: {'position': (6.644467395031825, 5.645201184786856), 'latlon': (42.300052283333336, -71.09992113333334), 'heading': 38.6, 'depth': 1.0, 'altitude': 10.0, 'roll': 0.0, 'pitch': 0.0, 'last_fix_time': datetime.datetime(2021, 7, 29, 3, 18, 6), 'speed': None, 'rudder': 0, 'datum': (42.3, -71.1)}
2021-07-29 04:18:08,011 [INFO] Processing: $BFNVG,031806.69,4218.003253,N,07105.995150,W,0,10.0,1.0,38.6,0.0,0.0,031806.69*6B
2021-07-29 04:18:08,013 [INFO] Interpreted as: {'position': (6.8118828447768465, 5.855881408788264), 'latlon': (42.300054216666666, -71.09991916666667), 'heading': 38.6, 'depth': 1.0, 'altitude': 10.0, 'roll': 0.0, 'pitch': 0.0, 'last_fix_time': datetime.datetime(2021, 7, 29, 3, 18, 6), 'speed': None, 'rudder': 0, 'datum': (42.3, -71.1)}
2021-07-29 04:18:08,013 [INFO] Received from Frontseat: [b'$BFNVG,031805.64,4218.002905,N,07105.995505,W,0,10.0,1.0,38.6,0.0,0.0,031805.64*66', b'$BFNVG,031805.99,4218.003021,N,07105.995386,W,0,10.0,1.0,38.6,0.0,0.0,031805.99*65', b'$BFNVG,031806.34,4218.003137,N,07105.995268,W,0,10.0,1.0,38.6,0.0,0.0,031806.34*62', b'$BFNVG,031806.69,4218.003253,N,07105.995150,W,0,10.0,1.0,38.6,0.0,0.0,031806.69*6B']
2021-07-29 04:18:08,014 [INFO] AUV state: {'position': (6.8118828447768465, 5.855881408788264), 'latlon': (42.300054216666666, -71.09991916666667), 'heading': 38.6, 'depth': 1.0, 'altitude': 10.0, 'roll': 0.0, 'pitch': 0.0, 'last_fix_time': datetime.datetime(2021, 7, 29, 3, 18, 6), 'speed': None, 'rudder': 0, 'datum': (42.3, -71.1)}
2021-07-29 04:18:08,318 [INFO] **** [(-10.619086300125401, -6.681830602422852)] [(3.2175287227135785, -7.205057808081392)]
2021-07-29 04:18:08,320 [INFO] Next green buoy: [(-10.619086300125401, -6.681830602422852)], next red buoy: [(3.2175287227135785, -7.205057808081392)]
2021-07-29 04:18:08,320 [INFO] Desired_heading: 34.89922121129409
2021-07-29 04:18:08,321 [INFO] delta angle: -9.130509095290392
2021-07-29 04:18:08,321 [INFO] sending message $BPRMB,031808.97,9.130509095290392,1,0,750,0,1*55
...
2021-07-29 04:18:09,323 [INFO] sending message $BPSTS,031809.32,1,BWSI Autonomy OK*46
...
2021-07-29 04:18:09,324 [INFO] Processing: $BFNVG,031807.04,4218.003369,N,07105.995031,W,0,10.0,1.0,38.6,0.0,0.0,031807.04*65
2021-07-29 04:18:09,326 [INFO] Interpreted as: {'position': (6.980672161269467, 6.066527729853988), 'latlon': (42.30005615, -71.09991718333333), 'heading': 38.6, 'depth': 1.0, 'altitude': 10.0, 'roll': 0.0, 'pitch': 0.0, 'last_fix_time': datetime.datetime(2021, 7, 29, 3, 18, 7), 'speed': None, 'rudder': 0, 'datum': (42.3, -71.1)}
2021-07-29 04:18:09,327 [INFO] Processing: $BFNVG,031807.38,4218.003484,N,07105.994915,W,0,10.0,1.0,37.8,0.0,0.0,031807.38*6E
2021-07-29 04:18:09,329 [INFO] Interpreted as: {'position': (7.1452941641327925, 6.275425069965422), 'latlon': (42.300058066666665, -71.09991525), 'heading': 37.8, 'depth': 1.0, 'altitude': 10.0, 'roll': 0.0, 'pitch': 0.0, 'last_fix_time': datetime.datetime(2021, 7, 29, 3, 18, 7), 'speed': None, 'rudder': 0, 'datum': (42.3, -71.1)}
2021-07-29 04:18:09,330 [INFO] Processing: $BFNVG,031807.73,4218.003601,N,07105.994801,W,0,10.0,1.0,37.1,0.0,0.0,031807.73*6C
2021-07-29 04:18:09,332 [INFO] Interpreted as: {'position': (7.307259741006419, 6.488091614097357), 'latlon': (42.30006001666667, -71.09991335), 'heading': 37.1, 'depth': 1.0, 'altitude': 10.0, 'roll': 0.0, 'pitch': 0.0, 'last_fix_time': datetime.datetime(2021, 7, 29, 3, 18, 7), 'speed': None, 'rudder': 0, 'datum': (42.3, -71.1)}
2021-07-29 04:18:09,333 [INFO] Processing: $BFNVG,031808.08,4218.003718,N,07105.994689,W,0,10.0,1.0,36.3,0.0,0.0,031808.08*68
2021-07-29 04:18:09,335 [INFO] Interpreted as: {'position': (7.466477551497519, 6.700825970619917), 'latlon': (42.30006196666667, -71.09991148333333), 'heading': 36.3, 'depth': 1.0, 'altitude': 10.0, 'roll': 0.0, 'pitch': 0.0, 'last_fix_time': datetime.datetime(2021, 7, 29, 3, 18, 8), 'speed': None, 'rudder': 0, 'datum': (42.3, -71.1)}
2021-07-29 04:18:09,336 [INFO] Received from Frontseat: [b'$BFNVG,031807.04,4218.003369,N,07105.995031,W,0,10.0,1.0,38.6,0.0,0.0,031807.04*65', b'$BFNVG,031807.38,4218.003484,N,07105.994915,W,0,10.0,1.0,37.8,0.0,0.0,031807.38*6E', b'$BFNVG,031807.73,4218.003601,N,07105.994801,W,0,10.0,1.0,37.1,0.0,0.0,031807.73*6C', b'$BFNVG,031808.08,4218.003718,N,07105.994689,W,0,10.0,1.0,36.3,0.0,0.0,031808.08*68']
2021-07-29 04:18:09,337 [INFO] AUV state: {'position': (7.466477551497519, 6.700825970619917), 'latlon': (42.30006196666667, -71.09991148333333), 'heading': 36.3, 'depth': 1.0, 'altitude': 10.0, 'roll': 0.0, 'pitch': 0.0, 'last_fix_time': datetime.datetime(2021, 7, 29, 3, 18, 8), 'speed': None, 'rudder': 0, 'datum': (42.3, -71.1)}
2021-07-29 04:18:09,641 [INFO] **** [(-9.506327548527494, -7.747979742472058)] [(6.393852801464115, -8.358448296468891), (18.02120669179893, -4.923693766078281)]
2021-07-29 04:18:09,643 [INFO] Next green buoy: [(-9.506327548527494, -7.747979742472058)], next red buoy: [(6.393852801464115, -8.358448296468891), (18.02120669179893, -4.923693766078281)]
2021-07-29 04:18:09,643 [INFO] Desired_heading: 34.74376262646831
2021-07-29 04:18:09,644 [INFO] delta angle: -1.6145831751845208
2021-07-29 04:18:09,644 [INFO] sending message $BPRMB,031809.67,1.6145831751845208,1,0,750,0,1*6e
...
2021-07-29 04:18:10,646 [INFO] sending message $BPSTS,031810.64,1,BWSI Autonomy OK*4d
...
2021-07-29 04:18:10,647 [INFO] Processing: $BFNVG,031808.42,4218.003836,N,07105.994580,W,0,10.0,1.0,35.6,0.0,0.0,031808.42*67
2021-07-29 04:18:10,654 [INFO] Interpreted as: {'position': (7.62161938555073, 6.91551273688674), 'latlon': (42.300063933333334, -71.09990966666666), 'heading': 35.6, 'depth': 1.0, 'altitude': 10.0, 'roll': 0.0, 'pitch': 0.0, 'last_fix_time': datetime.datetime(2021, 7, 29, 3, 18, 8), 'speed': None, 'rudder': 0, 'datum': (42.3, -71.1)}
2021-07-29 04:18:10,655 [INFO] Processing: $BFNVG,031808.76,4218.003955,N,07105.994473,W,0,10.0,1.0,35.0,0.0,0.0,031808.76*68
2021-07-29 04:18:10,657 [INFO] Interpreted as: {'position': (7.774059123825282, 7.132118011824787), 'latlon': (42.30006591666667, -71.09990788333333), 'heading': 35.0, 'depth': 1.0, 'altitude': 10.0, 'roll': 0.0, 'pitch': 0.0, 'last_fix_time': datetime.datetime(2021, 7, 29, 3, 18, 8), 'speed': None, 'rudder': 0, 'datum': (42.3, -71.1)}
2021-07-29 04:18:10,658 [INFO] Processing: $BFNVG,031809.11,4218.004076,N,07105.994366,W,0,10.0,1.0,34.4,0.0,0.0,031809.11*61
2021-07-29 04:18:10,660 [INFO] Interpreted as: {'position': (7.926590195391327, 7.352424681186676), 'latlon': (42.30006793333333, -71.0999061), 'heading': 34.4, 'depth': 1.0, 'altitude': 10.0, 'roll': 0.0, 'pitch': 0.0, 'last_fix_time': datetime.datetime(2021, 7, 29, 3, 18, 9), 'speed': None, 'rudder': 0, 'datum': (42.3, -71.1)}
2021-07-29 04:18:10,661 [INFO] Processing: $BFNVG,031809.46,4218.004197,N,07105.994261,W,0,10.0,1.0,33.8,0.0,0.0,031809.46*62
2021-07-29 04:18:10,663 [INFO] Interpreted as: {'position': (8.076373501156922, 7.572799164801836), 'latlon': (42.30006995, -71.09990435), 'heading': 33.8, 'depth': 1.0, 'altitude': 10.0, 'roll': 0.0, 'pitch': 0.0, 'last_fix_time': datetime.datetime(2021, 7, 29, 3, 18, 9), 'speed': None, 'rudder': 0, 'datum': (42.3, -71.1)}
2021-07-29 04:18:10,664 [INFO] Received from Frontseat: [b'$BFNVG,031808.42,4218.003836,N,07105.994580,W,0,10.0,1.0,35.6,0.0,0.0,031808.42*67', b'$BFNVG,031808.76,4218.003955,N,07105.994473,W,0,10.0,1.0,35.0,0.0,0.0,031808.76*68', b'$BFNVG,031809.11,4218.004076,N,07105.994366,W,0,10.0,1.0,34.4,0.0,0.0,031809.11*61', b'$BFNVG,031809.46,4218.004197,N,07105.994261,W,0,10.0,1.0,33.8,0.0,0.0,031809.46*62']
2021-07-29 04:18:10,665 [INFO] AUV state: {'position': (8.076373501156922, 7.572799164801836), 'latlon': (42.30006995, -71.09990435), 'heading': 33.8, 'depth': 1.0, 'altitude': 10.0, 'roll': 0.0, 'pitch': 0.0, 'last_fix_time': datetime.datetime(2021, 7, 29, 3, 18, 9), 'speed': None, 'rudder': 0, 'datum': (42.3, -71.1)}
2021-07-29 04:18:10,964 [INFO] **** [(-8.003188700566017, -8.835247913005507)] [(10.46740965222095, -9.779108052630404), (22.118936369090367, -5.348818804176342)]
2021-07-29 04:18:10,966 [INFO] Next green buoy: [(-8.003188700566017, -8.835247913005507)], next red buoy: [(10.46740965222095, -9.779108052630404), (22.118936369090367, -5.348818804176342)]
2021-07-29 04:18:10,967 [INFO] Desired_heading: 35.032110475827466
2021-07-29 04:18:10,967 [INFO] delta angle: 1.0120641497625273
2021-07-29 04:18:10,967 [INFO] sending message $BPRMB,031811.62,-1.0120641497625273,1,0,750,0,1*4e
...
2021-07-29 04:18:11,969 [INFO] sending message $BPSTS,031811.96,1,BWSI Autonomy OK*41
...
2021-07-29 04:18:11,970 [INFO] Processing: $BFNVG,031809.80,4218.004319,N,07105.994158,W,0,10.0,1.0,33.2,0.0,0.0,031809.80*65
2021-07-29 04:18:11,972 [INFO] Interpreted as: {'position': (8.223454709397629, 7.79509215336293), 'latlon': (42.30007198333333, -71.09990263333333), 'heading': 33.2, 'depth': 1.0, 'altitude': 10.0, 'roll': 0.0, 'pitch': 0.0, 'last_fix_time': datetime.datetime(2021, 7, 29, 3, 18, 9), 'speed': None, 'rudder': 0, 'datum': (42.3, -71.1)}
2021-07-29 04:18:11,973 [INFO] Processing: $BFNVG,031810.15,4218.004443,N,07105.994055,W,0,10.0,1.0,33.1,0.0,0.0,031810.15*62
2021-07-29 04:18:11,975 [INFO] Interpreted as: {'position': (8.370627248717938, 8.021086539141834), 'latlon': (42.30007405, -71.09990091666667), 'heading': 33.1, 'depth': 1.0, 'altitude': 10.0, 'roll': 0.0, 'pitch': 0.0, 'last_fix_time': datetime.datetime(2021, 7, 29, 3, 18, 10), 'speed': None, 'rudder': 0, 'datum': (42.3, -71.1)}
2021-07-29 04:18:11,977 [INFO] Processing: $BFNVG,031810.50,4218.004567,N,07105.993952,W,0,10.0,1.0,33.0,0.0,0.0,031810.50*6D
2021-07-29 04:18:11,979 [INFO] Interpreted as: {'position': (8.517799781053327, 8.247080928646028), 'latlon': (42.300076116666666, -71.0998992), 'heading': 33.0, 'depth': 1.0, 'altitude': 10.0, 'roll': 0.0, 'pitch': 0.0, 'last_fix_time': datetime.datetime(2021, 7, 29, 3, 18, 10), 'speed': None, 'rudder': 0, 'datum': (42.3, -71.1)}
2021-07-29 04:18:11,980 [INFO] Processing: $BFNVG,031810.85,4218.004692,N,07105.993849,W,0,10.0,1.0,32.9,0.0,0.0,031810.85*67
2021-07-29 04:18:11,982 [INFO] Interpreted as: {'position': (8.665017972234637, 8.474926015362144), 'latlon': (42.3000782, -71.09989748333334), 'heading': 32.9, 'depth': 1.0, 'altitude': 10.0, 'roll': 0.0, 'pitch': 0.0, 'last_fix_time': datetime.datetime(2021, 7, 29, 3, 18, 10), 'speed': None, 'rudder': 0, 'datum': (42.3, -71.1)}
2021-07-29 04:18:11,983 [INFO] Received from Frontseat: [b'$BFNVG,031809.80,4218.004319,N,07105.994158,W,0,10.0,1.0,33.2,0.0,0.0,031809.80*65', b'$BFNVG,031810.15,4218.004443,N,07105.994055,W,0,10.0,1.0,33.1,0.0,0.0,031810.15*62', b'$BFNVG,031810.50,4218.004567,N,07105.993952,W,0,10.0,1.0,33.0,0.0,0.0,031810.50*6D', b'$BFNVG,031810.85,4218.004692,N,07105.993849,W,0,10.0,1.0,32.9,0.0,0.0,031810.85*67']
2021-07-29 04:18:11,984 [INFO] AUV state: {'position': (8.665017972234637, 8.474926015362144), 'latlon': (42.3000782, -71.09989748333334), 'heading': 32.9, 'depth': 1.0, 'altitude': 10.0, 'roll': 0.0, 'pitch': 0.0, 'last_fix_time': datetime.datetime(2021, 7, 29, 3, 18, 10), 'speed': None, 'rudder': 0, 'datum': (42.3, -71.1)}
2021-07-29 04:18:12,287 [INFO] **** [(-8.311347423231817, -10.490990684283945)] [(13.605690848412012, -11.824289579309198), (24.98087357764224, -5.900495293320298)]
2021-07-29 04:18:12,289 [INFO] Next green buoy: [(-8.311347423231817, -10.490990684283945)], next red buoy: [(13.605690848412012, -11.824289579309198), (24.98087357764224, -5.900495293320298)]
2021-07-29 04:18:12,289 [INFO] Desired_heading: 35.5471717125901
2021-07-29 04:18:12,290 [INFO] delta angle: 4.6716787172914715
2021-07-29 04:18:12,290 [INFO] sending message $BPRMB,031812.31,-4.6716787172914715,1,0,750,0,1*46
...
2021-07-29 04:18:13,292 [INFO] sending message $BPSTS,031813.29,1,BWSI Autonomy OK*47
...
2021-07-29 04:18:13,293 [INFO] Processing: $BFNVG,031811.20,4218.004815,N,07105.993748,W,0,10.0,1.0,32.8,0.0,0.0,031811.20*69
2021-07-29 04:18:13,295 [INFO] Interpreted as: {'position': (8.809397058328614, 8.699137520045042), 'latlon': (42.30008025, -71.0998958), 'heading': 32.8, 'depth': 1.0, 'altitude': 10.0, 'roll': 0.0, 'pitch': 0.0, 'last_fix_time': datetime.datetime(2021, 7, 29, 3, 18, 11), 'speed': None, 'rudder': 0, 'datum': (42.3, -71.1)}
2021-07-29 04:18:13,296 [INFO] Processing: $BFNVG,031811.54,4218.004939,N,07105.993646,W,0,10.0,1.0,32.8,0.0,0.0,031811.54*69
2021-07-29 04:18:13,298 [INFO] Interpreted as: {'position': (8.955195685557555, 8.925165821798146), 'latlon': (42.30008231666667, -71.0998941), 'heading': 32.8, 'depth': 1.0, 'altitude': 10.0, 'roll': 0.0, 'pitch': 0.0, 'last_fix_time': datetime.datetime(2021, 7, 29, 3, 18, 11), 'speed': None, 'rudder': 0, 'datum': (42.3, -71.1)}
2021-07-29 04:18:13,299 [INFO] Processing: $BFNVG,031811.89,4218.005063,N,07105.993543,W,0,10.0,1.0,32.9,0.0,0.0,031811.89*69
2021-07-29 04:18:13,301 [INFO] Interpreted as: {'position': (9.102368181862403, 9.151160221546888), 'latlon': (42.300084383333335, -71.09989238333333), 'heading': 32.9, 'depth': 1.0, 'altitude': 10.0, 'roll': 0.0, 'pitch': 0.0, 'last_fix_time': datetime.datetime(2021, 7, 29, 3, 18, 11), 'speed': None, 'rudder': 0, 'datum': (42.3, -71.1)}
2021-07-29 04:18:13,302 [INFO] Processing: $BFNVG,031812.24,4218.005185,N,07105.993442,W,0,10.0,1.0,33.0,0.0,0.0,031812.24*68
2021-07-29 04:18:13,304 [INFO] Interpreted as: {'position': (9.24670157150831, 9.373521038331091), 'latlon': (42.300086416666666, -71.0998907), 'heading': 33.0, 'depth': 1.0, 'altitude': 10.0, 'roll': 0.0, 'pitch': 0.0, 'last_fix_time': datetime.datetime(2021, 7, 29, 3, 18, 12), 'speed': None, 'rudder': 0, 'datum': (42.3, -71.1)}
2021-07-29 04:18:13,304 [INFO] Received from Frontseat: [b'$BFNVG,031811.20,4218.004815,N,07105.993748,W,0,10.0,1.0,32.8,0.0,0.0,031811.20*69', b'$BFNVG,031811.54,4218.004939,N,07105.993646,W,0,10.0,1.0,32.8,0.0,0.0,031811.54*69', b'$BFNVG,031811.89,4218.005063,N,07105.993543,W,0,10.0,1.0,32.9,0.0,0.0,031811.89*69', b'$BFNVG,031812.24,4218.005185,N,07105.993442,W,0,10.0,1.0,33.0,0.0,0.0,031812.24*68']
2021-07-29 04:18:13,305 [INFO] AUV state: {'position': (9.24670157150831, 9.373521038331091), 'latlon': (42.300086416666666, -71.0998907), 'heading': 33.0, 'depth': 1.0, 'altitude': 10.0, 'roll': 0.0, 'pitch': 0.0, 'last_fix_time': datetime.datetime(2021, 7, 29, 3, 18, 12), 'speed': None, 'rudder': 0, 'datum': (42.3, -71.1)}
2021-07-29 04:18:13,639 [INFO] **** [(-10.26659618134949, -12.694691277411525)] [(16.856686035721058, -14.69763866967769)]
2021-07-29 04:18:13,641 [INFO] Next green buoy: [(-10.26659618134949, -12.694691277411525)], next red buoy: [(16.856686035721058, -14.69763866967769)]
2021-07-29 04:18:13,642 [INFO] Desired_heading: 36.295044927185785
2021-07-29 04:18:13,642 [INFO] delta angle: 7.238214048115183
2021-07-29 04:18:13,643 [INFO] sending message $BPRMB,031814.26,-7.238214048115183,1,0,750,0,1*7d
...
2021-07-29 04:18:14,644 [INFO] sending message $BPSTS,031814.64,1,BWSI Autonomy OK*49
...
2021-07-29 04:18:14,645 [INFO] Processing: $BFNVG,031812.58,4218.005308,N,07105.993340,W,0,10.0,1.0,33.0,0.0,0.0,031812.58*6A
2021-07-29 04:18:14,647 [INFO] Interpreted as: {'position': (9.392454500077292, 9.59769864846021), 'latlon': (42.300088466666665, -71.099889), 'heading': 33.0, 'depth': 1.0, 'altitude': 10.0, 'roll': 0.0, 'pitch': 0.0, 'last_fix_time': datetime.datetime(2021, 7, 29, 3, 18, 12), 'speed': None, 'rudder': 0, 'datum': (42.3, -71.1)}
2021-07-29 04:18:14,648 [INFO] Processing: $BFNVG,031812.93,4218.005431,N,07105.993238,W,0,10.0,1.0,33.3,0.0,0.0,031812.93*6A
2021-07-29 04:18:14,650 [INFO] Interpreted as: {'position': (9.538207421894185, 9.82187626324594), 'latlon': (42.300090516666664, -71.0998873), 'heading': 33.3, 'depth': 1.0, 'altitude': 10.0, 'roll': 0.0, 'pitch': 0.0, 'last_fix_time': datetime.datetime(2021, 7, 29, 3, 18, 12), 'speed': None, 'rudder': 0, 'datum': (42.3, -71.1)}
2021-07-29 04:18:14,651 [INFO] Processing: $BFNVG,031813.28,4218.005554,N,07105.993134,W,0,10.0,1.0,33.7,0.0,0.0,031813.28*63
2021-07-29 04:18:14,653 [INFO] Interpreted as: {'position': (9.686708088265732, 10.045986074954271), 'latlon': (42.30009256666666, -71.09988556666667), 'heading': 33.7, 'depth': 1.0, 'altitude': 10.0, 'roll': 0.0, 'pitch': 0.0, 'last_fix_time': datetime.datetime(2021, 7, 29, 3, 18, 13), 'speed': None, 'rudder': 0, 'datum': (42.3, -71.1)}
2021-07-29 04:18:14,654 [INFO] Received from Frontseat: [b'$BFNVG,031812.58,4218.005308,N,07105.993340,W,0,10.0,1.0,33.0,0.0,0.0,031812.58*6A', b'$BFNVG,031812.93,4218.005431,N,07105.993238,W,0,10.0,1.0,33.3,0.0,0.0,031812.93*6A', b'$BFNVG,031813.28,4218.005554,N,07105.993134,W,0,10.0,1.0,33.7,0.0,0.0,031813.28*63']
2021-07-29 04:18:14,655 [INFO] AUV state: {'position': (9.686708088265732, 10.045986074954271), 'latlon': (42.30009256666666, -71.09988556666667), 'heading': 33.7, 'depth': 1.0, 'altitude': 10.0, 'roll': 0.0, 'pitch': 0.0, 'last_fix_time': datetime.datetime(2021, 7, 29, 3, 18, 13), 'speed': None, 'rudder': 0, 'datum': (42.3, -71.1)}
2021-07-29 04:18:15,001 [INFO] **** [(-13.170934031900387, -15.332991323734708)] [(19.736344565351505, -18.083221369668347)]
2021-07-29 04:18:15,003 [INFO] Next green buoy: [(-13.170934031900387, -15.332991323734708)], next red buoy: [(19.736344565351505, -18.083221369668347)]
2021-07-29 04:18:15,004 [INFO] Desired_heading: 36.98270526672556
2021-07-29 04:18:15,004 [INFO] delta angle: 7.184102578791808
2021-07-29 04:18:15,005 [INFO] sending message $BPRMB,031815.02,-7.184102578791808,1,0,750,0,1*7c
...
2021-07-29 04:18:16,006 [INFO] sending message $BPSTS,031816.00,1,BWSI Autonomy OK*49
...
2021-07-29 04:18:16,008 [INFO] Processing: $BFNVG,031813.63,4218.005676,N,07105.993030,W,0,10.0,1.0,34.0,0.0,0.0,031813.63*65
2021-07-29 04:18:16,014 [INFO] Interpreted as: {'position': (9.835163075942546, 10.268245193175972), 'latlon': (42.3000946, -71.09988383333334), 'heading': 34.0, 'depth': 1.0, 'altitude': 10.0, 'roll': 0.0, 'pitch': 0.0, 'last_fix_time': datetime.datetime(2021, 7, 29, 3, 18, 13), 'speed': None, 'rudder': 0, 'datum': (42.3, -71.1)}
2021-07-29 04:18:16,015 [INFO] Processing: $BFNVG,031813.97,4218.005797,N,07105.992924,W,0,10.0,1.0,34.4,0.0,0.0,031813.97*62
2021-07-29 04:18:16,018 [INFO] Interpreted as: {'position': (9.98632014245959, 10.488585809245706), 'latlon': (42.300096616666664, -71.09988206666667), 'heading': 34.4, 'depth': 1.0, 'altitude': 10.0, 'roll': 0.0, 'pitch': 0.0, 'last_fix_time': datetime.datetime(2021, 7, 29, 3, 18, 13), 'speed': None, 'rudder': 0, 'datum': (42.3, -71.1)}
2021-07-29 04:18:16,019 [INFO] Processing: $BFNVG,031814.32,4218.005918,N,07105.992818,W,0,10.0,1.0,34.9,0.0,0.0,031814.32*68
2021-07-29 04:18:16,022 [INFO] Interpreted as: {'position': (10.137477199896239, 10.708926429972053), 'latlon': (42.300098633333334, -71.0998803), 'heading': 34.9, 'depth': 1.0, 'altitude': 10.0, 'roll': 0.0, 'pitch': 0.0, 'last_fix_time': datetime.datetime(2021, 7, 29, 3, 18, 14), 'speed': None, 'rudder': 0, 'datum': (42.3, -71.1)}
2021-07-29 04:18:16,023 [INFO] Processing: $BFNVG,031814.67,4218.006040,N,07105.992708,W,0,10.0,1.0,35.4,0.0,0.0,031814.67*6D
2021-07-29 04:18:16,026 [INFO] Interpreted as: {'position': (10.294175428163726, 10.930982137098908), 'latlon': (42.300100666666665, -71.09987846666667), 'heading': 35.4, 'depth': 1.0, 'altitude': 10.0, 'roll': 0.0, 'pitch': 0.0, 'last_fix_time': datetime.datetime(2021, 7, 29, 3, 18, 14), 'speed': None, 'rudder': 0, 'datum': (42.3, -71.1)}
2021-07-29 04:18:16,027 [INFO] Received from Frontseat: [b'$BFNVG,031813.63,4218.005676,N,07105.993030,W,0,10.0,1.0,34.0,0.0,0.0,031813.63*65', b'$BFNVG,031813.97,4218.005797,N,07105.992924,W,0,10.0,1.0,34.4,0.0,0.0,031813.97*62', b'$BFNVG,031814.32,4218.005918,N,07105.992818,W,0,10.0,1.0,34.9,0.0,0.0,031814.32*68', b'$BFNVG,031814.67,4218.006040,N,07105.992708,W,0,10.0,1.0,35.4,0.0,0.0,031814.67*6D']
2021-07-29 04:18:16,029 [INFO] AUV state: {'position': (10.294175428163726, 10.930982137098908), 'latlon': (42.300100666666665, -71.09987846666667), 'heading': 35.4, 'depth': 1.0, 'altitude': 10.0, 'roll': 0.0, 'pitch': 0.0, 'last_fix_time': datetime.datetime(2021, 7, 29, 3, 18, 14), 'speed': None, 'rudder': 0, 'datum': (42.3, -71.1)}
2021-07-29 04:18:16,336 [INFO] **** [(-19.63155738134454, -20.59831463621342), (19.693741087598983, -7.046680131774699)] [(-19.363052125443964, -20.197888183306127)]
2021-07-29 04:18:16,339 [INFO] Next green buoy: [(-19.63155738134454, -20.59831463621342), (19.693741087598983, -7.046680131774699)], next red buoy: [(-19.363052125443964, -20.197888183306127)]
2021-07-29 04:18:16,339 [INFO] Desired_heading: 15.902695246605745
2021-07-29 04:18:16,340 [INFO] delta angle: 25
2021-07-29 04:18:16,340 [INFO] sending message $BPRMB,031816.99,-25,1,0,750,0,1*58
...
2021-07-29 04:18:17,342 [INFO] sending message $BPSTS,031817.34,1,BWSI Autonomy OK*4f
...
2021-07-29 04:18:17,344 [INFO] Processing: $BFNVG,031815.02,4218.006161,N,07105.992598,W,0,10.0,1.0,35.9,0.0,0.0,031815.02*69
2021-07-29 04:18:17,347 [INFO] Interpreted as: {'position': (10.450827973196283, 11.151187150739133), 'latlon': (42.300102683333336, -71.09987663333334), 'heading': 35.9, 'depth': 1.0, 'altitude': 10.0, 'roll': 0.0, 'pitch': 0.0, 'last_fix_time': datetime.datetime(2021, 7, 29, 3, 18, 15), 'speed': None, 'rudder': 0, 'datum': (42.3, -71.1)}
2021-07-29 04:18:17,350 [INFO] Processing: $BFNVG,031815.37,4218.006281,N,07105.992485,W,0,10.0,1.0,36.3,0.0,0.0,031815.37*60
2021-07-29 04:18:17,353 [INFO] Interpreted as: {'position': (10.611556476040278, 11.369439761154354), 'latlon': (42.30010468333333, -71.09987475), 'heading': 36.3, 'depth': 1.0, 'altitude': 10.0, 'roll': 0.0, 'pitch': 0.0, 'last_fix_time': datetime.datetime(2021, 7, 29, 3, 18, 15), 'speed': None, 'rudder': 0, 'datum': (42.3, -71.1)}
2021-07-29 04:18:17,354 [INFO] Processing: $BFNVG,031815.72,4218.006400,N,07105.992372,W,0,10.0,1.0,36.8,0.0,0.0,031815.72*6B
2021-07-29 04:18:17,356 [INFO] Interpreted as: {'position': (10.772239299840294, 11.585841678082943), 'latlon': (42.300106666666665, -71.09987286666667), 'heading': 36.8, 'depth': 1.0, 'altitude': 10.0, 'roll': 0.0, 'pitch': 0.0, 'last_fix_time': datetime.datetime(2021, 7, 29, 3, 18, 15), 'speed': None, 'rudder': 0, 'datum': (42.3, -71.1)}
2021-07-29 04:18:17,357 [INFO] Processing: $BFNVG,031816.07,4218.006519,N,07105.992258,W,0,10.0,1.0,37.3,0.0,0.0,031816.07*61
2021-07-29 04:18:17,361 [INFO] Interpreted as: {'position': (10.934295991552062, 11.802209694869816), 'latlon': (42.30010865, -71.09987096666667), 'heading': 37.3, 'depth': 1.0, 'altitude': 10.0, 'roll': 0.0, 'pitch': 0.0, 'last_fix_time': datetime.datetime(2021, 7, 29, 3, 18, 16), 'speed': None, 'rudder': 0, 'datum': (42.3, -71.1)}
2021-07-29 04:18:17,362 [INFO] Received from Frontseat: [b'$BFNVG,031815.02,4218.006161,N,07105.992598,W,0,10.0,1.0,35.9,0.0,0.0,031815.02*69', b'$BFNVG,031815.37,4218.006281,N,07105.992485,W,0,10.0,1.0,36.3,0.0,0.0,031815.37*60', b'$BFNVG,031815.72,4218.006400,N,07105.992372,W,0,10.0,1.0,36.8,0.0,0.0,031815.72*6B', b'$BFNVG,031816.07,4218.006519,N,07105.992258,W,0,10.0,1.0,37.3,0.0,0.0,031816.07*61']
2021-07-29 04:18:17,363 [INFO] AUV state: {'position': (10.934295991552062, 11.802209694869816), 'latlon': (42.30010865, -71.09987096666667), 'heading': 37.3, 'depth': 1.0, 'altitude': 10.0, 'roll': 0.0, 'pitch': 0.0, 'last_fix_time': datetime.datetime(2021, 7, 29, 3, 18, 16), 'speed': None, 'rudder': 0, 'datum': (42.3, -71.1)}
2021-07-29 04:18:17,685 [INFO] **** [(20.179210306293548, -7.824452064725108)] []
2021-07-29 04:18:17,687 [INFO] Next green buoy: [(20.179210306293548, -7.824452064725108)], next red buoy: []
2021-07-29 04:18:17,688 [INFO] Desired_heading: 57.479210306293545
2021-07-29 04:18:17,688 [INFO] delta angle: -25
2021-07-29 04:18:17,689 [INFO] sending message $BPRMB,031817.69,25,1,0,750,0,1*7b
...
2021-07-29 04:18:18,690 [INFO] sending message $BPSTS,031818.69,1,BWSI Autonomy OK*48
...
2021-07-29 04:18:18,691 [INFO] Processing: $BFNVG,031816.42,4218.006635,N,07105.992144,W,0,10.0,1.0,37.7,0.0,0.0,031816.42*66
2021-07-29 04:18:18,693 [INFO] Interpreted as: {'position': (11.096215663477778, 12.013025626540184), 'latlon': (42.300110583333336, -71.09986906666667), 'heading': 37.7, 'depth': 1.0, 'altitude': 10.0, 'roll': 0.0, 'pitch': 0.0, 'last_fix_time': datetime.datetime(2021, 7, 29, 3, 18, 16), 'speed': None, 'rudder': 0, 'datum': (42.3, -71.1)}
2021-07-29 04:18:18,694 [INFO] Processing: $BFNVG,031816.76,4218.006751,N,07105.992026,W,0,10.0,1.0,39.4,0.0,0.0,031816.76*6D
2021-07-29 04:18:18,696 [INFO] Interpreted as: {'position': (11.263630837434903, 12.223705945536494), 'latlon': (42.300112516666665, -71.0998671), 'heading': 39.4, 'depth': 1.0, 'altitude': 10.0, 'roll': 0.0, 'pitch': 0.0, 'last_fix_time': datetime.datetime(2021, 7, 29, 3, 18, 16), 'speed': None, 'rudder': 0, 'datum': (42.3, -71.1)}
2021-07-29 04:18:18,697 [INFO] Processing: $BFNVG,031817.11,4218.006864,N,07105.991903,W,0,10.0,1.0,41.0,0.0,0.0,031817.11*62
2021-07-29 04:18:18,699 [INFO] Interpreted as: {'position': (11.437778378312942, 12.428664665669203), 'latlon': (42.3001144, -71.09986505), 'heading': 41.0, 'depth': 1.0, 'altitude': 10.0, 'roll': 0.0, 'pitch': 0.0, 'last_fix_time': datetime.datetime(2021, 7, 29, 3, 18, 17), 'speed': None, 'rudder': 0, 'datum': (42.3, -71.1)}
2021-07-29 04:18:18,700 [INFO] Processing: $BFNVG,031817.48,4218.006979,N,07105.991771,W,0,10.0,1.0,42.7,0.0,0.0,031817.48*60
2021-07-29 04:18:18,702 [INFO] Interpreted as: {'position': (11.624382145237178, 12.63701966125518), 'latlon': (42.30011631666667, -71.09986285), 'heading': 42.7, 'depth': 1.0, 'altitude': 10.0, 'roll': 0.0, 'pitch': 0.0, 'last_fix_time': datetime.datetime(2021, 7, 29, 3, 18, 17), 'speed': None, 'rudder': 0, 'datum': (42.3, -71.1)}
2021-07-29 04:18:18,703 [INFO] Received from Frontseat: [b'$BFNVG,031816.42,4218.006635,N,07105.992144,W,0,10.0,1.0,37.7,0.0,0.0,031816.42*66', b'$BFNVG,031816.76,4218.006751,N,07105.992026,W,0,10.0,1.0,39.4,0.0,0.0,031816.76*6D', b'$BFNVG,031817.11,4218.006864,N,07105.991903,W,0,10.0,1.0,41.0,0.0,0.0,031817.11*62', b'$BFNVG,031817.48,4218.006979,N,07105.991771,W,0,10.0,1.0,42.7,0.0,0.0,031817.48*60']
2021-07-29 04:18:18,704 [INFO] AUV state: {'position': (11.624382145237178, 12.63701966125518), 'latlon': (42.30011631666667, -71.09986285), 'heading': 42.7, 'depth': 1.0, 'altitude': 10.0, 'roll': 0.0, 'pitch': 0.0, 'last_fix_time': datetime.datetime(2021, 7, 29, 3, 18, 17), 'speed': None, 'rudder': 0, 'datum': (42.3, -71.1)}
2021-07-29 04:18:19,015 [INFO] **** [(17.408708580989227, -9.202865195367167)] []
2021-07-29 04:18:19,018 [INFO] Next green buoy: [(17.408708580989227, -9.202865195367167)], next red buoy: []
2021-07-29 04:18:19,018 [INFO] Desired_heading: 60.10870858098923
2021-07-29 04:18:19,019 [INFO] delta angle: -25
2021-07-29 04:18:19,019 [INFO] sending message $BPRMB,031819.68,25,1,0,750,0,1*74
...
2021-07-29 04:18:20,021 [INFO] sending message $BPSTS,031820.02,1,BWSI Autonomy OK*4e
...
2021-07-29 04:18:20,022 [INFO] Processing: $BFNVG,031817.82,4218.007087,N,07105.991640,W,0,10.0,1.0,44.3,0.0,0.0,031817.82*68
2021-07-29 04:18:20,024 [INFO] Interpreted as: {'position': (11.809292339836247, 12.832453679293394), 'latlon': (42.30011811666667, -71.09986066666667), 'heading': 44.3, 'depth': 1.0, 'altitude': 10.0, 'roll': 0.0, 'pitch': 0.0, 'last_fix_time': datetime.datetime(2021, 7, 29, 3, 18, 17), 'speed': None, 'rudder': 0, 'datum': (42.3, -71.1)}
2021-07-29 04:18:20,025 [INFO] Processing: $BFNVG,031818.17,4218.007195,N,07105.991508,W,0,10.0,1.0,42.7,0.0,0.0,031818.17*67
2021-07-29 04:18:20,027 [INFO] Interpreted as: {'position': (11.99557640159037, 13.027853800915182), 'latlon': (42.30011991666667, -71.09985846666666), 'heading': 42.7, 'depth': 1.0, 'altitude': 10.0, 'roll': 0.0, 'pitch': 0.0, 'last_fix_time': datetime.datetime(2021, 7, 29, 3, 18, 18), 'speed': None, 'rudder': 0, 'datum': (42.3, -71.1)}
2021-07-29 04:18:20,028 [INFO] Processing: $BFNVG,031818.53,4218.007308,N,07105.991378,W,0,10.0,1.0,41.0,0.0,0.0,031818.53*64
2021-07-29 04:18:20,030 [INFO] Interpreted as: {'position': (12.179341044218745, 13.232575220055878), 'latlon': (42.3001218, -71.0998563), 'heading': 41.0, 'depth': 1.0, 'altitude': 10.0, 'roll': 0.0, 'pitch': 0.0, 'last_fix_time': datetime.datetime(2021, 7, 29, 3, 18, 18), 'speed': None, 'rudder': 0, 'datum': (42.3, -71.1)}
2021-07-29 04:18:20,032 [INFO] Processing: $BFNVG,031818.89,4218.007425,N,07105.991252,W,0,10.0,1.0,39.3,0.0,0.0,031818.89*69
2021-07-29 04:18:20,034 [INFO] Interpreted as: {'position': (12.357792843948118, 13.444835040718317), 'latlon': (42.30012375, -71.0998542), 'heading': 39.3, 'depth': 1.0, 'altitude': 10.0, 'roll': 0.0, 'pitch': 0.0, 'last_fix_time': datetime.datetime(2021, 7, 29, 3, 18, 18), 'speed': None, 'rudder': 0, 'datum': (42.3, -71.1)}
2021-07-29 04:18:20,035 [INFO] Received from Frontseat: [b'$BFNVG,031817.82,4218.007087,N,07105.991640,W,0,10.0,1.0,44.3,0.0,0.0,031817.82*68', b'$BFNVG,031818.17,4218.007195,N,07105.991508,W,0,10.0,1.0,42.7,0.0,0.0,031818.17*67', b'$BFNVG,031818.53,4218.007308,N,07105.991378,W,0,10.0,1.0,41.0,0.0,0.0,031818.53*64', b'$BFNVG,031818.89,4218.007425,N,07105.991252,W,0,10.0,1.0,39.3,0.0,0.0,031818.89*69']
2021-07-29 04:18:20,036 [INFO] AUV state: {'position': (12.357792843948118, 13.444835040718317), 'latlon': (42.30012375, -71.0998542), 'heading': 39.3, 'depth': 1.0, 'altitude': 10.0, 'roll': 0.0, 'pitch': 0.0, 'last_fix_time': datetime.datetime(2021, 7, 29, 3, 18, 18), 'speed': None, 'rudder': 0, 'datum': (42.3, -71.1)}
2021-07-29 04:18:20,344 [INFO] **** [(23.80242552363951, -10.820119619525183)] []
2021-07-29 04:18:20,346 [INFO] Next green buoy: [(23.80242552363951, -10.820119619525183)], next red buoy: []
2021-07-29 04:18:20,347 [INFO] Desired_heading: 63.10242552363951
2021-07-29 04:18:20,347 [INFO] delta angle: 17.70364053893718
2021-07-29 04:18:20,348 [INFO] sending message $BPRMB,031820.35,-17.70364053893718,1,0,750,0,1*78
...
2021-07-29 04:18:21,349 [INFO] sending message $BPSTS,031821.34,1,BWSI Autonomy OK*4a
...
2021-07-29 04:18:21,351 [INFO] Processing: $BFNVG,031819.25,4218.007544,N,07105.991131,W,0,10.0,1.0,37.7,0.0,0.0,031819.25*63
2021-07-29 04:18:21,356 [INFO] Interpreted as: {'position': (12.529466583859175, 13.660965773276985), 'latlon': (42.30012573333333, -71.09985218333334), 'heading': 37.7, 'depth': 1.0, 'altitude': 10.0, 'roll': 0.0, 'pitch': 0.0, 'last_fix_time': datetime.datetime(2021, 7, 29, 3, 18, 19), 'speed': None, 'rudder': 0, 'datum': (42.3, -71.1)}
2021-07-29 04:18:21,357 [INFO] Processing: $BFNVG,031819.61,4218.007666,N,07105.991014,W,0,10.0,1.0,36.0,0.0,0.0,031819.61*60
2021-07-29 04:18:21,359 [INFO] Interpreted as: {'position': (12.695781816379167, 13.882784213870764), 'latlon': (42.30012776666667, -71.09985023333333), 'heading': 36.0, 'depth': 1.0, 'altitude': 10.0, 'roll': 0.0, 'pitch': 0.0, 'last_fix_time': datetime.datetime(2021, 7, 29, 3, 18, 19), 'speed': None, 'rudder': 0, 'datum': (42.3, -71.1)}
2021-07-29 04:18:21,360 [INFO] Processing: $BFNVG,031819.95,4218.007787,N,07105.990905,W,0,10.0,1.0,34.3,0.0,0.0,031819.95*67
2021-07-29 04:18:21,362 [INFO] Interpreted as: {'position': (12.851060349901672, 14.103023179806769), 'latlon': (42.30012978333333, -71.09984841666666), 'heading': 34.3, 'depth': 1.0, 'altitude': 10.0, 'roll': 0.0, 'pitch': 0.0, 'last_fix_time': datetime.datetime(2021, 7, 29, 3, 18, 19), 'speed': None, 'rudder': 0, 'datum': (42.3, -71.1)}
2021-07-29 04:18:21,363 [INFO] Processing: $BFNVG,031820.30,4218.007910,N,07105.990801,W,0,10.0,1.0,32.7,0.0,0.0,031820.30*60
2021-07-29 04:18:21,365 [INFO] Interpreted as: {'position': (12.999560827156529, 14.32713305670768), 'latlon': (42.30013183333333, -71.09984668333334), 'heading': 32.7, 'depth': 1.0, 'altitude': 10.0, 'roll': 0.0, 'pitch': 0.0, 'last_fix_time': datetime.datetime(2021, 7, 29, 3, 18, 20), 'speed': None, 'rudder': 0, 'datum': (42.3, -71.1)}
2021-07-29 04:18:21,366 [INFO] Received from Frontseat: [b'$BFNVG,031819.25,4218.007544,N,07105.991131,W,0,10.0,1.0,37.7,0.0,0.0,031819.25*63', b'$BFNVG,031819.61,4218.007666,N,07105.991014,W,0,10.0,1.0,36.0,0.0,0.0,031819.61*60', b'$BFNVG,031819.95,4218.007787,N,07105.990905,W,0,10.0,1.0,34.3,0.0,0.0,031819.95*67', b'$BFNVG,031820.30,4218.007910,N,07105.990801,W,0,10.0,1.0,32.7,0.0,0.0,031820.30*60']
2021-07-29 04:18:21,367 [INFO] AUV state: {'position': (12.999560827156529, 14.32713305670768), 'latlon': (42.30013183333333, -71.09984668333334), 'heading': 32.7, 'depth': 1.0, 'altitude': 10.0, 'roll': 0.0, 'pitch': 0.0, 'last_fix_time': datetime.datetime(2021, 7, 29, 3, 18, 20), 'speed': None, 'rudder': 0, 'datum': (42.3, -71.1)}
2021-07-29 04:18:21,660 [INFO] **** [] []
2021-07-29 04:18:21,662 [INFO] Next green buoy: [], next red buoy: []
2021-07-29 04:18:21,663 [INFO] Desired_heading: 32.7
2021-07-29 04:18:21,663 [INFO] delta angle: 0.0
2021-07-29 04:18:21,664 [INFO] sending message $BPRMB,031822.34,-0.0,1,0,750,0,1*71
...
2021-07-29 04:18:22,666 [INFO] sending message $BPSTS,031822.66,1,BWSI Autonomy OK*4e
...
2021-07-29 04:18:22,667 [INFO] Processing: $BFNVG,031820.65,4218.008036,N,07105.990701,W,0,10.0,1.0,31.1,0.0,0.0,031820.65*68
2021-07-29 04:18:22,669 [INFO] Interpreted as: {'position': (13.142702796380036, 14.556930638849735), 'latlon': (42.300133933333335, -71.09984501666666), 'heading': 31.1, 'depth': 1.0, 'altitude': 10.0, 'roll': 0.0, 'pitch': 0.0, 'last_fix_time': datetime.datetime(2021, 7, 29, 3, 18, 20), 'speed': None, 'rudder': 0, 'datum': (42.3, -71.1)}
2021-07-29 04:18:22,670 [INFO] Processing: $BFNVG,031821.00,4218.008162,N,07105.990602,W,0,10.0,1.0,32.2,0.0,0.0,031821.00*6A
2021-07-29 04:18:22,672 [INFO] Interpreted as: {'position': (13.28447087778477, 14.78676212579012), 'latlon': (42.30013603333333, -71.09984336666666), 'heading': 32.2, 'depth': 1.0, 'altitude': 10.0, 'roll': 0.0, 'pitch': 0.0, 'last_fix_time': datetime.datetime(2021, 7, 29, 3, 18, 21), 'speed': None, 'rudder': 0, 'datum': (42.3, -71.1)}
2021-07-29 04:18:22,673 [INFO] Processing: $BFNVG,031821.35,4218.008286,N,07105.990500,W,0,10.0,1.0,33.4,0.0,0.0,031821.35*65
2021-07-29 04:18:22,675 [INFO] Interpreted as: {'position': (13.430269243195653, 15.012790511362255), 'latlon': (42.3001381, -71.09984166666666), 'heading': 33.4, 'depth': 1.0, 'altitude': 10.0, 'roll': 0.0, 'pitch': 0.0, 'last_fix_time': datetime.datetime(2021, 7, 29, 3, 18, 21), 'speed': None, 'rudder': 0, 'datum': (42.3, -71.1)}
2021-07-29 04:18:22,676 [INFO] Received from Frontseat: [b'$BFNVG,031820.65,4218.008036,N,07105.990701,W,0,10.0,1.0,31.1,0.0,0.0,031820.65*68', b'$BFNVG,031821.00,4218.008162,N,07105.990602,W,0,10.0,1.0,32.2,0.0,0.0,031821.00*6A', b'$BFNVG,031821.35,4218.008286,N,07105.990500,W,0,10.0,1.0,33.4,0.0,0.0,031821.35*65']
2021-07-29 04:18:22,677 [INFO] AUV state: {'position': (13.430269243195653, 15.012790511362255), 'latlon': (42.3001381, -71.09984166666666), 'heading': 33.4, 'depth': 1.0, 'altitude': 10.0, 'roll': 0.0, 'pitch': 0.0, 'last_fix_time': datetime.datetime(2021, 7, 29, 3, 18, 21), 'speed': None, 'rudder': 0, 'datum': (42.3, -71.1)}
2021-07-29 04:18:22,973 [INFO] **** [] []
2021-07-29 04:18:22,975 [INFO] Next green buoy: [], next red buoy: []
2021-07-29 04:18:22,976 [INFO] Desired_heading: 33.4
2021-07-29 04:18:22,976 [INFO] delta angle: 0.0
2021-07-29 04:18:22,976 [INFO] sending message $BPRMB,031822.98,-0.0,1,0,750,0,1*77
...
2021-07-29 04:18:23,978 [INFO] sending message $BPSTS,031823.97,1,BWSI Autonomy OK*41
...
2021-07-29 04:18:23,979 [INFO] Processing: $BFNVG,031821.70,4218.008409,N,07105.990395,W,0,10.0,1.0,34.6,0.0,0.0,031821.70*6B
2021-07-29 04:18:23,981 [INFO] Interpreted as: {'position': (13.58014356327476, 15.236866498365998), 'latlon': (42.30014015, -71.09983991666667), 'heading': 34.6, 'depth': 1.0, 'altitude': 10.0, 'roll': 0.0, 'pitch': 0.0, 'last_fix_time': datetime.datetime(2021, 7, 29, 3, 18, 21), 'speed': None, 'rudder': 0, 'datum': (42.3, -71.1)}
2021-07-29 04:18:23,982 [INFO] Processing: $BFNVG,031822.05,4218.008531,N,07105.990287,W,0,10.0,1.0,34.6,0.0,0.0,031822.05*63
2021-07-29 04:18:23,985 [INFO] Interpreted as: {'position': (13.734093835460953, 15.45899008307606), 'latlon': (42.300142183333335, -71.09983811666666), 'heading': 34.6, 'depth': 1.0, 'altitude': 10.0, 'roll': 0.0, 'pitch': 0.0, 'last_fix_time': datetime.datetime(2021, 7, 29, 3, 18, 22), 'speed': None, 'rudder': 0, 'datum': (42.3, -71.1)}
2021-07-29 04:18:23,985 [INFO] Processing: $BFNVG,031822.41,4218.008654,N,07105.990179,W,0,10.0,1.0,34.6,0.0,0.0,031822.41*61
2021-07-29 04:18:23,987 [INFO] Interpreted as: {'position': (13.888089764979668, 15.682964368723333), 'latlon': (42.300144233333334, -71.09983631666667), 'heading': 34.6, 'depth': 1.0, 'altitude': 10.0, 'roll': 0.0, 'pitch': 0.0, 'last_fix_time': datetime.datetime(2021, 7, 29, 3, 18, 22), 'speed': None, 'rudder': 0, 'datum': (42.3, -71.1)}
2021-07-29 04:18:23,988 [INFO] Processing: $BFNVG,031822.75,4218.008776,N,07105.990072,W,0,10.0,1.0,34.6,0.0,0.0,031822.75*6A
2021-07-29 04:18:23,990 [INFO] Interpreted as: {'position': (14.040666139801033, 15.905121861957014), 'latlon': (42.300146266666665, -71.09983453333334), 'heading': 34.6, 'depth': 1.0, 'altitude': 10.0, 'roll': 0.0, 'pitch': 0.0, 'last_fix_time': datetime.datetime(2021, 7, 29, 3, 18, 22), 'speed': None, 'rudder': 0, 'datum': (42.3, -71.1)}
2021-07-29 04:18:23,990 [INFO] Received from Frontseat: [b'$BFNVG,031821.70,4218.008409,N,07105.990395,W,0,10.0,1.0,34.6,0.0,0.0,031821.70*6B', b'$BFNVG,031822.05,4218.008531,N,07105.990287,W,0,10.0,1.0,34.6,0.0,0.0,031822.05*63', b'$BFNVG,031822.41,4218.008654,N,07105.990179,W,0,10.0,1.0,34.6,0.0,0.0,031822.41*61', b'$BFNVG,031822.75,4218.008776,N,07105.990072,W,0,10.0,1.0,34.6,0.0,0.0,031822.75*6A']
2021-07-29 04:18:23,991 [INFO] AUV state: {'position': (14.040666139801033, 15.905121861957014), 'latlon': (42.300146266666665, -71.09983453333334), 'heading': 34.6, 'depth': 1.0, 'altitude': 10.0, 'roll': 0.0, 'pitch': 0.0, 'last_fix_time': datetime.datetime(2021, 7, 29, 3, 18, 22), 'speed': None, 'rudder': 0, 'datum': (42.3, -71.1)}
2021-07-29 04:18:24,286 [INFO] **** [] []
2021-07-29 04:18:24,288 [INFO] Next green buoy: [], next red buoy: []
2021-07-29 04:18:24,288 [INFO] Desired_heading: 34.6
2021-07-29 04:18:24,289 [INFO] delta angle: 0.0
2021-07-29 04:18:24,289 [INFO] sending message $BPRMB,031824.96,-0.0,1,0,750,0,1*7f
...
2021-07-29 04:18:25,291 [INFO] sending message $BPSTS,031825.29,1,BWSI Autonomy OK*42
...
2021-07-29 04:18:25,292 [INFO] Processing: $BFNVG,031823.10,4218.008898,N,07105.989965,W,0,10.0,1.0,34.6,0.0,0.0,031823.10*62
2021-07-29 04:18:25,294 [INFO] Interpreted as: {'position': (14.193242507462855, 16.127279358915985), 'latlon': (42.3001483, -71.09983275), 'heading': 34.6, 'depth': 1.0, 'altitude': 10.0, 'roll': 0.0, 'pitch': 0.0, 'last_fix_time': datetime.datetime(2021, 7, 29, 3, 18, 23), 'speed': None, 'rudder': 0, 'datum': (42.3, -71.1)}
2021-07-29 04:18:25,294 [INFO] Processing: $BFNVG,031823.45,4218.009020,N,07105.989857,W,0,10.0,1.0,34.6,0.0,0.0,031823.45*68
2021-07-29 04:18:25,296 [INFO] Interpreted as: {'position': (14.347192742337938, 16.349402954801917), 'latlon': (42.300150333333335, -71.09983095), 'heading': 34.6, 'depth': 1.0, 'altitude': 10.0, 'roll': 0.0, 'pitch': 0.0, 'last_fix_time': datetime.datetime(2021, 7, 29, 3, 18, 23), 'speed': None, 'rudder': 0, 'datum': (42.3, -71.1)}
2021-07-29 04:18:25,297 [INFO] Processing: $BFNVG,031823.81,4218.009146,N,07105.989747,W,0,10.0,1.0,34.6,0.0,0.0,031823.81*67
2021-07-29 04:18:25,299 [INFO] Interpreted as: {'position': (14.504073392716236, 16.57886153832078), 'latlon': (42.30015243333333, -71.09982911666667), 'heading': 34.6, 'depth': 1.0, 'altitude': 10.0, 'roll': 0.0, 'pitch': 0.0, 'last_fix_time': datetime.datetime(2021, 7, 29, 3, 18, 23), 'speed': None, 'rudder': 0, 'datum': (42.3, -71.1)}
2021-07-29 04:18:25,300 [INFO] Processing: $BFNVG,031824.22,4218.009288,N,07105.989622,W,0,10.0,1.0,34.6,0.0,0.0,031824.22*64
2021-07-29 04:18:25,302 [INFO] Interpreted as: {'position': (14.682292877114378, 16.837422746233642), 'latlon': (42.3001548, -71.09982703333333), 'heading': 34.6, 'depth': 1.0, 'altitude': 10.0, 'roll': 0.0, 'pitch': 0.0, 'last_fix_time': datetime.datetime(2021, 7, 29, 3, 18, 24), 'speed': None, 'rudder': 0, 'datum': (42.3, -71.1)}
2021-07-29 04:18:25,303 [INFO] Received from Frontseat: [b'$BFNVG,031823.10,4218.008898,N,07105.989965,W,0,10.0,1.0,34.6,0.0,0.0,031823.10*62', b'$BFNVG,031823.45,4218.009020,N,07105.989857,W,0,10.0,1.0,34.6,0.0,0.0,031823.45*68', b'$BFNVG,031823.81,4218.009146,N,07105.989747,W,0,10.0,1.0,34.6,0.0,0.0,031823.81*67', b'$BFNVG,031824.22,4218.009288,N,07105.989622,W,0,10.0,1.0,34.6,0.0,0.0,031824.22*64']
2021-07-29 04:18:25,304 [INFO] AUV state: {'position': (14.682292877114378, 16.837422746233642), 'latlon': (42.3001548, -71.09982703333333), 'heading': 34.6, 'depth': 1.0, 'altitude': 10.0, 'roll': 0.0, 'pitch': 0.0, 'last_fix_time': datetime.datetime(2021, 7, 29, 3, 18, 24), 'speed': None, 'rudder': 0, 'datum': (42.3, -71.1)}
2021-07-29 04:18:25,601 [INFO] **** [] []
2021-07-29 04:18:25,603 [INFO] Next green buoy: [], next red buoy: []
2021-07-29 04:18:25,604 [INFO] Desired_heading: 34.6
2021-07-29 04:18:25,604 [INFO] delta angle: 0.0
2021-07-29 04:18:25,605 [INFO] sending message $BPRMB,031825.61,-0.0,1,0,750,0,1*76
...
2021-07-29 04:18:26,606 [INFO] sending message $BPSTS,031826.60,1,BWSI Autonomy OK*4c
...
2021-07-29 04:18:26,607 [INFO] Processing: $BFNVG,031824.61,4218.009424,N,07105.989502,W,0,10.0,1.0,34.6,0.0,0.0,031824.61*65
2021-07-29 04:18:26,613 [INFO] Interpreted as: {'position': (14.853368954500183, 17.08504928741604), 'latlon': (42.300157066666664, -71.09982503333333), 'heading': 34.6, 'depth': 1.0, 'altitude': 10.0, 'roll': 0.0, 'pitch': 0.0, 'last_fix_time': datetime.datetime(2021, 7, 29, 3, 18, 24), 'speed': None, 'rudder': 0, 'datum': (42.3, -71.1)}
2021-07-29 04:18:26,614 [INFO] Processing: $BFNVG,031824.97,4218.009549,N,07105.989392,W,0,10.0,1.0,34.6,0.0,0.0,031824.97*60
2021-07-29 04:18:26,616 [INFO] Interpreted as: {'position': (15.010203906917013, 17.312657184898853), 'latlon': (42.30015915, -71.0998232), 'heading': 34.6, 'depth': 1.0, 'altitude': 10.0, 'roll': 0.0, 'pitch': 0.0, 'last_fix_time': datetime.datetime(2021, 7, 29, 3, 18, 24), 'speed': None, 'rudder': 0, 'datum': (42.3, -71.1)}
2021-07-29 04:18:26,617 [INFO] Processing: $BFNVG,031825.32,4218.009672,N,07105.989284,W,0,10.0,1.0,34.6,0.0,0.0,031825.32*6D
2021-07-29 04:18:26,618 [INFO] Interpreted as: {'position': (15.164199760416523, 17.536631495691836), 'latlon': (42.3001612, -71.0998214), 'heading': 34.6, 'depth': 1.0, 'altitude': 10.0, 'roll': 0.0, 'pitch': 0.0, 'last_fix_time': datetime.datetime(2021, 7, 29, 3, 18, 25), 'speed': None, 'rudder': 0, 'datum': (42.3, -71.1)}
2021-07-29 04:18:26,620 [INFO] Received from Frontseat: [b'$BFNVG,031824.61,4218.009424,N,07105.989502,W,0,10.0,1.0,34.6,0.0,0.0,031824.61*65', b'$BFNVG,031824.97,4218.009549,N,07105.989392,W,0,10.0,1.0,34.6,0.0,0.0,031824.97*60', b'$BFNVG,031825.32,4218.009672,N,07105.989284,W,0,10.0,1.0,34.6,0.0,0.0,031825.32*6D']
2021-07-29 04:18:26,620 [INFO] AUV state: {'position': (15.164199760416523, 17.536631495691836), 'latlon': (42.3001612, -71.0998214), 'heading': 34.6, 'depth': 1.0, 'altitude': 10.0, 'roll': 0.0, 'pitch': 0.0, 'last_fix_time': datetime.datetime(2021, 7, 29, 3, 18, 25), 'speed': None, 'rudder': 0, 'datum': (42.3, -71.1)}
2021-07-29 04:18:26,919 [INFO] **** [] []
2021-07-29 04:18:26,921 [INFO] Next green buoy: [], next red buoy: []
2021-07-29 04:18:26,921 [INFO] Desired_heading: 34.6
2021-07-29 04:18:26,922 [INFO] delta angle: 0.0
2021-07-29 04:18:26,922 [INFO] sending message $BPRMB,031827.59,-0.0,1,0,750,0,1*7f
...
2021-07-29 04:18:27,924 [INFO] sending message $BPSTS,031827.92,1,BWSI Autonomy OK*40
...
2021-07-29 04:18:27,925 [INFO] Processing: $BFNVG,031825.66,4218.009791,N,07105.989179,W,0,10.0,1.0,34.6,0.0,0.0,031825.66*60
2021-07-29 04:18:27,927 [INFO] Interpreted as: {'position': (15.313891300349496, 17.753304727375507), 'latlon': (42.30016318333333, -71.09981965), 'heading': 34.6, 'depth': 1.0, 'altitude': 10.0, 'roll': 0.0, 'pitch': 0.0, 'last_fix_time': datetime.datetime(2021, 7, 29, 3, 18, 25), 'speed': None, 'rudder': 0, 'datum': (42.3, -71.1)}
2021-07-29 04:18:27,928 [INFO] Processing: $BFNVG,031826.00,4218.009910,N,07105.989074,W,0,10.0,1.0,34.6,0.0,0.0,031826.00*6B
2021-07-29 04:18:27,931 [INFO] Interpreted as: {'position': (15.463582831434906, 17.96997796371579), 'latlon': (42.300165166666666, -71.0998179), 'heading': 34.6, 'depth': 1.0, 'altitude': 10.0, 'roll': 0.0, 'pitch': 0.0, 'last_fix_time': datetime.datetime(2021, 7, 29, 3, 18, 26), 'speed': None, 'rudder': 0, 'datum': (42.3, -71.1)}
2021-07-29 04:18:27,932 [INFO] Processing: $BFNVG,031826.38,4218.010042,N,07105.988959,W,0,10.0,1.0,34.6,0.0,0.0,031826.38*6A
2021-07-29 04:18:27,934 [INFO] Interpreted as: {'position': (15.627606804249808, 18.21037124376744), 'latlon': (42.30016736666666, -71.09981598333333), 'heading': 34.6, 'depth': 1.0, 'altitude': 10.0, 'roll': 0.0, 'pitch': 0.0, 'last_fix_time': datetime.datetime(2021, 7, 29, 3, 18, 26), 'speed': None, 'rudder': 0, 'datum': (42.3, -71.1)}
2021-07-29 04:18:27,935 [INFO] Processing: $BFNVG,031826.72,4218.010161,N,07105.988854,W,0,10.0,1.0,34.6,0.0,0.0,031826.72*66
2021-07-29 04:18:27,936 [INFO] Interpreted as: {'position': (15.777298318804242, 18.427044482901692), 'latlon': (42.30016935, -71.09981423333333), 'heading': 34.6, 'depth': 1.0, 'altitude': 10.0, 'roll': 0.0, 'pitch': 0.0, 'last_fix_time': datetime.datetime(2021, 7, 29, 3, 18, 26), 'speed': None, 'rudder': 0, 'datum': (42.3, -71.1)}
2021-07-29 04:18:27,937 [INFO] Received from Frontseat: [b'$BFNVG,031825.66,4218.009791,N,07105.989179,W,0,10.0,1.0,34.6,0.0,0.0,031825.66*60', b'$BFNVG,031826.00,4218.009910,N,07105.989074,W,0,10.0,1.0,34.6,0.0,0.0,031826.00*6B', b'$BFNVG,031826.38,4218.010042,N,07105.988959,W,0,10.0,1.0,34.6,0.0,0.0,031826.38*6A', b'$BFNVG,031826.72,4218.010161,N,07105.988854,W,0,10.0,1.0,34.6,0.0,0.0,031826.72*66']
2021-07-29 04:18:27,938 [INFO] AUV state: {'position': (15.777298318804242, 18.427044482901692), 'latlon': (42.30016935, -71.09981423333333), 'heading': 34.6, 'depth': 1.0, 'altitude': 10.0, 'roll': 0.0, 'pitch': 0.0, 'last_fix_time': datetime.datetime(2021, 7, 29, 3, 18, 26), 'speed': None, 'rudder': 0, 'datum': (42.3, -71.1)}
2021-07-29 04:18:28,234 [INFO] **** [] []
2021-07-29 04:18:28,236 [INFO] Next green buoy: [], next red buoy: []
2021-07-29 04:18:28,236 [INFO] Desired_heading: 34.6
2021-07-29 04:18:28,237 [INFO] delta angle: 0.0
2021-07-29 04:18:28,237 [INFO] sending message $BPRMB,031828.25,-0.0,1,0,750,0,1*7b
...
2021-07-29 04:18:29,239 [INFO] sending message $BPSTS,031829.23,1,BWSI Autonomy OK*44
...
2021-07-29 04:18:29,240 [INFO] Processing: $BFNVG,031827.08,4218.010286,N,07105.988744,W,0,10.0,1.0,34.6,0.0,0.0,031827.08*62
2021-07-29 04:18:29,242 [INFO] Interpreted as: {'position': (15.934133211616427, 18.654652401804924), 'latlon': (42.30017143333333, -71.0998124), 'heading': 34.6, 'depth': 1.0, 'altitude': 10.0, 'roll': 0.0, 'pitch': 0.0, 'last_fix_time': datetime.datetime(2021, 7, 29, 3, 18, 27), 'speed': None, 'rudder': 0, 'datum': (42.3, -71.1)}
2021-07-29 04:18:29,243 [INFO] Processing: $BFNVG,031827.42,4218.010405,N,07105.988639,W,0,10.0,1.0,34.6,0.0,0.0,031827.42*64
2021-07-29 04:18:29,245 [INFO] Interpreted as: {'position': (16.083824707951862, 18.87132564932108), 'latlon': (42.30017341666667, -71.09981065), 'heading': 34.6, 'depth': 1.0, 'altitude': 10.0, 'roll': 0.0, 'pitch': 0.0, 'last_fix_time': datetime.datetime(2021, 7, 29, 3, 18, 27), 'speed': None, 'rudder': 0, 'datum': (42.3, -71.1)}
2021-07-29 04:18:29,246 [INFO] Processing: $BFNVG,031827.77,4218.010525,N,07105.988534,W,0,10.0,1.0,34.6,0.0,0.0,031827.77*69
2021-07-29 04:18:29,248 [INFO] Interpreted as: {'position': (16.233561861445196, 19.089849596843123), 'latlon': (42.30017541666667, -71.0998089), 'heading': 34.6, 'depth': 1.0, 'altitude': 10.0, 'roll': 0.0, 'pitch': 0.0, 'last_fix_time': datetime.datetime(2021, 7, 29, 3, 18, 27), 'speed': None, 'rudder': 0, 'datum': (42.3, -71.1)}
2021-07-29 04:18:29,249 [INFO] Processing: $BFNVG,031828.11,4218.010644,N,07105.988429,W,0,10.0,1.0,34.6,0.0,0.0,031828.11*60
2021-07-29 04:18:29,251 [INFO] Interpreted as: {'position': (16.383253340027295, 19.30652284901589), 'latlon': (42.3001774, -71.09980715), 'heading': 34.6, 'depth': 1.0, 'altitude': 10.0, 'roll': 0.0, 'pitch': 0.0, 'last_fix_time': datetime.datetime(2021, 7, 29, 3, 18, 28), 'speed': None, 'rudder': 0, 'datum': (42.3, -71.1)}
2021-07-29 04:18:29,252 [INFO] Received from Frontseat: [b'$BFNVG,031827.08,4218.010286,N,07105.988744,W,0,10.0,1.0,34.6,0.0,0.0,031827.08*62', b'$BFNVG,031827.42,4218.010405,N,07105.988639,W,0,10.0,1.0,34.6,0.0,0.0,031827.42*64', b'$BFNVG,031827.77,4218.010525,N,07105.988534,W,0,10.0,1.0,34.6,0.0,0.0,031827.77*69', b'$BFNVG,031828.11,4218.010644,N,07105.988429,W,0,10.0,1.0,34.6,0.0,0.0,031828.11*60']
2021-07-29 04:18:29,253 [INFO] AUV state: {'position': (16.383253340027295, 19.30652284901589), 'latlon': (42.3001774, -71.09980715), 'heading': 34.6, 'depth': 1.0, 'altitude': 10.0, 'roll': 0.0, 'pitch': 0.0, 'last_fix_time': datetime.datetime(2021, 7, 29, 3, 18, 28), 'speed': None, 'rudder': 0, 'datum': (42.3, -71.1)}
2021-07-29 04:18:29,553 [INFO] **** [] []
2021-07-29 04:18:29,555 [INFO] Next green buoy: [], next red buoy: []
2021-07-29 04:18:29,555 [INFO] Desired_heading: 34.6
2021-07-29 04:18:29,556 [INFO] delta angle: 0.0
2021-07-29 04:18:29,556 [INFO] sending message $BPRMB,031830.22,-0.0,1,0,750,0,1*75
...
2021-07-29 04:18:30,558 [INFO] sending message $BPSTS,031830.55,1,BWSI Autonomy OK*4d
...
2021-07-29 04:18:30,558 [INFO] Processing: $BFNVG,031828.45,4218.010764,N,07105.988323,W,0,10.0,1.0,34.6,0.0,0.0,031828.45*6E
2021-07-29 04:18:30,561 [INFO] Interpreted as: {'position': (16.53436435147887, 19.525012901052833), 'latlon': (42.3001794, -71.09980538333333), 'heading': 34.6, 'depth': 1.0, 'altitude': 10.0, 'roll': 0.0, 'pitch': 0.0, 'last_fix_time': datetime.datetime(2021, 7, 29, 3, 18, 28), 'speed': None, 'rudder': 0, 'datum': (42.3, -71.1)}
2021-07-29 04:18:30,561 [INFO] Received from Frontseat: [b'$BFNVG,031828.45,4218.010764,N,07105.988323,W,0,10.0,1.0,34.6,0.0,0.0,031828.45*6E']
2021-07-29 04:18:30,562 [INFO] AUV state: {'position': (16.53436435147887, 19.525012901052833), 'latlon': (42.3001794, -71.09980538333333), 'heading': 34.6, 'depth': 1.0, 'altitude': 10.0, 'roll': 0.0, 'pitch': 0.0, 'last_fix_time': datetime.datetime(2021, 7, 29, 3, 18, 28), 'speed': None, 'rudder': 0, 'datum': (42.3, -71.1)}
2021-07-29 04:18:30,871 [INFO] **** [] []
2021-07-29 04:18:30,873 [INFO] Next green buoy: [], next red buoy: []
2021-07-29 04:18:30,874 [INFO] Desired_heading: 34.6
2021-07-29 04:18:30,874 [INFO] delta angle: 0.0
2021-07-29 04:18:30,874 [INFO] sending message $BPRMB,031830.88,-0.0,1,0,750,0,1*75
...
2021-07-29 04:18:31,876 [INFO] sending message $BPSTS,031831.87,1,BWSI Autonomy OK*43
...
2021-07-29 04:18:31,881 [INFO] Received from Frontseat: []
2021-07-29 04:18:31,882 [INFO] AUV state: {'position': (16.53436435147887, 19.525012901052833), 'latlon': (42.3001794, -71.09980538333333), 'heading': 34.6, 'depth': 1.0, 'altitude': 10.0, 'roll': 0.0, 'pitch': 0.0, 'last_fix_time': datetime.datetime(2021, 7, 29, 3, 18, 28), 'speed': None, 'rudder': 0, 'datum': (42.3, -71.1)}
2021-07-29 04:18:32,193 [INFO] **** [] []
2021-07-29 04:18:32,195 [INFO] Next green buoy: [], next red buoy: []
2021-07-29 04:18:32,195 [INFO] Desired_heading: 34.6
2021-07-29 04:18:32,196 [INFO] delta angle: 0.0
2021-07-29 04:18:32,197 [INFO] sending message $BPRMB,031832.86,-0.0,1,0,750,0,1*79
...
2021-07-29 04:18:33,008 [ERROR] An error occurred. The stack trace is below.
Traceback (most recent call last):
  File "BWSI_BackSeat.py", line 126, in run
    time.sleep(1/self.__warp)
KeyboardInterrupt
