2021-07-28 23:18:50,186 [INFO] host = 192.168.1.213, port = 29500
2021-07-28 23:18:54,212 [INFO] sending message $BPLOG,ACK,ON*1e
...
2021-07-28 23:18:54,213 [INFO] sending message $BPLOG,ALL,ON*16
...
2021-07-28 23:18:54,214 [INFO] sending message $BPSTS,221854.21,1,BWSI Autonomy OK*4f
...
2021-07-28 23:18:54,215 [INFO] Received from Frontseat: []
2021-07-28 23:18:54,216 [INFO] AUV state: {'position': (None, None), 'latlon': None, 'heading': None, 'depth': None, 'altitude': None, 'roll': None, 'pitch': None, 'last_fix_time': None, 'speed': None, 'rudder': 0}
2021-07-28 23:18:55,218 [INFO] sending message $BPSTS,221855.21,1,BWSI Autonomy OK*4e
...
2021-07-28 23:18:55,219 [INFO] Processing: $BFNVG,221854.10,4218.000000,N,07106.000000,W,0,10.0,1.0,45.0,0.0,0.0,221854.10*62
2021-07-28 23:18:55,221 [INFO] Interpreted as: {'position': (0, 0), 'latlon': (42.3, -71.1), 'heading': 45.0, 'depth': 1.0, 'altitude': 10.0, 'roll': 0.0, 'pitch': 0.0, 'last_fix_time': datetime.datetime(2021, 7, 28, 22, 18, 54), 'speed': None, 'rudder': 0, 'datum': (42.3, -71.1)}
2021-07-28 23:18:55,222 [INFO] Processing: $BFNVG,221854.35,4218.000000,N,07106.000000,W,0,10.0,1.0,45.0,0.0,0.0,221854.35*62
2021-07-28 23:18:55,224 [INFO] Interpreted as: {'position': (0.0, 0.0), 'latlon': (42.3, -71.1), 'heading': 45.0, 'depth': 1.0, 'altitude': 10.0, 'roll': 0.0, 'pitch': 0.0, 'last_fix_time': datetime.datetime(2021, 7, 28, 22, 18, 54), 'speed': None, 'rudder': 0, 'datum': (42.3, -71.1)}
2021-07-28 23:18:55,224 [INFO] Processing: $BFNVG,221854.77,4218.000000,N,07106.000000,W,0,10.0,1.0,45.0,0.0,0.0,221854.77*62
2021-07-28 23:18:55,227 [INFO] Interpreted as: {'position': (0.0, 0.0), 'latlon': (42.3, -71.1), 'heading': 45.0, 'depth': 1.0, 'altitude': 10.0, 'roll': 0.0, 'pitch': 0.0, 'last_fix_time': datetime.datetime(2021, 7, 28, 22, 18, 54), 'speed': None, 'rudder': 0, 'datum': (42.3, -71.1)}
2021-07-28 23:18:55,228 [INFO] Received from Frontseat: [b'$BFNVG,221854.10,4218.000000,N,07106.000000,W,0,10.0,1.0,45.0,0.0,0.0,221854.10*62', b'$BFNVG,221854.35,4218.000000,N,07106.000000,W,0,10.0,1.0,45.0,0.0,0.0,221854.35*62', b'$BFNVG,221854.77,4218.000000,N,07106.000000,W,0,10.0,1.0,45.0,0.0,0.0,221854.77*62']
2021-07-28 23:18:55,228 [INFO] AUV state: {'position': (0.0, 0.0), 'latlon': (42.3, -71.1), 'heading': 45.0, 'depth': 1.0, 'altitude': 10.0, 'roll': 0.0, 'pitch': 0.0, 'last_fix_time': datetime.datetime(2021, 7, 28, 22, 18, 54), 'speed': None, 'rudder': 0, 'datum': (42.3, -71.1)}
2021-07-28 23:18:55,556 [INFO] **** [(-0.21993023293121178, -7.6862156757158235)] [(15.437560812208067, -7.329055330858309)]
2021-07-28 23:18:55,558 [INFO] Next green buoy: [(-0.21993023293121178, -7.6862156757158235)], next red buoy: [(15.437560812208067, -7.329055330858309)]
2021-07-28 23:18:55,558 [INFO] Desired_heading: 52.60881528963843
2021-07-28 23:18:55,559 [INFO] delta angle: 10.1096539175542
2021-07-28 23:18:55,559 [INFO] sending message $BPRMB,221856.20,-10.1096539175542,1,0,750,0,1*44
...
2021-07-28 23:18:56,561 [INFO] sending message $BPSTS,221856.56,1,BWSI Autonomy OK*4d
...
2021-07-28 23:18:56,562 [INFO] Processing: $BFNVG,221855.12,4218.000000,N,07106.000000,W,0,10.0,1.0,45.0,0.0,0.0,221855.12*62
2021-07-28 23:18:56,565 [INFO] Interpreted as: {'position': (0.0, 0.0), 'latlon': (42.3, -71.1), 'heading': 45.0, 'depth': 1.0, 'altitude': 10.0, 'roll': 0.0, 'pitch': 0.0, 'last_fix_time': datetime.datetime(2021, 7, 28, 22, 18, 55), 'speed': None, 'rudder': 0, 'datum': (42.3, -71.1)}
2021-07-28 23:18:56,566 [INFO] Processing: $BFNVG,221855.46,4218.000000,N,07106.000000,W,0,10.0,1.0,45.0,0.0,0.0,221855.46*62
2021-07-28 23:18:56,568 [INFO] Interpreted as: {'position': (0.0, 0.0), 'latlon': (42.3, -71.1), 'heading': 45.0, 'depth': 1.0, 'altitude': 10.0, 'roll': 0.0, 'pitch': 0.0, 'last_fix_time': datetime.datetime(2021, 7, 28, 22, 18, 55), 'speed': None, 'rudder': 0, 'datum': (42.3, -71.1)}
2021-07-28 23:18:56,568 [INFO] Received from Frontseat: [b'$BFNVG,221855.12,4218.000000,N,07106.000000,W,0,10.0,1.0,45.0,0.0,0.0,221855.12*62', b'$BFNVG,221855.46,4218.000000,N,07106.000000,W,0,10.0,1.0,45.0,0.0,0.0,221855.46*62']
2021-07-28 23:18:56,569 [INFO] AUV state: {'position': (0.0, 0.0), 'latlon': (42.3, -71.1), 'heading': 45.0, 'depth': 1.0, 'altitude': 10.0, 'roll': 0.0, 'pitch': 0.0, 'last_fix_time': datetime.datetime(2021, 7, 28, 22, 18, 55), 'speed': None, 'rudder': 0, 'datum': (42.3, -71.1)}
2021-07-28 23:18:56,900 [INFO] **** [(-0.22035521470194389, -7.708961974233651)] [(15.437560812208067, -7.333901112744751)]
2021-07-28 23:18:56,902 [INFO] Next green buoy: [(-0.22035521470194389, -7.708961974233651)], next red buoy: [(15.437560812208067, -7.333901112744751)]
2021-07-28 23:18:56,903 [INFO] Desired_heading: 52.60860279875306
2021-07-28 23:18:56,903 [INFO] delta angle: 10.10930100423413
2021-07-28 23:18:56,903 [INFO] sending message $BPRMB,221856.91,-10.10930100423413,1,0,750,0,1*76
...
2021-07-28 23:18:57,905 [INFO] sending message $BPSTS,221857.90,1,BWSI Autonomy OK*46
...
2021-07-28 23:18:57,906 [INFO] Processing: $BFNVG,221855.81,4218.000000,N,07106.000000,W,0,10.0,1.0,45.0,0.0,0.0,221855.81*62
2021-07-28 23:18:57,908 [INFO] Interpreted as: {'position': (0.0, 0.0), 'latlon': (42.3, -71.1), 'heading': 45.0, 'depth': 1.0, 'altitude': 10.0, 'roll': 0.0, 'pitch': 0.0, 'last_fix_time': datetime.datetime(2021, 7, 28, 22, 18, 55), 'speed': None, 'rudder': 0, 'datum': (42.3, -71.1)}
2021-07-28 23:18:57,908 [INFO] Processing: $BFNVG,221856.17,4218.000108,N,07105.999860,W,0,10.0,1.0,45.7,0.0,0.0,221856.17*68
2021-07-28 23:18:57,910 [INFO] Interpreted as: {'position': (0.19727575522847474, 0.19512858521193266), 'latlon': (42.3000018, -71.09999766666667), 'heading': 45.7, 'depth': 1.0, 'altitude': 10.0, 'roll': 0.0, 'pitch': 0.0, 'last_fix_time': datetime.datetime(2021, 7, 28, 22, 18, 56), 'speed': None, 'rudder': 0, 'datum': (42.3, -71.1)}
2021-07-28 23:18:57,911 [INFO] Processing: $BFNVG,221856.54,4218.000216,N,07105.999715,W,0,10.0,1.0,46.4,0.0,0.0,221856.54*69
2021-07-28 23:18:57,913 [INFO] Interpreted as: {'position': (0.4014209002489224, 0.39008765015751123), 'latlon': (42.3000036, -71.09999525), 'heading': 46.4, 'depth': 1.0, 'altitude': 10.0, 'roll': 0.0, 'pitch': 0.0, 'last_fix_time': datetime.datetime(2021, 7, 28, 22, 18, 56), 'speed': None, 'rudder': 0, 'datum': (42.3, -71.1)}
2021-07-28 23:18:57,913 [INFO] Processing: $BFNVG,221856.89,4218.000321,N,07105.999573,W,0,10.0,1.0,47.1,0.0,0.0,221856.89*6A
2021-07-28 23:18:57,915 [INFO] Interpreted as: {'position': (0.6013073812937364, 0.5795963453128934), 'latlon': (42.30000535, -71.09999288333333), 'heading': 47.1, 'depth': 1.0, 'altitude': 10.0, 'roll': 0.0, 'pitch': 0.0, 'last_fix_time': datetime.datetime(2021, 7, 28, 22, 18, 56), 'speed': None, 'rudder': 0, 'datum': (42.3, -71.1)}
2021-07-28 23:18:57,916 [INFO] Received from Frontseat: [b'$BFNVG,221855.81,4218.000000,N,07106.000000,W,0,10.0,1.0,45.0,0.0,0.0,221855.81*62', b'$BFNVG,221856.17,4218.000108,N,07105.999860,W,0,10.0,1.0,45.7,0.0,0.0,221856.17*68', b'$BFNVG,221856.54,4218.000216,N,07105.999715,W,0,10.0,1.0,46.4,0.0,0.0,221856.54*69', b'$BFNVG,221856.89,4218.000321,N,07105.999573,W,0,10.0,1.0,47.1,0.0,0.0,221856.89*6A']
2021-07-28 23:18:57,917 [INFO] AUV state: {'position': (0.6013073812937364, 0.5795963453128934), 'latlon': (42.30000535, -71.09999288333333), 'heading': 47.1, 'depth': 1.0, 'altitude': 10.0, 'roll': 0.0, 'pitch': 0.0, 'last_fix_time': datetime.datetime(2021, 7, 28, 22, 18, 56), 'speed': None, 'rudder': 0, 'datum': (42.3, -71.1)}
2021-07-28 23:18:58,244 [INFO] **** [(-2.6839022268488306, -8.570117562540101)] [(14.855485984439555, -8.228108263569322)]
2021-07-28 23:18:58,246 [INFO] Next green buoy: [(-2.6839022268488306, -8.570117562540101)], next red buoy: [(14.855485984439555, -8.228108263569322)]
2021-07-28 23:18:58,247 [INFO] Desired_heading: 53.185791878795364
2021-07-28 23:18:58,247 [INFO] delta angle: 7.646916666071843
2021-07-28 23:18:58,247 [INFO] sending message $BPRMB,221858.89,-7.646916666071843,1,0,750,0,1*7b
...
2021-07-28 23:18:59,249 [INFO] sending message $BPSTS,221859.24,1,BWSI Autonomy OK*47
...
2021-07-28 23:18:59,250 [INFO] Processing: $BFNVG,221857.24,4218.000422,N,07105.999432,W,0,10.0,1.0,47.7,0.0,0.0,221857.24*6C
2021-07-28 23:18:59,252 [INFO] Interpreted as: {'position': (0.7996372802881524, 0.7617361610755324), 'latlon': (42.30000703333333, -71.09999053333334), 'heading': 47.7, 'depth': 1.0, 'altitude': 10.0, 'roll': 0.0, 'pitch': 0.0, 'last_fix_time': datetime.datetime(2021, 7, 28, 22, 18, 57), 'speed': None, 'rudder': 0, 'datum': (42.3, -71.1)}
2021-07-28 23:18:59,252 [INFO] Processing: $BFNVG,221857.59,4218.000521,N,07105.999291,W,0,10.0,1.0,48.4,0.0,0.0,221857.59*6D
2021-07-28 23:18:59,254 [INFO] Interpreted as: {'position': (0.9978758273646235, 0.9401745898649096), 'latlon': (42.30000868333333, -71.09998818333334), 'heading': 48.4, 'depth': 1.0, 'altitude': 10.0, 'roll': 0.0, 'pitch': 0.0, 'last_fix_time': datetime.datetime(2021, 7, 28, 22, 18, 57), 'speed': None, 'rudder': 0, 'datum': (42.3, -71.1)}
2021-07-28 23:18:59,255 [INFO] Processing: $BFNVG,221857.94,4218.000619,N,07105.999148,W,0,10.0,1.0,49.0,0.0,0.0,221857.94*67
2021-07-28 23:18:59,257 [INFO] Interpreted as: {'position': (1.1988164519425482, 1.1166945127770305), 'latlon': (42.300010316666665, -71.0999858), 'heading': 49.0, 'depth': 1.0, 'altitude': 10.0, 'roll': 0.0, 'pitch': 0.0, 'last_fix_time': datetime.datetime(2021, 7, 28, 22, 18, 57), 'speed': None, 'rudder': 0, 'datum': (42.3, -71.1)}
2021-07-28 23:18:59,257 [INFO] Received from Frontseat: [b'$BFNVG,221857.24,4218.000422,N,07105.999432,W,0,10.0,1.0,47.7,0.0,0.0,221857.24*6C', b'$BFNVG,221857.59,4218.000521,N,07105.999291,W,0,10.0,1.0,48.4,0.0,0.0,221857.59*6D', b'$BFNVG,221857.94,4218.000619,N,07105.999148,W,0,10.0,1.0,49.0,0.0,0.0,221857.94*67']
2021-07-28 23:18:59,259 [INFO] AUV state: {'position': (1.1988164519425482, 1.1166945127770305), 'latlon': (42.300010316666665, -71.0999858), 'heading': 49.0, 'depth': 1.0, 'altitude': 10.0, 'roll': 0.0, 'pitch': 0.0, 'last_fix_time': datetime.datetime(2021, 7, 28, 22, 18, 57), 'speed': None, 'rudder': 0, 'datum': (42.3, -71.1)}
2021-07-28 23:18:59,587 [INFO] **** [(-5.251604683049208, -9.560532847624396)] [(14.394159258816677, -9.147311362160956)]
2021-07-28 23:18:59,589 [INFO] Next green buoy: [(-5.251604683049208, -9.560532847624396)], next red buoy: [(14.394159258816677, -9.147311362160956)]
2021-07-28 23:18:59,589 [INFO] Desired_heading: 53.57127728788373
2021-07-28 23:18:59,590 [INFO] delta angle: 5.347329479569866
2021-07-28 23:18:59,590 [INFO] sending message $BPRMB,221859.60,-5.347329479569866,1,0,750,0,1*7a
...
2021-07-28 23:19:00,592 [INFO] sending message $BPSTS,221900.59,1,BWSI Autonomy OK*40
...
2021-07-28 23:19:00,594 [INFO] Processing: $BFNVG,221858.29,4218.000718,N,07105.999001,W,0,10.0,1.0,49.7,0.0,0.0,221858.29*6C
2021-07-28 23:19:00,596 [INFO] Interpreted as: {'position': (1.405298256315291, 1.2949295220896602), 'latlon': (42.300011966666666, -71.09998335), 'heading': 49.7, 'depth': 1.0, 'altitude': 10.0, 'roll': 0.0, 'pitch': 0.0, 'last_fix_time': datetime.datetime(2021, 7, 28, 22, 18, 58), 'speed': None, 'rudder': 0, 'datum': (42.3, -71.1)}
2021-07-28 23:19:00,597 [INFO] Processing: $BFNVG,221858.64,4218.000814,N,07105.998854,W,0,10.0,1.0,50.2,0.0,0.0,221858.64*6B
2021-07-28 23:19:00,599 [INFO] Interpreted as: {'position': (1.6116430352558382, 1.4676124462857842), 'latlon': (42.300013566666664, -71.0999809), 'heading': 50.2, 'depth': 1.0, 'altitude': 10.0, 'roll': 0.0, 'pitch': 0.0, 'last_fix_time': datetime.datetime(2021, 7, 28, 22, 18, 58), 'speed': None, 'rudder': 0, 'datum': (42.3, -71.1)}
2021-07-28 23:19:00,600 [INFO] Processing: $BFNVG,221858.98,4218.000909,N,07105.998707,W,0,10.0,1.0,50.7,0.0,0.0,221858.98*6A
2021-07-28 23:19:00,602 [INFO] Interpreted as: {'position': (1.817942134453915, 1.6384446788579226), 'latlon': (42.30001515, -71.09997845), 'heading': 50.7, 'depth': 1.0, 'altitude': 10.0, 'roll': 0.0, 'pitch': 0.0, 'last_fix_time': datetime.datetime(2021, 7, 28, 22, 18, 58), 'speed': None, 'rudder': 0, 'datum': (42.3, -71.1)}
2021-07-28 23:19:00,602 [INFO] Processing: $BFNVG,221859.34,4218.001005,N,07105.998555,W,0,10.0,1.0,51.2,0.0,0.0,221859.34*6F
2021-07-28 23:19:00,604 [INFO] Interpreted as: {'position': (2.031156290322542, 1.8109580902382731), 'latlon': (42.30001675, -71.09997591666666), 'heading': 51.2, 'depth': 1.0, 'altitude': 10.0, 'roll': 0.0, 'pitch': 0.0, 'last_fix_time': datetime.datetime(2021, 7, 28, 22, 18, 59), 'speed': None, 'rudder': 0, 'datum': (42.3, -71.1)}
2021-07-28 23:19:00,606 [INFO] Received from Frontseat: [b'$BFNVG,221858.29,4218.000718,N,07105.999001,W,0,10.0,1.0,49.7,0.0,0.0,221858.29*6C', b'$BFNVG,221858.64,4218.000814,N,07105.998854,W,0,10.0,1.0,50.2,0.0,0.0,221858.64*6B', b'$BFNVG,221858.98,4218.000909,N,07105.998707,W,0,10.0,1.0,50.7,0.0,0.0,221858.98*6A', b'$BFNVG,221859.34,4218.001005,N,07105.998555,W,0,10.0,1.0,51.2,0.0,0.0,221859.34*6F']
2021-07-28 23:19:00,606 [INFO] AUV state: {'position': (2.031156290322542, 1.8109580902382731), 'latlon': (42.30001675, -71.09997591666666), 'heading': 51.2, 'depth': 1.0, 'altitude': 10.0, 'roll': 0.0, 'pitch': 0.0, 'last_fix_time': datetime.datetime(2021, 7, 28, 22, 18, 59), 'speed': None, 'rudder': 0, 'datum': (42.3, -71.1)}
2021-07-28 23:19:00,921 [INFO] **** [(-9.055599355631626, -11.621962098316056)] [(14.501674649426434, -10.98598307488983)]
2021-07-28 23:19:00,923 [INFO] Next green buoy: [(-9.055599355631626, -11.621962098316056)], next red buoy: [(14.501674649426434, -10.98598307488983)]
2021-07-28 23:19:00,930 [INFO] Desired_heading: 53.923037646897406
2021-07-28 23:19:00,931 [INFO] delta angle: 2.7983822926248516
2021-07-28 23:19:00,931 [INFO] sending message $BPRMB,221901.58,-2.7983822926248516,1,0,750,0,1*46
...
2021-07-28 23:19:01,933 [INFO] sending message $BPSTS,221901.93,1,BWSI Autonomy OK*47
...
2021-07-28 23:19:01,934 [INFO] Processing: $BFNVG,221859.69,4218.001100,N,07105.998402,W,0,10.0,1.0,51.7,0.0,0.0,221859.69*6D
2021-07-28 23:19:01,936 [INFO] Interpreted as: {'position': (2.245698645710945, 1.9815869079902768), 'latlon': (42.300018333333334, -71.09997336666666), 'heading': 51.7, 'depth': 1.0, 'altitude': 10.0, 'roll': 0.0, 'pitch': 0.0, 'last_fix_time': datetime.datetime(2021, 7, 28, 22, 18, 59), 'speed': None, 'rudder': 0, 'datum': (42.3, -71.1)}
2021-07-28 23:19:01,937 [INFO] Processing: $BFNVG,221900.05,4218.001195,N,07105.998248,W,0,10.0,1.0,52.1,0.0,0.0,221900.05*6C
2021-07-28 23:19:01,939 [INFO] Interpreted as: {'position': (2.461614867905155, 2.152181826531887), 'latlon': (42.30001991666666, -71.0999708), 'heading': 52.1, 'depth': 1.0, 'altitude': 10.0, 'roll': 0.0, 'pitch': 0.0, 'last_fix_time': datetime.datetime(2021, 7, 28, 22, 19), 'speed': None, 'rudder': 0, 'datum': (42.3, -71.1)}
2021-07-28 23:19:01,940 [INFO] Processing: $BFNVG,221900.41,4218.001288,N,07105.998093,W,0,10.0,1.0,52.4,0.0,0.0,221900.41*62
2021-07-28 23:19:01,942 [INFO] Interpreted as: {'position': (2.6788136161048897, 2.319041452370584), 'latlon': (42.300021466666664, -71.09996821666667), 'heading': 52.4, 'depth': 1.0, 'altitude': 10.0, 'roll': 0.0, 'pitch': 0.0, 'last_fix_time': datetime.datetime(2021, 7, 28, 22, 19), 'speed': None, 'rudder': 0, 'datum': (42.3, -71.1)}
2021-07-28 23:19:01,942 [INFO] Processing: $BFNVG,221900.76,4218.001381,N,07105.997938,W,0,10.0,1.0,52.8,0.0,0.0,221900.76*61
2021-07-28 23:19:01,944 [INFO] Interpreted as: {'position': (2.8960123538272455, 2.4859010837972164), 'latlon': (42.300023016666664, -71.09996563333333), 'heading': 52.8, 'depth': 1.0, 'altitude': 10.0, 'roll': 0.0, 'pitch': 0.0, 'last_fix_time': datetime.datetime(2021, 7, 28, 22, 19), 'speed': None, 'rudder': 0, 'datum': (42.3, -71.1)}
2021-07-28 23:19:01,945 [INFO] Received from Frontseat: [b'$BFNVG,221859.69,4218.001100,N,07105.998402,W,0,10.0,1.0,51.7,0.0,0.0,221859.69*6D', b'$BFNVG,221900.05,4218.001195,N,07105.998248,W,0,10.0,1.0,52.1,0.0,0.0,221900.05*6C', b'$BFNVG,221900.41,4218.001288,N,07105.998093,W,0,10.0,1.0,52.4,0.0,0.0,221900.41*62', b'$BFNVG,221900.76,4218.001381,N,07105.997938,W,0,10.0,1.0,52.8,0.0,0.0,221900.76*61']
2021-07-28 23:19:01,945 [INFO] AUV state: {'position': (2.8960123538272455, 2.4859010837972164), 'latlon': (42.300023016666664, -71.09996563333333), 'heading': 52.8, 'depth': 1.0, 'altitude': 10.0, 'roll': 0.0, 'pitch': 0.0, 'last_fix_time': datetime.datetime(2021, 7, 28, 22, 19), 'speed': None, 'rudder': 0, 'datum': (42.3, -71.1)}
2021-07-28 23:19:02,293 [INFO] **** [(-13.406198346492431, -14.628929661171167)] [(16.010498309143184, -13.518164435388172), (-9.222396152874051, -4.474060612876027)]
2021-07-28 23:19:02,295 [INFO] Next green buoy: [(-13.406198346492431, -14.628929661171167)], next red buoy: [(16.010498309143184, -13.518164435388172), (-9.222396152874051, -4.474060612876027)]
2021-07-28 23:19:02,295 [INFO] Desired_heading: 54.102149981325375
2021-07-28 23:19:02,295 [INFO] delta angle: 1.1127977741648791
2021-07-28 23:19:02,296 [INFO] sending message $BPRMB,221902.28,-1.1127977741648791,1,0,750,0,1*46
...
2021-07-28 23:19:03,297 [INFO] sending message $BPSTS,221903.29,1,BWSI Autonomy OK*44
...
2021-07-28 23:19:03,298 [INFO] Processing: $BFNVG,221901.14,4218.001478,N,07105.997773,W,0,10.0,1.0,53.2,0.0,0.0,221901.14*6A
2021-07-28 23:19:03,300 [INFO] Interpreted as: {'position': (3.127132559195161, 2.6598244681954384), 'latlon': (42.30002463333334, -71.09996288333333), 'heading': 53.2, 'depth': 1.0, 'altitude': 10.0, 'roll': 0.0, 'pitch': 0.0, 'last_fix_time': datetime.datetime(2021, 7, 28, 22, 19, 1), 'speed': None, 'rudder': 0, 'datum': (42.3, -71.1)}
2021-07-28 23:19:03,301 [INFO] Processing: $BFNVG,221901.50,4218.001571,N,07105.997613,W,0,10.0,1.0,53.4,0.0,0.0,221901.50*63
2021-07-28 23:19:03,303 [INFO] Interpreted as: {'position': (3.351200671866536, 2.82651459146291), 'latlon': (42.30002618333333, -71.09996021666667), 'heading': 53.4, 'depth': 1.0, 'altitude': 10.0, 'roll': 0.0, 'pitch': 0.0, 'last_fix_time': datetime.datetime(2021, 7, 28, 22, 19, 1), 'speed': None, 'rudder': 0, 'datum': (42.3, -71.1)}
2021-07-28 23:19:03,304 [INFO] Processing: $BFNVG,221901.85,4218.001662,N,07105.997457,W,0,10.0,1.0,53.5,0.0,0.0,221901.85*61
2021-07-28 23:19:03,305 [INFO] Interpreted as: {'position': (3.5696819147560745, 2.989638946019113), 'latlon': (42.3000277, -71.09995761666667), 'heading': 53.5, 'depth': 1.0, 'altitude': 10.0, 'roll': 0.0, 'pitch': 0.0, 'last_fix_time': datetime.datetime(2021, 7, 28, 22, 19, 1), 'speed': None, 'rudder': 0, 'datum': (42.3, -71.1)}
2021-07-28 23:19:03,306 [INFO] Processing: $BFNVG,221902.21,4218.001753,N,07105.997298,W,0,10.0,1.0,53.7,0.0,0.0,221902.21*65
2021-07-28 23:19:03,308 [INFO] Interpreted as: {'position': (3.7922847848385572, 3.1526615899056196), 'latlon': (42.300029216666665, -71.09995496666667), 'heading': 53.7, 'depth': 1.0, 'altitude': 10.0, 'roll': 0.0, 'pitch': 0.0, 'last_fix_time': datetime.datetime(2021, 7, 28, 22, 19, 2), 'speed': None, 'rudder': 0, 'datum': (42.3, -71.1)}
2021-07-28 23:19:03,309 [INFO] Received from Frontseat: [b'$BFNVG,221901.14,4218.001478,N,07105.997773,W,0,10.0,1.0,53.2,0.0,0.0,221901.14*6A', b'$BFNVG,221901.50,4218.001571,N,07105.997613,W,0,10.0,1.0,53.4,0.0,0.0,221901.50*63', b'$BFNVG,221901.85,4218.001662,N,07105.997457,W,0,10.0,1.0,53.5,0.0,0.0,221901.85*61', b'$BFNVG,221902.21,4218.001753,N,07105.997298,W,0,10.0,1.0,53.7,0.0,0.0,221902.21*65']
2021-07-28 23:19:03,310 [INFO] AUV state: {'position': (3.7922847848385572, 3.1526615899056196), 'latlon': (42.300029216666665, -71.09995496666667), 'heading': 53.7, 'depth': 1.0, 'altitude': 10.0, 'roll': 0.0, 'pitch': 0.0, 'last_fix_time': datetime.datetime(2021, 7, 28, 22, 19, 2), 'speed': None, 'rudder': 0, 'datum': (42.3, -71.1)}
2021-07-28 23:19:03,661 [INFO] **** [(-19.09058543251082, -19.634611161400986)] [(19.671134411540212, -17.757323830349595), (-10.996982687621164, -4.902433479205229)]
2021-07-28 23:19:03,663 [INFO] Next green buoy: [(-19.09058543251082, -19.634611161400986)], next red buoy: [(19.671134411540212, -17.757323830349595), (-10.996982687621164, -4.902433479205229)]
2021-07-28 23:19:03,664 [INFO] Desired_heading: 53.9902744895147
2021-07-28 23:19:03,664 [INFO] delta angle: 0.17045159694716078
2021-07-28 23:19:03,664 [INFO] sending message $BPRMB,221904.31,-0.17045159694716078,1,0,750,0,1*7c
...
2021-07-28 23:19:04,666 [INFO] sending message $BPSTS,221904.66,1,BWSI Autonomy OK*48
...
2021-07-28 23:19:04,667 [INFO] Processing: $BFNVG,221902.57,4218.001845,N,07105.997138,W,0,10.0,1.0,53.9,0.0,0.0,221902.57*6A
2021-07-28 23:19:04,669 [INFO] Interpreted as: {'position': (4.016307196812704, 3.317501040175557), 'latlon': (42.30003075, -71.0999523), 'heading': 53.9, 'depth': 1.0, 'altitude': 10.0, 'roll': 0.0, 'pitch': 0.0, 'last_fix_time': datetime.datetime(2021, 7, 28, 22, 19, 2), 'speed': None, 'rudder': 0, 'datum': (42.3, -71.1)}
2021-07-28 23:19:04,670 [INFO] Processing: $BFNVG,221902.92,4218.001935,N,07105.996979,W,0,10.0,1.0,54.0,0.0,0.0,221902.92*6E
2021-07-28 23:19:04,672 [INFO] Interpreted as: {'position': (4.238864375045523, 3.478673003613949), 'latlon': (42.30003225, -71.09994965), 'heading': 54.0, 'depth': 1.0, 'altitude': 10.0, 'roll': 0.0, 'pitch': 0.0, 'last_fix_time': datetime.datetime(2021, 7, 28, 22, 19, 2), 'speed': None, 'rudder': 0, 'datum': (42.3, -71.1)}
2021-07-28 23:19:04,673 [INFO] Processing: $BFNVG,221903.28,4218.002025,N,07105.996820,W,0,10.0,1.0,54.1,0.0,0.0,221903.28*69
2021-07-28 23:19:04,675 [INFO] Interpreted as: {'position': (4.461421544954646, 3.6398449735715985), 'latlon': (42.30003375, -71.099947), 'heading': 54.1, 'depth': 1.0, 'altitude': 10.0, 'roll': 0.0, 'pitch': 0.0, 'last_fix_time': datetime.datetime(2021, 7, 28, 22, 19, 3), 'speed': None, 'rudder': 0, 'datum': (42.3, -71.1)}
2021-07-28 23:19:04,676 [INFO] Processing: $BFNVG,221903.65,4218.002118,N,07105.996656,W,0,10.0,1.0,54.1,0.0,0.0,221903.65*69
2021-07-28 23:19:04,678 [INFO] Interpreted as: {'position': (4.690985110355541, 3.806399523280561), 'latlon': (42.3000353, -71.09994426666667), 'heading': 54.1, 'depth': 1.0, 'altitude': 10.0, 'roll': 0.0, 'pitch': 0.0, 'last_fix_time': datetime.datetime(2021, 7, 28, 22, 19, 3), 'speed': None, 'rudder': 0, 'datum': (42.3, -71.1)}
2021-07-28 23:19:04,679 [INFO] Received from Frontseat: [b'$BFNVG,221902.57,4218.001845,N,07105.997138,W,0,10.0,1.0,53.9,0.0,0.0,221902.57*6A', b'$BFNVG,221902.92,4218.001935,N,07105.996979,W,0,10.0,1.0,54.0,0.0,0.0,221902.92*6E', b'$BFNVG,221903.28,4218.002025,N,07105.996820,W,0,10.0,1.0,54.1,0.0,0.0,221903.28*69', b'$BFNVG,221903.65,4218.002118,N,07105.996656,W,0,10.0,1.0,54.1,0.0,0.0,221903.65*69']
2021-07-28 23:19:04,680 [INFO] AUV state: {'position': (4.690985110355541, 3.806399523280561), 'latlon': (42.3000353, -71.09994426666667), 'heading': 54.1, 'depth': 1.0, 'altitude': 10.0, 'roll': 0.0, 'pitch': 0.0, 'last_fix_time': datetime.datetime(2021, 7, 28, 22, 19, 3), 'speed': None, 'rudder': 0, 'datum': (42.3, -71.1)}
2021-07-28 23:19:05,000 [INFO] **** [] [(-12.548642406971528, -5.363858665492986)]
2021-07-28 23:19:05,002 [INFO] Next green buoy: [], next red buoy: [(-12.548642406971528, -5.363858665492986)]
2021-07-28 23:19:05,003 [INFO] Desired_heading: 41.55135759302847
2021-07-28 23:19:05,003 [INFO] delta angle: -18.894522304789575
2021-07-28 23:19:05,004 [INFO] sending message $BPRMB,221905.02,18.894522304789575,1,0,750,0,1*61
...
2021-07-28 23:19:06,005 [INFO] sending message $BPSTS,221906.00,1,BWSI Autonomy OK*4a
...
2021-07-28 23:19:06,007 [INFO] Processing: $BFNVG,221904.01,4218.002208,N,07105.996496,W,0,10.0,1.0,54.2,0.0,0.0,221904.01*66
2021-07-28 23:19:06,077 [INFO] Interpreted as: {'position': (4.914916136302054, 3.9675376024097204), 'latlon': (42.3000368, -71.0999416), 'heading': 54.2, 'depth': 1.0, 'altitude': 10.0, 'roll': 0.0, 'pitch': 0.0, 'last_fix_time': datetime.datetime(2021, 7, 28, 22, 19, 4), 'speed': None, 'rudder': 0, 'datum': (42.3, -71.1)}
2021-07-28 23:19:06,078 [INFO] Processing: $BFNVG,221904.38,4218.002301,N,07105.996331,W,0,10.0,1.0,54.2,0.0,0.0,221904.38*64
2021-07-28 23:19:06,080 [INFO] Interpreted as: {'position': (5.145853559137322, 4.134058261290193), 'latlon': (42.30003835, -71.09993885), 'heading': 54.2, 'depth': 1.0, 'altitude': 10.0, 'roll': 0.0, 'pitch': 0.0, 'last_fix_time': datetime.datetime(2021, 7, 28, 22, 19, 4), 'speed': None, 'rudder': 0, 'datum': (42.3, -71.1)}
2021-07-28 23:19:06,081 [INFO] Processing: $BFNVG,221904.73,4218.002392,N,07105.996171,W,0,10.0,1.0,54.2,0.0,0.0,221904.73*68
2021-07-28 23:19:06,083 [INFO] Interpreted as: {'position': (5.369830236770213, 4.2970470525324345), 'latlon': (42.300039866666665, -71.09993618333333), 'heading': 54.2, 'depth': 1.0, 'altitude': 10.0, 'roll': 0.0, 'pitch': 0.0, 'last_fix_time': datetime.datetime(2021, 7, 28, 22, 19, 4), 'speed': None, 'rudder': 0, 'datum': (42.3, -71.1)}
2021-07-28 23:19:06,084 [INFO] Received from Frontseat: [b'$BFNVG,221904.01,4218.002208,N,07105.996496,W,0,10.0,1.0,54.2,0.0,0.0,221904.01*66', b'$BFNVG,221904.38,4218.002301,N,07105.996331,W,0,10.0,1.0,54.2,0.0,0.0,221904.38*64', b'$BFNVG,221904.73,4218.002392,N,07105.996171,W,0,10.0,1.0,54.2,0.0,0.0,221904.73*68']
2021-07-28 23:19:06,085 [INFO] AUV state: {'position': (5.369830236770213, 4.2970470525324345), 'latlon': (42.300039866666665, -71.09993618333333), 'heading': 54.2, 'depth': 1.0, 'altitude': 10.0, 'roll': 0.0, 'pitch': 0.0, 'last_fix_time': datetime.datetime(2021, 7, 28, 22, 19, 4), 'speed': None, 'rudder': 0, 'datum': (42.3, -71.1)}
2021-07-28 23:19:06,406 [INFO] **** [] [(-13.628688053079852, -5.788162673655047)]
2021-07-28 23:19:06,408 [INFO] Next green buoy: [], next red buoy: [(-13.628688053079852, -5.788162673655047)]
2021-07-28 23:19:06,409 [INFO] Desired_heading: 40.57131194692015
2021-07-28 23:19:06,409 [INFO] delta angle: -20.948722837115668
2021-07-28 23:19:06,410 [INFO] sending message $BPRMB,221906.98,20.948722837115668,1,0,750,0,1*6f
...
2021-07-28 23:19:07,412 [INFO] sending message $BPSTS,221907.41,1,BWSI Autonomy OK*4e
...
2021-07-28 23:19:07,413 [INFO] Processing: $BFNVG,221905.09,4218.002481,N,07105.996011,W,0,10.0,1.0,54.3,0.0,0.0,221905.09*6B
2021-07-28 23:19:07,415 [INFO] Interpreted as: {'position': (5.593715560564306, 4.456334457732737), 'latlon': (42.30004135, -71.09993351666667), 'heading': 54.3, 'depth': 1.0, 'altitude': 10.0, 'roll': 0.0, 'pitch': 0.0, 'last_fix_time': datetime.datetime(2021, 7, 28, 22, 19, 5), 'speed': None, 'rudder': 0, 'datum': (42.3, -71.1)}
2021-07-28 23:19:07,416 [INFO] Processing: $BFNVG,221905.44,4218.002572,N,07105.995854,W,0,10.0,1.0,53.0,0.0,0.0,221905.44*68
2021-07-28 23:19:07,418 [INFO] Interpreted as: {'position': (5.8135705786407925, 4.619424973614514), 'latlon': (42.300042866666665, -71.0999309), 'heading': 53.0, 'depth': 1.0, 'altitude': 10.0, 'roll': 0.0, 'pitch': 0.0, 'last_fix_time': datetime.datetime(2021, 7, 28, 22, 19, 5), 'speed': None, 'rudder': 0, 'datum': (42.3, -71.1)}
2021-07-28 23:19:07,419 [INFO] Processing: $BFNVG,221905.80,4218.002665,N,07105.995699,W,0,10.0,1.0,51.7,0.0,0.0,221905.80*67
2021-07-28 23:19:07,421 [INFO] Interpreted as: {'position': (6.030769172124565, 4.786284700036049), 'latlon': (42.300044416666665, -71.09992831666666), 'heading': 51.7, 'depth': 1.0, 'altitude': 10.0, 'roll': 0.0, 'pitch': 0.0, 'last_fix_time': datetime.datetime(2021, 7, 28, 22, 19, 5), 'speed': None, 'rudder': 0, 'datum': (42.3, -71.1)}
2021-07-28 23:19:07,422 [INFO] Processing: $BFNVG,221906.16,4218.002762,N,07105.995545,W,0,10.0,1.0,50.5,0.0,0.0,221906.16*60
2021-07-28 23:19:07,424 [INFO] Interpreted as: {'position': (6.246776556246914, 4.960581123828888), 'latlon': (42.30004603333333, -71.09992575), 'heading': 50.5, 'depth': 1.0, 'altitude': 10.0, 'roll': 0.0, 'pitch': 0.0, 'last_fix_time': datetime.datetime(2021, 7, 28, 22, 19, 6), 'speed': None, 'rudder': 0, 'datum': (42.3, -71.1)}
2021-07-28 23:19:07,425 [INFO] Received from Frontseat: [b'$BFNVG,221905.09,4218.002481,N,07105.996011,W,0,10.0,1.0,54.3,0.0,0.0,221905.09*6B', b'$BFNVG,221905.44,4218.002572,N,07105.995854,W,0,10.0,1.0,53.0,0.0,0.0,221905.44*68', b'$BFNVG,221905.80,4218.002665,N,07105.995699,W,0,10.0,1.0,51.7,0.0,0.0,221905.80*67', b'$BFNVG,221906.16,4218.002762,N,07105.995545,W,0,10.0,1.0,50.5,0.0,0.0,221906.16*60']
2021-07-28 23:19:07,426 [INFO] AUV state: {'position': (6.246776556246914, 4.960581123828888), 'latlon': (42.30004603333333, -71.09992575), 'heading': 50.5, 'depth': 1.0, 'altitude': 10.0, 'roll': 0.0, 'pitch': 0.0, 'last_fix_time': datetime.datetime(2021, 7, 28, 22, 19, 6), 'speed': None, 'rudder': 0, 'datum': (42.3, -71.1)}
2021-07-28 23:19:07,744 [INFO] **** [] [(-11.00548108104386, -6.485589314655345)]
2021-07-28 23:19:07,746 [INFO] Next green buoy: [], next red buoy: [(-11.00548108104386, -6.485589314655345)]
2021-07-28 23:19:07,746 [INFO] Desired_heading: 39.49451891895614
2021-07-28 23:19:07,747 [INFO] delta angle: -16.036193072946332
2021-07-28 23:19:07,747 [INFO] sending message $BPRMB,221907.83,16.036193072946332,1,0,750,0,1*60
...
2021-07-28 23:19:08,749 [INFO] sending message $BPSTS,221908.74,1,BWSI Autonomy OK*47
...
2021-07-28 23:19:08,750 [INFO] Processing: $BFNVG,221906.51,4218.002860,N,07105.995396,W,0,10.0,1.0,49.2,0.0,0.0,221906.51*6A
2021-07-28 23:19:08,751 [INFO] Interpreted as: {'position': (6.455960206338204, 5.136897768825293), 'latlon': (42.300047666666664, -71.09992326666666), 'heading': 49.2, 'depth': 1.0, 'altitude': 10.0, 'roll': 0.0, 'pitch': 0.0, 'last_fix_time': datetime.datetime(2021, 7, 28, 22, 19, 6), 'speed': None, 'rudder': 0, 'datum': (42.3, -71.1)}
2021-07-28 23:19:08,753 [INFO] Processing: $BFNVG,221906.88,4218.002964,N,07105.995246,W,0,10.0,1.0,47.8,0.0,0.0,221906.88*67
2021-07-28 23:19:08,755 [INFO] Interpreted as: {'position': (6.666791747207753, 5.324284702539444), 'latlon': (42.3000494, -71.09992076666667), 'heading': 47.8, 'depth': 1.0, 'altitude': 10.0, 'roll': 0.0, 'pitch': 0.0, 'last_fix_time': datetime.datetime(2021, 7, 28, 22, 19, 6), 'speed': None, 'rudder': 0, 'datum': (42.3, -71.1)}
2021-07-28 23:19:08,756 [INFO] Processing: $BFNVG,221907.23,4218.003067,N,07105.995103,W,0,10.0,1.0,46.4,0.0,0.0,221907.23*63
2021-07-28 23:19:08,757 [INFO] Interpreted as: {'position': (6.867960455594584, 5.510058267973363), 'latlon': (42.300051116666666, -71.09991838333333), 'heading': 46.4, 'depth': 1.0, 'altitude': 10.0, 'roll': 0.0, 'pitch': 0.0, 'last_fix_time': datetime.datetime(2021, 7, 28, 22, 19, 7), 'speed': None, 'rudder': 0, 'datum': (42.3, -71.1)}
2021-07-28 23:19:08,758 [INFO] Processing: $BFNVG,221907.60,4218.003175,N,07105.994962,W,0,10.0,1.0,44.9,0.0,0.0,221907.60*60
2021-07-28 23:19:08,760 [INFO] Interpreted as: {'position': (7.066609747707844, 5.705153134651482), 'latlon': (42.300052916666665, -71.09991603333333), 'heading': 44.9, 'depth': 1.0, 'altitude': 10.0, 'roll': 0.0, 'pitch': 0.0, 'last_fix_time': datetime.datetime(2021, 7, 28, 22, 19, 7), 'speed': None, 'rudder': 0, 'datum': (42.3, -71.1)}
2021-07-28 23:19:08,761 [INFO] Received from Frontseat: [b'$BFNVG,221906.51,4218.002860,N,07105.995396,W,0,10.0,1.0,49.2,0.0,0.0,221906.51*6A', b'$BFNVG,221906.88,4218.002964,N,07105.995246,W,0,10.0,1.0,47.8,0.0,0.0,221906.88*67', b'$BFNVG,221907.23,4218.003067,N,07105.995103,W,0,10.0,1.0,46.4,0.0,0.0,221907.23*63', b'$BFNVG,221907.60,4218.003175,N,07105.994962,W,0,10.0,1.0,44.9,0.0,0.0,221907.60*60']
2021-07-28 23:19:08,762 [INFO] AUV state: {'position': (7.066609747707844, 5.705153134651482), 'latlon': (42.300052916666665, -71.09991603333333), 'heading': 44.9, 'depth': 1.0, 'altitude': 10.0, 'roll': 0.0, 'pitch': 0.0, 'last_fix_time': datetime.datetime(2021, 7, 28, 22, 19, 7), 'speed': None, 'rudder': 0, 'datum': (42.3, -71.1)}
2021-07-28 23:19:09,084 [INFO] **** [(-19.27136469692662, -6.693857089701296)] [(-5.947671002130538, -7.390879575080209), (6.367599311841976, -4.600819661869284)]
2021-07-28 23:19:09,086 [INFO] Next green buoy: [(-19.27136469692662, -6.693857089701296)], next red buoy: [(-5.947671002130538, -7.390879575080209), (6.367599311841976, -4.600819661869284)]
2021-07-28 23:19:09,087 [INFO] Desired_heading: 32.29048215047142
2021-07-28 23:19:09,087 [INFO] delta angle: -19.009167081539886
2021-07-28 23:19:09,088 [INFO] sending message $BPRMB,221909.66,19.009167081539886,1,0,750,0,1*61
...
2021-07-28 23:19:10,089 [INFO] sending message $BPSTS,221910.08,1,BWSI Autonomy OK*45
...
2021-07-28 23:19:10,091 [INFO] Processing: $BFNVG,221907.95,4218.003285,N,07105.994825,W,0,10.0,1.0,43.5,0.0,0.0,221907.95*65
2021-07-28 23:19:10,093 [INFO] Interpreted as: {'position': (7.259854855015874, 5.904085014015436), 'latlon': (42.30005475, -71.09991375), 'heading': 43.5, 'depth': 1.0, 'altitude': 10.0, 'roll': 0.0, 'pitch': 0.0, 'last_fix_time': datetime.datetime(2021, 7, 28, 22, 19, 7), 'speed': None, 'rudder': 0, 'datum': (42.3, -71.1)}
2021-07-28 23:19:10,094 [INFO] Processing: $BFNVG,221908.32,4218.003400,N,07105.994688,W,0,10.0,1.0,42.4,0.0,0.0,221908.32*67
2021-07-28 23:19:10,096 [INFO] Interpreted as: {'position': (7.453328302479349, 6.112270385026932), 'latlon': (42.30005666666667, -71.09991146666667), 'heading': 42.4, 'depth': 1.0, 'altitude': 10.0, 'roll': 0.0, 'pitch': 0.0, 'last_fix_time': datetime.datetime(2021, 7, 28, 22, 19, 8), 'speed': None, 'rudder': 0, 'datum': (42.3, -71.1)}
2021-07-28 23:19:10,097 [INFO] Processing: $BFNVG,221908.70,4218.003520,N,07105.994550,W,0,10.0,1.0,41.3,0.0,0.0,221908.70*66
2021-07-28 23:19:10,099 [INFO] Interpreted as: {'position': (7.648403968079947, 6.329675340093672), 'latlon': (42.300058666666665, -71.09990916666666), 'heading': 41.3, 'depth': 1.0, 'altitude': 10.0, 'roll': 0.0, 'pitch': 0.0, 'last_fix_time': datetime.datetime(2021, 7, 28, 22, 19, 8), 'speed': None, 'rudder': 0, 'datum': (42.3, -71.1)}
2021-07-28 23:19:10,100 [INFO] Processing: $BFNVG,221909.08,4218.003641,N,07105.994416,W,0,10.0,1.0,40.2,0.0,0.0,221909.08*61
2021-07-28 23:19:10,102 [INFO] Interpreted as: {'position': (7.838029778038617, 6.549066616222262), 'latlon': (42.300060683333335, -71.09990693333333), 'heading': 40.2, 'depth': 1.0, 'altitude': 10.0, 'roll': 0.0, 'pitch': 0.0, 'last_fix_time': datetime.datetime(2021, 7, 28, 22, 19, 9), 'speed': None, 'rudder': 0, 'datum': (42.3, -71.1)}
2021-07-28 23:19:10,103 [INFO] Received from Frontseat: [b'$BFNVG,221907.95,4218.003285,N,07105.994825,W,0,10.0,1.0,43.5,0.0,0.0,221907.95*65', b'$BFNVG,221908.32,4218.003400,N,07105.994688,W,0,10.0,1.0,42.4,0.0,0.0,221908.32*67', b'$BFNVG,221908.70,4218.003520,N,07105.994550,W,0,10.0,1.0,41.3,0.0,0.0,221908.70*66', b'$BFNVG,221909.08,4218.003641,N,07105.994416,W,0,10.0,1.0,40.2,0.0,0.0,221909.08*61']
2021-07-28 23:19:10,103 [INFO] AUV state: {'position': (7.838029778038617, 6.549066616222262), 'latlon': (42.300060683333335, -71.09990693333333), 'heading': 40.2, 'depth': 1.0, 'altitude': 10.0, 'roll': 0.0, 'pitch': 0.0, 'last_fix_time': datetime.datetime(2021, 7, 28, 22, 19, 9), 'speed': None, 'rudder': 0, 'datum': (42.3, -71.1)}
2021-07-28 23:19:10,411 [INFO] **** [(-16.615294732164564, -7.679954798501178)] [(-1.2766073309652348, -8.564025108124122), (12.27162015343452, -5.053245617651468)]
2021-07-28 23:19:10,413 [INFO] Next green buoy: [(-16.615294732164564, -7.679954798501178)], next red buoy: [(-1.2766073309652348, -8.564025108124122), (12.27162015343452, -5.053245617651468)]
2021-07-28 23:19:10,413 [INFO] Desired_heading: 31.254048968435104
2021-07-28 23:19:10,414 [INFO] delta angle: -12.377220636195489
2021-07-28 23:19:10,414 [INFO] sending message $BPRMB,221910.51,12.377220636195489,1,0,750,0,1*67
...
2021-07-28 23:19:11,416 [INFO] sending message $BPSTS,221911.41,1,BWSI Autonomy OK*49
...
2021-07-28 23:19:11,417 [INFO] Processing: $BFNVG,221909.44,4218.003761,N,07105.994289,W,0,10.0,1.0,39.1,0.0,0.0,221909.44*6F
2021-07-28 23:19:11,425 [INFO] Interpreted as: {'position': (8.017992755165324, 6.766844519414008), 'latlon': (42.30006268333333, -71.09990481666667), 'heading': 39.1, 'depth': 1.0, 'altitude': 10.0, 'roll': 0.0, 'pitch': 0.0, 'last_fix_time': datetime.datetime(2021, 7, 28, 22, 19, 9), 'speed': None, 'rudder': 0, 'datum': (42.3, -71.1)}
2021-07-28 23:19:11,426 [INFO] Processing: $BFNVG,221909.80,4218.003879,N,07105.994169,W,0,10.0,1.0,37.8,0.0,0.0,221909.80*63
2021-07-28 23:19:11,428 [INFO] Interpreted as: {'position': (8.188247232697904, 6.981158362701535), 'latlon': (42.30006465, -71.09990281666667), 'heading': 37.8, 'depth': 1.0, 'altitude': 10.0, 'roll': 0.0, 'pitch': 0.0, 'last_fix_time': datetime.datetime(2021, 7, 28, 22, 19, 9), 'speed': None, 'rudder': 0, 'datum': (42.3, -71.1)}
2021-07-28 23:19:11,429 [INFO] Processing: $BFNVG,221910.16,4218.004001,N,07105.994051,W,0,10.0,1.0,36.5,0.0,0.0,221910.16*65
2021-07-28 23:19:11,431 [INFO] Interpreted as: {'position': (8.355936625506729, 7.202942800708115), 'latlon': (42.300066683333334, -71.09990085), 'heading': 36.5, 'depth': 1.0, 'altitude': 10.0, 'roll': 0.0, 'pitch': 0.0, 'last_fix_time': datetime.datetime(2021, 7, 28, 22, 19, 10), 'speed': None, 'rudder': 0, 'datum': (42.3, -71.1)}
2021-07-28 23:19:11,433 [INFO] Received from Frontseat: [b'$BFNVG,221909.44,4218.003761,N,07105.994289,W,0,10.0,1.0,39.1,0.0,0.0,221909.44*6F', b'$BFNVG,221909.80,4218.003879,N,07105.994169,W,0,10.0,1.0,37.8,0.0,0.0,221909.80*63', b'$BFNVG,221910.16,4218.004001,N,07105.994051,W,0,10.0,1.0,36.5,0.0,0.0,221910.16*65']
2021-07-28 23:19:11,434 [INFO] AUV state: {'position': (8.355936625506729, 7.202942800708115), 'latlon': (42.300066683333334, -71.09990085), 'heading': 36.5, 'depth': 1.0, 'altitude': 10.0, 'roll': 0.0, 'pitch': 0.0, 'last_fix_time': datetime.datetime(2021, 7, 28, 22, 19, 10), 'speed': None, 'rudder': 0, 'datum': (42.3, -71.1)}
2021-07-28 23:19:11,735 [INFO] **** [(-14.42283434573334, -8.554618024345203)] [(2.99832944205913, -9.571726949915949), (17.117627328118473, -5.369837038105721)]
2021-07-28 23:19:11,737 [INFO] Next green buoy: [(-14.42283434573334, -8.554618024345203)], next red buoy: [(2.99832944205913, -9.571726949915949), (17.117627328118473, -5.369837038105721)]
2021-07-28 23:19:11,738 [INFO] Desired_heading: 30.787747548162894
2021-07-28 23:19:11,738 [INFO] delta angle: -7.064789526631614
2021-07-28 23:19:11,739 [INFO] sending message $BPRMB,221912.31,7.064789526631614,1,0,750,0,1*5d
...
2021-07-28 23:19:12,741 [INFO] sending message $BPSTS,221912.74,1,BWSI Autonomy OK*4c
...
2021-07-28 23:19:12,742 [INFO] Processing: $BFNVG,221910.53,4218.004127,N,07105.993934,W,0,10.0,1.0,35.2,0.0,0.0,221910.53*69
2021-07-28 23:19:12,744 [INFO] Interpreted as: {'position': (8.522434809478, 7.432163936085999), 'latlon': (42.30006878333333, -71.0998989), 'heading': 35.2, 'depth': 1.0, 'altitude': 10.0, 'roll': 0.0, 'pitch': 0.0, 'last_fix_time': datetime.datetime(2021, 7, 28, 22, 19, 10), 'speed': None, 'rudder': 0, 'datum': (42.3, -71.1)}
2021-07-28 23:19:12,745 [INFO] Processing: $BFNVG,221910.88,4218.004251,N,07105.993824,W,0,10.0,1.0,34.4,0.0,0.0,221910.88*6C
2021-07-28 23:19:12,747 [INFO] Interpreted as: {'position': (8.679224495426752, 7.657921004109085), 'latlon': (42.30007085, -71.09989706666667), 'heading': 34.4, 'depth': 1.0, 'altitude': 10.0, 'roll': 0.0, 'pitch': 0.0, 'last_fix_time': datetime.datetime(2021, 7, 28, 22, 19, 10), 'speed': None, 'rudder': 0, 'datum': (42.3, -71.1)}
2021-07-28 23:19:12,748 [INFO] Processing: $BFNVG,221911.24,4218.004376,N,07105.993717,W,0,10.0,1.0,33.5,0.0,0.0,221911.24*61
2021-07-28 23:19:12,751 [INFO] Interpreted as: {'position': (8.8319382048212, 7.8856304828077555), 'latlon': (42.30007293333333, -71.09989528333334), 'heading': 33.5, 'depth': 1.0, 'altitude': 10.0, 'roll': 0.0, 'pitch': 0.0, 'last_fix_time': datetime.datetime(2021, 7, 28, 22, 19, 11), 'speed': None, 'rudder': 0, 'datum': (42.3, -71.1)}
2021-07-28 23:19:12,752 [INFO] Processing: $BFNVG,221911.59,4218.004502,N,07105.993612,W,0,10.0,1.0,32.7,0.0,0.0,221911.59*63
2021-07-28 23:19:12,754 [INFO] Interpreted as: {'position': (8.981949818204157, 8.115258469246328), 'latlon': (42.300075033333336, -71.09989353333333), 'heading': 32.7, 'depth': 1.0, 'altitude': 10.0, 'roll': 0.0, 'pitch': 0.0, 'last_fix_time': datetime.datetime(2021, 7, 28, 22, 19, 11), 'speed': None, 'rudder': 0, 'datum': (42.3, -71.1)}
2021-07-28 23:19:12,754 [INFO] Received from Frontseat: [b'$BFNVG,221910.53,4218.004127,N,07105.993934,W,0,10.0,1.0,35.2,0.0,0.0,221910.53*69', b'$BFNVG,221910.88,4218.004251,N,07105.993824,W,0,10.0,1.0,34.4,0.0,0.0,221910.88*6C', b'$BFNVG,221911.24,4218.004376,N,07105.993717,W,0,10.0,1.0,33.5,0.0,0.0,221911.24*61', b'$BFNVG,221911.59,4218.004502,N,07105.993612,W,0,10.0,1.0,32.7,0.0,0.0,221911.59*63']
2021-07-28 23:19:12,755 [INFO] AUV state: {'position': (8.981949818204157, 8.115258469246328), 'latlon': (42.300075033333336, -71.09989353333333), 'heading': 32.7, 'depth': 1.0, 'altitude': 10.0, 'roll': 0.0, 'pitch': 0.0, 'last_fix_time': datetime.datetime(2021, 7, 28, 22, 19, 11), 'speed': None, 'rudder': 0, 'datum': (42.3, -71.1)}
2021-07-28 23:19:13,056 [INFO] **** [(-12.532299954907524, -10.086180353412619)] [(8.176038606132014, -11.723162904253943), (22.763424174503655, -5.996817501941936)]
2021-07-28 23:19:13,058 [INFO] Next green buoy: [(-12.532299954907524, -10.086180353412619)], next red buoy: [(8.176038606132014, -11.723162904253943), (22.763424174503655, -5.996817501941936)]
2021-07-28 23:19:13,059 [INFO] Desired_heading: 30.521869325612247
2021-07-28 23:19:13,059 [INFO] delta angle: -2.116873474291765
2021-07-28 23:19:13,060 [INFO] sending message $BPRMB,221913.16,2.116873474291765,1,0,750,0,1*5d
...
2021-07-28 23:19:14,061 [INFO] sending message $BPSTS,221914.06,1,BWSI Autonomy OK*4f
...
2021-07-28 23:19:14,063 [INFO] Processing: $BFNVG,221911.95,4218.004631,N,07105.993508,W,0,10.0,1.0,31.9,0.0,0.0,221911.95*65
2021-07-28 23:19:14,065 [INFO] Interpreted as: {'position': (9.130724555579945, 8.350472452118993), 'latlon': (42.300077183333336, -71.0998918), 'heading': 31.9, 'depth': 1.0, 'altitude': 10.0, 'roll': 0.0, 'pitch': 0.0, 'last_fix_time': datetime.datetime(2021, 7, 28, 22, 19, 11), 'speed': None, 'rudder': 0, 'datum': (42.3, -71.1)}
2021-07-28 23:19:14,065 [INFO] Processing: $BFNVG,221912.31,4218.004761,N,07105.993406,W,0,10.0,1.0,31.4,0.0,0.0,221912.31*63
2021-07-28 23:19:14,067 [INFO] Interpreted as: {'position': (9.27679719706066, 8.587604940868914), 'latlon': (42.30007935, -71.0998901), 'heading': 31.4, 'depth': 1.0, 'altitude': 10.0, 'roll': 0.0, 'pitch': 0.0, 'last_fix_time': datetime.datetime(2021, 7, 28, 22, 19, 12), 'speed': None, 'rudder': 0, 'datum': (42.3, -71.1)}
2021-07-28 23:19:14,068 [INFO] Processing: $BFNVG,221912.67,4218.004891,N,07105.993306,W,0,10.0,1.0,30.9,0.0,0.0,221912.67*68
2021-07-28 23:19:14,070 [INFO] Interpreted as: {'position': (9.420122071052901, 8.824805240146816), 'latlon': (42.300081516666665, -71.09988843333333), 'heading': 30.9, 'depth': 1.0, 'altitude': 10.0, 'roll': 0.0, 'pitch': 0.0, 'last_fix_time': datetime.datetime(2021, 7, 28, 22, 19, 12), 'speed': None, 'rudder': 0, 'datum': (42.3, -71.1)}
2021-07-28 23:19:14,071 [INFO] Processing: $BFNVG,221913.03,4218.005021,N,07105.993208,W,0,10.0,1.0,30.5,0.0,0.0,221913.03*69
2021-07-28 23:19:14,073 [INFO] Interpreted as: {'position': (9.560699179884978, 9.062073349021375), 'latlon': (42.300083683333334, -71.0998868), 'heading': 30.5, 'depth': 1.0, 'altitude': 10.0, 'roll': 0.0, 'pitch': 0.0, 'last_fix_time': datetime.datetime(2021, 7, 28, 22, 19, 13), 'speed': None, 'rudder': 0, 'datum': (42.3, -71.1)}
2021-07-28 23:19:14,074 [INFO] Received from Frontseat: [b'$BFNVG,221911.95,4218.004631,N,07105.993508,W,0,10.0,1.0,31.9,0.0,0.0,221911.95*65', b'$BFNVG,221912.31,4218.004761,N,07105.993406,W,0,10.0,1.0,31.4,0.0,0.0,221912.31*63', b'$BFNVG,221912.67,4218.004891,N,07105.993306,W,0,10.0,1.0,30.9,0.0,0.0,221912.67*68', b'$BFNVG,221913.03,4218.005021,N,07105.993208,W,0,10.0,1.0,30.5,0.0,0.0,221913.03*69']
2021-07-28 23:19:14,074 [INFO] AUV state: {'position': (9.560699179884978, 9.062073349021375), 'latlon': (42.300083683333334, -71.0998868), 'heading': 30.5, 'depth': 1.0, 'altitude': 10.0, 'roll': 0.0, 'pitch': 0.0, 'last_fix_time': datetime.datetime(2021, 7, 28, 22, 19, 13), 'speed': None, 'rudder': 0, 'datum': (42.3, -71.1)}
2021-07-28 23:19:14,381 [INFO] **** [(-12.688306359929435, -12.275069313023545)] [(13.08474760496765, -14.700143957746773)]
2021-07-28 23:19:14,383 [INFO] Next green buoy: [(-12.688306359929435, -12.275069313023545)], next red buoy: [(13.08474760496765, -14.700143957746773)]
2021-07-28 23:19:14,383 [INFO] Desired_heading: 30.69822062251911
2021-07-28 23:19:14,383 [INFO] delta angle: 0.10580983365879412
2021-07-28 23:19:14,384 [INFO] sending message $BPRMB,221914.95,-0.10580983365879412,1,0,750,0,1*72
...
2021-07-28 23:19:15,385 [INFO] sending message $BPSTS,221915.38,1,BWSI Autonomy OK*43
...
2021-07-28 23:19:15,386 [INFO] Processing: $BFNVG,221913.38,4218.005150,N,07105.993112,W,0,10.0,1.0,30.0,0.0,0.0,221913.38*63
2021-07-28 23:19:15,388 [INFO] Interpreted as: {'position': (9.698482856270857, 9.297558568418026), 'latlon': (42.300085833333334, -71.0998852), 'heading': 30.0, 'depth': 1.0, 'altitude': 10.0, 'roll': 0.0, 'pitch': 0.0, 'last_fix_time': datetime.datetime(2021, 7, 28, 22, 19, 13), 'speed': None, 'rudder': 0, 'datum': (42.3, -71.1)}
2021-07-28 23:19:15,389 [INFO] Processing: $BFNVG,221913.74,4218.005280,N,07105.993017,W,0,10.0,1.0,29.8,0.0,0.0,221913.74*69
2021-07-28 23:19:15,391 [INFO] Interpreted as: {'position': (9.834938311367296, 9.534928392618895), 'latlon': (42.300088, -71.09988361666667), 'heading': 29.8, 'depth': 1.0, 'altitude': 10.0, 'roll': 0.0, 'pitch': 0.0, 'last_fix_time': datetime.datetime(2021, 7, 28, 22, 19, 13), 'speed': None, 'rudder': 0, 'datum': (42.3, -71.1)}
2021-07-28 23:19:15,391 [INFO] Processing: $BFNVG,221914.09,4218.005411,N,07105.992922,W,0,10.0,1.0,29.7,0.0,0.0,221914.09*66
2021-07-28 23:19:15,393 [INFO] Interpreted as: {'position': (9.97143943165429, 9.774148914031684), 'latlon': (42.30009018333333, -71.09988203333333), 'heading': 29.7, 'depth': 1.0, 'altitude': 10.0, 'roll': 0.0, 'pitch': 0.0, 'last_fix_time': datetime.datetime(2021, 7, 28, 22, 19, 14), 'speed': None, 'rudder': 0, 'datum': (42.3, -71.1)}
2021-07-28 23:19:15,394 [INFO] Received from Frontseat: [b'$BFNVG,221913.38,4218.005150,N,07105.993112,W,0,10.0,1.0,30.0,0.0,0.0,221913.38*63', b'$BFNVG,221913.74,4218.005280,N,07105.993017,W,0,10.0,1.0,29.8,0.0,0.0,221913.74*69', b'$BFNVG,221914.09,4218.005411,N,07105.992922,W,0,10.0,1.0,29.7,0.0,0.0,221914.09*66']
2021-07-28 23:19:15,394 [INFO] AUV state: {'position': (9.97143943165429, 9.774148914031684), 'latlon': (42.30009018333333, -71.09988203333333), 'heading': 29.7, 'depth': 1.0, 'altitude': 10.0, 'roll': 0.0, 'pitch': 0.0, 'last_fix_time': datetime.datetime(2021, 7, 28, 22, 19, 14), 'speed': None, 'rudder': 0, 'datum': (42.3, -71.1)}
2021-07-28 23:19:15,711 [INFO] **** [(-14.223723276715223, -14.728972261286348), (20.95774384012023, -6.2391206585507835)] [(16.98184906817964, -18.186425690014243)]
2021-07-28 23:19:15,713 [INFO] Next green buoy: [(-14.223723276715223, -14.728972261286348), (20.95774384012023, -6.2391206585507835)], next red buoy: [(16.98184906817964, -18.186425690014243)]
2021-07-28 23:19:15,714 [INFO] Desired_heading: 31.079062895732207
2021-07-28 23:19:15,714 [INFO] delta angle: 1.1955564290135179
2021-07-28 23:19:15,714 [INFO] sending message $BPRMB,221915.81,-1.1955564290135179,1,0,750,0,1*44
...
2021-07-28 23:19:16,716 [INFO] sending message $BPSTS,221916.71,1,BWSI Autonomy OK*4d
...
2021-07-28 23:19:16,717 [INFO] Processing: $BFNVG,221914.46,4218.005546,N,07105.992825,W,0,10.0,1.0,29.6,0.0,0.0,221914.46*62
2021-07-28 23:19:16,719 [INFO] Interpreted as: {'position': (10.110870976990554, 10.020704422146082), 'latlon': (42.30009243333333, -71.09988041666666), 'heading': 29.6, 'depth': 1.0, 'altitude': 10.0, 'roll': 0.0, 'pitch': 0.0, 'last_fix_time': datetime.datetime(2021, 7, 28, 22, 19, 14), 'speed': None, 'rudder': 0, 'datum': (42.3, -71.1)}
2021-07-28 23:19:16,720 [INFO] Processing: $BFNVG,221914.82,4218.005677,N,07105.992730,W,0,10.0,1.0,29.6,0.0,0.0,221914.82*68
2021-07-28 23:19:16,721 [INFO] Interpreted as: {'position': (10.24737207731232, 10.259924949146807), 'latlon': (42.30009461666667, -71.09987883333334), 'heading': 29.6, 'depth': 1.0, 'altitude': 10.0, 'roll': 0.0, 'pitch': 0.0, 'last_fix_time': datetime.datetime(2021, 7, 28, 22, 19, 14), 'speed': None, 'rudder': 0, 'datum': (42.3, -71.1)}
2021-07-28 23:19:16,722 [INFO] Processing: $BFNVG,221915.18,4218.005810,N,07105.992635,W,0,10.0,1.0,29.6,0.0,0.0,221915.18*63
2021-07-28 23:19:16,724 [INFO] Interpreted as: {'position': (10.383964507840574, 10.502846875227988), 'latlon': (42.300096833333335, -71.09987725), 'heading': 29.6, 'depth': 1.0, 'altitude': 10.0, 'roll': 0.0, 'pitch': 0.0, 'last_fix_time': datetime.datetime(2021, 7, 28, 22, 19, 15), 'speed': None, 'rudder': 0, 'datum': (42.3, -71.1)}
2021-07-28 23:19:16,724 [INFO] Processing: $BFNVG,221915.54,4218.005940,N,07105.992540,W,0,10.0,1.0,29.6,0.0,0.0,221915.54*66
2021-07-28 23:19:16,726 [INFO] Interpreted as: {'position': (10.52041992318118, 10.740216710604727), 'latlon': (42.300099, -71.09987566666666), 'heading': 29.6, 'depth': 1.0, 'altitude': 10.0, 'roll': 0.0, 'pitch': 0.0, 'last_fix_time': datetime.datetime(2021, 7, 28, 22, 19, 15), 'speed': None, 'rudder': 0, 'datum': (42.3, -71.1)}
2021-07-28 23:19:16,727 [INFO] Received from Frontseat: [b'$BFNVG,221914.46,4218.005546,N,07105.992825,W,0,10.0,1.0,29.6,0.0,0.0,221914.46*62', b'$BFNVG,221914.82,4218.005677,N,07105.992730,W,0,10.0,1.0,29.6,0.0,0.0,221914.82*68', b'$BFNVG,221915.18,4218.005810,N,07105.992635,W,0,10.0,1.0,29.6,0.0,0.0,221915.18*63', b'$BFNVG,221915.54,4218.005940,N,07105.992540,W,0,10.0,1.0,29.6,0.0,0.0,221915.54*66']
2021-07-28 23:19:16,727 [INFO] AUV state: {'position': (10.52041992318118, 10.740216710604727), 'latlon': (42.300099, -71.09987566666666), 'heading': 29.6, 'depth': 1.0, 'altitude': 10.0, 'roll': 0.0, 'pitch': 0.0, 'last_fix_time': datetime.datetime(2021, 7, 28, 22, 19, 15), 'speed': None, 'rudder': 0, 'datum': (42.3, -71.1)}
2021-07-28 23:19:17,083 [INFO] **** [(-18.874241629748926, -19.722561046915732), (23.44090358355147, -7.046680131774699)] [(24.549528389036183, -23.969997738734577)]
2021-07-28 23:19:17,085 [INFO] Next green buoy: [(-18.874241629748926, -19.722561046915732), (23.44090358355147, -7.046680131774699)], next red buoy: [(24.549528389036183, -23.969997738734577)]
2021-07-28 23:19:17,085 [INFO] Desired_heading: 32.43764337964363
2021-07-28 23:19:17,086 [INFO] delta angle: 2.9463698062999395
2021-07-28 23:19:17,086 [INFO] sending message $BPRMB,221917.61,-2.9463698062999395,1,0,750,0,1*4a
...
2021-07-28 23:19:18,088 [INFO] sending message $BPSTS,221918.08,1,BWSI Autonomy OK*4d
...
2021-07-28 23:19:18,089 [INFO] Processing: $BFNVG,221915.89,4218.006071,N,07105.992446,W,0,10.0,1.0,29.6,0.0,0.0,221915.89*69
2021-07-28 23:19:18,091 [INFO] Interpreted as: {'position': (10.655547119502444, 10.979471147991717), 'latlon': (42.30010118333333, -71.0998741), 'heading': 29.6, 'depth': 1.0, 'altitude': 10.0, 'roll': 0.0, 'pitch': 0.0, 'last_fix_time': datetime.datetime(2021, 7, 28, 22, 19, 15), 'speed': None, 'rudder': 0, 'datum': (42.3, -71.1)}
2021-07-28 23:19:18,091 [INFO] Processing: $BFNVG,221916.26,4218.006205,N,07105.992349,W,0,10.0,1.0,29.7,0.0,0.0,221916.26*61
2021-07-28 23:19:18,093 [INFO] Interpreted as: {'position': (10.794932947959751, 11.224175969138741), 'latlon': (42.300103416666666, -71.09987248333333), 'heading': 29.7, 'depth': 1.0, 'altitude': 10.0, 'roll': 0.0, 'pitch': 0.0, 'last_fix_time': datetime.datetime(2021, 7, 28, 22, 19, 16), 'speed': None, 'rudder': 0, 'datum': (42.3, -71.1)}
2021-07-28 23:19:18,094 [INFO] Processing: $BFNVG,221916.61,4218.006336,N,07105.992254,W,0,10.0,1.0,29.7,0.0,0.0,221916.61*6D
2021-07-28 23:19:18,096 [INFO] Interpreted as: {'position': (10.931434006313793, 11.463396511040628), 'latlon': (42.3001056, -71.0998709), 'heading': 29.7, 'depth': 1.0, 'altitude': 10.0, 'roll': 0.0, 'pitch': 0.0, 'last_fix_time': datetime.datetime(2021, 7, 28, 22, 19, 16), 'speed': None, 'rudder': 0, 'datum': (42.3, -71.1)}
2021-07-28 23:19:18,097 [INFO] Processing: $BFNVG,221916.97,4218.006467,N,07105.992159,W,0,10.0,1.0,29.8,0.0,0.0,221916.97*6F
2021-07-28 23:19:18,099 [INFO] Interpreted as: {'position': (11.067935053724796, 11.702617052942514), 'latlon': (42.30010778333333, -71.09986931666667), 'heading': 29.8, 'depth': 1.0, 'altitude': 10.0, 'roll': 0.0, 'pitch': 0.0, 'last_fix_time': datetime.datetime(2021, 7, 28, 22, 19, 16), 'speed': None, 'rudder': 0, 'datum': (42.3, -71.1)}
2021-07-28 23:19:18,100 [INFO] Received from Frontseat: [b'$BFNVG,221915.89,4218.006071,N,07105.992446,W,0,10.0,1.0,29.6,0.0,0.0,221915.89*69', b'$BFNVG,221916.26,4218.006205,N,07105.992349,W,0,10.0,1.0,29.7,0.0,0.0,221916.26*61', b'$BFNVG,221916.61,4218.006336,N,07105.992254,W,0,10.0,1.0,29.7,0.0,0.0,221916.61*6D', b'$BFNVG,221916.97,4218.006467,N,07105.992159,W,0,10.0,1.0,29.8,0.0,0.0,221916.97*6F']
2021-07-28 23:19:18,101 [INFO] AUV state: {'position': (11.067935053724796, 11.702617052942514), 'latlon': (42.30010778333333, -71.09986931666667), 'heading': 29.8, 'depth': 1.0, 'altitude': 10.0, 'roll': 0.0, 'pitch': 0.0, 'last_fix_time': datetime.datetime(2021, 7, 28, 22, 19, 16), 'speed': None, 'rudder': 0, 'datum': (42.3, -71.1)}
2021-07-28 23:19:18,402 [INFO] **** [] []
2021-07-28 23:19:18,404 [INFO] Next green buoy: [], next red buoy: []
2021-07-28 23:19:18,405 [INFO] Desired_heading: 29.8
2021-07-28 23:19:18,406 [INFO] delta angle: nan
2021-07-28 23:19:18,407 [INFO] sending message $BPRMB,221918.55,nan,1,0,750,0,1*1f
...
2021-07-28 23:19:19,408 [INFO] sending message $BPSTS,221919.40,1,BWSI Autonomy OK*40
...
2021-07-28 23:19:19,410 [INFO] Processing: $BFNVG,221917.33,4218.006600,N,07105.992062,W,0,10.0,1.0,29.9,0.0,0.0,221917.33*64
2021-07-28 23:19:19,412 [INFO] Interpreted as: {'position': (11.207275185792241, 11.945471186190844), 'latlon': (42.30011, -71.0998677), 'heading': 29.9, 'depth': 1.0, 'altitude': 10.0, 'roll': 0.0, 'pitch': 0.0, 'last_fix_time': datetime.datetime(2021, 7, 28, 22, 19, 17), 'speed': None, 'rudder': 0, 'datum': (42.3, -71.1)}
2021-07-28 23:19:19,412 [INFO] Processing: $BFNVG,221917.69,4218.006730,N,07105.991966,W,0,10.0,1.0,30.1,0.0,0.0,221917.69*68
2021-07-28 23:19:19,414 [INFO] Interpreted as: {'position': (11.345104425563477, 12.182807132601738), 'latlon': (42.300112166666665, -71.0998661), 'heading': 30.1, 'depth': 1.0, 'altitude': 10.0, 'roll': 0.0, 'pitch': 0.0, 'last_fix_time': datetime.datetime(2021, 7, 28, 22, 19, 17), 'speed': None, 'rudder': 0, 'datum': (42.3, -71.1)}
2021-07-28 23:19:19,415 [INFO] Processing: $BFNVG,221918.04,4218.006860,N,07105.991870,W,0,10.0,1.0,30.3,0.0,0.0,221918.04*66
2021-07-28 23:19:19,417 [INFO] Interpreted as: {'position': (11.482933656661771, 12.420143083669245), 'latlon': (42.30011433333333, -71.0998645), 'heading': 30.3, 'depth': 1.0, 'altitude': 10.0, 'roll': 0.0, 'pitch': 0.0, 'last_fix_time': datetime.datetime(2021, 7, 28, 22, 19, 18), 'speed': None, 'rudder': 0, 'datum': (42.3, -71.1)}
2021-07-28 23:19:19,418 [INFO] Processing: $BFNVG,221918.40,4218.006991,N,07105.991773,W,0,10.0,1.0,30.5,0.0,0.0,221918.40*63
2021-07-28 23:19:19,420 [INFO] Interpreted as: {'position': (11.622182421095204, 12.659295829944313), 'latlon': (42.30011651666667, -71.09986288333333), 'heading': 30.5, 'depth': 1.0, 'altitude': 10.0, 'roll': 0.0, 'pitch': 0.0, 'last_fix_time': datetime.datetime(2021, 7, 28, 22, 19, 18), 'speed': None, 'rudder': 0, 'datum': (42.3, -71.1)}
2021-07-28 23:19:19,421 [INFO] Received from Frontseat: [b'$BFNVG,221917.33,4218.006600,N,07105.992062,W,0,10.0,1.0,29.9,0.0,0.0,221917.33*64', b'$BFNVG,221917.69,4218.006730,N,07105.991966,W,0,10.0,1.0,30.1,0.0,0.0,221917.69*68', b'$BFNVG,221918.04,4218.006860,N,07105.991870,W,0,10.0,1.0,30.3,0.0,0.0,221918.04*66', b'$BFNVG,221918.40,4218.006991,N,07105.991773,W,0,10.0,1.0,30.5,0.0,0.0,221918.40*63']
2021-07-28 23:19:19,422 [INFO] AUV state: {'position': (11.622182421095204, 12.659295829944313), 'latlon': (42.30011651666667, -71.09986288333333), 'heading': 30.5, 'depth': 1.0, 'altitude': 10.0, 'roll': 0.0, 'pitch': 0.0, 'last_fix_time': datetime.datetime(2021, 7, 28, 22, 19, 18), 'speed': None, 'rudder': 0, 'datum': (42.3, -71.1)}
2021-07-28 23:19:19,719 [INFO] **** [] []
2021-07-28 23:19:19,721 [INFO] Next green buoy: [], next red buoy: []
2021-07-28 23:19:19,722 [INFO] Desired_heading: 30.5
2021-07-28 23:19:19,722 [INFO] delta angle: nan
2021-07-28 23:19:19,723 [INFO] sending message $BPRMB,221920.25,nan,1,0,750,0,1*13
...
2021-07-28 23:19:20,724 [INFO] sending message $BPSTS,221920.72,1,BWSI Autonomy OK*4b
...
2021-07-28 23:19:20,726 [INFO] Processing: $BFNVG,221918.76,4218.007121,N,07105.991675,W,0,10.0,1.0,30.7,0.0,0.0,221918.76*64
2021-07-28 23:19:20,728 [INFO] Interpreted as: {'position': (11.76275938883191, 12.896563978865743), 'latlon': (42.30011868333333, -71.09986125), 'heading': 30.7, 'depth': 1.0, 'altitude': 10.0, 'roll': 0.0, 'pitch': 0.0, 'last_fix_time': datetime.datetime(2021, 7, 28, 22, 19, 18), 'speed': None, 'rudder': 0, 'datum': (42.3, -71.1)}
2021-07-28 23:19:20,729 [INFO] Processing: $BFNVG,221919.15,4218.007263,N,07105.991567,W,0,10.0,1.0,30.9,0.0,0.0,221919.15*6F
2021-07-28 23:19:20,731 [INFO] Interpreted as: {'position': (11.91762314888183, 13.155701469630003), 'latlon': (42.30012105, -71.09985945), 'heading': 30.9, 'depth': 1.0, 'altitude': 10.0, 'roll': 0.0, 'pitch': 0.0, 'last_fix_time': datetime.datetime(2021, 7, 28, 22, 19, 19), 'speed': None, 'rudder': 0, 'datum': (42.3, -71.1)}
2021-07-28 23:19:20,732 [INFO] Processing: $BFNVG,221919.52,4218.007397,N,07105.991465,W,0,10.0,1.0,31.1,0.0,0.0,221919.52*6F
2021-07-28 23:19:20,734 [INFO] Interpreted as: {'position': (12.063878280401696, 13.400236801244318), 'latlon': (42.300123283333335, -71.09985775), 'heading': 31.1, 'depth': 1.0, 'altitude': 10.0, 'roll': 0.0, 'pitch': 0.0, 'last_fix_time': datetime.datetime(2021, 7, 28, 22, 19, 19), 'speed': None, 'rudder': 0, 'datum': (42.3, -71.1)}
2021-07-28 23:19:20,735 [INFO] Received from Frontseat: [b'$BFNVG,221918.76,4218.007121,N,07105.991675,W,0,10.0,1.0,30.7,0.0,0.0,221918.76*64', b'$BFNVG,221919.15,4218.007263,N,07105.991567,W,0,10.0,1.0,30.9,0.0,0.0,221919.15*6F', b'$BFNVG,221919.52,4218.007397,N,07105.991465,W,0,10.0,1.0,31.1,0.0,0.0,221919.52*6F']
2021-07-28 23:19:20,736 [INFO] AUV state: {'position': (12.063878280401696, 13.400236801244318), 'latlon': (42.300123283333335, -71.09985775), 'heading': 31.1, 'depth': 1.0, 'altitude': 10.0, 'roll': 0.0, 'pitch': 0.0, 'last_fix_time': datetime.datetime(2021, 7, 28, 22, 19, 19), 'speed': None, 'rudder': 0, 'datum': (42.3, -71.1)}
2021-07-28 23:19:21,033 [INFO] **** [] []
2021-07-28 23:19:21,035 [INFO] Next green buoy: [], next red buoy: []
2021-07-28 23:19:21,036 [INFO] Desired_heading: 31.1
2021-07-28 23:19:21,036 [INFO] delta angle: nan
2021-07-28 23:19:21,037 [INFO] sending message $BPRMB,221921.18,nan,1,0,750,0,1*1c
...
2021-07-28 23:19:22,038 [INFO] sending message $BPSTS,221922.03,1,BWSI Autonomy OK*4f
...
2021-07-28 23:19:22,040 [INFO] Processing: $BFNVG,221919.88,4218.007526,N,07105.991365,W,0,10.0,1.0,31.3,0.0,0.0,221919.88*66
2021-07-28 23:19:22,047 [INFO] Interpreted as: {'position': (12.20715730288066, 13.635586457327008), 'latlon': (42.300125433333335, -71.09985608333334), 'heading': 31.3, 'depth': 1.0, 'altitude': 10.0, 'roll': 0.0, 'pitch': 0.0, 'last_fix_time': datetime.datetime(2021, 7, 28, 22, 19, 19), 'speed': None, 'rudder': 0, 'datum': (42.3, -71.1)}
2021-07-28 23:19:22,048 [INFO] Processing: $BFNVG,221920.23,4218.007655,N,07105.991265,W,0,10.0,1.0,31.5,0.0,0.0,221920.23*66
2021-07-28 23:19:22,050 [INFO] Interpreted as: {'position': (12.350436318316497, 13.870936113409698), 'latlon': (42.300127583333335, -71.09985441666667), 'heading': 31.5, 'depth': 1.0, 'altitude': 10.0, 'roll': 0.0, 'pitch': 0.0, 'last_fix_time': datetime.datetime(2021, 7, 28, 22, 19, 20), 'speed': None, 'rudder': 0, 'datum': (42.3, -71.1)}
2021-07-28 23:19:22,051 [INFO] Processing: $BFNVG,221920.59,4218.007784,N,07105.991163,W,0,10.0,1.0,31.7,0.0,0.0,221920.59*6C
2021-07-28 23:19:22,053 [INFO] Interpreted as: {'position': (12.496463078539819, 14.106217970140278), 'latlon': (42.300129733333335, -71.09985271666666), 'heading': 31.7, 'depth': 1.0, 'altitude': 10.0, 'roll': 0.0, 'pitch': 0.0, 'last_fix_time': datetime.datetime(2021, 7, 28, 22, 19, 20), 'speed': None, 'rudder': 0, 'datum': (42.3, -71.1)}
2021-07-28 23:19:22,054 [INFO] Processing: $BFNVG,221920.95,4218.007913,N,07105.991062,W,0,10.0,1.0,31.9,0.0,0.0,221920.95*62
2021-07-28 23:19:22,056 [INFO] Interpreted as: {'position': (12.64111594838323, 14.341533730737865), 'latlon': (42.300131883333336, -71.09985103333334), 'heading': 31.9, 'depth': 1.0, 'altitude': 10.0, 'roll': 0.0, 'pitch': 0.0, 'last_fix_time': datetime.datetime(2021, 7, 28, 22, 19, 20), 'speed': None, 'rudder': 0, 'datum': (42.3, -71.1)}
2021-07-28 23:19:22,057 [INFO] Received from Frontseat: [b'$BFNVG,221919.88,4218.007526,N,07105.991365,W,0,10.0,1.0,31.3,0.0,0.0,221919.88*66', b'$BFNVG,221920.23,4218.007655,N,07105.991265,W,0,10.0,1.0,31.5,0.0,0.0,221920.23*66', b'$BFNVG,221920.59,4218.007784,N,07105.991163,W,0,10.0,1.0,31.7,0.0,0.0,221920.59*6C', b'$BFNVG,221920.95,4218.007913,N,07105.991062,W,0,10.0,1.0,31.9,0.0,0.0,221920.95*62']
2021-07-28 23:19:22,058 [INFO] AUV state: {'position': (12.64111594838323, 14.341533730737865), 'latlon': (42.300131883333336, -71.09985103333334), 'heading': 31.9, 'depth': 1.0, 'altitude': 10.0, 'roll': 0.0, 'pitch': 0.0, 'last_fix_time': datetime.datetime(2021, 7, 28, 22, 19, 20), 'speed': None, 'rudder': 0, 'datum': (42.3, -71.1)}
2021-07-28 23:19:22,352 [INFO] **** [] []
2021-07-28 23:19:22,354 [INFO] Next green buoy: [], next red buoy: []
2021-07-28 23:19:22,354 [INFO] Desired_heading: 31.9
2021-07-28 23:19:22,355 [INFO] delta angle: nan
2021-07-28 23:19:22,355 [INFO] sending message $BPRMB,221922.88,nan,1,0,750,0,1*16
...
2021-07-28 23:19:23,357 [INFO] sending message $BPSTS,221923.35,1,BWSI Autonomy OK*4b
...
2021-07-28 23:19:23,358 [INFO] Processing: $BFNVG,221921.33,4218.008049,N,07105.990953,W,0,10.0,1.0,32.1,0.0,0.0,221921.33*6A
2021-07-28 23:19:23,360 [INFO] Interpreted as: {'position': (12.797079510579351, 14.589533152990043), 'latlon': (42.30013415, -71.09984921666667), 'heading': 32.1, 'depth': 1.0, 'altitude': 10.0, 'roll': 0.0, 'pitch': 0.0, 'last_fix_time': datetime.datetime(2021, 7, 28, 22, 19, 21), 'speed': None, 'rudder': 0, 'datum': (42.3, -71.1)}
2021-07-28 23:19:23,361 [INFO] Processing: $BFNVG,221921.69,4218.008179,N,07105.990849,W,0,10.0,1.0,32.3,0.0,0.0,221921.69*60
2021-07-28 23:19:23,363 [INFO] Interpreted as: {'position': (12.945899664890021, 14.826597908511758), 'latlon': (42.300136316666666, -71.09984748333333), 'heading': 32.3, 'depth': 1.0, 'altitude': 10.0, 'roll': 0.0, 'pitch': 0.0, 'last_fix_time': datetime.datetime(2021, 7, 28, 22, 19, 21), 'speed': None, 'rudder': 0, 'datum': (42.3, -71.1)}
2021-07-28 23:19:23,364 [INFO] Processing: $BFNVG,221922.05,4218.008307,N,07105.990745,W,0,10.0,1.0,32.5,0.0,0.0,221922.05*6E
2021-07-28 23:19:23,366 [INFO] Interpreted as: {'position': (13.094628469843883, 15.059961272403598), 'latlon': (42.30013845, -71.09984575), 'heading': 32.5, 'depth': 1.0, 'altitude': 10.0, 'roll': 0.0, 'pitch': 0.0, 'last_fix_time': datetime.datetime(2021, 7, 28, 22, 19, 22), 'speed': None, 'rudder': 0, 'datum': (42.3, -71.1)}
2021-07-28 23:19:23,367 [INFO] Received from Frontseat: [b'$BFNVG,221921.33,4218.008049,N,07105.990953,W,0,10.0,1.0,32.1,0.0,0.0,221921.33*6A', b'$BFNVG,221921.69,4218.008179,N,07105.990849,W,0,10.0,1.0,32.3,0.0,0.0,221921.69*60', b'$BFNVG,221922.05,4218.008307,N,07105.990745,W,0,10.0,1.0,32.5,0.0,0.0,221922.05*6E']
2021-07-28 23:19:23,368 [INFO] AUV state: {'position': (13.094628469843883, 15.059961272403598), 'latlon': (42.30013845, -71.09984575), 'heading': 32.5, 'depth': 1.0, 'altitude': 10.0, 'roll': 0.0, 'pitch': 0.0, 'last_fix_time': datetime.datetime(2021, 7, 28, 22, 19, 22), 'speed': None, 'rudder': 0, 'datum': (42.3, -71.1)}
2021-07-28 23:19:23,664 [INFO] **** [] []
2021-07-28 23:19:23,666 [INFO] Next green buoy: [], next red buoy: []
2021-07-28 23:19:23,666 [INFO] Desired_heading: 32.5
2021-07-28 23:19:23,667 [INFO] delta angle: nan
2021-07-28 23:19:23,667 [INFO] sending message $BPRMB,221923.82,nan,1,0,750,0,1*1d
...
2021-07-28 23:19:24,669 [INFO] sending message $BPSTS,221924.66,1,BWSI Autonomy OK*4a
...
2021-07-28 23:19:24,670 [INFO] Processing: $BFNVG,221922.41,4218.008435,N,07105.990641,W,0,10.0,1.0,32.7,0.0,0.0,221922.41*6F
2021-07-28 23:19:24,672 [INFO] Interpreted as: {'position': (13.243357265309896, 15.293324640020728), 'latlon': (42.30014058333333, -71.09984401666667), 'heading': 32.7, 'depth': 1.0, 'altitude': 10.0, 'roll': 0.0, 'pitch': 0.0, 'last_fix_time': datetime.datetime(2021, 7, 28, 22, 19, 22), 'speed': None, 'rudder': 0, 'datum': (42.3, -71.1)}
2021-07-28 23:19:24,673 [INFO] Processing: $BFNVG,221922.77,4218.008561,N,07105.990537,W,0,10.0,1.0,32.9,0.0,0.0,221922.77*63
2021-07-28 23:19:24,675 [INFO] Interpreted as: {'position': (13.391994715901092, 15.522986616007984), 'latlon': (42.300142683333334, -71.09984228333333), 'heading': 32.9, 'depth': 1.0, 'altitude': 10.0, 'roll': 0.0, 'pitch': 0.0, 'last_fix_time': datetime.datetime(2021, 7, 28, 22, 19, 22), 'speed': None, 'rudder': 0, 'datum': (42.3, -71.1)}
2021-07-28 23:19:24,676 [INFO] Processing: $BFNVG,221923.12,4218.008688,N,07105.990432,W,0,10.0,1.0,33.1,0.0,0.0,221923.12*6A
2021-07-28 23:19:24,679 [INFO] Interpreted as: {'position': (13.542051702621393, 15.754465389065444), 'latlon': (42.3001448, -71.09984053333334), 'heading': 33.1, 'depth': 1.0, 'altitude': 10.0, 'roll': 0.0, 'pitch': 0.0, 'last_fix_time': datetime.datetime(2021, 7, 28, 22, 19, 23), 'speed': None, 'rudder': 0, 'datum': (42.3, -71.1)}
2021-07-28 23:19:24,680 [INFO] Processing: $BFNVG,221923.48,4218.008814,N,07105.990327,W,0,10.0,1.0,33.3,0.0,0.0,221923.48*60
2021-07-28 23:19:24,682 [INFO] Interpreted as: {'position': (13.692063006921671, 15.984093467704952), 'latlon': (42.3001469, -71.09983878333334), 'heading': 33.3, 'depth': 1.0, 'altitude': 10.0, 'roll': 0.0, 'pitch': 0.0, 'last_fix_time': datetime.datetime(2021, 7, 28, 22, 19, 23), 'speed': None, 'rudder': 0, 'datum': (42.3, -71.1)}
2021-07-28 23:19:24,683 [INFO] Received from Frontseat: [b'$BFNVG,221922.41,4218.008435,N,07105.990641,W,0,10.0,1.0,32.7,0.0,0.0,221922.41*6F', b'$BFNVG,221922.77,4218.008561,N,07105.990537,W,0,10.0,1.0,32.9,0.0,0.0,221922.77*63', b'$BFNVG,221923.12,4218.008688,N,07105.990432,W,0,10.0,1.0,33.1,0.0,0.0,221923.12*6A', b'$BFNVG,221923.48,4218.008814,N,07105.990327,W,0,10.0,1.0,33.3,0.0,0.0,221923.48*60']
2021-07-28 23:19:24,684 [INFO] AUV state: {'position': (13.692063006921671, 15.984093467704952), 'latlon': (42.3001469, -71.09983878333334), 'heading': 33.3, 'depth': 1.0, 'altitude': 10.0, 'roll': 0.0, 'pitch': 0.0, 'last_fix_time': datetime.datetime(2021, 7, 28, 22, 19, 23), 'speed': None, 'rudder': 0, 'datum': (42.3, -71.1)}
2021-07-28 23:19:24,980 [INFO] **** [] []
2021-07-28 23:19:24,982 [INFO] Next green buoy: [], next red buoy: []
2021-07-28 23:19:24,983 [INFO] Desired_heading: 33.3
2021-07-28 23:19:24,983 [INFO] delta angle: nan
2021-07-28 23:19:24,984 [INFO] sending message $BPRMB,221925.51,nan,1,0,750,0,1*15
...
