2021-07-29 04:01:13,926 [INFO] host = 192.168.1.213, port = 29500
2021-07-29 04:01:16,952 [INFO] sending message $BPLOG,ACK,ON*1e
...
2021-07-29 04:01:16,953 [INFO] sending message $BPLOG,ALL,ON*16
...
2021-07-29 04:01:16,954 [INFO] sending message $BPSTS,030116.95,1,BWSI Autonomy OK*4d
...
2021-07-29 04:01:16,955 [INFO] Received from Frontseat: []
2021-07-29 04:01:16,956 [INFO] AUV state: {'position': (None, None), 'latlon': None, 'heading': None, 'depth': None, 'altitude': None, 'roll': None, 'pitch': None, 'last_fix_time': None, 'speed': None, 'rudder': 0}
2021-07-29 04:01:17,957 [INFO] sending message $BPSTS,030117.95,1,BWSI Autonomy OK*4c
...
2021-07-29 04:01:17,959 [INFO] Processing: $BFNVG,030116.34,4218.000000,N,07106.000000,W,0,10.0,1.0,45.0,0.0,0.0,030116.34*62
2021-07-29 04:01:17,961 [INFO] Interpreted as: {'position': (0, 0), 'latlon': (42.3, -71.1), 'heading': 45.0, 'depth': 1.0, 'altitude': 10.0, 'roll': 0.0, 'pitch': 0.0, 'last_fix_time': datetime.datetime(2021, 7, 29, 3, 1, 16), 'speed': None, 'rudder': 0, 'datum': (42.3, -71.1)}
2021-07-29 04:01:17,962 [INFO] Processing: $BFNVG,030116.59,4218.000000,N,07106.000000,W,0,10.0,1.0,45.0,0.0,0.0,030116.59*62
2021-07-29 04:01:17,964 [INFO] Interpreted as: {'position': (0.0, 0.0), 'latlon': (42.3, -71.1), 'heading': 45.0, 'depth': 1.0, 'altitude': 10.0, 'roll': 0.0, 'pitch': 0.0, 'last_fix_time': datetime.datetime(2021, 7, 29, 3, 1, 16), 'speed': None, 'rudder': 0, 'datum': (42.3, -71.1)}
2021-07-29 04:01:17,966 [INFO] Processing: $BFNVG,030116.84,4218.000000,N,07106.000000,W,0,10.0,1.0,45.0,0.0,0.0,030116.84*62
2021-07-29 04:01:17,968 [INFO] Interpreted as: {'position': (0.0, 0.0), 'latlon': (42.3, -71.1), 'heading': 45.0, 'depth': 1.0, 'altitude': 10.0, 'roll': 0.0, 'pitch': 0.0, 'last_fix_time': datetime.datetime(2021, 7, 29, 3, 1, 16), 'speed': None, 'rudder': 0, 'datum': (42.3, -71.1)}
2021-07-29 04:01:17,968 [INFO] Processing: $BFNVG,030117.09,4218.000000,N,07106.000000,W,0,10.0,1.0,45.0,0.0,0.0,030117.09*62
2021-07-29 04:01:17,970 [INFO] Interpreted as: {'position': (0.0, 0.0), 'latlon': (42.3, -71.1), 'heading': 45.0, 'depth': 1.0, 'altitude': 10.0, 'roll': 0.0, 'pitch': 0.0, 'last_fix_time': datetime.datetime(2021, 7, 29, 3, 1, 17), 'speed': None, 'rudder': 0, 'datum': (42.3, -71.1)}
2021-07-29 04:01:17,971 [INFO] Received from Frontseat: [b'$BFNVG,030116.34,4218.000000,N,07106.000000,W,0,10.0,1.0,45.0,0.0,0.0,030116.34*62', b'$BFNVG,030116.59,4218.000000,N,07106.000000,W,0,10.0,1.0,45.0,0.0,0.0,030116.59*62', b'$BFNVG,030116.84,4218.000000,N,07106.000000,W,0,10.0,1.0,45.0,0.0,0.0,030116.84*62', b'$BFNVG,030117.09,4218.000000,N,07106.000000,W,0,10.0,1.0,45.0,0.0,0.0,030117.09*62']
2021-07-29 04:01:17,972 [INFO] AUV state: {'position': (0.0, 0.0), 'latlon': (42.3, -71.1), 'heading': 45.0, 'depth': 1.0, 'altitude': 10.0, 'roll': 0.0, 'pitch': 0.0, 'last_fix_time': datetime.datetime(2021, 7, 29, 3, 1, 17), 'speed': None, 'rudder': 0, 'datum': (42.3, -71.1)}
2021-07-29 04:01:18,314 [INFO] **** [(-0.21993023293121178, -7.6862156757158235)] [(15.437560812208067, -7.329055330858309)]
2021-07-29 04:01:18,316 [INFO] Next green buoy: [(-0.21993023293121178, -7.6862156757158235)], next red buoy: [(15.437560812208067, -7.329055330858309)]
2021-07-29 04:01:18,317 [INFO] Desired_heading: 52.60881528963843
2021-07-29 04:01:18,317 [INFO] delta angle: 23.15762804473421
2021-07-29 04:01:18,318 [INFO] sending message $BPRMB,030118.94,-23.15762804473421,1,0,750,0,1*77
...
2021-07-29 04:01:19,320 [INFO] sending message $BPSTS,030119.31,1,BWSI Autonomy OK*4c
...
2021-07-29 04:01:19,321 [INFO] Processing: $BFNVG,030117.49,4218.000000,N,07106.000000,W,0,10.0,1.0,45.0,0.0,0.0,030117.49*62
2021-07-29 04:01:19,327 [INFO] Interpreted as: {'position': (0.0, 0.0), 'latlon': (42.3, -71.1), 'heading': 45.0, 'depth': 1.0, 'altitude': 10.0, 'roll': 0.0, 'pitch': 0.0, 'last_fix_time': datetime.datetime(2021, 7, 29, 3, 1, 17), 'speed': None, 'rudder': 0, 'datum': (42.3, -71.1)}
2021-07-29 04:01:19,328 [INFO] Processing: $BFNVG,030117.84,4218.000000,N,07106.000000,W,0,10.0,1.0,45.0,0.0,0.0,030117.84*62
2021-07-29 04:01:19,331 [INFO] Interpreted as: {'position': (0.0, 0.0), 'latlon': (42.3, -71.1), 'heading': 45.0, 'depth': 1.0, 'altitude': 10.0, 'roll': 0.0, 'pitch': 0.0, 'last_fix_time': datetime.datetime(2021, 7, 29, 3, 1, 17), 'speed': None, 'rudder': 0, 'datum': (42.3, -71.1)}
2021-07-29 04:01:19,333 [INFO] Processing: $BFNVG,030118.19,4218.000000,N,07106.000000,W,0,10.0,1.0,45.0,0.0,0.0,030118.19*62
2021-07-29 04:01:19,336 [INFO] Interpreted as: {'position': (0.0, 0.0), 'latlon': (42.3, -71.1), 'heading': 45.0, 'depth': 1.0, 'altitude': 10.0, 'roll': 0.0, 'pitch': 0.0, 'last_fix_time': datetime.datetime(2021, 7, 29, 3, 1, 18), 'speed': None, 'rudder': 0, 'datum': (42.3, -71.1)}
2021-07-29 04:01:19,337 [INFO] Received from Frontseat: [b'$BFNVG,030117.49,4218.000000,N,07106.000000,W,0,10.0,1.0,45.0,0.0,0.0,030117.49*62', b'$BFNVG,030117.84,4218.000000,N,07106.000000,W,0,10.0,1.0,45.0,0.0,0.0,030117.84*62', b'$BFNVG,030118.19,4218.000000,N,07106.000000,W,0,10.0,1.0,45.0,0.0,0.0,030118.19*62']
2021-07-29 04:01:19,339 [INFO] AUV state: {'position': (0.0, 0.0), 'latlon': (42.3, -71.1), 'heading': 45.0, 'depth': 1.0, 'altitude': 10.0, 'roll': 0.0, 'pitch': 0.0, 'last_fix_time': datetime.datetime(2021, 7, 29, 3, 1, 18), 'speed': None, 'rudder': 0, 'datum': (42.3, -71.1)}
2021-07-29 04:01:19,638 [INFO] **** [(-0.22035521470194389, -7.708961974233651)] [(15.437560812208067, -7.333901112744751)]
2021-07-29 04:01:19,641 [INFO] Next green buoy: [(-0.22035521470194389, -7.708961974233651)], next red buoy: [(15.437560812208067, -7.333901112744751)]
2021-07-29 04:01:19,641 [INFO] Desired_heading: 52.60860279875306
2021-07-29 04:01:19,642 [INFO] delta angle: 23.156334619677168
2021-07-29 04:01:19,643 [INFO] sending message $BPRMB,030119.69,-23.156334619677168,1,0,750,0,1*49
...
2021-07-29 04:01:20,645 [INFO] sending message $BPSTS,030120.64,1,BWSI Autonomy OK*46
...
2021-07-29 04:01:20,647 [INFO] Processing: $BFNVG,030118.53,4218.000000,N,07106.000000,W,0,10.0,1.0,45.0,0.0,0.0,030118.53*62
2021-07-29 04:01:20,650 [INFO] Interpreted as: {'position': (0.0, 0.0), 'latlon': (42.3, -71.1), 'heading': 45.0, 'depth': 1.0, 'altitude': 10.0, 'roll': 0.0, 'pitch': 0.0, 'last_fix_time': datetime.datetime(2021, 7, 29, 3, 1, 18), 'speed': None, 'rudder': 0, 'datum': (42.3, -71.1)}
2021-07-29 04:01:20,652 [INFO] Processing: $BFNVG,030118.88,4218.000102,N,07105.999865,W,0,10.0,1.0,46.5,0.0,0.0,030118.88*66
2021-07-29 04:01:20,655 [INFO] Interpreted as: {'position': (0.19013232411816716, 0.18419392965734005), 'latlon': (42.3000017, -71.09999775), 'heading': 46.5, 'depth': 1.0, 'altitude': 10.0, 'roll': 0.0, 'pitch': 0.0, 'last_fix_time': datetime.datetime(2021, 7, 29, 3, 1, 18), 'speed': None, 'rudder': 0, 'datum': (42.3, -71.1)}
2021-07-29 04:01:20,657 [INFO] Processing: $BFNVG,030119.23,4218.000206,N,07105.999722,W,0,10.0,1.0,48.0,0.0,0.0,030119.23*66
2021-07-29 04:01:20,660 [INFO] Interpreted as: {'position': (0.39134702435694635, 0.37181801348924637), 'latlon': (42.30000343333333, -71.09999536666666), 'heading': 48.0, 'depth': 1.0, 'altitude': 10.0, 'roll': 0.0, 'pitch': 0.0, 'last_fix_time': datetime.datetime(2021, 7, 29, 3, 1, 19), 'speed': None, 'rudder': 0, 'datum': (42.3, -71.1)}
2021-07-29 04:01:20,661 [INFO] Processing: $BFNVG,030119.58,4218.000305,N,07105.999577,W,0,10.0,1.0,49.6,0.0,0.0,030119.58*61
2021-07-29 04:01:20,664 [INFO] Interpreted as: {'position': (0.5950811094371602, 0.5501208119094372), 'latlon': (42.30000508333333, -71.09999295), 'heading': 49.6, 'depth': 1.0, 'altitude': 10.0, 'roll': 0.0, 'pitch': 0.0, 'last_fix_time': datetime.datetime(2021, 7, 29, 3, 1, 19), 'speed': None, 'rudder': 0, 'datum': (42.3, -71.1)}
2021-07-29 04:01:20,666 [INFO] Received from Frontseat: [b'$BFNVG,030118.53,4218.000000,N,07106.000000,W,0,10.0,1.0,45.0,0.0,0.0,030118.53*62', b'$BFNVG,030118.88,4218.000102,N,07105.999865,W,0,10.0,1.0,46.5,0.0,0.0,030118.88*66', b'$BFNVG,030119.23,4218.000206,N,07105.999722,W,0,10.0,1.0,48.0,0.0,0.0,030119.23*66', b'$BFNVG,030119.58,4218.000305,N,07105.999577,W,0,10.0,1.0,49.6,0.0,0.0,030119.58*61']
2021-07-29 04:01:20,667 [INFO] AUV state: {'position': (0.5950811094371602, 0.5501208119094372), 'latlon': (42.30000508333333, -71.09999295), 'heading': 49.6, 'depth': 1.0, 'altitude': 10.0, 'roll': 0.0, 'pitch': 0.0, 'last_fix_time': datetime.datetime(2021, 7, 29, 3, 1, 19), 'speed': None, 'rudder': 0, 'datum': (42.3, -71.1)}
2021-07-29 04:01:20,991 [INFO] **** [(-5.649798102080804, -8.51777858999538)] [(11.93845622817815, -8.246840136762081)]
2021-07-29 04:01:20,993 [INFO] Next green buoy: [(-5.649798102080804, -8.51777858999538)], next red buoy: [(11.93845622817815, -8.246840136762081)]
2021-07-29 04:01:20,994 [INFO] Desired_heading: 52.744329063048674
2021-07-29 04:01:20,995 [INFO] delta angle: 3.954722102693018
2021-07-29 04:01:20,995 [INFO] sending message $BPRMB,030121.59,-3.954722102693018,1,0,750,0,1*7b
...
2021-07-29 04:01:21,997 [INFO] sending message $BPSTS,030121.99,1,BWSI Autonomy OK*45
...
2021-07-29 04:01:21,999 [INFO] Processing: $BFNVG,030119.92,4218.000398,N,07105.999433,W,0,10.0,1.0,51.0,0.0,0.0,030119.92*6B
2021-07-29 04:01:22,001 [INFO] Interpreted as: {'position': (0.7971672753337771, 0.7173533346503973), 'latlon': (42.30000663333333, -71.09999055), 'heading': 51.0, 'depth': 1.0, 'altitude': 10.0, 'roll': 0.0, 'pitch': 0.0, 'last_fix_time': datetime.datetime(2021, 7, 29, 3, 1, 19), 'speed': None, 'rudder': 0, 'datum': (42.3, -71.1)}
2021-07-29 04:01:22,002 [INFO] Processing: $BFNVG,030120.26,4218.000488,N,07105.999287,W,0,10.0,1.0,52.5,0.0,0.0,030120.26*62
2021-07-29 04:01:22,004 [INFO] Interpreted as: {'position': (1.001864175312221, 0.8789659645408392), 'latlon': (42.300008133333336, -71.09998811666667), 'heading': 52.5, 'depth': 1.0, 'altitude': 10.0, 'roll': 0.0, 'pitch': 0.0, 'last_fix_time': datetime.datetime(2021, 7, 29, 3, 1, 20), 'speed': None, 'rudder': 0, 'datum': (42.3, -71.1)}
2021-07-29 04:01:22,005 [INFO] Processing: $BFNVG,030120.60,4218.000575,N,07105.999137,W,0,10.0,1.0,54.0,0.0,0.0,030120.60*6A
2021-07-29 04:01:22,009 [INFO] Interpreted as: {'position': (1.2119195688865148, 1.0348908882588148), 'latlon': (42.300009583333335, -71.09998561666667), 'heading': 54.0, 'depth': 1.0, 'altitude': 10.0, 'roll': 0.0, 'pitch': 0.0, 'last_fix_time': datetime.datetime(2021, 7, 29, 3, 1, 20), 'speed': None, 'rudder': 0, 'datum': (42.3, -71.1)}
2021-07-29 04:01:22,010 [INFO] Processing: $BFNVG,030120.94,4218.000659,N,07105.998985,W,0,10.0,1.0,55.5,0.0,0.0,030120.94*63
2021-07-29 04:01:22,013 [INFO] Interpreted as: {'position': (1.4245856991037726, 1.1851959181949496), 'latlon': (42.30001098333334, -71.09998308333333), 'heading': 55.5, 'depth': 1.0, 'altitude': 10.0, 'roll': 0.0, 'pitch': 0.0, 'last_fix_time': datetime.datetime(2021, 7, 29, 3, 1, 20), 'speed': None, 'rudder': 0, 'datum': (42.3, -71.1)}
2021-07-29 04:01:22,014 [INFO] Received from Frontseat: [b'$BFNVG,030119.92,4218.000398,N,07105.999433,W,0,10.0,1.0,51.0,0.0,0.0,030119.92*6B', b'$BFNVG,030120.26,4218.000488,N,07105.999287,W,0,10.0,1.0,52.5,0.0,0.0,030120.26*62', b'$BFNVG,030120.60,4218.000575,N,07105.999137,W,0,10.0,1.0,54.0,0.0,0.0,030120.60*6A', b'$BFNVG,030120.94,4218.000659,N,07105.998985,W,0,10.0,1.0,55.5,0.0,0.0,030120.94*63']
2021-07-29 04:01:22,014 [INFO] AUV state: {'position': (1.4245856991037726, 1.1851959181949496), 'latlon': (42.30001098333334, -71.09998308333333), 'heading': 55.5, 'depth': 1.0, 'altitude': 10.0, 'roll': 0.0, 'pitch': 0.0, 'last_fix_time': datetime.datetime(2021, 7, 29, 3, 1, 20), 'speed': None, 'rudder': 0, 'datum': (42.3, -71.1)}
2021-07-29 04:01:22,345 [INFO] **** [(-13.463396851421265, -9.863861065623544)] [(6.977795441348321, -9.467941039726131)]
2021-07-29 04:01:22,347 [INFO] Next green buoy: [(-13.463396851421265, -9.863861065623544)], next red buoy: [(6.977795441348321, -9.467941039726131)]
2021-07-29 04:01:22,348 [INFO] Desired_heading: 52.25719929496353
2021-07-29 04:01:22,348 [INFO] delta angle: -4.206302565034036
2021-07-29 04:01:22,348 [INFO] sending message $BPRMB,030122.39,4.206302565034036,1,0,750,0,1*5c
...
2021-07-29 04:01:23,350 [INFO] sending message $BPSTS,030123.35,1,BWSI Autonomy OK*41
...
2021-07-29 04:01:23,351 [INFO] Processing: $BFNVG,030121.29,4218.000743,N,07105.998826,W,0,10.0,1.0,57.0,0.0,0.0,030121.29*66
2021-07-29 04:01:23,353 [INFO] Interpreted as: {'position': (1.646868976939004, 1.3352636182680726), 'latlon': (42.30001238333333, -71.09998043333333), 'heading': 57.0, 'depth': 1.0, 'altitude': 10.0, 'roll': 0.0, 'pitch': 0.0, 'last_fix_time': datetime.datetime(2021, 7, 29, 3, 1, 21), 'speed': None, 'rudder': 0, 'datum': (42.3, -71.1)}
2021-07-29 04:01:23,354 [INFO] Processing: $BFNVG,030121.64,4218.000827,N,07105.998660,W,0,10.0,1.0,57.2,0.0,0.0,030121.64*65
2021-07-29 04:01:23,356 [INFO] Interpreted as: {'position': (1.8787693995982409, 1.4850939959287643), 'latlon': (42.300013783333334, -71.09997766666666), 'heading': 57.2, 'depth': 1.0, 'altitude': 10.0, 'roll': 0.0, 'pitch': 0.0, 'last_fix_time': datetime.datetime(2021, 7, 29, 3, 1, 21), 'speed': None, 'rudder': 0, 'datum': (42.3, -71.1)}
2021-07-29 04:01:23,357 [INFO] Processing: $BFNVG,030121.99,4218.000907,N,07105.998499,W,0,10.0,1.0,57.5,0.0,0.0,030121.99*65
2021-07-29 04:01:23,359 [INFO] Interpreted as: {'position': (2.1036177285132, 1.627691114321351), 'latlon': (42.300015116666664, -71.09997498333334), 'heading': 57.5, 'depth': 1.0, 'altitude': 10.0, 'roll': 0.0, 'pitch': 0.0, 'last_fix_time': datetime.datetime(2021, 7, 29, 3, 1, 21), 'speed': None, 'rudder': 0, 'datum': (42.3, -71.1)}
2021-07-29 04:01:23,360 [INFO] Received from Frontseat: [b'$BFNVG,030121.29,4218.000743,N,07105.998826,W,0,10.0,1.0,57.0,0.0,0.0,030121.29*66', b'$BFNVG,030121.64,4218.000827,N,07105.998660,W,0,10.0,1.0,57.2,0.0,0.0,030121.64*65', b'$BFNVG,030121.99,4218.000907,N,07105.998499,W,0,10.0,1.0,57.5,0.0,0.0,030121.99*65']
2021-07-29 04:01:23,361 [INFO] AUV state: {'position': (2.1036177285132, 1.627691114321351), 'latlon': (42.300015116666664, -71.09997498333334), 'heading': 57.5, 'depth': 1.0, 'altitude': 10.0, 'roll': 0.0, 'pitch': 0.0, 'last_fix_time': datetime.datetime(2021, 7, 29, 3, 1, 21), 'speed': None, 'rudder': 0, 'datum': (42.3, -71.1)}
2021-07-29 04:01:23,682 [INFO] **** [(-17.726718391798464, -11.414188815154025)] [(5.5275710935857445, -10.98416958435668)]
2021-07-29 04:01:23,684 [INFO] Next green buoy: [(-17.726718391798464, -11.414188815154025)], next red buoy: [(5.5275710935857445, -10.98416958435668)]
2021-07-29 04:01:23,685 [INFO] Desired_heading: 51.40042635089364
2021-07-29 04:01:23,685 [INFO] delta angle: -14.881919480349097
2021-07-29 04:01:23,686 [INFO] sending message $BPRMB,030124.30,14.881919480349097,1,0,750,0,1*6f
...
2021-07-29 04:01:24,687 [INFO] sending message $BPSTS,030124.68,1,BWSI Autonomy OK*4e
...
2021-07-29 04:01:24,689 [INFO] Processing: $BFNVG,030122.33,4218.000986,N,07105.998341,W,0,10.0,1.0,57.7,0.0,0.0,030122.33*6C
2021-07-29 04:01:24,691 [INFO] Interpreted as: {'position': (2.3242987383855507, 1.7685392554849386), 'latlon': (42.30001643333333, -71.09997235), 'heading': 57.7, 'depth': 1.0, 'altitude': 10.0, 'roll': 0.0, 'pitch': 0.0, 'last_fix_time': datetime.datetime(2021, 7, 29, 3, 1, 22), 'speed': None, 'rudder': 0, 'datum': (42.3, -71.1)}
2021-07-29 04:01:24,692 [INFO] Processing: $BFNVG,030122.67,4218.001065,N,07105.998182,W,0,10.0,1.0,57.5,0.0,0.0,030122.67*66
2021-07-29 04:01:24,694 [INFO] Interpreted as: {'position': (2.5463536186143756, 1.9093535020947456), 'latlon': (42.30001775, -71.0999697), 'heading': 57.5, 'depth': 1.0, 'altitude': 10.0, 'roll': 0.0, 'pitch': 0.0, 'last_fix_time': datetime.datetime(2021, 7, 29, 3, 1, 22), 'speed': None, 'rudder': 0, 'datum': (42.3, -71.1)}
2021-07-29 04:01:24,694 [INFO] Processing: $BFNVG,030123.01,4218.001145,N,07105.998024,W,0,10.0,1.0,57.2,0.0,0.0,030123.01*6F
2021-07-29 04:01:24,696 [INFO] Interpreted as: {'position': (2.7670802818611264, 2.052052354440093), 'latlon': (42.30001908333333, -71.09996706666666), 'heading': 57.2, 'depth': 1.0, 'altitude': 10.0, 'roll': 0.0, 'pitch': 0.0, 'last_fix_time': datetime.datetime(2021, 7, 29, 3, 1, 23), 'speed': None, 'rudder': 0, 'datum': (42.3, -71.1)}
2021-07-29 04:01:24,697 [INFO] Processing: $BFNVG,030123.35,4218.001225,N,07105.997866,W,0,10.0,1.0,56.9,0.0,0.0,030123.35*61
2021-07-29 04:01:24,699 [INFO] Interpreted as: {'position': (2.9878069380065426, 2.194751212373376), 'latlon': (42.30002041666667, -71.09996443333333), 'heading': 56.9, 'depth': 1.0, 'altitude': 10.0, 'roll': 0.0, 'pitch': 0.0, 'last_fix_time': datetime.datetime(2021, 7, 29, 3, 1, 23), 'speed': None, 'rudder': 0, 'datum': (42.3, -71.1)}
2021-07-29 04:01:24,700 [INFO] Received from Frontseat: [b'$BFNVG,030122.33,4218.000986,N,07105.998341,W,0,10.0,1.0,57.7,0.0,0.0,030122.33*6C', b'$BFNVG,030122.67,4218.001065,N,07105.998182,W,0,10.0,1.0,57.5,0.0,0.0,030122.67*66', b'$BFNVG,030123.01,4218.001145,N,07105.998024,W,0,10.0,1.0,57.2,0.0,0.0,030123.01*6F', b'$BFNVG,030123.35,4218.001225,N,07105.997866,W,0,10.0,1.0,56.9,0.0,0.0,030123.35*61']
2021-07-29 04:01:24,701 [INFO] AUV state: {'position': (2.9878069380065426, 2.194751212373376), 'latlon': (42.30002041666667, -71.09996443333333), 'heading': 56.9, 'depth': 1.0, 'altitude': 10.0, 'roll': 0.0, 'pitch': 0.0, 'last_fix_time': datetime.datetime(2021, 7, 29, 3, 1, 23), 'speed': None, 'rudder': 0, 'datum': (42.3, -71.1)}
2021-07-29 04:01:25,044 [INFO] **** [(-21.031962802215265, -13.961815642930658)] [(7.507054714294901, -13.470154732555468)]
2021-07-29 04:01:25,046 [INFO] Next green buoy: [(-21.031962802215265, -13.961815642930658)], next red buoy: [(7.507054714294901, -13.470154732555468)]
2021-07-29 04:01:25,046 [INFO] Desired_heading: 50.137545956039816
2021-07-29 04:01:25,047 [INFO] delta angle: -18.292313878669347
2021-07-29 04:01:25,047 [INFO] sending message $BPRMB,030125.07,18.292313878669347,1,0,750,0,1*6c
...
2021-07-29 04:01:26,049 [INFO] sending message $BPSTS,030126.04,1,BWSI Autonomy OK*46
...
2021-07-29 04:01:26,050 [INFO] Processing: $BFNVG,030123.69,4218.001305,N,07105.997708,W,0,10.0,1.0,56.7,0.0,0.0,030123.69*6B
2021-07-29 04:01:26,052 [INFO] Interpreted as: {'position': (3.208533582976088, 2.3374500796198845), 'latlon': (42.30002175, -71.0999618), 'heading': 56.7, 'depth': 1.0, 'altitude': 10.0, 'roll': 0.0, 'pitch': 0.0, 'last_fix_time': datetime.datetime(2021, 7, 29, 3, 1, 23), 'speed': None, 'rudder': 0, 'datum': (42.3, -71.1)}
2021-07-29 04:01:26,053 [INFO] Processing: $BFNVG,030124.03,4218.001388,N,07105.997551,W,0,10.0,1.0,55.7,0.0,0.0,030124.03*63
2021-07-29 04:01:26,055 [INFO] Interpreted as: {'position': (3.4280233532190323, 2.485734948888421), 'latlon': (42.30002313333333, -71.09995918333334), 'heading': 55.7, 'depth': 1.0, 'altitude': 10.0, 'roll': 0.0, 'pitch': 0.0, 'last_fix_time': datetime.datetime(2021, 7, 29, 3, 1, 24), 'speed': None, 'rudder': 0, 'datum': (42.3, -71.1)}
2021-07-29 04:01:26,056 [INFO] Processing: $BFNVG,030124.37,4218.001472,N,07105.997397,W,0,10.0,1.0,54.7,0.0,0.0,030124.37*6C
2021-07-29 04:01:26,058 [INFO] Interpreted as: {'position': (3.6434371494688094, 2.6359722344204783), 'latlon': (42.300024533333335, -71.09995661666666), 'heading': 54.7, 'depth': 1.0, 'altitude': 10.0, 'roll': 0.0, 'pitch': 0.0, 'last_fix_time': datetime.datetime(2021, 7, 29, 3, 1, 24), 'speed': None, 'rudder': 0, 'datum': (42.3, -71.1)}
2021-07-29 04:01:26,059 [INFO] Processing: $BFNVG,030124.72,4218.001559,N,07105.997241,W,0,10.0,1.0,53.8,0.0,0.0,030124.72*66
2021-07-29 04:01:26,061 [INFO] Interpreted as: {'position': (3.8617357061011717, 2.791693807579577), 'latlon': (42.300025983333335, -71.09995401666667), 'heading': 53.8, 'depth': 1.0, 'altitude': 10.0, 'roll': 0.0, 'pitch': 0.0, 'last_fix_time': datetime.datetime(2021, 7, 29, 3, 1, 24), 'speed': None, 'rudder': 0, 'datum': (42.3, -71.1)}
2021-07-29 04:01:26,062 [INFO] Received from Frontseat: [b'$BFNVG,030123.69,4218.001305,N,07105.997708,W,0,10.0,1.0,56.7,0.0,0.0,030123.69*6B', b'$BFNVG,030124.03,4218.001388,N,07105.997551,W,0,10.0,1.0,55.7,0.0,0.0,030124.03*63', b'$BFNVG,030124.37,4218.001472,N,07105.997397,W,0,10.0,1.0,54.7,0.0,0.0,030124.37*6C', b'$BFNVG,030124.72,4218.001559,N,07105.997241,W,0,10.0,1.0,53.8,0.0,0.0,030124.72*66']
2021-07-29 04:01:26,063 [INFO] AUV state: {'position': (3.8617357061011717, 2.791693807579577), 'latlon': (42.300025983333335, -71.09995401666667), 'heading': 53.8, 'depth': 1.0, 'altitude': 10.0, 'roll': 0.0, 'pitch': 0.0, 'last_fix_time': datetime.datetime(2021, 7, 29, 3, 1, 24), 'speed': None, 'rudder': 0, 'datum': (42.3, -71.1)}
2021-07-29 04:01:26,425 [INFO] **** [(-23.5984379083582, -18.072524928862055)] [(13.421440751774357, -17.493447826692627), (-12.600447800043058, -4.811211562782232)]
2021-07-29 04:01:26,427 [INFO] Next green buoy: [(-23.5984379083582, -18.072524928862055)], next red buoy: [(13.421440751774357, -17.493447826692627), (-12.600447800043058, -4.811211562782232)]
2021-07-29 04:01:26,427 [INFO] Desired_heading: 48.71150142170808
2021-07-29 04:01:26,428 [INFO] delta angle: -10.357127112511535
2021-07-29 04:01:26,428 [INFO] sending message $BPRMB,030127.02,10.357127112511535,1,0,750,0,1*64
...
2021-07-29 04:01:27,429 [INFO] sending message $BPSTS,030127.42,1,BWSI Autonomy OK*45
...
2021-07-29 04:01:27,430 [INFO] Processing: $BFNVG,030125.06,4218.001646,N,07105.997093,W,0,10.0,1.0,52.8,0.0,0.0,030125.06*67
2021-07-29 04:01:27,433 [INFO] Interpreted as: {'position': (4.069043219322339, 2.947686622850597), 'latlon': (42.300027433333334, -71.09995155), 'heading': 52.8, 'depth': 1.0, 'altitude': 10.0, 'roll': 0.0, 'pitch': 0.0, 'last_fix_time': datetime.datetime(2021, 7, 29, 3, 1, 25), 'speed': None, 'rudder': 0, 'datum': (42.3, -71.1)}
2021-07-29 04:01:27,434 [INFO] Processing: $BFNVG,030125.40,4218.001735,N,07105.996945,W,0,10.0,1.0,51.7,0.0,0.0,030125.40*6D
2021-07-29 04:01:27,436 [INFO] Interpreted as: {'position': (4.276442065369338, 3.107380837202072), 'latlon': (42.30002891666667, -71.09994908333333), 'heading': 51.7, 'depth': 1.0, 'altitude': 10.0, 'roll': 0.0, 'pitch': 0.0, 'last_fix_time': datetime.datetime(2021, 7, 29, 3, 1, 25), 'speed': None, 'rudder': 0, 'datum': (42.3, -71.1)}
2021-07-29 04:01:27,436 [INFO] Processing: $BFNVG,030125.74,4218.001826,N,07105.996800,W,0,10.0,1.0,50.5,0.0,0.0,030125.74*63
2021-07-29 04:01:27,438 [INFO] Interpreted as: {'position': (4.479810606339015, 3.270878165960312), 'latlon': (42.30003043333333, -71.09994666666667), 'heading': 50.5, 'depth': 1.0, 'altitude': 10.0, 'roll': 0.0, 'pitch': 0.0, 'last_fix_time': datetime.datetime(2021, 7, 29, 3, 1, 25), 'speed': None, 'rudder': 0, 'datum': (42.3, -71.1)}
2021-07-29 04:01:27,439 [INFO] Processing: $BFNVG,030126.08,4218.001921,N,07105.996656,W,0,10.0,1.0,49.3,0.0,0.0,030126.08*66
2021-07-29 04:01:27,441 [INFO] Interpreted as: {'position': (4.681987942429259, 3.441812191158533), 'latlon': (42.30003201666667, -71.09994426666667), 'heading': 49.3, 'depth': 1.0, 'altitude': 10.0, 'roll': 0.0, 'pitch': 0.0, 'last_fix_time': datetime.datetime(2021, 7, 29, 3, 1, 26), 'speed': None, 'rudder': 0, 'datum': (42.3, -71.1)}
2021-07-29 04:01:27,441 [INFO] Received from Frontseat: [b'$BFNVG,030125.06,4218.001646,N,07105.997093,W,0,10.0,1.0,52.8,0.0,0.0,030125.06*67', b'$BFNVG,030125.40,4218.001735,N,07105.996945,W,0,10.0,1.0,51.7,0.0,0.0,030125.40*6D', b'$BFNVG,030125.74,4218.001826,N,07105.996800,W,0,10.0,1.0,50.5,0.0,0.0,030125.74*63', b'$BFNVG,030126.08,4218.001921,N,07105.996656,W,0,10.0,1.0,49.3,0.0,0.0,030126.08*66']
2021-07-29 04:01:27,442 [INFO] AUV state: {'position': (4.681987942429259, 3.441812191158533), 'latlon': (42.30003201666667, -71.09994426666667), 'heading': 49.3, 'depth': 1.0, 'altitude': 10.0, 'roll': 0.0, 'pitch': 0.0, 'last_fix_time': datetime.datetime(2021, 7, 29, 3, 1, 26), 'speed': None, 'rudder': 0, 'datum': (42.3, -71.1)}
2021-07-29 04:01:27,784 [INFO] **** [] [(23.89799819069119, -23.96888367903424), (-8.657447247391902, -5.24136984378085)]
2021-07-29 04:01:27,786 [INFO] Next green buoy: [], next red buoy: [(23.89799819069119, -23.96888367903424), (-8.657447247391902, -5.24136984378085)]
2021-07-29 04:01:27,787 [INFO] Desired_heading: 73.19799819069118
2021-07-29 04:01:27,787 [INFO] delta angle: -25
2021-07-29 04:01:27,787 [INFO] sending message $BPRMB,030127.83,25,1,0,750,0,1*74
...
2021-07-29 04:01:28,789 [INFO] sending message $BPSTS,030128.78,1,BWSI Autonomy OK*43
...
2021-07-29 04:01:28,790 [INFO] Processing: $BFNVG,030126.42,4218.002017,N,07105.996515,W,0,10.0,1.0,48.2,0.0,0.0,030126.42*6D
2021-07-29 04:01:28,792 [INFO] Interpreted as: {'position': (4.88008930219803, 3.6146986316889524), 'latlon': (42.30003361666667, -71.09994191666667), 'heading': 48.2, 'depth': 1.0, 'altitude': 10.0, 'roll': 0.0, 'pitch': 0.0, 'last_fix_time': datetime.datetime(2021, 7, 29, 3, 1, 26), 'speed': None, 'rudder': 0, 'datum': (42.3, -71.1)}
2021-07-29 04:01:28,792 [INFO] Processing: $BFNVG,030126.77,4218.002118,N,07105.996373,W,0,10.0,1.0,47.5,0.0,0.0,030126.77*6D
2021-07-29 04:01:28,794 [INFO] Interpreted as: {'position': (5.079792885342613, 3.7968046609312296), 'latlon': (42.3000353, -71.09993955), 'heading': 47.5, 'depth': 1.0, 'altitude': 10.0, 'roll': 0.0, 'pitch': 0.0, 'last_fix_time': datetime.datetime(2021, 7, 29, 3, 1, 26), 'speed': None, 'rudder': 0, 'datum': (42.3, -71.1)}
2021-07-29 04:01:28,795 [INFO] Processing: $BFNVG,030127.11,4218.002217,N,07105.996236,W,0,10.0,1.0,46.8,0.0,0.0,030127.11*6D
2021-07-29 04:01:28,797 [INFO] Interpreted as: {'position': (5.272535721771419, 3.975378818809986), 'latlon': (42.30003695, -71.09993726666667), 'heading': 46.8, 'depth': 1.0, 'altitude': 10.0, 'roll': 0.0, 'pitch': 0.0, 'last_fix_time': datetime.datetime(2021, 7, 29, 3, 1, 27), 'speed': None, 'rudder': 0, 'datum': (42.3, -71.1)}
2021-07-29 04:01:28,797 [INFO] Processing: $BFNVG,030127.45,4218.002317,N,07105.996101,W,0,10.0,1.0,46.2,0.0,0.0,030127.45*61
2021-07-29 04:01:28,800 [INFO] Interpreted as: {'position': (5.462576461257413, 4.155871489085257), 'latlon': (42.30003861666667, -71.09993501666666), 'heading': 46.2, 'depth': 1.0, 'altitude': 10.0, 'roll': 0.0, 'pitch': 0.0, 'last_fix_time': datetime.datetime(2021, 7, 29, 3, 1, 27), 'speed': None, 'rudder': 0, 'datum': (42.3, -71.1)}
2021-07-29 04:01:28,801 [INFO] Received from Frontseat: [b'$BFNVG,030126.42,4218.002017,N,07105.996515,W,0,10.0,1.0,48.2,0.0,0.0,030126.42*6D', b'$BFNVG,030126.77,4218.002118,N,07105.996373,W,0,10.0,1.0,47.5,0.0,0.0,030126.77*6D', b'$BFNVG,030127.11,4218.002217,N,07105.996236,W,0,10.0,1.0,46.8,0.0,0.0,030127.11*6D', b'$BFNVG,030127.45,4218.002317,N,07105.996101,W,0,10.0,1.0,46.2,0.0,0.0,030127.45*61']
2021-07-29 04:01:28,802 [INFO] AUV state: {'position': (5.462576461257413, 4.155871489085257), 'latlon': (42.30003861666667, -71.09993501666666), 'heading': 46.2, 'depth': 1.0, 'altitude': 10.0, 'roll': 0.0, 'pitch': 0.0, 'last_fix_time': datetime.datetime(2021, 7, 29, 3, 1, 27), 'speed': None, 'rudder': 0, 'datum': (42.3, -71.1)}
2021-07-29 04:01:29,122 [INFO] **** [] [(-5.885483153558886, -5.716117630300773)]
2021-07-29 04:01:29,124 [INFO] Next green buoy: [], next red buoy: [(-5.885483153558886, -5.716117630300773)]
2021-07-29 04:01:29,125 [INFO] Desired_heading: 40.314516846441116
2021-07-29 04:01:29,125 [INFO] delta angle: -13.855564780330212
2021-07-29 04:01:29,126 [INFO] sending message $BPRMB,030129.74,13.855564780330212,1,0,750,0,1*68
...
2021-07-29 04:01:30,127 [INFO] sending message $BPSTS,030130.12,1,BWSI Autonomy OK*46
...
2021-07-29 04:01:30,128 [INFO] Processing: $BFNVG,030127.79,4218.002418,N,07105.995968,W,0,10.0,1.0,45.5,0.0,0.0,030127.79*69
2021-07-29 04:01:30,134 [INFO] Interpreted as: {'position': (5.649915101705119, 4.338282668031752), 'latlon': (42.3000403, -71.0999328), 'heading': 45.5, 'depth': 1.0, 'altitude': 10.0, 'roll': 0.0, 'pitch': 0.0, 'last_fix_time': datetime.datetime(2021, 7, 29, 3, 1, 27), 'speed': None, 'rudder': 0, 'datum': (42.3, -71.1)}
2021-07-29 04:01:30,135 [INFO] Processing: $BFNVG,030128.13,4218.002520,N,07105.995838,W,0,10.0,1.0,43.9,0.0,0.0,030128.13*6D
2021-07-29 04:01:30,137 [INFO] Interpreted as: {'position': (5.833177770720795, 4.5226462604478), 'latlon': (42.300042, -71.09993063333333), 'heading': 43.9, 'depth': 1.0, 'altitude': 10.0, 'roll': 0.0, 'pitch': 0.0, 'last_fix_time': datetime.datetime(2021, 7, 29, 3, 1, 28), 'speed': None, 'rudder': 0, 'datum': (42.3, -71.1)}
2021-07-29 04:01:30,138 [INFO] Processing: $BFNVG,030128.47,4218.002627,N,07105.995710,W,0,10.0,1.0,42.3,0.0,0.0,030128.47*67
2021-07-29 04:01:30,140 [INFO] Interpreted as: {'position': (6.013921021134593, 4.71633115131408), 'latlon': (42.30004378333334, -71.0999285), 'heading': 42.3, 'depth': 1.0, 'altitude': 10.0, 'roll': 0.0, 'pitch': 0.0, 'last_fix_time': datetime.datetime(2021, 7, 29, 3, 1, 28), 'speed': None, 'rudder': 0, 'datum': (42.3, -71.1)}
2021-07-29 04:01:30,141 [INFO] Processing: $BFNVG,030128.81,4218.002735,N,07105.995588,W,0,10.0,1.0,40.7,0.0,0.0,030128.81*60
2021-07-29 04:01:30,142 [INFO] Interpreted as: {'position': (6.186466659535654, 4.912070168182254), 'latlon': (42.300045583333336, -71.09992646666667), 'heading': 40.7, 'depth': 1.0, 'altitude': 10.0, 'roll': 0.0, 'pitch': 0.0, 'last_fix_time': datetime.datetime(2021, 7, 29, 3, 1, 28), 'speed': None, 'rudder': 0, 'datum': (42.3, -71.1)}
2021-07-29 04:01:30,143 [INFO] Received from Frontseat: [b'$BFNVG,030127.79,4218.002418,N,07105.995968,W,0,10.0,1.0,45.5,0.0,0.0,030127.79*69', b'$BFNVG,030128.13,4218.002520,N,07105.995838,W,0,10.0,1.0,43.9,0.0,0.0,030128.13*6D', b'$BFNVG,030128.47,4218.002627,N,07105.995710,W,0,10.0,1.0,42.3,0.0,0.0,030128.47*67', b'$BFNVG,030128.81,4218.002735,N,07105.995588,W,0,10.0,1.0,40.7,0.0,0.0,030128.81*60']
2021-07-29 04:01:30,144 [INFO] AUV state: {'position': (6.186466659535654, 4.912070168182254), 'latlon': (42.300045583333336, -71.09992646666667), 'heading': 40.7, 'depth': 1.0, 'altitude': 10.0, 'roll': 0.0, 'pitch': 0.0, 'last_fix_time': datetime.datetime(2021, 7, 29, 3, 1, 28), 'speed': None, 'rudder': 0, 'datum': (42.3, -71.1)}
2021-07-29 04:01:30,449 [INFO] **** [] [(-0.059889740793874054, -6.367599311841974)]
2021-07-29 04:01:30,451 [INFO] Next green buoy: [], next red buoy: [(-0.059889740793874054, -6.367599311841974)]
2021-07-29 04:01:30,452 [INFO] Desired_heading: 40.64011025920613
2021-07-29 04:01:30,452 [INFO] delta angle: -0.0014347124209166395
2021-07-29 04:01:30,452 [INFO] sending message $BPRMB,030130.50,0.0014347124209166395,1,0,750,0,1*52
...
2021-07-29 04:01:31,454 [INFO] sending message $BPSTS,030131.45,1,BWSI Autonomy OK*45
...
2021-07-29 04:01:31,455 [INFO] Processing: $BFNVG,030129.15,4218.002845,N,07105.995469,W,0,10.0,1.0,39.1,0.0,0.0,030129.15*6E
2021-07-29 04:01:31,457 [INFO] Interpreted as: {'position': (6.3549819951877, 5.111612292937934), 'latlon': (42.300047416666665, -71.09992448333334), 'heading': 39.1, 'depth': 1.0, 'altitude': 10.0, 'roll': 0.0, 'pitch': 0.0, 'last_fix_time': datetime.datetime(2021, 7, 29, 3, 1, 29), 'speed': None, 'rudder': 0, 'datum': (42.3, -71.1)}
2021-07-29 04:01:31,457 [INFO] Processing: $BFNVG,030129.49,4218.002958,N,07105.995353,W,0,10.0,1.0,38.2,0.0,0.0,030129.49*6F
2021-07-29 04:01:31,459 [INFO] Interpreted as: {'position': (6.5195126967155375, 5.316808223724365), 'latlon': (42.3000493, -71.09992255), 'heading': 38.2, 'depth': 1.0, 'altitude': 10.0, 'roll': 0.0, 'pitch': 0.0, 'last_fix_time': datetime.datetime(2021, 7, 29, 3, 1, 29), 'speed': None, 'rudder': 0, 'datum': (42.3, -71.1)}
2021-07-29 04:01:31,460 [INFO] Processing: $BFNVG,030129.83,4218.003074,N,07105.995238,W,0,10.0,1.0,37.4,0.0,0.0,030129.83*6C
2021-07-29 04:01:31,462 [INFO] Interpreted as: {'position': (6.682806521421298, 5.527590154670179), 'latlon': (42.300051233333335, -71.09992063333333), 'heading': 37.4, 'depth': 1.0, 'altitude': 10.0, 'roll': 0.0, 'pitch': 0.0, 'last_fix_time': datetime.datetime(2021, 7, 29, 3, 1, 29), 'speed': None, 'rudder': 0, 'datum': (42.3, -71.1)}
2021-07-29 04:01:31,463 [INFO] Processing: $BFNVG,030130.18,4218.003191,N,07105.995125,W,0,10.0,1.0,36.4,0.0,0.0,030130.18*68
2021-07-29 04:01:31,465 [INFO] Interpreted as: {'position': (6.84339824761264, 5.7402905924245715), 'latlon': (42.30005318333333, -71.09991875), 'heading': 36.4, 'depth': 1.0, 'altitude': 10.0, 'roll': 0.0, 'pitch': 0.0, 'last_fix_time': datetime.datetime(2021, 7, 29, 3, 1, 30), 'speed': None, 'rudder': 0, 'datum': (42.3, -71.1)}
2021-07-29 04:01:31,465 [INFO] Received from Frontseat: [b'$BFNVG,030129.15,4218.002845,N,07105.995469,W,0,10.0,1.0,39.1,0.0,0.0,030129.15*6E', b'$BFNVG,030129.49,4218.002958,N,07105.995353,W,0,10.0,1.0,38.2,0.0,0.0,030129.49*6F', b'$BFNVG,030129.83,4218.003074,N,07105.995238,W,0,10.0,1.0,37.4,0.0,0.0,030129.83*6C', b'$BFNVG,030130.18,4218.003191,N,07105.995125,W,0,10.0,1.0,36.4,0.0,0.0,030130.18*68']
2021-07-29 04:01:31,466 [INFO] AUV state: {'position': (6.84339824761264, 5.7402905924245715), 'latlon': (42.30005318333333, -71.09991875), 'heading': 36.4, 'depth': 1.0, 'altitude': 10.0, 'roll': 0.0, 'pitch': 0.0, 'last_fix_time': datetime.datetime(2021, 7, 29, 3, 1, 30), 'speed': None, 'rudder': 0, 'datum': (42.3, -71.1)}
2021-07-29 04:01:31,767 [INFO] **** [(-8.78368965126091, -6.729624674004836)] [(5.026361713210614, -7.224961059951208), (16.169985841814196, -4.595925325079755)]
2021-07-29 04:01:31,769 [INFO] Next green buoy: [(-8.78368965126091, -6.729624674004836)], next red buoy: [(5.026361713210614, -7.224961059951208), (16.169985841814196, -4.595925325079755)]
2021-07-29 04:01:31,770 [INFO] Desired_heading: 34.52133603097485
2021-07-29 04:01:31,770 [INFO] delta angle: -1.4117513234053263
2021-07-29 04:01:31,770 [INFO] sending message $BPRMB,030132.39,1.4117513234053263,1,0,750,0,1*69
...
2021-07-29 04:01:32,772 [INFO] sending message $BPSTS,030132.77,1,BWSI Autonomy OK*47
...
2021-07-29 04:01:32,773 [INFO] Processing: $BFNVG,030130.52,4218.003310,N,07105.995015,W,0,10.0,1.0,35.6,0.0,0.0,030130.52*60
2021-07-29 04:01:32,775 [INFO] Interpreted as: {'position': (6.999959669192322, 5.956794139929116), 'latlon': (42.30005516666667, -71.09991691666667), 'heading': 35.6, 'depth': 1.0, 'altitude': 10.0, 'roll': 0.0, 'pitch': 0.0, 'last_fix_time': datetime.datetime(2021, 7, 29, 3, 1, 30), 'speed': None, 'rudder': 0, 'datum': (42.3, -71.1)}
2021-07-29 04:01:32,775 [INFO] Processing: $BFNVG,030130.86,4218.003427,N,07105.994908,W,0,10.0,1.0,35.6,0.0,0.0,030130.86*67
2021-07-29 04:01:32,777 [INFO] Interpreted as: {'position': (7.152308107353747, 6.169698008336127), 'latlon': (42.300057116666665, -71.09991513333334), 'heading': 35.6, 'depth': 1.0, 'altitude': 10.0, 'roll': 0.0, 'pitch': 0.0, 'last_fix_time': datetime.datetime(2021, 7, 29, 3, 1, 30), 'speed': None, 'rudder': 0, 'datum': (42.3, -71.1)}
2021-07-29 04:01:32,778 [INFO] Processing: $BFNVG,030131.21,4218.003546,N,07105.994800,W,0,10.0,1.0,35.6,0.0,0.0,030131.21*68
2021-07-29 04:01:32,780 [INFO] Interpreted as: {'position': (7.306121755565982, 6.386269369162619), 'latlon': (42.3000591, -71.09991333333333), 'heading': 35.6, 'depth': 1.0, 'altitude': 10.0, 'roll': 0.0, 'pitch': 0.0, 'last_fix_time': datetime.datetime(2021, 7, 29, 3, 1, 31), 'speed': None, 'rudder': 0, 'datum': (42.3, -71.1)}
2021-07-29 04:01:32,781 [INFO] Processing: $BFNVG,030131.55,4218.003666,N,07105.994690,W,0,10.0,1.0,35.6,0.0,0.0,030131.55*6E
2021-07-29 04:01:32,783 [INFO] Interpreted as: {'position': (7.462728819809854, 6.60462362319231), 'latlon': (42.3000611, -71.0999115), 'heading': 35.6, 'depth': 1.0, 'altitude': 10.0, 'roll': 0.0, 'pitch': 0.0, 'last_fix_time': datetime.datetime(2021, 7, 29, 3, 1, 31), 'speed': None, 'rudder': 0, 'datum': (42.3, -71.1)}
2021-07-29 04:01:32,784 [INFO] Received from Frontseat: [b'$BFNVG,030130.52,4218.003310,N,07105.995015,W,0,10.0,1.0,35.6,0.0,0.0,030130.52*60', b'$BFNVG,030130.86,4218.003427,N,07105.994908,W,0,10.0,1.0,35.6,0.0,0.0,030130.86*67', b'$BFNVG,030131.21,4218.003546,N,07105.994800,W,0,10.0,1.0,35.6,0.0,0.0,030131.21*68', b'$BFNVG,030131.55,4218.003666,N,07105.994690,W,0,10.0,1.0,35.6,0.0,0.0,030131.55*6E']
2021-07-29 04:01:32,785 [INFO] AUV state: {'position': (7.462728819809854, 6.60462362319231), 'latlon': (42.3000611, -71.0999115), 'heading': 35.6, 'depth': 1.0, 'altitude': 10.0, 'roll': 0.0, 'pitch': 0.0, 'last_fix_time': datetime.datetime(2021, 7, 29, 3, 1, 31), 'speed': None, 'rudder': 0, 'datum': (42.3, -71.1)}
2021-07-29 04:01:33,087 [INFO] **** [(-9.064230598059913, -7.611936861112126)] [(6.611853491305384, -8.244326948620385), (18.34261489162751, -4.936732736627606)]
2021-07-29 04:01:33,089 [INFO] Next green buoy: [(-9.064230598059913, -7.611936861112126)], next red buoy: [(6.611853491305384, -8.244326948620385), (18.34261489162751, -4.936732736627606)]
2021-07-29 04:01:33,089 [INFO] Desired_heading: 34.37381144662274
2021-07-29 04:01:33,089 [INFO] delta angle: -0.6014153473733472
2021-07-29 04:01:33,090 [INFO] sending message $BPRMB,030133.14,0.6014153473733472,1,0,750,0,1*64
...
2021-07-29 04:01:34,091 [INFO] sending message $BPSTS,030134.09,1,BWSI Autonomy OK*48
...
2021-07-29 04:01:34,092 [INFO] Processing: $BFNVG,030131.90,4218.003785,N,07105.994582,W,0,10.0,1.0,35.6,0.0,0.0,030131.90*62
2021-07-29 04:01:34,094 [INFO] Interpreted as: {'position': (7.616542449686676, 6.821194991469383), 'latlon': (42.300063083333335, -71.0999097), 'heading': 35.6, 'depth': 1.0, 'altitude': 10.0, 'roll': 0.0, 'pitch': 0.0, 'last_fix_time': datetime.datetime(2021, 7, 29, 3, 1, 31), 'speed': None, 'rudder': 0, 'datum': (42.3, -71.1)}
2021-07-29 04:01:34,095 [INFO] Processing: $BFNVG,030132.24,4218.003904,N,07105.994473,W,0,10.0,1.0,35.5,0.0,0.0,030132.24*69
2021-07-29 04:01:34,097 [INFO] Interpreted as: {'position': (7.771729946718551, 7.037732458673418), 'latlon': (42.30006506666667, -71.09990788333333), 'heading': 35.5, 'depth': 1.0, 'altitude': 10.0, 'roll': 0.0, 'pitch': 0.0, 'last_fix_time': datetime.datetime(2021, 7, 29, 3, 1, 32), 'speed': None, 'rudder': 0, 'datum': (42.3, -71.1)}
2021-07-29 04:01:34,097 [INFO] Processing: $BFNVG,030132.60,4218.004028,N,07105.994360,W,0,10.0,1.0,35.4,0.0,0.0,030132.60*6D
2021-07-29 04:01:34,099 [INFO] Interpreted as: {'position': (7.932641300489195, 7.263387800194323), 'latlon': (42.300067133333336, -71.099906), 'heading': 35.4, 'depth': 1.0, 'altitude': 10.0, 'roll': 0.0, 'pitch': 0.0, 'last_fix_time': datetime.datetime(2021, 7, 29, 3, 1, 32), 'speed': None, 'rudder': 0, 'datum': (42.3, -71.1)}
2021-07-29 04:01:34,101 [INFO] Processing: $BFNVG,030132.95,4218.004149,N,07105.994251,W,0,10.0,1.0,35.3,0.0,0.0,030132.95*6F
2021-07-29 04:01:34,103 [INFO] Interpreted as: {'position': (8.08792012091726, 7.483626667410135), 'latlon': (42.30006915, -71.09990418333334), 'heading': 35.3, 'depth': 1.0, 'altitude': 10.0, 'roll': 0.0, 'pitch': 0.0, 'last_fix_time': datetime.datetime(2021, 7, 29, 3, 1, 32), 'speed': None, 'rudder': 0, 'datum': (42.3, -71.1)}
2021-07-29 04:01:34,103 [INFO] Received from Frontseat: [b'$BFNVG,030131.90,4218.003785,N,07105.994582,W,0,10.0,1.0,35.6,0.0,0.0,030131.90*62', b'$BFNVG,030132.24,4218.003904,N,07105.994473,W,0,10.0,1.0,35.5,0.0,0.0,030132.24*69', b'$BFNVG,030132.60,4218.004028,N,07105.994360,W,0,10.0,1.0,35.4,0.0,0.0,030132.60*6D', b'$BFNVG,030132.95,4218.004149,N,07105.994251,W,0,10.0,1.0,35.3,0.0,0.0,030132.95*6F']
2021-07-29 04:01:34,104 [INFO] AUV state: {'position': (8.08792012091726, 7.483626667410135), 'latlon': (42.30006915, -71.09990418333334), 'heading': 35.3, 'depth': 1.0, 'altitude': 10.0, 'roll': 0.0, 'pitch': 0.0, 'last_fix_time': datetime.datetime(2021, 7, 29, 3, 1, 32), 'speed': None, 'rudder': 0, 'datum': (42.3, -71.1)}
2021-07-29 04:01:34,407 [INFO] **** [(-10.034916829444947, -8.748630884858178)] [(8.150824609262393, -9.672209130416759), (20.213795434773846, -5.353295030740454)]
2021-07-29 04:01:34,409 [INFO] Next green buoy: [(-10.034916829444947, -8.748630884858178)], next red buoy: [(8.150824609262393, -9.672209130416759), (20.213795434773846, -5.353295030740454)]
2021-07-29 04:01:34,410 [INFO] Desired_heading: 34.35795388990872
2021-07-29 04:01:34,410 [INFO] delta angle: -0.354980349415257
2021-07-29 04:01:34,410 [INFO] sending message $BPRMB,030135.03,0.354980349415257,1,0,750,0,1*5b
...
2021-07-29 04:01:35,412 [INFO] sending message $BPSTS,030135.41,1,BWSI Autonomy OK*45
...
2021-07-29 04:01:35,413 [INFO] Processing: $BFNVG,030133.30,4218.004270,N,07105.994141,W,0,10.0,1.0,35.2,0.0,0.0,030133.30*65
2021-07-29 04:01:35,419 [INFO] Interpreted as: {'position': (8.24457281024661, 7.703831635415554), 'latlon': (42.30007116666667, -71.09990235), 'heading': 35.2, 'depth': 1.0, 'altitude': 10.0, 'roll': 0.0, 'pitch': 0.0, 'last_fix_time': datetime.datetime(2021, 7, 29, 3, 1, 33), 'speed': None, 'rudder': 0, 'datum': (42.3, -71.1)}
2021-07-29 04:01:35,420 [INFO] Processing: $BFNVG,030133.67,4218.004397,N,07105.994027,W,0,10.0,1.0,35.1,0.0,0.0,030133.67*6F
2021-07-29 04:01:35,422 [INFO] Interpreted as: {'position': (8.406995018653106, 7.935005174018443), 'latlon': (42.30007328333333, -71.09990045), 'heading': 35.1, 'depth': 1.0, 'altitude': 10.0, 'roll': 0.0, 'pitch': 0.0, 'last_fix_time': datetime.datetime(2021, 7, 29, 3, 1, 33), 'speed': None, 'rudder': 0, 'datum': (42.3, -71.1)}
2021-07-29 04:01:35,422 [INFO] Processing: $BFNVG,030134.02,4218.004519,N,07105.993918,W,0,10.0,1.0,35.1,0.0,0.0,030134.02*6D
2021-07-29 04:01:35,424 [INFO] Interpreted as: {'position': (8.562319480406586, 8.157094749622047), 'latlon': (42.300075316666664, -71.09989863333334), 'heading': 35.1, 'depth': 1.0, 'altitude': 10.0, 'roll': 0.0, 'pitch': 0.0, 'last_fix_time': datetime.datetime(2021, 7, 29, 3, 1, 34), 'speed': None, 'rudder': 0, 'datum': (42.3, -71.1)}
2021-07-29 04:01:35,425 [INFO] Processing: $BFNVG,030134.37,4218.004640,N,07105.993809,W,0,10.0,1.0,35.1,0.0,0.0,030134.37*63
2021-07-29 04:01:35,427 [INFO] Interpreted as: {'position': (8.717598262883257, 8.37733363173902), 'latlon': (42.300077333333334, -71.09989681666667), 'heading': 35.1, 'depth': 1.0, 'altitude': 10.0, 'roll': 0.0, 'pitch': 0.0, 'last_fix_time': datetime.datetime(2021, 7, 29, 3, 1, 34), 'speed': None, 'rudder': 0, 'datum': (42.3, -71.1)}
2021-07-29 04:01:35,428 [INFO] Received from Frontseat: [b'$BFNVG,030133.30,4218.004270,N,07105.994141,W,0,10.0,1.0,35.2,0.0,0.0,030133.30*65', b'$BFNVG,030133.67,4218.004397,N,07105.994027,W,0,10.0,1.0,35.1,0.0,0.0,030133.67*6F', b'$BFNVG,030134.02,4218.004519,N,07105.993918,W,0,10.0,1.0,35.1,0.0,0.0,030134.02*6D', b'$BFNVG,030134.37,4218.004640,N,07105.993809,W,0,10.0,1.0,35.1,0.0,0.0,030134.37*63']
2021-07-29 04:01:35,429 [INFO] AUV state: {'position': (8.717598262883257, 8.37733363173902), 'latlon': (42.300077333333334, -71.09989681666667), 'heading': 35.1, 'depth': 1.0, 'altitude': 10.0, 'roll': 0.0, 'pitch': 0.0, 'last_fix_time': datetime.datetime(2021, 7, 29, 3, 1, 34), 'speed': None, 'rudder': 0, 'datum': (42.3, -71.1)}
2021-07-29 04:01:35,732 [INFO] **** [(-11.624989299333583, -10.307201962138116)] [(10.050795034266098, -11.718605899682974), (22.37844769666526, -5.8962061934001), (-11.33711349265531, -10.291577413997906)]
2021-07-29 04:01:35,734 [INFO] Next green buoy: [(-11.624989299333583, -10.307201962138116)], next red buoy: [(10.050795034266098, -11.718605899682974), (22.37844769666526, -5.8962061934001), (-11.33711349265531, -10.291577413997906)]
2021-07-29 04:01:35,735 [INFO] Desired_heading: 34.312902867466256
2021-07-29 04:01:35,735 [INFO] delta angle: -0.24780875841713623
2021-07-29 04:01:35,736 [INFO] sending message $BPRMB,030135.78,0.24780875841713623,1,0,750,0,1*56
...
2021-07-29 04:01:36,737 [INFO] sending message $BPSTS,030136.73,1,BWSI Autonomy OK*47
...
2021-07-29 04:01:36,739 [INFO] Processing: $BFNVG,030134.72,4218.004761,N,07105.993700,W,0,10.0,1.0,35.0,0.0,0.0,030134.72*66
2021-07-29 04:01:36,741 [INFO] Interpreted as: {'position': (8.872877033776604, 8.597572514787316), 'latlon': (42.30007935, -71.099895), 'heading': 35.0, 'depth': 1.0, 'altitude': 10.0, 'roll': 0.0, 'pitch': 0.0, 'last_fix_time': datetime.datetime(2021, 7, 29, 3, 1, 34), 'speed': None, 'rudder': 0, 'datum': (42.3, -71.1)}
2021-07-29 04:01:36,742 [INFO] Processing: $BFNVG,030135.07,4218.004883,N,07105.993592,W,0,10.0,1.0,35.0,0.0,0.0,030135.07*6C
2021-07-29 04:01:36,744 [INFO] Interpreted as: {'position': (9.026827589259483, 8.81969600263983), 'latlon': (42.300081383333335, -71.0998932), 'heading': 35.0, 'depth': 1.0, 'altitude': 10.0, 'roll': 0.0, 'pitch': 0.0, 'last_fix_time': datetime.datetime(2021, 7, 29, 3, 1, 35), 'speed': None, 'rudder': 0, 'datum': (42.3, -71.1)}
2021-07-29 04:01:36,745 [INFO] Processing: $BFNVG,030135.42,4218.005004,N,07105.993483,W,0,10.0,1.0,35.0,0.0,0.0,030135.42*6B
2021-07-29 04:01:36,747 [INFO] Interpreted as: {'position': (9.18210634146817, 9.039934893138707), 'latlon': (42.3000834, -71.09989138333333), 'heading': 35.0, 'depth': 1.0, 'altitude': 10.0, 'roll': 0.0, 'pitch': 0.0, 'last_fix_time': datetime.datetime(2021, 7, 29, 3, 1, 35), 'speed': None, 'rudder': 0, 'datum': (42.3, -71.1)}
2021-07-29 04:01:36,748 [INFO] Received from Frontseat: [b'$BFNVG,030134.72,4218.004761,N,07105.993700,W,0,10.0,1.0,35.0,0.0,0.0,030134.72*66', b'$BFNVG,030135.07,4218.004883,N,07105.993592,W,0,10.0,1.0,35.0,0.0,0.0,030135.07*6C', b'$BFNVG,030135.42,4218.005004,N,07105.993483,W,0,10.0,1.0,35.0,0.0,0.0,030135.42*6B']
2021-07-29 04:01:36,749 [INFO] AUV state: {'position': (9.18210634146817, 9.039934893138707), 'latlon': (42.3000834, -71.09989138333333), 'heading': 35.0, 'depth': 1.0, 'altitude': 10.0, 'roll': 0.0, 'pitch': 0.0, 'last_fix_time': datetime.datetime(2021, 7, 29, 3, 1, 35), 'speed': None, 'rudder': 0, 'datum': (42.3, -71.1)}
2021-07-29 04:01:37,056 [INFO] **** [(-13.33102773999478, -11.922611427126387)] [(11.930051702409683, -13.78060200338883), (24.145406670283183, -6.428247522768215)]
2021-07-29 04:01:37,058 [INFO] Next green buoy: [(-13.33102773999478, -11.922611427126387)], next red buoy: [(11.930051702409683, -13.78060200338883), (24.145406670283183, -6.428247522768215)]
2021-07-29 04:01:37,059 [INFO] Desired_heading: 34.29951198120745
2021-07-29 04:01:37,059 [INFO] delta angle: -0.19627338578874287
2021-07-29 04:01:37,060 [INFO] sending message $BPRMB,030137.68,0.19627338578874287,1,0,750,0,1*56
...
2021-07-29 04:01:38,062 [INFO] sending message $BPSTS,030138.06,1,BWSI Autonomy OK*4b
...
2021-07-29 04:01:38,064 [INFO] Processing: $BFNVG,030135.77,4218.005126,N,07105.993375,W,0,10.0,1.0,35.0,0.0,0.0,030135.77*64
2021-07-29 04:01:38,066 [INFO] Interpreted as: {'position': (9.33605687826639, 9.262058388441801), 'latlon': (42.30008543333334, -71.09988958333334), 'heading': 35.0, 'depth': 1.0, 'altitude': 10.0, 'roll': 0.0, 'pitch': 0.0, 'last_fix_time': datetime.datetime(2021, 7, 29, 3, 1, 35), 'speed': None, 'rudder': 0, 'datum': (42.3, -71.1)}
2021-07-29 04:01:38,068 [INFO] Processing: $BFNVG,030136.12,4218.005247,N,07105.993267,W,0,10.0,1.0,34.9,0.0,0.0,030136.12*6A
2021-07-29 04:01:38,070 [INFO] Interpreted as: {'position': (9.489961735962424, 9.482331187464297), 'latlon': (42.30008745, -71.09988778333333), 'heading': 34.9, 'depth': 1.0, 'altitude': 10.0, 'roll': 0.0, 'pitch': 0.0, 'last_fix_time': datetime.datetime(2021, 7, 29, 3, 1, 36), 'speed': None, 'rudder': 0, 'datum': (42.3, -71.1)}
2021-07-29 04:01:38,072 [INFO] Processing: $BFNVG,030136.47,4218.005370,N,07105.993156,W,0,10.0,1.0,34.9,0.0,0.0,030136.47*6E
2021-07-29 04:01:38,075 [INFO] Interpreted as: {'position': (9.64807955303695, 9.706203675828874), 'latlon': (42.3000895, -71.09988593333334), 'heading': 34.9, 'depth': 1.0, 'altitude': 10.0, 'roll': 0.0, 'pitch': 0.0, 'last_fix_time': datetime.datetime(2021, 7, 29, 3, 1, 36), 'speed': None, 'rudder': 0, 'datum': (42.3, -71.1)}
2021-07-29 04:01:38,076 [INFO] Processing: $BFNVG,030136.82,4218.005491,N,07105.993049,W,0,10.0,1.0,34.9,0.0,0.0,030136.82*69
2021-07-29 04:01:38,079 [INFO] Interpreted as: {'position': (9.800610514183063, 9.926510385237634), 'latlon': (42.30009151666667, -71.09988415), 'heading': 34.9, 'depth': 1.0, 'altitude': 10.0, 'roll': 0.0, 'pitch': 0.0, 'last_fix_time': datetime.datetime(2021, 7, 29, 3, 1, 36), 'speed': None, 'rudder': 0, 'datum': (42.3, -71.1)}
2021-07-29 04:01:38,080 [INFO] Received from Frontseat: [b'$BFNVG,030135.77,4218.005126,N,07105.993375,W,0,10.0,1.0,35.0,0.0,0.0,030135.77*64', b'$BFNVG,030136.12,4218.005247,N,07105.993267,W,0,10.0,1.0,34.9,0.0,0.0,030136.12*6A', b'$BFNVG,030136.47,4218.005370,N,07105.993156,W,0,10.0,1.0,34.9,0.0,0.0,030136.47*6E', b'$BFNVG,030136.82,4218.005491,N,07105.993049,W,0,10.0,1.0,34.9,0.0,0.0,030136.82*69']
2021-07-29 04:01:38,082 [INFO] AUV state: {'position': (9.800610514183063, 9.926510385237634), 'latlon': (42.30009151666667, -71.09988415), 'heading': 34.9, 'depth': 1.0, 'altitude': 10.0, 'roll': 0.0, 'pitch': 0.0, 'last_fix_time': datetime.datetime(2021, 7, 29, 3, 1, 36), 'speed': None, 'rudder': 0, 'datum': (42.3, -71.1)}
2021-07-29 04:01:38,436 [INFO] **** [(-16.584914546184553, -15.051767380266122), (17.10184602848176, -6.28909213675913)] [(15.688105868308297, -18.089951577407767)]
2021-07-29 04:01:38,438 [INFO] Next green buoy: [(-16.584914546184553, -15.051767380266122), (17.10184602848176, -6.28909213675913)], next red buoy: [(15.688105868308297, -18.089951577407767)]
2021-07-29 04:01:38,438 [INFO] Desired_heading: 34.45159566106187
2021-07-29 04:01:38,439 [INFO] delta angle: -0.08042658047139639
2021-07-29 04:01:38,439 [INFO] sending message $BPRMB,030138.43,0.08042658047139639,1,0,750,0,1*5e
...
2021-07-29 04:01:39,441 [INFO] sending message $BPSTS,030139.44,1,BWSI Autonomy OK*4c
...
2021-07-29 04:01:39,442 [INFO] Processing: $BFNVG,030137.17,4218.005612,N,07105.992941,W,0,10.0,1.0,34.9,0.0,0.0,030137.17*60
2021-07-29 04:01:39,444 [INFO] Interpreted as: {'position': (9.954515343823005, 10.146783194504678), 'latlon': (42.30009353333333, -71.09988235), 'heading': 34.9, 'depth': 1.0, 'altitude': 10.0, 'roll': 0.0, 'pitch': 0.0, 'last_fix_time': datetime.datetime(2021, 7, 29, 3, 1, 37), 'speed': None, 'rudder': 0, 'datum': (42.3, -71.1)}
2021-07-29 04:01:39,444 [INFO] Processing: $BFNVG,030137.52,4218.005734,N,07105.992832,W,0,10.0,1.0,34.9,0.0,0.0,030137.52*60
2021-07-29 04:01:39,446 [INFO] Interpreted as: {'position': (10.109839711571112, 10.368872802704573), 'latlon': (42.30009556666667, -71.09988053333333), 'heading': 34.9, 'depth': 1.0, 'altitude': 10.0, 'roll': 0.0, 'pitch': 0.0, 'last_fix_time': datetime.datetime(2021, 7, 29, 3, 1, 37), 'speed': None, 'rudder': 0, 'datum': (42.3, -71.1)}
2021-07-29 04:01:39,447 [INFO] Processing: $BFNVG,030137.87,4218.005856,N,07105.992723,W,0,10.0,1.0,34.9,0.0,0.0,030137.87*64
2021-07-29 04:01:39,449 [INFO] Interpreted as: {'position': (10.265164067677688, 10.590962412767112), 'latlon': (42.3000976, -71.09987871666667), 'heading': 34.9, 'depth': 1.0, 'altitude': 10.0, 'roll': 0.0, 'pitch': 0.0, 'last_fix_time': datetime.datetime(2021, 7, 29, 3, 1, 37), 'speed': None, 'rudder': 0, 'datum': (42.3, -71.1)}
2021-07-29 04:01:39,449 [INFO] Processing: $BFNVG,030138.22,4218.005979,N,07105.992614,W,0,10.0,1.0,34.8,0.0,0.0,030138.22*6C
2021-07-29 04:01:39,452 [INFO] Interpreted as: {'position': (10.420534083794337, 10.81490272283554), 'latlon': (42.30009965, -71.0998769), 'heading': 34.8, 'depth': 1.0, 'altitude': 10.0, 'roll': 0.0, 'pitch': 0.0, 'last_fix_time': datetime.datetime(2021, 7, 29, 3, 1, 38), 'speed': None, 'rudder': 0, 'datum': (42.3, -71.1)}
2021-07-29 04:01:39,452 [INFO] Received from Frontseat: [b'$BFNVG,030137.17,4218.005612,N,07105.992941,W,0,10.0,1.0,34.9,0.0,0.0,030137.17*60', b'$BFNVG,030137.52,4218.005734,N,07105.992832,W,0,10.0,1.0,34.9,0.0,0.0,030137.52*60', b'$BFNVG,030137.87,4218.005856,N,07105.992723,W,0,10.0,1.0,34.9,0.0,0.0,030137.87*64', b'$BFNVG,030138.22,4218.005979,N,07105.992614,W,0,10.0,1.0,34.8,0.0,0.0,030138.22*6C']
2021-07-29 04:01:39,453 [INFO] AUV state: {'position': (10.420534083794337, 10.81490272283554), 'latlon': (42.30009965, -71.0998769), 'heading': 34.8, 'depth': 1.0, 'altitude': 10.0, 'roll': 0.0, 'pitch': 0.0, 'last_fix_time': datetime.datetime(2021, 7, 29, 3, 1, 38), 'speed': None, 'rudder': 0, 'datum': (42.3, -71.1)}
2021-07-29 04:01:39,794 [INFO] **** [(-21.895829007913036, -20.06154943516503), (19.184408171123973, -7.014341645195847)] [(22.453067902887128, -23.96919933123821)]
2021-07-29 04:01:39,796 [INFO] Next green buoy: [(-21.895829007913036, -20.06154943516503), (19.184408171123973, -7.014341645195847)], next red buoy: [(22.453067902887128, -23.96919933123821)]
2021-07-29 04:01:39,797 [INFO] Desired_heading: 35.07861944748704
2021-07-29 04:01:39,797 [INFO] delta angle: 0.03105151860719462
2021-07-29 04:01:39,797 [INFO] sending message $BPRMB,030140.44,-0.03105151860719462,1,0,750,0,1*79
...
2021-07-29 04:01:40,799 [INFO] sending message $BPSTS,030140.79,1,BWSI Autonomy OK*4c
...
2021-07-29 04:01:40,800 [INFO] Processing: $BFNVG,030138.57,4218.006101,N,07105.992506,W,0,10.0,1.0,34.8,0.0,0.0,030138.57*68
2021-07-29 04:01:40,802 [INFO] Interpreted as: {'position': (10.574484545504674, 11.037026243284345), 'latlon': (42.30010168333333, -71.0998751), 'heading': 34.8, 'depth': 1.0, 'altitude': 10.0, 'roll': 0.0, 'pitch': 0.0, 'last_fix_time': datetime.datetime(2021, 7, 29, 3, 1, 38), 'speed': None, 'rudder': 0, 'datum': (42.3, -71.1)}
2021-07-29 04:01:40,803 [INFO] Processing: $BFNVG,030138.92,4218.006223,N,07105.992398,W,0,10.0,1.0,34.8,0.0,0.0,030138.92*6A
2021-07-29 04:01:40,805 [INFO] Interpreted as: {'position': (10.728434997901786, 11.259149766527116), 'latlon': (42.30010371666667, -71.0998733), 'heading': 34.8, 'depth': 1.0, 'altitude': 10.0, 'roll': 0.0, 'pitch': 0.0, 'last_fix_time': datetime.datetime(2021, 7, 29, 3, 1, 38), 'speed': None, 'rudder': 0, 'datum': (42.3, -71.1)}
2021-07-29 04:01:40,806 [INFO] Processing: $BFNVG,030139.27,4218.006344,N,07105.992290,W,0,10.0,1.0,34.8,0.0,0.0,030139.27*63
2021-07-29 04:01:40,809 [INFO] Interpreted as: {'position': (10.882339769334067, 11.479422595351934), 'latlon': (42.30010573333333, -71.0998715), 'heading': 34.8, 'depth': 1.0, 'altitude': 10.0, 'roll': 0.0, 'pitch': 0.0, 'last_fix_time': datetime.datetime(2021, 7, 29, 3, 1, 39), 'speed': None, 'rudder': 0, 'datum': (42.3, -71.1)}
2021-07-29 04:01:40,810 [INFO] Processing: $BFNVG,030139.63,4218.006469,N,07105.992179,W,0,10.0,1.0,34.8,0.0,0.0,030139.63*6F
2021-07-29 04:01:40,812 [INFO] Interpreted as: {'position': (11.040548841352575, 11.706996505148709), 'latlon': (42.30010781666667, -71.09986965), 'heading': 34.8, 'depth': 1.0, 'altitude': 10.0, 'roll': 0.0, 'pitch': 0.0, 'last_fix_time': datetime.datetime(2021, 7, 29, 3, 1, 39), 'speed': None, 'rudder': 0, 'datum': (42.3, -71.1)}
2021-07-29 04:01:40,813 [INFO] Received from Frontseat: [b'$BFNVG,030138.57,4218.006101,N,07105.992506,W,0,10.0,1.0,34.8,0.0,0.0,030138.57*68', b'$BFNVG,030138.92,4218.006223,N,07105.992398,W,0,10.0,1.0,34.8,0.0,0.0,030138.92*6A', b'$BFNVG,030139.27,4218.006344,N,07105.992290,W,0,10.0,1.0,34.8,0.0,0.0,030139.27*63', b'$BFNVG,030139.63,4218.006469,N,07105.992179,W,0,10.0,1.0,34.8,0.0,0.0,030139.63*6F']
2021-07-29 04:01:40,814 [INFO] AUV state: {'position': (11.040548841352575, 11.706996505148709), 'latlon': (42.30010781666667, -71.09986965), 'heading': 34.8, 'depth': 1.0, 'altitude': 10.0, 'roll': 0.0, 'pitch': 0.0, 'last_fix_time': datetime.datetime(2021, 7, 29, 3, 1, 39), 'speed': None, 'rudder': 0, 'datum': (42.3, -71.1)}
2021-07-29 04:01:41,123 [INFO] **** [(21.534351113548954, -8.003188700566017)] []
2021-07-29 04:01:41,125 [INFO] Next green buoy: [(21.534351113548954, -8.003188700566017)], next red buoy: []
2021-07-29 04:01:41,125 [INFO] Desired_heading: 56.33435111354895
2021-07-29 04:01:41,126 [INFO] delta angle: -25
2021-07-29 04:01:41,126 [INFO] sending message $BPRMB,030141.15,25,1,0,750,0,1*7b
...
2021-07-29 04:01:42,128 [INFO] sending message $BPSTS,030142.12,1,BWSI Autonomy OK*43
...
2021-07-29 04:01:42,129 [INFO] Processing: $BFNVG,030139.99,4218.006594,N,07105.992068,W,0,10.0,1.0,34.8,0.0,0.0,030139.99*6D
2021-07-29 04:01:42,131 [INFO] Interpreted as: {'position': (11.198757905513048, 11.934570421464741), 'latlon': (42.3001099, -71.0998678), 'heading': 34.8, 'depth': 1.0, 'altitude': 10.0, 'roll': 0.0, 'pitch': 0.0, 'last_fix_time': datetime.datetime(2021, 7, 29, 3, 1, 39), 'speed': None, 'rudder': 0, 'datum': (42.3, -71.1)}
2021-07-29 04:01:42,132 [INFO] Processing: $BFNVG,030140.35,4218.006719,N,07105.991957,W,0,10.0,1.0,34.8,0.0,0.0,030140.35*6C
2021-07-29 04:01:42,134 [INFO] Interpreted as: {'position': (11.356966959836427, 12.162144340574741), 'latlon': (42.30011198333333, -71.09986595), 'heading': 34.8, 'depth': 1.0, 'altitude': 10.0, 'roll': 0.0, 'pitch': 0.0, 'last_fix_time': datetime.datetime(2021, 7, 29, 3, 1, 40), 'speed': None, 'rudder': 0, 'datum': (42.3, -71.1)}
2021-07-29 04:01:42,134 [INFO] Processing: $BFNVG,030140.71,4218.006843,N,07105.991846,W,0,10.0,1.0,34.8,0.0,0.0,030140.71*6D
2021-07-29 04:01:42,136 [INFO] Interpreted as: {'position': (11.515130333020352, 12.387867564335465), 'latlon': (42.30011405, -71.0998641), 'heading': 34.8, 'depth': 1.0, 'altitude': 10.0, 'roll': 0.0, 'pitch': 0.0, 'last_fix_time': datetime.datetime(2021, 7, 29, 3, 1, 40), 'speed': None, 'rudder': 0, 'datum': (42.3, -71.1)}
2021-07-29 04:01:42,137 [INFO] Processing: $BFNVG,030141.07,4218.006970,N,07105.991734,W,0,10.0,1.0,34.8,0.0,0.0,030141.07*66
2021-07-29 04:01:42,138 [INFO] Interpreted as: {'position': (11.674804581212811, 12.619108981452882), 'latlon': (42.30011616666667, -71.09986223333334), 'heading': 34.8, 'depth': 1.0, 'altitude': 10.0, 'roll': 0.0, 'pitch': 0.0, 'last_fix_time': datetime.datetime(2021, 7, 29, 3, 1, 41), 'speed': None, 'rudder': 0, 'datum': (42.3, -71.1)}
2021-07-29 04:01:42,139 [INFO] Received from Frontseat: [b'$BFNVG,030139.99,4218.006594,N,07105.992068,W,0,10.0,1.0,34.8,0.0,0.0,030139.99*6D', b'$BFNVG,030140.35,4218.006719,N,07105.991957,W,0,10.0,1.0,34.8,0.0,0.0,030140.35*6C', b'$BFNVG,030140.71,4218.006843,N,07105.991846,W,0,10.0,1.0,34.8,0.0,0.0,030140.71*6D', b'$BFNVG,030141.07,4218.006970,N,07105.991734,W,0,10.0,1.0,34.8,0.0,0.0,030141.07*66']
2021-07-29 04:01:42,140 [INFO] AUV state: {'position': (11.674804581212811, 12.619108981452882), 'latlon': (42.30011616666667, -71.09986223333334), 'heading': 34.8, 'depth': 1.0, 'altitude': 10.0, 'roll': 0.0, 'pitch': 0.0, 'last_fix_time': datetime.datetime(2021, 7, 29, 3, 1, 41), 'speed': None, 'rudder': 0, 'datum': (42.3, -71.1)}
2021-07-29 04:01:42,452 [INFO] **** [(24.740047579467042, -9.173523640011993)] []
2021-07-29 04:01:42,454 [INFO] Next green buoy: [(24.740047579467042, -9.173523640011993)], next red buoy: []
2021-07-29 04:01:42,454 [INFO] Desired_heading: 59.54004757946704
2021-07-29 04:01:42,454 [INFO] delta angle: -25
2021-07-29 04:01:42,455 [INFO] sending message $BPRMB,030143.10,25,1,0,750,0,1*7c
...
2021-07-29 04:01:43,456 [INFO] sending message $BPSTS,030143.45,1,BWSI Autonomy OK*40
...
2021-07-29 04:01:43,457 [INFO] Processing: $BFNVG,030141.42,4218.007092,N,07105.991625,W,0,10.0,1.0,34.8,0.0,0.0,030141.42*63
2021-07-29 04:01:43,459 [INFO] Interpreted as: {'position': (11.830128844012506, 12.841198622249067), 'latlon': (42.3001182, -71.09986041666667), 'heading': 34.8, 'depth': 1.0, 'altitude': 10.0, 'roll': 0.0, 'pitch': 0.0, 'last_fix_time': datetime.datetime(2021, 7, 29, 3, 1, 41), 'speed': None, 'rudder': 0, 'datum': (42.3, -71.1)}
2021-07-29 04:01:43,460 [INFO] Processing: $BFNVG,030141.89,4218.007256,N,07105.991486,W,0,10.0,1.0,32.6,0.0,0.0,030141.89*6A
2021-07-29 04:01:43,462 [INFO] Interpreted as: {'position': (12.028587515058462, 13.140000464394689), 'latlon': (42.30012093333333, -71.0998581), 'heading': 32.6, 'depth': 1.0, 'altitude': 10.0, 'roll': 0.0, 'pitch': 0.0, 'last_fix_time': datetime.datetime(2021, 7, 29, 3, 1, 41), 'speed': None, 'rudder': 0, 'datum': (42.3, -71.1)}
2021-07-29 04:01:43,463 [INFO] Processing: $BFNVG,030142.30,4218.007404,N,07105.991369,W,0,10.0,1.0,30.7,0.0,0.0,030142.30*6E
2021-07-29 04:01:43,465 [INFO] Interpreted as: {'position': (12.19609016861068, 13.409937016665936), 'latlon': (42.3001234, -71.09985615), 'heading': 30.7, 'depth': 1.0, 'altitude': 10.0, 'roll': 0.0, 'pitch': 0.0, 'last_fix_time': datetime.datetime(2021, 7, 29, 3, 1, 42), 'speed': None, 'rudder': 0, 'datum': (42.3, -71.1)}
2021-07-29 04:01:43,466 [INFO] Received from Frontseat: [b'$BFNVG,030141.42,4218.007092,N,07105.991625,W,0,10.0,1.0,34.8,0.0,0.0,030141.42*63', b'$BFNVG,030141.89,4218.007256,N,07105.991486,W,0,10.0,1.0,32.6,0.0,0.0,030141.89*6A', b'$BFNVG,030142.30,4218.007404,N,07105.991369,W,0,10.0,1.0,30.7,0.0,0.0,030142.30*6E']
2021-07-29 04:01:43,467 [INFO] AUV state: {'position': (12.19609016861068, 13.409937016665936), 'latlon': (42.3001234, -71.09985615), 'heading': 30.7, 'depth': 1.0, 'altitude': 10.0, 'roll': 0.0, 'pitch': 0.0, 'last_fix_time': datetime.datetime(2021, 7, 29, 3, 1, 42), 'speed': None, 'rudder': 0, 'datum': (42.3, -71.1)}
2021-07-29 04:01:43,773 [INFO] **** [] []
2021-07-29 04:01:43,775 [INFO] Next green buoy: [], next red buoy: []
2021-07-29 04:01:43,776 [INFO] Desired_heading: 30.7
2021-07-29 04:01:43,776 [INFO] delta angle: 0.0
2021-07-29 04:01:43,777 [INFO] sending message $BPRMB,030143.80,-0.0,1,0,750,0,1*71
...
2021-07-29 04:01:44,778 [INFO] sending message $BPSTS,030144.77,1,BWSI Autonomy OK*46
...
2021-07-29 04:01:44,780 [INFO] Processing: $BFNVG,030142.65,4218.007533,N,07105.991275,W,0,10.0,1.0,29.1,0.0,0.0,030142.65*69
2021-07-29 04:01:44,782 [INFO] Interpreted as: {'position': (12.331125924014486, 13.64549009129405), 'latlon': (42.30012555, -71.09985458333334), 'heading': 29.1, 'depth': 1.0, 'altitude': 10.0, 'roll': 0.0, 'pitch': 0.0, 'last_fix_time': datetime.datetime(2021, 7, 29, 3, 1, 42), 'speed': None, 'rudder': 0, 'datum': (42.3, -71.1)}
2021-07-29 04:01:44,783 [INFO] Processing: $BFNVG,030142.99,4218.007659,N,07105.991189,W,0,10.0,1.0,27.5,0.0,0.0,030142.99*6C
2021-07-29 04:01:44,785 [INFO] Interpreted as: {'position': (12.455033647653181, 13.875762298703194), 'latlon': (42.30012765, -71.09985315), 'heading': 27.5, 'depth': 1.0, 'altitude': 10.0, 'roll': 0.0, 'pitch': 0.0, 'last_fix_time': datetime.datetime(2021, 7, 29, 3, 1, 42), 'speed': None, 'rudder': 0, 'datum': (42.3, -71.1)}
2021-07-29 04:01:44,785 [INFO] Processing: $BFNVG,030143.33,4218.007787,N,07105.991108,W,0,10.0,1.0,25.9,0.0,0.0,030143.33*69
2021-07-29 04:01:44,787 [INFO] Interpreted as: {'position': (12.572163318865933, 14.109905414283276), 'latlon': (42.30012978333333, -71.0998518), 'heading': 25.9, 'depth': 1.0, 'altitude': 10.0, 'roll': 0.0, 'pitch': 0.0, 'last_fix_time': datetime.datetime(2021, 7, 29, 3, 1, 43), 'speed': None, 'rudder': 0, 'datum': (42.3, -71.1)}
2021-07-29 04:01:44,788 [INFO] Processing: $BFNVG,030143.67,4218.007917,N,07105.991031,W,0,10.0,1.0,24.3,0.0,0.0,030143.67*6E
2021-07-29 04:01:44,790 [INFO] Interpreted as: {'position': (12.683888810919598, 14.347885536961257), 'latlon': (42.30013195, -71.09985051666666), 'heading': 24.3, 'depth': 1.0, 'altitude': 10.0, 'roll': 0.0, 'pitch': 0.0, 'last_fix_time': datetime.datetime(2021, 7, 29, 3, 1, 43), 'speed': None, 'rudder': 0, 'datum': (42.3, -71.1)}
2021-07-29 04:01:44,791 [INFO] Received from Frontseat: [b'$BFNVG,030142.65,4218.007533,N,07105.991275,W,0,10.0,1.0,29.1,0.0,0.0,030142.65*69', b'$BFNVG,030142.99,4218.007659,N,07105.991189,W,0,10.0,1.0,27.5,0.0,0.0,030142.99*6C', b'$BFNVG,030143.33,4218.007787,N,07105.991108,W,0,10.0,1.0,25.9,0.0,0.0,030143.33*69', b'$BFNVG,030143.67,4218.007917,N,07105.991031,W,0,10.0,1.0,24.3,0.0,0.0,030143.67*6E']
2021-07-29 04:01:44,792 [INFO] AUV state: {'position': (12.683888810919598, 14.347885536961257), 'latlon': (42.30013195, -71.09985051666666), 'heading': 24.3, 'depth': 1.0, 'altitude': 10.0, 'roll': 0.0, 'pitch': 0.0, 'last_fix_time': datetime.datetime(2021, 7, 29, 3, 1, 43), 'speed': None, 'rudder': 0, 'datum': (42.3, -71.1)}
2021-07-29 04:01:45,098 [INFO] **** [] []
2021-07-29 04:01:45,100 [INFO] Next green buoy: [], next red buoy: []
2021-07-29 04:01:45,100 [INFO] Desired_heading: 24.3
2021-07-29 04:01:45,101 [INFO] delta angle: 0.0
2021-07-29 04:01:45,101 [INFO] sending message $BPRMB,030145.74,-0.0,1,0,750,0,1*7c
...
2021-07-29 04:01:46,103 [INFO] sending message $BPSTS,030146.10,1,BWSI Autonomy OK*45
...
2021-07-29 04:01:46,104 [INFO] Processing: $BFNVG,030144.01,4218.008048,N,07105.990960,W,0,10.0,1.0,22.7,0.0,0.0,030144.01*6C
2021-07-29 04:01:46,110 [INFO] Interpreted as: {'position': (12.787416703591589, 14.587919772602618), 'latlon': (42.30013413333333, -71.09984933333334), 'heading': 22.7, 'depth': 1.0, 'altitude': 10.0, 'roll': 0.0, 'pitch': 0.0, 'last_fix_time': datetime.datetime(2021, 7, 29, 3, 1, 44), 'speed': None, 'rudder': 0, 'datum': (42.3, -71.1)}
2021-07-29 04:01:46,111 [INFO] Processing: $BFNVG,030144.35,4218.008180,N,07105.990890,W,0,10.0,1.0,22.7,0.0,0.0,030144.35*67
2021-07-29 04:01:46,113 [INFO] Interpreted as: {'position': (12.889616381842643, 14.829838612116873), 'latlon': (42.300136333333334, -71.09984816666666), 'heading': 22.7, 'depth': 1.0, 'altitude': 10.0, 'roll': 0.0, 'pitch': 0.0, 'last_fix_time': datetime.datetime(2021, 7, 29, 3, 1, 44), 'speed': None, 'rudder': 0, 'datum': (42.3, -71.1)}
2021-07-29 04:01:46,114 [INFO] Processing: $BFNVG,030144.69,4218.008314,N,07105.990820,W,0,10.0,1.0,22.7,0.0,0.0,030144.69*63
2021-07-29 04:01:46,116 [INFO] Interpreted as: {'position': (12.991907391347922, 15.075458845123649), 'latlon': (42.30013856666667, -71.099847), 'heading': 22.7, 'depth': 1.0, 'altitude': 10.0, 'roll': 0.0, 'pitch': 0.0, 'last_fix_time': datetime.datetime(2021, 7, 29, 3, 1, 44), 'speed': None, 'rudder': 0, 'datum': (42.3, -71.1)}
2021-07-29 04:01:46,118 [INFO] Processing: $BFNVG,030145.03,4218.008446,N,07105.990751,W,0,10.0,1.0,22.7,0.0,0.0,030145.03*6A
2021-07-29 04:01:46,120 [INFO] Interpreted as: {'position': (13.092733179917559, 15.317411587573588), 'latlon': (42.300140766666665, -71.09984585), 'heading': 22.7, 'depth': 1.0, 'altitude': 10.0, 'roll': 0.0, 'pitch': 0.0, 'last_fix_time': datetime.datetime(2021, 7, 29, 3, 1, 45), 'speed': None, 'rudder': 0, 'datum': (42.3, -71.1)}
2021-07-29 04:01:46,121 [INFO] Received from Frontseat: [b'$BFNVG,030144.01,4218.008048,N,07105.990960,W,0,10.0,1.0,22.7,0.0,0.0,030144.01*6C', b'$BFNVG,030144.35,4218.008180,N,07105.990890,W,0,10.0,1.0,22.7,0.0,0.0,030144.35*67', b'$BFNVG,030144.69,4218.008314,N,07105.990820,W,0,10.0,1.0,22.7,0.0,0.0,030144.69*63', b'$BFNVG,030145.03,4218.008446,N,07105.990751,W,0,10.0,1.0,22.7,0.0,0.0,030145.03*6A']
2021-07-29 04:01:46,122 [INFO] AUV state: {'position': (13.092733179917559, 15.317411587573588), 'latlon': (42.300140766666665, -71.09984585), 'heading': 22.7, 'depth': 1.0, 'altitude': 10.0, 'roll': 0.0, 'pitch': 0.0, 'last_fix_time': datetime.datetime(2021, 7, 29, 3, 1, 45), 'speed': None, 'rudder': 0, 'datum': (42.3, -71.1)}
2021-07-29 04:01:46,429 [INFO] **** [] []
2021-07-29 04:01:46,431 [INFO] Next green buoy: [], next red buoy: []
2021-07-29 04:01:46,432 [INFO] Desired_heading: 22.7
2021-07-29 04:01:46,432 [INFO] delta angle: 0.0
2021-07-29 04:01:46,432 [INFO] sending message $BPRMB,030146.45,-0.0,1,0,750,0,1*7d
...
2021-07-29 04:01:47,434 [INFO] sending message $BPSTS,030147.43,1,BWSI Autonomy OK*42
...
2021-07-29 04:01:47,435 [INFO] Processing: $BFNVG,030145.37,4218.008578,N,07105.990681,W,0,10.0,1.0,22.7,0.0,0.0,030145.37*6A
2021-07-29 04:01:47,437 [INFO] Interpreted as: {'position': (13.194932838901877, 15.559330431744456), 'latlon': (42.30014296666667, -71.09984468333333), 'heading': 22.7, 'depth': 1.0, 'altitude': 10.0, 'roll': 0.0, 'pitch': 0.0, 'last_fix_time': datetime.datetime(2021, 7, 29, 3, 1, 45), 'speed': None, 'rudder': 0, 'datum': (42.3, -71.1)}
2021-07-29 04:01:47,437 [INFO] Processing: $BFNVG,030145.71,4218.008710,N,07105.990612,W,0,10.0,1.0,22.7,0.0,0.0,030145.71*6C
2021-07-29 04:01:47,439 [INFO] Interpreted as: {'position': (13.295758614607621, 15.801283176988363), 'latlon': (42.30014516666667, -71.09984353333333), 'heading': 22.7, 'depth': 1.0, 'altitude': 10.0, 'roll': 0.0, 'pitch': 0.0, 'last_fix_time': datetime.datetime(2021, 7, 29, 3, 1, 45), 'speed': None, 'rudder': 0, 'datum': (42.3, -71.1)}
2021-07-29 04:01:47,440 [INFO] Processing: $BFNVG,030146.05,4218.008841,N,07105.990544,W,0,10.0,1.0,22.7,0.0,0.0,030146.05*67
2021-07-29 04:01:47,443 [INFO] Interpreted as: {'position': (13.395164838759229, 16.041419129818678), 'latlon': (42.30014735, -71.0998424), 'heading': 22.7, 'depth': 1.0, 'altitude': 10.0, 'roll': 0.0, 'pitch': 0.0, 'last_fix_time': datetime.datetime(2021, 7, 29, 3, 1, 46), 'speed': None, 'rudder': 0, 'datum': (42.3, -71.1)}
2021-07-29 04:01:47,444 [INFO] Processing: $BFNVG,030146.39,4218.008972,N,07105.990475,W,0,10.0,1.0,22.7,0.0,0.0,030146.39*65
2021-07-29 04:01:47,446 [INFO] Interpreted as: {'position': (13.49594493303448, 16.281521181575954), 'latlon': (42.30014953333333, -71.09984125), 'heading': 22.7, 'depth': 1.0, 'altitude': 10.0, 'roll': 0.0, 'pitch': 0.0, 'last_fix_time': datetime.datetime(2021, 7, 29, 3, 1, 46), 'speed': None, 'rudder': 0, 'datum': (42.3, -71.1)}
2021-07-29 04:01:47,447 [INFO] Received from Frontseat: [b'$BFNVG,030145.37,4218.008578,N,07105.990681,W,0,10.0,1.0,22.7,0.0,0.0,030145.37*6A', b'$BFNVG,030145.71,4218.008710,N,07105.990612,W,0,10.0,1.0,22.7,0.0,0.0,030145.71*6C', b'$BFNVG,030146.05,4218.008841,N,07105.990544,W,0,10.0,1.0,22.7,0.0,0.0,030146.05*67', b'$BFNVG,030146.39,4218.008972,N,07105.990475,W,0,10.0,1.0,22.7,0.0,0.0,030146.39*65']
2021-07-29 04:01:47,448 [INFO] AUV state: {'position': (13.49594493303448, 16.281521181575954), 'latlon': (42.30014953333333, -71.09984125), 'heading': 22.7, 'depth': 1.0, 'altitude': 10.0, 'roll': 0.0, 'pitch': 0.0, 'last_fix_time': datetime.datetime(2021, 7, 29, 3, 1, 46), 'speed': None, 'rudder': 0, 'datum': (42.3, -71.1)}
2021-07-29 04:01:47,735 [INFO] **** [] []
2021-07-29 04:01:47,737 [INFO] Next green buoy: [], next red buoy: []
2021-07-29 04:01:47,737 [INFO] Desired_heading: 22.7
2021-07-29 04:01:47,738 [INFO] delta angle: 0.0
2021-07-29 04:01:47,738 [INFO] sending message $BPRMB,030148.41,-0.0,1,0,750,0,1*77
...
