2021-07-28 23:17:53,350 [INFO] host = 192.168.1.213, port = 29500
2021-07-28 23:17:55,370 [INFO] sending message $BPLOG,ACK,ON*1e
...
2021-07-28 23:17:55,372 [INFO] sending message $BPLOG,ALL,ON*16
...
2021-07-28 23:17:55,373 [INFO] sending message $BPSTS,221755.37,1,BWSI Autonomy OK*46
...
2021-07-28 23:17:55,374 [INFO] Received from Frontseat: []
2021-07-28 23:17:55,374 [INFO] AUV state: {'position': (None, None), 'latlon': None, 'heading': None, 'depth': None, 'altitude': None, 'roll': None, 'pitch': None, 'last_fix_time': None, 'speed': None, 'rudder': 0}
2021-07-28 23:17:56,376 [INFO] sending message $BPSTS,221756.37,1,BWSI Autonomy OK*45
...
2021-07-28 23:17:56,378 [INFO] Processing: $BFNVG,221754.90,4218.000000,N,07106.000000,W,0,10.0,1.0,45.0,0.0,0.0,221754.90*62
2021-07-28 23:17:56,380 [INFO] Interpreted as: {'position': (0, 0), 'latlon': (42.3, -71.1), 'heading': 45.0, 'depth': 1.0, 'altitude': 10.0, 'roll': 0.0, 'pitch': 0.0, 'last_fix_time': datetime.datetime(2021, 7, 28, 22, 17, 54), 'speed': None, 'rudder': 0, 'datum': (42.3, -71.1)}
2021-07-28 23:17:56,381 [INFO] Processing: $BFNVG,221755.15,4218.000000,N,07106.000000,W,0,10.0,1.0,45.0,0.0,0.0,221755.15*62
2021-07-28 23:17:56,384 [INFO] Interpreted as: {'position': (0.0, 0.0), 'latlon': (42.3, -71.1), 'heading': 45.0, 'depth': 1.0, 'altitude': 10.0, 'roll': 0.0, 'pitch': 0.0, 'last_fix_time': datetime.datetime(2021, 7, 28, 22, 17, 55), 'speed': None, 'rudder': 0, 'datum': (42.3, -71.1)}
2021-07-28 23:17:56,384 [INFO] Processing: $BFNVG,221755.40,4218.000000,N,07106.000000,W,0,10.0,1.0,45.0,0.0,0.0,221755.40*62
2021-07-28 23:17:56,386 [INFO] Interpreted as: {'position': (0.0, 0.0), 'latlon': (42.3, -71.1), 'heading': 45.0, 'depth': 1.0, 'altitude': 10.0, 'roll': 0.0, 'pitch': 0.0, 'last_fix_time': datetime.datetime(2021, 7, 28, 22, 17, 55), 'speed': None, 'rudder': 0, 'datum': (42.3, -71.1)}
2021-07-28 23:17:56,387 [INFO] Processing: $BFNVG,221755.65,4218.000000,N,07106.000000,W,0,10.0,1.0,45.0,0.0,0.0,221755.65*62
2021-07-28 23:17:56,389 [INFO] Interpreted as: {'position': (0.0, 0.0), 'latlon': (42.3, -71.1), 'heading': 45.0, 'depth': 1.0, 'altitude': 10.0, 'roll': 0.0, 'pitch': 0.0, 'last_fix_time': datetime.datetime(2021, 7, 28, 22, 17, 55), 'speed': None, 'rudder': 0, 'datum': (42.3, -71.1)}
2021-07-28 23:17:56,390 [INFO] Received from Frontseat: [b'$BFNVG,221754.90,4218.000000,N,07106.000000,W,0,10.0,1.0,45.0,0.0,0.0,221754.90*62', b'$BFNVG,221755.15,4218.000000,N,07106.000000,W,0,10.0,1.0,45.0,0.0,0.0,221755.15*62', b'$BFNVG,221755.40,4218.000000,N,07106.000000,W,0,10.0,1.0,45.0,0.0,0.0,221755.40*62', b'$BFNVG,221755.65,4218.000000,N,07106.000000,W,0,10.0,1.0,45.0,0.0,0.0,221755.65*62']
2021-07-28 23:17:56,391 [INFO] AUV state: {'position': (0.0, 0.0), 'latlon': (42.3, -71.1), 'heading': 45.0, 'depth': 1.0, 'altitude': 10.0, 'roll': 0.0, 'pitch': 0.0, 'last_fix_time': datetime.datetime(2021, 7, 28, 22, 17, 55), 'speed': None, 'rudder': 0, 'datum': (42.3, -71.1)}
2021-07-28 23:17:56,704 [INFO] **** [(-0.21993023293121178, -7.6862156757158235)] [(15.437560812208067, -7.329055330858309)]
2021-07-28 23:17:56,706 [INFO] Next green buoy: [(-0.21993023293121178, -7.6862156757158235)], next red buoy: [(15.437560812208067, -7.329055330858309)]
2021-07-28 23:17:56,707 [INFO] Desired_heading: 52.60881528963843
2021-07-28 23:17:56,707 [INFO] delta angle: 8.424711597961833
2021-07-28 23:17:56,708 [INFO] sending message $BPRMB,221757.36,-8.424711597961833,1,0,750,0,1*7d
...
2021-07-28 23:17:57,709 [INFO] sending message $BPSTS,221757.70,1,BWSI Autonomy OK*47
...
2021-07-28 23:17:57,711 [INFO] Processing: $BFNVG,221756.07,4218.000000,N,07106.000000,W,0,10.0,1.0,45.0,0.0,0.0,221756.07*62
2021-07-28 23:17:57,713 [INFO] Interpreted as: {'position': (0.0, 0.0), 'latlon': (42.3, -71.1), 'heading': 45.0, 'depth': 1.0, 'altitude': 10.0, 'roll': 0.0, 'pitch': 0.0, 'last_fix_time': datetime.datetime(2021, 7, 28, 22, 17, 56), 'speed': None, 'rudder': 0, 'datum': (42.3, -71.1)}
2021-07-28 23:17:57,714 [INFO] Processing: $BFNVG,221756.43,4218.000000,N,07106.000000,W,0,10.0,1.0,45.0,0.0,0.0,221756.43*62
2021-07-28 23:17:57,716 [INFO] Interpreted as: {'position': (0.0, 0.0), 'latlon': (42.3, -71.1), 'heading': 45.0, 'depth': 1.0, 'altitude': 10.0, 'roll': 0.0, 'pitch': 0.0, 'last_fix_time': datetime.datetime(2021, 7, 28, 22, 17, 56), 'speed': None, 'rudder': 0, 'datum': (42.3, -71.1)}
2021-07-28 23:17:57,717 [INFO] Received from Frontseat: [b'$BFNVG,221756.07,4218.000000,N,07106.000000,W,0,10.0,1.0,45.0,0.0,0.0,221756.07*62', b'$BFNVG,221756.43,4218.000000,N,07106.000000,W,0,10.0,1.0,45.0,0.0,0.0,221756.43*62']
2021-07-28 23:17:57,717 [INFO] AUV state: {'position': (0.0, 0.0), 'latlon': (42.3, -71.1), 'heading': 45.0, 'depth': 1.0, 'altitude': 10.0, 'roll': 0.0, 'pitch': 0.0, 'last_fix_time': datetime.datetime(2021, 7, 28, 22, 17, 56), 'speed': None, 'rudder': 0, 'datum': (42.3, -71.1)}
2021-07-28 23:17:58,047 [INFO] **** [(-0.22035521470194389, -7.708961974233651)] [(15.437560812208067, -7.333901112744751)]
2021-07-28 23:17:58,049 [INFO] Next green buoy: [(-0.22035521470194389, -7.708961974233651)], next red buoy: [(15.437560812208067, -7.333901112744751)]
2021-07-28 23:17:58,050 [INFO] Desired_heading: 52.60860279875306
2021-07-28 23:17:58,050 [INFO] delta angle: 8.42441750352844
2021-07-28 23:17:58,050 [INFO] sending message $BPRMB,221758.05,-8.42441750352844,1,0,750,0,1*43
...
2021-07-28 23:17:59,052 [INFO] sending message $BPSTS,221759.05,1,BWSI Autonomy OK*4b
...
2021-07-28 23:17:59,053 [INFO] Processing: $BFNVG,221756.79,4218.000000,N,07106.000000,W,0,10.0,1.0,45.0,0.0,0.0,221756.79*62
2021-07-28 23:17:59,055 [INFO] Interpreted as: {'position': (0.0, 0.0), 'latlon': (42.3, -71.1), 'heading': 45.0, 'depth': 1.0, 'altitude': 10.0, 'roll': 0.0, 'pitch': 0.0, 'last_fix_time': datetime.datetime(2021, 7, 28, 22, 17, 56), 'speed': None, 'rudder': 0, 'datum': (42.3, -71.1)}
2021-07-28 23:17:59,056 [INFO] Processing: $BFNVG,221757.15,4218.000109,N,07105.999858,W,0,10.0,1.0,45.6,0.0,0.0,221757.15*63
2021-07-28 23:17:59,058 [INFO] Interpreted as: {'position': (0.20006918674334884, 0.1969114737585187), 'latlon': (42.300001816666665, -71.09999763333333), 'heading': 45.6, 'depth': 1.0, 'altitude': 10.0, 'roll': 0.0, 'pitch': 0.0, 'last_fix_time': datetime.datetime(2021, 7, 28, 22, 17, 57), 'speed': None, 'rudder': 0, 'datum': (42.3, -71.1)}
2021-07-28 23:17:59,060 [INFO] Processing: $BFNVG,221757.50,4218.000215,N,07105.999719,W,0,10.0,1.0,46.1,0.0,0.0,221757.50*63
2021-07-28 23:17:59,062 [INFO] Interpreted as: {'position': (0.39587970939464867, 0.3883725740015507), 'latlon': (42.300003583333336, -71.09999531666666), 'heading': 46.1, 'depth': 1.0, 'altitude': 10.0, 'roll': 0.0, 'pitch': 0.0, 'last_fix_time': datetime.datetime(2021, 7, 28, 22, 17, 57), 'speed': None, 'rudder': 0, 'datum': (42.3, -71.1)}
2021-07-28 23:17:59,063 [INFO] Processing: $BFNVG,221757.86,4218.000319,N,07105.999578,W,0,10.0,1.0,46.7,0.0,0.0,221757.86*6D
2021-07-28 23:17:59,065 [INFO] Interpreted as: {'position': (0.5943466388853267, 0.5760644758120179), 'latlon': (42.30000531666666, -71.09999296666666), 'heading': 46.7, 'depth': 1.0, 'altitude': 10.0, 'roll': 0.0, 'pitch': 0.0, 'last_fix_time': datetime.datetime(2021, 7, 28, 22, 17, 57), 'speed': None, 'rudder': 0, 'datum': (42.3, -71.1)}
2021-07-28 23:17:59,065 [INFO] Received from Frontseat: [b'$BFNVG,221756.79,4218.000000,N,07106.000000,W,0,10.0,1.0,45.0,0.0,0.0,221756.79*62', b'$BFNVG,221757.15,4218.000109,N,07105.999858,W,0,10.0,1.0,45.6,0.0,0.0,221757.15*63', b'$BFNVG,221757.50,4218.000215,N,07105.999719,W,0,10.0,1.0,46.1,0.0,0.0,221757.50*63', b'$BFNVG,221757.86,4218.000319,N,07105.999578,W,0,10.0,1.0,46.7,0.0,0.0,221757.86*6D']
2021-07-28 23:17:59,066 [INFO] AUV state: {'position': (0.5943466388853267, 0.5760644758120179), 'latlon': (42.30000531666666, -71.09999296666666), 'heading': 46.7, 'depth': 1.0, 'altitude': 10.0, 'roll': 0.0, 'pitch': 0.0, 'last_fix_time': datetime.datetime(2021, 7, 28, 22, 17, 57), 'speed': None, 'rudder': 0, 'datum': (42.3, -71.1)}
2021-07-28 23:17:59,389 [INFO] **** [(-2.2541444595868723, -8.604481593092654)] [(15.212238758689793, -8.242677651540918)]
2021-07-28 23:17:59,391 [INFO] Next green buoy: [(-2.2541444595868723, -8.604481593092654)], next red buoy: [(15.212238758689793, -8.242677651540918)]
2021-07-28 23:17:59,392 [INFO] Desired_heading: 53.179047149551465
2021-07-28 23:17:59,392 [INFO] delta angle: 6.891244620569959
2021-07-28 23:17:59,392 [INFO] sending message $BPRMB,221800.05,-6.891244620569959,1,0,750,0,1*7f
...
2021-07-28 23:18:00,394 [INFO] sending message $BPSTS,221800.39,1,BWSI Autonomy OK*47
...
2021-07-28 23:18:00,396 [INFO] Processing: $BFNVG,221758.21,4218.000423,N,07105.999435,W,0,10.0,1.0,47.3,0.0,0.0,221758.21*6E
2021-07-28 23:18:00,403 [INFO] Interpreted as: {'position': (0.7955613131634891, 0.7636885717511177), 'latlon': (42.30000705, -71.09999058333334), 'heading': 47.3, 'depth': 1.0, 'altitude': 10.0, 'roll': 0.0, 'pitch': 0.0, 'last_fix_time': datetime.datetime(2021, 7, 28, 22, 17, 58), 'speed': None, 'rudder': 0, 'datum': (42.3, -71.1)}
2021-07-28 23:18:00,405 [INFO] Processing: $BFNVG,221758.57,4218.000525,N,07105.999292,W,0,10.0,1.0,47.8,0.0,0.0,221758.57*69
2021-07-28 23:18:00,407 [INFO] Interpreted as: {'position': (0.9966846351744607, 0.9476112825796008), 'latlon': (42.30000875, -71.0999882), 'heading': 47.8, 'depth': 1.0, 'altitude': 10.0, 'roll': 0.0, 'pitch': 0.0, 'last_fix_time': datetime.datetime(2021, 7, 28, 22, 17, 58), 'speed': None, 'rudder': 0, 'datum': (42.3, -71.1)}
2021-07-28 23:18:00,408 [INFO] Processing: $BFNVG,221758.92,4218.000627,N,07105.999147,W,0,10.0,1.0,48.4,0.0,0.0,221758.92*60
2021-07-28 23:18:00,410 [INFO] Interpreted as: {'position': (1.2005557058146223, 1.1314661866053939), 'latlon': (42.30001045, -71.09998578333334), 'heading': 48.4, 'depth': 1.0, 'altitude': 10.0, 'roll': 0.0, 'pitch': 0.0, 'last_fix_time': datetime.datetime(2021, 7, 28, 22, 17, 58), 'speed': None, 'rudder': 0, 'datum': (42.3, -71.1)}
2021-07-28 23:18:00,411 [INFO] Processing: $BFNVG,221759.28,4218.000729,N,07105.998998,W,0,10.0,1.0,48.9,0.0,0.0,221759.28*69
2021-07-28 23:18:00,413 [INFO] Interpreted as: {'position': (1.4099222840741277, 1.3151854779571295), 'latlon': (42.30001215, -71.0999833), 'heading': 48.9, 'depth': 1.0, 'altitude': 10.0, 'roll': 0.0, 'pitch': 0.0, 'last_fix_time': datetime.datetime(2021, 7, 28, 22, 17, 59), 'speed': None, 'rudder': 0, 'datum': (42.3, -71.1)}
2021-07-28 23:18:00,415 [INFO] Received from Frontseat: [b'$BFNVG,221758.21,4218.000423,N,07105.999435,W,0,10.0,1.0,47.3,0.0,0.0,221758.21*6E', b'$BFNVG,221758.57,4218.000525,N,07105.999292,W,0,10.0,1.0,47.8,0.0,0.0,221758.57*69', b'$BFNVG,221758.92,4218.000627,N,07105.999147,W,0,10.0,1.0,48.4,0.0,0.0,221758.92*60', b'$BFNVG,221759.28,4218.000729,N,07105.998998,W,0,10.0,1.0,48.9,0.0,0.0,221759.28*69']
2021-07-28 23:18:00,416 [INFO] AUV state: {'position': (1.4099222840741277, 1.3151854779571295), 'latlon': (42.30001215, -71.0999833), 'heading': 48.9, 'depth': 1.0, 'altitude': 10.0, 'roll': 0.0, 'pitch': 0.0, 'last_fix_time': datetime.datetime(2021, 7, 28, 22, 17, 59), 'speed': None, 'rudder': 0, 'datum': (42.3, -71.1)}
2021-07-28 23:18:00,749 [INFO] **** [(-5.280105747097268, -10.086499002710188)] [(15.255194644515605, -9.56722366406055)]
2021-07-28 23:18:00,751 [INFO] Next green buoy: [(-5.280105747097268, -10.086499002710188)], next red buoy: [(15.255194644515605, -9.56722366406055)]
2021-07-28 23:18:00,751 [INFO] Desired_heading: 53.887544448709164
2021-07-28 23:18:00,752 [INFO] delta angle: 4.968979612330972
2021-07-28 23:18:00,752 [INFO] sending message $BPRMB,221800.73,-4.968979612330972,1,0,750,0,1*7c
...
2021-07-28 23:18:01,754 [INFO] sending message $BPSTS,221801.75,1,BWSI Autonomy OK*4e
...
2021-07-28 23:18:01,755 [INFO] Processing: $BFNVG,221759.64,4218.000829,N,07105.998850,W,0,10.0,1.0,49.5,0.0,0.0,221759.64*6E
2021-07-28 23:18:01,757 [INFO] Interpreted as: {'position': (1.6178236305713654, 1.495237285271287), 'latlon': (42.30001381666667, -71.09998083333333), 'heading': 49.5, 'depth': 1.0, 'altitude': 10.0, 'roll': 0.0, 'pitch': 0.0, 'last_fix_time': datetime.datetime(2021, 7, 28, 22, 17, 59), 'speed': None, 'rudder': 0, 'datum': (42.3, -71.1)}
2021-07-28 23:18:01,758 [INFO] Processing: $BFNVG,221800.00,4218.000927,N,07105.998701,W,0,10.0,1.0,50.0,0.0,0.0,221800.00*67
2021-07-28 23:18:01,760 [INFO] Interpreted as: {'position': (1.8270075005711988, 1.6715537989512086), 'latlon': (42.30001545, -71.09997835), 'heading': 50.0, 'depth': 1.0, 'altitude': 10.0, 'roll': 0.0, 'pitch': 0.0, 'last_fix_time': datetime.datetime(2021, 7, 28, 22, 18), 'speed': None, 'rudder': 0, 'datum': (42.3, -71.1)}
2021-07-28 23:18:01,763 [INFO] Processing: $BFNVG,221800.35,4218.001025,N,07105.998550,W,0,10.0,1.0,50.4,0.0,0.0,221800.35*6F
2021-07-28 23:18:01,765 [INFO] Interpreted as: {'position': (2.038939119083807, 1.8478025095537305), 'latlon': (42.30001708333333, -71.09997583333333), 'heading': 50.4, 'depth': 1.0, 'altitude': 10.0, 'roll': 0.0, 'pitch': 0.0, 'last_fix_time': datetime.datetime(2021, 7, 28, 22, 18), 'speed': None, 'rudder': 0, 'datum': (42.3, -71.1)}
2021-07-28 23:18:01,767 [INFO] Processing: $BFNVG,221800.71,4218.001122,N,07105.998399,W,0,10.0,1.0,50.9,0.0,0.0,221800.71*67
2021-07-28 23:18:01,769 [INFO] Interpreted as: {'position': (2.2508250573882833, 2.0222005313262343), 'latlon': (42.3000187, -71.09997331666666), 'heading': 50.9, 'depth': 1.0, 'altitude': 10.0, 'roll': 0.0, 'pitch': 0.0, 'last_fix_time': datetime.datetime(2021, 7, 28, 22, 18), 'speed': None, 'rudder': 0, 'datum': (42.3, -71.1)}
2021-07-28 23:18:01,770 [INFO] Received from Frontseat: [b'$BFNVG,221759.64,4218.000829,N,07105.998850,W,0,10.0,1.0,49.5,0.0,0.0,221759.64*6E', b'$BFNVG,221800.00,4218.000927,N,07105.998701,W,0,10.0,1.0,50.0,0.0,0.0,221800.00*67', b'$BFNVG,221800.35,4218.001025,N,07105.998550,W,0,10.0,1.0,50.4,0.0,0.0,221800.35*6F', b'$BFNVG,221800.71,4218.001122,N,07105.998399,W,0,10.0,1.0,50.9,0.0,0.0,221800.71*67']
2021-07-28 23:18:01,771 [INFO] AUV state: {'position': (2.2508250573882833, 2.0222005313262343), 'latlon': (42.3000187, -71.09997331666666), 'heading': 50.9, 'depth': 1.0, 'altitude': 10.0, 'roll': 0.0, 'pitch': 0.0, 'last_fix_time': datetime.datetime(2021, 7, 28, 22, 18), 'speed': None, 'rudder': 0, 'datum': (42.3, -71.1)}
2021-07-28 23:18:02,110 [INFO] **** [(-8.95226639155331, -12.317601512306986)] [(15.90906264294533, -11.613279099912077)]
2021-07-28 23:18:02,112 [INFO] Next green buoy: [(-8.95226639155331, -12.317601512306986)], next red buoy: [(15.90906264294533, -11.613279099912077)]
2021-07-28 23:18:02,113 [INFO] Desired_heading: 54.37839812569601
2021-07-28 23:18:02,113 [INFO] delta angle: 3.166889072114763
2021-07-28 23:18:02,114 [INFO] sending message $BPRMB,221802.77,-3.166889072114763,1,0,750,0,1*7f
...
2021-07-28 23:18:03,116 [INFO] sending message $BPSTS,221803.11,1,BWSI Autonomy OK*4e
...
2021-07-28 23:18:03,117 [INFO] Processing: $BFNVG,221801.06,4218.001217,N,07105.998247,W,0,10.0,1.0,51.4,0.0,0.0,221801.06*6C
2021-07-28 23:18:03,119 [INFO] Interpreted as: {'position': (2.4639935195446014, 2.1928632594645023), 'latlon': (42.30002028333333, -71.09997078333333), 'heading': 51.4, 'depth': 1.0, 'altitude': 10.0, 'roll': 0.0, 'pitch': 0.0, 'last_fix_time': datetime.datetime(2021, 7, 28, 22, 18, 1), 'speed': None, 'rudder': 0, 'datum': (42.3, -71.1)}
2021-07-28 23:18:03,121 [INFO] Processing: $BFNVG,221801.42,4218.001312,N,07105.998095,W,0,10.0,1.0,51.7,0.0,0.0,221801.42*66
2021-07-28 23:18:03,123 [INFO] Interpreted as: {'position': (2.6771619713981636, 2.3635259931907058), 'latlon': (42.30002186666667, -71.09996825), 'heading': 51.7, 'depth': 1.0, 'altitude': 10.0, 'roll': 0.0, 'pitch': 0.0, 'last_fix_time': datetime.datetime(2021, 7, 28, 22, 18, 1), 'speed': None, 'rudder': 0, 'datum': (42.3, -71.1)}
2021-07-28 23:18:03,124 [INFO] Processing: $BFNVG,221801.77,4218.001407,N,07105.997940,W,0,10.0,1.0,52.0,0.0,0.0,221801.77*6F
2021-07-28 23:18:03,126 [INFO] Interpreted as: {'position': (2.8944520506775007, 2.534087018109858), 'latlon': (42.30002345, -71.09996566666666), 'heading': 52.0, 'depth': 1.0, 'altitude': 10.0, 'roll': 0.0, 'pitch': 0.0, 'last_fix_time': datetime.datetime(2021, 7, 28, 22, 18, 1), 'speed': None, 'rudder': 0, 'datum': (42.3, -71.1)}
2021-07-28 23:18:03,127 [INFO] Received from Frontseat: [b'$BFNVG,221801.06,4218.001217,N,07105.998247,W,0,10.0,1.0,51.4,0.0,0.0,221801.06*6C', b'$BFNVG,221801.42,4218.001312,N,07105.998095,W,0,10.0,1.0,51.7,0.0,0.0,221801.42*66', b'$BFNVG,221801.77,4218.001407,N,07105.997940,W,0,10.0,1.0,52.0,0.0,0.0,221801.77*6F']
2021-07-28 23:18:03,127 [INFO] AUV state: {'position': (2.8944520506775007, 2.534087018109858), 'latlon': (42.30002345, -71.09996566666666), 'heading': 52.0, 'depth': 1.0, 'altitude': 10.0, 'roll': 0.0, 'pitch': 0.0, 'last_fix_time': datetime.datetime(2021, 7, 28, 22, 18, 1), 'speed': None, 'rudder': 0, 'datum': (42.3, -71.1)}
2021-07-28 23:18:03,477 [INFO] **** [(-12.0470076514507, -14.714543730237876)] [(17.403401732757874, -13.527806438226225), (-8.127133883084982, -4.482847578532451)]
2021-07-28 23:18:03,479 [INFO] Next green buoy: [(-12.0470076514507, -14.714543730237876)], next red buoy: [(17.403401732757874, -13.527806438226225), (-8.127133883084982, -4.482847578532451)]
2021-07-28 23:18:03,480 [INFO] Desired_heading: 54.678197040653586
2021-07-28 23:18:03,480 [INFO] delta angle: 2.2840830882388583
2021-07-28 23:18:03,481 [INFO] sending message $BPRMB,221803.46,-2.2840830882388583,1,0,750,0,1*4c
...
2021-07-28 23:18:04,482 [INFO] sending message $BPSTS,221804.48,1,BWSI Autonomy OK*45
...
2021-07-28 23:18:04,484 [INFO] Processing: $BFNVG,221802.13,4218.001501,N,07105.997785,W,0,10.0,1.0,52.3,0.0,0.0,221802.13*6C
2021-07-28 23:18:04,486 [INFO] Interpreted as: {'position': (3.111696448060684, 2.7027973541989923), 'latlon': (42.300025016666666, -71.09996308333334), 'heading': 52.3, 'depth': 1.0, 'altitude': 10.0, 'roll': 0.0, 'pitch': 0.0, 'last_fix_time': datetime.datetime(2021, 7, 28, 22, 18, 2), 'speed': None, 'rudder': 0, 'datum': (42.3, -71.1)}
2021-07-28 23:18:04,487 [INFO] Processing: $BFNVG,221802.49,4218.001594,N,07105.997630,W,0,10.0,1.0,52.6,0.0,0.0,221802.49*6A
2021-07-28 23:18:04,489 [INFO] Interpreted as: {'position': (3.3288951637223363, 2.8696569995954633), 'latlon': (42.300026566666666, -71.0999605), 'heading': 52.6, 'depth': 1.0, 'altitude': 10.0, 'roll': 0.0, 'pitch': 0.0, 'last_fix_time': datetime.datetime(2021, 7, 28, 22, 18, 2), 'speed': None, 'rudder': 0, 'datum': (42.3, -71.1)}
2021-07-28 23:18:04,490 [INFO] Processing: $BFNVG,221802.84,4218.001687,N,07105.997474,W,0,10.0,1.0,52.8,0.0,0.0,221802.84*67
2021-07-28 23:18:04,494 [INFO] Interpreted as: {'position': (3.5474677482852712, 3.0364827467128634), 'latlon': (42.30002811666667, -71.0999579), 'heading': 52.8, 'depth': 1.0, 'altitude': 10.0, 'roll': 0.0, 'pitch': 0.0, 'last_fix_time': datetime.datetime(2021, 7, 28, 22, 18, 2), 'speed': None, 'rudder': 0, 'datum': (42.3, -71.1)}
2021-07-28 23:18:04,495 [INFO] Processing: $BFNVG,221803.20,4218.001779,N,07105.997318,W,0,10.0,1.0,53.0,0.0,0.0,221803.20*63
2021-07-28 23:18:04,498 [INFO] Interpreted as: {'position': (3.7659946511266753, 3.2014578031376004), 'latlon': (42.30002965, -71.0999553), 'heading': 53.0, 'depth': 1.0, 'altitude': 10.0, 'roll': 0.0, 'pitch': 0.0, 'last_fix_time': datetime.datetime(2021, 7, 28, 22, 18, 3), 'speed': None, 'rudder': 0, 'datum': (42.3, -71.1)}
2021-07-28 23:18:04,499 [INFO] Received from Frontseat: [b'$BFNVG,221802.13,4218.001501,N,07105.997785,W,0,10.0,1.0,52.3,0.0,0.0,221802.13*6C', b'$BFNVG,221802.49,4218.001594,N,07105.997630,W,0,10.0,1.0,52.6,0.0,0.0,221802.49*6A', b'$BFNVG,221802.84,4218.001687,N,07105.997474,W,0,10.0,1.0,52.8,0.0,0.0,221802.84*67', b'$BFNVG,221803.20,4218.001779,N,07105.997318,W,0,10.0,1.0,53.0,0.0,0.0,221803.20*63']
2021-07-28 23:18:04,500 [INFO] AUV state: {'position': (3.7659946511266753, 3.2014578031376004), 'latlon': (42.30002965, -71.0999553), 'heading': 53.0, 'depth': 1.0, 'altitude': 10.0, 'roll': 0.0, 'pitch': 0.0, 'last_fix_time': datetime.datetime(2021, 7, 28, 22, 18, 3), 'speed': None, 'rudder': 0, 'datum': (42.3, -71.1)}
2021-07-28 23:18:04,832 [INFO] **** [(-17.46413564444051, -19.83209601929355)] [(21.218329699400794, -17.65318304711613), (-10.024700249159016, -4.918804020239562), (-17.273287848808565, -19.311591144455562)]
2021-07-28 23:18:04,834 [INFO] Next green buoy: [(-17.46413564444051, -19.83209601929355)], next red buoy: [(21.218329699400794, -17.65318304711613), (-10.024700249159016, -4.918804020239562), (-17.273287848808565, -19.311591144455562)]
2021-07-28 23:18:04,835 [INFO] Desired_heading: 54.87709702748014
2021-07-28 23:18:04,835 [INFO] delta angle: 1.4647622656444252
2021-07-28 23:18:04,835 [INFO] sending message $BPRMB,221805.50,-1.4647622656444252,1,0,750,0,1*47
...
2021-07-28 23:18:05,837 [INFO] sending message $BPSTS,221805.83,1,BWSI Autonomy OK*43
...
2021-07-28 23:18:05,839 [INFO] Processing: $BFNVG,221803.56,4218.001873,N,07105.997159,W,0,10.0,1.0,53.2,0.0,0.0,221803.56*63
2021-07-28 23:18:05,841 [INFO] Interpreted as: {'position': (3.9887345233000815, 3.3700325479730964), 'latlon': (42.30003121666667, -71.09995265), 'heading': 53.2, 'depth': 1.0, 'altitude': 10.0, 'roll': 0.0, 'pitch': 0.0, 'last_fix_time': datetime.datetime(2021, 7, 28, 22, 18, 3), 'speed': None, 'rudder': 0, 'datum': (42.3, -71.1)}
2021-07-28 23:18:05,842 [INFO] Processing: $BFNVG,221803.93,4218.001969,N,07105.996994,W,0,10.0,1.0,53.4,0.0,0.0,221803.93*67
2021-07-28 23:18:05,845 [INFO] Interpreted as: {'position': (4.219809003348928, 3.54210526868701), 'latlon': (42.300032816666665, -71.0999499), 'heading': 53.4, 'depth': 1.0, 'altitude': 10.0, 'roll': 0.0, 'pitch': 0.0, 'last_fix_time': datetime.datetime(2021, 7, 28, 22, 18, 3), 'speed': None, 'rudder': 0, 'datum': (42.3, -71.1)}
2021-07-28 23:18:05,846 [INFO] Processing: $BFNVG,221804.29,4218.002060,N,07105.996837,W,0,10.0,1.0,53.5,0.0,0.0,221804.29*6D
2021-07-28 23:18:05,849 [INFO] Interpreted as: {'position': (4.4396640826016665, 3.705195744521916), 'latlon': (42.300034333333336, -71.09994728333334), 'heading': 53.5, 'depth': 1.0, 'altitude': 10.0, 'roll': 0.0, 'pitch': 0.0, 'last_fix_time': datetime.datetime(2021, 7, 28, 22, 18, 4), 'speed': None, 'rudder': 0, 'datum': (42.3, -71.1)}
2021-07-28 23:18:05,849 [INFO] Processing: $BFNVG,221804.64,4218.002150,N,07105.996680,W,0,10.0,1.0,53.7,0.0,0.0,221804.64*6F
2021-07-28 23:18:05,852 [INFO] Interpreted as: {'position': (4.659473480773158, 3.866435529664159), 'latlon': (42.30003583333333, -71.09994466666667), 'heading': 53.7, 'depth': 1.0, 'altitude': 10.0, 'roll': 0.0, 'pitch': 0.0, 'last_fix_time': datetime.datetime(2021, 7, 28, 22, 18, 4), 'speed': None, 'rudder': 0, 'datum': (42.3, -71.1)}
2021-07-28 23:18:05,852 [INFO] Received from Frontseat: [b'$BFNVG,221803.56,4218.001873,N,07105.997159,W,0,10.0,1.0,53.2,0.0,0.0,221803.56*63', b'$BFNVG,221803.93,4218.001969,N,07105.996994,W,0,10.0,1.0,53.4,0.0,0.0,221803.93*67', b'$BFNVG,221804.29,4218.002060,N,07105.996837,W,0,10.0,1.0,53.5,0.0,0.0,221804.29*6D', b'$BFNVG,221804.64,4218.002150,N,07105.996680,W,0,10.0,1.0,53.7,0.0,0.0,221804.64*6F']
2021-07-28 23:18:05,853 [INFO] AUV state: {'position': (4.659473480773158, 3.866435529664159), 'latlon': (42.30003583333333, -71.09994466666667), 'heading': 53.7, 'depth': 1.0, 'altitude': 10.0, 'roll': 0.0, 'pitch': 0.0, 'last_fix_time': datetime.datetime(2021, 7, 28, 22, 18, 4), 'speed': None, 'rudder': 0, 'datum': (42.3, -71.1)}
2021-07-28 23:18:06,174 [INFO] **** [] [(-11.732458727114304, -5.471264567749887)]
2021-07-28 23:18:06,176 [INFO] Next green buoy: [], next red buoy: [(-11.732458727114304, -5.471264567749887)]
2021-07-28 23:18:06,176 [INFO] Desired_heading: 41.9675412728857
2021-07-28 23:18:06,177 [INFO] delta angle: -14.475882017591857
2021-07-28 23:18:06,177 [INFO] sending message $BPRMB,221806.17,14.475882017591857,1,0,750,0,1*68
...
2021-07-28 23:18:07,179 [INFO] sending message $BPSTS,221807.17,1,BWSI Autonomy OK*4c
...
2021-07-28 23:18:07,180 [INFO] Processing: $BFNVG,221805.00,4218.002241,N,07105.996521,W,0,10.0,1.0,53.8,0.0,0.0,221805.00*6B
2021-07-28 23:18:07,182 [INFO] Interpreted as: {'position': (4.882076299574692, 4.029458208940923), 'latlon': (42.30003735, -71.09994201666666), 'heading': 53.8, 'depth': 1.0, 'altitude': 10.0, 'roll': 0.0, 'pitch': 0.0, 'last_fix_time': datetime.datetime(2021, 7, 28, 22, 18, 5), 'speed': None, 'rudder': 0, 'datum': (42.3, -71.1)}
2021-07-28 23:18:07,183 [INFO] Processing: $BFNVG,221805.36,4218.002332,N,07105.996362,W,0,10.0,1.0,53.9,0.0,0.0,221805.36*6E
2021-07-28 23:18:07,185 [INFO] Interpreted as: {'position': (5.104679105919786, 4.192480897530913), 'latlon': (42.30003886666667, -71.09993936666666), 'heading': 53.9, 'depth': 1.0, 'altitude': 10.0, 'roll': 0.0, 'pitch': 0.0, 'last_fix_time': datetime.datetime(2021, 7, 28, 22, 18, 5), 'speed': None, 'rudder': 0, 'datum': (42.3, -71.1)}
2021-07-28 23:18:07,187 [INFO] Processing: $BFNVG,221805.72,4218.002425,N,07105.996198,W,0,10.0,1.0,54.0,0.0,0.0,221805.72*66
2021-07-28 23:18:07,189 [INFO] Interpreted as: {'position': (5.334242637967691, 4.359035464935005), 'latlon': (42.30004041666667, -71.09993663333333), 'heading': 54.0, 'depth': 1.0, 'altitude': 10.0, 'roll': 0.0, 'pitch': 0.0, 'last_fix_time': datetime.datetime(2021, 7, 28, 22, 18, 5), 'speed': None, 'rudder': 0, 'datum': (42.3, -71.1)}
2021-07-28 23:18:07,190 [INFO] Processing: $BFNVG,221806.08,4218.002515,N,07105.996040,W,0,10.0,1.0,54.1,0.0,0.0,221806.08*61
2021-07-28 23:18:07,192 [INFO] Interpreted as: {'position': (5.555425873608328, 4.520241373218596), 'latlon': (42.300041916666665, -71.099934), 'heading': 54.1, 'depth': 1.0, 'altitude': 10.0, 'roll': 0.0, 'pitch': 0.0, 'last_fix_time': datetime.datetime(2021, 7, 28, 22, 18, 6), 'speed': None, 'rudder': 0, 'datum': (42.3, -71.1)}
2021-07-28 23:18:07,193 [INFO] Received from Frontseat: [b'$BFNVG,221805.00,4218.002241,N,07105.996521,W,0,10.0,1.0,53.8,0.0,0.0,221805.00*6B', b'$BFNVG,221805.36,4218.002332,N,07105.996362,W,0,10.0,1.0,53.9,0.0,0.0,221805.36*6E', b'$BFNVG,221805.72,4218.002425,N,07105.996198,W,0,10.0,1.0,54.0,0.0,0.0,221805.72*66', b'$BFNVG,221806.08,4218.002515,N,07105.996040,W,0,10.0,1.0,54.1,0.0,0.0,221806.08*61']
2021-07-28 23:18:07,194 [INFO] AUV state: {'position': (5.555425873608328, 4.520241373218596), 'latlon': (42.300041916666665, -71.099934), 'heading': 54.1, 'depth': 1.0, 'altitude': 10.0, 'roll': 0.0, 'pitch': 0.0, 'last_fix_time': datetime.datetime(2021, 7, 28, 22, 18, 6), 'speed': None, 'rudder': 0, 'datum': (42.3, -71.1)}
2021-07-28 23:18:07,510 [INFO] **** [] [(-13.387130673402316, -5.983454076304717)]
2021-07-28 23:18:07,511 [INFO] Next green buoy: [], next red buoy: [(-13.387130673402316, -5.983454076304717)]
2021-07-28 23:18:07,512 [INFO] Desired_heading: 40.71286932659768
2021-07-28 23:18:07,512 [INFO] delta angle: -17.071359936589317
2021-07-28 23:18:07,513 [INFO] sending message $BPRMB,221808.18,17.071359936589317,1,0,750,0,1*6b
...
2021-07-28 23:18:08,514 [INFO] sending message $BPSTS,221808.51,1,BWSI Autonomy OK*41
...
2021-07-28 23:18:08,515 [INFO] Processing: $BFNVG,221806.43,4218.002604,N,07105.995882,W,0,10.0,1.0,54.2,0.0,0.0,221806.43*64
2021-07-28 23:18:08,517 [INFO] Interpreted as: {'position': (5.776563428458758, 4.6795965898782015), 'latlon': (42.3000434, -71.09993136666667), 'heading': 54.2, 'depth': 1.0, 'altitude': 10.0, 'roll': 0.0, 'pitch': 0.0, 'last_fix_time': datetime.datetime(2021, 7, 28, 22, 18, 6), 'speed': None, 'rudder': 0, 'datum': (42.3, -71.1)}
2021-07-28 23:18:08,518 [INFO] Processing: $BFNVG,221806.79,4218.002695,N,07105.995724,W,0,10.0,1.0,53.2,0.0,0.0,221806.79*68
2021-07-28 23:18:08,520 [INFO] Interpreted as: {'position': (5.99779231636785, 4.842653209343553), 'latlon': (42.300044916666664, -71.09992873333333), 'heading': 53.2, 'depth': 1.0, 'altitude': 10.0, 'roll': 0.0, 'pitch': 0.0, 'last_fix_time': datetime.datetime(2021, 7, 28, 22, 18, 6), 'speed': None, 'rudder': 0, 'datum': (42.3, -71.1)}
2021-07-28 23:18:08,522 [INFO] Processing: $BFNVG,221807.15,4218.002788,N,07105.995567,W,0,10.0,1.0,52.3,0.0,0.0,221807.15*60
2021-07-28 23:18:08,524 [INFO] Interpreted as: {'position': (6.217738654115237, 5.009445132687688), 'latlon': (42.300046466666664, -71.09992611666667), 'heading': 52.3, 'depth': 1.0, 'altitude': 10.0, 'roll': 0.0, 'pitch': 0.0, 'last_fix_time': datetime.datetime(2021, 7, 28, 22, 18, 7), 'speed': None, 'rudder': 0, 'datum': (42.3, -71.1)}
2021-07-28 23:18:08,526 [INFO] Processing: $BFNVG,221807.50,4218.002883,N,07105.995412,W,0,10.0,1.0,51.3,0.0,0.0,221807.50*64
2021-07-28 23:18:08,528 [INFO] Interpreted as: {'position': (6.435028564766981, 5.180006263777614), 'latlon': (42.30004805, -71.09992353333334), 'heading': 51.3, 'depth': 1.0, 'altitude': 10.0, 'roll': 0.0, 'pitch': 0.0, 'last_fix_time': datetime.datetime(2021, 7, 28, 22, 18, 7), 'speed': None, 'rudder': 0, 'datum': (42.3, -71.1)}
2021-07-28 23:18:08,529 [INFO] Received from Frontseat: [b'$BFNVG,221806.43,4218.002604,N,07105.995882,W,0,10.0,1.0,54.2,0.0,0.0,221806.43*64', b'$BFNVG,221806.79,4218.002695,N,07105.995724,W,0,10.0,1.0,53.2,0.0,0.0,221806.79*68', b'$BFNVG,221807.15,4218.002788,N,07105.995567,W,0,10.0,1.0,52.3,0.0,0.0,221807.15*60', b'$BFNVG,221807.50,4218.002883,N,07105.995412,W,0,10.0,1.0,51.3,0.0,0.0,221807.50*64']
2021-07-28 23:18:08,530 [INFO] AUV state: {'position': (6.435028564766981, 5.180006263777614), 'latlon': (42.30004805, -71.09992353333334), 'heading': 51.3, 'depth': 1.0, 'altitude': 10.0, 'roll': 0.0, 'pitch': 0.0, 'last_fix_time': datetime.datetime(2021, 7, 28, 22, 18, 7), 'speed': None, 'rudder': 0, 'datum': (42.3, -71.1)}
2021-07-28 23:18:08,833 [INFO] **** [] [(-11.833116229946743, -6.707698808759746), (-0.8127351204250307, -4.385895902868584)]
2021-07-28 23:18:08,835 [INFO] Next green buoy: [], next red buoy: [(-11.833116229946743, -6.707698808759746), (-0.8127351204250307, -4.385895902868584)]
2021-07-28 23:18:08,836 [INFO] Desired_heading: 39.46688377005326
2021-07-28 23:18:08,836 [INFO] delta angle: -14.631291197775113
2021-07-28 23:18:08,836 [INFO] sending message $BPRMB,221808.84,14.631291197775113,1,0,750,0,1*6e
...
2021-07-28 23:18:09,838 [INFO] sending message $BPSTS,221809.83,1,BWSI Autonomy OK*4f
...
2021-07-28 23:18:09,839 [INFO] Processing: $BFNVG,221807.86,4218.002979,N,07105.995261,W,0,10.0,1.0,50.3,0.0,0.0,221807.86*63
2021-07-28 23:18:09,841 [INFO] Interpreted as: {'position': (6.646868620417081, 5.352553714998066), 'latlon': (42.30004965, -71.09992101666667), 'heading': 50.3, 'depth': 1.0, 'altitude': 10.0, 'roll': 0.0, 'pitch': 0.0, 'last_fix_time': datetime.datetime(2021, 7, 28, 22, 18, 7), 'speed': None, 'rudder': 0, 'datum': (42.3, -71.1)}
2021-07-28 23:18:09,842 [INFO] Processing: $BFNVG,221808.21,4218.003078,N,07105.995112,W,0,10.0,1.0,49.2,0.0,0.0,221808.21*64
2021-07-28 23:18:09,844 [INFO] Interpreted as: {'position': (6.856097921379842, 5.530721070244908), 'latlon': (42.3000513, -71.09991853333334), 'heading': 49.2, 'depth': 1.0, 'altitude': 10.0, 'roll': 0.0, 'pitch': 0.0, 'last_fix_time': datetime.datetime(2021, 7, 28, 22, 18, 8), 'speed': None, 'rudder': 0, 'datum': (42.3, -71.1)}
2021-07-28 23:18:09,845 [INFO] Processing: $BFNVG,221808.57,4218.003178,N,07105.994966,W,0,10.0,1.0,48.1,0.0,0.0,221808.57*6D
2021-07-28 23:18:09,847 [INFO] Interpreted as: {'position': (7.061251244042069, 5.710840840823948), 'latlon': (42.30005296666667, -71.0999161), 'heading': 48.1, 'depth': 1.0, 'altitude': 10.0, 'roll': 0.0, 'pitch': 0.0, 'last_fix_time': datetime.datetime(2021, 7, 28, 22, 18, 8), 'speed': None, 'rudder': 0, 'datum': (42.3, -71.1)}
2021-07-28 23:18:09,849 [INFO] Received from Frontseat: [b'$BFNVG,221807.86,4218.002979,N,07105.995261,W,0,10.0,1.0,50.3,0.0,0.0,221807.86*63', b'$BFNVG,221808.21,4218.003078,N,07105.995112,W,0,10.0,1.0,49.2,0.0,0.0,221808.21*64', b'$BFNVG,221808.57,4218.003178,N,07105.994966,W,0,10.0,1.0,48.1,0.0,0.0,221808.57*6D']
2021-07-28 23:18:09,849 [INFO] AUV state: {'position': (7.061251244042069, 5.710840840823948), 'latlon': (42.30005296666667, -71.0999161), 'heading': 48.1, 'depth': 1.0, 'altitude': 10.0, 'roll': 0.0, 'pitch': 0.0, 'last_fix_time': datetime.datetime(2021, 7, 28, 22, 18, 8), 'speed': None, 'rudder': 0, 'datum': (42.3, -71.1)}
2021-07-28 23:18:10,153 [INFO] **** [(-22.299038921525177, -6.694800318560364)] [(-9.399560742990861, -7.39123483695551), (2.8324723981057045, -4.570422168442831)]
2021-07-28 23:18:10,155 [INFO] Next green buoy: [(-22.299038921525177, -6.694800318560364)], next red buoy: [(-9.399560742990861, -7.39123483695551), (2.8324723981057045, -4.570422168442831)]
2021-07-28 23:18:10,156 [INFO] Desired_heading: 32.25070016774198
2021-07-28 23:18:10,156 [INFO] delta angle: -21.082462796450216
2021-07-28 23:18:10,156 [INFO] sending message $BPRMB,221810.83,21.082462796450216,1,0,750,0,1*67
...
2021-07-28 23:18:11,158 [INFO] sending message $BPSTS,221811.15,1,BWSI Autonomy OK*49
...
2021-07-28 23:18:11,159 [INFO] Processing: $BFNVG,221808.93,4218.003282,N,07105.994820,W,0,10.0,1.0,46.9,0.0,0.0,221808.93*6E
2021-07-28 23:18:11,177 [INFO] Interpreted as: {'position': (7.266587237187196, 5.898363403044641), 'latlon': (42.3000547, -71.09991366666667), 'heading': 46.9, 'depth': 1.0, 'altitude': 10.0, 'roll': 0.0, 'pitch': 0.0, 'last_fix_time': datetime.datetime(2021, 7, 28, 22, 18, 8), 'speed': None, 'rudder': 0, 'datum': (42.3, -71.1)}
2021-07-28 23:18:11,177 [INFO] Processing: $BFNVG,221809.28,4218.003387,N,07105.994679,W,0,10.0,1.0,45.9,0.0,0.0,221809.28*6B
2021-07-28 23:18:11,179 [INFO] Interpreted as: {'position': (7.46509949688334, 6.087906188331544), 'latlon': (42.30005645, -71.09991131666666), 'heading': 45.9, 'depth': 1.0, 'altitude': 10.0, 'roll': 0.0, 'pitch': 0.0, 'last_fix_time': datetime.datetime(2021, 7, 28, 22, 18, 9), 'speed': None, 'rudder': 0, 'datum': (42.3, -71.1)}
2021-07-28 23:18:11,180 [INFO] Processing: $BFNVG,221809.64,4218.003495,N,07105.994538,W,0,10.0,1.0,44.9,0.0,0.0,221809.64*68
2021-07-28 23:18:11,183 [INFO] Interpreted as: {'position': (7.6637487564003095, 6.283001069910824), 'latlon': (42.30005825, -71.09990896666666), 'heading': 44.9, 'depth': 1.0, 'altitude': 10.0, 'roll': 0.0, 'pitch': 0.0, 'last_fix_time': datetime.datetime(2021, 7, 28, 22, 18, 9), 'speed': None, 'rudder': 0, 'datum': (42.3, -71.1)}
2021-07-28 23:18:11,184 [INFO] Processing: $BFNVG,221810.00,4218.003603,N,07105.994402,W,0,10.0,1.0,44.0,0.0,0.0,221810.00*64
2021-07-28 23:18:11,186 [INFO] Interpreted as: {'position': (7.855528610467445, 6.478265474550426), 'latlon': (42.30006005, -71.0999067), 'heading': 44.0, 'depth': 1.0, 'altitude': 10.0, 'roll': 0.0, 'pitch': 0.0, 'last_fix_time': datetime.datetime(2021, 7, 28, 22, 18, 10), 'speed': None, 'rudder': 0, 'datum': (42.3, -71.1)}
2021-07-28 23:18:11,187 [INFO] Received from Frontseat: [b'$BFNVG,221808.93,4218.003282,N,07105.994820,W,0,10.0,1.0,46.9,0.0,0.0,221808.93*6E', b'$BFNVG,221809.28,4218.003387,N,07105.994679,W,0,10.0,1.0,45.9,0.0,0.0,221809.28*6B', b'$BFNVG,221809.64,4218.003495,N,07105.994538,W,0,10.0,1.0,44.9,0.0,0.0,221809.64*68', b'$BFNVG,221810.00,4218.003603,N,07105.994402,W,0,10.0,1.0,44.0,0.0,0.0,221810.00*64']
2021-07-28 23:18:11,188 [INFO] AUV state: {'position': (7.855528610467445, 6.478265474550426), 'latlon': (42.30006005, -71.0999067), 'heading': 44.0, 'depth': 1.0, 'altitude': 10.0, 'roll': 0.0, 'pitch': 0.0, 'last_fix_time': datetime.datetime(2021, 7, 28, 22, 18, 10), 'speed': None, 'rudder': 0, 'datum': (42.3, -71.1)}
2021-07-28 23:18:11,512 [INFO] **** [(-20.72110282423237, -7.528855544421998)] [(-6.01797447247033, -8.462500792797716), (7.842949229991436, -5.047401479953124)]
2021-07-28 23:18:11,514 [INFO] Next green buoy: [(-20.72110282423237, -7.528855544421998)], next red buoy: [(-6.01797447247033, -8.462500792797716), (7.842949229991436, -5.047401479953124)]
2021-07-28 23:18:11,514 [INFO] Desired_heading: 30.63046135164865
2021-07-28 23:18:11,514 [INFO] delta angle: -17.04332270707596
2021-07-28 23:18:11,515 [INFO] sending message $BPRMB,221811.48,17.04332270707596,1,0,750,0,1*5b
...
2021-07-28 23:18:12,516 [INFO] sending message $BPSTS,221812.51,1,BWSI Autonomy OK*4a
...
2021-07-28 23:18:12,518 [INFO] Processing: $BFNVG,221810.35,4218.003713,N,07105.994269,W,0,10.0,1.0,43.0,0.0,0.0,221810.35*68
2021-07-28 23:18:12,520 [INFO] Interpreted as: {'position': (8.043278162949719, 6.677332989871502), 'latlon': (42.300061883333335, -71.09990448333333), 'heading': 43.0, 'depth': 1.0, 'altitude': 10.0, 'roll': 0.0, 'pitch': 0.0, 'last_fix_time': datetime.datetime(2021, 7, 28, 22, 18, 10), 'speed': None, 'rudder': 0, 'datum': (42.3, -71.1)}
2021-07-28 23:18:12,522 [INFO] Processing: $BFNVG,221810.71,4218.003825,N,07105.994139,W,0,10.0,1.0,41.6,0.0,0.0,221810.71*60
2021-07-28 23:18:12,524 [INFO] Interpreted as: {'position': (8.22699740563985, 6.880203613080084), 'latlon': (42.30006375, -71.09990231666667), 'heading': 41.6, 'depth': 1.0, 'altitude': 10.0, 'roll': 0.0, 'pitch': 0.0, 'last_fix_time': datetime.datetime(2021, 7, 28, 22, 18, 10), 'speed': None, 'rudder': 0, 'datum': (42.3, -71.1)}
2021-07-28 23:18:12,525 [INFO] Processing: $BFNVG,221811.06,4218.003939,N,07105.994011,W,0,10.0,1.0,40.2,0.0,0.0,221811.06*62
2021-07-28 23:18:12,527 [INFO] Interpreted as: {'position': (8.408060223213397, 7.086843443103135), 'latlon': (42.30006565, -71.09990018333333), 'heading': 40.2, 'depth': 1.0, 'altitude': 10.0, 'roll': 0.0, 'pitch': 0.0, 'last_fix_time': datetime.datetime(2021, 7, 28, 22, 18, 11), 'speed': None, 'rudder': 0, 'datum': (42.3, -71.1)}
2021-07-28 23:18:12,528 [INFO] Processing: $BFNVG,221811.42,4218.004056,N,07105.993888,W,0,10.0,1.0,38.8,0.0,0.0,221811.42*6F
2021-07-28 23:18:12,530 [INFO] Interpreted as: {'position': (8.582390646392014, 7.29920488409698), 'latlon': (42.3000676, -71.09989813333334), 'heading': 38.8, 'depth': 1.0, 'altitude': 10.0, 'roll': 0.0, 'pitch': 0.0, 'last_fix_time': datetime.datetime(2021, 7, 28, 22, 18, 11), 'speed': None, 'rudder': 0, 'datum': (42.3, -71.1)}
2021-07-28 23:18:12,531 [INFO] Received from Frontseat: [b'$BFNVG,221810.35,4218.003713,N,07105.994269,W,0,10.0,1.0,43.0,0.0,0.0,221810.35*68', b'$BFNVG,221810.71,4218.003825,N,07105.994139,W,0,10.0,1.0,41.6,0.0,0.0,221810.71*60', b'$BFNVG,221811.06,4218.003939,N,07105.994011,W,0,10.0,1.0,40.2,0.0,0.0,221811.06*62', b'$BFNVG,221811.42,4218.004056,N,07105.993888,W,0,10.0,1.0,38.8,0.0,0.0,221811.42*6F']
2021-07-28 23:18:12,532 [INFO] AUV state: {'position': (8.582390646392014, 7.29920488409698), 'latlon': (42.3000676, -71.09989813333334), 'heading': 38.8, 'depth': 1.0, 'altitude': 10.0, 'roll': 0.0, 'pitch': 0.0, 'last_fix_time': datetime.datetime(2021, 7, 28, 22, 18, 11), 'speed': None, 'rudder': 0, 'datum': (42.3, -71.1)}
2021-07-28 23:18:12,858 [INFO] **** [(-18.198060185030734, -8.778699379711803)] [(-0.8426524740471827, -9.888643156080668), (14.356683299402112, -5.578631913722094)]
2021-07-28 23:18:12,860 [INFO] Next green buoy: [(-18.198060185030734, -8.778699379711803)], next red buoy: [(-0.8426524740471827, -9.888643156080668), (14.356683299402112, -5.578631913722094)]
2021-07-28 23:18:12,860 [INFO] Desired_heading: 29.27964367046104
2021-07-28 23:18:12,860 [INFO] delta angle: -11.148726085832436
2021-07-28 23:18:12,861 [INFO] sending message $BPRMB,221813.55,11.148726085832436,1,0,750,0,1*61
...
2021-07-28 23:18:13,862 [INFO] sending message $BPSTS,221813.86,1,BWSI Autonomy OK*41
...
2021-07-28 23:18:13,864 [INFO] Processing: $BFNVG,221811.78,4218.004176,N,07105.993768,W,0,10.0,1.0,37.4,0.0,0.0,221811.78*6E
2021-07-28 23:18:13,865 [INFO] Interpreted as: {'position': (8.752736436203122, 7.517220132052898), 'latlon': (42.3000696, -71.09989613333333), 'heading': 37.4, 'depth': 1.0, 'altitude': 10.0, 'roll': 0.0, 'pitch': 0.0, 'last_fix_time': datetime.datetime(2021, 7, 28, 22, 18, 11), 'speed': None, 'rudder': 0, 'datum': (42.3, -71.1)}
2021-07-28 23:18:13,867 [INFO] Processing: $BFNVG,221812.14,4218.004300,N,07105.993649,W,0,10.0,1.0,36.2,0.0,0.0,221812.14*68
2021-07-28 23:18:13,868 [INFO] Interpreted as: {'position': (8.921891016885638, 7.742672074586153), 'latlon': (42.30007166666667, -71.09989415), 'heading': 36.2, 'depth': 1.0, 'altitude': 10.0, 'roll': 0.0, 'pitch': 0.0, 'last_fix_time': datetime.datetime(2021, 7, 28, 22, 18, 12), 'speed': None, 'rudder': 0, 'datum': (42.3, -71.1)}
2021-07-28 23:18:13,870 [INFO] Processing: $BFNVG,221812.50,4218.004423,N,07105.993537,W,0,10.0,1.0,35.0,0.0,0.0,221812.50*65
2021-07-28 23:18:13,871 [INFO] Interpreted as: {'position': (9.08138276997488, 7.9665106469765306), 'latlon': (42.30007371666667, -71.09989228333333), 'heading': 35.0, 'depth': 1.0, 'altitude': 10.0, 'roll': 0.0, 'pitch': 0.0, 'last_fix_time': datetime.datetime(2021, 7, 28, 22, 18, 12), 'speed': None, 'rudder': 0, 'datum': (42.3, -71.1)}
2021-07-28 23:18:13,872 [INFO] Received from Frontseat: [b'$BFNVG,221811.78,4218.004176,N,07105.993768,W,0,10.0,1.0,37.4,0.0,0.0,221811.78*6E', b'$BFNVG,221812.14,4218.004300,N,07105.993649,W,0,10.0,1.0,36.2,0.0,0.0,221812.14*68', b'$BFNVG,221812.50,4218.004423,N,07105.993537,W,0,10.0,1.0,35.0,0.0,0.0,221812.50*65']
2021-07-28 23:18:13,874 [INFO] AUV state: {'position': (9.08138276997488, 7.9665106469765306), 'latlon': (42.30007371666667, -71.09989228333333), 'heading': 35.0, 'depth': 1.0, 'altitude': 10.0, 'roll': 0.0, 'pitch': 0.0, 'last_fix_time': datetime.datetime(2021, 7, 28, 22, 18, 12), 'speed': None, 'rudder': 0, 'datum': (42.3, -71.1)}
2021-07-28 23:18:14,194 [INFO] **** [(-16.416339811111335, -9.88605116024113)] [(3.594071766272001, -11.510197063534099), (19.522855960796843, -5.988228495839825)]
2021-07-28 23:18:14,196 [INFO] Next green buoy: [(-16.416339811111335, -9.88605116024113)], next red buoy: [(3.594071766272001, -11.510197063534099), (19.522855960796843, -5.988228495839825)]
2021-07-28 23:18:14,196 [INFO] Desired_heading: 28.588865977580333
2021-07-28 23:18:14,197 [INFO] delta angle: -6.801071030165872
2021-07-28 23:18:14,197 [INFO] sending message $BPRMB,221814.17,6.801071030165872,1,0,750,0,1*5e
...
2021-07-28 23:18:15,199 [INFO] sending message $BPSTS,221815.19,1,BWSI Autonomy OK*41
...
2021-07-28 23:18:15,200 [INFO] Processing: $BFNVG,221812.85,4218.004547,N,07105.993428,W,0,10.0,1.0,33.9,0.0,0.0,221812.85*66
2021-07-28 23:18:15,202 [INFO] Interpreted as: {'position': (9.236798546393402, 8.192301630973816), 'latlon': (42.300075783333334, -71.09989046666666), 'heading': 33.9, 'depth': 1.0, 'altitude': 10.0, 'roll': 0.0, 'pitch': 0.0, 'last_fix_time': datetime.datetime(2021, 7, 28, 22, 18, 12), 'speed': None, 'rudder': 0, 'datum': (42.3, -71.1)}
2021-07-28 23:18:15,203 [INFO] Processing: $BFNVG,221813.21,4218.004673,N,07105.993323,W,0,10.0,1.0,32.8,0.0,0.0,221813.21*6E
2021-07-28 23:18:15,205 [INFO] Interpreted as: {'position': (9.386810140335001, 8.421929623000324), 'latlon': (42.30007788333333, -71.09988871666667), 'heading': 32.8, 'depth': 1.0, 'altitude': 10.0, 'roll': 0.0, 'pitch': 0.0, 'last_fix_time': datetime.datetime(2021, 7, 28, 22, 18, 13), 'speed': None, 'rudder': 0, 'datum': (42.3, -71.1)}
2021-07-28 23:18:15,206 [INFO] Processing: $BFNVG,221813.56,4218.004799,N,07105.993221,W,0,10.0,1.0,32.0,0.0,0.0,221813.56*60
2021-07-28 23:18:15,208 [INFO] Interpreted as: {'position': (9.532700092822779, 8.651659331284463), 'latlon': (42.30007998333333, -71.09988701666667), 'heading': 32.0, 'depth': 1.0, 'altitude': 10.0, 'roll': 0.0, 'pitch': 0.0, 'last_fix_time': datetime.datetime(2021, 7, 28, 22, 18, 13), 'speed': None, 'rudder': 0, 'datum': (42.3, -71.1)}
2021-07-28 23:18:15,208 [INFO] Processing: $BFNVG,221813.93,4218.004929,N,07105.993118,W,0,10.0,1.0,31.3,0.0,0.0,221813.93*6C
2021-07-28 23:18:15,210 [INFO] Interpreted as: {'position': (9.680146592843812, 8.888757925480604), 'latlon': (42.30008215, -71.0998853), 'heading': 31.3, 'depth': 1.0, 'altitude': 10.0, 'roll': 0.0, 'pitch': 0.0, 'last_fix_time': datetime.datetime(2021, 7, 28, 22, 18, 13), 'speed': None, 'rudder': 0, 'datum': (42.3, -71.1)}
2021-07-28 23:18:15,211 [INFO] Received from Frontseat: [b'$BFNVG,221812.85,4218.004547,N,07105.993428,W,0,10.0,1.0,33.9,0.0,0.0,221812.85*66', b'$BFNVG,221813.21,4218.004673,N,07105.993323,W,0,10.0,1.0,32.8,0.0,0.0,221813.21*6E', b'$BFNVG,221813.56,4218.004799,N,07105.993221,W,0,10.0,1.0,32.0,0.0,0.0,221813.56*60', b'$BFNVG,221813.93,4218.004929,N,07105.993118,W,0,10.0,1.0,31.3,0.0,0.0,221813.93*6C']
2021-07-28 23:18:15,212 [INFO] AUV state: {'position': (9.680146592843812, 8.888757925480604), 'latlon': (42.30008215, -71.0998853), 'heading': 31.3, 'depth': 1.0, 'altitude': 10.0, 'roll': 0.0, 'pitch': 0.0, 'last_fix_time': datetime.datetime(2021, 7, 28, 22, 18, 13), 'speed': None, 'rudder': 0, 'datum': (42.3, -71.1)}
2021-07-28 23:18:15,525 [INFO] **** [(-15.511629270321594, -12.009742950699188)] [(9.16125548071276, -14.603294823389733), (25.292407940125948, -6.625837461065275)]
2021-07-28 23:18:15,527 [INFO] Next green buoy: [(-15.511629270321594, -12.009742950699188)], next red buoy: [(9.16125548071276, -14.603294823389733), (25.292407940125948, -6.625837461065275)]
2021-07-28 23:18:15,527 [INFO] Desired_heading: 28.124813105195585
2021-07-28 23:18:15,528 [INFO] delta angle: -2.825662953264441
2021-07-28 23:18:15,528 [INFO] sending message $BPRMB,221816.22,2.825662953264441,1,0,750,0,1*5e
...
2021-07-28 23:18:16,530 [INFO] sending message $BPSTS,221816.52,1,BWSI Autonomy OK*4d
...
2021-07-28 23:18:16,531 [INFO] Processing: $BFNVG,221814.30,4218.005065,N,07105.993015,W,0,10.0,1.0,30.5,0.0,0.0,221814.30*67
2021-07-28 23:18:16,538 [INFO] Interpreted as: {'position': (9.82786709908396, 9.136960704810917), 'latlon': (42.300084416666664, -71.09988358333334), 'heading': 30.5, 'depth': 1.0, 'altitude': 10.0, 'roll': 0.0, 'pitch': 0.0, 'last_fix_time': datetime.datetime(2021, 7, 28, 22, 18, 14), 'speed': None, 'rudder': 0, 'datum': (42.3, -71.1)}
2021-07-28 23:18:16,540 [INFO] Processing: $BFNVG,221814.68,4218.005203,N,07105.992913,W,0,10.0,1.0,30.0,0.0,0.0,221814.68*6E
2021-07-28 23:18:16,542 [INFO] Interpreted as: {'position': (9.974305056675803, 9.38889878615737), 'latlon': (42.30008671666667, -71.09988188333334), 'heading': 30.0, 'depth': 1.0, 'altitude': 10.0, 'roll': 0.0, 'pitch': 0.0, 'last_fix_time': datetime.datetime(2021, 7, 28, 22, 18, 14), 'speed': None, 'rudder': 0, 'datum': (42.3, -71.1)}
2021-07-28 23:18:16,544 [INFO] Processing: $BFNVG,221815.04,4218.005336,N,07105.992816,W,0,10.0,1.0,29.5,0.0,0.0,221815.04*60
2021-07-28 23:18:16,547 [INFO] Interpreted as: {'position': (10.113645269302651, 9.63175289798528), 'latlon': (42.300088933333335, -71.09988026666667), 'heading': 29.5, 'depth': 1.0, 'altitude': 10.0, 'roll': 0.0, 'pitch': 0.0, 'last_fix_time': datetime.datetime(2021, 7, 28, 22, 18, 15), 'speed': None, 'rudder': 0, 'datum': (42.3, -71.1)}
2021-07-28 23:18:16,548 [INFO] Processing: $BFNVG,221815.41,4218.005471,N,07105.992720,W,0,10.0,1.0,29.1,0.0,0.0,221815.41*6A
2021-07-28 23:18:16,551 [INFO] Interpreted as: {'position': (10.251702931942418, 9.878342312760651), 'latlon': (42.300091183333336, -71.09987866666667), 'heading': 29.1, 'depth': 1.0, 'altitude': 10.0, 'roll': 0.0, 'pitch': 0.0, 'last_fix_time': datetime.datetime(2021, 7, 28, 22, 18, 15), 'speed': None, 'rudder': 0, 'datum': (42.3, -71.1)}
2021-07-28 23:18:16,552 [INFO] Received from Frontseat: [b'$BFNVG,221814.30,4218.005065,N,07105.993015,W,0,10.0,1.0,30.5,0.0,0.0,221814.30*67', b'$BFNVG,221814.68,4218.005203,N,07105.992913,W,0,10.0,1.0,30.0,0.0,0.0,221814.68*6E', b'$BFNVG,221815.04,4218.005336,N,07105.992816,W,0,10.0,1.0,29.5,0.0,0.0,221815.04*60', b'$BFNVG,221815.41,4218.005471,N,07105.992720,W,0,10.0,1.0,29.1,0.0,0.0,221815.41*6A']
2021-07-28 23:18:16,553 [INFO] AUV state: {'position': (10.251702931942418, 9.878342312760651), 'latlon': (42.300091183333336, -71.09987866666667), 'heading': 29.1, 'depth': 1.0, 'altitude': 10.0, 'roll': 0.0, 'pitch': 0.0, 'last_fix_time': datetime.datetime(2021, 7, 28, 22, 18, 15), 'speed': None, 'rudder': 0, 'datum': (42.3, -71.1)}
2021-07-28 23:18:16,917 [INFO] **** [(-17.130828054223645, -15.330008486347227), (20.95774384012023, -6.4746158150366755)] [(15.28234524707538, -19.78419495419557)]
2021-07-28 23:18:16,919 [INFO] Next green buoy: [(-17.130828054223645, -15.330008486347227), (20.95774384012023, -6.4746158150366755)], next red buoy: [(15.28234524707538, -19.78419495419557)]
2021-07-28 23:18:16,919 [INFO] Desired_heading: 28.17575859642587
2021-07-28 23:18:16,919 [INFO] delta angle: -0.6041440682859616
2021-07-28 23:18:16,920 [INFO] sending message $BPRMB,221816.83,0.6041440682859616,1,0,750,0,1*6e
...
2021-07-28 23:18:17,921 [INFO] sending message $BPSTS,221817.92,1,BWSI Autonomy OK*40
...
2021-07-28 23:18:17,922 [INFO] Processing: $BFNVG,221815.76,4218.005602,N,07105.992628,W,0,10.0,1.0,28.6,0.0,0.0,221815.76*63
2021-07-28 23:18:17,925 [INFO] Interpreted as: {'position': (10.384082396456506, 10.117664551362395), 'latlon': (42.300093366666665, -71.09987713333334), 'heading': 28.6, 'depth': 1.0, 'altitude': 10.0, 'roll': 0.0, 'pitch': 0.0, 'last_fix_time': datetime.datetime(2021, 7, 28, 22, 18, 15), 'speed': None, 'rudder': 0, 'datum': (42.3, -71.1)}
2021-07-28 23:18:17,926 [INFO] Processing: $BFNVG,221816.12,4218.005736,N,07105.992536,W,0,10.0,1.0,28.4,0.0,0.0,221816.12*6B
2021-07-28 23:18:17,929 [INFO] Interpreted as: {'position': (10.516598862886894, 10.36253888439387), 'latlon': (42.3000956, -71.0998756), 'heading': 28.4, 'depth': 1.0, 'altitude': 10.0, 'roll': 0.0, 'pitch': 0.0, 'last_fix_time': datetime.datetime(2021, 7, 28, 22, 18, 16), 'speed': None, 'rudder': 0, 'datum': (42.3, -71.1)}
2021-07-28 23:18:17,930 [INFO] Processing: $BFNVG,221816.48,4218.005868,N,07105.992446,W,0,10.0,1.0,28.2,0.0,0.0,221816.48*6F
2021-07-28 23:18:17,932 [INFO] Interpreted as: {'position': (10.646276224404573, 10.603779633529484), 'latlon': (42.3000978, -71.0998741), 'heading': 28.2, 'depth': 1.0, 'altitude': 10.0, 'roll': 0.0, 'pitch': 0.0, 'last_fix_time': datetime.datetime(2021, 7, 28, 22, 18, 16), 'speed': None, 'rudder': 0, 'datum': (42.3, -71.1)}
2021-07-28 23:18:17,933 [INFO] Processing: $BFNVG,221816.83,4218.006000,N,07105.992356,W,0,10.0,1.0,28.1,0.0,0.0,221816.83*6F
2021-07-28 23:18:17,935 [INFO] Interpreted as: {'position': (10.775953577482142, 10.845020381733775), 'latlon': (42.3001, -71.0998726), 'heading': 28.1, 'depth': 1.0, 'altitude': 10.0, 'roll': 0.0, 'pitch': 0.0, 'last_fix_time': datetime.datetime(2021, 7, 28, 22, 18, 16), 'speed': None, 'rudder': 0, 'datum': (42.3, -71.1)}
2021-07-28 23:18:17,936 [INFO] Received from Frontseat: [b'$BFNVG,221815.76,4218.005602,N,07105.992628,W,0,10.0,1.0,28.6,0.0,0.0,221815.76*63', b'$BFNVG,221816.12,4218.005736,N,07105.992536,W,0,10.0,1.0,28.4,0.0,0.0,221816.12*6B', b'$BFNVG,221816.48,4218.005868,N,07105.992446,W,0,10.0,1.0,28.2,0.0,0.0,221816.48*6F', b'$BFNVG,221816.83,4218.006000,N,07105.992356,W,0,10.0,1.0,28.1,0.0,0.0,221816.83*6F']
2021-07-28 23:18:17,937 [INFO] AUV state: {'position': (10.775953577482142, 10.845020381733775), 'latlon': (42.3001, -71.0998726), 'heading': 28.1, 'depth': 1.0, 'altitude': 10.0, 'roll': 0.0, 'pitch': 0.0, 'last_fix_time': datetime.datetime(2021, 7, 28, 22, 18, 16), 'speed': None, 'rudder': 0, 'datum': (42.3, -71.1)}
2021-07-28 23:18:18,284 [INFO] **** [(-21.82332439807644, -20.688242458471244), (24.342766215175953, -7.212263341748536)] [(24.0545251010606, -23.923475718032808)]
2021-07-28 23:18:18,286 [INFO] Next green buoy: [(-21.82332439807644, -20.688242458471244), (24.342766215175953, -7.212263341748536)], next red buoy: [(24.0545251010606, -23.923475718032808)]
2021-07-28 23:18:18,287 [INFO] Desired_heading: 29.215600351492082
2021-07-28 23:18:18,287 [INFO] delta angle: 0.7643540023216183
2021-07-28 23:18:18,287 [INFO] sending message $BPRMB,221819.00,-0.7643540023216183,1,0,750,0,1*44
...
2021-07-28 23:18:19,289 [INFO] sending message $BPSTS,221819.28,1,BWSI Autonomy OK*4f
...
2021-07-28 23:18:19,290 [INFO] Processing: $BFNVG,221817.19,4218.006133,N,07105.992266,W,0,10.0,1.0,27.9,0.0,0.0,221817.19*6B
2021-07-28 23:18:19,293 [INFO] Interpreted as: {'position': (10.905676593654789, 11.088111829943955), 'latlon': (42.300102216666666, -71.0998711), 'heading': 27.9, 'depth': 1.0, 'altitude': 10.0, 'roll': 0.0, 'pitch': 0.0, 'last_fix_time': datetime.datetime(2021, 7, 28, 22, 18, 17), 'speed': None, 'rudder': 0, 'datum': (42.3, -71.1)}
2021-07-28 23:18:19,294 [INFO] Processing: $BFNVG,221817.54,4218.006265,N,07105.992178,W,0,10.0,1.0,27.8,0.0,0.0,221817.54*66
2021-07-28 23:18:19,297 [INFO] Interpreted as: {'position': (11.032606174936518, 11.329420390538871), 'latlon': (42.30010441666667, -71.09986963333333), 'heading': 27.8, 'depth': 1.0, 'altitude': 10.0, 'roll': 0.0, 'pitch': 0.0, 'last_fix_time': datetime.datetime(2021, 7, 28, 22, 18, 17), 'speed': None, 'rudder': 0, 'datum': (42.3, -71.1)}
2021-07-28 23:18:19,298 [INFO] Processing: $BFNVG,221817.90,4218.006399,N,07105.992088,W,0,10.0,1.0,27.8,0.0,0.0,221817.90*6A
2021-07-28 23:18:19,300 [INFO] Interpreted as: {'position': (11.16237484163139, 11.574362541548908), 'latlon': (42.30010665, -71.09986813333333), 'heading': 27.8, 'depth': 1.0, 'altitude': 10.0, 'roll': 0.0, 'pitch': 0.0, 'last_fix_time': datetime.datetime(2021, 7, 28, 22, 18, 17), 'speed': None, 'rudder': 0, 'datum': (42.3, -71.1)}
2021-07-28 23:18:19,301 [INFO] Processing: $BFNVG,221818.26,4218.006532,N,07105.992000,W,0,10.0,1.0,27.7,0.0,0.0,221818.26*62
2021-07-28 23:18:19,304 [INFO] Interpreted as: {'position': (11.289350075647235, 11.817521802149713), 'latlon': (42.30010886666667, -71.09986666666667), 'heading': 27.7, 'depth': 1.0, 'altitude': 10.0, 'roll': 0.0, 'pitch': 0.0, 'last_fix_time': datetime.datetime(2021, 7, 28, 22, 18, 18), 'speed': None, 'rudder': 0, 'datum': (42.3, -71.1)}
2021-07-28 23:18:19,305 [INFO] Received from Frontseat: [b'$BFNVG,221817.19,4218.006133,N,07105.992266,W,0,10.0,1.0,27.9,0.0,0.0,221817.19*6B', b'$BFNVG,221817.54,4218.006265,N,07105.992178,W,0,10.0,1.0,27.8,0.0,0.0,221817.54*66', b'$BFNVG,221817.90,4218.006399,N,07105.992088,W,0,10.0,1.0,27.8,0.0,0.0,221817.90*6A', b'$BFNVG,221818.26,4218.006532,N,07105.992000,W,0,10.0,1.0,27.7,0.0,0.0,221818.26*62']
2021-07-28 23:18:19,305 [INFO] AUV state: {'position': (11.289350075647235, 11.817521802149713), 'latlon': (42.30010886666667, -71.09986666666667), 'heading': 27.7, 'depth': 1.0, 'altitude': 10.0, 'roll': 0.0, 'pitch': 0.0, 'last_fix_time': datetime.datetime(2021, 7, 28, 22, 18, 18), 'speed': None, 'rudder': 0, 'datum': (42.3, -71.1)}
2021-07-28 23:18:19,608 [INFO] **** [] []
2021-07-28 23:18:19,610 [INFO] Next green buoy: [], next red buoy: []
2021-07-28 23:18:19,611 [INFO] Desired_heading: 27.7
2021-07-28 23:18:19,612 [INFO] delta angle: nan
2021-07-28 23:18:19,612 [INFO] sending message $BPRMB,221819.56,nan,1,0,750,0,1*1c
...
2021-07-28 23:18:20,614 [INFO] sending message $BPSTS,221820.61,1,BWSI Autonomy OK*48
...
2021-07-28 23:18:20,615 [INFO] Processing: $BFNVG,221818.61,4218.006664,N,07105.991912,W,0,10.0,1.0,27.7,0.0,0.0,221818.61*6B
2021-07-28 23:18:20,617 [INFO] Interpreted as: {'position': (11.4162796321325, 12.058830367401242), 'latlon': (42.300111066666666, -71.0998652), 'heading': 27.7, 'depth': 1.0, 'altitude': 10.0, 'roll': 0.0, 'pitch': 0.0, 'last_fix_time': datetime.datetime(2021, 7, 28, 22, 18, 18), 'speed': None, 'rudder': 0, 'datum': (42.3, -71.1)}
2021-07-28 23:18:20,618 [INFO] Processing: $BFNVG,221818.97,4218.006798,N,07105.991823,W,0,10.0,1.0,27.8,0.0,0.0,221818.97*65
2021-07-28 23:18:20,621 [INFO] Interpreted as: {'position': (11.544674398377538, 12.30380642786622), 'latlon': (42.3001133, -71.09986371666666), 'heading': 27.8, 'depth': 1.0, 'altitude': 10.0, 'roll': 0.0, 'pitch': 0.0, 'last_fix_time': datetime.datetime(2021, 7, 28, 22, 18, 18), 'speed': None, 'rudder': 0, 'datum': (42.3, -71.1)}
2021-07-28 23:18:20,622 [INFO] Processing: $BFNVG,221819.34,4218.006937,N,07105.991730,W,0,10.0,1.0,27.8,0.0,0.0,221819.34*63
2021-07-28 23:18:20,625 [INFO] Interpreted as: {'position': (11.678793009137735, 12.557900363579392), 'latlon': (42.300115616666666, -71.09986216666667), 'heading': 27.8, 'depth': 1.0, 'altitude': 10.0, 'roll': 0.0, 'pitch': 0.0, 'last_fix_time': datetime.datetime(2021, 7, 28, 22, 18, 19), 'speed': None, 'rudder': 0, 'datum': (42.3, -71.1)}
2021-07-28 23:18:20,626 [INFO] Received from Frontseat: [b'$BFNVG,221818.61,4218.006664,N,07105.991912,W,0,10.0,1.0,27.7,0.0,0.0,221818.61*6B', b'$BFNVG,221818.97,4218.006798,N,07105.991823,W,0,10.0,1.0,27.8,0.0,0.0,221818.97*65', b'$BFNVG,221819.34,4218.006937,N,07105.991730,W,0,10.0,1.0,27.8,0.0,0.0,221819.34*63']
2021-07-28 23:18:20,627 [INFO] AUV state: {'position': (11.678793009137735, 12.557900363579392), 'latlon': (42.300115616666666, -71.09986216666667), 'heading': 27.8, 'depth': 1.0, 'altitude': 10.0, 'roll': 0.0, 'pitch': 0.0, 'last_fix_time': datetime.datetime(2021, 7, 28, 22, 18, 19), 'speed': None, 'rudder': 0, 'datum': (42.3, -71.1)}
2021-07-28 23:18:20,934 [INFO] **** [] []
2021-07-28 23:18:20,937 [INFO] Next green buoy: [], next red buoy: []
2021-07-28 23:18:20,937 [INFO] Desired_heading: 27.8
2021-07-28 23:18:20,937 [INFO] delta angle: nan
2021-07-28 23:18:20,938 [INFO] sending message $BPRMB,221821.65,nan,1,0,750,0,1*17
...
2021-07-28 23:18:21,940 [INFO] sending message $BPSTS,221821.93,1,BWSI Autonomy OK*44
...
2021-07-28 23:18:21,941 [INFO] Processing: $BFNVG,221819.70,4218.007070,N,07105.991640,W,0,10.0,1.0,27.9,0.0,0.0,221819.70*6F
2021-07-28 23:18:21,949 [INFO] Interpreted as: {'position': (11.808515964192338, 12.800991828553379), 'latlon': (42.30011783333333, -71.09986066666667), 'heading': 27.9, 'depth': 1.0, 'altitude': 10.0, 'roll': 0.0, 'pitch': 0.0, 'last_fix_time': datetime.datetime(2021, 7, 28, 22, 18, 19), 'speed': None, 'rudder': 0, 'datum': (42.3, -71.1)}
2021-07-28 23:18:21,950 [INFO] Processing: $BFNVG,221820.05,4218.007203,N,07105.991551,W,0,10.0,1.0,27.9,0.0,0.0,221820.05*6A
2021-07-28 23:18:21,952 [INFO] Interpreted as: {'position': (11.936865035677329, 13.044117196463048), 'latlon': (42.30012005, -71.09985918333334), 'heading': 27.9, 'depth': 1.0, 'altitude': 10.0, 'roll': 0.0, 'pitch': 0.0, 'last_fix_time': datetime.datetime(2021, 7, 28, 22, 18, 20), 'speed': None, 'rudder': 0, 'datum': (42.3, -71.1)}
2021-07-28 23:18:21,953 [INFO] Processing: $BFNVG,221820.44,4218.007346,N,07105.991455,W,0,10.0,1.0,28.0,0.0,0.0,221820.44*69
2021-07-28 23:18:21,955 [INFO] Interpreted as: {'position': (12.075287927640602, 13.305512220598757), 'latlon': (42.300122433333335, -71.09985758333333), 'heading': 28.0, 'depth': 1.0, 'altitude': 10.0, 'roll': 0.0, 'pitch': 0.0, 'last_fix_time': datetime.datetime(2021, 7, 28, 22, 18, 20), 'speed': None, 'rudder': 0, 'datum': (42.3, -71.1)}
2021-07-28 23:18:21,956 [INFO] Processing: $BFNVG,221820.81,4218.007486,N,07105.991361,W,0,10.0,1.0,28.0,0.0,0.0,221820.81*62
2021-07-28 23:18:21,958 [INFO] Interpreted as: {'position': (12.210826048627496, 13.561422960832715), 'latlon': (42.30012476666667, -71.09985601666666), 'heading': 28.0, 'depth': 1.0, 'altitude': 10.0, 'roll': 0.0, 'pitch': 0.0, 'last_fix_time': datetime.datetime(2021, 7, 28, 22, 18, 20), 'speed': None, 'rudder': 0, 'datum': (42.3, -71.1)}
2021-07-28 23:18:21,960 [INFO] Received from Frontseat: [b'$BFNVG,221819.70,4218.007070,N,07105.991640,W,0,10.0,1.0,27.9,0.0,0.0,221819.70*6F', b'$BFNVG,221820.05,4218.007203,N,07105.991551,W,0,10.0,1.0,27.9,0.0,0.0,221820.05*6A', b'$BFNVG,221820.44,4218.007346,N,07105.991455,W,0,10.0,1.0,28.0,0.0,0.0,221820.44*69', b'$BFNVG,221820.81,4218.007486,N,07105.991361,W,0,10.0,1.0,28.0,0.0,0.0,221820.81*62']
2021-07-28 23:18:21,961 [INFO] AUV state: {'position': (12.210826048627496, 13.561422960832715), 'latlon': (42.30012476666667, -71.09985601666666), 'heading': 28.0, 'depth': 1.0, 'altitude': 10.0, 'roll': 0.0, 'pitch': 0.0, 'last_fix_time': datetime.datetime(2021, 7, 28, 22, 18, 20), 'speed': None, 'rudder': 0, 'datum': (42.3, -71.1)}
2021-07-28 23:18:22,263 [INFO] **** [] []
2021-07-28 23:18:22,265 [INFO] Next green buoy: [], next red buoy: []
2021-07-28 23:18:22,266 [INFO] Desired_heading: 28.0
2021-07-28 23:18:22,266 [INFO] delta angle: nan
2021-07-28 23:18:22,267 [INFO] sending message $BPRMB,221822.22,nan,1,0,750,0,1*17
...
2021-07-28 23:18:23,269 [INFO] sending message $BPSTS,221823.26,1,BWSI Autonomy OK*48
...
2021-07-28 23:18:23,270 [INFO] Processing: $BFNVG,221821.20,4218.007629,N,07105.991264,W,0,10.0,1.0,28.1,0.0,0.0,221821.20*60
2021-07-28 23:18:23,272 [INFO] Interpreted as: {'position': (12.350622800528072, 13.822784086689353), 'latlon': (42.30012715, -71.0998544), 'heading': 28.1, 'depth': 1.0, 'altitude': 10.0, 'roll': 0.0, 'pitch': 0.0, 'last_fix_time': datetime.datetime(2021, 7, 28, 22, 18, 21), 'speed': None, 'rudder': 0, 'datum': (42.3, -71.1)}
2021-07-28 23:18:23,273 [INFO] Processing: $BFNVG,221821.56,4218.007763,N,07105.991173,W,0,10.0,1.0,28.1,0.0,0.0,221821.56*6A
2021-07-28 23:18:23,275 [INFO] Interpreted as: {'position': (12.481765257776715, 14.067692356184125), 'latlon': (42.300129383333335, -71.09985288333333), 'heading': 28.1, 'depth': 1.0, 'altitude': 10.0, 'roll': 0.0, 'pitch': 0.0, 'last_fix_time': datetime.datetime(2021, 7, 28, 22, 18, 21), 'speed': None, 'rudder': 0, 'datum': (42.3, -71.1)}
2021-07-28 23:18:23,277 [INFO] Processing: $BFNVG,221821.92,4218.007897,N,07105.991082,W,0,10.0,1.0,28.2,0.0,0.0,221821.92*62
2021-07-28 23:18:23,279 [INFO] Interpreted as: {'position': (12.612907706410624, 14.312600629404187), 'latlon': (42.30013161666667, -71.09985136666667), 'heading': 28.2, 'depth': 1.0, 'altitude': 10.0, 'roll': 0.0, 'pitch': 0.0, 'last_fix_time': datetime.datetime(2021, 7, 28, 22, 18, 21), 'speed': None, 'rudder': 0, 'datum': (42.3, -71.1)}
2021-07-28 23:18:23,281 [INFO] Processing: $BFNVG,221822.28,4218.008031,N,07105.990991,W,0,10.0,1.0,28.2,0.0,0.0,221822.28*63
2021-07-28 23:18:23,283 [INFO] Interpreted as: {'position': (12.744050148525275, 14.557508905418217), 'latlon': (42.30013385, -71.09984985), 'heading': 28.2, 'depth': 1.0, 'altitude': 10.0, 'roll': 0.0, 'pitch': 0.0, 'last_fix_time': datetime.datetime(2021, 7, 28, 22, 18, 22), 'speed': None, 'rudder': 0, 'datum': (42.3, -71.1)}
2021-07-28 23:18:23,284 [INFO] Received from Frontseat: [b'$BFNVG,221821.20,4218.007629,N,07105.991264,W,0,10.0,1.0,28.1,0.0,0.0,221821.20*60', b'$BFNVG,221821.56,4218.007763,N,07105.991173,W,0,10.0,1.0,28.1,0.0,0.0,221821.56*6A', b'$BFNVG,221821.92,4218.007897,N,07105.991082,W,0,10.0,1.0,28.2,0.0,0.0,221821.92*62', b'$BFNVG,221822.28,4218.008031,N,07105.990991,W,0,10.0,1.0,28.2,0.0,0.0,221822.28*63']
2021-07-28 23:18:23,285 [INFO] AUV state: {'position': (12.744050148525275, 14.557508905418217), 'latlon': (42.30013385, -71.09984985), 'heading': 28.2, 'depth': 1.0, 'altitude': 10.0, 'roll': 0.0, 'pitch': 0.0, 'last_fix_time': datetime.datetime(2021, 7, 28, 22, 18, 22), 'speed': None, 'rudder': 0, 'datum': (42.3, -71.1)}
2021-07-28 23:18:23,588 [INFO] **** [] []
2021-07-28 23:18:23,590 [INFO] Next green buoy: [], next red buoy: []
2021-07-28 23:18:23,590 [INFO] Desired_heading: 28.2
2021-07-28 23:18:23,591 [INFO] delta angle: nan
2021-07-28 23:18:23,591 [INFO] sending message $BPRMB,221824.31,nan,1,0,750,0,1*13
...
2021-07-28 23:18:24,593 [INFO] sending message $BPSTS,221824.59,1,BWSI Autonomy OK*47
...
2021-07-28 23:18:24,594 [INFO] Processing: $BFNVG,221822.63,4218.008163,N,07105.990901,W,0,10.0,1.0,28.3,0.0,0.0,221822.63*6D
2021-07-28 23:18:24,596 [INFO] Interpreted as: {'position': (12.873727363185026, 14.798749689012766), 'latlon': (42.30013605, -71.09984835), 'heading': 28.3, 'depth': 1.0, 'altitude': 10.0, 'roll': 0.0, 'pitch': 0.0, 'last_fix_time': datetime.datetime(2021, 7, 28, 22, 18, 22), 'speed': None, 'rudder': 0, 'datum': (42.3, -71.1)}
2021-07-28 23:18:24,597 [INFO] Processing: $BFNVG,221822.99,4218.008295,N,07105.990811,W,0,10.0,1.0,28.3,0.0,0.0,221822.99*67
2021-07-28 23:18:24,601 [INFO] Interpreted as: {'position': (13.00340457377024, 15.039990476332605), 'latlon': (42.30013825, -71.09984685), 'heading': 28.3, 'depth': 1.0, 'altitude': 10.0, 'roll': 0.0, 'pitch': 0.0, 'last_fix_time': datetime.datetime(2021, 7, 28, 22, 18, 22), 'speed': None, 'rudder': 0, 'datum': (42.3, -71.1)}
2021-07-28 23:18:24,601 [INFO] Processing: $BFNVG,221823.34,4218.008428,N,07105.990720,W,0,10.0,1.0,28.4,0.0,0.0,221823.34*6D
2021-07-28 23:18:24,604 [INFO] Interpreted as: {'position': (13.134501319378614, 15.283048059791327), 'latlon': (42.30014046666667, -71.09984533333333), 'heading': 28.4, 'depth': 1.0, 'altitude': 10.0, 'roll': 0.0, 'pitch': 0.0, 'last_fix_time': datetime.datetime(2021, 7, 28, 22, 18, 23), 'speed': None, 'rudder': 0, 'datum': (42.3, -71.1)}
2021-07-28 23:18:24,605 [INFO] Received from Frontseat: [b'$BFNVG,221822.63,4218.008163,N,07105.990901,W,0,10.0,1.0,28.3,0.0,0.0,221822.63*6D', b'$BFNVG,221822.99,4218.008295,N,07105.990811,W,0,10.0,1.0,28.3,0.0,0.0,221822.99*67', b'$BFNVG,221823.34,4218.008428,N,07105.990720,W,0,10.0,1.0,28.4,0.0,0.0,221823.34*6D']
2021-07-28 23:18:24,606 [INFO] AUV state: {'position': (13.134501319378614, 15.283048059791327), 'latlon': (42.30014046666667, -71.09984533333333), 'heading': 28.4, 'depth': 1.0, 'altitude': 10.0, 'roll': 0.0, 'pitch': 0.0, 'last_fix_time': datetime.datetime(2021, 7, 28, 22, 18, 23), 'speed': None, 'rudder': 0, 'datum': (42.3, -71.1)}
2021-07-28 23:18:24,905 [INFO] **** [] []
2021-07-28 23:18:24,907 [INFO] Next green buoy: [], next red buoy: []
2021-07-28 23:18:24,908 [INFO] Desired_heading: 28.4
2021-07-28 23:18:24,908 [INFO] delta angle: nan
2021-07-28 23:18:24,908 [INFO] sending message $BPRMB,221824.87,nan,1,0,750,0,1*1e
...
2021-07-28 23:18:25,910 [INFO] sending message $BPSTS,221825.91,1,BWSI Autonomy OK*42
...
2021-07-28 23:18:25,912 [INFO] Processing: $BFNVG,221823.70,4218.008560,N,07105.990629,W,0,10.0,1.0,28.4,0.0,0.0,221823.70*68
2021-07-28 23:18:25,914 [INFO] Interpreted as: {'position': (13.265552387631033, 15.52425495069474), 'latlon': (42.300142666666666, -71.09984381666666), 'heading': 28.4, 'depth': 1.0, 'altitude': 10.0, 'roll': 0.0, 'pitch': 0.0, 'last_fix_time': datetime.datetime(2021, 7, 28, 22, 18, 23), 'speed': None, 'rudder': 0, 'datum': (42.3, -71.1)}
2021-07-28 23:18:25,915 [INFO] Processing: $BFNVG,221824.06,4218.008693,N,07105.990538,W,0,10.0,1.0,28.5,0.0,0.0,221824.06*65
2021-07-28 23:18:25,917 [INFO] Interpreted as: {'position': (13.396649118280038, 15.767312538810074), 'latlon': (42.30014488333333, -71.0998423), 'heading': 28.5, 'depth': 1.0, 'altitude': 10.0, 'roll': 0.0, 'pitch': 0.0, 'last_fix_time': datetime.datetime(2021, 7, 28, 22, 18, 24), 'speed': None, 'rudder': 0, 'datum': (42.3, -71.1)}
2021-07-28 23:18:25,918 [INFO] Processing: $BFNVG,221824.41,4218.008825,N,07105.990447,W,0,10.0,1.0,28.5,0.0,0.0,221824.41*6F
2021-07-28 23:18:25,920 [INFO] Interpreted as: {'position': (13.527700169594027, 16.008519433438778), 'latlon': (42.300147083333336, -71.09984078333333), 'heading': 28.5, 'depth': 1.0, 'altitude': 10.0, 'roll': 0.0, 'pitch': 0.0, 'last_fix_time': datetime.datetime(2021, 7, 28, 22, 18, 24), 'speed': None, 'rudder': 0, 'datum': (42.3, -71.1)}
2021-07-28 23:18:25,921 [INFO] Processing: $BFNVG,221824.77,4218.008956,N,07105.990356,W,0,10.0,1.0,28.6,0.0,0.0,221824.77*6E
2021-07-28 23:18:25,924 [INFO] Interpreted as: {'position': (13.658705543726683, 16.247875631786883), 'latlon': (42.300149266666665, -71.09983926666666), 'heading': 28.6, 'depth': 1.0, 'altitude': 10.0, 'roll': 0.0, 'pitch': 0.0, 'last_fix_time': datetime.datetime(2021, 7, 28, 22, 18, 24), 'speed': None, 'rudder': 0, 'datum': (42.3, -71.1)}
2021-07-28 23:18:25,925 [INFO] Received from Frontseat: [b'$BFNVG,221823.70,4218.008560,N,07105.990629,W,0,10.0,1.0,28.4,0.0,0.0,221823.70*68', b'$BFNVG,221824.06,4218.008693,N,07105.990538,W,0,10.0,1.0,28.5,0.0,0.0,221824.06*65', b'$BFNVG,221824.41,4218.008825,N,07105.990447,W,0,10.0,1.0,28.5,0.0,0.0,221824.41*6F', b'$BFNVG,221824.77,4218.008956,N,07105.990356,W,0,10.0,1.0,28.6,0.0,0.0,221824.77*6E']
2021-07-28 23:18:25,926 [INFO] AUV state: {'position': (13.658705543726683, 16.247875631786883), 'latlon': (42.300149266666665, -71.09983926666666), 'heading': 28.6, 'depth': 1.0, 'altitude': 10.0, 'roll': 0.0, 'pitch': 0.0, 'last_fix_time': datetime.datetime(2021, 7, 28, 22, 18, 24), 'speed': None, 'rudder': 0, 'datum': (42.3, -71.1)}
2021-07-28 23:18:26,222 [INFO] **** [] []
2021-07-28 23:18:26,224 [INFO] Next green buoy: [], next red buoy: []
2021-07-28 23:18:26,224 [INFO] Desired_heading: 28.6
2021-07-28 23:18:26,225 [INFO] delta angle: nan
2021-07-28 23:18:26,225 [INFO] sending message $BPRMB,221826.95,nan,1,0,750,0,1*1f
...
