2021-07-29 04:06:56,909 [INFO] host = 192.168.1.213, port = 29500
2021-07-29 04:07:02,023 [INFO] sending message $BPLOG,ACK,ON*1e
...
2021-07-29 04:07:02,024 [INFO] sending message $BPLOG,ALL,ON*16
...
2021-07-29 04:07:02,025 [INFO] sending message $BPSTS,030702.02,1,BWSI Autonomy OK*40
...
2021-07-29 04:07:02,026 [INFO] Received from Frontseat: []
2021-07-29 04:07:02,027 [INFO] AUV state: {'position': (None, None), 'latlon': None, 'heading': None, 'depth': None, 'altitude': None, 'roll': None, 'pitch': None, 'last_fix_time': None, 'speed': None, 'rudder': 0}
2021-07-29 04:07:03,029 [INFO] sending message $BPSTS,030703.02,1,BWSI Autonomy OK*41
...
2021-07-29 04:07:03,030 [INFO] Processing: $BFNVG,030702.01,4218.000000,N,07106.000000,W,0,10.0,1.0,45.0,0.0,0.0,030702.01*62
2021-07-29 04:07:03,033 [INFO] Interpreted as: {'position': (0, 0), 'latlon': (42.3, -71.1), 'heading': 45.0, 'depth': 1.0, 'altitude': 10.0, 'roll': 0.0, 'pitch': 0.0, 'last_fix_time': datetime.datetime(2021, 7, 29, 3, 7, 2), 'speed': None, 'rudder': 0, 'datum': (42.3, -71.1)}
2021-07-29 04:07:03,034 [INFO] Processing: $BFNVG,030702.43,4218.000000,N,07106.000000,W,0,10.0,1.0,45.0,0.0,0.0,030702.43*62
2021-07-29 04:07:03,036 [INFO] Interpreted as: {'position': (0.0, 0.0), 'latlon': (42.3, -71.1), 'heading': 45.0, 'depth': 1.0, 'altitude': 10.0, 'roll': 0.0, 'pitch': 0.0, 'last_fix_time': datetime.datetime(2021, 7, 29, 3, 7, 2), 'speed': None, 'rudder': 0, 'datum': (42.3, -71.1)}
2021-07-29 04:07:03,037 [INFO] Processing: $BFNVG,030702.77,4218.000000,N,07106.000000,W,0,10.0,1.0,45.0,0.0,0.0,030702.77*62
2021-07-29 04:07:03,039 [INFO] Interpreted as: {'position': (0.0, 0.0), 'latlon': (42.3, -71.1), 'heading': 45.0, 'depth': 1.0, 'altitude': 10.0, 'roll': 0.0, 'pitch': 0.0, 'last_fix_time': datetime.datetime(2021, 7, 29, 3, 7, 2), 'speed': None, 'rudder': 0, 'datum': (42.3, -71.1)}
2021-07-29 04:07:03,040 [INFO] Received from Frontseat: [b'$BFNVG,030702.01,4218.000000,N,07106.000000,W,0,10.0,1.0,45.0,0.0,0.0,030702.01*62', b'$BFNVG,030702.43,4218.000000,N,07106.000000,W,0,10.0,1.0,45.0,0.0,0.0,030702.43*62', b'$BFNVG,030702.77,4218.000000,N,07106.000000,W,0,10.0,1.0,45.0,0.0,0.0,030702.77*62']
2021-07-29 04:07:03,041 [INFO] AUV state: {'position': (0.0, 0.0), 'latlon': (42.3, -71.1), 'heading': 45.0, 'depth': 1.0, 'altitude': 10.0, 'roll': 0.0, 'pitch': 0.0, 'last_fix_time': datetime.datetime(2021, 7, 29, 3, 7, 2), 'speed': None, 'rudder': 0, 'datum': (42.3, -71.1)}
2021-07-29 04:07:03,378 [INFO] **** [(-0.21993023293121178, -7.6862156757158235)] [(15.437560812208067, -7.329055330858309)]
2021-07-29 04:07:03,380 [INFO] Next green buoy: [(-0.21993023293121178, -7.6862156757158235)], next red buoy: [(15.437560812208067, -7.329055330858309)]
2021-07-29 04:07:03,381 [INFO] Desired_heading: 52.60881528963843
2021-07-29 04:07:03,381 [INFO] delta angle: 23.15762804473421
2021-07-29 04:07:03,382 [INFO] sending message $BPRMB,030704.01,-23.15762804473421,1,0,750,0,1*70
...
2021-07-29 04:07:04,384 [INFO] sending message $BPSTS,030704.38,1,BWSI Autonomy OK*4f
...
2021-07-29 04:07:04,385 [INFO] Processing: $BFNVG,030703.11,4218.000000,N,07106.000000,W,0,10.0,1.0,45.0,0.0,0.0,030703.11*62
2021-07-29 04:07:04,387 [INFO] Interpreted as: {'position': (0.0, 0.0), 'latlon': (42.3, -71.1), 'heading': 45.0, 'depth': 1.0, 'altitude': 10.0, 'roll': 0.0, 'pitch': 0.0, 'last_fix_time': datetime.datetime(2021, 7, 29, 3, 7, 3), 'speed': None, 'rudder': 0, 'datum': (42.3, -71.1)}
2021-07-29 04:07:04,388 [INFO] Processing: $BFNVG,030703.45,4218.000000,N,07106.000000,W,0,10.0,1.0,45.0,0.0,0.0,030703.45*62
2021-07-29 04:07:04,391 [INFO] Interpreted as: {'position': (0.0, 0.0), 'latlon': (42.3, -71.1), 'heading': 45.0, 'depth': 1.0, 'altitude': 10.0, 'roll': 0.0, 'pitch': 0.0, 'last_fix_time': datetime.datetime(2021, 7, 29, 3, 7, 3), 'speed': None, 'rudder': 0, 'datum': (42.3, -71.1)}
2021-07-29 04:07:04,392 [INFO] Received from Frontseat: [b'$BFNVG,030703.11,4218.000000,N,07106.000000,W,0,10.0,1.0,45.0,0.0,0.0,030703.11*62', b'$BFNVG,030703.45,4218.000000,N,07106.000000,W,0,10.0,1.0,45.0,0.0,0.0,030703.45*62']
2021-07-29 04:07:04,393 [INFO] AUV state: {'position': (0.0, 0.0), 'latlon': (42.3, -71.1), 'heading': 45.0, 'depth': 1.0, 'altitude': 10.0, 'roll': 0.0, 'pitch': 0.0, 'last_fix_time': datetime.datetime(2021, 7, 29, 3, 7, 3), 'speed': None, 'rudder': 0, 'datum': (42.3, -71.1)}
2021-07-29 04:07:04,697 [INFO] **** [(-0.22035521470194389, -7.708961974233651)] [(15.437560812208067, -7.333901112744751)]
2021-07-29 04:07:04,699 [INFO] Next green buoy: [(-0.22035521470194389, -7.708961974233651)], next red buoy: [(15.437560812208067, -7.333901112744751)]
2021-07-29 04:07:04,700 [INFO] Desired_heading: 52.60860279875306
2021-07-29 04:07:04,700 [INFO] delta angle: 23.156334619677168
2021-07-29 04:07:04,701 [INFO] sending message $BPRMB,030704.74,-23.156334619677168,1,0,750,0,1*4f
...
2021-07-29 04:07:05,702 [INFO] sending message $BPSTS,030705.70,1,BWSI Autonomy OK*42
...
2021-07-29 04:07:05,704 [INFO] Processing: $BFNVG,030703.79,4218.000103,N,07105.999865,W,0,10.0,1.0,46.5,0.0,0.0,030703.79*67
2021-07-29 04:07:05,706 [INFO] Interpreted as: {'position': (0.1901779961772263, 0.1860446259379387), 'latlon': (42.300001716666664, -71.09999775), 'heading': 46.5, 'depth': 1.0, 'altitude': 10.0, 'roll': 0.0, 'pitch': 0.0, 'last_fix_time': datetime.datetime(2021, 7, 29, 3, 7, 3), 'speed': None, 'rudder': 0, 'datum': (42.3, -71.1)}
2021-07-29 04:07:05,708 [INFO] Processing: $BFNVG,030704.13,4218.000202,N,07105.999727,W,0,10.0,1.0,48.0,0.0,0.0,030704.13*67
2021-07-29 04:07:05,710 [INFO] Interpreted as: {'position': (0.38429493561852723, 0.36458475049585104), 'latlon': (42.300003366666665, -71.09999545), 'heading': 48.0, 'depth': 1.0, 'altitude': 10.0, 'roll': 0.0, 'pitch': 0.0, 'last_fix_time': datetime.datetime(2021, 7, 29, 3, 7, 4), 'speed': None, 'rudder': 0, 'datum': (42.3, -71.1)}
2021-07-29 04:07:05,712 [INFO] Processing: $BFNVG,030704.48,4218.000298,N,07105.999586,W,0,10.0,1.0,49.5,0.0,0.0,030704.48*69
2021-07-29 04:07:05,714 [INFO] Interpreted as: {'position': (0.5823964885785244, 0.5374710774049163), 'latlon': (42.30000496666667, -71.0999931), 'heading': 49.5, 'depth': 1.0, 'altitude': 10.0, 'roll': 0.0, 'pitch': 0.0, 'last_fix_time': datetime.datetime(2021, 7, 29, 3, 7, 4), 'speed': None, 'rudder': 0, 'datum': (42.3, -71.1)}
2021-07-29 04:07:05,715 [INFO] Received from Frontseat: [b'$BFNVG,030703.79,4218.000103,N,07105.999865,W,0,10.0,1.0,46.5,0.0,0.0,030703.79*67', b'$BFNVG,030704.13,4218.000202,N,07105.999727,W,0,10.0,1.0,48.0,0.0,0.0,030704.13*67', b'$BFNVG,030704.48,4218.000298,N,07105.999586,W,0,10.0,1.0,49.5,0.0,0.0,030704.48*69']
2021-07-29 04:07:05,716 [INFO] AUV state: {'position': (0.5823964885785244, 0.5374710774049163), 'latlon': (42.30000496666667, -71.0999931), 'heading': 49.5, 'depth': 1.0, 'altitude': 10.0, 'roll': 0.0, 'pitch': 0.0, 'last_fix_time': datetime.datetime(2021, 7, 29, 3, 7, 4), 'speed': None, 'rudder': 0, 'datum': (42.3, -71.1)}
2021-07-29 04:07:06,023 [INFO] **** [(-5.563602833745775, -8.53162963439457)] [(12.040118517151388, -8.248921346504188)]
2021-07-29 04:07:06,026 [INFO] Next green buoy: [(-5.563602833745775, -8.53162963439457)], next red buoy: [(12.040118517151388, -8.248921346504188)]
2021-07-29 04:07:06,026 [INFO] Desired_heading: 52.738257841702804
2021-07-29 04:07:06,027 [INFO] delta angle: 4.194525539739882
2021-07-29 04:07:06,027 [INFO] sending message $BPRMB,030706.65,-4.194525539739882,1,0,750,0,1*77
...
2021-07-29 04:07:07,029 [INFO] sending message $BPSTS,030707.02,1,BWSI Autonomy OK*45
...
2021-07-29 04:07:07,031 [INFO] Processing: $BFNVG,030704.82,4218.000392,N,07105.999442,W,0,10.0,1.0,50.9,0.0,0.0,030704.82*6F
2021-07-29 04:07:07,036 [INFO] Interpreted as: {'position': (0.7845283269416541, 0.706554296426475), 'latlon': (42.30000653333333, -71.0999907), 'heading': 50.9, 'depth': 1.0, 'altitude': 10.0, 'roll': 0.0, 'pitch': 0.0, 'last_fix_time': datetime.datetime(2021, 7, 29, 3, 7, 4), 'speed': None, 'rudder': 0, 'datum': (42.3, -71.1)}
2021-07-29 04:07:07,037 [INFO] Processing: $BFNVG,030705.16,4218.000483,N,07105.999295,W,0,10.0,1.0,52.4,0.0,0.0,030705.16*6B
2021-07-29 04:07:07,039 [INFO] Interpreted as: {'position': (0.9906447790563107, 0.8699837177991867), 'latlon': (42.30000805, -71.09998825), 'heading': 52.4, 'depth': 1.0, 'altitude': 10.0, 'roll': 0.0, 'pitch': 0.0, 'last_fix_time': datetime.datetime(2021, 7, 29, 3, 7, 5), 'speed': None, 'rudder': 0, 'datum': (42.3, -71.1)}
2021-07-29 04:07:07,039 [INFO] Processing: $BFNVG,030705.51,4218.000573,N,07105.999141,W,0,10.0,1.0,53.9,0.0,0.0,030705.51*63
2021-07-29 04:07:07,041 [INFO] Interpreted as: {'position': (1.206332709058188, 1.0313251130282879), 'latlon': (42.30000955, -71.09998568333333), 'heading': 53.9, 'depth': 1.0, 'altitude': 10.0, 'roll': 0.0, 'pitch': 0.0, 'last_fix_time': datetime.datetime(2021, 7, 29, 3, 7, 5), 'speed': None, 'rudder': 0, 'datum': (42.3, -71.1)}
2021-07-29 04:07:07,042 [INFO] Processing: $BFNVG,030705.85,4218.000658,N,07105.998988,W,0,10.0,1.0,55.4,0.0,0.0,030705.85*6E
2021-07-29 04:07:07,044 [INFO] Interpreted as: {'position': (1.4204183866386302, 1.183446935378015), 'latlon': (42.30001096666667, -71.09998313333334), 'heading': 55.4, 'depth': 1.0, 'altitude': 10.0, 'roll': 0.0, 'pitch': 0.0, 'last_fix_time': datetime.datetime(2021, 7, 29, 3, 7, 5), 'speed': None, 'rudder': 0, 'datum': (42.3, -71.1)}
2021-07-29 04:07:07,045 [INFO] Received from Frontseat: [b'$BFNVG,030704.82,4218.000392,N,07105.999442,W,0,10.0,1.0,50.9,0.0,0.0,030704.82*6F', b'$BFNVG,030705.16,4218.000483,N,07105.999295,W,0,10.0,1.0,52.4,0.0,0.0,030705.16*6B', b'$BFNVG,030705.51,4218.000573,N,07105.999141,W,0,10.0,1.0,53.9,0.0,0.0,030705.51*63', b'$BFNVG,030705.85,4218.000658,N,07105.998988,W,0,10.0,1.0,55.4,0.0,0.0,030705.85*6E']
2021-07-29 04:07:07,046 [INFO] AUV state: {'position': (1.4204183866386302, 1.183446935378015), 'latlon': (42.30001096666667, -71.09998313333334), 'heading': 55.4, 'depth': 1.0, 'altitude': 10.0, 'roll': 0.0, 'pitch': 0.0, 'last_fix_time': datetime.datetime(2021, 7, 29, 3, 7, 5), 'speed': None, 'rudder': 0, 'datum': (42.3, -71.1)}
2021-07-29 04:07:07,382 [INFO] **** [(-13.360855620029762, -9.861356483922169)] [(7.0829016060964705, -9.466318885422858)]
2021-07-29 04:07:07,384 [INFO] Next green buoy: [(-13.360855620029762, -9.861356483922169)], next red buoy: [(7.0829016060964705, -9.466318885422858)]
2021-07-29 04:07:07,385 [INFO] Desired_heading: 52.26102299303335
2021-07-29 04:07:07,385 [INFO] delta angle: -3.941270660106113
2021-07-29 04:07:07,386 [INFO] sending message $BPRMB,030707.40,3.941270660106113,1,0,750,0,1*58
...
2021-07-29 04:07:08,388 [INFO] sending message $BPSTS,030708.38,1,BWSI Autonomy OK*43
...
2021-07-29 04:07:08,389 [INFO] Processing: $BFNVG,030706.19,4218.000739,N,07105.998832,W,0,10.0,1.0,56.9,0.0,0.0,030706.19*66
2021-07-29 04:07:08,391 [INFO] Interpreted as: {'position': (1.638443010917399, 1.3280642591416836), 'latlon': (42.30001231666667, -71.09998053333334), 'heading': 56.9, 'depth': 1.0, 'altitude': 10.0, 'roll': 0.0, 'pitch': 0.0, 'last_fix_time': datetime.datetime(2021, 7, 29, 3, 7, 6), 'speed': None, 'rudder': 0, 'datum': (42.3, -71.1)}
2021-07-29 04:07:08,392 [INFO] Processing: $BFNVG,030706.53,4218.000819,N,07105.998675,W,0,10.0,1.0,57.2,0.0,0.0,030706.53*6C
2021-07-29 04:07:08,394 [INFO] Interpreted as: {'position': (1.8577958340756595, 1.4707969892770052), 'latlon': (42.30001365, -71.09997791666666), 'heading': 57.2, 'depth': 1.0, 'altitude': 10.0, 'roll': 0.0, 'pitch': 0.0, 'last_fix_time': datetime.datetime(2021, 7, 29, 3, 7, 6), 'speed': None, 'rudder': 0, 'datum': (42.3, -71.1)}
2021-07-29 04:07:08,394 [INFO] Processing: $BFNVG,030706.87,4218.000899,N,07105.998516,W,0,10.0,1.0,57.4,0.0,0.0,030706.87*64
2021-07-29 04:07:08,396 [INFO] Interpreted as: {'position': (2.0798964049317874, 1.613461916334927), 'latlon': (42.300014983333334, -71.09997526666666), 'heading': 57.4, 'depth': 1.0, 'altitude': 10.0, 'roll': 0.0, 'pitch': 0.0, 'last_fix_time': datetime.datetime(2021, 7, 29, 3, 7, 6), 'speed': None, 'rudder': 0, 'datum': (42.3, -71.1)}
2021-07-29 04:07:08,397 [INFO] Processing: $BFNVG,030707.21,4218.000978,N,07105.998357,W,0,10.0,1.0,57.7,0.0,0.0,030707.21*6A
2021-07-29 04:07:08,399 [INFO] Interpreted as: {'position': (2.3019512951141223, 1.754276154562831), 'latlon': (42.3000163, -71.09997261666666), 'heading': 57.7, 'depth': 1.0, 'altitude': 10.0, 'roll': 0.0, 'pitch': 0.0, 'last_fix_time': datetime.datetime(2021, 7, 29, 3, 7, 7), 'speed': None, 'rudder': 0, 'datum': (42.3, -71.1)}
2021-07-29 04:07:08,400 [INFO] Received from Frontseat: [b'$BFNVG,030706.19,4218.000739,N,07105.998832,W,0,10.0,1.0,56.9,0.0,0.0,030706.19*66', b'$BFNVG,030706.53,4218.000819,N,07105.998675,W,0,10.0,1.0,57.2,0.0,0.0,030706.53*6C', b'$BFNVG,030706.87,4218.000899,N,07105.998516,W,0,10.0,1.0,57.4,0.0,0.0,030706.87*64', b'$BFNVG,030707.21,4218.000978,N,07105.998357,W,0,10.0,1.0,57.7,0.0,0.0,030707.21*6A']
2021-07-29 04:07:08,401 [INFO] AUV state: {'position': (2.3019512951141223, 1.754276154562831), 'latlon': (42.3000163, -71.09997261666666), 'heading': 57.7, 'depth': 1.0, 'altitude': 10.0, 'roll': 0.0, 'pitch': 0.0, 'last_fix_time': datetime.datetime(2021, 7, 29, 3, 7, 7), 'speed': None, 'rudder': 0, 'datum': (42.3, -71.1)}
2021-07-29 04:07:08,741 [INFO] **** [(-18.72572142432245, -11.940083427195795)] [(5.585788347936359, -11.400998703328574)]
2021-07-29 04:07:08,743 [INFO] Next green buoy: [(-18.72572142432245, -11.940083427195795)], next red buoy: [(5.585788347936359, -11.400998703328574)]
2021-07-29 04:07:08,744 [INFO] Desired_heading: 51.13003346180696
2021-07-29 04:07:08,744 [INFO] delta angle: -17.26578412519052
2021-07-29 04:07:08,744 [INFO] sending message $BPRMB,030709.37,17.26578412519052,1,0,750,0,1*5d
...
2021-07-29 04:07:09,746 [INFO] sending message $BPSTS,030709.74,1,BWSI Autonomy OK*4a
...
2021-07-29 04:07:09,747 [INFO] Processing: $BFNVG,030707.55,4218.001057,N,07105.998197,W,0,10.0,1.0,58.0,0.0,0.0,030707.55*69
2021-07-29 04:07:09,750 [INFO] Interpreted as: {'position': (2.5253800557693467, 1.8950564917176962), 'latlon': (42.300017616666665, -71.09996995), 'heading': 58.0, 'depth': 1.0, 'altitude': 10.0, 'roll': 0.0, 'pitch': 0.0, 'last_fix_time': datetime.datetime(2021, 7, 29, 3, 7, 7), 'speed': None, 'rudder': 0, 'datum': (42.3, -71.1)}
2021-07-29 04:07:09,750 [INFO] Processing: $BFNVG,030707.89,4218.001136,N,07105.998038,W,0,10.0,1.0,57.7,0.0,0.0,030707.89*63
2021-07-29 04:07:09,752 [INFO] Interpreted as: {'position': (2.747434927849099, 2.035870742984116), 'latlon': (42.300018933333334, -71.0999673), 'heading': 57.7, 'depth': 1.0, 'altitude': 10.0, 'roll': 0.0, 'pitch': 0.0, 'last_fix_time': datetime.datetime(2021, 7, 29, 3, 7, 7), 'speed': None, 'rudder': 0, 'datum': (42.3, -71.1)}
2021-07-29 04:07:09,753 [INFO] Processing: $BFNVG,030708.23,4218.001214,N,07105.997879,W,0,10.0,1.0,57.5,0.0,0.0,030708.23*60
2021-07-29 04:07:09,755 [INFO] Interpreted as: {'position': (2.9694441195460968, 2.1748343035578728), 'latlon': (42.300020233333335, -71.09996465), 'heading': 57.5, 'depth': 1.0, 'altitude': 10.0, 'roll': 0.0, 'pitch': 0.0, 'last_fix_time': datetime.datetime(2021, 7, 29, 3, 7, 8), 'speed': None, 'rudder': 0, 'datum': (42.3, -71.1)}
2021-07-29 04:07:09,757 [INFO] Processing: $BFNVG,030708.57,4218.001294,N,07105.997720,W,0,10.0,1.0,57.2,0.0,0.0,030708.57*6C
2021-07-29 04:07:09,759 [INFO] Interpreted as: {'position': (3.191544644825626, 2.3174992641434073), 'latlon': (42.300021566666665, -71.099962), 'heading': 57.2, 'depth': 1.0, 'altitude': 10.0, 'roll': 0.0, 'pitch': 0.0, 'last_fix_time': datetime.datetime(2021, 7, 29, 3, 7, 8), 'speed': None, 'rudder': 0, 'datum': (42.3, -71.1)}
2021-07-29 04:07:09,760 [INFO] Received from Frontseat: [b'$BFNVG,030707.55,4218.001057,N,07105.998197,W,0,10.0,1.0,58.0,0.0,0.0,030707.55*69', b'$BFNVG,030707.89,4218.001136,N,07105.998038,W,0,10.0,1.0,57.7,0.0,0.0,030707.89*63', b'$BFNVG,030708.23,4218.001214,N,07105.997879,W,0,10.0,1.0,57.5,0.0,0.0,030708.23*60', b'$BFNVG,030708.57,4218.001294,N,07105.997720,W,0,10.0,1.0,57.2,0.0,0.0,030708.57*6C']
2021-07-29 04:07:09,761 [INFO] AUV state: {'position': (3.191544644825626, 2.3174992641434073), 'latlon': (42.300021566666665, -71.099962), 'heading': 57.2, 'depth': 1.0, 'altitude': 10.0, 'roll': 0.0, 'pitch': 0.0, 'last_fix_time': datetime.datetime(2021, 7, 29, 3, 7, 8), 'speed': None, 'rudder': 0, 'datum': (42.3, -71.1)}
2021-07-29 04:07:10,082 [INFO] **** [(-22.476459242264202, -14.759967911753526)] [(7.5078099214472145, -14.185112725824258)]
2021-07-29 04:07:10,085 [INFO] Next green buoy: [(-22.476459242264202, -14.759967911753526)], next red buoy: [(7.5078099214472145, -14.185112725824258)]
2021-07-29 04:07:10,085 [INFO] Desired_heading: 49.71567533959151
2021-07-29 04:07:10,086 [INFO] delta angle: -22.406046248959456
2021-07-29 04:07:10,086 [INFO] sending message $BPRMB,030710.11,22.406046248959456,1,0,750,0,1*68
...
2021-07-29 04:07:11,088 [INFO] sending message $BPSTS,030711.08,1,BWSI Autonomy OK*48
...
2021-07-29 04:07:11,089 [INFO] Processing: $BFNVG,030708.91,4218.001374,N,07105.997563,W,0,10.0,1.0,57.0,0.0,0.0,030708.91*64
2021-07-29 04:07:11,091 [INFO] Interpreted as: {'position': (3.4108974044793285, 2.4602320408448577), 'latlon': (42.3000229, -71.09995938333333), 'heading': 57.0, 'depth': 1.0, 'altitude': 10.0, 'roll': 0.0, 'pitch': 0.0, 'last_fix_time': datetime.datetime(2021, 7, 29, 3, 7, 8), 'speed': None, 'rudder': 0, 'datum': (42.3, -71.1)}
2021-07-29 04:07:11,093 [INFO] Processing: $BFNVG,030709.25,4218.001456,N,07105.997406,W,0,10.0,1.0,55.9,0.0,0.0,030709.25*6A
2021-07-29 04:07:11,095 [INFO] Interpreted as: {'position': (3.630341495270841, 2.6066662184894085), 'latlon': (42.30002426666667, -71.09995676666666), 'heading': 55.9, 'depth': 1.0, 'altitude': 10.0, 'roll': 0.0, 'pitch': 0.0, 'last_fix_time': datetime.datetime(2021, 7, 29, 3, 7, 9), 'speed': None, 'rudder': 0, 'datum': (42.3, -71.1)}
2021-07-29 04:07:11,096 [INFO] Processing: $BFNVG,030709.59,4218.001539,N,07105.997253,W,0,10.0,1.0,54.8,0.0,0.0,030709.59*64
2021-07-29 04:07:11,098 [INFO] Interpreted as: {'position': (3.844335733097978, 2.7550867162644863), 'latlon': (42.30002565, -71.09995421666666), 'heading': 54.8, 'depth': 1.0, 'altitude': 10.0, 'roll': 0.0, 'pitch': 0.0, 'last_fix_time': datetime.datetime(2021, 7, 29, 3, 7, 9), 'speed': None, 'rudder': 0, 'datum': (42.3, -71.1)}
2021-07-29 04:07:11,099 [INFO] Processing: $BFNVG,030709.93,4218.001624,N,07105.997101,W,0,10.0,1.0,53.7,0.0,0.0,030709.93*67
2021-07-29 04:07:11,101 [INFO] Interpreted as: {'position': (4.057047422393225, 2.9072425197809935), 'latlon': (42.300027066666665, -71.09995168333333), 'heading': 53.7, 'depth': 1.0, 'altitude': 10.0, 'roll': 0.0, 'pitch': 0.0, 'last_fix_time': datetime.datetime(2021, 7, 29, 3, 7, 9), 'speed': None, 'rudder': 0, 'datum': (42.3, -71.1)}
2021-07-29 04:07:11,102 [INFO] Received from Frontseat: [b'$BFNVG,030708.91,4218.001374,N,07105.997563,W,0,10.0,1.0,57.0,0.0,0.0,030708.91*64', b'$BFNVG,030709.25,4218.001456,N,07105.997406,W,0,10.0,1.0,55.9,0.0,0.0,030709.25*6A', b'$BFNVG,030709.59,4218.001539,N,07105.997253,W,0,10.0,1.0,54.8,0.0,0.0,030709.59*64', b'$BFNVG,030709.93,4218.001624,N,07105.997101,W,0,10.0,1.0,53.7,0.0,0.0,030709.93*67']
2021-07-29 04:07:11,103 [INFO] AUV state: {'position': (4.057047422393225, 2.9072425197809935), 'latlon': (42.300027066666665, -71.09995168333333), 'heading': 53.7, 'depth': 1.0, 'altitude': 10.0, 'roll': 0.0, 'pitch': 0.0, 'last_fix_time': datetime.datetime(2021, 7, 29, 3, 7, 9), 'speed': None, 'rudder': 0, 'datum': (42.3, -71.1)}
2021-07-29 04:07:11,452 [INFO] **** [] [(13.964026030382174, -18.6377441199294), (-12.806709895286312, -4.918804020239562)]
2021-07-29 04:07:11,455 [INFO] Next green buoy: [], next red buoy: [(13.964026030382174, -18.6377441199294), (-12.806709895286312, -4.918804020239562)]
2021-07-29 04:07:11,455 [INFO] Desired_heading: 67.66402603038217
2021-07-29 04:07:11,456 [INFO] delta angle: 25
2021-07-29 04:07:11,456 [INFO] sending message $BPRMB,030712.05,-25,1,0,750,0,1*57
...
2021-07-29 04:07:12,459 [INFO] sending message $BPSTS,030712.45,1,BWSI Autonomy OK*42
...
2021-07-29 04:07:12,461 [INFO] Processing: $BFNVG,030710.28,4218.001714,N,07105.996949,W,0,10.0,1.0,52.5,0.0,0.0,030710.28*63
2021-07-29 04:07:12,466 [INFO] Interpreted as: {'position': (4.269987457548268, 3.0686518158763647), 'latlon': (42.30002856666667, -71.09994915), 'heading': 52.5, 'depth': 1.0, 'altitude': 10.0, 'roll': 0.0, 'pitch': 0.0, 'last_fix_time': datetime.datetime(2021, 7, 29, 3, 7, 10), 'speed': None, 'rudder': 0, 'datum': (42.3, -71.1)}
2021-07-29 04:07:12,467 [INFO] Processing: $BFNVG,030710.62,4218.001804,N,07105.996801,W,0,10.0,1.0,51.1,0.0,0.0,030710.62*67
2021-07-29 04:07:12,470 [INFO] Interpreted as: {'position': (4.477431966224685, 3.2301967330276966), 'latlon': (42.300030066666665, -71.09994668333333), 'heading': 51.1, 'depth': 1.0, 'altitude': 10.0, 'roll': 0.0, 'pitch': 0.0, 'last_fix_time': datetime.datetime(2021, 7, 29, 3, 7, 10), 'speed': None, 'rudder': 0, 'datum': (42.3, -71.1)}
2021-07-29 04:07:12,471 [INFO] Processing: $BFNVG,030710.96,4218.001899,N,07105.996654,W,0,10.0,1.0,49.6,0.0,0.0,030710.96*63
2021-07-29 04:07:12,473 [INFO] Interpreted as: {'position': (4.68373094080016, 3.401029048487544), 'latlon': (42.30003165, -71.09994423333333), 'heading': 49.6, 'depth': 1.0, 'altitude': 10.0, 'roll': 0.0, 'pitch': 0.0, 'last_fix_time': datetime.datetime(2021, 7, 29, 3, 7, 10), 'speed': None, 'rudder': 0, 'datum': (42.3, -71.1)}
2021-07-29 04:07:12,473 [INFO] Processing: $BFNVG,030711.31,4218.001997,N,07105.996510,W,0,10.0,1.0,48.2,0.0,0.0,030711.31*6A
2021-07-29 04:07:12,475 [INFO] Interpreted as: {'position': (4.886045280552935, 3.577515169978142), 'latlon': (42.300033283333335, -71.09994183333333), 'heading': 48.2, 'depth': 1.0, 'altitude': 10.0, 'roll': 0.0, 'pitch': 0.0, 'last_fix_time': datetime.datetime(2021, 7, 29, 3, 7, 11), 'speed': None, 'rudder': 0, 'datum': (42.3, -71.1)}
2021-07-29 04:07:12,476 [INFO] Received from Frontseat: [b'$BFNVG,030710.28,4218.001714,N,07105.996949,W,0,10.0,1.0,52.5,0.0,0.0,030710.28*63', b'$BFNVG,030710.62,4218.001804,N,07105.996801,W,0,10.0,1.0,51.1,0.0,0.0,030710.62*67', b'$BFNVG,030710.96,4218.001899,N,07105.996654,W,0,10.0,1.0,49.6,0.0,0.0,030710.96*63', b'$BFNVG,030711.31,4218.001997,N,07105.996510,W,0,10.0,1.0,48.2,0.0,0.0,030711.31*6A']
2021-07-29 04:07:12,477 [INFO] AUV state: {'position': (4.886045280552935, 3.577515169978142), 'latlon': (42.300033283333335, -71.09994183333333), 'heading': 48.2, 'depth': 1.0, 'altitude': 10.0, 'roll': 0.0, 'pitch': 0.0, 'last_fix_time': datetime.datetime(2021, 7, 29, 3, 7, 11), 'speed': None, 'rudder': 0, 'datum': (42.3, -71.1)}
2021-07-29 04:07:12,785 [INFO] **** [] [(-7.755073106487263, -5.348818804176342)]
2021-07-29 04:07:12,787 [INFO] Next green buoy: [], next red buoy: [(-7.755073106487263, -5.348818804176342)]
2021-07-29 04:07:12,787 [INFO] Desired_heading: 40.44492689351274
2021-07-29 04:07:12,788 [INFO] delta angle: -24.056463554784784
2021-07-29 04:07:12,788 [INFO] sending message $BPRMB,030712.86,24.056463554784784,1,0,750,0,1*68
...
2021-07-29 04:07:13,790 [INFO] sending message $BPSTS,030713.79,1,BWSI Autonomy OK*4c
...
2021-07-29 04:07:13,791 [INFO] Processing: $BFNVG,030711.66,4218.002098,N,07105.996369,W,0,10.0,1.0,46.7,0.0,0.0,030711.66*6C
2021-07-29 04:07:13,793 [INFO] Interpreted as: {'position': (5.084374985541217, 3.7596551021561027), 'latlon': (42.300034966666665, -71.09993948333333), 'heading': 46.7, 'depth': 1.0, 'altitude': 10.0, 'roll': 0.0, 'pitch': 0.0, 'last_fix_time': datetime.datetime(2021, 7, 29, 3, 7, 11), 'speed': None, 'rudder': 0, 'datum': (42.3, -71.1)}
2021-07-29 04:07:13,794 [INFO] Processing: $BFNVG,030712.00,4218.002196,N,07105.996232,W,0,10.0,1.0,48.3,0.0,0.0,030712.00*66
2021-07-29 04:07:13,797 [INFO] Interpreted as: {'position': (5.2770721518900245, 3.9363785637542605), 'latlon': (42.3000366, -71.0999372), 'heading': 48.3, 'depth': 1.0, 'altitude': 10.0, 'roll': 0.0, 'pitch': 0.0, 'last_fix_time': datetime.datetime(2021, 7, 29, 3, 7, 12), 'speed': None, 'rudder': 0, 'datum': (42.3, -71.1)}
2021-07-29 04:07:13,798 [INFO] Processing: $BFNVG,030712.34,4218.002291,N,07105.996091,W,0,10.0,1.0,49.9,0.0,0.0,030712.34*62
2021-07-29 04:07:13,800 [INFO] Interpreted as: {'position': (5.475127812591381, 4.107414322905242), 'latlon': (42.300038183333335, -71.09993485), 'heading': 49.9, 'depth': 1.0, 'altitude': 10.0, 'roll': 0.0, 'pitch': 0.0, 'last_fix_time': datetime.datetime(2021, 7, 29, 3, 7, 12), 'speed': None, 'rudder': 0, 'datum': (42.3, -71.1)}
2021-07-29 04:07:13,800 [INFO] Processing: $BFNVG,030712.68,4218.002384,N,07105.995945,W,0,10.0,1.0,51.5,0.0,0.0,030712.68*61
2021-07-29 04:07:13,802 [INFO] Interpreted as: {'position': (5.679961516871117, 4.274579174816608), 'latlon': (42.300039733333335, -71.09993241666666), 'heading': 51.5, 'depth': 1.0, 'altitude': 10.0, 'roll': 0.0, 'pitch': 0.0, 'last_fix_time': datetime.datetime(2021, 7, 29, 3, 7, 12), 'speed': None, 'rudder': 0, 'datum': (42.3, -71.1)}
2021-07-29 04:07:13,803 [INFO] Received from Frontseat: [b'$BFNVG,030711.66,4218.002098,N,07105.996369,W,0,10.0,1.0,46.7,0.0,0.0,030711.66*6C', b'$BFNVG,030712.00,4218.002196,N,07105.996232,W,0,10.0,1.0,48.3,0.0,0.0,030712.00*66', b'$BFNVG,030712.34,4218.002291,N,07105.996091,W,0,10.0,1.0,49.9,0.0,0.0,030712.34*62', b'$BFNVG,030712.68,4218.002384,N,07105.995945,W,0,10.0,1.0,51.5,0.0,0.0,030712.68*61']
2021-07-29 04:07:13,804 [INFO] AUV state: {'position': (5.679961516871117, 4.274579174816608), 'latlon': (42.300039733333335, -71.09993241666666), 'heading': 51.5, 'depth': 1.0, 'altitude': 10.0, 'roll': 0.0, 'pitch': 0.0, 'last_fix_time': datetime.datetime(2021, 7, 29, 3, 7, 12), 'speed': None, 'rudder': 0, 'datum': (42.3, -71.1)}
2021-07-29 04:07:14,107 [INFO] **** [] [(-12.168103458341697, -5.892631892804822)]
2021-07-29 04:07:14,109 [INFO] Next green buoy: [], next red buoy: [(-12.168103458341697, -5.892631892804822)]
2021-07-29 04:07:14,109 [INFO] Desired_heading: 39.3318965416583
2021-07-29 04:07:14,110 [INFO] delta angle: -25
2021-07-29 04:07:14,110 [INFO] sending message $BPRMB,030714.72,25,1,0,750,0,1*7c
...
2021-07-29 04:07:15,112 [INFO] sending message $BPSTS,030715.11,1,BWSI Autonomy OK*44
...
2021-07-29 04:07:15,113 [INFO] Processing: $BFNVG,030713.02,4218.002474,N,07105.995797,W,0,10.0,1.0,53.1,0.0,0.0,030713.02*6E
2021-07-29 04:07:15,115 [INFO] Interpreted as: {'position': (5.887405957502779, 4.436124132946134), 'latlon': (42.30004123333333, -71.09992995), 'heading': 53.1, 'depth': 1.0, 'altitude': 10.0, 'roll': 0.0, 'pitch': 0.0, 'last_fix_time': datetime.datetime(2021, 7, 29, 3, 7, 13), 'speed': None, 'rudder': 0, 'datum': (42.3, -71.1)}
2021-07-29 04:07:15,116 [INFO] Processing: $BFNVG,030713.36,4218.002563,N,07105.995649,W,0,10.0,1.0,51.6,0.0,0.0,030713.36*6E
2021-07-29 04:07:15,118 [INFO] Interpreted as: {'position': (6.094804718042724, 4.595818399451673), 'latlon': (42.30004271666667, -71.09992748333333), 'heading': 51.6, 'depth': 1.0, 'altitude': 10.0, 'roll': 0.0, 'pitch': 0.0, 'last_fix_time': datetime.datetime(2021, 7, 29, 3, 7, 13), 'speed': None, 'rudder': 0, 'datum': (42.3, -71.1)}
2021-07-29 04:07:15,119 [INFO] Processing: $BFNVG,030713.70,4218.002655,N,07105.995505,W,0,10.0,1.0,50.1,0.0,0.0,030713.70*65
2021-07-29 04:07:15,121 [INFO] Interpreted as: {'position': (6.296844965196215, 4.761200379580259), 'latlon': (42.30004425, -71.09992508333333), 'heading': 50.1, 'depth': 1.0, 'altitude': 10.0, 'roll': 0.0, 'pitch': 0.0, 'last_fix_time': datetime.datetime(2021, 7, 29, 3, 7, 13), 'speed': None, 'rudder': 0, 'datum': (42.3, -71.1)}
2021-07-29 04:07:15,122 [INFO] Processing: $BFNVG,030714.04,4218.002750,N,07105.995363,W,0,10.0,1.0,48.5,0.0,0.0,030714.04*6A
2021-07-29 04:07:15,124 [INFO] Interpreted as: {'position': (6.496274456498213, 4.932202263735235), 'latlon': (42.300045833333336, -71.09992271666667), 'heading': 48.5, 'depth': 1.0, 'altitude': 10.0, 'roll': 0.0, 'pitch': 0.0, 'last_fix_time': datetime.datetime(2021, 7, 29, 3, 7, 14), 'speed': None, 'rudder': 0, 'datum': (42.3, -71.1)}
2021-07-29 04:07:15,125 [INFO] Received from Frontseat: [b'$BFNVG,030713.02,4218.002474,N,07105.995797,W,0,10.0,1.0,53.1,0.0,0.0,030713.02*6E', b'$BFNVG,030713.36,4218.002563,N,07105.995649,W,0,10.0,1.0,51.6,0.0,0.0,030713.36*6E', b'$BFNVG,030713.70,4218.002655,N,07105.995505,W,0,10.0,1.0,50.1,0.0,0.0,030713.70*65', b'$BFNVG,030714.04,4218.002750,N,07105.995363,W,0,10.0,1.0,48.5,0.0,0.0,030714.04*6A']
2021-07-29 04:07:15,126 [INFO] AUV state: {'position': (6.496274456498213, 4.932202263735235), 'latlon': (42.300045833333336, -71.09992271666667), 'heading': 48.5, 'depth': 1.0, 'altitude': 10.0, 'roll': 0.0, 'pitch': 0.0, 'last_fix_time': datetime.datetime(2021, 7, 29, 3, 7, 14), 'speed': None, 'rudder': 0, 'datum': (42.3, -71.1)}
2021-07-29 04:07:15,427 [INFO] **** [] [(-10.212233147190716, -6.602454040550873)]
2021-07-29 04:07:15,429 [INFO] Next green buoy: [], next red buoy: [(-10.212233147190716, -6.602454040550873)]
2021-07-29 04:07:15,430 [INFO] Desired_heading: 38.287766852809284
2021-07-29 04:07:15,430 [INFO] delta angle: -25
2021-07-29 04:07:15,430 [INFO] sending message $BPRMB,030715.50,25,1,0,750,0,1*7d
...
2021-07-29 04:07:16,432 [INFO] sending message $BPSTS,030716.43,1,BWSI Autonomy OK*40
...
2021-07-29 04:07:16,433 [INFO] Processing: $BFNVG,030714.38,4218.002847,N,07105.995225,W,0,10.0,1.0,47.0,0.0,0.0,030714.38*6A
2021-07-29 04:07:16,435 [INFO] Interpreted as: {'position': (6.690299763926305, 5.107041161507368), 'latlon': (42.30004745, -71.09992041666666), 'heading': 47.0, 'depth': 1.0, 'altitude': 10.0, 'roll': 0.0, 'pitch': 0.0, 'last_fix_time': datetime.datetime(2021, 7, 29, 3, 7, 14), 'speed': None, 'rudder': 0, 'datum': (42.3, -71.1)}
2021-07-29 04:07:16,436 [INFO] Processing: $BFNVG,030714.72,4218.002949,N,07105.995090,W,0,10.0,1.0,45.4,0.0,0.0,030714.72*6F
2021-07-29 04:07:16,438 [INFO] Interpreted as: {'position': (6.880431777215563, 5.291235261596739), 'latlon': (42.30004915, -71.09991816666667), 'heading': 45.4, 'depth': 1.0, 'altitude': 10.0, 'roll': 0.0, 'pitch': 0.0, 'last_fix_time': datetime.datetime(2021, 7, 29, 3, 7, 14), 'speed': None, 'rudder': 0, 'datum': (42.3, -71.1)}
2021-07-29 04:07:16,439 [INFO] Processing: $BFNVG,030715.07,4218.003056,N,07105.994955,W,0,10.0,1.0,43.7,0.0,0.0,030715.07*6D
2021-07-29 04:07:16,441 [INFO] Interpreted as: {'position': (7.070792132173665, 5.4846828524023294), 'latlon': (42.30005093333333, -71.09991591666666), 'heading': 43.7, 'depth': 1.0, 'altitude': 10.0, 'roll': 0.0, 'pitch': 0.0, 'last_fix_time': datetime.datetime(2021, 7, 29, 3, 7, 15), 'speed': None, 'rudder': 0, 'datum': (42.3, -71.1)}
2021-07-29 04:07:16,442 [INFO] Processing: $BFNVG,030715.42,4218.003164,N,07105.994825,W,0,10.0,1.0,42.1,0.0,0.0,030715.42*6C
2021-07-29 04:07:16,444 [INFO] Interpreted as: {'position': (7.254328753857408, 5.680150663480163), 'latlon': (42.30005273333333, -71.09991375), 'heading': 42.1, 'depth': 1.0, 'altitude': 10.0, 'roll': 0.0, 'pitch': 0.0, 'last_fix_time': datetime.datetime(2021, 7, 29, 3, 7, 15), 'speed': None, 'rudder': 0, 'datum': (42.3, -71.1)}
2021-07-29 04:07:16,445 [INFO] Received from Frontseat: [b'$BFNVG,030714.38,4218.002847,N,07105.995225,W,0,10.0,1.0,47.0,0.0,0.0,030714.38*6A', b'$BFNVG,030714.72,4218.002949,N,07105.995090,W,0,10.0,1.0,45.4,0.0,0.0,030714.72*6F', b'$BFNVG,030715.07,4218.003056,N,07105.994955,W,0,10.0,1.0,43.7,0.0,0.0,030715.07*6D', b'$BFNVG,030715.42,4218.003164,N,07105.994825,W,0,10.0,1.0,42.1,0.0,0.0,030715.42*6C']
2021-07-29 04:07:16,446 [INFO] AUV state: {'position': (7.254328753857408, 5.680150663480163), 'latlon': (42.30005273333333, -71.09991375), 'heading': 42.1, 'depth': 1.0, 'altitude': 10.0, 'roll': 0.0, 'pitch': 0.0, 'last_fix_time': datetime.datetime(2021, 7, 29, 3, 7, 15), 'speed': None, 'rudder': 0, 'datum': (42.3, -71.1)}
2021-07-29 04:07:16,749 [INFO] **** [(-17.486731285834768, -6.748636907526558)] [(-4.171436396519193, -7.386616388008989), (8.768626501696977, -4.714349240924629)]
2021-07-29 04:07:16,751 [INFO] Next green buoy: [(-17.486731285834768, -6.748636907526558)], next red buoy: [(-4.171436396519193, -7.386616388008989), (8.768626501696977, -4.714349240924629)]
2021-07-29 04:07:16,752 [INFO] Desired_heading: 31.27091615882302
2021-07-29 04:07:16,752 [INFO] delta angle: -25
2021-07-29 04:07:16,752 [INFO] sending message $BPRMB,030717.35,25,1,0,750,0,1*7c
...
2021-07-29 04:07:17,754 [INFO] sending message $BPSTS,030717.75,1,BWSI Autonomy OK*44
...
2021-07-29 04:07:17,756 [INFO] Processing: $BFNVG,030715.77,4218.003275,N,07105.994700,W,0,10.0,1.0,40.5,0.0,0.0,030715.77*61
2021-07-29 04:07:17,761 [INFO] Interpreted as: {'position': (7.431132980971597, 5.881340088322759), 'latlon': (42.300054583333335, -71.09991166666667), 'heading': 40.5, 'depth': 1.0, 'altitude': 10.0, 'roll': 0.0, 'pitch': 0.0, 'last_fix_time': datetime.datetime(2021, 7, 29, 3, 7, 15), 'speed': None, 'rudder': 0, 'datum': (42.3, -71.1)}
2021-07-29 04:07:17,762 [INFO] Processing: $BFNVG,030716.11,4218.003389,N,07105.994580,W,0,10.0,1.0,38.8,0.0,0.0,030716.11*6B
2021-07-29 04:07:17,764 [INFO] Interpreted as: {'position': (7.601204817881808, 6.088251126930118), 'latlon': (42.300056483333336, -71.09990966666666), 'heading': 38.8, 'depth': 1.0, 'altitude': 10.0, 'roll': 0.0, 'pitch': 0.0, 'last_fix_time': datetime.datetime(2021, 7, 29, 3, 7, 16), 'speed': None, 'rudder': 0, 'datum': (42.3, -71.1)}
2021-07-29 04:07:17,765 [INFO] Processing: $BFNVG,030716.46,4218.003505,N,07105.994463,W,0,10.0,1.0,37.2,0.0,0.0,030716.46*60
2021-07-29 04:07:17,767 [INFO] Interpreted as: {'position': (7.767246347561013, 6.298965274356306), 'latlon': (42.300058416666666, -71.09990771666666), 'heading': 37.2, 'depth': 1.0, 'altitude': 10.0, 'roll': 0.0, 'pitch': 0.0, 'last_fix_time': datetime.datetime(2021, 7, 29, 3, 7, 16), 'speed': None, 'rudder': 0, 'datum': (42.3, -71.1)}
2021-07-29 04:07:17,768 [INFO] Received from Frontseat: [b'$BFNVG,030715.77,4218.003275,N,07105.994700,W,0,10.0,1.0,40.5,0.0,0.0,030715.77*61', b'$BFNVG,030716.11,4218.003389,N,07105.994580,W,0,10.0,1.0,38.8,0.0,0.0,030716.11*6B', b'$BFNVG,030716.46,4218.003505,N,07105.994463,W,0,10.0,1.0,37.2,0.0,0.0,030716.46*60']
2021-07-29 04:07:17,768 [INFO] AUV state: {'position': (7.767246347561013, 6.298965274356306), 'latlon': (42.300058416666666, -71.09990771666666), 'heading': 37.2, 'depth': 1.0, 'altitude': 10.0, 'roll': 0.0, 'pitch': 0.0, 'last_fix_time': datetime.datetime(2021, 7, 29, 3, 7, 16), 'speed': None, 'rudder': 0, 'datum': (42.3, -71.1)}
2021-07-29 04:07:18,065 [INFO] **** [(-13.738972367252842, -7.474892382511315)] [(1.214401871187077, -8.24833232710275), (14.712711890381437, -4.930496771105958)]
2021-07-29 04:07:18,067 [INFO] Next green buoy: [(-13.738972367252842, -7.474892382511315)], next red buoy: [(1.214401871187077, -8.24833232710275), (14.712711890381437, -4.930496771105958)]
2021-07-29 04:07:18,068 [INFO] Desired_heading: 30.93771475196712
2021-07-29 04:07:18,068 [INFO] delta angle: -15.686486611092107
2021-07-29 04:07:18,069 [INFO] sending message $BPRMB,030718.14,15.686486611092107,1,0,750,0,1*64
...
2021-07-29 04:07:19,070 [INFO] sending message $BPSTS,030719.07,1,BWSI Autonomy OK*4f
...
2021-07-29 04:07:19,072 [INFO] Processing: $BFNVG,030716.81,4218.003623,N,07105.994352,W,0,10.0,1.0,35.6,0.0,0.0,030716.81*64
2021-07-29 04:07:19,074 [INFO] Interpreted as: {'position': (7.925135938974563, 6.513584239408374), 'latlon': (42.30006038333333, -71.09990586666666), 'heading': 35.6, 'depth': 1.0, 'altitude': 10.0, 'roll': 0.0, 'pitch': 0.0, 'last_fix_time': datetime.datetime(2021, 7, 29, 3, 7, 16), 'speed': None, 'rudder': 0, 'datum': (42.3, -71.1)}
2021-07-29 04:07:19,075 [INFO] Processing: $BFNVG,030717.15,4218.003743,N,07105.994246,W,0,10.0,1.0,34.0,0.0,0.0,030717.15*60
2021-07-29 04:07:19,077 [INFO] Interpreted as: {'position': (8.07624746899819, 6.732074121944606), 'latlon': (42.300062383333334, -71.0999041), 'heading': 34.0, 'depth': 1.0, 'altitude': 10.0, 'roll': 0.0, 'pitch': 0.0, 'last_fix_time': datetime.datetime(2021, 7, 29, 3, 7, 17), 'speed': None, 'rudder': 0, 'datum': (42.3, -71.1)}
2021-07-29 04:07:19,078 [INFO] Processing: $BFNVG,030717.49,4218.003864,N,07105.994145,W,0,10.0,1.0,32.4,0.0,0.0,030717.49*68
2021-07-29 04:07:19,080 [INFO] Interpreted as: {'position': (8.22053526592208, 6.952584220096469), 'latlon': (42.3000644, -71.09990241666667), 'heading': 32.4, 'depth': 1.0, 'altitude': 10.0, 'roll': 0.0, 'pitch': 0.0, 'last_fix_time': datetime.datetime(2021, 7, 29, 3, 7, 17), 'speed': None, 'rudder': 0, 'datum': (42.3, -71.1)}
2021-07-29 04:07:19,081 [INFO] Processing: $BFNVG,030717.83,4218.003987,N,07105.994049,W,0,10.0,1.0,30.8,0.0,0.0,030717.83*67
2021-07-29 04:07:19,083 [INFO] Interpreted as: {'position': (8.358045002445579, 7.176965233869851), 'latlon': (42.30006645, -71.09990081666666), 'heading': 30.8, 'depth': 1.0, 'altitude': 10.0, 'roll': 0.0, 'pitch': 0.0, 'last_fix_time': datetime.datetime(2021, 7, 29, 3, 7, 17), 'speed': None, 'rudder': 0, 'datum': (42.3, -71.1)}
2021-07-29 04:07:19,084 [INFO] Received from Frontseat: [b'$BFNVG,030716.81,4218.003623,N,07105.994352,W,0,10.0,1.0,35.6,0.0,0.0,030716.81*64', b'$BFNVG,030717.15,4218.003743,N,07105.994246,W,0,10.0,1.0,34.0,0.0,0.0,030717.15*60', b'$BFNVG,030717.49,4218.003864,N,07105.994145,W,0,10.0,1.0,32.4,0.0,0.0,030717.49*68', b'$BFNVG,030717.83,4218.003987,N,07105.994049,W,0,10.0,1.0,30.8,0.0,0.0,030717.83*67']
2021-07-29 04:07:19,085 [INFO] AUV state: {'position': (8.358045002445579, 7.176965233869851), 'latlon': (42.30006645, -71.09990081666666), 'heading': 30.8, 'depth': 1.0, 'altitude': 10.0, 'roll': 0.0, 'pitch': 0.0, 'last_fix_time': datetime.datetime(2021, 7, 29, 3, 7, 17), 'speed': None, 'rudder': 0, 'datum': (42.3, -71.1)}
2021-07-29 04:07:19,384 [INFO] **** [(-8.476018653863413, -8.56595180284505)] [(9.047917657968243, -9.563878288753921), (22.593094348650784, -5.348818804176342)]
2021-07-29 04:07:19,386 [INFO] Next green buoy: [(-8.476018653863413, -8.56595180284505)], next red buoy: [(9.047917657968243, -9.563878288753921), (22.593094348650784, -5.348818804176342)]
2021-07-29 04:07:19,386 [INFO] Desired_heading: 31.085949502052415
2021-07-29 04:07:19,387 [INFO] delta angle: 0.032706847089609484
2021-07-29 04:07:19,387 [INFO] sending message $BPRMB,030719.99,-0.032706847089609484,1,0,750,0,1*4d
...
2021-07-29 04:07:20,389 [INFO] sending message $BPSTS,030720.38,1,BWSI Autonomy OK*49
...
2021-07-29 04:07:20,390 [INFO] Processing: $BFNVG,030718.18,4218.004112,N,07105.993957,W,0,10.0,1.0,29.2,0.0,0.0,030718.18*67
2021-07-29 04:07:20,393 [INFO] Interpreted as: {'position': (8.490150559227914, 7.405183256603777), 'latlon': (42.30006853333333, -71.09989928333333), 'heading': 29.2, 'depth': 1.0, 'altitude': 10.0, 'roll': 0.0, 'pitch': 0.0, 'last_fix_time': datetime.datetime(2021, 7, 29, 3, 7, 18), 'speed': None, 'rudder': 0, 'datum': (42.3, -71.1)}
2021-07-29 04:07:20,394 [INFO] Processing: $BFNVG,030718.52,4218.004239,N,07105.993869,W,0,10.0,1.0,28.2,0.0,0.0,030718.52*60
2021-07-29 04:07:20,396 [INFO] Interpreted as: {'position': (8.616851932718419, 7.637238291092217), 'latlon': (42.30007065, -71.09989781666667), 'heading': 28.2, 'depth': 1.0, 'altitude': 10.0, 'roll': 0.0, 'pitch': 0.0, 'last_fix_time': datetime.datetime(2021, 7, 29, 3, 7, 18), 'speed': None, 'rudder': 0, 'datum': (42.3, -71.1)}
2021-07-29 04:07:20,397 [INFO] Processing: $BFNVG,030718.86,4218.004368,N,07105.993783,W,0,10.0,1.0,27.1,0.0,0.0,030718.86*62
2021-07-29 04:07:20,399 [INFO] Interpreted as: {'position': (8.740896881616209, 7.873062528669834), 'latlon': (42.3000728, -71.09989638333333), 'heading': 27.1, 'depth': 1.0, 'altitude': 10.0, 'roll': 0.0, 'pitch': 0.0, 'last_fix_time': datetime.datetime(2021, 7, 29, 3, 7, 18), 'speed': None, 'rudder': 0, 'datum': (42.3, -71.1)}
2021-07-29 04:07:20,399 [INFO] Processing: $BFNVG,030719.20,4218.004496,N,07105.993702,W,0,10.0,1.0,26.1,0.0,0.0,030719.20*6C
2021-07-29 04:07:20,401 [INFO] Interpreted as: {'position': (8.858026762027293, 8.107205585576594), 'latlon': (42.300074933333335, -71.09989503333334), 'heading': 26.1, 'depth': 1.0, 'altitude': 10.0, 'roll': 0.0, 'pitch': 0.0, 'last_fix_time': datetime.datetime(2021, 7, 29, 3, 7, 19), 'speed': None, 'rudder': 0, 'datum': (42.3, -71.1)}
2021-07-29 04:07:20,402 [INFO] Received from Frontseat: [b'$BFNVG,030718.18,4218.004112,N,07105.993957,W,0,10.0,1.0,29.2,0.0,0.0,030718.18*67', b'$BFNVG,030718.52,4218.004239,N,07105.993869,W,0,10.0,1.0,28.2,0.0,0.0,030718.52*60', b'$BFNVG,030718.86,4218.004368,N,07105.993783,W,0,10.0,1.0,27.1,0.0,0.0,030718.86*62', b'$BFNVG,030719.20,4218.004496,N,07105.993702,W,0,10.0,1.0,26.1,0.0,0.0,030719.20*6C']
2021-07-29 04:07:20,403 [INFO] AUV state: {'position': (8.858026762027293, 8.107205585576594), 'latlon': (42.300074933333335, -71.09989503333334), 'heading': 26.1, 'depth': 1.0, 'altitude': 10.0, 'roll': 0.0, 'pitch': 0.0, 'last_fix_time': datetime.datetime(2021, 7, 29, 3, 7, 19), 'speed': None, 'rudder': 0, 'datum': (42.3, -71.1)}
2021-07-29 04:07:20,700 [INFO] **** [(-4.277439478835874, -10.013086832314084)] [(16.260462477017814, -11.505420843413377)]
2021-07-29 04:07:20,702 [INFO] Next green buoy: [(-4.277439478835874, -10.013086832314084)], next red buoy: [(16.260462477017814, -11.505420843413377)]
2021-07-29 04:07:20,703 [INFO] Desired_heading: 32.09151149909097
2021-07-29 04:07:20,703 [INFO] delta angle: 14.359284017495721
2021-07-29 04:07:20,704 [INFO] sending message $BPRMB,030720.78,-14.359284017495721,1,0,750,0,1*4b
...
2021-07-29 04:07:21,706 [INFO] sending message $BPSTS,030721.70,1,BWSI Autonomy OK*44
...
2021-07-29 04:07:21,707 [INFO] Processing: $BFNVG,030719.55,4218.004627,N,07105.993623,W,0,10.0,1.0,25.1,0.0,0.0,030719.55*65
2021-07-29 04:07:21,709 [INFO] Interpreted as: {'position': (8.972545888449531, 8.346968543715775), 'latlon': (42.300077116666664, -71.09989371666667), 'heading': 25.1, 'depth': 1.0, 'altitude': 10.0, 'roll': 0.0, 'pitch': 0.0, 'last_fix_time': datetime.datetime(2021, 7, 29, 3, 7, 19), 'speed': None, 'rudder': 0, 'datum': (42.3, -71.1)}
2021-07-29 04:07:21,710 [INFO] Processing: $BFNVG,030719.89,4218.004758,N,07105.993545,W,0,10.0,1.0,25.1,0.0,0.0,030719.89*6F
2021-07-29 04:07:21,712 [INFO] Interpreted as: {'position': (9.085691131651402, 8.586765407584608), 'latlon': (42.3000793, -71.09989241666666), 'heading': 25.1, 'depth': 1.0, 'altitude': 10.0, 'roll': 0.0, 'pitch': 0.0, 'last_fix_time': datetime.datetime(2021, 7, 29, 3, 7, 19), 'speed': None, 'rudder': 0, 'datum': (42.3, -71.1)}
2021-07-29 04:07:21,713 [INFO] Processing: $BFNVG,030720.24,4218.004889,N,07105.993467,W,0,10.0,1.0,25.1,0.0,0.0,030720.24*6D
2021-07-29 04:07:21,715 [INFO] Interpreted as: {'position': (9.198836363386363, 8.826562273316085), 'latlon': (42.30008148333334, -71.09989111666667), 'heading': 25.1, 'depth': 1.0, 'altitude': 10.0, 'roll': 0.0, 'pitch': 0.0, 'last_fix_time': datetime.datetime(2021, 7, 29, 3, 7, 20), 'speed': None, 'rudder': 0, 'datum': (42.3, -71.1)}
2021-07-29 04:07:21,717 [INFO] Processing: $BFNVG,030720.58,4218.005022,N,07105.993389,W,0,10.0,1.0,25.1,0.0,0.0,030720.58*62
2021-07-29 04:07:21,719 [INFO] Interpreted as: {'position': (9.312072931788862, 9.070060533471406), 'latlon': (42.3000837, -71.09988981666666), 'heading': 25.1, 'depth': 1.0, 'altitude': 10.0, 'roll': 0.0, 'pitch': 0.0, 'last_fix_time': datetime.datetime(2021, 7, 29, 3, 7, 20), 'speed': None, 'rudder': 0, 'datum': (42.3, -71.1)}
2021-07-29 04:07:21,720 [INFO] Received from Frontseat: [b'$BFNVG,030719.55,4218.004627,N,07105.993623,W,0,10.0,1.0,25.1,0.0,0.0,030719.55*65', b'$BFNVG,030719.89,4218.004758,N,07105.993545,W,0,10.0,1.0,25.1,0.0,0.0,030719.89*6F', b'$BFNVG,030720.24,4218.004889,N,07105.993467,W,0,10.0,1.0,25.1,0.0,0.0,030720.24*6D', b'$BFNVG,030720.58,4218.005022,N,07105.993389,W,0,10.0,1.0,25.1,0.0,0.0,030720.58*62']
2021-07-29 04:07:21,721 [INFO] AUV state: {'position': (9.312072931788862, 9.070060533471406), 'latlon': (42.3000837, -71.09988981666666), 'heading': 25.1, 'depth': 1.0, 'altitude': 10.0, 'roll': 0.0, 'pitch': 0.0, 'last_fix_time': datetime.datetime(2021, 7, 29, 3, 7, 20), 'speed': None, 'rudder': 0, 'datum': (42.3, -71.1)}
2021-07-29 04:07:22,025 [INFO] **** [(-3.9209732424758923, -12.092608203105318)] [(21.069401441898858, -14.134859012974259)]
2021-07-29 04:07:22,027 [INFO] Next green buoy: [(-3.9209732424758923, -12.092608203105318)], next red buoy: [(21.069401441898858, -14.134859012974259)]
2021-07-29 04:07:22,027 [INFO] Desired_heading: 33.674214099711484
2021-07-29 04:07:22,028 [INFO] delta angle: 25
2021-07-29 04:07:22,028 [INFO] sending message $BPRMB,030722.62,-25,1,0,750,0,1*55
...
2021-07-29 04:07:23,030 [INFO] sending message $BPSTS,030723.03,1,BWSI Autonomy OK*42
...
2021-07-29 04:07:23,031 [INFO] Processing: $BFNVG,030720.94,4218.005157,N,07105.993309,W,0,10.0,1.0,25.1,0.0,0.0,030720.94*69
2021-07-29 04:07:23,037 [INFO] Interpreted as: {'position': (9.428148586070165, 9.317192384041846), 'latlon': (42.30008595, -71.09988848333333), 'heading': 25.1, 'depth': 1.0, 'altitude': 10.0, 'roll': 0.0, 'pitch': 0.0, 'last_fix_time': datetime.datetime(2021, 7, 29, 3, 7, 20), 'speed': None, 'rudder': 0, 'datum': (42.3, -71.1)}
2021-07-29 04:07:23,038 [INFO] Processing: $BFNVG,030721.29,4218.005293,N,07105.993227,W,0,10.0,1.0,26.1,0.0,0.0,030721.29*6C
2021-07-29 04:07:23,040 [INFO] Interpreted as: {'position': (9.54701765824575, 9.566107125021517), 'latlon': (42.300088216666666, -71.09988711666666), 'heading': 26.1, 'depth': 1.0, 'altitude': 10.0, 'roll': 0.0, 'pitch': 0.0, 'last_fix_time': datetime.datetime(2021, 7, 29, 3, 7, 21), 'speed': None, 'rudder': 0, 'datum': (42.3, -71.1)}
2021-07-29 04:07:23,041 [INFO] Processing: $BFNVG,030721.65,4218.005427,N,07105.993142,W,0,10.0,1.0,27.1,0.0,0.0,030721.65*64
2021-07-29 04:07:23,043 [INFO] Interpreted as: {'position': (9.669917016639374, 9.811218765564263), 'latlon': (42.30009045, -71.0998857), 'heading': 27.1, 'depth': 1.0, 'altitude': 10.0, 'roll': 0.0, 'pitch': 0.0, 'last_fix_time': datetime.datetime(2021, 7, 29, 3, 7, 21), 'speed': None, 'rudder': 0, 'datum': (42.3, -71.1)}
2021-07-29 04:07:23,044 [INFO] Processing: $BFNVG,030721.99,4218.005556,N,07105.993056,W,0,10.0,1.0,28.0,0.0,0.0,030721.99*69
2021-07-29 04:07:23,046 [INFO] Interpreted as: {'position': (9.793961896677501, 10.047043019905686), 'latlon': (42.3000926, -71.09988426666666), 'heading': 28.0, 'depth': 1.0, 'altitude': 10.0, 'roll': 0.0, 'pitch': 0.0, 'last_fix_time': datetime.datetime(2021, 7, 29, 3, 7, 21), 'speed': None, 'rudder': 0, 'datum': (42.3, -71.1)}
2021-07-29 04:07:23,046 [INFO] Received from Frontseat: [b'$BFNVG,030720.94,4218.005157,N,07105.993309,W,0,10.0,1.0,25.1,0.0,0.0,030720.94*69', b'$BFNVG,030721.29,4218.005293,N,07105.993227,W,0,10.0,1.0,26.1,0.0,0.0,030721.29*6C', b'$BFNVG,030721.65,4218.005427,N,07105.993142,W,0,10.0,1.0,27.1,0.0,0.0,030721.65*64', b'$BFNVG,030721.99,4218.005556,N,07105.993056,W,0,10.0,1.0,28.0,0.0,0.0,030721.99*69']
2021-07-29 04:07:23,047 [INFO] AUV state: {'position': (9.793961896677501, 10.047043019905686), 'latlon': (42.3000926, -71.09988426666666), 'heading': 28.0, 'depth': 1.0, 'altitude': 10.0, 'roll': 0.0, 'pitch': 0.0, 'last_fix_time': datetime.datetime(2021, 7, 29, 3, 7, 21), 'speed': None, 'rudder': 0, 'datum': (42.3, -71.1)}
2021-07-29 04:07:23,397 [INFO] **** [(-8.60574285268338, -15.402791883770668)] [(24.09940314037574, -18.441404685375034)]
2021-07-29 04:07:23,399 [INFO] Next green buoy: [(-8.60574285268338, -15.402791883770668)], next red buoy: [(24.09940314037574, -18.441404685375034)]
2021-07-29 04:07:23,399 [INFO] Desired_heading: 35.74683014384618
2021-07-29 04:07:23,400 [INFO] delta angle: 24.005350911041543
2021-07-29 04:07:23,400 [INFO] sending message $BPRMB,030723.43,-24.005350911041543,1,0,750,0,1*45
...
2021-07-29 04:07:24,402 [INFO] sending message $BPSTS,030724.40,1,BWSI Autonomy OK*42
...
2021-07-29 04:07:24,404 [INFO] Processing: $BFNVG,030722.34,4218.005685,N,07105.992967,W,0,10.0,1.0,29.6,0.0,0.0,030722.34*69
2021-07-29 04:07:24,406 [INFO] Interpreted as: {'position': (9.922128404199611, 10.282765568234026), 'latlon': (42.30009475, -71.09988278333333), 'heading': 29.6, 'depth': 1.0, 'altitude': 10.0, 'roll': 0.0, 'pitch': 0.0, 'last_fix_time': datetime.datetime(2021, 7, 29, 3, 7, 22), 'speed': None, 'rudder': 0, 'datum': (42.3, -71.1)}
2021-07-29 04:07:24,407 [INFO] Processing: $BFNVG,030722.69,4218.005811,N,07105.992872,W,0,10.0,1.0,31.2,0.0,0.0,030722.69*62
2021-07-29 04:07:24,409 [INFO] Interpreted as: {'position': (10.058401158894412, 10.512732606381178), 'latlon': (42.30009685, -71.0998812), 'heading': 31.2, 'depth': 1.0, 'altitude': 10.0, 'roll': 0.0, 'pitch': 0.0, 'last_fix_time': datetime.datetime(2021, 7, 29, 3, 7, 22), 'speed': None, 'rudder': 0, 'datum': (42.3, -71.1)}
2021-07-29 04:07:24,410 [INFO] Processing: $BFNVG,030723.04,4218.005936,N,07105.992773,W,0,10.0,1.0,32.9,0.0,0.0,030723.04*60
2021-07-29 04:07:24,412 [INFO] Interpreted as: {'position': (10.200123746064492, 10.740713338367641), 'latlon': (42.30009893333333, -71.09987955), 'heading': 32.9, 'depth': 1.0, 'altitude': 10.0, 'roll': 0.0, 'pitch': 0.0, 'last_fix_time': datetime.datetime(2021, 7, 29, 3, 7, 23), 'speed': None, 'rudder': 0, 'datum': (42.3, -71.1)}
2021-07-29 04:07:24,413 [INFO] Received from Frontseat: [b'$BFNVG,030722.34,4218.005685,N,07105.992967,W,0,10.0,1.0,29.6,0.0,0.0,030722.34*69', b'$BFNVG,030722.69,4218.005811,N,07105.992872,W,0,10.0,1.0,31.2,0.0,0.0,030722.69*62', b'$BFNVG,030723.04,4218.005936,N,07105.992773,W,0,10.0,1.0,32.9,0.0,0.0,030723.04*60']
2021-07-29 04:07:24,414 [INFO] AUV state: {'position': (10.200123746064492, 10.740713338367641), 'latlon': (42.30009893333333, -71.09987955), 'heading': 32.9, 'depth': 1.0, 'altitude': 10.0, 'roll': 0.0, 'pitch': 0.0, 'last_fix_time': datetime.datetime(2021, 7, 29, 3, 7, 23), 'speed': None, 'rudder': 0, 'datum': (42.3, -71.1)}
2021-07-29 04:07:24,748 [INFO] **** [(-16.512091200698876, -19.245531246196194), (21.562811651883187, -6.848811754189306)] [(-16.350871032696904, -18.639668179160683)]
2021-07-29 04:07:24,750 [INFO] Next green buoy: [(-16.512091200698876, -19.245531246196194), (21.562811651883187, -6.848811754189306)], next red buoy: [(-16.350871032696904, -18.639668179160683)]
2021-07-29 04:07:24,750 [INFO] Desired_heading: 16.46851888330211
2021-07-29 04:07:24,751 [INFO] delta angle: -25
2021-07-29 04:07:24,751 [INFO] sending message $BPRMB,030725.36,25,1,0,750,0,1*7e
...
2021-07-29 04:07:25,753 [INFO] sending message $BPSTS,030725.75,1,BWSI Autonomy OK*45
...
2021-07-29 04:07:25,754 [INFO] Processing: $BFNVG,030723.38,4218.006058,N,07105.992669,W,0,10.0,1.0,34.5,0.0,0.0,030723.38*62
2021-07-29 04:07:25,756 [INFO] Interpreted as: {'position': (10.34857870603446, 10.962972464039922), 'latlon': (42.30010096666667, -71.09987781666666), 'heading': 34.5, 'depth': 1.0, 'altitude': 10.0, 'roll': 0.0, 'pitch': 0.0, 'last_fix_time': datetime.datetime(2021, 7, 29, 3, 7, 23), 'speed': None, 'rudder': 0, 'datum': (42.3, -71.1)}
2021-07-29 04:07:25,757 [INFO] Processing: $BFNVG,030723.73,4218.006177,N,07105.992561,W,0,10.0,1.0,36.1,0.0,0.0,030723.73*63
2021-07-29 04:07:25,759 [INFO] Interpreted as: {'position': (10.502392156748101, 11.179543890990317), 'latlon': (42.30010295, -71.09987601666667), 'heading': 36.1, 'depth': 1.0, 'altitude': 10.0, 'roll': 0.0, 'pitch': 0.0, 'last_fix_time': datetime.datetime(2021, 7, 29, 3, 7, 23), 'speed': None, 'rudder': 0, 'datum': (42.3, -71.1)}
2021-07-29 04:07:25,760 [INFO] Processing: $BFNVG,030724.07,4218.006295,N,07105.992448,W,0,10.0,1.0,37.6,0.0,0.0,030724.07*60
2021-07-29 04:07:25,762 [INFO] Interpreted as: {'position': (10.663029318442568, 11.39409510884434), 'latlon': (42.30010491666667, -71.09987413333333), 'heading': 37.6, 'depth': 1.0, 'altitude': 10.0, 'roll': 0.0, 'pitch': 0.0, 'last_fix_time': datetime.datetime(2021, 7, 29, 3, 7, 24), 'speed': None, 'rudder': 0, 'datum': (42.3, -71.1)}
2021-07-29 04:07:25,763 [INFO] Processing: $BFNVG,030724.42,4218.006410,N,07105.992331,W,0,10.0,1.0,39.2,0.0,0.0,030724.42*68
2021-07-29 04:07:25,765 [INFO] Interpreted as: {'position': (10.829024970298633, 11.602958626113832), 'latlon': (42.30010683333333, -71.09987218333333), 'heading': 39.2, 'depth': 1.0, 'altitude': 10.0, 'roll': 0.0, 'pitch': 0.0, 'last_fix_time': datetime.datetime(2021, 7, 29, 3, 7, 24), 'speed': None, 'rudder': 0, 'datum': (42.3, -71.1)}
2021-07-29 04:07:25,766 [INFO] Received from Frontseat: [b'$BFNVG,030723.38,4218.006058,N,07105.992669,W,0,10.0,1.0,34.5,0.0,0.0,030723.38*62', b'$BFNVG,030723.73,4218.006177,N,07105.992561,W,0,10.0,1.0,36.1,0.0,0.0,030723.73*63', b'$BFNVG,030724.07,4218.006295,N,07105.992448,W,0,10.0,1.0,37.6,0.0,0.0,030724.07*60', b'$BFNVG,030724.42,4218.006410,N,07105.992331,W,0,10.0,1.0,39.2,0.0,0.0,030724.42*68']
2021-07-29 04:07:25,767 [INFO] AUV state: {'position': (10.829024970298633, 11.602958626113832), 'latlon': (42.30010683333333, -71.09987218333333), 'heading': 39.2, 'depth': 1.0, 'altitude': 10.0, 'roll': 0.0, 'pitch': 0.0, 'last_fix_time': datetime.datetime(2021, 7, 29, 3, 7, 24), 'speed': None, 'rudder': 0, 'datum': (42.3, -71.1)}
2021-07-29 04:07:26,054 [INFO] **** [(17.677542327589517, -7.660475334466331)] []
2021-07-29 04:07:26,056 [INFO] Next green buoy: [(17.677542327589517, -7.660475334466331)], next red buoy: []
2021-07-29 04:07:26,057 [INFO] Desired_heading: 56.87754232758952
2021-07-29 04:07:26,057 [INFO] delta angle: 25
2021-07-29 04:07:26,057 [INFO] sending message $BPRMB,030726.13,-25,1,0,750,0,1*57
...
2021-07-29 04:07:27,059 [INFO] sending message $BPSTS,030727.05,1,BWSI Autonomy OK*40
...
2021-07-29 04:07:27,061 [INFO] Processing: $BFNVG,030724.76,4218.006522,N,07105.992211,W,0,10.0,1.0,40.7,0.0,0.0,030724.76*60
2021-07-29 04:07:27,063 [INFO] Interpreted as: {'position': (10.999005238874815, 11.806168347597122), 'latlon': (42.3001087, -71.09987018333334), 'heading': 40.7, 'depth': 1.0, 'altitude': 10.0, 'roll': 0.0, 'pitch': 0.0, 'last_fix_time': datetime.datetime(2021, 7, 29, 3, 7, 24), 'speed': None, 'rudder': 0, 'datum': (42.3, -71.1)}
2021-07-29 04:07:27,064 [INFO] Processing: $BFNVG,030725.11,4218.006635,N,07105.992090,W,0,10.0,1.0,39.1,0.0,0.0,030725.11*66
2021-07-29 04:07:27,066 [INFO] Interpreted as: {'position': (11.170405044569634, 12.011194868944585), 'latlon': (42.300110583333336, -71.09986816666667), 'heading': 39.1, 'depth': 1.0, 'altitude': 10.0, 'roll': 0.0, 'pitch': 0.0, 'last_fix_time': datetime.datetime(2021, 7, 29, 3, 7, 25), 'speed': None, 'rudder': 0, 'datum': (42.3, -71.1)}
2021-07-29 04:07:27,068 [INFO] Processing: $BFNVG,030725.46,4218.006751,N,07105.991973,W,0,10.0,1.0,37.5,0.0,0.0,030725.46*68
2021-07-29 04:07:27,070 [INFO] Interpreted as: {'position': (11.336446338857058, 12.221909091807902), 'latlon': (42.300112516666665, -71.09986621666667), 'heading': 37.5, 'depth': 1.0, 'altitude': 10.0, 'roll': 0.0, 'pitch': 0.0, 'last_fix_time': datetime.datetime(2021, 7, 29, 3, 7, 25), 'speed': None, 'rudder': 0, 'datum': (42.3, -71.1)}
2021-07-29 04:07:27,071 [INFO] Processing: $BFNVG,030725.82,4218.006874,N,07105.991855,W,0,10.0,1.0,35.8,0.0,0.0,030725.82*6A
2021-07-29 04:07:27,073 [INFO] Interpreted as: {'position': (11.504181185504422, 12.445544299669564), 'latlon': (42.300114566666664, -71.09986425), 'heading': 35.8, 'depth': 1.0, 'altitude': 10.0, 'roll': 0.0, 'pitch': 0.0, 'last_fix_time': datetime.datetime(2021, 7, 29, 3, 7, 25), 'speed': None, 'rudder': 0, 'datum': (42.3, -71.1)}
2021-07-29 04:07:27,074 [INFO] Received from Frontseat: [b'$BFNVG,030724.76,4218.006522,N,07105.992211,W,0,10.0,1.0,40.7,0.0,0.0,030724.76*60', b'$BFNVG,030725.11,4218.006635,N,07105.992090,W,0,10.0,1.0,39.1,0.0,0.0,030725.11*66', b'$BFNVG,030725.46,4218.006751,N,07105.991973,W,0,10.0,1.0,37.5,0.0,0.0,030725.46*68', b'$BFNVG,030725.82,4218.006874,N,07105.991855,W,0,10.0,1.0,35.8,0.0,0.0,030725.82*6A']
2021-07-29 04:07:27,075 [INFO] AUV state: {'position': (11.504181185504422, 12.445544299669564), 'latlon': (42.300114566666664, -71.09986425), 'heading': 35.8, 'depth': 1.0, 'altitude': 10.0, 'roll': 0.0, 'pitch': 0.0, 'last_fix_time': datetime.datetime(2021, 7, 29, 3, 7, 25), 'speed': None, 'rudder': 0, 'datum': (42.3, -71.1)}
2021-07-29 04:07:27,374 [INFO] **** [(23.310432684542384, -8.867453570814872)] []
2021-07-29 04:07:27,376 [INFO] Next green buoy: [(23.310432684542384, -8.867453570814872)], next red buoy: []
2021-07-29 04:07:27,376 [INFO] Desired_heading: 59.11043268454238
2021-07-29 04:07:27,377 [INFO] delta angle: -25
2021-07-29 04:07:27,377 [INFO] sending message $BPRMB,030727.98,25,1,0,750,0,1*78
...
2021-07-29 04:07:28,379 [INFO] sending message $BPSTS,030728.37,1,BWSI Autonomy OK*4e
...
2021-07-29 04:07:28,381 [INFO] Processing: $BFNVG,030726.17,4218.006996,N,07105.991747,W,0,10.0,1.0,34.1,0.0,0.0,030726.17*63
2021-07-29 04:07:28,387 [INFO] Interpreted as: {'position': (11.65813157579396, 12.667667841538787), 'latlon': (42.3001166, -71.09986245), 'heading': 34.1, 'depth': 1.0, 'altitude': 10.0, 'roll': 0.0, 'pitch': 0.0, 'last_fix_time': datetime.datetime(2021, 7, 29, 3, 7, 26), 'speed': None, 'rudder': 0, 'datum': (42.3, -71.1)}
2021-07-29 04:07:28,388 [INFO] Processing: $BFNVG,030726.52,4218.007116,N,07105.991640,W,0,10.0,1.0,35.8,0.0,0.0,030726.52*6C
2021-07-29 04:07:28,391 [INFO] Interpreted as: {'position': (11.8106167454971, 12.886123895645142), 'latlon': (42.3001186, -71.09986066666667), 'heading': 35.8, 'depth': 1.0, 'altitude': 10.0, 'roll': 0.0, 'pitch': 0.0, 'last_fix_time': datetime.datetime(2021, 7, 29, 3, 7, 26), 'speed': None, 'rudder': 0, 'datum': (42.3, -71.1)}
2021-07-29 04:07:28,392 [INFO] Processing: $BFNVG,030726.86,4218.007234,N,07105.991528,W,0,10.0,1.0,37.4,0.0,0.0,030726.86*6C
2021-07-29 04:07:28,395 [INFO] Interpreted as: {'position': (11.969879953598138, 13.100709045305848), 'latlon': (42.30012056666666, -71.0998588), 'heading': 37.4, 'depth': 1.0, 'altitude': 10.0, 'roll': 0.0, 'pitch': 0.0, 'last_fix_time': datetime.datetime(2021, 7, 29, 3, 7, 26), 'speed': None, 'rudder': 0, 'datum': (42.3, -71.1)}
2021-07-29 04:07:28,396 [INFO] Processing: $BFNVG,030727.21,4218.007349,N,07105.991412,W,0,10.0,1.0,39.0,0.0,0.0,030727.21*65
2021-07-29 04:07:28,399 [INFO] Interpreted as: {'position': (12.134501653607003, 13.309606493450701), 'latlon': (42.30012248333333, -71.09985686666667), 'heading': 39.0, 'depth': 1.0, 'altitude': 10.0, 'roll': 0.0, 'pitch': 0.0, 'last_fix_time': datetime.datetime(2021, 7, 29, 3, 7, 27), 'speed': None, 'rudder': 0, 'datum': (42.3, -71.1)}
2021-07-29 04:07:28,400 [INFO] Received from Frontseat: [b'$BFNVG,030726.17,4218.006996,N,07105.991747,W,0,10.0,1.0,34.1,0.0,0.0,030726.17*63', b'$BFNVG,030726.52,4218.007116,N,07105.991640,W,0,10.0,1.0,35.8,0.0,0.0,030726.52*6C', b'$BFNVG,030726.86,4218.007234,N,07105.991528,W,0,10.0,1.0,37.4,0.0,0.0,030726.86*6C', b'$BFNVG,030727.21,4218.007349,N,07105.991412,W,0,10.0,1.0,39.0,0.0,0.0,030727.21*65']
2021-07-29 04:07:28,401 [INFO] AUV state: {'position': (12.134501653607003, 13.309606493450701), 'latlon': (42.30012248333333, -71.09985686666667), 'heading': 39.0, 'depth': 1.0, 'altitude': 10.0, 'roll': 0.0, 'pitch': 0.0, 'last_fix_time': datetime.datetime(2021, 7, 29, 3, 7, 27), 'speed': None, 'rudder': 0, 'datum': (42.3, -71.1)}
2021-07-29 04:07:28,689 [INFO] **** [(24.029611480702567, -10.42602354740154)] []
2021-07-29 04:07:28,691 [INFO] Next green buoy: [(24.029611480702567, -10.42602354740154)], next red buoy: []
2021-07-29 04:07:28,692 [INFO] Desired_heading: 63.02961148070257
2021-07-29 04:07:28,692 [INFO] delta angle: -25
2021-07-29 04:07:28,693 [INFO] sending message $BPRMB,030728.77,25,1,0,750,0,1*76
...
2021-07-29 04:07:29,695 [INFO] sending message $BPSTS,030729.69,1,BWSI Autonomy OK*44
...
2021-07-29 04:07:29,696 [INFO] Processing: $BFNVG,030727.55,4218.007461,N,07105.991292,W,0,10.0,1.0,40.6,0.0,0.0,030727.55*6E
2021-07-29 04:07:29,698 [INFO] Interpreted as: {'position': (12.304481845290866, 13.512816244736314), 'latlon': (42.30012435, -71.09985486666666), 'heading': 40.6, 'depth': 1.0, 'altitude': 10.0, 'roll': 0.0, 'pitch': 0.0, 'last_fix_time': datetime.datetime(2021, 7, 29, 3, 7, 27), 'speed': None, 'rudder': 0, 'datum': (42.3, -71.1)}
2021-07-29 04:07:29,699 [INFO] Processing: $BFNVG,030727.89,4218.007574,N,07105.991172,W,0,10.0,1.0,39.0,0.0,0.0,030727.89*6E
2021-07-29 04:07:29,701 [INFO] Interpreted as: {'position': (12.474507694307249, 13.71787669789046), 'latlon': (42.30012623333333, -71.09985286666667), 'heading': 39.0, 'depth': 1.0, 'altitude': 10.0, 'roll': 0.0, 'pitch': 0.0, 'last_fix_time': datetime.datetime(2021, 7, 29, 3, 7, 27), 'speed': None, 'rudder': 0, 'datum': (42.3, -71.1)}
2021-07-29 04:07:29,702 [INFO] Processing: $BFNVG,030728.24,4218.007689,N,07105.991057,W,0,10.0,1.0,37.4,0.0,0.0,030728.24*63
2021-07-29 04:07:29,704 [INFO] Interpreted as: {'position': (12.637755486590322, 13.92680806107819), 'latlon': (42.30012815, -71.09985095), 'heading': 37.4, 'depth': 1.0, 'altitude': 10.0, 'roll': 0.0, 'pitch': 0.0, 'last_fix_time': datetime.datetime(2021, 7, 29, 3, 7, 28), 'speed': None, 'rudder': 0, 'datum': (42.3, -71.1)}
2021-07-29 04:07:29,705 [INFO] Processing: $BFNVG,030728.59,4218.007808,N,07105.990944,W,0,10.0,1.0,35.7,0.0,0.0,030728.59*6F
2021-07-29 04:07:29,708 [INFO] Interpreted as: {'position': (12.798438193276525, 14.143210021778941), 'latlon': (42.30013013333333, -71.09984906666666), 'heading': 35.7, 'depth': 1.0, 'altitude': 10.0, 'roll': 0.0, 'pitch': 0.0, 'last_fix_time': datetime.datetime(2021, 7, 29, 3, 7, 28), 'speed': None, 'rudder': 0, 'datum': (42.3, -71.1)}
2021-07-29 04:07:29,709 [INFO] Received from Frontseat: [b'$BFNVG,030727.55,4218.007461,N,07105.991292,W,0,10.0,1.0,40.6,0.0,0.0,030727.55*6E', b'$BFNVG,030727.89,4218.007574,N,07105.991172,W,0,10.0,1.0,39.0,0.0,0.0,030727.89*6E', b'$BFNVG,030728.24,4218.007689,N,07105.991057,W,0,10.0,1.0,37.4,0.0,0.0,030728.24*63', b'$BFNVG,030728.59,4218.007808,N,07105.990944,W,0,10.0,1.0,35.7,0.0,0.0,030728.59*6F']
2021-07-29 04:07:29,710 [INFO] AUV state: {'position': (12.798438193276525, 14.143210021778941), 'latlon': (42.30013013333333, -71.09984906666666), 'heading': 35.7, 'depth': 1.0, 'altitude': 10.0, 'roll': 0.0, 'pitch': 0.0, 'last_fix_time': datetime.datetime(2021, 7, 29, 3, 7, 28), 'speed': None, 'rudder': 0, 'datum': (42.3, -71.1)}
2021-07-29 04:07:30,001 [INFO] **** [] []
2021-07-29 04:07:30,003 [INFO] Next green buoy: [], next red buoy: []
2021-07-29 04:07:30,004 [INFO] Desired_heading: 35.7
2021-07-29 04:07:30,004 [INFO] delta angle: 0.0
2021-07-29 04:07:30,004 [INFO] sending message $BPRMB,030730.61,-0.0,1,0,750,0,1*7c
...
2021-07-29 04:07:31,006 [INFO] sending message $BPSTS,030731.00,1,BWSI Autonomy OK*42
...
2021-07-29 04:07:31,007 [INFO] Processing: $BFNVG,030728.94,4218.007930,N,07105.990835,W,0,10.0,1.0,34.1,0.0,0.0,030728.94*65
2021-07-29 04:07:31,009 [INFO] Interpreted as: {'position': (12.953762389312033, 14.365299686789513), 'latlon': (42.300132166666664, -71.09984725), 'heading': 34.1, 'depth': 1.0, 'altitude': 10.0, 'roll': 0.0, 'pitch': 0.0, 'last_fix_time': datetime.datetime(2021, 7, 29, 3, 7, 28), 'speed': None, 'rudder': 0, 'datum': (42.3, -71.1)}
2021-07-29 04:07:31,010 [INFO] Processing: $BFNVG,030729.29,4218.008053,N,07105.990732,W,0,10.0,1.0,32.5,0.0,0.0,030729.29*6C
2021-07-29 04:07:31,012 [INFO] Interpreted as: {'position': (13.100888981367461, 14.589443468488753), 'latlon': (42.30013421666666, -71.09984553333334), 'heading': 32.5, 'depth': 1.0, 'altitude': 10.0, 'roll': 0.0, 'pitch': 0.0, 'last_fix_time': datetime.datetime(2021, 7, 29, 3, 7, 29), 'speed': None, 'rudder': 0, 'datum': (42.3, -71.1)}
2021-07-29 04:07:31,013 [INFO] Processing: $BFNVG,030729.63,4218.008177,N,07105.990634,W,0,10.0,1.0,30.8,0.0,0.0,030729.63*63
2021-07-29 04:07:31,015 [INFO] Interpreted as: {'position': (13.241191849228926, 14.815607463009655), 'latlon': (42.30013628333333, -71.0998439), 'heading': 30.8, 'depth': 1.0, 'altitude': 10.0, 'roll': 0.0, 'pitch': 0.0, 'last_fix_time': datetime.datetime(2021, 7, 29, 3, 7, 29), 'speed': None, 'rudder': 0, 'datum': (42.3, -71.1)}
2021-07-29 04:07:31,016 [INFO] Processing: $BFNVG,030729.98,4218.008303,N,07105.990542,W,0,10.0,1.0,29.2,0.0,0.0,030729.98*62
2021-07-29 04:07:31,018 [INFO] Interpreted as: {'position': (13.373342787381262, 15.04567626863718), 'latlon': (42.30013838333333, -71.09984236666666), 'heading': 29.2, 'depth': 1.0, 'altitude': 10.0, 'roll': 0.0, 'pitch': 0.0, 'last_fix_time': datetime.datetime(2021, 7, 29, 3, 7, 29), 'speed': None, 'rudder': 0, 'datum': (42.3, -71.1)}
2021-07-29 04:07:31,019 [INFO] Received from Frontseat: [b'$BFNVG,030728.94,4218.007930,N,07105.990835,W,0,10.0,1.0,34.1,0.0,0.0,030728.94*65', b'$BFNVG,030729.29,4218.008053,N,07105.990732,W,0,10.0,1.0,32.5,0.0,0.0,030729.29*6C', b'$BFNVG,030729.63,4218.008177,N,07105.990634,W,0,10.0,1.0,30.8,0.0,0.0,030729.63*63', b'$BFNVG,030729.98,4218.008303,N,07105.990542,W,0,10.0,1.0,29.2,0.0,0.0,030729.98*62']
2021-07-29 04:07:31,020 [INFO] AUV state: {'position': (13.373342787381262, 15.04567626863718), 'latlon': (42.30013838333333, -71.09984236666666), 'heading': 29.2, 'depth': 1.0, 'altitude': 10.0, 'roll': 0.0, 'pitch': 0.0, 'last_fix_time': datetime.datetime(2021, 7, 29, 3, 7, 29), 'speed': None, 'rudder': 0, 'datum': (42.3, -71.1)}
2021-07-29 04:07:31,309 [INFO] **** [] []
2021-07-29 04:07:31,311 [INFO] Next green buoy: [], next red buoy: []
2021-07-29 04:07:31,311 [INFO] Desired_heading: 29.2
2021-07-29 04:07:31,312 [INFO] delta angle: 0.0
2021-07-29 04:07:31,312 [INFO] sending message $BPRMB,030731.40,-0.0,1,0,750,0,1*7e
...
2021-07-29 04:07:32,314 [INFO] sending message $BPSTS,030732.31,1,BWSI Autonomy OK*43
...
2021-07-29 04:07:32,315 [INFO] Processing: $BFNVG,030730.32,4218.008431,N,07105.990451,W,0,10.0,1.0,29.2,0.0,0.0,030730.32*67
2021-07-29 04:07:32,317 [INFO] Interpreted as: {'position': (13.50421117595397, 15.279480374418199), 'latlon': (42.300140516666666, -71.09984085), 'heading': 29.2, 'depth': 1.0, 'altitude': 10.0, 'roll': 0.0, 'pitch': 0.0, 'last_fix_time': datetime.datetime(2021, 7, 29, 3, 7, 30), 'speed': None, 'rudder': 0, 'datum': (42.3, -71.1)}
2021-07-29 04:07:32,318 [INFO] Processing: $BFNVG,030730.67,4218.008560,N,07105.990360,W,0,10.0,1.0,29.2,0.0,0.0,030730.67*67
2021-07-29 04:07:32,320 [INFO] Interpreted as: {'position': (13.63512522506062, 15.515135180205107), 'latlon': (42.300142666666666, -71.09983933333334), 'heading': 29.2, 'depth': 1.0, 'altitude': 10.0, 'roll': 0.0, 'pitch': 0.0, 'last_fix_time': datetime.datetime(2021, 7, 29, 3, 7, 30), 'speed': None, 'rudder': 0, 'datum': (42.3, -71.1)}
2021-07-29 04:07:32,321 [INFO] Processing: $BFNVG,030731.02,4218.008689,N,07105.990268,W,0,10.0,1.0,29.2,0.0,0.0,030731.02*6A
2021-07-29 04:07:32,323 [INFO] Interpreted as: {'position': (13.767413144698367, 15.75075608305633), 'latlon': (42.300144816666666, -71.0998378), 'heading': 29.2, 'depth': 1.0, 'altitude': 10.0, 'roll': 0.0, 'pitch': 0.0, 'last_fix_time': datetime.datetime(2021, 7, 29, 3, 7, 31), 'speed': None, 'rudder': 0, 'datum': (42.3, -71.1)}
2021-07-29 04:07:32,324 [INFO] Received from Frontseat: [b'$BFNVG,030730.32,4218.008431,N,07105.990451,W,0,10.0,1.0,29.2,0.0,0.0,030730.32*67', b'$BFNVG,030730.67,4218.008560,N,07105.990360,W,0,10.0,1.0,29.2,0.0,0.0,030730.67*67', b'$BFNVG,030731.02,4218.008689,N,07105.990268,W,0,10.0,1.0,29.2,0.0,0.0,030731.02*6A']
2021-07-29 04:07:32,325 [INFO] AUV state: {'position': (13.767413144698367, 15.75075608305633), 'latlon': (42.300144816666666, -71.0998378), 'heading': 29.2, 'depth': 1.0, 'altitude': 10.0, 'roll': 0.0, 'pitch': 0.0, 'last_fix_time': datetime.datetime(2021, 7, 29, 3, 7, 31), 'speed': None, 'rudder': 0, 'datum': (42.3, -71.1)}
2021-07-29 04:07:32,619 [INFO] **** [] []
2021-07-29 04:07:32,621 [INFO] Next green buoy: [], next red buoy: []
2021-07-29 04:07:32,622 [INFO] Desired_heading: 29.2
2021-07-29 04:07:32,622 [INFO] delta angle: 0.0
2021-07-29 04:07:32,623 [INFO] sending message $BPRMB,030733.22,-0.0,1,0,750,0,1*78
...
