2021-07-28 23:08:53,815 [INFO] host = 192.168.1.213, port = 29500
2021-07-28 23:09:03,138 [INFO] sending message $BPLOG,ACK,ON*1e
...
2021-07-28 23:09:03,140 [INFO] sending message $BPLOG,ALL,ON*16
...
2021-07-28 23:09:03,141 [INFO] sending message $BPSTS,220903.14,1,BWSI Autonomy OK*4b
...
2021-07-28 23:09:03,142 [INFO] Received from Frontseat: []
2021-07-28 23:09:03,143 [INFO] AUV state: {'position': (None, None), 'latlon': None, 'heading': None, 'depth': None, 'altitude': None, 'roll': None, 'pitch': None, 'last_fix_time': None, 'speed': None, 'rudder': 0}
2021-07-28 23:09:04,146 [INFO] sending message $BPSTS,220904.14,1,BWSI Autonomy OK*4c
...
2021-07-28 23:09:04,148 [INFO] Processing: $BFNVG,220900.65,4218.000000,N,07106.000000,W,0,10.0,1.0,45.0,0.0,0.0,220900.65*62
2021-07-28 23:09:04,150 [INFO] Interpreted as: {'position': (0, 0), 'latlon': (42.3, -71.1), 'heading': 45.0, 'depth': 1.0, 'altitude': 10.0, 'roll': 0.0, 'pitch': 0.0, 'last_fix_time': datetime.datetime(2021, 7, 28, 22, 9), 'speed': None, 'rudder': 0, 'datum': (42.3, -71.1)}
2021-07-28 23:09:04,152 [INFO] Processing: $BFNVG,220900.90,4218.000000,N,07106.000000,W,0,10.0,1.0,45.0,0.0,0.0,220900.90*62
2021-07-28 23:09:04,154 [INFO] Interpreted as: {'position': (0.0, 0.0), 'latlon': (42.3, -71.1), 'heading': 45.0, 'depth': 1.0, 'altitude': 10.0, 'roll': 0.0, 'pitch': 0.0, 'last_fix_time': datetime.datetime(2021, 7, 28, 22, 9), 'speed': None, 'rudder': 0, 'datum': (42.3, -71.1)}
2021-07-28 23:09:04,155 [INFO] Processing: $BFNVG,220901.15,4218.000000,N,07106.000000,W,0,10.0,1.0,45.0,0.0,0.0,220901.15*62
2021-07-28 23:09:04,158 [INFO] Interpreted as: {'position': (0.0, 0.0), 'latlon': (42.3, -71.1), 'heading': 45.0, 'depth': 1.0, 'altitude': 10.0, 'roll': 0.0, 'pitch': 0.0, 'last_fix_time': datetime.datetime(2021, 7, 28, 22, 9, 1), 'speed': None, 'rudder': 0, 'datum': (42.3, -71.1)}
2021-07-28 23:09:04,159 [INFO] Processing: $BFNVG,220901.40,4218.000000,N,07106.000000,W,0,10.0,1.0,45.0,0.0,0.0,220901.40*62
2021-07-28 23:09:04,161 [INFO] Interpreted as: {'position': (0.0, 0.0), 'latlon': (42.3, -71.1), 'heading': 45.0, 'depth': 1.0, 'altitude': 10.0, 'roll': 0.0, 'pitch': 0.0, 'last_fix_time': datetime.datetime(2021, 7, 28, 22, 9, 1), 'speed': None, 'rudder': 0, 'datum': (42.3, -71.1)}
2021-07-28 23:09:04,162 [INFO] Processing: $BFNVG,220901.65,4218.000000,N,07106.000000,W,0,10.0,1.0,45.0,0.0,0.0,220901.65*62
2021-07-28 23:09:04,164 [INFO] Interpreted as: {'position': (0.0, 0.0), 'latlon': (42.3, -71.1), 'heading': 45.0, 'depth': 1.0, 'altitude': 10.0, 'roll': 0.0, 'pitch': 0.0, 'last_fix_time': datetime.datetime(2021, 7, 28, 22, 9, 1), 'speed': None, 'rudder': 0, 'datum': (42.3, -71.1)}
2021-07-28 23:09:04,165 [INFO] Processing: $BFNVG,220901.90,4218.000000,N,07106.000000,W,0,10.0,1.0,45.0,0.0,0.0,220901.90*62
2021-07-28 23:09:04,166 [INFO] Interpreted as: {'position': (0.0, 0.0), 'latlon': (42.3, -71.1), 'heading': 45.0, 'depth': 1.0, 'altitude': 10.0, 'roll': 0.0, 'pitch': 0.0, 'last_fix_time': datetime.datetime(2021, 7, 28, 22, 9, 1), 'speed': None, 'rudder': 0, 'datum': (42.3, -71.1)}
2021-07-28 23:09:04,167 [INFO] Processing: $BFNVG,220902.15,4218.000000,N,07106.000000,W,0,10.0,1.0,45.0,0.0,0.0,220902.15*62
2021-07-28 23:09:04,168 [INFO] Interpreted as: {'position': (0.0, 0.0), 'latlon': (42.3, -71.1), 'heading': 45.0, 'depth': 1.0, 'altitude': 10.0, 'roll': 0.0, 'pitch': 0.0, 'last_fix_time': datetime.datetime(2021, 7, 28, 22, 9, 2), 'speed': None, 'rudder': 0, 'datum': (42.3, -71.1)}
2021-07-28 23:09:04,169 [INFO] Processing: $BFNVG,220902.40,4218.000000,N,07106.000000,W,0,10.0,1.0,45.0,0.0,0.0,220902.40*62
2021-07-28 23:09:04,171 [INFO] Interpreted as: {'position': (0.0, 0.0), 'latlon': (42.3, -71.1), 'heading': 45.0, 'depth': 1.0, 'altitude': 10.0, 'roll': 0.0, 'pitch': 0.0, 'last_fix_time': datetime.datetime(2021, 7, 28, 22, 9, 2), 'speed': None, 'rudder': 0, 'datum': (42.3, -71.1)}
2021-07-28 23:09:04,171 [INFO] Processing: $BFNVG,220902.65,4218.000000,N,07106.000000,W,0,10.0,1.0,45.0,0.0,0.0,220902.65*62
2021-07-28 23:09:04,173 [INFO] Interpreted as: {'position': (0.0, 0.0), 'latlon': (42.3, -71.1), 'heading': 45.0, 'depth': 1.0, 'altitude': 10.0, 'roll': 0.0, 'pitch': 0.0, 'last_fix_time': datetime.datetime(2021, 7, 28, 22, 9, 2), 'speed': None, 'rudder': 0, 'datum': (42.3, -71.1)}
2021-07-28 23:09:04,173 [INFO] Processing: $BFNVG,220902.90,4218.000000,N,07106.000000,W,0,10.0,1.0,45.0,0.0,0.0,220902.90*62
2021-07-28 23:09:04,174 [INFO] Interpreted as: {'position': (0.0, 0.0), 'latlon': (42.3, -71.1), 'heading': 45.0, 'depth': 1.0, 'altitude': 10.0, 'roll': 0.0, 'pitch': 0.0, 'last_fix_time': datetime.datetime(2021, 7, 28, 22, 9, 2), 'speed': None, 'rudder': 0, 'datum': (42.3, -71.1)}
2021-07-28 23:09:04,175 [INFO] Processing: $BFNVG,220903.15,4218.000000,N,07106.000000,W,0,10.0,1.0,45.0,0.0,0.0,220903.15*62
2021-07-28 23:09:04,176 [INFO] Interpreted as: {'position': (0.0, 0.0), 'latlon': (42.3, -71.1), 'heading': 45.0, 'depth': 1.0, 'altitude': 10.0, 'roll': 0.0, 'pitch': 0.0, 'last_fix_time': datetime.datetime(2021, 7, 28, 22, 9, 3), 'speed': None, 'rudder': 0, 'datum': (42.3, -71.1)}
2021-07-28 23:09:04,177 [INFO] Processing: $BFNVG,220903.54,4218.000000,N,07106.000000,W,0,10.0,1.0,45.0,0.0,0.0,220903.54*62
2021-07-28 23:09:04,178 [INFO] Interpreted as: {'position': (0.0, 0.0), 'latlon': (42.3, -71.1), 'heading': 45.0, 'depth': 1.0, 'altitude': 10.0, 'roll': 0.0, 'pitch': 0.0, 'last_fix_time': datetime.datetime(2021, 7, 28, 22, 9, 3), 'speed': None, 'rudder': 0, 'datum': (42.3, -71.1)}
2021-07-28 23:09:04,179 [INFO] Received from Frontseat: [b'$BFNVG,220900.65,4218.000000,N,07106.000000,W,0,10.0,1.0,45.0,0.0,0.0,220900.65*62', b'$BFNVG,220900.90,4218.000000,N,07106.000000,W,0,10.0,1.0,45.0,0.0,0.0,220900.90*62', b'$BFNVG,220901.15,4218.000000,N,07106.000000,W,0,10.0,1.0,45.0,0.0,0.0,220901.15*62', b'$BFNVG,220901.40,4218.000000,N,07106.000000,W,0,10.0,1.0,45.0,0.0,0.0,220901.40*62', b'$BFNVG,220901.65,4218.000000,N,07106.000000,W,0,10.0,1.0,45.0,0.0,0.0,220901.65*62', b'$BFNVG,220901.90,4218.000000,N,07106.000000,W,0,10.0,1.0,45.0,0.0,0.0,220901.90*62', b'$BFNVG,220902.15,4218.000000,N,07106.000000,W,0,10.0,1.0,45.0,0.0,0.0,220902.15*62', b'$BFNVG,220902.40,4218.000000,N,07106.000000,W,0,10.0,1.0,45.0,0.0,0.0,220902.40*62', b'$BFNVG,220902.65,4218.000000,N,07106.000000,W,0,10.0,1.0,45.0,0.0,0.0,220902.65*62', b'$BFNVG,220902.90,4218.000000,N,07106.000000,W,0,10.0,1.0,45.0,0.0,0.0,220902.90*62', b'$BFNVG,220903.15,4218.000000,N,07106.000000,W,0,10.0,1.0,45.0,0.0,0.0,220903.15*62', b'$BFNVG,220903.54,4218.000000,N,07106.000000,W,0,10.0,1.0,45.0,0.0,0.0,220903.54*62']
2021-07-28 23:09:04,179 [INFO] AUV state: {'position': (0.0, 0.0), 'latlon': (42.3, -71.1), 'heading': 45.0, 'depth': 1.0, 'altitude': 10.0, 'roll': 0.0, 'pitch': 0.0, 'last_fix_time': datetime.datetime(2021, 7, 28, 22, 9, 3), 'speed': None, 'rudder': 0, 'datum': (42.3, -71.1)}
2021-07-28 23:09:04,719 [INFO] **** [] [(3.275396326099807, 10.855267421344557), (-15.518174243732233, -1.2362203237470615), (29.672605469833943, 10.84599255400319), (29.049495380861753, -17.95221691496313), (-28.142765208808918, 19.533380945471087), (-19.10118715422804, -5.253399564271149), (-13.181677439308967, -6.516479533048821), (24.33621423399455, -13.615753592736644), (28.911985896167923, 23.00753030844208), (27.990497422493576, -10.291577413997906)]
2021-07-28 23:09:04,721 [INFO] Next green buoy: [], next red buoy: [(3.275396326099807, 10.855267421344557), (-15.518174243732233, -1.2362203237470615), (29.672605469833943, 10.84599255400319), (29.049495380861753, -17.95221691496313), (-28.142765208808918, 19.533380945471087), (-19.10118715422804, -5.253399564271149), (-13.181677439308967, -6.516479533048821), (24.33621423399455, -13.615753592736644), (28.911985896167923, 23.00753030844208), (27.990497422493576, -10.291577413997906)]
2021-07-28 23:09:04,721 [INFO] Desired_heading: 48.27539632609981
2021-07-28 23:09:04,722 [INFO] delta angle: 3.5250867482579578
2021-07-28 23:09:04,722 [INFO] sending message $BPRMB,220902.85,-3.5250867482579578,1,0,750,0,1*4d
...
2021-07-28 23:09:05,724 [INFO] sending message $BPSTS,220905.72,1,BWSI Autonomy OK*4d
...
2021-07-28 23:09:05,726 [INFO] Processing: $BFNVG,220903.89,4218.000000,N,07106.000000,W,0,10.0,1.0,45.0,0.0,0.0,220903.89*62
2021-07-28 23:09:05,728 [INFO] Interpreted as: {'position': (0.0, 0.0), 'latlon': (42.3, -71.1), 'heading': 45.0, 'depth': 1.0, 'altitude': 10.0, 'roll': 0.0, 'pitch': 0.0, 'last_fix_time': datetime.datetime(2021, 7, 28, 22, 9, 3), 'speed': None, 'rudder': 0, 'datum': (42.3, -71.1)}
2021-07-28 23:09:05,729 [INFO] Processing: $BFNVG,220904.23,4218.000000,N,07106.000000,W,0,10.0,1.0,45.0,0.0,0.0,220904.23*62
2021-07-28 23:09:05,731 [INFO] Interpreted as: {'position': (0.0, 0.0), 'latlon': (42.3, -71.1), 'heading': 45.0, 'depth': 1.0, 'altitude': 10.0, 'roll': 0.0, 'pitch': 0.0, 'last_fix_time': datetime.datetime(2021, 7, 28, 22, 9, 4), 'speed': None, 'rudder': 0, 'datum': (42.3, -71.1)}
2021-07-28 23:09:05,732 [INFO] Processing: $BFNVG,220904.58,4218.000000,N,07106.000000,W,0,10.0,1.0,45.0,0.0,0.0,220904.58*62
2021-07-28 23:09:05,734 [INFO] Interpreted as: {'position': (0.0, 0.0), 'latlon': (42.3, -71.1), 'heading': 45.0, 'depth': 1.0, 'altitude': 10.0, 'roll': 0.0, 'pitch': 0.0, 'last_fix_time': datetime.datetime(2021, 7, 28, 22, 9, 4), 'speed': None, 'rudder': 0, 'datum': (42.3, -71.1)}
2021-07-28 23:09:05,735 [INFO] Received from Frontseat: [b'$BFNVG,220903.89,4218.000000,N,07106.000000,W,0,10.0,1.0,45.0,0.0,0.0,220903.89*62', b'$BFNVG,220904.23,4218.000000,N,07106.000000,W,0,10.0,1.0,45.0,0.0,0.0,220904.23*62', b'$BFNVG,220904.58,4218.000000,N,07106.000000,W,0,10.0,1.0,45.0,0.0,0.0,220904.58*62']
2021-07-28 23:09:05,736 [INFO] AUV state: {'position': (0.0, 0.0), 'latlon': (42.3, -71.1), 'heading': 45.0, 'depth': 1.0, 'altitude': 10.0, 'roll': 0.0, 'pitch': 0.0, 'last_fix_time': datetime.datetime(2021, 7, 28, 22, 9, 4), 'speed': None, 'rudder': 0, 'datum': (42.3, -71.1)}
2021-07-28 23:09:06,273 [INFO] **** [] [(3.1875521662708546, 10.890897914627926), (-14.096834412899396, -2.538011793477509), (29.15005827132204, -18.13584923221664), (30.063713382652118, 10.939262816293176), (-28.18343531351157, 19.535902883458355), (-19.02275516873658, -5.217662862713766), (-13.17899733018964, -6.551639658540025)]
2021-07-28 23:09:06,275 [INFO] Next green buoy: [], next red buoy: [(3.1875521662708546, 10.890897914627926), (-14.096834412899396, -2.538011793477509), (29.15005827132204, -18.13584923221664), (30.063713382652118, 10.939262816293176), (-28.18343531351157, 19.535902883458355), (-19.02275516873658, -5.217662862713766), (-13.17899733018964, -6.551639658540025)]
2021-07-28 23:09:06,275 [INFO] Desired_heading: 48.187552166270855
2021-07-28 23:09:06,276 [INFO] delta angle: 3.40730972845654
2021-07-28 23:09:06,276 [INFO] sending message $BPRMB,220908.59,-3.40730972845654,1,0,750,0,1*40
...
2021-07-28 23:09:07,278 [INFO] sending message $BPSTS,220907.27,1,BWSI Autonomy OK*4f
...
2021-07-28 23:09:07,279 [INFO] Processing: $BFNVG,220904.92,4218.000000,N,07106.000000,W,0,10.0,1.0,45.0,0.0,0.0,220904.92*62
2021-07-28 23:09:07,281 [INFO] Interpreted as: {'position': (0.0, 0.0), 'latlon': (42.3, -71.1), 'heading': 45.0, 'depth': 1.0, 'altitude': 10.0, 'roll': 0.0, 'pitch': 0.0, 'last_fix_time': datetime.datetime(2021, 7, 28, 22, 9, 4), 'speed': None, 'rudder': 0, 'datum': (42.3, -71.1)}
2021-07-28 23:09:07,283 [INFO] Processing: $BFNVG,220905.28,4218.000107,N,07105.999862,W,0,10.0,1.0,45.2,0.0,0.0,220905.28*60
2021-07-28 23:09:07,284 [INFO] Interpreted as: {'position': (0.1944823235971853, 0.19334569945931435), 'latlon': (42.300001783333336, -71.0999977), 'heading': 45.2, 'depth': 1.0, 'altitude': 10.0, 'roll': 0.0, 'pitch': 0.0, 'last_fix_time': datetime.datetime(2021, 7, 28, 22, 9, 5), 'speed': None, 'rudder': 0, 'datum': (42.3, -71.1)}
2021-07-28 23:09:07,285 [INFO] Processing: $BFNVG,220905.63,4218.000213,N,07105.999725,W,0,10.0,1.0,45.5,0.0,0.0,220905.63*6D
2021-07-28 23:09:07,287 [INFO] Interpreted as: {'position': (0.38754508702550083, 0.3848746083676815), 'latlon': (42.30000355, -71.09999541666667), 'heading': 45.5, 'depth': 1.0, 'altitude': 10.0, 'roll': 0.0, 'pitch': 0.0, 'last_fix_time': datetime.datetime(2021, 7, 28, 22, 9, 5), 'speed': None, 'rudder': 0, 'datum': (42.3, -71.1)}
2021-07-28 23:09:07,288 [INFO] Processing: $BFNVG,220905.98,4218.000317,N,07105.999589,W,0,10.0,1.0,45.7,0.0,0.0,220905.98*6E
2021-07-28 23:09:07,290 [INFO] Interpreted as: {'position': (0.5791426164214499, 0.5727360360324383), 'latlon': (42.300005283333334, -71.09999315), 'heading': 45.7, 'depth': 1.0, 'altitude': 10.0, 'roll': 0.0, 'pitch': 0.0, 'last_fix_time': datetime.datetime(2021, 7, 28, 22, 9, 5), 'speed': None, 'rudder': 0, 'datum': (42.3, -71.1)}
2021-07-28 23:09:07,291 [INFO] Received from Frontseat: [b'$BFNVG,220904.92,4218.000000,N,07106.000000,W,0,10.0,1.0,45.0,0.0,0.0,220904.92*62', b'$BFNVG,220905.28,4218.000107,N,07105.999862,W,0,10.0,1.0,45.2,0.0,0.0,220905.28*60', b'$BFNVG,220905.63,4218.000213,N,07105.999725,W,0,10.0,1.0,45.5,0.0,0.0,220905.63*6D', b'$BFNVG,220905.98,4218.000317,N,07105.999589,W,0,10.0,1.0,45.7,0.0,0.0,220905.98*6E']
2021-07-28 23:09:07,292 [INFO] AUV state: {'position': (0.5791426164214499, 0.5727360360324383), 'latlon': (42.300005283333334, -71.09999315), 'heading': 45.7, 'depth': 1.0, 'altitude': 10.0, 'roll': 0.0, 'pitch': 0.0, 'last_fix_time': datetime.datetime(2021, 7, 28, 22, 9, 5), 'speed': None, 'rudder': 0, 'datum': (42.3, -71.1)}
2021-07-28 23:09:07,837 [INFO] **** [] [(-1.5141557015023754, 12.179260473738612), (-15.468630869579949, -2.0471796340906177), (29.544510048907043, 11.219910078134555), (29.04332070471694, -17.92982248721763), (24.094251001032426, -13.579016476869567), (7.435638062360447, 24.325628832613898), (28.41134681807069, -10.291577413997906), (28.03273150588534, -10.291577413997906), (28.620527598519033, -10.396455304424233)]
2021-07-28 23:09:07,838 [INFO] Next green buoy: [], next red buoy: [(-1.5141557015023754, 12.179260473738612), (-15.468630869579949, -2.0471796340906177), (29.544510048907043, 11.219910078134555), (29.04332070471694, -17.92982248721763), (24.094251001032426, -13.579016476869567), (7.435638062360447, 24.325628832613898), (28.41134681807069, -10.291577413997906), (28.03273150588534, -10.291577413997906), (28.620527598519033, -10.396455304424233)]
2021-07-28 23:09:07,839 [INFO] Desired_heading: 44.18584429849763
2021-07-28 23:09:07,839 [INFO] delta angle: -1.3437025992349163
2021-07-28 23:09:07,840 [INFO] sending message $BPRMB,220905.96,1.3437025992349163,1,0,750,0,1*6f
...
2021-07-28 23:09:08,841 [INFO] sending message $BPSTS,220908.84,1,BWSI Autonomy OK*49
...
2021-07-28 23:09:08,843 [INFO] Processing: $BFNVG,220906.32,4218.000419,N,07105.999453,W,0,10.0,1.0,45.9,0.0,0.0,220906.32*6F
2021-07-28 23:09:08,845 [INFO] Interpreted as: {'position': (0.7706487918039784, 0.7568960720673203), 'latlon': (42.30000698333333, -71.09999088333333), 'heading': 45.9, 'depth': 1.0, 'altitude': 10.0, 'roll': 0.0, 'pitch': 0.0, 'last_fix_time': datetime.datetime(2021, 7, 28, 22, 9, 6), 'speed': None, 'rudder': 0, 'datum': (42.3, -71.1)}
2021-07-28 23:09:08,845 [INFO] Processing: $BFNVG,220906.67,4218.000522,N,07105.999317,W,0,10.0,1.0,46.1,0.0,0.0,220906.67*6A
2021-07-28 23:09:08,847 [INFO] Interpreted as: {'position': (0.9622006292338483, 0.9429068118333817), 'latlon': (42.3000087, -71.09998861666666), 'heading': 46.1, 'depth': 1.0, 'altitude': 10.0, 'roll': 0.0, 'pitch': 0.0, 'last_fix_time': datetime.datetime(2021, 7, 28, 22, 9, 6), 'speed': None, 'rudder': 0, 'datum': (42.3, -71.1)}
2021-07-28 23:09:08,848 [INFO] Processing: $BFNVG,220907.02,4218.000625,N,07105.999179,W,0,10.0,1.0,46.4,0.0,0.0,220907.02*61
2021-07-28 23:09:08,850 [INFO] Interpreted as: {'position': (1.1565002157003619, 1.1288497457280755), 'latlon': (42.300010416666666, -71.09998631666667), 'heading': 46.4, 'depth': 1.0, 'altitude': 10.0, 'roll': 0.0, 'pitch': 0.0, 'last_fix_time': datetime.datetime(2021, 7, 28, 22, 9, 7), 'speed': None, 'rudder': 0, 'datum': (42.3, -71.1)}
2021-07-28 23:09:08,851 [INFO] Processing: $BFNVG,220907.37,4218.000727,N,07105.999041,W,0,10.0,1.0,46.6,0.0,0.0,220907.37*6A
2021-07-28 23:09:08,853 [INFO] Interpreted as: {'position': (1.3507541202707216, 1.3129419879987836), 'latlon': (42.300012116666664, -71.09998401666667), 'heading': 46.6, 'depth': 1.0, 'altitude': 10.0, 'roll': 0.0, 'pitch': 0.0, 'last_fix_time': datetime.datetime(2021, 7, 28, 22, 9, 7), 'speed': None, 'rudder': 0, 'datum': (42.3, -71.1)}
2021-07-28 23:09:08,854 [INFO] Processing: $BFNVG,220907.71,4218.000828,N,07105.998903,W,0,10.0,1.0,46.8,0.0,0.0,220907.71*6A
2021-07-28 23:09:08,856 [INFO] Interpreted as: {'position': (1.5449623430613428, 1.4951835395768285), 'latlon': (42.3000138, -71.09998171666666), 'heading': 46.8, 'depth': 1.0, 'altitude': 10.0, 'roll': 0.0, 'pitch': 0.0, 'last_fix_time': datetime.datetime(2021, 7, 28, 22, 9, 7), 'speed': None, 'rudder': 0, 'datum': (42.3, -71.1)}
2021-07-28 23:09:08,857 [INFO] Received from Frontseat: [b'$BFNVG,220906.32,4218.000419,N,07105.999453,W,0,10.0,1.0,45.9,0.0,0.0,220906.32*6F', b'$BFNVG,220906.67,4218.000522,N,07105.999317,W,0,10.0,1.0,46.1,0.0,0.0,220906.67*6A', b'$BFNVG,220907.02,4218.000625,N,07105.999179,W,0,10.0,1.0,46.4,0.0,0.0,220907.02*61', b'$BFNVG,220907.37,4218.000727,N,07105.999041,W,0,10.0,1.0,46.6,0.0,0.0,220907.37*6A', b'$BFNVG,220907.71,4218.000828,N,07105.998903,W,0,10.0,1.0,46.8,0.0,0.0,220907.71*6A']
2021-07-28 23:09:08,858 [INFO] AUV state: {'position': (1.5449623430613428, 1.4951835395768285), 'latlon': (42.3000138, -71.09998171666666), 'heading': 46.8, 'depth': 1.0, 'altitude': 10.0, 'roll': 0.0, 'pitch': 0.0, 'last_fix_time': datetime.datetime(2021, 7, 28, 22, 9, 7), 'speed': None, 'rudder': 0, 'datum': (42.3, -71.1)}
2021-07-28 23:09:09,408 [INFO] **** [] [(-1.4890032700765783, 12.156745813903525), (-15.370764827837696, -2.012297957916396), (29.789790857305317, 10.828655028636827), (29.020644126057505, -17.895511919663857), (-13.108873259862449, -6.594168795953289), (24.255167905546912, -13.569666725964172), (-9.7427628961328, -18.963384357198716), (28.8565955474485, 23.08400062515322), (27.94823022031345, -10.291577413997906), (27.651433093894173, -10.396455304424233)]
2021-07-28 23:09:09,409 [INFO] Next green buoy: [], next red buoy: [(-1.4890032700765783, 12.156745813903525), (-15.370764827837696, -2.012297957916396), (29.789790857305317, 10.828655028636827), (29.020644126057505, -17.895511919663857), (-13.108873259862449, -6.594168795953289), (24.255167905546912, -13.569666725964172), (-9.7427628961328, -18.963384357198716), (28.8565955474485, 23.08400062515322), (27.94823022031345, -10.291577413997906), (27.651433093894173, -10.396455304424233)]
2021-07-28 23:09:09,410 [INFO] Desired_heading: 45.31099672992342
2021-07-28 23:09:09,410 [INFO] delta angle: -1.3158595943730802
2021-07-28 23:09:09,411 [INFO] sending message $BPRMB,220911.71,1.3158595943730802,1,0,750,0,1*69
...
2021-07-28 23:09:10,412 [INFO] sending message $BPSTS,220910.41,1,BWSI Autonomy OK*49
...
2021-07-28 23:09:10,414 [INFO] Processing: $BFNVG,220908.07,4218.000933,N,07105.998760,W,0,10.0,1.0,47.0,0.0,0.0,220908.07*63
2021-07-28 23:09:10,416 [INFO] Interpreted as: {'position': (1.7462226398056373, 1.6846583588048816), 'latlon': (42.30001555, -71.09997933333334), 'heading': 47.0, 'depth': 1.0, 'altitude': 10.0, 'roll': 0.0, 'pitch': 0.0, 'last_fix_time': datetime.datetime(2021, 7, 28, 22, 9, 8), 'speed': None, 'rudder': 0, 'datum': (42.3, -71.1)}
2021-07-28 23:09:10,417 [INFO] Processing: $BFNVG,220908.43,4218.001039,N,07105.998614,W,0,10.0,1.0,46.9,0.0,0.0,220908.43*6B
2021-07-28 23:09:10,419 [INFO] Interpreted as: {'position': (1.9516502356273122, 1.8758821673691273), 'latlon': (42.30001731666667, -71.0999769), 'heading': 46.9, 'depth': 1.0, 'altitude': 10.0, 'roll': 0.0, 'pitch': 0.0, 'last_fix_time': datetime.datetime(2021, 7, 28, 22, 9, 8), 'speed': None, 'rudder': 0, 'datum': (42.3, -71.1)}
2021-07-28 23:09:10,420 [INFO] Processing: $BFNVG,220908.78,4218.001141,N,07105.998475,W,0,10.0,1.0,46.9,0.0,0.0,220908.78*60
2021-07-28 23:09:10,422 [INFO] Interpreted as: {'position': (2.147277978423517, 2.0599405271932483), 'latlon': (42.30001901666667, -71.09997458333333), 'heading': 46.9, 'depth': 1.0, 'altitude': 10.0, 'roll': 0.0, 'pitch': 0.0, 'last_fix_time': datetime.datetime(2021, 7, 28, 22, 9, 8), 'speed': None, 'rudder': 0, 'datum': (42.3, -71.1)}
2021-07-28 23:09:10,423 [INFO] Processing: $BFNVG,220909.13,4218.001244,N,07105.998333,W,0,10.0,1.0,46.8,0.0,0.0,220909.13*62
2021-07-28 23:09:10,425 [INFO] Interpreted as: {'position': (2.3470730206463486, 2.2457478754222393), 'latlon': (42.300020733333334, -71.09997221666667), 'heading': 46.8, 'depth': 1.0, 'altitude': 10.0, 'roll': 0.0, 'pitch': 0.0, 'last_fix_time': datetime.datetime(2021, 7, 28, 22, 9, 9), 'speed': None, 'rudder': 0, 'datum': (42.3, -71.1)}
2021-07-28 23:09:10,426 [INFO] Received from Frontseat: [b'$BFNVG,220908.07,4218.000933,N,07105.998760,W,0,10.0,1.0,47.0,0.0,0.0,220908.07*63', b'$BFNVG,220908.43,4218.001039,N,07105.998614,W,0,10.0,1.0,46.9,0.0,0.0,220908.43*6B', b'$BFNVG,220908.78,4218.001141,N,07105.998475,W,0,10.0,1.0,46.9,0.0,0.0,220908.78*60', b'$BFNVG,220909.13,4218.001244,N,07105.998333,W,0,10.0,1.0,46.8,0.0,0.0,220909.13*62']
2021-07-28 23:09:10,426 [INFO] AUV state: {'position': (2.3470730206463486, 2.2457478754222393), 'latlon': (42.300020733333334, -71.09997221666667), 'heading': 46.8, 'depth': 1.0, 'altitude': 10.0, 'roll': 0.0, 'pitch': 0.0, 'last_fix_time': datetime.datetime(2021, 7, 28, 22, 9, 9), 'speed': None, 'rudder': 0, 'datum': (42.3, -71.1)}
2021-07-28 23:09:10,935 [INFO] **** [] [(3.283682645575191, 10.899789695792292), (-15.761486939436947, -1.8925050258161158), (29.710800773760063, 11.359287482409002), (29.102748889376418, -18.07658042854862), (-28.147604082685728, 19.573907972991258), (-9.74666168362326, -19.491205733898845), (24.3436229625983, -13.59608158171125)]
2021-07-28 23:09:10,936 [INFO] Next green buoy: [], next red buoy: [(3.283682645575191, 10.899789695792292), (-15.761486939436947, -1.8925050258161158), (29.710800773760063, 11.359287482409002), (29.102748889376418, -18.07658042854862), (-28.147604082685728, 19.573907972991258), (-9.74666168362326, -19.491205733898845), (24.3436229625983, -13.59608158171125)]
2021-07-28 23:09:10,937 [INFO] Desired_heading: 50.08368264557519
2021-07-28 23:09:10,937 [INFO] delta angle: 3.5362377752664615
2021-07-28 23:09:10,938 [INFO] sending message $BPRMB,220909.10,-3.5362377752664615,1,0,750,0,1*49
...
2021-07-28 23:09:11,939 [INFO] sending message $BPSTS,220911.93,1,BWSI Autonomy OK*47
...
2021-07-28 23:09:11,941 [INFO] Processing: $BFNVG,220909.49,4218.001348,N,07105.998192,W,0,10.0,1.0,46.7,0.0,0.0,220909.49*69
2021-07-28 23:09:11,943 [INFO] Interpreted as: {'position': (2.5455398445483297, 2.4334398275241256), 'latlon': (42.30002246666667, -71.09996986666667), 'heading': 46.7, 'depth': 1.0, 'altitude': 10.0, 'roll': 0.0, 'pitch': 0.0, 'last_fix_time': datetime.datetime(2021, 7, 28, 22, 9, 9), 'speed': None, 'rudder': 0, 'datum': (42.3, -71.1)}
2021-07-28 23:09:11,944 [INFO] Processing: $BFNVG,220909.85,4218.001453,N,07105.998049,W,0,10.0,1.0,46.6,0.0,0.0,220909.85*62
2021-07-28 23:09:11,946 [INFO] Interpreted as: {'position': (2.7468000878579915, 2.6229146756231785), 'latlon': (42.300024216666664, -71.09996748333333), 'heading': 46.6, 'depth': 1.0, 'altitude': 10.0, 'roll': 0.0, 'pitch': 0.0, 'last_fix_time': datetime.datetime(2021, 7, 28, 22, 9, 9), 'speed': None, 'rudder': 0, 'datum': (42.3, -71.1)}
2021-07-28 23:09:11,949 [INFO] Processing: $BFNVG,220910.20,4218.001558,N,07105.997907,W,0,10.0,1.0,46.5,0.0,0.0,220910.20*67
2021-07-28 23:09:11,951 [INFO] Interpreted as: {'position': (2.9466864411951974, 2.8124234322458506), 'latlon': (42.30002596666667, -71.09996511666667), 'heading': 46.5, 'depth': 1.0, 'altitude': 10.0, 'roll': 0.0, 'pitch': 0.0, 'last_fix_time': datetime.datetime(2021, 7, 28, 22, 9, 10), 'speed': None, 'rudder': 0, 'datum': (42.3, -71.1)}
2021-07-28 23:09:11,952 [INFO] Processing: $BFNVG,220910.56,4218.001662,N,07105.997766,W,0,10.0,1.0,46.4,0.0,0.0,220910.56*65
2021-07-28 23:09:11,954 [INFO] Interpreted as: {'position': (3.1451532333157957, 3.000115405768156), 'latlon': (42.3000277, -71.09996276666666), 'heading': 46.4, 'depth': 1.0, 'altitude': 10.0, 'roll': 0.0, 'pitch': 0.0, 'last_fix_time': datetime.datetime(2021, 7, 28, 22, 9, 10), 'speed': None, 'rudder': 0, 'datum': (42.3, -71.1)}
2021-07-28 23:09:11,955 [INFO] Processing: $BFNVG,220910.92,4218.001768,N,07105.997624,W,0,10.0,1.0,46.3,0.0,0.0,220910.92*6E
2021-07-28 23:09:11,957 [INFO] Interpreted as: {'position': (3.3450852365931496, 3.1914748707786202), 'latlon': (42.300029466666665, -71.0999604), 'heading': 46.3, 'depth': 1.0, 'altitude': 10.0, 'roll': 0.0, 'pitch': 0.0, 'last_fix_time': datetime.datetime(2021, 7, 28, 22, 9, 10), 'speed': None, 'rudder': 0, 'datum': (42.3, -71.1)}
2021-07-28 23:09:11,957 [INFO] Received from Frontseat: [b'$BFNVG,220909.49,4218.001348,N,07105.998192,W,0,10.0,1.0,46.7,0.0,0.0,220909.49*69', b'$BFNVG,220909.85,4218.001453,N,07105.998049,W,0,10.0,1.0,46.6,0.0,0.0,220909.85*62', b'$BFNVG,220910.20,4218.001558,N,07105.997907,W,0,10.0,1.0,46.5,0.0,0.0,220910.20*67', b'$BFNVG,220910.56,4218.001662,N,07105.997766,W,0,10.0,1.0,46.4,0.0,0.0,220910.56*65', b'$BFNVG,220910.92,4218.001768,N,07105.997624,W,0,10.0,1.0,46.3,0.0,0.0,220910.92*6E']
2021-07-28 23:09:11,958 [INFO] AUV state: {'position': (3.3450852365931496, 3.1914748707786202), 'latlon': (42.300029466666665, -71.0999604), 'heading': 46.3, 'depth': 1.0, 'altitude': 10.0, 'roll': 0.0, 'pitch': 0.0, 'last_fix_time': datetime.datetime(2021, 7, 28, 22, 9, 10), 'speed': None, 'rudder': 0, 'datum': (42.3, -71.1)}
2021-07-28 23:09:12,496 [INFO] **** [] [(-1.4586901764421047, 12.127386252527625), (-14.795355469242736, -2.474101458884707), (29.506727089277053, 11.270387240677978), (29.120981864505914, -18.07147791739229), (-13.183323091248285, -6.5084011126578245), (24.325628832613898, -13.581291966120428), (7.435638062360447, 24.303128983303857)]
2021-07-28 23:09:12,497 [INFO] Next green buoy: [], next red buoy: [(-1.4586901764421047, 12.127386252527625), (-14.795355469242736, -2.474101458884707), (29.506727089277053, 11.270387240677978), (29.120981864505914, -18.07147791739229), (-13.183323091248285, -6.5084011126578245), (24.325628832613898, -13.581291966120428), (7.435638062360447, 24.303128983303857)]
2021-07-28 23:09:12,498 [INFO] Desired_heading: 44.84130982355789
2021-07-28 23:09:12,498 [INFO] delta angle: -1.2824599451446375
2021-07-28 23:09:12,498 [INFO] sending message $BPRMB,220914.77,1.2824599451446375,1,0,750,0,1*62
...
2021-07-28 23:09:13,500 [INFO] sending message $BPSTS,220913.50,1,BWSI Autonomy OK*4a
...
2021-07-28 23:09:13,501 [INFO] Processing: $BFNVG,220911.27,4218.001874,N,07105.997482,W,0,10.0,1.0,46.2,0.0,0.0,220911.27*63
2021-07-28 23:09:13,503 [INFO] Interpreted as: {'position': (3.5450172290438786, 3.38283434137702), 'latlon': (42.300031233333335, -71.09995803333334), 'heading': 46.2, 'depth': 1.0, 'altitude': 10.0, 'roll': 0.0, 'pitch': 0.0, 'last_fix_time': datetime.datetime(2021, 7, 28, 22, 9, 11), 'speed': None, 'rudder': 0, 'datum': (42.3, -71.1)}
2021-07-28 23:09:13,504 [INFO] Processing: $BFNVG,220911.63,4218.001980,N,07105.997340,W,0,10.0,1.0,46.5,0.0,0.0,220911.63*67
2021-07-28 23:09:13,506 [INFO] Interpreted as: {'position': (3.7449492107261904, 3.574193817563355), 'latlon': (42.300033, -71.09995566666667), 'heading': 46.5, 'depth': 1.0, 'altitude': 10.0, 'roll': 0.0, 'pitch': 0.0, 'last_fix_time': datetime.datetime(2021, 7, 28, 22, 9, 11), 'speed': None, 'rudder': 0, 'datum': (42.3, -71.1)}
2021-07-28 23:09:13,507 [INFO] Processing: $BFNVG,220912.00,4218.002088,N,07105.997193,W,0,10.0,1.0,46.7,0.0,0.0,220912.00*6B
2021-07-28 23:09:13,509 [INFO] Interpreted as: {'position': (3.9518419191008434, 3.7690851716324687), 'latlon': (42.3000348, -71.09995321666666), 'heading': 46.7, 'depth': 1.0, 'altitude': 10.0, 'roll': 0.0, 'pitch': 0.0, 'last_fix_time': datetime.datetime(2021, 7, 28, 22, 9, 12), 'speed': None, 'rudder': 0, 'datum': (42.3, -71.1)}
2021-07-28 23:09:13,511 [INFO] Processing: $BFNVG,220912.37,4218.002195,N,07105.997047,W,0,10.0,1.0,47.0,0.0,0.0,220912.37*68
2021-07-28 23:09:13,513 [INFO] Interpreted as: {'position': (4.157315066084266, 3.9621597407385707), 'latlon': (42.30003658333333, -71.09995078333333), 'heading': 47.0, 'depth': 1.0, 'altitude': 10.0, 'roll': 0.0, 'pitch': 0.0, 'last_fix_time': datetime.datetime(2021, 7, 28, 22, 9, 12), 'speed': None, 'rudder': 0, 'datum': (42.3, -71.1)}
2021-07-28 23:09:13,514 [INFO] Received from Frontseat: [b'$BFNVG,220911.27,4218.001874,N,07105.997482,W,0,10.0,1.0,46.2,0.0,0.0,220911.27*63', b'$BFNVG,220911.63,4218.001980,N,07105.997340,W,0,10.0,1.0,46.5,0.0,0.0,220911.63*67', b'$BFNVG,220912.00,4218.002088,N,07105.997193,W,0,10.0,1.0,46.7,0.0,0.0,220912.00*6B', b'$BFNVG,220912.37,4218.002195,N,07105.997047,W,0,10.0,1.0,47.0,0.0,0.0,220912.37*68']
2021-07-28 23:09:13,514 [INFO] AUV state: {'position': (4.157315066084266, 3.9621597407385707), 'latlon': (42.30003658333333, -71.09995078333333), 'heading': 47.0, 'depth': 1.0, 'altitude': 10.0, 'roll': 0.0, 'pitch': 0.0, 'last_fix_time': datetime.datetime(2021, 7, 28, 22, 9, 12), 'speed': None, 'rudder': 0, 'datum': (42.3, -71.1)}
2021-07-28 23:09:14,038 [INFO] **** [] [(-1.820826085373147, 12.384961240115947), (-14.868791887663154, -2.416800799902001), (29.580416944270976, 11.245974580489772), (29.04369333995834, -17.925382176822854), (-13.071960756569162, -6.574211118784892), (-9.58388522533654, -19.671134411540212), (24.325628832613898, -13.592668757317727), (28.07493246355725, -10.291577413997906)]
2021-07-28 23:09:14,039 [INFO] Next green buoy: [], next red buoy: [(-1.820826085373147, 12.384961240115947), (-14.868791887663154, -2.416800799902001), (29.580416944270976, 11.245974580489772), (29.04369333995834, -17.925382176822854), (-13.071960756569162, -6.574211118784892), (-9.58388522533654, -19.671134411540212), (24.325628832613898, -13.592668757317727), (28.07493246355725, -10.291577413997906)]
2021-07-28 23:09:14,040 [INFO] Desired_heading: 45.17917391462685
2021-07-28 23:09:14,040 [INFO] delta angle: -1.6920982259340462
2021-07-28 23:09:14,041 [INFO] sending message $BPRMB,220912.22,1.6920982259340462,1,0,750,0,1*6d
...
2021-07-28 23:09:15,043 [INFO] sending message $BPSTS,220915.04,1,BWSI Autonomy OK*4d
...
2021-07-28 23:09:15,044 [INFO] Processing: $BFNVG,220912.74,4218.002302,N,07105.996899,W,0,10.0,1.0,47.2,0.0,0.0,220912.74*6C
2021-07-28 23:09:15,046 [INFO] Interpreted as: {'position': (4.365535959717818, 4.155166506767273), 'latlon': (42.30003836666667, -71.09994831666667), 'heading': 47.2, 'depth': 1.0, 'altitude': 10.0, 'roll': 0.0, 'pitch': 0.0, 'last_fix_time': datetime.datetime(2021, 7, 28, 22, 9, 12), 'speed': None, 'rudder': 0, 'datum': (42.3, -71.1)}
2021-07-28 23:09:15,047 [INFO] Processing: $BFNVG,220913.09,4218.002406,N,07105.996755,W,0,10.0,1.0,47.1,0.0,0.0,220913.09*63
2021-07-28 23:09:15,049 [INFO] Interpreted as: {'position': (4.568124313489534, 4.34275680128485), 'latlon': (42.3000401, -71.09994591666667), 'heading': 47.1, 'depth': 1.0, 'altitude': 10.0, 'roll': 0.0, 'pitch': 0.0, 'last_fix_time': datetime.datetime(2021, 7, 28, 22, 9, 13), 'speed': None, 'rudder': 0, 'datum': (42.3, -71.1)}
2021-07-28 23:09:15,049 [INFO] Processing: $BFNVG,220913.47,4218.002516,N,07105.996604,W,0,10.0,1.0,47.0,0.0,0.0,220913.47*67
2021-07-28 23:09:15,051 [INFO] Interpreted as: {'position': (4.780603834078647, 4.541213956661522), 'latlon': (42.30004193333333, -71.0999434), 'heading': 47.0, 'depth': 1.0, 'altitude': 10.0, 'roll': 0.0, 'pitch': 0.0, 'last_fix_time': datetime.datetime(2021, 7, 28, 22, 9, 13), 'speed': None, 'rudder': 0, 'datum': (42.3, -71.1)}
2021-07-28 23:09:15,052 [INFO] Processing: $BFNVG,220913.82,4218.002620,N,07105.996461,W,0,10.0,1.0,47.0,0.0,0.0,220913.82*60
2021-07-28 23:09:15,055 [INFO] Interpreted as: {'position': (4.98181828687666, 4.728838169015944), 'latlon': (42.30004366666667, -71.09994101666666), 'heading': 47.0, 'depth': 1.0, 'altitude': 10.0, 'roll': 0.0, 'pitch': 0.0, 'last_fix_time': datetime.datetime(2021, 7, 28, 22, 9, 13), 'speed': None, 'rudder': 0, 'datum': (42.3, -71.1)}
2021-07-28 23:09:15,056 [INFO] Received from Frontseat: [b'$BFNVG,220912.74,4218.002302,N,07105.996899,W,0,10.0,1.0,47.2,0.0,0.0,220912.74*6C', b'$BFNVG,220913.09,4218.002406,N,07105.996755,W,0,10.0,1.0,47.1,0.0,0.0,220913.09*63', b'$BFNVG,220913.47,4218.002516,N,07105.996604,W,0,10.0,1.0,47.0,0.0,0.0,220913.47*67', b'$BFNVG,220913.82,4218.002620,N,07105.996461,W,0,10.0,1.0,47.0,0.0,0.0,220913.82*60']
2021-07-28 23:09:15,057 [INFO] AUV state: {'position': (4.98181828687666, 4.728838169015944), 'latlon': (42.30004366666667, -71.09994101666666), 'heading': 47.0, 'depth': 1.0, 'altitude': 10.0, 'roll': 0.0, 'pitch': 0.0, 'last_fix_time': datetime.datetime(2021, 7, 28, 22, 9, 13), 'speed': None, 'rudder': 0, 'datum': (42.3, -71.1)}
2021-07-28 23:09:15,604 [INFO] **** [] [(-1.5160955293029192, 12.099902045711243), (-14.492480390933814, -2.567453556758789), (29.615058461131838, 11.144295378767307), (28.946720448697658, -17.389714228511448), (23.981792876745743, -13.559919097234632), (-13.184324403021286, -6.5142400867845485), (14.698879322389574, -24.2417958049423)]
2021-07-28 23:09:15,605 [INFO] Next green buoy: [], next red buoy: [(-1.5160955293029192, 12.099902045711243), (-14.492480390933814, -2.567453556758789), (29.615058461131838, 11.144295378767307), (28.946720448697658, -17.389714228511448), (23.981792876745743, -13.559919097234632), (-13.184324403021286, -6.5142400867845485), (14.698879322389574, -24.2417958049423)]
2021-07-28 23:09:15,606 [INFO] Desired_heading: 45.483904470697084
2021-07-28 23:09:15,606 [INFO] delta angle: -1.3458547630920634
2021-07-28 23:09:15,607 [INFO] sending message $BPRMB,220917.85,1.3458547630920634,1,0,750,0,1*61
...
2021-07-28 23:09:16,608 [INFO] sending message $BPSTS,220916.60,1,BWSI Autonomy OK*4c
...
2021-07-28 23:09:16,610 [INFO] Processing: $BFNVG,220914.18,4218.002724,N,07105.996318,W,0,10.0,1.0,46.9,0.0,0.0,220914.18*64
2021-07-28 23:09:16,612 [INFO] Interpreted as: {'position': (5.183032729080878, 4.916462386958301), 'latlon': (42.3000454, -71.09993863333334), 'heading': 46.9, 'depth': 1.0, 'altitude': 10.0, 'roll': 0.0, 'pitch': 0.0, 'last_fix_time': datetime.datetime(2021, 7, 28, 22, 9, 14), 'speed': None, 'rudder': 0, 'datum': (42.3, -71.1)}
2021-07-28 23:09:16,613 [INFO] Processing: $BFNVG,220914.54,4218.002828,N,07105.996177,W,0,10.0,1.0,46.8,0.0,0.0,220914.54*6D
2021-07-28 23:09:16,615 [INFO] Interpreted as: {'position': (5.3814994030981325, 5.104154417291284), 'latlon': (42.30004713333334, -71.09993628333334), 'heading': 46.8, 'depth': 1.0, 'altitude': 10.0, 'roll': 0.0, 'pitch': 0.0, 'last_fix_time': datetime.datetime(2021, 7, 28, 22, 9, 14), 'speed': None, 'rudder': 0, 'datum': (42.3, -71.1)}
2021-07-28 23:09:16,616 [INFO] Processing: $BFNVG,220914.89,4218.002932,N,07105.996035,W,0,10.0,1.0,46.6,0.0,0.0,220914.89*6E
2021-07-28 23:09:16,618 [INFO] Interpreted as: {'position': (5.581339945318177, 5.291812548413873), 'latlon': (42.300048866666664, -71.09993391666667), 'heading': 46.6, 'depth': 1.0, 'altitude': 10.0, 'roll': 0.0, 'pitch': 0.0, 'last_fix_time': datetime.datetime(2021, 7, 28, 22, 9, 14), 'speed': None, 'rudder': 0, 'datum': (42.3, -71.1)}
2021-07-28 23:09:16,619 [INFO] Processing: $BFNVG,220915.25,4218.003036,N,07105.995893,W,0,10.0,1.0,46.5,0.0,0.0,220915.25*66
2021-07-28 23:09:16,621 [INFO] Interpreted as: {'position': (5.78118047688622, 5.479470686987042), 'latlon': (42.3000506, -71.09993155), 'heading': 46.5, 'depth': 1.0, 'altitude': 10.0, 'roll': 0.0, 'pitch': 0.0, 'last_fix_time': datetime.datetime(2021, 7, 28, 22, 9, 15), 'speed': None, 'rudder': 0, 'datum': (42.3, -71.1)}
2021-07-28 23:09:16,622 [INFO] Processing: $BFNVG,220915.60,4218.003140,N,07105.995753,W,0,10.0,1.0,46.4,0.0,0.0,220915.60*64
2021-07-28 23:09:16,624 [INFO] Interpreted as: {'position': (5.978273240616545, 5.667196637950838), 'latlon': (42.30005233333333, -71.09992921666667), 'heading': 46.4, 'depth': 1.0, 'altitude': 10.0, 'roll': 0.0, 'pitch': 0.0, 'last_fix_time': datetime.datetime(2021, 7, 28, 22, 9, 15), 'speed': None, 'rudder': 0, 'datum': (42.3, -71.1)}
2021-07-28 23:09:16,624 [INFO] Received from Frontseat: [b'$BFNVG,220914.18,4218.002724,N,07105.996318,W,0,10.0,1.0,46.9,0.0,0.0,220914.18*64', b'$BFNVG,220914.54,4218.002828,N,07105.996177,W,0,10.0,1.0,46.8,0.0,0.0,220914.54*6D', b'$BFNVG,220914.89,4218.002932,N,07105.996035,W,0,10.0,1.0,46.6,0.0,0.0,220914.89*6E', b'$BFNVG,220915.25,4218.003036,N,07105.995893,W,0,10.0,1.0,46.5,0.0,0.0,220915.25*66', b'$BFNVG,220915.60,4218.003140,N,07105.995753,W,0,10.0,1.0,46.4,0.0,0.0,220915.60*64']
2021-07-28 23:09:16,625 [INFO] AUV state: {'position': (5.978273240616545, 5.667196637950838), 'latlon': (42.30005233333333, -71.09992921666667), 'heading': 46.4, 'depth': 1.0, 'altitude': 10.0, 'roll': 0.0, 'pitch': 0.0, 'last_fix_time': datetime.datetime(2021, 7, 28, 22, 9, 15), 'speed': None, 'rudder': 0, 'datum': (42.3, -71.1)}
2021-07-28 23:09:17,133 [INFO] **** [] [(3.3677484882488677, 10.790263378736753), (-14.628240630886944, -2.523580526568793), (29.83778109604578, 11.244280869761345), (29.125115470725166, -18.107668346999674), (-28.13848621159299, 19.546620411716535), (-9.802385190849014, -19.702633767937147), (13.391036750458044, -24.141366007425596), (-13.111896675166713, -6.584732485567496), (24.094251001032426, -13.568776235075122), (10.729126858389149, -23.596334833315833), (7.9105210128556385, -22.11535906687539), (28.888254409867805, 23.053422919505778), (13.763189135585783, -22.098662589791804)]
2021-07-28 23:09:17,134 [INFO] Next green buoy: [], next red buoy: [(3.3677484882488677, 10.790263378736753), (-14.628240630886944, -2.523580526568793), (29.83778109604578, 11.244280869761345), (29.125115470725166, -18.107668346999674), (-28.13848621159299, 19.546620411716535), (-9.802385190849014, -19.702633767937147), (13.391036750458044, -24.141366007425596), (-13.111896675166713, -6.584732485567496), (24.094251001032426, -13.568776235075122), (10.729126858389149, -23.596334833315833), (7.9105210128556385, -22.11535906687539), (28.888254409867805, 23.053422919505778), (13.763189135585783, -22.098662589791804)]
2021-07-28 23:09:17,134 [INFO] Desired_heading: 49.76774848824887
2021-07-28 23:09:17,135 [INFO] delta angle: 3.649762034961733
2021-07-28 23:09:17,135 [INFO] sending message $BPRMB,220915.35,-3.649762034961733,1,0,750,0,1*72
...
2021-07-28 23:09:18,137 [INFO] sending message $BPSTS,220918.13,1,BWSI Autonomy OK*46
...
2021-07-28 23:09:18,138 [INFO] Processing: $BFNVG,220915.95,4218.003245,N,07105.995612,W,0,10.0,1.0,46.3,0.0,0.0,220915.95*61
2021-07-28 23:09:18,140 [INFO] Interpreted as: {'position': (6.1767855430953205, 5.856739387847483), 'latlon': (42.300054083333336, -71.09992686666666), 'heading': 46.3, 'depth': 1.0, 'altitude': 10.0, 'roll': 0.0, 'pitch': 0.0, 'last_fix_time': datetime.datetime(2021, 7, 28, 22, 9, 15), 'speed': None, 'rudder': 0, 'datum': (42.3, -71.1)}
2021-07-28 23:09:18,141 [INFO] Processing: $BFNVG,220916.31,4218.003350,N,07105.995472,W,0,10.0,1.0,46.2,0.0,0.0,220916.31*61
2021-07-28 23:09:18,143 [INFO] Interpreted as: {'position': (6.373923956300132, 6.046316046267748), 'latlon': (42.30005583333333, -71.09992453333334), 'heading': 46.2, 'depth': 1.0, 'altitude': 10.0, 'roll': 0.0, 'pitch': 0.0, 'last_fix_time': datetime.datetime(2021, 7, 28, 22, 9, 16), 'speed': None, 'rudder': 0, 'datum': (42.3, -71.1)}
2021-07-28 23:09:18,144 [INFO] Processing: $BFNVG,220916.67,4218.003457,N,07105.995328,W,0,10.0,1.0,46.1,0.0,0.0,220916.67*6A
2021-07-28 23:09:18,146 [INFO] Interpreted as: {'position': (6.576649214082863, 6.239458490163088), 'latlon': (42.30005761666666, -71.09992213333334), 'heading': 46.1, 'depth': 1.0, 'altitude': 10.0, 'roll': 0.0, 'pitch': 0.0, 'last_fix_time': datetime.datetime(2021, 7, 28, 22, 9, 16), 'speed': None, 'rudder': 0, 'datum': (42.3, -71.1)}
2021-07-28 23:09:18,147 [INFO] Processing: $BFNVG,220917.02,4218.003561,N,07105.995190,W,0,10.0,1.0,46.0,0.0,0.0,220917.02*6E
2021-07-28 23:09:18,149 [INFO] Interpreted as: {'position': (6.770994178601541, 6.42725226841867), 'latlon': (42.30005935, -71.09991983333333), 'heading': 46.0, 'depth': 1.0, 'altitude': 10.0, 'roll': 0.0, 'pitch': 0.0, 'last_fix_time': datetime.datetime(2021, 7, 28, 22, 9, 17), 'speed': None, 'rudder': 0, 'datum': (42.3, -71.1)}
2021-07-28 23:09:18,150 [INFO] Received from Frontseat: [b'$BFNVG,220915.95,4218.003245,N,07105.995612,W,0,10.0,1.0,46.3,0.0,0.0,220915.95*61', b'$BFNVG,220916.31,4218.003350,N,07105.995472,W,0,10.0,1.0,46.2,0.0,0.0,220916.31*61', b'$BFNVG,220916.67,4218.003457,N,07105.995328,W,0,10.0,1.0,46.1,0.0,0.0,220916.67*6A', b'$BFNVG,220917.02,4218.003561,N,07105.995190,W,0,10.0,1.0,46.0,0.0,0.0,220917.02*6E']
2021-07-28 23:09:18,151 [INFO] AUV state: {'position': (6.770994178601541, 6.42725226841867), 'latlon': (42.30005935, -71.09991983333333), 'heading': 46.0, 'depth': 1.0, 'altitude': 10.0, 'roll': 0.0, 'pitch': 0.0, 'last_fix_time': datetime.datetime(2021, 7, 28, 22, 9, 17), 'speed': None, 'rudder': 0, 'datum': (42.3, -71.1)}
2021-07-28 23:09:18,699 [INFO] **** [] [(-1.7683482187743946, 12.43801548437636), (-15.608148747788993, -1.9930461253532772), (29.583214593953997, 11.095664505194371), (29.040504855166276, -17.935658345974566), (-9.678011598816036, -19.60406550545881), (14.59027166355443, -24.143258095646154), (23.96216108908632, -13.54715504610472)]
2021-07-28 23:09:18,701 [INFO] Next green buoy: [], next red buoy: [(-1.7683482187743946, 12.43801548437636), (-15.608148747788993, -1.9930461253532772), (29.583214593953997, 11.095664505194371), (29.040504855166276, -17.935658345974566), (-9.678011598816036, -19.60406550545881), (14.59027166355443, -24.143258095646154), (23.96216108908632, -13.54715504610472)]
2021-07-28 23:09:18,701 [INFO] Desired_heading: 44.23165178122561
2021-07-28 23:09:18,701 [INFO] delta angle: -1.6313596775589758
2021-07-28 23:09:18,702 [INFO] sending message $BPRMB,220920.91,1.6313596775589758,1,0,750,0,1*65
...
2021-07-28 23:09:19,704 [INFO] sending message $BPSTS,220919.70,1,BWSI Autonomy OK*42
...
2021-07-28 23:09:19,705 [INFO] Processing: $BFNVG,220917.39,4218.003669,N,07105.995046,W,0,10.0,1.0,45.9,0.0,0.0,220917.39*65
2021-07-28 23:09:19,707 [INFO] Interpreted as: {'position': (6.973765085102059, 6.622245418839157), 'latlon': (42.30006115, -71.09991743333333), 'heading': 45.9, 'depth': 1.0, 'altitude': 10.0, 'roll': 0.0, 'pitch': 0.0, 'last_fix_time': datetime.datetime(2021, 7, 28, 22, 9, 17), 'speed': None, 'rudder': 0, 'datum': (42.3, -71.1)}
2021-07-28 23:09:19,708 [INFO] Processing: $BFNVG,220917.74,4218.003775,N,07105.994905,W,0,10.0,1.0,46.2,0.0,0.0,220917.74*6E
2021-07-28 23:09:19,710 [INFO] Interpreted as: {'position': (7.172323004517239, 6.813638892956078), 'latlon': (42.30006291666667, -71.09991508333333), 'heading': 46.2, 'depth': 1.0, 'altitude': 10.0, 'roll': 0.0, 'pitch': 0.0, 'last_fix_time': datetime.datetime(2021, 7, 28, 22, 9, 17), 'speed': None, 'rudder': 0, 'datum': (42.3, -71.1)}
2021-07-28 23:09:19,711 [INFO] Processing: $BFNVG,220918.10,4218.003880,N,07105.994765,W,0,10.0,1.0,46.4,0.0,0.0,220918.10*65
2021-07-28 23:09:19,713 [INFO] Interpreted as: {'position': (7.369461364578456, 7.003215577453375), 'latlon': (42.300064666666664, -71.09991275), 'heading': 46.4, 'depth': 1.0, 'altitude': 10.0, 'roll': 0.0, 'pitch': 0.0, 'last_fix_time': datetime.datetime(2021, 7, 28, 22, 9, 18), 'speed': None, 'rudder': 0, 'datum': (42.3, -71.1)}
2021-07-28 23:09:19,714 [INFO] Processing: $BFNVG,220918.45,4218.003983,N,07105.994625,W,0,10.0,1.0,46.7,0.0,0.0,220918.45*61
2021-07-28 23:09:19,716 [INFO] Interpreted as: {'position': (7.566508373711258, 7.189090874046087), 'latlon': (42.30006638333333, -71.09991041666666), 'heading': 46.7, 'depth': 1.0, 'altitude': 10.0, 'roll': 0.0, 'pitch': 0.0, 'last_fix_time': datetime.datetime(2021, 7, 28, 22, 9, 18), 'speed': None, 'rudder': 0, 'datum': (42.3, -71.1)}
2021-07-28 23:09:19,717 [INFO] Received from Frontseat: [b'$BFNVG,220917.39,4218.003669,N,07105.995046,W,0,10.0,1.0,45.9,0.0,0.0,220917.39*65', b'$BFNVG,220917.74,4218.003775,N,07105.994905,W,0,10.0,1.0,46.2,0.0,0.0,220917.74*6E', b'$BFNVG,220918.10,4218.003880,N,07105.994765,W,0,10.0,1.0,46.4,0.0,0.0,220918.10*65', b'$BFNVG,220918.45,4218.003983,N,07105.994625,W,0,10.0,1.0,46.7,0.0,0.0,220918.45*61']
2021-07-28 23:09:19,718 [INFO] AUV state: {'position': (7.566508373711258, 7.189090874046087), 'latlon': (42.30006638333333, -71.09991041666666), 'heading': 46.7, 'depth': 1.0, 'altitude': 10.0, 'roll': 0.0, 'pitch': 0.0, 'last_fix_time': datetime.datetime(2021, 7, 28, 22, 9, 18), 'speed': None, 'rudder': 0, 'datum': (42.3, -71.1)}
2021-07-28 23:09:20,241 [INFO] **** [] [(-1.3365217209324871, 12.123046497356402), (-14.436527468824803, -2.6557253919629082), (29.788198760095096, 10.798412940505798), (29.057517278050206, -17.90022953395124), (-13.06464732823247, -6.551505957115729), (24.10027143765789, -13.58779312337015), (28.911985896167923, 23.053422919505778)]
2021-07-28 23:09:20,242 [INFO] Next green buoy: [], next red buoy: [(-1.3365217209324871, 12.123046497356402), (-14.436527468824803, -2.6557253919629082), (29.788198760095096, 10.798412940505798), (29.057517278050206, -17.90022953395124), (-13.06464732823247, -6.551505957115729), (24.10027143765789, -13.58779312337015), (28.911985896167923, 23.053422919505778)]
2021-07-28 23:09:20,243 [INFO] Desired_heading: 45.363478279067515
2021-07-28 23:09:20,243 [INFO] delta angle: -1.1496350962256088
2021-07-28 23:09:20,244 [INFO] sending message $BPRMB,220918.49,1.1496350962256088,1,0,750,0,1*6d
...
2021-07-28 23:09:21,245 [INFO] sending message $BPSTS,220921.24,1,BWSI Autonomy OK*48
...
2021-07-28 23:09:21,247 [INFO] Processing: $BFNVG,220918.80,4218.004086,N,07105.994484,W,0,10.0,1.0,46.9,0.0,0.0,220918.80*6D
2021-07-28 23:09:21,249 [INFO] Interpreted as: {'position': (7.764929250814021, 7.374932271428406), 'latlon': (42.3000681, -71.09990806666667), 'heading': 46.9, 'depth': 1.0, 'altitude': 10.0, 'roll': 0.0, 'pitch': 0.0, 'last_fix_time': datetime.datetime(2021, 7, 28, 22, 9, 18), 'speed': None, 'rudder': 0, 'datum': (42.3, -71.1)}
2021-07-28 23:09:21,250 [INFO] Processing: $BFNVG,220919.17,4218.004194,N,07105.994338,W,0,10.0,1.0,46.8,0.0,0.0,220919.17*6E
2021-07-28 23:09:21,252 [INFO] Interpreted as: {'position': (7.9704478593776, 7.569857642054558), 'latlon': (42.3000699, -71.09990563333334), 'heading': 46.8, 'depth': 1.0, 'altitude': 10.0, 'roll': 0.0, 'pitch': 0.0, 'last_fix_time': datetime.datetime(2021, 7, 28, 22, 9, 19), 'speed': None, 'rudder': 0, 'datum': (42.3, -71.1)}
2021-07-28 23:09:21,253 [INFO] Processing: $BFNVG,220919.52,4218.004297,N,07105.994197,W,0,10.0,1.0,46.7,0.0,0.0,220919.52*66
2021-07-28 23:09:21,255 [INFO] Interpreted as: {'position': (8.168868715292774, 7.75569905154407), 'latlon': (42.30007161666666, -71.09990328333333), 'heading': 46.7, 'depth': 1.0, 'altitude': 10.0, 'roll': 0.0, 'pitch': 0.0, 'last_fix_time': datetime.datetime(2021, 7, 28, 22, 9, 19), 'speed': None, 'rudder': 0, 'datum': (42.3, -71.1)}
2021-07-28 23:09:21,256 [INFO] Processing: $BFNVG,220919.87,4218.004400,N,07105.994057,W,0,10.0,1.0,46.6,0.0,0.0,220919.87*62
2021-07-28 23:09:21,258 [INFO] Interpreted as: {'position': (8.36591568251606, 7.941574369557202), 'latlon': (42.30007333333333, -71.09990095), 'heading': 46.6, 'depth': 1.0, 'altitude': 10.0, 'roll': 0.0, 'pitch': 0.0, 'last_fix_time': datetime.datetime(2021, 7, 28, 22, 9, 19), 'speed': None, 'rudder': 0, 'datum': (42.3, -71.1)}
2021-07-28 23:09:21,259 [INFO] Processing: $BFNVG,220920.23,4218.004504,N,07105.993916,W,0,10.0,1.0,46.5,0.0,0.0,220920.23*6F
2021-07-28 23:09:21,261 [INFO] Interpreted as: {'position': (8.564382187498268, 8.129266485571861), 'latlon': (42.300075066666665, -71.0998986), 'heading': 46.5, 'depth': 1.0, 'altitude': 10.0, 'roll': 0.0, 'pitch': 0.0, 'last_fix_time': datetime.datetime(2021, 7, 28, 22, 9, 20), 'speed': None, 'rudder': 0, 'datum': (42.3, -71.1)}
2021-07-28 23:09:21,262 [INFO] Received from Frontseat: [b'$BFNVG,220918.80,4218.004086,N,07105.994484,W,0,10.0,1.0,46.9,0.0,0.0,220918.80*6D', b'$BFNVG,220919.17,4218.004194,N,07105.994338,W,0,10.0,1.0,46.8,0.0,0.0,220919.17*6E', b'$BFNVG,220919.52,4218.004297,N,07105.994197,W,0,10.0,1.0,46.7,0.0,0.0,220919.52*66', b'$BFNVG,220919.87,4218.004400,N,07105.994057,W,0,10.0,1.0,46.6,0.0,0.0,220919.87*62', b'$BFNVG,220920.23,4218.004504,N,07105.993916,W,0,10.0,1.0,46.5,0.0,0.0,220920.23*6F']
2021-07-28 23:09:21,263 [INFO] AUV state: {'position': (8.564382187498268, 8.129266485571861), 'latlon': (42.300075066666665, -71.0998986), 'heading': 46.5, 'depth': 1.0, 'altitude': 10.0, 'roll': 0.0, 'pitch': 0.0, 'last_fix_time': datetime.datetime(2021, 7, 28, 22, 9, 20), 'speed': None, 'rudder': 0, 'datum': (42.3, -71.1)}
2021-07-28 23:09:21,778 [INFO] **** [] [(-1.4393956882608685, 12.10340641019874), (-14.823382929500964, -2.4130611367044907), (29.642510116073954, 11.319609508579223), (29.08160800769621, -17.98346306958397), (-13.17899733018964, -6.508851552639223), (23.95964724490532, -13.561379955393909), (-9.597663550912689, -20.293282889357844)]
2021-07-28 23:09:21,779 [INFO] Next green buoy: [], next red buoy: [(-1.4393956882608685, 12.10340641019874), (-14.823382929500964, -2.4130611367044907), (29.642510116073954, 11.319609508579223), (29.08160800769621, -17.98346306958397), (-13.17899733018964, -6.508851552639223), (23.95964724490532, -13.561379955393909), (-9.597663550912689, -20.293282889357844)]
2021-07-28 23:09:21,780 [INFO] Desired_heading: 45.060604311739134
2021-07-28 23:09:21,780 [INFO] delta angle: -1.2612908168794092
2021-07-28 23:09:21,781 [INFO] sending message $BPRMB,220923.99,1.2612908168794092,1,0,750,0,1*60
...
2021-07-28 23:09:22,783 [INFO] sending message $BPSTS,220922.78,1,BWSI Autonomy OK*42
...
2021-07-28 23:09:22,784 [INFO] Processing: $BFNVG,220920.58,4218.004608,N,07105.993777,W,0,10.0,1.0,46.4,0.0,0.0,220920.58*68
2021-07-28 23:09:22,786 [INFO] Interpreted as: {'position': (8.76010092580691, 8.317026414908469), 'latlon': (42.3000768, -71.09989628333334), 'heading': 46.4, 'depth': 1.0, 'altitude': 10.0, 'roll': 0.0, 'pitch': 0.0, 'last_fix_time': datetime.datetime(2021, 7, 28, 22, 9, 20), 'speed': None, 'rudder': 0, 'datum': (42.3, -71.1)}
2021-07-28 23:09:22,787 [INFO] Processing: $BFNVG,220920.93,4218.004712,N,07105.993637,W,0,10.0,1.0,46.3,0.0,0.0,220920.93*60
2021-07-28 23:09:22,789 [INFO] Interpreted as: {'position': (8.957193531794474, 8.504752445966005), 'latlon': (42.300078533333334, -71.09989395), 'heading': 46.3, 'depth': 1.0, 'altitude': 10.0, 'roll': 0.0, 'pitch': 0.0, 'last_fix_time': datetime.datetime(2021, 7, 28, 22, 9, 20), 'speed': None, 'rudder': 0, 'datum': (42.3, -71.1)}
2021-07-28 23:09:22,790 [INFO] Processing: $BFNVG,220921.29,4218.004818,N,07105.993495,W,0,10.0,1.0,46.2,0.0,0.0,220921.29*6E
2021-07-28 23:09:22,792 [INFO] Interpreted as: {'position': (9.157125223078765, 8.696112069301307), 'latlon': (42.3000803, -71.09989158333333), 'heading': 46.2, 'depth': 1.0, 'altitude': 10.0, 'roll': 0.0, 'pitch': 0.0, 'last_fix_time': datetime.datetime(2021, 7, 28, 22, 9, 21), 'speed': None, 'rudder': 0, 'datum': (42.3, -71.1)}
2021-07-28 23:09:22,793 [INFO] Processing: $BFNVG,220921.64,4218.004923,N,07105.993354,W,0,10.0,1.0,46.1,0.0,0.0,220921.64*6E
2021-07-28 23:09:22,795 [INFO] Interpreted as: {'position': (9.355637355765793, 8.88565490487963), 'latlon': (42.30008205, -71.09988923333333), 'heading': 46.1, 'depth': 1.0, 'altitude': 10.0, 'roll': 0.0, 'pitch': 0.0, 'last_fix_time': datetime.datetime(2021, 7, 28, 22, 9, 21), 'speed': None, 'rudder': 0, 'datum': (42.3, -71.1)}
2021-07-28 23:09:22,796 [INFO] Received from Frontseat: [b'$BFNVG,220920.58,4218.004608,N,07105.993777,W,0,10.0,1.0,46.4,0.0,0.0,220920.58*68', b'$BFNVG,220920.93,4218.004712,N,07105.993637,W,0,10.0,1.0,46.3,0.0,0.0,220920.93*60', b'$BFNVG,220921.29,4218.004818,N,07105.993495,W,0,10.0,1.0,46.2,0.0,0.0,220921.29*6E', b'$BFNVG,220921.64,4218.004923,N,07105.993354,W,0,10.0,1.0,46.1,0.0,0.0,220921.64*6E']
2021-07-28 23:09:22,797 [INFO] AUV state: {'position': (9.355637355765793, 8.88565490487963), 'latlon': (42.30008205, -71.09988923333333), 'heading': 46.1, 'depth': 1.0, 'altitude': 10.0, 'roll': 0.0, 'pitch': 0.0, 'last_fix_time': datetime.datetime(2021, 7, 28, 22, 9, 21), 'speed': None, 'rudder': 0, 'datum': (42.3, -71.1)}
2021-07-28 23:09:23,303 [INFO] **** [] [(3.20678565572105, 10.9411803477137), (-15.157747298976378, -1.5338124541057105), (29.8211611213131, 11.211205721521914), (29.08351071161835, -17.98374479823992), (-28.164934867154486, 19.536999534500836), (-19.06940681218013, -5.20206953279508), (-13.168276306677008, -6.497874296171269), (24.36418142276117, -13.580479296399954), (28.911985896167923, 23.038128855167393)]
2021-07-28 23:09:23,304 [INFO] Next green buoy: [], next red buoy: [(3.20678565572105, 10.9411803477137), (-15.157747298976378, -1.5338124541057105), (29.8211611213131, 11.211205721521914), (29.08351071161835, -17.98374479823992), (-28.164934867154486, 19.536999534500836), (-19.06940681218013, -5.20206953279508), (-13.168276306677008, -6.497874296171269), (24.36418142276117, -13.580479296399954), (28.911985896167923, 23.038128855167393)]
2021-07-28 23:09:23,305 [INFO] Desired_heading: 49.30678565572105
2021-07-28 23:09:23,305 [INFO] delta angle: 3.433028448800846
2021-07-28 23:09:23,305 [INFO] sending message $BPRMB,220921.56,-3.433028448800846,1,0,750,0,1*72
...
2021-07-28 23:09:24,307 [INFO] sending message $BPSTS,220924.30,1,BWSI Autonomy OK*48
...
2021-07-28 23:09:24,308 [INFO] Processing: $BFNVG,220922.00,4218.005028,N,07105.993214,W,0,10.0,1.0,46.1,0.0,0.0,220922.00*68
2021-07-28 23:09:24,310 [INFO] Interpreted as: {'position': (9.55277559987735, 9.075231648050249), 'latlon': (42.3000838, -71.0998869), 'heading': 46.1, 'depth': 1.0, 'altitude': 10.0, 'roll': 0.0, 'pitch': 0.0, 'last_fix_time': datetime.datetime(2021, 7, 28, 22, 9, 22), 'speed': None, 'rudder': 0, 'datum': (42.3, -71.1)}
2021-07-28 23:09:24,311 [INFO] Processing: $BFNVG,220922.35,4218.005134,N,07105.993074,W,0,10.0,1.0,46.0,0.0,0.0,220922.35*61
2021-07-28 23:09:24,313 [INFO] Interpreted as: {'position': (9.749959503125865, 9.266659094952047), 'latlon': (42.30008556666667, -71.09988456666666), 'heading': 46.0, 'depth': 1.0, 'altitude': 10.0, 'roll': 0.0, 'pitch': 0.0, 'last_fix_time': datetime.datetime(2021, 7, 28, 22, 9, 22), 'speed': None, 'rudder': 0, 'datum': (42.3, -71.1)}
2021-07-28 23:09:24,314 [INFO] Processing: $BFNVG,220922.71,4218.005238,N,07105.992936,W,0,10.0,1.0,45.9,0.0,0.0,220922.71*6A
2021-07-28 23:09:24,316 [INFO] Interpreted as: {'position': (9.944304300763179, 9.45445295702666), 'latlon': (42.3000873, -71.09988226666667), 'heading': 45.9, 'depth': 1.0, 'altitude': 10.0, 'roll': 0.0, 'pitch': 0.0, 'last_fix_time': datetime.datetime(2021, 7, 28, 22, 9, 22), 'speed': None, 'rudder': 0, 'datum': (42.3, -71.1)}
2021-07-28 23:09:24,317 [INFO] Processing: $BFNVG,220923.06,4218.005343,N,07105.992797,W,0,10.0,1.0,45.8,0.0,0.0,220923.06*63
2021-07-28 23:09:24,319 [INFO] Interpreted as: {'position': (10.14006863546092, 9.64406361989677), 'latlon': (42.30008905, -71.09987995), 'heading': 45.8, 'depth': 1.0, 'altitude': 10.0, 'roll': 0.0, 'pitch': 0.0, 'last_fix_time': datetime.datetime(2021, 7, 28, 22, 9, 23), 'speed': None, 'rudder': 0, 'datum': (42.3, -71.1)}
2021-07-28 23:09:24,320 [INFO] Received from Frontseat: [b'$BFNVG,220922.00,4218.005028,N,07105.993214,W,0,10.0,1.0,46.1,0.0,0.0,220922.00*68', b'$BFNVG,220922.35,4218.005134,N,07105.993074,W,0,10.0,1.0,46.0,0.0,0.0,220922.35*61', b'$BFNVG,220922.71,4218.005238,N,07105.992936,W,0,10.0,1.0,45.9,0.0,0.0,220922.71*6A', b'$BFNVG,220923.06,4218.005343,N,07105.992797,W,0,10.0,1.0,45.8,0.0,0.0,220923.06*63']
2021-07-28 23:09:24,321 [INFO] AUV state: {'position': (10.14006863546092, 9.64406361989677), 'latlon': (42.30008905, -71.09987995), 'heading': 45.8, 'depth': 1.0, 'altitude': 10.0, 'roll': 0.0, 'pitch': 0.0, 'last_fix_time': datetime.datetime(2021, 7, 28, 22, 9, 23), 'speed': None, 'rudder': 0, 'datum': (42.3, -71.1)}
2021-07-28 23:09:24,870 [INFO] **** [] [(-1.527758203669366, 12.145627928159495), (-15.177884884135377, -2.2357072028569016), (29.862256175409215, 10.958781150951426), (29.157829472415425, -18.139362901149507), (-9.769722137688323, -19.73137278268246), (-13.025364102826943, -6.566732602747423), (28.838118969062435, 23.073809601100006), (24.460460138718208, -13.6097318958122)]
2021-07-28 23:09:24,871 [INFO] Next green buoy: [], next red buoy: [(-1.527758203669366, 12.145627928159495), (-15.177884884135377, -2.2357072028569016), (29.862256175409215, 10.958781150951426), (29.157829472415425, -18.139362901149507), (-9.769722137688323, -19.73137278268246), (-13.025364102826943, -6.566732602747423), (28.838118969062435, 23.073809601100006), (24.460460138718208, -13.6097318958122)]
2021-07-28 23:09:24,871 [INFO] Desired_heading: 44.27224179633063
2021-07-28 23:09:24,872 [INFO] delta angle: -1.3588085395002167
2021-07-28 23:09:24,872 [INFO] sending message $BPRMB,220927.04,1.3588085395002167,1,0,750,0,1*6e
...
2021-07-28 23:09:25,874 [INFO] sending message $BPSTS,220925.87,1,BWSI Autonomy OK*45
...
2021-07-28 23:09:25,875 [INFO] Processing: $BFNVG,220923.41,4218.005448,N,07105.992659,W,0,10.0,1.0,45.7,0.0,0.0,220923.41*63
2021-07-28 23:09:25,877 [INFO] Interpreted as: {'position': (10.334459081990644, 9.833708190359175), 'latlon': (42.3000908, -71.09987765), 'heading': 45.7, 'depth': 1.0, 'altitude': 10.0, 'roll': 0.0, 'pitch': 0.0, 'last_fix_time': datetime.datetime(2021, 7, 28, 22, 9, 23), 'speed': None, 'rudder': 0, 'datum': (42.3, -71.1)}
2021-07-28 23:09:25,878 [INFO] Processing: $BFNVG,220923.76,4218.005553,N,07105.992520,W,0,10.0,1.0,46.0,0.0,0.0,220923.76*61
2021-07-28 23:09:25,880 [INFO] Interpreted as: {'position': (10.530223395850044, 10.023318864405155), 'latlon': (42.30009255, -71.09987533333333), 'heading': 46.0, 'depth': 1.0, 'altitude': 10.0, 'roll': 0.0, 'pitch': 0.0, 'last_fix_time': datetime.datetime(2021, 7, 28, 22, 9, 23), 'speed': None, 'rudder': 0, 'datum': (42.3, -71.1)}
2021-07-28 23:09:25,881 [INFO] Processing: $BFNVG,220924.12,4218.005658,N,07105.992380,W,0,10.0,1.0,46.2,0.0,0.0,220924.12*67
2021-07-28 23:09:25,883 [INFO] Interpreted as: {'position': (10.727361576980911, 10.212895637378097), 'latlon': (42.3000943, -71.099873), 'heading': 46.2, 'depth': 1.0, 'altitude': 10.0, 'roll': 0.0, 'pitch': 0.0, 'last_fix_time': datetime.datetime(2021, 7, 28, 22, 9, 24), 'speed': None, 'rudder': 0, 'datum': (42.3, -71.1)}
2021-07-28 23:09:25,884 [INFO] Processing: $BFNVG,220924.47,4218.005762,N,07105.992241,W,0,10.0,1.0,46.4,0.0,0.0,220924.47*65
2021-07-28 23:09:25,886 [INFO] Interpreted as: {'position': (10.923080200620461, 10.400655624456704), 'latlon': (42.30009603333333, -71.09987068333334), 'heading': 46.4, 'depth': 1.0, 'altitude': 10.0, 'roll': 0.0, 'pitch': 0.0, 'last_fix_time': datetime.datetime(2021, 7, 28, 22, 9, 24), 'speed': None, 'rudder': 0, 'datum': (42.3, -71.1)}
2021-07-28 23:09:25,887 [INFO] Processing: $BFNVG,220924.83,4218.005867,N,07105.992099,W,0,10.0,1.0,46.6,0.0,0.0,220924.83*6A
2021-07-28 23:09:25,889 [INFO] Interpreted as: {'position': (11.122966116119642, 10.590164604596794), 'latlon': (42.300097783333335, -71.09986831666667), 'heading': 46.6, 'depth': 1.0, 'altitude': 10.0, 'roll': 0.0, 'pitch': 0.0, 'last_fix_time': datetime.datetime(2021, 7, 28, 22, 9, 24), 'speed': None, 'rudder': 0, 'datum': (42.3, -71.1)}
2021-07-28 23:09:25,890 [INFO] Received from Frontseat: [b'$BFNVG,220923.41,4218.005448,N,07105.992659,W,0,10.0,1.0,45.7,0.0,0.0,220923.41*63', b'$BFNVG,220923.76,4218.005553,N,07105.992520,W,0,10.0,1.0,46.0,0.0,0.0,220923.76*61', b'$BFNVG,220924.12,4218.005658,N,07105.992380,W,0,10.0,1.0,46.2,0.0,0.0,220924.12*67', b'$BFNVG,220924.47,4218.005762,N,07105.992241,W,0,10.0,1.0,46.4,0.0,0.0,220924.47*65', b'$BFNVG,220924.83,4218.005867,N,07105.992099,W,0,10.0,1.0,46.6,0.0,0.0,220924.83*6A']
2021-07-28 23:09:25,891 [INFO] AUV state: {'position': (11.122966116119642, 10.590164604596794), 'latlon': (42.300097783333335, -71.09986831666667), 'heading': 46.6, 'depth': 1.0, 'altitude': 10.0, 'roll': 0.0, 'pitch': 0.0, 'last_fix_time': datetime.datetime(2021, 7, 28, 22, 9, 24), 'speed': None, 'rudder': 0, 'datum': (42.3, -71.1)}
2021-07-28 23:09:26,432 [INFO] **** [] [(3.2541735402310916, 10.911134557400633), (-15.444943526897491, -2.1774953272925486), (29.89224572286532, 10.605098612647843), (29.068578033862767, -17.940810255764315), (-28.106989255492252, 19.55084080955527), (24.055104372570106, -13.562192755913044), (-9.743994102026535, -19.082333303297283), (-9.62074070003403, -20.363618033028626)]
2021-07-28 23:09:26,434 [INFO] Next green buoy: [], next red buoy: [(3.2541735402310916, 10.911134557400633), (-15.444943526897491, -2.1774953272925486), (29.89224572286532, 10.605098612647843), (29.068578033862767, -17.940810255764315), (-28.106989255492252, 19.55084080955527), (24.055104372570106, -13.562192755913044), (-9.743994102026535, -19.082333303297283), (-9.62074070003403, -20.363618033028626)]
2021-07-28 23:09:26,434 [INFO] Desired_heading: 49.854173540231095
2021-07-28 23:09:26,435 [INFO] delta angle: 3.4965591051151668
2021-07-28 23:09:26,435 [INFO] sending message $BPRMB,220924.70,-3.4965591051151668,1,0,750,0,1*4d
...
2021-07-28 23:09:27,437 [INFO] sending message $BPSTS,220927.43,1,BWSI Autonomy OK*4f
...
2021-07-28 23:09:27,438 [INFO] Processing: $BFNVG,220925.19,4218.005973,N,07105.991954,W,0,10.0,1.0,46.9,0.0,0.0,220925.19*6A
2021-07-28 23:09:27,440 [INFO] Interpreted as: {'position': (11.327019323071, 10.781422577798367), 'latlon': (42.30009955, -71.0998659), 'heading': 46.9, 'depth': 1.0, 'altitude': 10.0, 'roll': 0.0, 'pitch': 0.0, 'last_fix_time': datetime.datetime(2021, 7, 28, 22, 9, 25), 'speed': None, 'rudder': 0, 'datum': (42.3, -71.1)}
2021-07-28 23:09:27,441 [INFO] Processing: $BFNVG,220925.54,4218.006076,N,07105.991813,W,0,10.0,1.0,46.8,0.0,0.0,220925.54*66
2021-07-28 23:09:27,443 [INFO] Interpreted as: {'position': (11.525440001045354, 10.967264076694846), 'latlon': (42.300101266666665, -71.09986355), 'heading': 46.8, 'depth': 1.0, 'altitude': 10.0, 'roll': 0.0, 'pitch': 0.0, 'last_fix_time': datetime.datetime(2021, 7, 28, 22, 9, 25), 'speed': None, 'rudder': 0, 'datum': (42.3, -71.1)}
2021-07-28 23:09:27,444 [INFO] Processing: $BFNVG,220925.89,4218.006180,N,07105.991672,W,0,10.0,1.0,46.7,0.0,0.0,220925.89*68
2021-07-28 23:09:27,446 [INFO] Interpreted as: {'position': (11.723906337749213, 11.154956280253828), 'latlon': (42.300103, -71.0998612), 'heading': 46.7, 'depth': 1.0, 'altitude': 10.0, 'roll': 0.0, 'pitch': 0.0, 'last_fix_time': datetime.datetime(2021, 7, 28, 22, 9, 25), 'speed': None, 'rudder': 0, 'datum': (42.3, -71.1)}
2021-07-28 23:09:27,447 [INFO] Processing: $BFNVG,220926.26,4218.006287,N,07105.991527,W,0,10.0,1.0,46.6,0.0,0.0,220926.26*6E
2021-07-28 23:09:27,449 [INFO] Interpreted as: {'position': (11.928005181369372, 11.348064965568483), 'latlon': (42.30010478333333, -71.09985878333333), 'heading': 46.6, 'depth': 1.0, 'altitude': 10.0, 'roll': 0.0, 'pitch': 0.0, 'last_fix_time': datetime.datetime(2021, 7, 28, 22, 9, 26), 'speed': None, 'rudder': 0, 'datum': (42.3, -71.1)}
2021-07-28 23:09:27,450 [INFO] Received from Frontseat: [b'$BFNVG,220925.19,4218.005973,N,07105.991954,W,0,10.0,1.0,46.9,0.0,0.0,220925.19*6A', b'$BFNVG,220925.54,4218.006076,N,07105.991813,W,0,10.0,1.0,46.8,0.0,0.0,220925.54*66', b'$BFNVG,220925.89,4218.006180,N,07105.991672,W,0,10.0,1.0,46.7,0.0,0.0,220925.89*68', b'$BFNVG,220926.26,4218.006287,N,07105.991527,W,0,10.0,1.0,46.6,0.0,0.0,220926.26*6E']
2021-07-28 23:09:27,450 [INFO] AUV state: {'position': (11.928005181369372, 11.348064965568483), 'latlon': (42.30010478333333, -71.09985878333333), 'heading': 46.6, 'depth': 1.0, 'altitude': 10.0, 'roll': 0.0, 'pitch': 0.0, 'last_fix_time': datetime.datetime(2021, 7, 28, 22, 9, 26), 'speed': None, 'rudder': 0, 'datum': (42.3, -71.1)}
2021-07-28 23:09:27,958 [INFO] **** [] [(-1.5747798176622583, 12.331792066676384), (-15.483852579258734, -2.0045131742261906), (29.670928281266004, 11.438745722899993), (29.112921772173024, -18.049975175244967), (-9.775073820772672, -19.698817133009268), (-13.026262144443418, -6.551028451443964), (8.228486702792923, -21.977332104493414), (24.10027143765789, -13.550656720215574)]
2021-07-28 23:09:27,960 [INFO] Next green buoy: [], next red buoy: [(-1.5747798176622583, 12.331792066676384), (-15.483852579258734, -2.0045131742261906), (29.670928281266004, 11.438745722899993), (29.112921772173024, -18.049975175244967), (-9.775073820772672, -19.698817133009268), (-13.026262144443418, -6.551028451443964), (8.228486702792923, -21.977332104493414), (24.10027143765789, -13.550656720215574)]
2021-07-28 23:09:27,960 [INFO] Desired_heading: 45.02522018233774
2021-07-28 23:09:27,960 [INFO] delta angle: -1.4112852004688534
2021-07-28 23:09:27,961 [INFO] sending message $BPRMB,220930.17,1.4112852004688534,1,0,750,0,1*65
...
2021-07-28 23:09:28,963 [INFO] sending message $BPSTS,220928.96,1,BWSI Autonomy OK*48
...
2021-07-28 23:09:28,964 [INFO] Processing: $BFNVG,220926.62,4218.006392,N,07105.991385,W,0,10.0,1.0,46.5,0.0,0.0,220926.62*66
2021-07-28 23:09:28,966 [INFO] Interpreted as: {'position': (12.127891043317504, 11.537573974579573), 'latlon': (42.300106533333334, -71.09985641666667), 'heading': 46.5, 'depth': 1.0, 'altitude': 10.0, 'roll': 0.0, 'pitch': 0.0, 'last_fix_time': datetime.datetime(2021, 7, 28, 22, 9, 26), 'speed': None, 'rudder': 0, 'datum': (42.3, -71.1)}
2021-07-28 23:09:28,967 [INFO] Processing: $BFNVG,220926.97,4218.006495,N,07105.991244,W,0,10.0,1.0,46.7,0.0,0.0,220926.97*68
2021-07-28 23:09:28,969 [INFO] Interpreted as: {'position': (12.326311679091305, 11.723415494896472), 'latlon': (42.30010825, -71.09985406666667), 'heading': 46.7, 'depth': 1.0, 'altitude': 10.0, 'roll': 0.0, 'pitch': 0.0, 'last_fix_time': datetime.datetime(2021, 7, 28, 22, 9, 26), 'speed': None, 'rudder': 0, 'datum': (42.3, -71.1)}
2021-07-28 23:09:28,970 [INFO] Processing: $BFNVG,220927.32,4218.006599,N,07105.991103,W,0,10.0,1.0,47.0,0.0,0.0,220927.32*63
2021-07-28 23:09:28,972 [INFO] Interpreted as: {'position': (12.524777973419987, 11.91110771894455), 'latlon': (42.300109983333336, -71.09985171666666), 'heading': 47.0, 'depth': 1.0, 'altitude': 10.0, 'roll': 0.0, 'pitch': 0.0, 'last_fix_time': datetime.datetime(2021, 7, 28, 22, 9, 27), 'speed': None, 'rudder': 0, 'datum': (42.3, -71.1)}
2021-07-28 23:09:28,973 [INFO] Processing: $BFNVG,220927.68,4218.006702,N,07105.990961,W,0,10.0,1.0,47.2,0.0,0.0,220927.68*6C
2021-07-28 23:09:28,975 [INFO] Interpreted as: {'position': (12.724572465755045, 12.096915347501636), 'latlon': (42.3001117, -71.09984935), 'heading': 47.2, 'depth': 1.0, 'altitude': 10.0, 'roll': 0.0, 'pitch': 0.0, 'last_fix_time': datetime.datetime(2021, 7, 28, 22, 9, 27), 'speed': None, 'rudder': 0, 'datum': (42.3, -71.1)}
2021-07-28 23:09:28,976 [INFO] Received from Frontseat: [b'$BFNVG,220926.62,4218.006392,N,07105.991385,W,0,10.0,1.0,46.5,0.0,0.0,220926.62*66', b'$BFNVG,220926.97,4218.006495,N,07105.991244,W,0,10.0,1.0,46.7,0.0,0.0,220926.97*68', b'$BFNVG,220927.32,4218.006599,N,07105.991103,W,0,10.0,1.0,47.0,0.0,0.0,220927.32*63', b'$BFNVG,220927.68,4218.006702,N,07105.990961,W,0,10.0,1.0,47.2,0.0,0.0,220927.68*6C']
2021-07-28 23:09:28,976 [INFO] AUV state: {'position': (12.724572465755045, 12.096915347501636), 'latlon': (42.3001117, -71.09984935), 'heading': 47.2, 'depth': 1.0, 'altitude': 10.0, 'roll': 0.0, 'pitch': 0.0, 'last_fix_time': datetime.datetime(2021, 7, 28, 22, 9, 27), 'speed': None, 'rudder': 0, 'datum': (42.3, -71.1)}
2021-07-28 23:09:29,517 [INFO] **** [] [(-1.395603682703422, 12.02722035942188), (-14.356498373931998, -2.240723329394725), (29.906657844102565, 11.306892428793509), (29.1127829632081, -18.031777460067726), (-19.052661996310295, -5.236628591277914), (-13.134849810452199, -6.557819557250404), (2.7433244882631116, -15.772658684554148), (24.096798177896645, -13.546717329588887), (28.8565955474485, 23.08400062515322), (27.905929906431517, -10.291577413997906)]
2021-07-28 23:09:29,518 [INFO] Next green buoy: [], next red buoy: [(-1.395603682703422, 12.02722035942188), (-14.356498373931998, -2.240723329394725), (29.906657844102565, 11.306892428793509), (29.1127829632081, -18.031777460067726), (-19.052661996310295, -5.236628591277914), (-13.134849810452199, -6.557819557250404), (2.7433244882631116, -15.772658684554148), (24.096798177896645, -13.546717329588887), (28.8565955474485, 23.08400062515322), (27.905929906431517, -10.291577413997906)]
2021-07-28 23:09:29,519 [INFO] Desired_heading: 45.80439631729658
2021-07-28 23:09:29,519 [INFO] delta angle: -1.2135079349868647
2021-07-28 23:09:29,519 [INFO] sending message $BPRMB,220927.75,1.2135079349868647,1,0,750,0,1*68
...
2021-07-28 23:09:30,521 [INFO] sending message $BPSTS,220930.52,1,BWSI Autonomy OK*49
...
2021-07-28 23:09:30,523 [INFO] Processing: $BFNVG,220928.04,4218.006808,N,07105.990814,W,0,10.0,1.0,47.4,0.0,0.0,220928.04*6C
2021-07-28 23:09:30,528 [INFO] Interpreted as: {'position': (12.931373340717983, 12.288105560466647), 'latlon': (42.300113466666666, -71.0998469), 'heading': 47.4, 'depth': 1.0, 'altitude': 10.0, 'roll': 0.0, 'pitch': 0.0, 'last_fix_time': datetime.datetime(2021, 7, 28, 22, 9, 28), 'speed': None, 'rudder': 0, 'datum': (42.3, -71.1)}
2021-07-28 23:09:30,530 [INFO] Processing: $BFNVG,220928.39,4218.006910,N,07105.990671,W,0,10.0,1.0,47.3,0.0,0.0,220928.39*6E
2021-07-28 23:09:30,532 [INFO] Interpreted as: {'position': (13.132496020174585, 12.472028600051999), 'latlon': (42.300115166666664, -71.09984451666666), 'heading': 47.3, 'depth': 1.0, 'altitude': 10.0, 'roll': 0.0, 'pitch': 0.0, 'last_fix_time': datetime.datetime(2021, 7, 28, 22, 9, 28), 'speed': None, 'rudder': 0, 'datum': (42.3, -71.1)}
2021-07-28 23:09:30,533 [INFO] Processing: $BFNVG,220928.75,4218.007012,N,07105.990530,W,0,10.0,1.0,47.3,0.0,0.0,220928.75*62
2021-07-28 23:09:30,535 [INFO] Interpreted as: {'position': (13.330870934703853, 12.656019451096654), 'latlon': (42.30011686666667, -71.09984216666666), 'heading': 47.3, 'depth': 1.0, 'altitude': 10.0, 'roll': 0.0, 'pitch': 0.0, 'last_fix_time': datetime.datetime(2021, 7, 28, 22, 9, 28), 'speed': None, 'rudder': 0, 'datum': (42.3, -71.1)}
2021-07-28 23:09:30,536 [INFO] Processing: $BFNVG,220929.12,4218.007119,N,07105.990380,W,0,10.0,1.0,47.2,0.0,0.0,220929.12*64
2021-07-28 23:09:30,538 [INFO] Interpreted as: {'position': (13.541839077312034, 12.848958671092987), 'latlon': (42.30011865, -71.09983966666667), 'heading': 47.2, 'depth': 1.0, 'altitude': 10.0, 'roll': 0.0, 'pitch': 0.0, 'last_fix_time': datetime.datetime(2021, 7, 28, 22, 9, 29), 'speed': None, 'rudder': 0, 'datum': (42.3, -71.1)}
2021-07-28 23:09:30,539 [INFO] Processing: $BFNVG,220929.49,4218.007228,N,07105.990231,W,0,10.0,1.0,47.1,0.0,0.0,220929.49*6D
2021-07-28 23:09:30,542 [INFO] Interpreted as: {'position': (13.751524668536149, 13.04563319310546), 'latlon': (42.30012046666667, -71.09983718333334), 'heading': 47.1, 'depth': 1.0, 'altitude': 10.0, 'roll': 0.0, 'pitch': 0.0, 'last_fix_time': datetime.datetime(2021, 7, 28, 22, 9, 29), 'speed': None, 'rudder': 0, 'datum': (42.3, -71.1)}
2021-07-28 23:09:30,543 [INFO] Received from Frontseat: [b'$BFNVG,220928.04,4218.006808,N,07105.990814,W,0,10.0,1.0,47.4,0.0,0.0,220928.04*6C', b'$BFNVG,220928.39,4218.006910,N,07105.990671,W,0,10.0,1.0,47.3,0.0,0.0,220928.39*6E', b'$BFNVG,220928.75,4218.007012,N,07105.990530,W,0,10.0,1.0,47.3,0.0,0.0,220928.75*62', b'$BFNVG,220929.12,4218.007119,N,07105.990380,W,0,10.0,1.0,47.2,0.0,0.0,220929.12*64', b'$BFNVG,220929.49,4218.007228,N,07105.990231,W,0,10.0,1.0,47.1,0.0,0.0,220929.49*6D']
2021-07-28 23:09:30,544 [INFO] AUV state: {'position': (13.751524668536149, 13.04563319310546), 'latlon': (42.30012046666667, -71.09983718333334), 'heading': 47.1, 'depth': 1.0, 'altitude': 10.0, 'roll': 0.0, 'pitch': 0.0, 'last_fix_time': datetime.datetime(2021, 7, 28, 22, 9, 29), 'speed': None, 'rudder': 0, 'datum': (42.3, -71.1)}
2021-07-28 23:09:31,088 [INFO] **** [] [(-1.5544849035571073, 12.167602104864349), (-14.84221439980286, -2.3674503348985563), (29.752830359406424, 11.831280980963417), (29.116882577225162, -18.08632527636313), (-13.024514598006624, -6.5989293207203445), (24.141646617266858, -13.571336378373642)]
2021-07-28 23:09:31,090 [INFO] Next green buoy: [], next red buoy: [(-1.5544849035571073, 12.167602104864349), (-14.84221439980286, -2.3674503348985563), (29.752830359406424, 11.831280980963417), (29.116882577225162, -18.08632527636313), (-13.024514598006624, -6.5989293207203445), (24.141646617266858, -13.571336378373642)]
2021-07-28 23:09:31,090 [INFO] Desired_heading: 45.54551509644289
2021-07-28 23:09:31,090 [INFO] delta angle: -1.3885870890350702
2021-07-28 23:09:31,091 [INFO] sending message $BPRMB,220933.29,1.3885870890350702,1,0,750,0,1*69
...
