2021-07-28 23:24:18,978 [INFO] host = 192.168.1.213, port = 29500
2021-07-28 23:24:18,986 [INFO] sending message $BPLOG,ACK,ON*1e
...
2021-07-28 23:24:18,986 [INFO] sending message $BPLOG,ALL,ON*16
...
2021-07-28 23:24:18,987 [INFO] sending message $BPSTS,222418.98,1,BWSI Autonomy OK*4a
...
2021-07-28 23:24:18,987 [INFO] Received from Frontseat: []
2021-07-28 23:24:18,987 [INFO] AUV state: {'position': (None, None), 'latlon': None, 'heading': None, 'depth': None, 'altitude': None, 'roll': None, 'pitch': None, 'last_fix_time': None, 'speed': None, 'rudder': 0}
2021-07-28 23:24:19,989 [INFO] sending message $BPSTS,222419.98,1,BWSI Autonomy OK*4b
...
2021-07-28 23:24:19,991 [INFO] Processing: $BFNVG,222418.54,4218.000000,N,07106.000000,W,0,10.0,1.0,45.0,0.0,0.0,222418.54*62
2021-07-28 23:24:19,996 [INFO] Interpreted as: {'position': (0, 0), 'latlon': (42.3, -71.1), 'heading': 45.0, 'depth': 1.0, 'altitude': 10.0, 'roll': 0.0, 'pitch': 0.0, 'last_fix_time': datetime.datetime(2021, 7, 28, 22, 24, 18), 'speed': None, 'rudder': 0, 'datum': (42.3, -71.1)}
2021-07-28 23:24:19,997 [INFO] Processing: $BFNVG,222418.80,4218.000000,N,07106.000000,W,0,10.0,1.0,45.0,0.0,0.0,222418.80*62
2021-07-28 23:24:19,999 [INFO] Interpreted as: {'position': (0.0, 0.0), 'latlon': (42.3, -71.1), 'heading': 45.0, 'depth': 1.0, 'altitude': 10.0, 'roll': 0.0, 'pitch': 0.0, 'last_fix_time': datetime.datetime(2021, 7, 28, 22, 24, 18), 'speed': None, 'rudder': 0, 'datum': (42.3, -71.1)}
2021-07-28 23:24:20,000 [INFO] Processing: $BFNVG,222419.05,4218.000000,N,07106.000000,W,0,10.0,1.0,45.0,0.0,0.0,222419.05*62
2021-07-28 23:24:20,002 [INFO] Interpreted as: {'position': (0.0, 0.0), 'latlon': (42.3, -71.1), 'heading': 45.0, 'depth': 1.0, 'altitude': 10.0, 'roll': 0.0, 'pitch': 0.0, 'last_fix_time': datetime.datetime(2021, 7, 28, 22, 24, 19), 'speed': None, 'rudder': 0, 'datum': (42.3, -71.1)}
2021-07-28 23:24:20,003 [INFO] Received from Frontseat: [b'$BFNVG,222418.54,4218.000000,N,07106.000000,W,0,10.0,1.0,45.0,0.0,0.0,222418.54*62', b'$BFNVG,222418.80,4218.000000,N,07106.000000,W,0,10.0,1.0,45.0,0.0,0.0,222418.80*62', b'$BFNVG,222419.05,4218.000000,N,07106.000000,W,0,10.0,1.0,45.0,0.0,0.0,222419.05*62']
2021-07-28 23:24:20,004 [INFO] AUV state: {'position': (0.0, 0.0), 'latlon': (42.3, -71.1), 'heading': 45.0, 'depth': 1.0, 'altitude': 10.0, 'roll': 0.0, 'pitch': 0.0, 'last_fix_time': datetime.datetime(2021, 7, 28, 22, 24, 19), 'speed': None, 'rudder': 0, 'datum': (42.3, -71.1)}
2021-07-28 23:24:20,346 [INFO] **** [(-0.21993023293121178, -7.6862156757158235)] [(15.437560812208067, -7.329055330858309)]
2021-07-28 23:24:20,348 [INFO] Next green buoy: [(-0.21993023293121178, -7.6862156757158235)], next red buoy: [(15.437560812208067, -7.329055330858309)]
2021-07-28 23:24:20,349 [INFO] Desired_heading: 52.60881528963843
2021-07-28 23:24:20,349 [INFO] delta angle: 8.424711597961833
2021-07-28 23:24:20,350 [INFO] sending message $BPRMB,222420.98,-8.424711597961833,1,0,750,0,1*79
...
2021-07-28 23:24:21,352 [INFO] sending message $BPSTS,222421.35,1,BWSI Autonomy OK*47
...
2021-07-28 23:24:21,353 [INFO] Processing: $BFNVG,222419.49,4218.000000,N,07106.000000,W,0,10.0,1.0,45.0,0.0,0.0,222419.49*62
2021-07-28 23:24:21,355 [INFO] Interpreted as: {'position': (0.0, 0.0), 'latlon': (42.3, -71.1), 'heading': 45.0, 'depth': 1.0, 'altitude': 10.0, 'roll': 0.0, 'pitch': 0.0, 'last_fix_time': datetime.datetime(2021, 7, 28, 22, 24, 19), 'speed': None, 'rudder': 0, 'datum': (42.3, -71.1)}
2021-07-28 23:24:21,356 [INFO] Processing: $BFNVG,222419.87,4218.000000,N,07106.000000,W,0,10.0,1.0,45.0,0.0,0.0,222419.87*62
2021-07-28 23:24:21,359 [INFO] Interpreted as: {'position': (0.0, 0.0), 'latlon': (42.3, -71.1), 'heading': 45.0, 'depth': 1.0, 'altitude': 10.0, 'roll': 0.0, 'pitch': 0.0, 'last_fix_time': datetime.datetime(2021, 7, 28, 22, 24, 19), 'speed': None, 'rudder': 0, 'datum': (42.3, -71.1)}
2021-07-28 23:24:21,360 [INFO] Processing: $BFNVG,222420.23,4218.000000,N,07106.000000,W,0,10.0,1.0,45.0,0.0,0.0,222420.23*62
2021-07-28 23:24:21,362 [INFO] Interpreted as: {'position': (0.0, 0.0), 'latlon': (42.3, -71.1), 'heading': 45.0, 'depth': 1.0, 'altitude': 10.0, 'roll': 0.0, 'pitch': 0.0, 'last_fix_time': datetime.datetime(2021, 7, 28, 22, 24, 20), 'speed': None, 'rudder': 0, 'datum': (42.3, -71.1)}
2021-07-28 23:24:21,363 [INFO] Received from Frontseat: [b'$BFNVG,222419.49,4218.000000,N,07106.000000,W,0,10.0,1.0,45.0,0.0,0.0,222419.49*62', b'$BFNVG,222419.87,4218.000000,N,07106.000000,W,0,10.0,1.0,45.0,0.0,0.0,222419.87*62', b'$BFNVG,222420.23,4218.000000,N,07106.000000,W,0,10.0,1.0,45.0,0.0,0.0,222420.23*62']
2021-07-28 23:24:21,364 [INFO] AUV state: {'position': (0.0, 0.0), 'latlon': (42.3, -71.1), 'heading': 45.0, 'depth': 1.0, 'altitude': 10.0, 'roll': 0.0, 'pitch': 0.0, 'last_fix_time': datetime.datetime(2021, 7, 28, 22, 24, 20), 'speed': None, 'rudder': 0, 'datum': (42.3, -71.1)}
2021-07-28 23:24:21,676 [INFO] **** [(-0.22035521470194389, -7.708961974233651)] [(15.437560812208067, -7.333901112744751)]
2021-07-28 23:24:21,678 [INFO] Next green buoy: [(-0.22035521470194389, -7.708961974233651)], next red buoy: [(15.437560812208067, -7.333901112744751)]
2021-07-28 23:24:21,679 [INFO] Desired_heading: 52.60860279875306
2021-07-28 23:24:21,679 [INFO] delta angle: 8.42441750352844
2021-07-28 23:24:21,680 [INFO] sending message $BPRMB,222421.71,-8.42441750352844,1,0,750,0,1*4e
...
2021-07-28 23:24:22,681 [INFO] sending message $BPSTS,222422.68,1,BWSI Autonomy OK*4c
...
2021-07-28 23:24:22,683 [INFO] Processing: $BFNVG,222420.59,4218.000000,N,07106.000000,W,0,10.0,1.0,45.0,0.0,0.0,222420.59*62
2021-07-28 23:24:22,685 [INFO] Interpreted as: {'position': (0.0, 0.0), 'latlon': (42.3, -71.1), 'heading': 45.0, 'depth': 1.0, 'altitude': 10.0, 'roll': 0.0, 'pitch': 0.0, 'last_fix_time': datetime.datetime(2021, 7, 28, 22, 24, 20), 'speed': None, 'rudder': 0, 'datum': (42.3, -71.1)}
2021-07-28 23:24:22,686 [INFO] Processing: $BFNVG,222420.96,4218.000109,N,07105.999859,W,0,10.0,1.0,45.6,0.0,0.0,222420.96*62
2021-07-28 23:24:22,689 [INFO] Interpreted as: {'position': (0.19869530701544136, 0.19694537855684757), 'latlon': (42.300001816666665, -71.09999765), 'heading': 45.6, 'depth': 1.0, 'altitude': 10.0, 'roll': 0.0, 'pitch': 0.0, 'last_fix_time': datetime.datetime(2021, 7, 28, 22, 24, 20), 'speed': None, 'rudder': 0, 'datum': (42.3, -71.1)}
2021-07-28 23:24:22,690 [INFO] Processing: $BFNVG,222421.32,4218.000217,N,07105.999716,W,0,10.0,1.0,46.1,0.0,0.0,222421.32*6E
2021-07-28 23:24:22,694 [INFO] Interpreted as: {'position': (0.4000926925218664, 0.3919722530990839), 'latlon': (42.300003616666665, -71.09999526666667), 'heading': 46.1, 'depth': 1.0, 'altitude': 10.0, 'roll': 0.0, 'pitch': 0.0, 'last_fix_time': datetime.datetime(2021, 7, 28, 22, 24, 21), 'speed': None, 'rudder': 0, 'datum': (42.3, -71.1)}
2021-07-28 23:24:22,694 [INFO] Processing: $BFNVG,222421.68,4218.000322,N,07105.999574,W,0,10.0,1.0,46.7,0.0,0.0,222421.68*69
2021-07-28 23:24:22,697 [INFO] Interpreted as: {'position': (0.5999791714712046, 0.5814809463918209), 'latlon': (42.30000536666667, -71.0999929), 'heading': 46.7, 'depth': 1.0, 'altitude': 10.0, 'roll': 0.0, 'pitch': 0.0, 'last_fix_time': datetime.datetime(2021, 7, 28, 22, 24, 21), 'speed': None, 'rudder': 0, 'datum': (42.3, -71.1)}
2021-07-28 23:24:22,698 [INFO] Received from Frontseat: [b'$BFNVG,222420.59,4218.000000,N,07106.000000,W,0,10.0,1.0,45.0,0.0,0.0,222420.59*62', b'$BFNVG,222420.96,4218.000109,N,07105.999859,W,0,10.0,1.0,45.6,0.0,0.0,222420.96*62', b'$BFNVG,222421.32,4218.000217,N,07105.999716,W,0,10.0,1.0,46.1,0.0,0.0,222421.32*6E', b'$BFNVG,222421.68,4218.000322,N,07105.999574,W,0,10.0,1.0,46.7,0.0,0.0,222421.68*69']
2021-07-28 23:24:22,700 [INFO] AUV state: {'position': (0.5999791714712046, 0.5814809463918209), 'latlon': (42.30000536666667, -71.0999929), 'heading': 46.7, 'depth': 1.0, 'altitude': 10.0, 'roll': 0.0, 'pitch': 0.0, 'last_fix_time': datetime.datetime(2021, 7, 28, 22, 24, 21), 'speed': None, 'rudder': 0, 'datum': (42.3, -71.1)}
2021-07-28 23:24:23,005 [INFO] **** [(-2.2541444595868723, -8.604481593092654)] [(15.212238758689793, -8.242677651540918)]
2021-07-28 23:24:23,007 [INFO] Next green buoy: [(-2.2541444595868723, -8.604481593092654)], next red buoy: [(15.212238758689793, -8.242677651540918)]
2021-07-28 23:24:23,007 [INFO] Desired_heading: 53.179047149551465
2021-07-28 23:24:23,008 [INFO] delta angle: 6.891244620569959
2021-07-28 23:24:23,008 [INFO] sending message $BPRMB,222423.64,-6.891244620569959,1,0,750,0,1*76
...
2021-07-28 23:24:24,010 [INFO] sending message $BPSTS,222424.00,1,BWSI Autonomy OK*44
...
2021-07-28 23:24:24,010 [INFO] Processing: $BFNVG,222422.04,4218.000427,N,07105.999430,W,0,10.0,1.0,47.3,0.0,0.0,222422.04*6F
2021-07-28 23:24:24,013 [INFO] Interpreted as: {'position': (0.8026133989915252, 0.7709218366071582), 'latlon': (42.30000711666667, -71.0999905), 'heading': 47.3, 'depth': 1.0, 'altitude': 10.0, 'roll': 0.0, 'pitch': 0.0, 'last_fix_time': datetime.datetime(2021, 7, 28, 22, 24, 22), 'speed': None, 'rudder': 0, 'datum': (42.3, -71.1)}
2021-07-28 23:24:24,013 [INFO] Processing: $BFNVG,222422.40,4218.000532,N,07105.999283,W,0,10.0,1.0,47.9,0.0,0.0,222422.40*6E
2021-07-28 23:24:24,015 [INFO] Interpreted as: {'position': (1.0093692566733807, 0.9602610180154443), 'latlon': (42.300008866666666, -71.09998805), 'heading': 47.9, 'depth': 1.0, 'altitude': 10.0, 'roll': 0.0, 'pitch': 0.0, 'last_fix_time': datetime.datetime(2021, 7, 28, 22, 24, 22), 'speed': None, 'rudder': 0, 'datum': (42.3, -71.1)}
2021-07-28 23:24:24,016 [INFO] Processing: $BFNVG,222422.76,4218.000635,N,07105.999136,W,0,10.0,1.0,48.4,0.0,0.0,222422.76*65
2021-07-28 23:24:24,018 [INFO] Interpreted as: {'position': (1.216033757547848, 1.1458988096565008), 'latlon': (42.30001058333333, -71.0999856), 'heading': 48.4, 'depth': 1.0, 'altitude': 10.0, 'roll': 0.0, 'pitch': 0.0, 'last_fix_time': datetime.datetime(2021, 7, 28, 22, 24, 22), 'speed': None, 'rudder': 0, 'datum': (42.3, -71.1)}
2021-07-28 23:24:24,020 [INFO] Received from Frontseat: [b'$BFNVG,222422.04,4218.000427,N,07105.999430,W,0,10.0,1.0,47.3,0.0,0.0,222422.04*6F', b'$BFNVG,222422.40,4218.000532,N,07105.999283,W,0,10.0,1.0,47.9,0.0,0.0,222422.40*6E', b'$BFNVG,222422.76,4218.000635,N,07105.999136,W,0,10.0,1.0,48.4,0.0,0.0,222422.76*65']
2021-07-28 23:24:24,020 [INFO] AUV state: {'position': (1.216033757547848, 1.1458988096565008), 'latlon': (42.30001058333333, -71.0999856), 'heading': 48.4, 'depth': 1.0, 'altitude': 10.0, 'roll': 0.0, 'pitch': 0.0, 'last_fix_time': datetime.datetime(2021, 7, 28, 22, 24, 22), 'speed': None, 'rudder': 0, 'datum': (42.3, -71.1)}
2021-07-28 23:24:24,325 [INFO] **** [(-4.57213561579533, -9.658418044834306)] [(15.202896590879199, -9.251182345730362)]
2021-07-28 23:24:24,327 [INFO] Next green buoy: [(-4.57213561579533, -9.658418044834306)], next red buoy: [(15.202896590879199, -9.251182345730362)]
2021-07-28 23:24:24,328 [INFO] Desired_heading: 53.715380487541935
2021-07-28 23:24:24,328 [INFO] delta angle: 5.380550206450501
2021-07-28 23:24:24,329 [INFO] sending message $BPRMB,222424.37,-5.380550206450501,1,0,750,0,1*77
...
2021-07-28 23:24:25,331 [INFO] sending message $BPSTS,222425.33,1,BWSI Autonomy OK*45
...
2021-07-28 23:24:25,332 [INFO] Processing: $BFNVG,222423.12,4218.000737,N,07105.998986,W,0,10.0,1.0,49.0,0.0,0.0,222423.12*61
2021-07-28 23:24:25,337 [INFO] Interpreted as: {'position': (1.4267742144875228, 1.3295841962099075), 'latlon': (42.30001228333333, -71.0999831), 'heading': 49.0, 'depth': 1.0, 'altitude': 10.0, 'roll': 0.0, 'pitch': 0.0, 'last_fix_time': datetime.datetime(2021, 7, 28, 22, 24, 23), 'speed': None, 'rudder': 0, 'datum': (42.3, -71.1)}
2021-07-28 23:24:25,338 [INFO] Processing: $BFNVG,222423.48,4218.000838,N,07105.998836,W,0,10.0,1.0,49.5,0.0,0.0,222423.48*6E
2021-07-28 23:24:25,340 [INFO] Interpreted as: {'position': (1.6374689887743443, 1.5114188930019736), 'latlon': (42.30001396666667, -71.0999806), 'heading': 49.5, 'depth': 1.0, 'altitude': 10.0, 'roll': 0.0, 'pitch': 0.0, 'last_fix_time': datetime.datetime(2021, 7, 28, 22, 24, 23), 'speed': None, 'rudder': 0, 'datum': (42.3, -71.1)}
2021-07-28 23:24:25,341 [INFO] Processing: $BFNVG,222423.84,4218.000937,N,07105.998687,W,0,10.0,1.0,49.9,0.0,0.0,222423.84*68
2021-07-28 23:24:25,343 [INFO] Interpreted as: {'position': (1.8466985315317288, 1.689586104825139), 'latlon': (42.30001561666667, -71.09997811666666), 'heading': 49.9, 'depth': 1.0, 'altitude': 10.0, 'roll': 0.0, 'pitch': 0.0, 'last_fix_time': datetime.datetime(2021, 7, 28, 22, 24, 23), 'speed': None, 'rudder': 0, 'datum': (42.3, -71.1)}
2021-07-28 23:24:25,344 [INFO] Processing: $BFNVG,222424.20,4218.001036,N,07105.998535,W,0,10.0,1.0,50.4,0.0,0.0,222424.20*6E
2021-07-28 23:24:25,347 [INFO] Interpreted as: {'position': (2.0600496999104507, 1.867651610635221), 'latlon': (42.300017266666664, -71.09997558333333), 'heading': 50.4, 'depth': 1.0, 'altitude': 10.0, 'roll': 0.0, 'pitch': 0.0, 'last_fix_time': datetime.datetime(2021, 7, 28, 22, 24, 24), 'speed': None, 'rudder': 0, 'datum': (42.3, -71.1)}
2021-07-28 23:24:25,347 [INFO] Received from Frontseat: [b'$BFNVG,222423.12,4218.000737,N,07105.998986,W,0,10.0,1.0,49.0,0.0,0.0,222423.12*61', b'$BFNVG,222423.48,4218.000838,N,07105.998836,W,0,10.0,1.0,49.5,0.0,0.0,222423.48*6E', b'$BFNVG,222423.84,4218.000937,N,07105.998687,W,0,10.0,1.0,49.9,0.0,0.0,222423.84*68', b'$BFNVG,222424.20,4218.001036,N,07105.998535,W,0,10.0,1.0,50.4,0.0,0.0,222424.20*6E']
2021-07-28 23:24:25,348 [INFO] AUV state: {'position': (2.0600496999104507, 1.867651610635221), 'latlon': (42.300017266666664, -71.09997558333333), 'heading': 50.4, 'depth': 1.0, 'altitude': 10.0, 'roll': 0.0, 'pitch': 0.0, 'last_fix_time': datetime.datetime(2021, 7, 28, 22, 24, 24), 'speed': None, 'rudder': 0, 'datum': (42.3, -71.1)}
2021-07-28 23:24:25,684 [INFO] **** [(-7.998680174873599, -11.726791829397861)] [(15.78508402983305, -11.097290591545619)]
2021-07-28 23:24:25,686 [INFO] Next green buoy: [(-7.998680174873599, -11.726791829397861)], next red buoy: [(15.78508402983305, -11.097290591545619)]
2021-07-28 23:24:25,687 [INFO] Desired_heading: 54.29320192747972
2021-07-28 23:24:25,687 [INFO] delta angle: 3.645796327218381
2021-07-28 23:24:25,688 [INFO] sending message $BPRMB,222426.28,-3.645796327218381,1,0,750,0,1*7f
...
2021-07-28 23:24:26,689 [INFO] sending message $BPSTS,222426.68,1,BWSI Autonomy OK*48
...
2021-07-28 23:24:26,690 [INFO] Processing: $BFNVG,222424.57,4218.001137,N,07105.998378,W,0,10.0,1.0,50.9,0.0,0.0,222424.57*6C
2021-07-28 23:24:26,692 [INFO] Interpreted as: {'position': (2.280361597542651, 2.0492489906027913), 'latlon': (42.30001895, -71.09997296666667), 'heading': 50.9, 'depth': 1.0, 'altitude': 10.0, 'roll': 0.0, 'pitch': 0.0, 'last_fix_time': datetime.datetime(2021, 7, 28, 22, 24, 24), 'speed': None, 'rudder': 0, 'datum': (42.3, -71.1)}
2021-07-28 23:24:26,694 [INFO] Processing: $BFNVG,222424.93,4218.001235,N,07105.998223,W,0,10.0,1.0,51.2,0.0,0.0,222424.93*68
2021-07-28 23:24:26,695 [INFO] Interpreted as: {'position': (2.4977887106360868, 2.2253620978444815), 'latlon': (42.300020583333335, -71.09997038333333), 'heading': 51.2, 'depth': 1.0, 'altitude': 10.0, 'roll': 0.0, 'pitch': 0.0, 'last_fix_time': datetime.datetime(2021, 7, 28, 22, 24, 24), 'speed': None, 'rudder': 0, 'datum': (42.3, -71.1)}
2021-07-28 23:24:26,696 [INFO] Processing: $BFNVG,222425.29,4218.001332,N,07105.998066,W,0,10.0,1.0,51.6,0.0,0.0,222425.29*69
2021-07-28 23:24:26,698 [INFO] Interpreted as: {'position': (2.7179178999504074, 2.3995567029342055), 'latlon': (42.3000222, -71.09996776666667), 'heading': 51.6, 'depth': 1.0, 'altitude': 10.0, 'roll': 0.0, 'pitch': 0.0, 'last_fix_time': datetime.datetime(2021, 7, 28, 22, 24, 25), 'speed': None, 'rudder': 0, 'datum': (42.3, -71.1)}
2021-07-28 23:24:26,699 [INFO] Processing: $BFNVG,222425.65,4218.001428,N,07105.997910,W,0,10.0,1.0,52.0,0.0,0.0,222425.65*67
2021-07-28 23:24:26,701 [INFO] Interpreted as: {'position': (2.93662752781529, 2.5719345239922404), 'latlon': (42.3000238, -71.09996516666666), 'heading': 52.0, 'depth': 1.0, 'altitude': 10.0, 'roll': 0.0, 'pitch': 0.0, 'last_fix_time': datetime.datetime(2021, 7, 28, 22, 24, 25), 'speed': None, 'rudder': 0, 'datum': (42.3, -71.1)}
2021-07-28 23:24:26,702 [INFO] Received from Frontseat: [b'$BFNVG,222424.57,4218.001137,N,07105.998378,W,0,10.0,1.0,50.9,0.0,0.0,222424.57*6C', b'$BFNVG,222424.93,4218.001235,N,07105.998223,W,0,10.0,1.0,51.2,0.0,0.0,222424.93*68', b'$BFNVG,222425.29,4218.001332,N,07105.998066,W,0,10.0,1.0,51.6,0.0,0.0,222425.29*69', b'$BFNVG,222425.65,4218.001428,N,07105.997910,W,0,10.0,1.0,52.0,0.0,0.0,222425.65*67']
2021-07-28 23:24:26,703 [INFO] AUV state: {'position': (2.93662752781529, 2.5719345239922404), 'latlon': (42.3000238, -71.09996516666666), 'heading': 52.0, 'depth': 1.0, 'altitude': 10.0, 'roll': 0.0, 'pitch': 0.0, 'last_fix_time': datetime.datetime(2021, 7, 28, 22, 24, 25), 'speed': None, 'rudder': 0, 'datum': (42.3, -71.1)}
2021-07-28 23:24:27,050 [INFO] **** [(-12.202181183613131, -14.91623303912584)] [(17.64870246147009, -13.729692585104187), (-8.121823508605475, -4.595925325079755)]
2021-07-28 23:24:27,052 [INFO] Next green buoy: [(-12.202181183613131, -14.91623303912584)], next red buoy: [(17.64870246147009, -13.729692585104187), (-8.121823508605475, -4.595925325079755)]
2021-07-28 23:24:27,053 [INFO] Desired_heading: 54.72326063892848
2021-07-28 23:24:27,053 [INFO] delta angle: 2.3322239567899
2021-07-28 23:24:27,054 [INFO] sending message $BPRMB,222427.09,-2.3322239567899,1,0,750,0,1*70
...
2021-07-28 23:24:28,055 [INFO] sending message $BPSTS,222428.05,1,BWSI Autonomy OK*4d
...
2021-07-28 23:24:28,057 [INFO] Processing: $BFNVG,222426.01,4218.001523,N,07105.997754,W,0,10.0,1.0,52.3,0.0,0.0,222426.01*60
2021-07-28 23:24:28,059 [INFO] Interpreted as: {'position': (3.1552914736093953, 2.742461652494967), 'latlon': (42.300025383333335, -71.09996256666666), 'heading': 52.3, 'depth': 1.0, 'altitude': 10.0, 'roll': 0.0, 'pitch': 0.0, 'last_fix_time': datetime.datetime(2021, 7, 28, 22, 24, 26), 'speed': None, 'rudder': 0, 'datum': (42.3, -71.1)}
2021-07-28 23:24:28,060 [INFO] Processing: $BFNVG,222426.37,4218.001617,N,07105.997597,W,0,10.0,1.0,52.6,0.0,0.0,222426.37*6C
2021-07-28 23:24:28,062 [INFO] Interpreted as: {'position': (3.3752836167113855, 2.9111041873693466), 'latlon': (42.30002695, -71.09995995), 'heading': 52.6, 'depth': 1.0, 'altitude': 10.0, 'roll': 0.0, 'pitch': 0.0, 'last_fix_time': datetime.datetime(2021, 7, 28, 22, 24, 26), 'speed': None, 'rudder': 0, 'datum': (42.3, -71.1)}
2021-07-28 23:24:28,063 [INFO] Processing: $BFNVG,222426.73,4218.001710,N,07105.997440,W,0,10.0,1.0,52.8,0.0,0.0,222426.73*6F
2021-07-28 23:24:28,065 [INFO] Interpreted as: {'position': (3.5952300779754296, 3.077896034345031), 'latlon': (42.3000285, -71.09995733333334), 'heading': 52.8, 'depth': 1.0, 'altitude': 10.0, 'roll': 0.0, 'pitch': 0.0, 'last_fix_time': datetime.datetime(2021, 7, 28, 22, 24, 26), 'speed': None, 'rudder': 0, 'datum': (42.3, -71.1)}
2021-07-28 23:24:28,066 [INFO] Received from Frontseat: [b'$BFNVG,222426.01,4218.001523,N,07105.997754,W,0,10.0,1.0,52.3,0.0,0.0,222426.01*60', b'$BFNVG,222426.37,4218.001617,N,07105.997597,W,0,10.0,1.0,52.6,0.0,0.0,222426.37*6C', b'$BFNVG,222426.73,4218.001710,N,07105.997440,W,0,10.0,1.0,52.8,0.0,0.0,222426.73*6F']
2021-07-28 23:24:28,067 [INFO] AUV state: {'position': (3.5952300779754296, 3.077896034345031), 'latlon': (42.3000285, -71.09995733333334), 'heading': 52.8, 'depth': 1.0, 'altitude': 10.0, 'roll': 0.0, 'pitch': 0.0, 'last_fix_time': datetime.datetime(2021, 7, 28, 22, 24, 26), 'speed': None, 'rudder': 0, 'datum': (42.3, -71.1)}
2021-07-28 23:24:28,401 [INFO] **** [(-16.07955763138189, -18.611283886984946)] [(20.408274744146176, -16.76423835237841), (-9.574674490569805, -4.811211562782232), (-15.739198267420655, -18.412329092745775)]
2021-07-28 23:24:28,403 [INFO] Next green buoy: [(-16.07955763138189, -18.611283886984946)], next red buoy: [(20.408274744146176, -16.76423835237841), (-9.574674490569805, -4.811211562782232), (-15.739198267420655, -18.412329092745775)]
2021-07-28 23:24:28,404 [INFO] Desired_heading: 54.96435855638214
2021-07-28 23:24:28,404 [INFO] delta angle: 1.7501297714961075
2021-07-28 23:24:28,405 [INFO] sending message $BPRMB,222429.01,-1.7501297714961075,1,0,750,0,1*40
...
2021-07-28 23:24:29,406 [INFO] sending message $BPSTS,222429.40,1,BWSI Autonomy OK*4d
...
2021-07-28 23:24:29,408 [INFO] Processing: $BFNVG,222427.09,4218.001803,N,07105.997282,W,0,10.0,1.0,53.1,0.0,0.0,222427.09*62
2021-07-28 23:24:29,410 [INFO] Interpreted as: {'position': (3.8165504100034013, 3.244653979316354), 'latlon': (42.30003005, -71.0999547), 'heading': 53.1, 'depth': 1.0, 'altitude': 10.0, 'roll': 0.0, 'pitch': 0.0, 'last_fix_time': datetime.datetime(2021, 7, 28, 22, 24, 27), 'speed': None, 'rudder': 0, 'datum': (42.3, -71.1)}
2021-07-28 23:24:29,411 [INFO] Processing: $BFNVG,222427.45,4218.001896,N,07105.997123,W,0,10.0,1.0,53.2,0.0,0.0,222427.45*65
2021-07-28 23:24:29,413 [INFO] Interpreted as: {'position': (4.039244608429726, 3.411378027871251), 'latlon': (42.3000316, -71.09995205), 'heading': 53.2, 'depth': 1.0, 'altitude': 10.0, 'roll': 0.0, 'pitch': 0.0, 'last_fix_time': datetime.datetime(2021, 7, 28, 22, 24, 27), 'speed': None, 'rudder': 0, 'datum': (42.3, -71.1)}
2021-07-28 23:24:29,414 [INFO] Processing: $BFNVG,222427.81,4218.001990,N,07105.996963,W,0,10.0,1.0,53.4,0.0,0.0,222427.81*69
2021-07-28 23:24:29,416 [INFO] Interpreted as: {'position': (4.263358346419409, 3.5799188762903214), 'latlon': (42.300033166666665, -71.09994938333334), 'heading': 53.4, 'depth': 1.0, 'altitude': 10.0, 'roll': 0.0, 'pitch': 0.0, 'last_fix_time': datetime.datetime(2021, 7, 28, 22, 24, 27), 'speed': None, 'rudder': 0, 'datum': (42.3, -71.1)}
2021-07-28 23:24:29,417 [INFO] Processing: $BFNVG,222428.18,4218.002084,N,07105.996800,W,0,10.0,1.0,53.5,0.0,0.0,222428.18*63
2021-07-28 23:24:29,419 [INFO] Interpreted as: {'position': (4.4915937127079815, 3.7483580196276307), 'latlon': (42.300034733333334, -71.09994666666667), 'heading': 53.5, 'depth': 1.0, 'altitude': 10.0, 'roll': 0.0, 'pitch': 0.0, 'last_fix_time': datetime.datetime(2021, 7, 28, 22, 24, 28), 'speed': None, 'rudder': 0, 'datum': (42.3, -71.1)}
2021-07-28 23:24:29,420 [INFO] Received from Frontseat: [b'$BFNVG,222427.09,4218.001803,N,07105.997282,W,0,10.0,1.0,53.1,0.0,0.0,222427.09*62', b'$BFNVG,222427.45,4218.001896,N,07105.997123,W,0,10.0,1.0,53.2,0.0,0.0,222427.45*65', b'$BFNVG,222427.81,4218.001990,N,07105.996963,W,0,10.0,1.0,53.4,0.0,0.0,222427.81*69', b'$BFNVG,222428.18,4218.002084,N,07105.996800,W,0,10.0,1.0,53.5,0.0,0.0,222428.18*63']
2021-07-28 23:24:29,421 [INFO] AUV state: {'position': (4.4915937127079815, 3.7483580196276307), 'latlon': (42.300034733333334, -71.09994666666667), 'heading': 53.5, 'depth': 1.0, 'altitude': 10.0, 'roll': 0.0, 'pitch': 0.0, 'last_fix_time': datetime.datetime(2021, 7, 28, 22, 24, 28), 'speed': None, 'rudder': 0, 'datum': (42.3, -71.1)}
2021-07-28 23:24:29,760 [INFO] **** [(-23.982607908123505, -23.99238748003057)] [(-11.320443080205218, -5.355264549669525), (-24.027053641539595, -23.83660942445303), (-22.661338783706356, -24.321716388897958)]
2021-07-28 23:24:29,762 [INFO] Next green buoy: [(-23.982607908123505, -23.99238748003057)], next red buoy: [(-11.320443080205218, -5.355264549669525), (-24.027053641539595, -23.83660942445303), (-22.661338783706356, -24.321716388897958)]
2021-07-28 23:24:29,763 [INFO] Desired_heading: 35.84847450583564
2021-07-28 23:24:29,763 [INFO] delta angle: -24.12051333740203
2021-07-28 23:24:29,764 [INFO] sending message $BPRMB,222429.79,24.12051333740203,1,0,750,0,1*52
...
2021-07-28 23:24:30,766 [INFO] sending message $BPSTS,222430.76,1,BWSI Autonomy OK*40
...
2021-07-28 23:24:30,767 [INFO] Processing: $BFNVG,222428.54,4218.002176,N,07105.996641,W,0,10.0,1.0,53.7,0.0,0.0,222428.54*66
2021-07-28 23:24:30,773 [INFO] Interpreted as: {'position': (4.714242208108772, 3.913231392391026), 'latlon': (42.300036266666666, -71.09994401666667), 'heading': 53.7, 'depth': 1.0, 'altitude': 10.0, 'roll': 0.0, 'pitch': 0.0, 'last_fix_time': datetime.datetime(2021, 7, 28, 22, 24, 28), 'speed': None, 'rudder': 0, 'datum': (42.3, -71.1)}
2021-07-28 23:24:30,773 [INFO] Processing: $BFNVG,222428.90,4218.002266,N,07105.996483,W,0,10.0,1.0,53.8,0.0,0.0,222428.90*67
2021-07-28 23:24:30,776 [INFO] Interpreted as: {'position': (4.935425472329371, 4.074437282048166), 'latlon': (42.30003776666667, -71.09994138333333), 'heading': 53.8, 'depth': 1.0, 'altitude': 10.0, 'roll': 0.0, 'pitch': 0.0, 'last_fix_time': datetime.datetime(2021, 7, 28, 22, 24, 28), 'speed': None, 'rudder': 0, 'datum': (42.3, -71.1)}
2021-07-28 23:24:30,777 [INFO] Processing: $BFNVG,222429.27,4218.002360,N,07105.996318,W,0,10.0,1.0,53.9,0.0,0.0,222429.27*64
2021-07-28 23:24:30,779 [INFO] Interpreted as: {'position': (5.166408561985008, 4.242808637209237), 'latlon': (42.30003933333333, -71.09993863333334), 'heading': 53.9, 'depth': 1.0, 'altitude': 10.0, 'roll': 0.0, 'pitch': 0.0, 'last_fix_time': datetime.datetime(2021, 7, 28, 22, 24, 29), 'speed': None, 'rudder': 0, 'datum': (42.3, -71.1)}
2021-07-28 23:24:30,780 [INFO] Processing: $BFNVG,222429.63,4218.002452,N,07105.996157,W,0,10.0,1.0,54.1,0.0,0.0,222429.63*64
2021-07-28 23:24:30,782 [INFO] Interpreted as: {'position': (5.391804783488624, 4.4076142236590385), 'latlon': (42.30004086666667, -71.09993595), 'heading': 54.1, 'depth': 1.0, 'altitude': 10.0, 'roll': 0.0, 'pitch': 0.0, 'last_fix_time': datetime.datetime(2021, 7, 28, 22, 24, 29), 'speed': None, 'rudder': 0, 'datum': (42.3, -71.1)}
2021-07-28 23:24:30,783 [INFO] Received from Frontseat: [b'$BFNVG,222428.54,4218.002176,N,07105.996641,W,0,10.0,1.0,53.7,0.0,0.0,222428.54*66', b'$BFNVG,222428.90,4218.002266,N,07105.996483,W,0,10.0,1.0,53.8,0.0,0.0,222428.90*67', b'$BFNVG,222429.27,4218.002360,N,07105.996318,W,0,10.0,1.0,53.9,0.0,0.0,222429.27*64', b'$BFNVG,222429.63,4218.002452,N,07105.996157,W,0,10.0,1.0,54.1,0.0,0.0,222429.63*64']
2021-07-28 23:24:30,783 [INFO] AUV state: {'position': (5.391804783488624, 4.4076142236590385), 'latlon': (42.30004086666667, -71.09993595), 'heading': 54.1, 'depth': 1.0, 'altitude': 10.0, 'roll': 0.0, 'pitch': 0.0, 'last_fix_time': datetime.datetime(2021, 7, 28, 22, 24, 29), 'speed': None, 'rudder': 0, 'datum': (42.3, -71.1)}
2021-07-28 23:24:31,094 [INFO] **** [] [(-13.07773896129575, -5.8954119083579855)]
2021-07-28 23:24:31,096 [INFO] Next green buoy: [], next red buoy: [(-13.07773896129575, -5.8954119083579855)]
2021-07-28 23:24:31,097 [INFO] Desired_heading: 41.02226103870425
2021-07-28 23:24:31,097 [INFO] delta angle: -16.579619960665752
2021-07-28 23:24:31,098 [INFO] sending message $BPRMB,222431.73,16.579619960665752,1,0,750,0,1*69
...
2021-07-28 23:24:32,099 [INFO] sending message $BPSTS,222432.09,1,BWSI Autonomy OK*4a
...
2021-07-28 23:24:32,101 [INFO] Processing: $BFNVG,222429.99,4218.002543,N,07105.995996,W,0,10.0,1.0,54.2,0.0,0.0,222429.99*60
2021-07-28 23:24:32,103 [INFO] Interpreted as: {'position': (5.61715532571543, 4.570569117553532), 'latlon': (42.300042383333334, -71.09993326666667), 'heading': 54.2, 'depth': 1.0, 'altitude': 10.0, 'roll': 0.0, 'pitch': 0.0, 'last_fix_time': datetime.datetime(2021, 7, 28, 22, 24, 29), 'speed': None, 'rudder': 0, 'datum': (42.3, -71.1)}
2021-07-28 23:24:32,103 [INFO] Processing: $BFNVG,222430.35,4218.002635,N,07105.995837,W,0,10.0,1.0,52.6,0.0,0.0,222430.35*6A
2021-07-28 23:24:32,105 [INFO] Interpreted as: {'position': (5.839803768205456, 4.735442524775863), 'latlon': (42.30004391666667, -71.09993061666667), 'heading': 52.6, 'depth': 1.0, 'altitude': 10.0, 'roll': 0.0, 'pitch': 0.0, 'last_fix_time': datetime.datetime(2021, 7, 28, 22, 24, 30), 'speed': None, 'rudder': 0, 'datum': (42.3, -71.1)}
2021-07-28 23:24:32,106 [INFO] Processing: $BFNVG,222430.70,4218.002730,N,07105.995683,W,0,10.0,1.0,50.9,0.0,0.0,222430.70*62
2021-07-28 23:24:32,108 [INFO] Interpreted as: {'position': (6.05571981985122, 4.906037550419569), 'latlon': (42.3000455, -71.09992805), 'heading': 50.9, 'depth': 1.0, 'altitude': 10.0, 'roll': 0.0, 'pitch': 0.0, 'last_fix_time': datetime.datetime(2021, 7, 28, 22, 24, 30), 'speed': None, 'rudder': 0, 'datum': (42.3, -71.1)}
2021-07-28 23:24:32,109 [INFO] Processing: $BFNVG,222431.06,4218.002829,N,07105.995532,W,0,10.0,1.0,49.3,0.0,0.0,222431.06*6E
2021-07-28 23:24:32,111 [INFO] Interpreted as: {'position': (6.267696904658806, 5.084137081168592), 'latlon': (42.30004715, -71.09992553333333), 'heading': 49.3, 'depth': 1.0, 'altitude': 10.0, 'roll': 0.0, 'pitch': 0.0, 'last_fix_time': datetime.datetime(2021, 7, 28, 22, 24, 31), 'speed': None, 'rudder': 0, 'datum': (42.3, -71.1)}
2021-07-28 23:24:32,112 [INFO] Received from Frontseat: [b'$BFNVG,222429.99,4218.002543,N,07105.995996,W,0,10.0,1.0,54.2,0.0,0.0,222429.99*60', b'$BFNVG,222430.35,4218.002635,N,07105.995837,W,0,10.0,1.0,52.6,0.0,0.0,222430.35*6A', b'$BFNVG,222430.70,4218.002730,N,07105.995683,W,0,10.0,1.0,50.9,0.0,0.0,222430.70*62', b'$BFNVG,222431.06,4218.002829,N,07105.995532,W,0,10.0,1.0,49.3,0.0,0.0,222431.06*6E']
2021-07-28 23:24:32,113 [INFO] AUV state: {'position': (6.267696904658806, 5.084137081168592), 'latlon': (42.30004715, -71.09992553333333), 'heading': 49.3, 'depth': 1.0, 'altitude': 10.0, 'roll': 0.0, 'pitch': 0.0, 'last_fix_time': datetime.datetime(2021, 7, 28, 22, 24, 31), 'speed': None, 'rudder': 0, 'datum': (42.3, -71.1)}
2021-07-28 23:24:32,414 [INFO] **** [] [(-9.259666664346796, -6.490272980013468), (1.5493411571705287, -4.278142319947175)]
2021-07-28 23:24:32,416 [INFO] Next green buoy: [], next red buoy: [(-9.259666664346796, -6.490272980013468), (1.5493411571705287, -4.278142319947175)]
2021-07-28 23:24:32,417 [INFO] Desired_heading: 40.0403333356532
2021-07-28 23:24:32,417 [INFO] delta angle: -10.768443460016272
2021-07-28 23:24:32,418 [INFO] sending message $BPRMB,222432.46,10.768443460016272,1,0,750,0,1*6d
...
2021-07-28 23:24:33,419 [INFO] sending message $BPSTS,222433.41,1,BWSI Autonomy OK*47
...
2021-07-28 23:24:33,421 [INFO] Processing: $BFNVG,222431.43,4218.002934,N,07105.995380,W,0,10.0,1.0,47.6,0.0,0.0,222431.43*67
2021-07-28 23:24:33,423 [INFO] Interpreted as: {'position': (6.481321880128235, 5.273306895978749), 'latlon': (42.3000489, -71.099923), 'heading': 47.6, 'depth': 1.0, 'altitude': 10.0, 'roll': 0.0, 'pitch': 0.0, 'last_fix_time': datetime.datetime(2021, 7, 28, 22, 24, 31), 'speed': None, 'rudder': 0, 'datum': (42.3, -71.1)}
2021-07-28 23:24:33,423 [INFO] Processing: $BFNVG,222431.79,4218.003039,N,07105.995234,W,0,10.0,1.0,46.5,0.0,0.0,222431.79*6E
2021-07-28 23:24:33,425 [INFO] Interpreted as: {'position': (6.686703572049737, 5.462680141441524), 'latlon': (42.30005065, -71.09992056666667), 'heading': 46.5, 'depth': 1.0, 'altitude': 10.0, 'roll': 0.0, 'pitch': 0.0, 'last_fix_time': datetime.datetime(2021, 7, 28, 22, 24, 31), 'speed': None, 'rudder': 0, 'datum': (42.3, -71.1)}
2021-07-28 23:24:33,426 [INFO] Processing: $BFNVG,222432.15,4218.003146,N,07105.995092,W,0,10.0,1.0,45.4,0.0,0.0,222432.15*6B
2021-07-28 23:24:33,428 [INFO] Interpreted as: {'position': (6.886681078991387, 5.655890400521457), 'latlon': (42.300052433333335, -71.0999182), 'heading': 45.4, 'depth': 1.0, 'altitude': 10.0, 'roll': 0.0, 'pitch': 0.0, 'last_fix_time': datetime.datetime(2021, 7, 28, 22, 24, 32), 'speed': None, 'rudder': 0, 'datum': (42.3, -71.1)}
2021-07-28 23:24:33,429 [INFO] Received from Frontseat: [b'$BFNVG,222431.43,4218.002934,N,07105.995380,W,0,10.0,1.0,47.6,0.0,0.0,222431.43*67', b'$BFNVG,222431.79,4218.003039,N,07105.995234,W,0,10.0,1.0,46.5,0.0,0.0,222431.79*6E', b'$BFNVG,222432.15,4218.003146,N,07105.995092,W,0,10.0,1.0,45.4,0.0,0.0,222432.15*6B']
2021-07-28 23:24:33,430 [INFO] AUV state: {'position': (6.886681078991387, 5.655890400521457), 'latlon': (42.300052433333335, -71.0999182), 'heading': 45.4, 'depth': 1.0, 'altitude': 10.0, 'roll': 0.0, 'pitch': 0.0, 'last_fix_time': datetime.datetime(2021, 7, 28, 22, 24, 32), 'speed': None, 'rudder': 0, 'datum': (42.3, -71.1)}
2021-07-28 23:24:33,734 [INFO] **** [(-18.87286946098109, -6.595846324642682)] [(-5.692148840162009, -7.128145180955675), (6.153433132883308, -4.600819661869284)]
2021-07-28 23:24:33,736 [INFO] Next green buoy: [(-18.87286946098109, -6.595846324642682)], next red buoy: [(-5.692148840162009, -7.128145180955675), (6.153433132883308, -4.600819661869284)]
2021-07-28 23:24:33,737 [INFO] Desired_heading: 33.11749084942845
2021-07-28 23:24:33,737 [INFO] delta angle: -15.329133673976457
2021-07-28 23:24:33,737 [INFO] sending message $BPRMB,222434.37,15.329133673976457,1,0,750,0,1*65
...
2021-07-28 23:24:34,739 [INFO] sending message $BPSTS,222434.73,1,BWSI Autonomy OK*41
...
2021-07-28 23:24:34,741 [INFO] Processing: $BFNVG,222432.52,4218.003257,N,07105.994951,W,0,10.0,1.0,44.3,0.0,0.0,222432.52*69
2021-07-28 23:24:34,743 [INFO] Interpreted as: {'position': (7.085467377619352, 5.856537356972694), 'latlon': (42.30005428333333, -71.09991585), 'heading': 44.3, 'depth': 1.0, 'altitude': 10.0, 'roll': 0.0, 'pitch': 0.0, 'last_fix_time': datetime.datetime(2021, 7, 28, 22, 24, 32), 'speed': None, 'rudder': 0, 'datum': (42.3, -71.1)}
2021-07-28 23:24:34,743 [INFO] Processing: $BFNVG,222432.89,4218.003370,N,07105.994812,W,0,10.0,1.0,43.5,0.0,0.0,222432.89*6A
2021-07-28 23:24:34,745 [INFO] Interpreted as: {'position': (7.281597248394974, 6.0609535202383995), 'latlon': (42.300056166666664, -71.09991353333334), 'heading': 43.5, 'depth': 1.0, 'altitude': 10.0, 'roll': 0.0, 'pitch': 0.0, 'last_fix_time': datetime.datetime(2021, 7, 28, 22, 24, 32), 'speed': None, 'rudder': 0, 'datum': (42.3, -71.1)}
2021-07-28 23:24:34,746 [INFO] Processing: $BFNVG,222433.25,4218.003482,N,07105.994678,W,0,10.0,1.0,42.8,0.0,0.0,222433.25*6E
2021-07-28 23:24:34,748 [INFO] Interpreted as: {'position': (7.470812045154162, 6.26368851121515), 'latlon': (42.300058033333336, -71.0999113), 'heading': 42.8, 'depth': 1.0, 'altitude': 10.0, 'roll': 0.0, 'pitch': 0.0, 'last_fix_time': datetime.datetime(2021, 7, 28, 22, 24, 33), 'speed': None, 'rudder': 0, 'datum': (42.3, -71.1)}
2021-07-28 23:24:34,749 [INFO] Processing: $BFNVG,222433.60,4218.003594,N,07105.994547,W,0,10.0,1.0,42.1,0.0,0.0,222433.60*6E
2021-07-28 23:24:34,751 [INFO] Interpreted as: {'position': (7.6559051955118775, 6.466525216586888), 'latlon': (42.3000599, -71.09990911666667), 'heading': 42.1, 'depth': 1.0, 'altitude': 10.0, 'roll': 0.0, 'pitch': 0.0, 'last_fix_time': datetime.datetime(2021, 7, 28, 22, 24, 33), 'speed': None, 'rudder': 0, 'datum': (42.3, -71.1)}
2021-07-28 23:24:34,752 [INFO] Received from Frontseat: [b'$BFNVG,222432.52,4218.003257,N,07105.994951,W,0,10.0,1.0,44.3,0.0,0.0,222432.52*69', b'$BFNVG,222432.89,4218.003370,N,07105.994812,W,0,10.0,1.0,43.5,0.0,0.0,222432.89*6A', b'$BFNVG,222433.25,4218.003482,N,07105.994678,W,0,10.0,1.0,42.8,0.0,0.0,222433.25*6E', b'$BFNVG,222433.60,4218.003594,N,07105.994547,W,0,10.0,1.0,42.1,0.0,0.0,222433.60*6E']
2021-07-28 23:24:34,753 [INFO] AUV state: {'position': (7.6559051955118775, 6.466525216586888), 'latlon': (42.3000599, -71.09990911666667), 'heading': 42.1, 'depth': 1.0, 'altitude': 10.0, 'roll': 0.0, 'pitch': 0.0, 'last_fix_time': datetime.datetime(2021, 7, 28, 22, 24, 33), 'speed': None, 'rudder': 0, 'datum': (42.3, -71.1)}
2021-07-28 23:24:35,053 [INFO] **** [(-17.609588281836295, -7.52188146785344)] [(-2.5951369431080034, -8.347291212795477), (10.491737770154236, -4.928583440019658)]
2021-07-28 23:24:35,055 [INFO] Next green buoy: [(-17.609588281836295, -7.52188146785344)], next red buoy: [(-2.5951369431080034, -8.347291212795477), (10.491737770154236, -4.928583440019658)]
2021-07-28 23:24:35,055 [INFO] Desired_heading: 31.997637387527853
2021-07-28 23:24:35,056 [INFO] delta angle: -12.007080771259666
2021-07-28 23:24:35,056 [INFO] sending message $BPRMB,222435.10,12.007080771259666,1,0,750,0,1*65
...
2021-07-28 23:24:36,058 [INFO] sending message $BPSTS,222436.05,1,BWSI Autonomy OK*42
...
2021-07-28 23:24:36,059 [INFO] Processing: $BFNVG,222433.96,4218.003708,N,07105.994416,W,0,10.0,1.0,41.3,0.0,0.0,222433.96*6D
2021-07-28 23:24:36,064 [INFO] Interpreted as: {'position': (7.841089675785042, 6.673063321970403), 'latlon': (42.3000618, -71.09990693333333), 'heading': 41.3, 'depth': 1.0, 'altitude': 10.0, 'roll': 0.0, 'pitch': 0.0, 'last_fix_time': datetime.datetime(2021, 7, 28, 22, 24, 33), 'speed': None, 'rudder': 0, 'datum': (42.3, -71.1)}
2021-07-28 23:24:36,065 [INFO] Processing: $BFNVG,222434.32,4218.003824,N,07105.994288,W,0,10.0,1.0,40.3,0.0,0.0,222434.32*6C
2021-07-28 23:24:36,067 [INFO] Interpreted as: {'position': (8.022243848070502, 6.883404535241425), 'latlon': (42.30006373333333, -71.0999048), 'heading': 40.3, 'depth': 1.0, 'altitude': 10.0, 'roll': 0.0, 'pitch': 0.0, 'last_fix_time': datetime.datetime(2021, 7, 28, 22, 24, 34), 'speed': None, 'rudder': 0, 'datum': (42.3, -71.1)}
2021-07-28 23:24:36,068 [INFO] Processing: $BFNVG,222434.68,4218.003941,N,07105.994163,W,0,10.0,1.0,39.3,0.0,0.0,222434.68*66
2021-07-28 23:24:36,070 [INFO] Interpreted as: {'position': (8.199322046828456, 7.095698161050677), 'latlon': (42.30006568333334, -71.09990271666666), 'heading': 39.3, 'depth': 1.0, 'altitude': 10.0, 'roll': 0.0, 'pitch': 0.0, 'last_fix_time': datetime.datetime(2021, 7, 28, 22, 24, 34), 'speed': None, 'rudder': 0, 'datum': (42.3, -71.1)}
2021-07-28 23:24:36,071 [INFO] Processing: $BFNVG,222435.04,4218.004059,N,07105.994041,W,0,10.0,1.0,38.2,0.0,0.0,222435.04*60
2021-07-28 23:24:36,073 [INFO] Interpreted as: {'position': (8.372324268100783, 7.30994419939816), 'latlon': (42.30006765, -71.09990068333333), 'heading': 38.2, 'depth': 1.0, 'altitude': 10.0, 'roll': 0.0, 'pitch': 0.0, 'last_fix_time': datetime.datetime(2021, 7, 28, 22, 24, 35), 'speed': None, 'rudder': 0, 'datum': (42.3, -71.1)}
2021-07-28 23:24:36,074 [INFO] Received from Frontseat: [b'$BFNVG,222433.96,4218.003708,N,07105.994416,W,0,10.0,1.0,41.3,0.0,0.0,222433.96*6D', b'$BFNVG,222434.32,4218.003824,N,07105.994288,W,0,10.0,1.0,40.3,0.0,0.0,222434.32*6C', b'$BFNVG,222434.68,4218.003941,N,07105.994163,W,0,10.0,1.0,39.3,0.0,0.0,222434.68*66', b'$BFNVG,222435.04,4218.004059,N,07105.994041,W,0,10.0,1.0,38.2,0.0,0.0,222435.04*60']
2021-07-28 23:24:36,075 [INFO] AUV state: {'position': (8.372324268100783, 7.30994419939816), 'latlon': (42.30006765, -71.09990068333333), 'heading': 38.2, 'depth': 1.0, 'altitude': 10.0, 'roll': 0.0, 'pitch': 0.0, 'last_fix_time': datetime.datetime(2021, 7, 28, 22, 24, 35), 'speed': None, 'rudder': 0, 'datum': (42.3, -71.1)}
2021-07-28 23:24:36,370 [INFO] **** [(-15.97015349094135, -8.649423104329287)] [(1.5477941170866159, -9.779519267828928), (15.80610806654928, -5.474128200609206)]
2021-07-28 23:24:36,373 [INFO] Next green buoy: [(-15.97015349094135, -8.649423104329287)], next red buoy: [(1.5477941170866159, -9.779519267828928), (15.80610806654928, -5.474128200609206)]
2021-07-28 23:24:36,373 [INFO] Desired_heading: 30.988820313072637
2021-07-28 23:24:36,374 [INFO] delta angle: -7.878011993737289
2021-07-28 23:24:36,374 [INFO] sending message $BPRMB,222437.01,7.878011993737289,1,0,750,0,1*51
...
2021-07-28 23:24:37,376 [INFO] sending message $BPSTS,222437.37,1,BWSI Autonomy OK*42
...
2021-07-28 23:24:37,377 [INFO] Processing: $BFNVG,222435.40,4218.004180,N,07105.993922,W,0,10.0,1.0,37.2,0.0,0.0,222435.40*61
2021-07-28 23:24:37,379 [INFO] Interpreted as: {'position': (8.541341856122017, 7.529844040982425), 'latlon': (42.300069666666666, -71.0998987), 'heading': 37.2, 'depth': 1.0, 'altitude': 10.0, 'roll': 0.0, 'pitch': 0.0, 'last_fix_time': datetime.datetime(2021, 7, 28, 22, 24, 35), 'speed': None, 'rudder': 0, 'datum': (42.3, -71.1)}
2021-07-28 23:24:37,380 [INFO] Processing: $BFNVG,222435.75,4218.004301,N,07105.993806,W,0,10.0,1.0,36.4,0.0,0.0,222435.75*6A
2021-07-28 23:24:37,382 [INFO] Interpreted as: {'position': (8.706237799255177, 7.749845599755645), 'latlon': (42.300071683333336, -71.09989676666666), 'heading': 36.4, 'depth': 1.0, 'altitude': 10.0, 'roll': 0.0, 'pitch': 0.0, 'last_fix_time': datetime.datetime(2021, 7, 28, 22, 24, 35), 'speed': None, 'rudder': 0, 'datum': (42.3, -71.1)}
2021-07-28 23:24:37,383 [INFO] Processing: $BFNVG,222436.13,4218.004429,N,07105.993687,W,0,10.0,1.0,35.6,0.0,0.0,222436.13*61
2021-07-28 23:24:37,385 [INFO] Interpreted as: {'position': (8.875575053796638, 7.982700329273939), 'latlon': (42.30007381666667, -71.09989478333334), 'heading': 35.6, 'depth': 1.0, 'altitude': 10.0, 'roll': 0.0, 'pitch': 0.0, 'last_fix_time': datetime.datetime(2021, 7, 28, 22, 24, 36), 'speed': None, 'rudder': 0, 'datum': (42.3, -71.1)}
2021-07-28 23:24:37,386 [INFO] Received from Frontseat: [b'$BFNVG,222435.40,4218.004180,N,07105.993922,W,0,10.0,1.0,37.2,0.0,0.0,222435.40*61', b'$BFNVG,222435.75,4218.004301,N,07105.993806,W,0,10.0,1.0,36.4,0.0,0.0,222435.75*6A', b'$BFNVG,222436.13,4218.004429,N,07105.993687,W,0,10.0,1.0,35.6,0.0,0.0,222436.13*61']
2021-07-28 23:24:37,387 [INFO] AUV state: {'position': (8.875575053796638, 7.982700329273939), 'latlon': (42.30007381666667, -71.09989478333334), 'heading': 35.6, 'depth': 1.0, 'altitude': 10.0, 'roll': 0.0, 'pitch': 0.0, 'last_fix_time': datetime.datetime(2021, 7, 28, 22, 24, 36), 'speed': None, 'rudder': 0, 'datum': (42.3, -71.1)}
2021-07-28 23:24:37,689 [INFO] **** [(-15.162133603932979, -9.778989577331075)] [(4.96707143173035, -11.307725241643364), (19.671134411540212, -5.885483153558885)]
2021-07-28 23:24:37,691 [INFO] Next green buoy: [(-15.162133603932979, -9.778989577331075)], next red buoy: [(4.96707143173035, -11.307725241643364), (19.671134411540212, -5.885483153558885)]
2021-07-28 23:24:37,692 [INFO] Desired_heading: 30.50246891389869
2021-07-28 23:24:37,692 [INFO] delta angle: -5.106326668134841
2021-07-28 23:24:37,693 [INFO] sending message $BPRMB,222437.73,5.106326668134841,1,0,750,0,1*51
...
2021-07-28 23:24:38,695 [INFO] sending message $BPSTS,222438.69,1,BWSI Autonomy OK*46
...
2021-07-28 23:24:38,696 [INFO] Processing: $BFNVG,222436.49,4218.004554,N,07105.993575,W,0,10.0,1.0,34.8,0.0,0.0,222436.49*6B
2021-07-28 23:24:38,698 [INFO] Interpreted as: {'position': (9.03515814524144, 8.210240296088159), 'latlon': (42.3000759, -71.09989291666666), 'heading': 34.8, 'depth': 1.0, 'altitude': 10.0, 'roll': 0.0, 'pitch': 0.0, 'last_fix_time': datetime.datetime(2021, 7, 28, 22, 24, 36), 'speed': None, 'rudder': 0, 'datum': (42.3, -71.1)}
2021-07-28 23:24:38,699 [INFO] Processing: $BFNVG,222436.85,4218.004679,N,07105.993465,W,0,10.0,1.0,34.2,0.0,0.0,222436.85*6D
2021-07-28 23:24:38,701 [INFO] Interpreted as: {'position': (9.191993464308325, 8.437848071567714), 'latlon': (42.30007798333333, -71.09989108333333), 'heading': 34.2, 'depth': 1.0, 'altitude': 10.0, 'roll': 0.0, 'pitch': 0.0, 'last_fix_time': datetime.datetime(2021, 7, 28, 22, 24, 36), 'speed': None, 'rudder': 0, 'datum': (42.3, -71.1)}
2021-07-28 23:24:38,702 [INFO] Processing: $BFNVG,222437.21,4218.004806,N,07105.993356,W,0,10.0,1.0,33.7,0.0,0.0,222437.21*6E
2021-07-28 23:24:38,704 [INFO] Interpreted as: {'position': (9.347546239267103, 8.669191149063408), 'latlon': (42.3000801, -71.09988926666666), 'heading': 33.7, 'depth': 1.0, 'altitude': 10.0, 'roll': 0.0, 'pitch': 0.0, 'last_fix_time': datetime.datetime(2021, 7, 28, 22, 24, 37), 'speed': None, 'rudder': 0, 'datum': (42.3, -71.1)}
2021-07-28 23:24:38,705 [INFO] Processing: $BFNVG,222437.56,4218.004933,N,07105.993249,W,0,10.0,1.0,33.2,0.0,0.0,222437.56*63
2021-07-28 23:24:38,707 [INFO] Interpreted as: {'position': (9.500351248309016, 8.900602034293115), 'latlon': (42.30008221666667, -71.09988748333333), 'heading': 33.2, 'depth': 1.0, 'altitude': 10.0, 'roll': 0.0, 'pitch': 0.0, 'last_fix_time': datetime.datetime(2021, 7, 28, 22, 24, 37), 'speed': None, 'rudder': 0, 'datum': (42.3, -71.1)}
2021-07-28 23:24:38,708 [INFO] Received from Frontseat: [b'$BFNVG,222436.49,4218.004554,N,07105.993575,W,0,10.0,1.0,34.8,0.0,0.0,222436.49*6B', b'$BFNVG,222436.85,4218.004679,N,07105.993465,W,0,10.0,1.0,34.2,0.0,0.0,222436.85*6D', b'$BFNVG,222437.21,4218.004806,N,07105.993356,W,0,10.0,1.0,33.7,0.0,0.0,222437.21*6E', b'$BFNVG,222437.56,4218.004933,N,07105.993249,W,0,10.0,1.0,33.2,0.0,0.0,222437.56*63']
2021-07-28 23:24:38,708 [INFO] AUV state: {'position': (9.500351248309016, 8.900602034293115), 'latlon': (42.30008221666667, -71.09988748333333), 'heading': 33.2, 'depth': 1.0, 'altitude': 10.0, 'roll': 0.0, 'pitch': 0.0, 'last_fix_time': datetime.datetime(2021, 7, 28, 22, 24, 37), 'speed': None, 'rudder': 0, 'datum': (42.3, -71.1)}
2021-07-28 23:24:39,015 [INFO] **** [(-15.463188625167307, -11.906130092189553)] [(9.236820848539663, -14.190927049914885), (24.113170467598046, -6.52810710549863)]
2021-07-28 23:24:39,017 [INFO] Next green buoy: [(-15.463188625167307, -11.906130092189553)], next red buoy: [(9.236820848539663, -14.190927049914885), (24.113170467598046, -6.52810710549863)]
2021-07-28 23:24:39,017 [INFO] Desired_heading: 30.086816111686183
2021-07-28 23:24:39,018 [INFO] delta angle: -2.756859977898273
2021-07-28 23:24:39,018 [INFO] sending message $BPRMB,222439.65,2.756859977898273,1,0,750,0,1*5a
...
2021-07-28 23:24:40,020 [INFO] sending message $BPSTS,222440.02,1,BWSI Autonomy OK*44
...
2021-07-28 23:24:40,021 [INFO] Processing: $BFNVG,222437.93,4218.005061,N,07105.993143,W,0,10.0,1.0,32.6,0.0,0.0,222437.93*60
2021-07-28 23:24:40,023 [INFO] Interpreted as: {'position': (9.651828039437532, 9.133897526189685), 'latlon': (42.30008435, -71.09988571666666), 'heading': 32.6, 'depth': 1.0, 'altitude': 10.0, 'roll': 0.0, 'pitch': 0.0, 'last_fix_time': datetime.datetime(2021, 7, 28, 22, 24, 37), 'speed': None, 'rudder': 0, 'datum': (42.3, -71.1)}
2021-07-28 23:24:40,024 [INFO] Processing: $BFNVG,222438.29,4218.005193,N,07105.993036,W,0,10.0,1.0,32.3,0.0,0.0,222438.29*6A
2021-07-28 23:24:40,026 [INFO] Interpreted as: {'position': (9.804861375363544, 9.374561903998256), 'latlon': (42.30008655, -71.09988393333333), 'heading': 32.3, 'depth': 1.0, 'altitude': 10.0, 'roll': 0.0, 'pitch': 0.0, 'last_fix_time': datetime.datetime(2021, 7, 28, 22, 24, 38), 'speed': None, 'rudder': 0, 'datum': (42.3, -71.1)}
2021-07-28 23:24:40,027 [INFO] Processing: $BFNVG,222438.66,4218.005323,N,07105.992933,W,0,10.0,1.0,31.9,0.0,0.0,222438.66*67
2021-07-28 23:24:40,029 [INFO] Interpreted as: {'position': (9.952307850471698, 9.61166050285101), 'latlon': (42.300088716666664, -71.09988221666667), 'heading': 31.9, 'depth': 1.0, 'altitude': 10.0, 'roll': 0.0, 'pitch': 0.0, 'last_fix_time': datetime.datetime(2021, 7, 28, 22, 24, 38), 'speed': None, 'rudder': 0, 'datum': (42.3, -71.1)}
2021-07-28 23:24:40,030 [INFO] Processing: $BFNVG,222439.01,4218.005451,N,07105.992831,W,0,10.0,1.0,31.6,0.0,0.0,222439.01*69
2021-07-28 23:24:40,032 [INFO] Interpreted as: {'position': (10.098289101326372, 9.845091613940895), 'latlon': (42.30009085, -71.09988051666667), 'heading': 31.6, 'depth': 1.0, 'altitude': 10.0, 'roll': 0.0, 'pitch': 0.0, 'last_fix_time': datetime.datetime(2021, 7, 28, 22, 24, 39), 'speed': None, 'rudder': 0, 'datum': (42.3, -71.1)}
2021-07-28 23:24:40,033 [INFO] Received from Frontseat: [b'$BFNVG,222437.93,4218.005061,N,07105.993143,W,0,10.0,1.0,32.6,0.0,0.0,222437.93*60', b'$BFNVG,222438.29,4218.005193,N,07105.993036,W,0,10.0,1.0,32.3,0.0,0.0,222438.29*6A', b'$BFNVG,222438.66,4218.005323,N,07105.992933,W,0,10.0,1.0,31.9,0.0,0.0,222438.66*67', b'$BFNVG,222439.01,4218.005451,N,07105.992831,W,0,10.0,1.0,31.6,0.0,0.0,222439.01*69']
2021-07-28 23:24:40,034 [INFO] AUV state: {'position': (10.098289101326372, 9.845091613940895), 'latlon': (42.30009085, -71.09988051666667), 'heading': 31.6, 'depth': 1.0, 'altitude': 10.0, 'roll': 0.0, 'pitch': 0.0, 'last_fix_time': datetime.datetime(2021, 7, 28, 22, 24, 39), 'speed': None, 'rudder': 0, 'datum': (42.3, -71.1)}
2021-07-28 23:24:40,350 [INFO] **** [(-17.674809534287657, -15.041030752834914), (18.947228173892096, -6.382890133005231)] [(14.33984631243843, -19.018528209561204)]
2021-07-28 23:24:40,353 [INFO] Next green buoy: [(-17.674809534287657, -15.041030752834914), (18.947228173892096, -6.382890133005231)], next red buoy: [(14.33984631243843, -19.018528209561204)]
2021-07-28 23:24:40,353 [INFO] Desired_heading: 29.932518389075387
2021-07-28 23:24:40,354 [INFO] delta angle: -1.2632376394388984
2021-07-28 23:24:40,354 [INFO] sending message $BPRMB,222440.38,1.2632376394388984,1,0,750,0,1*66
...
2021-07-28 23:24:41,356 [INFO] sending message $BPSTS,222441.35,1,BWSI Autonomy OK*41
...
2021-07-28 23:24:41,357 [INFO] Processing: $BFNVG,222439.37,4218.005581,N,07105.992730,W,0,10.0,1.0,31.4,0.0,0.0,222439.37*69
2021-07-28 23:24:41,362 [INFO] Interpreted as: {'position': (10.242987802193966, 10.082258026115596), 'latlon': (42.300093016666665, -71.09987883333334), 'heading': 31.4, 'depth': 1.0, 'altitude': 10.0, 'roll': 0.0, 'pitch': 0.0, 'last_fix_time': datetime.datetime(2021, 7, 28, 22, 24, 39), 'speed': None, 'rudder': 0, 'datum': (42.3, -71.1)}
2021-07-28 23:24:41,364 [INFO] Processing: $BFNVG,222439.73,4218.005711,N,07105.992629,W,0,10.0,1.0,31.2,0.0,0.0,222439.73*6D
2021-07-28 23:24:41,366 [INFO] Interpreted as: {'position': (10.387686493690126, 10.31942443922162), 'latlon': (42.30009518333333, -71.09987715), 'heading': 31.2, 'depth': 1.0, 'altitude': 10.0, 'roll': 0.0, 'pitch': 0.0, 'last_fix_time': datetime.datetime(2021, 7, 28, 22, 24, 39), 'speed': None, 'rudder': 0, 'datum': (42.3, -71.1)}
2021-07-28 23:24:41,367 [INFO] Processing: $BFNVG,222440.09,4218.005842,N,07105.992529,W,0,10.0,1.0,31.0,0.0,0.0,222440.09*65
2021-07-28 23:24:41,369 [INFO] Interpreted as: {'position': (10.531056969834026, 10.558475458994508), 'latlon': (42.30009736666667, -71.09987548333334), 'heading': 31.0, 'depth': 1.0, 'altitude': 10.0, 'roll': 0.0, 'pitch': 0.0, 'last_fix_time': datetime.datetime(2021, 7, 28, 22, 24, 40), 'speed': None, 'rudder': 0, 'datum': (42.3, -71.1)}
2021-07-28 23:24:41,370 [INFO] Received from Frontseat: [b'$BFNVG,222439.37,4218.005581,N,07105.992730,W,0,10.0,1.0,31.4,0.0,0.0,222439.37*69', b'$BFNVG,222439.73,4218.005711,N,07105.992629,W,0,10.0,1.0,31.2,0.0,0.0,222439.73*6D', b'$BFNVG,222440.09,4218.005842,N,07105.992529,W,0,10.0,1.0,31.0,0.0,0.0,222440.09*65']
2021-07-28 23:24:41,371 [INFO] AUV state: {'position': (10.531056969834026, 10.558475458994508), 'latlon': (42.30009736666667, -71.09987548333334), 'heading': 31.0, 'depth': 1.0, 'altitude': 10.0, 'roll': 0.0, 'pitch': 0.0, 'last_fix_time': datetime.datetime(2021, 7, 28, 22, 24, 40), 'speed': None, 'rudder': 0, 'datum': (42.3, -71.1)}
2021-07-28 23:24:41,721 [INFO] **** [(-21.100418578168522, -18.71207269311762), (21.11388107757724, -6.976152781108618)] [(19.71848000566878, -23.967260300418353)]
2021-07-28 23:24:41,723 [INFO] Next green buoy: [(-21.100418578168522, -18.71207269311762), (21.11388107757724, -6.976152781108618)], next red buoy: [(19.71848000566878, -23.967260300418353)]
2021-07-28 23:24:41,724 [INFO] Desired_heading: 30.30903071375013
2021-07-28 23:24:41,724 [INFO] delta angle: -0.419983443512308
2021-07-28 23:24:41,724 [INFO] sending message $BPRMB,222442.32,0.419983443512308,1,0,750,0,1*50
...
2021-07-28 23:24:42,726 [INFO] sending message $BPSTS,222442.72,1,BWSI Autonomy OK*41
...
2021-07-28 23:24:42,727 [INFO] Processing: $BFNVG,222440.45,4218.005972,N,07105.992430,W,0,10.0,1.0,30.8,0.0,0.0,222440.45*67
2021-07-28 23:24:42,730 [INFO] Interpreted as: {'position': (10.673007887555286, 10.79570968542248), 'latlon': (42.30009953333333, -71.09987383333333), 'heading': 30.8, 'depth': 1.0, 'altitude': 10.0, 'roll': 0.0, 'pitch': 0.0, 'last_fix_time': datetime.datetime(2021, 7, 28, 22, 24, 40), 'speed': None, 'rudder': 0, 'datum': (42.3, -71.1)}
2021-07-28 23:24:42,731 [INFO] Processing: $BFNVG,222440.82,4218.006105,N,07105.992329,W,0,10.0,1.0,30.8,0.0,0.0,222440.82*63
2021-07-28 23:24:42,733 [INFO] Interpreted as: {'position': (10.817843561584596, 11.038428199477494), 'latlon': (42.30010175, -71.09987215), 'heading': 30.8, 'depth': 1.0, 'altitude': 10.0, 'roll': 0.0, 'pitch': 0.0, 'last_fix_time': datetime.datetime(2021, 7, 28, 22, 24, 40), 'speed': None, 'rudder': 0, 'datum': (42.3, -71.1)}
2021-07-28 23:24:42,734 [INFO] Processing: $BFNVG,222441.18,4218.006236,N,07105.992230,W,0,10.0,1.0,30.7,0.0,0.0,222441.18*66
2021-07-28 23:24:42,736 [INFO] Interpreted as: {'position': (10.959840130177327, 11.277513126842678), 'latlon': (42.30010393333333, -71.0998705), 'heading': 30.7, 'depth': 1.0, 'altitude': 10.0, 'roll': 0.0, 'pitch': 0.0, 'last_fix_time': datetime.datetime(2021, 7, 28, 22, 24, 41), 'speed': None, 'rudder': 0, 'datum': (42.3, -71.1)}
2021-07-28 23:24:42,736 [INFO] Processing: $BFNVG,222441.55,4218.006371,N,07105.992128,W,0,10.0,1.0,30.6,0.0,0.0,222441.55*6F
2021-07-28 23:24:42,738 [INFO] Interpreted as: {'position': (11.106141001568176, 11.523899137973785), 'latlon': (42.300106183333334, -71.0998688), 'heading': 30.6, 'depth': 1.0, 'altitude': 10.0, 'roll': 0.0, 'pitch': 0.0, 'last_fix_time': datetime.datetime(2021, 7, 28, 22, 24, 41), 'speed': None, 'rudder': 0, 'datum': (42.3, -71.1)}
2021-07-28 23:24:42,739 [INFO] Received from Frontseat: [b'$BFNVG,222440.45,4218.005972,N,07105.992430,W,0,10.0,1.0,30.8,0.0,0.0,222440.45*67', b'$BFNVG,222440.82,4218.006105,N,07105.992329,W,0,10.0,1.0,30.8,0.0,0.0,222440.82*63', b'$BFNVG,222441.18,4218.006236,N,07105.992230,W,0,10.0,1.0,30.7,0.0,0.0,222441.18*66', b'$BFNVG,222441.55,4218.006371,N,07105.992128,W,0,10.0,1.0,30.6,0.0,0.0,222441.55*6F']
2021-07-28 23:24:42,740 [INFO] AUV state: {'position': (11.106141001568176, 11.523899137973785), 'latlon': (42.300106183333334, -71.0998688), 'heading': 30.6, 'depth': 1.0, 'altitude': 10.0, 'roll': 0.0, 'pitch': 0.0, 'last_fix_time': datetime.datetime(2021, 7, 28, 22, 24, 41), 'speed': None, 'rudder': 0, 'datum': (42.3, -71.1)}
2021-07-28 23:24:43,038 [INFO] **** [(24.280621151138472, -7.861444750278925)] []
2021-07-28 23:24:43,040 [INFO] Next green buoy: [(24.280621151138472, -7.861444750278925)], next red buoy: []
2021-07-28 23:24:43,041 [INFO] Desired_heading: 54.88062115113847
2021-07-28 23:24:43,041 [INFO] delta angle: 25
2021-07-28 23:24:43,042 [INFO] sending message $BPRMB,222443.12,-25,1,0,750,0,1*57
...
2021-07-28 23:24:44,043 [INFO] sending message $BPSTS,222444.04,1,BWSI Autonomy OK*46
...
2021-07-28 23:24:44,045 [INFO] Processing: $BFNVG,222441.93,4218.006509,N,07105.992025,W,0,10.0,1.0,30.5,0.0,0.0,222441.93*69
2021-07-28 23:24:44,048 [INFO] Interpreted as: {'position': (11.253952746279538, 11.775803339667618), 'latlon': (42.30010848333333, -71.09986708333334), 'heading': 30.5, 'depth': 1.0, 'altitude': 10.0, 'roll': 0.0, 'pitch': 0.0, 'last_fix_time': datetime.datetime(2021, 7, 28, 22, 24, 41), 'speed': None, 'rudder': 0, 'datum': (42.3, -71.1)}
2021-07-28 23:24:44,050 [INFO] Processing: $BFNVG,222442.30,4218.006644,N,07105.991923,W,0,10.0,1.0,30.5,0.0,0.0,222442.30*6F
2021-07-28 23:24:44,052 [INFO] Interpreted as: {'position': (11.400253595900722, 12.022189358249307), 'latlon': (42.300110733333334, -71.09986538333334), 'heading': 30.5, 'depth': 1.0, 'altitude': 10.0, 'roll': 0.0, 'pitch': 0.0, 'last_fix_time': datetime.datetime(2021, 7, 28, 22, 24, 42), 'speed': None, 'rudder': 0, 'datum': (42.3, -71.1)}
2021-07-28 23:24:44,054 [INFO] Processing: $BFNVG,222442.67,4218.006777,N,07105.991824,W,0,10.0,1.0,30.4,0.0,0.0,222442.67*69
2021-07-28 23:24:44,056 [INFO] Interpreted as: {'position': (11.542341467400547, 12.264975691214204), 'latlon': (42.30011295, -71.09986373333334), 'heading': 30.4, 'depth': 1.0, 'altitude': 10.0, 'roll': 0.0, 'pitch': 0.0, 'last_fix_time': datetime.datetime(2021, 7, 28, 22, 24, 42), 'speed': None, 'rudder': 0, 'datum': (42.3, -71.1)}
2021-07-28 23:24:44,058 [INFO] Processing: $BFNVG,222443.04,4218.006914,N,07105.991721,W,0,10.0,1.0,30.4,0.0,0.0,222443.04*68
2021-07-28 23:24:44,060 [INFO] Interpreted as: {'position': (11.690107515547425, 12.515029205009341), 'latlon': (42.30011523333334, -71.09986201666666), 'heading': 30.4, 'depth': 1.0, 'altitude': 10.0, 'roll': 0.0, 'pitch': 0.0, 'last_fix_time': datetime.datetime(2021, 7, 28, 22, 24, 43), 'speed': None, 'rudder': 0, 'datum': (42.3, -71.1)}
2021-07-28 23:24:44,061 [INFO] Received from Frontseat: [b'$BFNVG,222441.93,4218.006509,N,07105.992025,W,0,10.0,1.0,30.5,0.0,0.0,222441.93*69', b'$BFNVG,222442.30,4218.006644,N,07105.991923,W,0,10.0,1.0,30.5,0.0,0.0,222442.30*6F', b'$BFNVG,222442.67,4218.006777,N,07105.991824,W,0,10.0,1.0,30.4,0.0,0.0,222442.67*69', b'$BFNVG,222443.04,4218.006914,N,07105.991721,W,0,10.0,1.0,30.4,0.0,0.0,222443.04*68']
2021-07-28 23:24:44,062 [INFO] AUV state: {'position': (11.690107515547425, 12.515029205009341), 'latlon': (42.30011523333334, -71.09986201666666), 'heading': 30.4, 'depth': 1.0, 'altitude': 10.0, 'roll': 0.0, 'pitch': 0.0, 'last_fix_time': datetime.datetime(2021, 7, 28, 22, 24, 43), 'speed': None, 'rudder': 0, 'datum': (42.3, -71.1)}
2021-07-28 23:24:44,354 [INFO] **** [] []
2021-07-28 23:24:44,356 [INFO] Next green buoy: [], next red buoy: []
2021-07-28 23:24:44,357 [INFO] Desired_heading: 30.4
2021-07-28 23:24:44,357 [INFO] delta angle: 0.0
2021-07-28 23:24:44,358 [INFO] sending message $BPRMB,222444.95,-0.0,1,0,750,0,1*76
...
2021-07-28 23:24:45,360 [INFO] sending message $BPSTS,222445.36,1,BWSI Autonomy OK*46
...
2021-07-28 23:24:45,362 [INFO] Processing: $BFNVG,222443.41,4218.007048,N,07105.991618,W,0,10.0,1.0,32.1,0.0,0.0,222443.41*65
2021-07-28 23:24:45,364 [INFO] Interpreted as: {'position': (11.837736541987397, 12.759530629962683), 'latlon': (42.30011746666667, -71.0998603), 'heading': 32.1, 'depth': 1.0, 'altitude': 10.0, 'roll': 0.0, 'pitch': 0.0, 'last_fix_time': datetime.datetime(2021, 7, 28, 22, 24, 43), 'speed': None, 'rudder': 0, 'datum': (42.3, -71.1)}
2021-07-28 23:24:45,366 [INFO] Processing: $BFNVG,222443.77,4218.007176,N,07105.991512,W,0,10.0,1.0,33.8,0.0,0.0,222443.77*68
2021-07-28 23:24:45,368 [INFO] Interpreted as: {'position': (11.989213179796934, 12.992826167494059), 'latlon': (42.3001196, -71.09985853333333), 'heading': 33.8, 'depth': 1.0, 'altitude': 10.0, 'roll': 0.0, 'pitch': 0.0, 'last_fix_time': datetime.datetime(2021, 7, 28, 22, 24, 43), 'speed': None, 'rudder': 0, 'datum': (42.3, -71.1)}
2021-07-28 23:24:45,369 [INFO] Processing: $BFNVG,222444.15,4218.007307,N,07105.991396,W,0,10.0,1.0,35.6,0.0,0.0,222444.15*6E
2021-07-28 23:24:45,372 [INFO] Interpreted as: {'position': (12.154565586533863, 13.231334771029651), 'latlon': (42.30012178333333, -71.0998566), 'heading': 35.6, 'depth': 1.0, 'altitude': 10.0, 'roll': 0.0, 'pitch': 0.0, 'last_fix_time': datetime.datetime(2021, 7, 28, 22, 24, 44), 'speed': None, 'rudder': 0, 'datum': (42.3, -71.1)}
2021-07-28 23:24:45,374 [INFO] Received from Frontseat: [b'$BFNVG,222443.41,4218.007048,N,07105.991618,W,0,10.0,1.0,32.1,0.0,0.0,222443.41*65', b'$BFNVG,222443.77,4218.007176,N,07105.991512,W,0,10.0,1.0,33.8,0.0,0.0,222443.77*68', b'$BFNVG,222444.15,4218.007307,N,07105.991396,W,0,10.0,1.0,35.6,0.0,0.0,222444.15*6E']
2021-07-28 23:24:45,375 [INFO] AUV state: {'position': (12.154565586533863, 13.231334771029651), 'latlon': (42.30012178333333, -71.0998566), 'heading': 35.6, 'depth': 1.0, 'altitude': 10.0, 'roll': 0.0, 'pitch': 0.0, 'last_fix_time': datetime.datetime(2021, 7, 28, 22, 24, 44), 'speed': None, 'rudder': 0, 'datum': (42.3, -71.1)}
2021-07-28 23:24:45,668 [INFO] **** [] []
2021-07-28 23:24:45,670 [INFO] Next green buoy: [], next red buoy: []
2021-07-28 23:24:45,671 [INFO] Desired_heading: 35.6
2021-07-28 23:24:45,672 [INFO] delta angle: 0.0
2021-07-28 23:24:45,672 [INFO] sending message $BPRMB,222445.76,-0.0,1,0,750,0,1*7a
...
2021-07-28 23:24:46,674 [INFO] sending message $BPSTS,222446.67,1,BWSI Autonomy OK*41
...
2021-07-28 23:24:46,676 [INFO] Processing: $BFNVG,222444.51,4218.007430,N,07105.991280,W,0,10.0,1.0,37.3,0.0,0.0,222444.51*6C
2021-07-28 23:24:46,681 [INFO] Interpreted as: {'position': (12.319552628265228, 13.455037801526487), 'latlon': (42.30012383333333, -71.09985466666667), 'heading': 37.3, 'depth': 1.0, 'altitude': 10.0, 'roll': 0.0, 'pitch': 0.0, 'last_fix_time': datetime.datetime(2021, 7, 28, 22, 24, 44), 'speed': None, 'rudder': 0, 'datum': (42.3, -71.1)}
2021-07-28 23:24:46,682 [INFO] Processing: $BFNVG,222444.87,4218.007551,N,07105.991162,W,0,10.0,1.0,37.3,0.0,0.0,222444.87*65
2021-07-28 23:24:46,685 [INFO] Interpreted as: {'position': (12.487196078000125, 13.674971636384726), 'latlon': (42.30012585, -71.0998527), 'heading': 37.3, 'depth': 1.0, 'altitude': 10.0, 'roll': 0.0, 'pitch': 0.0, 'last_fix_time': datetime.datetime(2021, 7, 28, 22, 24, 44), 'speed': None, 'rudder': 0, 'datum': (42.3, -71.1)}
2021-07-28 23:24:46,686 [INFO] Processing: $BFNVG,222445.23,4218.007673,N,07105.991043,W,0,10.0,1.0,37.3,0.0,0.0,222445.23*64
2021-07-28 23:24:46,688 [INFO] Interpreted as: {'position': (12.65625906351488, 13.896722269244492), 'latlon': (42.30012788333333, -71.09985071666667), 'heading': 37.3, 'depth': 1.0, 'altitude': 10.0, 'roll': 0.0, 'pitch': 0.0, 'last_fix_time': datetime.datetime(2021, 7, 28, 22, 24, 45), 'speed': None, 'rudder': 0, 'datum': (42.3, -71.1)}
2021-07-28 23:24:46,689 [INFO] Processing: $BFNVG,222445.59,4218.007795,N,07105.990925,W,0,10.0,1.0,37.3,0.0,0.0,222445.59*65
2021-07-28 23:24:46,691 [INFO] Interpreted as: {'position': (12.823948159697466, 14.118506809696555), 'latlon': (42.30012991666667, -71.09984875), 'heading': 37.3, 'depth': 1.0, 'altitude': 10.0, 'roll': 0.0, 'pitch': 0.0, 'last_fix_time': datetime.datetime(2021, 7, 28, 22, 24, 45), 'speed': None, 'rudder': 0, 'datum': (42.3, -71.1)}
2021-07-28 23:24:46,692 [INFO] Received from Frontseat: [b'$BFNVG,222444.51,4218.007430,N,07105.991280,W,0,10.0,1.0,37.3,0.0,0.0,222444.51*6C', b'$BFNVG,222444.87,4218.007551,N,07105.991162,W,0,10.0,1.0,37.3,0.0,0.0,222444.87*65', b'$BFNVG,222445.23,4218.007673,N,07105.991043,W,0,10.0,1.0,37.3,0.0,0.0,222445.23*64', b'$BFNVG,222445.59,4218.007795,N,07105.990925,W,0,10.0,1.0,37.3,0.0,0.0,222445.59*65']
2021-07-28 23:24:46,693 [INFO] AUV state: {'position': (12.823948159697466, 14.118506809696555), 'latlon': (42.30012991666667, -71.09984875), 'heading': 37.3, 'depth': 1.0, 'altitude': 10.0, 'roll': 0.0, 'pitch': 0.0, 'last_fix_time': datetime.datetime(2021, 7, 28, 22, 24, 45), 'speed': None, 'rudder': 0, 'datum': (42.3, -71.1)}
2021-07-28 23:24:46,985 [INFO] **** [] []
2021-07-28 23:24:46,987 [INFO] Next green buoy: [], next red buoy: []
2021-07-28 23:24:46,988 [INFO] Desired_heading: 37.3
2021-07-28 23:24:46,988 [INFO] delta angle: 0.0
2021-07-28 23:24:46,989 [INFO] sending message $BPRMB,222447.58,-0.0,1,0,750,0,1*74
...
2021-07-28 23:24:47,991 [INFO] sending message $BPSTS,222447.99,1,BWSI Autonomy OK*41
...
2021-07-28 23:24:47,993 [INFO] Processing: $BFNVG,222445.95,4218.007916,N,07105.990807,W,0,10.0,1.0,37.3,0.0,0.0,222445.95*61
2021-07-28 23:24:47,995 [INFO] Interpreted as: {'position': (12.991591578815132, 14.33844065386802), 'latlon': (42.30013193333333, -71.09984678333333), 'heading': 37.3, 'depth': 1.0, 'altitude': 10.0, 'roll': 0.0, 'pitch': 0.0, 'last_fix_time': datetime.datetime(2021, 7, 28, 22, 24, 45), 'speed': None, 'rudder': 0, 'datum': (42.3, -71.1)}
2021-07-28 23:24:47,996 [INFO] Processing: $BFNVG,222446.31,4218.008038,N,07105.990688,W,0,10.0,1.0,37.3,0.0,0.0,222446.31*62
2021-07-28 23:24:47,998 [INFO] Interpreted as: {'position': (13.160654533479828, 14.560191299766302), 'latlon': (42.300133966666664, -71.0998448), 'heading': 37.3, 'depth': 1.0, 'altitude': 10.0, 'roll': 0.0, 'pitch': 0.0, 'last_fix_time': datetime.datetime(2021, 7, 28, 22, 24, 46), 'speed': None, 'rudder': 0, 'datum': (42.3, -71.1)}
2021-07-28 23:24:47,999 [INFO] Processing: $BFNVG,222446.67,4218.008159,N,07105.990570,W,0,10.0,1.0,37.3,0.0,0.0,222446.67*60
2021-07-28 23:24:48,001 [INFO] Interpreted as: {'position': (13.328297932166606, 14.78012515231967), 'latlon': (42.300135983333334, -71.09984283333333), 'heading': 37.3, 'depth': 1.0, 'altitude': 10.0, 'roll': 0.0, 'pitch': 0.0, 'last_fix_time': datetime.datetime(2021, 7, 28, 22, 24, 46), 'speed': None, 'rudder': 0, 'datum': (42.3, -71.1)}
2021-07-28 23:24:48,003 [INFO] Received from Frontseat: [b'$BFNVG,222445.95,4218.007916,N,07105.990807,W,0,10.0,1.0,37.3,0.0,0.0,222445.95*61', b'$BFNVG,222446.31,4218.008038,N,07105.990688,W,0,10.0,1.0,37.3,0.0,0.0,222446.31*62', b'$BFNVG,222446.67,4218.008159,N,07105.990570,W,0,10.0,1.0,37.3,0.0,0.0,222446.67*60']
2021-07-28 23:24:48,004 [INFO] AUV state: {'position': (13.328297932166606, 14.78012515231967), 'latlon': (42.300135983333334, -71.09984283333333), 'heading': 37.3, 'depth': 1.0, 'altitude': 10.0, 'roll': 0.0, 'pitch': 0.0, 'last_fix_time': datetime.datetime(2021, 7, 28, 22, 24, 46), 'speed': None, 'rudder': 0, 'datum': (42.3, -71.1)}
2021-07-28 23:24:48,297 [INFO] **** [] []
2021-07-28 23:24:48,299 [INFO] Next green buoy: [], next red buoy: []
2021-07-28 23:24:48,300 [INFO] Desired_heading: 37.3
2021-07-28 23:24:48,300 [INFO] delta angle: 0.0
2021-07-28 23:24:48,301 [INFO] sending message $BPRMB,222448.39,-0.0,1,0,750,0,1*7c
...
2021-07-28 23:24:49,303 [INFO] sending message $BPSTS,222449.30,1,BWSI Autonomy OK*4c
...
2021-07-28 23:24:49,304 [INFO] Processing: $BFNVG,222447.03,4218.008282,N,07105.990450,W,0,10.0,1.0,37.3,0.0,0.0,222447.03*66
2021-07-28 23:24:49,306 [INFO] Interpreted as: {'position': (13.498780409689061, 15.003692599013448), 'latlon': (42.30013803333333, -71.09984083333333), 'heading': 37.3, 'depth': 1.0, 'altitude': 10.0, 'roll': 0.0, 'pitch': 0.0, 'last_fix_time': datetime.datetime(2021, 7, 28, 22, 24, 47), 'speed': None, 'rudder': 0, 'datum': (42.3, -71.1)}
2021-07-28 23:24:49,308 [INFO] Processing: $BFNVG,222447.39,4218.008404,N,07105.990331,W,0,10.0,1.0,37.3,0.0,0.0,222447.39*6E
2021-07-28 23:24:49,310 [INFO] Interpreted as: {'position': (13.667843333329074, 15.225443256087601), 'latlon': (42.300140066666664, -71.09983885), 'heading': 37.3, 'depth': 1.0, 'altitude': 10.0, 'roll': 0.0, 'pitch': 0.0, 'last_fix_time': datetime.datetime(2021, 7, 28, 22, 24, 47), 'speed': None, 'rudder': 0, 'datum': (42.3, -71.1)}
2021-07-28 23:24:49,311 [INFO] Processing: $BFNVG,222447.75,4218.008525,N,07105.990213,W,0,10.0,1.0,37.3,0.0,0.0,222447.75*6D
2021-07-28 23:24:49,313 [INFO] Interpreted as: {'position': (13.835486699244939, 15.445377121679485), 'latlon': (42.300142083333334, -71.09983688333334), 'heading': 37.3, 'depth': 1.0, 'altitude': 10.0, 'roll': 0.0, 'pitch': 0.0, 'last_fix_time': datetime.datetime(2021, 7, 28, 22, 24, 47), 'speed': None, 'rudder': 0, 'datum': (42.3, -71.1)}
2021-07-28 23:24:49,313 [INFO] Processing: $BFNVG,222448.11,4218.008647,N,07105.990095,W,0,10.0,1.0,37.3,0.0,0.0,222448.11*66
2021-07-28 23:24:49,315 [INFO] Interpreted as: {'position': (14.00317572557833, 15.667161687277257), 'latlon': (42.300144116666665, -71.09983491666667), 'heading': 37.3, 'depth': 1.0, 'altitude': 10.0, 'roll': 0.0, 'pitch': 0.0, 'last_fix_time': datetime.datetime(2021, 7, 28, 22, 24, 48), 'speed': None, 'rudder': 0, 'datum': (42.3, -71.1)}
2021-07-28 23:24:49,316 [INFO] Received from Frontseat: [b'$BFNVG,222447.03,4218.008282,N,07105.990450,W,0,10.0,1.0,37.3,0.0,0.0,222447.03*66', b'$BFNVG,222447.39,4218.008404,N,07105.990331,W,0,10.0,1.0,37.3,0.0,0.0,222447.39*6E', b'$BFNVG,222447.75,4218.008525,N,07105.990213,W,0,10.0,1.0,37.3,0.0,0.0,222447.75*6D', b'$BFNVG,222448.11,4218.008647,N,07105.990095,W,0,10.0,1.0,37.3,0.0,0.0,222448.11*66']
2021-07-28 23:24:49,317 [INFO] AUV state: {'position': (14.00317572557833, 15.667161687277257), 'latlon': (42.300144116666665, -71.09983491666667), 'heading': 37.3, 'depth': 1.0, 'altitude': 10.0, 'roll': 0.0, 'pitch': 0.0, 'last_fix_time': datetime.datetime(2021, 7, 28, 22, 24, 48), 'speed': None, 'rudder': 0, 'datum': (42.3, -71.1)}
2021-07-28 23:24:49,610 [INFO] **** [] []
2021-07-28 23:24:49,613 [INFO] Next green buoy: [], next red buoy: []
2021-07-28 23:24:49,613 [INFO] Desired_heading: 37.3
2021-07-28 23:24:49,613 [INFO] delta angle: 0.0
2021-07-28 23:24:49,614 [INFO] sending message $BPRMB,222450.21,-0.0,1,0,750,0,1*7c
...
