2021-07-29 14:31:31,889 [INFO] host = 192.168.1.213, port = 29500
2021-07-29 14:31:36,063 [INFO] sending message $BPLOG,ACK,ON*1e
...
2021-07-29 14:31:36,065 [INFO] sending message $BPLOG,ALL,ON*16
...
2021-07-29 14:31:36,066 [INFO] sending message $BPSTS,133136.06,1,BWSI Autonomy OK*47
...
2021-07-29 14:31:36,067 [INFO] Received from Frontseat: []
2021-07-29 14:31:36,068 [INFO] AUV state: {'position': (None, None), 'latlon': None, 'heading': None, 'depth': None, 'altitude': None, 'roll': None, 'pitch': None, 'last_fix_time': None, 'speed': None, 'rudder': 0}
2021-07-29 14:31:36,570 [INFO] sending message $BPSTS,133136.57,1,BWSI Autonomy OK*43
...
2021-07-29 14:31:36,571 [INFO] Processing: $BFNVG,133135.74,4218.000000,N,07106.000000,W,0,10.0,1.0,45.0,0.0,0.0,133135.74*62
2021-07-29 14:31:36,574 [INFO] Interpreted as: {'position': (0, 0), 'latlon': (42.3, -71.1), 'heading': 45.0, 'depth': 1.0, 'altitude': 10.0, 'roll': 0.0, 'pitch': 0.0, 'last_fix_time': datetime.datetime(2021, 7, 29, 13, 31, 35), 'speed': None, 'rudder': 0, 'datum': (42.3, -71.1)}
2021-07-29 14:31:36,575 [INFO] Processing: $BFNVG,133135.99,4218.000000,N,07106.000000,W,0,10.0,1.0,45.0,0.0,0.0,133135.99*62
2021-07-29 14:31:36,577 [INFO] Interpreted as: {'position': (0.0, 0.0), 'latlon': (42.3, -71.1), 'heading': 45.0, 'depth': 1.0, 'altitude': 10.0, 'roll': 0.0, 'pitch': 0.0, 'last_fix_time': datetime.datetime(2021, 7, 29, 13, 31, 35), 'speed': None, 'rudder': 0, 'datum': (42.3, -71.1)}
2021-07-29 14:31:36,578 [INFO] Processing: $BFNVG,133136.24,4218.000000,N,07106.000000,W,0,10.0,1.0,45.0,0.0,0.0,133136.24*62
2021-07-29 14:31:36,580 [INFO] Interpreted as: {'position': (0.0, 0.0), 'latlon': (42.3, -71.1), 'heading': 45.0, 'depth': 1.0, 'altitude': 10.0, 'roll': 0.0, 'pitch': 0.0, 'last_fix_time': datetime.datetime(2021, 7, 29, 13, 31, 36), 'speed': None, 'rudder': 0, 'datum': (42.3, -71.1)}
2021-07-29 14:31:36,581 [INFO] Received from Frontseat: [b'$BFNVG,133135.74,4218.000000,N,07106.000000,W,0,10.0,1.0,45.0,0.0,0.0,133135.74*62', b'$BFNVG,133135.99,4218.000000,N,07106.000000,W,0,10.0,1.0,45.0,0.0,0.0,133135.99*62', b'$BFNVG,133136.24,4218.000000,N,07106.000000,W,0,10.0,1.0,45.0,0.0,0.0,133136.24*62']
2021-07-29 14:31:36,582 [INFO] AUV state: {'position': (0.0, 0.0), 'latlon': (42.3, -71.1), 'heading': 45.0, 'depth': 1.0, 'altitude': 10.0, 'roll': 0.0, 'pitch': 0.0, 'last_fix_time': datetime.datetime(2021, 7, 29, 13, 31, 36), 'speed': None, 'rudder': 0, 'datum': (42.3, -71.1)}
2021-07-29 14:31:36,965 [INFO] Next green buoy (centers, angles): (array([[array([317.97058824, 168.64705882]), 112]], dtype=object), [(-0.21993023293121178, -7.6862156757158235)]), next red buoy (centers, angles): (array([[array([466., 172.]), 180]], dtype=object), [(15.437560812208067, -7.329055330858309)])
2021-07-29 14:31:36,966 [INFO] Desired_heading: 52.60881528963843
2021-07-29 14:31:36,966 [INFO] delta angle: 15.217630579276857
2021-07-29 14:31:36,967 [INFO] sending message $BPRMB,133137.52,-15.217630579276857,1,0,1000,0,1*7b
...
2021-07-29 14:31:37,468 [INFO] sending message $BPSTS,133137.46,1,BWSI Autonomy OK*42
...
2021-07-29 14:31:37,469 [INFO] Processing: $BFNVG,133136.65,4218.000000,N,07106.000000,W,0,10.0,1.0,45.0,0.0,0.0,133136.65*62
2021-07-29 14:31:37,470 [INFO] Interpreted as: {'position': (0.0, 0.0), 'latlon': (42.3, -71.1), 'heading': 45.0, 'depth': 1.0, 'altitude': 10.0, 'roll': 0.0, 'pitch': 0.0, 'last_fix_time': datetime.datetime(2021, 7, 29, 13, 31, 36), 'speed': None, 'rudder': 0, 'datum': (42.3, -71.1)}
2021-07-29 14:31:37,471 [INFO] Processing: $BFNVG,133136.99,4218.000000,N,07106.000000,W,0,10.0,1.0,45.0,0.0,0.0,133136.99*62
2021-07-29 14:31:37,472 [INFO] Interpreted as: {'position': (0.0, 0.0), 'latlon': (42.3, -71.1), 'heading': 45.0, 'depth': 1.0, 'altitude': 10.0, 'roll': 0.0, 'pitch': 0.0, 'last_fix_time': datetime.datetime(2021, 7, 29, 13, 31, 36), 'speed': None, 'rudder': 0, 'datum': (42.3, -71.1)}
2021-07-29 14:31:37,472 [INFO] Received from Frontseat: [b'$BFNVG,133136.65,4218.000000,N,07106.000000,W,0,10.0,1.0,45.0,0.0,0.0,133136.65*62', b'$BFNVG,133136.99,4218.000000,N,07106.000000,W,0,10.0,1.0,45.0,0.0,0.0,133136.99*62']
2021-07-29 14:31:37,473 [INFO] AUV state: {'position': (0.0, 0.0), 'latlon': (42.3, -71.1), 'heading': 45.0, 'depth': 1.0, 'altitude': 10.0, 'roll': 0.0, 'pitch': 0.0, 'last_fix_time': datetime.datetime(2021, 7, 29, 13, 31, 36), 'speed': None, 'rudder': 0, 'datum': (42.3, -71.1)}
2021-07-29 14:31:37,838 [INFO] Next green buoy (centers, angles): (array([[array([317.96666667, 168.43333333]), 84]], dtype=object), [(-0.22035521470194389, -7.708961974233651)]), next red buoy (centers, angles): (array([[array([466.        , 171.95454545]), 180]], dtype=object), [(15.437560812208067, -7.333901112744751)])
2021-07-29 14:31:37,839 [INFO] Desired_heading: 52.60860279875306
2021-07-29 14:31:37,839 [INFO] delta angle: 15.217205597506123
2021-07-29 14:31:37,839 [INFO] sending message $BPRMB,133137.36,-15.217205597506123,1,0,1000,0,1*71
...
2021-07-29 14:31:38,341 [INFO] sending message $BPSTS,133138.34,1,BWSI Autonomy OK*48
...
2021-07-29 14:31:38,341 [INFO] Processing: $BFNVG,133137.33,4218.000137,N,07105.999820,W,0,10.0,1.0,46.3,0.0,0.0,133137.33*67
2021-07-29 14:31:38,343 [INFO] Interpreted as: {'position': (0.25355543673504144, 0.2474426031112671), 'latlon': (42.300002283333335, -71.099997), 'heading': 46.3, 'depth': 1.0, 'altitude': 10.0, 'roll': 0.0, 'pitch': 0.0, 'last_fix_time': datetime.datetime(2021, 7, 29, 13, 31, 37), 'speed': None, 'rudder': 0, 'datum': (42.3, -71.1)}
2021-07-29 14:31:38,343 [INFO] Processing: $BFNVG,133137.67,4218.000270,N,07105.999637,W,0,10.0,1.0,47.6,0.0,0.0,133137.67*6B
2021-07-29 14:31:38,345 [INFO] Interpreted as: {'position': (0.5110498090507463, 0.4873807094991207), 'latlon': (42.3000045, -71.09999395), 'heading': 47.6, 'depth': 1.0, 'altitude': 10.0, 'roll': 0.0, 'pitch': 0.0, 'last_fix_time': datetime.datetime(2021, 7, 29, 13, 31, 37), 'speed': None, 'rudder': 0, 'datum': (42.3, -71.1)}
2021-07-29 14:31:38,345 [INFO] Received from Frontseat: [b'$BFNVG,133137.33,4218.000137,N,07105.999820,W,0,10.0,1.0,46.3,0.0,0.0,133137.33*67', b'$BFNVG,133137.67,4218.000270,N,07105.999637,W,0,10.0,1.0,47.6,0.0,0.0,133137.67*6B']
2021-07-29 14:31:38,346 [INFO] AUV state: {'position': (0.5110498090507463, 0.4873807094991207), 'latlon': (42.3000045, -71.09999395), 'heading': 47.6, 'depth': 1.0, 'altitude': 10.0, 'roll': 0.0, 'pitch': 0.0, 'last_fix_time': datetime.datetime(2021, 7, 29, 13, 31, 37), 'speed': None, 'rudder': 0, 'datum': (42.3, -71.1)}
2021-07-29 14:31:38,680 [INFO] Next green buoy (centers, angles): (array([[array([289.75757576, 161.15151515]), 120]], dtype=object), [(-3.2738628775819443, -8.48244385104216)]), next red buoy (centers, angles): (array([[array([452.04, 164.44]), 231]], dtype=object), [(14.022583907909596, -8.133506146902702)])
2021-07-29 14:31:38,680 [INFO] Desired_heading: 52.97436051516382
2021-07-29 14:31:38,681 [INFO] delta angle: 10.748721030327644
2021-07-29 14:31:38,681 [INFO] sending message $BPRMB,133140.29,-10.748721030327644,1,0,1000,0,1*7d
...
2021-07-29 14:31:39,182 [INFO] sending message $BPSTS,133139.18,1,BWSI Autonomy OK*47
...
2021-07-29 14:31:39,183 [INFO] Processing: $BFNVG,133138.02,4218.000401,N,07105.999450,W,0,10.0,1.0,48.9,0.0,0.0,133138.02*68
2021-07-29 14:31:39,184 [INFO] Interpreted as: {'position': (0.773948336718604, 0.7234818106517196), 'latlon': (42.300006683333336, -71.09999083333334), 'heading': 48.9, 'depth': 1.0, 'altitude': 10.0, 'roll': 0.0, 'pitch': 0.0, 'last_fix_time': datetime.datetime(2021, 7, 29, 13, 31, 38), 'speed': None, 'rudder': 0, 'datum': (42.3, -71.1)}
2021-07-29 14:31:39,185 [INFO] Processing: $BFNVG,133138.36,4218.000529,N,07105.999256,W,0,10.0,1.0,50.2,0.0,0.0,133138.36*61
2021-07-29 14:31:39,186 [INFO] Interpreted as: {'position': (1.0463269907049835, 0.9537934958934784), 'latlon': (42.30000881666667, -71.0999876), 'heading': 50.2, 'depth': 1.0, 'altitude': 10.0, 'roll': 0.0, 'pitch': 0.0, 'last_fix_time': datetime.datetime(2021, 7, 29, 13, 31, 38), 'speed': None, 'rudder': 0, 'datum': (42.3, -71.1)}
2021-07-29 14:31:39,187 [INFO] Received from Frontseat: [b'$BFNVG,133138.02,4218.000401,N,07105.999450,W,0,10.0,1.0,48.9,0.0,0.0,133138.02*68', b'$BFNVG,133138.36,4218.000529,N,07105.999256,W,0,10.0,1.0,50.2,0.0,0.0,133138.36*61']
2021-07-29 14:31:39,187 [INFO] AUV state: {'position': (1.0463269907049835, 0.9537934958934784), 'latlon': (42.30000881666667, -71.0999876), 'heading': 50.2, 'depth': 1.0, 'altitude': 10.0, 'roll': 0.0, 'pitch': 0.0, 'last_fix_time': datetime.datetime(2021, 7, 29, 13, 31, 38), 'speed': None, 'rudder': 0, 'datum': (42.3, -71.1)}
2021-07-29 14:31:39,557 [INFO] Next green buoy (centers, angles): (array([[array([258.65853659, 153.90243902]), 144]], dtype=object), [(-6.6181031900475125, -9.249367239336399)]), next red buoy (centers, angles): (array([[array([437.2       , 156.36363636]), 264]], dtype=object), [(12.499069901375002, -8.989342979005237)])
2021-07-29 14:31:39,558 [INFO] Desired_heading: 53.14048335566375
2021-07-29 14:31:39,558 [INFO] delta angle: 5.880966711327488
2021-07-29 14:31:39,559 [INFO] sending message $BPRMB,133136.95,-5.880966711327488,1,0,1000,0,1*4f
...
2021-07-29 14:31:40,060 [INFO] sending message $BPSTS,133140.06,1,BWSI Autonomy OK*46
...
2021-07-29 14:31:40,061 [INFO] Processing: $BFNVG,133138.71,4218.000654,N,07105.999060,W,0,10.0,1.0,51.6,0.0,0.0,133138.71*6A
2021-07-29 14:31:40,062 [INFO] Interpreted as: {'position': (1.3213163707405329, 1.1784852892160416), 'latlon': (42.3000109, -71.09998433333334), 'heading': 51.6, 'depth': 1.0, 'altitude': 10.0, 'roll': 0.0, 'pitch': 0.0, 'last_fix_time': datetime.datetime(2021, 7, 29, 13, 31, 38), 'speed': None, 'rudder': 0, 'datum': (42.3, -71.1)}
2021-07-29 14:31:40,063 [INFO] Processing: $BFNVG,133139.05,4218.000774,N,07105.998863,W,0,10.0,1.0,52.5,0.0,0.0,133139.05*63
2021-07-29 14:31:40,064 [INFO] Interpreted as: {'position': (1.597451254259795, 1.3938897047191858), 'latlon': (42.3000129, -71.09998105), 'heading': 52.5, 'depth': 1.0, 'altitude': 10.0, 'roll': 0.0, 'pitch': 0.0, 'last_fix_time': datetime.datetime(2021, 7, 29, 13, 31, 39), 'speed': None, 'rudder': 0, 'datum': (42.3, -71.1)}
2021-07-29 14:31:40,065 [INFO] Processing: $BFNVG,133139.39,4218.000892,N,07105.998663,W,0,10.0,1.0,53.4,0.0,0.0,133139.39*6A
2021-07-29 14:31:40,066 [INFO] Interpreted as: {'position': (1.8776164160226472, 1.605491022579372), 'latlon': (42.300014866666665, -71.09997771666667), 'heading': 53.4, 'depth': 1.0, 'altitude': 10.0, 'roll': 0.0, 'pitch': 0.0, 'last_fix_time': datetime.datetime(2021, 7, 29, 13, 31, 39), 'speed': None, 'rudder': 0, 'datum': (42.3, -71.1)}
2021-07-29 14:31:40,067 [INFO] Received from Frontseat: [b'$BFNVG,133138.71,4218.000654,N,07105.999060,W,0,10.0,1.0,51.6,0.0,0.0,133138.71*6A', b'$BFNVG,133139.05,4218.000774,N,07105.998863,W,0,10.0,1.0,52.5,0.0,0.0,133139.05*63', b'$BFNVG,133139.39,4218.000892,N,07105.998663,W,0,10.0,1.0,53.4,0.0,0.0,133139.39*6A']
2021-07-29 14:31:40,067 [INFO] AUV state: {'position': (1.8776164160226472, 1.605491022579372), 'latlon': (42.300014866666665, -71.09997771666667), 'heading': 53.4, 'depth': 1.0, 'altitude': 10.0, 'roll': 0.0, 'pitch': 0.0, 'last_fix_time': datetime.datetime(2021, 7, 29, 13, 31, 39), 'speed': None, 'rudder': 0, 'datum': (42.3, -71.1)}
2021-07-29 14:31:40,406 [INFO] Next green buoy (centers, angles): (array([[array([209.01851852, 136.42592593]), 240]], dtype=object), [(-11.85514923454651, -11.084148734507576)]), next red buoy (centers, angles): (array([[array([422.20895522, 141.89552239]), 336]], dtype=object), [(10.941606917655209, -10.512208748235128)])
2021-07-29 14:31:40,406 [INFO] Desired_heading: 52.94322884155435
2021-07-29 14:31:40,407 [INFO] delta angle: -0.9135423168912666
2021-07-29 14:31:40,407 [INFO] sending message $BPRMB,133146.27,0.9135423168912666,1,0,1000,0,1*5d
...
2021-07-29 14:31:40,908 [INFO] sending message $BPSTS,133140.90,1,BWSI Autonomy OK*49
...
2021-07-29 14:31:40,909 [INFO] Processing: $BFNVG,133139.73,4218.001007,N,07105.998461,W,0,10.0,1.0,54.3,0.0,0.0,133139.73*6F
2021-07-29 14:31:40,910 [INFO] Interpreted as: {'position': (2.1603923029033467, 1.811472449451685), 'latlon': (42.300016783333334, -71.09997435), 'heading': 54.3, 'depth': 1.0, 'altitude': 10.0, 'roll': 0.0, 'pitch': 0.0, 'last_fix_time': datetime.datetime(2021, 7, 29, 13, 31, 39), 'speed': None, 'rudder': 0, 'datum': (42.3, -71.1)}
2021-07-29 14:31:40,911 [INFO] Processing: $BFNVG,133140.07,4218.001121,N,07105.998256,W,0,10.0,1.0,54.8,0.0,0.0,133140.07*63
2021-07-29 14:31:40,912 [INFO] Interpreted as: {'position': (2.4472441419493407, 2.0155014768242836), 'latlon': (42.300018683333334, -71.09997093333334), 'heading': 54.8, 'depth': 1.0, 'altitude': 10.0, 'roll': 0.0, 'pitch': 0.0, 'last_fix_time': datetime.datetime(2021, 7, 29, 13, 31, 40), 'speed': None, 'rudder': 0, 'datum': (42.3, -71.1)}
2021-07-29 14:31:40,913 [INFO] Received from Frontseat: [b'$BFNVG,133139.73,4218.001007,N,07105.998461,W,0,10.0,1.0,54.3,0.0,0.0,133139.73*6F', b'$BFNVG,133140.07,4218.001121,N,07105.998256,W,0,10.0,1.0,54.8,0.0,0.0,133140.07*63']
2021-07-29 14:31:40,913 [INFO] AUV state: {'position': (2.4472441419493407, 2.0155014768242836), 'latlon': (42.300018683333334, -71.09997093333334), 'heading': 54.8, 'depth': 1.0, 'altitude': 10.0, 'roll': 0.0, 'pitch': 0.0, 'last_fix_time': datetime.datetime(2021, 7, 29, 13, 31, 40), 'speed': None, 'rudder': 0, 'datum': (42.3, -71.1)}
2021-07-29 14:31:41,301 [INFO] Next green buoy (centers, angles): (array([[array([178.4       , 121.81666667]), 312]], dtype=object), [(-14.993571783494634, -12.600604185632069)]), next red buoy (centers, angles): (array([[array([420.4625, 128.775 ]), 490]], dtype=object), [(10.759047152269389, -11.880423659439343)])
2021-07-29 14:31:41,301 [INFO] Desired_heading: 52.68273768438738
2021-07-29 14:31:41,302 [INFO] delta angle: -4.234524631225213
2021-07-29 14:31:41,302 [INFO] sending message $BPRMB,133130.17,4.234524631225213,1,0,1000,0,1*64
...
2021-07-29 14:31:41,803 [INFO] sending message $BPSTS,133141.80,1,BWSI Autonomy OK*49
...
2021-07-29 14:31:41,804 [INFO] Processing: $BFNVG,133140.41,4218.001233,N,07105.998051,W,0,10.0,1.0,55.3,0.0,0.0,133140.41*6C
2021-07-29 14:31:41,805 [INFO] Interpreted as: {'position': (2.734004621335771, 2.2158291218802333), 'latlon': (42.30002055, -71.09996751666667), 'heading': 55.3, 'depth': 1.0, 'altitude': 10.0, 'roll': 0.0, 'pitch': 0.0, 'last_fix_time': datetime.datetime(2021, 7, 29, 13, 31, 40), 'speed': None, 'rudder': 0, 'datum': (42.3, -71.1)}
2021-07-29 14:31:41,806 [INFO] Processing: $BFNVG,133140.76,4218.001346,N,07105.997841,W,0,10.0,1.0,55.8,0.0,0.0,133140.76*62
2021-07-29 14:31:41,807 [INFO] Interpreted as: {'position': (3.0276801541331224, 2.4178379522636533), 'latlon': (42.30002243333333, -71.09996401666666), 'heading': 55.8, 'depth': 1.0, 'altitude': 10.0, 'roll': 0.0, 'pitch': 0.0, 'last_fix_time': datetime.datetime(2021, 7, 29, 13, 31, 40), 'speed': None, 'rudder': 0, 'datum': (42.3, -71.1)}
2021-07-29 14:31:41,808 [INFO] Processing: $BFNVG,133141.10,4218.001457,N,07105.997633,W,0,10.0,1.0,55.7,0.0,0.0,133141.10*61
2021-07-29 14:31:41,809 [INFO] Interpreted as: {'position': (3.3185165646718815, 2.616213208064437), 'latlon': (42.300024283333336, -71.09996055), 'heading': 55.7, 'depth': 1.0, 'altitude': 10.0, 'roll': 0.0, 'pitch': 0.0, 'last_fix_time': datetime.datetime(2021, 7, 29, 13, 31, 41), 'speed': None, 'rudder': 0, 'datum': (42.3, -71.1)}
2021-07-29 14:31:41,810 [INFO] Received from Frontseat: [b'$BFNVG,133140.41,4218.001233,N,07105.998051,W,0,10.0,1.0,55.3,0.0,0.0,133140.41*6C', b'$BFNVG,133140.76,4218.001346,N,07105.997841,W,0,10.0,1.0,55.8,0.0,0.0,133140.76*62', b'$BFNVG,133141.10,4218.001457,N,07105.997633,W,0,10.0,1.0,55.7,0.0,0.0,133141.10*61']
2021-07-29 14:31:41,810 [INFO] AUV state: {'position': (3.3185165646718815, 2.616213208064437), 'latlon': (42.300024283333336, -71.09996055), 'heading': 55.7, 'depth': 1.0, 'altitude': 10.0, 'roll': 0.0, 'pitch': 0.0, 'last_fix_time': datetime.datetime(2021, 7, 29, 13, 31, 41), 'speed': None, 'rudder': 0, 'datum': (42.3, -71.1)}
2021-07-29 14:31:42,195 [INFO] Next green buoy (centers, angles): (array([[array([127.        ,  87.94871795]), 442]], dtype=object), [(-20.05457683996161, -16.045076415296315)]), next red buoy (centers, angles): (array([[array([435.39583333,  98.30208333]), 630],
       [array([195.55, 196.55]), 49]], dtype=object), [(12.312573084903837, -15.003472510179428), (-13.245759196214241, -4.69820287941994)])
2021-07-29 14:31:42,196 [INFO] Desired_heading: 51.82899812247112
2021-07-29 14:31:42,196 [INFO] delta angle: -7.7420037550577945
2021-07-29 14:31:42,197 [INFO] sending message $BPRMB,133205.05,7.7420037550577945,1,0,1000,0,1*5e
...
2021-07-29 14:31:42,698 [INFO] sending message $BPSTS,133142.69,1,BWSI Autonomy OK*4d
...
2021-07-29 14:31:42,699 [INFO] Processing: $BFNVG,133141.45,4218.001570,N,07105.997420,W,0,10.0,1.0,55.7,0.0,0.0,133141.45*65
2021-07-29 14:31:42,700 [INFO] Interpreted as: {'position': (3.616313699167222, 2.8181203501299024), 'latlon': (42.30002616666667, -71.099957), 'heading': 55.7, 'depth': 1.0, 'altitude': 10.0, 'roll': 0.0, 'pitch': 0.0, 'last_fix_time': datetime.datetime(2021, 7, 29, 13, 31, 41), 'speed': None, 'rudder': 0, 'datum': (42.3, -71.1)}
2021-07-29 14:31:42,701 [INFO] Processing: $BFNVG,133141.79,4218.001682,N,07105.997213,W,0,10.0,1.0,55.3,0.0,0.0,133141.79*69
2021-07-29 14:31:42,702 [INFO] Interpreted as: {'position': (3.905821870022919, 3.0183802312240005), 'latlon': (42.300028033333334, -71.09995355), 'heading': 55.3, 'depth': 1.0, 'altitude': 10.0, 'roll': 0.0, 'pitch': 0.0, 'last_fix_time': datetime.datetime(2021, 7, 29, 13, 31, 41), 'speed': None, 'rudder': 0, 'datum': (42.3, -71.1)}
2021-07-29 14:31:42,702 [INFO] Processing: $BFNVG,133142.13,4218.001794,N,07105.997008,W,0,10.0,1.0,54.9,0.0,0.0,133142.13*6C
2021-07-29 14:31:42,704 [INFO] Interpreted as: {'position': (4.192582263844088, 3.218707933090627), 'latlon': (42.3000299, -71.09995013333334), 'heading': 54.9, 'depth': 1.0, 'altitude': 10.0, 'roll': 0.0, 'pitch': 0.0, 'last_fix_time': datetime.datetime(2021, 7, 29, 13, 31, 42), 'speed': None, 'rudder': 0, 'datum': (42.3, -71.1)}
2021-07-29 14:31:42,704 [INFO] Received from Frontseat: [b'$BFNVG,133141.45,4218.001570,N,07105.997420,W,0,10.0,1.0,55.7,0.0,0.0,133141.45*65', b'$BFNVG,133141.79,4218.001682,N,07105.997213,W,0,10.0,1.0,55.3,0.0,0.0,133141.79*69', b'$BFNVG,133142.13,4218.001794,N,07105.997008,W,0,10.0,1.0,54.9,0.0,0.0,133142.13*6C']
2021-07-29 14:31:42,705 [INFO] AUV state: {'position': (4.192582263844088, 3.218707933090627), 'latlon': (42.3000299, -71.09995013333334), 'heading': 54.9, 'depth': 1.0, 'altitude': 10.0, 'roll': 0.0, 'pitch': 0.0, 'last_fix_time': datetime.datetime(2021, 7, 29, 13, 31, 42), 'speed': None, 'rudder': 0, 'datum': (42.3, -71.1)}
2021-07-29 14:31:43,079 [INFO] Next green buoy (centers, angles): (array([], dtype=object), []), next red buoy (centers, angles): (array([[array([484.8852459 ,  46.81147541]), 972],
       [array([193.        , 193.45454545]), 56]], dtype=object), [(17.321225952102967, -20.072603075890264), (-13.507316249568525, -5.031249861231403)])
2021-07-29 14:31:43,079 [INFO] Desired_heading: 72.22122595210297
2021-07-29 14:31:43,080 [INFO] delta angle: 25
2021-07-29 14:31:43,080 [INFO] sending message $BPRMB,133057.99,-25,1,0,1000,0,1*65
...
2021-07-29 14:31:43,581 [INFO] sending message $BPSTS,133143.58,1,BWSI Autonomy OK*4e
...
2021-07-29 14:31:43,582 [INFO] Processing: $BFNVG,133142.47,4218.001907,N,07105.996803,W,0,10.0,1.0,54.6,0.0,0.0,133142.47*65
2021-07-29 14:31:43,584 [INFO] Interpreted as: {'position': (4.479388316278346, 3.4208863442763686), 'latlon': (42.30003178333333, -71.09994671666666), 'heading': 54.6, 'depth': 1.0, 'altitude': 10.0, 'roll': 0.0, 'pitch': 0.0, 'last_fix_time': datetime.datetime(2021, 7, 29, 13, 31, 42), 'speed': None, 'rudder': 0, 'datum': (42.3, -71.1)}
2021-07-29 14:31:43,585 [INFO] Processing: $BFNVG,133142.81,4218.002022,N,07105.996599,W,0,10.0,1.0,53.9,0.0,0.0,133142.81*6E
2021-07-29 14:31:43,586 [INFO] Interpreted as: {'position': (4.764911810518242, 3.626800063997507), 'latlon': (42.3000337, -71.09994331666667), 'heading': 53.9, 'depth': 1.0, 'altitude': 10.0, 'roll': 0.0, 'pitch': 0.0, 'last_fix_time': datetime.datetime(2021, 7, 29, 13, 31, 42), 'speed': None, 'rudder': 0, 'datum': (42.3, -71.1)}
2021-07-29 14:31:43,587 [INFO] Received from Frontseat: [b'$BFNVG,133142.47,4218.001907,N,07105.996803,W,0,10.0,1.0,54.6,0.0,0.0,133142.47*65', b'$BFNVG,133142.81,4218.002022,N,07105.996599,W,0,10.0,1.0,53.9,0.0,0.0,133142.81*6E']
2021-07-29 14:31:43,587 [INFO] AUV state: {'position': (4.764911810518242, 3.626800063997507), 'latlon': (42.3000337, -71.09994331666667), 'heading': 53.9, 'depth': 1.0, 'altitude': 10.0, 'roll': 0.0, 'pitch': 0.0, 'last_fix_time': datetime.datetime(2021, 7, 29, 13, 31, 42), 'speed': None, 'rudder': 0, 'datum': (42.3, -71.1)}
2021-07-29 14:31:43,940 [INFO] Next green buoy (centers, angles): (array([], dtype=object), []), next red buoy (centers, angles): (array([[array([544.76978417,   4.97841727]), 704],
       [array([195.2, 190.6]), 63]], dtype=object), [(23.032296390816093, -23.966627894056344), (-13.281692741973284, -5.3380755933477735)])
2021-07-29 14:31:43,941 [INFO] Desired_heading: 76.93229639081609
2021-07-29 14:31:43,941 [INFO] delta angle: 25
2021-07-29 14:31:43,942 [INFO] sending message $BPRMB,133314.76,-25,1,0,1000,0,1*60
...
2021-07-29 14:31:44,443 [INFO] sending message $BPSTS,133144.44,1,BWSI Autonomy OK*44
...
2021-07-29 14:31:44,444 [INFO] Processing: $BFNVG,133143.17,4218.002144,N,07105.996387,W,0,10.0,1.0,53.2,0.0,0.0,133143.17*6D
2021-07-29 14:31:44,445 [INFO] Interpreted as: {'position': (5.061746017832775, 3.845397441647947), 'latlon': (42.30003573333333, -71.09993978333334), 'heading': 53.2, 'depth': 1.0, 'altitude': 10.0, 'roll': 0.0, 'pitch': 0.0, 'last_fix_time': datetime.datetime(2021, 7, 29, 13, 31, 43), 'speed': None, 'rudder': 0, 'datum': (42.3, -71.1)}
2021-07-29 14:31:44,446 [INFO] Processing: $BFNVG,133143.53,4218.002263,N,07105.996174,W,0,10.0,1.0,55.4,0.0,0.0,133143.53*65
2021-07-29 14:31:44,447 [INFO] Interpreted as: {'position': (5.359817073273007, 4.058408837765455), 'latlon': (42.300037716666665, -71.09993623333334), 'heading': 55.4, 'depth': 1.0, 'altitude': 10.0, 'roll': 0.0, 'pitch': 0.0, 'last_fix_time': datetime.datetime(2021, 7, 29, 13, 31, 43), 'speed': None, 'rudder': 0, 'datum': (42.3, -71.1)}
2021-07-29 14:31:44,447 [INFO] Processing: $BFNVG,133143.87,4218.002372,N,07105.995964,W,0,10.0,1.0,57.6,0.0,0.0,133143.87*6E
2021-07-29 14:31:44,449 [INFO] Interpreted as: {'position': (5.653309769229963, 4.253014985471964), 'latlon': (42.30003953333333, -71.09993273333333), 'heading': 57.6, 'depth': 1.0, 'altitude': 10.0, 'roll': 0.0, 'pitch': 0.0, 'last_fix_time': datetime.datetime(2021, 7, 29, 13, 31, 43), 'speed': None, 'rudder': 0, 'datum': (42.3, -71.1)}
2021-07-29 14:31:44,449 [INFO] Received from Frontseat: [b'$BFNVG,133143.17,4218.002144,N,07105.996387,W,0,10.0,1.0,53.2,0.0,0.0,133143.17*6D', b'$BFNVG,133143.53,4218.002263,N,07105.996174,W,0,10.0,1.0,55.4,0.0,0.0,133143.53*65', b'$BFNVG,133143.87,4218.002372,N,07105.995964,W,0,10.0,1.0,57.6,0.0,0.0,133143.87*6E']
2021-07-29 14:31:44,450 [INFO] AUV state: {'position': (5.653309769229963, 4.253014985471964), 'latlon': (42.30003953333333, -71.09993273333333), 'heading': 57.6, 'depth': 1.0, 'altitude': 10.0, 'roll': 0.0, 'pitch': 0.0, 'last_fix_time': datetime.datetime(2021, 7, 29, 13, 31, 43), 'speed': None, 'rudder': 0, 'datum': (42.3, -71.1)}
2021-07-29 14:31:44,805 [INFO] Next green buoy (centers, angles): (array([], dtype=object), []), next red buoy (centers, angles): (array([[array([143.68, 185.64]), 63]], dtype=object), [(-18.443542760087666, -5.870470202823763)])
2021-07-29 14:31:44,806 [INFO] Desired_heading: 39.156457239912335
2021-07-29 14:31:44,806 [INFO] delta angle: -25
2021-07-29 14:31:44,807 [INFO] sending message $BPRMB,132843.80,25,1,0,1000,0,1*4c
...
2021-07-29 14:31:45,308 [INFO] sending message $BPSTS,133145.30,1,BWSI Autonomy OK*46
...
2021-07-29 14:31:45,309 [INFO] Processing: $BFNVG,133144.21,4218.002474,N,07105.995750,W,0,10.0,1.0,59.7,0.0,0.0,133144.21*69
2021-07-29 14:31:45,310 [INFO] Interpreted as: {'position': (5.951978266006336, 4.43453064840287), 'latlon': (42.30004123333333, -71.09992916666667), 'heading': 59.7, 'depth': 1.0, 'altitude': 10.0, 'roll': 0.0, 'pitch': 0.0, 'last_fix_time': datetime.datetime(2021, 7, 29, 13, 31, 44), 'speed': None, 'rudder': 0, 'datum': (42.3, -71.1)}
2021-07-29 14:31:45,311 [INFO] Processing: $BFNVG,133144.56,4218.002574,N,07105.995524,W,0,10.0,1.0,61.9,0.0,0.0,133144.56*6C
2021-07-29 14:31:45,312 [INFO] Interpreted as: {'position': (6.2670419566566125, 4.611938087269664), 'latlon': (42.3000429, -71.0999254), 'heading': 61.9, 'depth': 1.0, 'altitude': 10.0, 'roll': 0.0, 'pitch': 0.0, 'last_fix_time': datetime.datetime(2021, 7, 29, 13, 31, 44), 'speed': None, 'rudder': 0, 'datum': (42.3, -71.1)}
2021-07-29 14:31:45,313 [INFO] Received from Frontseat: [b'$BFNVG,133144.21,4218.002474,N,07105.995750,W,0,10.0,1.0,59.7,0.0,0.0,133144.21*69', b'$BFNVG,133144.56,4218.002574,N,07105.995524,W,0,10.0,1.0,61.9,0.0,0.0,133144.56*6C']
2021-07-29 14:31:45,313 [INFO] AUV state: {'position': (6.2670419566566125, 4.611938087269664), 'latlon': (42.3000429, -71.0999254), 'heading': 61.9, 'depth': 1.0, 'altitude': 10.0, 'roll': 0.0, 'pitch': 0.0, 'last_fix_time': datetime.datetime(2021, 7, 29, 13, 31, 44), 'speed': None, 'rudder': 0, 'datum': (42.3, -71.1)}
2021-07-29 14:31:45,640 [INFO] Next green buoy (centers, angles): (array([], dtype=object), []), next red buoy (centers, angles): (array([[array([ 84.86666667, 181.5       ]), 77]], dtype=object), [(-23.97673945197598, -6.3140742786871655)])
2021-07-29 14:31:45,641 [INFO] Desired_heading: 37.92326054802402
2021-07-29 14:31:45,641 [INFO] delta angle: -25
2021-07-29 14:31:45,642 [INFO] sending message $BPRMB,133748.31,25,1,0,1000,0,1*43
...
2021-07-29 14:31:46,143 [INFO] sending message $BPSTS,133146.14,1,BWSI Autonomy OK*43
...
2021-07-29 14:31:46,144 [INFO] Processing: $BFNVG,133144.90,4218.002664,N,07105.995299,W,0,10.0,1.0,64.0,0.0,0.0,133144.90*63
2021-07-29 14:31:46,145 [INFO] Interpreted as: {'position': (6.5802750457660295, 4.770872469060123), 'latlon': (42.3000444, -71.09992165), 'heading': 64.0, 'depth': 1.0, 'altitude': 10.0, 'roll': 0.0, 'pitch': 0.0, 'last_fix_time': datetime.datetime(2021, 7, 29, 13, 31, 44), 'speed': None, 'rudder': 0, 'datum': (42.3, -71.1)}
2021-07-29 14:31:46,146 [INFO] Processing: $BFNVG,133145.26,4218.002758,N,07105.995067,W,0,10.0,1.0,61.8,0.0,0.0,133145.26*63
2021-07-29 14:31:46,147 [INFO] Interpreted as: {'position': (6.903307953209151, 4.936972327530384), 'latlon': (42.300045966666666, -71.09991778333334), 'heading': 61.8, 'depth': 1.0, 'altitude': 10.0, 'roll': 0.0, 'pitch': 0.0, 'last_fix_time': datetime.datetime(2021, 7, 29, 13, 31, 45), 'speed': None, 'rudder': 0, 'datum': (42.3, -71.1)}
2021-07-29 14:31:46,148 [INFO] Processing: $BFNVG,133145.61,4218.002857,N,07105.994840,W,0,10.0,1.0,59.6,0.0,0.0,133145.61*6A
2021-07-29 14:31:46,149 [INFO] Interpreted as: {'position': (7.219699804554693, 5.112495206296444), 'latlon': (42.30004761666667, -71.099914), 'heading': 59.6, 'depth': 1.0, 'altitude': 10.0, 'roll': 0.0, 'pitch': 0.0, 'last_fix_time': datetime.datetime(2021, 7, 29, 13, 31, 45), 'speed': None, 'rudder': 0, 'datum': (42.3, -71.1)}
2021-07-29 14:31:46,149 [INFO] Received from Frontseat: [b'$BFNVG,133144.90,4218.002664,N,07105.995299,W,0,10.0,1.0,64.0,0.0,0.0,133144.90*63', b'$BFNVG,133145.26,4218.002758,N,07105.995067,W,0,10.0,1.0,61.8,0.0,0.0,133145.26*63', b'$BFNVG,133145.61,4218.002857,N,07105.994840,W,0,10.0,1.0,59.6,0.0,0.0,133145.61*6A']
2021-07-29 14:31:46,150 [INFO] AUV state: {'position': (7.219699804554693, 5.112495206296444), 'latlon': (42.30004761666667, -71.099914), 'heading': 59.6, 'depth': 1.0, 'altitude': 10.0, 'roll': 0.0, 'pitch': 0.0, 'last_fix_time': datetime.datetime(2021, 7, 29, 13, 31, 45), 'speed': None, 'rudder': 0, 'datum': (42.3, -71.1)}
2021-07-29 14:31:46,541 [INFO] Next green buoy (centers, angles): (array([], dtype=object), []), next red buoy (centers, angles): (array([[array([ 79.55263158, 174.86842105]), 150],
       [array([203.35, 198.5 ]), 49]], dtype=object), [(-24.45573408859971, -7.023050510268143), (-12.442244689347959, -4.488233033714938)])
2021-07-29 14:31:46,541 [INFO] Desired_heading: 35.144265911400296
2021-07-29 14:31:46,542 [INFO] delta angle: -25
2021-07-29 14:31:46,542 [INFO] sending message $BPRMB,131941.80,25,1,0,1000,0,1*4c
...
2021-07-29 14:31:47,043 [INFO] sending message $BPSTS,133147.04,1,BWSI Autonomy OK*43
...
2021-07-29 14:31:47,044 [INFO] Processing: $BFNVG,133145.97,4218.002967,N,07105.994611,W,0,10.0,1.0,57.4,0.0,0.0,133145.97*6E
2021-07-29 14:31:47,045 [INFO] Interpreted as: {'position': (7.539341764640994, 5.3083079578354955), 'latlon': (42.30004945, -71.09991018333334), 'heading': 57.4, 'depth': 1.0, 'altitude': 10.0, 'roll': 0.0, 'pitch': 0.0, 'last_fix_time': datetime.datetime(2021, 7, 29, 13, 31, 45), 'speed': None, 'rudder': 0, 'datum': (42.3, -71.1)}
2021-07-29 14:31:47,046 [INFO] Processing: $BFNVG,133146.33,4218.003080,N,07105.994395,W,0,10.0,1.0,55.2,0.0,0.0,133146.33*62
2021-07-29 14:31:47,048 [INFO] Interpreted as: {'position': (7.841260298388079, 5.510113560594618), 'latlon': (42.300051333333336, -71.09990658333334), 'heading': 55.2, 'depth': 1.0, 'altitude': 10.0, 'roll': 0.0, 'pitch': 0.0, 'last_fix_time': datetime.datetime(2021, 7, 29, 13, 31, 46), 'speed': None, 'rudder': 0, 'datum': (42.3, -71.1)}
2021-07-29 14:31:47,048 [INFO] Received from Frontseat: [b'$BFNVG,133145.97,4218.002967,N,07105.994611,W,0,10.0,1.0,57.4,0.0,0.0,133145.97*6E', b'$BFNVG,133146.33,4218.003080,N,07105.994395,W,0,10.0,1.0,55.2,0.0,0.0,133146.33*62']
2021-07-29 14:31:47,049 [INFO] AUV state: {'position': (7.841260298388079, 5.510113560594618), 'latlon': (42.300051333333336, -71.09990658333334), 'heading': 55.2, 'depth': 1.0, 'altitude': 10.0, 'roll': 0.0, 'pitch': 0.0, 'last_fix_time': datetime.datetime(2021, 7, 29, 13, 31, 46), 'speed': None, 'rudder': 0, 'datum': (42.3, -71.1)}
2021-07-29 14:31:47,371 [INFO] Next green buoy (centers, angles): (array([], dtype=object), []), next red buoy (centers, angles): (array([[array([105.7804878 , 169.85365854]), 160],
       [array([243.09090909, 195.36363636]), 56]], dtype=object), [(-22.05704965293817, -7.5577545898487095), (-8.276731770961785, -4.825885281470315)])
2021-07-29 14:31:47,372 [INFO] Desired_heading: 33.142950347061834
2021-07-29 14:31:47,372 [INFO] delta angle: -25
2021-07-29 14:31:47,373 [INFO] sending message $BPRMB,135557.51,25,1,0,1000,0,1*4f
...
