2021-07-29 14:13:10,038 [INFO] host = 192.168.1.213, port = 29500
2021-07-29 14:13:15,301 [INFO] sending message $BPLOG,ACK,ON*1e
...
2021-07-29 14:13:15,301 [INFO] sending message $BPLOG,ALL,ON*16
...
2021-07-29 14:13:15,302 [INFO] sending message $BPSTS,131315.30,1,BWSI Autonomy OK*43
...
2021-07-29 14:13:15,303 [INFO] Received from Frontseat: []
2021-07-29 14:13:15,304 [INFO] AUV state: {'position': (None, None), 'latlon': None, 'heading': None, 'depth': None, 'altitude': None, 'roll': None, 'pitch': None, 'last_fix_time': None, 'speed': None, 'rudder': 0}
2021-07-29 14:13:16,305 [INFO] sending message $BPSTS,131316.30,1,BWSI Autonomy OK*40
...
2021-07-29 14:13:16,306 [INFO] Processing: $BFNVG,131314.42,4218.000000,N,07106.000000,W,0,10.0,1.0,45.0,0.0,0.0,131314.42*62
2021-07-29 14:13:16,308 [INFO] Interpreted as: {'position': (0, 0), 'latlon': (42.3, -71.1), 'heading': 45.0, 'depth': 1.0, 'altitude': 10.0, 'roll': 0.0, 'pitch': 0.0, 'last_fix_time': datetime.datetime(2021, 7, 29, 13, 13, 14), 'speed': None, 'rudder': 0, 'datum': (42.3, -71.1)}
2021-07-29 14:13:16,309 [INFO] Processing: $BFNVG,131314.67,4218.000000,N,07106.000000,W,0,10.0,1.0,45.0,0.0,0.0,131314.67*62
2021-07-29 14:13:16,311 [INFO] Interpreted as: {'position': (0.0, 0.0), 'latlon': (42.3, -71.1), 'heading': 45.0, 'depth': 1.0, 'altitude': 10.0, 'roll': 0.0, 'pitch': 0.0, 'last_fix_time': datetime.datetime(2021, 7, 29, 13, 13, 14), 'speed': None, 'rudder': 0, 'datum': (42.3, -71.1)}
2021-07-29 14:13:16,312 [INFO] Processing: $BFNVG,131314.92,4218.000000,N,07106.000000,W,0,10.0,1.0,45.0,0.0,0.0,131314.92*62
2021-07-29 14:13:16,313 [INFO] Interpreted as: {'position': (0.0, 0.0), 'latlon': (42.3, -71.1), 'heading': 45.0, 'depth': 1.0, 'altitude': 10.0, 'roll': 0.0, 'pitch': 0.0, 'last_fix_time': datetime.datetime(2021, 7, 29, 13, 13, 14), 'speed': None, 'rudder': 0, 'datum': (42.3, -71.1)}
2021-07-29 14:13:16,314 [INFO] Processing: $BFNVG,131315.18,4218.000000,N,07106.000000,W,0,10.0,1.0,45.0,0.0,0.0,131315.18*62
2021-07-29 14:13:16,316 [INFO] Interpreted as: {'position': (0.0, 0.0), 'latlon': (42.3, -71.1), 'heading': 45.0, 'depth': 1.0, 'altitude': 10.0, 'roll': 0.0, 'pitch': 0.0, 'last_fix_time': datetime.datetime(2021, 7, 29, 13, 13, 15), 'speed': None, 'rudder': 0, 'datum': (42.3, -71.1)}
2021-07-29 14:13:16,317 [INFO] Processing: $BFNVG,131315.43,4218.000000,N,07106.000000,W,0,10.0,1.0,45.0,0.0,0.0,131315.43*62
2021-07-29 14:13:16,319 [INFO] Interpreted as: {'position': (0.0, 0.0), 'latlon': (42.3, -71.1), 'heading': 45.0, 'depth': 1.0, 'altitude': 10.0, 'roll': 0.0, 'pitch': 0.0, 'last_fix_time': datetime.datetime(2021, 7, 29, 13, 13, 15), 'speed': None, 'rudder': 0, 'datum': (42.3, -71.1)}
2021-07-29 14:13:16,320 [INFO] Received from Frontseat: [b'$BFNVG,131314.42,4218.000000,N,07106.000000,W,0,10.0,1.0,45.0,0.0,0.0,131314.42*62', b'$BFNVG,131314.67,4218.000000,N,07106.000000,W,0,10.0,1.0,45.0,0.0,0.0,131314.67*62', b'$BFNVG,131314.92,4218.000000,N,07106.000000,W,0,10.0,1.0,45.0,0.0,0.0,131314.92*62', b'$BFNVG,131315.18,4218.000000,N,07106.000000,W,0,10.0,1.0,45.0,0.0,0.0,131315.18*62', b'$BFNVG,131315.43,4218.000000,N,07106.000000,W,0,10.0,1.0,45.0,0.0,0.0,131315.43*62']
2021-07-29 14:13:16,321 [INFO] AUV state: {'position': (0.0, 0.0), 'latlon': (42.3, -71.1), 'heading': 45.0, 'depth': 1.0, 'altitude': 10.0, 'roll': 0.0, 'pitch': 0.0, 'last_fix_time': datetime.datetime(2021, 7, 29, 13, 13, 15), 'speed': None, 'rudder': 0, 'datum': (42.3, -71.1)}
2021-07-29 14:13:16,690 [INFO] Next green buoy: [(-0.21993023293121178, -7.6862156757158235)], next red buoy: [(15.437560812208067, -7.329055330858309)]
2021-07-29 14:13:16,691 [INFO] Desired_heading: 52.60881528963843
2021-07-29 14:13:16,691 [INFO] delta angle: 16.790574229062365
2021-07-29 14:13:16,692 [INFO] sending message $BPRMB,131317.29,-16.790574229062365,1,0,1000,0,1*70
...
2021-07-29 14:13:17,694 [INFO] sending message $BPSTS,131317.69,1,BWSI Autonomy OK*4d
...
2021-07-29 14:13:17,695 [INFO] Processing: $BFNVG,131315.83,4218.000000,N,07106.000000,W,0,10.0,1.0,45.0,0.0,0.0,131315.83*62
2021-07-29 14:13:17,698 [INFO] Interpreted as: {'position': (0.0, 0.0), 'latlon': (42.3, -71.1), 'heading': 45.0, 'depth': 1.0, 'altitude': 10.0, 'roll': 0.0, 'pitch': 0.0, 'last_fix_time': datetime.datetime(2021, 7, 29, 13, 13, 15), 'speed': None, 'rudder': 0, 'datum': (42.3, -71.1)}
2021-07-29 14:13:17,699 [INFO] Processing: $BFNVG,131316.17,4218.000000,N,07106.000000,W,0,10.0,1.0,45.0,0.0,0.0,131316.17*62
2021-07-29 14:13:17,702 [INFO] Interpreted as: {'position': (0.0, 0.0), 'latlon': (42.3, -71.1), 'heading': 45.0, 'depth': 1.0, 'altitude': 10.0, 'roll': 0.0, 'pitch': 0.0, 'last_fix_time': datetime.datetime(2021, 7, 29, 13, 13, 16), 'speed': None, 'rudder': 0, 'datum': (42.3, -71.1)}
2021-07-29 14:13:17,703 [INFO] Processing: $BFNVG,131316.51,4218.000000,N,07106.000000,W,0,10.0,1.0,45.0,0.0,0.0,131316.51*62
2021-07-29 14:13:17,706 [INFO] Interpreted as: {'position': (0.0, 0.0), 'latlon': (42.3, -71.1), 'heading': 45.0, 'depth': 1.0, 'altitude': 10.0, 'roll': 0.0, 'pitch': 0.0, 'last_fix_time': datetime.datetime(2021, 7, 29, 13, 13, 16), 'speed': None, 'rudder': 0, 'datum': (42.3, -71.1)}
2021-07-29 14:13:17,707 [INFO] Received from Frontseat: [b'$BFNVG,131315.83,4218.000000,N,07106.000000,W,0,10.0,1.0,45.0,0.0,0.0,131315.83*62', b'$BFNVG,131316.17,4218.000000,N,07106.000000,W,0,10.0,1.0,45.0,0.0,0.0,131316.17*62', b'$BFNVG,131316.51,4218.000000,N,07106.000000,W,0,10.0,1.0,45.0,0.0,0.0,131316.51*62']
2021-07-29 14:13:17,709 [INFO] AUV state: {'position': (0.0, 0.0), 'latlon': (42.3, -71.1), 'heading': 45.0, 'depth': 1.0, 'altitude': 10.0, 'roll': 0.0, 'pitch': 0.0, 'last_fix_time': datetime.datetime(2021, 7, 29, 13, 13, 16), 'speed': None, 'rudder': 0, 'datum': (42.3, -71.1)}
2021-07-29 14:13:18,090 [INFO] Next green buoy: [(-0.22035521470194389, -7.708961974233651)], next red buoy: [(15.437560812208067, -7.333901112744751)]
2021-07-29 14:13:18,091 [INFO] Desired_heading: 52.60860279875306
2021-07-29 14:13:18,091 [INFO] delta angle: 16.78987087007583
2021-07-29 14:13:18,092 [INFO] sending message $BPRMB,131318.09,-16.78987087007583,1,0,1000,0,1*47
...
2021-07-29 14:13:19,093 [INFO] sending message $BPSTS,131319.09,1,BWSI Autonomy OK*45
...
2021-07-29 14:13:19,094 [INFO] Processing: $BFNVG,131316.85,4218.000000,N,07106.000000,W,0,10.0,1.0,45.0,0.0,0.0,131316.85*62
2021-07-29 14:13:19,096 [INFO] Interpreted as: {'position': (0.0, 0.0), 'latlon': (42.3, -71.1), 'heading': 45.0, 'depth': 1.0, 'altitude': 10.0, 'roll': 0.0, 'pitch': 0.0, 'last_fix_time': datetime.datetime(2021, 7, 29, 13, 13, 16), 'speed': None, 'rudder': 0, 'datum': (42.3, -71.1)}
2021-07-29 14:13:19,098 [INFO] Processing: $BFNVG,131317.20,4218.000138,N,07105.999818,W,0,10.0,1.0,46.5,0.0,0.0,131317.20*65
2021-07-29 14:13:19,100 [INFO] Interpreted as: {'position': (0.25634886824991554, 0.24922548979520798), 'latlon': (42.3000023, -71.09999696666667), 'heading': 46.5, 'depth': 1.0, 'altitude': 10.0, 'roll': 0.0, 'pitch': 0.0, 'last_fix_time': datetime.datetime(2021, 7, 29, 13, 13, 17), 'speed': None, 'rudder': 0, 'datum': (42.3, -71.1)}
2021-07-29 14:13:19,101 [INFO] Processing: $BFNVG,131317.54,4218.000270,N,07105.999635,W,0,10.0,1.0,47.9,0.0,0.0,131317.54*66
2021-07-29 14:13:19,103 [INFO] Interpreted as: {'position': (0.5137975684483536, 0.48731289990246296), 'latlon': (42.3000045, -71.09999391666666), 'heading': 47.9, 'depth': 1.0, 'altitude': 10.0, 'roll': 0.0, 'pitch': 0.0, 'last_fix_time': datetime.datetime(2021, 7, 29, 13, 13, 17), 'speed': None, 'rudder': 0, 'datum': (42.3, -71.1)}
2021-07-29 14:13:19,104 [INFO] Processing: $BFNVG,131317.88,4218.000399,N,07105.999448,W,0,10.0,1.0,49.3,0.0,0.0,131317.88*6C
2021-07-29 14:13:19,106 [INFO] Interpreted as: {'position': (0.7766047522891313, 0.7197126056998968), 'latlon': (42.30000665, -71.0999908), 'heading': 49.3, 'depth': 1.0, 'altitude': 10.0, 'roll': 0.0, 'pitch': 0.0, 'last_fix_time': datetime.datetime(2021, 7, 29, 13, 13, 17), 'speed': None, 'rudder': 0, 'datum': (42.3, -71.1)}
2021-07-29 14:13:19,107 [INFO] Received from Frontseat: [b'$BFNVG,131316.85,4218.000000,N,07106.000000,W,0,10.0,1.0,45.0,0.0,0.0,131316.85*62', b'$BFNVG,131317.20,4218.000138,N,07105.999818,W,0,10.0,1.0,46.5,0.0,0.0,131317.20*65', b'$BFNVG,131317.54,4218.000270,N,07105.999635,W,0,10.0,1.0,47.9,0.0,0.0,131317.54*66', b'$BFNVG,131317.88,4218.000399,N,07105.999448,W,0,10.0,1.0,49.3,0.0,0.0,131317.88*6C']
2021-07-29 14:13:19,108 [INFO] AUV state: {'position': (0.7766047522891313, 0.7197126056998968), 'latlon': (42.30000665, -71.0999908), 'heading': 49.3, 'depth': 1.0, 'altitude': 10.0, 'roll': 0.0, 'pitch': 0.0, 'last_fix_time': datetime.datetime(2021, 7, 29, 13, 13, 17), 'speed': None, 'rudder': 0, 'datum': (42.3, -71.1)}
2021-07-29 14:13:19,491 [INFO] Next green buoy: [(-5.433964996904163, -8.816254437408286)], next red buoy: [(12.7324652898416, -8.553539100640469)]
2021-07-29 14:13:19,492 [INFO] Desired_heading: 52.949250146468714
2021-07-29 14:13:19,493 [INFO] delta angle: 5.576933143470812
2021-07-29 14:13:19,493 [INFO] sending message $BPRMB,131320.09,-5.576933143470812,1,0,1000,0,1*42
...
2021-07-29 14:13:20,495 [INFO] sending message $BPSTS,131320.49,1,BWSI Autonomy OK*4b
...
2021-07-29 14:13:20,496 [INFO] Processing: $BFNVG,131318.22,4218.000525,N,07105.999256,W,0,10.0,1.0,50.8,0.0,0.0,131318.22*67
2021-07-29 14:13:20,498 [INFO] Interpreted as: {'position': (1.0461443034000695, 0.9463907089084387), 'latlon': (42.30000875, -71.0999876), 'heading': 50.8, 'depth': 1.0, 'altitude': 10.0, 'roll': 0.0, 'pitch': 0.0, 'last_fix_time': datetime.datetime(2021, 7, 29, 13, 13, 18), 'speed': None, 'rudder': 0, 'datum': (42.3, -71.1)}
2021-07-29 14:13:20,499 [INFO] Processing: $BFNVG,131318.57,4218.000648,N,07105.999057,W,0,10.0,1.0,52.2,0.0,0.0,131318.57*64
2021-07-29 14:13:20,501 [INFO] Interpreted as: {'position': (1.3251639789086767, 1.1672793943434954), 'latlon': (42.3000108, -71.09998428333333), 'heading': 52.2, 'depth': 1.0, 'altitude': 10.0, 'roll': 0.0, 'pitch': 0.0, 'last_fix_time': datetime.datetime(2021, 7, 29, 13, 13, 18), 'speed': None, 'rudder': 0, 'datum': (42.3, -71.1)}
2021-07-29 14:13:20,502 [INFO] Processing: $BFNVG,131318.91,4218.000767,N,07105.998856,W,0,10.0,1.0,53.7,0.0,0.0,131318.91*64
2021-07-29 14:13:20,504 [INFO] Interpreted as: {'position': (1.6067487092223018, 1.3806974925100803), 'latlon': (42.30001278333334, -71.09998093333333), 'heading': 53.7, 'depth': 1.0, 'altitude': 10.0, 'roll': 0.0, 'pitch': 0.0, 'last_fix_time': datetime.datetime(2021, 7, 29, 13, 13, 18), 'speed': None, 'rudder': 0, 'datum': (42.3, -71.1)}
2021-07-29 14:13:20,505 [INFO] Processing: $BFNVG,131319.26,4218.000881,N,07105.998651,W,0,10.0,1.0,55.1,0.0,0.0,131319.26*6A
2021-07-29 14:13:20,507 [INFO] Interpreted as: {'position': (1.8936005820869468, 1.5847264975309372), 'latlon': (42.30001468333333, -71.09997751666667), 'heading': 55.1, 'depth': 1.0, 'altitude': 10.0, 'roll': 0.0, 'pitch': 0.0, 'last_fix_time': datetime.datetime(2021, 7, 29, 13, 13, 19), 'speed': None, 'rudder': 0, 'datum': (42.3, -71.1)}
2021-07-29 14:13:20,508 [INFO] Received from Frontseat: [b'$BFNVG,131318.22,4218.000525,N,07105.999256,W,0,10.0,1.0,50.8,0.0,0.0,131318.22*67', b'$BFNVG,131318.57,4218.000648,N,07105.999057,W,0,10.0,1.0,52.2,0.0,0.0,131318.57*64', b'$BFNVG,131318.91,4218.000767,N,07105.998856,W,0,10.0,1.0,53.7,0.0,0.0,131318.91*64', b'$BFNVG,131319.26,4218.000881,N,07105.998651,W,0,10.0,1.0,55.1,0.0,0.0,131319.26*6A']
2021-07-29 14:13:20,509 [INFO] AUV state: {'position': (1.8936005820869468, 1.5847264975309372), 'latlon': (42.30001468333333, -71.09997751666667), 'heading': 55.1, 'depth': 1.0, 'altitude': 10.0, 'roll': 0.0, 'pitch': 0.0, 'last_fix_time': datetime.datetime(2021, 7, 29, 13, 13, 19), 'speed': None, 'rudder': 0, 'datum': (42.3, -71.1)}
2021-07-29 14:13:20,880 [INFO] Next green buoy: [(-13.863417952105278, -11.108528617340308)], next red buoy: [(8.777497107415963, -10.567653349395554)]
2021-07-29 14:13:20,881 [INFO] Desired_heading: 52.557039577655345
2021-07-29 14:13:20,881 [INFO] delta angle: -3.2441385115472485
2021-07-29 14:13:20,882 [INFO] sending message $BPRMB,131320.89,3.2441385115472485,1,0,1000,0,1*52
...
2021-07-29 14:13:21,883 [INFO] sending message $BPSTS,131321.88,1,BWSI Autonomy OK*47
...
2021-07-29 14:13:21,884 [INFO] Processing: $BFNVG,131319.60,4218.000992,N,07105.998443,W,0,10.0,1.0,56.5,0.0,0.0,131319.60*6F
2021-07-29 14:13:21,886 [INFO] Interpreted as: {'position': (2.184437059739139, 1.7831017095595598), 'latlon': (42.300016533333334, -71.09997405), 'heading': 56.5, 'depth': 1.0, 'altitude': 10.0, 'roll': 0.0, 'pitch': 0.0, 'last_fix_time': datetime.datetime(2021, 7, 29, 13, 13, 19), 'speed': None, 'rudder': 0, 'datum': (42.3, -71.1)}
2021-07-29 14:13:21,887 [INFO] Processing: $BFNVG,131319.95,4218.001105,N,07105.998224,W,0,10.0,1.0,57.0,0.0,0.0,131319.95*6B
2021-07-29 14:13:21,889 [INFO] Interpreted as: {'position': (2.4904775414033793, 1.9848053762689233), 'latlon': (42.30001841666667, -71.0999704), 'heading': 57.0, 'depth': 1.0, 'altitude': 10.0, 'roll': 0.0, 'pitch': 0.0, 'last_fix_time': datetime.datetime(2021, 7, 29, 13, 13, 19), 'speed': None, 'rudder': 0, 'datum': (42.3, -71.1)}
2021-07-29 14:13:21,890 [INFO] Processing: $BFNVG,131320.30,4218.001213,N,07105.998008,W,0,10.0,1.0,57.5,0.0,0.0,131320.30*66
2021-07-29 14:13:21,892 [INFO] Interpreted as: {'position': (2.792168006009888, 2.177357285283506), 'latlon': (42.30002021666667, -71.0999668), 'heading': 57.5, 'depth': 1.0, 'altitude': 10.0, 'roll': 0.0, 'pitch': 0.0, 'last_fix_time': datetime.datetime(2021, 7, 29, 13, 13, 20), 'speed': None, 'rudder': 0, 'datum': (42.3, -71.1)}
2021-07-29 14:13:21,893 [INFO] Processing: $BFNVG,131320.65,4218.001319,N,07105.997793,W,0,10.0,1.0,58.0,0.0,0.0,131320.65*6D
2021-07-29 14:13:21,895 [INFO] Interpreted as: {'position': (3.092393236060161, 2.366241715848446), 'latlon': (42.30002198333333, -71.09996321666667), 'heading': 58.0, 'depth': 1.0, 'altitude': 10.0, 'roll': 0.0, 'pitch': 0.0, 'last_fix_time': datetime.datetime(2021, 7, 29, 13, 13, 20), 'speed': None, 'rudder': 0, 'datum': (42.3, -71.1)}
2021-07-29 14:13:21,896 [INFO] Received from Frontseat: [b'$BFNVG,131319.60,4218.000992,N,07105.998443,W,0,10.0,1.0,56.5,0.0,0.0,131319.60*6F', b'$BFNVG,131319.95,4218.001105,N,07105.998224,W,0,10.0,1.0,57.0,0.0,0.0,131319.95*6B', b'$BFNVG,131320.30,4218.001213,N,07105.998008,W,0,10.0,1.0,57.5,0.0,0.0,131320.30*66', b'$BFNVG,131320.65,4218.001319,N,07105.997793,W,0,10.0,1.0,58.0,0.0,0.0,131320.65*6D']
2021-07-29 14:13:21,897 [INFO] AUV state: {'position': (3.092393236060161, 2.366241715848446), 'latlon': (42.30002198333333, -71.09996321666667), 'heading': 58.0, 'depth': 1.0, 'altitude': 10.0, 'roll': 0.0, 'pitch': 0.0, 'last_fix_time': datetime.datetime(2021, 7, 29, 13, 13, 20), 'speed': None, 'rudder': 0, 'datum': (42.3, -71.1)}
2021-07-29 14:13:22,266 [INFO] Next green buoy: [(-21.759635728176242, -14.66221597172499)], next red buoy: [(7.882026535987314, -13.980105089797531), (-15.72334474954563, -4.46839149083017)]
2021-07-29 14:13:22,266 [INFO] Desired_heading: 51.061195403905536
2021-07-29 14:13:22,267 [INFO] delta angle: -14.622343207751385
2021-07-29 14:13:22,267 [INFO] sending message $BPRMB,131322.87,14.622343207751385,1,0,1000,0,1*52
...
2021-07-29 14:13:23,269 [INFO] sending message $BPSTS,131323.26,1,BWSI Autonomy OK*41
...
2021-07-29 14:13:23,270 [INFO] Processing: $BFNVG,131320.99,4218.001423,N,07105.997579,W,0,10.0,1.0,58.5,0.0,0.0,131320.99*60
2021-07-29 14:13:23,272 [INFO] Interpreted as: {'position': (3.391153223696165, 2.5514586698263884), 'latlon': (42.300023716666665, -71.09995965), 'heading': 58.5, 'depth': 1.0, 'altitude': 10.0, 'roll': 0.0, 'pitch': 0.0, 'last_fix_time': datetime.datetime(2021, 7, 29, 13, 13, 20), 'speed': None, 'rudder': 0, 'datum': (42.3, -71.1)}
2021-07-29 14:13:23,273 [INFO] Processing: $BFNVG,131321.33,4218.001526,N,07105.997366,W,0,10.0,1.0,58.2,0.0,0.0,131321.33*6B
2021-07-29 14:13:23,275 [INFO] Interpreted as: {'position': (3.6884936491260305, 2.7348588425666094), 'latlon': (42.30002543333333, -71.0999561), 'heading': 58.2, 'depth': 1.0, 'altitude': 10.0, 'roll': 0.0, 'pitch': 0.0, 'last_fix_time': datetime.datetime(2021, 7, 29, 13, 13, 21), 'speed': None, 'rudder': 0, 'datum': (42.3, -71.1)}
2021-07-29 14:13:23,276 [INFO] Processing: $BFNVG,131321.67,4218.001630,N,07105.997153,W,0,10.0,1.0,57.9,0.0,0.0,131321.67*6F
2021-07-29 14:13:23,278 [INFO] Interpreted as: {'position': (3.985879727639258, 2.9201097255572677), 'latlon': (42.300027166666666, -71.09995255), 'heading': 57.9, 'depth': 1.0, 'altitude': 10.0, 'roll': 0.0, 'pitch': 0.0, 'last_fix_time': datetime.datetime(2021, 7, 29, 13, 13, 21), 'speed': None, 'rudder': 0, 'datum': (42.3, -71.1)}
2021-07-29 14:13:23,279 [INFO] Processing: $BFNVG,131322.01,4218.001736,N,07105.996939,W,0,10.0,1.0,57.6,0.0,0.0,131322.01*62
2021-07-29 14:13:23,281 [INFO] Interpreted as: {'position': (4.284731011430267, 3.1090281093493104), 'latlon': (42.30002893333333, -71.09994898333333), 'heading': 57.6, 'depth': 1.0, 'altitude': 10.0, 'roll': 0.0, 'pitch': 0.0, 'last_fix_time': datetime.datetime(2021, 7, 29, 13, 13, 22), 'speed': None, 'rudder': 0, 'datum': (42.3, -71.1)}
2021-07-29 14:13:23,282 [INFO] Received from Frontseat: [b'$BFNVG,131320.99,4218.001423,N,07105.997579,W,0,10.0,1.0,58.5,0.0,0.0,131320.99*60', b'$BFNVG,131321.33,4218.001526,N,07105.997366,W,0,10.0,1.0,58.2,0.0,0.0,131321.33*6B', b'$BFNVG,131321.67,4218.001630,N,07105.997153,W,0,10.0,1.0,57.9,0.0,0.0,131321.67*6F', b'$BFNVG,131322.01,4218.001736,N,07105.996939,W,0,10.0,1.0,57.6,0.0,0.0,131322.01*62']
2021-07-29 14:13:23,282 [INFO] AUV state: {'position': (4.284731011430267, 3.1090281093493104), 'latlon': (42.30002893333333, -71.09994898333333), 'heading': 57.6, 'depth': 1.0, 'altitude': 10.0, 'roll': 0.0, 'pitch': 0.0, 'last_fix_time': datetime.datetime(2021, 7, 29, 13, 13, 22), 'speed': None, 'rudder': 0, 'datum': (42.3, -71.1)}
2021-07-29 14:13:23,663 [INFO] Next green buoy: [], next red buoy: [(11.800513761489434, -20.404191601402825), (-17.035822537238182, -5.026361713210614)]
2021-07-29 14:13:23,664 [INFO] Desired_heading: 69.40051376148944
2021-07-29 14:13:23,665 [INFO] delta angle: 25
2021-07-29 14:13:23,665 [INFO] sending message $BPRMB,131323.66,-25,1,0,1000,0,1*67
...
2021-07-29 14:13:24,667 [INFO] sending message $BPSTS,131324.66,1,BWSI Autonomy OK*42
...
2021-07-29 14:13:24,668 [INFO] Processing: $BFNVG,131322.36,4218.001843,N,07105.996725,W,0,10.0,1.0,57.4,0.0,0.0,131322.36*6E
2021-07-29 14:13:24,670 [INFO] Interpreted as: {'position': (4.583627947664354, 3.299797204323113), 'latlon': (42.30003071666667, -71.09994541666667), 'heading': 57.4, 'depth': 1.0, 'altitude': 10.0, 'roll': 0.0, 'pitch': 0.0, 'last_fix_time': datetime.datetime(2021, 7, 29, 13, 13, 22), 'speed': None, 'rudder': 0, 'datum': (42.3, -71.1)}
2021-07-29 14:13:24,671 [INFO] Processing: $BFNVG,131322.70,4218.001951,N,07105.996514,W,0,10.0,1.0,56.1,0.0,0.0,131322.70*68
2021-07-29 14:13:24,673 [INFO] Interpreted as: {'position': (4.878448905074038, 3.4925187192857265), 'latlon': (42.30003251666667, -71.0999419), 'heading': 56.1, 'depth': 1.0, 'altitude': 10.0, 'roll': 0.0, 'pitch': 0.0, 'last_fix_time': datetime.datetime(2021, 7, 29, 13, 13, 22), 'speed': None, 'rudder': 0, 'datum': (42.3, -71.1)}
2021-07-29 14:13:24,674 [INFO] Processing: $BFNVG,131323.04,4218.002063,N,07105.996307,W,0,10.0,1.0,54.9,0.0,0.0,131323.04*6D
2021-07-29 14:13:24,676 [INFO] Interpreted as: {'position': (5.167957010911778, 3.6927786506712437), 'latlon': (42.30003438333333, -71.09993845), 'heading': 54.9, 'depth': 1.0, 'altitude': 10.0, 'roll': 0.0, 'pitch': 0.0, 'last_fix_time': datetime.datetime(2021, 7, 29, 13, 13, 23), 'speed': None, 'rudder': 0, 'datum': (42.3, -71.1)}
2021-07-29 14:13:24,677 [INFO] Processing: $BFNVG,131323.38,4218.002177,N,07105.996104,W,0,10.0,1.0,53.6,0.0,0.0,131323.38*60
2021-07-29 14:13:24,680 [INFO] Interpreted as: {'position': (5.45206092542503, 3.896875605918467), 'latlon': (42.300036283333334, -71.09993506666666), 'heading': 53.6, 'depth': 1.0, 'altitude': 10.0, 'roll': 0.0, 'pitch': 0.0, 'last_fix_time': datetime.datetime(2021, 7, 29, 13, 13, 23), 'speed': None, 'rudder': 0, 'datum': (42.3, -71.1)}
2021-07-29 14:13:24,680 [INFO] Received from Frontseat: [b'$BFNVG,131322.36,4218.001843,N,07105.996725,W,0,10.0,1.0,57.4,0.0,0.0,131322.36*6E', b'$BFNVG,131322.70,4218.001951,N,07105.996514,W,0,10.0,1.0,56.1,0.0,0.0,131322.70*68', b'$BFNVG,131323.04,4218.002063,N,07105.996307,W,0,10.0,1.0,54.9,0.0,0.0,131323.04*6D', b'$BFNVG,131323.38,4218.002177,N,07105.996104,W,0,10.0,1.0,53.6,0.0,0.0,131323.38*60']
2021-07-29 14:13:24,681 [INFO] AUV state: {'position': (5.45206092542503, 3.896875605918467), 'latlon': (42.300036283333334, -71.09993506666666), 'heading': 53.6, 'depth': 1.0, 'altitude': 10.0, 'roll': 0.0, 'pitch': 0.0, 'last_fix_time': datetime.datetime(2021, 7, 29, 13, 13, 23), 'speed': None, 'rudder': 0, 'datum': (42.3, -71.1)}
2021-07-29 14:13:25,037 [INFO] Next green buoy: [], next red buoy: [(-14.793676975670135, -5.679879110087481)]
2021-07-29 14:13:25,038 [INFO] Desired_heading: 38.80632302432987
2021-07-29 14:13:25,038 [INFO] delta angle: -25
2021-07-29 14:13:25,039 [INFO] sending message $BPRMB,131325.66,25,1,0,1000,0,1*4c
...
2021-07-29 14:13:26,040 [INFO] sending message $BPSTS,131326.04,1,BWSI Autonomy OK*44
...
2021-07-29 14:13:26,042 [INFO] Processing: $BFNVG,131323.72,4218.002295,N,07105.995903,W,0,10.0,1.0,52.4,0.0,0.0,131323.72*60
2021-07-29 14:13:26,044 [INFO] Interpreted as: {'position': (5.733599745668471, 4.108443166129291), 'latlon': (42.30003825, -71.09993171666666), 'heading': 52.4, 'depth': 1.0, 'altitude': 10.0, 'roll': 0.0, 'pitch': 0.0, 'last_fix_time': datetime.datetime(2021, 7, 29, 13, 13, 23), 'speed': None, 'rudder': 0, 'datum': (42.3, -71.1)}
2021-07-29 14:13:26,045 [INFO] Processing: $BFNVG,131324.06,4218.002411,N,07105.995703,W,0,10.0,1.0,54.5,0.0,0.0,131324.06*63
2021-07-29 14:13:26,047 [INFO] Interpreted as: {'position': (6.013673331064638, 4.316343248821795), 'latlon': (42.30004018333333, -71.09992838333334), 'heading': 54.5, 'depth': 1.0, 'altitude': 10.0, 'roll': 0.0, 'pitch': 0.0, 'last_fix_time': datetime.datetime(2021, 7, 29, 13, 13, 24), 'speed': None, 'rudder': 0, 'datum': (42.3, -71.1)}
2021-07-29 14:13:26,048 [INFO] Processing: $BFNVG,131324.40,4218.002522,N,07105.995497,W,0,10.0,1.0,56.6,0.0,0.0,131324.40*6D
2021-07-29 14:13:26,050 [INFO] Interpreted as: {'position': (6.3017618205049075, 4.514786433428526), 'latlon': (42.300042033333334, -71.09992495), 'heading': 56.6, 'depth': 1.0, 'altitude': 10.0, 'roll': 0.0, 'pitch': 0.0, 'last_fix_time': datetime.datetime(2021, 7, 29, 13, 13, 24), 'speed': None, 'rudder': 0, 'datum': (42.3, -71.1)}
2021-07-29 14:13:26,050 [INFO] Processing: $BFNVG,131324.74,4218.002626,N,07105.995286,W,0,10.0,1.0,58.7,0.0,0.0,131324.74*63
2021-07-29 14:13:26,052 [INFO] Interpreted as: {'position': (6.596399994799867, 4.700105228461325), 'latlon': (42.30004376666667, -71.09992143333334), 'heading': 58.7, 'depth': 1.0, 'altitude': 10.0, 'roll': 0.0, 'pitch': 0.0, 'last_fix_time': datetime.datetime(2021, 7, 29, 13, 13, 24), 'speed': None, 'rudder': 0, 'datum': (42.3, -71.1)}
2021-07-29 14:13:26,053 [INFO] Received from Frontseat: [b'$BFNVG,131323.72,4218.002295,N,07105.995903,W,0,10.0,1.0,52.4,0.0,0.0,131323.72*60', b'$BFNVG,131324.06,4218.002411,N,07105.995703,W,0,10.0,1.0,54.5,0.0,0.0,131324.06*63', b'$BFNVG,131324.40,4218.002522,N,07105.995497,W,0,10.0,1.0,56.6,0.0,0.0,131324.40*6D', b'$BFNVG,131324.74,4218.002626,N,07105.995286,W,0,10.0,1.0,58.7,0.0,0.0,131324.74*63']
2021-07-29 14:13:26,054 [INFO] AUV state: {'position': (6.596399994799867, 4.700105228461325), 'latlon': (42.30004376666667, -71.09992143333334), 'heading': 58.7, 'depth': 1.0, 'altitude': 10.0, 'roll': 0.0, 'pitch': 0.0, 'last_fix_time': datetime.datetime(2021, 7, 29, 13, 13, 24), 'speed': None, 'rudder': 0, 'datum': (42.3, -71.1)}
2021-07-29 14:13:26,394 [INFO] Next green buoy: [], next red buoy: [(-22.08560394447829, -6.480247012637353)]
2021-07-29 14:13:26,395 [INFO] Desired_heading: 36.61439605552171
2021-07-29 14:13:26,395 [INFO] delta angle: -25
2021-07-29 14:13:26,396 [INFO] sending message $BPRMB,131326.41,25,1,0,1000,0,1*4a
...
2021-07-29 14:13:27,397 [INFO] sending message $BPSTS,131327.39,1,BWSI Autonomy OK*4b
...
2021-07-29 14:13:27,399 [INFO] Processing: $BFNVG,131325.09,4218.002729,N,07105.995062,W,0,10.0,1.0,60.9,0.0,0.0,131325.09*60
2021-07-29 14:13:27,401 [INFO] Interpreted as: {'position': (6.908852907479741, 4.883132592774928), 'latlon': (42.300045483333335, -71.0999177), 'heading': 60.9, 'depth': 1.0, 'altitude': 10.0, 'roll': 0.0, 'pitch': 0.0, 'last_fix_time': datetime.datetime(2021, 7, 29, 13, 13, 25), 'speed': None, 'rudder': 0, 'datum': (42.3, -71.1)}
2021-07-29 14:13:27,402 [INFO] Processing: $BFNVG,131325.43,4218.002828,N,07105.994845,W,0,10.0,1.0,58.8,0.0,0.0,131325.43*68
2021-07-29 14:13:27,404 [INFO] Interpreted as: {'position': (7.211505973187741, 5.058994507417083), 'latlon': (42.30004713333334, -71.09991408333333), 'heading': 58.8, 'depth': 1.0, 'altitude': 10.0, 'roll': 0.0, 'pitch': 0.0, 'last_fix_time': datetime.datetime(2021, 7, 29, 13, 13, 25), 'speed': None, 'rudder': 0, 'datum': (42.3, -71.1)}
2021-07-29 14:13:27,405 [INFO] Processing: $BFNVG,131325.77,4218.002932,N,07105.994633,W,0,10.0,1.0,56.7,0.0,0.0,131325.77*6C
2021-07-29 14:13:27,406 [INFO] Interpreted as: {'position': (7.5075179763371125, 5.244279436767101), 'latlon': (42.300048866666664, -71.09991055), 'heading': 56.7, 'depth': 1.0, 'altitude': 10.0, 'roll': 0.0, 'pitch': 0.0, 'last_fix_time': datetime.datetime(2021, 7, 29, 13, 13, 25), 'speed': None, 'rudder': 0, 'datum': (42.3, -71.1)}
2021-07-29 14:13:27,407 [INFO] Processing: $BFNVG,131326.12,4218.003044,N,07105.994425,W,0,10.0,1.0,54.5,0.0,0.0,131326.12*60
2021-07-29 14:13:27,409 [INFO] Interpreted as: {'position': (7.7983998117852025, 5.444505572319031), 'latlon': (42.300050733333336, -71.09990708333333), 'heading': 54.5, 'depth': 1.0, 'altitude': 10.0, 'roll': 0.0, 'pitch': 0.0, 'last_fix_time': datetime.datetime(2021, 7, 29, 13, 13, 26), 'speed': None, 'rudder': 0, 'datum': (42.3, -71.1)}
2021-07-29 14:13:27,410 [INFO] Received from Frontseat: [b'$BFNVG,131325.09,4218.002729,N,07105.995062,W,0,10.0,1.0,60.9,0.0,0.0,131325.09*60', b'$BFNVG,131325.43,4218.002828,N,07105.994845,W,0,10.0,1.0,58.8,0.0,0.0,131325.43*68', b'$BFNVG,131325.77,4218.002932,N,07105.994633,W,0,10.0,1.0,56.7,0.0,0.0,131325.77*6C', b'$BFNVG,131326.12,4218.003044,N,07105.994425,W,0,10.0,1.0,54.5,0.0,0.0,131326.12*60']
2021-07-29 14:13:27,410 [INFO] AUV state: {'position': (7.7983998117852025, 5.444505572319031), 'latlon': (42.300050733333336, -71.09990708333333), 'heading': 54.5, 'depth': 1.0, 'altitude': 10.0, 'roll': 0.0, 'pitch': 0.0, 'last_fix_time': datetime.datetime(2021, 7, 29, 13, 13, 26), 'speed': None, 'rudder': 0, 'datum': (42.3, -71.1)}
2021-07-29 14:13:27,769 [INFO] Next green buoy: [], next red buoy: [(-21.433254057339546, -7.539633221343991), (-7.606062551031266, -4.714349240924629)]
2021-07-29 14:13:27,770 [INFO] Desired_heading: 33.066745942660454
2021-07-29 14:13:27,770 [INFO] delta angle: -25
2021-07-29 14:13:27,771 [INFO] sending message $BPRMB,131328.38,25,1,0,1000,0,1*4a
...
2021-07-29 14:13:28,772 [INFO] sending message $BPSTS,131328.77,1,BWSI Autonomy OK*4e
...
2021-07-29 14:13:28,773 [INFO] Processing: $BFNVG,131326.46,4218.003160,N,07105.994224,W,0,10.0,1.0,52.4,0.0,0.0,131326.46*67
2021-07-29 14:13:28,775 [INFO] Interpreted as: {'position': (8.079847160086501, 5.652371828444302), 'latlon': (42.300052666666666, -71.09990373333333), 'heading': 52.4, 'depth': 1.0, 'altitude': 10.0, 'roll': 0.0, 'pitch': 0.0, 'last_fix_time': datetime.datetime(2021, 7, 29, 13, 13, 26), 'speed': None, 'rudder': 0, 'datum': (42.3, -71.1)}
2021-07-29 14:13:28,776 [INFO] Processing: $BFNVG,131326.80,4218.003283,N,07105.994028,W,0,10.0,1.0,50.3,0.0,0.0,131326.80*62
2021-07-29 14:13:28,777 [INFO] Interpreted as: {'position': (8.354744786163792, 5.873362493701279), 'latlon': (42.300054716666665, -71.09990046666667), 'heading': 50.3, 'depth': 1.0, 'altitude': 10.0, 'roll': 0.0, 'pitch': 0.0, 'last_fix_time': datetime.datetime(2021, 7, 29, 13, 13, 26), 'speed': None, 'rudder': 0, 'datum': (42.3, -71.1)}
2021-07-29 14:13:28,778 [INFO] Processing: $BFNVG,131327.15,4218.003415,N,07105.993832,W,0,10.0,1.0,48.0,0.0,0.0,131327.15*65
2021-07-29 14:13:28,780 [INFO] Interpreted as: {'position': (8.63005342829274, 6.1110094441100955), 'latlon': (42.30005691666667, -71.0998972), 'heading': 48.0, 'depth': 1.0, 'altitude': 10.0, 'roll': 0.0, 'pitch': 0.0, 'last_fix_time': datetime.datetime(2021, 7, 29, 13, 13, 27), 'speed': None, 'rudder': 0, 'datum': (42.3, -71.1)}
2021-07-29 14:13:28,781 [INFO] Processing: $BFNVG,131327.50,4218.003552,N,07105.993645,W,0,10.0,1.0,45.8,0.0,0.0,131327.50*6C
2021-07-29 14:13:28,783 [INFO] Interpreted as: {'position': (8.893225490115583, 6.3582150200381875), 'latlon': (42.3000592, -71.09989408333334), 'heading': 45.8, 'depth': 1.0, 'altitude': 10.0, 'roll': 0.0, 'pitch': 0.0, 'last_fix_time': datetime.datetime(2021, 7, 29, 13, 13, 27), 'speed': None, 'rudder': 0, 'datum': (42.3, -71.1)}
2021-07-29 14:13:28,784 [INFO] Received from Frontseat: [b'$BFNVG,131326.46,4218.003160,N,07105.994224,W,0,10.0,1.0,52.4,0.0,0.0,131326.46*67', b'$BFNVG,131326.80,4218.003283,N,07105.994028,W,0,10.0,1.0,50.3,0.0,0.0,131326.80*62', b'$BFNVG,131327.15,4218.003415,N,07105.993832,W,0,10.0,1.0,48.0,0.0,0.0,131327.15*65', b'$BFNVG,131327.50,4218.003552,N,07105.993645,W,0,10.0,1.0,45.8,0.0,0.0,131327.50*6C']
2021-07-29 14:13:28,784 [INFO] AUV state: {'position': (8.893225490115583, 6.3582150200381875), 'latlon': (42.3000592, -71.09989408333334), 'heading': 45.8, 'depth': 1.0, 'altitude': 10.0, 'roll': 0.0, 'pitch': 0.0, 'last_fix_time': datetime.datetime(2021, 7, 29, 13, 13, 27), 'speed': None, 'rudder': 0, 'datum': (42.3, -71.1)}
2021-07-29 14:13:29,129 [INFO] Next green buoy: [], next red buoy: [(-15.993458307611542, -9.082515815725932), (1.670260953066826, -5.348818804176342)]
2021-07-29 14:13:29,129 [INFO] Desired_heading: 29.806541692388457
2021-07-29 14:13:29,130 [INFO] delta angle: -25
2021-07-29 14:13:29,130 [INFO] sending message $BPRMB,131329.16,25,1,0,1000,0,1*47
...
2021-07-29 14:13:30,132 [INFO] sending message $BPSTS,131330.13,1,BWSI Autonomy OK*45
...
2021-07-29 14:13:30,133 [INFO] Processing: $BFNVG,131327.85,4218.003692,N,07105.993466,W,0,10.0,1.0,43.7,0.0,0.0,131327.85*69
2021-07-29 14:13:30,135 [INFO] Interpreted as: {'position': (9.14554351742845, 6.611243922263384), 'latlon': (42.300061533333334, -71.0998911), 'heading': 43.7, 'depth': 1.0, 'altitude': 10.0, 'roll': 0.0, 'pitch': 0.0, 'last_fix_time': datetime.datetime(2021, 7, 29, 13, 13, 27), 'speed': None, 'rudder': 0, 'datum': (42.3, -71.1)}
2021-07-29 14:13:30,135 [INFO] Processing: $BFNVG,131328.22,4218.003845,N,07105.993286,W,0,10.0,1.0,41.4,0.0,0.0,131328.22*64
2021-07-29 14:13:30,137 [INFO] Interpreted as: {'position': (9.399829109199345, 6.8882979936897755), 'latlon': (42.30006408333333, -71.0998881), 'heading': 41.4, 'depth': 1.0, 'altitude': 10.0, 'roll': 0.0, 'pitch': 0.0, 'last_fix_time': datetime.datetime(2021, 7, 29, 13, 13, 28), 'speed': None, 'rudder': 0, 'datum': (42.3, -71.1)}
2021-07-29 14:13:30,139 [INFO] Processing: $BFNVG,131328.60,4218.004011,N,07105.993107,W,0,10.0,1.0,39.0,0.0,0.0,131328.60*6B
2021-07-29 14:13:30,140 [INFO] Interpreted as: {'position': (9.653334510454442, 7.189445038326085), 'latlon': (42.30006685, -71.09988511666667), 'heading': 39.0, 'depth': 1.0, 'altitude': 10.0, 'roll': 0.0, 'pitch': 0.0, 'last_fix_time': datetime.datetime(2021, 7, 29, 13, 13, 28), 'speed': None, 'rudder': 0, 'datum': (42.3, -71.1)}
2021-07-29 14:13:30,141 [INFO] Processing: $BFNVG,131328.96,4218.004174,N,07105.992945,W,0,10.0,1.0,36.7,0.0,0.0,131328.96*6E
2021-07-29 14:13:30,143 [INFO] Interpreted as: {'position': (9.883346948889084, 7.485616355203092), 'latlon': (42.300069566666664, -71.09988241666667), 'heading': 36.7, 'depth': 1.0, 'altitude': 10.0, 'roll': 0.0, 'pitch': 0.0, 'last_fix_time': datetime.datetime(2021, 7, 29, 13, 13, 28), 'speed': None, 'rudder': 0, 'datum': (42.3, -71.1)}
2021-07-29 14:13:30,143 [INFO] Received from Frontseat: [b'$BFNVG,131327.85,4218.003692,N,07105.993466,W,0,10.0,1.0,43.7,0.0,0.0,131327.85*69', b'$BFNVG,131328.22,4218.003845,N,07105.993286,W,0,10.0,1.0,41.4,0.0,0.0,131328.22*64', b'$BFNVG,131328.60,4218.004011,N,07105.993107,W,0,10.0,1.0,39.0,0.0,0.0,131328.60*6B', b'$BFNVG,131328.96,4218.004174,N,07105.992945,W,0,10.0,1.0,36.7,0.0,0.0,131328.96*6E']
2021-07-29 14:13:30,144 [INFO] AUV state: {'position': (9.883346948889084, 7.485616355203092), 'latlon': (42.300069566666664, -71.09988241666667), 'heading': 36.7, 'depth': 1.0, 'altitude': 10.0, 'roll': 0.0, 'pitch': 0.0, 'last_fix_time': datetime.datetime(2021, 7, 29, 13, 13, 28), 'speed': None, 'rudder': 0, 'datum': (42.3, -71.1)}
2021-07-29 14:13:30,507 [INFO] Next green buoy: [], next red buoy: [(-9.533614860501837, -11.610164156796408), (12.659776070555036, -6.063663192322946)]
2021-07-29 14:13:30,508 [INFO] Desired_heading: 27.166385139498168
2021-07-29 14:13:30,508 [INFO] delta angle: -23.54921267869696
2021-07-29 14:13:30,508 [INFO] sending message $BPRMB,131331.10,23.54921267869696,1,0,1000,0,1*66
...
2021-07-29 14:13:31,510 [INFO] sending message $BPSTS,131331.51,1,BWSI Autonomy OK*42
...
2021-07-29 14:13:31,511 [INFO] Processing: $BFNVG,131329.31,4218.004334,N,07105.992798,W,0,10.0,1.0,34.5,0.0,0.0,131329.31*66
2021-07-29 14:13:31,513 [INFO] Interpreted as: {'position': (10.092614186462015, 7.776744131930172), 'latlon': (42.30007223333333, -71.09987996666666), 'heading': 34.5, 'depth': 1.0, 'altitude': 10.0, 'roll': 0.0, 'pitch': 0.0, 'last_fix_time': datetime.datetime(2021, 7, 29, 13, 13, 29), 'speed': None, 'rudder': 0, 'datum': (42.3, -71.1)}
2021-07-29 14:13:31,515 [INFO] Processing: $BFNVG,131329.66,4218.004498,N,07105.992660,W,0,10.0,1.0,32.3,0.0,0.0,131329.66*61
2021-07-29 14:13:31,517 [INFO] Interpreted as: {'position': (10.28969918191433, 8.075579833239317), 'latlon': (42.300074966666664, -71.09987766666667), 'heading': 32.3, 'depth': 1.0, 'altitude': 10.0, 'roll': 0.0, 'pitch': 0.0, 'last_fix_time': datetime.datetime(2021, 7, 29, 13, 13, 29), 'speed': None, 'rudder': 0, 'datum': (42.3, -71.1)}
2021-07-29 14:13:31,517 [INFO] Processing: $BFNVG,131330.00,4218.004663,N,07105.992533,W,0,10.0,1.0,30.2,0.0,0.0,131330.00*61
2021-07-29 14:13:31,519 [INFO] Interpreted as: {'position': (10.471717171487398, 8.376639168709517), 'latlon': (42.300077716666664, -71.09987555), 'heading': 30.2, 'depth': 1.0, 'altitude': 10.0, 'roll': 0.0, 'pitch': 0.0, 'last_fix_time': datetime.datetime(2021, 7, 29, 13, 13, 30), 'speed': None, 'rudder': 0, 'datum': (42.3, -71.1)}
2021-07-29 14:13:31,520 [INFO] Processing: $BFNVG,131330.34,4218.004832,N,07105.992413,W,0,10.0,1.0,28.1,0.0,0.0,131330.34*62
2021-07-29 14:13:31,522 [INFO] Interpreted as: {'position': (10.644300677580759, 8.685338619165123), 'latlon': (42.300080533333336, -71.09987355), 'heading': 28.1, 'depth': 1.0, 'altitude': 10.0, 'roll': 0.0, 'pitch': 0.0, 'last_fix_time': datetime.datetime(2021, 7, 29, 13, 13, 30), 'speed': None, 'rudder': 0, 'datum': (42.3, -71.1)}
2021-07-29 14:13:31,524 [INFO] Received from Frontseat: [b'$BFNVG,131329.31,4218.004334,N,07105.992798,W,0,10.0,1.0,34.5,0.0,0.0,131329.31*66', b'$BFNVG,131329.66,4218.004498,N,07105.992660,W,0,10.0,1.0,32.3,0.0,0.0,131329.66*61', b'$BFNVG,131330.00,4218.004663,N,07105.992533,W,0,10.0,1.0,30.2,0.0,0.0,131330.00*61', b'$BFNVG,131330.34,4218.004832,N,07105.992413,W,0,10.0,1.0,28.1,0.0,0.0,131330.34*62']
2021-07-29 14:13:31,525 [INFO] AUV state: {'position': (10.644300677580759, 8.685338619165123), 'latlon': (42.300080533333336, -71.09987355), 'heading': 28.1, 'depth': 1.0, 'altitude': 10.0, 'roll': 0.0, 'pitch': 0.0, 'last_fix_time': datetime.datetime(2021, 7, 29, 13, 13, 30), 'speed': None, 'rudder': 0, 'datum': (42.3, -71.1)}
2021-07-29 14:13:31,884 [INFO] Next green buoy: [(-23.33209389789491, -11.875121808667034)], next red buoy: [(-1.8224646812334213, -15.861103561217085), (23.826405903551187, -7.011813203981432)]
2021-07-29 14:13:31,884 [INFO] Desired_heading: 15.522720710435836
2021-07-29 14:13:31,885 [INFO] delta angle: -25
2021-07-29 14:13:31,885 [INFO] sending message $BPRMB,131331.91,25,1,0,1000,0,1*41
...
2021-07-29 14:13:32,887 [INFO] sending message $BPSTS,131332.88,1,BWSI Autonomy OK*45
...
2021-07-29 14:13:32,888 [INFO] Processing: $BFNVG,131330.69,4218.005004,N,07105.992302,W,0,10.0,1.0,25.9,0.0,0.0,131330.69*6C
2021-07-29 14:13:32,890 [INFO] Interpreted as: {'position': (10.804656273452565, 8.999895290471613), 'latlon': (42.3000834, -71.0998717), 'heading': 25.9, 'depth': 1.0, 'altitude': 10.0, 'roll': 0.0, 'pitch': 0.0, 'last_fix_time': datetime.datetime(2021, 7, 29, 13, 13, 30), 'speed': None, 'rudder': 0, 'datum': (42.3, -71.1)}
2021-07-29 14:13:32,892 [INFO] Processing: $BFNVG,131331.03,4218.005180,N,07105.992199,W,0,10.0,1.0,23.9,0.0,0.0,131331.03*67
2021-07-29 14:13:32,894 [INFO] Interpreted as: {'position': (10.954203509958461, 9.322125978767872), 'latlon': (42.30008633333333, -71.09986998333333), 'heading': 23.9, 'depth': 1.0, 'altitude': 10.0, 'roll': 0.0, 'pitch': 0.0, 'last_fix_time': datetime.datetime(2021, 7, 29, 13, 13, 31), 'speed': None, 'rudder': 0, 'datum': (42.3, -71.1)}
2021-07-29 14:13:32,894 [INFO] Processing: $BFNVG,131331.38,4218.005358,N,07105.992104,W,0,10.0,1.0,21.8,0.0,0.0,131331.38*67
2021-07-29 14:13:32,896 [INFO] Interpreted as: {'position': (11.092851051595062, 9.648329286836088), 'latlon': (42.3000893, -71.0998684), 'heading': 21.8, 'depth': 1.0, 'altitude': 10.0, 'roll': 0.0, 'pitch': 0.0, 'last_fix_time': datetime.datetime(2021, 7, 29, 13, 13, 31), 'speed': None, 'rudder': 0, 'datum': (42.3, -71.1)}
2021-07-29 14:13:32,897 [INFO] Processing: $BFNVG,131331.73,4218.005541,N,07105.992018,W,0,10.0,1.0,19.8,0.0,0.0,131331.73*6E
2021-07-29 14:13:32,899 [INFO] Interpreted as: {'position': (11.219362025614828, 9.984091209247708), 'latlon': (42.30009235, -71.09986696666667), 'heading': 19.8, 'depth': 1.0, 'altitude': 10.0, 'roll': 0.0, 'pitch': 0.0, 'last_fix_time': datetime.datetime(2021, 7, 29, 13, 13, 31), 'speed': None, 'rudder': 0, 'datum': (42.3, -71.1)}
2021-07-29 14:13:32,900 [INFO] Received from Frontseat: [b'$BFNVG,131330.69,4218.005004,N,07105.992302,W,0,10.0,1.0,25.9,0.0,0.0,131330.69*6C', b'$BFNVG,131331.03,4218.005180,N,07105.992199,W,0,10.0,1.0,23.9,0.0,0.0,131331.03*67', b'$BFNVG,131331.38,4218.005358,N,07105.992104,W,0,10.0,1.0,21.8,0.0,0.0,131331.38*67', b'$BFNVG,131331.73,4218.005541,N,07105.992018,W,0,10.0,1.0,19.8,0.0,0.0,131331.73*6E']
2021-07-29 14:13:32,901 [INFO] AUV state: {'position': (11.219362025614828, 9.984091209247708), 'latlon': (42.30009235, -71.09986696666667), 'heading': 19.8, 'depth': 1.0, 'altitude': 10.0, 'roll': 0.0, 'pitch': 0.0, 'last_fix_time': datetime.datetime(2021, 7, 29, 13, 13, 31), 'speed': None, 'rudder': 0, 'datum': (42.3, -71.1)}
2021-07-29 14:13:33,287 [INFO] Next green buoy: [(-21.87378330568375, -16.151990125293498)], next red buoy: [(9.079219842336226, -23.924845576168163)]
2021-07-29 14:13:33,288 [INFO] Desired_heading: 13.402718268326238
2021-07-29 14:13:33,288 [INFO] delta angle: -12.944438089902974
2021-07-29 14:13:33,289 [INFO] sending message $BPRMB,131333.85,12.944438089902974,1,0,1000,0,1*5a
...
2021-07-29 14:13:34,291 [INFO] sending message $BPSTS,131334.29,1,BWSI Autonomy OK*48
...
2021-07-29 14:13:34,292 [INFO] Processing: $BFNVG,131332.07,4218.005725,N,07105.991940,W,0,10.0,1.0,17.8,0.0,0.0,131332.07*67
2021-07-29 14:13:34,294 [INFO] Interpreted as: {'position': (11.3349276361987, 10.32197505235672), 'latlon': (42.300095416666665, -71.09986566666667), 'heading': 17.8, 'depth': 1.0, 'altitude': 10.0, 'roll': 0.0, 'pitch': 0.0, 'last_fix_time': datetime.datetime(2021, 7, 29, 13, 13, 32), 'speed': None, 'rudder': 0, 'datum': (42.3, -71.1)}
2021-07-29 14:13:34,295 [INFO] Processing: $BFNVG,131332.42,4218.005913,N,07105.991871,W,0,10.0,1.0,15.6,0.0,0.0,131332.42*63
2021-07-29 14:13:34,297 [INFO] Interpreted as: {'position': (11.438311014848296, 10.667566812597215), 'latlon': (42.30009855, -71.09986451666667), 'heading': 15.6, 'depth': 1.0, 'altitude': 10.0, 'roll': 0.0, 'pitch': 0.0, 'last_fix_time': datetime.datetime(2021, 7, 29, 13, 13, 32), 'speed': None, 'rudder': 0, 'datum': (42.3, -71.1)}
2021-07-29 14:13:34,298 [INFO] Processing: $BFNVG,131332.77,4218.006101,N,07105.991813,W,0,10.0,1.0,13.4,0.0,0.0,131332.77*6B
2021-07-29 14:13:34,300 [INFO] Interpreted as: {'position': (11.526581731217448, 11.013531506061554), 'latlon': (42.30010168333333, -71.09986355), 'heading': 13.4, 'depth': 1.0, 'altitude': 10.0, 'roll': 0.0, 'pitch': 0.0, 'last_fix_time': datetime.datetime(2021, 7, 29, 13, 13, 32), 'speed': None, 'rudder': 0, 'datum': (42.3, -71.1)}
2021-07-29 14:13:34,301 [INFO] Processing: $BFNVG,131333.12,4218.006291,N,07105.991763,W,0,10.0,1.0,11.2,0.0,0.0,131333.12*6D
2021-07-29 14:13:34,303 [INFO] Interpreted as: {'position': (11.60395275632618, 11.36346881557256), 'latlon': (42.30010485, -71.09986271666666), 'heading': 11.2, 'depth': 1.0, 'altitude': 10.0, 'roll': 0.0, 'pitch': 0.0, 'last_fix_time': datetime.datetime(2021, 7, 29, 13, 13, 33), 'speed': None, 'rudder': 0, 'datum': (42.3, -71.1)}
2021-07-29 14:13:34,304 [INFO] Received from Frontseat: [b'$BFNVG,131332.07,4218.005725,N,07105.991940,W,0,10.0,1.0,17.8,0.0,0.0,131332.07*67', b'$BFNVG,131332.42,4218.005913,N,07105.991871,W,0,10.0,1.0,15.6,0.0,0.0,131332.42*63', b'$BFNVG,131332.77,4218.006101,N,07105.991813,W,0,10.0,1.0,13.4,0.0,0.0,131332.77*6B', b'$BFNVG,131333.12,4218.006291,N,07105.991763,W,0,10.0,1.0,11.2,0.0,0.0,131333.12*6D']
2021-07-29 14:13:34,305 [INFO] AUV state: {'position': (11.60395275632618, 11.36346881557256), 'latlon': (42.30010485, -71.09986271666666), 'heading': 11.2, 'depth': 1.0, 'altitude': 10.0, 'roll': 0.0, 'pitch': 0.0, 'last_fix_time': datetime.datetime(2021, 7, 29, 13, 13, 33), 'speed': None, 'rudder': 0, 'datum': (42.3, -71.1)}
2021-07-29 14:13:34,661 [INFO] Next green buoy: [(-22.45083005663303, -23.99599175523436)], next red buoy: [(-22.593094348650784, -23.812302354926192), (-21.309921386181117, -24.346797866670467)]
2021-07-29 14:13:34,661 [INFO] Desired_heading: -11.32196220264191
2021-07-29 14:13:34,662 [INFO] delta angle: -25
2021-07-29 14:13:34,662 [INFO] sending message $BPRMB,131334.72,25,1,0,1000,0,1*49
...
2021-07-29 14:13:35,664 [INFO] sending message $BPSTS,131335.66,1,BWSI Autonomy OK*42
...
2021-07-29 14:13:35,665 [INFO] Processing: $BFNVG,131333.47,4218.006484,N,07105.991724,W,0,10.0,1.0,9.0,0.0,0.0,131333.47*57
2021-07-29 14:13:35,667 [INFO] Interpreted as: {'position': (11.6663481349824, 11.719331149943173), 'latlon': (42.30010806666667, -71.09986206666666), 'heading': 9.0, 'depth': 1.0, 'altitude': 10.0, 'roll': 0.0, 'pitch': 0.0, 'last_fix_time': datetime.datetime(2021, 7, 29, 13, 13, 33), 'speed': None, 'rudder': 0, 'datum': (42.3, -71.1)}
2021-07-29 14:13:35,668 [INFO] Processing: $BFNVG,131333.82,4218.006678,N,07105.991691,W,0,10.0,1.0,7.9,0.0,0.0,131333.82*5E
2021-07-29 14:13:35,670 [INFO] Interpreted as: {'position': (11.720545909367502, 12.077247598208487), 'latlon': (42.3001113, -71.09986151666666), 'heading': 7.9, 'depth': 1.0, 'altitude': 10.0, 'roll': 0.0, 'pitch': 0.0, 'last_fix_time': datetime.datetime(2021, 7, 29, 13, 13, 33), 'speed': None, 'rudder': 0, 'datum': (42.3, -71.1)}
2021-07-29 14:13:35,671 [INFO] Processing: $BFNVG,131334.18,4218.006878,N,07105.991664,W,0,10.0,1.0,6.7,0.0,0.0,131334.18*55
2021-07-29 14:13:35,673 [INFO] Interpreted as: {'position': (11.766774430987425, 12.446471649222076), 'latlon': (42.30011463333334, -71.09986106666666), 'heading': 6.7, 'depth': 1.0, 'altitude': 10.0, 'roll': 0.0, 'pitch': 0.0, 'last_fix_time': datetime.datetime(2021, 7, 29, 13, 13, 34), 'speed': None, 'rudder': 0, 'datum': (42.3, -71.1)}
2021-07-29 14:13:35,674 [INFO] Processing: $BFNVG,131334.54,4218.007076,N,07105.991642,W,0,10.0,1.0,5.5,0.0,0.0,131334.54*57
2021-07-29 14:13:35,676 [INFO] Interpreted as: {'position': (11.806042224692646, 12.81216381676495), 'latlon': (42.30011793333333, -71.0998607), 'heading': 5.5, 'depth': 1.0, 'altitude': 10.0, 'roll': 0.0, 'pitch': 0.0, 'last_fix_time': datetime.datetime(2021, 7, 29, 13, 13, 34), 'speed': None, 'rudder': 0, 'datum': (42.3, -71.1)}
2021-07-29 14:13:35,677 [INFO] Received from Frontseat: [b'$BFNVG,131333.47,4218.006484,N,07105.991724,W,0,10.0,1.0,9.0,0.0,0.0,131333.47*57', b'$BFNVG,131333.82,4218.006678,N,07105.991691,W,0,10.0,1.0,7.9,0.0,0.0,131333.82*5E', b'$BFNVG,131334.18,4218.006878,N,07105.991664,W,0,10.0,1.0,6.7,0.0,0.0,131334.18*55', b'$BFNVG,131334.54,4218.007076,N,07105.991642,W,0,10.0,1.0,5.5,0.0,0.0,131334.54*57']
2021-07-29 14:13:35,678 [INFO] AUV state: {'position': (11.806042224692646, 12.81216381676495), 'latlon': (42.30011793333333, -71.0998607), 'heading': 5.5, 'depth': 1.0, 'altitude': 10.0, 'roll': 0.0, 'pitch': 0.0, 'last_fix_time': datetime.datetime(2021, 7, 29, 13, 13, 34), 'speed': None, 'rudder': 0, 'datum': (42.3, -71.1)}
2021-07-29 14:13:35,997 [INFO] Next green buoy: [], next red buoy: []
2021-07-29 14:13:35,998 [INFO] Desired_heading: 0.5
2021-07-29 14:13:35,999 [INFO] delta angle: -8.944271909999145
2021-07-29 14:13:35,999 [INFO] sending message $BPRMB,131336.60,8.944271909999145,1,0,1000,0,1*6d
...
2021-07-29 14:13:37,001 [INFO] sending message $BPSTS,131337.00,1,BWSI Autonomy OK*40
...
2021-07-29 14:13:37,002 [INFO] Processing: $BFNVG,131334.89,4218.007272,N,07105.991625,W,0,10.0,1.0,4.4,0.0,0.0,131334.89*50
2021-07-29 14:13:37,004 [INFO] Interpreted as: {'position': (11.838349291705526, 13.174324105493724), 'latlon': (42.3001212, -71.09986041666667), 'heading': 4.4, 'depth': 1.0, 'altitude': 10.0, 'roll': 0.0, 'pitch': 0.0, 'last_fix_time': datetime.datetime(2021, 7, 29, 13, 13, 34), 'speed': None, 'rudder': 0, 'datum': (42.3, -71.1)}
2021-07-29 14:13:37,005 [INFO] Processing: $BFNVG,131335.25,4218.007469,N,07105.991617,W,0,10.0,1.0,2.2,0.0,0.0,131335.25*5D
2021-07-29 14:13:37,007 [INFO] Interpreted as: {'position': (11.85833713435568, 13.53864021692425), 'latlon': (42.300124483333335, -71.09986028333333), 'heading': 2.2, 'depth': 1.0, 'altitude': 10.0, 'roll': 0.0, 'pitch': 0.0, 'last_fix_time': datetime.datetime(2021, 7, 29, 13, 13, 35), 'speed': None, 'rudder': 0, 'datum': (42.3, -71.1)}
2021-07-29 14:13:37,008 [INFO] Processing: $BFNVG,131335.60,4218.007664,N,07105.991618,W,0,10.0,1.0,360.0,0.0,0.0,131335.60*58
2021-07-29 14:13:37,010 [INFO] Interpreted as: {'position': (11.86586874088971, 13.899560059420764), 'latlon': (42.30012773333333, -71.0998603), 'heading': 360.0, 'depth': 1.0, 'altitude': 10.0, 'roll': 0.0, 'pitch': 0.0, 'last_fix_time': datetime.datetime(2021, 7, 29, 13, 13, 35), 'speed': None, 'rudder': 0, 'datum': (42.3, -71.1)}
2021-07-29 14:13:37,011 [INFO] Processing: $BFNVG,131335.95,4218.007857,N,07105.991630,W,0,10.0,1.0,357.8,0.0,0.0,131335.95*50
2021-07-29 14:13:37,013 [INFO] Interpreted as: {'position': (11.858196365472395, 14.257151437923312), 'latlon': (42.30013095, -71.0998605), 'heading': 357.8, 'depth': 1.0, 'altitude': 10.0, 'roll': 0.0, 'pitch': 0.0, 'last_fix_time': datetime.datetime(2021, 7, 29, 13, 13, 35), 'speed': None, 'rudder': 0, 'datum': (42.3, -71.1)}
2021-07-29 14:13:37,014 [INFO] Received from Frontseat: [b'$BFNVG,131334.89,4218.007272,N,07105.991625,W,0,10.0,1.0,4.4,0.0,0.0,131334.89*50', b'$BFNVG,131335.25,4218.007469,N,07105.991617,W,0,10.0,1.0,2.2,0.0,0.0,131335.25*5D', b'$BFNVG,131335.60,4218.007664,N,07105.991618,W,0,10.0,1.0,360.0,0.0,0.0,131335.60*58', b'$BFNVG,131335.95,4218.007857,N,07105.991630,W,0,10.0,1.0,357.8,0.0,0.0,131335.95*50']
2021-07-29 14:13:37,015 [INFO] AUV state: {'position': (11.858196365472395, 14.257151437923312), 'latlon': (42.30013095, -71.0998605), 'heading': 357.8, 'depth': 1.0, 'altitude': 10.0, 'roll': 0.0, 'pitch': 0.0, 'last_fix_time': datetime.datetime(2021, 7, 29, 13, 13, 35), 'speed': None, 'rudder': 0, 'datum': (42.3, -71.1)}
2021-07-29 14:13:37,350 [INFO] Next green buoy: [], next red buoy: []
2021-07-29 14:13:37,351 [INFO] Desired_heading: 356.01114561800017
2021-07-29 14:13:37,351 [INFO] delta angle: -1.9140464399631583
2021-07-29 14:13:37,352 [INFO] sending message $BPRMB,131337.40,1.9140464399631583,1,0,1000,0,1*50
...
2021-07-29 14:13:38,353 [INFO] sending message $BPSTS,131338.35,1,BWSI Autonomy OK*49
...
2021-07-29 14:13:38,360 [INFO] Processing: $BFNVG,131336.31,4218.008055,N,07105.991652,W,0,10.0,1.0,355.6,0.0,0.0,131336.31*5D
2021-07-29 14:13:38,362 [INFO] Interpreted as: {'position': (11.837013569369446, 14.62433533091098), 'latlon': (42.30013425, -71.09986086666666), 'heading': 355.6, 'depth': 1.0, 'altitude': 10.0, 'roll': 0.0, 'pitch': 0.0, 'last_fix_time': datetime.datetime(2021, 7, 29, 13, 13, 36), 'speed': None, 'rudder': 0, 'datum': (42.3, -71.1)}
2021-07-29 14:13:38,363 [INFO] Processing: $BFNVG,131336.68,4218.008262,N,07105.991682,W,0,10.0,1.0,354.7,0.0,0.0,131336.68*56
2021-07-29 14:13:38,364 [INFO] Interpreted as: {'position': (11.805250785371754, 15.008446721360087), 'latlon': (42.3001377, -71.09986136666667), 'heading': 354.7, 'depth': 1.0, 'altitude': 10.0, 'roll': 0.0, 'pitch': 0.0, 'last_fix_time': datetime.datetime(2021, 7, 29, 13, 13, 36), 'speed': None, 'rudder': 0, 'datum': (42.3, -71.1)}
2021-07-29 14:13:38,366 [INFO] Processing: $BFNVG,131337.05,4218.008465,N,07105.991716,W,0,10.0,1.0,353.9,0.0,0.0,131337.05*52
2021-07-29 14:13:38,368 [INFO] Interpreted as: {'position': (11.76780982274795, 15.385290934704244), 'latlon': (42.30014108333334, -71.09986193333333), 'heading': 353.9, 'depth': 1.0, 'altitude': 10.0, 'roll': 0.0, 'pitch': 0.0, 'last_fix_time': datetime.datetime(2021, 7, 29, 13, 13, 37), 'speed': None, 'rudder': 0, 'datum': (42.3, -71.1)}
2021-07-29 14:13:38,369 [INFO] Received from Frontseat: [b'$BFNVG,131336.31,4218.008055,N,07105.991652,W,0,10.0,1.0,355.6,0.0,0.0,131336.31*5D', b'$BFNVG,131336.68,4218.008262,N,07105.991682,W,0,10.0,1.0,354.7,0.0,0.0,131336.68*56', b'$BFNVG,131337.05,4218.008465,N,07105.991716,W,0,10.0,1.0,353.9,0.0,0.0,131337.05*52']
2021-07-29 14:13:38,370 [INFO] AUV state: {'position': (11.76780982274795, 15.385290934704244), 'latlon': (42.30014108333334, -71.09986193333333), 'heading': 353.9, 'depth': 1.0, 'altitude': 10.0, 'roll': 0.0, 'pitch': 0.0, 'last_fix_time': datetime.datetime(2021, 7, 29, 13, 13, 37), 'speed': None, 'rudder': 0, 'datum': (42.3, -71.1)}
2021-07-29 14:13:38,715 [INFO] Next green buoy: [], next red buoy: []
2021-07-29 14:13:38,715 [INFO] Desired_heading: 353.51719071200733
2021-07-29 14:13:38,716 [INFO] delta angle: -0.18948013548231302
2021-07-29 14:13:38,716 [INFO] sending message $BPRMB,131339.30,0.18948013548231302,1,0,1000,0,1*6d
...
2021-07-29 14:13:39,718 [INFO] sending message $BPSTS,131339.71,1,BWSI Autonomy OK*48
...
2021-07-29 14:13:39,719 [INFO] Processing: $BFNVG,131337.41,4218.008663,N,07105.991753,W,0,10.0,1.0,353.1,0.0,0.0,131337.41*5F
2021-07-29 14:13:39,721 [INFO] Interpreted as: {'position': (11.726018887595274, 15.752983371727169), 'latlon': (42.30014438333333, -71.09986255), 'heading': 353.1, 'depth': 1.0, 'altitude': 10.0, 'roll': 0.0, 'pitch': 0.0, 'last_fix_time': datetime.datetime(2021, 7, 29, 13, 13, 37), 'speed': None, 'rudder': 0, 'datum': (42.3, -71.1)}
2021-07-29 14:13:39,722 [INFO] Processing: $BFNVG,131337.76,4218.008855,N,07105.991791,W,0,10.0,1.0,352.9,0.0,0.0,131337.76*53
2021-07-29 14:13:39,724 [INFO] Interpreted as: {'position': (11.682580066262744, 16.10960552841425), 'latlon': (42.300147583333334, -71.09986318333333), 'heading': 352.9, 'depth': 1.0, 'altitude': 10.0, 'roll': 0.0, 'pitch': 0.0, 'last_fix_time': datetime.datetime(2021, 7, 29, 13, 13, 37), 'speed': None, 'rudder': 0, 'datum': (42.3, -71.1)}
2021-07-29 14:13:39,725 [INFO] Processing: $BFNVG,131338.10,4218.009047,N,07105.991830,W,0,10.0,1.0,352.8,0.0,0.0,131338.10*5C
2021-07-29 14:13:39,727 [INFO] Interpreted as: {'position': (11.637767376494594, 16.46626159083098), 'latlon': (42.300150783333336, -71.09986383333333), 'heading': 352.8, 'depth': 1.0, 'altitude': 10.0, 'roll': 0.0, 'pitch': 0.0, 'last_fix_time': datetime.datetime(2021, 7, 29, 13, 13, 38), 'speed': None, 'rudder': 0, 'datum': (42.3, -71.1)}
2021-07-29 14:13:39,728 [INFO] Processing: $BFNVG,131338.46,4218.009239,N,07105.991870,W,0,10.0,1.0,352.6,0.0,0.0,131338.46*5D
2021-07-29 14:13:39,730 [INFO] Interpreted as: {'position': (11.591580816195346, 16.822951554320753), 'latlon': (42.30015398333333, -71.0998645), 'heading': 352.6, 'depth': 1.0, 'altitude': 10.0, 'roll': 0.0, 'pitch': 0.0, 'last_fix_time': datetime.datetime(2021, 7, 29, 13, 13, 38), 'speed': None, 'rudder': 0, 'datum': (42.3, -71.1)}
2021-07-29 14:13:39,731 [INFO] Received from Frontseat: [b'$BFNVG,131337.41,4218.008663,N,07105.991753,W,0,10.0,1.0,353.1,0.0,0.0,131337.41*5F', b'$BFNVG,131337.76,4218.008855,N,07105.991791,W,0,10.0,1.0,352.9,0.0,0.0,131337.76*53', b'$BFNVG,131338.10,4218.009047,N,07105.991830,W,0,10.0,1.0,352.8,0.0,0.0,131338.10*5C', b'$BFNVG,131338.46,4218.009239,N,07105.991870,W,0,10.0,1.0,352.6,0.0,0.0,131338.46*5D']
2021-07-29 14:13:39,732 [INFO] AUV state: {'position': (11.591580816195346, 16.822951554320753), 'latlon': (42.30015398333333, -71.0998645), 'heading': 352.6, 'depth': 1.0, 'altitude': 10.0, 'roll': 0.0, 'pitch': 0.0, 'last_fix_time': datetime.datetime(2021, 7, 29, 13, 13, 38), 'speed': None, 'rudder': 0, 'datum': (42.3, -71.1)}
2021-07-29 14:13:40,048 [INFO] Next green buoy: [], next red buoy: []
2021-07-29 14:13:40,049 [INFO] Desired_heading: 352.56210397290357
2021-07-29 14:13:40,049 [INFO] delta angle: -0.005901745945834591
2021-07-29 14:13:40,050 [INFO] sending message $BPRMB,131340.13,0.005901745945834591,1,0,1000,0,1*55
...
2021-07-29 14:13:41,052 [INFO] sending message $BPSTS,131341.05,1,BWSI Autonomy OK*44
...
2021-07-29 14:13:41,053 [INFO] Processing: $BFNVG,131338.81,4218.009435,N,07105.991911,W,0,10.0,1.0,352.4,0.0,0.0,131338.81*53
2021-07-29 14:13:41,055 [INFO] Interpreted as: {'position': (11.544203058467247, 17.187078209593892), 'latlon': (42.30015725, -71.09986518333334), 'heading': 352.4, 'depth': 1.0, 'altitude': 10.0, 'roll': 0.0, 'pitch': 0.0, 'last_fix_time': datetime.datetime(2021, 7, 29, 13, 13, 38), 'speed': None, 'rudder': 0, 'datum': (42.3, -71.1)}
2021-07-29 14:13:41,056 [INFO] Processing: $BFNVG,131339.17,4218.009629,N,07105.991953,W,0,10.0,1.0,352.4,0.0,0.0,131339.17*5A
2021-07-29 14:13:41,058 [INFO] Interpreted as: {'position': (11.49536009656731, 17.547537375241518), 'latlon': (42.300160483333336, -71.09986588333334), 'heading': 352.4, 'depth': 1.0, 'altitude': 10.0, 'roll': 0.0, 'pitch': 0.0, 'last_fix_time': datetime.datetime(2021, 7, 29, 13, 13, 39), 'speed': None, 'rudder': 0, 'datum': (42.3, -71.1)}
2021-07-29 14:13:41,059 [INFO] Processing: $BFNVG,131339.53,4218.009828,N,07105.991995,W,0,10.0,1.0,352.4,0.0,0.0,131339.53*5F
2021-07-29 14:13:41,062 [INFO] Interpreted as: {'position': (11.446745485649444, 17.91725002694875), 'latlon': (42.3001638, -71.09986658333334), 'heading': 352.4, 'depth': 1.0, 'altitude': 10.0, 'roll': 0.0, 'pitch': 0.0, 'last_fix_time': datetime.datetime(2021, 7, 29, 13, 13, 39), 'speed': None, 'rudder': 0, 'datum': (42.3, -71.1)}
2021-07-29 14:13:41,063 [INFO] Processing: $BFNVG,131339.88,4218.010020,N,07105.992036,W,0,10.0,1.0,352.4,0.0,0.0,131339.88*54
2021-07-29 14:13:41,065 [INFO] Interpreted as: {'position': (11.399185074144043, 18.273973897099495), 'latlon': (42.300167, -71.09986726666666), 'heading': 352.4, 'depth': 1.0, 'altitude': 10.0, 'roll': 0.0, 'pitch': 0.0, 'last_fix_time': datetime.datetime(2021, 7, 29, 13, 13, 39), 'speed': None, 'rudder': 0, 'datum': (42.3, -71.1)}
2021-07-29 14:13:41,066 [INFO] Received from Frontseat: [b'$BFNVG,131338.81,4218.009435,N,07105.991911,W,0,10.0,1.0,352.4,0.0,0.0,131338.81*53', b'$BFNVG,131339.17,4218.009629,N,07105.991953,W,0,10.0,1.0,352.4,0.0,0.0,131339.17*5A', b'$BFNVG,131339.53,4218.009828,N,07105.991995,W,0,10.0,1.0,352.4,0.0,0.0,131339.53*5F', b'$BFNVG,131339.88,4218.010020,N,07105.992036,W,0,10.0,1.0,352.4,0.0,0.0,131339.88*54']
2021-07-29 14:13:41,067 [INFO] AUV state: {'position': (11.399185074144043, 18.273973897099495), 'latlon': (42.300167, -71.09986726666666), 'heading': 352.4, 'depth': 1.0, 'altitude': 10.0, 'roll': 0.0, 'pitch': 0.0, 'last_fix_time': datetime.datetime(2021, 7, 29, 13, 13, 39), 'speed': None, 'rudder': 0, 'datum': (42.3, -71.1)}
2021-07-29 14:13:41,404 [INFO] Next green buoy: [], next red buoy: []
2021-07-29 14:13:41,405 [INFO] Desired_heading: 352.3988196508108
2021-07-29 14:13:41,405 [INFO] delta angle: -3.24418600143872e-05
2021-07-29 14:13:41,406 [INFO] sending message $BPRMB,131341.97,3.24418600143872e-05,1,0,1000,0,1*11
...
2021-07-29 14:13:42,408 [INFO] sending message $BPSTS,131342.40,1,BWSI Autonomy OK*46
...
2021-07-29 14:13:42,410 [INFO] Processing: $BFNVG,131340.23,4218.010212,N,07105.992077,W,0,10.0,1.0,352.4,0.0,0.0,131340.23*52
2021-07-29 14:13:42,412 [INFO] Interpreted as: {'position': (11.351624666829593, 18.63069776725024), 'latlon': (42.3001702, -71.09986795), 'heading': 352.4, 'depth': 1.0, 'altitude': 10.0, 'roll': 0.0, 'pitch': 0.0, 'last_fix_time': datetime.datetime(2021, 7, 29, 13, 13, 40), 'speed': None, 'rudder': 0, 'datum': (42.3, -71.1)}
2021-07-29 14:13:42,413 [INFO] Processing: $BFNVG,131340.59,4218.010412,N,07105.992120,W,0,10.0,1.0,352.4,0.0,0.0,131340.59*57
2021-07-29 14:13:42,416 [INFO] Interpreted as: {'position': (11.301681870943867, 19.002295021899045), 'latlon': (42.300173533333336, -71.09986866666667), 'heading': 352.4, 'depth': 1.0, 'altitude': 10.0, 'roll': 0.0, 'pitch': 0.0, 'last_fix_time': datetime.datetime(2021, 7, 29, 13, 13, 40), 'speed': None, 'rudder': 0, 'datum': (42.3, -71.1)}
2021-07-29 14:13:42,417 [INFO] Processing: $BFNVG,131340.94,4218.010606,N,07105.992162,W,0,10.0,1.0,352.4,0.0,0.0,131340.94*56
2021-07-29 14:13:42,420 [INFO] Interpreted as: {'position': (11.252838939195499, 19.36275419127196), 'latlon': (42.30017676666667, -71.09986936666667), 'heading': 352.4, 'depth': 1.0, 'altitude': 10.0, 'roll': 0.0, 'pitch': 0.0, 'last_fix_time': datetime.datetime(2021, 7, 29, 13, 13, 40), 'speed': None, 'rudder': 0, 'datum': (42.3, -71.1)}
2021-07-29 14:13:42,421 [INFO] Processing: $BFNVG,131341.30,4218.010802,N,07105.992204,W,0,10.0,1.0,352.4,0.0,0.0,131341.30*5F
2021-07-29 14:13:42,423 [INFO] Interpreted as: {'position': (11.204087352845818, 19.726914754137397), 'latlon': (42.30018003333333, -71.09987006666667), 'heading': 352.4, 'depth': 1.0, 'altitude': 10.0, 'roll': 0.0, 'pitch': 0.0, 'last_fix_time': datetime.datetime(2021, 7, 29, 13, 13, 41), 'speed': None, 'rudder': 0, 'datum': (42.3, -71.1)}
2021-07-29 14:13:42,425 [INFO] Received from Frontseat: [b'$BFNVG,131340.23,4218.010212,N,07105.992077,W,0,10.0,1.0,352.4,0.0,0.0,131340.23*52', b'$BFNVG,131340.59,4218.010412,N,07105.992120,W,0,10.0,1.0,352.4,0.0,0.0,131340.59*57', b'$BFNVG,131340.94,4218.010606,N,07105.992162,W,0,10.0,1.0,352.4,0.0,0.0,131340.94*56', b'$BFNVG,131341.30,4218.010802,N,07105.992204,W,0,10.0,1.0,352.4,0.0,0.0,131341.30*5F']
2021-07-29 14:13:42,426 [INFO] AUV state: {'position': (11.204087352845818, 19.726914754137397), 'latlon': (42.30018003333333, -71.09987006666667), 'heading': 352.4, 'depth': 1.0, 'altitude': 10.0, 'roll': 0.0, 'pitch': 0.0, 'last_fix_time': datetime.datetime(2021, 7, 29, 13, 13, 41), 'speed': None, 'rudder': 0, 'datum': (42.3, -71.1)}
2021-07-29 14:13:42,767 [INFO] Next green buoy: [], next red buoy: []
2021-07-29 14:13:42,768 [INFO] Desired_heading: 352.399993511628
2021-07-29 14:13:42,768 [INFO] delta angle: -1.3221892913861666e-08
2021-07-29 14:13:42,769 [INFO] sending message $BPRMB,131342.84,1.3221892913861666e-08,1,0,1000,0,1*1a
...
2021-07-29 14:13:43,771 [INFO] sending message $BPSTS,131343.77,1,BWSI Autonomy OK*43
...
2021-07-29 14:13:43,777 [INFO] Processing: $BFNVG,131341.65,4218.010995,N,07105.992245,W,0,10.0,1.0,352.4,0.0,0.0,131341.65*55
2021-07-29 14:13:43,779 [INFO] Interpreted as: {'position': (11.156572642619722, 20.08548932429403), 'latlon': (42.30018325, -71.09987075), 'heading': 352.4, 'depth': 1.0, 'altitude': 10.0, 'roll': 0.0, 'pitch': 0.0, 'last_fix_time': datetime.datetime(2021, 7, 29, 13, 13, 41), 'speed': None, 'rudder': 0, 'datum': (42.3, -71.1)}
2021-07-29 14:13:43,780 [INFO] Processing: $BFNVG,131342.01,4218.011188,N,07105.992287,W,0,10.0,1.0,352.4,0.0,0.0,131342.01*5E
2021-07-29 14:13:43,782 [INFO] Interpreted as: {'position': (11.107684062968474, 20.444097799248993), 'latlon': (42.300186466666666, -71.09987145), 'heading': 352.4, 'depth': 1.0, 'altitude': 10.0, 'roll': 0.0, 'pitch': 0.0, 'last_fix_time': datetime.datetime(2021, 7, 29, 13, 13, 42), 'speed': None, 'rudder': 0, 'datum': (42.3, -71.1)}
2021-07-29 14:13:43,783 [INFO] Processing: $BFNVG,131342.36,4218.011382,N,07105.992328,W,0,10.0,1.0,352.4,0.0,0.0,131342.36*52
2021-07-29 14:13:43,785 [INFO] Interpreted as: {'position': (11.060215030622203, 20.80452306661755), 'latlon': (42.3001897, -71.09987213333334), 'heading': 352.4, 'depth': 1.0, 'altitude': 10.0, 'roll': 0.0, 'pitch': 0.0, 'last_fix_time': datetime.datetime(2021, 7, 29, 13, 13, 42), 'speed': None, 'rudder': 0, 'datum': (42.3, -71.1)}
2021-07-29 14:13:43,786 [INFO] Processing: $BFNVG,131342.71,4218.011576,N,07105.992370,W,0,10.0,1.0,352.4,0.0,0.0,131342.71*52
2021-07-29 14:13:43,788 [INFO] Interpreted as: {'position': (11.011372133216355, 21.164982239715755), 'latlon': (42.300192933333335, -71.09987283333334), 'heading': 352.4, 'depth': 1.0, 'altitude': 10.0, 'roll': 0.0, 'pitch': 0.0, 'last_fix_time': datetime.datetime(2021, 7, 29, 13, 13, 42), 'speed': None, 'rudder': 0, 'datum': (42.3, -71.1)}
2021-07-29 14:13:43,789 [INFO] Received from Frontseat: [b'$BFNVG,131341.65,4218.010995,N,07105.992245,W,0,10.0,1.0,352.4,0.0,0.0,131341.65*55', b'$BFNVG,131342.01,4218.011188,N,07105.992287,W,0,10.0,1.0,352.4,0.0,0.0,131342.01*5E', b'$BFNVG,131342.36,4218.011382,N,07105.992328,W,0,10.0,1.0,352.4,0.0,0.0,131342.36*52', b'$BFNVG,131342.71,4218.011576,N,07105.992370,W,0,10.0,1.0,352.4,0.0,0.0,131342.71*52']
2021-07-29 14:13:43,790 [INFO] AUV state: {'position': (11.011372133216355, 21.164982239715755), 'latlon': (42.300192933333335, -71.09987283333334), 'heading': 352.4, 'depth': 1.0, 'altitude': 10.0, 'roll': 0.0, 'pitch': 0.0, 'last_fix_time': datetime.datetime(2021, 7, 29, 13, 13, 42), 'speed': None, 'rudder': 0, 'datum': (42.3, -71.1)}
2021-07-29 14:13:44,101 [INFO] Next green buoy: [], next red buoy: []
2021-07-29 14:13:44,101 [INFO] Desired_heading: 352.3999999973556
2021-07-29 14:13:44,102 [INFO] delta angle: -1.1368683772161603e-13
2021-07-29 14:13:44,102 [INFO] sending message $BPRMB,131344.69,1.1368683772161603e-13,1,0,1000,0,1*16
...
2021-07-29 14:13:45,104 [INFO] sending message $BPSTS,131345.10,1,BWSI Autonomy OK*44
...
2021-07-29 14:13:45,105 [INFO] Processing: $BFNVG,131343.06,4218.011769,N,07105.992411,W,0,10.0,1.0,352.4,0.0,0.0,131343.06*5E
2021-07-29 14:13:45,107 [INFO] Interpreted as: {'position': (10.963857448310591, 21.52355681359768), 'latlon': (42.30019615, -71.09987351666666), 'heading': 352.4, 'depth': 1.0, 'altitude': 10.0, 'roll': 0.0, 'pitch': 0.0, 'last_fix_time': datetime.datetime(2021, 7, 29, 13, 13, 43), 'speed': None, 'rudder': 0, 'datum': (42.3, -71.1)}
2021-07-29 14:13:45,108 [INFO] Processing: $BFNVG,131343.42,4218.011963,N,07105.992453,W,0,10.0,1.0,352.4,0.0,0.0,131343.42*5C
2021-07-29 14:13:45,110 [INFO] Interpreted as: {'position': (10.915014561614953, 21.884015986695886), 'latlon': (42.300199383333336, -71.09987421666666), 'heading': 352.4, 'depth': 1.0, 'altitude': 10.0, 'roll': 0.0, 'pitch': 0.0, 'last_fix_time': datetime.datetime(2021, 7, 29, 13, 13, 43), 'speed': None, 'rudder': 0, 'datum': (42.3, -71.1)}
2021-07-29 14:13:45,111 [INFO] Processing: $BFNVG,131343.77,4218.012158,N,07105.992495,W,0,10.0,1.0,352.4,0.0,0.0,131343.77*55
2021-07-29 14:13:45,113 [INFO] Interpreted as: {'position': (10.86621735105291, 22.246325857937336), 'latlon': (42.300202633333335, -71.09987491666666), 'heading': 352.4, 'depth': 1.0, 'altitude': 10.0, 'roll': 0.0, 'pitch': 0.0, 'last_fix_time': datetime.datetime(2021, 7, 29, 13, 13, 43), 'speed': None, 'rudder': 0, 'datum': (42.3, -71.1)}
2021-07-29 14:13:45,114 [INFO] Received from Frontseat: [b'$BFNVG,131343.06,4218.011769,N,07105.992411,W,0,10.0,1.0,352.4,0.0,0.0,131343.06*5E', b'$BFNVG,131343.42,4218.011963,N,07105.992453,W,0,10.0,1.0,352.4,0.0,0.0,131343.42*5C', b'$BFNVG,131343.77,4218.012158,N,07105.992495,W,0,10.0,1.0,352.4,0.0,0.0,131343.77*55']
2021-07-29 14:13:45,115 [INFO] AUV state: {'position': (10.86621735105291, 22.246325857937336), 'latlon': (42.300202633333335, -71.09987491666666), 'heading': 352.4, 'depth': 1.0, 'altitude': 10.0, 'roll': 0.0, 'pitch': 0.0, 'last_fix_time': datetime.datetime(2021, 7, 29, 13, 13, 43), 'speed': None, 'rudder': 0, 'datum': (42.3, -71.1)}
2021-07-29 14:13:45,460 [INFO] Next green buoy: [], next red buoy: []
2021-07-29 14:13:45,461 [INFO] Desired_heading: 352.4
2021-07-29 14:13:45,461 [INFO] delta angle: 0.0
2021-07-29 14:13:45,462 [INFO] sending message $BPRMB,131345.50,-0.0,1,0,1000,0,1*4b
...
