2021-07-29 04:25:43,030 [INFO] host = 192.168.1.213, port = 29500
2021-07-29 04:25:47,067 [INFO] sending message $BPLOG,ACK,ON*1e
...
2021-07-29 04:25:47,068 [INFO] sending message $BPLOG,ALL,ON*16
...
2021-07-29 04:25:47,069 [INFO] sending message $BPSTS,032547.06,1,BWSI Autonomy OK*45
...
2021-07-29 04:25:47,070 [INFO] Received from Frontseat: []
2021-07-29 04:25:47,070 [INFO] AUV state: {'position': (None, None), 'latlon': None, 'heading': None, 'depth': None, 'altitude': None, 'roll': None, 'pitch': None, 'last_fix_time': None, 'speed': None, 'rudder': 0}
2021-07-29 04:25:48,072 [INFO] sending message $BPSTS,032548.07,1,BWSI Autonomy OK*4b
...
2021-07-29 04:25:48,073 [INFO] Processing: $BFNVG,032546.78,4218.000000,N,07106.000000,W,0,10.0,1.0,45.0,0.0,0.0,032546.78*62
2021-07-29 04:25:48,075 [INFO] Interpreted as: {'position': (0, 0), 'latlon': (42.3, -71.1), 'heading': 45.0, 'depth': 1.0, 'altitude': 10.0, 'roll': 0.0, 'pitch': 0.0, 'last_fix_time': datetime.datetime(2021, 7, 29, 3, 25, 46), 'speed': None, 'rudder': 0, 'datum': (42.3, -71.1)}
2021-07-29 04:25:48,077 [INFO] Processing: $BFNVG,032547.03,4218.000000,N,07106.000000,W,0,10.0,1.0,45.0,0.0,0.0,032547.03*62
2021-07-29 04:25:48,079 [INFO] Interpreted as: {'position': (0.0, 0.0), 'latlon': (42.3, -71.1), 'heading': 45.0, 'depth': 1.0, 'altitude': 10.0, 'roll': 0.0, 'pitch': 0.0, 'last_fix_time': datetime.datetime(2021, 7, 29, 3, 25, 47), 'speed': None, 'rudder': 0, 'datum': (42.3, -71.1)}
2021-07-29 04:25:48,080 [INFO] Processing: $BFNVG,032547.42,4218.000000,N,07106.000000,W,0,10.0,1.0,45.0,0.0,0.0,032547.42*62
2021-07-29 04:25:48,082 [INFO] Interpreted as: {'position': (0.0, 0.0), 'latlon': (42.3, -71.1), 'heading': 45.0, 'depth': 1.0, 'altitude': 10.0, 'roll': 0.0, 'pitch': 0.0, 'last_fix_time': datetime.datetime(2021, 7, 29, 3, 25, 47), 'speed': None, 'rudder': 0, 'datum': (42.3, -71.1)}
2021-07-29 04:25:48,083 [INFO] Received from Frontseat: [b'$BFNVG,032546.78,4218.000000,N,07106.000000,W,0,10.0,1.0,45.0,0.0,0.0,032546.78*62', b'$BFNVG,032547.03,4218.000000,N,07106.000000,W,0,10.0,1.0,45.0,0.0,0.0,032547.03*62', b'$BFNVG,032547.42,4218.000000,N,07106.000000,W,0,10.0,1.0,45.0,0.0,0.0,032547.42*62']
2021-07-29 04:25:48,083 [INFO] AUV state: {'position': (0.0, 0.0), 'latlon': (42.3, -71.1), 'heading': 45.0, 'depth': 1.0, 'altitude': 10.0, 'roll': 0.0, 'pitch': 0.0, 'last_fix_time': datetime.datetime(2021, 7, 29, 3, 25, 47), 'speed': None, 'rudder': 0, 'datum': (42.3, -71.1)}
2021-07-29 04:25:48,423 [INFO] **** [(-0.21993023293121178, -7.6862156757158235)] [(15.437560812208067, -7.329055330858309)]
2021-07-29 04:25:48,426 [INFO] Next green buoy: [(-0.21993023293121178, -7.6862156757158235)], next red buoy: [(15.437560812208067, -7.329055330858309)]
2021-07-29 04:25:48,426 [INFO] Desired_heading: 52.60881528963843
2021-07-29 04:25:48,427 [INFO] delta angle: 25
2021-07-29 04:25:48,427 [INFO] sending message $BPRMB,032549.06,-25,1,0,1000,0,1*69
...
2021-07-29 04:25:49,428 [INFO] sending message $BPSTS,032549.42,1,BWSI Autonomy OK*4b
...
2021-07-29 04:25:49,429 [INFO] Processing: $BFNVG,032547.76,4218.000000,N,07106.000000,W,0,10.0,1.0,45.0,0.0,0.0,032547.76*62
2021-07-29 04:25:49,431 [INFO] Interpreted as: {'position': (0.0, 0.0), 'latlon': (42.3, -71.1), 'heading': 45.0, 'depth': 1.0, 'altitude': 10.0, 'roll': 0.0, 'pitch': 0.0, 'last_fix_time': datetime.datetime(2021, 7, 29, 3, 25, 47), 'speed': None, 'rudder': 0, 'datum': (42.3, -71.1)}
2021-07-29 04:25:49,432 [INFO] Processing: $BFNVG,032548.10,4218.000000,N,07106.000000,W,0,10.0,1.0,45.0,0.0,0.0,032548.10*62
2021-07-29 04:25:49,434 [INFO] Interpreted as: {'position': (0.0, 0.0), 'latlon': (42.3, -71.1), 'heading': 45.0, 'depth': 1.0, 'altitude': 10.0, 'roll': 0.0, 'pitch': 0.0, 'last_fix_time': datetime.datetime(2021, 7, 29, 3, 25, 48), 'speed': None, 'rudder': 0, 'datum': (42.3, -71.1)}
2021-07-29 04:25:49,434 [INFO] Received from Frontseat: [b'$BFNVG,032547.76,4218.000000,N,07106.000000,W,0,10.0,1.0,45.0,0.0,0.0,032547.76*62', b'$BFNVG,032548.10,4218.000000,N,07106.000000,W,0,10.0,1.0,45.0,0.0,0.0,032548.10*62']
2021-07-29 04:25:49,435 [INFO] AUV state: {'position': (0.0, 0.0), 'latlon': (42.3, -71.1), 'heading': 45.0, 'depth': 1.0, 'altitude': 10.0, 'roll': 0.0, 'pitch': 0.0, 'last_fix_time': datetime.datetime(2021, 7, 29, 3, 25, 48), 'speed': None, 'rudder': 0, 'datum': (42.3, -71.1)}
2021-07-29 04:25:49,744 [INFO] **** [(-0.22035521470194389, -7.708961974233651)] [(15.437560812208067, -7.333901112744751)]
2021-07-29 04:25:49,746 [INFO] Next green buoy: [(-0.22035521470194389, -7.708961974233651)], next red buoy: [(15.437560812208067, -7.333901112744751)]
2021-07-29 04:25:49,747 [INFO] Desired_heading: 52.60860279875306
2021-07-29 04:25:49,747 [INFO] delta angle: 25
2021-07-29 04:25:49,748 [INFO] sending message $BPRMB,032549.79,-25,1,0,1000,0,1*61
...
2021-07-29 04:25:50,749 [INFO] sending message $BPSTS,032550.74,1,BWSI Autonomy OK*46
...
2021-07-29 04:25:50,751 [INFO] Processing: $BFNVG,032548.44,4218.000000,N,07106.000000,W,0,10.0,1.0,45.0,0.0,0.0,032548.44*62
2021-07-29 04:25:50,753 [INFO] Interpreted as: {'position': (0.0, 0.0), 'latlon': (42.3, -71.1), 'heading': 45.0, 'depth': 1.0, 'altitude': 10.0, 'roll': 0.0, 'pitch': 0.0, 'last_fix_time': datetime.datetime(2021, 7, 29, 3, 25, 48), 'speed': None, 'rudder': 0, 'datum': (42.3, -71.1)}
2021-07-29 04:25:50,754 [INFO] Processing: $BFNVG,032548.78,4218.000135,N,07105.999820,W,0,10.0,1.0,47.1,0.0,0.0,032548.78*66
2021-07-29 04:25:50,756 [INFO] Interpreted as: {'position': (0.25346409261692315, 0.24374120775610209), 'latlon': (42.30000225, -71.099997), 'heading': 47.1, 'depth': 1.0, 'altitude': 10.0, 'roll': 0.0, 'pitch': 0.0, 'last_fix_time': datetime.datetime(2021, 7, 29, 3, 25, 48), 'speed': None, 'rudder': 0, 'datum': (42.3, -71.1)}
2021-07-29 04:25:50,757 [INFO] Processing: $BFNVG,032549.13,4218.000267,N,07105.999631,W,0,10.0,1.0,49.3,0.0,0.0,032549.13*60
2021-07-29 04:25:50,759 [INFO] Interpreted as: {'position': (0.5191560714738443, 0.48162518814206123), 'latlon': (42.30000445, -71.09999385), 'heading': 49.3, 'depth': 1.0, 'altitude': 10.0, 'roll': 0.0, 'pitch': 0.0, 'last_fix_time': datetime.datetime(2021, 7, 29, 3, 25, 49), 'speed': None, 'rudder': 0, 'datum': (42.3, -71.1)}
2021-07-29 04:25:50,760 [INFO] Processing: $BFNVG,032549.47,4218.000391,N,07105.999438,W,0,10.0,1.0,51.4,0.0,0.0,032549.47*6D
2021-07-29 04:25:50,762 [INFO] Interpreted as: {'position': (0.7899781737360172, 0.7045679800212383), 'latlon': (42.30000651666667, -71.09999063333333), 'heading': 51.4, 'depth': 1.0, 'altitude': 10.0, 'roll': 0.0, 'pitch': 0.0, 'last_fix_time': datetime.datetime(2021, 7, 29, 3, 25, 49), 'speed': None, 'rudder': 0, 'datum': (42.3, -71.1)}
2021-07-29 04:25:50,763 [INFO] Received from Frontseat: [b'$BFNVG,032548.44,4218.000000,N,07106.000000,W,0,10.0,1.0,45.0,0.0,0.0,032548.44*62', b'$BFNVG,032548.78,4218.000135,N,07105.999820,W,0,10.0,1.0,47.1,0.0,0.0,032548.78*66', b'$BFNVG,032549.13,4218.000267,N,07105.999631,W,0,10.0,1.0,49.3,0.0,0.0,032549.13*60', b'$BFNVG,032549.47,4218.000391,N,07105.999438,W,0,10.0,1.0,51.4,0.0,0.0,032549.47*6D']
2021-07-29 04:25:50,764 [INFO] AUV state: {'position': (0.7899781737360172, 0.7045679800212383), 'latlon': (42.30000651666667, -71.09999063333333), 'heading': 51.4, 'depth': 1.0, 'altitude': 10.0, 'roll': 0.0, 'pitch': 0.0, 'last_fix_time': datetime.datetime(2021, 7, 29, 3, 25, 49), 'speed': None, 'rudder': 0, 'datum': (42.3, -71.1)}
2021-07-29 04:25:51,069 [INFO] **** [(-7.861444750278925, -8.828852369183794)] [(10.39257218957148, -8.557388565856145)]
2021-07-29 04:25:51,071 [INFO] Next green buoy: [(-7.861444750278925, -8.828852369183794)], next red buoy: [(10.39257218957148, -8.557388565856145)]
2021-07-29 04:25:51,072 [INFO] Desired_heading: 52.66556371964628
2021-07-29 04:25:51,072 [INFO] delta angle: 1.4414514775172154
2021-07-29 04:25:51,073 [INFO] sending message $BPRMB,032551.70,-1.4414514775172154,1,0,1000,0,1*7d
...
2021-07-29 04:25:52,075 [INFO] sending message $BPSTS,032552.07,1,BWSI Autonomy OK*40
...
2021-07-29 04:25:52,076 [INFO] Processing: $BFNVG,032549.82,4218.000516,N,07105.999231,W,0,10.0,1.0,53.7,0.0,0.0,032549.82*6A
2021-07-29 04:25:52,079 [INFO] Interpreted as: {'position': (1.0800802474841475, 0.9288868131116033), 'latlon': (42.3000086, -71.09998718333334), 'heading': 53.7, 'depth': 1.0, 'altitude': 10.0, 'roll': 0.0, 'pitch': 0.0, 'last_fix_time': datetime.datetime(2021, 7, 29, 3, 25, 49), 'speed': None, 'rudder': 0, 'datum': (42.3, -71.1)}
2021-07-29 04:25:52,080 [INFO] Processing: $BFNVG,032550.18,4218.000633,N,07105.999018,W,0,10.0,1.0,55.9,0.0,0.0,032550.18*6F
2021-07-29 04:25:52,082 [INFO] Interpreted as: {'position': (1.378060206072405, 1.1381966518238187), 'latlon': (42.30001055, -71.09998363333334), 'heading': 55.9, 'depth': 1.0, 'altitude': 10.0, 'roll': 0.0, 'pitch': 0.0, 'last_fix_time': datetime.datetime(2021, 7, 29, 3, 25, 50), 'speed': None, 'rudder': 0, 'datum': (42.3, -71.1)}
2021-07-29 04:25:52,083 [INFO] Processing: $BFNVG,032550.52,4218.000740,N,07105.998808,W,0,10.0,1.0,58.0,0.0,0.0,032550.52*66
2021-07-29 04:25:52,085 [INFO] Interpreted as: {'position': (1.6714617935940623, 1.3291012439876795), 'latlon': (42.300012333333335, -71.09998013333333), 'heading': 58.0, 'depth': 1.0, 'altitude': 10.0, 'roll': 0.0, 'pitch': 0.0, 'last_fix_time': datetime.datetime(2021, 7, 29, 3, 25, 50), 'speed': None, 'rudder': 0, 'datum': (42.3, -71.1)}
2021-07-29 04:25:52,086 [INFO] Processing: $BFNVG,032550.86,4218.000841,N,07105.998593,W,0,10.0,1.0,60.1,0.0,0.0,032550.86*6D
2021-07-29 04:25:52,088 [INFO] Interpreted as: {'position': (1.9714587286580354, 1.5087321437895298), 'latlon': (42.300014016666665, -71.09997655), 'heading': 60.1, 'depth': 1.0, 'altitude': 10.0, 'roll': 0.0, 'pitch': 0.0, 'last_fix_time': datetime.datetime(2021, 7, 29, 3, 25, 50), 'speed': None, 'rudder': 0, 'datum': (42.3, -71.1)}
2021-07-29 04:25:52,089 [INFO] Received from Frontseat: [b'$BFNVG,032549.82,4218.000516,N,07105.999231,W,0,10.0,1.0,53.7,0.0,0.0,032549.82*6A', b'$BFNVG,032550.18,4218.000633,N,07105.999018,W,0,10.0,1.0,55.9,0.0,0.0,032550.18*6F', b'$BFNVG,032550.52,4218.000740,N,07105.998808,W,0,10.0,1.0,58.0,0.0,0.0,032550.52*66', b'$BFNVG,032550.86,4218.000841,N,07105.998593,W,0,10.0,1.0,60.1,0.0,0.0,032550.86*6D']
2021-07-29 04:25:52,090 [INFO] AUV state: {'position': (1.9714587286580354, 1.5087321437895298), 'latlon': (42.300014016666665, -71.09997655), 'heading': 60.1, 'depth': 1.0, 'altitude': 10.0, 'roll': 0.0, 'pitch': 0.0, 'last_fix_time': datetime.datetime(2021, 7, 29, 3, 25, 50), 'speed': None, 'rudder': 0, 'datum': (42.3, -71.1)}
2021-07-29 04:25:52,395 [INFO] **** [(-20.08007360544701, -11.028862713394096)] [(2.1871597019817925, -10.568704050228245)]
2021-07-29 04:25:52,397 [INFO] Next green buoy: [(-20.08007360544701, -11.028862713394096)], next red buoy: [(2.1871597019817925, -10.568704050228245)]
2021-07-29 04:25:52,397 [INFO] Desired_heading: 51.153543048267395
2021-07-29 04:25:52,398 [INFO] delta angle: 25
2021-07-29 04:25:52,398 [INFO] sending message $BPRMB,032552.44,-25,1,0,1000,0,1*65
...
2021-07-29 04:25:53,400 [INFO] sending message $BPSTS,032553.40,1,BWSI Autonomy OK*42
...
2021-07-29 04:25:53,401 [INFO] Processing: $BFNVG,032551.20,4218.000936,N,07105.998373,W,0,10.0,1.0,62.3,0.0,0.0,032551.20*64
2021-07-29 04:25:53,403 [INFO] Interpreted as: {'position': (2.2780510205193423, 1.677089348435402), 'latlon': (42.3000156, -71.09997288333334), 'heading': 62.3, 'depth': 1.0, 'altitude': 10.0, 'roll': 0.0, 'pitch': 0.0, 'last_fix_time': datetime.datetime(2021, 7, 29, 3, 25, 51), 'speed': None, 'rudder': 0, 'datum': (42.3, -71.1)}
2021-07-29 04:25:53,404 [INFO] Processing: $BFNVG,032551.54,4218.001028,N,07105.998150,W,0,10.0,1.0,62.4,0.0,0.0,032551.54*67
2021-07-29 04:25:53,406 [INFO] Interpreted as: {'position': (2.5886279171099886, 1.83979276381433), 'latlon': (42.300017133333334, -71.09996916666667), 'heading': 62.4, 'depth': 1.0, 'altitude': 10.0, 'roll': 0.0, 'pitch': 0.0, 'last_fix_time': datetime.datetime(2021, 7, 29, 3, 25, 51), 'speed': None, 'rudder': 0, 'datum': (42.3, -71.1)}
2021-07-29 04:25:53,407 [INFO] Processing: $BFNVG,032551.88,4218.001120,N,07105.997928,W,0,10.0,1.0,62.5,0.0,0.0,032551.88*67
2021-07-29 04:25:53,409 [INFO] Interpreted as: {'position': (2.897830923553556, 2.002530095167458), 'latlon': (42.300018666666666, -71.09996546666666), 'heading': 62.5, 'depth': 1.0, 'altitude': 10.0, 'roll': 0.0, 'pitch': 0.0, 'last_fix_time': datetime.datetime(2021, 7, 29, 3, 25, 51), 'speed': None, 'rudder': 0, 'datum': (42.3, -71.1)}
2021-07-29 04:25:53,409 [INFO] Processing: $BFNVG,032552.22,4218.001211,N,07105.997704,W,0,10.0,1.0,62.6,0.0,0.0,032552.22*65
2021-07-29 04:25:53,411 [INFO] Interpreted as: {'position': (3.209736000688281, 2.1633489346131682), 'latlon': (42.30002018333333, -71.09996173333333), 'heading': 62.6, 'depth': 1.0, 'altitude': 10.0, 'roll': 0.0, 'pitch': 0.0, 'last_fix_time': datetime.datetime(2021, 7, 29, 3, 25, 52), 'speed': None, 'rudder': 0, 'datum': (42.3, -71.1)}
2021-07-29 04:25:53,412 [INFO] Received from Frontseat: [b'$BFNVG,032551.20,4218.000936,N,07105.998373,W,0,10.0,1.0,62.3,0.0,0.0,032551.20*64', b'$BFNVG,032551.54,4218.001028,N,07105.998150,W,0,10.0,1.0,62.4,0.0,0.0,032551.54*67', b'$BFNVG,032551.88,4218.001120,N,07105.997928,W,0,10.0,1.0,62.5,0.0,0.0,032551.88*67', b'$BFNVG,032552.22,4218.001211,N,07105.997704,W,0,10.0,1.0,62.6,0.0,0.0,032552.22*65']
2021-07-29 04:25:53,412 [INFO] AUV state: {'position': (3.209736000688281, 2.1633489346131682), 'latlon': (42.30002018333333, -71.09996173333333), 'heading': 62.6, 'depth': 1.0, 'altitude': 10.0, 'roll': 0.0, 'pitch': 0.0, 'last_fix_time': datetime.datetime(2021, 7, 29, 3, 25, 52), 'speed': None, 'rudder': 0, 'datum': (42.3, -71.1)}
2021-07-29 04:25:53,744 [INFO] **** [] [(-0.6594257355826483, -13.985941535631385)]
2021-07-29 04:25:53,746 [INFO] Next green buoy: [], next red buoy: [(-0.6594257355826483, -13.985941535631385)]
2021-07-29 04:25:53,746 [INFO] Desired_heading: 61.94057426441735
2021-07-29 04:25:53,747 [INFO] delta angle: -0.2824910664419349
2021-07-29 04:25:53,747 [INFO] sending message $BPRMB,032554.35,0.2824910664419349,1,0,1000,0,1*53
...
2021-07-29 04:25:54,749 [INFO] sending message $BPSTS,032554.74,1,BWSI Autonomy OK*42
...
2021-07-29 04:25:54,750 [INFO] Processing: $BFNVG,032552.56,4218.001302,N,07105.997480,W,0,10.0,1.0,62.8,0.0,0.0,032552.56*67
2021-07-29 04:25:54,752 [INFO] Interpreted as: {'position': (3.5216410630382597, 2.324167786166072), 'latlon': (42.3000217, -71.099958), 'heading': 62.8, 'depth': 1.0, 'altitude': 10.0, 'roll': 0.0, 'pitch': 0.0, 'last_fix_time': datetime.datetime(2021, 7, 29, 3, 25, 52), 'speed': None, 'rudder': 0, 'datum': (42.3, -71.1)}
2021-07-29 04:25:54,752 [INFO] Processing: $BFNVG,032552.91,4218.001393,N,07105.997245,W,0,10.0,1.0,65.0,0.0,0.0,032552.91*6F
2021-07-29 04:25:54,754 [INFO] Interpreted as: {'position': (3.8486587849911302, 2.4846137054264545), 'latlon': (42.300023216666666, -71.09995408333333), 'heading': 65.0, 'depth': 1.0, 'altitude': 10.0, 'roll': 0.0, 'pitch': 0.0, 'last_fix_time': datetime.datetime(2021, 7, 29, 3, 25, 52), 'speed': None, 'rudder': 0, 'datum': (42.3, -71.1)}
2021-07-29 04:25:54,755 [INFO] Processing: $BFNVG,032553.26,4218.001475,N,07105.997014,W,0,10.0,1.0,67.1,0.0,0.0,032553.26*65
2021-07-29 04:25:54,756 [INFO] Interpreted as: {'position': (4.169769933214411, 2.6285389810800552), 'latlon': (42.30002458333333, -71.09995023333333), 'heading': 67.1, 'depth': 1.0, 'altitude': 10.0, 'roll': 0.0, 'pitch': 0.0, 'last_fix_time': datetime.datetime(2021, 7, 29, 3, 25, 53), 'speed': None, 'rudder': 0, 'datum': (42.3, -71.1)}
2021-07-29 04:25:54,757 [INFO] Processing: $BFNVG,032553.60,4218.001550,N,07105.996778,W,0,10.0,1.0,69.3,0.0,0.0,032553.60*63
2021-07-29 04:25:54,759 [INFO] Interpreted as: {'position': (4.497430767165497, 2.7593398708850145), 'latlon': (42.300025833333336, -71.0999463), 'heading': 69.3, 'depth': 1.0, 'altitude': 10.0, 'roll': 0.0, 'pitch': 0.0, 'last_fix_time': datetime.datetime(2021, 7, 29, 3, 25, 53), 'speed': None, 'rudder': 0, 'datum': (42.3, -71.1)}
2021-07-29 04:25:54,759 [INFO] Received from Frontseat: [b'$BFNVG,032552.56,4218.001302,N,07105.997480,W,0,10.0,1.0,62.8,0.0,0.0,032552.56*67', b'$BFNVG,032552.91,4218.001393,N,07105.997245,W,0,10.0,1.0,65.0,0.0,0.0,032552.91*6F', b'$BFNVG,032553.26,4218.001475,N,07105.997014,W,0,10.0,1.0,67.1,0.0,0.0,032553.26*65', b'$BFNVG,032553.60,4218.001550,N,07105.996778,W,0,10.0,1.0,69.3,0.0,0.0,032553.60*63']
2021-07-29 04:25:54,761 [INFO] AUV state: {'position': (4.497430767165497, 2.7593398708850145), 'latlon': (42.300025833333336, -71.0999463), 'heading': 69.3, 'depth': 1.0, 'altitude': 10.0, 'roll': 0.0, 'pitch': 0.0, 'last_fix_time': datetime.datetime(2021, 7, 29, 3, 25, 53), 'speed': None, 'rudder': 0, 'datum': (42.3, -71.1)}
2021-07-29 04:25:55,100 [INFO] **** [] [(-9.750788038257761, -20.695494208191473)]
2021-07-29 04:25:55,102 [INFO] Next green buoy: [], next red buoy: [(-9.750788038257761, -20.695494208191473)]
2021-07-29 04:25:55,102 [INFO] Desired_heading: 59.54921196174224
2021-07-29 04:25:55,103 [INFO] delta angle: 25
2021-07-29 04:25:55,103 [INFO] sending message $BPRMB,032555.14,-25,1,0,1000,0,1*67
...
2021-07-29 04:25:56,105 [INFO] sending message $BPSTS,032556.10,1,BWSI Autonomy OK*42
...
2021-07-29 04:25:56,106 [INFO] Processing: $BFNVG,032553.94,4218.001618,N,07105.996540,W,0,10.0,1.0,71.4,0.0,0.0,032553.94*6B
2021-07-29 04:25:56,107 [INFO] Interpreted as: {'position': (4.827519652899355, 2.8771180883049965), 'latlon': (42.300026966666664, -71.09994233333333), 'heading': 71.4, 'depth': 1.0, 'altitude': 10.0, 'roll': 0.0, 'pitch': 0.0, 'last_fix_time': datetime.datetime(2021, 7, 29, 3, 25, 53), 'speed': None, 'rudder': 0, 'datum': (42.3, -71.1)}
2021-07-29 04:25:56,108 [INFO] Processing: $BFNVG,032554.28,4218.001683,N,07105.996301,W,0,10.0,1.0,71.4,0.0,0.0,032554.28*6A
2021-07-29 04:25:56,110 [INFO] Interpreted as: {'position': (5.15884538955288, 2.9893103260546923), 'latlon': (42.30002805, -71.09993835), 'heading': 71.4, 'depth': 1.0, 'altitude': 10.0, 'roll': 0.0, 'pitch': 0.0, 'last_fix_time': datetime.datetime(2021, 7, 29, 3, 25, 54), 'speed': None, 'rudder': 0, 'datum': (42.3, -71.1)}
2021-07-29 04:25:56,111 [INFO] Processing: $BFNVG,032554.62,4218.001747,N,07105.996062,W,0,10.0,1.0,71.3,0.0,0.0,032554.62*62
2021-07-29 04:25:56,112 [INFO] Interpreted as: {'position': (5.49012544832658, 3.0996518805623055), 'latlon': (42.300029116666664, -71.09993436666667), 'heading': 71.3, 'depth': 1.0, 'altitude': 10.0, 'roll': 0.0, 'pitch': 0.0, 'last_fix_time': datetime.datetime(2021, 7, 29, 3, 25, 54), 'speed': None, 'rudder': 0, 'datum': (42.3, -71.1)}
2021-07-29 04:25:56,113 [INFO] Processing: $BFNVG,032554.96,4218.001812,N,07105.995823,W,0,10.0,1.0,71.3,0.0,0.0,032554.96*63
2021-07-29 04:25:56,115 [INFO] Interpreted as: {'position': (5.8214511667029, 3.2118441481143236), 'latlon': (42.3000302, -71.09993038333333), 'heading': 71.3, 'depth': 1.0, 'altitude': 10.0, 'roll': 0.0, 'pitch': 0.0, 'last_fix_time': datetime.datetime(2021, 7, 29, 3, 25, 54), 'speed': None, 'rudder': 0, 'datum': (42.3, -71.1)}
2021-07-29 04:25:56,115 [INFO] Received from Frontseat: [b'$BFNVG,032553.94,4218.001618,N,07105.996540,W,0,10.0,1.0,71.4,0.0,0.0,032553.94*6B', b'$BFNVG,032554.28,4218.001683,N,07105.996301,W,0,10.0,1.0,71.4,0.0,0.0,032554.28*6A', b'$BFNVG,032554.62,4218.001747,N,07105.996062,W,0,10.0,1.0,71.3,0.0,0.0,032554.62*62', b'$BFNVG,032554.96,4218.001812,N,07105.995823,W,0,10.0,1.0,71.3,0.0,0.0,032554.96*63']
2021-07-29 04:25:56,116 [INFO] AUV state: {'position': (5.8214511667029, 3.2118441481143236), 'latlon': (42.3000302, -71.09993038333333), 'heading': 71.3, 'depth': 1.0, 'altitude': 10.0, 'roll': 0.0, 'pitch': 0.0, 'last_fix_time': datetime.datetime(2021, 7, 29, 3, 25, 54), 'speed': None, 'rudder': 0, 'datum': (42.3, -71.1)}
2021-07-29 04:25:56,452 [INFO] **** [] [(-21.402692548256933, -23.78474993244555)]
2021-07-29 04:25:56,454 [INFO] Next green buoy: [], next red buoy: [(-21.402692548256933, -23.78474993244555)]
2021-07-29 04:25:56,455 [INFO] Desired_heading: 49.89730745174306
2021-07-29 04:25:56,455 [INFO] delta angle: 25
2021-07-29 04:25:56,455 [INFO] sending message $BPRMB,032557.06,-25,1,0,1000,0,1*66
...
2021-07-29 04:25:57,457 [INFO] sending message $BPSTS,032557.45,1,BWSI Autonomy OK*43
...
2021-07-29 04:25:57,458 [INFO] Processing: $BFNVG,032555.30,4218.001878,N,07105.995582,W,0,10.0,1.0,71.3,0.0,0.0,032555.30*69
2021-07-29 04:25:57,460 [INFO] Interpreted as: {'position': (6.155570300412364, 3.3258193219080567), 'latlon': (42.3000313, -71.09992636666666), 'heading': 71.3, 'depth': 1.0, 'altitude': 10.0, 'roll': 0.0, 'pitch': 0.0, 'last_fix_time': datetime.datetime(2021, 7, 29, 3, 25, 55), 'speed': None, 'rudder': 0, 'datum': (42.3, -71.1)}
2021-07-29 04:25:57,461 [INFO] Processing: $BFNVG,032555.64,4218.001940,N,07105.995341,W,0,10.0,1.0,73.4,0.0,0.0,032555.64*6F
2021-07-29 04:25:57,462 [INFO] Interpreted as: {'position': (6.4895067408215255, 3.4323917208239436), 'latlon': (42.300032333333334, -71.09992235), 'heading': 73.4, 'depth': 1.0, 'altitude': 10.0, 'roll': 0.0, 'pitch': 0.0, 'last_fix_time': datetime.datetime(2021, 7, 29, 3, 25, 55), 'speed': None, 'rudder': 0, 'datum': (42.3, -71.1)}
2021-07-29 04:25:57,463 [INFO] Processing: $BFNVG,032555.99,4218.001995,N,07105.995096,W,0,10.0,1.0,75.6,0.0,0.0,032555.99*6A
2021-07-29 04:25:57,465 [INFO] Interpreted as: {'position': (6.8286189964273944, 3.525873643346131), 'latlon': (42.30003325, -71.09991826666666), 'heading': 75.6, 'depth': 1.0, 'altitude': 10.0, 'roll': 0.0, 'pitch': 0.0, 'last_fix_time': datetime.datetime(2021, 7, 29, 3, 25, 55), 'speed': None, 'rudder': 0, 'datum': (42.3, -71.1)}
2021-07-29 04:25:57,465 [INFO] Processing: $BFNVG,032556.33,4218.002044,N,07105.994848,W,0,10.0,1.0,77.7,0.0,0.0,032556.33*65
2021-07-29 04:25:57,467 [INFO] Interpreted as: {'position': (7.1715788579313084, 3.6081496849656105), 'latlon': (42.30003406666667, -71.09991413333333), 'heading': 77.7, 'depth': 1.0, 'altitude': 10.0, 'roll': 0.0, 'pitch': 0.0, 'last_fix_time': datetime.datetime(2021, 7, 29, 3, 25, 56), 'speed': None, 'rudder': 0, 'datum': (42.3, -71.1)}
2021-07-29 04:25:57,468 [INFO] Received from Frontseat: [b'$BFNVG,032555.30,4218.001878,N,07105.995582,W,0,10.0,1.0,71.3,0.0,0.0,032555.30*69', b'$BFNVG,032555.64,4218.001940,N,07105.995341,W,0,10.0,1.0,73.4,0.0,0.0,032555.64*6F', b'$BFNVG,032555.99,4218.001995,N,07105.995096,W,0,10.0,1.0,75.6,0.0,0.0,032555.99*6A', b'$BFNVG,032556.33,4218.002044,N,07105.994848,W,0,10.0,1.0,77.7,0.0,0.0,032556.33*65']
2021-07-29 04:25:57,469 [INFO] AUV state: {'position': (7.1715788579313084, 3.6081496849656105), 'latlon': (42.30003406666667, -71.09991413333333), 'heading': 77.7, 'depth': 1.0, 'altitude': 10.0, 'roll': 0.0, 'pitch': 0.0, 'last_fix_time': datetime.datetime(2021, 7, 29, 3, 25, 56), 'speed': None, 'rudder': 0, 'datum': (42.3, -71.1)}
2021-07-29 04:25:57,776 [INFO] **** [] []
2021-07-29 04:25:57,779 [INFO] Next green buoy: [], next red buoy: []
2021-07-29 04:25:57,779 [INFO] Desired_heading: 77.7
2021-07-29 04:25:57,779 [INFO] delta angle: 0.0
2021-07-29 04:25:57,780 [INFO] sending message $BPRMB,032557.84,-0.0,1,0,1000,0,1*45
...
2021-07-29 04:25:58,781 [INFO] sending message $BPSTS,032558.78,1,BWSI Autonomy OK*42
...
2021-07-29 04:25:58,782 [INFO] Processing: $BFNVG,032556.68,4218.002086,N,07105.994592,W,0,10.0,1.0,79.9,0.0,0.0,032556.68*61
2021-07-29 04:25:58,784 [INFO] Interpreted as: {'position': (7.525210049701855, 3.677199637517333), 'latlon': (42.30003476666667, -71.09990986666666), 'heading': 79.9, 'depth': 1.0, 'altitude': 10.0, 'roll': 0.0, 'pitch': 0.0, 'last_fix_time': datetime.datetime(2021, 7, 29, 3, 25, 56), 'speed': None, 'rudder': 0, 'datum': (42.3, -71.1)}
2021-07-29 04:25:58,785 [INFO] Processing: $BFNVG,032557.02,4218.002121,N,07105.994340,W,0,10.0,1.0,82.0,0.0,0.0,032557.02*69
2021-07-29 04:25:58,787 [INFO] Interpreted as: {'position': (7.873026026878506, 3.733430339023471), 'latlon': (42.30003535, -71.09990566666667), 'heading': 82.0, 'depth': 1.0, 'altitude': 10.0, 'roll': 0.0, 'pitch': 0.0, 'last_fix_time': datetime.datetime(2021, 7, 29, 3, 25, 57), 'speed': None, 'rudder': 0, 'datum': (42.3, -71.1)}
2021-07-29 04:25:58,788 [INFO] Processing: $BFNVG,032557.36,4218.002148,N,07105.994088,W,0,10.0,1.0,84.2,0.0,0.0,032557.36*65
2021-07-29 04:25:58,790 [INFO] Interpreted as: {'position': (8.220476640039124, 3.7748554833233356), 'latlon': (42.3000358, -71.09990146666667), 'heading': 84.2, 'depth': 1.0, 'altitude': 10.0, 'roll': 0.0, 'pitch': 0.0, 'last_fix_time': datetime.datetime(2021, 7, 29, 3, 25, 57), 'speed': None, 'rudder': 0, 'datum': (42.3, -71.1)}
2021-07-29 04:25:58,791 [INFO] Processing: $BFNVG,032557.74,4218.002171,N,07105.993803,W,0,10.0,1.0,86.6,0.0,0.0,032557.74*65
2021-07-29 04:25:58,793 [INFO] Interpreted as: {'position': (8.613082576019224, 3.8077590446919203), 'latlon': (42.30003618333333, -71.09989671666666), 'heading': 86.6, 'depth': 1.0, 'altitude': 10.0, 'roll': 0.0, 'pitch': 0.0, 'last_fix_time': datetime.datetime(2021, 7, 29, 3, 25, 57), 'speed': None, 'rudder': 0, 'datum': (42.3, -71.1)}
2021-07-29 04:25:58,794 [INFO] Received from Frontseat: [b'$BFNVG,032556.68,4218.002086,N,07105.994592,W,0,10.0,1.0,79.9,0.0,0.0,032556.68*61', b'$BFNVG,032557.02,4218.002121,N,07105.994340,W,0,10.0,1.0,82.0,0.0,0.0,032557.02*69', b'$BFNVG,032557.36,4218.002148,N,07105.994088,W,0,10.0,1.0,84.2,0.0,0.0,032557.36*65', b'$BFNVG,032557.74,4218.002171,N,07105.993803,W,0,10.0,1.0,86.6,0.0,0.0,032557.74*65']
2021-07-29 04:25:58,795 [INFO] AUV state: {'position': (8.613082576019224, 3.8077590446919203), 'latlon': (42.30003618333333, -71.09989671666666), 'heading': 86.6, 'depth': 1.0, 'altitude': 10.0, 'roll': 0.0, 'pitch': 0.0, 'last_fix_time': datetime.datetime(2021, 7, 29, 3, 25, 57), 'speed': None, 'rudder': 0, 'datum': (42.3, -71.1)}
2021-07-29 04:25:59,101 [INFO] **** [] []
2021-07-29 04:25:59,104 [INFO] Next green buoy: [], next red buoy: []
2021-07-29 04:25:59,104 [INFO] Desired_heading: 86.6
2021-07-29 04:25:59,104 [INFO] delta angle: 0.0
2021-07-29 04:25:59,105 [INFO] sending message $BPRMB,032559.71,-0.0,1,0,1000,0,1*41
...
2021-07-29 04:26:00,106 [INFO] sending message $BPSTS,032600.10,1,BWSI Autonomy OK*42
...
2021-07-29 04:26:00,108 [INFO] Processing: $BFNVG,032558.09,4218.002187,N,07105.993548,W,0,10.0,1.0,86.6,0.0,0.0,032558.09*6E
2021-07-29 04:26:00,110 [INFO] Interpreted as: {'position': (8.964152448577806, 3.8287248453125358), 'latlon': (42.30003645, -71.09989246666666), 'heading': 86.6, 'depth': 1.0, 'altitude': 10.0, 'roll': 0.0, 'pitch': 0.0, 'last_fix_time': datetime.datetime(2021, 7, 29, 3, 25, 58), 'speed': None, 'rudder': 0, 'datum': (42.3, -71.1)}
2021-07-29 04:26:00,111 [INFO] Processing: $BFNVG,032558.43,4218.002203,N,07105.993293,W,0,10.0,1.0,86.6,0.0,0.0,032558.43*60
2021-07-29 04:26:00,113 [INFO] Interpreted as: {'position': (9.315222316014115, 3.849690666422248), 'latlon': (42.30003671666667, -71.09988821666667), 'heading': 86.6, 'depth': 1.0, 'altitude': 10.0, 'roll': 0.0, 'pitch': 0.0, 'last_fix_time': datetime.datetime(2021, 7, 29, 3, 25, 58), 'speed': None, 'rudder': 0, 'datum': (42.3, -71.1)}
2021-07-29 04:26:00,113 [INFO] Processing: $BFNVG,032558.77,4218.002219,N,07105.993039,W,0,10.0,1.0,86.6,0.0,0.0,032558.77*69
2021-07-29 04:26:00,115 [INFO] Interpreted as: {'position': (9.664918303489685, 3.8706904044374824), 'latlon': (42.300036983333335, -71.09988398333333), 'heading': 86.6, 'depth': 1.0, 'altitude': 10.0, 'roll': 0.0, 'pitch': 0.0, 'last_fix_time': datetime.datetime(2021, 7, 29, 3, 25, 58), 'speed': None, 'rudder': 0, 'datum': (42.3, -71.1)}
2021-07-29 04:26:00,116 [INFO] Received from Frontseat: [b'$BFNVG,032558.09,4218.002187,N,07105.993548,W,0,10.0,1.0,86.6,0.0,0.0,032558.09*6E', b'$BFNVG,032558.43,4218.002203,N,07105.993293,W,0,10.0,1.0,86.6,0.0,0.0,032558.43*60', b'$BFNVG,032558.77,4218.002219,N,07105.993039,W,0,10.0,1.0,86.6,0.0,0.0,032558.77*69']
2021-07-29 04:26:00,118 [INFO] AUV state: {'position': (9.664918303489685, 3.8706904044374824), 'latlon': (42.300036983333335, -71.09988398333333), 'heading': 86.6, 'depth': 1.0, 'altitude': 10.0, 'roll': 0.0, 'pitch': 0.0, 'last_fix_time': datetime.datetime(2021, 7, 29, 3, 25, 58), 'speed': None, 'rudder': 0, 'datum': (42.3, -71.1)}
2021-07-29 04:26:00,425 [INFO] **** [] []
2021-07-29 04:26:00,428 [INFO] Next green buoy: [], next red buoy: []
2021-07-29 04:26:00,428 [INFO] Desired_heading: 86.6
2021-07-29 04:26:00,428 [INFO] delta angle: 0.0
2021-07-29 04:26:00,429 [INFO] sending message $BPRMB,032600.49,-0.0,1,0,1000,0,1*45
...
2021-07-29 04:26:01,427 [ERROR] An error occurred. The stack trace is below.
Traceback (most recent call last):
  File "BWSI_BackSeat.py", line 126, in run
    time.sleep(1/self.__warp)
KeyboardInterrupt
