2021-07-29 13:48:44,399 [INFO] host = 192.168.1.213, port = 29500
2021-07-29 13:48:46,423 [INFO] sending message $BPLOG,ACK,ON*1e
...
2021-07-29 13:48:46,424 [INFO] sending message $BPLOG,ALL,ON*16
...
2021-07-29 13:48:46,425 [INFO] sending message $BPSTS,124846.42,1,BWSI Autonomy OK*4f
...
2021-07-29 13:48:46,425 [INFO] Received from Frontseat: []
2021-07-29 13:48:46,426 [INFO] AUV state: {'position': (None, None), 'latlon': None, 'heading': None, 'depth': None, 'altitude': None, 'roll': None, 'pitch': None, 'last_fix_time': None, 'speed': None, 'rudder': 0}
2021-07-29 13:48:47,428 [INFO] sending message $BPSTS,124847.42,1,BWSI Autonomy OK*4e
...
2021-07-29 13:48:47,429 [INFO] Processing: $BFNVG,124846.28,4218.000000,N,07106.000000,W,0,10.0,1.0,45.0,0.0,0.0,124846.28*62
2021-07-29 13:48:47,431 [INFO] Interpreted as: {'position': (0, 0), 'latlon': (42.3, -71.1), 'heading': 45.0, 'depth': 1.0, 'altitude': 10.0, 'roll': 0.0, 'pitch': 0.0, 'last_fix_time': datetime.datetime(2021, 7, 29, 12, 48, 46), 'speed': None, 'rudder': 0, 'datum': (42.3, -71.1)}
2021-07-29 13:48:47,432 [INFO] Processing: $BFNVG,124846.53,4218.000000,N,07106.000000,W,0,10.0,1.0,45.0,0.0,0.0,124846.53*62
2021-07-29 13:48:47,434 [INFO] Interpreted as: {'position': (0.0, 0.0), 'latlon': (42.3, -71.1), 'heading': 45.0, 'depth': 1.0, 'altitude': 10.0, 'roll': 0.0, 'pitch': 0.0, 'last_fix_time': datetime.datetime(2021, 7, 29, 12, 48, 46), 'speed': None, 'rudder': 0, 'datum': (42.3, -71.1)}
2021-07-29 13:48:47,435 [INFO] Processing: $BFNVG,124846.94,4218.000000,N,07106.000000,W,0,10.0,1.0,45.0,0.0,0.0,124846.94*62
2021-07-29 13:48:47,436 [INFO] Interpreted as: {'position': (0.0, 0.0), 'latlon': (42.3, -71.1), 'heading': 45.0, 'depth': 1.0, 'altitude': 10.0, 'roll': 0.0, 'pitch': 0.0, 'last_fix_time': datetime.datetime(2021, 7, 29, 12, 48, 46), 'speed': None, 'rudder': 0, 'datum': (42.3, -71.1)}
2021-07-29 13:48:47,437 [INFO] Received from Frontseat: [b'$BFNVG,124846.28,4218.000000,N,07106.000000,W,0,10.0,1.0,45.0,0.0,0.0,124846.28*62', b'$BFNVG,124846.53,4218.000000,N,07106.000000,W,0,10.0,1.0,45.0,0.0,0.0,124846.53*62', b'$BFNVG,124846.94,4218.000000,N,07106.000000,W,0,10.0,1.0,45.0,0.0,0.0,124846.94*62']
2021-07-29 13:48:47,438 [INFO] AUV state: {'position': (0.0, 0.0), 'latlon': (42.3, -71.1), 'heading': 45.0, 'depth': 1.0, 'altitude': 10.0, 'roll': 0.0, 'pitch': 0.0, 'last_fix_time': datetime.datetime(2021, 7, 29, 12, 48, 46), 'speed': None, 'rudder': 0, 'datum': (42.3, -71.1)}
2021-07-29 13:48:47,823 [INFO] **** [(-0.21993023293121178, -7.6862156757158235)] [(15.437560812208067, -7.329055330858309)]
2021-07-29 13:48:47,825 [INFO] Next green buoy: [(-0.21993023293121178, -7.6862156757158235)], next red buoy: [(15.437560812208067, -7.329055330858309)]
2021-07-29 13:48:47,826 [INFO] Desired_heading: 52.60881528963843
2021-07-29 13:48:47,826 [INFO] delta angle: 25
2021-07-29 13:48:47,826 [INFO] sending message $BPRMB,124848.41,-25,1,0,1000,0,1*60
...
2021-07-29 13:48:48,828 [INFO] sending message $BPSTS,124848.82,1,BWSI Autonomy OK*4d
...
2021-07-29 13:48:48,829 [INFO] Processing: $BFNVG,124847.29,4218.000000,N,07106.000000,W,0,10.0,1.0,45.0,0.0,0.0,124847.29*62
2021-07-29 13:48:48,831 [INFO] Interpreted as: {'position': (0.0, 0.0), 'latlon': (42.3, -71.1), 'heading': 45.0, 'depth': 1.0, 'altitude': 10.0, 'roll': 0.0, 'pitch': 0.0, 'last_fix_time': datetime.datetime(2021, 7, 29, 12, 48, 47), 'speed': None, 'rudder': 0, 'datum': (42.3, -71.1)}
2021-07-29 13:48:48,832 [INFO] Processing: $BFNVG,124847.63,4218.000000,N,07106.000000,W,0,10.0,1.0,45.0,0.0,0.0,124847.63*62
2021-07-29 13:48:48,834 [INFO] Interpreted as: {'position': (0.0, 0.0), 'latlon': (42.3, -71.1), 'heading': 45.0, 'depth': 1.0, 'altitude': 10.0, 'roll': 0.0, 'pitch': 0.0, 'last_fix_time': datetime.datetime(2021, 7, 29, 12, 48, 47), 'speed': None, 'rudder': 0, 'datum': (42.3, -71.1)}
2021-07-29 13:48:48,835 [INFO] Received from Frontseat: [b'$BFNVG,124847.29,4218.000000,N,07106.000000,W,0,10.0,1.0,45.0,0.0,0.0,124847.29*62', b'$BFNVG,124847.63,4218.000000,N,07106.000000,W,0,10.0,1.0,45.0,0.0,0.0,124847.63*62']
2021-07-29 13:48:48,836 [INFO] AUV state: {'position': (0.0, 0.0), 'latlon': (42.3, -71.1), 'heading': 45.0, 'depth': 1.0, 'altitude': 10.0, 'roll': 0.0, 'pitch': 0.0, 'last_fix_time': datetime.datetime(2021, 7, 29, 12, 48, 47), 'speed': None, 'rudder': 0, 'datum': (42.3, -71.1)}
2021-07-29 13:48:49,206 [INFO] **** [(-0.22035521470194389, -7.708961974233651)] [(15.437560812208067, -7.333901112744751)]
2021-07-29 13:48:49,208 [INFO] Next green buoy: [(-0.22035521470194389, -7.708961974233651)], next red buoy: [(15.437560812208067, -7.333901112744751)]
2021-07-29 13:48:49,208 [INFO] Desired_heading: 52.60860279875306
2021-07-29 13:48:49,209 [INFO] delta angle: 25
2021-07-29 13:48:49,209 [INFO] sending message $BPRMB,124849.23,-25,1,0,1000,0,1*65
...
2021-07-29 13:48:50,211 [INFO] sending message $BPSTS,124850.21,1,BWSI Autonomy OK*4d
...
2021-07-29 13:48:50,212 [INFO] Processing: $BFNVG,124847.97,4218.000000,N,07106.000000,W,0,10.0,1.0,45.0,0.0,0.0,124847.97*62
2021-07-29 13:48:50,215 [INFO] Interpreted as: {'position': (0.0, 0.0), 'latlon': (42.3, -71.1), 'heading': 45.0, 'depth': 1.0, 'altitude': 10.0, 'roll': 0.0, 'pitch': 0.0, 'last_fix_time': datetime.datetime(2021, 7, 29, 12, 48, 47), 'speed': None, 'rudder': 0, 'datum': (42.3, -71.1)}
2021-07-29 13:48:50,216 [INFO] Processing: $BFNVG,124848.31,4218.000136,N,07105.999818,W,0,10.0,1.0,47.2,0.0,0.0,124848.31*6D
2021-07-29 13:48:50,218 [INFO] Interpreted as: {'position': (0.2562575241900049, 0.24552409444004297), 'latlon': (42.30000226666667, -71.09999696666667), 'heading': 47.2, 'depth': 1.0, 'altitude': 10.0, 'roll': 0.0, 'pitch': 0.0, 'last_fix_time': datetime.datetime(2021, 7, 29, 12, 48, 48), 'speed': None, 'rudder': 0, 'datum': (42.3, -71.1)}
2021-07-29 13:48:50,219 [INFO] Processing: $BFNVG,124848.66,4218.000269,N,07105.999628,W,0,10.0,1.0,49.3,0.0,0.0,124848.66*66
2021-07-29 13:48:50,221 [INFO] Interpreted as: {'position': (0.5233690544846468, 0.48522486723959446), 'latlon': (42.30000448333333, -71.0999938), 'heading': 49.3, 'depth': 1.0, 'altitude': 10.0, 'roll': 0.0, 'pitch': 0.0, 'last_fix_time': datetime.datetime(2021, 7, 29, 12, 48, 48), 'speed': None, 'rudder': 0, 'datum': (42.3, -71.1)}
2021-07-29 13:48:50,222 [INFO] Processing: $BFNVG,124849.00,4218.000393,N,07105.999436,W,0,10.0,1.0,51.5,0.0,0.0,124849.00*60
2021-07-29 13:48:50,224 [INFO] Interpreted as: {'position': (0.7928172768442892, 0.7082015639171004), 'latlon': (42.30000655, -71.0999906), 'heading': 51.5, 'depth': 1.0, 'altitude': 10.0, 'roll': 0.0, 'pitch': 0.0, 'last_fix_time': datetime.datetime(2021, 7, 29, 12, 48, 49), 'speed': None, 'rudder': 0, 'datum': (42.3, -71.1)}
2021-07-29 13:48:50,225 [INFO] Received from Frontseat: [b'$BFNVG,124847.97,4218.000000,N,07106.000000,W,0,10.0,1.0,45.0,0.0,0.0,124847.97*62', b'$BFNVG,124848.31,4218.000136,N,07105.999818,W,0,10.0,1.0,47.2,0.0,0.0,124848.31*6D', b'$BFNVG,124848.66,4218.000269,N,07105.999628,W,0,10.0,1.0,49.3,0.0,0.0,124848.66*66', b'$BFNVG,124849.00,4218.000393,N,07105.999436,W,0,10.0,1.0,51.5,0.0,0.0,124849.00*60']
2021-07-29 13:48:50,226 [INFO] AUV state: {'position': (0.7928172768442892, 0.7082015639171004), 'latlon': (42.30000655, -71.0999906), 'heading': 51.5, 'depth': 1.0, 'altitude': 10.0, 'roll': 0.0, 'pitch': 0.0, 'last_fix_time': datetime.datetime(2021, 7, 29, 12, 48, 49), 'speed': None, 'rudder': 0, 'datum': (42.3, -71.1)}
2021-07-29 13:48:50,586 [INFO] **** [(-7.988500279863731, -8.821416620747343)] [(10.320187420393758, -8.548610848197425)]
2021-07-29 13:48:50,588 [INFO] Next green buoy: [(-7.988500279863731, -8.821416620747343)], next red buoy: [(10.320187420393758, -8.548610848197425)]
2021-07-29 13:48:50,589 [INFO] Desired_heading: 52.66584357026501
2021-07-29 13:48:50,590 [INFO] delta angle: 1.0873529842626142
2021-07-29 13:48:50,590 [INFO] sending message $BPRMB,124851.18,-1.0873529842626142,1,0,1000,0,1*75
...
2021-07-29 13:48:51,592 [INFO] sending message $BPSTS,124851.59,1,BWSI Autonomy OK*43
...
2021-07-29 13:48:51,593 [INFO] Processing: $BFNVG,124849.35,4218.000514,N,07105.999233,W,0,10.0,1.0,53.6,0.0,0.0,124849.35*6B
2021-07-29 13:48:51,595 [INFO] Interpreted as: {'position': (1.077241146704182, 0.9252532282844186), 'latlon': (42.30000856666667, -71.09998721666666), 'heading': 53.6, 'depth': 1.0, 'altitude': 10.0, 'roll': 0.0, 'pitch': 0.0, 'last_fix_time': datetime.datetime(2021, 7, 29, 12, 48, 49), 'speed': None, 'rudder': 0, 'datum': (42.3, -71.1)}
2021-07-29 13:48:51,596 [INFO] Processing: $BFNVG,124849.69,4218.000629,N,07105.999025,W,0,10.0,1.0,55.8,0.0,0.0,124849.69*6B
2021-07-29 13:48:51,598 [INFO] Interpreted as: {'position': (1.3682603620691225, 1.1310311947017908), 'latlon': (42.30001048333333, -71.09998375), 'heading': 55.8, 'depth': 1.0, 'altitude': 10.0, 'roll': 0.0, 'pitch': 0.0, 'last_fix_time': datetime.datetime(2021, 7, 29, 12, 48, 49), 'speed': None, 'rudder': 0, 'datum': (42.3, -71.1)}
2021-07-29 13:48:51,599 [INFO] Processing: $BFNVG,124850.03,4218.000737,N,07105.998815,W,0,10.0,1.0,57.9,0.0,0.0,124850.03*6C
2021-07-29 13:48:51,601 [INFO] Interpreted as: {'position': (1.661707621824462, 1.3237864850088954), 'latlon': (42.30001228333333, -71.09998025), 'heading': 57.9, 'depth': 1.0, 'altitude': 10.0, 'roll': 0.0, 'pitch': 0.0, 'last_fix_time': datetime.datetime(2021, 7, 29, 12, 48, 50), 'speed': None, 'rudder': 0, 'datum': (42.3, -71.1)}
2021-07-29 13:48:51,602 [INFO] Processing: $BFNVG,124850.38,4218.000839,N,07105.998598,W,0,10.0,1.0,60.1,0.0,0.0,124850.38*69
2021-07-29 13:48:51,604 [INFO] Interpreted as: {'position': (1.9644979879958555, 1.5052002724260092), 'latlon': (42.300013983333336, -71.09997663333333), 'heading': 60.1, 'depth': 1.0, 'altitude': 10.0, 'roll': 0.0, 'pitch': 0.0, 'last_fix_time': datetime.datetime(2021, 7, 29, 12, 48, 50), 'speed': None, 'rudder': 0, 'datum': (42.3, -71.1)}
2021-07-29 13:48:51,604 [INFO] Received from Frontseat: [b'$BFNVG,124849.35,4218.000514,N,07105.999233,W,0,10.0,1.0,53.6,0.0,0.0,124849.35*6B', b'$BFNVG,124849.69,4218.000629,N,07105.999025,W,0,10.0,1.0,55.8,0.0,0.0,124849.69*6B', b'$BFNVG,124850.03,4218.000737,N,07105.998815,W,0,10.0,1.0,57.9,0.0,0.0,124850.03*6C', b'$BFNVG,124850.38,4218.000839,N,07105.998598,W,0,10.0,1.0,60.1,0.0,0.0,124850.38*69']
2021-07-29 13:48:51,606 [INFO] AUV state: {'position': (1.9644979879958555, 1.5052002724260092), 'latlon': (42.300013983333336, -71.09997663333333), 'heading': 60.1, 'depth': 1.0, 'altitude': 10.0, 'roll': 0.0, 'pitch': 0.0, 'last_fix_time': datetime.datetime(2021, 7, 29, 12, 48, 50), 'speed': None, 'rudder': 0, 'datum': (42.3, -71.1)}
2021-07-29 13:48:51,987 [INFO] **** [(-20.08007360544701, -11.028862713394096)] [(2.1871597019817925, -10.568704050228245)]
2021-07-29 13:48:51,990 [INFO] Next green buoy: [(-20.08007360544701, -11.028862713394096)], next red buoy: [(2.1871597019817925, -10.568704050228245)]
2021-07-29 13:48:51,990 [INFO] Desired_heading: 51.153543048267395
2021-07-29 13:48:51,991 [INFO] delta angle: -25
2021-07-29 13:48:51,991 [INFO] sending message $BPRMB,124852.00,25,1,0,1000,0,1*43
...
2021-07-29 13:48:52,993 [INFO] sending message $BPSTS,124852.99,1,BWSI Autonomy OK*4c
...
2021-07-29 13:48:52,995 [INFO] Processing: $BFNVG,124850.72,4218.000935,N,07105.998375,W,0,10.0,1.0,62.2,0.0,0.0,124850.72*60
2021-07-29 13:48:52,997 [INFO] Interpreted as: {'position': (2.2752575901104137, 1.6753064598888159), 'latlon': (42.300015583333334, -71.09997291666667), 'heading': 62.2, 'depth': 1.0, 'altitude': 10.0, 'roll': 0.0, 'pitch': 0.0, 'last_fix_time': datetime.datetime(2021, 7, 29, 12, 48, 50), 'speed': None, 'rudder': 0, 'datum': (42.3, -71.1)}
2021-07-29 13:48:52,998 [INFO] Processing: $BFNVG,124851.06,4218.001028,N,07105.998152,W,0,10.0,1.0,62.3,0.0,0.0,124851.06*62
2021-07-29 13:48:53,001 [INFO] Interpreted as: {'position': (2.5858801582362503, 1.8398605724796653), 'latlon': (42.300017133333334, -71.0999692), 'heading': 62.3, 'depth': 1.0, 'altitude': 10.0, 'roll': 0.0, 'pitch': 0.0, 'last_fix_time': datetime.datetime(2021, 7, 29, 12, 48, 51), 'speed': None, 'rudder': 0, 'datum': (42.3, -71.1)}
2021-07-29 13:48:53,002 [INFO] Processing: $BFNVG,124851.41,4218.001120,N,07105.997927,W,0,10.0,1.0,62.4,0.0,0.0,124851.41*69
2021-07-29 13:48:53,004 [INFO] Interpreted as: {'position': (2.8992048029322177, 2.002496190369129), 'latlon': (42.300018666666666, -71.09996545), 'heading': 62.4, 'depth': 1.0, 'altitude': 10.0, 'roll': 0.0, 'pitch': 0.0, 'last_fix_time': datetime.datetime(2021, 7, 29, 12, 48, 51), 'speed': None, 'rudder': 0, 'datum': (42.3, -71.1)}
2021-07-29 13:48:53,006 [INFO] Processing: $BFNVG,124851.76,4218.001215,N,07105.997695,W,0,10.0,1.0,62.5,0.0,0.0,124851.76*6B
2021-07-29 13:48:53,008 [INFO] Interpreted as: {'position': (3.2222836000146344, 2.170446583069861), 'latlon': (42.30002025, -71.09996158333334), 'heading': 62.5, 'depth': 1.0, 'altitude': 10.0, 'roll': 0.0, 'pitch': 0.0, 'last_fix_time': datetime.datetime(2021, 7, 29, 12, 48, 51), 'speed': None, 'rudder': 0, 'datum': (42.3, -71.1)}
2021-07-29 13:48:53,009 [INFO] Received from Frontseat: [b'$BFNVG,124850.72,4218.000935,N,07105.998375,W,0,10.0,1.0,62.2,0.0,0.0,124850.72*60', b'$BFNVG,124851.06,4218.001028,N,07105.998152,W,0,10.0,1.0,62.3,0.0,0.0,124851.06*62', b'$BFNVG,124851.41,4218.001120,N,07105.997927,W,0,10.0,1.0,62.4,0.0,0.0,124851.41*69', b'$BFNVG,124851.76,4218.001215,N,07105.997695,W,0,10.0,1.0,62.5,0.0,0.0,124851.76*6B']
2021-07-29 13:48:53,010 [INFO] AUV state: {'position': (3.2222836000146344, 2.170446583069861), 'latlon': (42.30002025, -71.09996158333334), 'heading': 62.5, 'depth': 1.0, 'altitude': 10.0, 'roll': 0.0, 'pitch': 0.0, 'last_fix_time': datetime.datetime(2021, 7, 29, 12, 48, 51), 'speed': None, 'rudder': 0, 'datum': (42.3, -71.1)}
2021-07-29 13:48:53,382 [INFO] **** [] [(-0.5510659090929841, -14.08902259494351)]
2021-07-29 13:48:53,385 [INFO] Next green buoy: [], next red buoy: [(-0.5510659090929841, -14.08902259494351)]
2021-07-29 13:48:53,385 [INFO] Desired_heading: 61.94893409090702
2021-07-29 13:48:53,386 [INFO] delta angle: -0.24293890893159187
2021-07-29 13:48:53,386 [INFO] sending message $BPRMB,124853.98,0.24293890893159187,1,0,1000,0,1*64
...
2021-07-29 13:48:54,388 [INFO] sending message $BPSTS,124854.38,1,BWSI Autonomy OK*41
...
2021-07-29 13:48:54,390 [INFO] Processing: $BFNVG,124852.10,4218.001307,N,07105.997471,W,0,10.0,1.0,62.6,0.0,0.0,124852.10*62
2021-07-29 13:48:54,392 [INFO] Interpreted as: {'position': (3.534234332968481, 2.3331161327660084), 'latlon': (42.300021783333335, -71.09995785), 'heading': 62.6, 'depth': 1.0, 'altitude': 10.0, 'roll': 0.0, 'pitch': 0.0, 'last_fix_time': datetime.datetime(2021, 7, 29, 12, 48, 52), 'speed': None, 'rudder': 0, 'datum': (42.3, -71.1)}
2021-07-29 13:48:54,393 [INFO] Processing: $BFNVG,124852.45,4218.001402,N,07105.997248,W,0,10.0,1.0,60.5,0.0,0.0,124852.45*6D
2021-07-29 13:48:54,395 [INFO] Interpreted as: {'position': (3.84494818712119, 2.501371691003442), 'latlon': (42.300023366666665, -71.09995413333333), 'heading': 60.5, 'depth': 1.0, 'altitude': 10.0, 'roll': 0.0, 'pitch': 0.0, 'last_fix_time': datetime.datetime(2021, 7, 29, 12, 48, 52), 'speed': None, 'rudder': 0, 'datum': (42.3, -71.1)}
2021-07-29 13:48:54,397 [INFO] Processing: $BFNVG,124852.79,4218.001503,N,07105.997032,W,0,10.0,1.0,58.3,0.0,0.0,124852.79*6F
2021-07-29 13:48:54,399 [INFO] Interpreted as: {'position': (4.14631889318116, 2.6809687772765756), 'latlon': (42.30002505, -71.09995053333333), 'heading': 58.3, 'depth': 1.0, 'altitude': 10.0, 'roll': 0.0, 'pitch': 0.0, 'last_fix_time': datetime.datetime(2021, 7, 29, 12, 48, 52), 'speed': None, 'rudder': 0, 'datum': (42.3, -71.1)}
2021-07-29 13:48:54,400 [INFO] Processing: $BFNVG,124853.13,4218.001609,N,07105.996819,W,0,10.0,1.0,56.2,0.0,0.0,124853.13*69
2021-07-29 13:48:54,402 [INFO] Interpreted as: {'position': (4.443796302657574, 2.8699210714548826), 'latlon': (42.300026816666666, -71.09994698333334), 'heading': 56.2, 'depth': 1.0, 'altitude': 10.0, 'roll': 0.0, 'pitch': 0.0, 'last_fix_time': datetime.datetime(2021, 7, 29, 12, 48, 53), 'speed': None, 'rudder': 0, 'datum': (42.3, -71.1)}
2021-07-29 13:48:54,403 [INFO] Received from Frontseat: [b'$BFNVG,124852.10,4218.001307,N,07105.997471,W,0,10.0,1.0,62.6,0.0,0.0,124852.10*62', b'$BFNVG,124852.45,4218.001402,N,07105.997248,W,0,10.0,1.0,60.5,0.0,0.0,124852.45*6D', b'$BFNVG,124852.79,4218.001503,N,07105.997032,W,0,10.0,1.0,58.3,0.0,0.0,124852.79*6F', b'$BFNVG,124853.13,4218.001609,N,07105.996819,W,0,10.0,1.0,56.2,0.0,0.0,124853.13*69']
2021-07-29 13:48:54,404 [INFO] AUV state: {'position': (4.443796302657574, 2.8699210714548826), 'latlon': (42.300026816666666, -71.09994698333334), 'heading': 56.2, 'depth': 1.0, 'altitude': 10.0, 'roll': 0.0, 'pitch': 0.0, 'last_fix_time': datetime.datetime(2021, 7, 29, 12, 48, 53), 'speed': None, 'rudder': 0, 'datum': (42.3, -71.1)}
2021-07-29 13:48:54,792 [INFO] **** [] [(7.3243519711474585, -20.796351754976925), (-16.936699857292624, -5.026361713210614)]
2021-07-29 13:48:54,794 [INFO] Next green buoy: [], next red buoy: [(7.3243519711474585, -20.796351754976925), (-16.936699857292624, -5.026361713210614)]
2021-07-29 13:48:54,795 [INFO] Desired_heading: 63.52435197114746
2021-07-29 13:48:54,796 [INFO] delta angle: 25
2021-07-29 13:48:54,796 [INFO] sending message $BPRMB,124854.78,-25,1,0,1000,0,1*67
...
2021-07-29 13:48:55,798 [INFO] sending message $BPSTS,124855.79,1,BWSI Autonomy OK*45
...
2021-07-29 13:48:55,800 [INFO] Processing: $BFNVG,124853.48,4218.001723,N,07105.996611,W,0,10.0,1.0,54.0,0.0,0.0,124853.48*66
2021-07-29 13:48:55,807 [INFO] Interpreted as: {'position': (4.734769667033106, 3.073848477564752), 'latlon': (42.30002871666667, -71.09994351666667), 'heading': 54.0, 'depth': 1.0, 'altitude': 10.0, 'roll': 0.0, 'pitch': 0.0, 'last_fix_time': datetime.datetime(2021, 7, 29, 12, 48, 53), 'speed': None, 'rudder': 0, 'datum': (42.3, -71.1)}
2021-07-29 13:48:55,808 [INFO] Processing: $BFNVG,124853.82,4218.001839,N,07105.996406,W,0,10.0,1.0,54.0,0.0,0.0,124853.82*66
2021-07-29 13:48:55,812 [INFO] Interpreted as: {'position': (5.021712720626965, 3.2815790018066764), 'latlon': (42.30003065, -71.0999401), 'heading': 54.0, 'depth': 1.0, 'altitude': 10.0, 'roll': 0.0, 'pitch': 0.0, 'last_fix_time': datetime.datetime(2021, 7, 29, 12, 48, 53), 'speed': None, 'rudder': 0, 'datum': (42.3, -71.1)}
2021-07-29 13:48:55,813 [INFO] Processing: $BFNVG,124854.17,4218.001958,N,07105.996196,W,0,10.0,1.0,54.0,0.0,0.0,124854.17*6C
2021-07-29 13:48:55,816 [INFO] Interpreted as: {'position': (5.3156621606322005, 3.4946921076625586), 'latlon': (42.30003263333333, -71.0999366), 'heading': 54.0, 'depth': 1.0, 'altitude': 10.0, 'roll': 0.0, 'pitch': 0.0, 'last_fix_time': datetime.datetime(2021, 7, 29, 12, 48, 54), 'speed': None, 'rudder': 0, 'datum': (42.3, -71.1)}
2021-07-29 13:48:55,818 [INFO] Processing: $BFNVG,124854.52,4218.002075,N,07105.995991,W,0,10.0,1.0,54.0,0.0,0.0,124854.52*65
2021-07-29 13:48:55,820 [INFO] Interpreted as: {'position': (5.602650848100893, 3.704273351468146), 'latlon': (42.300034583333336, -71.09993318333333), 'heading': 54.0, 'depth': 1.0, 'altitude': 10.0, 'roll': 0.0, 'pitch': 0.0, 'last_fix_time': datetime.datetime(2021, 7, 29, 12, 48, 54), 'speed': None, 'rudder': 0, 'datum': (42.3, -71.1)}
2021-07-29 13:48:55,821 [INFO] Received from Frontseat: [b'$BFNVG,124853.48,4218.001723,N,07105.996611,W,0,10.0,1.0,54.0,0.0,0.0,124853.48*66', b'$BFNVG,124853.82,4218.001839,N,07105.996406,W,0,10.0,1.0,54.0,0.0,0.0,124853.82*66', b'$BFNVG,124854.17,4218.001958,N,07105.996196,W,0,10.0,1.0,54.0,0.0,0.0,124854.17*6C', b'$BFNVG,124854.52,4218.002075,N,07105.995991,W,0,10.0,1.0,54.0,0.0,0.0,124854.52*65']
2021-07-29 13:48:55,822 [INFO] AUV state: {'position': (5.602650848100893, 3.704273351468146), 'latlon': (42.300034583333336, -71.09993318333333), 'heading': 54.0, 'depth': 1.0, 'altitude': 10.0, 'roll': 0.0, 'pitch': 0.0, 'last_fix_time': datetime.datetime(2021, 7, 29, 12, 48, 54), 'speed': None, 'rudder': 0, 'datum': (42.3, -71.1)}
2021-07-29 13:48:56,199 [INFO] **** [] [(18.047808941262254, -23.74400338280365), (-16.507293957505407, -5.6859599705261274)]
2021-07-29 13:48:56,201 [INFO] Next green buoy: [], next red buoy: [(18.047808941262254, -23.74400338280365), (-16.507293957505407, -5.6859599705261274)]
2021-07-29 13:48:56,202 [INFO] Desired_heading: 72.04780894126225
2021-07-29 13:48:56,202 [INFO] delta angle: -25
2021-07-29 13:48:56,203 [INFO] sending message $BPRMB,124856.80,25,1,0,1000,0,1*4f
...
2021-07-29 13:48:57,204 [INFO] sending message $BPSTS,124857.20,1,BWSI Autonomy OK*4b
...
2021-07-29 13:48:57,205 [INFO] Processing: $BFNVG,124854.86,4218.002191,N,07105.995787,W,0,10.0,1.0,53.9,0.0,0.0,124854.86*69
2021-07-29 13:48:57,208 [INFO] Interpreted as: {'position': (5.888219968765043, 3.9120378121733665), 'latlon': (42.300036516666665, -71.09992978333334), 'heading': 53.9, 'depth': 1.0, 'altitude': 10.0, 'roll': 0.0, 'pitch': 0.0, 'last_fix_time': datetime.datetime(2021, 7, 29, 12, 48, 54), 'speed': None, 'rudder': 0, 'datum': (42.3, -71.1)}
2021-07-29 13:48:57,208 [INFO] Processing: $BFNVG,124855.21,4218.002306,N,07105.995576,W,0,10.0,1.0,56.1,0.0,0.0,124855.21*64
2021-07-29 13:48:57,210 [INFO] Interpreted as: {'position': (6.183360552531667, 4.1177142625674605), 'latlon': (42.300038433333334, -71.09992626666667), 'heading': 56.1, 'depth': 1.0, 'altitude': 10.0, 'roll': 0.0, 'pitch': 0.0, 'last_fix_time': datetime.datetime(2021, 7, 29, 12, 48, 55), 'speed': None, 'rudder': 0, 'datum': (42.3, -71.1)}
2021-07-29 13:48:57,211 [INFO] Processing: $BFNVG,124855.55,4218.002413,N,07105.995365,W,0,10.0,1.0,58.3,0.0,0.0,124855.55*6F
2021-07-29 13:48:57,213 [INFO] Interpreted as: {'position': (6.478135759476572, 4.308585143648088), 'latlon': (42.300040216666666, -71.09992275), 'heading': 58.3, 'depth': 1.0, 'altitude': 10.0, 'roll': 0.0, 'pitch': 0.0, 'last_fix_time': datetime.datetime(2021, 7, 29, 12, 48, 55), 'speed': None, 'rudder': 0, 'datum': (42.3, -71.1)}
2021-07-29 13:48:57,214 [INFO] Processing: $BFNVG,124855.89,4218.002514,N,07105.995148,W,0,10.0,1.0,60.4,0.0,0.0,124855.89*68
2021-07-29 13:48:57,216 [INFO] Interpreted as: {'position': (6.780880199163221, 4.488148435018957), 'latlon': (42.3000419, -71.09991913333333), 'heading': 60.4, 'depth': 1.0, 'altitude': 10.0, 'roll': 0.0, 'pitch': 0.0, 'last_fix_time': datetime.datetime(2021, 7, 29, 12, 48, 55), 'speed': None, 'rudder': 0, 'datum': (42.3, -71.1)}
2021-07-29 13:48:57,217 [INFO] Received from Frontseat: [b'$BFNVG,124854.86,4218.002191,N,07105.995787,W,0,10.0,1.0,53.9,0.0,0.0,124854.86*69', b'$BFNVG,124855.21,4218.002306,N,07105.995576,W,0,10.0,1.0,56.1,0.0,0.0,124855.21*64', b'$BFNVG,124855.55,4218.002413,N,07105.995365,W,0,10.0,1.0,58.3,0.0,0.0,124855.55*6F', b'$BFNVG,124855.89,4218.002514,N,07105.995148,W,0,10.0,1.0,60.4,0.0,0.0,124855.89*68']
2021-07-29 13:48:57,218 [INFO] AUV state: {'position': (6.780880199163221, 4.488148435018957), 'latlon': (42.3000419, -71.09991913333333), 'heading': 60.4, 'depth': 1.0, 'altitude': 10.0, 'roll': 0.0, 'pitch': 0.0, 'last_fix_time': datetime.datetime(2021, 7, 29, 12, 48, 55), 'speed': None, 'rudder': 0, 'datum': (42.3, -71.1)}
2021-07-29 13:48:57,561 [INFO] **** [] [(-25.304273684320886, -6.42111318724084)]
2021-07-29 13:48:57,564 [INFO] Next green buoy: [], next red buoy: [(-25.304273684320886, -6.42111318724084)]
2021-07-29 13:48:57,564 [INFO] Desired_heading: 35.095726315679116
2021-07-29 13:48:57,564 [INFO] delta angle: -25
2021-07-29 13:48:57,565 [INFO] sending message $BPRMB,124857.60,25,1,0,1000,0,1*40
...
2021-07-29 13:48:58,567 [INFO] sending message $BPSTS,124858.56,1,BWSI Autonomy OK*45
...
2021-07-29 13:48:58,568 [INFO] Processing: $BFNVG,124856.24,4218.002611,N,07105.994920,W,0,10.0,1.0,62.6,0.0,0.0,124856.24*69
2021-07-29 13:48:58,571 [INFO] Interpreted as: {'position': (7.098554609285202, 4.659936009906232), 'latlon': (42.30004351666667, -71.09991533333333), 'heading': 62.6, 'depth': 1.0, 'altitude': 10.0, 'roll': 0.0, 'pitch': 0.0, 'last_fix_time': datetime.datetime(2021, 7, 29, 12, 48, 56), 'speed': None, 'rudder': 0, 'datum': (42.3, -71.1)}
2021-07-29 13:48:58,572 [INFO] Processing: $BFNVG,124856.59,4218.002706,N,07105.994699,W,0,10.0,1.0,60.5,0.0,0.0,124856.59*62
2021-07-29 13:48:58,574 [INFO] Interpreted as: {'position': (7.406520513410214, 4.828259529545903), 'latlon': (42.3000451, -71.09991165), 'heading': 60.5, 'depth': 1.0, 'altitude': 10.0, 'roll': 0.0, 'pitch': 0.0, 'last_fix_time': datetime.datetime(2021, 7, 29, 12, 48, 56), 'speed': None, 'rudder': 0, 'datum': (42.3, -71.1)}
2021-07-29 13:48:58,575 [INFO] Processing: $BFNVG,124856.93,4218.002807,N,07105.994482,W,0,10.0,1.0,58.3,0.0,0.0,124856.93*69
2021-07-29 13:48:58,577 [INFO] Interpreted as: {'position': (7.709264903736766, 5.0078228591009974), 'latlon': (42.300046783333336, -71.09990803333334), 'heading': 58.3, 'depth': 1.0, 'altitude': 10.0, 'roll': 0.0, 'pitch': 0.0, 'last_fix_time': datetime.datetime(2021, 7, 29, 12, 48, 56), 'speed': None, 'rudder': 0, 'datum': (42.3, -71.1)}
2021-07-29 13:48:58,578 [INFO] Processing: $BFNVG,124857.27,4218.002914,N,07105.994269,W,0,10.0,1.0,56.2,0.0,0.0,124857.27*66
2021-07-29 13:48:58,580 [INFO] Interpreted as: {'position': (8.006787787831854, 5.1986259976401925), 'latlon': (42.30004856666667, -71.09990448333333), 'heading': 56.2, 'depth': 1.0, 'altitude': 10.0, 'roll': 0.0, 'pitch': 0.0, 'last_fix_time': datetime.datetime(2021, 7, 29, 12, 48, 57), 'speed': None, 'rudder': 0, 'datum': (42.3, -71.1)}
2021-07-29 13:48:58,581 [INFO] Received from Frontseat: [b'$BFNVG,124856.24,4218.002611,N,07105.994920,W,0,10.0,1.0,62.6,0.0,0.0,124856.24*69', b'$BFNVG,124856.59,4218.002706,N,07105.994699,W,0,10.0,1.0,60.5,0.0,0.0,124856.59*62', b'$BFNVG,124856.93,4218.002807,N,07105.994482,W,0,10.0,1.0,58.3,0.0,0.0,124856.93*69', b'$BFNVG,124857.27,4218.002914,N,07105.994269,W,0,10.0,1.0,56.2,0.0,0.0,124857.27*66']
2021-07-29 13:48:58,582 [INFO] AUV state: {'position': (8.006787787831854, 5.1986259976401925), 'latlon': (42.30004856666667, -71.09990448333333), 'heading': 56.2, 'depth': 1.0, 'altitude': 10.0, 'roll': 0.0, 'pitch': 0.0, 'last_fix_time': datetime.datetime(2021, 7, 29, 12, 48, 57), 'speed': None, 'rudder': 0, 'datum': (42.3, -71.1)}
2021-07-29 13:48:58,943 [INFO] **** [] [(-25.041393510607058, -7.438301970814693), (-10.989415212636727, -4.716399518899028)]
2021-07-29 13:48:58,945 [INFO] Next green buoy: [], next red buoy: [(-25.041393510607058, -7.438301970814693), (-10.989415212636727, -4.716399518899028)]
2021-07-29 13:48:58,945 [INFO] Desired_heading: 31.158606489392945
2021-07-29 13:48:58,946 [INFO] delta angle: -25
2021-07-29 13:48:58,946 [INFO] sending message $BPRMB,124859.53,25,1,0,1000,0,1*4e
...
2021-07-29 13:48:59,948 [INFO] sending message $BPSTS,124859.94,1,BWSI Autonomy OK*4a
...
2021-07-29 13:48:59,949 [INFO] Processing: $BFNVG,124857.62,4218.003029,N,07105.994059,W,0,10.0,1.0,54.0,0.0,0.0,124857.62*61
2021-07-29 13:48:59,951 [INFO] Interpreted as: {'position': (8.30055437493138, 5.4043364357203245), 'latlon': (42.30005048333334, -71.09990098333333), 'heading': 54.0, 'depth': 1.0, 'altitude': 10.0, 'roll': 0.0, 'pitch': 0.0, 'last_fix_time': datetime.datetime(2021, 7, 29, 12, 48, 57), 'speed': None, 'rudder': 0, 'datum': (42.3, -71.1)}
2021-07-29 13:48:59,952 [INFO] Processing: $BFNVG,124857.97,4218.003150,N,07105.993853,W,0,10.0,1.0,51.8,0.0,0.0,124857.97*66
2021-07-29 13:48:59,954 [INFO] Interpreted as: {'position': (8.589099453645758, 5.621286680921912), 'latlon': (42.3000525, -71.09989755), 'heading': 51.8, 'depth': 1.0, 'altitude': 10.0, 'roll': 0.0, 'pitch': 0.0, 'last_fix_time': datetime.datetime(2021, 7, 29, 12, 48, 57), 'speed': None, 'rudder': 0, 'datum': (42.3, -71.1)}
2021-07-29 13:48:59,956 [INFO] Processing: $BFNVG,124858.33,4218.003282,N,07105.993647,W,0,10.0,1.0,49.5,0.0,0.0,124858.33*65
2021-07-29 13:48:59,958 [INFO] Interpreted as: {'position': (8.878146878327243, 5.858594605699182), 'latlon': (42.3000547, -71.09989411666666), 'heading': 49.5, 'depth': 1.0, 'altitude': 10.0, 'roll': 0.0, 'pitch': 0.0, 'last_fix_time': datetime.datetime(2021, 7, 29, 12, 48, 58), 'speed': None, 'rudder': 0, 'datum': (42.3, -71.1)}
2021-07-29 13:48:59,958 [INFO] Processing: $BFNVG,124858.69,4218.003416,N,07105.993453,W,0,10.0,1.0,47.3,0.0,0.0,124858.69*61
2021-07-29 13:48:59,960 [INFO] Interpreted as: {'position': (9.150799082475714, 6.100010776892304), 'latlon': (42.30005693333333, -71.09989088333333), 'heading': 47.3, 'depth': 1.0, 'altitude': 10.0, 'roll': 0.0, 'pitch': 0.0, 'last_fix_time': datetime.datetime(2021, 7, 29, 12, 48, 58), 'speed': None, 'rudder': 0, 'datum': (42.3, -71.1)}
2021-07-29 13:48:59,961 [INFO] Received from Frontseat: [b'$BFNVG,124857.62,4218.003029,N,07105.994059,W,0,10.0,1.0,54.0,0.0,0.0,124857.62*61', b'$BFNVG,124857.97,4218.003150,N,07105.993853,W,0,10.0,1.0,51.8,0.0,0.0,124857.97*66', b'$BFNVG,124858.33,4218.003282,N,07105.993647,W,0,10.0,1.0,49.5,0.0,0.0,124858.33*65', b'$BFNVG,124858.69,4218.003416,N,07105.993453,W,0,10.0,1.0,47.3,0.0,0.0,124858.69*61']
2021-07-29 13:48:59,962 [INFO] AUV state: {'position': (9.150799082475714, 6.100010776892304), 'latlon': (42.30005693333333, -71.09989088333333), 'heading': 47.3, 'depth': 1.0, 'altitude': 10.0, 'roll': 0.0, 'pitch': 0.0, 'last_fix_time': datetime.datetime(2021, 7, 29, 12, 48, 58), 'speed': None, 'rudder': 0, 'datum': (42.3, -71.1)}
2021-07-29 13:49:00,300 [INFO] **** [] [(-20.555478229260256, -8.988400675962712), (-2.023546289163698, -5.359561637815263)]
2021-07-29 13:49:00,302 [INFO] Next green buoy: [], next red buoy: [(-20.555478229260256, -8.988400675962712), (-2.023546289163698, -5.359561637815263)]
2021-07-29 13:49:00,303 [INFO] Desired_heading: 26.74452177073974
2021-07-29 13:49:00,303 [INFO] delta angle: 21.977851813126108
2021-07-29 13:49:00,303 [INFO] sending message $BPRMB,124900.36,-21.977851813126108,1,0,1000,0,1*74
...
2021-07-29 13:49:01,305 [INFO] sending message $BPSTS,124901.30,1,BWSI Autonomy OK*48
...
2021-07-29 13:49:01,306 [INFO] Processing: $BFNVG,124859.05,4218.003558,N,07105.993263,W,0,10.0,1.0,45.1,0.0,0.0,124859.05*6F
2021-07-29 13:49:01,312 [INFO] Interpreted as: {'position': (9.418321111472324, 6.35636814776808), 'latlon': (42.3000593, -71.09988771666667), 'heading': 45.1, 'depth': 1.0, 'altitude': 10.0, 'roll': 0.0, 'pitch': 0.0, 'last_fix_time': datetime.datetime(2021, 7, 29, 12, 48, 59), 'speed': None, 'rudder': 0, 'datum': (42.3, -71.1)}
2021-07-29 13:49:01,313 [INFO] Processing: $BFNVG,124859.40,4218.003702,N,07105.993086,W,0,10.0,1.0,42.9,0.0,0.0,124859.40*64
2021-07-29 13:49:01,315 [INFO] Interpreted as: {'position': (9.668074038345367, 6.616867664270103), 'latlon': (42.3000617, -71.09988476666666), 'heading': 42.9, 'depth': 1.0, 'altitude': 10.0, 'roll': 0.0, 'pitch': 0.0, 'last_fix_time': datetime.datetime(2021, 7, 29, 12, 48, 59), 'speed': None, 'rudder': 0, 'datum': (42.3, -71.1)}
2021-07-29 13:49:01,316 [INFO] Processing: $BFNVG,124859.75,4218.003850,N,07105.992916,W,0,10.0,1.0,40.7,0.0,0.0,124859.75*61
2021-07-29 13:49:01,318 [INFO] Interpreted as: {'position': (9.908392476441804, 6.885007299482822), 'latlon': (42.300064166666665, -71.09988193333334), 'heading': 40.7, 'depth': 1.0, 'altitude': 10.0, 'roll': 0.0, 'pitch': 0.0, 'last_fix_time': datetime.datetime(2021, 7, 29, 12, 48, 59), 'speed': None, 'rudder': 0, 'datum': (42.3, -71.1)}
2021-07-29 13:49:01,318 [INFO] Processing: $BFNVG,124900.10,4218.004004,N,07105.992753,W,0,10.0,1.0,38.5,0.0,0.0,124900.10*6D
2021-07-29 13:49:01,320 [INFO] Interpreted as: {'position': (10.13936776528135, 7.164488445036113), 'latlon': (42.30006673333333, -71.09987921666666), 'heading': 38.5, 'depth': 1.0, 'altitude': 10.0, 'roll': 0.0, 'pitch': 0.0, 'last_fix_time': datetime.datetime(2021, 7, 29, 12, 49), 'speed': None, 'rudder': 0, 'datum': (42.3, -71.1)}
2021-07-29 13:49:01,321 [INFO] Received from Frontseat: [b'$BFNVG,124859.05,4218.003558,N,07105.993263,W,0,10.0,1.0,45.1,0.0,0.0,124859.05*6F', b'$BFNVG,124859.40,4218.003702,N,07105.993086,W,0,10.0,1.0,42.9,0.0,0.0,124859.40*64', b'$BFNVG,124859.75,4218.003850,N,07105.992916,W,0,10.0,1.0,40.7,0.0,0.0,124859.75*61', b'$BFNVG,124900.10,4218.004004,N,07105.992753,W,0,10.0,1.0,38.5,0.0,0.0,124900.10*6D']
2021-07-29 13:49:01,322 [INFO] AUV state: {'position': (10.13936776528135, 7.164488445036113), 'latlon': (42.30006673333333, -71.09987921666666), 'heading': 38.5, 'depth': 1.0, 'altitude': 10.0, 'roll': 0.0, 'pitch': 0.0, 'last_fix_time': datetime.datetime(2021, 7, 29, 12, 49), 'speed': None, 'rudder': 0, 'datum': (42.3, -71.1)}
2021-07-29 13:49:01,689 [INFO] **** [] [(-15.644333977442763, -11.30527594836951), (8.206055260412914, -6.037595333761887)]
2021-07-29 13:49:01,691 [INFO] Next green buoy: [], next red buoy: [(-15.644333977442763, -11.30527594836951), (8.206055260412914, -6.037595333761887)]
2021-07-29 13:49:01,692 [INFO] Desired_heading: 22.855666022557237
2021-07-29 13:49:01,692 [INFO] delta angle: 25
2021-07-29 13:49:01,693 [INFO] sending message $BPRMB,124902.24,-25,1,0,1000,0,1*6c
...
2021-07-29 13:49:02,695 [INFO] sending message $BPSTS,124902.69,1,BWSI Autonomy OK*47
...
2021-07-29 13:49:02,696 [INFO] Processing: $BFNVG,124900.45,4218.004162,N,07105.992598,W,0,10.0,1.0,36.3,0.0,0.0,124900.45*61
2021-07-29 13:49:02,698 [INFO] Interpreted as: {'position': (10.359534687828273, 7.45164361409843), 'latlon': (42.30006936666667, -71.09987663333334), 'heading': 36.3, 'depth': 1.0, 'altitude': 10.0, 'roll': 0.0, 'pitch': 0.0, 'last_fix_time': datetime.datetime(2021, 7, 29, 12, 49), 'speed': None, 'rudder': 0, 'datum': (42.3, -71.1)}
2021-07-29 13:49:02,699 [INFO] Processing: $BFNVG,124900.81,4218.004324,N,07105.992441,W,0,10.0,1.0,38.3,0.0,0.0,124900.81*6A
2021-07-29 13:49:02,701 [INFO] Interpreted as: {'position': (10.5826320311171, 7.746133769862354), 'latlon': (42.300072066666665, -71.09987401666666), 'heading': 38.3, 'depth': 1.0, 'altitude': 10.0, 'roll': 0.0, 'pitch': 0.0, 'last_fix_time': datetime.datetime(2021, 7, 29, 12, 49), 'speed': None, 'rudder': 0, 'datum': (42.3, -71.1)}
2021-07-29 13:49:02,702 [INFO] Processing: $BFNVG,124901.19,4218.004488,N,07105.992270,W,0,10.0,1.0,40.3,0.0,0.0,124901.19*60
2021-07-29 13:49:02,704 [INFO] Interpreted as: {'position': (10.825054983084556, 8.043850683607161), 'latlon': (42.3000748, -71.09987116666667), 'heading': 40.3, 'depth': 1.0, 'altitude': 10.0, 'roll': 0.0, 'pitch': 0.0, 'last_fix_time': datetime.datetime(2021, 7, 29, 12, 49, 1), 'speed': None, 'rudder': 0, 'datum': (42.3, -71.1)}
2021-07-29 13:49:02,705 [INFO] Processing: $BFNVG,124901.55,4218.004645,N,07105.992093,W,0,10.0,1.0,42.3,0.0,0.0,124901.55*6E
2021-07-29 13:49:02,707 [INFO] Interpreted as: {'position': (11.075401502894238, 8.328409311361611), 'latlon': (42.30007741666667, -71.09986821666666), 'heading': 42.3, 'depth': 1.0, 'altitude': 10.0, 'roll': 0.0, 'pitch': 0.0, 'last_fix_time': datetime.datetime(2021, 7, 29, 12, 49, 1), 'speed': None, 'rudder': 0, 'datum': (42.3, -71.1)}
2021-07-29 13:49:02,708 [INFO] Received from Frontseat: [b'$BFNVG,124900.45,4218.004162,N,07105.992598,W,0,10.0,1.0,36.3,0.0,0.0,124900.45*61', b'$BFNVG,124900.81,4218.004324,N,07105.992441,W,0,10.0,1.0,38.3,0.0,0.0,124900.81*6A', b'$BFNVG,124901.19,4218.004488,N,07105.992270,W,0,10.0,1.0,40.3,0.0,0.0,124901.19*60', b'$BFNVG,124901.55,4218.004645,N,07105.992093,W,0,10.0,1.0,42.3,0.0,0.0,124901.55*6E']
2021-07-29 13:49:02,709 [INFO] AUV state: {'position': (11.075401502894238, 8.328409311361611), 'latlon': (42.30007741666667, -71.09986821666666), 'heading': 42.3, 'depth': 1.0, 'altitude': 10.0, 'roll': 0.0, 'pitch': 0.0, 'last_fix_time': datetime.datetime(2021, 7, 29, 12, 49, 1), 'speed': None, 'rudder': 0, 'datum': (42.3, -71.1)}
2021-07-29 13:49:03,085 [INFO] **** [(-3.809071098296832, -6.067717966363451)] [(-24.709795877425577, -15.150487267991394), (5.374030979522832, -7.170174390082447), (23.17565028661931, -4.798400656143506)]
2021-07-29 13:49:03,088 [INFO] Next green buoy: [(-3.809071098296832, -6.067717966363451)], next red buoy: [(-24.709795877425577, -15.150487267991394), (5.374030979522832, -7.170174390082447), (23.17565028661931, -4.798400656143506)]
2021-07-29 13:49:03,088 [INFO] Desired_heading: 28.040566512138792
2021-07-29 13:49:03,089 [INFO] delta angle: -25
2021-07-29 13:49:03,089 [INFO] sending message $BPRMB,124903.14,25,1,0,1000,0,1*43
...
2021-07-29 13:49:04,091 [INFO] sending message $BPSTS,124904.09,1,BWSI Autonomy OK*47
...
2021-07-29 13:49:04,092 [INFO] Processing: $BFNVG,124901.92,4218.004797,N,07105.991909,W,0,10.0,1.0,44.3,0.0,0.0,124901.92*6F
2021-07-29 13:49:04,095 [INFO] Interpreted as: {'position': (11.33513680100441, 8.603477139025927), 'latlon': (42.30007995, -71.09986515), 'heading': 44.3, 'depth': 1.0, 'altitude': 10.0, 'roll': 0.0, 'pitch': 0.0, 'last_fix_time': datetime.datetime(2021, 7, 29, 12, 49, 1), 'speed': None, 'rudder': 0, 'datum': (42.3, -71.1)}
2021-07-29 13:49:04,096 [INFO] Processing: $BFNVG,124902.28,4218.004940,N,07105.991723,W,0,10.0,1.0,46.6,0.0,0.0,124902.28*6A
2021-07-29 13:49:04,098 [INFO] Interpreted as: {'position': (11.5972088148701, 8.861820898018777), 'latlon': (42.300082333333336, -71.09986205), 'heading': 46.6, 'depth': 1.0, 'altitude': 10.0, 'roll': 0.0, 'pitch': 0.0, 'last_fix_time': datetime.datetime(2021, 7, 29, 12, 49, 2), 'speed': None, 'rudder': 0, 'datum': (42.3, -71.1)}
2021-07-29 13:49:04,099 [INFO] Processing: $BFNVG,124902.63,4218.005073,N,07105.991534,W,0,10.0,1.0,48.8,0.0,0.0,124902.63*66
2021-07-29 13:49:04,102 [INFO] Interpreted as: {'position': (11.862945752567612, 9.10155598539859), 'latlon': (42.30008455, -71.0998589), 'heading': 48.8, 'depth': 1.0, 'altitude': 10.0, 'roll': 0.0, 'pitch': 0.0, 'last_fix_time': datetime.datetime(2021, 7, 29, 12, 49, 2), 'speed': None, 'rudder': 0, 'datum': (42.3, -71.1)}
2021-07-29 13:49:04,103 [INFO] Processing: $BFNVG,124902.98,4218.005202,N,07105.991339,W,0,10.0,1.0,50.9,0.0,0.0,124902.98*61
2021-07-29 13:49:04,105 [INFO] Interpreted as: {'position': (12.136743263632525, 9.333684879355133), 'latlon': (42.3000867, -71.09985565), 'heading': 50.9, 'depth': 1.0, 'altitude': 10.0, 'roll': 0.0, 'pitch': 0.0, 'last_fix_time': datetime.datetime(2021, 7, 29, 12, 49, 2), 'speed': None, 'rudder': 0, 'datum': (42.3, -71.1)}
2021-07-29 13:49:04,105 [INFO] Received from Frontseat: [b'$BFNVG,124901.92,4218.004797,N,07105.991909,W,0,10.0,1.0,44.3,0.0,0.0,124901.92*6F', b'$BFNVG,124902.28,4218.004940,N,07105.991723,W,0,10.0,1.0,46.6,0.0,0.0,124902.28*6A', b'$BFNVG,124902.63,4218.005073,N,07105.991534,W,0,10.0,1.0,48.8,0.0,0.0,124902.63*66', b'$BFNVG,124902.98,4218.005202,N,07105.991339,W,0,10.0,1.0,50.9,0.0,0.0,124902.98*61']
2021-07-29 13:49:04,106 [INFO] AUV state: {'position': (12.136743263632525, 9.333684879355133), 'latlon': (42.3000867, -71.09985565), 'heading': 50.9, 'depth': 1.0, 'altitude': 10.0, 'roll': 0.0, 'pitch': 0.0, 'last_fix_time': datetime.datetime(2021, 7, 29, 12, 49, 2), 'speed': None, 'rudder': 0, 'datum': (42.3, -71.1)}
2021-07-29 13:49:04,450 [INFO] **** [(-14.578188252303537, -7.121665694031642)] [(-4.066781001415881, -8.659338602716423), (16.951956316234607, -5.460360484099662)]
2021-07-29 13:49:04,452 [INFO] Next green buoy: [(-14.578188252303537, -7.121665694031642)], next red buoy: [(-4.066781001415881, -8.659338602716423), (16.951956316234607, -5.460360484099662)]
2021-07-29 13:49:04,453 [INFO] Desired_heading: 41.57751537314029
2021-07-29 13:49:04,453 [INFO] delta angle: -25
2021-07-29 13:49:04,454 [INFO] sending message $BPRMB,124905.03,25,1,0,1000,0,1*43
...
2021-07-29 13:49:05,455 [INFO] sending message $BPSTS,124905.45,1,BWSI Autonomy OK*4e
...
2021-07-29 13:49:05,457 [INFO] Processing: $BFNVG,124903.33,4218.005325,N,07105.991137,W,0,10.0,1.0,53.1,0.0,0.0,124903.33*62
2021-07-29 13:49:05,459 [INFO] Interpreted as: {'position': (12.419883887981996, 9.55447227973491), 'latlon': (42.30008875, -71.09985228333333), 'heading': 53.1, 'depth': 1.0, 'altitude': 10.0, 'roll': 0.0, 'pitch': 0.0, 'last_fix_time': datetime.datetime(2021, 7, 29, 12, 49, 3), 'speed': None, 'rudder': 0, 'datum': (42.3, -71.1)}
2021-07-29 13:49:05,460 [INFO] Processing: $BFNVG,124903.68,4218.005449,N,07105.990933,W,0,10.0,1.0,50.9,0.0,0.0,124903.68*69
2021-07-29 13:49:05,462 [INFO] Interpreted as: {'position': (12.705817916837987, 9.777042585425079), 'latlon': (42.30009081666667, -71.09984888333334), 'heading': 50.9, 'depth': 1.0, 'altitude': 10.0, 'roll': 0.0, 'pitch': 0.0, 'last_fix_time': datetime.datetime(2021, 7, 29, 12, 49, 3), 'speed': None, 'rudder': 0, 'datum': (42.3, -71.1)}
2021-07-29 13:49:05,463 [INFO] Processing: $BFNVG,124904.06,4218.005592,N,07105.990718,W,0,10.0,1.0,48.5,0.0,0.0,124904.06*6C
2021-07-29 13:49:05,465 [INFO] Interpreted as: {'position': (13.007732294383459, 10.034403217025101), 'latlon': (42.3000932, -71.0998453), 'heading': 48.5, 'depth': 1.0, 'altitude': 10.0, 'roll': 0.0, 'pitch': 0.0, 'last_fix_time': datetime.datetime(2021, 7, 29, 12, 49, 4), 'speed': None, 'rudder': 0, 'datum': (42.3, -71.1)}
2021-07-29 13:49:05,467 [INFO] Processing: $BFNVG,124904.44,4218.005738,N,07105.990514,W,0,10.0,1.0,46.1,0.0,0.0,124904.44*6A
2021-07-29 13:49:05,469 [INFO] Interpreted as: {'position': (13.29467099707108, 10.297688880935311), 'latlon': (42.300095633333335, -71.0998419), 'heading': 46.1, 'depth': 1.0, 'altitude': 10.0, 'roll': 0.0, 'pitch': 0.0, 'last_fix_time': datetime.datetime(2021, 7, 29, 12, 49, 4), 'speed': None, 'rudder': 0, 'datum': (42.3, -71.1)}
2021-07-29 13:49:05,470 [INFO] Received from Frontseat: [b'$BFNVG,124903.33,4218.005325,N,07105.991137,W,0,10.0,1.0,53.1,0.0,0.0,124903.33*62', b'$BFNVG,124903.68,4218.005449,N,07105.990933,W,0,10.0,1.0,50.9,0.0,0.0,124903.68*69', b'$BFNVG,124904.06,4218.005592,N,07105.990718,W,0,10.0,1.0,48.5,0.0,0.0,124904.06*6C', b'$BFNVG,124904.44,4218.005738,N,07105.990514,W,0,10.0,1.0,46.1,0.0,0.0,124904.44*6A']
2021-07-29 13:49:05,471 [INFO] AUV state: {'position': (13.29467099707108, 10.297688880935311), 'latlon': (42.300095633333335, -71.0998419), 'heading': 46.1, 'depth': 1.0, 'altitude': 10.0, 'roll': 0.0, 'pitch': 0.0, 'last_fix_time': datetime.datetime(2021, 7, 29, 12, 49, 4), 'speed': None, 'rudder': 0, 'datum': (42.3, -71.1)}
2021-07-29 13:49:05,838 [INFO] **** [(-12.372014499014362, -8.673022547979247)] [(0.35034879130709723, -10.98416958435668), (24.10027143765789, -6.214641350428463)]
2021-07-29 13:49:05,840 [INFO] Next green buoy: [(-12.372014499014362, -8.673022547979247)], next red buoy: [(0.35034879130709723, -10.98416958435668), (24.10027143765789, -6.214641350428463)]
2021-07-29 13:49:05,841 [INFO] Desired_heading: 40.089167146146366
2021-07-29 13:49:05,841 [INFO] delta angle: -25
2021-07-29 13:49:05,842 [INFO] sending message $BPRMB,124905.87,25,1,0,1000,0,1*4f
...
2021-07-29 13:49:06,843 [INFO] sending message $BPSTS,124906.84,1,BWSI Autonomy OK*40
...
2021-07-29 13:49:06,846 [INFO] Processing: $BFNVG,124904.82,4218.005890,N,07105.990320,W,0,10.0,1.0,43.8,0.0,0.0,124904.82*6A
2021-07-29 13:49:06,848 [INFO] Interpreted as: {'position': (13.568144915858284, 10.572417763061821), 'latlon': (42.300098166666665, -71.09983866666667), 'heading': 43.8, 'depth': 1.0, 'altitude': 10.0, 'roll': 0.0, 'pitch': 0.0, 'last_fix_time': datetime.datetime(2021, 7, 29, 12, 49, 4), 'speed': None, 'rudder': 0, 'datum': (42.3, -71.1)}
2021-07-29 13:49:06,849 [INFO] Processing: $BFNVG,124905.16,4218.006033,N,07105.990151,W,0,10.0,1.0,41.6,0.0,0.0,124905.16*60
2021-07-29 13:49:06,852 [INFO] Interpreted as: {'position': (13.806860853976104, 10.831337943673134), 'latlon': (42.30010055, -71.09983585), 'heading': 41.6, 'depth': 1.0, 'altitude': 10.0, 'roll': 0.0, 'pitch': 0.0, 'last_fix_time': datetime.datetime(2021, 7, 29, 12, 49, 5), 'speed': None, 'rudder': 0, 'datum': (42.3, -71.1)}
2021-07-29 13:49:06,853 [INFO] Processing: $BFNVG,124905.50,4218.006180,N,07105.989989,W,0,10.0,1.0,39.5,0.0,0.0,124905.50*60
2021-07-29 13:49:06,856 [INFO] Interpreted as: {'position': (14.03614230826497, 11.09789823461324), 'latlon': (42.300103, -71.09983315), 'heading': 39.5, 'depth': 1.0, 'altitude': 10.0, 'roll': 0.0, 'pitch': 0.0, 'last_fix_time': datetime.datetime(2021, 7, 29, 12, 49, 5), 'speed': None, 'rudder': 0, 'datum': (42.3, -71.1)}
2021-07-29 13:49:06,857 [INFO] Received from Frontseat: [b'$BFNVG,124904.82,4218.005890,N,07105.990320,W,0,10.0,1.0,43.8,0.0,0.0,124904.82*6A', b'$BFNVG,124905.16,4218.006033,N,07105.990151,W,0,10.0,1.0,41.6,0.0,0.0,124905.16*60', b'$BFNVG,124905.50,4218.006180,N,07105.989989,W,0,10.0,1.0,39.5,0.0,0.0,124905.50*60']
2021-07-29 13:49:06,858 [INFO] AUV state: {'position': (14.03614230826497, 11.09789823461324), 'latlon': (42.300103, -71.09983315), 'heading': 39.5, 'depth': 1.0, 'altitude': 10.0, 'roll': 0.0, 'pitch': 0.0, 'last_fix_time': datetime.datetime(2021, 7, 29, 12, 49, 5), 'speed': None, 'rudder': 0, 'datum': (42.3, -71.1)}
2021-07-29 13:49:07,230 [INFO] **** [(-6.801801560770174, -10.251705489247907)] [(8.592709431882557, -13.681370183310461)]
2021-07-29 13:49:07,233 [INFO] Next green buoy: [(-6.801801560770174, -10.251705489247907)], next red buoy: [(8.592709431882557, -13.681370183310461)]
2021-07-29 13:49:07,233 [INFO] Desired_heading: 40.39545393555619
2021-07-29 13:49:07,234 [INFO] delta angle: 0.6414702005624562
2021-07-29 13:49:07,234 [INFO] sending message $BPRMB,124907.81,-0.6414702005624562,1,0,1000,0,1*79
...
2021-07-29 13:49:08,236 [INFO] sending message $BPSTS,124908.23,1,BWSI Autonomy OK*43
...
2021-07-29 13:49:08,239 [INFO] Processing: $BFNVG,124905.85,4218.006332,N,07105.989835,W,0,10.0,1.0,37.4,0.0,0.0,124905.85*62
2021-07-29 13:49:08,241 [INFO] Interpreted as: {'position': (14.254661065875553, 11.373983236961067), 'latlon': (42.30010553333334, -71.09983058333333), 'heading': 37.4, 'depth': 1.0, 'altitude': 10.0, 'roll': 0.0, 'pitch': 0.0, 'last_fix_time': datetime.datetime(2021, 7, 29, 12, 49, 5), 'speed': None, 'rudder': 0, 'datum': (42.3, -71.1)}
2021-07-29 13:49:08,242 [INFO] Processing: $BFNVG,124906.19,4218.006488,N,07105.989688,W,0,10.0,1.0,35.2,0.0,0.0,124906.19*68
2021-07-29 13:49:08,244 [INFO] Interpreted as: {'position': (14.463745338493027, 11.657708349637687), 'latlon': (42.30010813333333, -71.09982813333333), 'heading': 35.2, 'depth': 1.0, 'altitude': 10.0, 'roll': 0.0, 'pitch': 0.0, 'last_fix_time': datetime.datetime(2021, 7, 29, 12, 49, 6), 'speed': None, 'rudder': 0, 'datum': (42.3, -71.1)}
2021-07-29 13:49:08,246 [INFO] Processing: $BFNVG,124906.53,4218.006649,N,07105.989549,W,0,10.0,1.0,33.1,0.0,0.0,124906.53*6C
2021-07-29 13:49:08,248 [INFO] Interpreted as: {'position': (14.662066917750053, 11.950958172790706), 'latlon': (42.30011081666667, -71.09982581666667), 'heading': 33.1, 'depth': 1.0, 'altitude': 10.0, 'roll': 0.0, 'pitch': 0.0, 'last_fix_time': datetime.datetime(2021, 7, 29, 12, 49, 6), 'speed': None, 'rudder': 0, 'datum': (42.3, -71.1)}
2021-07-29 13:49:08,250 [INFO] Processing: $BFNVG,124906.87,4218.006813,N,07105.989419,W,0,10.0,1.0,30.9,0.0,0.0,124906.87*62
2021-07-29 13:49:08,252 [INFO] Interpreted as: {'position': (14.848160590277985, 12.250065210275352), 'latlon': (42.30011355, -71.09982365), 'heading': 30.9, 'depth': 1.0, 'altitude': 10.0, 'roll': 0.0, 'pitch': 0.0, 'last_fix_time': datetime.datetime(2021, 7, 29, 12, 49, 6), 'speed': None, 'rudder': 0, 'datum': (42.3, -71.1)}
2021-07-29 13:49:08,253 [INFO] Received from Frontseat: [b'$BFNVG,124905.85,4218.006332,N,07105.989835,W,0,10.0,1.0,37.4,0.0,0.0,124905.85*62', b'$BFNVG,124906.19,4218.006488,N,07105.989688,W,0,10.0,1.0,35.2,0.0,0.0,124906.19*68', b'$BFNVG,124906.53,4218.006649,N,07105.989549,W,0,10.0,1.0,33.1,0.0,0.0,124906.53*6C', b'$BFNVG,124906.87,4218.006813,N,07105.989419,W,0,10.0,1.0,30.9,0.0,0.0,124906.87*62']
2021-07-29 13:49:08,255 [INFO] AUV state: {'position': (14.848160590277985, 12.250065210275352), 'latlon': (42.30011355, -71.09982365), 'heading': 30.9, 'depth': 1.0, 'altitude': 10.0, 'roll': 0.0, 'pitch': 0.0, 'last_fix_time': datetime.datetime(2021, 7, 29, 12, 49, 6), 'speed': None, 'rudder': 0, 'datum': (42.3, -71.1)}
2021-07-29 13:49:08,625 [INFO] **** [(2.007070071108385, -13.424750715419593)] [(23.004308600987546, -19.736854534722102)]
2021-07-29 13:49:08,627 [INFO] Next green buoy: [(2.007070071108385, -13.424750715419593)], next red buoy: [(23.004308600987546, -19.736854534722102)]
2021-07-29 13:49:08,627 [INFO] Desired_heading: 43.40568933604796
2021-07-29 13:49:08,627 [INFO] delta angle: 25
2021-07-29 13:49:08,628 [INFO] sending message $BPRMB,124908.65,-25,1,0,1000,0,1*63
...
2021-07-29 13:49:09,630 [INFO] sending message $BPSTS,124909.62,1,BWSI Autonomy OK*47
...
2021-07-29 13:49:09,631 [INFO] Processing: $BFNVG,124907.22,4218.006981,N,07105.989296,W,0,10.0,1.0,28.8,0.0,0.0,124907.22*61
2021-07-29 13:49:09,632 [INFO] Interpreted as: {'position': (15.0248197800247, 12.556812358088791), 'latlon': (42.30011635, -71.0998216), 'heading': 28.8, 'depth': 1.0, 'altitude': 10.0, 'roll': 0.0, 'pitch': 0.0, 'last_fix_time': datetime.datetime(2021, 7, 29, 12, 49, 7), 'speed': None, 'rudder': 0, 'datum': (42.3, -71.1)}
2021-07-29 13:49:09,633 [INFO] Processing: $BFNVG,124907.56,4218.007153,N,07105.989181,W,0,10.0,1.0,26.6,0.0,0.0,124907.56*62
2021-07-29 13:49:09,635 [INFO] Interpreted as: {'position': (15.190670608659275, 12.871233513578773), 'latlon': (42.300119216666666, -71.09981968333334), 'heading': 26.6, 'depth': 1.0, 'altitude': 10.0, 'roll': 0.0, 'pitch': 0.0, 'last_fix_time': datetime.datetime(2021, 7, 29, 12, 49, 7), 'speed': None, 'rudder': 0, 'datum': (42.3, -71.1)}
2021-07-29 13:49:09,636 [INFO] Processing: $BFNVG,124907.91,4218.007326,N,07105.989072,W,0,10.0,1.0,26.7,0.0,0.0,124907.91*6E
2021-07-29 13:49:09,638 [INFO] Interpreted as: {'position': (15.348323828773573, 13.1877087848261), 'latlon': (42.3001221, -71.09981786666667), 'heading': 26.7, 'depth': 1.0, 'altitude': 10.0, 'roll': 0.0, 'pitch': 0.0, 'last_fix_time': datetime.datetime(2021, 7, 29, 12, 49, 7), 'speed': None, 'rudder': 0, 'datum': (42.3, -71.1)}
2021-07-29 13:49:09,639 [INFO] Processing: $BFNVG,124908.25,4218.007499,N,07105.988962,W,0,10.0,1.0,26.7,0.0,0.0,124908.25*64
2021-07-29 13:49:09,641 [INFO] Interpreted as: {'position': (15.507350914704148, 13.504150155931711), 'latlon': (42.30012498333333, -71.09981603333334), 'heading': 26.7, 'depth': 1.0, 'altitude': 10.0, 'roll': 0.0, 'pitch': 0.0, 'last_fix_time': datetime.datetime(2021, 7, 29, 12, 49, 8), 'speed': None, 'rudder': 0, 'datum': (42.3, -71.1)}
2021-07-29 13:49:09,642 [INFO] Processing: $BFNVG,124908.60,4218.007672,N,07105.988851,W,0,10.0,1.0,26.8,0.0,0.0,124908.60*6D
2021-07-29 13:49:09,644 [INFO] Interpreted as: {'position': (15.667751864297315, 13.820557626895607), 'latlon': (42.300127866666664, -71.09981418333334), 'heading': 26.8, 'depth': 1.0, 'altitude': 10.0, 'roll': 0.0, 'pitch': 0.0, 'last_fix_time': datetime.datetime(2021, 7, 29, 12, 49, 8), 'speed': None, 'rudder': 0, 'datum': (42.3, -71.1)}
2021-07-29 13:49:09,645 [INFO] Received from Frontseat: [b'$BFNVG,124907.22,4218.006981,N,07105.989296,W,0,10.0,1.0,28.8,0.0,0.0,124907.22*61', b'$BFNVG,124907.56,4218.007153,N,07105.989181,W,0,10.0,1.0,26.6,0.0,0.0,124907.56*62', b'$BFNVG,124907.91,4218.007326,N,07105.989072,W,0,10.0,1.0,26.7,0.0,0.0,124907.91*6E', b'$BFNVG,124908.25,4218.007499,N,07105.988962,W,0,10.0,1.0,26.7,0.0,0.0,124908.25*64', b'$BFNVG,124908.60,4218.007672,N,07105.988851,W,0,10.0,1.0,26.8,0.0,0.0,124908.60*6D']
2021-07-29 13:49:09,645 [INFO] AUV state: {'position': (15.667751864297315, 13.820557626895607), 'latlon': (42.300127866666664, -71.09981418333334), 'heading': 26.8, 'depth': 1.0, 'altitude': 10.0, 'roll': 0.0, 'pitch': 0.0, 'last_fix_time': datetime.datetime(2021, 7, 29, 12, 49, 8), 'speed': None, 'rudder': 0, 'datum': (42.3, -71.1)}
2021-07-29 13:49:10,022 [INFO] **** [(9.97218387392374, -21.737397330823807)] [(10.275011353534985, -21.13907692066695), (9.660867363905325, -22.176148504188472)]
2021-07-29 13:49:10,024 [INFO] Next green buoy: [(9.97218387392374, -21.737397330823807)], next red buoy: [(10.275011353534985, -21.13907692066695), (9.660867363905325, -22.176148504188472)]
2021-07-29 13:49:10,025 [INFO] Desired_heading: 36.92359761372936
2021-07-29 13:49:10,025 [INFO] delta angle: 25
2021-07-29 13:49:10,026 [INFO] sending message $BPRMB,124910.60,-25,1,0,1000,0,1*6f
...
2021-07-29 13:49:11,028 [INFO] sending message $BPSTS,124911.02,1,BWSI Autonomy OK*48
...
2021-07-29 13:49:11,029 [INFO] Processing: $BFNVG,124908.95,4218.007849,N,07105.988738,W,0,10.0,1.0,26.8,0.0,0.0,124908.95*6B
2021-07-29 13:49:11,031 [INFO] Interpreted as: {'position': (15.831083226716146, 14.1443000882864), 'latlon': (42.300130816666666, -71.0998123), 'heading': 26.8, 'depth': 1.0, 'altitude': 10.0, 'roll': 0.0, 'pitch': 0.0, 'last_fix_time': datetime.datetime(2021, 7, 29, 12, 49, 8), 'speed': None, 'rudder': 0, 'datum': (42.3, -71.1)}
2021-07-29 13:49:11,032 [INFO] Processing: $BFNVG,124909.29,4218.008020,N,07105.988624,W,0,10.0,1.0,29.0,0.0,0.0,124909.29*68
2021-07-29 13:49:11,034 [INFO] Interpreted as: {'position': (15.995514441514388, 14.456904467195272), 'latlon': (42.30013366666667, -71.0998104), 'heading': 29.0, 'depth': 1.0, 'altitude': 10.0, 'roll': 0.0, 'pitch': 0.0, 'last_fix_time': datetime.datetime(2021, 7, 29, 12, 49, 9), 'speed': None, 'rudder': 0, 'datum': (42.3, -71.1)}
2021-07-29 13:49:11,035 [INFO] Processing: $BFNVG,124909.64,4218.008190,N,07105.988498,W,0,10.0,1.0,31.2,0.0,0.0,124909.64*6C
2021-07-29 13:49:11,037 [INFO] Interpreted as: {'position': (16.17638649622677, 14.767251330427825), 'latlon': (42.3001365, -71.0998083), 'heading': 31.2, 'depth': 1.0, 'altitude': 10.0, 'roll': 0.0, 'pitch': 0.0, 'last_fix_time': datetime.datetime(2021, 7, 29, 12, 49, 9), 'speed': None, 'rudder': 0, 'datum': (42.3, -71.1)}
2021-07-29 13:49:11,038 [INFO] Processing: $BFNVG,124909.98,4218.008354,N,07105.988367,W,0,10.0,1.0,33.3,0.0,0.0,124909.98*62
2021-07-29 13:49:11,039 [INFO] Interpreted as: {'position': (16.363853913731873, 15.066324504092336), 'latlon': (42.30013923333333, -71.09980611666667), 'heading': 33.3, 'depth': 1.0, 'altitude': 10.0, 'roll': 0.0, 'pitch': 0.0, 'last_fix_time': datetime.datetime(2021, 7, 29, 12, 49, 9), 'speed': None, 'rudder': 0, 'datum': (42.3, -71.1)}
2021-07-29 13:49:11,040 [INFO] Received from Frontseat: [b'$BFNVG,124908.95,4218.007849,N,07105.988738,W,0,10.0,1.0,26.8,0.0,0.0,124908.95*6B', b'$BFNVG,124909.29,4218.008020,N,07105.988624,W,0,10.0,1.0,29.0,0.0,0.0,124909.29*68', b'$BFNVG,124909.64,4218.008190,N,07105.988498,W,0,10.0,1.0,31.2,0.0,0.0,124909.64*6C', b'$BFNVG,124909.98,4218.008354,N,07105.988367,W,0,10.0,1.0,33.3,0.0,0.0,124909.98*62']
2021-07-29 13:49:11,041 [INFO] AUV state: {'position': (16.363853913731873, 15.066324504092336), 'latlon': (42.30013923333333, -71.09980611666667), 'heading': 33.3, 'depth': 1.0, 'altitude': 10.0, 'roll': 0.0, 'pitch': 0.0, 'last_fix_time': datetime.datetime(2021, 7, 29, 12, 49, 9), 'speed': None, 'rudder': 0, 'datum': (42.3, -71.1)}
2021-07-29 13:49:11,454 [INFO] **** [(10.978413125063808, -23.64416940869959)] [(12.247673085411673, -23.4752194746774)]
2021-07-29 13:49:11,456 [INFO] Next green buoy: [(10.978413125063808, -23.64416940869959)], next red buoy: [(12.247673085411673, -23.4752194746774)]
2021-07-29 13:49:11,457 [INFO] Desired_heading: 44.91304310523773
2021-07-29 13:49:11,457 [INFO] delta angle: 25
2021-07-29 13:49:11,457 [INFO] sending message $BPRMB,124911.45,-25,1,0,1000,0,1*69
...
2021-07-29 13:49:12,459 [INFO] sending message $BPSTS,124912.45,1,BWSI Autonomy OK*48
...
2021-07-29 13:49:12,460 [INFO] Processing: $BFNVG,124910.34,4218.008520,N,07105.988221,W,0,10.0,1.0,35.5,0.0,0.0,124910.34*64
2021-07-29 13:49:12,466 [INFO] Interpreted as: {'position': (16.57202080253046, 15.368590549565852), 'latlon': (42.300142, -71.09980368333333), 'heading': 35.5, 'depth': 1.0, 'altitude': 10.0, 'roll': 0.0, 'pitch': 0.0, 'last_fix_time': datetime.datetime(2021, 7, 29, 12, 49, 10), 'speed': None, 'rudder': 0, 'datum': (42.3, -71.1)}
2021-07-29 13:49:12,467 [INFO] Processing: $BFNVG,124910.70,4218.008685,N,07105.988064,W,0,10.0,1.0,37.8,0.0,0.0,124910.70*64
2021-07-29 13:49:12,469 [INFO] Interpreted as: {'position': (16.795254649128765, 15.668632982298732), 'latlon': (42.30014475, -71.09980106666667), 'heading': 37.8, 'depth': 1.0, 'altitude': 10.0, 'roll': 0.0, 'pitch': 0.0, 'last_fix_time': datetime.datetime(2021, 7, 29, 12, 49, 10), 'speed': None, 'rudder': 0, 'datum': (42.3, -71.1)}
2021-07-29 13:49:12,470 [INFO] Processing: $BFNVG,124911.05,4218.008837,N,07105.987907,W,0,10.0,1.0,40.0,0.0,0.0,124911.05*68
2021-07-29 13:49:12,473 [INFO] Interpreted as: {'position': (17.017894797667395, 15.944616358727217), 'latlon': (42.30014728333333, -71.09979845), 'heading': 40.0, 'depth': 1.0, 'altitude': 10.0, 'roll': 0.0, 'pitch': 0.0, 'last_fix_time': datetime.datetime(2021, 7, 29, 12, 49, 11), 'speed': None, 'rudder': 0, 'datum': (42.3, -71.1)}
2021-07-29 13:49:12,474 [INFO] Processing: $BFNVG,124911.39,4218.008983,N,07105.987744,W,0,10.0,1.0,42.1,0.0,0.0,124911.39*6C
2021-07-29 13:49:12,475 [INFO] Interpreted as: {'position': (17.24850417964626, 16.209292150102556), 'latlon': (42.30014971666667, -71.09979573333334), 'heading': 42.1, 'depth': 1.0, 'altitude': 10.0, 'roll': 0.0, 'pitch': 0.0, 'last_fix_time': datetime.datetime(2021, 7, 29, 12, 49, 11), 'speed': None, 'rudder': 0, 'datum': (42.3, -71.1)}
2021-07-29 13:49:12,476 [INFO] Received from Frontseat: [b'$BFNVG,124910.34,4218.008520,N,07105.988221,W,0,10.0,1.0,35.5,0.0,0.0,124910.34*64', b'$BFNVG,124910.70,4218.008685,N,07105.988064,W,0,10.0,1.0,37.8,0.0,0.0,124910.70*64', b'$BFNVG,124911.05,4218.008837,N,07105.987907,W,0,10.0,1.0,40.0,0.0,0.0,124911.05*68', b'$BFNVG,124911.39,4218.008983,N,07105.987744,W,0,10.0,1.0,42.1,0.0,0.0,124911.39*6C']
2021-07-29 13:49:12,477 [INFO] AUV state: {'position': (17.24850417964626, 16.209292150102556), 'latlon': (42.30014971666667, -71.09979573333334), 'heading': 42.1, 'depth': 1.0, 'altitude': 10.0, 'roll': 0.0, 'pitch': 0.0, 'last_fix_time': datetime.datetime(2021, 7, 29, 12, 49, 11), 'speed': None, 'rudder': 0, 'datum': (42.3, -71.1)}
2021-07-29 13:49:12,822 [INFO] **** [] []
2021-07-29 13:49:12,824 [INFO] Next green buoy: [], next red buoy: []
2021-07-29 13:49:12,824 [INFO] Desired_heading: 42.1
2021-07-29 13:49:12,825 [INFO] delta angle: 0.0
2021-07-29 13:49:12,825 [INFO] sending message $BPRMB,124913.46,-0.0,1,0,1000,0,1*41
...
2021-07-29 13:49:13,827 [INFO] sending message $BPSTS,124913.82,1,BWSI Autonomy OK*42
...
2021-07-29 13:49:13,829 [INFO] Processing: $BFNVG,124911.73,4218.009125,N,07105.987573,W,0,10.0,1.0,44.2,0.0,0.0,124911.73*6A
2021-07-29 13:49:13,831 [INFO] Interpreted as: {'position': (17.489921887638047, 16.466293944977224), 'latlon': (42.30015208333333, -71.09979288333334), 'heading': 44.2, 'depth': 1.0, 'altitude': 10.0, 'roll': 0.0, 'pitch': 0.0, 'last_fix_time': datetime.datetime(2021, 7, 29, 12, 49, 11), 'speed': None, 'rudder': 0, 'datum': (42.3, -71.1)}
2021-07-29 13:49:13,832 [INFO] Processing: $BFNVG,124912.07,4218.009262,N,07105.987396,W,0,10.0,1.0,46.4,0.0,0.0,124912.07*63
2021-07-29 13:49:13,834 [INFO] Interpreted as: {'position': (17.739354496530723, 16.71383885294199), 'latlon': (42.30015436666667, -71.09978993333333), 'heading': 46.4, 'depth': 1.0, 'altitude': 10.0, 'roll': 0.0, 'pitch': 0.0, 'last_fix_time': datetime.datetime(2021, 7, 29, 12, 49, 12), 'speed': None, 'rudder': 0, 'datum': (42.3, -71.1)}
2021-07-29 13:49:13,835 [INFO] Processing: $BFNVG,124912.42,4218.009395,N,07105.987210,W,0,10.0,1.0,48.5,0.0,0.0,124912.42*6A
2021-07-29 13:49:13,837 [INFO] Interpreted as: {'position': (18.00096930511063, 16.953675867058337), 'latlon': (42.30015658333333, -71.09978683333334), 'heading': 48.5, 'depth': 1.0, 'altitude': 10.0, 'roll': 0.0, 'pitch': 0.0, 'last_fix_time': datetime.datetime(2021, 7, 29, 12, 49, 12), 'speed': None, 'rudder': 0, 'datum': (42.3, -71.1)}
2021-07-29 13:49:13,839 [INFO] Processing: $BFNVG,124912.76,4218.009523,N,07105.987017,W,0,10.0,1.0,50.7,0.0,0.0,124912.76*6F
2021-07-29 13:49:13,841 [INFO] Interpreted as: {'position': (18.27197289688047, 17.18402209226042), 'latlon': (42.300158716666665, -71.09978361666667), 'heading': 50.7, 'depth': 1.0, 'altitude': 10.0, 'roll': 0.0, 'pitch': 0.0, 'last_fix_time': datetime.datetime(2021, 7, 29, 12, 49, 12), 'speed': None, 'rudder': 0, 'datum': (42.3, -71.1)}
2021-07-29 13:49:13,842 [INFO] Received from Frontseat: [b'$BFNVG,124911.73,4218.009125,N,07105.987573,W,0,10.0,1.0,44.2,0.0,0.0,124911.73*6A', b'$BFNVG,124912.07,4218.009262,N,07105.987396,W,0,10.0,1.0,46.4,0.0,0.0,124912.07*63', b'$BFNVG,124912.42,4218.009395,N,07105.987210,W,0,10.0,1.0,48.5,0.0,0.0,124912.42*6A', b'$BFNVG,124912.76,4218.009523,N,07105.987017,W,0,10.0,1.0,50.7,0.0,0.0,124912.76*6F']
2021-07-29 13:49:13,843 [INFO] AUV state: {'position': (18.27197289688047, 17.18402209226042), 'latlon': (42.300158716666665, -71.09978361666667), 'heading': 50.7, 'depth': 1.0, 'altitude': 10.0, 'roll': 0.0, 'pitch': 0.0, 'last_fix_time': datetime.datetime(2021, 7, 29, 12, 49, 12), 'speed': None, 'rudder': 0, 'datum': (42.3, -71.1)}
2021-07-29 13:49:14,189 [INFO] **** [] []
2021-07-29 13:49:14,191 [INFO] Next green buoy: [], next red buoy: []
2021-07-29 13:49:14,192 [INFO] Desired_heading: 50.7
2021-07-29 13:49:14,192 [INFO] delta angle: 0.0
2021-07-29 13:49:14,192 [INFO] sending message $BPRMB,124914.19,-0.0,1,0,1000,0,1*4c
...
2021-07-29 13:49:15,194 [INFO] sending message $BPSTS,124915.19,1,BWSI Autonomy OK*46
...
2021-07-29 13:49:15,195 [INFO] Processing: $BFNVG,124913.11,4218.009644,N,07105.986820,W,0,10.0,1.0,52.8,0.0,0.0,124913.11*6D
2021-07-29 13:49:15,197 [INFO] Interpreted as: {'position': (18.548152299772482, 17.401277842000127), 'latlon': (42.300160733333335, -71.09978033333333), 'heading': 52.8, 'depth': 1.0, 'altitude': 10.0, 'roll': 0.0, 'pitch': 0.0, 'last_fix_time': datetime.datetime(2021, 7, 29, 12, 49, 13), 'speed': None, 'rudder': 0, 'datum': (42.3, -71.1)}
2021-07-29 13:49:15,198 [INFO] Processing: $BFNVG,124913.46,4218.009766,N,07105.986614,W,0,10.0,1.0,52.8,0.0,0.0,124913.46*65
2021-07-29 13:49:15,200 [INFO] Interpreted as: {'position': (18.83674224326387, 17.62007918767631), 'latlon': (42.300162766666666, -71.0997769), 'heading': 52.8, 'depth': 1.0, 'altitude': 10.0, 'roll': 0.0, 'pitch': 0.0, 'last_fix_time': datetime.datetime(2021, 7, 29, 12, 49, 13), 'speed': None, 'rudder': 0, 'datum': (42.3, -71.1)}
2021-07-29 13:49:15,201 [INFO] Processing: $BFNVG,124913.81,4218.009889,N,07105.986407,W,0,10.0,1.0,52.8,0.0,0.0,124913.81*6B
2021-07-29 13:49:15,203 [INFO] Interpreted as: {'position': (19.126751707983203, 17.84069733787328), 'latlon': (42.300164816666666, -71.09977345), 'heading': 52.8, 'depth': 1.0, 'altitude': 10.0, 'roll': 0.0, 'pitch': 0.0, 'last_fix_time': datetime.datetime(2021, 7, 29, 12, 49, 13), 'speed': None, 'rudder': 0, 'datum': (42.3, -71.1)}
2021-07-29 13:49:15,204 [INFO] Processing: $BFNVG,124914.16,4218.010011,N,07105.986201,W,0,10.0,1.0,52.8,0.0,0.0,124914.16*6A
2021-07-29 13:49:15,207 [INFO] Interpreted as: {'position': (19.415341613115743, 18.059498705901206), 'latlon': (42.30016685, -71.09977001666667), 'heading': 52.8, 'depth': 1.0, 'altitude': 10.0, 'roll': 0.0, 'pitch': 0.0, 'last_fix_time': datetime.datetime(2021, 7, 29, 12, 49, 14), 'speed': None, 'rudder': 0, 'datum': (42.3, -71.1)}
2021-07-29 13:49:15,208 [INFO] Received from Frontseat: [b'$BFNVG,124913.11,4218.009644,N,07105.986820,W,0,10.0,1.0,52.8,0.0,0.0,124913.11*6D', b'$BFNVG,124913.46,4218.009766,N,07105.986614,W,0,10.0,1.0,52.8,0.0,0.0,124913.46*65', b'$BFNVG,124913.81,4218.009889,N,07105.986407,W,0,10.0,1.0,52.8,0.0,0.0,124913.81*6B', b'$BFNVG,124914.16,4218.010011,N,07105.986201,W,0,10.0,1.0,52.8,0.0,0.0,124914.16*6A']
2021-07-29 13:49:15,208 [INFO] AUV state: {'position': (19.415341613115743, 18.059498705901206), 'latlon': (42.30016685, -71.09977001666667), 'heading': 52.8, 'depth': 1.0, 'altitude': 10.0, 'roll': 0.0, 'pitch': 0.0, 'last_fix_time': datetime.datetime(2021, 7, 29, 12, 49, 14), 'speed': None, 'rudder': 0, 'datum': (42.3, -71.1)}
2021-07-29 13:49:15,555 [INFO] **** [] []
2021-07-29 13:49:15,557 [INFO] Next green buoy: [], next red buoy: []
2021-07-29 13:49:15,557 [INFO] Desired_heading: 52.8
2021-07-29 13:49:15,558 [INFO] delta angle: 0.0
2021-07-29 13:49:15,558 [INFO] sending message $BPRMB,124916.19,-0.0,1,0,1000,0,1*4e
...
2021-07-29 13:49:16,560 [INFO] sending message $BPSTS,124916.56,1,BWSI Autonomy OK*4e
...
2021-07-29 13:49:16,561 [INFO] Processing: $BFNVG,124914.52,4218.010133,N,07105.985994,W,0,10.0,1.0,52.8,0.0,0.0,124914.52*6F
2021-07-29 13:49:16,563 [INFO] Interpreted as: {'position': (19.70530537632294, 18.278266184031963), 'latlon': (42.300168883333335, -71.09976656666667), 'heading': 52.8, 'depth': 1.0, 'altitude': 10.0, 'roll': 0.0, 'pitch': 0.0, 'last_fix_time': datetime.datetime(2021, 7, 29, 12, 49, 14), 'speed': None, 'rudder': 0, 'datum': (42.3, -71.1)}
2021-07-29 13:49:16,564 [INFO] Processing: $BFNVG,124914.87,4218.010255,N,07105.985789,W,0,10.0,1.0,52.8,0.0,0.0,124914.87*6E
2021-07-29 13:49:16,566 [INFO] Interpreted as: {'position': (19.992521367035806, 18.497101474553347), 'latlon': (42.300170916666666, -71.09976315), 'heading': 52.8, 'depth': 1.0, 'altitude': 10.0, 'roll': 0.0, 'pitch': 0.0, 'last_fix_time': datetime.datetime(2021, 7, 29, 12, 49, 14), 'speed': None, 'rudder': 0, 'datum': (42.3, -71.1)}
2021-07-29 13:49:16,567 [INFO] Processing: $BFNVG,124915.22,4218.010377,N,07105.985583,W,0,10.0,1.0,52.8,0.0,0.0,124915.22*67
2021-07-29 13:49:16,569 [INFO] Interpreted as: {'position': (20.28111122007249, 18.715902876108885), 'latlon': (42.30017295, -71.09975971666667), 'heading': 52.8, 'depth': 1.0, 'altitude': 10.0, 'roll': 0.0, 'pitch': 0.0, 'last_fix_time': datetime.datetime(2021, 7, 29, 12, 49, 15), 'speed': None, 'rudder': 0, 'datum': (42.3, -71.1)}
2021-07-29 13:49:16,570 [INFO] Received from Frontseat: [b'$BFNVG,124914.52,4218.010133,N,07105.985994,W,0,10.0,1.0,52.8,0.0,0.0,124914.52*6F', b'$BFNVG,124914.87,4218.010255,N,07105.985789,W,0,10.0,1.0,52.8,0.0,0.0,124914.87*6E', b'$BFNVG,124915.22,4218.010377,N,07105.985583,W,0,10.0,1.0,52.8,0.0,0.0,124915.22*67']
2021-07-29 13:49:16,571 [INFO] AUV state: {'position': (20.28111122007249, 18.715902876108885), 'latlon': (42.30017295, -71.09975971666667), 'heading': 52.8, 'depth': 1.0, 'altitude': 10.0, 'roll': 0.0, 'pitch': 0.0, 'last_fix_time': datetime.datetime(2021, 7, 29, 12, 49, 15), 'speed': None, 'rudder': 0, 'datum': (42.3, -71.1)}
2021-07-29 13:49:16,918 [INFO] **** [] []
2021-07-29 13:49:16,920 [INFO] Next green buoy: [], next red buoy: []
2021-07-29 13:49:16,920 [INFO] Desired_heading: 52.8
2021-07-29 13:49:16,921 [INFO] delta angle: 0.0
2021-07-29 13:49:16,921 [INFO] sending message $BPRMB,124916.92,-0.0,1,0,1000,0,1*4d
...
2021-07-29 13:49:17,923 [INFO] sending message $BPSTS,124917.92,1,BWSI Autonomy OK*47
...
2021-07-29 13:49:17,924 [INFO] Processing: $BFNVG,124915.57,4218.010499,N,07105.985377,W,0,10.0,1.0,52.8,0.0,0.0,124915.57*6D
2021-07-29 13:49:17,930 [INFO] Interpreted as: {'position': (20.569701050873846, 18.934704289771616), 'latlon': (42.300174983333335, -71.09975628333333), 'heading': 52.8, 'depth': 1.0, 'altitude': 10.0, 'roll': 0.0, 'pitch': 0.0, 'last_fix_time': datetime.datetime(2021, 7, 29, 12, 49, 15), 'speed': None, 'rudder': 0, 'datum': (42.3, -71.1)}
2021-07-29 13:49:17,931 [INFO] Processing: $BFNVG,124915.92,4218.010620,N,07105.985172,W,0,10.0,1.0,52.8,0.0,0.0,124915.92*6A
2021-07-29 13:49:17,933 [INFO] Interpreted as: {'position': (20.85687132482417, 19.15168891660869), 'latlon': (42.300177, -71.09975286666666), 'heading': 52.8, 'depth': 1.0, 'altitude': 10.0, 'roll': 0.0, 'pitch': 0.0, 'last_fix_time': datetime.datetime(2021, 7, 29, 12, 49, 15), 'speed': None, 'rudder': 0, 'datum': (42.3, -71.1)}
2021-07-29 13:49:17,934 [INFO] Processing: $BFNVG,124916.27,4218.010742,N,07105.984966,W,0,10.0,1.0,52.8,0.0,0.0,124916.27*63
2021-07-29 13:49:17,936 [INFO] Interpreted as: {'position': (21.145461119536776, 19.37049035448581), 'latlon': (42.300179033333336, -71.09974943333333), 'heading': 52.8, 'depth': 1.0, 'altitude': 10.0, 'roll': 0.0, 'pitch': 0.0, 'last_fix_time': datetime.datetime(2021, 7, 29, 12, 49, 16), 'speed': None, 'rudder': 0, 'datum': (42.3, -71.1)}
2021-07-29 13:49:17,937 [INFO] Processing: $BFNVG,124916.62,4218.010863,N,07105.984762,W,0,10.0,1.0,52.8,0.0,0.0,124916.62*65
2021-07-29 13:49:17,939 [INFO] Interpreted as: {'position': (21.431257479824126, 19.587508904747665), 'latlon': (42.30018105, -71.09974603333333), 'heading': 52.8, 'depth': 1.0, 'altitude': 10.0, 'roll': 0.0, 'pitch': 0.0, 'last_fix_time': datetime.datetime(2021, 7, 29, 12, 49, 16), 'speed': None, 'rudder': 0, 'datum': (42.3, -71.1)}
2021-07-29 13:49:17,940 [INFO] Received from Frontseat: [b'$BFNVG,124915.57,4218.010499,N,07105.985377,W,0,10.0,1.0,52.8,0.0,0.0,124915.57*6D', b'$BFNVG,124915.92,4218.010620,N,07105.985172,W,0,10.0,1.0,52.8,0.0,0.0,124915.92*6A', b'$BFNVG,124916.27,4218.010742,N,07105.984966,W,0,10.0,1.0,52.8,0.0,0.0,124916.27*63', b'$BFNVG,124916.62,4218.010863,N,07105.984762,W,0,10.0,1.0,52.8,0.0,0.0,124916.62*65']
2021-07-29 13:49:17,940 [INFO] AUV state: {'position': (21.431257479824126, 19.587508904747665), 'latlon': (42.30018105, -71.09974603333333), 'heading': 52.8, 'depth': 1.0, 'altitude': 10.0, 'roll': 0.0, 'pitch': 0.0, 'last_fix_time': datetime.datetime(2021, 7, 29, 12, 49, 16), 'speed': None, 'rudder': 0, 'datum': (42.3, -71.1)}
2021-07-29 13:49:18,284 [INFO] **** [] []
2021-07-29 13:49:18,286 [INFO] Next green buoy: [], next red buoy: []
2021-07-29 13:49:18,287 [INFO] Desired_heading: 52.8
2021-07-29 13:49:18,287 [INFO] delta angle: 0.0
2021-07-29 13:49:18,288 [INFO] sending message $BPRMB,124918.92,-0.0,1,0,1000,0,1*43
...
2021-07-29 13:49:19,289 [INFO] sending message $BPSTS,124919.28,1,BWSI Autonomy OK*48
...
2021-07-29 13:49:19,291 [INFO] Processing: $BFNVG,124916.97,4218.010981,N,07105.984561,W,0,10.0,1.0,52.8,0.0,0.0,124916.97*69
2021-07-29 13:49:19,293 [INFO] Interpreted as: {'position': (21.71279519505333, 19.799077078700066), 'latlon': (42.300183016666665, -71.09974268333333), 'heading': 52.8, 'depth': 1.0, 'altitude': 10.0, 'roll': 0.0, 'pitch': 0.0, 'last_fix_time': datetime.datetime(2021, 7, 29, 12, 49, 16), 'speed': None, 'rudder': 0, 'datum': (42.3, -71.1)}
2021-07-29 13:49:19,294 [INFO] Processing: $BFNVG,124917.31,4218.011100,N,07105.984360,W,0,10.0,1.0,52.8,0.0,0.0,124917.31*6E
2021-07-29 13:49:19,295 [INFO] Interpreted as: {'position': (21.994378559757024, 20.01249596197158), 'latlon': (42.300185, -71.09973933333333), 'heading': 52.8, 'depth': 1.0, 'altitude': 10.0, 'roll': 0.0, 'pitch': 0.0, 'last_fix_time': datetime.datetime(2021, 7, 29, 12, 49, 17), 'speed': None, 'rudder': 0, 'datum': (42.3, -71.1)}
2021-07-29 13:49:19,296 [INFO] Processing: $BFNVG,124917.65,4218.011220,N,07105.984159,W,0,10.0,1.0,52.8,0.0,0.0,124917.65*67
2021-07-29 13:49:19,298 [INFO] Interpreted as: {'position': (22.276007573702373, 20.227765552699566), 'latlon': (42.300187, -71.09973598333333), 'heading': 52.8, 'depth': 1.0, 'altitude': 10.0, 'roll': 0.0, 'pitch': 0.0, 'last_fix_time': datetime.datetime(2021, 7, 29, 12, 49, 17), 'speed': None, 'rudder': 0, 'datum': (42.3, -71.1)}
2021-07-29 13:49:19,299 [INFO] Processing: $BFNVG,124917.99,4218.011337,N,07105.983960,W,0,10.0,1.0,52.8,0.0,0.0,124917.99*65
2021-07-29 13:49:19,301 [INFO] Interpreted as: {'position': (22.554751817602664, 20.43755086325109), 'latlon': (42.30018895, -71.09973266666667), 'heading': 52.8, 'depth': 1.0, 'altitude': 10.0, 'roll': 0.0, 'pitch': 0.0, 'last_fix_time': datetime.datetime(2021, 7, 29, 12, 49, 17), 'speed': None, 'rudder': 0, 'datum': (42.3, -71.1)}
2021-07-29 13:49:19,302 [INFO] Received from Frontseat: [b'$BFNVG,124916.97,4218.010981,N,07105.984561,W,0,10.0,1.0,52.8,0.0,0.0,124916.97*69', b'$BFNVG,124917.31,4218.011100,N,07105.984360,W,0,10.0,1.0,52.8,0.0,0.0,124917.31*6E', b'$BFNVG,124917.65,4218.011220,N,07105.984159,W,0,10.0,1.0,52.8,0.0,0.0,124917.65*67', b'$BFNVG,124917.99,4218.011337,N,07105.983960,W,0,10.0,1.0,52.8,0.0,0.0,124917.99*65']
2021-07-29 13:49:19,303 [INFO] AUV state: {'position': (22.554751817602664, 20.43755086325109), 'latlon': (42.30018895, -71.09973266666667), 'heading': 52.8, 'depth': 1.0, 'altitude': 10.0, 'roll': 0.0, 'pitch': 0.0, 'last_fix_time': datetime.datetime(2021, 7, 29, 12, 49, 17), 'speed': None, 'rudder': 0, 'datum': (42.3, -71.1)}
2021-07-29 13:49:19,619 [INFO] **** [] []
2021-07-29 13:49:19,621 [INFO] Next green buoy: [], next red buoy: []
2021-07-29 13:49:19,622 [INFO] Desired_heading: 52.8
2021-07-29 13:49:19,622 [INFO] delta angle: 0.0
2021-07-29 13:49:19,623 [INFO] sending message $BPRMB,124919.65,-0.0,1,0,1000,0,1*4a
...
2021-07-29 13:49:20,625 [INFO] sending message $BPSTS,124920.62,1,BWSI Autonomy OK*4c
...
2021-07-29 13:49:20,626 [INFO] Processing: $BFNVG,124918.33,4218.011456,N,07105.983760,W,0,10.0,1.0,52.8,0.0,0.0,124918.33*6B
2021-07-29 13:49:20,628 [INFO] Interpreted as: {'position': (22.834961257409304, 20.651003681123257), 'latlon': (42.30019093333333, -71.09972933333333), 'heading': 52.8, 'depth': 1.0, 'altitude': 10.0, 'roll': 0.0, 'pitch': 0.0, 'last_fix_time': datetime.datetime(2021, 7, 29, 12, 49, 18), 'speed': None, 'rudder': 0, 'datum': (42.3, -71.1)}
2021-07-29 13:49:20,629 [INFO] Processing: $BFNVG,124918.67,4218.011571,N,07105.983566,W,0,10.0,1.0,52.8,0.0,0.0,124918.67*6B
2021-07-29 13:49:20,631 [INFO] Interpreted as: {'position': (23.10674475703854, 20.857257122173905), 'latlon': (42.30019285, -71.0997261), 'heading': 52.8, 'depth': 1.0, 'altitude': 10.0, 'roll': 0.0, 'pitch': 0.0, 'last_fix_time': datetime.datetime(2021, 7, 29, 12, 49, 18), 'speed': None, 'rudder': 0, 'datum': (42.3, -71.1)}
2021-07-29 13:49:20,632 [INFO] Processing: $BFNVG,124919.01,4218.011692,N,07105.983362,W,0,10.0,1.0,52.8,0.0,0.0,124919.01*67
2021-07-29 13:49:20,634 [INFO] Interpreted as: {'position': (23.392540995613672, 21.074275750666857), 'latlon': (42.300194866666665, -71.0997227), 'heading': 52.8, 'depth': 1.0, 'altitude': 10.0, 'roll': 0.0, 'pitch': 0.0, 'last_fix_time': datetime.datetime(2021, 7, 29, 12, 49, 19), 'speed': None, 'rudder': 0, 'datum': (42.3, -71.1)}
2021-07-29 13:49:20,635 [INFO] Processing: $BFNVG,124919.37,4218.011813,N,07105.983156,W,0,10.0,1.0,52.8,0.0,0.0,124919.37*65
2021-07-29 13:49:20,637 [INFO] Interpreted as: {'position': (23.68108496745117, 21.291226588189602), 'latlon': (42.300196883333335, -71.09971926666667), 'heading': 52.8, 'depth': 1.0, 'altitude': 10.0, 'roll': 0.0, 'pitch': 0.0, 'last_fix_time': datetime.datetime(2021, 7, 29, 12, 49, 19), 'speed': None, 'rudder': 0, 'datum': (42.3, -71.1)}
2021-07-29 13:49:20,638 [INFO] Received from Frontseat: [b'$BFNVG,124918.33,4218.011456,N,07105.983760,W,0,10.0,1.0,52.8,0.0,0.0,124918.33*6B', b'$BFNVG,124918.67,4218.011571,N,07105.983566,W,0,10.0,1.0,52.8,0.0,0.0,124918.67*6B', b'$BFNVG,124919.01,4218.011692,N,07105.983362,W,0,10.0,1.0,52.8,0.0,0.0,124919.01*67', b'$BFNVG,124919.37,4218.011813,N,07105.983156,W,0,10.0,1.0,52.8,0.0,0.0,124919.37*65']
2021-07-29 13:49:20,638 [INFO] AUV state: {'position': (23.68108496745117, 21.291226588189602), 'latlon': (42.300196883333335, -71.09971926666667), 'heading': 52.8, 'depth': 1.0, 'altitude': 10.0, 'roll': 0.0, 'pitch': 0.0, 'last_fix_time': datetime.datetime(2021, 7, 29, 12, 49, 19), 'speed': None, 'rudder': 0, 'datum': (42.3, -71.1)}
2021-07-29 13:49:20,985 [INFO] **** [] []
2021-07-29 13:49:20,987 [INFO] Next green buoy: [], next red buoy: []
2021-07-29 13:49:20,988 [INFO] Desired_heading: 52.8
2021-07-29 13:49:20,988 [INFO] delta angle: 0.0
2021-07-29 13:49:20,989 [INFO] sending message $BPRMB,124921.59,-0.0,1,0,1000,0,1*4e
...
2021-07-29 13:49:21,990 [INFO] sending message $BPSTS,124921.99,1,BWSI Autonomy OK*49
...
2021-07-29 13:49:21,992 [INFO] Processing: $BFNVG,124919.72,4218.011934,N,07105.982951,W,0,10.0,1.0,52.8,0.0,0.0,124919.72*6F
2021-07-29 13:49:21,994 [INFO] Interpreted as: {'position': (23.968255045823753, 21.50821133889258), 'latlon': (42.3001989, -71.09971585), 'heading': 52.8, 'depth': 1.0, 'altitude': 10.0, 'roll': 0.0, 'pitch': 0.0, 'last_fix_time': datetime.datetime(2021, 7, 29, 12, 49, 19), 'speed': None, 'rudder': 0, 'datum': (42.3, -71.1)}
2021-07-29 13:49:21,995 [INFO] Processing: $BFNVG,124920.06,4218.012054,N,07105.982749,W,0,10.0,1.0,52.8,0.0,0.0,124920.06*64
2021-07-29 13:49:21,997 [INFO] Interpreted as: {'position': (24.251257814117707, 21.7234471058473), 'latlon': (42.3002009, -71.09971248333333), 'heading': 52.8, 'depth': 1.0, 'altitude': 10.0, 'roll': 0.0, 'pitch': 0.0, 'last_fix_time': datetime.datetime(2021, 7, 29, 12, 49, 20), 'speed': None, 'rudder': 0, 'datum': (42.3, -71.1)}
2021-07-29 13:49:21,997 [INFO] Processing: $BFNVG,124920.41,4218.012175,N,07105.982544,W,0,10.0,1.0,52.8,0.0,0.0,124920.41*69
2021-07-29 13:49:21,999 [INFO] Interpreted as: {'position': (24.53842785488814, 21.940431878902018), 'latlon': (42.30020291666666, -71.09970906666666), 'heading': 52.8, 'depth': 1.0, 'altitude': 10.0, 'roll': 0.0, 'pitch': 0.0, 'last_fix_time': datetime.datetime(2021, 7, 29, 12, 49, 20), 'speed': None, 'rudder': 0, 'datum': (42.3, -71.1)}
2021-07-29 13:49:22,000 [INFO] Processing: $BFNVG,124920.76,4218.012296,N,07105.982341,W,0,10.0,1.0,52.8,0.0,0.0,124920.76*64
2021-07-29 13:49:22,002 [INFO] Interpreted as: {'position': (24.822850129334256, 22.157484464347363), 'latlon': (42.30020493333333, -71.09970568333334), 'heading': 52.8, 'depth': 1.0, 'altitude': 10.0, 'roll': 0.0, 'pitch': 0.0, 'last_fix_time': datetime.datetime(2021, 7, 29, 12, 49, 20), 'speed': None, 'rudder': 0, 'datum': (42.3, -71.1)}
2021-07-29 13:49:22,003 [INFO] Received from Frontseat: [b'$BFNVG,124919.72,4218.011934,N,07105.982951,W,0,10.0,1.0,52.8,0.0,0.0,124919.72*6F', b'$BFNVG,124920.06,4218.012054,N,07105.982749,W,0,10.0,1.0,52.8,0.0,0.0,124920.06*64', b'$BFNVG,124920.41,4218.012175,N,07105.982544,W,0,10.0,1.0,52.8,0.0,0.0,124920.41*69', b'$BFNVG,124920.76,4218.012296,N,07105.982341,W,0,10.0,1.0,52.8,0.0,0.0,124920.76*64']
2021-07-29 13:49:22,004 [INFO] AUV state: {'position': (24.822850129334256, 22.157484464347363), 'latlon': (42.30020493333333, -71.09970568333334), 'heading': 52.8, 'depth': 1.0, 'altitude': 10.0, 'roll': 0.0, 'pitch': 0.0, 'last_fix_time': datetime.datetime(2021, 7, 29, 12, 49, 20), 'speed': None, 'rudder': 0, 'datum': (42.3, -71.1)}
2021-07-29 13:49:22,338 [INFO] **** [] []
2021-07-29 13:49:22,340 [INFO] Next green buoy: [], next red buoy: []
2021-07-29 13:49:22,341 [INFO] Desired_heading: 52.8
2021-07-29 13:49:22,341 [INFO] delta angle: 0.0
2021-07-29 13:49:22,342 [INFO] sending message $BPRMB,124922.38,-0.0,1,0,1000,0,1*4a
...
2021-07-29 13:49:23,343 [INFO] sending message $BPSTS,124923.34,1,BWSI Autonomy OK*4c
...
2021-07-29 13:49:23,345 [INFO] Processing: $BFNVG,124921.11,4218.012418,N,07105.982134,W,0,10.0,1.0,52.8,0.0,0.0,124921.11*64
2021-07-29 13:49:23,350 [INFO] Interpreted as: {'position': (25.112813553016167, 22.376252156682312), 'latlon': (42.300206966666664, -71.09970223333333), 'heading': 52.8, 'depth': 1.0, 'altitude': 10.0, 'roll': 0.0, 'pitch': 0.0, 'last_fix_time': datetime.datetime(2021, 7, 29, 12, 49, 21), 'speed': None, 'rudder': 0, 'datum': (42.3, -71.1)}
2021-07-29 13:49:23,351 [INFO] Processing: $BFNVG,124921.47,4218.012541,N,07105.981926,W,0,10.0,1.0,52.8,0.0,0.0,124921.47*61
2021-07-29 13:49:23,353 [INFO] Interpreted as: {'position': (25.404196499381214, 22.596836656332016), 'latlon': (42.30020901666666, -71.09969876666666), 'heading': 52.8, 'depth': 1.0, 'altitude': 10.0, 'roll': 0.0, 'pitch': 0.0, 'last_fix_time': datetime.datetime(2021, 7, 29, 12, 49, 21), 'speed': None, 'rudder': 0, 'datum': (42.3, -71.1)}
2021-07-29 13:49:23,354 [INFO] Processing: $BFNVG,124921.81,4218.012661,N,07105.981723,W,0,10.0,1.0,52.8,0.0,0.0,124921.81*6B
2021-07-29 13:49:23,356 [INFO] Interpreted as: {'position': (25.688573054561857, 22.81203857716173), 'latlon': (42.300211016666665, -71.09969538333333), 'heading': 52.8, 'depth': 1.0, 'altitude': 10.0, 'roll': 0.0, 'pitch': 0.0, 'last_fix_time': datetime.datetime(2021, 7, 29, 12, 49, 21), 'speed': None, 'rudder': 0, 'datum': (42.3, -71.1)}
2021-07-29 13:49:23,357 [INFO] Processing: $BFNVG,124922.16,4218.012781,N,07105.981522,W,0,10.0,1.0,52.8,0.0,0.0,124922.16*67
2021-07-29 13:49:23,359 [INFO] Interpreted as: {'position': (25.97020184190478, 23.027308312244713), 'latlon': (42.30021301666667, -71.09969203333333), 'heading': 52.8, 'depth': 1.0, 'altitude': 10.0, 'roll': 0.0, 'pitch': 0.0, 'last_fix_time': datetime.datetime(2021, 7, 29, 12, 49, 22), 'speed': None, 'rudder': 0, 'datum': (42.3, -71.1)}
2021-07-29 13:49:23,359 [INFO] Received from Frontseat: [b'$BFNVG,124921.11,4218.012418,N,07105.982134,W,0,10.0,1.0,52.8,0.0,0.0,124921.11*64', b'$BFNVG,124921.47,4218.012541,N,07105.981926,W,0,10.0,1.0,52.8,0.0,0.0,124921.47*61', b'$BFNVG,124921.81,4218.012661,N,07105.981723,W,0,10.0,1.0,52.8,0.0,0.0,124921.81*6B', b'$BFNVG,124922.16,4218.012781,N,07105.981522,W,0,10.0,1.0,52.8,0.0,0.0,124922.16*67']
2021-07-29 13:49:23,360 [INFO] AUV state: {'position': (25.97020184190478, 23.027308312244713), 'latlon': (42.30021301666667, -71.09969203333333), 'heading': 52.8, 'depth': 1.0, 'altitude': 10.0, 'roll': 0.0, 'pitch': 0.0, 'last_fix_time': datetime.datetime(2021, 7, 29, 12, 49, 22), 'speed': None, 'rudder': 0, 'datum': (42.3, -71.1)}
2021-07-29 13:49:23,705 [INFO] **** [] []
2021-07-29 13:49:23,708 [INFO] Next green buoy: [], next red buoy: []
2021-07-29 13:49:23,708 [INFO] Desired_heading: 52.8
2021-07-29 13:49:23,708 [INFO] delta angle: 0.0
2021-07-29 13:49:23,709 [INFO] sending message $BPRMB,124924.29,-0.0,1,0,1000,0,1*4c
...
2021-07-29 13:49:24,711 [INFO] sending message $BPSTS,124924.71,1,BWSI Autonomy OK*4a
...
2021-07-29 13:49:24,712 [INFO] Processing: $BFNVG,124922.50,4218.012899,N,07105.981323,W,0,10.0,1.0,52.8,0.0,0.0,124922.50*66
2021-07-29 13:49:24,714 [INFO] Interpreted as: {'position': (26.24899153073784, 23.238944460637867), 'latlon': (42.30021498333333, -71.09968871666666), 'heading': 52.8, 'depth': 1.0, 'altitude': 10.0, 'roll': 0.0, 'pitch': 0.0, 'last_fix_time': datetime.datetime(2021, 7, 29, 12, 49, 22), 'speed': None, 'rudder': 0, 'datum': (42.3, -71.1)}
2021-07-29 13:49:24,715 [INFO] Processing: $BFNVG,124922.85,4218.013020,N,07105.981117,W,0,10.0,1.0,52.8,0.0,0.0,124922.85*68
2021-07-29 13:49:24,717 [INFO] Interpreted as: {'position': (26.537535322248004, 23.45589541271329), 'latlon': (42.300217, -71.09968528333333), 'heading': 52.8, 'depth': 1.0, 'altitude': 10.0, 'roll': 0.0, 'pitch': 0.0, 'last_fix_time': datetime.datetime(2021, 7, 29, 12, 49, 22), 'speed': None, 'rudder': 0, 'datum': (42.3, -71.1)}
2021-07-29 13:49:24,718 [INFO] Processing: $BFNVG,124923.19,4218.013139,N,07105.980916,W,0,10.0,1.0,52.8,0.0,0.0,124923.19*69
2021-07-29 13:49:24,720 [INFO] Interpreted as: {'position': (26.819118394283578, 23.669314480386674), 'latlon': (42.30021898333333, -71.09968193333333), 'heading': 52.8, 'depth': 1.0, 'altitude': 10.0, 'roll': 0.0, 'pitch': 0.0, 'last_fix_time': datetime.datetime(2021, 7, 29, 12, 49, 23), 'speed': None, 'rudder': 0, 'datum': (42.3, -71.1)}
2021-07-29 13:49:24,721 [INFO] Processing: $BFNVG,124923.55,4218.013262,N,07105.980708,W,0,10.0,1.0,52.8,0.0,0.0,124923.55*65
2021-07-29 13:49:24,723 [INFO] Interpreted as: {'position': (27.11050123075256, 23.889899050816894), 'latlon': (42.30022103333334, -71.09967846666666), 'heading': 52.8, 'depth': 1.0, 'altitude': 10.0, 'roll': 0.0, 'pitch': 0.0, 'last_fix_time': datetime.datetime(2021, 7, 29, 12, 49, 23), 'speed': None, 'rudder': 0, 'datum': (42.3, -71.1)}
2021-07-29 13:49:24,724 [INFO] Received from Frontseat: [b'$BFNVG,124922.50,4218.012899,N,07105.981323,W,0,10.0,1.0,52.8,0.0,0.0,124922.50*66', b'$BFNVG,124922.85,4218.013020,N,07105.981117,W,0,10.0,1.0,52.8,0.0,0.0,124922.85*68', b'$BFNVG,124923.19,4218.013139,N,07105.980916,W,0,10.0,1.0,52.8,0.0,0.0,124923.19*69', b'$BFNVG,124923.55,4218.013262,N,07105.980708,W,0,10.0,1.0,52.8,0.0,0.0,124923.55*65']
2021-07-29 13:49:24,725 [INFO] AUV state: {'position': (27.11050123075256, 23.889899050816894), 'latlon': (42.30022103333334, -71.09967846666666), 'heading': 52.8, 'depth': 1.0, 'altitude': 10.0, 'roll': 0.0, 'pitch': 0.0, 'last_fix_time': datetime.datetime(2021, 7, 29, 12, 49, 23), 'speed': None, 'rudder': 0, 'datum': (42.3, -71.1)}
2021-07-29 13:49:25,065 [INFO] **** [] []
2021-07-29 13:49:25,067 [INFO] Next green buoy: [], next red buoy: []
2021-07-29 13:49:25,067 [INFO] Desired_heading: 52.8
2021-07-29 13:49:25,068 [INFO] delta angle: 0.0
2021-07-29 13:49:25,068 [INFO] sending message $BPRMB,124925.12,-0.0,1,0,1000,0,1*45
...
2021-07-29 13:49:26,070 [INFO] sending message $BPSTS,124926.07,1,BWSI Autonomy OK*49
...
2021-07-29 13:49:26,071 [INFO] Processing: $BFNVG,124923.90,4218.013385,N,07105.980501,W,0,10.0,1.0,52.8,0.0,0.0,124923.90*66
2021-07-29 13:49:26,073 [INFO] Interpreted as: {'position': (27.400510176084936, 24.110517531633377), 'latlon': (42.300223083333336, -71.09967501666667), 'heading': 52.8, 'depth': 1.0, 'altitude': 10.0, 'roll': 0.0, 'pitch': 0.0, 'last_fix_time': datetime.datetime(2021, 7, 29, 12, 49, 23), 'speed': None, 'rudder': 0, 'datum': (42.3, -71.1)}
2021-07-29 13:49:26,074 [INFO] Processing: $BFNVG,124924.24,4218.013503,N,07105.980301,W,0,10.0,1.0,52.8,0.0,0.0,124924.24*68
2021-07-29 13:49:26,076 [INFO] Interpreted as: {'position': (27.680673653143458, 24.32211983576417), 'latlon': (42.30022505, -71.09967168333333), 'heading': 52.8, 'depth': 1.0, 'altitude': 10.0, 'roll': 0.0, 'pitch': 0.0, 'last_fix_time': datetime.datetime(2021, 7, 29, 12, 49, 24), 'speed': None, 'rudder': 0, 'datum': (42.3, -71.1)}
2021-07-29 13:49:26,077 [INFO] Processing: $BFNVG,124924.60,4218.013626,N,07105.980095,W,0,10.0,1.0,52.8,0.0,0.0,124924.60*62
2021-07-29 13:49:26,080 [INFO] Interpreted as: {'position': (27.969308687606826, 24.54277223814279), 'latlon': (42.3002271, -71.09966825), 'heading': 52.8, 'depth': 1.0, 'altitude': 10.0, 'roll': 0.0, 'pitch': 0.0, 'last_fix_time': datetime.datetime(2021, 7, 29, 12, 49, 24), 'speed': None, 'rudder': 0, 'datum': (42.3, -71.1)}
2021-07-29 13:49:26,081 [INFO] Processing: $BFNVG,124924.95,4218.013747,N,07105.979890,W,0,10.0,1.0,52.8,0.0,0.0,124924.95*6F
2021-07-29 13:49:26,083 [INFO] Interpreted as: {'position': (28.25647849915549, 24.75975715648383), 'latlon': (42.300229116666664, -71.09966483333334), 'heading': 52.8, 'depth': 1.0, 'altitude': 10.0, 'roll': 0.0, 'pitch': 0.0, 'last_fix_time': datetime.datetime(2021, 7, 29, 12, 49, 24), 'speed': None, 'rudder': 0, 'datum': (42.3, -71.1)}
2021-07-29 13:49:26,084 [INFO] Received from Frontseat: [b'$BFNVG,124923.90,4218.013385,N,07105.980501,W,0,10.0,1.0,52.8,0.0,0.0,124923.90*66', b'$BFNVG,124924.24,4218.013503,N,07105.980301,W,0,10.0,1.0,52.8,0.0,0.0,124924.24*68', b'$BFNVG,124924.60,4218.013626,N,07105.980095,W,0,10.0,1.0,52.8,0.0,0.0,124924.60*62', b'$BFNVG,124924.95,4218.013747,N,07105.979890,W,0,10.0,1.0,52.8,0.0,0.0,124924.95*6F']
2021-07-29 13:49:26,084 [INFO] AUV state: {'position': (28.25647849915549, 24.75975715648383), 'latlon': (42.300229116666664, -71.09966483333334), 'heading': 52.8, 'depth': 1.0, 'altitude': 10.0, 'roll': 0.0, 'pitch': 0.0, 'last_fix_time': datetime.datetime(2021, 7, 29, 12, 49, 24), 'speed': None, 'rudder': 0, 'datum': (42.3, -71.1)}
2021-07-29 13:49:26,428 [INFO] **** [] []
2021-07-29 13:49:26,430 [INFO] Next green buoy: [], next red buoy: []
2021-07-29 13:49:26,431 [INFO] Desired_heading: 52.8
2021-07-29 13:49:26,431 [INFO] delta angle: 0.0
2021-07-29 13:49:26,432 [INFO] sending message $BPRMB,124927.01,-0.0,1,0,1000,0,1*45
...
2021-07-29 13:49:27,433 [INFO] sending message $BPSTS,124927.43,1,BWSI Autonomy OK*48
...
2021-07-29 13:49:27,435 [INFO] Processing: $BFNVG,124925.30,4218.013870,N,07105.979682,W,0,10.0,1.0,52.8,0.0,0.0,124925.30*69
2021-07-29 13:49:27,437 [INFO] Interpreted as: {'position': (28.547861244762316, 24.980341782793403), 'latlon': (42.30023116666667, -71.09966136666667), 'heading': 52.8, 'depth': 1.0, 'altitude': 10.0, 'roll': 0.0, 'pitch': 0.0, 'last_fix_time': datetime.datetime(2021, 7, 29, 12, 49, 25), 'speed': None, 'rudder': 0, 'datum': (42.3, -71.1)}
2021-07-29 13:49:27,438 [INFO] Processing: $BFNVG,124925.67,4218.013998,N,07105.979466,W,0,10.0,1.0,52.8,0.0,0.0,124925.67*66
2021-07-29 13:49:27,440 [INFO] Interpreted as: {'position': (28.850463297974784, 25.209908709861338), 'latlon': (42.3002333, -71.09965776666667), 'heading': 52.8, 'depth': 1.0, 'altitude': 10.0, 'roll': 0.0, 'pitch': 0.0, 'last_fix_time': datetime.datetime(2021, 7, 29, 12, 49, 25), 'speed': None, 'rudder': 0, 'datum': (42.3, -71.1)}
2021-07-29 13:49:27,441 [INFO] Processing: $BFNVG,124926.04,4218.014125,N,07105.979250,W,0,10.0,1.0,52.8,0.0,0.0,124926.04*6C
2021-07-29 13:49:27,443 [INFO] Interpreted as: {'position': (29.153019662364386, 25.437624951824546), 'latlon': (42.300235416666666, -71.09965416666667), 'heading': 52.8, 'depth': 1.0, 'altitude': 10.0, 'roll': 0.0, 'pitch': 0.0, 'last_fix_time': datetime.datetime(2021, 7, 29, 12, 49, 26), 'speed': None, 'rudder': 0, 'datum': (42.3, -71.1)}
2021-07-29 13:49:27,444 [INFO] Processing: $BFNVG,124926.39,4218.014247,N,07105.979045,W,0,10.0,1.0,52.8,0.0,0.0,124926.39*6D
2021-07-29 13:49:27,446 [INFO] Interpreted as: {'position': (29.44023506710073, 25.65646061580628), 'latlon': (42.30023745, -71.09965075), 'heading': 52.8, 'depth': 1.0, 'altitude': 10.0, 'roll': 0.0, 'pitch': 0.0, 'last_fix_time': datetime.datetime(2021, 7, 29, 12, 49, 26), 'speed': None, 'rudder': 0, 'datum': (42.3, -71.1)}
2021-07-29 13:49:27,447 [INFO] Received from Frontseat: [b'$BFNVG,124925.30,4218.013870,N,07105.979682,W,0,10.0,1.0,52.8,0.0,0.0,124925.30*69', b'$BFNVG,124925.67,4218.013998,N,07105.979466,W,0,10.0,1.0,52.8,0.0,0.0,124925.67*66', b'$BFNVG,124926.04,4218.014125,N,07105.979250,W,0,10.0,1.0,52.8,0.0,0.0,124926.04*6C', b'$BFNVG,124926.39,4218.014247,N,07105.979045,W,0,10.0,1.0,52.8,0.0,0.0,124926.39*6D']
2021-07-29 13:49:27,448 [INFO] AUV state: {'position': (29.44023506710073, 25.65646061580628), 'latlon': (42.30023745, -71.09965075), 'heading': 52.8, 'depth': 1.0, 'altitude': 10.0, 'roll': 0.0, 'pitch': 0.0, 'last_fix_time': datetime.datetime(2021, 7, 29, 12, 49, 26), 'speed': None, 'rudder': 0, 'datum': (42.3, -71.1)}
2021-07-29 13:49:27,792 [INFO] **** [] []
2021-07-29 13:49:27,794 [INFO] Next green buoy: [], next red buoy: []
2021-07-29 13:49:27,794 [INFO] Desired_heading: 52.8
2021-07-29 13:49:27,795 [INFO] delta angle: 0.0
2021-07-29 13:49:27,795 [INFO] sending message $BPRMB,124927.84,-0.0,1,0,1000,0,1*48
...
2021-07-29 13:49:28,797 [INFO] sending message $BPSTS,124928.79,1,BWSI Autonomy OK*4e
...
2021-07-29 13:49:28,798 [INFO] Processing: $BFNVG,124926.74,4218.014370,N,07105.978837,W,0,10.0,1.0,52.8,0.0,0.0,124926.74*64
2021-07-29 13:49:28,805 [INFO] Interpreted as: {'position': (29.731617737968918, 25.877045288681984), 'latlon': (42.3002395, -71.09964728333334), 'heading': 52.8, 'depth': 1.0, 'altitude': 10.0, 'roll': 0.0, 'pitch': 0.0, 'last_fix_time': datetime.datetime(2021, 7, 29, 12, 49, 26), 'speed': None, 'rudder': 0, 'datum': (42.3, -71.1)}
2021-07-29 13:49:28,806 [INFO] Processing: $BFNVG,124927.10,4218.014495,N,07105.978626,W,0,10.0,1.0,52.8,0.0,0.0,124927.10*66
2021-07-29 13:49:28,808 [INFO] Interpreted as: {'position': (30.027213345165364, 26.101229670457542), 'latlon': (42.30024158333333, -71.09964376666667), 'heading': 52.8, 'depth': 1.0, 'altitude': 10.0, 'roll': 0.0, 'pitch': 0.0, 'last_fix_time': datetime.datetime(2021, 7, 29, 12, 49, 27), 'speed': None, 'rudder': 0, 'datum': (42.3, -71.1)}
2021-07-29 13:49:28,809 [INFO] Processing: $BFNVG,124927.45,4218.014616,N,07105.978421,W,0,10.0,1.0,52.8,0.0,0.0,124927.45*6A
2021-07-29 13:49:28,811 [INFO] Interpreted as: {'position': (30.314383028598968, 26.31821467168629), 'latlon': (42.3002436, -71.09964035), 'heading': 52.8, 'depth': 1.0, 'altitude': 10.0, 'roll': 0.0, 'pitch': 0.0, 'last_fix_time': datetime.datetime(2021, 7, 29, 12, 49, 27), 'speed': None, 'rudder': 0, 'datum': (42.3, -71.1)}
2021-07-29 13:49:28,812 [INFO] Received from Frontseat: [b'$BFNVG,124926.74,4218.014370,N,07105.978837,W,0,10.0,1.0,52.8,0.0,0.0,124926.74*64', b'$BFNVG,124927.10,4218.014495,N,07105.978626,W,0,10.0,1.0,52.8,0.0,0.0,124927.10*66', b'$BFNVG,124927.45,4218.014616,N,07105.978421,W,0,10.0,1.0,52.8,0.0,0.0,124927.45*6A']
2021-07-29 13:49:28,813 [INFO] AUV state: {'position': (30.314383028598968, 26.31821467168629), 'latlon': (42.3002436, -71.09964035), 'heading': 52.8, 'depth': 1.0, 'altitude': 10.0, 'roll': 0.0, 'pitch': 0.0, 'last_fix_time': datetime.datetime(2021, 7, 29, 12, 49, 27), 'speed': None, 'rudder': 0, 'datum': (42.3, -71.1)}
2021-07-29 13:49:29,162 [INFO] **** [] []
2021-07-29 13:49:29,165 [INFO] Next green buoy: [], next red buoy: []
2021-07-29 13:49:29,165 [INFO] Desired_heading: 52.8
2021-07-29 13:49:29,165 [INFO] delta angle: 0.0
2021-07-29 13:49:29,166 [INFO] sending message $BPRMB,124929.74,-0.0,1,0,1000,0,1*49
...
2021-07-29 13:49:30,168 [INFO] sending message $BPSTS,124930.16,1,BWSI Autonomy OK*4e
...
2021-07-29 13:49:30,169 [INFO] Processing: $BFNVG,124927.80,4218.014737,N,07105.978217,W,0,10.0,1.0,52.8,0.0,0.0,124927.80*6B
2021-07-29 13:49:30,171 [INFO] Interpreted as: {'position': (30.600178819790017, 26.535233580507338), 'latlon': (42.300245616666665, -71.09963695), 'heading': 52.8, 'depth': 1.0, 'altitude': 10.0, 'roll': 0.0, 'pitch': 0.0, 'last_fix_time': datetime.datetime(2021, 7, 29, 12, 49, 27), 'speed': None, 'rudder': 0, 'datum': (42.3, -71.1)}
2021-07-29 13:49:30,172 [INFO] Processing: $BFNVG,124928.16,4218.014859,N,07105.978011,W,0,10.0,1.0,52.8,0.0,0.0,124928.16*68
2021-07-29 13:49:30,174 [INFO] Interpreted as: {'position': (30.888768006348982, 26.754035402089357), 'latlon': (42.30024765, -71.09963351666667), 'heading': 52.8, 'depth': 1.0, 'altitude': 10.0, 'roll': 0.0, 'pitch': 0.0, 'last_fix_time': datetime.datetime(2021, 7, 29, 12, 49, 28), 'speed': None, 'rudder': 0, 'datum': (42.3, -71.1)}
2021-07-29 13:49:30,175 [INFO] Processing: $BFNVG,124928.50,4218.014978,N,07105.977810,W,0,10.0,1.0,52.8,0.0,0.0,124928.50*6C
2021-07-29 13:49:30,177 [INFO] Interpreted as: {'position': (31.170350810338277, 26.96745463926345), 'latlon': (42.30024963333334, -71.09963016666667), 'heading': 52.8, 'depth': 1.0, 'altitude': 10.0, 'roll': 0.0, 'pitch': 0.0, 'last_fix_time': datetime.datetime(2021, 7, 29, 12, 49, 28), 'speed': None, 'rudder': 0, 'datum': (42.3, -71.1)}
2021-07-29 13:49:30,178 [INFO] Processing: $BFNVG,124928.85,4218.015100,N,07105.977604,W,0,10.0,1.0,52.8,0.0,0.0,124928.85*61
2021-07-29 13:49:30,180 [INFO] Interpreted as: {'position': (31.45893996115774, 27.186256481334567), 'latlon': (42.30025166666667, -71.09962673333334), 'heading': 52.8, 'depth': 1.0, 'altitude': 10.0, 'roll': 0.0, 'pitch': 0.0, 'last_fix_time': datetime.datetime(2021, 7, 29, 12, 49, 28), 'speed': None, 'rudder': 0, 'datum': (42.3, -71.1)}
2021-07-29 13:49:30,181 [INFO] Received from Frontseat: [b'$BFNVG,124927.80,4218.014737,N,07105.978217,W,0,10.0,1.0,52.8,0.0,0.0,124927.80*6B', b'$BFNVG,124928.16,4218.014859,N,07105.978011,W,0,10.0,1.0,52.8,0.0,0.0,124928.16*68', b'$BFNVG,124928.50,4218.014978,N,07105.977810,W,0,10.0,1.0,52.8,0.0,0.0,124928.50*6C', b'$BFNVG,124928.85,4218.015100,N,07105.977604,W,0,10.0,1.0,52.8,0.0,0.0,124928.85*61']
2021-07-29 13:49:30,182 [INFO] AUV state: {'position': (31.45893996115774, 27.186256481334567), 'latlon': (42.30025166666667, -71.09962673333334), 'heading': 52.8, 'depth': 1.0, 'altitude': 10.0, 'roll': 0.0, 'pitch': 0.0, 'last_fix_time': datetime.datetime(2021, 7, 29, 12, 49, 28), 'speed': None, 'rudder': 0, 'datum': (42.3, -71.1)}
2021-07-29 13:49:30,526 [INFO] **** [] []
2021-07-29 13:49:30,528 [INFO] Next green buoy: [], next red buoy: []
2021-07-29 13:49:30,529 [INFO] Desired_heading: 52.8
2021-07-29 13:49:30,529 [INFO] delta angle: 0.0
2021-07-29 13:49:30,530 [INFO] sending message $BPRMB,124930.59,-0.0,1,0,1000,0,1*4e
...
2021-07-29 13:49:31,467 [ERROR] An error occurred. The stack trace is below.
Traceback (most recent call last):
  File "BWSI_BackSeat.py", line 126, in run
    time.sleep(1/self.__warp)
KeyboardInterrupt
