2021-07-28 16:30:12,540 [INFO] host = 192.168.1.213, port = 29500
2021-07-28 16:30:14,591 [INFO] sending message $BPLOG,ACK,ON*1e
...
2021-07-28 16:30:14,592 [INFO] sending message $BPLOG,ALL,ON*16
...
2021-07-28 16:30:14,594 [INFO] sending message $BPSTS,153014.59,1,BWSI Autonomy OK*4a
...
2021-07-28 16:30:14,594 [INFO] Received from Frontseat: []
2021-07-28 16:30:14,595 [INFO] AUV state: {'position': (None, None), 'latlon': None, 'heading': None, 'depth': None, 'altitude': None, 'roll': None, 'pitch': None, 'last_fix_time': None, 'speed': None, 'rudder': 0}
2021-07-28 16:30:15,597 [INFO] sending message $BPSTS,153015.59,1,BWSI Autonomy OK*4b
...
2021-07-28 16:30:15,599 [INFO] Processing: $BFNVG,153014.16,4218.000000,N,07106.000000,W,0,10.0,1.0,45.0,0.0,0.0,153014.16*62
2021-07-28 16:30:15,603 [INFO] Interpreted as: {'position': (0, 0), 'latlon': (42.3, -71.1), 'heading': 45.0, 'depth': 1.0, 'altitude': 10.0, 'roll': 0.0, 'pitch': 0.0, 'last_fix_time': datetime.datetime(2021, 7, 28, 15, 30, 14), 'speed': None, 'rudder': 0, 'datum': (42.3, -71.1)}
2021-07-28 16:30:15,604 [INFO] Processing: $BFNVG,153014.41,4218.000000,N,07106.000000,W,0,10.0,1.0,45.0,0.0,0.0,153014.41*62
2021-07-28 16:30:15,606 [INFO] Interpreted as: {'position': (0.0, 0.0), 'latlon': (42.3, -71.1), 'heading': 45.0, 'depth': 1.0, 'altitude': 10.0, 'roll': 0.0, 'pitch': 0.0, 'last_fix_time': datetime.datetime(2021, 7, 28, 15, 30, 14), 'speed': None, 'rudder': 0, 'datum': (42.3, -71.1)}
2021-07-28 16:30:15,607 [INFO] Processing: $BFNVG,153014.66,4218.000000,N,07106.000000,W,0,10.0,1.0,45.0,0.0,0.0,153014.66*62
2021-07-28 16:30:15,609 [INFO] Interpreted as: {'position': (0.0, 0.0), 'latlon': (42.3, -71.1), 'heading': 45.0, 'depth': 1.0, 'altitude': 10.0, 'roll': 0.0, 'pitch': 0.0, 'last_fix_time': datetime.datetime(2021, 7, 28, 15, 30, 14), 'speed': None, 'rudder': 0, 'datum': (42.3, -71.1)}
2021-07-28 16:30:15,610 [INFO] Received from Frontseat: [b'$BFNVG,153014.16,4218.000000,N,07106.000000,W,0,10.0,1.0,45.0,0.0,0.0,153014.16*62', b'$BFNVG,153014.41,4218.000000,N,07106.000000,W,0,10.0,1.0,45.0,0.0,0.0,153014.41*62', b'$BFNVG,153014.66,4218.000000,N,07106.000000,W,0,10.0,1.0,45.0,0.0,0.0,153014.66*62']
2021-07-28 16:30:15,611 [INFO] AUV state: {'position': (0.0, 0.0), 'latlon': (42.3, -71.1), 'heading': 45.0, 'depth': 1.0, 'altitude': 10.0, 'roll': 0.0, 'pitch': 0.0, 'last_fix_time': datetime.datetime(2021, 7, 28, 15, 30, 14), 'speed': None, 'rudder': 0, 'datum': (42.3, -71.1)}
2021-07-28 16:30:15,989 [INFO] **** [(-0.21993023293121178, -7.6862156757158235)] [(15.437560812208067, -7.329055330858309)]
2021-07-28 16:30:15,992 [INFO] Next green buoy: [(-0.21993023293121178, -7.6862156757158235)], next red buoy: [(15.437560812208067, -7.329055330858309)]
2021-07-28 16:30:15,992 [INFO] Desired_heading: 52.60881528963843
2021-07-28 16:30:15,993 [INFO] sending message $BPRMB,153016.58,-9.511019112048036,,,1000,0,1*4c
...
2021-07-28 16:30:16,994 [INFO] sending message $BPSTS,153016.99,1,BWSI Autonomy OK*44
...
2021-07-28 16:30:16,996 [INFO] Processing: $BFNVG,153015.06,4218.000000,N,07106.000000,W,0,10.0,1.0,45.0,0.0,0.0,153015.06*62
2021-07-28 16:30:16,998 [INFO] Interpreted as: {'position': (0.0, 0.0), 'latlon': (42.3, -71.1), 'heading': 45.0, 'depth': 1.0, 'altitude': 10.0, 'roll': 0.0, 'pitch': 0.0, 'last_fix_time': datetime.datetime(2021, 7, 28, 15, 30, 15), 'speed': None, 'rudder': 0, 'datum': (42.3, -71.1)}
2021-07-28 16:30:16,999 [INFO] Processing: $BFNVG,153015.41,4218.000000,N,07106.000000,W,0,10.0,1.0,45.0,0.0,0.0,153015.41*62
2021-07-28 16:30:17,001 [INFO] Interpreted as: {'position': (0.0, 0.0), 'latlon': (42.3, -71.1), 'heading': 45.0, 'depth': 1.0, 'altitude': 10.0, 'roll': 0.0, 'pitch': 0.0, 'last_fix_time': datetime.datetime(2021, 7, 28, 15, 30, 15), 'speed': None, 'rudder': 0, 'datum': (42.3, -71.1)}
2021-07-28 16:30:17,004 [INFO] Processing: $BFNVG,153015.75,4218.000000,N,07106.000000,W,0,10.0,1.0,45.0,0.0,0.0,153015.75*62
2021-07-28 16:30:17,007 [INFO] Interpreted as: {'position': (0.0, 0.0), 'latlon': (42.3, -71.1), 'heading': 45.0, 'depth': 1.0, 'altitude': 10.0, 'roll': 0.0, 'pitch': 0.0, 'last_fix_time': datetime.datetime(2021, 7, 28, 15, 30, 15), 'speed': None, 'rudder': 0, 'datum': (42.3, -71.1)}
2021-07-28 16:30:17,008 [INFO] Received from Frontseat: [b'$BFNVG,153015.06,4218.000000,N,07106.000000,W,0,10.0,1.0,45.0,0.0,0.0,153015.06*62', b'$BFNVG,153015.41,4218.000000,N,07106.000000,W,0,10.0,1.0,45.0,0.0,0.0,153015.41*62', b'$BFNVG,153015.75,4218.000000,N,07106.000000,W,0,10.0,1.0,45.0,0.0,0.0,153015.75*62']
2021-07-28 16:30:17,010 [INFO] AUV state: {'position': (0.0, 0.0), 'latlon': (42.3, -71.1), 'heading': 45.0, 'depth': 1.0, 'altitude': 10.0, 'roll': 0.0, 'pitch': 0.0, 'last_fix_time': datetime.datetime(2021, 7, 28, 15, 30, 15), 'speed': None, 'rudder': 0, 'datum': (42.3, -71.1)}
2021-07-28 16:30:17,382 [INFO] **** [(-0.22035521470194389, -7.708961974233651)] [(15.437560812208067, -7.333901112744751)]
2021-07-28 16:30:17,384 [INFO] Next green buoy: [(-0.22035521470194389, -7.708961974233651)], next red buoy: [(15.437560812208067, -7.333901112744751)]
2021-07-28 16:30:17,384 [INFO] Desired_heading: 52.60860279875306
2021-07-28 16:30:17,385 [INFO] sending message $BPRMB,153017.40,-9.510753498441327,,,1000,0,1*45
...
2021-07-28 16:30:18,387 [INFO] sending message $BPSTS,153018.38,1,BWSI Autonomy OK*41
...
2021-07-28 16:30:18,388 [INFO] Processing: $BFNVG,153016.10,4218.000000,N,07106.000000,W,0,10.0,1.0,45.0,0.0,0.0,153016.10*62
2021-07-28 16:30:18,391 [INFO] Interpreted as: {'position': (0.0, 0.0), 'latlon': (42.3, -71.1), 'heading': 45.0, 'depth': 1.0, 'altitude': 10.0, 'roll': 0.0, 'pitch': 0.0, 'last_fix_time': datetime.datetime(2021, 7, 28, 15, 30, 16), 'speed': None, 'rudder': 0, 'datum': (42.3, -71.1)}
2021-07-28 16:30:18,391 [INFO] Processing: $BFNVG,153016.45,4218.000139,N,07105.999818,W,0,10.0,1.0,45.8,0.0,0.0,153016.45*6A
2021-07-28 16:30:18,393 [INFO] Interpreted as: {'position': (0.2563945403089747, 0.25107618514448404), 'latlon': (42.300002316666664, -71.09999696666667), 'heading': 45.8, 'depth': 1.0, 'altitude': 10.0, 'roll': 0.0, 'pitch': 0.0, 'last_fix_time': datetime.datetime(2021, 7, 28, 15, 30, 16), 'speed': None, 'rudder': 0, 'datum': (42.3, -71.1)}
2021-07-28 16:30:18,394 [INFO] Processing: $BFNVG,153016.80,4218.000275,N,07105.999636,W,0,10.0,1.0,46.7,0.0,0.0,153016.80*6F
2021-07-28 16:30:18,396 [INFO] Interpreted as: {'position': (0.5126520485500805, 0.4966002879664302), 'latlon': (42.30000458333333, -71.09999393333334), 'heading': 46.7, 'depth': 1.0, 'altitude': 10.0, 'roll': 0.0, 'pitch': 0.0, 'last_fix_time': datetime.datetime(2021, 7, 28, 15, 30, 16), 'speed': None, 'rudder': 0, 'datum': (42.3, -71.1)}
2021-07-28 16:30:18,397 [INFO] Processing: $BFNVG,153017.14,4218.000411,N,07105.999450,W,0,10.0,1.0,47.5,0.0,0.0,153017.14*6A
2021-07-28 16:30:18,399 [INFO] Interpreted as: {'position': (0.7744050556793809, 0.7419887809082866), 'latlon': (42.30000685, -71.09999083333334), 'heading': 47.5, 'depth': 1.0, 'altitude': 10.0, 'roll': 0.0, 'pitch': 0.0, 'last_fix_time': datetime.datetime(2021, 7, 28, 15, 30, 17), 'speed': None, 'rudder': 0, 'datum': (42.3, -71.1)}
2021-07-28 16:30:18,400 [INFO] Received from Frontseat: [b'$BFNVG,153016.10,4218.000000,N,07106.000000,W,0,10.0,1.0,45.0,0.0,0.0,153016.10*62', b'$BFNVG,153016.45,4218.000139,N,07105.999818,W,0,10.0,1.0,45.8,0.0,0.0,153016.45*6A', b'$BFNVG,153016.80,4218.000275,N,07105.999636,W,0,10.0,1.0,46.7,0.0,0.0,153016.80*6F', b'$BFNVG,153017.14,4218.000411,N,07105.999450,W,0,10.0,1.0,47.5,0.0,0.0,153017.14*6A']
2021-07-28 16:30:18,401 [INFO] AUV state: {'position': (0.7744050556793809, 0.7419887809082866), 'latlon': (42.30000685, -71.09999083333334), 'heading': 47.5, 'depth': 1.0, 'altitude': 10.0, 'roll': 0.0, 'pitch': 0.0, 'last_fix_time': datetime.datetime(2021, 7, 28, 15, 30, 17), 'speed': None, 'rudder': 0, 'datum': (42.3, -71.1)}
2021-07-28 16:30:18,777 [INFO] **** [(-3.2740225501477145, -8.829159625068108)] [(14.8515153828393, -8.548384158596749)]
2021-07-28 16:30:18,779 [INFO] Next green buoy: [(-3.2740225501477145, -8.829159625068108)], next red buoy: [(14.8515153828393, -8.548384158596749)]
2021-07-28 16:30:18,780 [INFO] Desired_heading: 53.288746416345795
2021-07-28 16:30:18,780 [INFO] sending message $BPRMB,153019.37,-7.235933020432244,,,1000,0,1*4a
...
2021-07-28 16:30:19,782 [INFO] sending message $BPSTS,153019.78,1,BWSI Autonomy OK*44
...
2021-07-28 16:30:19,783 [INFO] Processing: $BFNVG,153017.49,4218.000543,N,07105.999261,W,0,10.0,1.0,48.3,0.0,0.0,153017.49*61
2021-07-28 16:30:19,785 [INFO] Interpreted as: {'position': (1.0400969982147217, 0.9798727780580521), 'latlon': (42.30000905, -71.09998768333334), 'heading': 48.3, 'depth': 1.0, 'altitude': 10.0, 'roll': 0.0, 'pitch': 0.0, 'last_fix_time': datetime.datetime(2021, 7, 28, 15, 30, 17), 'speed': None, 'rudder': 0, 'datum': (42.3, -71.1)}
2021-07-28 16:30:19,786 [INFO] Processing: $BFNVG,153017.84,4218.000673,N,07105.999072,W,0,10.0,1.0,49.1,0.0,0.0,153017.84*62
2021-07-28 16:30:19,789 [INFO] Interpreted as: {'position': (1.3056975794024765, 1.2140553938224912), 'latlon': (42.30001121666667, -71.09998453333333), 'heading': 49.1, 'depth': 1.0, 'altitude': 10.0, 'roll': 0.0, 'pitch': 0.0, 'last_fix_time': datetime.datetime(2021, 7, 28, 15, 30, 17), 'speed': None, 'rudder': 0, 'datum': (42.3, -71.1)}
2021-07-28 16:30:19,790 [INFO] Processing: $BFNVG,153018.18,4218.000802,N,07105.998879,W,0,10.0,1.0,49.9,0.0,0.0,153018.18*60
2021-07-28 16:30:19,793 [INFO] Interpreted as: {'position': (1.5767479871865362, 1.4462516997009516), 'latlon': (42.30001336666667, -71.09998131666667), 'heading': 49.9, 'depth': 1.0, 'altitude': 10.0, 'roll': 0.0, 'pitch': 0.0, 'last_fix_time': datetime.datetime(2021, 7, 28, 15, 30, 18), 'speed': None, 'rudder': 0, 'datum': (42.3, -71.1)}
2021-07-28 16:30:19,794 [INFO] Processing: $BFNVG,153018.53,4218.000929,N,07105.998683,W,0,10.0,1.0,50.8,0.0,0.0,153018.53*6A
2021-07-28 16:30:19,796 [INFO] Interpreted as: {'position': (1.8518286743201315, 1.674644909799099), 'latlon': (42.30001548333333, -71.09997805), 'heading': 50.8, 'depth': 1.0, 'altitude': 10.0, 'roll': 0.0, 'pitch': 0.0, 'last_fix_time': datetime.datetime(2021, 7, 28, 15, 30, 18), 'speed': None, 'rudder': 0, 'datum': (42.3, -71.1)}
2021-07-28 16:30:19,797 [INFO] Received from Frontseat: [b'$BFNVG,153017.49,4218.000543,N,07105.999261,W,0,10.0,1.0,48.3,0.0,0.0,153017.49*61', b'$BFNVG,153017.84,4218.000673,N,07105.999072,W,0,10.0,1.0,49.1,0.0,0.0,153017.84*62', b'$BFNVG,153018.18,4218.000802,N,07105.998879,W,0,10.0,1.0,49.9,0.0,0.0,153018.18*60', b'$BFNVG,153018.53,4218.000929,N,07105.998683,W,0,10.0,1.0,50.8,0.0,0.0,153018.53*6A']
2021-07-28 16:30:19,798 [INFO] AUV state: {'position': (1.8518286743201315, 1.674644909799099), 'latlon': (42.30001548333333, -71.09997805), 'heading': 50.8, 'depth': 1.0, 'altitude': 10.0, 'roll': 0.0, 'pitch': 0.0, 'last_fix_time': datetime.datetime(2021, 7, 28, 15, 30, 18), 'speed': None, 'rudder': 0, 'datum': (42.3, -71.1)}
2021-07-28 16:30:20,145 [INFO] **** [(-8.237394371053766, -11.20481896961636)] [(14.424283871933081, -10.509199874037808)]
2021-07-28 16:30:20,148 [INFO] Next green buoy: [(-8.237394371053766, -11.20481896961636)], next red buoy: [(14.424283871933081, -10.509199874037808)]
2021-07-28 16:30:20,148 [INFO] Desired_heading: 53.893444750439656
2021-07-28 16:30:20,149 [INFO] sending message $BPRMB,153020.19,-3.8668059380495734,,,1000,0,1*7f
...
2021-07-28 16:30:21,150 [INFO] sending message $BPSTS,153021.15,1,BWSI Autonomy OK*44
...
2021-07-28 16:30:21,152 [INFO] Processing: $BFNVG,153018.88,4218.001054,N,07105.998484,W,0,10.0,1.0,51.6,0.0,0.0,153018.88*62
2021-07-28 16:30:21,154 [INFO] Interpreted as: {'position': (2.1309396387659945, 1.899235020391643), 'latlon': (42.30001756666667, -71.09997473333334), 'heading': 51.6, 'depth': 1.0, 'altitude': 10.0, 'roll': 0.0, 'pitch': 0.0, 'last_fix_time': datetime.datetime(2021, 7, 28, 15, 30, 18), 'speed': None, 'rudder': 0, 'datum': (42.3, -71.1)}
2021-07-28 16:30:21,155 [INFO] Processing: $BFNVG,153019.23,4218.001177,N,07105.998283,W,0,10.0,1.0,52.2,0.0,0.0,153019.23*64
2021-07-28 16:30:21,157 [INFO] Interpreted as: {'position': (2.41270699899178, 2.1200559390708804), 'latlon': (42.30001961666667, -71.09997138333334), 'heading': 52.2, 'depth': 1.0, 'altitude': 10.0, 'roll': 0.0, 'pitch': 0.0, 'last_fix_time': datetime.datetime(2021, 7, 28, 15, 30, 19), 'speed': None, 'rudder': 0, 'datum': (42.3, -71.1)}
2021-07-28 16:30:21,158 [INFO] Processing: $BFNVG,153019.57,4218.001297,N,07105.998081,W,0,10.0,1.0,52.9,0.0,0.0,153019.57*62
2021-07-28 16:30:21,161 [INFO] Interpreted as: {'position': (2.695711210835725, 2.335290872491896), 'latlon': (42.30002161666667, -71.09996801666666), 'heading': 52.9, 'depth': 1.0, 'altitude': 10.0, 'roll': 0.0, 'pitch': 0.0, 'last_fix_time': datetime.datetime(2021, 7, 28, 15, 30, 19), 'speed': None, 'rudder': 0, 'datum': (42.3, -71.1)}
2021-07-28 16:30:21,161 [INFO] Processing: $BFNVG,153019.92,4218.001416,N,07105.997878,W,0,10.0,1.0,53.5,0.0,0.0,153019.92*61
2021-07-28 16:30:21,163 [INFO] Interpreted as: {'position': (2.9800436089280993, 2.5486412150785327), 'latlon': (42.3000236, -71.09996463333333), 'heading': 53.5, 'depth': 1.0, 'altitude': 10.0, 'roll': 0.0, 'pitch': 0.0, 'last_fix_time': datetime.datetime(2021, 7, 28, 15, 30, 19), 'speed': None, 'rudder': 0, 'datum': (42.3, -71.1)}
2021-07-28 16:30:21,165 [INFO] Received from Frontseat: [b'$BFNVG,153018.88,4218.001054,N,07105.998484,W,0,10.0,1.0,51.6,0.0,0.0,153018.88*62', b'$BFNVG,153019.23,4218.001177,N,07105.998283,W,0,10.0,1.0,52.2,0.0,0.0,153019.23*64', b'$BFNVG,153019.57,4218.001297,N,07105.998081,W,0,10.0,1.0,52.9,0.0,0.0,153019.57*62', b'$BFNVG,153019.92,4218.001416,N,07105.997878,W,0,10.0,1.0,53.5,0.0,0.0,153019.92*61']
2021-07-28 16:30:21,166 [INFO] AUV state: {'position': (2.9800436089280993, 2.5486412150785327), 'latlon': (42.3000236, -71.09996463333333), 'heading': 53.5, 'depth': 1.0, 'altitude': 10.0, 'roll': 0.0, 'pitch': 0.0, 'last_fix_time': datetime.datetime(2021, 7, 28, 15, 30, 19), 'speed': None, 'rudder': 0, 'datum': (42.3, -71.1)}
2021-07-28 16:30:21,564 [INFO] **** [(-14.483499963645674, -15.002590078945138)] [(15.606719545903076, -13.877168111124977), (-10.042905285197676, -4.5760896937872895)]
2021-07-28 16:30:21,566 [INFO] Next green buoy: [(-14.483499963645674, -15.002590078945138)], next red buoy: [(15.606719545903076, -13.877168111124977), (-10.042905285197676, -4.5760896937872895)]
2021-07-28 16:30:21,567 [INFO] Desired_heading: 54.0616097911287
2021-07-28 16:30:21,567 [INFO] sending message $BPRMB,153022.11,-0.7020122389108785,,,1000,0,1*7c
...
2021-07-28 16:30:22,569 [INFO] sending message $BPSTS,153022.56,1,BWSI Autonomy OK*40
...
2021-07-28 16:30:22,570 [INFO] Processing: $BFNVG,153020.26,4218.001534,N,07105.997672,W,0,10.0,1.0,54.1,0.0,0.0,153020.26*67
2021-07-28 16:30:22,572 [INFO] Interpreted as: {'position': (3.2684519602917135, 2.760039158165455), 'latlon': (42.30002556666667, -71.0999612), 'heading': 54.1, 'depth': 1.0, 'altitude': 10.0, 'roll': 0.0, 'pitch': 0.0, 'last_fix_time': datetime.datetime(2021, 7, 28, 15, 30, 20), 'speed': None, 'rudder': 0, 'datum': (42.3, -71.1)}
2021-07-28 16:30:22,573 [INFO] Processing: $BFNVG,153020.61,4218.001650,N,07105.997465,W,0,10.0,1.0,54.5,0.0,0.0,153020.61*66
2021-07-28 16:30:22,574 [INFO] Interpreted as: {'position': (3.558142826834228, 2.9677018150687218), 'latlon': (42.3000275, -71.09995775), 'heading': 54.5, 'depth': 1.0, 'altitude': 10.0, 'roll': 0.0, 'pitch': 0.0, 'last_fix_time': datetime.datetime(2021, 7, 28, 15, 30, 20), 'speed': None, 'rudder': 0, 'datum': (42.3, -71.1)}
2021-07-28 16:30:22,575 [INFO] Processing: $BFNVG,153020.97,4218.001771,N,07105.997248,W,0,10.0,1.0,54.8,0.0,0.0,153020.97*60
2021-07-28 16:30:22,577 [INFO] Interpreted as: {'position': (3.861800827551633, 3.1842789258807898), 'latlon': (42.30002951666667, -71.09995413333333), 'heading': 54.8, 'depth': 1.0, 'altitude': 10.0, 'roll': 0.0, 'pitch': 0.0, 'last_fix_time': datetime.datetime(2021, 7, 28, 15, 30, 20), 'speed': None, 'rudder': 0, 'datum': (42.3, -71.1)}
2021-07-28 16:30:22,578 [INFO] Processing: $BFNVG,153021.32,4218.001886,N,07105.997037,W,0,10.0,1.0,55.1,0.0,0.0,153021.32*65
2021-07-28 16:30:22,580 [INFO] Interpreted as: {'position': (4.156941504101269, 3.3899552915245295), 'latlon': (42.30003143333333, -71.09995061666666), 'heading': 55.1, 'depth': 1.0, 'altitude': 10.0, 'roll': 0.0, 'pitch': 0.0, 'last_fix_time': datetime.datetime(2021, 7, 28, 15, 30, 21), 'speed': None, 'rudder': 0, 'datum': (42.3, -71.1)}
2021-07-28 16:30:22,580 [INFO] Received from Frontseat: [b'$BFNVG,153020.26,4218.001534,N,07105.997672,W,0,10.0,1.0,54.1,0.0,0.0,153020.26*67', b'$BFNVG,153020.61,4218.001650,N,07105.997465,W,0,10.0,1.0,54.5,0.0,0.0,153020.61*66', b'$BFNVG,153020.97,4218.001771,N,07105.997248,W,0,10.0,1.0,54.8,0.0,0.0,153020.97*60', b'$BFNVG,153021.32,4218.001886,N,07105.997037,W,0,10.0,1.0,55.1,0.0,0.0,153021.32*65']
2021-07-28 16:30:22,581 [INFO] AUV state: {'position': (4.156941504101269, 3.3899552915245295), 'latlon': (42.30003143333333, -71.09995061666666), 'heading': 55.1, 'depth': 1.0, 'altitude': 10.0, 'roll': 0.0, 'pitch': 0.0, 'last_fix_time': datetime.datetime(2021, 7, 28, 15, 30, 21), 'speed': None, 'rudder': 0, 'datum': (42.3, -71.1)}
2021-07-28 16:30:22,993 [INFO] **** [(-23.70735919256737, -22.51732060189197)] [(20.33546933830723, -20.167368459403047), (-13.011821697865386, -5.122198449023126), (-23.440490811254683, -21.993622870219372)]
2021-07-28 16:30:22,995 [INFO] Next green buoy: [(-23.70735919256737, -22.51732060189197)], next red buoy: [(20.33546933830723, -20.167368459403047), (-13.011821697865386, -5.122198449023126), (-23.440490811254683, -21.993622870219372)]
2021-07-28 16:30:22,996 [INFO] Desired_heading: 53.41405507286993
2021-07-28 16:30:22,996 [INFO] sending message $BPRMB,153023.02,2.1074311589126182,,,1000,0,1*5e
...
2021-07-28 16:30:23,998 [INFO] sending message $BPSTS,153023.99,1,BWSI Autonomy OK*42
...
2021-07-28 16:30:24,000 [INFO] Processing: $BFNVG,153021.67,4218.001999,N,07105.996829,W,0,10.0,1.0,55.5,0.0,0.0,153021.67*68
2021-07-28 16:30:24,002 [INFO] Interpreted as: {'position': (4.4478691861149855, 3.592031986452639), 'latlon': (42.30003331666666, -71.09994715), 'heading': 55.5, 'depth': 1.0, 'altitude': 10.0, 'roll': 0.0, 'pitch': 0.0, 'last_fix_time': datetime.datetime(2021, 7, 28, 15, 30, 21), 'speed': None, 'rudder': 0, 'datum': (42.3, -71.1)}
2021-07-28 16:30:24,003 [INFO] Processing: $BFNVG,153022.01,4218.002112,N,07105.996619,W,0,10.0,1.0,55.5,0.0,0.0,153022.01*6D
2021-07-28 16:30:24,006 [INFO] Interpreted as: {'position': (4.7415446093073115, 3.7940408876165748), 'latlon': (42.3000352, -71.09994365), 'heading': 55.5, 'depth': 1.0, 'altitude': 10.0, 'roll': 0.0, 'pitch': 0.0, 'last_fix_time': datetime.datetime(2021, 7, 28, 15, 30, 22), 'speed': None, 'rudder': 0, 'datum': (42.3, -71.1)}
2021-07-28 16:30:24,006 [INFO] Processing: $BFNVG,153022.36,4218.002224,N,07105.996409,W,0,10.0,1.0,55.6,0.0,0.0,153022.36*6B
2021-07-28 16:30:24,008 [INFO] Interpreted as: {'position': (5.03517434670357, 3.994199100881815), 'latlon': (42.30003706666667, -71.09994015), 'heading': 55.6, 'depth': 1.0, 'altitude': 10.0, 'roll': 0.0, 'pitch': 0.0, 'last_fix_time': datetime.datetime(2021, 7, 28, 15, 30, 22), 'speed': None, 'rudder': 0, 'datum': (42.3, -71.1)}
2021-07-28 16:30:24,010 [INFO] Processing: $BFNVG,153022.71,4218.002340,N,07105.996193,W,0,10.0,1.0,55.7,0.0,0.0,153022.71*6F
2021-07-28 16:30:24,012 [INFO] Interpreted as: {'position': (5.33723001962062, 4.201556690968573), 'latlon': (42.300039, -71.09993655), 'heading': 55.7, 'depth': 1.0, 'altitude': 10.0, 'roll': 0.0, 'pitch': 0.0, 'last_fix_time': datetime.datetime(2021, 7, 28, 15, 30, 22), 'speed': None, 'rudder': 0, 'datum': (42.3, -71.1)}
2021-07-28 16:30:24,013 [INFO] Received from Frontseat: [b'$BFNVG,153021.67,4218.001999,N,07105.996829,W,0,10.0,1.0,55.5,0.0,0.0,153021.67*68', b'$BFNVG,153022.01,4218.002112,N,07105.996619,W,0,10.0,1.0,55.5,0.0,0.0,153022.01*6D', b'$BFNVG,153022.36,4218.002224,N,07105.996409,W,0,10.0,1.0,55.6,0.0,0.0,153022.36*6B', b'$BFNVG,153022.71,4218.002340,N,07105.996193,W,0,10.0,1.0,55.7,0.0,0.0,153022.71*6F']
2021-07-28 16:30:24,014 [INFO] AUV state: {'position': (5.33723001962062, 4.201556690968573), 'latlon': (42.300039, -71.09993655), 'heading': 55.7, 'depth': 1.0, 'altitude': 10.0, 'roll': 0.0, 'pitch': 0.0, 'last_fix_time': datetime.datetime(2021, 7, 28, 15, 30, 22), 'speed': None, 'rudder': 0, 'datum': (42.3, -71.1)}
2021-07-28 16:30:24,374 [INFO] **** [] [(-15.348447927231653, -5.778230118300328)]
2021-07-28 16:30:24,376 [INFO] Next green buoy: [], next red buoy: [(-15.348447927231653, -5.778230118300328)]
2021-07-28 16:30:24,377 [INFO] Desired_heading: 40.35155207276835
2021-07-28 16:30:24,377 [INFO] sending message $BPRMB,153024.96,19.18555990903957,,,1000,0,1*68
...
2021-07-28 16:30:25,379 [INFO] sending message $BPSTS,153025.37,1,BWSI Autonomy OK*40
...
2021-07-28 16:30:25,380 [INFO] Processing: $BFNVG,153023.07,4218.002455,N,07105.995977,W,0,10.0,1.0,55.7,0.0,0.0,153023.07*6D
2021-07-28 16:30:25,382 [INFO] Interpreted as: {'position': (5.639240007963963, 4.407063596881926), 'latlon': (42.30004091666667, -71.09993295), 'heading': 55.7, 'depth': 1.0, 'altitude': 10.0, 'roll': 0.0, 'pitch': 0.0, 'last_fix_time': datetime.datetime(2021, 7, 28, 15, 30, 23), 'speed': None, 'rudder': 0, 'datum': (42.3, -71.1)}
2021-07-28 16:30:25,383 [INFO] Processing: $BFNVG,153023.43,4218.002571,N,07105.995762,W,0,10.0,1.0,55.5,0.0,0.0,153023.43*62
2021-07-28 16:30:25,384 [INFO] Interpreted as: {'position': (5.939921766053885, 4.614455116912723), 'latlon': (42.30004285, -71.09992936666667), 'heading': 55.5, 'depth': 1.0, 'altitude': 10.0, 'roll': 0.0, 'pitch': 0.0, 'last_fix_time': datetime.datetime(2021, 7, 28, 15, 30, 23), 'speed': None, 'rudder': 0, 'datum': (42.3, -71.1)}
2021-07-28 16:30:25,385 [INFO] Processing: $BFNVG,153023.78,4218.002686,N,07105.995547,W,0,10.0,1.0,55.3,0.0,0.0,153023.78*6A
2021-07-28 16:30:25,387 [INFO] Interpreted as: {'position': (6.24055783986114, 4.819995949976146), 'latlon': (42.300044766666666, -71.09992578333333), 'heading': 55.3, 'depth': 1.0, 'altitude': 10.0, 'roll': 0.0, 'pitch': 0.0, 'last_fix_time': datetime.datetime(2021, 7, 28, 15, 30, 23), 'speed': None, 'rudder': 0, 'datum': (42.3, -71.1)}
2021-07-28 16:30:25,389 [INFO] Processing: $BFNVG,153024.14,4218.002804,N,07105.995329,W,0,10.0,1.0,55.2,0.0,0.0,153024.14*61
2021-07-28 16:30:25,391 [INFO] Interpreted as: {'position': (6.545452539226972, 5.030987177975476), 'latlon': (42.30004673333333, -71.09992215), 'heading': 55.2, 'depth': 1.0, 'altitude': 10.0, 'roll': 0.0, 'pitch': 0.0, 'last_fix_time': datetime.datetime(2021, 7, 28, 15, 30, 24), 'speed': None, 'rudder': 0, 'datum': (42.3, -71.1)}
2021-07-28 16:30:25,391 [INFO] Received from Frontseat: [b'$BFNVG,153023.07,4218.002455,N,07105.995977,W,0,10.0,1.0,55.7,0.0,0.0,153023.07*6D', b'$BFNVG,153023.43,4218.002571,N,07105.995762,W,0,10.0,1.0,55.5,0.0,0.0,153023.43*62', b'$BFNVG,153023.78,4218.002686,N,07105.995547,W,0,10.0,1.0,55.3,0.0,0.0,153023.78*6A', b'$BFNVG,153024.14,4218.002804,N,07105.995329,W,0,10.0,1.0,55.2,0.0,0.0,153024.14*61']
2021-07-28 16:30:25,392 [INFO] AUV state: {'position': (6.545452539226972, 5.030987177975476), 'latlon': (42.30004673333333, -71.09992215), 'heading': 55.2, 'depth': 1.0, 'altitude': 10.0, 'roll': 0.0, 'pitch': 0.0, 'last_fix_time': datetime.datetime(2021, 7, 28, 15, 30, 24), 'speed': None, 'rudder': 0, 'datum': (42.3, -71.1)}
2021-07-28 16:30:25,760 [INFO] **** [] [(-17.139788360006627, -6.584260660625421)]
2021-07-28 16:30:25,762 [INFO] Next green buoy: [], next red buoy: [(-17.139788360006627, -6.584260660625421)]
2021-07-28 16:30:25,762 [INFO] Desired_heading: 38.060211639993376
2021-07-28 16:30:25,763 [INFO] sending message $BPRMB,153025.78,21.424735450008257,,,1000,0,1*55
...
2021-07-28 16:30:26,764 [INFO] sending message $BPSTS,153026.76,1,BWSI Autonomy OK*46
...
2021-07-28 16:30:26,765 [INFO] Processing: $BFNVG,153024.51,4218.002926,N,07105.995107,W,0,10.0,1.0,55.0,0.0,0.0,153024.51*6C
2021-07-28 16:30:26,767 [INFO] Interpreted as: {'position': (6.856025420711376, 5.249245592392981), 'latlon': (42.30004876666667, -71.09991845), 'heading': 55.0, 'depth': 1.0, 'altitude': 10.0, 'roll': 0.0, 'pitch': 0.0, 'last_fix_time': datetime.datetime(2021, 7, 28, 15, 30, 24), 'speed': None, 'rudder': 0, 'datum': (42.3, -71.1)}
2021-07-28 16:30:26,768 [INFO] Processing: $BFNVG,153024.87,4218.003046,N,07105.994894,W,0,10.0,1.0,53.2,0.0,0.0,153024.87*64
2021-07-28 16:30:26,769 [INFO] Interpreted as: {'position': (7.154142029583454, 5.464107757434249), 'latlon': (42.300050766666665, -71.0999149), 'heading': 53.2, 'depth': 1.0, 'altitude': 10.0, 'roll': 0.0, 'pitch': 0.0, 'last_fix_time': datetime.datetime(2021, 7, 28, 15, 30, 24), 'speed': None, 'rudder': 0, 'datum': (42.3, -71.1)}
2021-07-28 16:30:26,770 [INFO] Processing: $BFNVG,153025.22,4218.003171,N,07105.994687,W,0,10.0,1.0,51.5,0.0,0.0,153025.22*68
2021-07-28 16:30:26,771 [INFO] Interpreted as: {'position': (7.444243703444954, 5.688426842913032), 'latlon': (42.30005285, -71.09991145), 'heading': 51.5, 'depth': 1.0, 'altitude': 10.0, 'roll': 0.0, 'pitch': 0.0, 'last_fix_time': datetime.datetime(2021, 7, 28, 15, 30, 25), 'speed': None, 'rudder': 0, 'datum': (42.3, -71.1)}
2021-07-28 16:30:26,772 [INFO] Processing: $BFNVG,153025.58,4218.003299,N,07105.994486,W,0,10.0,1.0,49.8,0.0,0.0,153025.58*6A
2021-07-28 16:30:26,773 [INFO] Interpreted as: {'position': (7.726239093346521, 5.918501450680196), 'latlon': (42.30005498333333, -71.0999081), 'heading': 49.8, 'depth': 1.0, 'altitude': 10.0, 'roll': 0.0, 'pitch': 0.0, 'last_fix_time': datetime.datetime(2021, 7, 28, 15, 30, 25), 'speed': None, 'rudder': 0, 'datum': (42.3, -71.1)}
2021-07-28 16:30:26,774 [INFO] Received from Frontseat: [b'$BFNVG,153024.51,4218.002926,N,07105.995107,W,0,10.0,1.0,55.0,0.0,0.0,153024.51*6C', b'$BFNVG,153024.87,4218.003046,N,07105.994894,W,0,10.0,1.0,53.2,0.0,0.0,153024.87*64', b'$BFNVG,153025.22,4218.003171,N,07105.994687,W,0,10.0,1.0,51.5,0.0,0.0,153025.22*68', b'$BFNVG,153025.58,4218.003299,N,07105.994486,W,0,10.0,1.0,49.8,0.0,0.0,153025.58*6A']
2021-07-28 16:30:26,774 [INFO] AUV state: {'position': (7.726239093346521, 5.918501450680196), 'latlon': (42.30005498333333, -71.0999081), 'heading': 49.8, 'depth': 1.0, 'altitude': 10.0, 'roll': 0.0, 'pitch': 0.0, 'last_fix_time': datetime.datetime(2021, 7, 28, 15, 30, 25), 'speed': None, 'rudder': 0, 'datum': (42.3, -71.1)}
2021-07-28 16:30:27,108 [INFO] **** [] [(-14.271130424755567, -7.9168251042089475), (-0.3792962889796455, -4.811211562782232)]
2021-07-28 16:30:27,111 [INFO] Next green buoy: [], next red buoy: [(-14.271130424755567, -7.9168251042089475), (-0.3792962889796455, -4.811211562782232)]
2021-07-28 16:30:27,111 [INFO] Desired_heading: 35.52886957524443
2021-07-28 16:30:27,112 [INFO] sending message $BPRMB,153027.73,17.838913030944468,,,1000,0,1*5b
...
2021-07-28 16:30:28,113 [INFO] sending message $BPSTS,153028.11,1,BWSI Autonomy OK*49
...
2021-07-28 16:30:28,115 [INFO] Processing: $BFNVG,153025.94,4218.003434,N,07105.994287,W,0,10.0,1.0,48.1,0.0,0.0,153025.94*64
2021-07-28 16:30:28,117 [INFO] Interpreted as: {'position': (8.005806400091387, 6.161598758772016), 'latlon': (42.300057233333334, -71.09990478333333), 'heading': 48.1, 'depth': 1.0, 'altitude': 10.0, 'roll': 0.0, 'pitch': 0.0, 'last_fix_time': datetime.datetime(2021, 7, 28, 15, 30, 25), 'speed': None, 'rudder': 0, 'datum': (42.3, -71.1)}
2021-07-28 16:30:28,118 [INFO] Processing: $BFNVG,153026.29,4218.003572,N,07105.994097,W,0,10.0,1.0,46.2,0.0,0.0,153026.29*69
2021-07-28 16:30:28,120 [INFO] Interpreted as: {'position': (8.273145791026764, 6.410553297959268), 'latlon': (42.30005953333333, -71.09990161666667), 'heading': 46.2, 'depth': 1.0, 'altitude': 10.0, 'roll': 0.0, 'pitch': 0.0, 'last_fix_time': datetime.datetime(2021, 7, 28, 15, 30, 26), 'speed': None, 'rudder': 0, 'datum': (42.3, -71.1)}
2021-07-28 16:30:28,121 [INFO] Processing: $BFNVG,153026.65,4218.003714,N,07105.993913,W,0,10.0,1.0,44.3,0.0,0.0,153026.65*6A
2021-07-28 16:30:28,125 [INFO] Interpreted as: {'position': (8.532424570119474, 6.667114055715501), 'latlon': (42.3000619, -71.09989855), 'heading': 44.3, 'depth': 1.0, 'altitude': 10.0, 'roll': 0.0, 'pitch': 0.0, 'last_fix_time': datetime.datetime(2021, 7, 28, 15, 30, 26), 'speed': None, 'rudder': 0, 'datum': (42.3, -71.1)}
2021-07-28 16:30:28,126 [INFO] Processing: $BFNVG,153027.00,4218.003860,N,07105.993737,W,0,10.0,1.0,42.4,0.0,0.0,153027.00*6F
2021-07-28 16:30:28,128 [INFO] Interpreted as: {'position': (8.780894982861355, 6.931348837912083), 'latlon': (42.30006433333333, -71.09989561666667), 'heading': 42.4, 'depth': 1.0, 'altitude': 10.0, 'roll': 0.0, 'pitch': 0.0, 'last_fix_time': datetime.datetime(2021, 7, 28, 15, 30, 27), 'speed': None, 'rudder': 0, 'datum': (42.3, -71.1)}
2021-07-28 16:30:28,129 [INFO] Received from Frontseat: [b'$BFNVG,153025.94,4218.003434,N,07105.994287,W,0,10.0,1.0,48.1,0.0,0.0,153025.94*64', b'$BFNVG,153026.29,4218.003572,N,07105.994097,W,0,10.0,1.0,46.2,0.0,0.0,153026.29*69', b'$BFNVG,153026.65,4218.003714,N,07105.993913,W,0,10.0,1.0,44.3,0.0,0.0,153026.65*6A', b'$BFNVG,153027.00,4218.003860,N,07105.993737,W,0,10.0,1.0,42.4,0.0,0.0,153027.00*6F']
2021-07-28 16:30:28,130 [INFO] AUV state: {'position': (8.780894982861355, 6.931348837912083), 'latlon': (42.30006433333333, -71.09989561666667), 'heading': 42.4, 'depth': 1.0, 'altitude': 10.0, 'roll': 0.0, 'pitch': 0.0, 'last_fix_time': datetime.datetime(2021, 7, 28, 15, 30, 27), 'speed': None, 'rudder': 0, 'datum': (42.3, -71.1)}
2021-07-28 16:30:28,509 [INFO] **** [(-24.198707238133377, -8.363543073774707)] [(-8.63870725404541, -9.678689796328399), (8.286379368698183, -5.456230045736979)]
2021-07-28 16:30:28,511 [INFO] Next green buoy: [(-24.198707238133377, -8.363543073774707)], next red buoy: [(-8.63870725404541, -9.678689796328399), (8.286379368698183, -5.456230045736979)]
2021-07-28 16:30:28,512 [INFO] Desired_heading: 25.981292753910605
2021-07-28 16:30:28,513 [INFO] sending message $BPRMB,153028.48,20.523384057611736,,,1000,0,1*5d
...
2021-07-28 16:30:29,514 [INFO] sending message $BPSTS,153029.51,1,BWSI Autonomy OK*4c
...
2021-07-28 16:30:29,515 [INFO] Processing: $BFNVG,153027.35,4218.004010,N,07105.993567,W,0,10.0,1.0,40.5,0.0,0.0,153027.35*63
2021-07-28 16:30:29,517 [INFO] Interpreted as: {'position': (9.021304790512659, 7.203189837746322), 'latlon': (42.30006683333333, -71.09989278333333), 'heading': 40.5, 'depth': 1.0, 'altitude': 10.0, 'roll': 0.0, 'pitch': 0.0, 'last_fix_time': datetime.datetime(2021, 7, 28, 15, 30, 27), 'speed': None, 'rudder': 0, 'datum': (42.3, -71.1)}
2021-07-28 16:30:29,518 [INFO] Processing: $BFNVG,153027.71,4218.004165,N,07105.993402,W,0,10.0,1.0,38.9,0.0,0.0,153027.71*61
2021-07-28 16:30:29,520 [INFO] Interpreted as: {'position': (9.255073533044197, 7.4844538467004895), 'latlon': (42.300069416666666, -71.09989003333334), 'heading': 38.9, 'depth': 1.0, 'altitude': 10.0, 'roll': 0.0, 'pitch': 0.0, 'last_fix_time': datetime.datetime(2021, 7, 28, 15, 30, 27), 'speed': None, 'rudder': 0, 'datum': (42.3, -71.1)}
2021-07-28 16:30:29,522 [INFO] Processing: $BFNVG,153028.06,4218.004323,N,07105.993243,W,0,10.0,1.0,37.4,0.0,0.0,153028.06*60
2021-07-28 16:30:29,524 [INFO] Interpreted as: {'position': (9.480735997087322, 7.771473375149071), 'latlon': (42.30007205, -71.09988738333334), 'heading': 37.4, 'depth': 1.0, 'altitude': 10.0, 'roll': 0.0, 'pitch': 0.0, 'last_fix_time': datetime.datetime(2021, 7, 28, 15, 30, 28), 'speed': None, 'rudder': 0, 'datum': (42.3, -71.1)}
2021-07-28 16:30:29,526 [INFO] Processing: $BFNVG,153028.41,4218.004483,N,07105.993091,W,0,10.0,1.0,35.8,0.0,0.0,153028.41*6E
2021-07-28 16:30:29,528 [INFO] Interpreted as: {'position': (9.696872635337058, 8.06243162509054), 'latlon': (42.300074716666664, -71.09988485), 'heading': 35.8, 'depth': 1.0, 'altitude': 10.0, 'roll': 0.0, 'pitch': 0.0, 'last_fix_time': datetime.datetime(2021, 7, 28, 15, 30, 28), 'speed': None, 'rudder': 0, 'datum': (42.3, -71.1)}
2021-07-28 16:30:29,529 [INFO] Received from Frontseat: [b'$BFNVG,153027.35,4218.004010,N,07105.993567,W,0,10.0,1.0,40.5,0.0,0.0,153027.35*63', b'$BFNVG,153027.71,4218.004165,N,07105.993402,W,0,10.0,1.0,38.9,0.0,0.0,153027.71*61', b'$BFNVG,153028.06,4218.004323,N,07105.993243,W,0,10.0,1.0,37.4,0.0,0.0,153028.06*60', b'$BFNVG,153028.41,4218.004483,N,07105.993091,W,0,10.0,1.0,35.8,0.0,0.0,153028.41*6E']
2021-07-28 16:30:29,530 [INFO] AUV state: {'position': (9.696872635337058, 8.06243162509054), 'latlon': (42.300074716666664, -71.09988485), 'heading': 35.8, 'depth': 1.0, 'altitude': 10.0, 'roll': 0.0, 'pitch': 0.0, 'last_fix_time': datetime.datetime(2021, 7, 28, 15, 30, 28), 'speed': None, 'rudder': 0, 'datum': (42.3, -71.1)}
2021-07-28 16:30:29,904 [INFO] **** [(-22.50528074096653, -10.328292643696503)] [(-2.8497425346566665, -12.496639386971138), (16.958140661837007, -6.257644020902094)]
2021-07-28 16:30:29,906 [INFO] Next green buoy: [(-22.50528074096653, -10.328292643696503)], next red buoy: [(-2.8497425346566665, -12.496639386971138), (16.958140661837007, -6.257644020902094)]
2021-07-28 16:30:29,906 [INFO] Desired_heading: 23.1224883621884
2021-07-28 16:30:29,907 [INFO] sending message $BPRMB,153030.54,15.846889547264482,,,1000,0,1*59
...
2021-07-28 16:30:30,909 [INFO] sending message $BPSTS,153030.90,1,BWSI Autonomy OK*49
...
2021-07-28 16:30:30,910 [INFO] Processing: $BFNVG,153028.77,4218.004646,N,07105.992945,W,0,10.0,1.0,34.2,0.0,0.0,153028.77*6F
2021-07-28 16:30:30,912 [INFO] Interpreted as: {'position': (9.904902996495366, 8.359145394526422), 'latlon': (42.300077433333335, -71.09988241666667), 'heading': 34.2, 'depth': 1.0, 'altitude': 10.0, 'roll': 0.0, 'pitch': 0.0, 'last_fix_time': datetime.datetime(2021, 7, 28, 15, 30, 28), 'speed': None, 'rudder': 0, 'datum': (42.3, -71.1)}
2021-07-28 16:30:30,913 [INFO] Processing: $BFNVG,153029.12,4218.004814,N,07105.992804,W,0,10.0,1.0,32.4,0.0,0.0,153029.12*62
2021-07-28 16:30:30,915 [INFO] Interpreted as: {'position': (10.106292298063636, 8.665282165631652), 'latlon': (42.30008023333333, -71.09988006666667), 'heading': 32.4, 'depth': 1.0, 'altitude': 10.0, 'roll': 0.0, 'pitch': 0.0, 'last_fix_time': datetime.datetime(2021, 7, 28, 15, 30, 29), 'speed': None, 'rudder': 0, 'datum': (42.3, -71.1)}
2021-07-28 16:30:30,916 [INFO] Processing: $BFNVG,153029.48,4218.004986,N,07105.992671,W,0,10.0,1.0,30.5,0.0,0.0,153029.48*67
2021-07-28 16:30:30,918 [INFO] Interpreted as: {'position': (10.296873236948159, 8.979092960245907), 'latlon': (42.3000831, -71.09987785), 'heading': 30.5, 'depth': 1.0, 'altitude': 10.0, 'roll': 0.0, 'pitch': 0.0, 'last_fix_time': datetime.datetime(2021, 7, 28, 15, 30, 29), 'speed': None, 'rudder': 0, 'datum': (42.3, -71.1)}
2021-07-28 16:30:30,919 [INFO] Processing: $BFNVG,153029.84,4218.005161,N,07105.992544,W,0,10.0,1.0,28.7,0.0,0.0,153029.84*69
2021-07-28 16:30:30,921 [INFO] Interpreted as: {'position': (10.479347900487483, 9.298659265972674), 'latlon': (42.30008601666667, -71.09987573333333), 'heading': 28.7, 'depth': 1.0, 'altitude': 10.0, 'roll': 0.0, 'pitch': 0.0, 'last_fix_time': datetime.datetime(2021, 7, 28, 15, 30, 29), 'speed': None, 'rudder': 0, 'datum': (42.3, -71.1)}
2021-07-28 16:30:30,921 [INFO] Received from Frontseat: [b'$BFNVG,153028.77,4218.004646,N,07105.992945,W,0,10.0,1.0,34.2,0.0,0.0,153028.77*6F', b'$BFNVG,153029.12,4218.004814,N,07105.992804,W,0,10.0,1.0,32.4,0.0,0.0,153029.12*62', b'$BFNVG,153029.48,4218.004986,N,07105.992671,W,0,10.0,1.0,30.5,0.0,0.0,153029.48*67', b'$BFNVG,153029.84,4218.005161,N,07105.992544,W,0,10.0,1.0,28.7,0.0,0.0,153029.84*69']
2021-07-28 16:30:30,922 [INFO] AUV state: {'position': (10.479347900487483, 9.298659265972674), 'latlon': (42.30008601666667, -71.09987573333333), 'heading': 28.7, 'depth': 1.0, 'altitude': 10.0, 'roll': 0.0, 'pitch': 0.0, 'last_fix_time': datetime.datetime(2021, 7, 28, 15, 30, 29), 'speed': None, 'rudder': 0, 'datum': (42.3, -71.1)}
2021-07-28 16:30:31,293 [INFO] **** [(-21.219055358591095, -13.552845214153063), (17.874084572991475, -6.281953940491033)] [(5.429606445491685, -17.947882276914267)]
2021-07-28 16:30:31,295 [INFO] Next green buoy: [(-21.219055358591095, -13.552845214153063), (17.874084572991475, -6.281953940491033)], next red buoy: [(5.429606445491685, -17.947882276914267)]
2021-07-28 16:30:31,296 [INFO] Desired_heading: 20.805275543450293
2021-07-28 16:30:31,296 [INFO] sending message $BPRMB,153031.27,9.868405570687116,,,1000,0,1*60
...
2021-07-28 16:30:32,298 [INFO] sending message $BPSTS,153032.29,1,BWSI Autonomy OK*49
...
2021-07-28 16:30:32,299 [INFO] Processing: $BFNVG,153030.20,4218.005341,N,07105.992424,W,0,10.0,1.0,26.9,0.0,0.0,153030.20*6E
2021-07-28 16:30:32,302 [INFO] Interpreted as: {'position': (10.65243374829879, 9.627716385759413), 'latlon': (42.30008901666667, -71.09987373333334), 'heading': 26.9, 'depth': 1.0, 'altitude': 10.0, 'roll': 0.0, 'pitch': 0.0, 'last_fix_time': datetime.datetime(2021, 7, 28, 15, 30, 30), 'speed': None, 'rudder': 0, 'datum': (42.3, -71.1)}
2021-07-28 16:30:32,303 [INFO] Processing: $BFNVG,153030.55,4218.005519,N,07105.992314,W,0,10.0,1.0,25.5,0.0,0.0,153030.55*6E
2021-07-28 16:30:32,305 [INFO] Interpreted as: {'position': (10.81168946629623, 9.953411142341793), 'latlon': (42.30009198333333, -71.0998719), 'heading': 25.5, 'depth': 1.0, 'altitude': 10.0, 'roll': 0.0, 'pitch': 0.0, 'last_fix_time': datetime.datetime(2021, 7, 28, 15, 30, 30), 'speed': None, 'rudder': 0, 'datum': (42.3, -71.1)}
2021-07-28 16:30:32,306 [INFO] Processing: $BFNVG,153030.90,4218.005699,N,07105.992209,W,0,10.0,1.0,24.1,0.0,0.0,153030.90*6D
2021-07-28 16:30:32,308 [INFO] Interpreted as: {'position': (10.964167118421756, 10.2829768108204), 'latlon': (42.30009498333333, -71.09987015), 'heading': 24.1, 'depth': 1.0, 'altitude': 10.0, 'roll': 0.0, 'pitch': 0.0, 'last_fix_time': datetime.datetime(2021, 7, 28, 15, 30, 30), 'speed': None, 'rudder': 0, 'datum': (42.3, -71.1)}
2021-07-28 16:30:32,309 [INFO] Processing: $BFNVG,153031.26,4218.005882,N,07105.992110,W,0,10.0,1.0,22.6,0.0,0.0,153031.26*63
2021-07-28 16:30:32,311 [INFO] Interpreted as: {'position': (11.108538501430303, 10.61829799413681), 'latlon': (42.300098033333335, -71.0998685), 'heading': 22.6, 'depth': 1.0, 'altitude': 10.0, 'roll': 0.0, 'pitch': 0.0, 'last_fix_time': datetime.datetime(2021, 7, 28, 15, 30, 31), 'speed': None, 'rudder': 0, 'datum': (42.3, -71.1)}
2021-07-28 16:30:32,312 [INFO] Received from Frontseat: [b'$BFNVG,153030.20,4218.005341,N,07105.992424,W,0,10.0,1.0,26.9,0.0,0.0,153030.20*6E', b'$BFNVG,153030.55,4218.005519,N,07105.992314,W,0,10.0,1.0,25.5,0.0,0.0,153030.55*6E', b'$BFNVG,153030.90,4218.005699,N,07105.992209,W,0,10.0,1.0,24.1,0.0,0.0,153030.90*6D', b'$BFNVG,153031.26,4218.005882,N,07105.992110,W,0,10.0,1.0,22.6,0.0,0.0,153031.26*63']
2021-07-28 16:30:32,312 [INFO] AUV state: {'position': (11.108538501430303, 10.61829799413681), 'latlon': (42.300098033333335, -71.0998685), 'heading': 22.6, 'depth': 1.0, 'altitude': 10.0, 'roll': 0.0, 'pitch': 0.0, 'last_fix_time': datetime.datetime(2021, 7, 28, 15, 30, 31), 'speed': None, 'rudder': 0, 'datum': (42.3, -71.1)}
2021-07-28 16:30:32,712 [INFO] **** [(-22.805940453594012, -19.405652505775596)] [(18.362980432592817, -23.875662882337984)]
2021-07-28 16:30:32,714 [INFO] Next green buoy: [(-22.805940453594012, -19.405652505775596)], next red buoy: [(18.362980432592817, -23.875662882337984)]
2021-07-28 16:30:32,715 [INFO] Desired_heading: 20.378519989499402
2021-07-28 16:30:32,715 [INFO] sending message $BPRMB,153033.31,2.7768500131257383,,,1000,0,1*54
...
2021-07-28 16:30:33,717 [INFO] sending message $BPSTS,153033.71,1,BWSI Autonomy OK*45
...
2021-07-28 16:30:33,718 [INFO] Processing: $BFNVG,153031.61,4218.006067,N,07105.992016,W,0,10.0,1.0,21.2,0.0,0.0,153031.61*63
2021-07-28 16:30:33,720 [INFO] Interpreted as: {'position': (11.246131820196752, 10.957490086555481), 'latlon': (42.30010111666667, -71.09986693333333), 'heading': 21.2, 'depth': 1.0, 'altitude': 10.0, 'roll': 0.0, 'pitch': 0.0, 'last_fix_time': datetime.datetime(2021, 7, 28, 15, 30, 31), 'speed': None, 'rudder': 0, 'datum': (42.3, -71.1)}
2021-07-28 16:30:33,720 [INFO] Processing: $BFNVG,153031.97,4218.006254,N,07105.991928,W,0,10.0,1.0,20.4,0.0,0.0,153031.97*61
2021-07-28 16:30:33,722 [INFO] Interpreted as: {'position': (11.375573200231884, 11.300586994737387), 'latlon': (42.300104233333336, -71.09986546666667), 'heading': 20.4, 'depth': 1.0, 'altitude': 10.0, 'roll': 0.0, 'pitch': 0.0, 'last_fix_time': datetime.datetime(2021, 7, 28, 15, 30, 31), 'speed': None, 'rudder': 0, 'datum': (42.3, -71.1)}
2021-07-28 16:30:33,723 [INFO] Processing: $BFNVG,153032.32,4218.006441,N,07105.991844,W,0,10.0,1.0,19.5,0.0,0.0,153032.32*63
2021-07-28 16:30:33,725 [INFO] Interpreted as: {'position': (11.49951906100614, 11.643819514662027), 'latlon': (42.30010735, -71.09986406666667), 'heading': 19.5, 'depth': 1.0, 'altitude': 10.0, 'roll': 0.0, 'pitch': 0.0, 'last_fix_time': datetime.datetime(2021, 7, 28, 15, 30, 32), 'speed': None, 'rudder': 0, 'datum': (42.3, -71.1)}
2021-07-28 16:30:33,725 [INFO] Processing: $BFNVG,153032.68,4218.006631,N,07105.991762,W,0,10.0,1.0,18.6,0.0,0.0,153032.68*6F
2021-07-28 16:30:33,727 [INFO] Interpreted as: {'position': (11.620854159584269, 11.992671934887767), 'latlon': (42.30011051666666, -71.0998627), 'heading': 18.6, 'depth': 1.0, 'altitude': 10.0, 'roll': 0.0, 'pitch': 0.0, 'last_fix_time': datetime.datetime(2021, 7, 28, 15, 30, 32), 'speed': None, 'rudder': 0, 'datum': (42.3, -71.1)}
2021-07-28 16:30:33,728 [INFO] Received from Frontseat: [b'$BFNVG,153031.61,4218.006067,N,07105.992016,W,0,10.0,1.0,21.2,0.0,0.0,153031.61*63', b'$BFNVG,153031.97,4218.006254,N,07105.991928,W,0,10.0,1.0,20.4,0.0,0.0,153031.97*61', b'$BFNVG,153032.32,4218.006441,N,07105.991844,W,0,10.0,1.0,19.5,0.0,0.0,153032.32*63', b'$BFNVG,153032.68,4218.006631,N,07105.991762,W,0,10.0,1.0,18.6,0.0,0.0,153032.68*6F']
2021-07-28 16:30:33,729 [INFO] AUV state: {'position': (11.620854159584269, 11.992671934887767), 'latlon': (42.30011051666666, -71.0998627), 'heading': 18.6, 'depth': 1.0, 'altitude': 10.0, 'roll': 0.0, 'pitch': 0.0, 'last_fix_time': datetime.datetime(2021, 7, 28, 15, 30, 32), 'speed': None, 'rudder': 0, 'datum': (42.3, -71.1)}
2021-07-28 16:30:34,078 [INFO] **** [] []
2021-07-28 16:30:34,080 [INFO] Next green buoy: [], next red buoy: []
2021-07-28 16:30:34,080 [INFO] Desired_heading: 19.6
2021-07-28 16:30:34,081 [INFO] sending message $BPRMB,153034.11,-1.25,,,1000,0,1*78
...
2021-07-28 16:30:35,082 [INFO] sending message $BPSTS,153035.08,1,BWSI Autonomy OK*4d
...
2021-07-28 16:30:35,084 [INFO] Processing: $BFNVG,153033.04,4218.006818,N,07105.991686,W,0,10.0,1.0,17.7,0.0,0.0,153033.04*6F
2021-07-28 16:30:35,085 [INFO] Interpreted as: {'position': (11.733808980090544, 12.336175682023168), 'latlon': (42.30011363333333, -71.09986143333333), 'heading': 17.7, 'depth': 1.0, 'altitude': 10.0, 'roll': 0.0, 'pitch': 0.0, 'last_fix_time': datetime.datetime(2021, 7, 28, 15, 30, 33), 'speed': None, 'rudder': 0, 'datum': (42.3, -71.1)}
2021-07-28 16:30:35,086 [INFO] Processing: $BFNVG,153033.39,4218.007006,N,07105.991613,W,0,10.0,1.0,17.5,0.0,0.0,153033.39*67
2021-07-28 16:30:35,088 [INFO] Interpreted as: {'position': (11.842687823984306, 12.681631836108863), 'latlon': (42.30011676666667, -71.09986021666667), 'heading': 17.5, 'depth': 1.0, 'altitude': 10.0, 'roll': 0.0, 'pitch': 0.0, 'last_fix_time': datetime.datetime(2021, 7, 28, 15, 30, 33), 'speed': None, 'rudder': 0, 'datum': (42.3, -71.1)}
2021-07-28 16:30:35,089 [INFO] Processing: $BFNVG,153033.74,4218.007195,N,07105.991540,W,0,10.0,1.0,17.2,0.0,0.0,153033.74*6E
2021-07-28 16:30:35,091 [INFO] Interpreted as: {'position': (11.951612331729848, 13.028938689269125), 'latlon': (42.30011991666667, -71.099859), 'heading': 17.2, 'depth': 1.0, 'altitude': 10.0, 'roll': 0.0, 'pitch': 0.0, 'last_fix_time': datetime.datetime(2021, 7, 28, 15, 30, 33), 'speed': None, 'rudder': 0, 'datum': (42.3, -71.1)}
2021-07-28 16:30:35,092 [INFO] Received from Frontseat: [b'$BFNVG,153033.04,4218.006818,N,07105.991686,W,0,10.0,1.0,17.7,0.0,0.0,153033.04*6F', b'$BFNVG,153033.39,4218.007006,N,07105.991613,W,0,10.0,1.0,17.5,0.0,0.0,153033.39*67', b'$BFNVG,153033.74,4218.007195,N,07105.991540,W,0,10.0,1.0,17.2,0.0,0.0,153033.74*6E']
2021-07-28 16:30:35,093 [INFO] AUV state: {'position': (11.951612331729848, 13.028938689269125), 'latlon': (42.30011991666667, -71.099859), 'heading': 17.2, 'depth': 1.0, 'altitude': 10.0, 'roll': 0.0, 'pitch': 0.0, 'last_fix_time': datetime.datetime(2021, 7, 28, 15, 30, 33), 'speed': None, 'rudder': 0, 'datum': (42.3, -71.1)}
2021-07-28 16:30:35,445 [INFO] **** [] []
2021-07-28 16:30:35,447 [INFO] Next green buoy: [], next red buoy: []
2021-07-28 16:30:35,448 [INFO] Desired_heading: 18.2
2021-07-28 16:30:35,448 [INFO] sending message $BPRMB,153036.05,-1.25,,,1000,0,1*7f
...
2021-07-28 16:30:36,450 [INFO] sending message $BPSTS,153036.45,1,BWSI Autonomy OK*47
...
2021-07-28 16:30:36,451 [INFO] Processing: $BFNVG,153034.13,4218.007401,N,07105.991462,W,0,10.0,1.0,17.0,0.0,0.0,153034.13*65
2021-07-28 16:30:36,453 [INFO] Interpreted as: {'position': (12.068182588089257, 13.407537882216275), 'latlon': (42.30012335, -71.0998577), 'heading': 17.0, 'depth': 1.0, 'altitude': 10.0, 'roll': 0.0, 'pitch': 0.0, 'last_fix_time': datetime.datetime(2021, 7, 28, 15, 30, 34), 'speed': None, 'rudder': 0, 'datum': (42.3, -71.1)}
2021-07-28 16:30:36,454 [INFO] Processing: $BFNVG,153034.48,4218.007590,N,07105.991391,W,0,10.0,1.0,17.1,0.0,0.0,153034.48*66
2021-07-28 16:30:36,456 [INFO] Interpreted as: {'position': (12.174359319964424, 13.754912544041872), 'latlon': (42.3001265, -71.09985651666666), 'heading': 17.1, 'depth': 1.0, 'altitude': 10.0, 'roll': 0.0, 'pitch': 0.0, 'last_fix_time': datetime.datetime(2021, 7, 28, 15, 30, 34), 'speed': None, 'rudder': 0, 'datum': (42.3, -71.1)}
2021-07-28 16:30:36,456 [INFO] Processing: $BFNVG,153034.83,4218.007779,N,07105.991319,W,0,10.0,1.0,17.2,0.0,0.0,153034.83*60
2021-07-28 16:30:36,459 [INFO] Interpreted as: {'position': (12.28190991957672, 14.10225330479443), 'latlon': (42.30012965, -71.09985531666666), 'heading': 17.2, 'depth': 1.0, 'altitude': 10.0, 'roll': 0.0, 'pitch': 0.0, 'last_fix_time': datetime.datetime(2021, 7, 28, 15, 30, 34), 'speed': None, 'rudder': 0, 'datum': (42.3, -71.1)}
2021-07-28 16:30:36,460 [INFO] Processing: $BFNVG,153035.21,4218.007983,N,07105.991241,W,0,10.0,1.0,17.3,0.0,0.0,153035.21*66
2021-07-28 16:30:36,462 [INFO] Interpreted as: {'position': (12.398388806614093, 14.47715110797435), 'latlon': (42.30013305, -71.09985401666667), 'heading': 17.3, 'depth': 1.0, 'altitude': 10.0, 'roll': 0.0, 'pitch': 0.0, 'last_fix_time': datetime.datetime(2021, 7, 28, 15, 30, 35), 'speed': None, 'rudder': 0, 'datum': (42.3, -71.1)}
2021-07-28 16:30:36,462 [INFO] Received from Frontseat: [b'$BFNVG,153034.13,4218.007401,N,07105.991462,W,0,10.0,1.0,17.0,0.0,0.0,153034.13*65', b'$BFNVG,153034.48,4218.007590,N,07105.991391,W,0,10.0,1.0,17.1,0.0,0.0,153034.48*66', b'$BFNVG,153034.83,4218.007779,N,07105.991319,W,0,10.0,1.0,17.2,0.0,0.0,153034.83*60', b'$BFNVG,153035.21,4218.007983,N,07105.991241,W,0,10.0,1.0,17.3,0.0,0.0,153035.21*66']
2021-07-28 16:30:36,463 [INFO] AUV state: {'position': (12.398388806614093, 14.47715110797435), 'latlon': (42.30013305, -71.09985401666667), 'heading': 17.3, 'depth': 1.0, 'altitude': 10.0, 'roll': 0.0, 'pitch': 0.0, 'last_fix_time': datetime.datetime(2021, 7, 28, 15, 30, 35), 'speed': None, 'rudder': 0, 'datum': (42.3, -71.1)}
2021-07-28 16:30:36,809 [INFO] **** [] []
2021-07-28 16:30:36,811 [INFO] Next green buoy: [], next red buoy: []
2021-07-28 16:30:36,811 [INFO] Desired_heading: 18.3
2021-07-28 16:30:36,811 [INFO] sending message $BPRMB,153036.84,-1.25,,,1000,0,1*76
...
2021-07-28 16:30:37,813 [INFO] sending message $BPSTS,153037.81,1,BWSI Autonomy OK*4e
...
2021-07-28 16:30:37,814 [INFO] Processing: $BFNVG,153035.57,4218.008173,N,07105.991169,W,0,10.0,1.0,17.4,0.0,0.0,153035.57*60
2021-07-28 16:30:37,816 [INFO] Interpreted as: {'position': (12.505985055759083, 14.826342568732798), 'latlon': (42.300136216666665, -71.09985281666667), 'heading': 17.4, 'depth': 1.0, 'altitude': 10.0, 'roll': 0.0, 'pitch': 0.0, 'last_fix_time': datetime.datetime(2021, 7, 28, 15, 30, 35), 'speed': None, 'rudder': 0, 'datum': (42.3, -71.1)}
2021-07-28 16:30:37,817 [INFO] Processing: $BFNVG,153035.93,4218.008363,N,07105.991095,W,0,10.0,1.0,17.5,0.0,0.0,153035.93*60
2021-07-28 16:30:37,819 [INFO] Interpreted as: {'position': (12.616329048993066, 15.1754662245512), 'latlon': (42.30013938333333, -71.09985158333333), 'heading': 17.5, 'depth': 1.0, 'altitude': 10.0, 'roll': 0.0, 'pitch': 0.0, 'last_fix_time': datetime.datetime(2021, 7, 28, 15, 30, 35), 'speed': None, 'rudder': 0, 'datum': (42.3, -71.1)}
2021-07-28 16:30:37,820 [INFO] Processing: $BFNVG,153036.28,4218.008555,N,07105.991020,W,0,10.0,1.0,17.6,0.0,0.0,153036.28*6E
2021-07-28 16:30:37,823 [INFO] Interpreted as: {'position': (12.728138247155584, 15.52825737465173), 'latlon': (42.30014258333333, -71.09985033333334), 'heading': 17.6, 'depth': 1.0, 'altitude': 10.0, 'roll': 0.0, 'pitch': 0.0, 'last_fix_time': datetime.datetime(2021, 7, 28, 15, 30, 36), 'speed': None, 'rudder': 0, 'datum': (42.3, -71.1)}
2021-07-28 16:30:37,824 [INFO] Processing: $BFNVG,153036.64,4218.008744,N,07105.990945,W,0,10.0,1.0,17.8,0.0,0.0,153036.64*69
2021-07-28 16:30:37,826 [INFO] Interpreted as: {'position': (12.839810428675264, 15.875496435910463), 'latlon': (42.30014573333333, -71.09984908333334), 'heading': 17.8, 'depth': 1.0, 'altitude': 10.0, 'roll': 0.0, 'pitch': 0.0, 'last_fix_time': datetime.datetime(2021, 7, 28, 15, 30, 36), 'speed': None, 'rudder': 0, 'datum': (42.3, -71.1)}
2021-07-28 16:30:37,827 [INFO] Received from Frontseat: [b'$BFNVG,153035.57,4218.008173,N,07105.991169,W,0,10.0,1.0,17.4,0.0,0.0,153035.57*60', b'$BFNVG,153035.93,4218.008363,N,07105.991095,W,0,10.0,1.0,17.5,0.0,0.0,153035.93*60', b'$BFNVG,153036.28,4218.008555,N,07105.991020,W,0,10.0,1.0,17.6,0.0,0.0,153036.28*6E', b'$BFNVG,153036.64,4218.008744,N,07105.990945,W,0,10.0,1.0,17.8,0.0,0.0,153036.64*69']
2021-07-28 16:30:37,828 [INFO] AUV state: {'position': (12.839810428675264, 15.875496435910463), 'latlon': (42.30014573333333, -71.09984908333334), 'heading': 17.8, 'depth': 1.0, 'altitude': 10.0, 'roll': 0.0, 'pitch': 0.0, 'last_fix_time': datetime.datetime(2021, 7, 28, 15, 30, 36), 'speed': None, 'rudder': 0, 'datum': (42.3, -71.1)}
2021-07-28 16:30:38,188 [INFO] **** [] []
2021-07-28 16:30:38,190 [INFO] Next green buoy: [], next red buoy: []
2021-07-28 16:30:38,190 [INFO] Desired_heading: 18.8
2021-07-28 16:30:38,190 [INFO] sending message $BPRMB,153038.77,-1.25,,,1000,0,1*74
...
2021-07-28 16:30:39,192 [INFO] sending message $BPSTS,153039.19,1,BWSI Autonomy OK*41
...
2021-07-28 16:30:39,193 [INFO] Processing: $BFNVG,153036.99,4218.008933,N,07105.990870,W,0,10.0,1.0,17.9,0.0,0.0,153036.99*61
2021-07-28 16:30:39,195 [INFO] Interpreted as: {'position': (12.951482602395117, 16.22273549810052), 'latlon': (42.300148883333335, -71.09984783333333), 'heading': 17.9, 'depth': 1.0, 'altitude': 10.0, 'roll': 0.0, 'pitch': 0.0, 'last_fix_time': datetime.datetime(2021, 7, 28, 15, 30, 36), 'speed': None, 'rudder': 0, 'datum': (42.3, -71.1)}
2021-07-28 16:30:39,196 [INFO] Processing: $BFNVG,153037.35,4218.009122,N,07105.990795,W,0,10.0,1.0,18.0,0.0,0.0,153037.35*6A
2021-07-28 16:30:39,197 [INFO] Interpreted as: {'position': (13.063154762261547, 16.569974561221898), 'latlon': (42.30015203333333, -71.09984658333333), 'heading': 18.0, 'depth': 1.0, 'altitude': 10.0, 'roll': 0.0, 'pitch': 0.0, 'last_fix_time': datetime.datetime(2021, 7, 28, 15, 30, 37), 'speed': None, 'rudder': 0, 'datum': (42.3, -71.1)}
2021-07-28 16:30:39,198 [INFO] Processing: $BFNVG,153037.70,4218.009311,N,07105.990719,W,0,10.0,1.0,18.1,0.0,0.0,153037.70*6D
2021-07-28 16:30:39,200 [INFO] Interpreted as: {'position': (13.176200790796429, 16.917179725132883), 'latlon': (42.30015518333333, -71.09984531666667), 'heading': 18.1, 'depth': 1.0, 'altitude': 10.0, 'roll': 0.0, 'pitch': 0.0, 'last_fix_time': datetime.datetime(2021, 7, 28, 15, 30, 37), 'speed': None, 'rudder': 0, 'datum': (42.3, -71.1)}
2021-07-28 16:30:39,201 [INFO] Processing: $BFNVG,153038.06,4218.009500,N,07105.990643,W,0,10.0,1.0,18.2,0.0,0.0,153038.06*66
2021-07-28 16:30:39,203 [INFO] Interpreted as: {'position': (13.289246809494216, 17.26438488997519), 'latlon': (42.300158333333336, -71.09984405), 'heading': 18.2, 'depth': 1.0, 'altitude': 10.0, 'roll': 0.0, 'pitch': 0.0, 'last_fix_time': datetime.datetime(2021, 7, 28, 15, 30, 38), 'speed': None, 'rudder': 0, 'datum': (42.3, -71.1)}
2021-07-28 16:30:39,204 [INFO] Received from Frontseat: [b'$BFNVG,153036.99,4218.008933,N,07105.990870,W,0,10.0,1.0,17.9,0.0,0.0,153036.99*61', b'$BFNVG,153037.35,4218.009122,N,07105.990795,W,0,10.0,1.0,18.0,0.0,0.0,153037.35*6A', b'$BFNVG,153037.70,4218.009311,N,07105.990719,W,0,10.0,1.0,18.1,0.0,0.0,153037.70*6D', b'$BFNVG,153038.06,4218.009500,N,07105.990643,W,0,10.0,1.0,18.2,0.0,0.0,153038.06*66']
2021-07-28 16:30:39,204 [INFO] AUV state: {'position': (13.289246809494216, 17.26438488997519), 'latlon': (42.300158333333336, -71.09984405), 'heading': 18.2, 'depth': 1.0, 'altitude': 10.0, 'roll': 0.0, 'pitch': 0.0, 'last_fix_time': datetime.datetime(2021, 7, 28, 15, 30, 38), 'speed': None, 'rudder': 0, 'datum': (42.3, -71.1)}
2021-07-28 16:30:39,543 [INFO] **** [] []
2021-07-28 16:30:39,545 [INFO] Next green buoy: [], next red buoy: []
2021-07-28 16:30:39,545 [INFO] Desired_heading: 19.2
2021-07-28 16:30:39,545 [INFO] sending message $BPRMB,153039.60,-1.25,,,1000,0,1*73
...
2021-07-28 16:30:40,547 [INFO] sending message $BPSTS,153040.54,1,BWSI Autonomy OK*46
...
2021-07-28 16:30:40,548 [INFO] Processing: $BFNVG,153038.41,4218.009689,N,07105.990565,W,0,10.0,1.0,18.3,0.0,0.0,153038.41*62
2021-07-28 16:30:40,549 [INFO] Interpreted as: {'position': (13.405040572863072, 17.611522249877453), 'latlon': (42.30016148333333, -71.09984275), 'heading': 18.3, 'depth': 1.0, 'altitude': 10.0, 'roll': 0.0, 'pitch': 0.0, 'last_fix_time': datetime.datetime(2021, 7, 28, 15, 30, 38), 'speed': None, 'rudder': 0, 'datum': (42.3, -71.1)}
2021-07-28 16:30:40,550 [INFO] Processing: $BFNVG,153038.77,4218.009880,N,07105.990487,W,0,10.0,1.0,18.4,0.0,0.0,153038.77*6F
2021-07-28 16:30:40,551 [INFO] Interpreted as: {'position': (13.520925659511704, 17.96236100792885), 'latlon': (42.30016466666667, -71.09984145), 'heading': 18.4, 'depth': 1.0, 'altitude': 10.0, 'roll': 0.0, 'pitch': 0.0, 'last_fix_time': datetime.datetime(2021, 7, 28, 15, 30, 38), 'speed': None, 'rudder': 0, 'datum': (42.3, -71.1)}
2021-07-28 16:30:40,551 [INFO] Processing: $BFNVG,153039.15,4218.010078,N,07105.990405,W,0,10.0,1.0,18.5,0.0,0.0,153039.15*63
2021-07-28 16:30:40,553 [INFO] Interpreted as: {'position': (13.642625925829634, 18.326019036583602), 'latlon': (42.30016796666666, -71.09984008333333), 'heading': 18.5, 'depth': 1.0, 'altitude': 10.0, 'roll': 0.0, 'pitch': 0.0, 'last_fix_time': datetime.datetime(2021, 7, 28, 15, 30, 39), 'speed': None, 'rudder': 0, 'datum': (42.3, -71.1)}
2021-07-28 16:30:40,553 [INFO] Processing: $BFNVG,153039.50,4218.010268,N,07105.990326,W,0,10.0,1.0,18.6,0.0,0.0,153039.50*65
2021-07-28 16:30:40,554 [INFO] Interpreted as: {'position': (13.759839200880378, 18.674973196350038), 'latlon': (42.300171133333336, -71.09983876666666), 'heading': 18.6, 'depth': 1.0, 'altitude': 10.0, 'roll': 0.0, 'pitch': 0.0, 'last_fix_time': datetime.datetime(2021, 7, 28, 15, 30, 39), 'speed': None, 'rudder': 0, 'datum': (42.3, -71.1)}
2021-07-28 16:30:40,555 [INFO] Received from Frontseat: [b'$BFNVG,153038.41,4218.009689,N,07105.990565,W,0,10.0,1.0,18.3,0.0,0.0,153038.41*62', b'$BFNVG,153038.77,4218.009880,N,07105.990487,W,0,10.0,1.0,18.4,0.0,0.0,153038.77*6F', b'$BFNVG,153039.15,4218.010078,N,07105.990405,W,0,10.0,1.0,18.5,0.0,0.0,153039.15*63', b'$BFNVG,153039.50,4218.010268,N,07105.990326,W,0,10.0,1.0,18.6,0.0,0.0,153039.50*65']
2021-07-28 16:30:40,556 [INFO] AUV state: {'position': (13.759839200880378, 18.674973196350038), 'latlon': (42.300171133333336, -71.09983876666666), 'heading': 18.6, 'depth': 1.0, 'altitude': 10.0, 'roll': 0.0, 'pitch': 0.0, 'last_fix_time': datetime.datetime(2021, 7, 28, 15, 30, 39), 'speed': None, 'rudder': 0, 'datum': (42.3, -71.1)}
2021-07-28 16:30:40,894 [INFO] **** [] []
2021-07-28 16:30:40,896 [INFO] Next green buoy: [], next red buoy: []
2021-07-28 16:30:40,897 [INFO] Desired_heading: 19.6
2021-07-28 16:30:40,897 [INFO] sending message $BPRMB,153041.48,-1.25,,,1000,0,1*76
...
2021-07-28 16:30:41,899 [INFO] sending message $BPSTS,153041.89,1,BWSI Autonomy OK*47
...
2021-07-28 16:30:41,900 [INFO] Processing: $BFNVG,153039.86,4218.010458,N,07105.990247,W,0,10.0,1.0,18.8,0.0,0.0,153039.86*68
2021-07-28 16:30:41,902 [INFO] Interpreted as: {'position': (13.877052465453744, 19.023927360773087), 'latlon': (42.3001743, -71.09983745), 'heading': 18.8, 'depth': 1.0, 'altitude': 10.0, 'roll': 0.0, 'pitch': 0.0, 'last_fix_time': datetime.datetime(2021, 7, 28, 15, 30, 39), 'speed': None, 'rudder': 0, 'datum': (42.3, -71.1)}
2021-07-28 16:30:41,903 [INFO] Processing: $BFNVG,153040.22,4218.010648,N,07105.990166,W,0,10.0,1.0,18.9,0.0,0.0,153040.22*6A
2021-07-28 16:30:41,904 [INFO] Interpreted as: {'position': (13.997013471613172, 19.372813721187413), 'latlon': (42.30017746666667, -71.0998361), 'heading': 18.9, 'depth': 1.0, 'altitude': 10.0, 'roll': 0.0, 'pitch': 0.0, 'last_fix_time': datetime.datetime(2021, 7, 28, 15, 30, 40), 'speed': None, 'rudder': 0, 'datum': (42.3, -71.1)}
2021-07-28 16:30:41,905 [INFO] Processing: $BFNVG,153040.58,4218.010837,N,07105.990086,W,0,10.0,1.0,19.0,0.0,0.0,153040.58*6B
2021-07-28 16:30:41,907 [INFO] Interpreted as: {'position': (14.11555492260959, 19.719883288256824), 'latlon': (42.300180616666665, -71.09983476666666), 'heading': 19.0, 'depth': 1.0, 'altitude': 10.0, 'roll': 0.0, 'pitch': 0.0, 'last_fix_time': datetime.datetime(2021, 7, 28, 15, 30, 40), 'speed': None, 'rudder': 0, 'datum': (42.3, -71.1)}
2021-07-28 16:30:41,907 [INFO] Received from Frontseat: [b'$BFNVG,153039.86,4218.010458,N,07105.990247,W,0,10.0,1.0,18.8,0.0,0.0,153039.86*68', b'$BFNVG,153040.22,4218.010648,N,07105.990166,W,0,10.0,1.0,18.9,0.0,0.0,153040.22*6A', b'$BFNVG,153040.58,4218.010837,N,07105.990086,W,0,10.0,1.0,19.0,0.0,0.0,153040.58*6B']
2021-07-28 16:30:41,908 [INFO] AUV state: {'position': (14.11555492260959, 19.719883288256824), 'latlon': (42.300180616666665, -71.09983476666666), 'heading': 19.0, 'depth': 1.0, 'altitude': 10.0, 'roll': 0.0, 'pitch': 0.0, 'last_fix_time': datetime.datetime(2021, 7, 28, 15, 30, 40), 'speed': None, 'rudder': 0, 'datum': (42.3, -71.1)}
2021-07-28 16:30:42,256 [INFO] **** [] []
2021-07-28 16:30:42,258 [INFO] Next green buoy: [], next red buoy: []
2021-07-28 16:30:42,258 [INFO] Desired_heading: 20.0
2021-07-28 16:30:42,259 [INFO] sending message $BPRMB,153042.31,-1.25,,,1000,0,1*7b
...
2021-07-28 16:30:43,260 [INFO] sending message $BPSTS,153043.26,1,BWSI Autonomy OK*40
...
2021-07-28 16:30:43,261 [INFO] Processing: $BFNVG,153040.93,4218.011024,N,07105.990006,W,0,10.0,1.0,19.1,0.0,0.0,153040.93*69
2021-07-28 16:30:43,263 [INFO] Interpreted as: {'position': (14.234005027916282, 20.063251462765038), 'latlon': (42.300183733333334, -71.09983343333333), 'heading': 19.1, 'depth': 1.0, 'altitude': 10.0, 'roll': 0.0, 'pitch': 0.0, 'last_fix_time': datetime.datetime(2021, 7, 28, 15, 30, 40), 'speed': None, 'rudder': 0, 'datum': (42.3, -71.1)}
2021-07-28 16:30:43,265 [INFO] Processing: $BFNVG,153041.30,4218.011220,N,07105.989922,W,0,10.0,1.0,19.2,0.0,0.0,153041.30*6B
2021-07-28 16:30:43,266 [INFO] Interpreted as: {'position': (14.358361639024224, 20.4231403041631), 'latlon': (42.300187, -71.09983203333333), 'heading': 19.2, 'depth': 1.0, 'altitude': 10.0, 'roll': 0.0, 'pitch': 0.0, 'last_fix_time': datetime.datetime(2021, 7, 28, 15, 30, 41), 'speed': None, 'rudder': 0, 'datum': (42.3, -71.1)}
2021-07-28 16:30:43,267 [INFO] Processing: $BFNVG,153041.65,4218.011407,N,07105.989840,W,0,10.0,1.0,19.3,0.0,0.0,153041.65*6C
2021-07-28 16:30:43,269 [INFO] Interpreted as: {'position': (14.479559474508278, 20.76644067838788), 'latlon': (42.30019011666667, -71.09983066666666), 'heading': 19.3, 'depth': 1.0, 'altitude': 10.0, 'roll': 0.0, 'pitch': 0.0, 'last_fix_time': datetime.datetime(2021, 7, 28, 15, 30, 41), 'speed': None, 'rudder': 0, 'datum': (42.3, -71.1)}
2021-07-28 16:30:43,269 [INFO] Processing: $BFNVG,153042.03,4218.011606,N,07105.989753,W,0,10.0,1.0,19.4,0.0,0.0,153042.03*65
2021-07-28 16:30:43,271 [INFO] Interpreted as: {'position': (14.608174697612412, 21.13177990820259), 'latlon': (42.300193433333334, -71.09982921666666), 'heading': 19.4, 'depth': 1.0, 'altitude': 10.0, 'roll': 0.0, 'pitch': 0.0, 'last_fix_time': datetime.datetime(2021, 7, 28, 15, 30, 42), 'speed': None, 'rudder': 0, 'datum': (42.3, -71.1)}
2021-07-28 16:30:43,272 [INFO] Received from Frontseat: [b'$BFNVG,153040.93,4218.011024,N,07105.990006,W,0,10.0,1.0,19.1,0.0,0.0,153040.93*69', b'$BFNVG,153041.30,4218.011220,N,07105.989922,W,0,10.0,1.0,19.2,0.0,0.0,153041.30*6B', b'$BFNVG,153041.65,4218.011407,N,07105.989840,W,0,10.0,1.0,19.3,0.0,0.0,153041.65*6C', b'$BFNVG,153042.03,4218.011606,N,07105.989753,W,0,10.0,1.0,19.4,0.0,0.0,153042.03*65']
2021-07-28 16:30:43,272 [INFO] AUV state: {'position': (14.608174697612412, 21.13177990820259), 'latlon': (42.300193433333334, -71.09982921666666), 'heading': 19.4, 'depth': 1.0, 'altitude': 10.0, 'roll': 0.0, 'pitch': 0.0, 'last_fix_time': datetime.datetime(2021, 7, 28, 15, 30, 42), 'speed': None, 'rudder': 0, 'datum': (42.3, -71.1)}
2021-07-28 16:30:43,597 [INFO] **** [] []
2021-07-28 16:30:43,599 [INFO] Next green buoy: [], next red buoy: []
2021-07-28 16:30:43,599 [INFO] Desired_heading: 20.4
2021-07-28 16:30:43,600 [INFO] sending message $BPRMB,153044.21,-1.25,,,1000,0,1*7c
...
2021-07-28 16:30:44,601 [INFO] sending message $BPSTS,153044.60,1,BWSI Autonomy OK*45
...
2021-07-28 16:30:44,602 [INFO] Processing: $BFNVG,153042.39,4218.011799,N,07105.989669,W,0,10.0,1.0,19.6,0.0,0.0,153042.39*68
2021-07-28 16:30:44,604 [INFO] Interpreted as: {'position': (14.732394271239173, 21.48611666355282), 'latlon': (42.30019665, -71.09982781666666), 'heading': 19.6, 'depth': 1.0, 'altitude': 10.0, 'roll': 0.0, 'pitch': 0.0, 'last_fix_time': datetime.datetime(2021, 7, 28, 15, 30, 42), 'speed': None, 'rudder': 0, 'datum': (42.3, -71.1)}
2021-07-28 16:30:44,605 [INFO] Processing: $BFNVG,153042.76,4218.011991,N,07105.989583,W,0,10.0,1.0,19.7,0.0,0.0,153042.76*68
2021-07-28 16:30:44,607 [INFO] Interpreted as: {'position': (14.859315915964544, 21.838534920476377), 'latlon': (42.30019985, -71.09982638333334), 'heading': 19.7, 'depth': 1.0, 'altitude': 10.0, 'roll': 0.0, 'pitch': 0.0, 'last_fix_time': datetime.datetime(2021, 7, 28, 15, 30, 42), 'speed': None, 'rudder': 0, 'datum': (42.3, -71.1)}
2021-07-28 16:30:44,607 [INFO] Processing: $BFNVG,153043.11,4218.012178,N,07105.989500,W,0,10.0,1.0,19.8,0.0,0.0,153043.11*60
2021-07-28 16:30:44,609 [INFO] Interpreted as: {'position': (14.981887580826879, 22.18180140014738), 'latlon': (42.30020296666667, -71.099825), 'heading': 19.8, 'depth': 1.0, 'altitude': 10.0, 'roll': 0.0, 'pitch': 0.0, 'last_fix_time': datetime.datetime(2021, 7, 28, 15, 30, 43), 'speed': None, 'rudder': 0, 'datum': (42.3, -71.1)}
2021-07-28 16:30:44,610 [INFO] Processing: $BFNVG,153043.47,4218.012366,N,07105.989416,W,0,10.0,1.0,19.9,0.0,0.0,153043.47*6A
2021-07-28 16:30:44,612 [INFO] Interpreted as: {'position': (15.105878780770581, 22.52688467502594), 'latlon': (42.3002061, -71.0998236), 'heading': 19.9, 'depth': 1.0, 'altitude': 10.0, 'roll': 0.0, 'pitch': 0.0, 'last_fix_time': datetime.datetime(2021, 7, 28, 15, 30, 43), 'speed': None, 'rudder': 0, 'datum': (42.3, -71.1)}
2021-07-28 16:30:44,613 [INFO] Received from Frontseat: [b'$BFNVG,153042.39,4218.011799,N,07105.989669,W,0,10.0,1.0,19.6,0.0,0.0,153042.39*68', b'$BFNVG,153042.76,4218.011991,N,07105.989583,W,0,10.0,1.0,19.7,0.0,0.0,153042.76*68', b'$BFNVG,153043.11,4218.012178,N,07105.989500,W,0,10.0,1.0,19.8,0.0,0.0,153043.11*60', b'$BFNVG,153043.47,4218.012366,N,07105.989416,W,0,10.0,1.0,19.9,0.0,0.0,153043.47*6A']
2021-07-28 16:30:44,614 [INFO] AUV state: {'position': (15.105878780770581, 22.52688467502594), 'latlon': (42.3002061, -71.0998236), 'heading': 19.9, 'depth': 1.0, 'altitude': 10.0, 'roll': 0.0, 'pitch': 0.0, 'last_fix_time': datetime.datetime(2021, 7, 28, 15, 30, 43), 'speed': None, 'rudder': 0, 'datum': (42.3, -71.1)}
2021-07-28 16:30:44,958 [INFO] **** [] []
2021-07-28 16:30:44,960 [INFO] Next green buoy: [], next red buoy: []
2021-07-28 16:30:44,960 [INFO] Desired_heading: 20.9
2021-07-28 16:30:44,960 [INFO] sending message $BPRMB,153044.99,-1.25,,,1000,0,1*7f
...
2021-07-28 16:30:45,962 [INFO] sending message $BPSTS,153045.96,1,BWSI Autonomy OK*4d
...
2021-07-28 16:30:45,963 [INFO] Processing: $BFNVG,153043.83,4218.012556,N,07105.989330,W,0,10.0,1.0,20.0,0.0,0.0,153043.83*6F
2021-07-28 16:30:45,965 [INFO] Interpreted as: {'position': (15.23270905285608, 22.87560154311359), 'latlon': (42.30020926666667, -71.09982216666667), 'heading': 20.0, 'depth': 1.0, 'altitude': 10.0, 'roll': 0.0, 'pitch': 0.0, 'last_fix_time': datetime.datetime(2021, 7, 28, 15, 30, 43), 'speed': None, 'rudder': 0, 'datum': (42.3, -71.1)}
2021-07-28 16:30:45,966 [INFO] Processing: $BFNVG,153044.19,4218.012747,N,07105.989243,W,0,10.0,1.0,20.1,0.0,0.0,153044.19*69
2021-07-28 16:30:45,968 [INFO] Interpreted as: {'position': (15.360958861303516, 23.226135208271444), 'latlon': (42.30021245, -71.09982071666667), 'heading': 20.1, 'depth': 1.0, 'altitude': 10.0, 'roll': 0.0, 'pitch': 0.0, 'last_fix_time': datetime.datetime(2021, 7, 28, 15, 30, 44), 'speed': None, 'rudder': 0, 'datum': (42.3, -71.1)}
2021-07-28 16:30:45,969 [INFO] Processing: $BFNVG,153044.55,4218.012933,N,07105.989158,W,0,10.0,1.0,20.2,0.0,0.0,153044.55*6E
2021-07-28 16:30:45,971 [INFO] Interpreted as: {'position': (15.486232566414401, 23.567483196035028), 'latlon': (42.30021555, -71.0998193), 'heading': 20.2, 'depth': 1.0, 'altitude': 10.0, 'roll': 0.0, 'pitch': 0.0, 'last_fix_time': datetime.datetime(2021, 7, 28, 15, 30, 44), 'speed': None, 'rudder': 0, 'datum': (42.3, -71.1)}
2021-07-28 16:30:45,971 [INFO] Processing: $BFNVG,153044.90,4218.013119,N,07105.989073,W,0,10.0,1.0,20.3,0.0,0.0,153044.90*66
2021-07-28 16:30:45,973 [INFO] Interpreted as: {'position': (15.611506256274879, 23.90883118379861), 'latlon': (42.30021865, -71.09981788333333), 'heading': 20.3, 'depth': 1.0, 'altitude': 10.0, 'roll': 0.0, 'pitch': 0.0, 'last_fix_time': datetime.datetime(2021, 7, 28, 15, 30, 44), 'speed': None, 'rudder': 0, 'datum': (42.3, -71.1)}
2021-07-28 16:30:45,974 [INFO] Received from Frontseat: [b'$BFNVG,153043.83,4218.012556,N,07105.989330,W,0,10.0,1.0,20.0,0.0,0.0,153043.83*6F', b'$BFNVG,153044.19,4218.012747,N,07105.989243,W,0,10.0,1.0,20.1,0.0,0.0,153044.19*69', b'$BFNVG,153044.55,4218.012933,N,07105.989158,W,0,10.0,1.0,20.2,0.0,0.0,153044.55*6E', b'$BFNVG,153044.90,4218.013119,N,07105.989073,W,0,10.0,1.0,20.3,0.0,0.0,153044.90*66']
2021-07-28 16:30:45,974 [INFO] AUV state: {'position': (15.611506256274879, 23.90883118379861), 'latlon': (42.30021865, -71.09981788333333), 'heading': 20.3, 'depth': 1.0, 'altitude': 10.0, 'roll': 0.0, 'pitch': 0.0, 'last_fix_time': datetime.datetime(2021, 7, 28, 15, 30, 44), 'speed': None, 'rudder': 0, 'datum': (42.3, -71.1)}
2021-07-28 16:30:46,317 [INFO] **** [] []
2021-07-28 16:30:46,319 [INFO] Next green buoy: [], next red buoy: []
2021-07-28 16:30:46,320 [INFO] Desired_heading: 21.3
2021-07-28 16:30:46,320 [INFO] sending message $BPRMB,153046.93,-1.25,,,1000,0,1*77
...
2021-07-28 16:30:47,322 [INFO] sending message $BPSTS,153047.32,1,BWSI Autonomy OK*41
...
2021-07-28 16:30:47,323 [INFO] Processing: $BFNVG,153045.26,4218.013306,N,07105.988986,W,0,10.0,1.0,20.4,0.0,0.0,153045.26*6F
2021-07-28 16:30:47,325 [INFO] Interpreted as: {'position': (15.739573357568588, 24.25196206662804), 'latlon': (42.30022176666667, -71.09981643333333), 'heading': 20.4, 'depth': 1.0, 'altitude': 10.0, 'roll': 0.0, 'pitch': 0.0, 'last_fix_time': datetime.datetime(2021, 7, 28, 15, 30, 45), 'speed': None, 'rudder': 0, 'datum': (42.3, -71.1)}
2021-07-28 16:30:47,326 [INFO] Processing: $BFNVG,153045.61,4218.013493,N,07105.988899,W,0,10.0,1.0,20.6,0.0,0.0,153045.61*69
2021-07-28 16:30:47,327 [INFO] Interpreted as: {'position': (15.867640445474535, 24.59509295132011), 'latlon': (42.300224883333335, -71.09981498333333), 'heading': 20.6, 'depth': 1.0, 'altitude': 10.0, 'roll': 0.0, 'pitch': 0.0, 'last_fix_time': datetime.datetime(2021, 7, 28, 15, 30, 45), 'speed': None, 'rudder': 0, 'datum': (42.3, -71.1)}
2021-07-28 16:30:47,328 [INFO] Processing: $BFNVG,153045.97,4218.013680,N,07105.988811,W,0,10.0,1.0,20.7,0.0,0.0,153045.97*68
2021-07-28 16:30:47,330 [INFO] Interpreted as: {'position': (15.997081396868452, 24.93818993680179), 'latlon': (42.300228, -71.09981351666667), 'heading': 20.7, 'depth': 1.0, 'altitude': 10.0, 'roll': 0.0, 'pitch': 0.0, 'last_fix_time': datetime.datetime(2021, 7, 28, 15, 30, 45), 'speed': None, 'rudder': 0, 'datum': (42.3, -71.1)}
2021-07-28 16:30:47,331 [INFO] Received from Frontseat: [b'$BFNVG,153045.26,4218.013306,N,07105.988986,W,0,10.0,1.0,20.4,0.0,0.0,153045.26*6F', b'$BFNVG,153045.61,4218.013493,N,07105.988899,W,0,10.0,1.0,20.6,0.0,0.0,153045.61*69', b'$BFNVG,153045.97,4218.013680,N,07105.988811,W,0,10.0,1.0,20.7,0.0,0.0,153045.97*68']
2021-07-28 16:30:47,332 [INFO] AUV state: {'position': (15.997081396868452, 24.93818993680179), 'latlon': (42.300228, -71.09981351666667), 'heading': 20.7, 'depth': 1.0, 'altitude': 10.0, 'roll': 0.0, 'pitch': 0.0, 'last_fix_time': datetime.datetime(2021, 7, 28, 15, 30, 45), 'speed': None, 'rudder': 0, 'datum': (42.3, -71.1)}
2021-07-28 16:30:47,679 [INFO] **** [] []
2021-07-28 16:30:47,681 [INFO] Next green buoy: [], next red buoy: []
2021-07-28 16:30:47,682 [INFO] Desired_heading: 21.7
2021-07-28 16:30:47,682 [INFO] sending message $BPRMB,153047.71,-1.25,,,1000,0,1*7a
...
2021-07-28 16:30:48,684 [INFO] sending message $BPSTS,153048.68,1,BWSI Autonomy OK*41
...
2021-07-28 16:30:48,685 [INFO] Processing: $BFNVG,153046.33,4218.013871,N,07105.988721,W,0,10.0,1.0,20.8,0.0,0.0,153046.33*6B
2021-07-28 16:30:48,687 [INFO] Interpreted as: {'position': (16.129452761262655, 25.288621908053756), 'latlon': (42.30023118333333, -71.09981201666666), 'heading': 20.8, 'depth': 1.0, 'altitude': 10.0, 'roll': 0.0, 'pitch': 0.0, 'last_fix_time': datetime.datetime(2021, 7, 28, 15, 30, 46), 'speed': None, 'rudder': 0, 'datum': (42.3, -71.1)}
2021-07-28 16:30:48,687 [INFO] Processing: $BFNVG,153046.69,4218.014061,N,07105.988631,W,0,10.0,1.0,20.9,0.0,0.0,153046.69*64
2021-07-28 16:30:48,689 [INFO] Interpreted as: {'position': (16.261778443469666, 25.63720318581909), 'latlon': (42.30023435, -71.09981051666666), 'heading': 20.9, 'depth': 1.0, 'altitude': 10.0, 'roll': 0.0, 'pitch': 0.0, 'last_fix_time': datetime.datetime(2021, 7, 28, 15, 30, 46), 'speed': None, 'rudder': 0, 'datum': (42.3, -71.1)}
2021-07-28 16:30:48,690 [INFO] Processing: $BFNVG,153047.05,4218.014247,N,07105.988542,W,0,10.0,1.0,21.0,0.0,0.0,153047.05*6D
2021-07-28 16:30:48,691 [INFO] Interpreted as: {'position': (16.392547566560097, 25.978415579535067), 'latlon': (42.30023745, -71.09980903333333), 'heading': 21.0, 'depth': 1.0, 'altitude': 10.0, 'roll': 0.0, 'pitch': 0.0, 'last_fix_time': datetime.datetime(2021, 7, 28, 15, 30, 47), 'speed': None, 'rudder': 0, 'datum': (42.3, -71.1)}
2021-07-28 16:30:48,692 [INFO] Processing: $BFNVG,153047.41,4218.014433,N,07105.988452,W,0,10.0,1.0,21.1,0.0,0.0,153047.41*69
2021-07-28 16:30:48,694 [INFO] Interpreted as: {'position': (16.524690552731045, 26.319594071246684), 'latlon': (42.30024055, -71.09980753333333), 'heading': 21.1, 'depth': 1.0, 'altitude': 10.0, 'roll': 0.0, 'pitch': 0.0, 'last_fix_time': datetime.datetime(2021, 7, 28, 15, 30, 47), 'speed': None, 'rudder': 0, 'datum': (42.3, -71.1)}
2021-07-28 16:30:48,695 [INFO] Received from Frontseat: [b'$BFNVG,153046.33,4218.013871,N,07105.988721,W,0,10.0,1.0,20.8,0.0,0.0,153046.33*6B', b'$BFNVG,153046.69,4218.014061,N,07105.988631,W,0,10.0,1.0,20.9,0.0,0.0,153046.69*64', b'$BFNVG,153047.05,4218.014247,N,07105.988542,W,0,10.0,1.0,21.0,0.0,0.0,153047.05*6D', b'$BFNVG,153047.41,4218.014433,N,07105.988452,W,0,10.0,1.0,21.1,0.0,0.0,153047.41*69']
2021-07-28 16:30:48,696 [INFO] AUV state: {'position': (16.524690552731045, 26.319594071246684), 'latlon': (42.30024055, -71.09980753333333), 'heading': 21.1, 'depth': 1.0, 'altitude': 10.0, 'roll': 0.0, 'pitch': 0.0, 'last_fix_time': datetime.datetime(2021, 7, 28, 15, 30, 47), 'speed': None, 'rudder': 0, 'datum': (42.3, -71.1)}
2021-07-28 16:30:49,043 [INFO] **** [] []
2021-07-28 16:30:49,045 [INFO] Next green buoy: [], next red buoy: []
2021-07-28 16:30:49,045 [INFO] Desired_heading: 22.1
2021-07-28 16:30:49,046 [INFO] sending message $BPRMB,153049.65,-1.25,,,1000,0,1*71
...
2021-07-28 16:30:50,047 [INFO] sending message $BPSTS,153050.04,1,BWSI Autonomy OK*42
...
2021-07-28 16:30:50,048 [INFO] Processing: $BFNVG,153047.76,4218.014619,N,07105.988362,W,0,10.0,1.0,21.2,0.0,0.0,153047.76*64
2021-07-28 16:30:50,050 [INFO] Interpreted as: {'position': (16.65683352726046, 26.660772565752268), 'latlon': (42.30024365, -71.09980603333334), 'heading': 21.2, 'depth': 1.0, 'altitude': 10.0, 'roll': 0.0, 'pitch': 0.0, 'last_fix_time': datetime.datetime(2021, 7, 28, 15, 30, 47), 'speed': None, 'rudder': 0, 'datum': (42.3, -71.1)}
2021-07-28 16:30:50,051 [INFO] Processing: $BFNVG,153048.13,4218.014810,N,07105.988269,W,0,10.0,1.0,21.3,0.0,0.0,153048.13*68
2021-07-28 16:30:50,053 [INFO] Interpreted as: {'position': (16.793326455634087, 27.011102844960988), 'latlon': (42.30024683333333, -71.09980448333333), 'heading': 21.3, 'depth': 1.0, 'altitude': 10.0, 'roll': 0.0, 'pitch': 0.0, 'last_fix_time': datetime.datetime(2021, 7, 28, 15, 30, 48), 'speed': None, 'rudder': 0, 'datum': (42.3, -71.1)}
2021-07-28 16:30:50,054 [INFO] Processing: $BFNVG,153048.48,4218.014997,N,07105.988177,W,0,10.0,1.0,21.5,0.0,0.0,153048.48*6C
2021-07-28 16:30:50,055 [INFO] Interpreted as: {'position': (16.92826282326132, 27.35406423918903), 'latlon': (42.30024995, -71.09980295), 'heading': 21.5, 'depth': 1.0, 'altitude': 10.0, 'roll': 0.0, 'pitch': 0.0, 'last_fix_time': datetime.datetime(2021, 7, 28, 15, 30, 48), 'speed': None, 'rudder': 0, 'datum': (42.3, -71.1)}
2021-07-28 16:30:50,056 [INFO] Received from Frontseat: [b'$BFNVG,153047.76,4218.014619,N,07105.988362,W,0,10.0,1.0,21.2,0.0,0.0,153047.76*64', b'$BFNVG,153048.13,4218.014810,N,07105.988269,W,0,10.0,1.0,21.3,0.0,0.0,153048.13*68', b'$BFNVG,153048.48,4218.014997,N,07105.988177,W,0,10.0,1.0,21.5,0.0,0.0,153048.48*6C']
2021-07-28 16:30:50,057 [INFO] AUV state: {'position': (16.92826282326132, 27.35406423918903), 'latlon': (42.30024995, -71.09980295), 'heading': 21.5, 'depth': 1.0, 'altitude': 10.0, 'roll': 0.0, 'pitch': 0.0, 'last_fix_time': datetime.datetime(2021, 7, 28, 15, 30, 48), 'speed': None, 'rudder': 0, 'datum': (42.3, -71.1)}
2021-07-28 16:30:50,422 [INFO] **** [] []
2021-07-28 16:30:50,424 [INFO] Next green buoy: [], next red buoy: []
2021-07-28 16:30:50,424 [INFO] Desired_heading: 22.5
2021-07-28 16:30:50,424 [INFO] sending message $BPRMB,153050.43,-1.25,,,1000,0,1*7d
...
2021-07-28 16:30:51,426 [INFO] sending message $BPSTS,153051.42,1,BWSI Autonomy OK*41
...
2021-07-28 16:30:51,427 [INFO] Received from Frontseat: []
2021-07-28 16:30:51,428 [INFO] AUV state: {'position': (16.92826282326132, 27.35406423918903), 'latlon': (42.30024995, -71.09980295), 'heading': 21.5, 'depth': 1.0, 'altitude': 10.0, 'roll': 0.0, 'pitch': 0.0, 'last_fix_time': datetime.datetime(2021, 7, 28, 15, 30, 48), 'speed': None, 'rudder': 0, 'datum': (42.3, -71.1)}
2021-07-28 16:30:51,789 [INFO] **** [] []
2021-07-28 16:30:51,791 [INFO] Next green buoy: [], next red buoy: []
2021-07-28 16:30:51,792 [INFO] Desired_heading: 22.5
2021-07-28 16:30:51,792 [INFO] sending message $BPRMB,153052.41,-1.25,,,1000,0,1*7d
...
2021-07-28 16:30:52,794 [INFO] sending message $BPSTS,153052.79,1,BWSI Autonomy OK*4a
...
2021-07-28 16:30:52,794 [INFO] Received from Frontseat: []
2021-07-28 16:30:52,795 [INFO] AUV state: {'position': (16.92826282326132, 27.35406423918903), 'latlon': (42.30024995, -71.09980295), 'heading': 21.5, 'depth': 1.0, 'altitude': 10.0, 'roll': 0.0, 'pitch': 0.0, 'last_fix_time': datetime.datetime(2021, 7, 28, 15, 30, 48), 'speed': None, 'rudder': 0, 'datum': (42.3, -71.1)}
2021-07-28 16:30:53,114 [INFO] **** [] []
2021-07-28 16:30:53,116 [INFO] Next green buoy: [], next red buoy: []
2021-07-28 16:30:53,117 [INFO] Desired_heading: 22.5
2021-07-28 16:30:53,117 [INFO] sending message $BPRMB,153053.17,-1.25,,,1000,0,1*7f
...
2021-07-28 16:30:53,888 [ERROR] An error occurred. The stack trace is below.
Traceback (most recent call last):
  File "BWSI_BackSeat.py", line 126, in run
    time.sleep(1/self.__warp)
KeyboardInterrupt
