2021-07-29 04:24:39,489 [INFO] host = 192.168.1.213, port = 29500
2021-07-29 04:24:39,544 [INFO] sending message $BPLOG,ACK,ON*1e
...
2021-07-29 04:24:39,545 [INFO] sending message $BPLOG,ALL,ON*16
...
2021-07-29 04:24:39,545 [INFO] sending message $BPSTS,032439.54,1,BWSI Autonomy OK*4a
...
2021-07-29 04:24:39,546 [INFO] Received from Frontseat: []
2021-07-29 04:24:39,546 [INFO] AUV state: {'position': (None, None), 'latlon': None, 'heading': None, 'depth': None, 'altitude': None, 'roll': None, 'pitch': None, 'last_fix_time': None, 'speed': None, 'rudder': 0}
2021-07-29 04:24:40,548 [INFO] sending message $BPSTS,032440.54,1,BWSI Autonomy OK*44
...
2021-07-29 04:24:40,550 [INFO] Processing: $BFNVG,032437.24,4218.000000,N,07106.000000,W,0,10.0,1.0,45.0,0.0,0.0,032437.24*62
2021-07-29 04:24:40,552 [INFO] Interpreted as: {'position': (0, 0), 'latlon': (42.3, -71.1), 'heading': 45.0, 'depth': 1.0, 'altitude': 10.0, 'roll': 0.0, 'pitch': 0.0, 'last_fix_time': datetime.datetime(2021, 7, 29, 3, 24, 37), 'speed': None, 'rudder': 0, 'datum': (42.3, -71.1)}
2021-07-29 04:24:40,553 [INFO] Processing: $BFNVG,032437.49,4218.000000,N,07106.000000,W,0,10.0,1.0,45.0,0.0,0.0,032437.49*62
2021-07-29 04:24:40,555 [INFO] Interpreted as: {'position': (0.0, 0.0), 'latlon': (42.3, -71.1), 'heading': 45.0, 'depth': 1.0, 'altitude': 10.0, 'roll': 0.0, 'pitch': 0.0, 'last_fix_time': datetime.datetime(2021, 7, 29, 3, 24, 37), 'speed': None, 'rudder': 0, 'datum': (42.3, -71.1)}
2021-07-29 04:24:40,557 [INFO] Processing: $BFNVG,032437.74,4218.000000,N,07106.000000,W,0,10.0,1.0,45.0,0.0,0.0,032437.74*62
2021-07-29 04:24:40,559 [INFO] Interpreted as: {'position': (0.0, 0.0), 'latlon': (42.3, -71.1), 'heading': 45.0, 'depth': 1.0, 'altitude': 10.0, 'roll': 0.0, 'pitch': 0.0, 'last_fix_time': datetime.datetime(2021, 7, 29, 3, 24, 37), 'speed': None, 'rudder': 0, 'datum': (42.3, -71.1)}
2021-07-29 04:24:40,560 [INFO] Processing: $BFNVG,032437.99,4218.000000,N,07106.000000,W,0,10.0,1.0,45.0,0.0,0.0,032437.99*62
2021-07-29 04:24:40,563 [INFO] Interpreted as: {'position': (0.0, 0.0), 'latlon': (42.3, -71.1), 'heading': 45.0, 'depth': 1.0, 'altitude': 10.0, 'roll': 0.0, 'pitch': 0.0, 'last_fix_time': datetime.datetime(2021, 7, 29, 3, 24, 37), 'speed': None, 'rudder': 0, 'datum': (42.3, -71.1)}
2021-07-29 04:24:40,564 [INFO] Processing: $BFNVG,032438.24,4218.000000,N,07106.000000,W,0,10.0,1.0,45.0,0.0,0.0,032438.24*62
2021-07-29 04:24:40,567 [INFO] Interpreted as: {'position': (0.0, 0.0), 'latlon': (42.3, -71.1), 'heading': 45.0, 'depth': 1.0, 'altitude': 10.0, 'roll': 0.0, 'pitch': 0.0, 'last_fix_time': datetime.datetime(2021, 7, 29, 3, 24, 38), 'speed': None, 'rudder': 0, 'datum': (42.3, -71.1)}
2021-07-29 04:24:40,568 [INFO] Processing: $BFNVG,032438.49,4218.000000,N,07106.000000,W,0,10.0,1.0,45.0,0.0,0.0,032438.49*62
2021-07-29 04:24:40,571 [INFO] Interpreted as: {'position': (0.0, 0.0), 'latlon': (42.3, -71.1), 'heading': 45.0, 'depth': 1.0, 'altitude': 10.0, 'roll': 0.0, 'pitch': 0.0, 'last_fix_time': datetime.datetime(2021, 7, 29, 3, 24, 38), 'speed': None, 'rudder': 0, 'datum': (42.3, -71.1)}
2021-07-29 04:24:40,572 [INFO] Processing: $BFNVG,032438.74,4218.000000,N,07106.000000,W,0,10.0,1.0,45.0,0.0,0.0,032438.74*62
2021-07-29 04:24:40,574 [INFO] Interpreted as: {'position': (0.0, 0.0), 'latlon': (42.3, -71.1), 'heading': 45.0, 'depth': 1.0, 'altitude': 10.0, 'roll': 0.0, 'pitch': 0.0, 'last_fix_time': datetime.datetime(2021, 7, 29, 3, 24, 38), 'speed': None, 'rudder': 0, 'datum': (42.3, -71.1)}
2021-07-29 04:24:40,575 [INFO] Processing: $BFNVG,032438.99,4218.000000,N,07106.000000,W,0,10.0,1.0,45.0,0.0,0.0,032438.99*62
2021-07-29 04:24:40,577 [INFO] Interpreted as: {'position': (0.0, 0.0), 'latlon': (42.3, -71.1), 'heading': 45.0, 'depth': 1.0, 'altitude': 10.0, 'roll': 0.0, 'pitch': 0.0, 'last_fix_time': datetime.datetime(2021, 7, 29, 3, 24, 38), 'speed': None, 'rudder': 0, 'datum': (42.3, -71.1)}
2021-07-29 04:24:40,578 [INFO] Processing: $BFNVG,032439.24,4218.000000,N,07106.000000,W,0,10.0,1.0,45.0,0.0,0.0,032439.24*62
2021-07-29 04:24:40,580 [INFO] Interpreted as: {'position': (0.0, 0.0), 'latlon': (42.3, -71.1), 'heading': 45.0, 'depth': 1.0, 'altitude': 10.0, 'roll': 0.0, 'pitch': 0.0, 'last_fix_time': datetime.datetime(2021, 7, 29, 3, 24, 39), 'speed': None, 'rudder': 0, 'datum': (42.3, -71.1)}
2021-07-29 04:24:40,581 [INFO] Processing: $BFNVG,032439.49,4218.000000,N,07106.000000,W,0,10.0,1.0,45.0,0.0,0.0,032439.49*62
2021-07-29 04:24:40,584 [INFO] Interpreted as: {'position': (0.0, 0.0), 'latlon': (42.3, -71.1), 'heading': 45.0, 'depth': 1.0, 'altitude': 10.0, 'roll': 0.0, 'pitch': 0.0, 'last_fix_time': datetime.datetime(2021, 7, 29, 3, 24, 39), 'speed': None, 'rudder': 0, 'datum': (42.3, -71.1)}
2021-07-29 04:24:40,586 [INFO] Processing: $BFNVG,032439.75,4218.000000,N,07106.000000,W,0,10.0,1.0,45.0,0.0,0.0,032439.75*62
2021-07-29 04:24:40,588 [INFO] Interpreted as: {'position': (0.0, 0.0), 'latlon': (42.3, -71.1), 'heading': 45.0, 'depth': 1.0, 'altitude': 10.0, 'roll': 0.0, 'pitch': 0.0, 'last_fix_time': datetime.datetime(2021, 7, 29, 3, 24, 39), 'speed': None, 'rudder': 0, 'datum': (42.3, -71.1)}
2021-07-29 04:24:40,590 [INFO] Received from Frontseat: [b'$BFNVG,032437.24,4218.000000,N,07106.000000,W,0,10.0,1.0,45.0,0.0,0.0,032437.24*62', b'$BFNVG,032437.49,4218.000000,N,07106.000000,W,0,10.0,1.0,45.0,0.0,0.0,032437.49*62', b'$BFNVG,032437.74,4218.000000,N,07106.000000,W,0,10.0,1.0,45.0,0.0,0.0,032437.74*62', b'$BFNVG,032437.99,4218.000000,N,07106.000000,W,0,10.0,1.0,45.0,0.0,0.0,032437.99*62', b'$BFNVG,032438.24,4218.000000,N,07106.000000,W,0,10.0,1.0,45.0,0.0,0.0,032438.24*62', b'$BFNVG,032438.49,4218.000000,N,07106.000000,W,0,10.0,1.0,45.0,0.0,0.0,032438.49*62', b'$BFNVG,032438.74,4218.000000,N,07106.000000,W,0,10.0,1.0,45.0,0.0,0.0,032438.74*62', b'$BFNVG,032438.99,4218.000000,N,07106.000000,W,0,10.0,1.0,45.0,0.0,0.0,032438.99*62', b'$BFNVG,032439.24,4218.000000,N,07106.000000,W,0,10.0,1.0,45.0,0.0,0.0,032439.24*62', b'$BFNVG,032439.49,4218.000000,N,07106.000000,W,0,10.0,1.0,45.0,0.0,0.0,032439.49*62', b'$BFNVG,032439.75,4218.000000,N,07106.000000,W,0,10.0,1.0,45.0,0.0,0.0,032439.75*62']
2021-07-29 04:24:40,591 [INFO] AUV state: {'position': (0.0, 0.0), 'latlon': (42.3, -71.1), 'heading': 45.0, 'depth': 1.0, 'altitude': 10.0, 'roll': 0.0, 'pitch': 0.0, 'last_fix_time': datetime.datetime(2021, 7, 29, 3, 24, 39), 'speed': None, 'rudder': 0, 'datum': (42.3, -71.1)}
2021-07-29 04:24:40,912 [INFO] **** [(-0.21993023293121178, -7.6862156757158235)] [(15.437560812208067, -7.329055330858309)]
2021-07-29 04:24:40,914 [INFO] Next green buoy: [(-0.21993023293121178, -7.6862156757158235)], next red buoy: [(15.437560812208067, -7.329055330858309)]
2021-07-29 04:24:40,915 [INFO] Desired_heading: 52.60881528963843
2021-07-29 04:24:40,915 [INFO] delta angle: 25
2021-07-29 04:24:40,916 [INFO] sending message $BPRMB,032441.54,-25,1,0,750,0,1*54
...
2021-07-29 04:24:41,917 [INFO] sending message $BPSTS,032441.91,1,BWSI Autonomy OK*4c
...
2021-07-29 04:24:41,919 [INFO] Processing: $BFNVG,032440.13,4218.000000,N,07106.000000,W,0,10.0,1.0,45.0,0.0,0.0,032440.13*62
2021-07-29 04:24:41,921 [INFO] Interpreted as: {'position': (0.0, 0.0), 'latlon': (42.3, -71.1), 'heading': 45.0, 'depth': 1.0, 'altitude': 10.0, 'roll': 0.0, 'pitch': 0.0, 'last_fix_time': datetime.datetime(2021, 7, 29, 3, 24, 40), 'speed': None, 'rudder': 0, 'datum': (42.3, -71.1)}
2021-07-29 04:24:41,922 [INFO] Processing: $BFNVG,032440.47,4218.000000,N,07106.000000,W,0,10.0,1.0,45.0,0.0,0.0,032440.47*62
2021-07-29 04:24:41,925 [INFO] Interpreted as: {'position': (0.0, 0.0), 'latlon': (42.3, -71.1), 'heading': 45.0, 'depth': 1.0, 'altitude': 10.0, 'roll': 0.0, 'pitch': 0.0, 'last_fix_time': datetime.datetime(2021, 7, 29, 3, 24, 40), 'speed': None, 'rudder': 0, 'datum': (42.3, -71.1)}
2021-07-29 04:24:41,925 [INFO] Processing: $BFNVG,032440.81,4218.000000,N,07106.000000,W,0,10.0,1.0,45.0,0.0,0.0,032440.81*62
2021-07-29 04:24:41,927 [INFO] Interpreted as: {'position': (0.0, 0.0), 'latlon': (42.3, -71.1), 'heading': 45.0, 'depth': 1.0, 'altitude': 10.0, 'roll': 0.0, 'pitch': 0.0, 'last_fix_time': datetime.datetime(2021, 7, 29, 3, 24, 40), 'speed': None, 'rudder': 0, 'datum': (42.3, -71.1)}
2021-07-29 04:24:41,928 [INFO] Received from Frontseat: [b'$BFNVG,032440.13,4218.000000,N,07106.000000,W,0,10.0,1.0,45.0,0.0,0.0,032440.13*62', b'$BFNVG,032440.47,4218.000000,N,07106.000000,W,0,10.0,1.0,45.0,0.0,0.0,032440.47*62', b'$BFNVG,032440.81,4218.000000,N,07106.000000,W,0,10.0,1.0,45.0,0.0,0.0,032440.81*62']
2021-07-29 04:24:41,929 [INFO] AUV state: {'position': (0.0, 0.0), 'latlon': (42.3, -71.1), 'heading': 45.0, 'depth': 1.0, 'altitude': 10.0, 'roll': 0.0, 'pitch': 0.0, 'last_fix_time': datetime.datetime(2021, 7, 29, 3, 24, 40), 'speed': None, 'rudder': 0, 'datum': (42.3, -71.1)}
2021-07-29 04:24:42,260 [INFO] **** [(-0.22035521470194389, -7.708961974233651)] [(15.437560812208067, -7.333901112744751)]
2021-07-29 04:24:42,262 [INFO] Next green buoy: [(-0.22035521470194389, -7.708961974233651)], next red buoy: [(15.437560812208067, -7.333901112744751)]
2021-07-29 04:24:42,262 [INFO] Desired_heading: 52.60860279875306
2021-07-29 04:24:42,263 [INFO] delta angle: 25
2021-07-29 04:24:42,263 [INFO] sending message $BPRMB,032442.29,-25,1,0,750,0,1*5d
...
2021-07-29 04:24:43,265 [INFO] sending message $BPSTS,032443.26,1,BWSI Autonomy OK*42
...
2021-07-29 04:24:43,266 [INFO] Processing: $BFNVG,032441.15,4218.000000,N,07106.000000,W,0,10.0,1.0,45.0,0.0,0.0,032441.15*62
2021-07-29 04:24:43,268 [INFO] Interpreted as: {'position': (0.0, 0.0), 'latlon': (42.3, -71.1), 'heading': 45.0, 'depth': 1.0, 'altitude': 10.0, 'roll': 0.0, 'pitch': 0.0, 'last_fix_time': datetime.datetime(2021, 7, 29, 3, 24, 41), 'speed': None, 'rudder': 0, 'datum': (42.3, -71.1)}
2021-07-29 04:24:43,269 [INFO] Processing: $BFNVG,032441.49,4218.000101,N,07105.999867,W,0,10.0,1.0,46.6,0.0,0.0,032441.49*64
2021-07-29 04:24:43,272 [INFO] Interpreted as: {'position': (0.1873388925450854, 0.1824110420420766), 'latlon': (42.300001683333335, -71.09999778333334), 'heading': 46.6, 'depth': 1.0, 'altitude': 10.0, 'roll': 0.0, 'pitch': 0.0, 'last_fix_time': datetime.datetime(2021, 7, 29, 3, 24, 41), 'speed': None, 'rudder': 0, 'datum': (42.3, -71.1)}
2021-07-29 04:24:43,273 [INFO] Processing: $BFNVG,032441.83,4218.000200,N,07105.999728,W,0,10.0,1.0,48.2,0.0,0.0,032441.83*68
2021-07-29 04:24:43,275 [INFO] Interpreted as: {'position': (0.3828297118889168, 0.36091726180166006), 'latlon': (42.300003333333336, -71.09999546666667), 'heading': 48.2, 'depth': 1.0, 'altitude': 10.0, 'roll': 0.0, 'pitch': 0.0, 'last_fix_time': datetime.datetime(2021, 7, 29, 3, 24, 41), 'speed': None, 'rudder': 0, 'datum': (42.3, -71.1)}
2021-07-29 04:24:43,277 [INFO] Processing: $BFNVG,032442.17,4218.000296,N,07105.999587,W,0,10.0,1.0,49.8,0.0,0.0,032442.17*6B
2021-07-29 04:24:43,279 [INFO] Interpreted as: {'position': (0.580931265023537, 0.5338035859167576), 'latlon': (42.300004933333334, -71.09999311666667), 'heading': 49.8, 'depth': 1.0, 'altitude': 10.0, 'roll': 0.0, 'pitch': 0.0, 'last_fix_time': datetime.datetime(2021, 7, 29, 3, 24, 42), 'speed': None, 'rudder': 0, 'datum': (42.3, -71.1)}
2021-07-29 04:24:43,280 [INFO] Received from Frontseat: [b'$BFNVG,032441.15,4218.000000,N,07106.000000,W,0,10.0,1.0,45.0,0.0,0.0,032441.15*62', b'$BFNVG,032441.49,4218.000101,N,07105.999867,W,0,10.0,1.0,46.6,0.0,0.0,032441.49*64', b'$BFNVG,032441.83,4218.000200,N,07105.999728,W,0,10.0,1.0,48.2,0.0,0.0,032441.83*68', b'$BFNVG,032442.17,4218.000296,N,07105.999587,W,0,10.0,1.0,49.8,0.0,0.0,032442.17*6B']
2021-07-29 04:24:43,280 [INFO] AUV state: {'position': (0.580931265023537, 0.5338035859167576), 'latlon': (42.300004933333334, -71.09999311666667), 'heading': 49.8, 'depth': 1.0, 'altitude': 10.0, 'roll': 0.0, 'pitch': 0.0, 'last_fix_time': datetime.datetime(2021, 7, 29, 3, 24, 42), 'speed': None, 'rudder': 0, 'datum': (42.3, -71.1)}
2021-07-29 04:24:43,613 [INFO] **** [(-5.917651028887651, -8.416713146262568)] [(11.72579386104566, -8.232310326465793)]
2021-07-29 04:24:43,615 [INFO] Next green buoy: [(-5.917651028887651, -8.416713146262568)], next red buoy: [(11.72579386104566, -8.232310326465793)]
2021-07-29 04:24:43,616 [INFO] Desired_heading: 52.704071416079
2021-07-29 04:24:43,616 [INFO] delta angle: 11.497627055993352
2021-07-29 04:24:43,617 [INFO] sending message $BPRMB,032444.23,-11.497627055993352,1,0,750,0,1*46
...
2021-07-29 04:24:44,619 [INFO] sending message $BPSTS,032444.61,1,BWSI Autonomy OK*46
...
2021-07-29 04:24:44,620 [INFO] Processing: $BFNVG,032442.51,4218.000389,N,07105.999442,W,0,10.0,1.0,51.4,0.0,0.0,032442.51*69
2021-07-29 04:24:44,623 [INFO] Interpreted as: {'position': (0.7843913112883456, 0.701002205722034), 'latlon': (42.300006483333334, -71.0999907), 'heading': 51.4, 'depth': 1.0, 'altitude': 10.0, 'roll': 0.0, 'pitch': 0.0, 'last_fix_time': datetime.datetime(2021, 7, 29, 3, 24, 42), 'speed': None, 'rudder': 0, 'datum': (42.3, -71.1)}
2021-07-29 04:24:44,625 [INFO] Processing: $BFNVG,032442.85,4218.000479,N,07105.999293,W,0,10.0,1.0,53.0,0.0,0.0,032442.85*6D
2021-07-29 04:24:44,627 [INFO] Interpreted as: {'position': (0.993209850974381, 0.8625131193548441), 'latlon': (42.30000798333333, -71.09998821666667), 'heading': 53.0, 'depth': 1.0, 'altitude': 10.0, 'roll': 0.0, 'pitch': 0.0, 'last_fix_time': datetime.datetime(2021, 7, 29, 3, 24, 42), 'speed': None, 'rudder': 0, 'datum': (42.3, -71.1)}
2021-07-29 04:24:44,628 [INFO] Processing: $BFNVG,032443.20,4218.000566,N,07105.999141,W,0,10.0,1.0,54.6,0.0,0.0,032443.20*6F
2021-07-29 04:24:44,631 [INFO] Interpreted as: {'position': (1.206013006507419, 1.0183702344074845), 'latlon': (42.30000943333334, -71.09998568333333), 'heading': 54.6, 'depth': 1.0, 'altitude': 10.0, 'roll': 0.0, 'pitch': 0.0, 'last_fix_time': datetime.datetime(2021, 7, 29, 3, 24, 43), 'speed': None, 'rudder': 0, 'datum': (42.3, -71.1)}
2021-07-29 04:24:44,632 [INFO] Processing: $BFNVG,032443.54,4218.000650,N,07105.998986,W,0,10.0,1.0,56.2,0.0,0.0,032443.54*6D
2021-07-29 04:24:44,635 [INFO] Interpreted as: {'position': (1.4228007739875466, 1.1685735490173101), 'latlon': (42.30001083333333, -71.0999831), 'heading': 56.2, 'depth': 1.0, 'altitude': 10.0, 'roll': 0.0, 'pitch': 0.0, 'last_fix_time': datetime.datetime(2021, 7, 29, 3, 24, 43), 'speed': None, 'rudder': 0, 'datum': (42.3, -71.1)}
2021-07-29 04:24:44,636 [INFO] Received from Frontseat: [b'$BFNVG,032442.51,4218.000389,N,07105.999442,W,0,10.0,1.0,51.4,0.0,0.0,032442.51*69', b'$BFNVG,032442.85,4218.000479,N,07105.999293,W,0,10.0,1.0,53.0,0.0,0.0,032442.85*6D', b'$BFNVG,032443.20,4218.000566,N,07105.999141,W,0,10.0,1.0,54.6,0.0,0.0,032443.20*6F', b'$BFNVG,032443.54,4218.000650,N,07105.998986,W,0,10.0,1.0,56.2,0.0,0.0,032443.54*6D']
2021-07-29 04:24:44,637 [INFO] AUV state: {'position': (1.4228007739875466, 1.1685735490173101), 'latlon': (42.30001083333333, -71.0999831), 'heading': 56.2, 'depth': 1.0, 'altitude': 10.0, 'roll': 0.0, 'pitch': 0.0, 'last_fix_time': datetime.datetime(2021, 7, 29, 3, 24, 43), 'speed': None, 'rudder': 0, 'datum': (42.3, -71.1)}
2021-07-29 04:24:44,952 [INFO] **** [(-14.306760386777446, -9.858546420118163)] [(6.048013435449997, -9.47220566263804)]
2021-07-29 04:24:44,954 [INFO] Next green buoy: [(-14.306760386777446, -9.858546420118163)], next red buoy: [(6.048013435449997, -9.47220566263804)]
2021-07-29 04:24:44,955 [INFO] Desired_heading: 52.07062652433628
2021-07-29 04:24:44,955 [INFO] delta angle: -25
2021-07-29 04:24:44,956 [INFO] sending message $BPRMB,032444.99,25,1,0,750,0,1*7d
...
2021-07-29 04:24:45,958 [INFO] sending message $BPSTS,032445.95,1,BWSI Autonomy OK*4c
...
2021-07-29 04:24:45,959 [INFO] Processing: $BFNVG,032443.88,4218.000730,N,07105.998828,W,0,10.0,1.0,57.8,0.0,0.0,032443.88*64
2021-07-29 04:24:45,962 [INFO] Interpreted as: {'position': (1.6435274840332568, 1.3112723659723997), 'latlon': (42.30001216666667, -71.09998046666666), 'heading': 57.8, 'depth': 1.0, 'altitude': 10.0, 'roll': 0.0, 'pitch': 0.0, 'last_fix_time': datetime.datetime(2021, 7, 29, 3, 24, 43), 'speed': None, 'rudder': 0, 'datum': (42.3, -71.1)}
2021-07-29 04:24:45,963 [INFO] Processing: $BFNVG,032444.22,4218.000808,N,07105.998669,W,0,10.0,1.0,58.5,0.0,0.0,032444.22*69
2021-07-29 04:24:45,965 [INFO] Interpreted as: {'position': (1.8655367234023288, 1.4502358930185437), 'latlon': (42.30001346666667, -71.09997781666667), 'heading': 58.5, 'depth': 1.0, 'altitude': 10.0, 'roll': 0.0, 'pitch': 0.0, 'last_fix_time': datetime.datetime(2021, 7, 29, 3, 24, 44), 'speed': None, 'rudder': 0, 'datum': (42.3, -71.1)}
2021-07-29 04:24:45,967 [INFO] Processing: $BFNVG,032444.56,4218.000884,N,07105.998508,W,0,10.0,1.0,59.3,0.0,0.0,032444.56*6E
2021-07-29 04:24:45,970 [INFO] Interpreted as: {'position': (2.090202367398888, 1.5854302225634456), 'latlon': (42.300014733333335, -71.09997513333333), 'heading': 59.3, 'depth': 1.0, 'altitude': 10.0, 'roll': 0.0, 'pitch': 0.0, 'last_fix_time': datetime.datetime(2021, 7, 29, 3, 24, 44), 'speed': None, 'rudder': 0, 'datum': (42.3, -71.1)}
2021-07-29 04:24:45,972 [INFO] Processing: $BFNVG,032444.90,4218.000958,N,07105.998345,W,0,10.0,1.0,60.0,0.0,0.0,032444.90*68
2021-07-29 04:24:45,974 [INFO] Interpreted as: {'position': (2.3175244185258634, 1.7168553555384278), 'latlon': (42.30001596666666, -71.09997241666666), 'heading': 60.0, 'depth': 1.0, 'altitude': 10.0, 'roll': 0.0, 'pitch': 0.0, 'last_fix_time': datetime.datetime(2021, 7, 29, 3, 24, 44), 'speed': None, 'rudder': 0, 'datum': (42.3, -71.1)}
2021-07-29 04:24:45,974 [INFO] Received from Frontseat: [b'$BFNVG,032443.88,4218.000730,N,07105.998828,W,0,10.0,1.0,57.8,0.0,0.0,032443.88*64', b'$BFNVG,032444.22,4218.000808,N,07105.998669,W,0,10.0,1.0,58.5,0.0,0.0,032444.22*69', b'$BFNVG,032444.56,4218.000884,N,07105.998508,W,0,10.0,1.0,59.3,0.0,0.0,032444.56*6E', b'$BFNVG,032444.90,4218.000958,N,07105.998345,W,0,10.0,1.0,60.0,0.0,0.0,032444.90*68']
2021-07-29 04:24:45,976 [INFO] AUV state: {'position': (2.3175244185258634, 1.7168553555384278), 'latlon': (42.30001596666666, -71.09997241666666), 'heading': 60.0, 'depth': 1.0, 'altitude': 10.0, 'roll': 0.0, 'pitch': 0.0, 'last_fix_time': datetime.datetime(2021, 7, 29, 3, 24, 44), 'speed': None, 'rudder': 0, 'datum': (42.3, -71.1)}
2021-07-29 04:24:46,311 [INFO] **** [(-21.426976517252132, -11.916940943353946)] [(2.485291210831931, -11.394677246030872)]
2021-07-29 04:24:46,313 [INFO] Next green buoy: [(-21.426976517252132, -11.916940943353946)], next red buoy: [(2.485291210831931, -11.394677246030872)]
2021-07-29 04:24:46,313 [INFO] Desired_heading: 50.5291573467899
2021-07-29 04:24:46,314 [INFO] delta angle: 25
2021-07-29 04:24:46,314 [INFO] sending message $BPRMB,032446.91,-25,1,0,750,0,1*5a
...
2021-07-29 04:24:47,316 [INFO] sending message $BPSTS,032447.31,1,BWSI Autonomy OK*40
...
2021-07-29 04:24:47,324 [INFO] Processing: $BFNVG,032445.24,4218.001032,N,07105.998180,W,0,10.0,1.0,60.7,0.0,0.0,032445.24*60
2021-07-29 04:24:47,326 [INFO] Interpreted as: {'position': (2.5475942199118435, 1.848212688229978), 'latlon': (42.3000172, -71.09996966666667), 'heading': 60.7, 'depth': 1.0, 'altitude': 10.0, 'roll': 0.0, 'pitch': 0.0, 'last_fix_time': datetime.datetime(2021, 7, 29, 3, 24, 45), 'speed': None, 'rudder': 0, 'datum': (42.3, -71.1)}
2021-07-29 04:24:47,327 [INFO] Processing: $BFNVG,032445.58,4218.001106,N,07105.998017,W,0,10.0,1.0,59.1,0.0,0.0,032445.58*65
2021-07-29 04:24:47,329 [INFO] Interpreted as: {'position': (2.774916253518313, 1.9796378361061215), 'latlon': (42.300018433333335, -71.09996695), 'heading': 59.1, 'depth': 1.0, 'altitude': 10.0, 'roll': 0.0, 'pitch': 0.0, 'last_fix_time': datetime.datetime(2021, 7, 29, 3, 24, 45), 'speed': None, 'rudder': 0, 'datum': (42.3, -71.1)}
2021-07-29 04:24:47,331 [INFO] Processing: $BFNVG,032445.92,4218.001184,N,07105.997857,W,0,10.0,1.0,57.6,0.0,0.0,032445.92*65
2021-07-29 04:24:47,333 [INFO] Interpreted as: {'position': (2.9982993258163333, 2.118567492812872), 'latlon': (42.300019733333336, -71.09996428333334), 'heading': 57.6, 'depth': 1.0, 'altitude': 10.0, 'roll': 0.0, 'pitch': 0.0, 'last_fix_time': datetime.datetime(2021, 7, 29, 3, 24, 45), 'speed': None, 'rudder': 0, 'datum': (42.3, -71.1)}
2021-07-29 04:24:47,334 [INFO] Received from Frontseat: [b'$BFNVG,032445.24,4218.001032,N,07105.998180,W,0,10.0,1.0,60.7,0.0,0.0,032445.24*60', b'$BFNVG,032445.58,4218.001106,N,07105.998017,W,0,10.0,1.0,59.1,0.0,0.0,032445.58*65', b'$BFNVG,032445.92,4218.001184,N,07105.997857,W,0,10.0,1.0,57.6,0.0,0.0,032445.92*65']
2021-07-29 04:24:47,335 [INFO] AUV state: {'position': (2.9982993258163333, 2.118567492812872), 'latlon': (42.300019733333336, -71.09996428333334), 'heading': 57.6, 'depth': 1.0, 'altitude': 10.0, 'roll': 0.0, 'pitch': 0.0, 'last_fix_time': datetime.datetime(2021, 7, 29, 3, 24, 45), 'speed': None, 'rudder': 0, 'datum': (42.3, -71.1)}
2021-07-29 04:24:47,680 [INFO] **** [(-22.382275656099782, -13.847798114153987)] [(5.670936435092062, -13.360367119294107)]
2021-07-29 04:24:47,683 [INFO] Next green buoy: [(-22.382275656099782, -13.847798114153987)], next red buoy: [(5.670936435092062, -13.360367119294107)]
2021-07-29 04:24:47,683 [INFO] Desired_heading: 49.24433038949614
2021-07-29 04:24:47,683 [INFO] delta angle: -25
2021-07-29 04:24:47,684 [INFO] sending message $BPRMB,032447.71,25,1,0,750,0,1*78
...
2021-07-29 04:24:48,686 [INFO] sending message $BPSTS,032448.68,1,BWSI Autonomy OK*43
...
2021-07-29 04:24:48,688 [INFO] Processing: $BFNVG,032446.26,4218.001265,N,07105.997699,W,0,10.0,1.0,56.0,0.0,0.0,032446.26*62
2021-07-29 04:24:48,692 [INFO] Interpreted as: {'position': (3.2190716461045668, 2.2631170554086566), 'latlon': (42.300021083333334, -71.09996165), 'heading': 56.0, 'depth': 1.0, 'altitude': 10.0, 'roll': 0.0, 'pitch': 0.0, 'last_fix_time': datetime.datetime(2021, 7, 29, 3, 24, 46), 'speed': None, 'rudder': 0, 'datum': (42.3, -71.1)}
2021-07-29 04:24:48,694 [INFO] Processing: $BFNVG,032446.60,4218.001349,N,07105.997545,W,0,10.0,1.0,54.3,0.0,0.0,032446.60*6E
2021-07-29 04:24:48,696 [INFO] Interpreted as: {'position': (3.43448545364663, 2.4133543334901333), 'latlon': (42.300022483333336, -71.09995908333333), 'heading': 54.3, 'depth': 1.0, 'altitude': 10.0, 'roll': 0.0, 'pitch': 0.0, 'last_fix_time': datetime.datetime(2021, 7, 29, 3, 24, 46), 'speed': None, 'rudder': 0, 'datum': (42.3, -71.1)}
2021-07-29 04:24:48,698 [INFO] Processing: $BFNVG,032446.94,4218.001433,N,07105.997391,W,0,10.0,1.0,55.9,0.0,0.0,032446.94*60
2021-07-29 04:24:48,701 [INFO] Interpreted as: {'position': (3.649899249779992, 2.5635916190221906), 'latlon': (42.30002388333333, -71.09995651666667), 'heading': 55.9, 'depth': 1.0, 'altitude': 10.0, 'roll': 0.0, 'pitch': 0.0, 'last_fix_time': datetime.datetime(2021, 7, 29, 3, 24, 46), 'speed': None, 'rudder': 0, 'datum': (42.3, -71.1)}
2021-07-29 04:24:48,703 [INFO] Processing: $BFNVG,032447.29,4218.001514,N,07105.997233,W,0,10.0,1.0,57.5,0.0,0.0,032447.29*63
2021-07-29 04:24:48,706 [INFO] Interpreted as: {'position': (3.870671540265903, 2.708141203969717), 'latlon': (42.300025233333336, -71.09995388333333), 'heading': 57.5, 'depth': 1.0, 'altitude': 10.0, 'roll': 0.0, 'pitch': 0.0, 'last_fix_time': datetime.datetime(2021, 7, 29, 3, 24, 47), 'speed': None, 'rudder': 0, 'datum': (42.3, -71.1)}
2021-07-29 04:24:48,707 [INFO] Received from Frontseat: [b'$BFNVG,032446.26,4218.001265,N,07105.997699,W,0,10.0,1.0,56.0,0.0,0.0,032446.26*62', b'$BFNVG,032446.60,4218.001349,N,07105.997545,W,0,10.0,1.0,54.3,0.0,0.0,032446.60*6E', b'$BFNVG,032446.94,4218.001433,N,07105.997391,W,0,10.0,1.0,55.9,0.0,0.0,032446.94*60', b'$BFNVG,032447.29,4218.001514,N,07105.997233,W,0,10.0,1.0,57.5,0.0,0.0,032447.29*63']
2021-07-29 04:24:48,709 [INFO] AUV state: {'position': (3.870671540265903, 2.708141203969717), 'latlon': (42.300025233333336, -71.09995388333333), 'heading': 57.5, 'depth': 1.0, 'altitude': 10.0, 'roll': 0.0, 'pitch': 0.0, 'last_fix_time': datetime.datetime(2021, 7, 29, 3, 24, 47), 'speed': None, 'rudder': 0, 'datum': (42.3, -71.1)}
2021-07-29 04:24:49,022 [INFO] **** [] [(7.993156952526907, -17.307211715060276), (-16.657654214707836, -4.798400656143506)]
2021-07-29 04:24:49,025 [INFO] Next green buoy: [], next red buoy: [(7.993156952526907, -17.307211715060276), (-16.657654214707836, -4.798400656143506)]
2021-07-29 04:24:49,025 [INFO] Desired_heading: 65.4931569525269
2021-07-29 04:24:49,026 [INFO] delta angle: 25
2021-07-29 04:24:49,026 [INFO] sending message $BPRMB,032449.65,-25,1,0,750,0,1*5e
...
2021-07-29 04:24:50,028 [INFO] sending message $BPSTS,032450.02,1,BWSI Autonomy OK*46
...
2021-07-29 04:24:50,029 [INFO] Processing: $BFNVG,032447.63,4218.001591,N,07105.997073,W,0,10.0,1.0,59.1,0.0,0.0,032447.63*62
2021-07-29 04:24:50,032 [INFO] Interpreted as: {'position': (4.09400889580138, 2.845220196992159), 'latlon': (42.30002651666667, -71.09995121666667), 'heading': 59.1, 'depth': 1.0, 'altitude': 10.0, 'roll': 0.0, 'pitch': 0.0, 'last_fix_time': datetime.datetime(2021, 7, 29, 3, 24, 47), 'speed': None, 'rudder': 0, 'datum': (42.3, -71.1)}
2021-07-29 04:24:50,032 [INFO] Processing: $BFNVG,032447.97,4218.001665,N,07105.996909,W,0,10.0,1.0,60.7,0.0,0.0,032447.97*63
2021-07-29 04:24:50,035 [INFO] Interpreted as: {'position': (4.322704746271484, 2.9766114884987473), 'latlon': (42.30002775, -71.09994848333334), 'heading': 60.7, 'depth': 1.0, 'altitude': 10.0, 'roll': 0.0, 'pitch': 0.0, 'last_fix_time': datetime.datetime(2021, 7, 29, 3, 24, 47), 'speed': None, 'rudder': 0, 'datum': (42.3, -71.1)}
2021-07-29 04:24:50,036 [INFO] Processing: $BFNVG,032448.32,4218.001741,N,07105.996742,W,0,10.0,1.0,59.1,0.0,0.0,032448.32*69
2021-07-29 04:24:50,038 [INFO] Interpreted as: {'position': (4.555613567354158, 3.1116024693474174), 'latlon': (42.30002901666667, -71.0999457), 'heading': 59.1, 'depth': 1.0, 'altitude': 10.0, 'roll': 0.0, 'pitch': 0.0, 'last_fix_time': datetime.datetime(2021, 7, 29, 3, 24, 48), 'speed': None, 'rudder': 0, 'datum': (42.3, -71.1)}
2021-07-29 04:24:50,039 [INFO] Processing: $BFNVG,032448.66,4218.001819,N,07105.996583,W,0,10.0,1.0,57.5,0.0,0.0,032448.66*6E
2021-07-29 04:24:50,041 [INFO] Interpreted as: {'position': (4.777622689958662, 3.2505660839378834), 'latlon': (42.300030316666664, -71.09994305), 'heading': 57.5, 'depth': 1.0, 'altitude': 10.0, 'roll': 0.0, 'pitch': 0.0, 'last_fix_time': datetime.datetime(2021, 7, 29, 3, 24, 48), 'speed': None, 'rudder': 0, 'datum': (42.3, -71.1)}
2021-07-29 04:24:50,042 [INFO] Received from Frontseat: [b'$BFNVG,032447.63,4218.001591,N,07105.997073,W,0,10.0,1.0,59.1,0.0,0.0,032447.63*62', b'$BFNVG,032447.97,4218.001665,N,07105.996909,W,0,10.0,1.0,60.7,0.0,0.0,032447.97*63', b'$BFNVG,032448.32,4218.001741,N,07105.996742,W,0,10.0,1.0,59.1,0.0,0.0,032448.32*69', b'$BFNVG,032448.66,4218.001819,N,07105.996583,W,0,10.0,1.0,57.5,0.0,0.0,032448.66*6E']
2021-07-29 04:24:50,042 [INFO] AUV state: {'position': (4.777622689958662, 3.2505660839378834), 'latlon': (42.300030316666664, -71.09994305), 'heading': 57.5, 'depth': 1.0, 'altitude': 10.0, 'roll': 0.0, 'pitch': 0.0, 'last_fix_time': datetime.datetime(2021, 7, 29, 3, 24, 48), 'speed': None, 'rudder': 0, 'datum': (42.3, -71.1)}
2021-07-29 04:24:50,384 [INFO] **** [] [(10.709957129127803, -23.92491899422163), (-18.296953288502376, -5.246254695314597)]
2021-07-29 04:24:50,386 [INFO] Next green buoy: [], next red buoy: [(10.709957129127803, -23.92491899422163), (-18.296953288502376, -5.246254695314597)]
2021-07-29 04:24:50,386 [INFO] Desired_heading: 68.2099571291278
2021-07-29 04:24:50,386 [INFO] delta angle: -25
2021-07-29 04:24:50,387 [INFO] sending message $BPRMB,032450.40,25,1,0,750,0,1*7c
...
2021-07-29 04:24:51,388 [INFO] sending message $BPSTS,032451.38,1,BWSI Autonomy OK*4e
...
2021-07-29 04:24:51,390 [INFO] Processing: $BFNVG,032449.00,4218.001899,N,07105.996425,W,0,10.0,1.0,55.9,0.0,0.0,032449.00*65
2021-07-29 04:24:51,392 [INFO] Interpreted as: {'position': (4.998349264031276, 3.3932650070637465), 'latlon': (42.30003165, -71.09994041666667), 'heading': 55.9, 'depth': 1.0, 'altitude': 10.0, 'roll': 0.0, 'pitch': 0.0, 'last_fix_time': datetime.datetime(2021, 7, 29, 3, 24, 49), 'speed': None, 'rudder': 0, 'datum': (42.3, -71.1)}
2021-07-29 04:24:51,393 [INFO] Processing: $BFNVG,032449.35,4218.001983,N,07105.996263,W,0,10.0,1.0,57.6,0.0,0.0,032449.35*66
2021-07-29 04:24:51,395 [INFO] Interpreted as: {'position': (5.224754028371535, 3.543231106363237), 'latlon': (42.30003305, -71.09993771666667), 'heading': 57.6, 'depth': 1.0, 'altitude': 10.0, 'roll': 0.0, 'pitch': 0.0, 'last_fix_time': datetime.datetime(2021, 7, 29, 3, 24, 49), 'speed': None, 'rudder': 0, 'datum': (42.3, -71.1)}
2021-07-29 04:24:51,396 [INFO] Processing: $BFNVG,032449.69,4218.002060,N,07105.996102,W,0,10.0,1.0,59.2,0.0,0.0,032449.69*6F
2021-07-29 04:24:51,398 [INFO] Interpreted as: {'position': (5.449465211073402, 3.680276235565543), 'latlon': (42.300034333333336, -71.09993503333334), 'heading': 59.2, 'depth': 1.0, 'altitude': 10.0, 'roll': 0.0, 'pitch': 0.0, 'last_fix_time': datetime.datetime(2021, 7, 29, 3, 24, 49), 'speed': None, 'rudder': 0, 'datum': (42.3, -71.1)}
2021-07-29 04:24:51,400 [INFO] Processing: $BFNVG,032450.03,4218.002134,N,07105.995940,W,0,10.0,1.0,60.8,0.0,0.0,032450.03*62
2021-07-29 04:24:51,402 [INFO] Interpreted as: {'position': (5.6754132497590035, 3.8117353785783052), 'latlon': (42.300035566666665, -71.09993233333333), 'heading': 60.8, 'depth': 1.0, 'altitude': 10.0, 'roll': 0.0, 'pitch': 0.0, 'last_fix_time': datetime.datetime(2021, 7, 29, 3, 24, 50), 'speed': None, 'rudder': 0, 'datum': (42.3, -71.1)}
2021-07-29 04:24:51,403 [INFO] Received from Frontseat: [b'$BFNVG,032449.00,4218.001899,N,07105.996425,W,0,10.0,1.0,55.9,0.0,0.0,032449.00*65', b'$BFNVG,032449.35,4218.001983,N,07105.996263,W,0,10.0,1.0,57.6,0.0,0.0,032449.35*66', b'$BFNVG,032449.69,4218.002060,N,07105.996102,W,0,10.0,1.0,59.2,0.0,0.0,032449.69*6F', b'$BFNVG,032450.03,4218.002134,N,07105.995940,W,0,10.0,1.0,60.8,0.0,0.0,032450.03*62']
2021-07-29 04:24:51,405 [INFO] AUV state: {'position': (5.6754132497590035, 3.8117353785783052), 'latlon': (42.300035566666665, -71.09993233333333), 'heading': 60.8, 'depth': 1.0, 'altitude': 10.0, 'roll': 0.0, 'pitch': 0.0, 'last_fix_time': datetime.datetime(2021, 7, 29, 3, 24, 50), 'speed': None, 'rudder': 0, 'datum': (42.3, -71.1)}
2021-07-29 04:24:51,774 [INFO] **** [] [(14.225221408300538, -23.69958633019942), (-23.145114316591734, -5.782355991333208)]
2021-07-29 04:24:51,777 [INFO] Next green buoy: [], next red buoy: [(14.225221408300538, -23.69958633019942), (-23.145114316591734, -5.782355991333208)]
2021-07-29 04:24:51,777 [INFO] Desired_heading: 75.02522140830054
2021-07-29 04:24:51,778 [INFO] delta angle: -25
2021-07-29 04:24:51,779 [INFO] sending message $BPRMB,032452.37,25,1,0,750,0,1*7e
...
2021-07-29 04:24:52,781 [INFO] sending message $BPSTS,032452.78,1,BWSI Autonomy OK*49
...
2021-07-29 04:24:52,783 [INFO] Processing: $BFNVG,032450.37,4218.002205,N,07105.995773,W,0,10.0,1.0,62.4,0.0,0.0,032450.37*63
2021-07-29 04:24:52,785 [INFO] Interpreted as: {'position': (5.9080936630489305, 3.9374729162082076), 'latlon': (42.30003675, -71.09992955), 'heading': 62.4, 'depth': 1.0, 'altitude': 10.0, 'roll': 0.0, 'pitch': 0.0, 'last_fix_time': datetime.datetime(2021, 7, 29, 3, 24, 50), 'speed': None, 'rudder': 0, 'datum': (42.3, -71.1)}
2021-07-29 04:24:52,787 [INFO] Processing: $BFNVG,032450.71,4218.002276,N,07105.995608,W,0,10.0,1.0,60.8,0.0,0.0,032450.71*64
2021-07-29 04:24:52,790 [INFO] Interpreted as: {'position': (6.138026309898123, 4.063278270885348), 'latlon': (42.300037933333336, -71.0999268), 'heading': 60.8, 'depth': 1.0, 'altitude': 10.0, 'roll': 0.0, 'pitch': 0.0, 'last_fix_time': datetime.datetime(2021, 7, 29, 3, 24, 50), 'speed': None, 'rudder': 0, 'datum': (42.3, -71.1)}
2021-07-29 04:24:52,792 [INFO] Processing: $BFNVG,032451.06,4218.002352,N,07105.995440,W,0,10.0,1.0,59.1,0.0,0.0,032451.06*6E
2021-07-29 04:24:52,794 [INFO] Interpreted as: {'position': (6.372308939462528, 4.198235406540334), 'latlon': (42.3000392, -71.099924), 'heading': 59.1, 'depth': 1.0, 'altitude': 10.0, 'roll': 0.0, 'pitch': 0.0, 'last_fix_time': datetime.datetime(2021, 7, 29, 3, 24, 51), 'speed': None, 'rudder': 0, 'datum': (42.3, -71.1)}
2021-07-29 04:24:52,795 [INFO] Processing: $BFNVG,032451.40,4218.002430,N,07105.995279,W,0,10.0,1.0,57.5,0.0,0.0,032451.40*6B
2021-07-29 04:24:52,797 [INFO] Interpreted as: {'position': (6.597065746085718, 4.337131270207465), 'latlon': (42.3000405, -71.09992131666667), 'heading': 57.5, 'depth': 1.0, 'altitude': 10.0, 'roll': 0.0, 'pitch': 0.0, 'last_fix_time': datetime.datetime(2021, 7, 29, 3, 24, 51), 'speed': None, 'rudder': 0, 'datum': (42.3, -71.1)}
2021-07-29 04:24:52,798 [INFO] Received from Frontseat: [b'$BFNVG,032450.37,4218.002205,N,07105.995773,W,0,10.0,1.0,62.4,0.0,0.0,032450.37*63', b'$BFNVG,032450.71,4218.002276,N,07105.995608,W,0,10.0,1.0,60.8,0.0,0.0,032450.71*64', b'$BFNVG,032451.06,4218.002352,N,07105.995440,W,0,10.0,1.0,59.1,0.0,0.0,032451.06*6E', b'$BFNVG,032451.40,4218.002430,N,07105.995279,W,0,10.0,1.0,57.5,0.0,0.0,032451.40*6B']
2021-07-29 04:24:52,800 [INFO] AUV state: {'position': (6.597065746085718, 4.337131270207465), 'latlon': (42.3000405, -71.09992131666667), 'heading': 57.5, 'depth': 1.0, 'altitude': 10.0, 'roll': 0.0, 'pitch': 0.0, 'last_fix_time': datetime.datetime(2021, 7, 29, 3, 24, 51), 'speed': None, 'rudder': 0, 'datum': (42.3, -71.1)}
2021-07-29 04:24:53,116 [INFO] **** [] [(-22.20658512664263, -6.326995131027861)]
2021-07-29 04:24:53,119 [INFO] Next green buoy: [], next red buoy: [(-22.20658512664263, -6.326995131027861)]
2021-07-29 04:24:53,119 [INFO] Desired_heading: 35.29341487335737
2021-07-29 04:24:53,120 [INFO] delta angle: -25
2021-07-29 04:24:53,120 [INFO] sending message $BPRMB,032453.18,25,1,0,750,0,1*72
...
2021-07-29 04:24:54,122 [INFO] sending message $BPSTS,032454.12,1,BWSI Autonomy OK*43
...
2021-07-29 04:24:54,124 [INFO] Processing: $BFNVG,032451.74,4218.002511,N,07105.995122,W,0,10.0,1.0,55.9,0.0,0.0,032451.74*6A
2021-07-29 04:24:54,126 [INFO] Interpreted as: {'position': (6.8164640391478315, 4.4817148465663195), 'latlon': (42.30004185, -71.0999187), 'heading': 55.9, 'depth': 1.0, 'altitude': 10.0, 'roll': 0.0, 'pitch': 0.0, 'last_fix_time': datetime.datetime(2021, 7, 29, 3, 24, 51), 'speed': None, 'rudder': 0, 'datum': (42.3, -71.1)}
2021-07-29 04:24:54,127 [INFO] Processing: $BFNVG,032452.08,4218.002595,N,07105.994968,W,0,10.0,1.0,54.3,0.0,0.0,032452.08*6A
2021-07-29 04:24:54,129 [INFO] Interpreted as: {'position': (7.031877699540928, 4.631952233612537), 'latlon': (42.30004325, -71.09991613333334), 'heading': 54.3, 'depth': 1.0, 'altitude': 10.0, 'roll': 0.0, 'pitch': 0.0, 'last_fix_time': datetime.datetime(2021, 7, 29, 3, 24, 52), 'speed': None, 'rudder': 0, 'datum': (42.3, -71.1)}
2021-07-29 04:24:54,130 [INFO] Processing: $BFNVG,032452.42,4218.002682,N,07105.994817,W,0,10.0,1.0,52.7,0.0,0.0,032452.42*64
2021-07-29 04:24:54,132 [INFO] Interpreted as: {'position': (7.24330672272481, 4.787843426689506), 'latlon': (42.3000447, -71.09991361666667), 'heading': 52.7, 'depth': 1.0, 'altitude': 10.0, 'roll': 0.0, 'pitch': 0.0, 'last_fix_time': datetime.datetime(2021, 7, 29, 3, 24, 52), 'speed': None, 'rudder': 0, 'datum': (42.3, -71.1)}
2021-07-29 04:24:54,134 [INFO] Processing: $BFNVG,032452.77,4218.002772,N,07105.994669,W,0,10.0,1.0,51.1,0.0,0.0,032452.77*68
2021-07-29 04:24:54,136 [INFO] Interpreted as: {'position': (7.450751110678539, 4.949388429522514), 'latlon': (42.3000462, -71.09991115), 'heading': 51.1, 'depth': 1.0, 'altitude': 10.0, 'roll': 0.0, 'pitch': 0.0, 'last_fix_time': datetime.datetime(2021, 7, 29, 3, 24, 52), 'speed': None, 'rudder': 0, 'datum': (42.3, -71.1)}
2021-07-29 04:24:54,137 [INFO] Received from Frontseat: [b'$BFNVG,032451.74,4218.002511,N,07105.995122,W,0,10.0,1.0,55.9,0.0,0.0,032451.74*6A', b'$BFNVG,032452.08,4218.002595,N,07105.994968,W,0,10.0,1.0,54.3,0.0,0.0,032452.08*6A', b'$BFNVG,032452.42,4218.002682,N,07105.994817,W,0,10.0,1.0,52.7,0.0,0.0,032452.42*64', b'$BFNVG,032452.77,4218.002772,N,07105.994669,W,0,10.0,1.0,51.1,0.0,0.0,032452.77*68']
2021-07-29 04:24:54,138 [INFO] AUV state: {'position': (7.450751110678539, 4.949388429522514), 'latlon': (42.3000462, -71.09991115), 'heading': 51.1, 'depth': 1.0, 'altitude': 10.0, 'roll': 0.0, 'pitch': 0.0, 'last_fix_time': datetime.datetime(2021, 7, 29, 3, 24, 52), 'speed': None, 'rudder': 0, 'datum': (42.3, -71.1)}
2021-07-29 04:24:54,446 [INFO] **** [] [(-18.026106543562083, -7.011672734220204), (-4.499003705584792, -4.482847578532451)]
2021-07-29 04:24:54,448 [INFO] Next green buoy: [], next red buoy: [(-18.026106543562083, -7.011672734220204), (-4.499003705584792, -4.482847578532451)]
2021-07-29 04:24:54,449 [INFO] Desired_heading: 33.073893456437915
2021-07-29 04:24:54,449 [INFO] delta angle: -23.684189138514284
2021-07-29 04:24:54,449 [INFO] sending message $BPRMB,032455.05,23.684189138514284,1,0,750,0,1*6e
...
2021-07-29 04:24:55,451 [INFO] sending message $BPSTS,032455.45,1,BWSI Autonomy OK*40
...
2021-07-29 04:24:55,452 [INFO] Processing: $BFNVG,032453.11,4218.002865,N,07105.994525,W,0,10.0,1.0,49.5,0.0,0.0,032453.11*67
2021-07-29 04:24:55,454 [INFO] Interpreted as: {'position': (7.652836984430905, 5.116621143184602), 'latlon': (42.30004775, -71.09990875), 'heading': 49.5, 'depth': 1.0, 'altitude': 10.0, 'roll': 0.0, 'pitch': 0.0, 'last_fix_time': datetime.datetime(2021, 7, 29, 3, 24, 53), 'speed': None, 'rudder': 0, 'datum': (42.3, -71.1)}
2021-07-29 04:24:55,455 [INFO] Processing: $BFNVG,032453.46,4218.002965,N,07105.994380,W,0,10.0,1.0,47.9,0.0,0.0,032453.46*6D
2021-07-29 04:24:55,457 [INFO] Interpreted as: {'position': (7.856616417935584, 5.29677483998239), 'latlon': (42.30004941666667, -71.09990633333334), 'heading': 47.9, 'depth': 1.0, 'altitude': 10.0, 'roll': 0.0, 'pitch': 0.0, 'last_fix_time': datetime.datetime(2021, 7, 29, 3, 24, 53), 'speed': None, 'rudder': 0, 'datum': (42.3, -71.1)}
2021-07-29 04:24:55,458 [INFO] Processing: $BFNVG,032453.80,4218.003066,N,07105.994241,W,0,10.0,1.0,46.3,0.0,0.0,032453.80*61
2021-07-29 04:24:55,460 [INFO] Interpreted as: {'position': (8.052198238903657, 5.478982659056783), 'latlon': (42.3000511, -71.09990401666667), 'heading': 46.3, 'depth': 1.0, 'altitude': 10.0, 'roll': 0.0, 'pitch': 0.0, 'last_fix_time': datetime.datetime(2021, 7, 29, 3, 24, 53), 'speed': None, 'rudder': 0, 'datum': (42.3, -71.1)}
2021-07-29 04:24:55,461 [INFO] Processing: $BFNVG,032454.15,4218.003169,N,07105.994106,W,0,10.0,1.0,44.6,0.0,0.0,032454.15*68
2021-07-29 04:24:55,463 [INFO] Interpreted as: {'position': (8.242375875241123, 5.665027493610978), 'latlon': (42.300052816666664, -71.09990176666666), 'heading': 44.6, 'depth': 1.0, 'altitude': 10.0, 'roll': 0.0, 'pitch': 0.0, 'last_fix_time': datetime.datetime(2021, 7, 29, 3, 24, 54), 'speed': None, 'rudder': 0, 'datum': (42.3, -71.1)}
2021-07-29 04:24:55,464 [INFO] Received from Frontseat: [b'$BFNVG,032453.11,4218.002865,N,07105.994525,W,0,10.0,1.0,49.5,0.0,0.0,032453.11*67', b'$BFNVG,032453.46,4218.002965,N,07105.994380,W,0,10.0,1.0,47.9,0.0,0.0,032453.46*6D', b'$BFNVG,032453.80,4218.003066,N,07105.994241,W,0,10.0,1.0,46.3,0.0,0.0,032453.80*61', b'$BFNVG,032454.15,4218.003169,N,07105.994106,W,0,10.0,1.0,44.6,0.0,0.0,032454.15*68']
2021-07-29 04:24:55,465 [INFO] AUV state: {'position': (8.242375875241123, 5.665027493610978), 'latlon': (42.300052816666664, -71.09990176666666), 'heading': 44.6, 'depth': 1.0, 'altitude': 10.0, 'roll': 0.0, 'pitch': 0.0, 'last_fix_time': datetime.datetime(2021, 7, 29, 3, 24, 54), 'speed': None, 'rudder': 0, 'datum': (42.3, -71.1)}
2021-07-29 04:24:55,767 [INFO] **** [] [(-13.177385733039928, -8.032359100466394), (2.662226268520444, -4.923286290003506)]
2021-07-29 04:24:55,769 [INFO] Next green buoy: [], next red buoy: [(-13.177385733039928, -8.032359100466394), (2.662226268520444, -4.923286290003506)]
2021-07-29 04:24:55,770 [INFO] Desired_heading: 31.422614266960075
2021-07-29 04:24:55,770 [INFO] delta angle: -25
2021-07-29 04:24:55,771 [INFO] sending message $BPRMB,032455.84,25,1,0,750,0,1*71
...
2021-07-29 04:24:56,773 [INFO] sending message $BPSTS,032456.77,1,BWSI Autonomy OK*42
...
2021-07-29 04:24:56,774 [INFO] Processing: $BFNVG,032454.49,4218.003275,N,07105.993975,W,0,10.0,1.0,43.0,0.0,0.0,032454.49*6C
2021-07-29 04:24:56,776 [INFO] Interpreted as: {'position': (8.427194994932506, 5.856760035268962), 'latlon': (42.300054583333335, -71.09989958333334), 'heading': 43.0, 'depth': 1.0, 'altitude': 10.0, 'roll': 0.0, 'pitch': 0.0, 'last_fix_time': datetime.datetime(2021, 7, 29, 3, 24, 54), 'speed': None, 'rudder': 0, 'datum': (42.3, -71.1)}
2021-07-29 04:24:56,777 [INFO] Processing: $BFNVG,032454.84,4218.003384,N,07105.993849,W,0,10.0,1.0,41.5,0.0,0.0,032454.84*6A
2021-07-29 04:24:56,779 [INFO] Interpreted as: {'position': (8.60528172366321, 6.054214191623032), 'latlon': (42.3000564, -71.09989748333334), 'heading': 41.5, 'depth': 1.0, 'altitude': 10.0, 'roll': 0.0, 'pitch': 0.0, 'last_fix_time': datetime.datetime(2021, 7, 29, 3, 24, 54), 'speed': None, 'rudder': 0, 'datum': (42.3, -71.1)}
2021-07-29 04:24:56,780 [INFO] Processing: $BFNVG,032455.18,4218.003495,N,07105.993726,W,0,10.0,1.0,40.0,0.0,0.0,032455.18*6F
2021-07-29 04:24:56,782 [INFO] Interpreted as: {'position': (8.779338146559894, 6.255471454933286), 'latlon': (42.30005825, -71.09989543333333), 'heading': 40.0, 'depth': 1.0, 'altitude': 10.0, 'roll': 0.0, 'pitch': 0.0, 'last_fix_time': datetime.datetime(2021, 7, 29, 3, 24, 55), 'speed': None, 'rudder': 0, 'datum': (42.3, -71.1)}
2021-07-29 04:24:56,783 [INFO] Processing: $BFNVG,032455.53,4218.003610,N,07105.993607,W,0,10.0,1.0,38.4,0.0,0.0,032455.53*69
2021-07-29 04:24:56,785 [INFO] Interpreted as: {'position': (8.948081725160591, 6.46426712628454), 'latlon': (42.30006016666667, -71.09989345), 'heading': 38.4, 'depth': 1.0, 'altitude': 10.0, 'roll': 0.0, 'pitch': 0.0, 'last_fix_time': datetime.datetime(2021, 7, 29, 3, 24, 55), 'speed': None, 'rudder': 0, 'datum': (42.3, -71.1)}
2021-07-29 04:24:56,786 [INFO] Received from Frontseat: [b'$BFNVG,032454.49,4218.003275,N,07105.993975,W,0,10.0,1.0,43.0,0.0,0.0,032454.49*6C', b'$BFNVG,032454.84,4218.003384,N,07105.993849,W,0,10.0,1.0,41.5,0.0,0.0,032454.84*6A', b'$BFNVG,032455.18,4218.003495,N,07105.993726,W,0,10.0,1.0,40.0,0.0,0.0,032455.18*6F', b'$BFNVG,032455.53,4218.003610,N,07105.993607,W,0,10.0,1.0,38.4,0.0,0.0,032455.53*69']
2021-07-29 04:24:56,787 [INFO] AUV state: {'position': (8.948081725160591, 6.46426712628454), 'latlon': (42.30006016666667, -71.09989345), 'heading': 38.4, 'depth': 1.0, 'altitude': 10.0, 'roll': 0.0, 'pitch': 0.0, 'last_fix_time': datetime.datetime(2021, 7, 29, 3, 24, 55), 'speed': None, 'rudder': 0, 'datum': (42.3, -71.1)}
2021-07-29 04:24:57,089 [INFO] **** [(-22.680553304965358, -7.962167618264912)] [(-8.128903976678316, -9.26370044132761), (10.10106571620304, -5.338871399661463)]
2021-07-29 04:24:57,092 [INFO] Next green buoy: [(-22.680553304965358, -7.962167618264912)], next red buoy: [(-8.128903976678316, -9.26370044132761), (10.10106571620304, -5.338871399661463)]
2021-07-29 04:24:57,092 [INFO] Desired_heading: 22.99527135917816
2021-07-29 04:24:57,092 [INFO] delta angle: -25
2021-07-29 04:24:57,093 [INFO] sending message $BPRMB,032457.70,25,1,0,750,0,1*78
...
2021-07-29 04:24:58,095 [INFO] sending message $BPSTS,032458.09,1,BWSI Autonomy OK*45
...
2021-07-29 04:24:58,096 [INFO] Processing: $BFNVG,032455.89,4218.003729,N,07105.993489,W,0,10.0,1.0,36.8,0.0,0.0,032455.89*64
2021-07-29 04:24:58,104 [INFO] Interpreted as: {'position': (9.115634092595428, 6.68049949221313), 'latlon': (42.30006215, -71.09989148333334), 'heading': 36.8, 'depth': 1.0, 'altitude': 10.0, 'roll': 0.0, 'pitch': 0.0, 'last_fix_time': datetime.datetime(2021, 7, 29, 3, 24, 55), 'speed': None, 'rudder': 0, 'datum': (42.3, -71.1)}
2021-07-29 04:24:58,105 [INFO] Processing: $BFNVG,032456.23,4218.003847,N,07105.993379,W,0,10.0,1.0,35.2,0.0,0.0,032456.23*62
2021-07-29 04:24:58,107 [INFO] Interpreted as: {'position': (9.272149755153805, 6.895152392797172), 'latlon': (42.30006411666667, -71.09988965), 'heading': 35.2, 'depth': 1.0, 'altitude': 10.0, 'roll': 0.0, 'pitch': 0.0, 'last_fix_time': datetime.datetime(2021, 7, 29, 3, 24, 56), 'speed': None, 'rudder': 0, 'datum': (42.3, -71.1)}
2021-07-29 04:24:58,109 [INFO] Processing: $BFNVG,032456.58,4218.003968,N,07105.993273,W,0,10.0,1.0,33.6,0.0,0.0,032456.58*67
2021-07-29 04:24:58,111 [INFO] Interpreted as: {'position': (9.423306902055629, 7.115492997691035), 'latlon': (42.30006613333333, -71.09988788333334), 'heading': 33.6, 'depth': 1.0, 'altitude': 10.0, 'roll': 0.0, 'pitch': 0.0, 'last_fix_time': datetime.datetime(2021, 7, 29, 3, 24, 56), 'speed': None, 'rudder': 0, 'datum': (42.3, -71.1)}
2021-07-29 04:24:58,112 [INFO] Processing: $BFNVG,032456.92,4218.004091,N,07105.993172,W,0,10.0,1.0,32.0,0.0,0.0,032456.92*6A
2021-07-29 04:24:58,116 [INFO] Interpreted as: {'position': (9.567685987567529, 7.339704516343772), 'latlon': (42.30006818333333, -71.0998862), 'heading': 32.0, 'depth': 1.0, 'altitude': 10.0, 'roll': 0.0, 'pitch': 0.0, 'last_fix_time': datetime.datetime(2021, 7, 29, 3, 24, 56), 'speed': None, 'rudder': 0, 'datum': (42.3, -71.1)}
2021-07-29 04:24:58,118 [INFO] Received from Frontseat: [b'$BFNVG,032455.89,4218.003729,N,07105.993489,W,0,10.0,1.0,36.8,0.0,0.0,032455.89*64', b'$BFNVG,032456.23,4218.003847,N,07105.993379,W,0,10.0,1.0,35.2,0.0,0.0,032456.23*62', b'$BFNVG,032456.58,4218.003968,N,07105.993273,W,0,10.0,1.0,33.6,0.0,0.0,032456.58*67', b'$BFNVG,032456.92,4218.004091,N,07105.993172,W,0,10.0,1.0,32.0,0.0,0.0,032456.92*6A']
2021-07-29 04:24:58,119 [INFO] AUV state: {'position': (9.567685987567529, 7.339704516343772), 'latlon': (42.30006818333333, -71.0998862), 'heading': 32.0, 'depth': 1.0, 'altitude': 10.0, 'roll': 0.0, 'pitch': 0.0, 'last_fix_time': datetime.datetime(2021, 7, 29, 3, 24, 56), 'speed': None, 'rudder': 0, 'datum': (42.3, -71.1)}
2021-07-29 04:24:58,442 [INFO] **** [(-19.216855099415163, -9.175708816900725)] [(-1.9262163542884811, -11.091429321051113), (18.065126655489927, -5.905819600889228)]
2021-07-29 04:24:58,444 [INFO] Next green buoy: [(-19.216855099415163, -9.175708816900725)], next red buoy: [(-1.9262163542884811, -11.091429321051113), (18.065126655489927, -5.905819600889228)]
2021-07-29 04:24:58,445 [INFO] Desired_heading: 21.42846427314818
2021-07-29 04:24:58,445 [INFO] delta angle: 25
2021-07-29 04:24:58,446 [INFO] sending message $BPRMB,032458.48,-25,1,0,750,0,1*51
...
2021-07-29 04:24:59,448 [INFO] sending message $BPSTS,032459.44,1,BWSI Autonomy OK*4d
...
2021-07-29 04:24:59,450 [INFO] Processing: $BFNVG,032457.27,4218.004216,N,07105.993076,W,0,10.0,1.0,30.4,0.0,0.0,032457.27*64
2021-07-29 04:24:59,452 [INFO] Interpreted as: {'position': (9.705287014367059, 7.5677869487553835), 'latlon': (42.300070266666665, -71.0998846), 'heading': 30.4, 'depth': 1.0, 'altitude': 10.0, 'roll': 0.0, 'pitch': 0.0, 'last_fix_time': datetime.datetime(2021, 7, 29, 3, 24, 57), 'speed': None, 'rudder': 0, 'datum': (42.3, -71.1)}
2021-07-29 04:24:59,453 [INFO] Processing: $BFNVG,032457.62,4218.004344,N,07105.992984,W,0,10.0,1.0,28.7,0.0,0.0,032457.62*6D
2021-07-29 04:24:59,457 [INFO] Interpreted as: {'position': (9.837529528536834, 7.801557086408138), 'latlon': (42.3000724, -71.09988306666666), 'heading': 28.7, 'depth': 1.0, 'altitude': 10.0, 'roll': 0.0, 'pitch': 0.0, 'last_fix_time': datetime.datetime(2021, 7, 29, 3, 24, 57), 'speed': None, 'rudder': 0, 'datum': (42.3, -71.1)}
2021-07-29 04:24:59,459 [INFO] Processing: $BFNVG,032457.97,4218.004475,N,07105.992896,W,0,10.0,1.0,27.1,0.0,0.0,032457.97*63
2021-07-29 04:24:59,462 [INFO] Interpreted as: {'position': (9.964413526293356, 8.041014933027327), 'latlon': (42.300074583333334, -71.0998816), 'heading': 27.1, 'depth': 1.0, 'altitude': 10.0, 'roll': 0.0, 'pitch': 0.0, 'last_fix_time': datetime.datetime(2021, 7, 29, 3, 24, 57), 'speed': None, 'rudder': 0, 'datum': (42.3, -71.1)}
2021-07-29 04:24:59,463 [INFO] Processing: $BFNVG,032458.32,4218.004608,N,07105.992813,W,0,10.0,1.0,25.4,0.0,0.0,032458.32*61
2021-07-29 04:24:59,466 [INFO] Interpreted as: {'position': (10.084519468480721, 8.2843436896801), 'latlon': (42.3000768, -71.09988021666666), 'heading': 25.4, 'depth': 1.0, 'altitude': 10.0, 'roll': 0.0, 'pitch': 0.0, 'last_fix_time': datetime.datetime(2021, 7, 29, 3, 24, 58), 'speed': None, 'rudder': 0, 'datum': (42.3, -71.1)}
2021-07-29 04:24:59,467 [INFO] Received from Frontseat: [b'$BFNVG,032457.27,4218.004216,N,07105.993076,W,0,10.0,1.0,30.4,0.0,0.0,032457.27*64', b'$BFNVG,032457.62,4218.004344,N,07105.992984,W,0,10.0,1.0,28.7,0.0,0.0,032457.62*6D', b'$BFNVG,032457.97,4218.004475,N,07105.992896,W,0,10.0,1.0,27.1,0.0,0.0,032457.97*63', b'$BFNVG,032458.32,4218.004608,N,07105.992813,W,0,10.0,1.0,25.4,0.0,0.0,032458.32*61']
2021-07-29 04:24:59,468 [INFO] AUV state: {'position': (10.084519468480721, 8.2843436896801), 'latlon': (42.3000768, -71.09988021666666), 'heading': 25.4, 'depth': 1.0, 'altitude': 10.0, 'roll': 0.0, 'pitch': 0.0, 'last_fix_time': datetime.datetime(2021, 7, 29, 3, 24, 58), 'speed': None, 'rudder': 0, 'datum': (42.3, -71.1)}
2021-07-29 04:24:59,796 [INFO] **** [(-15.437560812208067, -10.99080765718374)] [(5.778230118300328, -13.685373523564866)]
2021-07-29 04:24:59,798 [INFO] Next green buoy: [(-15.437560812208067, -10.99080765718374)], next red buoy: [(5.778230118300328, -13.685373523564866)]
2021-07-29 04:24:59,799 [INFO] Desired_heading: 20.570334653046128
2021-07-29 04:24:59,799 [INFO] delta angle: -25
2021-07-29 04:24:59,800 [INFO] sending message $BPRMB,032500.40,25,1,0,750,0,1*78
...
2021-07-29 04:25:00,802 [INFO] sending message $BPSTS,032500.80,1,BWSI Autonomy OK*48
...
2021-07-29 04:25:00,804 [INFO] Processing: $BFNVG,032458.67,4218.004742,N,07105.992736,W,0,10.0,1.0,23.8,0.0,0.0,032458.67*6C
2021-07-29 04:25:00,806 [INFO] Interpreted as: {'position': (10.196427801973186, 8.52972656302154), 'latlon': (42.30007903333333, -71.09987893333333), 'heading': 23.8, 'depth': 1.0, 'altitude': 10.0, 'roll': 0.0, 'pitch': 0.0, 'last_fix_time': datetime.datetime(2021, 7, 29, 3, 24, 58), 'speed': None, 'rudder': 0, 'datum': (42.3, -71.1)}
2021-07-29 04:25:00,808 [INFO] Processing: $BFNVG,032459.03,4218.004879,N,07105.992656,W,0,10.0,1.0,25.5,0.0,0.0,032459.03*67
2021-07-29 04:25:00,812 [INFO] Interpreted as: {'position': (10.312594770744909, 8.78055982105434), 'latlon': (42.30008131666666, -71.0998776), 'heading': 25.5, 'depth': 1.0, 'altitude': 10.0, 'roll': 0.0, 'pitch': 0.0, 'last_fix_time': datetime.datetime(2021, 7, 29, 3, 24, 59), 'speed': None, 'rudder': 0, 'datum': (42.3, -71.1)}
2021-07-29 04:25:00,813 [INFO] Processing: $BFNVG,032459.38,4218.005013,N,07105.992573,W,0,10.0,1.0,27.1,0.0,0.0,032459.38*60
2021-07-29 04:25:00,816 [INFO] Interpreted as: {'position': (10.432746357400902, 9.025739279575646), 'latlon': (42.30008355, -71.09987621666667), 'heading': 27.1, 'depth': 1.0, 'altitude': 10.0, 'roll': 0.0, 'pitch': 0.0, 'last_fix_time': datetime.datetime(2021, 7, 29, 3, 24, 59), 'speed': None, 'rudder': 0, 'datum': (42.3, -71.1)}
2021-07-29 04:25:00,817 [INFO] Processing: $BFNVG,032459.73,4218.005143,N,07105.992486,W,0,10.0,1.0,28.8,0.0,0.0,032459.73*69
2021-07-29 04:25:00,819 [INFO] Interpreted as: {'position': (10.558210770250298, 9.263380342163146), 'latlon': (42.300085716666665, -71.09987476666667), 'heading': 28.8, 'depth': 1.0, 'altitude': 10.0, 'roll': 0.0, 'pitch': 0.0, 'last_fix_time': datetime.datetime(2021, 7, 29, 3, 24, 59), 'speed': None, 'rudder': 0, 'datum': (42.3, -71.1)}
2021-07-29 04:25:00,821 [INFO] Received from Frontseat: [b'$BFNVG,032458.67,4218.004742,N,07105.992736,W,0,10.0,1.0,23.8,0.0,0.0,032458.67*6C', b'$BFNVG,032459.03,4218.004879,N,07105.992656,W,0,10.0,1.0,25.5,0.0,0.0,032459.03*67', b'$BFNVG,032459.38,4218.005013,N,07105.992573,W,0,10.0,1.0,27.1,0.0,0.0,032459.38*60', b'$BFNVG,032459.73,4218.005143,N,07105.992486,W,0,10.0,1.0,28.8,0.0,0.0,032459.73*69']
2021-07-29 04:25:00,822 [INFO] AUV state: {'position': (10.558210770250298, 9.263380342163146), 'latlon': (42.300085716666665, -71.09987476666667), 'heading': 28.8, 'depth': 1.0, 'altitude': 10.0, 'roll': 0.0, 'pitch': 0.0, 'last_fix_time': datetime.datetime(2021, 7, 29, 3, 24, 59), 'speed': None, 'rudder': 0, 'datum': (42.3, -71.1)}
2021-07-29 04:25:01,149 [INFO] **** [(-22.27211251223498, -13.42873794575944), (17.299635303906083, -6.2748155484225805)] [(3.6742715664660874, -18.050922913554068)]
2021-07-29 04:25:01,151 [INFO] Next green buoy: [(-22.27211251223498, -13.42873794575944), (17.299635303906083, -6.2748155484225805)], next red buoy: [(3.6742715664660874, -18.050922913554068)]
2021-07-29 04:25:01,152 [INFO] Desired_heading: 19.501079527115554
2021-07-29 04:25:01,152 [INFO] delta angle: 25
2021-07-29 04:25:01,153 [INFO] sending message $BPRMB,032501.19,-25,1,0,750,0,1*58
...
2021-07-29 04:25:02,155 [INFO] sending message $BPSTS,032502.15,1,BWSI Autonomy OK*46
...
2021-07-29 04:25:02,156 [INFO] Processing: $BFNVG,032500.08,4218.005271,N,07105.992393,W,0,10.0,1.0,30.4,0.0,0.0,032500.08*6D
2021-07-29 04:25:02,158 [INFO] Interpreted as: {'position': (10.691827105591074, 9.497116591781378), 'latlon': (42.30008785, -71.09987321666667), 'heading': 30.4, 'depth': 1.0, 'altitude': 10.0, 'roll': 0.0, 'pitch': 0.0, 'last_fix_time': datetime.datetime(2021, 7, 29, 3, 25), 'speed': None, 'rudder': 0, 'datum': (42.3, -71.1)}
2021-07-29 04:25:02,159 [INFO] Processing: $BFNVG,032500.43,4218.005399,N,07105.992301,W,0,10.0,1.0,28.7,0.0,0.0,032500.43*6B
2021-07-29 04:25:02,161 [INFO] Interpreted as: {'position': (10.824069552705623, 9.73088674992323), 'latlon': (42.300089983333336, -71.09987168333333), 'heading': 28.7, 'depth': 1.0, 'altitude': 10.0, 'roll': 0.0, 'pitch': 0.0, 'last_fix_time': datetime.datetime(2021, 7, 29, 3, 25), 'speed': None, 'rudder': 0, 'datum': (42.3, -71.1)}
2021-07-29 04:25:02,162 [INFO] Processing: $BFNVG,032500.78,4218.005529,N,07105.992213,W,0,10.0,1.0,27.1,0.0,0.0,032500.78*6D
2021-07-29 04:25:02,164 [INFO] Interpreted as: {'position': (10.950907818973064, 9.968493913300335), 'latlon': (42.30009215, -71.09987021666667), 'heading': 27.1, 'depth': 1.0, 'altitude': 10.0, 'roll': 0.0, 'pitch': 0.0, 'last_fix_time': datetime.datetime(2021, 7, 29, 3, 25), 'speed': None, 'rudder': 0, 'datum': (42.3, -71.1)}
2021-07-29 04:25:02,165 [INFO] Received from Frontseat: [b'$BFNVG,032500.08,4218.005271,N,07105.992393,W,0,10.0,1.0,30.4,0.0,0.0,032500.08*6D', b'$BFNVG,032500.43,4218.005399,N,07105.992301,W,0,10.0,1.0,28.7,0.0,0.0,032500.43*6B', b'$BFNVG,032500.78,4218.005529,N,07105.992213,W,0,10.0,1.0,27.1,0.0,0.0,032500.78*6D']
2021-07-29 04:25:02,166 [INFO] AUV state: {'position': (10.950907818973064, 9.968493913300335), 'latlon': (42.30009215, -71.09987021666667), 'heading': 27.1, 'depth': 1.0, 'altitude': 10.0, 'roll': 0.0, 'pitch': 0.0, 'last_fix_time': datetime.datetime(2021, 7, 29, 3, 25), 'speed': None, 'rudder': 0, 'datum': (42.3, -71.1)}
2021-07-29 04:25:02,531 [INFO] **** [(-24.92852870958101, -16.04417271806235), (20.334981200795784, -6.995658626547275)] [(6.650470417771225, -23.589963030912187)]
2021-07-29 04:25:02,533 [INFO] Next green buoy: [(-24.92852870958101, -16.04417271806235), (20.334981200795784, -6.995658626547275)], next red buoy: [(6.650470417771225, -23.589963030912187)]
2021-07-29 04:25:02,533 [INFO] Desired_heading: 17.96097085409511
2021-07-29 04:25:02,534 [INFO] delta angle: 25
2021-07-29 04:25:02,534 [INFO] sending message $BPRMB,032503.11,-25,1,0,750,0,1*52
...
2021-07-29 04:25:03,536 [INFO] sending message $BPSTS,032503.53,1,BWSI Autonomy OK*45
...
2021-07-29 04:25:03,537 [INFO] Processing: $BFNVG,032501.13,4218.005663,N,07105.992130,W,0,10.0,1.0,25.5,0.0,0.0,032501.13*64
2021-07-29 04:25:03,544 [INFO] Interpreted as: {'position': (11.071059367852286, 10.21367338206619), 'latlon': (42.30009438333333, -71.09986883333333), 'heading': 25.5, 'depth': 1.0, 'altitude': 10.0, 'roll': 0.0, 'pitch': 0.0, 'last_fix_time': datetime.datetime(2021, 7, 29, 3, 25, 1), 'speed': None, 'rudder': 0, 'datum': (42.3, -71.1)}
2021-07-29 04:25:03,545 [INFO] Processing: $BFNVG,032501.49,4218.005801,N,07105.992044,W,0,10.0,1.0,27.2,0.0,0.0,032501.49*69
2021-07-29 04:25:03,547 [INFO] Interpreted as: {'position': (11.195515217026696, 10.466153933666646), 'latlon': (42.30009668333334, -71.0998674), 'heading': 27.2, 'depth': 1.0, 'altitude': 10.0, 'roll': 0.0, 'pitch': 0.0, 'last_fix_time': datetime.datetime(2021, 7, 29, 3, 25, 1), 'speed': None, 'rudder': 0, 'datum': (42.3, -71.1)}
2021-07-29 04:25:03,548 [INFO] Processing: $BFNVG,032501.84,4218.005931,N,07105.991956,W,0,10.0,1.0,28.8,0.0,0.0,032501.84*67
2021-07-29 04:25:03,550 [INFO] Interpreted as: {'position': (11.32235345907975, 10.703761104494333), 'latlon': (42.30009885, -71.09986593333333), 'heading': 28.8, 'depth': 1.0, 'altitude': 10.0, 'roll': 0.0, 'pitch': 0.0, 'last_fix_time': datetime.datetime(2021, 7, 29, 3, 25, 1), 'speed': None, 'rudder': 0, 'datum': (42.3, -71.1)}
2021-07-29 04:25:03,551 [INFO] Processing: $BFNVG,032502.19,4218.006060,N,07105.991863,W,0,10.0,1.0,30.5,0.0,0.0,032502.19*6A
2021-07-29 04:25:03,553 [INFO] Interpreted as: {'position': (11.456015411822591, 10.93934806715697), 'latlon': (42.300101, -71.09986438333334), 'heading': 30.5, 'depth': 1.0, 'altitude': 10.0, 'roll': 0.0, 'pitch': 0.0, 'last_fix_time': datetime.datetime(2021, 7, 29, 3, 25, 2), 'speed': None, 'rudder': 0, 'datum': (42.3, -71.1)}
2021-07-29 04:25:03,554 [INFO] Received from Frontseat: [b'$BFNVG,032501.13,4218.005663,N,07105.992130,W,0,10.0,1.0,25.5,0.0,0.0,032501.13*64', b'$BFNVG,032501.49,4218.005801,N,07105.992044,W,0,10.0,1.0,27.2,0.0,0.0,032501.49*69', b'$BFNVG,032501.84,4218.005931,N,07105.991956,W,0,10.0,1.0,28.8,0.0,0.0,032501.84*67', b'$BFNVG,032502.19,4218.006060,N,07105.991863,W,0,10.0,1.0,30.5,0.0,0.0,032502.19*6A']
2021-07-29 04:25:03,555 [INFO] AUV state: {'position': (11.456015411822591, 10.93934806715697), 'latlon': (42.300101, -71.09986438333334), 'heading': 30.5, 'depth': 1.0, 'altitude': 10.0, 'roll': 0.0, 'pitch': 0.0, 'last_fix_time': datetime.datetime(2021, 7, 29, 3, 25, 2), 'speed': None, 'rudder': 0, 'datum': (42.3, -71.1)}
2021-07-29 04:25:03,903 [INFO] **** [(19.566238359632315, -7.71154188388383)] [(7.412150777865561, -23.69818806647827)]
2021-07-29 04:25:03,905 [INFO] Next green buoy: [(19.566238359632315, -7.71154188388383)], next red buoy: [(7.412150777865561, -23.69818806647827)]
2021-07-29 04:25:03,906 [INFO] Desired_heading: 43.98919456874894
2021-07-29 04:25:03,906 [INFO] delta angle: 25
2021-07-29 04:25:03,907 [INFO] sending message $BPRMB,032503.95,-25,1,0,750,0,1*5e
...
2021-07-29 04:25:04,908 [INFO] sending message $BPSTS,032504.90,1,BWSI Autonomy OK*4d
...
2021-07-29 04:25:04,910 [INFO] Processing: $BFNVG,032502.54,4218.006187,N,07105.991765,W,0,10.0,1.0,32.1,0.0,0.0,032502.54*6D
2021-07-29 04:25:04,912 [INFO] Interpreted as: {'position': (11.596455405466259, 11.171064122579992), 'latlon': (42.30010311666667, -71.09986275), 'heading': 32.1, 'depth': 1.0, 'altitude': 10.0, 'roll': 0.0, 'pitch': 0.0, 'last_fix_time': datetime.datetime(2021, 7, 29, 3, 25, 2), 'speed': None, 'rudder': 0, 'datum': (42.3, -71.1)}
2021-07-29 04:25:04,913 [INFO] Processing: $BFNVG,032502.90,4218.006312,N,07105.991661,W,0,10.0,1.0,33.8,0.0,0.0,032502.90*6E
2021-07-29 04:25:04,915 [INFO] Interpreted as: {'position': (11.745047319098376, 11.398875368759036), 'latlon': (42.3001052, -71.09986101666667), 'heading': 33.8, 'depth': 1.0, 'altitude': 10.0, 'roll': 0.0, 'pitch': 0.0, 'last_fix_time': datetime.datetime(2021, 7, 29, 3, 25, 2), 'speed': None, 'rudder': 0, 'datum': (42.3, -71.1)}
2021-07-29 04:25:04,916 [INFO] Processing: $BFNVG,032503.25,4218.006435,N,07105.991552,W,0,10.0,1.0,35.4,0.0,0.0,032503.25*65
2021-07-29 04:25:04,918 [INFO] Interpreted as: {'position': (11.900417272583582, 11.622815710492432), 'latlon': (42.30010725, -71.0998592), 'heading': 35.4, 'depth': 1.0, 'altitude': 10.0, 'roll': 0.0, 'pitch': 0.0, 'last_fix_time': datetime.datetime(2021, 7, 29, 3, 25, 3), 'speed': None, 'rudder': 0, 'datum': (42.3, -71.1)}
2021-07-29 04:25:04,919 [INFO] Processing: $BFNVG,032503.61,4218.006560,N,07105.991435,W,0,10.0,1.0,37.1,0.0,0.0,032503.61*63
2021-07-29 04:25:04,921 [INFO] Interpreted as: {'position': (12.066869571921416, 11.850186225958169), 'latlon': (42.30010933333333, -71.09985725), 'heading': 37.1, 'depth': 1.0, 'altitude': 10.0, 'roll': 0.0, 'pitch': 0.0, 'last_fix_time': datetime.datetime(2021, 7, 29, 3, 25, 3), 'speed': None, 'rudder': 0, 'datum': (42.3, -71.1)}
2021-07-29 04:25:04,922 [INFO] Received from Frontseat: [b'$BFNVG,032502.54,4218.006187,N,07105.991765,W,0,10.0,1.0,32.1,0.0,0.0,032502.54*6D', b'$BFNVG,032502.90,4218.006312,N,07105.991661,W,0,10.0,1.0,33.8,0.0,0.0,032502.90*6E', b'$BFNVG,032503.25,4218.006435,N,07105.991552,W,0,10.0,1.0,35.4,0.0,0.0,032503.25*65', b'$BFNVG,032503.61,4218.006560,N,07105.991435,W,0,10.0,1.0,37.1,0.0,0.0,032503.61*63']
2021-07-29 04:25:04,923 [INFO] AUV state: {'position': (12.066869571921416, 11.850186225958169), 'latlon': (42.30010933333333, -71.09985725), 'heading': 37.1, 'depth': 1.0, 'altitude': 10.0, 'roll': 0.0, 'pitch': 0.0, 'last_fix_time': datetime.datetime(2021, 7, 29, 3, 25, 3), 'speed': None, 'rudder': 0, 'datum': (42.3, -71.1)}
2021-07-29 04:25:05,978 [INFO] **** [(9.206430874956224, 20.373843267638662), (5.511772542014483, 20.28670770698022), (0.34816943053934507, 20.267923395645436), (12.913595852677117, 20.54516301225337), (16.29250088202563, 20.59875561827217), (15.289377239601304, -9.102383611555918), (23.575263357295334, 20.791409382521778), (-3.952305792870727, 20.87631819053611), (19.063841322687306, 20.693007225048575), (21.50535042205477, 20.731081647553992)] [(9.07741576934426, 21.9912983627102)]
2021-07-29 04:25:05,981 [INFO] Next green buoy: [(9.206430874956224, 20.373843267638662), (5.511772542014483, 20.28670770698022), (0.34816943053934507, 20.267923395645436), (12.913595852677117, 20.54516301225337), (16.29250088202563, 20.59875561827217), (15.289377239601304, -9.102383611555918), (23.575263357295334, 20.791409382521778), (-3.952305792870727, 20.87631819053611), (19.063841322687306, 20.693007225048575), (21.50535042205477, 20.731081647553992)], next red buoy: [(9.07741576934426, 21.9912983627102)]
2021-07-29 04:25:05,981 [INFO] Desired_heading: 46.24192332215024
2021-07-29 04:25:05,982 [INFO] delta angle: -25
2021-07-29 04:25:05,982 [INFO] sending message $BPRMB,032505.85,25,1,0,750,0,1*74
...
2021-07-29 04:25:06,984 [INFO] sending message $BPSTS,032506.98,1,BWSI Autonomy OK*47
...
2021-07-29 04:25:06,985 [INFO] Processing: $BFNVG,032503.97,4218.006678,N,07105.991317,W,0,10.0,1.0,38.8,0.0,0.0,032503.97*68
2021-07-29 04:25:06,987 [INFO] Interpreted as: {'position': (12.23437605710933, 12.06456796452403), 'latlon': (42.3001113, -71.09985528333333), 'heading': 38.8, 'depth': 1.0, 'altitude': 10.0, 'roll': 0.0, 'pitch': 0.0, 'last_fix_time': datetime.datetime(2021, 7, 29, 3, 25, 3), 'speed': None, 'rudder': 0, 'datum': (42.3, -71.1)}
2021-07-29 04:25:06,989 [INFO] Processing: $BFNVG,032504.32,4218.006793,N,07105.991196,W,0,10.0,1.0,40.4,0.0,0.0,032504.32*64
2021-07-29 04:25:06,991 [INFO] Interpreted as: {'position': (12.405867155292071, 12.273295907303691), 'latlon': (42.30011321666667, -71.09985326666667), 'heading': 40.4, 'depth': 1.0, 'altitude': 10.0, 'roll': 0.0, 'pitch': 0.0, 'last_fix_time': datetime.datetime(2021, 7, 29, 3, 25, 4), 'speed': None, 'rudder': 0, 'datum': (42.3, -71.1)}
2021-07-29 04:25:06,992 [INFO] Processing: $BFNVG,032504.67,4218.006905,N,07105.991070,W,0,10.0,1.0,42.1,0.0,0.0,032504.67*6B
2021-07-29 04:25:06,994 [INFO] Interpreted as: {'position': (12.584090625226963, 12.476302249357104), 'latlon': (42.30011508333333, -71.09985116666667), 'heading': 42.1, 'depth': 1.0, 'altitude': 10.0, 'roll': 0.0, 'pitch': 0.0, 'last_fix_time': datetime.datetime(2021, 7, 29, 3, 25, 4), 'speed': None, 'rudder': 0, 'datum': (42.3, -71.1)}
2021-07-29 04:25:06,995 [INFO] Processing: $BFNVG,032505.02,4218.007016,N,07105.990938,W,0,10.0,1.0,43.7,0.0,0.0,032505.02*62
2021-07-29 04:25:06,997 [INFO] Interpreted as: {'position': (12.770511679758783, 12.677254484035075), 'latlon': (42.300116933333335, -71.09984896666667), 'heading': 43.7, 'depth': 1.0, 'altitude': 10.0, 'roll': 0.0, 'pitch': 0.0, 'last_fix_time': datetime.datetime(2021, 7, 29, 3, 25, 5), 'speed': None, 'rudder': 0, 'datum': (42.3, -71.1)}
2021-07-29 04:25:06,998 [INFO] Processing: $BFNVG,032505.38,4218.007123,N,07105.990802,W,0,10.0,1.0,45.4,0.0,0.0,032505.38*68
2021-07-29 04:25:07,000 [INFO] Interpreted as: {'position': (12.962245557107963, 12.870668322779238), 'latlon': (42.30011871666667, -71.0998467), 'heading': 45.4, 'depth': 1.0, 'altitude': 10.0, 'roll': 0.0, 'pitch': 0.0, 'last_fix_time': datetime.datetime(2021, 7, 29, 3, 25, 5), 'speed': None, 'rudder': 0, 'datum': (42.3, -71.1)}
2021-07-29 04:25:07,001 [INFO] Processing: $BFNVG,032505.73,4218.007227,N,07105.990663,W,0,10.0,1.0,47.0,0.0,0.0,032505.73*60
2021-07-29 04:25:07,003 [INFO] Interpreted as: {'position': (13.157964049139991, 13.058428366668522), 'latlon': (42.30012045, -71.09984438333333), 'heading': 47.0, 'depth': 1.0, 'altitude': 10.0, 'roll': 0.0, 'pitch': 0.0, 'last_fix_time': datetime.datetime(2021, 7, 29, 3, 25, 5), 'speed': None, 'rudder': 0, 'datum': (42.3, -71.1)}
2021-07-29 04:25:07,003 [INFO] Received from Frontseat: [b'$BFNVG,032503.97,4218.006678,N,07105.991317,W,0,10.0,1.0,38.8,0.0,0.0,032503.97*68', b'$BFNVG,032504.32,4218.006793,N,07105.991196,W,0,10.0,1.0,40.4,0.0,0.0,032504.32*64', b'$BFNVG,032504.67,4218.006905,N,07105.991070,W,0,10.0,1.0,42.1,0.0,0.0,032504.67*6B', b'$BFNVG,032505.02,4218.007016,N,07105.990938,W,0,10.0,1.0,43.7,0.0,0.0,032505.02*62', b'$BFNVG,032505.38,4218.007123,N,07105.990802,W,0,10.0,1.0,45.4,0.0,0.0,032505.38*68', b'$BFNVG,032505.73,4218.007227,N,07105.990663,W,0,10.0,1.0,47.0,0.0,0.0,032505.73*60']
2021-07-29 04:25:07,004 [INFO] AUV state: {'position': (13.157964049139991, 13.058428366668522), 'latlon': (42.30012045, -71.09984438333333), 'heading': 47.0, 'depth': 1.0, 'altitude': 10.0, 'roll': 0.0, 'pitch': 0.0, 'last_fix_time': datetime.datetime(2021, 7, 29, 3, 25, 5), 'speed': None, 'rudder': 0, 'datum': (42.3, -71.1)}
2021-07-29 04:25:07,295 [INFO] **** [(7.728907874547242, -11.90640843273928)] []
2021-07-29 04:25:07,297 [INFO] Next green buoy: [(7.728907874547242, -11.90640843273928)], next red buoy: []
2021-07-29 04:25:07,297 [INFO] Desired_heading: 54.72890787454724
2021-07-29 04:25:07,298 [INFO] delta angle: 25
2021-07-29 04:25:07,298 [INFO] sending message $BPRMB,032508.10,-25,1,0,750,0,1*58
...
2021-07-29 04:25:08,300 [INFO] sending message $BPSTS,032508.30,1,BWSI Autonomy OK*4b
...
2021-07-29 04:25:08,301 [INFO] Processing: $BFNVG,032506.08,4218.007328,N,07105.990521,W,0,10.0,1.0,48.7,0.0,0.0,032506.08*63
2021-07-29 04:25:08,304 [INFO] Interpreted as: {'position': (13.357667155971285, 13.240534618496895), 'latlon': (42.30012213333333, -71.09984201666667), 'heading': 48.7, 'depth': 1.0, 'altitude': 10.0, 'roll': 0.0, 'pitch': 0.0, 'last_fix_time': datetime.datetime(2021, 7, 29, 3, 25, 6), 'speed': None, 'rudder': 0, 'datum': (42.3, -71.1)}
2021-07-29 04:25:08,305 [INFO] Processing: $BFNVG,032506.43,4218.007429,N,07105.990378,W,0,10.0,1.0,47.0,0.0,0.0,032506.43*67
2021-07-29 04:25:08,307 [INFO] Interpreted as: {'position': (13.5587441297248, 13.422606973908842), 'latlon': (42.30012381666667, -71.09983963333333), 'heading': 47.0, 'depth': 1.0, 'altitude': 10.0, 'roll': 0.0, 'pitch': 0.0, 'last_fix_time': datetime.datetime(2021, 7, 29, 3, 25, 6), 'speed': None, 'rudder': 0, 'datum': (42.3, -71.1)}
2021-07-29 04:25:08,308 [INFO] Processing: $BFNVG,032506.78,4218.007533,N,07105.990238,W,0,10.0,1.0,45.4,0.0,0.0,032506.78*6E
2021-07-29 04:25:08,310 [INFO] Interpreted as: {'position': (13.755836467724293, 13.610333131626248), 'latlon': (42.30012555, -71.0998373), 'heading': 45.4, 'depth': 1.0, 'altitude': 10.0, 'roll': 0.0, 'pitch': 0.0, 'last_fix_time': datetime.datetime(2021, 7, 29, 3, 25, 6), 'speed': None, 'rudder': 0, 'datum': (42.3, -71.1)}
2021-07-29 04:25:08,310 [INFO] Processing: $BFNVG,032507.13,4218.007640,N,07105.990103,W,0,10.0,1.0,43.7,0.0,0.0,032507.13*67
2021-07-29 04:25:08,312 [INFO] Interpreted as: {'position': (13.946196416043676, 13.803780901245773), 'latlon': (42.300127333333336, -71.09983505), 'heading': 43.7, 'depth': 1.0, 'altitude': 10.0, 'roll': 0.0, 'pitch': 0.0, 'last_fix_time': datetime.datetime(2021, 7, 29, 3, 25, 7), 'speed': None, 'rudder': 0, 'datum': (42.3, -71.1)}
2021-07-29 04:25:08,314 [INFO] Received from Frontseat: [b'$BFNVG,032506.08,4218.007328,N,07105.990521,W,0,10.0,1.0,48.7,0.0,0.0,032506.08*63', b'$BFNVG,032506.43,4218.007429,N,07105.990378,W,0,10.0,1.0,47.0,0.0,0.0,032506.43*67', b'$BFNVG,032506.78,4218.007533,N,07105.990238,W,0,10.0,1.0,45.4,0.0,0.0,032506.78*6E', b'$BFNVG,032507.13,4218.007640,N,07105.990103,W,0,10.0,1.0,43.7,0.0,0.0,032507.13*67']
2021-07-29 04:25:08,314 [INFO] AUV state: {'position': (13.946196416043676, 13.803780901245773), 'latlon': (42.300127333333336, -71.09983505), 'heading': 43.7, 'depth': 1.0, 'altitude': 10.0, 'roll': 0.0, 'pitch': 0.0, 'last_fix_time': datetime.datetime(2021, 7, 29, 3, 25, 7), 'speed': None, 'rudder': 0, 'datum': (42.3, -71.1)}
2021-07-29 04:25:08,611 [INFO] **** [(13.35352790129263, -15.019380491620037)] []
2021-07-29 04:25:08,614 [INFO] Next green buoy: [(13.35352790129263, -15.019380491620037)], next red buoy: []
2021-07-29 04:25:08,614 [INFO] Desired_heading: 57.05352790129263
2021-07-29 04:25:08,614 [INFO] delta angle: 25
2021-07-29 04:25:08,615 [INFO] sending message $BPRMB,032508.49,-25,1,0,750,0,1*54
...
2021-07-29 04:25:09,617 [INFO] sending message $BPSTS,032509.61,1,BWSI Autonomy OK*4e
...
2021-07-29 04:25:09,618 [INFO] Processing: $BFNVG,032507.49,4218.007750,N,07105.989972,W,0,10.0,1.0,42.1,0.0,0.0,032507.49*66
2021-07-29 04:25:09,620 [INFO] Interpreted as: {'position': (14.13119785184972, 14.00291637238115), 'latlon': (42.300129166666665, -71.09983286666667), 'heading': 42.1, 'depth': 1.0, 'altitude': 10.0, 'roll': 0.0, 'pitch': 0.0, 'last_fix_time': datetime.datetime(2021, 7, 29, 3, 25, 7), 'speed': None, 'rudder': 0, 'datum': (42.3, -71.1)}
2021-07-29 04:25:09,621 [INFO] Processing: $BFNVG,032507.84,4218.007860,N,07105.989841,W,0,10.0,1.0,43.7,0.0,0.0,032507.84*6C
2021-07-29 04:25:09,623 [INFO] Interpreted as: {'position': (14.3161992772948, 14.202051850035787), 'latlon': (42.300131, -71.09983068333334), 'heading': 43.7, 'depth': 1.0, 'altitude': 10.0, 'roll': 0.0, 'pitch': 0.0, 'last_fix_time': datetime.datetime(2021, 7, 29, 3, 25, 7), 'speed': None, 'rudder': 0, 'datum': (42.3, -71.1)}
2021-07-29 04:25:09,624 [INFO] Processing: $BFNVG,032508.19,4218.007966,N,07105.989707,W,0,10.0,1.0,45.4,0.0,0.0,032508.19*63
2021-07-29 04:25:09,626 [INFO] Interpreted as: {'position': (14.505139649263583, 14.393682837486267), 'latlon': (42.300132766666664, -71.09982845), 'heading': 45.4, 'depth': 1.0, 'altitude': 10.0, 'roll': 0.0, 'pitch': 0.0, 'last_fix_time': datetime.datetime(2021, 7, 29, 3, 25, 8), 'speed': None, 'rudder': 0, 'datum': (42.3, -71.1)}
2021-07-29 04:25:09,627 [INFO] Processing: $BFNVG,032508.54,4218.008070,N,07105.989568,W,0,10.0,1.0,47.0,0.0,0.0,032508.54*6F
2021-07-29 04:25:09,629 [INFO] Interpreted as: {'position': (14.700858058640733, 14.581442923285067), 'latlon': (42.3001345, -71.09982613333334), 'heading': 47.0, 'depth': 1.0, 'altitude': 10.0, 'roll': 0.0, 'pitch': 0.0, 'last_fix_time': datetime.datetime(2021, 7, 29, 3, 25, 8), 'speed': None, 'rudder': 0, 'datum': (42.3, -71.1)}
2021-07-29 04:25:09,630 [INFO] Received from Frontseat: [b'$BFNVG,032507.49,4218.007750,N,07105.989972,W,0,10.0,1.0,42.1,0.0,0.0,032507.49*66', b'$BFNVG,032507.84,4218.007860,N,07105.989841,W,0,10.0,1.0,43.7,0.0,0.0,032507.84*6C', b'$BFNVG,032508.19,4218.007966,N,07105.989707,W,0,10.0,1.0,45.4,0.0,0.0,032508.19*63', b'$BFNVG,032508.54,4218.008070,N,07105.989568,W,0,10.0,1.0,47.0,0.0,0.0,032508.54*6F']
2021-07-29 04:25:09,631 [INFO] AUV state: {'position': (14.700858058640733, 14.581442923285067), 'latlon': (42.3001345, -71.09982613333334), 'heading': 47.0, 'depth': 1.0, 'altitude': 10.0, 'roll': 0.0, 'pitch': 0.0, 'last_fix_time': datetime.datetime(2021, 7, 29, 3, 25, 8), 'speed': None, 'rudder': 0, 'datum': (42.3, -71.1)}
2021-07-29 04:25:09,937 [INFO] **** [(14.198054751178304, -20.258726785620564)] []
2021-07-29 04:25:09,940 [INFO] Next green buoy: [(14.198054751178304, -20.258726785620564)], next red buoy: []
2021-07-29 04:25:09,940 [INFO] Desired_heading: 61.198054751178304
2021-07-29 04:25:09,941 [INFO] delta angle: -25
2021-07-29 04:25:09,941 [INFO] sending message $BPRMB,032510.74,25,1,0,750,0,1*7e
...
2021-07-29 04:25:10,943 [INFO] sending message $BPSTS,032510.94,1,BWSI Autonomy OK*4c
...
2021-07-29 04:25:10,944 [INFO] Processing: $BFNVG,032508.89,4218.008171,N,07105.989425,W,0,10.0,1.0,48.7,0.0,0.0,032508.89*6F
2021-07-29 04:25:10,946 [INFO] Interpreted as: {'position': (14.90193495969288, 14.763515315018594), 'latlon': (42.300136183333336, -71.09982375), 'heading': 48.7, 'depth': 1.0, 'altitude': 10.0, 'roll': 0.0, 'pitch': 0.0, 'last_fix_time': datetime.datetime(2021, 7, 29, 3, 25, 8), 'speed': None, 'rudder': 0, 'datum': (42.3, -71.1)}
2021-07-29 04:25:10,947 [INFO] Processing: $BFNVG,032509.24,4218.008269,N,07105.989279,W,0,10.0,1.0,50.3,0.0,0.0,032509.24*67
2021-07-29 04:25:10,949 [INFO] Interpreted as: {'position': (15.106996475951746, 14.93993391469121), 'latlon': (42.30013781666667, -71.09982131666666), 'heading': 50.3, 'depth': 1.0, 'altitude': 10.0, 'roll': 0.0, 'pitch': 0.0, 'last_fix_time': datetime.datetime(2021, 7, 29, 3, 25, 9), 'speed': None, 'rudder': 0, 'datum': (42.3, -71.1)}
2021-07-29 04:25:10,950 [INFO] Processing: $BFNVG,032509.59,4218.008364,N,07105.989127,W,0,10.0,1.0,52.0,0.0,0.0,032509.59*62
2021-07-29 04:25:10,952 [INFO] Interpreted as: {'position': (15.320164237637073, 15.110597014427185), 'latlon': (42.3001394, -71.09981878333333), 'heading': 52.0, 'depth': 1.0, 'altitude': 10.0, 'roll': 0.0, 'pitch': 0.0, 'last_fix_time': datetime.datetime(2021, 7, 29, 3, 25, 9), 'speed': None, 'rudder': 0, 'datum': (42.3, -71.1)}
2021-07-29 04:25:10,953 [INFO] Received from Frontseat: [b'$BFNVG,032508.89,4218.008171,N,07105.989425,W,0,10.0,1.0,48.7,0.0,0.0,032508.89*6F', b'$BFNVG,032509.24,4218.008269,N,07105.989279,W,0,10.0,1.0,50.3,0.0,0.0,032509.24*67', b'$BFNVG,032509.59,4218.008364,N,07105.989127,W,0,10.0,1.0,52.0,0.0,0.0,032509.59*62']
2021-07-29 04:25:10,955 [INFO] AUV state: {'position': (15.320164237637073, 15.110597014427185), 'latlon': (42.3001394, -71.09981878333333), 'heading': 52.0, 'depth': 1.0, 'altitude': 10.0, 'roll': 0.0, 'pitch': 0.0, 'last_fix_time': datetime.datetime(2021, 7, 29, 3, 25, 9), 'speed': None, 'rudder': 0, 'datum': (42.3, -71.1)}
2021-07-29 04:25:11,288 [INFO] **** [(13.504951770372571, -23.88039163315262)] [(13.843215977682993, -23.72519376134838)]
2021-07-29 04:25:11,290 [INFO] Next green buoy: [(13.504951770372571, -23.88039163315262)], next red buoy: [(13.843215977682993, -23.72519376134838)]
2021-07-29 04:25:11,291 [INFO] Desired_heading: 65.67408387402779
2021-07-29 04:25:11,292 [INFO] delta angle: -25
2021-07-29 04:25:11,292 [INFO] sending message $BPRMB,032511.14,25,1,0,750,0,1*79
...
2021-07-29 04:25:12,294 [INFO] sending message $BPSTS,032512.29,1,BWSI Autonomy OK*48
...
2021-07-29 04:25:12,296 [INFO] Processing: $BFNVG,032509.94,4218.008455,N,07105.988973,W,0,10.0,1.0,53.6,0.0,0.0,032509.94*68
2021-07-29 04:25:12,298 [INFO] Interpreted as: {'position': (15.53589706949424, 15.273789526894689), 'latlon': (42.30014091666666, -71.09981621666667), 'heading': 53.6, 'depth': 1.0, 'altitude': 10.0, 'roll': 0.0, 'pitch': 0.0, 'last_fix_time': datetime.datetime(2021, 7, 29, 3, 25, 9), 'speed': None, 'rudder': 0, 'datum': (42.3, -71.1)}
2021-07-29 04:25:12,300 [INFO] Processing: $BFNVG,032510.30,4218.008546,N,07105.988819,W,0,10.0,1.0,52.0,0.0,0.0,032510.30*61
2021-07-29 04:25:12,302 [INFO] Interpreted as: {'position': (15.751629891223274, 15.43698204960674), 'latlon': (42.300142433333335, -71.09981365), 'heading': 52.0, 'depth': 1.0, 'altitude': 10.0, 'roll': 0.0, 'pitch': 0.0, 'last_fix_time': datetime.datetime(2021, 7, 29, 3, 25, 10), 'speed': None, 'rudder': 0, 'datum': (42.3, -71.1)}
2021-07-29 04:25:12,303 [INFO] Processing: $BFNVG,032510.67,4218.008648,N,07105.988658,W,0,10.0,1.0,50.2,0.0,0.0,032510.67*67
2021-07-29 04:25:12,305 [INFO] Interpreted as: {'position': (15.977482188725844, 15.620294930413365), 'latlon': (42.30014413333333, -71.09981096666667), 'heading': 50.2, 'depth': 1.0, 'altitude': 10.0, 'roll': 0.0, 'pitch': 0.0, 'last_fix_time': datetime.datetime(2021, 7, 29, 3, 25, 10), 'speed': None, 'rudder': 0, 'datum': (42.3, -71.1)}
2021-07-29 04:25:12,306 [INFO] Processing: $BFNVG,032511.05,4218.008754,N,07105.988500,W,0,10.0,1.0,48.4,0.0,0.0,032511.05*6A
2021-07-29 04:25:12,309 [INFO] Interpreted as: {'position': (16.199395516654477, 15.811112312600017), 'latlon': (42.3001459, -71.09980833333333), 'heading': 48.4, 'depth': 1.0, 'altitude': 10.0, 'roll': 0.0, 'pitch': 0.0, 'last_fix_time': datetime.datetime(2021, 7, 29, 3, 25, 11), 'speed': None, 'rudder': 0, 'datum': (42.3, -71.1)}
2021-07-29 04:25:12,310 [INFO] Received from Frontseat: [b'$BFNVG,032509.94,4218.008455,N,07105.988973,W,0,10.0,1.0,53.6,0.0,0.0,032509.94*68', b'$BFNVG,032510.30,4218.008546,N,07105.988819,W,0,10.0,1.0,52.0,0.0,0.0,032510.30*61', b'$BFNVG,032510.67,4218.008648,N,07105.988658,W,0,10.0,1.0,50.2,0.0,0.0,032510.67*67', b'$BFNVG,032511.05,4218.008754,N,07105.988500,W,0,10.0,1.0,48.4,0.0,0.0,032511.05*6A']
2021-07-29 04:25:12,311 [INFO] AUV state: {'position': (16.199395516654477, 15.811112312600017), 'latlon': (42.3001459, -71.09980833333333), 'heading': 48.4, 'depth': 1.0, 'altitude': 10.0, 'roll': 0.0, 'pitch': 0.0, 'last_fix_time': datetime.datetime(2021, 7, 29, 3, 25, 11), 'speed': None, 'rudder': 0, 'datum': (42.3, -71.1)}
2021-07-29 04:25:12,613 [INFO] **** [] []
2021-07-29 04:25:12,615 [INFO] Next green buoy: [], next red buoy: []
2021-07-29 04:25:12,616 [INFO] Desired_heading: 48.4
2021-07-29 04:25:12,617 [INFO] delta angle: 0.0
2021-07-29 04:25:12,617 [INFO] sending message $BPRMB,032513.44,-0.0,1,0,750,0,1*7a
...
2021-07-29 04:25:13,619 [INFO] sending message $BPSTS,032513.61,1,BWSI Autonomy OK*45
...
2021-07-29 04:25:13,621 [INFO] Processing: $BFNVG,032511.42,4218.008861,N,07105.988351,W,0,10.0,1.0,46.7,0.0,0.0,032511.42*6C
2021-07-29 04:25:13,628 [INFO] Interpreted as: {'position': (16.408989613468293, 16.004085515625775), 'latlon': (42.300147683333336, -71.09980585), 'heading': 46.7, 'depth': 1.0, 'altitude': 10.0, 'roll': 0.0, 'pitch': 0.0, 'last_fix_time': datetime.datetime(2021, 7, 29, 3, 25, 11), 'speed': None, 'rudder': 0, 'datum': (42.3, -71.1)}
2021-07-29 04:25:13,630 [INFO] Processing: $BFNVG,032511.77,4218.008964,N,07105.988214,W,0,10.0,1.0,45.1,0.0,0.0,032511.77*6D
2021-07-29 04:25:13,632 [INFO] Interpreted as: {'position': (16.60191450448474, 16.190062759444118), 'latlon': (42.3001494, -71.09980356666667), 'heading': 45.1, 'depth': 1.0, 'altitude': 10.0, 'roll': 0.0, 'pitch': 0.0, 'last_fix_time': datetime.datetime(2021, 7, 29, 3, 25, 11), 'speed': None, 'rudder': 0, 'datum': (42.3, -71.1)}
2021-07-29 04:25:13,633 [INFO] Processing: $BFNVG,032512.12,4218.009071,N,07105.988080,W,0,10.0,1.0,43.4,0.0,0.0,032512.12*6D
2021-07-29 04:25:13,636 [INFO] Interpreted as: {'position': (16.790900429477915, 16.38354450184852), 'latlon': (42.300151183333334, -71.09980133333333), 'heading': 43.4, 'depth': 1.0, 'altitude': 10.0, 'roll': 0.0, 'pitch': 0.0, 'last_fix_time': datetime.datetime(2021, 7, 29, 3, 25, 12), 'speed': None, 'rudder': 0, 'datum': (42.3, -71.1)}
2021-07-29 04:25:13,637 [INFO] Processing: $BFNVG,032512.47,4218.009180,N,07105.987952,W,0,10.0,1.0,41.8,0.0,0.0,032512.47*65
2021-07-29 04:25:13,639 [INFO] Interpreted as: {'position': (16.971734421211295, 16.580931056290865), 'latlon': (42.300153, -71.0997992), 'heading': 41.8, 'depth': 1.0, 'altitude': 10.0, 'roll': 0.0, 'pitch': 0.0, 'last_fix_time': datetime.datetime(2021, 7, 29, 3, 25, 12), 'speed': None, 'rudder': 0, 'datum': (42.3, -71.1)}
2021-07-29 04:25:13,640 [INFO] Received from Frontseat: [b'$BFNVG,032511.42,4218.008861,N,07105.988351,W,0,10.0,1.0,46.7,0.0,0.0,032511.42*6C', b'$BFNVG,032511.77,4218.008964,N,07105.988214,W,0,10.0,1.0,45.1,0.0,0.0,032511.77*6D', b'$BFNVG,032512.12,4218.009071,N,07105.988080,W,0,10.0,1.0,43.4,0.0,0.0,032512.12*6D', b'$BFNVG,032512.47,4218.009180,N,07105.987952,W,0,10.0,1.0,41.8,0.0,0.0,032512.47*65']
2021-07-29 04:25:13,641 [INFO] AUV state: {'position': (16.971734421211295, 16.580931056290865), 'latlon': (42.300153, -71.0997992), 'heading': 41.8, 'depth': 1.0, 'altitude': 10.0, 'roll': 0.0, 'pitch': 0.0, 'last_fix_time': datetime.datetime(2021, 7, 29, 3, 25, 12), 'speed': None, 'rudder': 0, 'datum': (42.3, -71.1)}
2021-07-29 04:25:13,942 [INFO] **** [] []
2021-07-29 04:25:13,945 [INFO] Next green buoy: [], next red buoy: []
2021-07-29 04:25:13,945 [INFO] Desired_heading: 41.8
2021-07-29 04:25:13,946 [INFO] delta angle: 0.0
2021-07-29 04:25:13,946 [INFO] sending message $BPRMB,032513.79,-0.0,1,0,750,0,1*74
...
2021-07-29 04:25:14,948 [INFO] sending message $BPSTS,032514.94,1,BWSI Autonomy OK*48
...
2021-07-29 04:25:14,950 [INFO] Processing: $BFNVG,032512.81,4218.009290,N,07105.987830,W,0,10.0,1.0,40.2,0.0,0.0,032512.81*69
2021-07-29 04:25:14,952 [INFO] Interpreted as: {'position': (17.144370812224224, 16.780371719039977), 'latlon': (42.30015483333333, -71.09979716666666), 'heading': 40.2, 'depth': 1.0, 'altitude': 10.0, 'roll': 0.0, 'pitch': 0.0, 'last_fix_time': datetime.datetime(2021, 7, 29, 3, 25, 12), 'speed': None, 'rudder': 0, 'datum': (42.3, -71.1)}
2021-07-29 04:25:14,954 [INFO] Processing: $BFNVG,032513.15,4218.009403,N,07105.987708,W,0,10.0,1.0,40.2,0.0,0.0,032513.15*61
2021-07-29 04:25:14,956 [INFO] Interpreted as: {'position': (17.31714419700438, 16.98536447994411), 'latlon': (42.30015671666666, -71.09979513333333), 'heading': 40.2, 'depth': 1.0, 'altitude': 10.0, 'roll': 0.0, 'pitch': 0.0, 'last_fix_time': datetime.datetime(2021, 7, 29, 3, 25, 13), 'speed': None, 'rudder': 0, 'datum': (42.3, -71.1)}
2021-07-29 04:25:14,957 [INFO] Processing: $BFNVG,032513.49,4218.009513,N,07105.987588,W,0,10.0,1.0,40.2,0.0,0.0,032513.49*6B
2021-07-29 04:25:14,959 [INFO] Interpreted as: {'position': (17.487032816105057, 17.184872956946492), 'latlon': (42.30015855, -71.09979313333334), 'heading': 40.2, 'depth': 1.0, 'altitude': 10.0, 'roll': 0.0, 'pitch': 0.0, 'last_fix_time': datetime.datetime(2021, 7, 29, 3, 25, 13), 'speed': None, 'rudder': 0, 'datum': (42.3, -71.1)}
2021-07-29 04:25:14,961 [INFO] Processing: $BFNVG,032513.84,4218.009624,N,07105.987468,W,0,10.0,1.0,40.2,0.0,0.0,032513.84*63
2021-07-29 04:25:14,963 [INFO] Interpreted as: {'position': (17.656967093469575, 17.386232133954763), 'latlon': (42.3001604, -71.09979113333333), 'heading': 40.2, 'depth': 1.0, 'altitude': 10.0, 'roll': 0.0, 'pitch': 0.0, 'last_fix_time': datetime.datetime(2021, 7, 29, 3, 25, 13), 'speed': None, 'rudder': 0, 'datum': (42.3, -71.1)}
2021-07-29 04:25:14,964 [INFO] Received from Frontseat: [b'$BFNVG,032512.81,4218.009290,N,07105.987830,W,0,10.0,1.0,40.2,0.0,0.0,032512.81*69', b'$BFNVG,032513.15,4218.009403,N,07105.987708,W,0,10.0,1.0,40.2,0.0,0.0,032513.15*61', b'$BFNVG,032513.49,4218.009513,N,07105.987588,W,0,10.0,1.0,40.2,0.0,0.0,032513.49*6B', b'$BFNVG,032513.84,4218.009624,N,07105.987468,W,0,10.0,1.0,40.2,0.0,0.0,032513.84*63']
2021-07-29 04:25:14,965 [INFO] AUV state: {'position': (17.656967093469575, 17.386232133954763), 'latlon': (42.3001604, -71.09979113333333), 'heading': 40.2, 'depth': 1.0, 'altitude': 10.0, 'roll': 0.0, 'pitch': 0.0, 'last_fix_time': datetime.datetime(2021, 7, 29, 3, 25, 13), 'speed': None, 'rudder': 0, 'datum': (42.3, -71.1)}
2021-07-29 04:25:15,260 [INFO] **** [] []
2021-07-29 04:25:15,262 [INFO] Next green buoy: [], next red buoy: []
2021-07-29 04:25:15,263 [INFO] Desired_heading: 40.2
2021-07-29 04:25:15,264 [INFO] delta angle: 0.0
2021-07-29 04:25:15,264 [INFO] sending message $BPRMB,032516.10,-0.0,1,0,750,0,1*7e
...
2021-07-29 04:25:16,266 [INFO] sending message $BPSTS,032516.26,1,BWSI Autonomy OK*43
...
2021-07-29 04:25:16,268 [INFO] Processing: $BFNVG,032514.19,4218.009738,N,07105.987345,W,0,10.0,1.0,40.2,0.0,0.0,032514.19*67
2021-07-29 04:25:16,270 [INFO] Interpreted as: {'position': (17.831159988767467, 17.593041701242328), 'latlon': (42.3001623, -71.09978908333333), 'heading': 40.2, 'depth': 1.0, 'altitude': 10.0, 'roll': 0.0, 'pitch': 0.0, 'last_fix_time': datetime.datetime(2021, 7, 29, 3, 25, 14), 'speed': None, 'rudder': 0, 'datum': (42.3, -71.1)}
2021-07-29 04:25:16,271 [INFO] Processing: $BFNVG,032514.53,4218.009849,N,07105.987225,W,0,10.0,1.0,40.2,0.0,0.0,032514.53*69
2021-07-29 04:25:16,274 [INFO] Interpreted as: {'position': (18.00109424686525, 17.794400886632502), 'latlon': (42.30016415, -71.09978708333334), 'heading': 40.2, 'depth': 1.0, 'altitude': 10.0, 'roll': 0.0, 'pitch': 0.0, 'last_fix_time': datetime.datetime(2021, 7, 29, 3, 25, 14), 'speed': None, 'rudder': 0, 'datum': (42.3, -71.1)}
2021-07-29 04:25:16,275 [INFO] Processing: $BFNVG,032514.87,4218.009961,N,07105.987104,W,0,10.0,1.0,40.2,0.0,0.0,032514.87*62
2021-07-29 04:25:16,277 [INFO] Interpreted as: {'position': (18.172448039171286, 17.99757686909288), 'latlon': (42.300166016666665, -71.09978506666667), 'heading': 40.2, 'depth': 1.0, 'altitude': 10.0, 'roll': 0.0, 'pitch': 0.0, 'last_fix_time': datetime.datetime(2021, 7, 29, 3, 25, 14), 'speed': None, 'rudder': 0, 'datum': (42.3, -71.1)}
2021-07-29 04:25:16,279 [INFO] Processing: $BFNVG,032515.21,4218.010072,N,07105.986984,W,0,10.0,1.0,40.2,0.0,0.0,032515.21*60
2021-07-29 04:25:16,281 [INFO] Interpreted as: {'position': (18.342382278176956, 18.198936064727604), 'latlon': (42.30016786666667, -71.09978306666666), 'heading': 40.2, 'depth': 1.0, 'altitude': 10.0, 'roll': 0.0, 'pitch': 0.0, 'last_fix_time': datetime.datetime(2021, 7, 29, 3, 25, 15), 'speed': None, 'rudder': 0, 'datum': (42.3, -71.1)}
2021-07-29 04:25:16,282 [INFO] Received from Frontseat: [b'$BFNVG,032514.19,4218.009738,N,07105.987345,W,0,10.0,1.0,40.2,0.0,0.0,032514.19*67', b'$BFNVG,032514.53,4218.009849,N,07105.987225,W,0,10.0,1.0,40.2,0.0,0.0,032514.53*69', b'$BFNVG,032514.87,4218.009961,N,07105.987104,W,0,10.0,1.0,40.2,0.0,0.0,032514.87*62', b'$BFNVG,032515.21,4218.010072,N,07105.986984,W,0,10.0,1.0,40.2,0.0,0.0,032515.21*60']
2021-07-29 04:25:16,283 [INFO] AUV state: {'position': (18.342382278176956, 18.198936064727604), 'latlon': (42.30016786666667, -71.09978306666666), 'heading': 40.2, 'depth': 1.0, 'altitude': 10.0, 'roll': 0.0, 'pitch': 0.0, 'last_fix_time': datetime.datetime(2021, 7, 29, 3, 25, 15), 'speed': None, 'rudder': 0, 'datum': (42.3, -71.1)}
2021-07-29 04:25:16,576 [INFO] **** [] []
2021-07-29 04:25:16,579 [INFO] Next green buoy: [], next red buoy: []
2021-07-29 04:25:16,579 [INFO] Desired_heading: 40.2
2021-07-29 04:25:16,580 [INFO] delta angle: 0.0
2021-07-29 04:25:16,580 [INFO] sending message $BPRMB,032516.43,-0.0,1,0,750,0,1*78
...
2021-07-29 04:25:17,582 [INFO] sending message $BPSTS,032517.58,1,BWSI Autonomy OK*4b
...
2021-07-29 04:25:17,583 [INFO] Processing: $BFNVG,032515.55,4218.010182,N,07105.986864,W,0,10.0,1.0,40.2,0.0,0.0,032515.55*61
2021-07-29 04:25:17,585 [INFO] Interpreted as: {'position': (18.512270840117708, 18.39844456408173), 'latlon': (42.3001697, -71.09978106666667), 'heading': 40.2, 'depth': 1.0, 'altitude': 10.0, 'roll': 0.0, 'pitch': 0.0, 'last_fix_time': datetime.datetime(2021, 7, 29, 3, 25, 15), 'speed': None, 'rudder': 0, 'datum': (42.3, -71.1)}
2021-07-29 04:25:17,586 [INFO] Processing: $BFNVG,032515.91,4218.010298,N,07105.986739,W,0,10.0,1.0,40.2,0.0,0.0,032515.91*6E
2021-07-29 04:25:17,588 [INFO] Interpreted as: {'position': (18.689302775543183, 18.608887743204832), 'latlon': (42.300171633333335, -71.09977898333334), 'heading': 40.2, 'depth': 1.0, 'altitude': 10.0, 'roll': 0.0, 'pitch': 0.0, 'last_fix_time': datetime.datetime(2021, 7, 29, 3, 25, 15), 'speed': None, 'rudder': 0, 'datum': (42.3, -71.1)}
2021-07-29 04:25:17,589 [INFO] Processing: $BFNVG,032516.26,4218.010411,N,07105.986617,W,0,10.0,1.0,40.2,0.0,0.0,032516.26*64
2021-07-29 04:25:17,591 [INFO] Interpreted as: {'position': (18.862076072371565, 18.8138805385679), 'latlon': (42.30017351666667, -71.09977695), 'heading': 40.2, 'depth': 1.0, 'altitude': 10.0, 'roll': 0.0, 'pitch': 0.0, 'last_fix_time': datetime.datetime(2021, 7, 29, 3, 25, 16), 'speed': None, 'rudder': 0, 'datum': (42.3, -71.1)}
2021-07-29 04:25:17,592 [INFO] Received from Frontseat: [b'$BFNVG,032515.55,4218.010182,N,07105.986864,W,0,10.0,1.0,40.2,0.0,0.0,032515.55*61', b'$BFNVG,032515.91,4218.010298,N,07105.986739,W,0,10.0,1.0,40.2,0.0,0.0,032515.91*6E', b'$BFNVG,032516.26,4218.010411,N,07105.986617,W,0,10.0,1.0,40.2,0.0,0.0,032516.26*64']
2021-07-29 04:25:17,593 [INFO] AUV state: {'position': (18.862076072371565, 18.8138805385679), 'latlon': (42.30017351666667, -71.09977695), 'heading': 40.2, 'depth': 1.0, 'altitude': 10.0, 'roll': 0.0, 'pitch': 0.0, 'last_fix_time': datetime.datetime(2021, 7, 29, 3, 25, 16), 'speed': None, 'rudder': 0, 'datum': (42.3, -71.1)}
2021-07-29 04:25:17,889 [INFO] **** [] []
2021-07-29 04:25:17,891 [INFO] Next green buoy: [], next red buoy: []
2021-07-29 04:25:17,891 [INFO] Desired_heading: 40.2
2021-07-29 04:25:17,892 [INFO] delta angle: 0.0
2021-07-29 04:25:17,892 [INFO] sending message $BPRMB,032518.73,-0.0,1,0,750,0,1*75
...
2021-07-29 04:25:18,894 [INFO] sending message $BPSTS,032518.89,1,BWSI Autonomy OK*48
...
2021-07-29 04:25:18,895 [INFO] Processing: $BFNVG,032516.60,4218.010523,N,07105.986496,W,0,10.0,1.0,40.2,0.0,0.0,032516.60*6F
2021-07-29 04:25:18,901 [INFO] Interpreted as: {'position': (19.033429814036936, 19.017056543380022), 'latlon': (42.30017538333333, -71.09977493333334), 'heading': 40.2, 'depth': 1.0, 'altitude': 10.0, 'roll': 0.0, 'pitch': 0.0, 'last_fix_time': datetime.datetime(2021, 7, 29, 3, 25, 16), 'speed': None, 'rudder': 0, 'datum': (42.3, -71.1)}
2021-07-29 04:25:18,903 [INFO] Processing: $BFNVG,032516.94,4218.010634,N,07105.986375,W,0,10.0,1.0,40.2,0.0,0.0,032516.94*60
2021-07-29 04:25:18,905 [INFO] Interpreted as: {'position': (19.204737880791072, 19.218381855636835), 'latlon': (42.300177233333336, -71.09977291666667), 'heading': 40.2, 'depth': 1.0, 'altitude': 10.0, 'roll': 0.0, 'pitch': 0.0, 'last_fix_time': datetime.datetime(2021, 7, 29, 3, 25, 16), 'speed': None, 'rudder': 0, 'datum': (42.3, -71.1)}
2021-07-29 04:25:18,906 [INFO] Processing: $BFNVG,032517.29,4218.010746,N,07105.986255,W,0,10.0,1.0,40.2,0.0,0.0,032517.29*67
2021-07-29 04:25:18,908 [INFO] Interpreted as: {'position': (19.37471772939898, 19.421591768041253), 'latlon': (42.3001791, -71.09977091666667), 'heading': 40.2, 'depth': 1.0, 'altitude': 10.0, 'roll': 0.0, 'pitch': 0.0, 'last_fix_time': datetime.datetime(2021, 7, 29, 3, 25, 17), 'speed': None, 'rudder': 0, 'datum': (42.3, -71.1)}
2021-07-29 04:25:18,908 [INFO] Processing: $BFNVG,032517.63,4218.010858,N,07105.986133,W,0,10.0,1.0,40.2,0.0,0.0,032517.63*64
2021-07-29 04:25:18,910 [INFO] Interpreted as: {'position': (19.5474453199422, 19.624733882956207), 'latlon': (42.300180966666666, -71.09976888333334), 'heading': 40.2, 'depth': 1.0, 'altitude': 10.0, 'roll': 0.0, 'pitch': 0.0, 'last_fix_time': datetime.datetime(2021, 7, 29, 3, 25, 17), 'speed': None, 'rudder': 0, 'datum': (42.3, -71.1)}
2021-07-29 04:25:18,911 [INFO] Received from Frontseat: [b'$BFNVG,032516.60,4218.010523,N,07105.986496,W,0,10.0,1.0,40.2,0.0,0.0,032516.60*6F', b'$BFNVG,032516.94,4218.010634,N,07105.986375,W,0,10.0,1.0,40.2,0.0,0.0,032516.94*60', b'$BFNVG,032517.29,4218.010746,N,07105.986255,W,0,10.0,1.0,40.2,0.0,0.0,032517.29*67', b'$BFNVG,032517.63,4218.010858,N,07105.986133,W,0,10.0,1.0,40.2,0.0,0.0,032517.63*64']
2021-07-29 04:25:18,912 [INFO] AUV state: {'position': (19.5474453199422, 19.624733882956207), 'latlon': (42.300180966666666, -71.09976888333334), 'heading': 40.2, 'depth': 1.0, 'altitude': 10.0, 'roll': 0.0, 'pitch': 0.0, 'last_fix_time': datetime.datetime(2021, 7, 29, 3, 25, 17), 'speed': None, 'rudder': 0, 'datum': (42.3, -71.1)}
2021-07-29 04:25:19,227 [INFO] **** [] []
2021-07-29 04:25:19,229 [INFO] Next green buoy: [], next red buoy: []
2021-07-29 04:25:19,230 [INFO] Desired_heading: 40.2
2021-07-29 04:25:19,230 [INFO] delta angle: 0.0
2021-07-29 04:25:19,231 [INFO] sending message $BPRMB,032519.05,-0.0,1,0,750,0,1*75
...
2021-07-29 04:25:20,232 [INFO] sending message $BPSTS,032520.23,1,BWSI Autonomy OK*43
...
2021-07-29 04:25:20,234 [INFO] Processing: $BFNVG,032517.98,4218.010970,N,07105.986013,W,0,10.0,1.0,40.2,0.0,0.0,032517.98*6C
2021-07-29 04:25:20,236 [INFO] Interpreted as: {'position': (19.717425149283372, 19.827943805605173), 'latlon': (42.30018283333333, -71.09976688333333), 'heading': 40.2, 'depth': 1.0, 'altitude': 10.0, 'roll': 0.0, 'pitch': 0.0, 'last_fix_time': datetime.datetime(2021, 7, 29, 3, 25, 17), 'speed': None, 'rudder': 0, 'datum': (42.3, -71.1)}
2021-07-29 04:25:20,237 [INFO] Processing: $BFNVG,032518.33,4218.011085,N,07105.985888,W,0,10.0,1.0,40.2,0.0,0.0,032518.33*67
2021-07-29 04:25:20,239 [INFO] Interpreted as: {'position': (19.89441134710796, 20.036536317318678), 'latlon': (42.30018475, -71.0997648), 'heading': 40.2, 'depth': 1.0, 'altitude': 10.0, 'roll': 0.0, 'pitch': 0.0, 'last_fix_time': datetime.datetime(2021, 7, 29, 3, 25, 18), 'speed': None, 'rudder': 0, 'datum': (42.3, -71.1)}
2021-07-29 04:25:20,240 [INFO] Processing: $BFNVG,032518.67,4218.011196,N,07105.985767,W,0,10.0,1.0,40.2,0.0,0.0,032518.67*6A
2021-07-29 04:25:20,242 [INFO] Interpreted as: {'position': (20.065719365607947, 20.23786164727062), 'latlon': (42.3001866, -71.09976278333333), 'heading': 40.2, 'depth': 1.0, 'altitude': 10.0, 'roll': 0.0, 'pitch': 0.0, 'last_fix_time': datetime.datetime(2021, 7, 29, 3, 25, 18), 'speed': None, 'rudder': 0, 'datum': (42.3, -71.1)}
2021-07-29 04:25:20,243 [INFO] Processing: $BFNVG,032519.02,4218.011310,N,07105.985644,W,0,10.0,1.0,40.2,0.0,0.0,032519.02*66
2021-07-29 04:25:20,245 [INFO] Interpreted as: {'position': (20.239912126911804, 20.44467127043754), 'latlon': (42.3001885, -71.09976073333333), 'heading': 40.2, 'depth': 1.0, 'altitude': 10.0, 'roll': 0.0, 'pitch': 0.0, 'last_fix_time': datetime.datetime(2021, 7, 29, 3, 25, 19), 'speed': None, 'rudder': 0, 'datum': (42.3, -71.1)}
2021-07-29 04:25:20,246 [INFO] Received from Frontseat: [b'$BFNVG,032517.98,4218.010970,N,07105.986013,W,0,10.0,1.0,40.2,0.0,0.0,032517.98*6C', b'$BFNVG,032518.33,4218.011085,N,07105.985888,W,0,10.0,1.0,40.2,0.0,0.0,032518.33*67', b'$BFNVG,032518.67,4218.011196,N,07105.985767,W,0,10.0,1.0,40.2,0.0,0.0,032518.67*6A', b'$BFNVG,032519.02,4218.011310,N,07105.985644,W,0,10.0,1.0,40.2,0.0,0.0,032519.02*66']
2021-07-29 04:25:20,246 [INFO] AUV state: {'position': (20.239912126911804, 20.44467127043754), 'latlon': (42.3001885, -71.09976073333333), 'heading': 40.2, 'depth': 1.0, 'altitude': 10.0, 'roll': 0.0, 'pitch': 0.0, 'last_fix_time': datetime.datetime(2021, 7, 29, 3, 25, 19), 'speed': None, 'rudder': 0, 'datum': (42.3, -71.1)}
2021-07-29 04:25:20,527 [INFO] **** [] []
2021-07-29 04:25:20,529 [INFO] Next green buoy: [], next red buoy: []
2021-07-29 04:25:20,530 [INFO] Desired_heading: 40.2
2021-07-29 04:25:20,530 [INFO] delta angle: 0.0
2021-07-29 04:25:20,531 [INFO] sending message $BPRMB,032521.40,-0.0,1,0,750,0,1*7f
...
2021-07-29 04:25:21,532 [INFO] sending message $BPSTS,032521.53,1,BWSI Autonomy OK*45
...
2021-07-29 04:25:21,534 [INFO] Processing: $BFNVG,032519.37,4218.011424,N,07105.985521,W,0,10.0,1.0,40.2,0.0,0.0,032519.37*66
2021-07-29 04:25:21,536 [INFO] Interpreted as: {'position': (20.414104876108468, 20.65148089826107), 'latlon': (42.3001904, -71.09975868333333), 'heading': 40.2, 'depth': 1.0, 'altitude': 10.0, 'roll': 0.0, 'pitch': 0.0, 'last_fix_time': datetime.datetime(2021, 7, 29, 3, 25, 19), 'speed': None, 'rudder': 0, 'datum': (42.3, -71.1)}
2021-07-29 04:25:21,537 [INFO] Processing: $BFNVG,032519.71,4218.011535,N,07105.985401,W,0,10.0,1.0,40.2,0.0,0.0,032519.71*64
2021-07-29 04:25:21,538 [INFO] Interpreted as: {'position': (20.584038989734836, 20.852840144187212), 'latlon': (42.30019225, -71.09975668333334), 'heading': 40.2, 'depth': 1.0, 'altitude': 10.0, 'roll': 0.0, 'pitch': 0.0, 'last_fix_time': datetime.datetime(2021, 7, 29, 3, 25, 19), 'speed': None, 'rudder': 0, 'datum': (42.3, -71.1)}
2021-07-29 04:25:21,539 [INFO] Processing: $BFNVG,032520.06,4218.011646,N,07105.985281,W,0,10.0,1.0,40.2,0.0,0.0,032520.06*6D
2021-07-29 04:25:21,542 [INFO] Interpreted as: {'position': (20.753973093931563, 21.054199391976), 'latlon': (42.3001941, -71.09975468333333), 'heading': 40.2, 'depth': 1.0, 'altitude': 10.0, 'roll': 0.0, 'pitch': 0.0, 'last_fix_time': datetime.datetime(2021, 7, 29, 3, 25, 20), 'speed': None, 'rudder': 0, 'datum': (42.3, -71.1)}
2021-07-29 04:25:21,543 [INFO] Processing: $BFNVG,032520.41,4218.011760,N,07105.985158,W,0,10.0,1.0,40.2,0.0,0.0,032520.41*6F
2021-07-29 04:25:21,545 [INFO] Interpreted as: {'position': (20.928165815770626, 21.261009031906724), 'latlon': (42.300196, -71.09975263333334), 'heading': 40.2, 'depth': 1.0, 'altitude': 10.0, 'roll': 0.0, 'pitch': 0.0, 'last_fix_time': datetime.datetime(2021, 7, 29, 3, 25, 20), 'speed': None, 'rudder': 0, 'datum': (42.3, -71.1)}
2021-07-29 04:25:21,545 [INFO] Received from Frontseat: [b'$BFNVG,032519.37,4218.011424,N,07105.985521,W,0,10.0,1.0,40.2,0.0,0.0,032519.37*66', b'$BFNVG,032519.71,4218.011535,N,07105.985401,W,0,10.0,1.0,40.2,0.0,0.0,032519.71*64', b'$BFNVG,032520.06,4218.011646,N,07105.985281,W,0,10.0,1.0,40.2,0.0,0.0,032520.06*6D', b'$BFNVG,032520.41,4218.011760,N,07105.985158,W,0,10.0,1.0,40.2,0.0,0.0,032520.41*6F']
2021-07-29 04:25:21,546 [INFO] AUV state: {'position': (20.928165815770626, 21.261009031906724), 'latlon': (42.300196, -71.09975263333334), 'heading': 40.2, 'depth': 1.0, 'altitude': 10.0, 'roll': 0.0, 'pitch': 0.0, 'last_fix_time': datetime.datetime(2021, 7, 29, 3, 25, 20), 'speed': None, 'rudder': 0, 'datum': (42.3, -71.1)}
2021-07-29 04:25:21,836 [INFO] **** [] []
2021-07-29 04:25:21,838 [INFO] Next green buoy: [], next red buoy: []
2021-07-29 04:25:21,839 [INFO] Desired_heading: 40.2
2021-07-29 04:25:21,839 [INFO] delta angle: 0.0
2021-07-29 04:25:21,839 [INFO] sending message $BPRMB,032521.65,-0.0,1,0,750,0,1*78
...
2021-07-29 04:25:21,956 [ERROR] An error occurred. The stack trace is below.
Traceback (most recent call last):
  File "BWSI_BackSeat.py", line 126, in run
    time.sleep(1/self.__warp)
KeyboardInterrupt
