2021-07-29 14:40:37,835 [INFO] host = 192.168.1.213, port = 29500
2021-07-29 14:40:40,914 [INFO] sending message $BPLOG,ACK,ON*1e
...
2021-07-29 14:40:40,915 [INFO] sending message $BPLOG,ALL,ON*16
...
2021-07-29 14:40:40,916 [INFO] 0.0s of 1000s elapsed.
2021-07-29 14:40:40,917 [INFO] sending message $BPSTS,134040.91,1,BWSI Autonomy OK*4e
...
2021-07-29 14:40:40,918 [INFO] Received from Frontseat: []
2021-07-29 14:40:40,919 [INFO] AUV state: {'position': (None, None), 'latlon': None, 'heading': None, 'depth': None, 'altitude': None, 'roll': None, 'pitch': None, 'last_fix_time': None, 'speed': None, 'rudder': 0}
2021-07-29 14:40:41,921 [INFO] 0.027922868728637695s of 1000s elapsed.
2021-07-29 14:40:41,922 [INFO] sending message $BPSTS,134041.92,1,BWSI Autonomy OK*4c
...
2021-07-29 14:40:41,923 [INFO] Processing: $BFNVG,134040.20,4218.000000,N,07106.000000,W,0,10.0,1.0,45.0,0.0,0.0,134040.20*62
2021-07-29 14:40:41,926 [INFO] Interpreted as: {'position': (0, 0), 'latlon': (42.3, -71.1), 'heading': 45.0, 'depth': 1.0, 'altitude': 10.0, 'roll': 0.0, 'pitch': 0.0, 'last_fix_time': datetime.datetime(2021, 7, 29, 13, 40, 40), 'speed': None, 'rudder': 0, 'datum': (42.3, -71.1)}
2021-07-29 14:40:41,927 [INFO] Processing: $BFNVG,134040.45,4218.000000,N,07106.000000,W,0,10.0,1.0,45.0,0.0,0.0,134040.45*62
2021-07-29 14:40:41,929 [INFO] Interpreted as: {'position': (0.0, 0.0), 'latlon': (42.3, -71.1), 'heading': 45.0, 'depth': 1.0, 'altitude': 10.0, 'roll': 0.0, 'pitch': 0.0, 'last_fix_time': datetime.datetime(2021, 7, 29, 13, 40, 40), 'speed': None, 'rudder': 0, 'datum': (42.3, -71.1)}
2021-07-29 14:40:41,931 [INFO] Processing: $BFNVG,134040.70,4218.000000,N,07106.000000,W,0,10.0,1.0,45.0,0.0,0.0,134040.70*62
2021-07-29 14:40:41,933 [INFO] Interpreted as: {'position': (0.0, 0.0), 'latlon': (42.3, -71.1), 'heading': 45.0, 'depth': 1.0, 'altitude': 10.0, 'roll': 0.0, 'pitch': 0.0, 'last_fix_time': datetime.datetime(2021, 7, 29, 13, 40, 40), 'speed': None, 'rudder': 0, 'datum': (42.3, -71.1)}
2021-07-29 14:40:41,934 [INFO] Processing: $BFNVG,134040.95,4218.000000,N,07106.000000,W,0,10.0,1.0,45.0,0.0,0.0,134040.95*62
2021-07-29 14:40:41,936 [INFO] Interpreted as: {'position': (0.0, 0.0), 'latlon': (42.3, -71.1), 'heading': 45.0, 'depth': 1.0, 'altitude': 10.0, 'roll': 0.0, 'pitch': 0.0, 'last_fix_time': datetime.datetime(2021, 7, 29, 13, 40, 40), 'speed': None, 'rudder': 0, 'datum': (42.3, -71.1)}
2021-07-29 14:40:41,936 [INFO] Received from Frontseat: [b'$BFNVG,134040.20,4218.000000,N,07106.000000,W,0,10.0,1.0,45.0,0.0,0.0,134040.20*62', b'$BFNVG,134040.45,4218.000000,N,07106.000000,W,0,10.0,1.0,45.0,0.0,0.0,134040.45*62', b'$BFNVG,134040.70,4218.000000,N,07106.000000,W,0,10.0,1.0,45.0,0.0,0.0,134040.70*62', b'$BFNVG,134040.95,4218.000000,N,07106.000000,W,0,10.0,1.0,45.0,0.0,0.0,134040.95*62']
2021-07-29 14:40:41,937 [INFO] AUV state: {'position': (0.0, 0.0), 'latlon': (42.3, -71.1), 'heading': 45.0, 'depth': 1.0, 'altitude': 10.0, 'roll': 0.0, 'pitch': 0.0, 'last_fix_time': datetime.datetime(2021, 7, 29, 13, 40, 40), 'speed': None, 'rudder': 0, 'datum': (42.3, -71.1)}
2021-07-29 14:40:42,309 [INFO] Next green buoy (centers, angles): (array([[array([317.97058824, 168.64705882]), 112]], dtype=object), [(-0.21993023293121178, -7.6862156757158235)]), next red buoy (centers, angles): (array([[array([466., 172.]), 180]], dtype=object), [(15.437560812208067, -7.329055330858309)])
2021-07-29 14:40:42,309 [INFO] Desired_heading: 52.60881528963843
2021-07-29 14:40:42,310 [INFO] delta angle: 15.217630579276857
2021-07-29 14:40:42,310 [INFO] sending message $BPRMB,134042.91,-15.217630579276857,1,0,1000,0,1*70
...
2021-07-29 14:40:43,312 [INFO] 2.009567975997925s of 1000s elapsed.
2021-07-29 14:40:43,313 [INFO] sending message $BPSTS,134043.31,1,BWSI Autonomy OK*47
...
2021-07-29 14:40:43,323 [INFO] Processing: $BFNVG,134041.36,4218.000000,N,07106.000000,W,0,10.0,1.0,45.0,0.0,0.0,134041.36*62
2021-07-29 14:40:43,325 [INFO] Interpreted as: {'position': (0.0, 0.0), 'latlon': (42.3, -71.1), 'heading': 45.0, 'depth': 1.0, 'altitude': 10.0, 'roll': 0.0, 'pitch': 0.0, 'last_fix_time': datetime.datetime(2021, 7, 29, 13, 40, 41), 'speed': None, 'rudder': 0, 'datum': (42.3, -71.1)}
2021-07-29 14:40:43,326 [INFO] Processing: $BFNVG,134041.72,4218.000000,N,07106.000000,W,0,10.0,1.0,45.0,0.0,0.0,134041.72*62
2021-07-29 14:40:43,328 [INFO] Interpreted as: {'position': (0.0, 0.0), 'latlon': (42.3, -71.1), 'heading': 45.0, 'depth': 1.0, 'altitude': 10.0, 'roll': 0.0, 'pitch': 0.0, 'last_fix_time': datetime.datetime(2021, 7, 29, 13, 40, 41), 'speed': None, 'rudder': 0, 'datum': (42.3, -71.1)}
2021-07-29 14:40:43,329 [INFO] Processing: $BFNVG,134042.06,4218.000000,N,07106.000000,W,0,10.0,1.0,45.0,0.0,0.0,134042.06*62
2021-07-29 14:40:43,331 [INFO] Interpreted as: {'position': (0.0, 0.0), 'latlon': (42.3, -71.1), 'heading': 45.0, 'depth': 1.0, 'altitude': 10.0, 'roll': 0.0, 'pitch': 0.0, 'last_fix_time': datetime.datetime(2021, 7, 29, 13, 40, 42), 'speed': None, 'rudder': 0, 'datum': (42.3, -71.1)}
2021-07-29 14:40:43,332 [INFO] Received from Frontseat: [b'$BFNVG,134041.36,4218.000000,N,07106.000000,W,0,10.0,1.0,45.0,0.0,0.0,134041.36*62', b'$BFNVG,134041.72,4218.000000,N,07106.000000,W,0,10.0,1.0,45.0,0.0,0.0,134041.72*62', b'$BFNVG,134042.06,4218.000000,N,07106.000000,W,0,10.0,1.0,45.0,0.0,0.0,134042.06*62']
2021-07-29 14:40:43,333 [INFO] AUV state: {'position': (0.0, 0.0), 'latlon': (42.3, -71.1), 'heading': 45.0, 'depth': 1.0, 'altitude': 10.0, 'roll': 0.0, 'pitch': 0.0, 'last_fix_time': datetime.datetime(2021, 7, 29, 13, 40, 42), 'speed': None, 'rudder': 0, 'datum': (42.3, -71.1)}
2021-07-29 14:40:43,697 [INFO] Next green buoy (centers, angles): (array([[array([317.96666667, 168.43333333]), 84]], dtype=object), [(-0.22035521470194389, -7.708961974233651)]), next red buoy (centers, angles): (array([[array([466.        , 171.95454545]), 180]], dtype=object), [(15.437560812208067, -7.333901112744751)])
2021-07-29 14:40:43,697 [INFO] Desired_heading: 52.60860279875306
2021-07-29 14:40:43,698 [INFO] delta angle: 15.217205597506123
2021-07-29 14:40:43,698 [INFO] sending message $BPRMB,134043.71,-15.217205597506123,1,0,1000,0,1*77
...
2021-07-29 14:40:44,700 [INFO] 2.8101940155029297s of 1000s elapsed.
2021-07-29 14:40:44,701 [INFO] sending message $BPSTS,134044.70,1,BWSI Autonomy OK*45
...
2021-07-29 14:40:44,702 [INFO] Processing: $BFNVG,134042.40,4218.000000,N,07106.000000,W,0,10.0,1.0,45.0,0.0,0.0,134042.40*62
2021-07-29 14:40:44,704 [INFO] Interpreted as: {'position': (0.0, 0.0), 'latlon': (42.3, -71.1), 'heading': 45.0, 'depth': 1.0, 'altitude': 10.0, 'roll': 0.0, 'pitch': 0.0, 'last_fix_time': datetime.datetime(2021, 7, 29, 13, 40, 42), 'speed': None, 'rudder': 0, 'datum': (42.3, -71.1)}
2021-07-29 14:40:44,704 [INFO] Processing: $BFNVG,134042.74,4218.000137,N,07105.999821,W,0,10.0,1.0,46.3,0.0,0.0,134042.74*66
2021-07-29 14:40:44,706 [INFO] Interpreted as: {'position': (0.2521815590444021, 0.24747650790959597), 'latlon': (42.300002283333335, -71.09999701666666), 'heading': 46.3, 'depth': 1.0, 'altitude': 10.0, 'roll': 0.0, 'pitch': 0.0, 'last_fix_time': datetime.datetime(2021, 7, 29, 13, 40, 42), 'speed': None, 'rudder': 0, 'datum': (42.3, -71.1)}
2021-07-29 14:40:44,707 [INFO] Processing: $BFNVG,134043.08,4218.000269,N,07105.999638,W,0,10.0,1.0,47.6,0.0,0.0,134043.08*6C
2021-07-29 14:40:44,710 [INFO] Interpreted as: {'position': (0.509630257380195, 0.4855639161542058), 'latlon': (42.30000448333333, -71.09999396666667), 'heading': 47.6, 'depth': 1.0, 'altitude': 10.0, 'roll': 0.0, 'pitch': 0.0, 'last_fix_time': datetime.datetime(2021, 7, 29, 13, 40, 43), 'speed': None, 'rudder': 0, 'datum': (42.3, -71.1)}
2021-07-29 14:40:44,710 [INFO] Processing: $BFNVG,134043.42,4218.000399,N,07105.999452,W,0,10.0,1.0,48.9,0.0,0.0,134043.42*6C
2021-07-29 14:40:44,712 [INFO] Interpreted as: {'position': (0.771109233610332, 0.7198482258245349), 'latlon': (42.30000665, -71.09999086666667), 'heading': 48.9, 'depth': 1.0, 'altitude': 10.0, 'roll': 0.0, 'pitch': 0.0, 'last_fix_time': datetime.datetime(2021, 7, 29, 13, 40, 43), 'speed': None, 'rudder': 0, 'datum': (42.3, -71.1)}
2021-07-29 14:40:44,713 [INFO] Received from Frontseat: [b'$BFNVG,134042.40,4218.000000,N,07106.000000,W,0,10.0,1.0,45.0,0.0,0.0,134042.40*62', b'$BFNVG,134042.74,4218.000137,N,07105.999821,W,0,10.0,1.0,46.3,0.0,0.0,134042.74*66', b'$BFNVG,134043.08,4218.000269,N,07105.999638,W,0,10.0,1.0,47.6,0.0,0.0,134043.08*6C', b'$BFNVG,134043.42,4218.000399,N,07105.999452,W,0,10.0,1.0,48.9,0.0,0.0,134043.42*6C']
2021-07-29 14:40:44,714 [INFO] AUV state: {'position': (0.771109233610332, 0.7198482258245349), 'latlon': (42.30000665, -71.09999086666667), 'heading': 48.9, 'depth': 1.0, 'altitude': 10.0, 'roll': 0.0, 'pitch': 0.0, 'last_fix_time': datetime.datetime(2021, 7, 29, 13, 40, 43), 'speed': None, 'rudder': 0, 'datum': (42.3, -71.1)}
2021-07-29 14:40:45,079 [INFO] Next green buoy (centers, angles): (array([[array([274.41176471, 157.5       ]), 98]], dtype=object), [(-4.928295814132237, -8.869159963225718)]), next red buoy (centers, angles): (array([[array([444.26415094, 161.37735849]), 253]], dtype=object), [(13.22667426495743, -8.458499808790151)])
2021-07-29 14:40:45,079 [INFO] Desired_heading: 53.0491892254126
2021-07-29 14:40:45,080 [INFO] delta angle: 8.298378450825197
2021-07-29 14:40:45,080 [INFO] sending message $BPRMB,134045.68,-8.298378450825197,1,0,1000,0,1*40
...
2021-07-29 14:40:46,082 [INFO] 4.784451007843018s of 1000s elapsed.
2021-07-29 14:40:46,083 [INFO] sending message $BPSTS,134046.08,1,BWSI Autonomy OK*48
...
2021-07-29 14:40:46,084 [INFO] Processing: $BFNVG,134043.77,4218.000529,N,07105.999257,W,0,10.0,1.0,50.2,0.0,0.0,134043.77*60
2021-07-29 14:40:46,086 [INFO] Interpreted as: {'position': (1.0449531110934913, 0.9538274006918073), 'latlon': (42.30000881666667, -71.09998761666667), 'heading': 50.2, 'depth': 1.0, 'altitude': 10.0, 'roll': 0.0, 'pitch': 0.0, 'last_fix_time': datetime.datetime(2021, 7, 29, 13, 40, 43), 'speed': None, 'rudder': 0, 'datum': (42.3, -71.1)}
2021-07-29 14:40:46,086 [INFO] Processing: $BFNVG,134044.12,4218.000653,N,07105.999062,W,0,10.0,1.0,51.5,0.0,0.0,134044.12*6C
2021-07-29 14:40:46,088 [INFO] Interpreted as: {'position': (1.3185229398077354, 1.1767024025321007), 'latlon': (42.300010883333336, -71.09998436666666), 'heading': 51.5, 'depth': 1.0, 'altitude': 10.0, 'roll': 0.0, 'pitch': 0.0, 'last_fix_time': datetime.datetime(2021, 7, 29, 13, 40, 44), 'speed': None, 'rudder': 0, 'datum': (42.3, -71.1)}
2021-07-29 14:40:46,089 [INFO] Processing: $BFNVG,134044.46,4218.000773,N,07105.998863,W,0,10.0,1.0,52.8,0.0,0.0,134044.46*69
2021-07-29 14:40:46,091 [INFO] Interpreted as: {'position': (1.5974055825499818, 1.3920390075072646), 'latlon': (42.30001288333333, -71.09998105), 'heading': 52.8, 'depth': 1.0, 'altitude': 10.0, 'roll': 0.0, 'pitch': 0.0, 'last_fix_time': datetime.datetime(2021, 7, 29, 13, 40, 44), 'speed': None, 'rudder': 0, 'datum': (42.3, -71.1)}
2021-07-29 14:40:46,091 [INFO] Processing: $BFNVG,134044.80,4218.000889,N,07105.998663,W,0,10.0,1.0,54.1,0.0,0.0,134044.80*62
2021-07-29 14:40:46,093 [INFO] Interpreted as: {'position': (1.877479401184246, 1.5999389318749309), 'latlon': (42.30001481666667, -71.09997771666667), 'heading': 54.1, 'depth': 1.0, 'altitude': 10.0, 'roll': 0.0, 'pitch': 0.0, 'last_fix_time': datetime.datetime(2021, 7, 29, 13, 40, 44), 'speed': None, 'rudder': 0, 'datum': (42.3, -71.1)}
2021-07-29 14:40:46,094 [INFO] Received from Frontseat: [b'$BFNVG,134043.77,4218.000529,N,07105.999257,W,0,10.0,1.0,50.2,0.0,0.0,134043.77*60', b'$BFNVG,134044.12,4218.000653,N,07105.999062,W,0,10.0,1.0,51.5,0.0,0.0,134044.12*6C', b'$BFNVG,134044.46,4218.000773,N,07105.998863,W,0,10.0,1.0,52.8,0.0,0.0,134044.46*69', b'$BFNVG,134044.80,4218.000889,N,07105.998663,W,0,10.0,1.0,54.1,0.0,0.0,134044.80*62']
2021-07-29 14:40:46,094 [INFO] AUV state: {'position': (1.877479401184246, 1.5999389318749309), 'latlon': (42.30001481666667, -71.09997771666667), 'heading': 54.1, 'depth': 1.0, 'altitude': 10.0, 'roll': 0.0, 'pitch': 0.0, 'last_fix_time': datetime.datetime(2021, 7, 29, 13, 40, 44), 'speed': None, 'rudder': 0, 'datum': (42.3, -71.1)}
2021-07-29 14:40:46,458 [INFO] Next green buoy (centers, angles): (array([[array([203.21568627, 136.47058824]), 220]], dtype=object), [(-12.456124090784224, -11.079487411433917)]), next red buoy (centers, angles): (array([[array([414.73239437, 141.35211268]), 390]], dtype=object), [(10.158533425293129, -10.56912836968027)])
2021-07-29 14:40:46,459 [INFO] Desired_heading: 52.95120466725445
2021-07-29 14:40:46,459 [INFO] delta angle: -2.2975906654911
2021-07-29 14:40:46,460 [INFO] sending message $BPRMB,134046.47,2.2975906654911,1,0,1000,0,1*6f
...
2021-07-29 14:40:47,461 [INFO] 5.57396388053894s of 1000s elapsed.
2021-07-29 14:40:47,462 [INFO] sending message $BPSTS,134047.46,1,BWSI Autonomy OK*43
...
2021-07-29 14:40:47,463 [INFO] Processing: $BFNVG,134045.14,4218.001002,N,07105.998457,W,0,10.0,1.0,55.4,0.0,0.0,134045.14*69
2021-07-29 14:40:47,465 [INFO] Interpreted as: {'position': (2.165659462916665, 1.802083345130086), 'latlon': (42.3000167, -71.09997428333334), 'heading': 55.4, 'depth': 1.0, 'altitude': 10.0, 'roll': 0.0, 'pitch': 0.0, 'last_fix_time': datetime.datetime(2021, 7, 29, 13, 40, 45), 'speed': None, 'rudder': 0, 'datum': (42.3, -71.1)}
2021-07-29 14:40:47,466 [INFO] Processing: $BFNVG,134045.48,4218.001113,N,07105.998249,W,0,10.0,1.0,56.2,0.0,0.0,134045.48*64
2021-07-29 14:40:47,468 [INFO] Interpreted as: {'position': (2.4564959260169417, 2.0004585683345795), 'latlon': (42.30001855, -71.09997081666667), 'heading': 56.2, 'depth': 1.0, 'altitude': 10.0, 'roll': 0.0, 'pitch': 0.0, 'last_fix_time': datetime.datetime(2021, 7, 29, 13, 40, 45), 'speed': None, 'rudder': 0, 'datum': (42.3, -71.1)}
2021-07-29 14:40:47,468 [INFO] Processing: $BFNVG,134045.82,4218.001221,N,07105.998040,W,0,10.0,1.0,56.9,0.0,0.0,134045.82*66
2021-07-29 14:40:47,470 [INFO] Interpreted as: {'position': (2.7485692375339568, 2.193247805349529), 'latlon': (42.30002035, -71.09996733333334), 'heading': 56.9, 'depth': 1.0, 'altitude': 10.0, 'roll': 0.0, 'pitch': 0.0, 'last_fix_time': datetime.datetime(2021, 7, 29, 13, 40, 45), 'speed': None, 'rudder': 0, 'datum': (42.3, -71.1)}
2021-07-29 14:40:47,471 [INFO] Processing: $BFNVG,134046.17,4218.001328,N,07105.997828,W,0,10.0,1.0,57.6,0.0,0.0,134046.17*69
2021-07-29 14:40:47,473 [INFO] Interpreted as: {'position': (3.0447185015655123, 2.384084646590054), 'latlon': (42.300022133333336, -71.0999638), 'heading': 57.6, 'depth': 1.0, 'altitude': 10.0, 'roll': 0.0, 'pitch': 0.0, 'last_fix_time': datetime.datetime(2021, 7, 29, 13, 40, 46), 'speed': None, 'rudder': 0, 'datum': (42.3, -71.1)}
2021-07-29 14:40:47,474 [INFO] Received from Frontseat: [b'$BFNVG,134045.14,4218.001002,N,07105.998457,W,0,10.0,1.0,55.4,0.0,0.0,134045.14*69', b'$BFNVG,134045.48,4218.001113,N,07105.998249,W,0,10.0,1.0,56.2,0.0,0.0,134045.48*64', b'$BFNVG,134045.82,4218.001221,N,07105.998040,W,0,10.0,1.0,56.9,0.0,0.0,134045.82*66', b'$BFNVG,134046.17,4218.001328,N,07105.997828,W,0,10.0,1.0,57.6,0.0,0.0,134046.17*69']
2021-07-29 14:40:47,475 [INFO] AUV state: {'position': (3.0447185015655123, 2.384084646590054), 'latlon': (42.300022133333336, -71.0999638), 'heading': 57.6, 'depth': 1.0, 'altitude': 10.0, 'roll': 0.0, 'pitch': 0.0, 'last_fix_time': datetime.datetime(2021, 7, 29, 13, 40, 46), 'speed': None, 'rudder': 0, 'datum': (42.3, -71.1)}
2021-07-29 14:40:47,861 [INFO] Next green buoy (centers, angles): (array([[array([119.28358209, 101.56716418]), 348]], dtype=object), [(-20.788992397570556, -14.67283612726611)]), next red buoy (centers, angles): (array([[array([402.20879121, 109.36263736]), 600],
       [array([177.55, 198.5 ]), 49]], dtype=object), [(8.838348702861769, -13.879412880269541), (-15.079487912512281, -4.488233033714938)])
2021-07-29 14:40:47,862 [INFO] Desired_heading: 51.62467815264561
2021-07-29 14:40:47,862 [INFO] delta angle: -11.950643694708788
2021-07-29 14:40:47,863 [INFO] sending message $BPRMB,134048.44,11.950643694708788,1,0,1000,0,1*56
...
2021-07-29 14:40:48,864 [INFO] 7.543500900268555s of 1000s elapsed.
2021-07-29 14:40:48,865 [INFO] sending message $BPSTS,134048.86,1,BWSI Autonomy OK*40
...
2021-07-29 14:40:48,866 [INFO] Processing: $BFNVG,134046.51,4218.001433,N,07105.997615,W,0,10.0,1.0,58.3,0.0,0.0,134046.51*6E
2021-07-29 14:40:48,868 [INFO] Interpreted as: {'position': (3.342150281765498, 2.5711861988529563), 'latlon': (42.30002388333333, -71.09996025), 'heading': 58.3, 'depth': 1.0, 'altitude': 10.0, 'roll': 0.0, 'pitch': 0.0, 'last_fix_time': datetime.datetime(2021, 7, 29, 13, 40, 46), 'speed': None, 'rudder': 0, 'datum': (42.3, -71.1)}
2021-07-29 14:40:48,869 [INFO] Processing: $BFNVG,134046.85,4218.001536,N,07105.997402,W,0,10.0,1.0,58.1,0.0,0.0,134046.85*6C
2021-07-29 14:40:48,871 [INFO] Interpreted as: {'position': (3.6394907056819648, 2.7545863706618547), 'latlon': (42.3000256, -71.0999567), 'heading': 58.1, 'depth': 1.0, 'altitude': 10.0, 'roll': 0.0, 'pitch': 0.0, 'last_fix_time': datetime.datetime(2021, 7, 29, 13, 40, 46), 'speed': None, 'rudder': 0, 'datum': (42.3, -71.1)}
2021-07-29 14:40:48,871 [INFO] Processing: $BFNVG,134047.19,4218.001641,N,07105.997189,W,0,10.0,1.0,57.9,0.0,0.0,134047.19*6E
2021-07-29 14:40:48,873 [INFO] Interpreted as: {'position': (3.9369224559050053, 2.9416879480704665), 'latlon': (42.30002735, -71.09995315), 'heading': 57.9, 'depth': 1.0, 'altitude': 10.0, 'roll': 0.0, 'pitch': 0.0, 'last_fix_time': datetime.datetime(2021, 7, 29, 13, 40, 47), 'speed': None, 'rudder': 0, 'datum': (42.3, -71.1)}
2021-07-29 14:40:48,874 [INFO] Processing: $BFNVG,134047.53,4218.001745,N,07105.996977,W,0,10.0,1.0,57.7,0.0,0.0,134047.53*6D
2021-07-29 14:40:48,876 [INFO] Interpreted as: {'position': (4.2329346419428475, 3.126972744241357), 'latlon': (42.300029083333335, -71.09994961666666), 'heading': 57.7, 'depth': 1.0, 'altitude': 10.0, 'roll': 0.0, 'pitch': 0.0, 'last_fix_time': datetime.datetime(2021, 7, 29, 13, 40, 47), 'speed': None, 'rudder': 0, 'datum': (42.3, -71.1)}
2021-07-29 14:40:48,876 [INFO] Received from Frontseat: [b'$BFNVG,134046.51,4218.001433,N,07105.997615,W,0,10.0,1.0,58.3,0.0,0.0,134046.51*6E', b'$BFNVG,134046.85,4218.001536,N,07105.997402,W,0,10.0,1.0,58.1,0.0,0.0,134046.85*6C', b'$BFNVG,134047.19,4218.001641,N,07105.997189,W,0,10.0,1.0,57.9,0.0,0.0,134047.19*6E', b'$BFNVG,134047.53,4218.001745,N,07105.996977,W,0,10.0,1.0,57.7,0.0,0.0,134047.53*6D']
2021-07-29 14:40:48,877 [INFO] AUV state: {'position': (4.2329346419428475, 3.126972744241357), 'latlon': (42.300029083333335, -71.09994961666666), 'heading': 57.7, 'depth': 1.0, 'altitude': 10.0, 'roll': 0.0, 'pitch': 0.0, 'last_fix_time': datetime.datetime(2021, 7, 29, 13, 40, 47), 'speed': None, 'rudder': 0, 'datum': (42.3, -71.1)}
2021-07-29 14:40:49,261 [INFO] Next green buoy (centers, angles): (array([], dtype=object), []), next red buoy (centers, angles): (array([[array([435.95454545,  46.32575758]), 1083],
       [array([160. , 193.5]), 56]], dtype=object), [(12.3703557136652, -20.119027068526318), (-16.837472625676387, -5.026361713210614)])
2021-07-29 14:40:49,261 [INFO] Desired_heading: 70.07035571366521
2021-07-29 14:40:49,262 [INFO] delta angle: 24.74071142733041
2021-07-29 14:40:49,262 [INFO] sending message $BPRMB,134049.28,-24.74071142733041,1,0,1000,0,1*48
...
2021-07-29 14:40:50,264 [INFO] 8.379793167114258s of 1000s elapsed.
2021-07-29 14:40:50,265 [INFO] sending message $BPSTS,134050.26,1,BWSI Autonomy OK*43
...
2021-07-29 14:40:50,266 [INFO] Processing: $BFNVG,134047.87,4218.001853,N,07105.996762,W,0,10.0,1.0,57.5,0.0,0.0,134047.87*6D
2021-07-29 14:40:50,268 [INFO] Interpreted as: {'position': (4.533251129032578, 3.319558628834784), 'latlon': (42.300030883333335, -71.09994603333334), 'heading': 57.5, 'depth': 1.0, 'altitude': 10.0, 'roll': 0.0, 'pitch': 0.0, 'last_fix_time': datetime.datetime(2021, 7, 29, 13, 40, 47), 'speed': None, 'rudder': 0, 'datum': (42.3, -71.1)}
2021-07-29 14:40:50,268 [INFO] Processing: $BFNVG,134048.22,4218.001960,N,07105.996551,W,0,10.0,1.0,56.5,0.0,0.0,134048.22*6F
2021-07-29 14:40:50,271 [INFO] Interpreted as: {'position': (4.8280264142667875, 3.5104294447228312), 'latlon': (42.30003266666667, -71.09994251666667), 'heading': 56.5, 'depth': 1.0, 'altitude': 10.0, 'roll': 0.0, 'pitch': 0.0, 'last_fix_time': datetime.datetime(2021, 7, 29, 13, 40, 48), 'speed': None, 'rudder': 0, 'datum': (42.3, -71.1)}
2021-07-29 14:40:50,272 [INFO] Processing: $BFNVG,134048.57,4218.002073,N,07105.996336,W,0,10.0,1.0,55.4,0.0,0.0,134048.57*62
2021-07-29 14:40:50,274 [INFO] Interpreted as: {'position': (5.128571224107873, 3.712268840521574), 'latlon': (42.30003455, -71.09993893333333), 'heading': 55.4, 'depth': 1.0, 'altitude': 10.0, 'roll': 0.0, 'pitch': 0.0, 'last_fix_time': datetime.datetime(2021, 7, 29, 13, 40, 48), 'speed': None, 'rudder': 0, 'datum': (42.3, -71.1)}
2021-07-29 14:40:50,275 [INFO] Processing: $BFNVG,134048.92,4218.002189,N,07105.996126,W,0,10.0,1.0,54.4,0.0,0.0,134048.92*64
2021-07-29 14:40:50,277 [INFO] Interpreted as: {'position': (5.422383635654114, 3.9198298593983054), 'latlon': (42.300036483333336, -71.09993543333333), 'heading': 54.4, 'depth': 1.0, 'altitude': 10.0, 'roll': 0.0, 'pitch': 0.0, 'last_fix_time': datetime.datetime(2021, 7, 29, 13, 40, 48), 'speed': None, 'rudder': 0, 'datum': (42.3, -71.1)}
2021-07-29 14:40:50,277 [INFO] Received from Frontseat: [b'$BFNVG,134047.87,4218.001853,N,07105.996762,W,0,10.0,1.0,57.5,0.0,0.0,134047.87*6D', b'$BFNVG,134048.22,4218.001960,N,07105.996551,W,0,10.0,1.0,56.5,0.0,0.0,134048.22*6F', b'$BFNVG,134048.57,4218.002073,N,07105.996336,W,0,10.0,1.0,55.4,0.0,0.0,134048.57*62', b'$BFNVG,134048.92,4218.002189,N,07105.996126,W,0,10.0,1.0,54.4,0.0,0.0,134048.92*64']
2021-07-29 14:40:50,278 [INFO] AUV state: {'position': (5.422383635654114, 3.9198298593983054), 'latlon': (42.300036483333336, -71.09993543333333), 'heading': 54.4, 'depth': 1.0, 'altitude': 10.0, 'roll': 0.0, 'pitch': 0.0, 'last_fix_time': datetime.datetime(2021, 7, 29, 13, 40, 48), 'speed': None, 'rudder': 0, 'datum': (42.3, -71.1)}
2021-07-29 14:40:50,610 [INFO] Next green buoy (centers, angles): (array([], dtype=object), []), next red buoy (centers, angles): (array([[array([174. , 187.5]), 56]], dtype=object), [(-15.437560812208067, -5.670936435092061)])
2021-07-29 14:40:50,610 [INFO] Desired_heading: 38.96243918779193
2021-07-29 14:40:50,611 [INFO] delta angle: -25
2021-07-29 14:40:50,611 [INFO] sending message $BPRMB,134051.24,25,1,0,1000,0,1*4f
...
2021-07-29 14:40:51,613 [INFO] 10.342643737792969s of 1000s elapsed.
2021-07-29 14:40:51,614 [INFO] sending message $BPSTS,134051.61,1,BWSI Autonomy OK*41
...
2021-07-29 14:40:51,615 [INFO] Processing: $BFNVG,134049.26,4218.002304,N,07105.995924,W,0,10.0,1.0,53.4,0.0,0.0,134049.26*6D
2021-07-29 14:40:51,617 [INFO] Interpreted as: {'position': (5.705159323173575, 4.125811423175037), 'latlon': (42.3000384, -71.09993206666667), 'heading': 53.4, 'depth': 1.0, 'altitude': 10.0, 'roll': 0.0, 'pitch': 0.0, 'last_fix_time': datetime.datetime(2021, 7, 29, 13, 40, 49), 'speed': None, 'rudder': 0, 'datum': (42.3, -71.1)}
2021-07-29 14:40:51,618 [INFO] Processing: $BFNVG,134049.60,4218.002422,N,07105.995725,W,0,10.0,1.0,52.3,0.0,0.0,134049.60*67
2021-07-29 14:40:51,620 [INFO] Interpreted as: {'position': (5.983950368827209, 4.337446801364422), 'latlon': (42.300040366666664, -71.09992875), 'heading': 52.3, 'depth': 1.0, 'altitude': 10.0, 'roll': 0.0, 'pitch': 0.0, 'last_fix_time': datetime.datetime(2021, 7, 29, 13, 40, 49), 'speed': None, 'rudder': 0, 'datum': (42.3, -71.1)}
2021-07-29 14:40:51,621 [INFO] Processing: $BFNVG,134049.94,4218.002539,N,07105.995523,W,0,10.0,1.0,54.5,0.0,0.0,134049.94*68
2021-07-29 14:40:51,623 [INFO] Interpreted as: {'position': (6.266817367984913, 4.54712978284806), 'latlon': (42.30004231666667, -71.09992538333333), 'heading': 54.5, 'depth': 1.0, 'altitude': 10.0, 'roll': 0.0, 'pitch': 0.0, 'last_fix_time': datetime.datetime(2021, 7, 29, 13, 40, 49), 'speed': None, 'rudder': 0, 'datum': (42.3, -71.1)}
2021-07-29 14:40:51,624 [INFO] Processing: $BFNVG,134050.28,4218.002651,N,07105.995316,W,0,10.0,1.0,56.6,0.0,0.0,134050.28*64
2021-07-29 14:40:51,626 [INFO] Interpreted as: {'position': (6.556325387908146, 4.747389771044254), 'latlon': (42.300044183333334, -71.09992193333333), 'heading': 56.6, 'depth': 1.0, 'altitude': 10.0, 'roll': 0.0, 'pitch': 0.0, 'last_fix_time': datetime.datetime(2021, 7, 29, 13, 40, 50), 'speed': None, 'rudder': 0, 'datum': (42.3, -71.1)}
2021-07-29 14:40:51,627 [INFO] Received from Frontseat: [b'$BFNVG,134049.26,4218.002304,N,07105.995924,W,0,10.0,1.0,53.4,0.0,0.0,134049.26*6D', b'$BFNVG,134049.60,4218.002422,N,07105.995725,W,0,10.0,1.0,52.3,0.0,0.0,134049.60*67', b'$BFNVG,134049.94,4218.002539,N,07105.995523,W,0,10.0,1.0,54.5,0.0,0.0,134049.94*68', b'$BFNVG,134050.28,4218.002651,N,07105.995316,W,0,10.0,1.0,56.6,0.0,0.0,134050.28*64']
2021-07-29 14:40:51,628 [INFO] AUV state: {'position': (6.556325387908146, 4.747389771044254), 'latlon': (42.300044183333334, -71.09992193333333), 'heading': 56.6, 'depth': 1.0, 'altitude': 10.0, 'roll': 0.0, 'pitch': 0.0, 'last_fix_time': datetime.datetime(2021, 7, 29, 13, 40, 50), 'speed': None, 'rudder': 0, 'datum': (42.3, -71.1)}
2021-07-29 14:40:51,980 [INFO] Next green buoy (centers, angles): (array([], dtype=object), []), next red buoy (centers, angles): (array([[array([130.47368421, 180.        ]), 150]], dtype=object), [(-19.721693145663245, -6.4746158150366755)])
2021-07-29 14:40:51,980 [INFO] Desired_heading: 36.878306854336756
2021-07-29 14:40:51,981 [INFO] delta angle: -25
2021-07-29 14:40:51,981 [INFO] sending message $BPRMB,134051.98,25,1,0,1000,0,1*48
...
2021-07-29 14:40:52,983 [INFO] 11.07755422592163s of 1000s elapsed.
2021-07-29 14:40:52,984 [INFO] sending message $BPSTS,134052.98,1,BWSI Autonomy OK*44
...
2021-07-29 14:40:52,985 [INFO] Processing: $BFNVG,134050.63,4218.002760,N,07105.995096,W,0,10.0,1.0,58.8,0.0,0.0,134050.63*6C
2021-07-29 14:40:52,987 [INFO] Interpreted as: {'position': (6.863556808733847, 4.941656929440796), 'latlon': (42.300046, -71.09991826666666), 'heading': 58.8, 'depth': 1.0, 'altitude': 10.0, 'roll': 0.0, 'pitch': 0.0, 'last_fix_time': datetime.datetime(2021, 7, 29, 13, 40, 50), 'speed': None, 'rudder': 0, 'datum': (42.3, -71.1)}
2021-07-29 14:40:52,988 [INFO] Processing: $BFNVG,134050.98,4218.002868,N,07105.994878,W,0,10.0,1.0,56.6,0.0,0.0,134050.98*62
2021-07-29 14:40:52,990 [INFO] Interpreted as: {'position': (7.167994782328606, 5.134141213260591), 'latlon': (42.3000478, -71.09991463333333), 'heading': 56.6, 'depth': 1.0, 'altitude': 10.0, 'roll': 0.0, 'pitch': 0.0, 'last_fix_time': datetime.datetime(2021, 7, 29, 13, 40, 50), 'speed': None, 'rudder': 0, 'datum': (42.3, -71.1)}
2021-07-29 14:40:52,991 [INFO] Processing: $BFNVG,134051.35,4218.002987,N,07105.994658,W,0,10.0,1.0,54.3,0.0,0.0,134051.35*69
2021-07-29 14:40:52,993 [INFO] Interpreted as: {'position': (7.475682868564036, 5.346915367990732), 'latlon': (42.300049783333336, -71.09991096666667), 'heading': 54.3, 'depth': 1.0, 'altitude': 10.0, 'roll': 0.0, 'pitch': 0.0, 'last_fix_time': datetime.datetime(2021, 7, 29, 13, 40, 51), 'speed': None, 'rudder': 0, 'datum': (42.3, -71.1)}
2021-07-29 14:40:52,994 [INFO] Processing: $BFNVG,134051.70,4218.003108,N,07105.994450,W,0,10.0,1.0,52.1,0.0,0.0,134051.70*69
2021-07-29 14:40:52,996 [INFO] Interpreted as: {'position': (7.766975729959086, 5.56379777379334), 'latlon': (42.3000518, -71.0999075), 'heading': 52.1, 'depth': 1.0, 'altitude': 10.0, 'roll': 0.0, 'pitch': 0.0, 'last_fix_time': datetime.datetime(2021, 7, 29, 13, 40, 51), 'speed': None, 'rudder': 0, 'datum': (42.3, -71.1)}
2021-07-29 14:40:52,997 [INFO] Received from Frontseat: [b'$BFNVG,134050.63,4218.002760,N,07105.995096,W,0,10.0,1.0,58.8,0.0,0.0,134050.63*6C', b'$BFNVG,134050.98,4218.002868,N,07105.994878,W,0,10.0,1.0,56.6,0.0,0.0,134050.98*62', b'$BFNVG,134051.35,4218.002987,N,07105.994658,W,0,10.0,1.0,54.3,0.0,0.0,134051.35*69', b'$BFNVG,134051.70,4218.003108,N,07105.994450,W,0,10.0,1.0,52.1,0.0,0.0,134051.70*69']
2021-07-29 14:40:52,998 [INFO] AUV state: {'position': (7.766975729959086, 5.56379777379334), 'latlon': (42.3000518, -71.0999075), 'heading': 52.1, 'depth': 1.0, 'altitude': 10.0, 'roll': 0.0, 'pitch': 0.0, 'last_fix_time': datetime.datetime(2021, 7, 29, 13, 40, 51), 'speed': None, 'rudder': 0, 'datum': (42.3, -71.1)}
2021-07-29 14:40:53,340 [INFO] Next green buoy (centers, angles): (array([], dtype=object), []), next red buoy (centers, angles): (array([[array([143.95454545, 169.90909091]), 180],
       [array([278.9047619 , 195.19047619]), 49]], dtype=object), [(-18.416763542715874, -7.551851115078686), (-4.444634217689478, -4.84451766033363)])
2021-07-29 14:40:53,340 [INFO] Desired_heading: 33.683236457284124
2021-07-29 14:40:53,341 [INFO] delta angle: -25
2021-07-29 14:40:53,341 [INFO] sending message $BPRMB,134053.98,25,1,0,1000,0,1*4a
...
2021-07-29 14:40:54,343 [INFO] 13.084041833877563s of 1000s elapsed.
2021-07-29 14:40:54,344 [INFO] sending message $BPSTS,134054.34,1,BWSI Autonomy OK*44
...
2021-07-29 14:40:54,350 [INFO] Processing: $BFNVG,134052.04,4218.003231,N,07105.994256,W,0,10.0,1.0,49.9,0.0,0.0,134052.04*62
2021-07-29 14:40:54,352 [INFO] Interpreted as: {'position': (8.03912561677862, 5.7848562356084585), 'latlon': (42.30005385, -71.09990426666667), 'heading': 49.9, 'depth': 1.0, 'altitude': 10.0, 'roll': 0.0, 'pitch': 0.0, 'last_fix_time': datetime.datetime(2021, 7, 29, 13, 40, 52), 'speed': None, 'rudder': 0, 'datum': (42.3, -71.1)}
2021-07-29 14:40:54,354 [INFO] Processing: $BFNVG,134052.38,4218.003359,N,07105.994067,W,0,10.0,1.0,47.8,0.0,0.0,134052.38*62
2021-07-29 14:40:54,356 [INFO] Interpreted as: {'position': (8.30463443917688, 6.015337707474828), 'latlon': (42.30005598333333, -71.09990111666667), 'heading': 47.8, 'depth': 1.0, 'altitude': 10.0, 'roll': 0.0, 'pitch': 0.0, 'last_fix_time': datetime.datetime(2021, 7, 29, 13, 40, 52), 'speed': None, 'rudder': 0, 'datum': (42.3, -71.1)}
2021-07-29 14:40:54,357 [INFO] Processing: $BFNVG,134052.73,4218.003493,N,07105.993885,W,0,10.0,1.0,45.7,0.0,0.0,134052.73*6D
2021-07-29 14:40:54,360 [INFO] Interpreted as: {'position': (8.560800116159953, 6.257160698063672), 'latlon': (42.30005821666666, -71.09989808333333), 'heading': 45.7, 'depth': 1.0, 'altitude': 10.0, 'roll': 0.0, 'pitch': 0.0, 'last_fix_time': datetime.datetime(2021, 7, 29, 13, 40, 52), 'speed': None, 'rudder': 0, 'datum': (42.3, -71.1)}
2021-07-29 14:40:54,361 [INFO] Processing: $BFNVG,134053.07,4218.003634,N,07105.993707,W,0,10.0,1.0,43.5,0.0,0.0,134053.07*63
2021-07-29 14:40:54,363 [INFO] Interpreted as: {'position': (8.811789948726073, 6.512074191123247), 'latlon': (42.300060566666666, -71.09989511666667), 'heading': 43.5, 'depth': 1.0, 'altitude': 10.0, 'roll': 0.0, 'pitch': 0.0, 'last_fix_time': datetime.datetime(2021, 7, 29, 13, 40, 53), 'speed': None, 'rudder': 0, 'datum': (42.3, -71.1)}
2021-07-29 14:40:54,364 [INFO] Received from Frontseat: [b'$BFNVG,134052.04,4218.003231,N,07105.994256,W,0,10.0,1.0,49.9,0.0,0.0,134052.04*62', b'$BFNVG,134052.38,4218.003359,N,07105.994067,W,0,10.0,1.0,47.8,0.0,0.0,134052.38*62', b'$BFNVG,134052.73,4218.003493,N,07105.993885,W,0,10.0,1.0,45.7,0.0,0.0,134052.73*6D', b'$BFNVG,134053.07,4218.003634,N,07105.993707,W,0,10.0,1.0,43.5,0.0,0.0,134053.07*63']
2021-07-29 14:40:54,365 [INFO] AUV state: {'position': (8.811789948726073, 6.512074191123247), 'latlon': (42.300060566666666, -71.09989511666667), 'heading': 43.5, 'depth': 1.0, 'altitude': 10.0, 'roll': 0.0, 'pitch': 0.0, 'last_fix_time': datetime.datetime(2021, 7, 29, 13, 40, 53), 'speed': None, 'rudder': 0, 'datum': (42.3, -71.1)}
2021-07-29 14:40:54,729 [INFO] Next green buoy (centers, angles): (array([], dtype=object), []), next red buoy (centers, angles): (array([[array([204.48333333, 154.76666667]), 300],
       [array([368. , 190.5]), 70]], dtype=object), [(-12.325071962854906, -9.158105238467217), (5.187631449051182, -5.348818804176342)])
2021-07-29 14:40:54,729 [INFO] Desired_heading: 31.174928037145094
2021-07-29 14:40:54,730 [INFO] delta angle: -24.650143925709813
2021-07-29 14:40:54,730 [INFO] sending message $BPRMB,134054.70,24.650143925709813,1,0,1000,0,1*5b
...
2021-07-29 14:40:55,732 [INFO] 13.797642230987549s of 1000s elapsed.
2021-07-29 14:40:55,733 [INFO] sending message $BPSTS,134055.73,1,BWSI Autonomy OK*46
...
2021-07-29 14:40:55,735 [INFO] Processing: $BFNVG,134053.42,4218.003778,N,07105.993539,W,0,10.0,1.0,41.3,0.0,0.0,134053.42*61
2021-07-29 14:40:55,736 [INFO] Interpreted as: {'position': (9.049177990411408, 6.772878815419972), 'latlon': (42.300062966666665, -71.09989231666667), 'heading': 41.3, 'depth': 1.0, 'altitude': 10.0, 'roll': 0.0, 'pitch': 0.0, 'last_fix_time': datetime.datetime(2021, 7, 29, 13, 40, 53), 'speed': None, 'rudder': 0, 'datum': (42.3, -71.1)}
2021-07-29 14:40:55,737 [INFO] Processing: $BFNVG,134053.76,4218.003928,N,07105.993376,W,0,10.0,1.0,39.2,0.0,0.0,134053.76*69
2021-07-29 14:40:55,739 [INFO] Interpreted as: {'position': (9.279970639385283, 7.044957146979868), 'latlon': (42.300065466666666, -71.0998896), 'heading': 39.2, 'depth': 1.0, 'altitude': 10.0, 'roll': 0.0, 'pitch': 0.0, 'last_fix_time': datetime.datetime(2021, 7, 29, 13, 40, 53), 'speed': None, 'rudder': 0, 'datum': (42.3, -71.1)}
2021-07-29 14:40:55,740 [INFO] Processing: $BFNVG,134054.11,4218.004084,N,07105.993219,W,0,10.0,1.0,37.0,0.0,0.0,134054.11*65
2021-07-29 14:40:55,742 [INFO] Interpreted as: {'position': (9.502794019063003, 7.328343086875975), 'latlon': (42.30006806666667, -71.09988698333333), 'heading': 37.0, 'depth': 1.0, 'altitude': 10.0, 'roll': 0.0, 'pitch': 0.0, 'last_fix_time': datetime.datetime(2021, 7, 29, 13, 40, 54), 'speed': None, 'rudder': 0, 'datum': (42.3, -71.1)}
2021-07-29 14:40:55,745 [INFO] Processing: $BFNVG,134054.47,4218.004247,N,07105.993069,W,0,10.0,1.0,34.8,0.0,0.0,134054.47*66
2021-07-29 14:40:55,746 [INFO] Interpreted as: {'position': (9.716319920844398, 7.624921238049865), 'latlon': (42.30007078333333, -71.09988448333333), 'heading': 34.8, 'depth': 1.0, 'altitude': 10.0, 'roll': 0.0, 'pitch': 0.0, 'last_fix_time': datetime.datetime(2021, 7, 29, 13, 40, 54), 'speed': None, 'rudder': 0, 'datum': (42.3, -71.1)}
2021-07-29 14:40:55,747 [INFO] Received from Frontseat: [b'$BFNVG,134053.42,4218.003778,N,07105.993539,W,0,10.0,1.0,41.3,0.0,0.0,134053.42*61', b'$BFNVG,134053.76,4218.003928,N,07105.993376,W,0,10.0,1.0,39.2,0.0,0.0,134053.76*69', b'$BFNVG,134054.11,4218.004084,N,07105.993219,W,0,10.0,1.0,37.0,0.0,0.0,134054.11*65', b'$BFNVG,134054.47,4218.004247,N,07105.993069,W,0,10.0,1.0,34.8,0.0,0.0,134054.47*66']
2021-07-29 14:40:55,748 [INFO] AUV state: {'position': (9.716319920844398, 7.624921238049865), 'latlon': (42.30007078333333, -71.09988448333333), 'heading': 34.8, 'depth': 1.0, 'altitude': 10.0, 'roll': 0.0, 'pitch': 0.0, 'last_fix_time': datetime.datetime(2021, 7, 29, 13, 40, 54), 'speed': None, 'rudder': 0, 'datum': (42.3, -71.1)}
2021-07-29 14:40:56,086 [INFO] Next green buoy (centers, angles): (array([[array([ 99.5  , 149.625]), 104]], dtype=object), [(-22.63926711752991, -9.700357706382558)]), next red buoy (centers, angles): (array([[array([274.96052632, 130.30263158]), 429],
       [array([470.79310345, 183.31034483]), 80]], dtype=object), [(-4.869259135817966, -11.721795818674062), (15.919062024752279, -6.120184820861556)])
2021-07-29 14:40:56,087 [INFO] Desired_heading: 21.045736873326057
2021-07-29 14:40:56,087 [INFO] delta angle: -25
2021-07-29 14:40:56,087 [INFO] sending message $BPRMB,134056.76,25,1,0,1000,0,1*4f
...
2021-07-29 14:40:57,089 [INFO] 15.862213611602783s of 1000s elapsed.
2021-07-29 14:40:57,090 [INFO] sending message $BPSTS,134057.08,1,BWSI Autonomy OK*48
...
2021-07-29 14:40:57,091 [INFO] Processing: $BFNVG,134054.83,4218.004416,N,07105.992926,W,0,10.0,1.0,32.5,0.0,0.0,134054.83*6C
2021-07-29 14:40:57,093 [INFO] Interpreted as: {'position': (9.920502675464377, 7.932840894907713), 'latlon': (42.3000736, -71.0998821), 'heading': 32.5, 'depth': 1.0, 'altitude': 10.0, 'roll': 0.0, 'pitch': 0.0, 'last_fix_time': datetime.datetime(2021, 7, 29, 13, 40, 54), 'speed': None, 'rudder': 0, 'datum': (42.3, -71.1)}
2021-07-29 14:40:57,093 [INFO] Processing: $BFNVG,134055.17,4218.004581,N,07105.992797,W,0,10.0,1.0,30.4,0.0,0.0,134055.17*64
2021-07-29 14:40:57,095 [INFO] Interpreted as: {'position': (10.105268440907821, 8.233832417987287), 'latlon': (42.30007635, -71.09987995), 'heading': 30.4, 'depth': 1.0, 'altitude': 10.0, 'roll': 0.0, 'pitch': 0.0, 'last_fix_time': datetime.datetime(2021, 7, 29, 13, 40, 55), 'speed': None, 'rudder': 0, 'datum': (42.3, -71.1)}
2021-07-29 14:40:57,096 [INFO] Processing: $BFNVG,134055.52,4218.004753,N,07105.992674,W,0,10.0,1.0,28.2,0.0,0.0,134055.52*6A
2021-07-29 14:40:57,098 [INFO] Interpreted as: {'position': (10.282110609347, 8.547982240095735), 'latlon': (42.30007921666667, -71.0998779), 'heading': 28.2, 'depth': 1.0, 'altitude': 10.0, 'roll': 0.0, 'pitch': 0.0, 'last_fix_time': datetime.datetime(2021, 7, 29, 13, 40, 55), 'speed': None, 'rudder': 0, 'datum': (42.3, -71.1)}
2021-07-29 14:40:57,099 [INFO] Processing: $BFNVG,134055.87,4218.004927,N,07105.992561,W,0,10.0,1.0,26.1,0.0,0.0,134055.87*6D
2021-07-29 14:40:57,102 [INFO] Interpreted as: {'position': (10.44530531950295, 8.86617249250412), 'latlon': (42.300082116666665, -71.09987601666667), 'heading': 26.1, 'depth': 1.0, 'altitude': 10.0, 'roll': 0.0, 'pitch': 0.0, 'last_fix_time': datetime.datetime(2021, 7, 29, 13, 40, 55), 'speed': None, 'rudder': 0, 'datum': (42.3, -71.1)}
2021-07-29 14:40:57,102 [INFO] Received from Frontseat: [b'$BFNVG,134054.83,4218.004416,N,07105.992926,W,0,10.0,1.0,32.5,0.0,0.0,134054.83*6C', b'$BFNVG,134055.17,4218.004581,N,07105.992797,W,0,10.0,1.0,30.4,0.0,0.0,134055.17*64', b'$BFNVG,134055.52,4218.004753,N,07105.992674,W,0,10.0,1.0,28.2,0.0,0.0,134055.52*6A', b'$BFNVG,134055.87,4218.004927,N,07105.992561,W,0,10.0,1.0,26.1,0.0,0.0,134055.87*6D']
2021-07-29 14:40:57,103 [INFO] AUV state: {'position': (10.44530531950295, 8.86617249250412), 'latlon': (42.300082116666665, -71.09987601666667), 'heading': 26.1, 'depth': 1.0, 'altitude': 10.0, 'roll': 0.0, 'pitch': 0.0, 'last_fix_time': datetime.datetime(2021, 7, 29, 13, 40, 55), 'speed': None, 'rudder': 0, 'datum': (42.3, -71.1)}
2021-07-29 14:40:57,474 [INFO] Next green buoy (centers, angles): (array([[array([137.75471698, 124.37735849]), 264],
       [array([500.16666667, 183.83333333]), 16]], dtype=object), [(-19.019449440593988, -12.336032912954781), (18.81786622046938, -6.064145906715907)]), next red buoy (centers, angles): (array([[array([364.18691589,  86.77570093]), 752]], dtype=object), [(4.777519045432077, -16.16241794897581)])
2021-07-29 14:40:57,474 [INFO] Desired_heading: 18.979034802419044
2021-07-29 14:40:57,475 [INFO] delta angle: -14.241930395161944
2021-07-29 14:40:57,475 [INFO] sending message $BPRMB,134057.41,14.241930395161944,1,0,1000,0,1*5b
...
2021-07-29 14:40:58,477 [INFO] 16.510392427444458s of 1000s elapsed.
2021-07-29 14:40:58,478 [INFO] sending message $BPSTS,134058.47,1,BWSI Autonomy OK*4c
...
2021-07-29 14:40:58,479 [INFO] Processing: $BFNVG,134056.22,4218.005105,N,07105.992456,W,0,10.0,1.0,23.9,0.0,0.0,134056.22*6C
2021-07-29 14:40:58,482 [INFO] Interpreted as: {'position': (10.597691672097426, 9.192036761902273), 'latlon': (42.300085083333336, -71.09987426666666), 'heading': 23.9, 'depth': 1.0, 'altitude': 10.0, 'roll': 0.0, 'pitch': 0.0, 'last_fix_time': datetime.datetime(2021, 7, 29, 13, 40, 56), 'speed': None, 'rudder': 0, 'datum': (42.3, -71.1)}
2021-07-29 14:40:58,483 [INFO] Processing: $BFNVG,134056.57,4218.005285,N,07105.992361,W,0,10.0,1.0,21.8,0.0,0.0,134056.57*67
2021-07-29 14:40:58,486 [INFO] Interpreted as: {'position': (10.73643056943547, 9.52194145694375), 'latlon': (42.300088083333335, -71.09987268333333), 'heading': 21.8, 'depth': 1.0, 'altitude': 10.0, 'roll': 0.0, 'pitch': 0.0, 'last_fix_time': datetime.datetime(2021, 7, 29, 13, 40, 56), 'speed': None, 'rudder': 0, 'datum': (42.3, -71.1)}
2021-07-29 14:40:58,486 [INFO] Processing: $BFNVG,134056.91,4218.005467,N,07105.992276,W,0,10.0,1.0,19.6,0.0,0.0,134056.91*6F
2021-07-29 14:40:58,489 [INFO] Interpreted as: {'position': (10.86152201751247, 9.855886578559875), 'latlon': (42.300091116666664, -71.09987126666667), 'heading': 19.6, 'depth': 1.0, 'altitude': 10.0, 'roll': 0.0, 'pitch': 0.0, 'last_fix_time': datetime.datetime(2021, 7, 29, 13, 40, 56), 'speed': None, 'rudder': 0, 'datum': (42.3, -71.1)}
2021-07-29 14:40:58,490 [INFO] Processing: $BFNVG,134057.26,4218.005652,N,07105.992199,W,0,10.0,1.0,17.4,0.0,0.0,134057.26*65
2021-07-29 14:40:58,492 [INFO] Interpreted as: {'position': (10.975759436725639, 10.195655016228557), 'latlon': (42.3000942, -71.09986998333333), 'heading': 17.4, 'depth': 1.0, 'altitude': 10.0, 'roll': 0.0, 'pitch': 0.0, 'last_fix_time': datetime.datetime(2021, 7, 29, 13, 40, 57), 'speed': None, 'rudder': 0, 'datum': (42.3, -71.1)}
2021-07-29 14:40:58,493 [INFO] Received from Frontseat: [b'$BFNVG,134056.22,4218.005105,N,07105.992456,W,0,10.0,1.0,23.9,0.0,0.0,134056.22*6C', b'$BFNVG,134056.57,4218.005285,N,07105.992361,W,0,10.0,1.0,21.8,0.0,0.0,134056.57*67', b'$BFNVG,134056.91,4218.005467,N,07105.992276,W,0,10.0,1.0,19.6,0.0,0.0,134056.91*6F', b'$BFNVG,134057.26,4218.005652,N,07105.992199,W,0,10.0,1.0,17.4,0.0,0.0,134057.26*65']
2021-07-29 14:40:58,494 [INFO] AUV state: {'position': (10.975759436725639, 10.195655016228557), 'latlon': (42.3000942, -71.09986998333333), 'heading': 17.4, 'depth': 1.0, 'altitude': 10.0, 'roll': 0.0, 'pitch': 0.0, 'last_fix_time': datetime.datetime(2021, 7, 29, 13, 40, 57), 'speed': None, 'rudder': 0, 'datum': (42.3, -71.1)}
2021-07-29 14:40:58,847 [INFO] Next green buoy (centers, angles): (array([[array([172.04444444,  76.94444444]), 600]], dtype=object), [(-15.634284361161027, -17.14033813504265)]), next red buoy (centers, angles): (array([[array([507.78321678,   5.        ]), 726]], dtype=object), [(19.55412616492289, -23.964674835233048)])
2021-07-29 14:40:58,848 [INFO] Desired_heading: 19.35992090188093
2021-07-29 14:40:58,848 [INFO] delta angle: 3.9198418037618623
2021-07-29 14:40:58,849 [INFO] sending message $BPRMB,134059.54,-3.9198418037618623,1,0,1000,0,1*7f
...
2021-07-29 14:40:59,850 [INFO] 18.63914442062378s of 1000s elapsed.
2021-07-29 14:40:59,852 [INFO] sending message $BPSTS,134059.85,1,BWSI Autonomy OK*43
...
2021-07-29 14:40:59,853 [INFO] Processing: $BFNVG,134057.61,4218.005840,N,07105.992131,W,0,10.0,1.0,15.2,0.0,0.0,134057.61*6E
2021-07-29 14:40:59,855 [INFO] Interpreted as: {'position': (11.07776895922143, 10.54128067754209), 'latlon': (42.30009733333333, -71.09986885), 'heading': 15.2, 'depth': 1.0, 'altitude': 10.0, 'roll': 0.0, 'pitch': 0.0, 'last_fix_time': datetime.datetime(2021, 7, 29, 13, 40, 57), 'speed': None, 'rudder': 0, 'datum': (42.3, -71.1)}
2021-07-29 14:40:59,856 [INFO] Processing: $BFNVG,134057.96,4218.006030,N,07105.992072,W,0,10.0,1.0,14.0,0.0,0.0,134057.96*67
2021-07-29 14:40:59,858 [INFO] Interpreted as: {'position': (11.167504908749834, 10.89091285597533), 'latlon': (42.3001005, -71.09986786666667), 'heading': 14.0, 'depth': 1.0, 'altitude': 10.0, 'roll': 0.0, 'pitch': 0.0, 'last_fix_time': datetime.datetime(2021, 7, 29, 13, 40, 57), 'speed': None, 'rudder': 0, 'datum': (42.3, -71.1)}
2021-07-29 14:40:59,859 [INFO] Processing: $BFNVG,134058.31,4218.006219,N,07105.992018,W,0,10.0,1.0,12.7,0.0,0.0,134058.31*63
2021-07-29 14:40:59,862 [INFO] Interpreted as: {'position': (11.250325795786921, 11.238863854669034), 'latlon': (42.30010365, -71.09986696666667), 'heading': 12.7, 'depth': 1.0, 'altitude': 10.0, 'roll': 0.0, 'pitch': 0.0, 'last_fix_time': datetime.datetime(2021, 7, 29, 13, 40, 58), 'speed': None, 'rudder': 0, 'datum': (42.3, -71.1)}
2021-07-29 14:40:59,863 [INFO] Processing: $BFNVG,134058.67,4218.006417,N,07105.991968,W,0,10.0,1.0,11.4,0.0,0.0,134058.67*66
2021-07-29 14:40:59,865 [INFO] Interpreted as: {'position': (11.328062189510092, 11.603606740944088), 'latlon': (42.30010695, -71.09986613333334), 'heading': 11.4, 'depth': 1.0, 'altitude': 10.0, 'roll': 0.0, 'pitch': 0.0, 'last_fix_time': datetime.datetime(2021, 7, 29, 13, 40, 58), 'speed': None, 'rudder': 0, 'datum': (42.3, -71.1)}
2021-07-29 14:40:59,866 [INFO] Received from Frontseat: [b'$BFNVG,134057.61,4218.005840,N,07105.992131,W,0,10.0,1.0,15.2,0.0,0.0,134057.61*6E', b'$BFNVG,134057.96,4218.006030,N,07105.992072,W,0,10.0,1.0,14.0,0.0,0.0,134057.96*67', b'$BFNVG,134058.31,4218.006219,N,07105.992018,W,0,10.0,1.0,12.7,0.0,0.0,134058.31*63', b'$BFNVG,134058.67,4218.006417,N,07105.991968,W,0,10.0,1.0,11.4,0.0,0.0,134058.67*66']
2021-07-29 14:40:59,867 [INFO] AUV state: {'position': (11.328062189510092, 11.603606740944088), 'latlon': (42.30010695, -71.09986613333334), 'heading': 11.4, 'depth': 1.0, 'altitude': 10.0, 'roll': 0.0, 'pitch': 0.0, 'last_fix_time': datetime.datetime(2021, 7, 29, 13, 40, 58), 'speed': None, 'rudder': 0, 'datum': (42.3, -71.1)}
2021-07-29 14:41:00,231 [INFO] Next green buoy (centers, angles): (array([[array([162.27559055,   5.33858268]), 708]], dtype=object), [(-16.61128470924467, -23.934028158681553)]), next red buoy (centers, angles): (array([[array([169.04109589,   5.21917808]), 330]], dtype=object), [(-15.935677064730912, -23.94483768032747)])
2021-07-29 14:41:00,231 [INFO] Desired_heading: -4.873480886987791
2021-07-29 14:41:00,232 [INFO] delta angle: -25
2021-07-29 14:41:00,232 [INFO] sending message $BPRMB,134100.16,25,1,0,1000,0,1*4b
...
2021-07-29 14:41:01,234 [INFO] 19.257625579833984s of 1000s elapsed.
2021-07-29 14:41:01,235 [INFO] sending message $BPSTS,134101.23,1,BWSI Autonomy OK*43
...
2021-07-29 14:41:01,236 [INFO] Processing: $BFNVG,134059.04,4218.006616,N,07105.991923,W,0,10.0,1.0,10.1,0.0,0.0,134059.04*6E
2021-07-29 14:41:01,238 [INFO] Interpreted as: {'position': (11.398974856827408, 11.970369837246835), 'latlon': (42.300110266666664, -71.09986538333334), 'heading': 10.1, 'depth': 1.0, 'altitude': 10.0, 'roll': 0.0, 'pitch': 0.0, 'last_fix_time': datetime.datetime(2021, 7, 29, 13, 40, 59), 'speed': None, 'rudder': 0, 'datum': (42.3, -71.1)}
2021-07-29 14:41:01,240 [INFO] Processing: $BFNVG,134059.40,4218.006815,N,07105.991881,W,0,10.0,1.0,10.5,0.0,0.0,134059.40*6E
2021-07-29 14:41:01,242 [INFO] Interpreted as: {'position': (11.465765888337046, 12.337234645150602), 'latlon': (42.300113583333335, -71.09986468333334), 'heading': 10.5, 'depth': 1.0, 'altitude': 10.0, 'roll': 0.0, 'pitch': 0.0, 'last_fix_time': datetime.datetime(2021, 7, 29, 13, 40, 59), 'speed': None, 'rudder': 0, 'datum': (42.3, -71.1)}
2021-07-29 14:41:01,242 [INFO] Processing: $BFNVG,134059.75,4218.007008,N,07105.991839,W,0,10.0,1.0,10.8,0.0,0.0,134059.75*65
2021-07-29 14:41:01,245 [INFO] Interpreted as: {'position': (11.53228289890103, 12.692995269782841), 'latlon': (42.3001168, -71.09986398333334), 'heading': 10.8, 'depth': 1.0, 'altitude': 10.0, 'roll': 0.0, 'pitch': 0.0, 'last_fix_time': datetime.datetime(2021, 7, 29, 13, 40, 59), 'speed': None, 'rudder': 0, 'datum': (42.3, -71.1)}
2021-07-29 14:41:01,246 [INFO] Processing: $BFNVG,134100.11,4218.007203,N,07105.991795,W,0,10.0,1.0,11.2,0.0,0.0,134100.11*6E
2021-07-29 14:41:01,248 [INFO] Interpreted as: {'position': (11.601638994878158, 13.052389482967556), 'latlon': (42.30012005, -71.09986325), 'heading': 11.2, 'depth': 1.0, 'altitude': 10.0, 'roll': 0.0, 'pitch': 0.0, 'last_fix_time': datetime.datetime(2021, 7, 29, 13, 41), 'speed': None, 'rudder': 0, 'datum': (42.3, -71.1)}
2021-07-29 14:41:01,249 [INFO] Received from Frontseat: [b'$BFNVG,134059.04,4218.006616,N,07105.991923,W,0,10.0,1.0,10.1,0.0,0.0,134059.04*6E', b'$BFNVG,134059.40,4218.006815,N,07105.991881,W,0,10.0,1.0,10.5,0.0,0.0,134059.40*6E', b'$BFNVG,134059.75,4218.007008,N,07105.991839,W,0,10.0,1.0,10.8,0.0,0.0,134059.75*65', b'$BFNVG,134100.11,4218.007203,N,07105.991795,W,0,10.0,1.0,11.2,0.0,0.0,134100.11*6E']
2021-07-29 14:41:01,250 [INFO] AUV state: {'position': (11.601638994878158, 13.052389482967556), 'latlon': (42.30012005, -71.09986325), 'heading': 11.2, 'depth': 1.0, 'altitude': 10.0, 'roll': 0.0, 'pitch': 0.0, 'last_fix_time': datetime.datetime(2021, 7, 29, 13, 41), 'speed': None, 'rudder': 0, 'datum': (42.3, -71.1)}
2021-07-29 14:41:01,603 [INFO] Next green buoy (centers, angles): (array([], dtype=object), []), next red buoy (centers, angles): (array([], dtype=object), [])
2021-07-29 14:41:01,604 [INFO] Desired_heading: 6.199999999999999
2021-07-29 14:41:01,605 [INFO] delta angle: -10.0
2021-07-29 14:41:01,605 [INFO] sending message $BPRMB,134102.30,10.0,1,0,1000,0,1*55
...
2021-07-29 14:41:02,606 [INFO] 21.405349493026733s of 1000s elapsed.
2021-07-29 14:41:02,607 [INFO] sending message $BPSTS,134102.60,1,BWSI Autonomy OK*47
...
2021-07-29 14:41:02,608 [INFO] Processing: $BFNVG,134100.46,4218.007396,N,07105.991749,W,0,10.0,1.0,11.5,0.0,0.0,134100.46*65
2021-07-29 14:41:02,610 [INFO] Interpreted as: {'position': (11.6736515010125, 13.408014497719705), 'latlon': (42.30012326666667, -71.09986248333334), 'heading': 11.5, 'depth': 1.0, 'altitude': 10.0, 'roll': 0.0, 'pitch': 0.0, 'last_fix_time': datetime.datetime(2021, 7, 29, 13, 41), 'speed': None, 'rudder': 0, 'datum': (42.3, -71.1)}
2021-07-29 14:41:02,611 [INFO] Processing: $BFNVG,134100.81,4218.007590,N,07105.991707,W,0,10.0,1.0,9.3,0.0,0.0,134100.81*50
2021-07-29 14:41:02,612 [INFO] Interpreted as: {'position': (11.740214164427016, 13.765625822357833), 'latlon': (42.3001265, -71.09986178333334), 'heading': 9.3, 'depth': 1.0, 'altitude': 10.0, 'roll': 0.0, 'pitch': 0.0, 'last_fix_time': datetime.datetime(2021, 7, 29, 13, 41), 'speed': None, 'rudder': 0, 'datum': (42.3, -71.1)}
2021-07-29 14:41:02,613 [INFO] Processing: $BFNVG,134101.17,4218.007790,N,07105.991676,W,0,10.0,1.0,7.1,0.0,0.0,134101.17*59
2021-07-29 14:41:02,615 [INFO] Interpreted as: {'position': (11.791938190814108, 14.134714260697365), 'latlon': (42.30012983333334, -71.09986126666666), 'heading': 7.1, 'depth': 1.0, 'altitude': 10.0, 'roll': 0.0, 'pitch': 0.0, 'last_fix_time': datetime.datetime(2021, 7, 29, 13, 41, 1), 'speed': None, 'rudder': 0, 'datum': (42.3, -71.1)}
2021-07-29 14:41:02,615 [INFO] Processing: $BFNVG,134101.55,4218.007996,N,07105.991654,W,0,10.0,1.0,4.7,0.0,0.0,134101.55*54
2021-07-29 14:41:02,617 [INFO] Interpreted as: {'position': (11.83157133415807, 14.51521200593561), 'latlon': (42.30013326666667, -71.0998609), 'heading': 4.7, 'depth': 1.0, 'altitude': 10.0, 'roll': 0.0, 'pitch': 0.0, 'last_fix_time': datetime.datetime(2021, 7, 29, 13, 41, 1), 'speed': None, 'rudder': 0, 'datum': (42.3, -71.1)}
2021-07-29 14:41:02,618 [INFO] Received from Frontseat: [b'$BFNVG,134100.46,4218.007396,N,07105.991749,W,0,10.0,1.0,11.5,0.0,0.0,134100.46*65', b'$BFNVG,134100.81,4218.007590,N,07105.991707,W,0,10.0,1.0,9.3,0.0,0.0,134100.81*50', b'$BFNVG,134101.17,4218.007790,N,07105.991676,W,0,10.0,1.0,7.1,0.0,0.0,134101.17*59', b'$BFNVG,134101.55,4218.007996,N,07105.991654,W,0,10.0,1.0,4.7,0.0,0.0,134101.55*54']
2021-07-29 14:41:02,618 [INFO] AUV state: {'position': (11.83157133415807, 14.51521200593561), 'latlon': (42.30013326666667, -71.0998609), 'heading': 4.7, 'depth': 1.0, 'altitude': 10.0, 'roll': 0.0, 'pitch': 0.0, 'last_fix_time': datetime.datetime(2021, 7, 29, 13, 41, 1), 'speed': None, 'rudder': 0, 'datum': (42.3, -71.1)}
2021-07-29 14:41:02,951 [INFO] Next green buoy (centers, angles): (array([], dtype=object), []), next red buoy (centers, angles): (array([], dtype=object), [])
2021-07-29 14:41:02,952 [INFO] Desired_heading: 2.7
2021-07-29 14:41:02,952 [INFO] delta angle: -4.0
2021-07-29 14:41:02,952 [INFO] sending message $BPRMB,134102.90,4.0,1,0,1000,0,1*6a
...
2021-07-29 14:41:03,954 [INFO] 22.00231957435608s of 1000s elapsed.
2021-07-29 14:41:03,955 [INFO] sending message $BPSTS,134103.95,1,BWSI Autonomy OK*4c
...
2021-07-29 14:41:03,956 [INFO] Processing: $BFNVG,134101.92,4218.008202,N,07105.991643,W,0,10.0,1.0,2.4,0.0,0.0,134101.92*5E
2021-07-29 14:41:03,957 [INFO] Interpreted as: {'position': (11.856091829948127, 14.896082684397697), 'latlon': (42.3001367, -71.09986071666667), 'heading': 2.4, 'depth': 1.0, 'altitude': 10.0, 'roll': 0.0, 'pitch': 0.0, 'last_fix_time': datetime.datetime(2021, 7, 29, 13, 41, 1), 'speed': None, 'rudder': 0, 'datum': (42.3, -71.1)}
2021-07-29 14:41:03,958 [INFO] Processing: $BFNVG,134102.29,4218.008408,N,07105.991641,W,0,10.0,1.0,1.5,0.0,0.0,134102.29*52
2021-07-29 14:41:03,960 [INFO] Interpreted as: {'position': (11.868247433914803, 15.277258488349617), 'latlon': (42.300140133333336, -71.09986068333333), 'heading': 1.5, 'depth': 1.0, 'altitude': 10.0, 'roll': 0.0, 'pitch': 0.0, 'last_fix_time': datetime.datetime(2021, 7, 29, 13, 41, 2), 'speed': None, 'rudder': 0, 'datum': (42.3, -71.1)}
2021-07-29 14:41:03,960 [INFO] Processing: $BFNVG,134102.65,4218.008609,N,07105.991643,W,0,10.0,1.0,0.6,0.0,0.0,134102.65*51
2021-07-29 14:41:03,962 [INFO] Interpreted as: {'position': (11.874679185566492, 15.649316417053342), 'latlon': (42.300143483333336, -71.09986071666667), 'heading': 0.6, 'depth': 1.0, 'altitude': 10.0, 'roll': 0.0, 'pitch': 0.0, 'last_fix_time': datetime.datetime(2021, 7, 29, 13, 41, 2), 'speed': None, 'rudder': 0, 'datum': (42.3, -71.1)}
2021-07-29 14:41:03,963 [INFO] Received from Frontseat: [b'$BFNVG,134101.92,4218.008202,N,07105.991643,W,0,10.0,1.0,2.4,0.0,0.0,134101.92*5E', b'$BFNVG,134102.29,4218.008408,N,07105.991641,W,0,10.0,1.0,1.5,0.0,0.0,134102.29*52', b'$BFNVG,134102.65,4218.008609,N,07105.991643,W,0,10.0,1.0,0.6,0.0,0.0,134102.65*51']
2021-07-29 14:41:03,964 [INFO] AUV state: {'position': (11.874679185566492, 15.649316417053342), 'latlon': (42.300143483333336, -71.09986071666667), 'heading': 0.6, 'depth': 1.0, 'altitude': 10.0, 'roll': 0.0, 'pitch': 0.0, 'last_fix_time': datetime.datetime(2021, 7, 29, 13, 41, 2), 'speed': None, 'rudder': 0, 'datum': (42.3, -71.1)}
2021-07-29 14:41:04,281 [INFO] Next green buoy (centers, angles): (array([], dtype=object), []), next red buoy (centers, angles): (array([], dtype=object), [])
2021-07-29 14:41:04,282 [INFO] Desired_heading: -0.20000000000000007
2021-07-29 14:41:04,282 [INFO] delta angle: -1.6000000000000227
2021-07-29 14:41:04,283 [INFO] sending message $BPRMB,134105.00,1.6000000000000227,1,0,1000,0,1*50
...
2021-07-29 14:41:05,284 [INFO] 24.1003475189209s of 1000s elapsed.
2021-07-29 14:41:05,285 [INFO] sending message $BPSTS,134105.28,1,BWSI Autonomy OK*4c
...
2021-07-29 14:41:05,292 [INFO] Processing: $BFNVG,134103.01,4218.008808,N,07105.991649,W,0,10.0,1.0,359.7,0.0,0.0,134103.01*5A
2021-07-29 14:41:05,294 [INFO] Interpreted as: {'position': (11.875524093513377, 16.017808562144637), 'latlon': (42.3001468, -71.09986081666666), 'heading': 359.7, 'depth': 1.0, 'altitude': 10.0, 'roll': 0.0, 'pitch': 0.0, 'last_fix_time': datetime.datetime(2021, 7, 29, 13, 41, 3), 'speed': None, 'rudder': 0, 'datum': (42.3, -71.1)}
2021-07-29 14:41:05,294 [INFO] Processing: $BFNVG,134103.36,4218.009006,N,07105.991658,W,0,10.0,1.0,359.3,0.0,0.0,134103.36*59
2021-07-29 14:41:05,296 [INFO] Interpreted as: {'position': (11.872201703954488, 16.384551719762385), 'latlon': (42.3001501, -71.09986096666667), 'heading': 359.3, 'depth': 1.0, 'altitude': 10.0, 'roll': 0.0, 'pitch': 0.0, 'last_fix_time': datetime.datetime(2021, 7, 29, 13, 41, 3), 'speed': None, 'rudder': 0, 'datum': (42.3, -71.1)}
2021-07-29 14:41:05,297 [INFO] Processing: $BFNVG,134103.72,4218.009203,N,07105.991668,W,0,10.0,1.0,359.0,0.0,0.0,134103.72*5E
2021-07-29 14:41:05,299 [INFO] Interpreted as: {'position': (11.867459770699497, 16.749478083103895), 'latlon': (42.30015338333333, -71.09986113333333), 'heading': 359.0, 'depth': 1.0, 'altitude': 10.0, 'roll': 0.0, 'pitch': 0.0, 'last_fix_time': datetime.datetime(2021, 7, 29, 13, 41, 3), 'speed': None, 'rudder': 0, 'datum': (42.3, -71.1)}
2021-07-29 14:41:05,299 [INFO] Processing: $BFNVG,134104.07,4218.009400,N,07105.991680,W,0,10.0,1.0,358.6,0.0,0.0,134104.07*5A
2021-07-29 14:41:05,301 [INFO] Interpreted as: {'position': (11.859970086603425, 17.114472253248096), 'latlon': (42.300156666666666, -71.09986133333334), 'heading': 358.6, 'depth': 1.0, 'altitude': 10.0, 'roll': 0.0, 'pitch': 0.0, 'last_fix_time': datetime.datetime(2021, 7, 29, 13, 41, 4), 'speed': None, 'rudder': 0, 'datum': (42.3, -71.1)}
2021-07-29 14:41:05,302 [INFO] Received from Frontseat: [b'$BFNVG,134103.01,4218.008808,N,07105.991649,W,0,10.0,1.0,359.7,0.0,0.0,134103.01*5A', b'$BFNVG,134103.36,4218.009006,N,07105.991658,W,0,10.0,1.0,359.3,0.0,0.0,134103.36*59', b'$BFNVG,134103.72,4218.009203,N,07105.991668,W,0,10.0,1.0,359.0,0.0,0.0,134103.72*5E', b'$BFNVG,134104.07,4218.009400,N,07105.991680,W,0,10.0,1.0,358.6,0.0,0.0,134104.07*5A']
2021-07-29 14:41:05,303 [INFO] AUV state: {'position': (11.859970086603425, 17.114472253248096), 'latlon': (42.300156666666666, -71.09986133333334), 'heading': 358.6, 'depth': 1.0, 'altitude': 10.0, 'roll': 0.0, 'pitch': 0.0, 'last_fix_time': datetime.datetime(2021, 7, 29, 13, 41, 4), 'speed': None, 'rudder': 0, 'datum': (42.3, -71.1)}
2021-07-29 14:41:05,649 [INFO] Next green buoy (centers, angles): (array([], dtype=object), []), next red buoy (centers, angles): (array([], dtype=object), [])
2021-07-29 14:41:05,650 [INFO] Desired_heading: 358.28000000000003
2021-07-29 14:41:05,651 [INFO] delta angle: -0.6399999999999864
2021-07-29 14:41:05,651 [INFO] sending message $BPRMB,134105.56,0.6399999999999864,1,0,1000,0,1*55
...
2021-07-29 14:41:06,652 [INFO] 24.662965297698975s of 1000s elapsed.
2021-07-29 14:41:06,654 [INFO] sending message $BPSTS,134106.65,1,BWSI Autonomy OK*46
...
2021-07-29 14:41:06,655 [INFO] Processing: $BFNVG,134104.44,4218.009604,N,07105.991695,W,0,10.0,1.0,358.2,0.0,0.0,134104.44*5C
2021-07-29 14:41:06,657 [INFO] Interpreted as: {'position': (11.848678460461088, 17.492523008957505), 'latlon': (42.30016006666666, -71.09986158333334), 'heading': 358.2, 'depth': 1.0, 'altitude': 10.0, 'roll': 0.0, 'pitch': 0.0, 'last_fix_time': datetime.datetime(2021, 7, 29, 13, 41, 4), 'speed': None, 'rudder': 0, 'datum': (42.3, -71.1)}
2021-07-29 14:41:06,658 [INFO] Processing: $BFNVG,134104.80,4218.009800,N,07105.991710,W,0,10.0,1.0,358.1,0.0,0.0,134104.80*59
2021-07-29 14:41:06,660 [INFO] Interpreted as: {'position': (11.837021483341232, 17.855768189765513), 'latlon': (42.30016333333333, -71.09986183333334), 'heading': 358.1, 'depth': 1.0, 'altitude': 10.0, 'roll': 0.0, 'pitch': 0.0, 'last_fix_time': datetime.datetime(2021, 7, 29, 13, 41, 4), 'speed': None, 'rudder': 0, 'datum': (42.3, -71.1)}
2021-07-29 14:41:06,661 [INFO] Processing: $BFNVG,134105.16,4218.010002,N,07105.991726,W,0,10.0,1.0,358.0,0.0,0.0,134105.16*5F
2021-07-29 14:41:06,663 [INFO] Interpreted as: {'position': (11.824264648137614, 18.230151458643377), 'latlon': (42.3001667, -71.0998621), 'heading': 358.0, 'depth': 1.0, 'altitude': 10.0, 'roll': 0.0, 'pitch': 0.0, 'last_fix_time': datetime.datetime(2021, 7, 29, 13, 41, 5), 'speed': None, 'rudder': 0, 'datum': (42.3, -71.1)}
2021-07-29 14:41:06,664 [INFO] Processing: $BFNVG,134105.51,4218.010197,N,07105.991742,W,0,10.0,1.0,357.8,0.0,0.0,134105.51*57
2021-07-29 14:41:06,666 [INFO] Interpreted as: {'position': (11.811188126914203, 18.591579844243824), 'latlon': (42.30016995, -71.09986236666667), 'heading': 357.8, 'depth': 1.0, 'altitude': 10.0, 'roll': 0.0, 'pitch': 0.0, 'last_fix_time': datetime.datetime(2021, 7, 29, 13, 41, 5), 'speed': None, 'rudder': 0, 'datum': (42.3, -71.1)}
2021-07-29 14:41:06,666 [INFO] Received from Frontseat: [b'$BFNVG,134104.44,4218.009604,N,07105.991695,W,0,10.0,1.0,358.2,0.0,0.0,134104.44*5C', b'$BFNVG,134104.80,4218.009800,N,07105.991710,W,0,10.0,1.0,358.1,0.0,0.0,134104.80*59', b'$BFNVG,134105.16,4218.010002,N,07105.991726,W,0,10.0,1.0,358.0,0.0,0.0,134105.16*5F', b'$BFNVG,134105.51,4218.010197,N,07105.991742,W,0,10.0,1.0,357.8,0.0,0.0,134105.51*57']
2021-07-29 14:41:06,667 [INFO] AUV state: {'position': (11.811188126914203, 18.591579844243824), 'latlon': (42.30016995, -71.09986236666667), 'heading': 357.8, 'depth': 1.0, 'altitude': 10.0, 'roll': 0.0, 'pitch': 0.0, 'last_fix_time': datetime.datetime(2021, 7, 29, 13, 41, 5), 'speed': None, 'rudder': 0, 'datum': (42.3, -71.1)}
2021-07-29 14:41:07,002 [INFO] Next green buoy (centers, angles): (array([], dtype=object), []), next red buoy (centers, angles): (array([], dtype=object), [])
2021-07-29 14:41:07,003 [INFO] Desired_heading: 357.672
2021-07-29 14:41:07,004 [INFO] delta angle: -0.2559999999999718
2021-07-29 14:41:07,004 [INFO] sending message $BPRMB,134107.74,0.2559999999999718,1,0,1000,0,1*5d
...
2021-07-29 14:41:08,005 [INFO] 26.837576627731323s of 1000s elapsed.
2021-07-29 14:41:08,007 [INFO] sending message $BPSTS,134108.00,1,BWSI Autonomy OK*4b
...
2021-07-29 14:41:08,008 [INFO] Processing: $BFNVG,134105.86,4218.010393,N,07105.991759,W,0,10.0,1.0,357.7,0.0,0.0,134105.86*54
2021-07-29 14:41:08,010 [INFO] Interpreted as: {'position': (11.796783406054601, 18.954892832785845), 'latlon': (42.300173216666664, -71.09986265), 'heading': 357.7, 'depth': 1.0, 'altitude': 10.0, 'roll': 0.0, 'pitch': 0.0, 'last_fix_time': datetime.datetime(2021, 7, 29, 13, 41, 5), 'speed': None, 'rudder': 0, 'datum': (42.3, -71.1)}
2021-07-29 14:41:08,011 [INFO] Processing: $BFNVG,134106.23,4218.010595,N,07105.991777,W,0,10.0,1.0,357.6,0.0,0.0,134106.23*59
2021-07-29 14:41:08,013 [INFO] Interpreted as: {'position': (11.781278827693313, 19.329343906603754), 'latlon': (42.30017658333333, -71.09986295), 'heading': 357.6, 'depth': 1.0, 'altitude': 10.0, 'roll': 0.0, 'pitch': 0.0, 'last_fix_time': datetime.datetime(2021, 7, 29, 13, 41, 6), 'speed': None, 'rudder': 0, 'datum': (42.3, -71.1)}
2021-07-29 14:41:08,014 [INFO] Processing: $BFNVG,134106.58,4218.010792,N,07105.991794,W,0,10.0,1.0,357.6,0.0,0.0,134106.58*51
2021-07-29 14:41:08,016 [INFO] Interpreted as: {'position': (11.7669197821524, 19.694507592357695), 'latlon': (42.30017986666667, -71.09986323333334), 'heading': 357.6, 'depth': 1.0, 'altitude': 10.0, 'roll': 0.0, 'pitch': 0.0, 'last_fix_time': datetime.datetime(2021, 7, 29, 13, 41, 6), 'speed': None, 'rudder': 0, 'datum': (42.3, -71.1)}
2021-07-29 14:41:08,017 [INFO] Processing: $BFNVG,134106.94,4218.010987,N,07105.991812,W,0,10.0,1.0,357.5,0.0,0.0,134106.94*59
2021-07-29 14:41:08,019 [INFO] Interpreted as: {'position': (11.7510955252219, 20.056003784760833), 'latlon': (42.300183116666666, -71.09986353333333), 'heading': 357.5, 'depth': 1.0, 'altitude': 10.0, 'roll': 0.0, 'pitch': 0.0, 'last_fix_time': datetime.datetime(2021, 7, 29, 13, 41, 6), 'speed': None, 'rudder': 0, 'datum': (42.3, -71.1)}
2021-07-29 14:41:08,020 [INFO] Received from Frontseat: [b'$BFNVG,134105.86,4218.010393,N,07105.991759,W,0,10.0,1.0,357.7,0.0,0.0,134105.86*54', b'$BFNVG,134106.23,4218.010595,N,07105.991777,W,0,10.0,1.0,357.6,0.0,0.0,134106.23*59', b'$BFNVG,134106.58,4218.010792,N,07105.991794,W,0,10.0,1.0,357.6,0.0,0.0,134106.58*51', b'$BFNVG,134106.94,4218.010987,N,07105.991812,W,0,10.0,1.0,357.5,0.0,0.0,134106.94*59']
2021-07-29 14:41:08,021 [INFO] AUV state: {'position': (11.7510955252219, 20.056003784760833), 'latlon': (42.300183116666666, -71.09986353333333), 'heading': 357.5, 'depth': 1.0, 'altitude': 10.0, 'roll': 0.0, 'pitch': 0.0, 'last_fix_time': datetime.datetime(2021, 7, 29, 13, 41, 6), 'speed': None, 'rudder': 0, 'datum': (42.3, -71.1)}
2021-07-29 14:41:08,365 [INFO] Next green buoy (centers, angles): (array([], dtype=object), []), next red buoy (centers, angles): (array([], dtype=object), [])
2021-07-29 14:41:08,366 [INFO] Desired_heading: 357.4488
2021-07-29 14:41:08,366 [INFO] delta angle: -0.10239999999998872
2021-07-29 14:41:08,366 [INFO] sending message $BPRMB,134108.27,0.10239999999998872,1,0,1000,0,1*64
...
2021-07-29 14:41:09,368 [INFO] 27.36897850036621s of 1000s elapsed.
2021-07-29 14:41:09,369 [INFO] sending message $BPSTS,134109.36,1,BWSI Autonomy OK*4f
...
2021-07-29 14:41:09,370 [INFO] Processing: $BFNVG,134107.29,4218.011184,N,07105.991830,W,0,10.0,1.0,357.4,0.0,0.0,134107.29*52
2021-07-29 14:41:09,373 [INFO] Interpreted as: {'position': (11.735362610023003, 20.421201375313103), 'latlon': (42.3001864, -71.09986383333333), 'heading': 357.4, 'depth': 1.0, 'altitude': 10.0, 'roll': 0.0, 'pitch': 0.0, 'last_fix_time': datetime.datetime(2021, 7, 29, 13, 41, 7), 'speed': None, 'rudder': 0, 'datum': (42.3, -71.1)}
2021-07-29 14:41:09,374 [INFO] Processing: $BFNVG,134107.65,4218.011381,N,07105.991849,W,0,10.0,1.0,357.4,0.0,0.0,134107.65*5B
2021-07-29 14:41:09,377 [INFO] Interpreted as: {'position': (11.71825582231395, 20.786432866938412), 'latlon': (42.300189683333336, -71.09986415), 'heading': 357.4, 'depth': 1.0, 'altitude': 10.0, 'roll': 0.0, 'pitch': 0.0, 'last_fix_time': datetime.datetime(2021, 7, 29, 13, 41, 7), 'speed': None, 'rudder': 0, 'datum': (42.3, -71.1)}
2021-07-29 14:41:09,378 [INFO] Processing: $BFNVG,134108.00,4218.011578,N,07105.991868,W,0,10.0,1.0,357.4,0.0,0.0,134108.00*58
2021-07-29 14:41:09,381 [INFO] Interpreted as: {'position': (11.701149035652634, 21.1516643576324), 'latlon': (42.300192966666664, -71.09986446666667), 'heading': 357.4, 'depth': 1.0, 'altitude': 10.0, 'roll': 0.0, 'pitch': 0.0, 'last_fix_time': datetime.datetime(2021, 7, 29, 13, 41, 8), 'speed': None, 'rudder': 0, 'datum': (42.3, -71.1)}
2021-07-29 14:41:09,382 [INFO] Processing: $BFNVG,134108.36,4218.011776,N,07105.991886,W,0,10.0,1.0,357.4,0.0,0.0,134108.36*54
2021-07-29 14:41:09,384 [INFO] Interpreted as: {'position': (11.68546179716941, 21.51871264539659), 'latlon': (42.30019626666667, -71.09986476666667), 'heading': 357.4, 'depth': 1.0, 'altitude': 10.0, 'roll': 0.0, 'pitch': 0.0, 'last_fix_time': datetime.datetime(2021, 7, 29, 13, 41, 8), 'speed': None, 'rudder': 0, 'datum': (42.3, -71.1)}
2021-07-29 14:41:09,385 [INFO] Received from Frontseat: [b'$BFNVG,134107.29,4218.011184,N,07105.991830,W,0,10.0,1.0,357.4,0.0,0.0,134107.29*52', b'$BFNVG,134107.65,4218.011381,N,07105.991849,W,0,10.0,1.0,357.4,0.0,0.0,134107.65*5B', b'$BFNVG,134108.00,4218.011578,N,07105.991868,W,0,10.0,1.0,357.4,0.0,0.0,134108.00*58', b'$BFNVG,134108.36,4218.011776,N,07105.991886,W,0,10.0,1.0,357.4,0.0,0.0,134108.36*54']
2021-07-29 14:41:09,386 [INFO] AUV state: {'position': (11.68546179716941, 21.51871264539659), 'latlon': (42.30019626666667, -71.09986476666667), 'heading': 357.4, 'depth': 1.0, 'altitude': 10.0, 'roll': 0.0, 'pitch': 0.0, 'last_fix_time': datetime.datetime(2021, 7, 29, 13, 41, 8), 'speed': None, 'rudder': 0, 'datum': (42.3, -71.1)}
2021-07-29 14:41:09,732 [INFO] Next green buoy (centers, angles): (array([], dtype=object), []), next red buoy (centers, angles): (array([], dtype=object), [])
2021-07-29 14:41:09,733 [INFO] Desired_heading: 357.37951999999996
2021-07-29 14:41:09,733 [INFO] delta angle: -0.040960000000040964
2021-07-29 14:41:09,734 [INFO] sending message $BPRMB,134110.46,0.040960000000040964,1,0,1000,0,1*52
...
2021-07-29 14:41:10,735 [INFO] 29.562713384628296s of 1000s elapsed.
2021-07-29 14:41:10,736 [INFO] sending message $BPSTS,134110.73,1,BWSI Autonomy OK*46
...
2021-07-29 14:41:10,737 [INFO] Processing: $BFNVG,134108.71,4218.011973,N,07105.991905,W,0,10.0,1.0,357.4,0.0,0.0,134108.71*55
2021-07-29 14:41:10,739 [INFO] Interpreted as: {'position': (11.668355021392927, 21.883944137953222), 'latlon': (42.30019955, -71.09986508333333), 'heading': 357.4, 'depth': 1.0, 'altitude': 10.0, 'roll': 0.0, 'pitch': 0.0, 'last_fix_time': datetime.datetime(2021, 7, 29, 13, 41, 8), 'speed': None, 'rudder': 0, 'datum': (42.3, -71.1)}
2021-07-29 14:41:10,740 [INFO] Processing: $BFNVG,134109.07,4218.012169,N,07105.991924,W,0,10.0,1.0,357.3,0.0,0.0,134109.07*51
2021-07-29 14:41:10,742 [INFO] Interpreted as: {'position': (11.651202575245406, 22.247324934229255), 'latlon': (42.30020281666667, -71.0998654), 'heading': 357.3, 'depth': 1.0, 'altitude': 10.0, 'roll': 0.0, 'pitch': 0.0, 'last_fix_time': datetime.datetime(2021, 7, 29, 13, 41, 9), 'speed': None, 'rudder': 0, 'datum': (42.3, -71.1)}
2021-07-29 14:41:10,743 [INFO] Processing: $BFNVG,134109.42,4218.012365,N,07105.991943,W,0,10.0,1.0,357.3,0.0,0.0,134109.42*5E
2021-07-29 14:41:10,745 [INFO] Interpreted as: {'position': (11.634050134511199, 22.610705729573965), 'latlon': (42.300206083333336, -71.09986571666667), 'heading': 357.3, 'depth': 1.0, 'altitude': 10.0, 'roll': 0.0, 'pitch': 0.0, 'last_fix_time': datetime.datetime(2021, 7, 29, 13, 41, 9), 'speed': None, 'rudder': 0, 'datum': (42.3, -71.1)}
2021-07-29 14:41:10,746 [INFO] Received from Frontseat: [b'$BFNVG,134108.71,4218.011973,N,07105.991905,W,0,10.0,1.0,357.4,0.0,0.0,134108.71*55', b'$BFNVG,134109.07,4218.012169,N,07105.991924,W,0,10.0,1.0,357.3,0.0,0.0,134109.07*51', b'$BFNVG,134109.42,4218.012365,N,07105.991943,W,0,10.0,1.0,357.3,0.0,0.0,134109.42*5E']
2021-07-29 14:41:10,747 [INFO] AUV state: {'position': (11.634050134511199, 22.610705729573965), 'latlon': (42.300206083333336, -71.09986571666667), 'heading': 357.3, 'depth': 1.0, 'altitude': 10.0, 'roll': 0.0, 'pitch': 0.0, 'last_fix_time': datetime.datetime(2021, 7, 29, 13, 41, 9), 'speed': None, 'rudder': 0, 'datum': (42.3, -71.1)}
2021-07-29 14:41:11,095 [INFO] Next green buoy (centers, angles): (array([], dtype=object), []), next red buoy (centers, angles): (array([], dtype=object), [])
2021-07-29 14:41:11,095 [INFO] Desired_heading: 357.291808
2021-07-29 14:41:11,096 [INFO] delta angle: -0.016384000000016385
2021-07-29 14:41:11,096 [INFO] sending message $BPRMB,134111.00,0.016384000000016385,1,0,1000,0,1*54
...
2021-07-29 14:41:12,098 [INFO] 30.103312492370605s of 1000s elapsed.
2021-07-29 14:41:12,099 [INFO] sending message $BPSTS,134112.09,1,BWSI Autonomy OK*49
...
2021-07-29 14:41:12,100 [INFO] Processing: $BFNVG,134109.78,4218.012563,N,07105.991962,W,0,10.0,1.0,357.3,0.0,0.0,134109.78*5D
2021-07-29 14:41:12,102 [INFO] Interpreted as: {'position': (11.616989035741426, 22.97778792027384), 'latlon': (42.30020938333333, -71.09986603333333), 'heading': 357.3, 'depth': 1.0, 'altitude': 10.0, 'roll': 0.0, 'pitch': 0.0, 'last_fix_time': datetime.datetime(2021, 7, 29, 13, 41, 9), 'speed': None, 'rudder': 0, 'datum': (42.3, -71.1)}
2021-07-29 14:41:12,103 [INFO] Processing: $BFNVG,134110.14,4218.012764,N,07105.991981,W,0,10.0,1.0,357.3,0.0,0.0,134110.14*55
2021-07-29 14:41:12,105 [INFO] Interpreted as: {'position': (11.60006494843401, 23.350422201678157), 'latlon': (42.30021273333333, -71.09986635), 'heading': 357.3, 'depth': 1.0, 'altitude': 10.0, 'roll': 0.0, 'pitch': 0.0, 'last_fix_time': datetime.datetime(2021, 7, 29, 13, 41, 10), 'speed': None, 'rudder': 0, 'datum': (42.3, -71.1)}
2021-07-29 14:41:12,106 [INFO] Processing: $BFNVG,134110.49,4218.012958,N,07105.992000,W,0,10.0,1.0,357.3,0.0,0.0,134110.49*57
2021-07-29 14:41:12,108 [INFO] Interpreted as: {'position': (11.582821176736616, 23.710101605392992), 'latlon': (42.30021596666667, -71.09986666666667), 'heading': 357.3, 'depth': 1.0, 'altitude': 10.0, 'roll': 0.0, 'pitch': 0.0, 'last_fix_time': datetime.datetime(2021, 7, 29, 13, 41, 10), 'speed': None, 'rudder': 0, 'datum': (42.3, -71.1)}
2021-07-29 14:41:12,109 [INFO] Processing: $BFNVG,134110.85,4218.013157,N,07105.992019,W,0,10.0,1.0,357.3,0.0,0.0,134110.85*59
2021-07-29 14:41:12,111 [INFO] Interpreted as: {'position': (11.565805757185444, 24.07903449423611), 'latlon': (42.300219283333334, -71.09986698333333), 'heading': 357.3, 'depth': 1.0, 'altitude': 10.0, 'roll': 0.0, 'pitch': 0.0, 'last_fix_time': datetime.datetime(2021, 7, 29, 13, 41, 10), 'speed': None, 'rudder': 0, 'datum': (42.3, -71.1)}
2021-07-29 14:41:12,112 [INFO] Received from Frontseat: [b'$BFNVG,134109.78,4218.012563,N,07105.991962,W,0,10.0,1.0,357.3,0.0,0.0,134109.78*5D', b'$BFNVG,134110.14,4218.012764,N,07105.991981,W,0,10.0,1.0,357.3,0.0,0.0,134110.14*55', b'$BFNVG,134110.49,4218.012958,N,07105.992000,W,0,10.0,1.0,357.3,0.0,0.0,134110.49*57', b'$BFNVG,134110.85,4218.013157,N,07105.992019,W,0,10.0,1.0,357.3,0.0,0.0,134110.85*59']
2021-07-29 14:41:12,113 [INFO] AUV state: {'position': (11.565805757185444, 24.07903449423611), 'latlon': (42.300219283333334, -71.09986698333333), 'heading': 357.3, 'depth': 1.0, 'altitude': 10.0, 'roll': 0.0, 'pitch': 0.0, 'last_fix_time': datetime.datetime(2021, 7, 29, 13, 41, 10), 'speed': None, 'rudder': 0, 'datum': (42.3, -71.1)}
2021-07-29 14:41:12,463 [INFO] Next green buoy (centers, angles): (array([], dtype=object), []), next red buoy (centers, angles): (array([], dtype=object), [])
2021-07-29 14:41:12,464 [INFO] Desired_heading: 357.29672320000003
2021-07-29 14:41:12,464 [INFO] delta angle: -0.0065535999999610794
2021-07-29 14:41:12,465 [INFO] sending message $BPRMB,134113.19,0.0065535999999610794,1,0,1000,0,1*62
...
2021-07-29 14:41:13,466 [INFO] 32.288241386413574s of 1000s elapsed.
2021-07-29 14:41:13,467 [INFO] sending message $BPSTS,134113.46,1,BWSI Autonomy OK*43
...
2021-07-29 14:41:13,468 [INFO] Processing: $BFNVG,134111.20,4218.013354,N,07105.992038,W,0,10.0,1.0,357.3,0.0,0.0,134111.20*5B
2021-07-29 14:41:13,470 [INFO] Interpreted as: {'position': (11.548699000151828, 24.44426598958671), 'latlon': (42.30022256666667, -71.0998673), 'heading': 357.3, 'depth': 1.0, 'altitude': 10.0, 'roll': 0.0, 'pitch': 0.0, 'last_fix_time': datetime.datetime(2021, 7, 29, 13, 41, 11), 'speed': None, 'rudder': 0, 'datum': (42.3, -71.1)}
2021-07-29 14:41:13,471 [INFO] Processing: $BFNVG,134111.55,4218.013548,N,07105.992057,W,0,10.0,1.0,357.3,0.0,0.0,134111.55*59
2021-07-29 14:41:13,473 [INFO] Interpreted as: {'position': (11.531455240328796, 24.803945393301547), 'latlon': (42.3002258, -71.09986761666667), 'heading': 357.3, 'depth': 1.0, 'altitude': 10.0, 'roll': 0.0, 'pitch': 0.0, 'last_fix_time': datetime.datetime(2021, 7, 29, 13, 41, 11), 'speed': None, 'rudder': 0, 'datum': (42.3, -71.1)}
2021-07-29 14:41:13,474 [INFO] Processing: $BFNVG,134111.91,4218.013748,N,07105.992076,W,0,10.0,1.0,357.3,0.0,0.0,134111.91*58
2021-07-29 14:41:13,476 [INFO] Interpreted as: {'position': (11.51448550017085, 25.17472898028791), 'latlon': (42.30022913333333, -71.09986793333333), 'heading': 357.3, 'depth': 1.0, 'altitude': 10.0, 'roll': 0.0, 'pitch': 0.0, 'last_fix_time': datetime.datetime(2021, 7, 29, 13, 41, 11), 'speed': None, 'rudder': 0, 'datum': (42.3, -71.1)}
2021-07-29 14:41:13,477 [INFO] Processing: $BFNVG,134112.27,4218.013944,N,07105.992095,W,0,10.0,1.0,357.3,0.0,0.0,134112.27*57
2021-07-29 14:41:13,479 [INFO] Interpreted as: {'position': (11.497333085630089, 25.538109777495265), 'latlon': (42.3002324, -71.09986825), 'heading': 357.3, 'depth': 1.0, 'altitude': 10.0, 'roll': 0.0, 'pitch': 0.0, 'last_fix_time': datetime.datetime(2021, 7, 29, 13, 41, 12), 'speed': None, 'rudder': 0, 'datum': (42.3, -71.1)}
2021-07-29 14:41:13,480 [INFO] Received from Frontseat: [b'$BFNVG,134111.20,4218.013354,N,07105.992038,W,0,10.0,1.0,357.3,0.0,0.0,134111.20*5B', b'$BFNVG,134111.55,4218.013548,N,07105.992057,W,0,10.0,1.0,357.3,0.0,0.0,134111.55*59', b'$BFNVG,134111.91,4218.013748,N,07105.992076,W,0,10.0,1.0,357.3,0.0,0.0,134111.91*58', b'$BFNVG,134112.27,4218.013944,N,07105.992095,W,0,10.0,1.0,357.3,0.0,0.0,134112.27*57']
2021-07-29 14:41:13,481 [INFO] AUV state: {'position': (11.497333085630089, 25.538109777495265), 'latlon': (42.3002324, -71.09986825), 'heading': 357.3, 'depth': 1.0, 'altitude': 10.0, 'roll': 0.0, 'pitch': 0.0, 'last_fix_time': datetime.datetime(2021, 7, 29, 13, 41, 12), 'speed': None, 'rudder': 0, 'datum': (42.3, -71.1)}
2021-07-29 14:41:13,799 [INFO] Next green buoy (centers, angles): (array([], dtype=object), []), next red buoy (centers, angles): (array([], dtype=object), [])
2021-07-29 14:41:13,800 [INFO] Desired_heading: 357.29868928
2021-07-29 14:41:13,800 [INFO] delta angle: -0.0026214399999844318
2021-07-29 14:41:13,801 [INFO] sending message $BPRMB,134113.74,0.0026214399999844318,1,0,1000,0,1*6f
...
2021-07-29 14:41:14,802 [INFO] 32.83975148200989s of 1000s elapsed.
2021-07-29 14:41:14,804 [INFO] sending message $BPSTS,134114.80,1,BWSI Autonomy OK*4e
...
2021-07-29 14:41:14,805 [INFO] Processing: $BFNVG,134112.62,4218.014138,N,07105.992114,W,0,10.0,1.0,357.3,0.0,0.0,134112.62*5B
2021-07-29 14:41:14,807 [INFO] Interpreted as: {'position': (11.480089335585944, 25.897789182141423), 'latlon': (42.30023563333334, -71.09986856666667), 'heading': 357.3, 'depth': 1.0, 'altitude': 10.0, 'roll': 0.0, 'pitch': 0.0, 'last_fix_time': datetime.datetime(2021, 7, 29, 13, 41, 12), 'speed': None, 'rudder': 0, 'datum': (42.3, -71.1)}
2021-07-29 14:41:14,808 [INFO] Processing: $BFNVG,134112.97,4218.014333,N,07105.992133,W,0,10.0,1.0,357.3,0.0,0.0,134112.97*57
2021-07-29 14:41:14,810 [INFO] Interpreted as: {'position': (11.462891258182935, 26.25931928306818), 'latlon': (42.300238883333336, -71.09986888333333), 'heading': 357.3, 'depth': 1.0, 'altitude': 10.0, 'roll': 0.0, 'pitch': 0.0, 'last_fix_time': datetime.datetime(2021, 7, 29, 13, 41, 12), 'speed': None, 'rudder': 0, 'datum': (42.3, -71.1)}
2021-07-29 14:41:14,811 [INFO] Processing: $BFNVG,134113.33,4218.014529,N,07105.992152,W,0,10.0,1.0,357.3,0.0,0.0,134113.33*5D
2021-07-29 14:41:14,813 [INFO] Interpreted as: {'position': (11.445738851325586, 26.622700083069503), 'latlon': (42.30024215, -71.0998692), 'heading': 357.3, 'depth': 1.0, 'altitude': 10.0, 'roll': 0.0, 'pitch': 0.0, 'last_fix_time': datetime.datetime(2021, 7, 29, 13, 41, 13), 'speed': None, 'rudder': 0, 'datum': (42.3, -71.1)}
2021-07-29 14:41:14,813 [INFO] Processing: $BFNVG,134113.68,4218.014727,N,07105.992171,W,0,10.0,1.0,357.3,0.0,0.0,134113.68*50
2021-07-29 14:41:14,815 [INFO] Interpreted as: {'position': (11.42867778672371, 26.98978227749467), 'latlon': (42.30024545, -71.09986951666667), 'heading': 357.3, 'depth': 1.0, 'altitude': 10.0, 'roll': 0.0, 'pitch': 0.0, 'last_fix_time': datetime.datetime(2021, 7, 29, 13, 41, 13), 'speed': None, 'rudder': 0, 'datum': (42.3, -71.1)}
2021-07-29 14:41:14,816 [INFO] Received from Frontseat: [b'$BFNVG,134112.62,4218.014138,N,07105.992114,W,0,10.0,1.0,357.3,0.0,0.0,134112.62*5B', b'$BFNVG,134112.97,4218.014333,N,07105.992133,W,0,10.0,1.0,357.3,0.0,0.0,134112.97*57', b'$BFNVG,134113.33,4218.014529,N,07105.992152,W,0,10.0,1.0,357.3,0.0,0.0,134113.33*5D', b'$BFNVG,134113.68,4218.014727,N,07105.992171,W,0,10.0,1.0,357.3,0.0,0.0,134113.68*50']
2021-07-29 14:41:14,817 [INFO] AUV state: {'position': (11.42867778672371, 26.98978227749467), 'latlon': (42.30024545, -71.09986951666667), 'heading': 357.3, 'depth': 1.0, 'altitude': 10.0, 'roll': 0.0, 'pitch': 0.0, 'last_fix_time': datetime.datetime(2021, 7, 29, 13, 41, 13), 'speed': None, 'rudder': 0, 'datum': (42.3, -71.1)}
2021-07-29 14:41:15,159 [INFO] Next green buoy (centers, angles): (array([], dtype=object), []), next red buoy (centers, angles): (array([], dtype=object), [])
2021-07-29 14:41:15,159 [INFO] Desired_heading: 357.299475712
2021-07-29 14:41:15,160 [INFO] delta angle: -0.00104857600001651
2021-07-29 14:41:15,160 [INFO] sending message $BPRMB,134115.86,0.00104857600001651,1,0,1000,0,1*65
...
2021-07-29 14:41:16,162 [INFO] 34.96084451675415s of 1000s elapsed.
2021-07-29 14:41:16,163 [INFO] sending message $BPSTS,134116.16,1,BWSI Autonomy OK*43
...
2021-07-29 14:41:16,164 [INFO] Processing: $BFNVG,134114.04,4218.014923,N,07105.992190,W,0,10.0,1.0,357.3,0.0,0.0,134114.04*55
2021-07-29 14:41:16,166 [INFO] Interpreted as: {'position': (11.411525388481095, 27.353163077495992), 'latlon': (42.300248716666665, -71.09986983333333), 'heading': 357.3, 'depth': 1.0, 'altitude': 10.0, 'roll': 0.0, 'pitch': 0.0, 'last_fix_time': datetime.datetime(2021, 7, 29, 13, 41, 14), 'speed': None, 'rudder': 0, 'datum': (42.3, -71.1)}
2021-07-29 14:41:16,167 [INFO] Processing: $BFNVG,134114.39,4218.015118,N,07105.992208,W,0,10.0,1.0,357.3,0.0,0.0,134114.39*56
2021-07-29 14:41:16,169 [INFO] Interpreted as: {'position': (11.395701198489405, 27.714659276418388), 'latlon': (42.300251966666664, -71.09987013333334), 'heading': 357.3, 'depth': 1.0, 'altitude': 10.0, 'roll': 0.0, 'pitch': 0.0, 'last_fix_time': datetime.datetime(2021, 7, 29, 13, 41, 14), 'speed': None, 'rudder': 0, 'datum': (42.3, -71.1)}
2021-07-29 14:41:16,170 [INFO] Processing: $BFNVG,134114.74,4218.015313,N,07105.992227,W,0,10.0,1.0,357.3,0.0,0.0,134114.74*52
2021-07-29 14:41:16,172 [INFO] Interpreted as: {'position': (11.378503137268126, 28.076189378276467), 'latlon': (42.30025521666666, -71.09987045), 'heading': 357.3, 'depth': 1.0, 'altitude': 10.0, 'roll': 0.0, 'pitch': 0.0, 'last_fix_time': datetime.datetime(2021, 7, 29, 13, 41, 14), 'speed': None, 'rudder': 0, 'datum': (42.3, -71.1)}
2021-07-29 14:41:16,172 [INFO] Processing: $BFNVG,134115.09,4218.015509,N,07105.992246,W,0,10.0,1.0,357.3,0.0,0.0,134115.09*58
2021-07-29 14:41:16,174 [INFO] Interpreted as: {'position': (11.361350748804398, 28.43957018107176), 'latlon': (42.30025848333333, -71.09987076666667), 'heading': 357.3, 'depth': 1.0, 'altitude': 10.0, 'roll': 0.0, 'pitch': 0.0, 'last_fix_time': datetime.datetime(2021, 7, 29, 13, 41, 15), 'speed': None, 'rudder': 0, 'datum': (42.3, -71.1)}
2021-07-29 14:41:16,175 [INFO] Received from Frontseat: [b'$BFNVG,134114.04,4218.014923,N,07105.992190,W,0,10.0,1.0,357.3,0.0,0.0,134114.04*55', b'$BFNVG,134114.39,4218.015118,N,07105.992208,W,0,10.0,1.0,357.3,0.0,0.0,134114.39*56', b'$BFNVG,134114.74,4218.015313,N,07105.992227,W,0,10.0,1.0,357.3,0.0,0.0,134114.74*52', b'$BFNVG,134115.09,4218.015509,N,07105.992246,W,0,10.0,1.0,357.3,0.0,0.0,134115.09*58']
2021-07-29 14:41:16,176 [INFO] AUV state: {'position': (11.361350748804398, 28.43957018107176), 'latlon': (42.30025848333333, -71.09987076666667), 'heading': 357.3, 'depth': 1.0, 'altitude': 10.0, 'roll': 0.0, 'pitch': 0.0, 'last_fix_time': datetime.datetime(2021, 7, 29, 13, 41, 15), 'speed': None, 'rudder': 0, 'datum': (42.3, -71.1)}
2021-07-29 14:41:16,517 [INFO] Next green buoy (centers, angles): (array([], dtype=object), []), next red buoy (centers, angles): (array([], dtype=object), [])
2021-07-29 14:41:16,518 [INFO] Desired_heading: 357.2997902848
2021-07-29 14:41:16,518 [INFO] delta angle: -0.0004194304000293414
2021-07-29 14:41:16,518 [INFO] sending message $BPRMB,134116.46,0.0004194304000293414,1,0,1000,0,1*66
...
2021-07-29 14:41:17,520 [INFO] 35.55803561210632s of 1000s elapsed.
2021-07-29 14:41:17,521 [INFO] sending message $BPSTS,134117.52,1,BWSI Autonomy OK*42
...
2021-07-29 14:41:17,522 [INFO] Processing: $BFNVG,134115.45,4218.015706,N,07105.992265,W,0,10.0,1.0,357.3,0.0,0.0,134115.45*54
2021-07-29 14:41:17,524 [INFO] Interpreted as: {'position': (11.34424403309822, 28.804801679216325), 'latlon': (42.300261766666665, -71.09987108333333), 'heading': 357.3, 'depth': 1.0, 'altitude': 10.0, 'roll': 0.0, 'pitch': 0.0, 'last_fix_time': datetime.datetime(2021, 7, 29, 13, 41, 15), 'speed': None, 'rudder': 0, 'datum': (42.3, -71.1)}
2021-07-29 14:41:17,525 [INFO] Processing: $BFNVG,134115.81,4218.015908,N,07105.992285,W,0,10.0,1.0,357.3,0.0,0.0,134115.81*5A
2021-07-29 14:41:17,527 [INFO] Interpreted as: {'position': (11.325991792196874, 29.179320566356182), 'latlon': (42.30026513333333, -71.09987141666667), 'heading': 357.3, 'depth': 1.0, 'altitude': 10.0, 'roll': 0.0, 'pitch': 0.0, 'last_fix_time': datetime.datetime(2021, 7, 29, 13, 41, 15), 'speed': None, 'rudder': 0, 'datum': (42.3, -71.1)}
2021-07-29 14:41:17,528 [INFO] Processing: $BFNVG,134116.16,4218.016103,N,07105.992304,W,0,10.0,1.0,357.3,0.0,0.0,134116.16*52
2021-07-29 14:41:17,530 [INFO] Interpreted as: {'position': (11.308793744188733, 29.54085067100823), 'latlon': (42.30026838333333, -71.09987173333333), 'heading': 357.3, 'depth': 1.0, 'altitude': 10.0, 'roll': 0.0, 'pitch': 0.0, 'last_fix_time': datetime.datetime(2021, 7, 29, 13, 41, 16), 'speed': None, 'rudder': 0, 'datum': (42.3, -71.1)}
2021-07-29 14:41:17,531 [INFO] Received from Frontseat: [b'$BFNVG,134115.45,4218.015706,N,07105.992265,W,0,10.0,1.0,357.3,0.0,0.0,134115.45*54', b'$BFNVG,134115.81,4218.015908,N,07105.992285,W,0,10.0,1.0,357.3,0.0,0.0,134115.81*5A', b'$BFNVG,134116.16,4218.016103,N,07105.992304,W,0,10.0,1.0,357.3,0.0,0.0,134116.16*52']
2021-07-29 14:41:17,532 [INFO] AUV state: {'position': (11.308793744188733, 29.54085067100823), 'latlon': (42.30026838333333, -71.09987173333333), 'heading': 357.3, 'depth': 1.0, 'altitude': 10.0, 'roll': 0.0, 'pitch': 0.0, 'last_fix_time': datetime.datetime(2021, 7, 29, 13, 41, 16), 'speed': None, 'rudder': 0, 'datum': (42.3, -71.1)}
2021-07-29 14:41:17,877 [INFO] Next green buoy (centers, angles): (array([], dtype=object), []), next red buoy (centers, angles): (array([], dtype=object), [])
2021-07-29 14:41:17,877 [INFO] Desired_heading: 357.29991611392
2021-07-29 14:41:17,878 [INFO] delta angle: -0.00016777216001173656
2021-07-29 14:41:17,878 [INFO] sending message $BPRMB,134118.58,0.00016777216001173656,1,0,1000,0,1*55
...
2021-07-29 14:41:17,885 [ERROR] An error occurred. The stack trace is below.
Traceback (most recent call last):
  File "BWSI_BackSeat.py", line 130, in run
    time.sleep(1 / self.__warp)
KeyboardInterrupt
