2021-07-29 14:06:18,153 [INFO] host = 192.168.1.213, port = 29500
2021-07-29 14:06:18,171 [INFO] sending message $BPLOG,ACK,ON*1e
...
2021-07-29 14:06:18,171 [INFO] sending message $BPLOG,ALL,ON*16
...
2021-07-29 14:06:18,172 [INFO] sending message $BPSTS,130618.17,1,BWSI Autonomy OK*4f
...
2021-07-29 14:06:18,172 [INFO] Received from Frontseat: []
2021-07-29 14:06:18,173 [INFO] AUV state: {'position': (None, None), 'latlon': None, 'heading': None, 'depth': None, 'altitude': None, 'roll': None, 'pitch': None, 'last_fix_time': None, 'speed': None, 'rudder': 0}
2021-07-29 14:06:19,174 [INFO] sending message $BPSTS,130619.17,1,BWSI Autonomy OK*4e
...
2021-07-29 14:06:19,175 [INFO] Processing: $BFNVG,130615.00,4218.074291,N,07105.555198,W,0,10.0,1.0,79.8,0.0,0.0,130615.00*6A
2021-07-29 14:06:19,178 [INFO] Interpreted as: {'position': (0, 0), 'latlon': (42.30123818333333, -71.09258663333334), 'heading': 79.8, 'depth': 1.0, 'altitude': 10.0, 'roll': 0.0, 'pitch': 0.0, 'last_fix_time': datetime.datetime(2021, 7, 29, 13, 6, 15), 'speed': None, 'rudder': 0, 'datum': (42.30123818333333, -71.09258663333334)}
2021-07-29 14:06:19,179 [INFO] Processing: $BFNVG,130615.33,4218.074327,N,07105.554958,W,0,10.0,1.0,79.8,0.0,0.0,130615.33*63
2021-07-29 14:06:19,181 [INFO] Interpreted as: {'position': (0.33136296446900815, 0.05851659644395113), 'latlon': (42.30123878333333, -71.09258263333334), 'heading': 79.8, 'depth': 1.0, 'altitude': 10.0, 'roll': 0.0, 'pitch': 0.0, 'last_fix_time': datetime.datetime(2021, 7, 29, 13, 6, 15), 'speed': None, 'rudder': 0, 'datum': (42.30123818333333, -71.09258663333334)}
2021-07-29 14:06:19,182 [INFO] Processing: $BFNVG,130615.66,4218.074364,N,07105.554719,W,0,10.0,1.0,79.8,0.0,0.0,130615.66*6F
2021-07-29 14:06:19,184 [INFO] Interpreted as: {'position': (0.6613975799409673, 0.11891769338399172), 'latlon': (42.3012394, -71.09257865), 'heading': 79.8, 'depth': 1.0, 'altitude': 10.0, 'roll': 0.0, 'pitch': 0.0, 'last_fix_time': datetime.datetime(2021, 7, 29, 13, 6, 15), 'speed': None, 'rudder': 0, 'datum': (42.30123818333333, -71.09258663333334)}
2021-07-29 14:06:19,185 [INFO] Processing: $BFNVG,130615.99,4218.074401,N,07105.554477,W,0,10.0,1.0,79.8,0.0,0.0,130615.99*60
2021-07-29 14:06:19,187 [INFO] Interpreted as: {'position': (0.99555374548072, 0.17921744752675295), 'latlon': (42.30124001666667, -71.09257461666667), 'heading': 79.8, 'depth': 1.0, 'altitude': 10.0, 'roll': 0.0, 'pitch': 0.0, 'last_fix_time': datetime.datetime(2021, 7, 29, 13, 6, 15), 'speed': None, 'rudder': 0, 'datum': (42.30123818333333, -71.09258663333334)}
2021-07-29 14:06:19,188 [INFO] Processing: $BFNVG,130616.32,4218.074437,N,07105.554236,W,0,10.0,1.0,79.8,0.0,0.0,130616.32*66
2021-07-29 14:06:19,190 [INFO] Interpreted as: {'position': (1.3282905429368839, 0.23770030681043863), 'latlon': (42.30124061666667, -71.0925706), 'heading': 79.8, 'depth': 1.0, 'altitude': 10.0, 'roll': 0.0, 'pitch': 0.0, 'last_fix_time': datetime.datetime(2021, 7, 29, 13, 6, 16), 'speed': None, 'rudder': 0, 'datum': (42.30123818333333, -71.09258663333334)}
2021-07-29 14:06:19,191 [INFO] Processing: $BFNVG,130616.65,4218.074474,N,07105.553994,W,0,10.0,1.0,79.8,0.0,0.0,130616.65*65
2021-07-29 14:06:19,195 [INFO] Interpreted as: {'position': (1.6624466954381205, 0.2980000954121351), 'latlon': (42.301241233333336, -71.09256656666666), 'heading': 79.8, 'depth': 1.0, 'altitude': 10.0, 'roll': 0.0, 'pitch': 0.0, 'last_fix_time': datetime.datetime(2021, 7, 29, 13, 6, 16), 'speed': None, 'rudder': 0, 'datum': (42.30123818333333, -71.09258663333334)}
2021-07-29 14:06:19,196 [INFO] Processing: $BFNVG,130616.98,4218.074511,N,07105.553753,W,0,10.0,1.0,79.8,0.0,0.0,130616.98*62
2021-07-29 14:06:19,198 [INFO] Interpreted as: {'position': (1.995228989282623, 0.35833368077874184), 'latlon': (42.30124185, -71.09256255), 'heading': 79.8, 'depth': 1.0, 'altitude': 10.0, 'roll': 0.0, 'pitch': 0.0, 'last_fix_time': datetime.datetime(2021, 7, 29, 13, 6, 16), 'speed': None, 'rudder': 0, 'datum': (42.30123818333333, -71.09258663333334)}
2021-07-29 14:06:19,201 [INFO] Processing: $BFNVG,130617.31,4218.074548,N,07105.553511,W,0,10.0,1.0,79.8,0.0,0.0,130617.31*6A
2021-07-29 14:06:19,203 [INFO] Interpreted as: {'position': (2.329385130724404, 0.41863349825143814), 'latlon': (42.301242466666665, -71.09255851666667), 'heading': 79.8, 'depth': 1.0, 'altitude': 10.0, 'roll': 0.0, 'pitch': 0.0, 'last_fix_time': datetime.datetime(2021, 7, 29, 13, 6, 17), 'speed': None, 'rudder': 0, 'datum': (42.30123818333333, -71.09258663333334)}
2021-07-29 14:06:19,204 [INFO] Processing: $BFNVG,130617.63,4218.074585,N,07105.553270,W,0,10.0,1.0,79.8,0.0,0.0,130617.63*6B
2021-07-29 14:06:19,206 [INFO] Interpreted as: {'position': (2.6621674115303904, 0.4789671190083027), 'latlon': (42.30124308333333, -71.0925545), 'heading': 79.8, 'depth': 1.0, 'altitude': 10.0, 'roll': 0.0, 'pitch': 0.0, 'last_fix_time': datetime.datetime(2021, 7, 29, 13, 6, 17), 'speed': None, 'rudder': 0, 'datum': (42.30123818333333, -71.09258663333334)}
2021-07-29 14:06:19,207 [INFO] Processing: $BFNVG,130617.96,4218.074622,N,07105.553029,W,0,10.0,1.0,79.8,0.0,0.0,130617.96*6B
2021-07-29 14:06:19,209 [INFO] Interpreted as: {'position': (2.9949496877379715, 0.5393007528036833), 'latlon': (42.3012437, -71.09255048333333), 'heading': 79.8, 'depth': 1.0, 'altitude': 10.0, 'roll': 0.0, 'pitch': 0.0, 'last_fix_time': datetime.datetime(2021, 7, 29, 13, 6, 17), 'speed': None, 'rudder': 0, 'datum': (42.30123818333333, -71.09258663333334)}
2021-07-29 14:06:19,210 [INFO] Processing: $BFNVG,130618.29,4218.074658,N,07105.552787,W,0,10.0,1.0,79.8,0.0,0.0,130618.29*64
2021-07-29 14:06:19,212 [INFO] Interpreted as: {'position': (3.3290602966444567, 0.5977499205619097), 'latlon': (42.3012443, -71.09254645), 'heading': 79.8, 'depth': 1.0, 'altitude': 10.0, 'roll': 0.0, 'pitch': 0.0, 'last_fix_time': datetime.datetime(2021, 7, 29, 13, 6, 18), 'speed': None, 'rudder': 0, 'datum': (42.30123818333333, -71.09258663333334)}
2021-07-29 14:06:19,213 [INFO] Received from Frontseat: [b'$BFNVG,130615.00,4218.074291,N,07105.555198,W,0,10.0,1.0,79.8,0.0,0.0,130615.00*6A', b'$BFNVG,130615.33,4218.074327,N,07105.554958,W,0,10.0,1.0,79.8,0.0,0.0,130615.33*63', b'$BFNVG,130615.66,4218.074364,N,07105.554719,W,0,10.0,1.0,79.8,0.0,0.0,130615.66*6F', b'$BFNVG,130615.99,4218.074401,N,07105.554477,W,0,10.0,1.0,79.8,0.0,0.0,130615.99*60', b'$BFNVG,130616.32,4218.074437,N,07105.554236,W,0,10.0,1.0,79.8,0.0,0.0,130616.32*66', b'$BFNVG,130616.65,4218.074474,N,07105.553994,W,0,10.0,1.0,79.8,0.0,0.0,130616.65*65', b'$BFNVG,130616.98,4218.074511,N,07105.553753,W,0,10.0,1.0,79.8,0.0,0.0,130616.98*62', b'$BFNVG,130617.31,4218.074548,N,07105.553511,W,0,10.0,1.0,79.8,0.0,0.0,130617.31*6A', b'$BFNVG,130617.63,4218.074585,N,07105.553270,W,0,10.0,1.0,79.8,0.0,0.0,130617.63*6B', b'$BFNVG,130617.96,4218.074622,N,07105.553029,W,0,10.0,1.0,79.8,0.0,0.0,130617.96*6B', b'$BFNVG,130618.29,4218.074658,N,07105.552787,W,0,10.0,1.0,79.8,0.0,0.0,130618.29*64']
2021-07-29 14:06:19,214 [INFO] AUV state: {'position': (3.3290602966444567, 0.5977499205619097), 'latlon': (42.3012443, -71.09254645), 'heading': 79.8, 'depth': 1.0, 'altitude': 10.0, 'roll': 0.0, 'pitch': 0.0, 'last_fix_time': datetime.datetime(2021, 7, 29, 13, 6, 18), 'speed': None, 'rudder': 0, 'datum': (42.30123818333333, -71.09258663333334)}
2021-07-29 14:06:19,558 [INFO] Next green buoy: [], next red buoy: []
2021-07-29 14:06:19,559 [INFO] Desired_heading: 79.8
2021-07-29 14:06:19,559 [INFO] delta angle: 0.0
2021-07-29 14:06:19,560 [INFO] sending message $BPRMB,130620.16,-0.0,1,0,1000,0,1*4e
...
2021-07-29 14:06:20,561 [INFO] sending message $BPSTS,130620.56,1,BWSI Autonomy OK*41
...
2021-07-29 14:06:20,563 [INFO] Processing: $BFNVG,130618.64,4218.074697,N,07105.552536,W,0,10.0,1.0,79.8,0.0,0.0,130618.64*6F
2021-07-29 14:06:20,568 [INFO] Interpreted as: {'position': (3.6756721023702994, 0.6614471329376101), 'latlon': (42.30124495, -71.09254226666667), 'heading': 79.8, 'depth': 1.0, 'altitude': 10.0, 'roll': 0.0, 'pitch': 0.0, 'last_fix_time': datetime.datetime(2021, 7, 29, 13, 6, 18), 'speed': None, 'rudder': 0, 'datum': (42.30123818333333, -71.09258663333334)}
2021-07-29 14:06:20,569 [INFO] Processing: $BFNVG,130618.98,4218.074735,N,07105.552286,W,0,10.0,1.0,79.8,0.0,0.0,130618.98*6A
2021-07-29 14:06:20,572 [INFO] Interpreted as: {'position': (4.020864536054432, 0.7233274504542351), 'latlon': (42.30124558333333, -71.0925381), 'heading': 79.8, 'depth': 1.0, 'altitude': 10.0, 'roll': 0.0, 'pitch': 0.0, 'last_fix_time': datetime.datetime(2021, 7, 29, 13, 6, 18), 'speed': None, 'rudder': 0, 'datum': (42.30123818333333, -71.09258663333334)}
2021-07-29 14:06:20,573 [INFO] Processing: $BFNVG,130619.32,4218.074773,N,07105.552034,W,0,10.0,1.0,79.8,0.0,0.0,130619.32*63
2021-07-29 14:06:20,575 [INFO] Interpreted as: {'position': (4.3688046668539755, 0.7851402163505554), 'latlon': (42.30124621666667, -71.0925339), 'heading': 79.8, 'depth': 1.0, 'altitude': 10.0, 'roll': 0.0, 'pitch': 0.0, 'last_fix_time': datetime.datetime(2021, 7, 29, 13, 6, 19), 'speed': None, 'rudder': 0, 'datum': (42.30123818333333, -71.09258663333334)}
2021-07-29 14:06:20,576 [INFO] Received from Frontseat: [b'$BFNVG,130618.64,4218.074697,N,07105.552536,W,0,10.0,1.0,79.8,0.0,0.0,130618.64*6F', b'$BFNVG,130618.98,4218.074735,N,07105.552286,W,0,10.0,1.0,79.8,0.0,0.0,130618.98*6A', b'$BFNVG,130619.32,4218.074773,N,07105.552034,W,0,10.0,1.0,79.8,0.0,0.0,130619.32*63']
2021-07-29 14:06:20,576 [INFO] AUV state: {'position': (4.3688046668539755, 0.7851402163505554), 'latlon': (42.30124621666667, -71.0925339), 'heading': 79.8, 'depth': 1.0, 'altitude': 10.0, 'roll': 0.0, 'pitch': 0.0, 'last_fix_time': datetime.datetime(2021, 7, 29, 13, 6, 19), 'speed': None, 'rudder': 0, 'datum': (42.30123818333333, -71.09258663333334)}
2021-07-29 14:06:20,932 [INFO] Next green buoy: [], next red buoy: []
2021-07-29 14:06:20,932 [INFO] Desired_heading: 79.8
2021-07-29 14:06:20,933 [INFO] delta angle: 0.0
2021-07-29 14:06:20,933 [INFO] sending message $BPRMB,130620.95,-0.0,1,0,1000,0,1*45
...
2021-07-29 14:06:21,935 [INFO] sending message $BPSTS,130621.93,1,BWSI Autonomy OK*49
...
2021-07-29 14:06:21,937 [INFO] Processing: $BFNVG,130619.66,4218.074812,N,07105.551782,W,0,10.0,1.0,79.8,0.0,0.0,130619.66*62
2021-07-29 14:06:21,939 [INFO] Interpreted as: {'position': (4.716790303296875, 0.8488036943599582), 'latlon': (42.301246866666666, -71.0925297), 'heading': 79.8, 'depth': 1.0, 'altitude': 10.0, 'roll': 0.0, 'pitch': 0.0, 'last_fix_time': datetime.datetime(2021, 7, 29, 13, 6, 19), 'speed': None, 'rudder': 0, 'datum': (42.30123818333333, -71.09258663333334)}
2021-07-29 14:06:21,940 [INFO] Processing: $BFNVG,130620.01,4218.074850,N,07105.551530,W,0,10.0,1.0,79.8,0.0,0.0,130620.01*6F
2021-07-29 14:06:21,942 [INFO] Interpreted as: {'position': (5.06473042210564, 0.9106164928525686), 'latlon': (42.3012475, -71.0925255), 'heading': 79.8, 'depth': 1.0, 'altitude': 10.0, 'roll': 0.0, 'pitch': 0.0, 'last_fix_time': datetime.datetime(2021, 7, 29, 13, 6, 20), 'speed': None, 'rudder': 0, 'datum': (42.30123818333333, -71.09258663333334)}
2021-07-29 14:06:21,943 [INFO] Processing: $BFNVG,130620.35,4218.074889,N,07105.551279,W,0,10.0,1.0,79.8,0.0,0.0,130620.35*61
2021-07-29 14:06:21,945 [INFO] Interpreted as: {'position': (5.411342192150187, 0.9743137899786234), 'latlon': (42.30124815, -71.09252131666666), 'heading': 79.8, 'depth': 1.0, 'altitude': 10.0, 'roll': 0.0, 'pitch': 0.0, 'last_fix_time': datetime.datetime(2021, 7, 29, 13, 6, 20), 'speed': None, 'rudder': 0, 'datum': (42.30123818333333, -71.09258663333334)}
2021-07-29 14:06:21,946 [INFO] Processing: $BFNVG,130620.70,4218.074928,N,07105.551018,W,0,10.0,1.0,79.8,0.0,0.0,130620.70*6E
2021-07-29 14:06:21,948 [INFO] Interpreted as: {'position': (5.771692472975701, 1.0376732619479299), 'latlon': (42.3012488, -71.09251696666666), 'heading': 79.8, 'depth': 1.0, 'altitude': 10.0, 'roll': 0.0, 'pitch': 0.0, 'last_fix_time': datetime.datetime(2021, 7, 29, 13, 6, 20), 'speed': None, 'rudder': 0, 'datum': (42.30123818333333, -71.09258663333334)}
2021-07-29 14:06:21,949 [INFO] Received from Frontseat: [b'$BFNVG,130619.66,4218.074812,N,07105.551782,W,0,10.0,1.0,79.8,0.0,0.0,130619.66*62', b'$BFNVG,130620.01,4218.074850,N,07105.551530,W,0,10.0,1.0,79.8,0.0,0.0,130620.01*6F', b'$BFNVG,130620.35,4218.074889,N,07105.551279,W,0,10.0,1.0,79.8,0.0,0.0,130620.35*61', b'$BFNVG,130620.70,4218.074928,N,07105.551018,W,0,10.0,1.0,79.8,0.0,0.0,130620.70*6E']
2021-07-29 14:06:21,950 [INFO] AUV state: {'position': (5.771692472975701, 1.0376732619479299), 'latlon': (42.3012488, -71.09251696666666), 'heading': 79.8, 'depth': 1.0, 'altitude': 10.0, 'roll': 0.0, 'pitch': 0.0, 'last_fix_time': datetime.datetime(2021, 7, 29, 13, 6, 20), 'speed': None, 'rudder': 0, 'datum': (42.30123818333333, -71.09258663333334)}
2021-07-29 14:06:22,285 [INFO] Next green buoy: [], next red buoy: []
2021-07-29 14:06:22,286 [INFO] Desired_heading: 79.8
2021-07-29 14:06:22,286 [INFO] delta angle: 0.0
2021-07-29 14:06:22,287 [INFO] sending message $BPRMB,130622.91,-0.0,1,0,1000,0,1*43
...
2021-07-29 14:06:23,288 [INFO] sending message $BPSTS,130623.28,1,BWSI Autonomy OK*4b
...
2021-07-29 14:06:23,290 [INFO] Processing: $BFNVG,130621.05,4218.074967,N,07105.550766,W,0,10.0,1.0,79.8,0.0,0.0,130621.05*6A
2021-07-29 14:06:23,292 [INFO] Interpreted as: {'position': (6.1196780785685405, 1.1013368098065257), 'latlon': (42.30124945, -71.09251276666667), 'heading': 79.8, 'depth': 1.0, 'altitude': 10.0, 'roll': 0.0, 'pitch': 0.0, 'last_fix_time': datetime.datetime(2021, 7, 29, 13, 6, 21), 'speed': None, 'rudder': 0, 'datum': (42.30123818333333, -71.09258663333334)}
2021-07-29 14:06:23,294 [INFO] Processing: $BFNVG,130621.39,4218.075005,N,07105.550514,W,0,10.0,1.0,79.8,0.0,0.0,130621.39*61
2021-07-29 14:06:23,296 [INFO] Interpreted as: {'position': (6.467618168913759, 1.1631496781483293), 'latlon': (42.301250083333336, -71.09250856666667), 'heading': 79.8, 'depth': 1.0, 'altitude': 10.0, 'roll': 0.0, 'pitch': 0.0, 'last_fix_time': datetime.datetime(2021, 7, 29, 13, 6, 21), 'speed': None, 'rudder': 0, 'datum': (42.30123818333333, -71.09258663333334)}
2021-07-29 14:06:23,297 [INFO] Processing: $BFNVG,130621.75,4218.075045,N,07105.550255,W,0,10.0,1.0,79.8,0.0,0.0,130621.75*67
2021-07-29 14:06:23,299 [INFO] Interpreted as: {'position': (6.825266235857271, 1.228427467867732), 'latlon': (42.30125075, -71.09250425), 'heading': 79.8, 'depth': 1.0, 'altitude': 10.0, 'roll': 0.0, 'pitch': 0.0, 'last_fix_time': datetime.datetime(2021, 7, 29, 13, 6, 21), 'speed': None, 'rudder': 0, 'datum': (42.30123818333333, -71.09258663333334)}
2021-07-29 14:06:23,300 [INFO] Processing: $BFNVG,130622.09,4218.075083,N,07105.550002,W,0,10.0,1.0,79.8,0.0,0.0,130622.09*6D
2021-07-29 14:06:23,302 [INFO] Interpreted as: {'position': (7.174580161692575, 1.290206586010754), 'latlon': (42.30125138333333, -71.09250003333334), 'heading': 79.8, 'depth': 1.0, 'altitude': 10.0, 'roll': 0.0, 'pitch': 0.0, 'last_fix_time': datetime.datetime(2021, 7, 29, 13, 6, 22), 'speed': None, 'rudder': 0, 'datum': (42.30123818333333, -71.09258663333334)}
2021-07-29 14:06:23,302 [INFO] Received from Frontseat: [b'$BFNVG,130621.05,4218.074967,N,07105.550766,W,0,10.0,1.0,79.8,0.0,0.0,130621.05*6A', b'$BFNVG,130621.39,4218.075005,N,07105.550514,W,0,10.0,1.0,79.8,0.0,0.0,130621.39*61', b'$BFNVG,130621.75,4218.075045,N,07105.550255,W,0,10.0,1.0,79.8,0.0,0.0,130621.75*67', b'$BFNVG,130622.09,4218.075083,N,07105.550002,W,0,10.0,1.0,79.8,0.0,0.0,130622.09*6D']
2021-07-29 14:06:23,303 [INFO] AUV state: {'position': (7.174580161692575, 1.290206586010754), 'latlon': (42.30125138333333, -71.09250003333334), 'heading': 79.8, 'depth': 1.0, 'altitude': 10.0, 'roll': 0.0, 'pitch': 0.0, 'last_fix_time': datetime.datetime(2021, 7, 29, 13, 6, 22), 'speed': None, 'rudder': 0, 'datum': (42.30123818333333, -71.09258663333334)}
2021-07-29 14:06:23,658 [INFO] Next green buoy: [], next red buoy: []
2021-07-29 14:06:23,658 [INFO] Desired_heading: 79.8
2021-07-29 14:06:23,659 [INFO] delta angle: 0.0
2021-07-29 14:06:23,659 [INFO] sending message $BPRMB,130623.65,-0.0,1,0,1000,0,1*49
...
2021-07-29 14:06:24,661 [INFO] sending message $BPSTS,130624.66,1,BWSI Autonomy OK*46
...
2021-07-29 14:06:24,663 [INFO] Processing: $BFNVG,130622.43,4218.075122,N,07105.549751,W,0,10.0,1.0,79.8,0.0,0.0,130622.43*6E
2021-07-29 14:06:24,666 [INFO] Interpreted as: {'position': (7.521191886509769, 1.3539039874449372), 'latlon': (42.301252033333334, -71.09249585), 'heading': 79.8, 'depth': 1.0, 'altitude': 10.0, 'roll': 0.0, 'pitch': 0.0, 'last_fix_time': datetime.datetime(2021, 7, 29, 13, 6, 22), 'speed': None, 'rudder': 0, 'datum': (42.30123818333333, -71.09258663333334)}
2021-07-29 14:06:24,667 [INFO] Processing: $BFNVG,130622.78,4218.075161,N,07105.549493,W,0,10.0,1.0,79.8,0.0,0.0,130622.78*64
2021-07-29 14:06:24,669 [INFO] Interpreted as: {'position': (7.8774205695372075, 1.4173649167641997), 'latlon': (42.30125268333333, -71.09249155), 'heading': 79.8, 'depth': 1.0, 'altitude': 10.0, 'roll': 0.0, 'pitch': 0.0, 'last_fix_time': datetime.datetime(2021, 7, 29, 13, 6, 22), 'speed': None, 'rudder': 0, 'datum': (42.30123818333333, -71.09258663333334)}
2021-07-29 14:06:24,671 [INFO] Processing: $BFNVG,130623.13,4218.075200,N,07105.549241,W,0,10.0,1.0,79.8,0.0,0.0,130623.13*69
2021-07-29 14:06:24,674 [INFO] Interpreted as: {'position': (8.225406133919023, 1.4810285679996014), 'latlon': (42.301253333333335, -71.09248735), 'heading': 79.8, 'depth': 1.0, 'altitude': 10.0, 'roll': 0.0, 'pitch': 0.0, 'last_fix_time': datetime.datetime(2021, 7, 29, 13, 6, 23), 'speed': None, 'rudder': 0, 'datum': (42.30123818333333, -71.09258663333334)}
2021-07-29 14:06:24,675 [INFO] Processing: $BFNVG,130623.47,4218.075238,N,07105.548989,W,0,10.0,1.0,79.8,0.0,0.0,130623.47*6C
2021-07-29 14:06:24,677 [INFO] Interpreted as: {'position': (8.573346179386135, 1.5428415387868881), 'latlon': (42.301253966666664, -71.09248315), 'heading': 79.8, 'depth': 1.0, 'altitude': 10.0, 'roll': 0.0, 'pitch': 0.0, 'last_fix_time': datetime.datetime(2021, 7, 29, 13, 6, 23), 'speed': None, 'rudder': 0, 'datum': (42.30123818333333, -71.09258663333334)}
2021-07-29 14:06:24,678 [INFO] Received from Frontseat: [b'$BFNVG,130622.43,4218.075122,N,07105.549751,W,0,10.0,1.0,79.8,0.0,0.0,130622.43*6E', b'$BFNVG,130622.78,4218.075161,N,07105.549493,W,0,10.0,1.0,79.8,0.0,0.0,130622.78*64', b'$BFNVG,130623.13,4218.075200,N,07105.549241,W,0,10.0,1.0,79.8,0.0,0.0,130623.13*69', b'$BFNVG,130623.47,4218.075238,N,07105.548989,W,0,10.0,1.0,79.8,0.0,0.0,130623.47*6C']
2021-07-29 14:06:24,680 [INFO] AUV state: {'position': (8.573346179386135, 1.5428415387868881), 'latlon': (42.301253966666664, -71.09248315), 'heading': 79.8, 'depth': 1.0, 'altitude': 10.0, 'roll': 0.0, 'pitch': 0.0, 'last_fix_time': datetime.datetime(2021, 7, 29, 13, 6, 23), 'speed': None, 'rudder': 0, 'datum': (42.30123818333333, -71.09258663333334)}
2021-07-29 14:06:25,015 [INFO] Next green buoy: [], next red buoy: []
2021-07-29 14:06:25,016 [INFO] Desired_heading: 79.8
2021-07-29 14:06:25,016 [INFO] delta angle: 0.0
2021-07-29 14:06:25,017 [INFO] sending message $BPRMB,130625.66,-0.0,1,0,1000,0,1*4c
...
2021-07-29 14:06:26,019 [INFO] sending message $BPSTS,130626.01,1,BWSI Autonomy OK*45
...
2021-07-29 14:06:26,020 [INFO] Processing: $BFNVG,130623.82,4218.075276,N,07105.548737,W,0,10.0,1.0,79.8,0.0,0.0,130623.82*6D
2021-07-29 14:06:26,022 [INFO] Interpreted as: {'position': (8.921286219963804, 1.6046545272693038), 'latlon': (42.3012546, -71.09247895), 'heading': 79.8, 'depth': 1.0, 'altitude': 10.0, 'roll': 0.0, 'pitch': 0.0, 'last_fix_time': datetime.datetime(2021, 7, 29, 13, 6, 23), 'speed': None, 'rudder': 0, 'datum': (42.30123818333333, -71.09258663333334)}
2021-07-29 14:06:26,023 [INFO] Processing: $BFNVG,130624.16,4218.075315,N,07105.548483,W,0,10.0,1.0,79.8,0.0,0.0,130624.16*65
2021-07-29 14:06:26,026 [INFO] Interpreted as: {'position': (9.2720194645226, 1.6682506632059813), 'latlon': (42.30125525, -71.09247471666667), 'heading': 79.8, 'depth': 1.0, 'altitude': 10.0, 'roll': 0.0, 'pitch': 0.0, 'last_fix_time': datetime.datetime(2021, 7, 29, 13, 6, 24), 'speed': None, 'rudder': 0, 'datum': (42.30123818333333, -71.09258663333334)}
2021-07-29 14:06:26,027 [INFO] Processing: $BFNVG,130624.50,4218.075354,N,07105.548232,W,0,10.0,1.0,79.8,0.0,0.0,130624.50*6C
2021-07-29 14:06:26,029 [INFO] Interpreted as: {'position': (9.618631148361601, 1.7319481670856476), 'latlon': (42.3012559, -71.09247053333333), 'heading': 79.8, 'depth': 1.0, 'altitude': 10.0, 'roll': 0.0, 'pitch': 0.0, 'last_fix_time': datetime.datetime(2021, 7, 29, 13, 6, 24), 'speed': None, 'rudder': 0, 'datum': (42.30123818333333, -71.09258663333334)}
2021-07-29 14:06:26,030 [INFO] Processing: $BFNVG,130624.85,4218.075392,N,07105.547979,W,0,10.0,1.0,79.8,0.0,0.0,130624.85*6D
2021-07-29 14:06:26,033 [INFO] Interpreted as: {'position': (9.967945019481704, 1.7937274212017655), 'latlon': (42.30125653333333, -71.09246631666667), 'heading': 79.8, 'depth': 1.0, 'altitude': 10.0, 'roll': 0.0, 'pitch': 0.0, 'last_fix_time': datetime.datetime(2021, 7, 29, 13, 6, 24), 'speed': None, 'rudder': 0, 'datum': (42.30123818333333, -71.09258663333334)}
2021-07-29 14:06:26,034 [INFO] Received from Frontseat: [b'$BFNVG,130623.82,4218.075276,N,07105.548737,W,0,10.0,1.0,79.8,0.0,0.0,130623.82*6D', b'$BFNVG,130624.16,4218.075315,N,07105.548483,W,0,10.0,1.0,79.8,0.0,0.0,130624.16*65', b'$BFNVG,130624.50,4218.075354,N,07105.548232,W,0,10.0,1.0,79.8,0.0,0.0,130624.50*6C', b'$BFNVG,130624.85,4218.075392,N,07105.547979,W,0,10.0,1.0,79.8,0.0,0.0,130624.85*6D']
2021-07-29 14:06:26,035 [INFO] AUV state: {'position': (9.967945019481704, 1.7937274212017655), 'latlon': (42.30125653333333, -71.09246631666667), 'heading': 79.8, 'depth': 1.0, 'altitude': 10.0, 'roll': 0.0, 'pitch': 0.0, 'last_fix_time': datetime.datetime(2021, 7, 29, 13, 6, 24), 'speed': None, 'rudder': 0, 'datum': (42.30123818333333, -71.09258663333334)}
2021-07-29 14:06:26,383 [INFO] Next green buoy: [], next red buoy: []
2021-07-29 14:06:26,384 [INFO] Desired_heading: 79.8
2021-07-29 14:06:26,385 [INFO] delta angle: 0.0
2021-07-29 14:06:26,385 [INFO] sending message $BPRMB,130626.37,-0.0,1,0,1000,0,1*4b
...
2021-07-29 14:06:26,809 [ERROR] An error occurred. The stack trace is below.
Traceback (most recent call last):
  File "BWSI_BackSeat.py", line 126, in run
    time.sleep(1/self.__warp)
KeyboardInterrupt
