2021-07-29 04:13:32,182 [INFO] host = 192.168.1.213, port = 29500
2021-07-29 04:13:34,205 [INFO] sending message $BPLOG,ACK,ON*1e
...
2021-07-29 04:13:34,206 [INFO] sending message $BPLOG,ALL,ON*16
...
2021-07-29 04:13:34,208 [INFO] sending message $BPSTS,031334.20,1,BWSI Autonomy OK*40
...
2021-07-29 04:13:34,209 [INFO] Received from Frontseat: []
2021-07-29 04:13:34,210 [INFO] AUV state: {'position': (None, None), 'latlon': None, 'heading': None, 'depth': None, 'altitude': None, 'roll': None, 'pitch': None, 'last_fix_time': None, 'speed': None, 'rudder': 0}
2021-07-29 04:13:34,712 [INFO] sending message $BPSTS,031334.71,1,BWSI Autonomy OK*44
...
2021-07-29 04:13:34,714 [INFO] Processing: $BFNVG,031333.89,4218.000000,N,07106.000000,W,0,10.0,1.0,45.0,0.0,0.0,031333.89*62
2021-07-29 04:13:34,716 [INFO] Interpreted as: {'position': (0, 0), 'latlon': (42.3, -71.1), 'heading': 45.0, 'depth': 1.0, 'altitude': 10.0, 'roll': 0.0, 'pitch': 0.0, 'last_fix_time': datetime.datetime(2021, 7, 29, 3, 13, 33), 'speed': None, 'rudder': 0, 'datum': (42.3, -71.1)}
2021-07-29 04:13:34,718 [INFO] Processing: $BFNVG,031334.14,4218.000000,N,07106.000000,W,0,10.0,1.0,45.0,0.0,0.0,031334.14*62
2021-07-29 04:13:34,720 [INFO] Interpreted as: {'position': (0.0, 0.0), 'latlon': (42.3, -71.1), 'heading': 45.0, 'depth': 1.0, 'altitude': 10.0, 'roll': 0.0, 'pitch': 0.0, 'last_fix_time': datetime.datetime(2021, 7, 29, 3, 13, 34), 'speed': None, 'rudder': 0, 'datum': (42.3, -71.1)}
2021-07-29 04:13:34,721 [INFO] Processing: $BFNVG,031334.39,4218.000000,N,07106.000000,W,0,10.0,1.0,45.0,0.0,0.0,031334.39*62
2021-07-29 04:13:34,723 [INFO] Interpreted as: {'position': (0.0, 0.0), 'latlon': (42.3, -71.1), 'heading': 45.0, 'depth': 1.0, 'altitude': 10.0, 'roll': 0.0, 'pitch': 0.0, 'last_fix_time': datetime.datetime(2021, 7, 29, 3, 13, 34), 'speed': None, 'rudder': 0, 'datum': (42.3, -71.1)}
2021-07-29 04:13:34,724 [INFO] Received from Frontseat: [b'$BFNVG,031333.89,4218.000000,N,07106.000000,W,0,10.0,1.0,45.0,0.0,0.0,031333.89*62', b'$BFNVG,031334.14,4218.000000,N,07106.000000,W,0,10.0,1.0,45.0,0.0,0.0,031334.14*62', b'$BFNVG,031334.39,4218.000000,N,07106.000000,W,0,10.0,1.0,45.0,0.0,0.0,031334.39*62']
2021-07-29 04:13:34,725 [INFO] AUV state: {'position': (0.0, 0.0), 'latlon': (42.3, -71.1), 'heading': 45.0, 'depth': 1.0, 'altitude': 10.0, 'roll': 0.0, 'pitch': 0.0, 'last_fix_time': datetime.datetime(2021, 7, 29, 3, 13, 34), 'speed': None, 'rudder': 0, 'datum': (42.3, -71.1)}
2021-07-29 04:13:35,067 [INFO] **** [(-0.21993023293121178, -7.6862156757158235)] [(15.437560812208067, -7.329055330858309)]
2021-07-29 04:13:35,069 [INFO] Next green buoy: [(-0.21993023293121178, -7.6862156757158235)], next red buoy: [(15.437560812208067, -7.329055330858309)]
2021-07-29 04:13:35,070 [INFO] Desired_heading: 52.60881528963843
2021-07-29 04:13:35,071 [INFO] delta angle: 23.15762804473421
2021-07-29 04:13:35,071 [INFO] sending message $BPRMB,031335.66,-23.15762804473421,1,0,750,0,1*76
...
2021-07-29 04:13:35,573 [INFO] sending message $BPSTS,031335.57,1,BWSI Autonomy OK*41
...
2021-07-29 04:13:35,573 [INFO] Processing: $BFNVG,031334.81,4218.000000,N,07106.000000,W,0,10.0,1.0,45.0,0.0,0.0,031334.81*62
2021-07-29 04:13:35,575 [INFO] Interpreted as: {'position': (0.0, 0.0), 'latlon': (42.3, -71.1), 'heading': 45.0, 'depth': 1.0, 'altitude': 10.0, 'roll': 0.0, 'pitch': 0.0, 'last_fix_time': datetime.datetime(2021, 7, 29, 3, 13, 34), 'speed': None, 'rudder': 0, 'datum': (42.3, -71.1)}
2021-07-29 04:13:35,576 [INFO] Processing: $BFNVG,031335.17,4218.000000,N,07106.000000,W,0,10.0,1.0,45.0,0.0,0.0,031335.17*62
2021-07-29 04:13:35,577 [INFO] Interpreted as: {'position': (0.0, 0.0), 'latlon': (42.3, -71.1), 'heading': 45.0, 'depth': 1.0, 'altitude': 10.0, 'roll': 0.0, 'pitch': 0.0, 'last_fix_time': datetime.datetime(2021, 7, 29, 3, 13, 35), 'speed': None, 'rudder': 0, 'datum': (42.3, -71.1)}
2021-07-29 04:13:35,577 [INFO] Received from Frontseat: [b'$BFNVG,031334.81,4218.000000,N,07106.000000,W,0,10.0,1.0,45.0,0.0,0.0,031334.81*62', b'$BFNVG,031335.17,4218.000000,N,07106.000000,W,0,10.0,1.0,45.0,0.0,0.0,031335.17*62']
2021-07-29 04:13:35,578 [INFO] AUV state: {'position': (0.0, 0.0), 'latlon': (42.3, -71.1), 'heading': 45.0, 'depth': 1.0, 'altitude': 10.0, 'roll': 0.0, 'pitch': 0.0, 'last_fix_time': datetime.datetime(2021, 7, 29, 3, 13, 35), 'speed': None, 'rudder': 0, 'datum': (42.3, -71.1)}
2021-07-29 04:13:35,888 [INFO] **** [(-0.22035521470194389, -7.708961974233651)] [(15.437560812208067, -7.333901112744751)]
2021-07-29 04:13:35,890 [INFO] Next green buoy: [(-0.22035521470194389, -7.708961974233651)], next red buoy: [(15.437560812208067, -7.333901112744751)]
2021-07-29 04:13:35,891 [INFO] Desired_heading: 52.60860279875306
2021-07-29 04:13:35,891 [INFO] delta angle: 23.156334619677168
2021-07-29 04:13:35,892 [INFO] sending message $BPRMB,031335.38,-23.156334619677168,1,0,750,0,1*40
...
2021-07-29 04:13:36,393 [INFO] sending message $BPSTS,031336.39,1,BWSI Autonomy OK*4a
...
2021-07-29 04:13:36,394 [INFO] Processing: $BFNVG,031335.51,4218.000102,N,07105.999866,W,0,10.0,1.0,46.5,0.0,0.0,031335.51*65
2021-07-29 04:13:36,396 [INFO] Interpreted as: {'position': (0.18875844439025968, 0.18422783445566893), 'latlon': (42.3000017, -71.09999776666666), 'heading': 46.5, 'depth': 1.0, 'altitude': 10.0, 'roll': 0.0, 'pitch': 0.0, 'last_fix_time': datetime.datetime(2021, 7, 29, 3, 13, 35), 'speed': None, 'rudder': 0, 'datum': (42.3, -71.1)}
2021-07-29 04:13:36,397 [INFO] Processing: $BFNVG,031335.85,4218.000200,N,07105.999729,W,0,10.0,1.0,48.0,0.0,0.0,031335.85*6B
2021-07-29 04:13:36,398 [INFO] Interpreted as: {'position': (0.3814558321610093, 0.3609511675313115), 'latlon': (42.300003333333336, -71.09999548333333), 'heading': 48.0, 'depth': 1.0, 'altitude': 10.0, 'roll': 0.0, 'pitch': 0.0, 'last_fix_time': datetime.datetime(2021, 7, 29, 3, 13, 35), 'speed': None, 'rudder': 0, 'datum': (42.3, -71.1)}
2021-07-29 04:13:36,399 [INFO] Received from Frontseat: [b'$BFNVG,031335.51,4218.000102,N,07105.999866,W,0,10.0,1.0,46.5,0.0,0.0,031335.51*65', b'$BFNVG,031335.85,4218.000200,N,07105.999729,W,0,10.0,1.0,48.0,0.0,0.0,031335.85*6B']
2021-07-29 04:13:36,400 [INFO] AUV state: {'position': (0.3814558321610093, 0.3609511675313115), 'latlon': (42.300003333333336, -71.09999548333333), 'heading': 48.0, 'depth': 1.0, 'altitude': 10.0, 'roll': 0.0, 'pitch': 0.0, 'last_fix_time': datetime.datetime(2021, 7, 29, 3, 13, 35), 'speed': None, 'rudder': 0, 'datum': (42.3, -71.1)}
2021-07-29 04:13:36,708 [INFO] **** [(-3.686324714058171, -8.276430275913926)] [(13.17134205469411, -7.930244458942568)]
2021-07-29 04:13:36,710 [INFO] Next green buoy: [(-3.686324714058171, -8.276430275913926)], next red buoy: [(13.17134205469411, -7.930244458942568)]
2021-07-29 04:13:36,710 [INFO] Desired_heading: 52.74250867031797
2021-07-29 04:13:36,711 [INFO] delta angle: 8.996555395216436
2021-07-29 04:13:36,711 [INFO] sending message $BPRMB,031338.40,-8.996555395216436,1,0,750,0,1*72
...
2021-07-29 04:13:37,213 [INFO] sending message $BPSTS,031337.21,1,BWSI Autonomy OK*42
...
2021-07-29 04:13:37,213 [INFO] Processing: $BFNVG,031336.19,4218.000297,N,07105.999589,W,0,10.0,1.0,49.4,0.0,0.0,031336.19*68
2021-07-29 04:13:37,215 [INFO] Interpreted as: {'position': (0.5782291775103658, 0.5357220936566591), 'latlon': (42.30000495, -71.09999315), 'heading': 49.4, 'depth': 1.0, 'altitude': 10.0, 'roll': 0.0, 'pitch': 0.0, 'last_fix_time': datetime.datetime(2021, 7, 29, 3, 13, 36), 'speed': None, 'rudder': 0, 'datum': (42.3, -71.1)}
2021-07-29 04:13:37,215 [INFO] Processing: $BFNVG,031336.53,4218.000390,N,07105.999446,W,0,10.0,1.0,50.9,0.0,0.0,031336.53*69
2021-07-29 04:13:37,217 [INFO] Interpreted as: {'position': (0.7789414645521902, 0.7029885221272707), 'latlon': (42.3000065, -71.09999076666666), 'heading': 50.9, 'depth': 1.0, 'altitude': 10.0, 'roll': 0.0, 'pitch': 0.0, 'last_fix_time': datetime.datetime(2021, 7, 29, 3, 13, 36), 'speed': None, 'rudder': 0, 'datum': (42.3, -71.1)}
2021-07-29 04:13:37,217 [INFO] Received from Frontseat: [b'$BFNVG,031336.19,4218.000297,N,07105.999589,W,0,10.0,1.0,49.4,0.0,0.0,031336.19*68', b'$BFNVG,031336.53,4218.000390,N,07105.999446,W,0,10.0,1.0,50.9,0.0,0.0,031336.53*69']
2021-07-29 04:13:37,218 [INFO] AUV state: {'position': (0.7789414645521902, 0.7029885221272707), 'latlon': (42.3000065, -71.09999076666666), 'heading': 50.9, 'depth': 1.0, 'altitude': 10.0, 'roll': 0.0, 'pitch': 0.0, 'last_fix_time': datetime.datetime(2021, 7, 29, 3, 13, 36), 'speed': None, 'rudder': 0, 'datum': (42.3, -71.1)}
2021-07-29 04:13:37,521 [INFO] **** [(-7.27574478649174, -8.76664173882845)] [(10.9473729702117, -8.456499285622245)]
2021-07-29 04:13:37,523 [INFO] Next green buoy: [(-7.27574478649174, -8.76664173882845)], next red buoy: [(10.9473729702117, -8.456499285622245)]
2021-07-29 04:13:37,524 [INFO] Desired_heading: 52.73581409185998
2021-07-29 04:13:37,524 [INFO] delta angle: 1.3480853519486735
2021-07-29 04:13:37,525 [INFO] sending message $BPRMB,031334.83,-1.3480853519486735,1,0,750,0,1*47
...
2021-07-29 04:13:38,026 [INFO] sending message $BPSTS,031338.02,1,BWSI Autonomy OK*4c
...
2021-07-29 04:13:38,027 [INFO] Processing: $BFNVG,031336.86,4218.000480,N,07105.999300,W,0,10.0,1.0,52.4,0.0,0.0,031336.86*65
2021-07-29 04:13:38,028 [INFO] Interpreted as: {'position': (0.983638365403749, 0.86460115108639), 'latlon': (42.300008, -71.09998833333333), 'heading': 52.4, 'depth': 1.0, 'altitude': 10.0, 'roll': 0.0, 'pitch': 0.0, 'last_fix_time': datetime.datetime(2021, 7, 29, 3, 13, 36), 'speed': None, 'rudder': 0, 'datum': (42.3, -71.1)}
2021-07-29 04:13:38,029 [INFO] Processing: $BFNVG,031337.21,4218.000569,N,07105.999150,W,0,10.0,1.0,53.0,0.0,0.0,031337.21*61
2021-07-29 04:13:38,031 [INFO] Interpreted as: {'position': (1.1937851033871993, 1.024227469228208), 'latlon': (42.30000948333333, -71.09998583333333), 'heading': 53.0, 'depth': 1.0, 'altitude': 10.0, 'roll': 0.0, 'pitch': 0.0, 'last_fix_time': datetime.datetime(2021, 7, 29, 3, 13, 37), 'speed': None, 'rudder': 0, 'datum': (42.3, -71.1)}
2021-07-29 04:13:38,031 [INFO] Received from Frontseat: [b'$BFNVG,031336.86,4218.000480,N,07105.999300,W,0,10.0,1.0,52.4,0.0,0.0,031336.86*65', b'$BFNVG,031337.21,4218.000569,N,07105.999150,W,0,10.0,1.0,53.0,0.0,0.0,031337.21*61']
2021-07-29 04:13:38,032 [INFO] AUV state: {'position': (1.1937851033871993, 1.024227469228208), 'latlon': (42.30000948333333, -71.09998583333333), 'heading': 53.0, 'depth': 1.0, 'altitude': 10.0, 'roll': 0.0, 'pitch': 0.0, 'last_fix_time': datetime.datetime(2021, 7, 29, 3, 13, 37), 'speed': None, 'rudder': 0, 'datum': (42.3, -71.1)}
2021-07-29 04:13:38,336 [INFO] **** [(-10.216955099792377, -9.461812820895377)] [(9.42243513901589, -9.147311362160956)]
2021-07-29 04:13:38,338 [INFO] Next green buoy: [(-10.216955099792377, -9.461812820895377)], next red buoy: [(9.42243513901589, -9.147311362160956)]
2021-07-29 04:13:38,339 [INFO] Desired_heading: 52.60274001961176
2021-07-29 04:13:38,339 [INFO] delta angle: -0.0631261968072181
2021-07-29 04:13:38,339 [INFO] sending message $BPRMB,031344.41,0.0631261968072181,1,0,750,0,1*6e
...
2021-07-29 04:13:38,841 [INFO] sending message $BPSTS,031338.84,1,BWSI Autonomy OK*42
...
2021-07-29 04:13:38,841 [INFO] Processing: $BFNVG,031337.54,4218.000656,N,07105.999001,W,0,10.0,1.0,53.5,0.0,0.0,031337.54*6E
2021-07-29 04:13:38,843 [INFO] Interpreted as: {'position': (1.4024666087934747, 1.1801863024011254), 'latlon': (42.30001093333333, -71.09998335), 'heading': 53.5, 'depth': 1.0, 'altitude': 10.0, 'roll': 0.0, 'pitch': 0.0, 'last_fix_time': datetime.datetime(2021, 7, 29, 3, 13, 37), 'speed': None, 'rudder': 0, 'datum': (42.3, -71.1)}
2021-07-29 04:13:38,844 [INFO] Processing: $BFNVG,031337.89,4218.000743,N,07105.998850,W,0,10.0,1.0,53.6,0.0,0.0,031337.89*65
2021-07-29 04:13:38,845 [INFO] Interpreted as: {'position': (1.6138958659721538, 1.336077332496643), 'latlon': (42.30001238333333, -71.09998083333333), 'heading': 53.6, 'depth': 1.0, 'altitude': 10.0, 'roll': 0.0, 'pitch': 0.0, 'last_fix_time': datetime.datetime(2021, 7, 29, 3, 13, 37), 'speed': None, 'rudder': 0, 'datum': (42.3, -71.1)}
2021-07-29 04:13:38,846 [INFO] Processing: $BFNVG,031338.22,4218.000830,N,07105.998699,W,0,10.0,1.0,53.7,0.0,0.0,031338.22*64
2021-07-29 04:13:38,847 [INFO] Interpreted as: {'position': (1.825325111625716, 1.4919683709740639), 'latlon': (42.30001383333333, -71.09997831666666), 'heading': 53.7, 'depth': 1.0, 'altitude': 10.0, 'roll': 0.0, 'pitch': 0.0, 'last_fix_time': datetime.datetime(2021, 7, 29, 3, 13, 38), 'speed': None, 'rudder': 0, 'datum': (42.3, -71.1)}
2021-07-29 04:13:38,848 [INFO] Received from Frontseat: [b'$BFNVG,031337.54,4218.000656,N,07105.999001,W,0,10.0,1.0,53.5,0.0,0.0,031337.54*6E', b'$BFNVG,031337.89,4218.000743,N,07105.998850,W,0,10.0,1.0,53.6,0.0,0.0,031337.89*65', b'$BFNVG,031338.22,4218.000830,N,07105.998699,W,0,10.0,1.0,53.7,0.0,0.0,031338.22*64']
2021-07-29 04:13:38,849 [INFO] AUV state: {'position': (1.825325111625716, 1.4919683709740639), 'latlon': (42.30001383333333, -71.09997831666666), 'heading': 53.7, 'depth': 1.0, 'altitude': 10.0, 'roll': 0.0, 'pitch': 0.0, 'last_fix_time': datetime.datetime(2021, 7, 29, 3, 13, 38), 'speed': None, 'rudder': 0, 'datum': (42.3, -71.1)}
2021-07-29 04:13:39,151 [INFO] **** [(-12.530054950640126, -10.87556534776102)] [(9.78814611325325, -10.308800975636595)]
2021-07-29 04:13:39,153 [INFO] Next green buoy: [(-12.530054950640126, -10.87556534776102)], next red buoy: [(9.78814611325325, -10.308800975636595)]
2021-07-29 04:13:39,153 [INFO] Desired_heading: 52.329045581306566
2021-07-29 04:13:39,154 [INFO] delta angle: -0.7518064072540369
2021-07-29 04:13:39,154 [INFO] sending message $BPRMB,031327.70,0.7518064072540369,1,0,750,0,1*63
...
2021-07-29 04:13:39,655 [INFO] sending message $BPSTS,031339.65,1,BWSI Autonomy OK*4c
...
2021-07-29 04:13:39,656 [INFO] Processing: $BFNVG,031338.56,4218.000916,N,07105.998549,W,0,10.0,1.0,53.8,0.0,0.0,031338.56*60
2021-07-29 04:13:39,663 [INFO] Interpreted as: {'position': (2.0353347968193702, 1.6460426216945052), 'latlon': (42.30001526666667, -71.09997581666667), 'heading': 53.8, 'depth': 1.0, 'altitude': 10.0, 'roll': 0.0, 'pitch': 0.0, 'last_fix_time': datetime.datetime(2021, 7, 29, 3, 13, 38), 'speed': None, 'rudder': 0, 'datum': (42.3, -71.1)}
2021-07-29 04:13:39,664 [INFO] Processing: $BFNVG,031338.90,4218.001002,N,07105.998398,W,0,10.0,1.0,53.8,0.0,0.0,031338.90*67
2021-07-29 04:13:39,665 [INFO] Interpreted as: {'position': (2.24671835207846, 1.8000829722732306), 'latlon': (42.3000167, -71.0999733), 'heading': 53.8, 'depth': 1.0, 'altitude': 10.0, 'roll': 0.0, 'pitch': 0.0, 'last_fix_time': datetime.datetime(2021, 7, 29, 3, 13, 38), 'speed': None, 'rudder': 0, 'datum': (42.3, -71.1)}
2021-07-29 04:13:39,666 [INFO] Received from Frontseat: [b'$BFNVG,031338.56,4218.000916,N,07105.998549,W,0,10.0,1.0,53.8,0.0,0.0,031338.56*60', b'$BFNVG,031338.90,4218.001002,N,07105.998398,W,0,10.0,1.0,53.8,0.0,0.0,031338.90*67']
2021-07-29 04:13:39,667 [INFO] AUV state: {'position': (2.24671835207846, 1.8000829722732306), 'latlon': (42.3000167, -71.0999733), 'heading': 53.8, 'depth': 1.0, 'altitude': 10.0, 'roll': 0.0, 'pitch': 0.0, 'last_fix_time': datetime.datetime(2021, 7, 29, 3, 13, 38), 'speed': None, 'rudder': 0, 'datum': (42.3, -71.1)}
2021-07-29 04:13:39,976 [INFO] **** [(-13.842979242918446, -11.924431532173877)] [(10.575283968012352, -11.403775670797677)]
2021-07-29 04:13:39,978 [INFO] Next green buoy: [(-13.842979242918446, -11.924431532173877)], next red buoy: [(10.575283968012352, -11.403775670797677)]
2021-07-29 04:13:39,978 [INFO] Desired_heading: 52.16615236254695
2021-07-29 04:13:39,979 [INFO] delta angle: -1.0677832409643315
2021-07-29 04:13:39,979 [INFO] sending message $BPRMB,031403.56,1.0677832409643315,1,0,750,0,1*62
...
2021-07-29 04:13:40,480 [INFO] sending message $BPSTS,031340.48,1,BWSI Autonomy OK*4d
...
2021-07-29 04:13:40,481 [INFO] Processing: $BFNVG,031339.24,4218.001089,N,07105.998247,W,0,10.0,1.0,53.8,0.0,0.0,031339.24*67
2021-07-29 04:13:40,482 [INFO] Interpreted as: {'position': (2.4581475716549903, 1.9559740284457803), 'latlon': (42.30001815, -71.09997078333333), 'heading': 53.8, 'depth': 1.0, 'altitude': 10.0, 'roll': 0.0, 'pitch': 0.0, 'last_fix_time': datetime.datetime(2021, 7, 29, 3, 13, 39), 'speed': None, 'rudder': 0, 'datum': (42.3, -71.1)}
2021-07-29 04:13:40,483 [INFO] Processing: $BFNVG,031339.58,4218.001175,N,07105.998097,W,0,10.0,1.0,53.7,0.0,0.0,031339.58*65
2021-07-29 04:13:40,485 [INFO] Interpreted as: {'position': (2.6681572267552838, 2.110048297792673), 'latlon': (42.30001958333333, -71.09996828333334), 'heading': 53.7, 'depth': 1.0, 'altitude': 10.0, 'roll': 0.0, 'pitch': 0.0, 'last_fix_time': datetime.datetime(2021, 7, 29, 3, 13, 39), 'speed': None, 'rudder': 0, 'datum': (42.3, -71.1)}
2021-07-29 04:13:40,486 [INFO] Processing: $BFNVG,031339.93,4218.001264,N,07105.997942,W,0,10.0,1.0,53.7,0.0,0.0,031339.93*68
2021-07-29 04:13:40,487 [INFO] Interpreted as: {'position': (2.8851732875336893, 2.2695051413029432), 'latlon': (42.300021066666666, -71.0999657), 'heading': 53.7, 'depth': 1.0, 'altitude': 10.0, 'roll': 0.0, 'pitch': 0.0, 'last_fix_time': datetime.datetime(2021, 7, 29, 3, 13, 39), 'speed': None, 'rudder': 0, 'datum': (42.3, -71.1)}
2021-07-29 04:13:40,488 [INFO] Received from Frontseat: [b'$BFNVG,031339.24,4218.001089,N,07105.998247,W,0,10.0,1.0,53.8,0.0,0.0,031339.24*67', b'$BFNVG,031339.58,4218.001175,N,07105.998097,W,0,10.0,1.0,53.7,0.0,0.0,031339.58*65', b'$BFNVG,031339.93,4218.001264,N,07105.997942,W,0,10.0,1.0,53.7,0.0,0.0,031339.93*68']
2021-07-29 04:13:40,489 [INFO] AUV state: {'position': (2.8851732875336893, 2.2695051413029432), 'latlon': (42.300021066666666, -71.0999657), 'heading': 53.7, 'depth': 1.0, 'altitude': 10.0, 'roll': 0.0, 'pitch': 0.0, 'last_fix_time': datetime.datetime(2021, 7, 29, 3, 13, 39), 'speed': None, 'rudder': 0, 'datum': (42.3, -71.1)}
2021-07-29 04:13:40,824 [INFO] **** [(-16.210113729992962, -13.965200774527448)] [(12.500969581956445, -13.213710975846894), (-10.783886484556826, -4.488233033714938)]
2021-07-29 04:13:40,827 [INFO] Next green buoy: [(-16.210113729992962, -13.965200774527448)], next red buoy: [(12.500969581956445, -13.213710975846894), (-10.783886484556826, -4.488233033714938)]
2021-07-29 04:13:40,827 [INFO] Desired_heading: 51.845427925981745
2021-07-29 04:13:40,828 [INFO] delta angle: -1.3757750310913366
2021-07-29 04:13:40,828 [INFO] sending message $BPRMB,031254.31,1.3757750310913366,1,0,750,0,1*6d
...
2021-07-29 04:13:41,329 [INFO] sending message $BPSTS,031341.32,1,BWSI Autonomy OK*41
...
2021-07-29 04:13:41,330 [INFO] Processing: $BFNVG,031340.27,4218.001352,N,07105.997788,W,0,10.0,1.0,53.6,0.0,0.0,031340.27*65
2021-07-29 04:13:41,331 [INFO] Interpreted as: {'position': (3.100769785756711, 2.427145198918879), 'latlon': (42.30002253333333, -71.09996313333333), 'heading': 53.6, 'depth': 1.0, 'altitude': 10.0, 'roll': 0.0, 'pitch': 0.0, 'last_fix_time': datetime.datetime(2021, 7, 29, 3, 13, 40), 'speed': None, 'rudder': 0, 'datum': (42.3, -71.1)}
2021-07-29 04:13:41,331 [INFO] Processing: $BFNVG,031340.62,4218.001441,N,07105.997634,W,0,10.0,1.0,53.6,0.0,0.0,031340.62*66
2021-07-29 04:13:41,332 [INFO] Interpreted as: {'position': (3.3164119453867897, 2.586635960265994), 'latlon': (42.30002401666667, -71.09996056666667), 'heading': 53.6, 'depth': 1.0, 'altitude': 10.0, 'roll': 0.0, 'pitch': 0.0, 'last_fix_time': datetime.datetime(2021, 7, 29, 3, 13, 40), 'speed': None, 'rudder': 0, 'datum': (42.3, -71.1)}
2021-07-29 04:13:41,333 [INFO] Received from Frontseat: [b'$BFNVG,031340.27,4218.001352,N,07105.997788,W,0,10.0,1.0,53.6,0.0,0.0,031340.27*65', b'$BFNVG,031340.62,4218.001441,N,07105.997634,W,0,10.0,1.0,53.6,0.0,0.0,031340.62*66']
2021-07-29 04:13:41,333 [INFO] AUV state: {'position': (3.3164119453867897, 2.586635960265994), 'latlon': (42.30002401666667, -71.09996056666667), 'heading': 53.6, 'depth': 1.0, 'altitude': 10.0, 'roll': 0.0, 'pitch': 0.0, 'last_fix_time': datetime.datetime(2021, 7, 29, 3, 13, 40), 'speed': None, 'rudder': 0, 'datum': (42.3, -71.1)}
2021-07-29 04:13:41,670 [INFO] **** [(-18.169370721511154, -15.926610013481504)] [(14.139382721666083, -15.010041361059809), (-11.076417678540647, -4.595925325079755)]
2021-07-29 04:13:41,672 [INFO] Next green buoy: [(-18.169370721511154, -15.926610013481504)], next red buoy: [(14.139382721666083, -15.010041361059809), (-11.076417678540647, -4.595925325079755)]
2021-07-29 04:13:41,673 [INFO] Desired_heading: 51.58500600007746
2021-07-29 04:13:41,673 [INFO] delta angle: -1.6240803278895442
2021-07-29 04:13:41,674 [INFO] sending message $BPRMB,031515.35,1.6240803278895442,1,0,750,0,1*65
...
