2021-07-29 04:16:50,467 [INFO] host = 192.168.1.213, port = 29500
2021-07-29 04:16:54,577 [INFO] sending message $BPLOG,ACK,ON*1e
...
2021-07-29 04:16:54,579 [INFO] sending message $BPLOG,ALL,ON*16
...
2021-07-29 04:16:54,580 [INFO] sending message $BPSTS,031654.58,1,BWSI Autonomy OK*4c
...
2021-07-29 04:16:54,581 [INFO] Received from Frontseat: []
2021-07-29 04:16:54,582 [INFO] AUV state: {'position': (None, None), 'latlon': None, 'heading': None, 'depth': None, 'altitude': None, 'roll': None, 'pitch': None, 'last_fix_time': None, 'speed': None, 'rudder': 0}
2021-07-29 04:16:55,584 [INFO] sending message $BPSTS,031655.58,1,BWSI Autonomy OK*4d
...
2021-07-29 04:16:55,585 [INFO] Processing: $BFNVG,031654.50,4218.000000,N,07106.000000,W,0,10.0,1.0,45.0,0.0,0.0,031654.50*62
2021-07-29 04:16:55,588 [INFO] Interpreted as: {'position': (0, 0), 'latlon': (42.3, -71.1), 'heading': 45.0, 'depth': 1.0, 'altitude': 10.0, 'roll': 0.0, 'pitch': 0.0, 'last_fix_time': datetime.datetime(2021, 7, 29, 3, 16, 54), 'speed': None, 'rudder': 0, 'datum': (42.3, -71.1)}
2021-07-29 04:16:55,589 [INFO] Processing: $BFNVG,031654.75,4218.000000,N,07106.000000,W,0,10.0,1.0,45.0,0.0,0.0,031654.75*62
2021-07-29 04:16:55,591 [INFO] Interpreted as: {'position': (0.0, 0.0), 'latlon': (42.3, -71.1), 'heading': 45.0, 'depth': 1.0, 'altitude': 10.0, 'roll': 0.0, 'pitch': 0.0, 'last_fix_time': datetime.datetime(2021, 7, 29, 3, 16, 54), 'speed': None, 'rudder': 0, 'datum': (42.3, -71.1)}
2021-07-29 04:16:55,592 [INFO] Processing: $BFNVG,031655.16,4218.000000,N,07106.000000,W,0,10.0,1.0,45.0,0.0,0.0,031655.16*62
2021-07-29 04:16:55,594 [INFO] Interpreted as: {'position': (0.0, 0.0), 'latlon': (42.3, -71.1), 'heading': 45.0, 'depth': 1.0, 'altitude': 10.0, 'roll': 0.0, 'pitch': 0.0, 'last_fix_time': datetime.datetime(2021, 7, 29, 3, 16, 55), 'speed': None, 'rudder': 0, 'datum': (42.3, -71.1)}
2021-07-29 04:16:55,595 [INFO] Received from Frontseat: [b'$BFNVG,031654.50,4218.000000,N,07106.000000,W,0,10.0,1.0,45.0,0.0,0.0,031654.50*62', b'$BFNVG,031654.75,4218.000000,N,07106.000000,W,0,10.0,1.0,45.0,0.0,0.0,031654.75*62', b'$BFNVG,031655.16,4218.000000,N,07106.000000,W,0,10.0,1.0,45.0,0.0,0.0,031655.16*62']
2021-07-29 04:16:55,595 [INFO] AUV state: {'position': (0.0, 0.0), 'latlon': (42.3, -71.1), 'heading': 45.0, 'depth': 1.0, 'altitude': 10.0, 'roll': 0.0, 'pitch': 0.0, 'last_fix_time': datetime.datetime(2021, 7, 29, 3, 16, 55), 'speed': None, 'rudder': 0, 'datum': (42.3, -71.1)}
2021-07-29 04:16:55,934 [INFO] **** [(-0.21993023293121178, -7.6862156757158235)] [(15.437560812208067, -7.329055330858309)]
2021-07-29 04:16:55,936 [INFO] Next green buoy: [(-0.21993023293121178, -7.6862156757158235)], next red buoy: [(15.437560812208067, -7.329055330858309)]
2021-07-29 04:16:55,937 [INFO] Desired_heading: 52.60881528963843
2021-07-29 04:16:55,937 [INFO] delta angle: 8.424711597961833
2021-07-29 04:16:55,937 [INFO] sending message $BPRMB,031656.57,-8.424711597961833,1,0,750,0,1*79
...
2021-07-29 04:16:56,939 [INFO] sending message $BPSTS,031656.93,1,BWSI Autonomy OK*49
...
2021-07-29 04:16:56,940 [INFO] Processing: $BFNVG,031655.49,4218.000000,N,07106.000000,W,0,10.0,1.0,45.0,0.0,0.0,031655.49*62
2021-07-29 04:16:56,942 [INFO] Interpreted as: {'position': (0.0, 0.0), 'latlon': (42.3, -71.1), 'heading': 45.0, 'depth': 1.0, 'altitude': 10.0, 'roll': 0.0, 'pitch': 0.0, 'last_fix_time': datetime.datetime(2021, 7, 29, 3, 16, 55), 'speed': None, 'rudder': 0, 'datum': (42.3, -71.1)}
2021-07-29 04:16:56,943 [INFO] Processing: $BFNVG,031655.83,4218.000000,N,07106.000000,W,0,10.0,1.0,45.0,0.0,0.0,031655.83*62
2021-07-29 04:16:56,945 [INFO] Interpreted as: {'position': (0.0, 0.0), 'latlon': (42.3, -71.1), 'heading': 45.0, 'depth': 1.0, 'altitude': 10.0, 'roll': 0.0, 'pitch': 0.0, 'last_fix_time': datetime.datetime(2021, 7, 29, 3, 16, 55), 'speed': None, 'rudder': 0, 'datum': (42.3, -71.1)}
2021-07-29 04:16:56,946 [INFO] Received from Frontseat: [b'$BFNVG,031655.49,4218.000000,N,07106.000000,W,0,10.0,1.0,45.0,0.0,0.0,031655.49*62', b'$BFNVG,031655.83,4218.000000,N,07106.000000,W,0,10.0,1.0,45.0,0.0,0.0,031655.83*62']
2021-07-29 04:16:56,947 [INFO] AUV state: {'position': (0.0, 0.0), 'latlon': (42.3, -71.1), 'heading': 45.0, 'depth': 1.0, 'altitude': 10.0, 'roll': 0.0, 'pitch': 0.0, 'last_fix_time': datetime.datetime(2021, 7, 29, 3, 16, 55), 'speed': None, 'rudder': 0, 'datum': (42.3, -71.1)}
2021-07-29 04:16:57,254 [INFO] **** [(-0.22035521470194389, -7.708961974233651)] [(15.437560812208067, -7.333901112744751)]
2021-07-29 04:16:57,257 [INFO] Next green buoy: [(-0.22035521470194389, -7.708961974233651)], next red buoy: [(15.437560812208067, -7.333901112744751)]
2021-07-29 04:16:57,257 [INFO] Desired_heading: 52.60860279875306
2021-07-29 04:16:57,258 [INFO] delta angle: 8.42441750352844
2021-07-29 04:16:57,258 [INFO] sending message $BPRMB,031657.30,-8.42441750352844,1,0,750,0,1*48
...
2021-07-29 04:16:58,260 [INFO] sending message $BPSTS,031658.26,1,BWSI Autonomy OK*49
...
2021-07-29 04:16:58,261 [INFO] Processing: $BFNVG,031656.16,4218.000000,N,07106.000000,W,0,10.0,1.0,45.0,0.0,0.0,031656.16*62
2021-07-29 04:16:58,263 [INFO] Interpreted as: {'position': (0.0, 0.0), 'latlon': (42.3, -71.1), 'heading': 45.0, 'depth': 1.0, 'altitude': 10.0, 'roll': 0.0, 'pitch': 0.0, 'last_fix_time': datetime.datetime(2021, 7, 29, 3, 16, 56), 'speed': None, 'rudder': 0, 'datum': (42.3, -71.1)}
2021-07-29 04:16:58,264 [INFO] Processing: $BFNVG,031656.50,4218.000102,N,07105.999868,W,0,10.0,1.0,45.5,0.0,0.0,031656.50*68
2021-07-29 04:16:58,266 [INFO] Interpreted as: {'position': (0.1860106848180294, 0.18429564405232668), 'latlon': (42.3000017, -71.0999978), 'heading': 45.5, 'depth': 1.0, 'altitude': 10.0, 'roll': 0.0, 'pitch': 0.0, 'last_fix_time': datetime.datetime(2021, 7, 29, 3, 16, 56), 'speed': None, 'rudder': 0, 'datum': (42.3, -71.1)}
2021-07-29 04:16:58,267 [INFO] Processing: $BFNVG,031656.84,4218.000202,N,07105.999735,W,0,10.0,1.0,46.1,0.0,0.0,031656.84*6B
2021-07-29 04:16:58,269 [INFO] Interpreted as: {'position': (0.3733038977952674, 0.3648559907451272), 'latlon': (42.300003366666665, -71.09999558333334), 'heading': 46.1, 'depth': 1.0, 'altitude': 10.0, 'roll': 0.0, 'pitch': 0.0, 'last_fix_time': datetime.datetime(2021, 7, 29, 3, 16, 56), 'speed': None, 'rudder': 0, 'datum': (42.3, -71.1)}
2021-07-29 04:16:58,270 [INFO] Processing: $BFNVG,031657.18,4218.000301,N,07105.999602,W,0,10.0,1.0,46.6,0.0,0.0,031657.18*6B
2021-07-29 04:16:58,272 [INFO] Interpreted as: {'position': (0.5605514292255975, 0.5435656476765871), 'latlon': (42.30000501666667, -71.09999336666667), 'heading': 46.6, 'depth': 1.0, 'altitude': 10.0, 'roll': 0.0, 'pitch': 0.0, 'last_fix_time': datetime.datetime(2021, 7, 29, 3, 16, 57), 'speed': None, 'rudder': 0, 'datum': (42.3, -71.1)}
2021-07-29 04:16:58,273 [INFO] Received from Frontseat: [b'$BFNVG,031656.16,4218.000000,N,07106.000000,W,0,10.0,1.0,45.0,0.0,0.0,031656.16*62', b'$BFNVG,031656.50,4218.000102,N,07105.999868,W,0,10.0,1.0,45.5,0.0,0.0,031656.50*68', b'$BFNVG,031656.84,4218.000202,N,07105.999735,W,0,10.0,1.0,46.1,0.0,0.0,031656.84*6B', b'$BFNVG,031657.18,4218.000301,N,07105.999602,W,0,10.0,1.0,46.6,0.0,0.0,031657.18*6B']
2021-07-29 04:16:58,274 [INFO] AUV state: {'position': (0.5605514292255975, 0.5435656476765871), 'latlon': (42.30000501666667, -71.09999336666667), 'heading': 46.6, 'depth': 1.0, 'altitude': 10.0, 'roll': 0.0, 'pitch': 0.0, 'last_fix_time': datetime.datetime(2021, 7, 29, 3, 16, 57), 'speed': None, 'rudder': 0, 'datum': (42.3, -71.1)}
2021-07-29 04:16:58,576 [INFO] **** [(-2.138578264204183, -8.4954771621396)] [(15.212238758689793, -8.242677651540918)]
2021-07-29 04:16:58,578 [INFO] Next green buoy: [(-2.138578264204183, -8.4954771621396)], next red buoy: [(15.212238758689793, -8.242677651540918)]
2021-07-29 04:16:58,578 [INFO] Desired_heading: 53.136830247242806
2021-07-29 04:16:58,579 [INFO] delta angle: 6.968154152815664
2021-07-29 04:16:58,579 [INFO] sending message $BPRMB,031659.21,-6.968154152815664,1,0,750,0,1*78
...
2021-07-29 04:16:59,581 [INFO] sending message $BPSTS,031659.58,1,BWSI Autonomy OK*41
...
2021-07-29 04:16:59,587 [INFO] Processing: $BFNVG,031657.51,4218.000400,N,07105.999467,W,0,10.0,1.0,47.1,0.0,0.0,031657.51*6A
2021-07-29 04:16:59,589 [INFO] Interpreted as: {'position': (0.7505467105656862, 0.7222074968740344), 'latlon': (42.30000666666667, -71.09999111666667), 'heading': 47.1, 'depth': 1.0, 'altitude': 10.0, 'roll': 0.0, 'pitch': 0.0, 'last_fix_time': datetime.datetime(2021, 7, 29, 3, 16, 57), 'speed': None, 'rudder': 0, 'datum': (42.3, -71.1)}
2021-07-29 04:16:59,590 [INFO] Processing: $BFNVG,031657.85,4218.000498,N,07105.999331,W,0,10.0,1.0,47.7,0.0,0.0,031657.85*69
2021-07-29 04:16:59,592 [INFO] Interpreted as: {'position': (0.9418701902031898, 0.8989647487178445), 'latlon': (42.3000083, -71.09998885), 'heading': 47.7, 'depth': 1.0, 'altitude': 10.0, 'roll': 0.0, 'pitch': 0.0, 'last_fix_time': datetime.datetime(2021, 7, 29, 3, 16, 57), 'speed': None, 'rudder': 0, 'datum': (42.3, -71.1)}
2021-07-29 04:16:59,593 [INFO] Processing: $BFNVG,031658.19,4218.000594,N,07105.999194,W,0,10.0,1.0,48.2,0.0,0.0,031658.19*63
2021-07-29 04:16:59,595 [INFO] Interpreted as: {'position': (1.1344761960790493, 1.0719867078587413), 'latlon': (42.3000099, -71.09998656666667), 'heading': 48.2, 'depth': 1.0, 'altitude': 10.0, 'roll': 0.0, 'pitch': 0.0, 'last_fix_time': datetime.datetime(2021, 7, 29, 3, 16, 58), 'speed': None, 'rudder': 0, 'datum': (42.3, -71.1)}
2021-07-29 04:16:59,596 [INFO] Processing: $BFNVG,031658.52,4218.000690,N,07105.999055,W,0,10.0,1.0,48.7,0.0,0.0,031658.52*6D
2021-07-29 04:16:59,598 [INFO] Interpreted as: {'position': (1.329829951748252, 1.2449408620595932), 'latlon': (42.3000115, -71.09998425), 'heading': 48.7, 'depth': 1.0, 'altitude': 10.0, 'roll': 0.0, 'pitch': 0.0, 'last_fix_time': datetime.datetime(2021, 7, 29, 3, 16, 58), 'speed': None, 'rudder': 0, 'datum': (42.3, -71.1)}
2021-07-29 04:16:59,599 [INFO] Received from Frontseat: [b'$BFNVG,031657.51,4218.000400,N,07105.999467,W,0,10.0,1.0,47.1,0.0,0.0,031657.51*6A', b'$BFNVG,031657.85,4218.000498,N,07105.999331,W,0,10.0,1.0,47.7,0.0,0.0,031657.85*69', b'$BFNVG,031658.19,4218.000594,N,07105.999194,W,0,10.0,1.0,48.2,0.0,0.0,031658.19*63', b'$BFNVG,031658.52,4218.000690,N,07105.999055,W,0,10.0,1.0,48.7,0.0,0.0,031658.52*6D']
2021-07-29 04:16:59,600 [INFO] AUV state: {'position': (1.329829951748252, 1.2449408620595932), 'latlon': (42.3000115, -71.09998425), 'heading': 48.7, 'depth': 1.0, 'altitude': 10.0, 'roll': 0.0, 'pitch': 0.0, 'last_fix_time': datetime.datetime(2021, 7, 29, 3, 16, 58), 'speed': None, 'rudder': 0, 'datum': (42.3, -71.1)}
2021-07-29 04:16:59,933 [INFO] **** [(-5.005103100912807, -9.864035802461094)] [(15.204550993433683, -9.462196949035189)]
2021-07-29 04:16:59,935 [INFO] Next green buoy: [(-5.005103100912807, -9.864035802461094)], next red buoy: [(15.204550993433683, -9.462196949035189)]
2021-07-29 04:16:59,935 [INFO] Desired_heading: 53.79972394626044
2021-07-29 04:16:59,936 [INFO] delta angle: 5.109072620580428
2021-07-29 04:16:59,936 [INFO] sending message $BPRMB,031659.94,-5.109072620580428,1,0,750,0,1*76
...
2021-07-29 04:17:00,938 [INFO] sending message $BPSTS,031700.93,1,BWSI Autonomy OK*4b
...
2021-07-29 04:17:00,939 [INFO] Processing: $BFNVG,031658.86,4218.000785,N,07105.998916,W,0,10.0,1.0,49.3,0.0,0.0,031658.86*62
2021-07-29 04:17:00,942 [INFO] Interpreted as: {'position': (1.5251380261033773, 1.4160443246364594), 'latlon': (42.30001308333333, -71.09998193333334), 'heading': 49.3, 'depth': 1.0, 'altitude': 10.0, 'roll': 0.0, 'pitch': 0.0, 'last_fix_time': datetime.datetime(2021, 7, 29, 3, 16, 58), 'speed': None, 'rudder': 0, 'datum': (42.3, -71.1)}
2021-07-29 04:17:00,943 [INFO] Processing: $BFNVG,031659.20,4218.000879,N,07105.998774,W,0,10.0,1.0,49.7,0.0,0.0,031659.20*60
2021-07-29 04:17:00,945 [INFO] Interpreted as: {'position': (1.724522057804279, 1.5851953802630305), 'latlon': (42.30001465, -71.09997956666666), 'heading': 49.7, 'depth': 1.0, 'altitude': 10.0, 'roll': 0.0, 'pitch': 0.0, 'last_fix_time': datetime.datetime(2021, 7, 29, 3, 16, 59), 'speed': None, 'rudder': 0, 'datum': (42.3, -71.1)}
2021-07-29 04:17:00,945 [INFO] Processing: $BFNVG,031659.54,4218.000972,N,07105.998632,W,0,10.0,1.0,50.1,0.0,0.0,031659.54*67
2021-07-29 04:17:00,947 [INFO] Interpreted as: {'position': (1.9238604083075188, 1.7524957470595837), 'latlon': (42.3000162, -71.0999772), 'heading': 50.1, 'depth': 1.0, 'altitude': 10.0, 'roll': 0.0, 'pitch': 0.0, 'last_fix_time': datetime.datetime(2021, 7, 29, 3, 16, 59), 'speed': None, 'rudder': 0, 'datum': (42.3, -71.1)}
2021-07-29 04:17:00,948 [INFO] Received from Frontseat: [b'$BFNVG,031658.86,4218.000785,N,07105.998916,W,0,10.0,1.0,49.3,0.0,0.0,031658.86*62', b'$BFNVG,031659.20,4218.000879,N,07105.998774,W,0,10.0,1.0,49.7,0.0,0.0,031659.20*60', b'$BFNVG,031659.54,4218.000972,N,07105.998632,W,0,10.0,1.0,50.1,0.0,0.0,031659.54*67']
2021-07-29 04:17:00,949 [INFO] AUV state: {'position': (1.9238604083075188, 1.7524957470595837), 'latlon': (42.3000162, -71.0999772), 'heading': 50.1, 'depth': 1.0, 'altitude': 10.0, 'roll': 0.0, 'pitch': 0.0, 'last_fix_time': datetime.datetime(2021, 7, 29, 3, 16, 59), 'speed': None, 'rudder': 0, 'datum': (42.3, -71.1)}
2021-07-29 04:17:01,290 [INFO] **** [(-7.386300593101685, -11.404624177806442)] [(15.604774624632368, -10.776963554042924)]
2021-07-29 04:17:01,292 [INFO] Next green buoy: [(-7.386300593101685, -11.404624177806442)], next red buoy: [(15.604774624632368, -10.776963554042924)]
2021-07-29 04:17:01,293 [INFO] Desired_heading: 54.20923701576534
2021-07-29 04:17:01,293 [INFO] delta angle: 3.9004097230858963
2021-07-29 04:17:01,294 [INFO] sending message $BPRMB,031701.92,-3.9004097230858963,1,0,750,0,1*4b
...
2021-07-29 04:17:02,296 [INFO] sending message $BPSTS,031702.29,1,BWSI Autonomy OK*48
...
2021-07-29 04:17:02,297 [INFO] Processing: $BFNVG,031659.87,4218.001065,N,07105.998490,W,0,10.0,1.0,50.6,0.0,0.0,031659.87*64
2021-07-29 04:17:02,299 [INFO] Interpreted as: {'position': (2.12319874932291, 1.9197961166501045), 'latlon': (42.30001775, -71.09997483333333), 'heading': 50.6, 'depth': 1.0, 'altitude': 10.0, 'roll': 0.0, 'pitch': 0.0, 'last_fix_time': datetime.datetime(2021, 7, 29, 3, 16, 59), 'speed': None, 'rudder': 0, 'datum': (42.3, -71.1)}
2021-07-29 04:17:02,300 [INFO] Processing: $BFNVG,031700.21,4218.001156,N,07105.998346,W,0,10.0,1.0,51.0,0.0,0.0,031700.21*6E
2021-07-29 04:17:02,302 [INFO] Interpreted as: {'position': (2.32519349665381, 2.083327288739383), 'latlon': (42.300019266666666, -71.09997243333333), 'heading': 51.0, 'depth': 1.0, 'altitude': 10.0, 'roll': 0.0, 'pitch': 0.0, 'last_fix_time': datetime.datetime(2021, 7, 29, 3, 17), 'speed': None, 'rudder': 0, 'datum': (42.3, -71.1)}
2021-07-29 04:17:02,303 [INFO] Processing: $BFNVG,031700.55,4218.001247,N,07105.998201,W,0,10.0,1.0,51.4,0.0,0.0,031700.55*6B
2021-07-29 04:17:02,305 [INFO] Interpreted as: {'position': (2.528562113875523, 2.2468245616182685), 'latlon': (42.30002078333333, -71.09997001666666), 'heading': 51.4, 'depth': 1.0, 'altitude': 10.0, 'roll': 0.0, 'pitch': 0.0, 'last_fix_time': datetime.datetime(2021, 7, 29, 3, 17), 'speed': None, 'rudder': 0, 'datum': (42.3, -71.1)}
2021-07-29 04:17:02,306 [INFO] Processing: $BFNVG,031700.89,4218.001338,N,07105.998055,W,0,10.0,1.0,51.7,0.0,0.0,031700.89*62
2021-07-29 04:17:02,308 [INFO] Interpreted as: {'position': (2.7333046009298414, 2.4102879352867603), 'latlon': (42.3000223, -71.09996758333334), 'heading': 51.7, 'depth': 1.0, 'altitude': 10.0, 'roll': 0.0, 'pitch': 0.0, 'last_fix_time': datetime.datetime(2021, 7, 29, 3, 17), 'speed': None, 'rudder': 0, 'datum': (42.3, -71.1)}
2021-07-29 04:17:02,309 [INFO] Processing: $BFNVG,031701.23,4218.001428,N,07105.997908,W,0,10.0,1.0,52.0,0.0,0.0,031701.23*6E
2021-07-29 04:17:02,311 [INFO] Interpreted as: {'position': (2.93937528639799, 2.5718667153269053), 'latlon': (42.3000238, -71.09996513333333), 'heading': 52.0, 'depth': 1.0, 'altitude': 10.0, 'roll': 0.0, 'pitch': 0.0, 'last_fix_time': datetime.datetime(2021, 7, 29, 3, 17, 1), 'speed': None, 'rudder': 0, 'datum': (42.3, -71.1)}
2021-07-29 04:17:02,313 [INFO] Received from Frontseat: [b'$BFNVG,031659.87,4218.001065,N,07105.998490,W,0,10.0,1.0,50.6,0.0,0.0,031659.87*64', b'$BFNVG,031700.21,4218.001156,N,07105.998346,W,0,10.0,1.0,51.0,0.0,0.0,031700.21*6E', b'$BFNVG,031700.55,4218.001247,N,07105.998201,W,0,10.0,1.0,51.4,0.0,0.0,031700.55*6B', b'$BFNVG,031700.89,4218.001338,N,07105.998055,W,0,10.0,1.0,51.7,0.0,0.0,031700.89*62', b'$BFNVG,031701.23,4218.001428,N,07105.997908,W,0,10.0,1.0,52.0,0.0,0.0,031701.23*6E']
2021-07-29 04:17:02,314 [INFO] AUV state: {'position': (2.93937528639799, 2.5718667153269053), 'latlon': (42.3000238, -71.09996513333333), 'heading': 52.0, 'depth': 1.0, 'altitude': 10.0, 'roll': 0.0, 'pitch': 0.0, 'last_fix_time': datetime.datetime(2021, 7, 29, 3, 17, 1), 'speed': None, 'rudder': 0, 'datum': (42.3, -71.1)}
2021-07-29 04:17:02,641 [INFO] **** [(-12.202181183613131, -14.91623303912584)] [(17.59938386038135, -13.730107461640026), (-8.121823508605475, -4.595925325079755)]
2021-07-29 04:17:02,643 [INFO] Next green buoy: [(-12.202181183613131, -14.91623303912584)], next red buoy: [(17.59938386038135, -13.730107461640026), (-8.121823508605475, -4.595925325079755)]
2021-07-29 04:17:02,644 [INFO] Desired_heading: 54.69860133838411
2021-07-29 04:17:02,644 [INFO] delta angle: 2.3058558564607643
2021-07-29 04:17:02,644 [INFO] sending message $BPRMB,031702.66,-2.3058558564607643,1,0,750,0,1*48
...
2021-07-29 04:17:03,646 [INFO] sending message $BPSTS,031703.64,1,BWSI Autonomy OK*40
...
2021-07-29 04:17:03,647 [INFO] Processing: $BFNVG,031701.57,4218.001517,N,07105.997760,W,0,10.0,1.0,52.3,0.0,0.0,031701.57*60
2021-07-29 04:17:03,650 [INFO] Interpreted as: {'position': (3.146774170338176, 2.731560898013413), 'latlon': (42.30002528333333, -71.09996266666667), 'heading': 52.3, 'depth': 1.0, 'altitude': 10.0, 'roll': 0.0, 'pitch': 0.0, 'last_fix_time': datetime.datetime(2021, 7, 29, 3, 17, 1), 'speed': None, 'rudder': 0, 'datum': (42.3, -71.1)}
2021-07-29 04:17:03,651 [INFO] Processing: $BFNVG,031701.91,4218.001606,N,07105.997613,W,0,10.0,1.0,52.6,0.0,0.0,031701.91*63
2021-07-29 04:17:03,653 [INFO] Interpreted as: {'position': (3.3527991655282676, 2.8912889901548624), 'latlon': (42.30002676666667, -71.09996021666667), 'heading': 52.6, 'depth': 1.0, 'altitude': 10.0, 'roll': 0.0, 'pitch': 0.0, 'last_fix_time': datetime.datetime(2021, 7, 29, 3, 17, 1), 'speed': None, 'rudder': 0, 'datum': (42.3, -71.1)}
2021-07-29 04:17:03,654 [INFO] Processing: $BFNVG,031702.25,4218.001694,N,07105.997464,W,0,10.0,1.0,52.8,0.0,0.0,031702.25*64
2021-07-29 04:17:03,656 [INFO] Interpreted as: {'position': (3.561526238452643, 3.0490985829383135), 'latlon': (42.300028233333336, -71.09995773333333), 'heading': 52.8, 'depth': 1.0, 'altitude': 10.0, 'roll': 0.0, 'pitch': 0.0, 'last_fix_time': datetime.datetime(2021, 7, 29, 3, 17, 2), 'speed': None, 'rudder': 0, 'datum': (42.3, -71.1)}
2021-07-29 04:17:03,657 [INFO] Processing: $BFNVG,031702.58,4218.001782,N,07105.997315,W,0,10.0,1.0,53.1,0.0,0.0,031702.58*6B
2021-07-29 04:17:03,659 [INFO] Interpreted as: {'position': (3.770253302063793, 3.2069081822410226), 'latlon': (42.3000297, -71.09995525), 'heading': 53.1, 'depth': 1.0, 'altitude': 10.0, 'roll': 0.0, 'pitch': 0.0, 'last_fix_time': datetime.datetime(2021, 7, 29, 3, 17, 2), 'speed': None, 'rudder': 0, 'datum': (42.3, -71.1)}
2021-07-29 04:17:03,660 [INFO] Received from Frontseat: [b'$BFNVG,031701.57,4218.001517,N,07105.997760,W,0,10.0,1.0,52.3,0.0,0.0,031701.57*60', b'$BFNVG,031701.91,4218.001606,N,07105.997613,W,0,10.0,1.0,52.6,0.0,0.0,031701.91*63', b'$BFNVG,031702.25,4218.001694,N,07105.997464,W,0,10.0,1.0,52.8,0.0,0.0,031702.25*64', b'$BFNVG,031702.58,4218.001782,N,07105.997315,W,0,10.0,1.0,53.1,0.0,0.0,031702.58*6B']
2021-07-29 04:17:03,660 [INFO] AUV state: {'position': (3.770253302063793, 3.2069081822410226), 'latlon': (42.3000297, -71.09995525), 'heading': 53.1, 'depth': 1.0, 'altitude': 10.0, 'roll': 0.0, 'pitch': 0.0, 'last_fix_time': datetime.datetime(2021, 7, 29, 3, 17, 2), 'speed': None, 'rudder': 0, 'datum': (42.3, -71.1)}
2021-07-29 04:17:04,022 [INFO] **** [(-17.56169858361212, -19.83209601929355)] [(21.208889674515074, -17.739827456305104), (-10.116626213278431, -4.918804020239562), (-17.34901643983253, -19.334109315133436)]
2021-07-29 04:17:04,025 [INFO] Next green buoy: [(-17.56169858361212, -19.83209601929355)], next red buoy: [(21.208889674515074, -17.739827456305104), (-10.116626213278431, -4.918804020239562), (-17.34901643983253, -19.334109315133436)]
2021-07-29 04:17:04,025 [INFO] Desired_heading: 54.92359554545148
2021-07-29 04:17:04,026 [INFO] delta angle: 1.412763266708387
2021-07-29 04:17:04,026 [INFO] sending message $BPRMB,031704.63,-1.412763266708387,1,0,750,0,1*7d
...
2021-07-29 04:17:05,028 [INFO] sending message $BPSTS,031705.02,1,BWSI Autonomy OK*46
...
2021-07-29 04:17:05,035 [INFO] Processing: $BFNVG,031702.92,4218.001869,N,07105.997166,W,0,10.0,1.0,53.3,0.0,0.0,031702.92*65
2021-07-29 04:17:05,037 [INFO] Interpreted as: {'position': (3.9789346871548332, 3.362867089919746), 'latlon': (42.30003115, -71.09995276666666), 'heading': 53.3, 'depth': 1.0, 'altitude': 10.0, 'roll': 0.0, 'pitch': 0.0, 'last_fix_time': datetime.datetime(2021, 7, 29, 3, 17, 2), 'speed': None, 'rudder': 0, 'datum': (42.3, -71.1)}
2021-07-29 04:17:05,038 [INFO] Processing: $BFNVG,031703.26,4218.001957,N,07105.997016,W,0,10.0,1.0,53.5,0.0,0.0,031703.26*69
2021-07-29 04:17:05,041 [INFO] Interpreted as: {'position': (4.189035608898848, 3.520642795599997), 'latlon': (42.30003261666667, -71.09995026666667), 'heading': 53.5, 'depth': 1.0, 'altitude': 10.0, 'roll': 0.0, 'pitch': 0.0, 'last_fix_time': datetime.datetime(2021, 7, 29, 3, 17, 3), 'speed': None, 'rudder': 0, 'datum': (42.3, -71.1)}
2021-07-29 04:17:05,042 [INFO] Processing: $BFNVG,031703.60,4218.002044,N,07105.996865,W,0,10.0,1.0,53.6,0.0,0.0,031703.60*6F
2021-07-29 04:17:05,044 [INFO] Interpreted as: {'position': (4.4004647333640605, 3.676533908583224), 'latlon': (42.30003406666667, -71.09994775), 'heading': 53.6, 'depth': 1.0, 'altitude': 10.0, 'roll': 0.0, 'pitch': 0.0, 'last_fix_time': datetime.datetime(2021, 7, 29, 3, 17, 3), 'speed': None, 'rudder': 0, 'datum': (42.3, -71.1)}
2021-07-29 04:17:05,046 [INFO] Processing: $BFNVG,031703.94,4218.002130,N,07105.996714,W,0,10.0,1.0,53.8,0.0,0.0,031703.94*6A
2021-07-29 04:17:05,048 [INFO] Interpreted as: {'position': (4.61184817540925, 3.8305743290111423), 'latlon': (42.3000355, -71.09994523333333), 'heading': 53.8, 'depth': 1.0, 'altitude': 10.0, 'roll': 0.0, 'pitch': 0.0, 'last_fix_time': datetime.datetime(2021, 7, 29, 3, 17, 3), 'speed': None, 'rudder': 0, 'datum': (42.3, -71.1)}
2021-07-29 04:17:05,049 [INFO] Received from Frontseat: [b'$BFNVG,031702.92,4218.001869,N,07105.997166,W,0,10.0,1.0,53.3,0.0,0.0,031702.92*65', b'$BFNVG,031703.26,4218.001957,N,07105.997016,W,0,10.0,1.0,53.5,0.0,0.0,031703.26*69', b'$BFNVG,031703.60,4218.002044,N,07105.996865,W,0,10.0,1.0,53.6,0.0,0.0,031703.60*6F', b'$BFNVG,031703.94,4218.002130,N,07105.996714,W,0,10.0,1.0,53.8,0.0,0.0,031703.94*6A']
2021-07-29 04:17:05,050 [INFO] AUV state: {'position': (4.61184817540925, 3.8305743290111423), 'latlon': (42.3000355, -71.09994523333333), 'heading': 53.8, 'depth': 1.0, 'altitude': 10.0, 'roll': 0.0, 'pitch': 0.0, 'last_fix_time': datetime.datetime(2021, 7, 29, 3, 17, 3), 'speed': None, 'rudder': 0, 'datum': (42.3, -71.1)}
2021-07-29 04:17:05,354 [INFO] **** [] [(-11.823852435143964, -5.363858665492986)]
2021-07-29 04:17:05,357 [INFO] Next green buoy: [], next red buoy: [(-11.823852435143964, -5.363858665492986)]
2021-07-29 04:17:05,357 [INFO] Desired_heading: 41.976147564856035
2021-07-29 04:17:05,358 [INFO] delta angle: -14.616974595725765
2021-07-29 04:17:05,359 [INFO] sending message $BPRMB,031705.42,14.616974595725765,1,0,750,0,1*64
...
2021-07-29 04:17:06,361 [INFO] sending message $BPSTS,031706.36,1,BWSI Autonomy OK*42
...
2021-07-29 04:17:06,362 [INFO] Processing: $BFNVG,031704.29,4218.002219,N,07105.996559,W,0,10.0,1.0,53.9,0.0,0.0,031704.29*68
2021-07-29 04:17:06,365 [INFO] Interpreted as: {'position': (4.828864136768971, 3.9900312293320894), 'latlon': (42.300036983333335, -71.09994265), 'heading': 53.9, 'depth': 1.0, 'altitude': 10.0, 'roll': 0.0, 'pitch': 0.0, 'last_fix_time': datetime.datetime(2021, 7, 29, 3, 17, 4), 'speed': None, 'rudder': 0, 'datum': (42.3, -71.1)}
2021-07-29 04:17:06,366 [INFO] Processing: $BFNVG,031704.63,4218.002305,N,07105.996408,W,0,10.0,1.0,54.0,0.0,0.0,031704.63*6F
2021-07-29 04:17:06,368 [INFO] Interpreted as: {'position': (5.040247559780255, 4.144071661867201), 'latlon': (42.300038416666666, -71.09994013333333), 'heading': 54.0, 'depth': 1.0, 'altitude': 10.0, 'roll': 0.0, 'pitch': 0.0, 'last_fix_time': datetime.datetime(2021, 7, 29, 3, 17, 4), 'speed': None, 'rudder': 0, 'datum': (42.3, -71.1)}
2021-07-29 04:17:06,369 [INFO] Processing: $BFNVG,031704.97,4218.002391,N,07105.996255,W,0,10.0,1.0,54.1,0.0,0.0,031704.97*6D
2021-07-29 04:17:06,371 [INFO] Interpreted as: {'position': (5.254378733457997, 4.298044293187559), 'latlon': (42.30003985, -71.09993758333333), 'heading': 54.1, 'depth': 1.0, 'altitude': 10.0, 'roll': 0.0, 'pitch': 0.0, 'last_fix_time': datetime.datetime(2021, 7, 29, 3, 17, 4), 'speed': None, 'rudder': 0, 'datum': (42.3, -71.1)}
2021-07-29 04:17:06,372 [INFO] Processing: $BFNVG,031705.31,4218.002477,N,07105.996104,W,0,10.0,1.0,54.2,0.0,0.0,031705.31*66
2021-07-29 04:17:06,374 [INFO] Interpreted as: {'position': (5.465762137784623, 4.452084738761187), 'latlon': (42.300041283333336, -71.09993506666666), 'heading': 54.2, 'depth': 1.0, 'altitude': 10.0, 'roll': 0.0, 'pitch': 0.0, 'last_fix_time': datetime.datetime(2021, 7, 29, 3, 17, 5), 'speed': None, 'rudder': 0, 'datum': (42.3, -71.1)}
2021-07-29 04:17:06,375 [INFO] Received from Frontseat: [b'$BFNVG,031704.29,4218.002219,N,07105.996559,W,0,10.0,1.0,53.9,0.0,0.0,031704.29*68', b'$BFNVG,031704.63,4218.002305,N,07105.996408,W,0,10.0,1.0,54.0,0.0,0.0,031704.63*6F', b'$BFNVG,031704.97,4218.002391,N,07105.996255,W,0,10.0,1.0,54.1,0.0,0.0,031704.97*6D', b'$BFNVG,031705.31,4218.002477,N,07105.996104,W,0,10.0,1.0,54.2,0.0,0.0,031705.31*66']
2021-07-29 04:17:06,375 [INFO] AUV state: {'position': (5.465762137784623, 4.452084738761187), 'latlon': (42.300041283333336, -71.09993506666666), 'heading': 54.2, 'depth': 1.0, 'altitude': 10.0, 'roll': 0.0, 'pitch': 0.0, 'last_fix_time': datetime.datetime(2021, 7, 29, 3, 17, 5), 'speed': None, 'rudder': 0, 'datum': (42.3, -71.1)}
2021-07-29 04:17:06,675 [INFO] **** [] [(-13.423801355337071, -5.875554044025466)]
2021-07-29 04:17:06,677 [INFO] Next green buoy: [], next red buoy: [(-13.423801355337071, -5.875554044025466)]
2021-07-29 04:17:06,677 [INFO] Desired_heading: 40.776198644662934
2021-07-29 04:17:06,678 [INFO] delta angle: -17.129833315950293
2021-07-29 04:17:06,678 [INFO] sending message $BPRMB,031707.29,17.129833315950293,1,0,750,0,1*6f
...
2021-07-29 04:17:07,680 [INFO] sending message $BPSTS,031707.68,1,BWSI Autonomy OK*48
...
2021-07-29 04:17:07,681 [INFO] Processing: $BFNVG,031705.65,4218.002562,N,07105.995953,W,0,10.0,1.0,54.3,0.0,0.0,031705.65*6B
2021-07-29 04:17:07,683 [INFO] Interpreted as: {'position': (5.677099862077739, 4.604274492710829), 'latlon': (42.3000427, -71.09993255), 'heading': 54.3, 'depth': 1.0, 'altitude': 10.0, 'roll': 0.0, 'pitch': 0.0, 'last_fix_time': datetime.datetime(2021, 7, 29, 3, 17, 5), 'speed': None, 'rudder': 0, 'datum': (42.3, -71.1)}
2021-07-29 04:17:07,684 [INFO] Processing: $BFNVG,031705.99,4218.002649,N,07105.995801,W,0,10.0,1.0,53.3,0.0,0.0,031705.99*60
2021-07-29 04:17:07,686 [INFO] Interpreted as: {'position': (5.889902797178365, 4.760131743736565), 'latlon': (42.30004415, -71.09993001666666), 'heading': 53.3, 'depth': 1.0, 'altitude': 10.0, 'roll': 0.0, 'pitch': 0.0, 'last_fix_time': datetime.datetime(2021, 7, 29, 3, 17, 5), 'speed': None, 'rudder': 0, 'datum': (42.3, -71.1)}
2021-07-29 04:17:07,687 [INFO] Processing: $BFNVG,031706.33,4218.002737,N,07105.995652,W,0,10.0,1.0,52.4,0.0,0.0,031706.33*66
2021-07-29 04:17:07,689 [INFO] Interpreted as: {'position': (6.09862975688884, 4.917941409163177), 'latlon': (42.300045616666665, -71.09992753333333), 'heading': 52.4, 'depth': 1.0, 'altitude': 10.0, 'roll': 0.0, 'pitch': 0.0, 'last_fix_time': datetime.datetime(2021, 7, 29, 3, 17, 6), 'speed': None, 'rudder': 0, 'datum': (42.3, -71.1)}
2021-07-29 04:17:07,690 [INFO] Received from Frontseat: [b'$BFNVG,031705.65,4218.002562,N,07105.995953,W,0,10.0,1.0,54.3,0.0,0.0,031705.65*6B', b'$BFNVG,031705.99,4218.002649,N,07105.995801,W,0,10.0,1.0,53.3,0.0,0.0,031705.99*60', b'$BFNVG,031706.33,4218.002737,N,07105.995652,W,0,10.0,1.0,52.4,0.0,0.0,031706.33*66']
2021-07-29 04:17:07,691 [INFO] AUV state: {'position': (6.09862975688884, 4.917941409163177), 'latlon': (42.300045616666665, -71.09992753333333), 'heading': 52.4, 'depth': 1.0, 'altitude': 10.0, 'roll': 0.0, 'pitch': 0.0, 'last_fix_time': datetime.datetime(2021, 7, 29, 3, 17, 6), 'speed': None, 'rudder': 0, 'datum': (42.3, -71.1)}
2021-07-29 04:17:07,990 [INFO] **** [] [(-12.4519160068582, -6.375832944244541)]
2021-07-29 04:17:07,992 [INFO] Next green buoy: [], next red buoy: [(-12.4519160068582, -6.375832944244541)]
2021-07-29 04:17:07,993 [INFO] Desired_heading: 39.9480839931418
2021-07-29 04:17:07,993 [INFO] delta angle: -15.59387214544779
2021-07-29 04:17:07,994 [INFO] sending message $BPRMB,031708.06,15.59387214544779,1,0,750,0,1*55
...
2021-07-29 04:17:08,995 [INFO] sending message $BPSTS,031708.99,1,BWSI Autonomy OK*49
...
2021-07-29 04:17:08,997 [INFO] Processing: $BFNVG,031706.68,4218.002831,N,07105.995498,W,0,10.0,1.0,51.4,0.0,0.0,031706.68*68
2021-07-29 04:17:08,999 [INFO] Interpreted as: {'position': (6.314500123960897, 5.08668574411422), 'latlon': (42.300047183333334, -71.09992496666666), 'heading': 51.4, 'depth': 1.0, 'altitude': 10.0, 'roll': 0.0, 'pitch': 0.0, 'last_fix_time': datetime.datetime(2021, 7, 29, 3, 17, 6), 'speed': None, 'rudder': 0, 'datum': (42.3, -71.1)}
2021-07-29 04:17:09,000 [INFO] Processing: $BFNVG,031707.02,4218.002923,N,07105.995353,W,0,10.0,1.0,50.5,0.0,0.0,031707.02*6A
2021-07-29 04:17:09,002 [INFO] Interpreted as: {'position': (6.517914231168106, 5.252033825032413), 'latlon': (42.300048716666666, -71.09992255), 'heading': 50.5, 'depth': 1.0, 'altitude': 10.0, 'roll': 0.0, 'pitch': 0.0, 'last_fix_time': datetime.datetime(2021, 7, 29, 3, 17, 7), 'speed': None, 'rudder': 0, 'datum': (42.3, -71.1)}
2021-07-29 04:17:09,003 [INFO] Processing: $BFNVG,031707.37,4218.003019,N,07105.995207,W,0,10.0,1.0,49.4,0.0,0.0,031707.37*62
2021-07-29 04:17:09,005 [INFO] Interpreted as: {'position': (6.722884888993576, 5.424750795587897), 'latlon': (42.30005031666666, -71.09992011666667), 'heading': 49.4, 'depth': 1.0, 'altitude': 10.0, 'roll': 0.0, 'pitch': 0.0, 'last_fix_time': datetime.datetime(2021, 7, 29, 3, 17, 7), 'speed': None, 'rudder': 0, 'datum': (42.3, -71.1)}
2021-07-29 04:17:09,005 [INFO] Processing: $BFNVG,031707.72,4218.003116,N,07105.995064,W,0,10.0,1.0,48.3,0.0,0.0,031707.72*6D
2021-07-29 04:17:09,007 [INFO] Interpreted as: {'position': (6.923779571196064, 5.599420183338225), 'latlon': (42.300051933333336, -71.09991773333333), 'heading': 48.3, 'depth': 1.0, 'altitude': 10.0, 'roll': 0.0, 'pitch': 0.0, 'last_fix_time': datetime.datetime(2021, 7, 29, 3, 17, 7), 'speed': None, 'rudder': 0, 'datum': (42.3, -71.1)}
2021-07-29 04:17:09,008 [INFO] Received from Frontseat: [b'$BFNVG,031706.68,4218.002831,N,07105.995498,W,0,10.0,1.0,51.4,0.0,0.0,031706.68*68', b'$BFNVG,031707.02,4218.002923,N,07105.995353,W,0,10.0,1.0,50.5,0.0,0.0,031707.02*6A', b'$BFNVG,031707.37,4218.003019,N,07105.995207,W,0,10.0,1.0,49.4,0.0,0.0,031707.37*62', b'$BFNVG,031707.72,4218.003116,N,07105.995064,W,0,10.0,1.0,48.3,0.0,0.0,031707.72*6D']
2021-07-29 04:17:09,009 [INFO] AUV state: {'position': (6.923779571196064, 5.599420183338225), 'latlon': (42.300051933333336, -71.09991773333333), 'heading': 48.3, 'depth': 1.0, 'altitude': 10.0, 'roll': 0.0, 'pitch': 0.0, 'last_fix_time': datetime.datetime(2021, 7, 29, 3, 17, 7), 'speed': None, 'rudder': 0, 'datum': (42.3, -71.1)}
2021-07-29 04:17:09,311 [INFO] **** [(-22.020178377709907, -6.606749984139695)] [(-9.324982073239731, -7.133108068278584), (2.6315863673719204, -4.595925325079755)]
2021-07-29 04:17:09,314 [INFO] Next green buoy: [(-22.020178377709907, -6.606749984139695)], next red buoy: [(-9.324982073239731, -7.133108068278584), (2.6315863673719204, -4.595925325079755)]
2021-07-29 04:17:09,314 [INFO] Desired_heading: 32.62741977452518
2021-07-29 04:17:09,315 [INFO] delta angle: -20.789036796650862
2021-07-29 04:17:09,315 [INFO] sending message $BPRMB,031709.92,20.789036796650862,1,0,750,0,1*60
...
2021-07-29 04:17:10,317 [INFO] sending message $BPSTS,031710.31,1,BWSI Autonomy OK*42
...
2021-07-29 04:17:10,323 [INFO] Processing: $BFNVG,031708.05,4218.003214,N,07105.994927,W,0,10.0,1.0,47.2,0.0,0.0,031708.05*6D
2021-07-29 04:17:10,325 [INFO] Interpreted as: {'position': (7.116476641851477, 5.776143693365157), 'latlon': (42.30005356666667, -71.09991545), 'heading': 47.2, 'depth': 1.0, 'altitude': 10.0, 'roll': 0.0, 'pitch': 0.0, 'last_fix_time': datetime.datetime(2021, 7, 29, 3, 17, 8), 'speed': None, 'rudder': 0, 'datum': (42.3, -71.1)}
2021-07-29 04:17:10,326 [INFO] Processing: $BFNVG,031708.39,4218.003313,N,07105.994791,W,0,10.0,1.0,46.2,0.0,0.0,031708.39*69
2021-07-29 04:17:10,327 [INFO] Interpreted as: {'position': (7.307845494477078, 5.954751808196306), 'latlon': (42.300055216666664, -71.09991318333333), 'heading': 46.2, 'depth': 1.0, 'altitude': 10.0, 'roll': 0.0, 'pitch': 0.0, 'last_fix_time': datetime.datetime(2021, 7, 29, 3, 17, 8), 'speed': None, 'rudder': 0, 'datum': (42.3, -71.1)}
2021-07-29 04:17:10,328 [INFO] Processing: $BFNVG,031708.73,4218.003414,N,07105.994658,W,0,10.0,1.0,45.2,0.0,0.0,031708.73*6E
2021-07-29 04:17:10,330 [INFO] Interpreted as: {'position': (7.495184042258188, 6.137163035571575), 'latlon': (42.3000569, -71.09991096666667), 'heading': 45.2, 'depth': 1.0, 'altitude': 10.0, 'roll': 0.0, 'pitch': 0.0, 'last_fix_time': datetime.datetime(2021, 7, 29, 3, 17, 8), 'speed': None, 'rudder': 0, 'datum': (42.3, -71.1)}
2021-07-29 04:17:10,331 [INFO] Processing: $BFNVG,031709.07,4218.003518,N,07105.994527,W,0,10.0,1.0,44.2,0.0,0.0,031709.07*69
2021-07-29 04:17:10,334 [INFO] Interpreted as: {'position': (7.67991183383856, 6.3251941641792655), 'latlon': (42.300058633333336, -71.09990878333333), 'heading': 44.2, 'depth': 1.0, 'altitude': 10.0, 'roll': 0.0, 'pitch': 0.0, 'last_fix_time': datetime.datetime(2021, 7, 29, 3, 17, 9), 'speed': None, 'rudder': 0, 'datum': (42.3, -71.1)}
2021-07-29 04:17:10,334 [INFO] Received from Frontseat: [b'$BFNVG,031708.05,4218.003214,N,07105.994927,W,0,10.0,1.0,47.2,0.0,0.0,031708.05*6D', b'$BFNVG,031708.39,4218.003313,N,07105.994791,W,0,10.0,1.0,46.2,0.0,0.0,031708.39*69', b'$BFNVG,031708.73,4218.003414,N,07105.994658,W,0,10.0,1.0,45.2,0.0,0.0,031708.73*6E', b'$BFNVG,031709.07,4218.003518,N,07105.994527,W,0,10.0,1.0,44.2,0.0,0.0,031709.07*69']
2021-07-29 04:17:10,335 [INFO] AUV state: {'position': (7.67991183383856, 6.3251941641792655), 'latlon': (42.300058633333336, -71.09990878333333), 'heading': 44.2, 'depth': 1.0, 'altitude': 10.0, 'roll': 0.0, 'pitch': 0.0, 'last_fix_time': datetime.datetime(2021, 7, 29, 3, 17, 9), 'speed': None, 'rudder': 0, 'datum': (42.3, -71.1)}
2021-07-29 04:17:10,631 [INFO] **** [(-20.29328288935785, -7.4356380623604466)] [(-5.910772677715274, -8.24833232710275), (7.523645682325701, -4.930496771105958)]
2021-07-29 04:17:10,633 [INFO] Next green buoy: [(-20.29328288935785, -7.4356380623604466)], next red buoy: [(-5.910772677715274, -8.24833232710275), (7.523645682325701, -4.930496771105958)]
2021-07-29 04:17:10,633 [INFO] Desired_heading: 31.09797221646344
2021-07-29 04:17:10,634 [INFO] delta angle: -16.618119820025356
2021-07-29 04:17:10,634 [INFO] sending message $BPRMB,031710.70,16.618119820025356,1,0,750,0,1*6e
...
2021-07-29 04:17:11,636 [INFO] sending message $BPSTS,031711.63,1,BWSI Autonomy OK*44
...
2021-07-29 04:17:11,637 [INFO] Processing: $BFNVG,031709.41,4218.003623,N,07105.994398,W,0,10.0,1.0,43.2,0.0,0.0,031709.41*67
2021-07-29 04:17:11,639 [INFO] Interpreted as: {'position': (7.86193752870895, 6.51514380145818), 'latlon': (42.30006038333333, -71.09990663333333), 'heading': 43.2, 'depth': 1.0, 'altitude': 10.0, 'roll': 0.0, 'pitch': 0.0, 'last_fix_time': datetime.datetime(2021, 7, 29, 3, 17, 9), 'speed': None, 'rudder': 0, 'datum': (42.3, -71.1)}
2021-07-29 04:17:11,640 [INFO] Processing: $BFNVG,031709.76,4218.003733,N,07105.994269,W,0,10.0,1.0,41.8,0.0,0.0,031709.76*60
2021-07-29 04:17:11,642 [INFO] Interpreted as: {'position': (8.044191564200446, 6.7143469313159585), 'latlon': (42.30006221666667, -71.09990448333333), 'heading': 41.8, 'depth': 1.0, 'altitude': 10.0, 'roll': 0.0, 'pitch': 0.0, 'last_fix_time': datetime.datetime(2021, 7, 29, 3, 17, 9), 'speed': None, 'rudder': 0, 'datum': (42.3, -71.1)}
2021-07-29 04:17:11,643 [INFO] Processing: $BFNVG,031710.10,4218.003841,N,07105.994148,W,0,10.0,1.0,40.5,0.0,0.0,031710.10*66
2021-07-29 04:17:11,645 [INFO] Interpreted as: {'position': (8.215363220253494, 6.910119897685945), 'latlon': (42.30006401666667, -71.09990246666666), 'heading': 40.5, 'depth': 1.0, 'altitude': 10.0, 'roll': 0.0, 'pitch': 0.0, 'last_fix_time': datetime.datetime(2021, 7, 29, 3, 17, 10), 'speed': None, 'rudder': 0, 'datum': (42.3, -71.1)}
2021-07-29 04:17:11,646 [INFO] Processing: $BFNVG,031710.44,4218.003952,N,07105.994029,W,0,10.0,1.0,39.2,0.0,0.0,031710.44*6A
2021-07-29 04:17:11,648 [INFO] Interpreted as: {'position': (8.383924122259486, 7.111512765288353), 'latlon': (42.300065866666664, -71.09990048333333), 'heading': 39.2, 'depth': 1.0, 'altitude': 10.0, 'roll': 0.0, 'pitch': 0.0, 'last_fix_time': datetime.datetime(2021, 7, 29, 3, 17, 10), 'speed': None, 'rudder': 0, 'datum': (42.3, -71.1)}
2021-07-29 04:17:11,649 [INFO] Received from Frontseat: [b'$BFNVG,031709.41,4218.003623,N,07105.994398,W,0,10.0,1.0,43.2,0.0,0.0,031709.41*67', b'$BFNVG,031709.76,4218.003733,N,07105.994269,W,0,10.0,1.0,41.8,0.0,0.0,031709.76*60', b'$BFNVG,031710.10,4218.003841,N,07105.994148,W,0,10.0,1.0,40.5,0.0,0.0,031710.10*66', b'$BFNVG,031710.44,4218.003952,N,07105.994029,W,0,10.0,1.0,39.2,0.0,0.0,031710.44*6A']
2021-07-29 04:17:11,650 [INFO] AUV state: {'position': (8.383924122259486, 7.111512765288353), 'latlon': (42.300065866666664, -71.09990048333333), 'heading': 39.2, 'depth': 1.0, 'altitude': 10.0, 'roll': 0.0, 'pitch': 0.0, 'last_fix_time': datetime.datetime(2021, 7, 29, 3, 17, 10), 'speed': None, 'rudder': 0, 'datum': (42.3, -71.1)}
2021-07-29 04:17:11,976 [INFO] **** [(-17.681055796898157, -8.441709059571656)] [(-0.8445519732205449, -9.46348651579749), (13.865382360300158, -5.353295030740454)]
2021-07-29 04:17:11,978 [INFO] Next green buoy: [(-17.681055796898157, -8.441709059571656)], next red buoy: [(-0.8445519732205449, -9.46348651579749), (13.865382360300158, -5.353295030740454)]
2021-07-29 04:17:11,979 [INFO] Desired_heading: 29.937196114940654
2021-07-29 04:17:11,979 [INFO] delta angle: -10.773004155300782
2021-07-29 04:17:11,979 [INFO] sending message $BPRMB,031712.56,10.773004155300782,1,0,750,0,1*6d
...
2021-07-29 04:17:12,981 [INFO] sending message $BPSTS,031712.98,1,BWSI Autonomy OK*43
...
2021-07-29 04:17:12,983 [INFO] Processing: $BFNVG,031710.78,4218.004066,N,07105.993913,W,0,10.0,1.0,37.9,0.0,0.0,031710.78*61
2021-07-29 04:17:12,985 [INFO] Interpreted as: {'position': (8.548500387580134, 7.318559438921511), 'latlon': (42.300067766666665, -71.09989855), 'heading': 37.9, 'depth': 1.0, 'altitude': 10.0, 'roll': 0.0, 'pitch': 0.0, 'last_fix_time': datetime.datetime(2021, 7, 29, 3, 17, 10), 'speed': None, 'rudder': 0, 'datum': (42.3, -71.1)}
2021-07-29 04:17:12,986 [INFO] Processing: $BFNVG,031711.12,4218.004181,N,07105.993801,W,0,10.0,1.0,36.8,0.0,0.0,031711.12*6B
2021-07-29 04:17:12,987 [INFO] Interpreted as: {'position': (8.707626802264713, 7.5275924280285835), 'latlon': (42.300069683333334, -71.09989668333333), 'heading': 36.8, 'depth': 1.0, 'altitude': 10.0, 'roll': 0.0, 'pitch': 0.0, 'last_fix_time': datetime.datetime(2021, 7, 29, 3, 17, 11), 'speed': None, 'rudder': 0, 'datum': (42.3, -71.1)}
2021-07-29 04:17:12,988 [INFO] Processing: $BFNVG,031711.46,4218.004297,N,07105.993692,W,0,10.0,1.0,35.7,0.0,0.0,031711.46*67
2021-07-29 04:17:12,991 [INFO] Interpreted as: {'position': (8.862677240977064, 7.738577825948596), 'latlon': (42.30007161666666, -71.09989486666667), 'heading': 35.7, 'depth': 1.0, 'altitude': 10.0, 'roll': 0.0, 'pitch': 0.0, 'last_fix_time': datetime.datetime(2021, 7, 29, 3, 17, 11), 'speed': None, 'rudder': 0, 'datum': (42.3, -71.1)}
2021-07-29 04:17:12,992 [INFO] Processing: $BFNVG,031711.80,4218.004415,N,07105.993586,W,0,10.0,1.0,34.7,0.0,0.0,031711.80*6C
2021-07-29 04:17:12,994 [INFO] Interpreted as: {'position': (9.013697377813514, 7.9533663326874375), 'latlon': (42.30007358333334, -71.0998931), 'heading': 34.7, 'depth': 1.0, 'altitude': 10.0, 'roll': 0.0, 'pitch': 0.0, 'last_fix_time': datetime.datetime(2021, 7, 29, 3, 17, 11), 'speed': None, 'rudder': 0, 'datum': (42.3, -71.1)}
2021-07-29 04:17:12,994 [INFO] Received from Frontseat: [b'$BFNVG,031710.78,4218.004066,N,07105.993913,W,0,10.0,1.0,37.9,0.0,0.0,031710.78*61', b'$BFNVG,031711.12,4218.004181,N,07105.993801,W,0,10.0,1.0,36.8,0.0,0.0,031711.12*6B', b'$BFNVG,031711.46,4218.004297,N,07105.993692,W,0,10.0,1.0,35.7,0.0,0.0,031711.46*67', b'$BFNVG,031711.80,4218.004415,N,07105.993586,W,0,10.0,1.0,34.7,0.0,0.0,031711.80*6C']
2021-07-29 04:17:12,995 [INFO] AUV state: {'position': (9.013697377813514, 7.9533663326874375), 'latlon': (42.30007358333334, -71.0998931), 'heading': 34.7, 'depth': 1.0, 'altitude': 10.0, 'roll': 0.0, 'pitch': 0.0, 'last_fix_time': datetime.datetime(2021, 7, 29, 3, 17, 11), 'speed': None, 'rudder': 0, 'datum': (42.3, -71.1)}
2021-07-29 04:17:13,321 [INFO] **** [(-15.572548841404664, -9.778989577331075)] [(4.507620013712948, -11.405164134172557), (20.00674807479057, -5.885483153558885)]
2021-07-29 04:17:13,324 [INFO] Next green buoy: [(-15.572548841404664, -9.778989577331075)], next red buoy: [(4.507620013712948, -11.405164134172557), (20.00674807479057, -5.885483153558885)]
2021-07-29 04:17:13,324 [INFO] Desired_heading: 29.167535586154145
2021-07-29 04:17:13,324 [INFO] delta angle: -5.6566202947199145
2021-07-29 04:17:13,325 [INFO] sending message $BPRMB,031713.39,5.6566202947199145,1,0,750,0,1*61
...
2021-07-29 04:17:14,327 [INFO] sending message $BPSTS,031714.32,1,BWSI Autonomy OK*45
...
2021-07-29 04:17:14,328 [INFO] Processing: $BFNVG,031712.16,4218.004540,N,07105.993478,W,0,10.0,1.0,33.6,0.0,0.0,031712.16*6B
2021-07-29 04:17:14,330 [INFO] Interpreted as: {'position': (9.167784948367625, 8.18104191403836), 'latlon': (42.300075666666665, -71.0998913), 'heading': 33.6, 'depth': 1.0, 'altitude': 10.0, 'roll': 0.0, 'pitch': 0.0, 'last_fix_time': datetime.datetime(2021, 7, 29, 3, 17, 12), 'speed': None, 'rudder': 0, 'datum': (42.3, -71.1)}
2021-07-29 04:17:14,331 [INFO] Processing: $BFNVG,031712.50,4218.004662,N,07105.993376,W,0,10.0,1.0,32.9,0.0,0.0,031712.50*6F
2021-07-29 04:17:14,333 [INFO] Interpreted as: {'position': (9.313492233632132, 8.403368828818202), 'latlon': (42.3000777, -71.0998896), 'heading': 32.9, 'depth': 1.0, 'altitude': 10.0, 'roll': 0.0, 'pitch': 0.0, 'last_fix_time': datetime.datetime(2021, 7, 29, 3, 17, 12), 'speed': None, 'rudder': 0, 'datum': (42.3, -71.1)}
2021-07-29 04:17:14,334 [INFO] Processing: $BFNVG,031712.85,4218.004785,N,07105.993275,W,0,10.0,1.0,32.2,0.0,0.0,031712.85*6E
2021-07-29 04:17:14,336 [INFO] Interpreted as: {'position': (9.457871301681735, 8.627580346539617), 'latlon': (42.30007975, -71.09988791666666), 'heading': 32.2, 'depth': 1.0, 'altitude': 10.0, 'roll': 0.0, 'pitch': 0.0, 'last_fix_time': datetime.datetime(2021, 7, 29, 3, 17, 12), 'speed': None, 'rudder': 0, 'datum': (42.3, -71.1)}
2021-07-29 04:17:14,337 [INFO] Processing: $BFNVG,031713.20,4218.004910,N,07105.993177,W,0,10.0,1.0,31.5,0.0,0.0,031713.20*69
2021-07-29 04:17:14,339 [INFO] Interpreted as: {'position': (9.598220062092878, 8.855594968423247), 'latlon': (42.30008183333333, -71.09988628333333), 'heading': 31.5, 'depth': 1.0, 'altitude': 10.0, 'roll': 0.0, 'pitch': 0.0, 'last_fix_time': datetime.datetime(2021, 7, 29, 3, 17, 13), 'speed': None, 'rudder': 0, 'datum': (42.3, -71.1)}
2021-07-29 04:17:14,340 [INFO] Received from Frontseat: [b'$BFNVG,031712.16,4218.004540,N,07105.993478,W,0,10.0,1.0,33.6,0.0,0.0,031712.16*6B', b'$BFNVG,031712.50,4218.004662,N,07105.993376,W,0,10.0,1.0,32.9,0.0,0.0,031712.50*6F', b'$BFNVG,031712.85,4218.004785,N,07105.993275,W,0,10.0,1.0,32.2,0.0,0.0,031712.85*6E', b'$BFNVG,031713.20,4218.004910,N,07105.993177,W,0,10.0,1.0,31.5,0.0,0.0,031713.20*69']
2021-07-29 04:17:14,341 [INFO] AUV state: {'position': (9.598220062092878, 8.855594968423247), 'latlon': (42.30008183333333, -71.09988628333333), 'heading': 31.5, 'depth': 1.0, 'altitude': 10.0, 'roll': 0.0, 'pitch': 0.0, 'last_fix_time': datetime.datetime(2021, 7, 29, 3, 17, 13), 'speed': None, 'rudder': 0, 'datum': (42.3, -71.1)}
2021-07-29 04:17:14,671 [INFO] **** [(-14.886032673091329, -11.81670007259006)] [(9.626496294605221, -14.28985668199338), (25.203752673252936, -6.518885281955048)]
2021-07-29 04:17:14,673 [INFO] Next green buoy: [(-14.886032673091329, -11.81670007259006)], next red buoy: [(9.626496294605221, -14.28985668199338), (25.203752673252936, -6.518885281955048)]
2021-07-29 04:17:14,673 [INFO] Desired_heading: 28.870231810756948
2021-07-29 04:17:14,674 [INFO] delta angle: -2.2325725234701395
2021-07-29 04:17:14,674 [INFO] sending message $BPRMB,031715.25,2.2325725234701395,1,0,750,0,1*6f
...
2021-07-29 04:17:15,676 [INFO] sending message $BPSTS,031715.67,1,BWSI Autonomy OK*44
...
2021-07-29 04:17:15,677 [INFO] Processing: $BFNVG,031713.54,4218.005035,N,07105.993081,W,0,10.0,1.0,30.8,0.0,0.0,031713.54*62
2021-07-29 04:17:15,679 [INFO] Interpreted as: {'position': (9.735821062116884, 9.083677401766181), 'latlon': (42.300083916666665, -71.09988468333333), 'heading': 30.8, 'depth': 1.0, 'altitude': 10.0, 'roll': 0.0, 'pitch': 0.0, 'last_fix_time': datetime.datetime(2021, 7, 29, 3, 17, 13), 'speed': None, 'rudder': 0, 'datum': (42.3, -71.1)}
2021-07-29 04:17:15,680 [INFO] Processing: $BFNVG,031713.89,4218.005163,N,07105.992985,W,0,10.0,1.0,30.4,0.0,0.0,031713.89*60
2021-07-29 04:17:15,682 [INFO] Interpreted as: {'position': (9.873559060273692, 9.317311928607523), 'latlon': (42.30008605, -71.09988308333334), 'heading': 30.4, 'depth': 1.0, 'altitude': 10.0, 'roll': 0.0, 'pitch': 0.0, 'last_fix_time': datetime.datetime(2021, 7, 29, 3, 17, 13), 'speed': None, 'rudder': 0, 'datum': (42.3, -71.1)}
2021-07-29 04:17:15,683 [INFO] Processing: $BFNVG,031714.25,4218.005292,N,07105.992889,W,0,10.0,1.0,30.0,0.0,0.0,031714.25*64
2021-07-29 04:17:15,686 [INFO] Interpreted as: {'position': (10.011342719430104, 9.55279715359211), 'latlon': (42.3000882, -71.09988148333333), 'heading': 30.0, 'depth': 1.0, 'altitude': 10.0, 'roll': 0.0, 'pitch': 0.0, 'last_fix_time': datetime.datetime(2021, 7, 29, 3, 17, 14), 'speed': None, 'rudder': 0, 'datum': (42.3, -71.1)}
2021-07-29 04:17:15,687 [INFO] Processing: $BFNVG,031714.60,4218.005419,N,07105.992796,W,0,10.0,1.0,29.7,0.0,0.0,031714.60*6F
2021-07-29 04:17:15,689 [INFO] Interpreted as: {'position': (10.144913399359211, 9.784682696685195), 'latlon': (42.30009031666667, -71.09987993333333), 'heading': 29.7, 'depth': 1.0, 'altitude': 10.0, 'roll': 0.0, 'pitch': 0.0, 'last_fix_time': datetime.datetime(2021, 7, 29, 3, 17, 14), 'speed': None, 'rudder': 0, 'datum': (42.3, -71.1)}
2021-07-29 04:17:15,690 [INFO] Received from Frontseat: [b'$BFNVG,031713.54,4218.005035,N,07105.993081,W,0,10.0,1.0,30.8,0.0,0.0,031713.54*62', b'$BFNVG,031713.89,4218.005163,N,07105.992985,W,0,10.0,1.0,30.4,0.0,0.0,031713.89*60', b'$BFNVG,031714.25,4218.005292,N,07105.992889,W,0,10.0,1.0,30.0,0.0,0.0,031714.25*64', b'$BFNVG,031714.60,4218.005419,N,07105.992796,W,0,10.0,1.0,29.7,0.0,0.0,031714.60*6F']
2021-07-29 04:17:15,691 [INFO] AUV state: {'position': (10.144913399359211, 9.784682696685195), 'latlon': (42.30009031666667, -71.09987993333333), 'heading': 29.7, 'depth': 1.0, 'altitude': 10.0, 'roll': 0.0, 'pitch': 0.0, 'last_fix_time': datetime.datetime(2021, 7, 29, 3, 17, 14), 'speed': None, 'rudder': 0, 'datum': (42.3, -71.1)}
2021-07-29 04:17:16,013 [INFO] **** [(-16.584914546184553, -14.949289128763544)] [(14.906959316864342, -18.923589113735588)]
2021-07-29 04:17:16,015 [INFO] Next green buoy: [(-16.584914546184553, -14.949289128763544)], next red buoy: [(14.906959316864342, -18.923589113735588)]
2021-07-29 04:17:16,016 [INFO] Desired_heading: 28.861022385339894
2021-07-29 04:17:16,016 [INFO] delta angle: -0.535299339528251
2021-07-29 04:17:16,017 [INFO] sending message $BPRMB,031716.09,0.535299339528251,1,0,750,0,1*5b
...
2021-07-29 04:17:17,019 [INFO] sending message $BPSTS,031717.01,1,BWSI Autonomy OK*46
...
2021-07-29 04:17:17,020 [INFO] Processing: $BFNVG,031714.94,4218.005546,N,07105.992705,W,0,10.0,1.0,29.3,0.0,0.0,031714.94*6A
2021-07-29 04:17:17,022 [INFO] Interpreted as: {'position': (10.275736313313246, 10.016636049374938), 'latlon': (42.30009243333333, -71.09987841666667), 'heading': 29.3, 'depth': 1.0, 'altitude': 10.0, 'roll': 0.0, 'pitch': 0.0, 'last_fix_time': datetime.datetime(2021, 7, 29, 3, 17, 14), 'speed': None, 'rudder': 0, 'datum': (42.3, -71.1)}
2021-07-29 04:17:17,023 [INFO] Processing: $BFNVG,031715.29,4218.005674,N,07105.992614,W,0,10.0,1.0,29.1,0.0,0.0,031715.29*6B
2021-07-29 04:17:17,025 [INFO] Interpreted as: {'position': (10.406604888441507, 10.250440101139247), 'latlon': (42.300094566666665, -71.0998769), 'heading': 29.1, 'depth': 1.0, 'altitude': 10.0, 'roll': 0.0, 'pitch': 0.0, 'last_fix_time': datetime.datetime(2021, 7, 29, 3, 17, 15), 'speed': None, 'rudder': 0, 'datum': (42.3, -71.1)}
2021-07-29 04:17:17,026 [INFO] Processing: $BFNVG,031715.63,4218.005802,N,07105.992524,W,0,10.0,1.0,29.0,0.0,0.0,031715.63*65
2021-07-29 04:17:17,028 [INFO] Interpreted as: {'position': (10.536099579767324, 10.484278058633208), 'latlon': (42.3000967, -71.0998754), 'heading': 29.0, 'depth': 1.0, 'altitude': 10.0, 'roll': 0.0, 'pitch': 0.0, 'last_fix_time': datetime.datetime(2021, 7, 29, 3, 17, 15), 'speed': None, 'rudder': 0, 'datum': (42.3, -71.1)}
2021-07-29 04:17:17,029 [INFO] Received from Frontseat: [b'$BFNVG,031714.94,4218.005546,N,07105.992705,W,0,10.0,1.0,29.3,0.0,0.0,031714.94*6A', b'$BFNVG,031715.29,4218.005674,N,07105.992614,W,0,10.0,1.0,29.1,0.0,0.0,031715.29*6B', b'$BFNVG,031715.63,4218.005802,N,07105.992524,W,0,10.0,1.0,29.0,0.0,0.0,031715.63*65']
2021-07-29 04:17:17,030 [INFO] AUV state: {'position': (10.536099579767324, 10.484278058633208), 'latlon': (42.3000967, -71.0998754), 'heading': 29.0, 'depth': 1.0, 'altitude': 10.0, 'roll': 0.0, 'pitch': 0.0, 'last_fix_time': datetime.datetime(2021, 7, 29, 3, 17, 15), 'speed': None, 'rudder': 0, 'datum': (42.3, -71.1)}
2021-07-29 04:17:17,380 [INFO] **** [(-19.43804117861696, -18.32665016380949), (22.63926711752991, -6.908154819264782)] [(20.318313143144692, -23.964674835233048)]
2021-07-29 04:17:17,382 [INFO] Next green buoy: [(-19.43804117861696, -18.32665016380949), (22.63926711752991, -6.908154819264782)], next red buoy: [(20.318313143144692, -23.964674835233048)]
2021-07-29 04:17:17,382 [INFO] Desired_heading: 29.440135982263868
2021-07-29 04:17:17,383 [INFO] delta angle: 0.23899693661847277
2021-07-29 04:17:17,383 [INFO] sending message $BPRMB,031717.94,-0.23899693661847277,1,0,750,0,1*7f
...
2021-07-29 04:17:18,385 [INFO] sending message $BPSTS,031718.38,1,BWSI Autonomy OK*43
...
2021-07-29 04:17:18,386 [INFO] Processing: $BFNVG,031715.98,4218.005931,N,07105.992434,W,0,10.0,1.0,28.8,0.0,0.0,031715.98*6D
2021-07-29 04:17:18,388 [INFO] Interpreted as: {'position': (10.665639930404723, 10.719966714270413), 'latlon': (42.30009885, -71.0998739), 'heading': 28.8, 'depth': 1.0, 'altitude': 10.0, 'roll': 0.0, 'pitch': 0.0, 'last_fix_time': datetime.datetime(2021, 7, 29, 3, 17, 15), 'speed': None, 'rudder': 0, 'datum': (42.3, -71.1)}
2021-07-29 04:17:18,389 [INFO] Processing: $BFNVG,031716.33,4218.006059,N,07105.992344,W,0,10.0,1.0,28.7,0.0,0.0,031716.33*66
2021-07-29 04:17:18,391 [INFO] Interpreted as: {'position': (10.795134603395127, 10.953804674558342), 'latlon': (42.30010098333333, -71.0998724), 'heading': 28.7, 'depth': 1.0, 'altitude': 10.0, 'roll': 0.0, 'pitch': 0.0, 'last_fix_time': datetime.datetime(2021, 7, 29, 3, 17, 16), 'speed': None, 'rudder': 0, 'datum': (42.3, -71.1)}
2021-07-29 04:17:18,392 [INFO] Processing: $BFNVG,031716.67,4218.006187,N,07105.992255,W,0,10.0,1.0,28.7,0.0,0.0,031716.67*65
2021-07-29 04:17:18,394 [INFO] Interpreted as: {'position': (10.923255392815918, 11.187676542438567), 'latlon': (42.30010311666667, -71.09987091666666), 'heading': 28.7, 'depth': 1.0, 'altitude': 10.0, 'roll': 0.0, 'pitch': 0.0, 'last_fix_time': datetime.datetime(2021, 7, 29, 3, 17, 16), 'speed': None, 'rudder': 0, 'datum': (42.3, -71.1)}
2021-07-29 04:17:18,395 [INFO] Processing: $BFNVG,031717.02,4218.006316,N,07105.992166,W,0,10.0,1.0,28.6,0.0,0.0,031717.02*6D
2021-07-29 04:17:18,397 [INFO] Interpreted as: {'position': (11.051421839394607, 11.423399108462036), 'latlon': (42.30010526666667, -71.09986943333334), 'heading': 28.6, 'depth': 1.0, 'altitude': 10.0, 'roll': 0.0, 'pitch': 0.0, 'last_fix_time': datetime.datetime(2021, 7, 29, 3, 17, 17), 'speed': None, 'rudder': 0, 'datum': (42.3, -71.1)}
2021-07-29 04:17:18,398 [INFO] Received from Frontseat: [b'$BFNVG,031715.98,4218.005931,N,07105.992434,W,0,10.0,1.0,28.8,0.0,0.0,031715.98*6D', b'$BFNVG,031716.33,4218.006059,N,07105.992344,W,0,10.0,1.0,28.7,0.0,0.0,031716.33*66', b'$BFNVG,031716.67,4218.006187,N,07105.992255,W,0,10.0,1.0,28.7,0.0,0.0,031716.67*65', b'$BFNVG,031717.02,4218.006316,N,07105.992166,W,0,10.0,1.0,28.6,0.0,0.0,031717.02*6D']
2021-07-29 04:17:18,399 [INFO] AUV state: {'position': (11.051421839394607, 11.423399108462036), 'latlon': (42.30010526666667, -71.09986943333334), 'heading': 28.6, 'depth': 1.0, 'altitude': 10.0, 'roll': 0.0, 'pitch': 0.0, 'last_fix_time': datetime.datetime(2021, 7, 29, 3, 17, 17), 'speed': None, 'rudder': 0, 'datum': (42.3, -71.1)}
2021-07-29 04:17:18,698 [INFO] **** [] []
2021-07-29 04:17:18,700 [INFO] Next green buoy: [], next red buoy: []
2021-07-29 04:17:18,701 [INFO] Desired_heading: 28.6
2021-07-29 04:17:18,701 [INFO] delta angle: 0.0
2021-07-29 04:17:18,702 [INFO] sending message $BPRMB,031718.82,-0.0,1,0,750,0,1*7a
...
2021-07-29 04:17:19,704 [INFO] sending message $BPSTS,031719.70,1,BWSI Autonomy OK*4e
...
2021-07-29 04:17:19,705 [INFO] Processing: $BFNVG,031717.37,4218.006445,N,07105.992076,W,0,10.0,1.0,28.6,0.0,0.0,031717.37*6C
2021-07-29 04:17:19,707 [INFO] Interpreted as: {'position': (11.180962159414776, 11.659087773412466), 'latlon': (42.30010741666667, -71.09986793333333), 'heading': 28.6, 'depth': 1.0, 'altitude': 10.0, 'roll': 0.0, 'pitch': 0.0, 'last_fix_time': datetime.datetime(2021, 7, 29, 3, 17, 17), 'speed': None, 'rudder': 0, 'datum': (42.3, -71.1)}
2021-07-29 04:17:19,708 [INFO] Processing: $BFNVG,031717.72,4218.006574,N,07105.991987,W,0,10.0,1.0,28.6,0.0,0.0,031717.72*6B
2021-07-29 04:17:19,710 [INFO] Interpreted as: {'position': (11.309128593886271, 11.894810343161225), 'latlon': (42.30010956666667, -71.09986645), 'heading': 28.6, 'depth': 1.0, 'altitude': 10.0, 'roll': 0.0, 'pitch': 0.0, 'last_fix_time': datetime.datetime(2021, 7, 29, 3, 17, 17), 'speed': None, 'rudder': 0, 'datum': (42.3, -71.1)}
2021-07-29 04:17:19,711 [INFO] Processing: $BFNVG,031718.06,4218.006702,N,07105.991899,W,0,10.0,1.0,28.6,0.0,0.0,031718.06*66
2021-07-29 04:17:19,713 [INFO] Interpreted as: {'position': (11.435875469411258, 12.128716122359037), 'latlon': (42.3001117, -71.09986498333333), 'heading': 28.6, 'depth': 1.0, 'altitude': 10.0, 'roll': 0.0, 'pitch': 0.0, 'last_fix_time': datetime.datetime(2021, 7, 29, 3, 17, 18), 'speed': None, 'rudder': 0, 'datum': (42.3, -71.1)}
2021-07-29 04:17:19,714 [INFO] Processing: $BFNVG,031718.42,4218.006835,N,07105.991807,W,0,10.0,1.0,28.6,0.0,0.0,031718.42*6A
2021-07-29 04:17:19,716 [INFO] Interpreted as: {'position': (11.568346196552739, 12.37173977587372), 'latlon': (42.30011391666667, -71.09986345), 'heading': 28.6, 'depth': 1.0, 'altitude': 10.0, 'roll': 0.0, 'pitch': 0.0, 'last_fix_time': datetime.datetime(2021, 7, 29, 3, 17, 18), 'speed': None, 'rudder': 0, 'datum': (42.3, -71.1)}
2021-07-29 04:17:19,717 [INFO] Received from Frontseat: [b'$BFNVG,031717.37,4218.006445,N,07105.992076,W,0,10.0,1.0,28.6,0.0,0.0,031717.37*6C', b'$BFNVG,031717.72,4218.006574,N,07105.991987,W,0,10.0,1.0,28.6,0.0,0.0,031717.72*6B', b'$BFNVG,031718.06,4218.006702,N,07105.991899,W,0,10.0,1.0,28.6,0.0,0.0,031718.06*66', b'$BFNVG,031718.42,4218.006835,N,07105.991807,W,0,10.0,1.0,28.6,0.0,0.0,031718.42*6A']
2021-07-29 04:17:19,717 [INFO] AUV state: {'position': (11.568346196552739, 12.37173977587372), 'latlon': (42.30011391666667, -71.09986345), 'heading': 28.6, 'depth': 1.0, 'altitude': 10.0, 'roll': 0.0, 'pitch': 0.0, 'last_fix_time': datetime.datetime(2021, 7, 29, 3, 17, 18), 'speed': None, 'rudder': 0, 'datum': (42.3, -71.1)}
2021-07-29 04:17:20,015 [INFO] **** [] []
2021-07-29 04:17:20,018 [INFO] Next green buoy: [], next red buoy: []
2021-07-29 04:17:20,018 [INFO] Desired_heading: 28.6
2021-07-29 04:17:20,018 [INFO] delta angle: 0.0
2021-07-29 04:17:20,019 [INFO] sending message $BPRMB,031720.57,-0.0,1,0,750,0,1*79
...
2021-07-29 04:17:21,021 [INFO] sending message $BPSTS,031721.02,1,BWSI Autonomy OK*40
...
2021-07-29 04:17:21,027 [INFO] Processing: $BFNVG,031718.77,4218.006962,N,07105.991718,W,0,10.0,1.0,28.7,0.0,0.0,031718.77*69
2021-07-29 04:17:21,029 [INFO] Interpreted as: {'position': (11.696421268221457, 12.603760957717896), 'latlon': (42.30011603333333, -71.09986196666667), 'heading': 28.7, 'depth': 1.0, 'altitude': 10.0, 'roll': 0.0, 'pitch': 0.0, 'last_fix_time': datetime.datetime(2021, 7, 29, 3, 17, 18), 'speed': None, 'rudder': 0, 'datum': (42.3, -71.1)}
2021-07-29 04:17:21,030 [INFO] Processing: $BFNVG,031719.12,4218.007093,N,07105.991627,W,0,10.0,1.0,28.7,0.0,0.0,031719.12*62
2021-07-29 04:17:21,032 [INFO] Interpreted as: {'position': (11.827426758711226, 12.843117125332355), 'latlon': (42.30011821666667, -71.09986045), 'heading': 28.7, 'depth': 1.0, 'altitude': 10.0, 'roll': 0.0, 'pitch': 0.0, 'last_fix_time': datetime.datetime(2021, 7, 29, 3, 17, 19), 'speed': None, 'rudder': 0, 'datum': (42.3, -71.1)}
2021-07-29 04:17:21,033 [INFO] Processing: $BFNVG,031719.47,4218.007223,N,07105.991537,W,0,10.0,1.0,28.7,0.0,0.0,031719.47*69
2021-07-29 04:17:21,034 [INFO] Interpreted as: {'position': (11.957012698694598, 13.080656501464546), 'latlon': (42.300120383333336, -71.09985895), 'heading': 28.7, 'depth': 1.0, 'altitude': 10.0, 'roll': 0.0, 'pitch': 0.0, 'last_fix_time': datetime.datetime(2021, 7, 29, 3, 17, 19), 'speed': None, 'rudder': 0, 'datum': (42.3, -71.1)}
2021-07-29 04:17:21,036 [INFO] Processing: $BFNVG,031719.82,4218.007353,N,07105.991447,W,0,10.0,1.0,28.7,0.0,0.0,031719.82*69
2021-07-29 04:17:21,037 [INFO] Interpreted as: {'position': (12.086598628317006, 13.318195877596736), 'latlon': (42.30012255, -71.09985745), 'heading': 28.7, 'depth': 1.0, 'altitude': 10.0, 'roll': 0.0, 'pitch': 0.0, 'last_fix_time': datetime.datetime(2021, 7, 29, 3, 17, 19), 'speed': None, 'rudder': 0, 'datum': (42.3, -71.1)}
2021-07-29 04:17:21,038 [INFO] Received from Frontseat: [b'$BFNVG,031718.77,4218.006962,N,07105.991718,W,0,10.0,1.0,28.7,0.0,0.0,031718.77*69', b'$BFNVG,031719.12,4218.007093,N,07105.991627,W,0,10.0,1.0,28.7,0.0,0.0,031719.12*62', b'$BFNVG,031719.47,4218.007223,N,07105.991537,W,0,10.0,1.0,28.7,0.0,0.0,031719.47*69', b'$BFNVG,031719.82,4218.007353,N,07105.991447,W,0,10.0,1.0,28.7,0.0,0.0,031719.82*69']
2021-07-29 04:17:21,039 [INFO] AUV state: {'position': (12.086598628317006, 13.318195877596736), 'latlon': (42.30012255, -71.09985745), 'heading': 28.7, 'depth': 1.0, 'altitude': 10.0, 'roll': 0.0, 'pitch': 0.0, 'last_fix_time': datetime.datetime(2021, 7, 29, 3, 17, 19), 'speed': None, 'rudder': 0, 'datum': (42.3, -71.1)}
2021-07-29 04:17:21,333 [INFO] **** [] []
2021-07-29 04:17:21,335 [INFO] Next green buoy: [], next red buoy: []
2021-07-29 04:17:21,336 [INFO] Desired_heading: 28.7
2021-07-29 04:17:21,336 [INFO] delta angle: 0.0
2021-07-29 04:17:21,336 [INFO] sending message $BPRMB,031721.46,-0.0,1,0,750,0,1*78
...
2021-07-29 04:17:22,338 [INFO] sending message $BPSTS,031722.33,1,BWSI Autonomy OK*41
...
2021-07-29 04:17:22,340 [INFO] Processing: $BFNVG,031720.17,4218.007482,N,07105.991357,W,0,10.0,1.0,28.7,0.0,0.0,031720.17*64
2021-07-29 04:17:22,342 [INFO] Interpreted as: {'position': (12.216138880699873, 13.553884560242295), 'latlon': (42.3001247, -71.09985595), 'heading': 28.7, 'depth': 1.0, 'altitude': 10.0, 'roll': 0.0, 'pitch': 0.0, 'last_fix_time': datetime.datetime(2021, 7, 29, 3, 17, 20), 'speed': None, 'rudder': 0, 'datum': (42.3, -71.1)}
2021-07-29 04:17:22,342 [INFO] Processing: $BFNVG,031720.52,4218.007611,N,07105.991268,W,0,10.0,1.0,28.7,0.0,0.0,031720.52*61
2021-07-29 04:17:22,344 [INFO] Interpreted as: {'position': (12.344305249862373, 13.789607148617506), 'latlon': (42.30012685, -71.09985446666667), 'heading': 28.7, 'depth': 1.0, 'altitude': 10.0, 'roll': 0.0, 'pitch': 0.0, 'last_fix_time': datetime.datetime(2021, 7, 29, 3, 17, 20), 'speed': None, 'rudder': 0, 'datum': (42.3, -71.1)}
2021-07-29 04:17:22,345 [INFO] Processing: $BFNVG,031720.86,4218.007739,N,07105.991179,W,0,10.0,1.0,28.7,0.0,0.0,031720.86*69
2021-07-29 04:17:22,347 [INFO] Interpreted as: {'position': (12.472425937769003, 14.02347904164344), 'latlon': (42.30012898333333, -71.09985298333334), 'heading': 28.7, 'depth': 1.0, 'altitude': 10.0, 'roll': 0.0, 'pitch': 0.0, 'last_fix_time': datetime.datetime(2021, 7, 29, 3, 17, 20), 'speed': None, 'rudder': 0, 'datum': (42.3, -71.1)}
2021-07-29 04:17:22,348 [INFO] Processing: $BFNVG,031721.21,4218.007868,N,07105.991090,W,0,10.0,1.0,28.7,0.0,0.0,031721.21*64
2021-07-29 04:17:22,350 [INFO] Interpreted as: {'position': (12.600592290807981, 14.259201631881297), 'latlon': (42.30013113333333, -71.0998515), 'heading': 28.7, 'depth': 1.0, 'altitude': 10.0, 'roll': 0.0, 'pitch': 0.0, 'last_fix_time': datetime.datetime(2021, 7, 29, 3, 17, 21), 'speed': None, 'rudder': 0, 'datum': (42.3, -71.1)}
2021-07-29 04:17:22,351 [INFO] Received from Frontseat: [b'$BFNVG,031720.17,4218.007482,N,07105.991357,W,0,10.0,1.0,28.7,0.0,0.0,031720.17*64', b'$BFNVG,031720.52,4218.007611,N,07105.991268,W,0,10.0,1.0,28.7,0.0,0.0,031720.52*61', b'$BFNVG,031720.86,4218.007739,N,07105.991179,W,0,10.0,1.0,28.7,0.0,0.0,031720.86*69', b'$BFNVG,031721.21,4218.007868,N,07105.991090,W,0,10.0,1.0,28.7,0.0,0.0,031721.21*64']
2021-07-29 04:17:22,352 [INFO] AUV state: {'position': (12.600592290807981, 14.259201631881297), 'latlon': (42.30013113333333, -71.0998515), 'heading': 28.7, 'depth': 1.0, 'altitude': 10.0, 'roll': 0.0, 'pitch': 0.0, 'last_fix_time': datetime.datetime(2021, 7, 29, 3, 17, 21), 'speed': None, 'rudder': 0, 'datum': (42.3, -71.1)}
2021-07-29 04:17:22,646 [INFO] **** [] []
2021-07-29 04:17:22,648 [INFO] Next green buoy: [], next red buoy: []
2021-07-29 04:17:22,648 [INFO] Desired_heading: 28.7
2021-07-29 04:17:22,649 [INFO] delta angle: 0.0
2021-07-29 04:17:22,649 [INFO] sending message $BPRMB,031723.21,-0.0,1,0,750,0,1*7b
...
2021-07-29 04:17:23,651 [INFO] sending message $BPSTS,031723.65,1,BWSI Autonomy OK*43
...
2021-07-29 04:17:23,652 [INFO] Processing: $BFNVG,031721.56,4218.007998,N,07105.991000,W,0,10.0,1.0,28.7,0.0,0.0,031721.56*63
2021-07-29 04:17:23,654 [INFO] Interpreted as: {'position': (12.730178179510403, 14.496741022914648), 'latlon': (42.3001333, -71.09985), 'heading': 28.7, 'depth': 1.0, 'altitude': 10.0, 'roll': 0.0, 'pitch': 0.0, 'last_fix_time': datetime.datetime(2021, 7, 29, 3, 17, 21), 'speed': None, 'rudder': 0, 'datum': (42.3, -71.1)}
2021-07-29 04:17:23,656 [INFO] Processing: $BFNVG,031721.91,4218.008126,N,07105.990911,W,0,10.0,1.0,28.7,0.0,0.0,031721.91*69
2021-07-29 04:17:23,658 [INFO] Interpreted as: {'position': (12.858298845239915, 14.73061292245984), 'latlon': (42.30013543333333, -71.09984851666667), 'heading': 28.7, 'depth': 1.0, 'altitude': 10.0, 'roll': 0.0, 'pitch': 0.0, 'last_fix_time': datetime.datetime(2021, 7, 29, 3, 17, 21), 'speed': None, 'rudder': 0, 'datum': (42.3, -71.1)}
2021-07-29 04:17:23,658 [INFO] Processing: $BFNVG,031722.25,4218.008254,N,07105.990822,W,0,10.0,1.0,28.7,0.0,0.0,031722.25*6E
2021-07-29 04:17:23,660 [INFO] Interpreted as: {'position': (12.986419505032245, 14.964484822005033), 'latlon': (42.30013756666666, -71.09984703333333), 'heading': 28.7, 'depth': 1.0, 'altitude': 10.0, 'roll': 0.0, 'pitch': 0.0, 'last_fix_time': datetime.datetime(2021, 7, 29, 3, 17, 22), 'speed': None, 'rudder': 0, 'datum': (42.3, -71.1)}
2021-07-29 04:17:23,661 [INFO] Processing: $BFNVG,031722.60,4218.008383,N,07105.990733,W,0,10.0,1.0,28.7,0.0,0.0,031722.60*6A
2021-07-29 04:17:23,663 [INFO] Interpreted as: {'position': (13.114585823612288, 15.200207422487438), 'latlon': (42.30013971666666, -71.09984555), 'heading': 28.7, 'depth': 1.0, 'altitude': 10.0, 'roll': 0.0, 'pitch': 0.0, 'last_fix_time': datetime.datetime(2021, 7, 29, 3, 17, 22), 'speed': None, 'rudder': 0, 'datum': (42.3, -71.1)}
2021-07-29 04:17:23,664 [INFO] Received from Frontseat: [b'$BFNVG,031721.56,4218.007998,N,07105.991000,W,0,10.0,1.0,28.7,0.0,0.0,031721.56*63', b'$BFNVG,031721.91,4218.008126,N,07105.990911,W,0,10.0,1.0,28.7,0.0,0.0,031721.91*69', b'$BFNVG,031722.25,4218.008254,N,07105.990822,W,0,10.0,1.0,28.7,0.0,0.0,031722.25*6E', b'$BFNVG,031722.60,4218.008383,N,07105.990733,W,0,10.0,1.0,28.7,0.0,0.0,031722.60*6A']
2021-07-29 04:17:23,665 [INFO] AUV state: {'position': (13.114585823612288, 15.200207422487438), 'latlon': (42.30013971666666, -71.09984555), 'heading': 28.7, 'depth': 1.0, 'altitude': 10.0, 'roll': 0.0, 'pitch': 0.0, 'last_fix_time': datetime.datetime(2021, 7, 29, 3, 17, 22), 'speed': None, 'rudder': 0, 'datum': (42.3, -71.1)}
2021-07-29 04:17:23,961 [INFO] **** [] []
2021-07-29 04:17:23,963 [INFO] Next green buoy: [], next red buoy: []
2021-07-29 04:17:23,964 [INFO] Desired_heading: 28.7
2021-07-29 04:17:23,964 [INFO] delta angle: 0.0
2021-07-29 04:17:23,965 [INFO] sending message $BPRMB,031724.08,-0.0,1,0,750,0,1*77
...
2021-07-29 04:17:24,966 [INFO] sending message $BPSTS,031724.96,1,BWSI Autonomy OK*48
...
2021-07-29 04:17:24,968 [INFO] Processing: $BFNVG,031722.95,4218.008513,N,07105.990643,W,0,10.0,1.0,28.7,0.0,0.0,031722.95*63
2021-07-29 04:17:24,970 [INFO] Interpreted as: {'position': (13.244171679543797, 15.437746821902692), 'latlon': (42.30014188333333, -71.09984405), 'heading': 28.7, 'depth': 1.0, 'altitude': 10.0, 'roll': 0.0, 'pitch': 0.0, 'last_fix_time': datetime.datetime(2021, 7, 29, 3, 17, 22), 'speed': None, 'rudder': 0, 'datum': (42.3, -71.1)}
2021-07-29 04:17:24,971 [INFO] Processing: $BFNVG,031723.30,4218.008643,N,07105.990552,W,0,10.0,1.0,28.7,0.0,0.0,031723.30*66
2021-07-29 04:17:24,973 [INFO] Interpreted as: {'position': (13.375131406006403, 15.675252318382263), 'latlon': (42.30014405, -71.09984253333333), 'heading': 28.7, 'depth': 1.0, 'altitude': 10.0, 'roll': 0.0, 'pitch': 0.0, 'last_fix_time': datetime.datetime(2021, 7, 29, 3, 17, 23), 'speed': None, 'rudder': 0, 'datum': (42.3, -71.1)}
2021-07-29 04:17:24,974 [INFO] Processing: $BFNVG,031723.65,4218.008773,N,07105.990462,W,0,10.0,1.0,28.7,0.0,0.0,031723.65*66
2021-07-29 04:17:24,976 [INFO] Interpreted as: {'position': (13.504717245465145, 15.912791719660163), 'latlon': (42.30014621666667, -71.09984103333333), 'heading': 28.7, 'depth': 1.0, 'altitude': 10.0, 'roll': 0.0, 'pitch': 0.0, 'last_fix_time': datetime.datetime(2021, 7, 29, 3, 17, 23), 'speed': None, 'rudder': 0, 'datum': (42.3, -71.1)}
2021-07-29 04:17:24,977 [INFO] Received from Frontseat: [b'$BFNVG,031722.95,4218.008513,N,07105.990643,W,0,10.0,1.0,28.7,0.0,0.0,031722.95*63', b'$BFNVG,031723.30,4218.008643,N,07105.990552,W,0,10.0,1.0,28.7,0.0,0.0,031723.30*66', b'$BFNVG,031723.65,4218.008773,N,07105.990462,W,0,10.0,1.0,28.7,0.0,0.0,031723.65*66']
2021-07-29 04:17:24,977 [INFO] AUV state: {'position': (13.504717245465145, 15.912791719660163), 'latlon': (42.30014621666667, -71.09984103333333), 'heading': 28.7, 'depth': 1.0, 'altitude': 10.0, 'roll': 0.0, 'pitch': 0.0, 'last_fix_time': datetime.datetime(2021, 7, 29, 3, 17, 23), 'speed': None, 'rudder': 0, 'datum': (42.3, -71.1)}
2021-07-29 04:17:25,273 [INFO] **** [] []
2021-07-29 04:17:25,276 [INFO] Next green buoy: [], next red buoy: []
2021-07-29 04:17:25,276 [INFO] Desired_heading: 28.7
2021-07-29 04:17:25,276 [INFO] delta angle: 0.0
2021-07-29 04:17:25,277 [INFO] sending message $BPRMB,031725.84,-0.0,1,0,750,0,1*72
...
2021-07-29 04:17:26,279 [INFO] sending message $BPSTS,031726.27,1,BWSI Autonomy OK*40
...
2021-07-29 04:17:26,285 [INFO] Processing: $BFNVG,031724.01,4218.008904,N,07105.990371,W,0,10.0,1.0,28.7,0.0,0.0,031724.01*6D
2021-07-29 04:17:26,287 [INFO] Interpreted as: {'position': (13.635722621809691, 16.15214791893959), 'latlon': (42.3001484, -71.09983951666666), 'heading': 28.7, 'depth': 1.0, 'altitude': 10.0, 'roll': 0.0, 'pitch': 0.0, 'last_fix_time': datetime.datetime(2021, 7, 29, 3, 17, 24), 'speed': None, 'rudder': 0, 'datum': (42.3, -71.1)}
2021-07-29 04:17:26,288 [INFO] Processing: $BFNVG,031724.36,4218.009034,N,07105.990281,W,0,10.0,1.0,28.7,0.0,0.0,031724.36*68
2021-07-29 04:17:26,290 [INFO] Interpreted as: {'position': (13.765308446832933, 16.389687324874103), 'latlon': (42.300150566666666, -71.09983801666667), 'heading': 28.7, 'depth': 1.0, 'altitude': 10.0, 'roll': 0.0, 'pitch': 0.0, 'last_fix_time': datetime.datetime(2021, 7, 29, 3, 17, 24), 'speed': None, 'rudder': 0, 'datum': (42.3, -71.1)}
2021-07-29 04:17:26,291 [INFO] Processing: $BFNVG,031724.71,4218.009164,N,07105.990191,W,0,10.0,1.0,28.7,0.0,0.0,031724.71*6E
2021-07-29 04:17:26,293 [INFO] Interpreted as: {'position': (13.89489425928332, 16.627226733602583), 'latlon': (42.300152733333334, -71.09983651666667), 'heading': 28.7, 'depth': 1.0, 'altitude': 10.0, 'roll': 0.0, 'pitch': 0.0, 'last_fix_time': datetime.datetime(2021, 7, 29, 3, 17, 24), 'speed': None, 'rudder': 0, 'datum': (42.3, -71.1)}
2021-07-29 04:17:26,294 [INFO] Processing: $BFNVG,031725.06,4218.009294,N,07105.990100,W,0,10.0,1.0,28.7,0.0,0.0,031725.06*6A
2021-07-29 04:17:26,296 [INFO] Interpreted as: {'position': (14.025853944011033, 16.864732241258025), 'latlon': (42.3001549, -71.099835), 'heading': 28.7, 'depth': 1.0, 'altitude': 10.0, 'roll': 0.0, 'pitch': 0.0, 'last_fix_time': datetime.datetime(2021, 7, 29, 3, 17, 25), 'speed': None, 'rudder': 0, 'datum': (42.3, -71.1)}
2021-07-29 04:17:26,297 [INFO] Received from Frontseat: [b'$BFNVG,031724.01,4218.008904,N,07105.990371,W,0,10.0,1.0,28.7,0.0,0.0,031724.01*6D', b'$BFNVG,031724.36,4218.009034,N,07105.990281,W,0,10.0,1.0,28.7,0.0,0.0,031724.36*68', b'$BFNVG,031724.71,4218.009164,N,07105.990191,W,0,10.0,1.0,28.7,0.0,0.0,031724.71*6E', b'$BFNVG,031725.06,4218.009294,N,07105.990100,W,0,10.0,1.0,28.7,0.0,0.0,031725.06*6A']
2021-07-29 04:17:26,298 [INFO] AUV state: {'position': (14.025853944011033, 16.864732241258025), 'latlon': (42.3001549, -71.099835), 'heading': 28.7, 'depth': 1.0, 'altitude': 10.0, 'roll': 0.0, 'pitch': 0.0, 'last_fix_time': datetime.datetime(2021, 7, 29, 3, 17, 25), 'speed': None, 'rudder': 0, 'datum': (42.3, -71.1)}
2021-07-29 04:17:26,592 [INFO] **** [] []
2021-07-29 04:17:26,594 [INFO] Next green buoy: [], next red buoy: []
2021-07-29 04:17:26,594 [INFO] Desired_heading: 28.7
2021-07-29 04:17:26,595 [INFO] delta angle: 0.0
2021-07-29 04:17:26,595 [INFO] sending message $BPRMB,031726.71,-0.0,1,0,750,0,1*7b
...
2021-07-29 04:17:27,597 [INFO] sending message $BPSTS,031727.59,1,BWSI Autonomy OK*48
...
2021-07-29 04:17:27,598 [INFO] Processing: $BFNVG,031725.41,4218.009424,N,07105.990010,W,0,10.0,1.0,28.7,0.0,0.0,031725.41*67
2021-07-29 04:17:27,600 [INFO] Interpreted as: {'position': (14.155439742084127, 17.10227165464312), 'latlon': (42.300157066666664, -71.0998335), 'heading': 28.7, 'depth': 1.0, 'altitude': 10.0, 'roll': 0.0, 'pitch': 0.0, 'last_fix_time': datetime.datetime(2021, 7, 29, 3, 17, 25), 'speed': None, 'rudder': 0, 'datum': (42.3, -71.1)}
2021-07-29 04:17:27,601 [INFO] Processing: $BFNVG,031725.76,4218.009553,N,07105.989921,W,0,10.0,1.0,28.7,0.0,0.0,031725.76*65
2021-07-29 04:17:27,603 [INFO] Interpreted as: {'position': (14.283605986915063, 17.337994274683297), 'latlon': (42.300159216666664, -71.09983201666667), 'heading': 28.7, 'depth': 1.0, 'altitude': 10.0, 'roll': 0.0, 'pitch': 0.0, 'last_fix_time': datetime.datetime(2021, 7, 29, 3, 17, 25), 'speed': None, 'rudder': 0, 'datum': (42.3, -71.1)}
2021-07-29 04:17:27,604 [INFO] Processing: $BFNVG,031726.11,4218.009683,N,07105.989831,W,0,10.0,1.0,28.7,0.0,0.0,031726.11*6B
2021-07-29 04:17:27,606 [INFO] Interpreted as: {'position': (14.413191770610865, 17.57553369179368), 'latlon': (42.30016138333333, -71.09983051666667), 'heading': 28.7, 'depth': 1.0, 'altitude': 10.0, 'roll': 0.0, 'pitch': 0.0, 'last_fix_time': datetime.datetime(2021, 7, 29, 3, 17, 26), 'speed': None, 'rudder': 0, 'datum': (42.3, -71.1)}
2021-07-29 04:17:27,607 [INFO] Processing: $BFNVG,031726.46,4218.009813,N,07105.989741,W,0,10.0,1.0,28.7,0.0,0.0,031726.46*64
2021-07-29 04:17:27,609 [INFO] Interpreted as: {'position': (14.54277754604118, 17.81307311169803), 'latlon': (42.30016355, -71.09982901666666), 'heading': 28.7, 'depth': 1.0, 'altitude': 10.0, 'roll': 0.0, 'pitch': 0.0, 'last_fix_time': datetime.datetime(2021, 7, 29, 3, 17, 26), 'speed': None, 'rudder': 0, 'datum': (42.3, -71.1)}
2021-07-29 04:17:27,610 [INFO] Received from Frontseat: [b'$BFNVG,031725.41,4218.009424,N,07105.990010,W,0,10.0,1.0,28.7,0.0,0.0,031725.41*67', b'$BFNVG,031725.76,4218.009553,N,07105.989921,W,0,10.0,1.0,28.7,0.0,0.0,031725.76*65', b'$BFNVG,031726.11,4218.009683,N,07105.989831,W,0,10.0,1.0,28.7,0.0,0.0,031726.11*6B', b'$BFNVG,031726.46,4218.009813,N,07105.989741,W,0,10.0,1.0,28.7,0.0,0.0,031726.46*64']
2021-07-29 04:17:27,611 [INFO] AUV state: {'position': (14.54277754604118, 17.81307311169803), 'latlon': (42.30016355, -71.09982901666666), 'heading': 28.7, 'depth': 1.0, 'altitude': 10.0, 'roll': 0.0, 'pitch': 0.0, 'last_fix_time': datetime.datetime(2021, 7, 29, 3, 17, 26), 'speed': None, 'rudder': 0, 'datum': (42.3, -71.1)}
2021-07-29 04:17:27,905 [INFO] **** [] []
2021-07-29 04:17:27,907 [INFO] Next green buoy: [], next red buoy: []
2021-07-29 04:17:27,908 [INFO] Desired_heading: 28.7
2021-07-29 04:17:27,908 [INFO] delta angle: 0.0
2021-07-29 04:17:27,909 [INFO] sending message $BPRMB,031728.48,-0.0,1,0,750,0,1*7f
...
2021-07-29 04:17:28,910 [INFO] sending message $BPSTS,031728.91,1,BWSI Autonomy OK*43
...
2021-07-29 04:17:28,912 [INFO] Processing: $BFNVG,031726.81,4218.009942,N,07105.989651,W,0,10.0,1.0,28.7,0.0,0.0,031726.81*61
2021-07-29 04:17:28,914 [INFO] Interpreted as: {'position': (14.67231764056487, 18.04876183718443), 'latlon': (42.3001657, -71.09982751666666), 'heading': 28.7, 'depth': 1.0, 'altitude': 10.0, 'roll': 0.0, 'pitch': 0.0, 'last_fix_time': datetime.datetime(2021, 7, 29, 3, 17, 26), 'speed': None, 'rudder': 0, 'datum': (42.3, -71.1)}
2021-07-29 04:17:28,915 [INFO] Processing: $BFNVG,031727.15,4218.010071,N,07105.989561,W,0,10.0,1.0,28.7,0.0,0.0,031727.15*60
2021-07-29 04:17:28,917 [INFO] Interpreted as: {'position': (14.801857731072232, 18.284450564533472), 'latlon': (42.30016785, -71.09982601666667), 'heading': 28.7, 'depth': 1.0, 'altitude': 10.0, 'roll': 0.0, 'pitch': 0.0, 'last_fix_time': datetime.datetime(2021, 7, 29, 3, 17, 27), 'speed': None, 'rudder': 0, 'datum': (42.3, -71.1)}
2021-07-29 04:17:28,918 [INFO] Processing: $BFNVG,031727.52,4218.010206,N,07105.989468,W,0,10.0,1.0,28.7,0.0,0.0,031727.52*6A
2021-07-29 04:17:28,920 [INFO] Interpreted as: {'position': (14.935793450044002, 18.53114177007228), 'latlon': (42.3001701, -71.09982446666666), 'heading': 28.7, 'depth': 1.0, 'altitude': 10.0, 'roll': 0.0, 'pitch': 0.0, 'last_fix_time': datetime.datetime(2021, 7, 29, 3, 17, 27), 'speed': None, 'rudder': 0, 'datum': (42.3, -71.1)}
2021-07-29 04:17:28,921 [INFO] Processing: $BFNVG,031727.87,4218.010335,N,07105.989378,W,0,10.0,1.0,28.7,0.0,0.0,031727.87*6D
2021-07-29 04:17:28,923 [INFO] Interpreted as: {'position': (15.065333521692082, 18.766830500215292), 'latlon': (42.30017225, -71.09982296666666), 'heading': 28.7, 'depth': 1.0, 'altitude': 10.0, 'roll': 0.0, 'pitch': 0.0, 'last_fix_time': datetime.datetime(2021, 7, 29, 3, 17, 27), 'speed': None, 'rudder': 0, 'datum': (42.3, -71.1)}
2021-07-29 04:17:28,924 [INFO] Received from Frontseat: [b'$BFNVG,031726.81,4218.009942,N,07105.989651,W,0,10.0,1.0,28.7,0.0,0.0,031726.81*61', b'$BFNVG,031727.15,4218.010071,N,07105.989561,W,0,10.0,1.0,28.7,0.0,0.0,031727.15*60', b'$BFNVG,031727.52,4218.010206,N,07105.989468,W,0,10.0,1.0,28.7,0.0,0.0,031727.52*6A', b'$BFNVG,031727.87,4218.010335,N,07105.989378,W,0,10.0,1.0,28.7,0.0,0.0,031727.87*6D']
2021-07-29 04:17:28,925 [INFO] AUV state: {'position': (15.065333521692082, 18.766830500215292), 'latlon': (42.30017225, -71.09982296666666), 'heading': 28.7, 'depth': 1.0, 'altitude': 10.0, 'roll': 0.0, 'pitch': 0.0, 'last_fix_time': datetime.datetime(2021, 7, 29, 3, 17, 27), 'speed': None, 'rudder': 0, 'datum': (42.3, -71.1)}
2021-07-29 04:17:29,224 [INFO] **** [] []
2021-07-29 04:17:29,226 [INFO] Next green buoy: [], next red buoy: []
2021-07-29 04:17:29,227 [INFO] Desired_heading: 28.7
2021-07-29 04:17:29,227 [INFO] delta angle: 0.0
2021-07-29 04:17:29,228 [INFO] sending message $BPRMB,031729.34,-0.0,1,0,750,0,1*75
...
2021-07-29 04:17:30,230 [INFO] sending message $BPSTS,031730.23,1,BWSI Autonomy OK*43
...
2021-07-29 04:17:30,232 [INFO] Processing: $BFNVG,031728.22,4218.010465,N,07105.989289,W,0,10.0,1.0,28.7,0.0,0.0,031728.22*60
2021-07-29 04:17:30,234 [INFO] Interpreted as: {'position': (15.193545379675925, 19.004403833299875), 'latlon': (42.300174416666664, -71.09982148333333), 'heading': 28.7, 'depth': 1.0, 'altitude': 10.0, 'roll': 0.0, 'pitch': 0.0, 'last_fix_time': datetime.datetime(2021, 7, 29, 3, 17, 28), 'speed': None, 'rudder': 0, 'datum': (42.3, -71.1)}
2021-07-29 04:17:30,236 [INFO] Processing: $BFNVG,031728.57,4218.010594,N,07105.989199,W,0,10.0,1.0,28.7,0.0,0.0,031728.57*6D
2021-07-29 04:17:30,238 [INFO] Interpreted as: {'position': (15.323085432930384, 19.24009256903082), 'latlon': (42.300176566666664, -71.09981998333333), 'heading': 28.7, 'depth': 1.0, 'altitude': 10.0, 'roll': 0.0, 'pitch': 0.0, 'last_fix_time': datetime.datetime(2021, 7, 29, 3, 17, 28), 'speed': None, 'rudder': 0, 'datum': (42.3, -71.1)}
2021-07-29 04:17:30,240 [INFO] Processing: $BFNVG,031728.91,4218.010723,N,07105.989109,W,0,10.0,1.0,28.7,0.0,0.0,031728.91*6A
2021-07-29 04:17:30,242 [INFO] Interpreted as: {'position': (15.452625482110307, 19.475781306624413), 'latlon': (42.300178716666665, -71.09981848333334), 'heading': 28.7, 'depth': 1.0, 'altitude': 10.0, 'roll': 0.0, 'pitch': 0.0, 'last_fix_time': datetime.datetime(2021, 7, 29, 3, 17, 28), 'speed': None, 'rudder': 0, 'datum': (42.3, -71.1)}
2021-07-29 04:17:30,245 [INFO] Received from Frontseat: [b'$BFNVG,031728.22,4218.010465,N,07105.989289,W,0,10.0,1.0,28.7,0.0,0.0,031728.22*60', b'$BFNVG,031728.57,4218.010594,N,07105.989199,W,0,10.0,1.0,28.7,0.0,0.0,031728.57*6D', b'$BFNVG,031728.91,4218.010723,N,07105.989109,W,0,10.0,1.0,28.7,0.0,0.0,031728.91*6A']
2021-07-29 04:17:30,246 [INFO] AUV state: {'position': (15.452625482110307, 19.475781306624413), 'latlon': (42.300178716666665, -71.09981848333334), 'heading': 28.7, 'depth': 1.0, 'altitude': 10.0, 'roll': 0.0, 'pitch': 0.0, 'last_fix_time': datetime.datetime(2021, 7, 29, 3, 17, 28), 'speed': None, 'rudder': 0, 'datum': (42.3, -71.1)}
2021-07-29 04:17:30,539 [INFO] **** [] []
2021-07-29 04:17:30,541 [INFO] Next green buoy: [], next red buoy: []
2021-07-29 04:17:30,541 [INFO] Desired_heading: 28.7
2021-07-29 04:17:30,542 [INFO] delta angle: 0.0
2021-07-29 04:17:30,542 [INFO] sending message $BPRMB,031731.11,-0.0,1,0,750,0,1*7b
...
2021-07-29 04:17:31,375 [ERROR] An error occurred. The stack trace is below.
Traceback (most recent call last):
  File "BWSI_BackSeat.py", line 126, in run
    time.sleep(1/self.__warp)
KeyboardInterrupt
