2021-07-29 14:26:32,870 [INFO] host = 192.168.1.213, port = 29500
2021-07-29 14:26:37,010 [INFO] sending message $BPLOG,ACK,ON*1e
...
2021-07-29 14:26:37,011 [INFO] sending message $BPLOG,ALL,ON*16
...
2021-07-29 14:26:37,012 [INFO] sending message $BPSTS,132637.01,1,BWSI Autonomy OK*47
...
2021-07-29 14:26:37,013 [INFO] Received from Frontseat: []
2021-07-29 14:26:37,013 [INFO] AUV state: {'position': (None, None), 'latlon': None, 'heading': None, 'depth': None, 'altitude': None, 'roll': None, 'pitch': None, 'last_fix_time': None, 'speed': None, 'rudder': 0}
2021-07-29 14:26:38,015 [INFO] sending message $BPSTS,132638.01,1,BWSI Autonomy OK*48
...
2021-07-29 14:26:38,016 [INFO] Processing: $BFNVG,132636.03,4218.000000,N,07106.000000,W,0,10.0,1.0,45.0,0.0,0.0,132636.03*62
2021-07-29 14:26:38,018 [INFO] Interpreted as: {'position': (0, 0), 'latlon': (42.3, -71.1), 'heading': 45.0, 'depth': 1.0, 'altitude': 10.0, 'roll': 0.0, 'pitch': 0.0, 'last_fix_time': datetime.datetime(2021, 7, 29, 13, 26, 36), 'speed': None, 'rudder': 0, 'datum': (42.3, -71.1)}
2021-07-29 14:26:38,020 [INFO] Processing: $BFNVG,132636.28,4218.000000,N,07106.000000,W,0,10.0,1.0,45.0,0.0,0.0,132636.28*62
2021-07-29 14:26:38,022 [INFO] Interpreted as: {'position': (0.0, 0.0), 'latlon': (42.3, -71.1), 'heading': 45.0, 'depth': 1.0, 'altitude': 10.0, 'roll': 0.0, 'pitch': 0.0, 'last_fix_time': datetime.datetime(2021, 7, 29, 13, 26, 36), 'speed': None, 'rudder': 0, 'datum': (42.3, -71.1)}
2021-07-29 14:26:38,023 [INFO] Processing: $BFNVG,132636.53,4218.000000,N,07106.000000,W,0,10.0,1.0,45.0,0.0,0.0,132636.53*62
2021-07-29 14:26:38,025 [INFO] Interpreted as: {'position': (0.0, 0.0), 'latlon': (42.3, -71.1), 'heading': 45.0, 'depth': 1.0, 'altitude': 10.0, 'roll': 0.0, 'pitch': 0.0, 'last_fix_time': datetime.datetime(2021, 7, 29, 13, 26, 36), 'speed': None, 'rudder': 0, 'datum': (42.3, -71.1)}
2021-07-29 14:26:38,025 [INFO] Processing: $BFNVG,132636.78,4218.000000,N,07106.000000,W,0,10.0,1.0,45.0,0.0,0.0,132636.78*62
2021-07-29 14:26:38,027 [INFO] Interpreted as: {'position': (0.0, 0.0), 'latlon': (42.3, -71.1), 'heading': 45.0, 'depth': 1.0, 'altitude': 10.0, 'roll': 0.0, 'pitch': 0.0, 'last_fix_time': datetime.datetime(2021, 7, 29, 13, 26, 36), 'speed': None, 'rudder': 0, 'datum': (42.3, -71.1)}
2021-07-29 14:26:38,028 [INFO] Processing: $BFNVG,132637.03,4218.000000,N,07106.000000,W,0,10.0,1.0,45.0,0.0,0.0,132637.03*62
2021-07-29 14:26:38,030 [INFO] Interpreted as: {'position': (0.0, 0.0), 'latlon': (42.3, -71.1), 'heading': 45.0, 'depth': 1.0, 'altitude': 10.0, 'roll': 0.0, 'pitch': 0.0, 'last_fix_time': datetime.datetime(2021, 7, 29, 13, 26, 37), 'speed': None, 'rudder': 0, 'datum': (42.3, -71.1)}
2021-07-29 14:26:38,031 [INFO] Processing: $BFNVG,132637.28,4218.000000,N,07106.000000,W,0,10.0,1.0,45.0,0.0,0.0,132637.28*62
2021-07-29 14:26:38,034 [INFO] Interpreted as: {'position': (0.0, 0.0), 'latlon': (42.3, -71.1), 'heading': 45.0, 'depth': 1.0, 'altitude': 10.0, 'roll': 0.0, 'pitch': 0.0, 'last_fix_time': datetime.datetime(2021, 7, 29, 13, 26, 37), 'speed': None, 'rudder': 0, 'datum': (42.3, -71.1)}
2021-07-29 14:26:38,035 [INFO] Received from Frontseat: [b'$BFNVG,132636.03,4218.000000,N,07106.000000,W,0,10.0,1.0,45.0,0.0,0.0,132636.03*62', b'$BFNVG,132636.28,4218.000000,N,07106.000000,W,0,10.0,1.0,45.0,0.0,0.0,132636.28*62', b'$BFNVG,132636.53,4218.000000,N,07106.000000,W,0,10.0,1.0,45.0,0.0,0.0,132636.53*62', b'$BFNVG,132636.78,4218.000000,N,07106.000000,W,0,10.0,1.0,45.0,0.0,0.0,132636.78*62', b'$BFNVG,132637.03,4218.000000,N,07106.000000,W,0,10.0,1.0,45.0,0.0,0.0,132637.03*62', b'$BFNVG,132637.28,4218.000000,N,07106.000000,W,0,10.0,1.0,45.0,0.0,0.0,132637.28*62']
2021-07-29 14:26:38,037 [INFO] AUV state: {'position': (0.0, 0.0), 'latlon': (42.3, -71.1), 'heading': 45.0, 'depth': 1.0, 'altitude': 10.0, 'roll': 0.0, 'pitch': 0.0, 'last_fix_time': datetime.datetime(2021, 7, 29, 13, 26, 37), 'speed': None, 'rudder': 0, 'datum': (42.3, -71.1)}
2021-07-29 14:26:38,394 [INFO] Next green buoy (centers, angles): (array([[array([317.97058824, 168.64705882]), 112]], dtype=object), [(-0.21993023293121178, -7.6862156757158235)]), next red buoy (centers, angles): (array([[array([466., 172.]), 180]], dtype=object), [(15.437560812208067, -7.329055330858309)])
2021-07-29 14:26:38,395 [INFO] Desired_heading: 52.60881528963843
2021-07-29 14:26:38,396 [INFO] delta angle: 8.424711597961833
2021-07-29 14:26:38,396 [INFO] sending message $BPRMB,132639.00,-8.424711597961833,1,0,1000,0,1*43
...
2021-07-29 14:26:39,398 [INFO] sending message $BPSTS,132639.39,1,BWSI Autonomy OK*42
...
2021-07-29 14:26:39,400 [INFO] Processing: $BFNVG,132637.69,4218.000000,N,07106.000000,W,0,10.0,1.0,45.0,0.0,0.0,132637.69*62
2021-07-29 14:26:39,402 [INFO] Interpreted as: {'position': (0.0, 0.0), 'latlon': (42.3, -71.1), 'heading': 45.0, 'depth': 1.0, 'altitude': 10.0, 'roll': 0.0, 'pitch': 0.0, 'last_fix_time': datetime.datetime(2021, 7, 29, 13, 26, 37), 'speed': None, 'rudder': 0, 'datum': (42.3, -71.1)}
2021-07-29 14:26:39,404 [INFO] Processing: $BFNVG,132638.03,4218.000000,N,07106.000000,W,0,10.0,1.0,45.0,0.0,0.0,132638.03*62
2021-07-29 14:26:39,406 [INFO] Interpreted as: {'position': (0.0, 0.0), 'latlon': (42.3, -71.1), 'heading': 45.0, 'depth': 1.0, 'altitude': 10.0, 'roll': 0.0, 'pitch': 0.0, 'last_fix_time': datetime.datetime(2021, 7, 29, 13, 26, 38), 'speed': None, 'rudder': 0, 'datum': (42.3, -71.1)}
2021-07-29 14:26:39,408 [INFO] Processing: $BFNVG,132638.38,4218.000000,N,07106.000000,W,0,10.0,1.0,45.0,0.0,0.0,132638.38*62
2021-07-29 14:26:39,411 [INFO] Interpreted as: {'position': (0.0, 0.0), 'latlon': (42.3, -71.1), 'heading': 45.0, 'depth': 1.0, 'altitude': 10.0, 'roll': 0.0, 'pitch': 0.0, 'last_fix_time': datetime.datetime(2021, 7, 29, 13, 26, 38), 'speed': None, 'rudder': 0, 'datum': (42.3, -71.1)}
2021-07-29 14:26:39,412 [INFO] Received from Frontseat: [b'$BFNVG,132637.69,4218.000000,N,07106.000000,W,0,10.0,1.0,45.0,0.0,0.0,132637.69*62', b'$BFNVG,132638.03,4218.000000,N,07106.000000,W,0,10.0,1.0,45.0,0.0,0.0,132638.03*62', b'$BFNVG,132638.38,4218.000000,N,07106.000000,W,0,10.0,1.0,45.0,0.0,0.0,132638.38*62']
2021-07-29 14:26:39,413 [INFO] AUV state: {'position': (0.0, 0.0), 'latlon': (42.3, -71.1), 'heading': 45.0, 'depth': 1.0, 'altitude': 10.0, 'roll': 0.0, 'pitch': 0.0, 'last_fix_time': datetime.datetime(2021, 7, 29, 13, 26, 38), 'speed': None, 'rudder': 0, 'datum': (42.3, -71.1)}
2021-07-29 14:26:39,778 [INFO] Next green buoy (centers, angles): (array([[array([317.96666667, 168.43333333]), 84]], dtype=object), [(-0.22035521470194389, -7.708961974233651)]), next red buoy (centers, angles): (array([[array([466.        , 171.95454545]), 180]], dtype=object), [(15.437560812208067, -7.333901112744751)])
2021-07-29 14:26:39,779 [INFO] Desired_heading: 52.60860279875306
2021-07-29 14:26:39,779 [INFO] delta angle: 8.42441750352844
2021-07-29 14:26:39,780 [INFO] sending message $BPRMB,132639.79,-8.42441750352844,1,0,1000,0,1*7c
...
2021-07-29 14:26:40,782 [INFO] sending message $BPSTS,132640.78,1,BWSI Autonomy OK*49
...
2021-07-29 14:26:40,783 [INFO] Processing: $BFNVG,132638.75,4218.000000,N,07106.000000,W,0,10.0,1.0,45.0,0.0,0.0,132638.75*62
2021-07-29 14:26:40,785 [INFO] Interpreted as: {'position': (0.0, 0.0), 'latlon': (42.3, -71.1), 'heading': 45.0, 'depth': 1.0, 'altitude': 10.0, 'roll': 0.0, 'pitch': 0.0, 'last_fix_time': datetime.datetime(2021, 7, 29, 13, 26, 38), 'speed': None, 'rudder': 0, 'datum': (42.3, -71.1)}
2021-07-29 14:26:40,786 [INFO] Processing: $BFNVG,132639.11,4218.000147,N,07105.999809,W,0,10.0,1.0,45.8,0.0,0.0,132639.11*63
2021-07-29 14:26:40,788 [INFO] Interpreted as: {'position': (0.2691248363116756, 0.2655766187235713), 'latlon': (42.30000245, -71.09999681666666), 'heading': 45.8, 'depth': 1.0, 'altitude': 10.0, 'roll': 0.0, 'pitch': 0.0, 'last_fix_time': datetime.datetime(2021, 7, 29, 13, 26, 39), 'speed': None, 'rudder': 0, 'datum': (42.3, -71.1)}
2021-07-29 14:26:40,789 [INFO] Processing: $BFNVG,132639.46,4218.000282,N,07105.999628,W,0,10.0,1.0,46.5,0.0,0.0,132639.46*6A
2021-07-29 14:26:40,791 [INFO] Interpreted as: {'position': (0.5239627899136394, 0.5092839300632477), 'latlon': (42.3000047, -71.0999938), 'heading': 46.5, 'depth': 1.0, 'altitude': 10.0, 'roll': 0.0, 'pitch': 0.0, 'last_fix_time': datetime.datetime(2021, 7, 29, 13, 26, 39), 'speed': None, 'rudder': 0, 'datum': (42.3, -71.1)}
2021-07-29 14:26:40,792 [INFO] Received from Frontseat: [b'$BFNVG,132638.75,4218.000000,N,07106.000000,W,0,10.0,1.0,45.0,0.0,0.0,132638.75*62', b'$BFNVG,132639.11,4218.000147,N,07105.999809,W,0,10.0,1.0,45.8,0.0,0.0,132639.11*63', b'$BFNVG,132639.46,4218.000282,N,07105.999628,W,0,10.0,1.0,46.5,0.0,0.0,132639.46*6A']
2021-07-29 14:26:40,793 [INFO] AUV state: {'position': (0.5239627899136394, 0.5092839300632477), 'latlon': (42.3000047, -71.0999938), 'heading': 46.5, 'depth': 1.0, 'altitude': 10.0, 'roll': 0.0, 'pitch': 0.0, 'last_fix_time': datetime.datetime(2021, 7, 29, 13, 26, 39), 'speed': None, 'rudder': 0, 'datum': (42.3, -71.1)}
2021-07-29 14:26:41,163 [INFO] Next green buoy (centers, angles): (array([[array([301.25714286, 161.        ]), 120]], dtype=object), [(-2.030349718605794, -8.498505903434971)]), next red buoy (centers, angles): (array([[array([463.80392157, 164.43137255]), 242]], dtype=object), [(15.216195955029102, -8.13442240347716)])
2021-07-29 14:26:41,164 [INFO] Desired_heading: 53.09292311821165
2021-07-29 14:26:41,164 [INFO] delta angle: 7.042976756750462
2021-07-29 14:26:41,164 [INFO] sending message $BPRMB,132641.77,-7.042976756750462,1,0,1000,0,1*43
...
2021-07-29 14:26:42,166 [INFO] sending message $BPSTS,132642.16,1,BWSI Autonomy OK*43
...
2021-07-29 14:26:42,167 [INFO] Processing: $BFNVG,132639.80,4218.000415,N,07105.999447,W,0,10.0,1.0,47.2,0.0,0.0,132639.80*6F
2021-07-29 14:26:42,173 [INFO] Interpreted as: {'position': (0.778709382226225, 0.7492898544296622), 'latlon': (42.30000691666667, -71.09999078333334), 'heading': 47.2, 'depth': 1.0, 'altitude': 10.0, 'roll': 0.0, 'pitch': 0.0, 'last_fix_time': datetime.datetime(2021, 7, 29, 13, 26, 39), 'speed': None, 'rudder': 0, 'datum': (42.3, -71.1)}
2021-07-29 14:26:42,174 [INFO] Processing: $BFNVG,132640.14,4218.000546,N,07105.999262,W,0,10.0,1.0,47.9,0.0,0.0,132640.14*62
2021-07-29 14:26:42,176 [INFO] Interpreted as: {'position': (1.038860134081915, 0.9854587754234672), 'latlon': (42.3000091, -71.0999877), 'heading': 47.9, 'depth': 1.0, 'altitude': 10.0, 'roll': 0.0, 'pitch': 0.0, 'last_fix_time': datetime.datetime(2021, 7, 29, 13, 26, 40), 'speed': None, 'rudder': 0, 'datum': (42.3, -71.1)}
2021-07-29 14:26:42,177 [INFO] Processing: $BFNVG,132640.48,4218.000676,N,07105.999076,W,0,10.0,1.0,48.7,0.0,0.0,132640.48*64
2021-07-29 14:26:42,179 [INFO] Interpreted as: {'position': (1.3003390763769858, 1.2197431037202477), 'latlon': (42.300011266666665, -71.0999846), 'heading': 48.7, 'depth': 1.0, 'altitude': 10.0, 'roll': 0.0, 'pitch': 0.0, 'last_fix_time': datetime.datetime(2021, 7, 29, 13, 26, 40), 'speed': None, 'rudder': 0, 'datum': (42.3, -71.1)}
2021-07-29 14:26:42,180 [INFO] Processing: $BFNVG,132640.82,4218.000804,N,07105.998887,W,0,10.0,1.0,49.4,0.0,0.0,132640.82*6A
2021-07-29 14:26:42,182 [INFO] Interpreted as: {'position': (1.5658482944127172, 1.4502243315801024), 'latlon': (42.3000134, -71.09998145), 'heading': 49.4, 'depth': 1.0, 'altitude': 10.0, 'roll': 0.0, 'pitch': 0.0, 'last_fix_time': datetime.datetime(2021, 7, 29, 13, 26, 40), 'speed': None, 'rudder': 0, 'datum': (42.3, -71.1)}
2021-07-29 14:26:42,183 [INFO] Received from Frontseat: [b'$BFNVG,132639.80,4218.000415,N,07105.999447,W,0,10.0,1.0,47.2,0.0,0.0,132639.80*6F', b'$BFNVG,132640.14,4218.000546,N,07105.999262,W,0,10.0,1.0,47.9,0.0,0.0,132640.14*62', b'$BFNVG,132640.48,4218.000676,N,07105.999076,W,0,10.0,1.0,48.7,0.0,0.0,132640.48*64', b'$BFNVG,132640.82,4218.000804,N,07105.998887,W,0,10.0,1.0,49.4,0.0,0.0,132640.82*6A']
2021-07-29 14:26:42,184 [INFO] AUV state: {'position': (1.5658482944127172, 1.4502243315801024), 'latlon': (42.3000134, -71.09998145), 'heading': 49.4, 'depth': 1.0, 'altitude': 10.0, 'roll': 0.0, 'pitch': 0.0, 'last_fix_time': datetime.datetime(2021, 7, 29, 13, 26, 40), 'speed': None, 'rudder': 0, 'datum': (42.3, -71.1)}
2021-07-29 14:26:42,541 [INFO] Next green buoy (centers, angles): (array([[array([264.4 , 142.34]), 220]], dtype=object), [(-6.003413675002114, -10.465636188232134)]), next red buoy (centers, angles): (array([[array([463.19047619, 147.88888889]), 312]], dtype=object), [(15.154277089492062, -9.883061593158695)])
2021-07-29 14:26:42,542 [INFO] Desired_heading: 53.97543170724497
2021-07-29 14:26:42,542 [INFO] delta angle: 4.461170665017793
2021-07-29 14:26:42,543 [INFO] sending message $BPRMB,132642.55,-4.461170665017793,1,0,1000,0,1*40
...
2021-07-29 14:26:43,545 [INFO] sending message $BPSTS,132643.54,1,BWSI Autonomy OK*44
...
2021-07-29 14:26:43,546 [INFO] Processing: $BFNVG,132641.16,4218.000931,N,07105.998696,W,0,10.0,1.0,50.1,0.0,0.0,132641.16*6E
2021-07-29 14:26:43,548 [INFO] Interpreted as: {'position': (1.834059584478382, 1.6787870647385716), 'latlon': (42.30001551666667, -71.09997826666667), 'heading': 50.1, 'depth': 1.0, 'altitude': 10.0, 'roll': 0.0, 'pitch': 0.0, 'last_fix_time': datetime.datetime(2021, 7, 29, 13, 26, 41), 'speed': None, 'rudder': 0, 'datum': (42.3, -71.1)}
2021-07-29 14:26:43,549 [INFO] Processing: $BFNVG,132641.51,4218.001056,N,07105.998501,W,0,10.0,1.0,50.8,0.0,0.0,132641.51*63
2021-07-29 14:26:43,551 [INFO] Interpreted as: {'position': (2.1076750316424295, 1.9035127935931087), 'latlon': (42.3000176, -71.09997501666666), 'heading': 50.8, 'depth': 1.0, 'altitude': 10.0, 'roll': 0.0, 'pitch': 0.0, 'last_fix_time': datetime.datetime(2021, 7, 29, 13, 26, 41), 'speed': None, 'rudder': 0, 'datum': (42.3, -71.1)}
2021-07-29 14:26:43,552 [INFO] Processing: $BFNVG,132641.85,4218.001180,N,07105.998305,W,0,10.0,1.0,51.4,0.0,0.0,132641.85*66
2021-07-29 14:26:43,554 [INFO] Interpreted as: {'position': (2.3826186672085896, 2.1263539316132665), 'latlon': (42.300019666666664, -71.09997175), 'heading': 51.4, 'depth': 1.0, 'altitude': 10.0, 'roll': 0.0, 'pitch': 0.0, 'last_fix_time': datetime.datetime(2021, 7, 29, 13, 26, 41), 'speed': None, 'rudder': 0, 'datum': (42.3, -71.1)}
2021-07-29 14:26:43,555 [INFO] Processing: $BFNVG,132642.19,4218.001301,N,07105.998108,W,0,10.0,1.0,52.0,0.0,0.0,132642.19*65
2021-07-29 14:26:43,557 [INFO] Interpreted as: {'position': (2.6587991545093246, 2.3436090825125575), 'latlon': (42.300021683333334, -71.09996846666667), 'heading': 52.0, 'depth': 1.0, 'altitude': 10.0, 'roll': 0.0, 'pitch': 0.0, 'last_fix_time': datetime.datetime(2021, 7, 29, 13, 26, 42), 'speed': None, 'rudder': 0, 'datum': (42.3, -71.1)}
2021-07-29 14:26:43,557 [INFO] Received from Frontseat: [b'$BFNVG,132641.16,4218.000931,N,07105.998696,W,0,10.0,1.0,50.1,0.0,0.0,132641.16*6E', b'$BFNVG,132641.51,4218.001056,N,07105.998501,W,0,10.0,1.0,50.8,0.0,0.0,132641.51*63', b'$BFNVG,132641.85,4218.001180,N,07105.998305,W,0,10.0,1.0,51.4,0.0,0.0,132641.85*66', b'$BFNVG,132642.19,4218.001301,N,07105.998108,W,0,10.0,1.0,52.0,0.0,0.0,132642.19*65']
2021-07-29 14:26:43,558 [INFO] AUV state: {'position': (2.6587991545093246, 2.3436090825125575), 'latlon': (42.300021683333334, -71.09996846666667), 'heading': 52.0, 'depth': 1.0, 'altitude': 10.0, 'roll': 0.0, 'pitch': 0.0, 'last_fix_time': datetime.datetime(2021, 7, 29, 13, 26, 42), 'speed': None, 'rudder': 0, 'datum': (42.3, -71.1)}
2021-07-29 14:26:43,943 [INFO] Next green buoy (centers, angles): (array([[array([213.54166667, 109.77777778]), 416]], dtype=object), [(-11.384856505540057, -13.83700434879029)]), next red buoy (centers, angles): (array([[array([474.46341463, 120.81707317]), 490]], dtype=object), [(16.286220458328007, -12.703735030269272)])
2021-07-29 14:26:43,944 [INFO] Desired_heading: 54.45068197639397
2021-07-29 14:26:43,944 [INFO] delta angle: 2.0441720077277377
2021-07-29 14:26:43,945 [INFO] sending message $BPRMB,132644.53,-2.0441720077277377,1,0,1000,0,1*78
...
2021-07-29 14:26:44,947 [INFO] sending message $BPSTS,132644.94,1,BWSI Autonomy OK*4f
...
2021-07-29 14:26:44,948 [INFO] Processing: $BFNVG,132642.55,4218.001426,N,07105.997900,W,0,10.0,1.0,52.7,0.0,0.0,132642.55*6F
2021-07-29 14:26:44,950 [INFO] Interpreted as: {'position': (2.9502749780076556, 2.5678940834477544), 'latlon': (42.30002376666667, -71.099965), 'heading': 52.7, 'depth': 1.0, 'altitude': 10.0, 'roll': 0.0, 'pitch': 0.0, 'last_fix_time': datetime.datetime(2021, 7, 29, 13, 26, 42), 'speed': None, 'rudder': 0, 'datum': (42.3, -71.1)}
2021-07-29 14:26:44,951 [INFO] Processing: $BFNVG,132642.90,4218.001546,N,07105.997697,W,0,10.0,1.0,53.0,0.0,0.0,132642.90*6F
2021-07-29 14:26:44,953 [INFO] Interpreted as: {'position': (3.234653034422081, 2.783095132559538), 'latlon': (42.300025766666664, -71.09996161666666), 'heading': 53.0, 'depth': 1.0, 'altitude': 10.0, 'roll': 0.0, 'pitch': 0.0, 'last_fix_time': datetime.datetime(2021, 7, 29, 13, 26, 42), 'speed': None, 'rudder': 0, 'datum': (42.3, -71.1)}
2021-07-29 14:26:44,954 [INFO] Processing: $BFNVG,132643.24,4218.001664,N,07105.997495,W,0,10.0,1.0,53.4,0.0,0.0,132643.24*68
2021-07-29 14:26:44,956 [INFO] Interpreted as: {'position': (3.517565847490914, 2.994628705084324), 'latlon': (42.30002773333333, -71.09995825), 'heading': 53.4, 'depth': 1.0, 'altitude': 10.0, 'roll': 0.0, 'pitch': 0.0, 'last_fix_time': datetime.datetime(2021, 7, 29, 13, 26, 43), 'speed': None, 'rudder': 0, 'datum': (42.3, -71.1)}
2021-07-29 14:26:44,957 [INFO] Processing: $BFNVG,132643.58,4218.001780,N,07105.997293,W,0,10.0,1.0,53.8,0.0,0.0,132643.58*6F
2021-07-29 14:26:44,958 [INFO] Interpreted as: {'position': (3.8003873012494296, 3.202460892498493), 'latlon': (42.30002966666667, -71.09995488333334), 'heading': 53.8, 'depth': 1.0, 'altitude': 10.0, 'roll': 0.0, 'pitch': 0.0, 'last_fix_time': datetime.datetime(2021, 7, 29, 13, 26, 43), 'speed': None, 'rudder': 0, 'datum': (42.3, -71.1)}
2021-07-29 14:26:44,959 [INFO] Processing: $BFNVG,132643.92,4218.001895,N,07105.997090,W,0,10.0,1.0,54.2,0.0,0.0,132643.92*68
2021-07-29 14:26:44,961 [INFO] Interpreted as: {'position': (4.084536950336769, 3.408408490009606), 'latlon': (42.300031583333336, -71.0999515), 'heading': 54.2, 'depth': 1.0, 'altitude': 10.0, 'roll': 0.0, 'pitch': 0.0, 'last_fix_time': datetime.datetime(2021, 7, 29, 13, 26, 43), 'speed': None, 'rudder': 0, 'datum': (42.3, -71.1)}
2021-07-29 14:26:44,962 [INFO] Received from Frontseat: [b'$BFNVG,132642.55,4218.001426,N,07105.997900,W,0,10.0,1.0,52.7,0.0,0.0,132642.55*6F', b'$BFNVG,132642.90,4218.001546,N,07105.997697,W,0,10.0,1.0,53.0,0.0,0.0,132642.90*6F', b'$BFNVG,132643.24,4218.001664,N,07105.997495,W,0,10.0,1.0,53.4,0.0,0.0,132643.24*68', b'$BFNVG,132643.58,4218.001780,N,07105.997293,W,0,10.0,1.0,53.8,0.0,0.0,132643.58*6F', b'$BFNVG,132643.92,4218.001895,N,07105.997090,W,0,10.0,1.0,54.2,0.0,0.0,132643.92*68']
2021-07-29 14:26:44,963 [INFO] AUV state: {'position': (4.084536950336769, 3.408408490009606), 'latlon': (42.300031583333336, -71.0999515), 'heading': 54.2, 'depth': 1.0, 'altitude': 10.0, 'roll': 0.0, 'pitch': 0.0, 'last_fix_time': datetime.datetime(2021, 7, 29, 13, 26, 43), 'speed': None, 'rudder': 0, 'datum': (42.3, -71.1)}
2021-07-29 14:26:45,367 [INFO] Next green buoy (centers, angles): (array([[array([112.10714286,  22.85714286]), 850]], dtype=object), [(-21.465665085519174, -22.328656378019147)]), next red buoy (centers, angles): (array([[array([533.14529915,  49.23931624]), 867],
       [array([210. , 192.5]), 56],
       [array([115. ,  28.5]), 6]], dtype=object), [(21.956981497047902, -19.840143018440525), (-11.75323535963542, -5.133883900844793), (-21.19363852349062, -21.803440416163987)])
2021-07-29 14:26:45,368 [INFO] Desired_heading: 54.44565820576437
2021-07-29 14:26:45,368 [INFO] delta angle: 0.11529828178999542
2021-07-29 14:26:45,369 [INFO] sending message $BPRMB,132645.36,-0.11529828178999542,1,0,1000,0,1*45
...
2021-07-29 14:26:46,371 [INFO] sending message $BPSTS,132646.37,1,BWSI Autonomy OK*44
...
2021-07-29 14:26:46,372 [INFO] Processing: $BFNVG,132644.27,4218.002011,N,07105.996885,W,0,10.0,1.0,54.6,0.0,0.0,132644.27*66
2021-07-29 14:26:46,374 [INFO] Interpreted as: {'position': (4.371480007539503, 3.6161389872431755), 'latlon': (42.300033516666666, -71.09994808333333), 'heading': 54.6, 'depth': 1.0, 'altitude': 10.0, 'roll': 0.0, 'pitch': 0.0, 'last_fix_time': datetime.datetime(2021, 7, 29, 13, 26, 44), 'speed': None, 'rudder': 0, 'datum': (42.3, -71.1)}
2021-07-29 14:26:46,375 [INFO] Processing: $BFNVG,132644.61,4218.002126,N,07105.996676,W,0,10.0,1.0,54.8,0.0,0.0,132644.61*6F
2021-07-29 14:26:46,377 [INFO] Interpreted as: {'position': (4.663872897042893, 3.8218831829726696), 'latlon': (42.300035433333335, -71.0999446), 'heading': 54.8, 'depth': 1.0, 'altitude': 10.0, 'roll': 0.0, 'pitch': 0.0, 'last_fix_time': datetime.datetime(2021, 7, 29, 13, 26, 44), 'speed': None, 'rudder': 0, 'datum': (42.3, -71.1)}
2021-07-29 14:26:46,378 [INFO] Processing: $BFNVG,132644.96,4218.002240,N,07105.996469,W,0,10.0,1.0,54.9,0.0,0.0,132644.96*61
2021-07-29 14:26:46,380 [INFO] Interpreted as: {'position': (4.953472336172126, 4.025844499468803), 'latlon': (42.300037333333336, -71.09994115), 'heading': 54.9, 'depth': 1.0, 'altitude': 10.0, 'roll': 0.0, 'pitch': 0.0, 'last_fix_time': datetime.datetime(2021, 7, 29, 13, 26, 44), 'speed': None, 'rudder': 0, 'datum': (42.3, -71.1)}
2021-07-29 14:26:46,381 [INFO] Processing: $BFNVG,132645.30,4218.002353,N,07105.996264,W,0,10.0,1.0,55.1,0.0,0.0,132645.30*60
2021-07-29 14:26:46,383 [INFO] Interpreted as: {'position': (5.240278331795707, 4.228022939525545), 'latlon': (42.30003921666667, -71.09993773333333), 'heading': 55.1, 'depth': 1.0, 'altitude': 10.0, 'roll': 0.0, 'pitch': 0.0, 'last_fix_time': datetime.datetime(2021, 7, 29, 13, 26, 45), 'speed': None, 'rudder': 0, 'datum': (42.3, -71.1)}
2021-07-29 14:26:46,384 [INFO] Received from Frontseat: [b'$BFNVG,132644.27,4218.002011,N,07105.996885,W,0,10.0,1.0,54.6,0.0,0.0,132644.27*66', b'$BFNVG,132644.61,4218.002126,N,07105.996676,W,0,10.0,1.0,54.8,0.0,0.0,132644.61*6F', b'$BFNVG,132644.96,4218.002240,N,07105.996469,W,0,10.0,1.0,54.9,0.0,0.0,132644.96*61', b'$BFNVG,132645.30,4218.002353,N,07105.996264,W,0,10.0,1.0,55.1,0.0,0.0,132645.30*60']
2021-07-29 14:26:46,385 [INFO] AUV state: {'position': (5.240278331795707, 4.228022939525545), 'latlon': (42.30003921666667, -71.09993773333333), 'heading': 55.1, 'depth': 1.0, 'altitude': 10.0, 'roll': 0.0, 'pitch': 0.0, 'last_fix_time': datetime.datetime(2021, 7, 29, 13, 26, 45), 'speed': None, 'rudder': 0, 'datum': (42.3, -71.1)}
2021-07-29 14:26:46,742 [INFO] Next green buoy (centers, angles): (array([], dtype=object), []), next red buoy (centers, angles): (array([[array([185.84615385, 186.42307692]), 63]], dtype=object), [(-14.238012338291476, -5.786481804194299)])
2021-07-29 14:26:46,743 [INFO] Desired_heading: 40.861987661708525
2021-07-29 14:26:46,743 [INFO] delta angle: -18.438281754807576
2021-07-29 14:26:46,744 [INFO] sending message $BPRMB,132647.37,18.438281754807576,1,0,1000,0,1*53
...
2021-07-29 14:26:47,745 [INFO] sending message $BPSTS,132647.74,1,BWSI Autonomy OK*42
...
2021-07-29 14:26:47,747 [INFO] Processing: $BFNVG,132645.64,4218.002466,N,07105.996056,W,0,10.0,1.0,55.3,0.0,0.0,132645.64*60
2021-07-29 14:26:47,752 [INFO] Interpreted as: {'position': (5.531205947510898, 4.430099679157138), 'latlon': (42.3000411, -71.09993426666666), 'heading': 55.3, 'depth': 1.0, 'altitude': 10.0, 'roll': 0.0, 'pitch': 0.0, 'last_fix_time': datetime.datetime(2021, 7, 29, 13, 26, 45), 'speed': None, 'rudder': 0, 'datum': (42.3, -71.1)}
2021-07-29 14:26:47,753 [INFO] Processing: $BFNVG,132645.99,4218.002578,N,07105.995849,W,0,10.0,1.0,55.3,0.0,0.0,132645.99*6B
2021-07-29 14:26:47,755 [INFO] Interpreted as: {'position': (5.820713996712584, 4.630359638482332), 'latlon': (42.300042966666666, -71.09993081666667), 'heading': 55.3, 'depth': 1.0, 'altitude': 10.0, 'roll': 0.0, 'pitch': 0.0, 'last_fix_time': datetime.datetime(2021, 7, 29, 13, 26, 45), 'speed': None, 'rudder': 0, 'datum': (42.3, -71.1)}
2021-07-29 14:26:47,756 [INFO] Processing: $BFNVG,132646.34,4218.002695,N,07105.995633,W,0,10.0,1.0,55.3,0.0,0.0,132646.34*68
2021-07-29 14:26:47,758 [INFO] Interpreted as: {'position': (6.1228152913972735, 4.8395679565146565), 'latlon': (42.300044916666664, -71.09992721666667), 'heading': 55.3, 'depth': 1.0, 'altitude': 10.0, 'roll': 0.0, 'pitch': 0.0, 'last_fix_time': datetime.datetime(2021, 7, 29, 13, 26, 46), 'speed': None, 'rudder': 0, 'datum': (42.3, -71.1)}
2021-07-29 14:26:47,759 [INFO] Processing: $BFNVG,132646.69,4218.002807,N,07105.995425,W,0,10.0,1.0,55.3,0.0,0.0,132646.69*68
2021-07-29 14:26:47,761 [INFO] Interpreted as: {'position': (6.413697185344063, 5.039794034324586), 'latlon': (42.300046783333336, -71.09992375), 'heading': 55.3, 'depth': 1.0, 'altitude': 10.0, 'roll': 0.0, 'pitch': 0.0, 'last_fix_time': datetime.datetime(2021, 7, 29, 13, 26, 46), 'speed': None, 'rudder': 0, 'datum': (42.3, -71.1)}
2021-07-29 14:26:47,762 [INFO] Received from Frontseat: [b'$BFNVG,132645.64,4218.002466,N,07105.996056,W,0,10.0,1.0,55.3,0.0,0.0,132645.64*60', b'$BFNVG,132645.99,4218.002578,N,07105.995849,W,0,10.0,1.0,55.3,0.0,0.0,132645.99*6B', b'$BFNVG,132646.34,4218.002695,N,07105.995633,W,0,10.0,1.0,55.3,0.0,0.0,132646.34*68', b'$BFNVG,132646.69,4218.002807,N,07105.995425,W,0,10.0,1.0,55.3,0.0,0.0,132646.69*68']
2021-07-29 14:26:47,763 [INFO] AUV state: {'position': (6.413697185344063, 5.039794034324586), 'latlon': (42.300046783333336, -71.09992375), 'heading': 55.3, 'depth': 1.0, 'altitude': 10.0, 'roll': 0.0, 'pitch': 0.0, 'last_fix_time': datetime.datetime(2021, 7, 29, 13, 26, 46), 'speed': None, 'rudder': 0, 'datum': (42.3, -71.1)}
2021-07-29 14:26:48,095 [INFO] Next green buoy (centers, angles): (array([], dtype=object), []), next red buoy (centers, angles): (array([[array([163.025, 178.975]), 160],
       [array([267.3, 200.5]), 42]], dtype=object), [(-16.536678168082506, -6.584260660625421), (-5.6923983885628715, -4.272753838478031)])
2021-07-29 14:26:48,095 [INFO] Desired_heading: 38.763321831917494
2021-07-29 14:26:48,096 [INFO] delta angle: -22.23151625683613
2021-07-29 14:26:48,096 [INFO] sending message $BPRMB,132648.11,22.23151625683613,1,0,1000,0,1*64
...
2021-07-29 14:26:49,098 [INFO] sending message $BPSTS,132649.09,1,BWSI Autonomy OK*46
...
2021-07-29 14:26:49,099 [INFO] Processing: $BFNVG,132647.04,4218.002923,N,07105.995212,W,0,10.0,1.0,55.3,0.0,0.0,132647.04*6D
2021-07-29 14:26:49,101 [INFO] Interpreted as: {'position': (6.711631137761287, 5.2472533928230405), 'latlon': (42.300048716666666, -71.0999202), 'heading': 55.3, 'depth': 1.0, 'altitude': 10.0, 'roll': 0.0, 'pitch': 0.0, 'last_fix_time': datetime.datetime(2021, 7, 29, 13, 26, 47), 'speed': None, 'rudder': 0, 'datum': (42.3, -71.1)}
2021-07-29 14:26:49,102 [INFO] Processing: $BFNVG,132647.38,4218.003036,N,07105.995008,W,0,10.0,1.0,53.7,0.0,0.0,132647.38*6A
2021-07-29 14:26:49,104 [INFO] Interpreted as: {'position': (6.997063153074123, 5.4494658056646585), 'latlon': (42.3000506, -71.0999168), 'heading': 53.7, 'depth': 1.0, 'altitude': 10.0, 'roll': 0.0, 'pitch': 0.0, 'last_fix_time': datetime.datetime(2021, 7, 29, 13, 26, 47), 'speed': None, 'rudder': 0, 'datum': (42.3, -71.1)}
2021-07-29 14:26:49,105 [INFO] Processing: $BFNVG,132647.72,4218.003155,N,07105.994807,W,0,10.0,1.0,52.2,0.0,0.0,132647.72*6C
2021-07-29 14:26:49,107 [INFO] Interpreted as: {'position': (7.278647537343204, 5.662884123623371), 'latlon': (42.30005258333333, -71.09991345), 'heading': 52.2, 'depth': 1.0, 'altitude': 10.0, 'roll': 0.0, 'pitch': 0.0, 'last_fix_time': datetime.datetime(2021, 7, 29, 13, 26, 47), 'speed': None, 'rudder': 0, 'datum': (42.3, -71.1)}
2021-07-29 14:26:49,108 [INFO] Processing: $BFNVG,132648.06,4218.003277,N,07105.994611,W,0,10.0,1.0,50.6,0.0,0.0,132648.06*60
2021-07-29 14:26:49,110 [INFO] Interpreted as: {'position': (7.553499519824982, 5.882024060934782), 'latlon': (42.300054616666664, -71.09991018333334), 'heading': 50.6, 'depth': 1.0, 'altitude': 10.0, 'roll': 0.0, 'pitch': 0.0, 'last_fix_time': datetime.datetime(2021, 7, 29, 13, 26, 48), 'speed': None, 'rudder': 0, 'datum': (42.3, -71.1)}
2021-07-29 14:26:49,111 [INFO] Received from Frontseat: [b'$BFNVG,132647.04,4218.002923,N,07105.995212,W,0,10.0,1.0,55.3,0.0,0.0,132647.04*6D', b'$BFNVG,132647.38,4218.003036,N,07105.995008,W,0,10.0,1.0,53.7,0.0,0.0,132647.38*6A', b'$BFNVG,132647.72,4218.003155,N,07105.994807,W,0,10.0,1.0,52.2,0.0,0.0,132647.72*6C', b'$BFNVG,132648.06,4218.003277,N,07105.994611,W,0,10.0,1.0,50.6,0.0,0.0,132648.06*60']
2021-07-29 14:26:49,112 [INFO] AUV state: {'position': (7.553499519824982, 5.882024060934782), 'latlon': (42.300054616666664, -71.09991018333334), 'heading': 50.6, 'depth': 1.0, 'altitude': 10.0, 'roll': 0.0, 'pitch': 0.0, 'last_fix_time': datetime.datetime(2021, 7, 29, 13, 26, 48), 'speed': None, 'rudder': 0, 'datum': (42.3, -71.1)}
2021-07-29 14:26:49,473 [INFO] Next green buoy (centers, angles): (array([], dtype=object), []), next red buoy (centers, angles): (array([[array([186.54166667, 167.5       ]), 220],
       [array([312.18181818, 195.45454545]), 49]], dtype=object), [(-14.16717557978686, -7.808265698579272), (-0.8472098688235826, -4.816102872731959)])
2021-07-29 14:26:49,474 [INFO] Desired_heading: 36.43282442021314
2021-07-29 14:26:49,474 [INFO] delta angle: -18.3236858054172
2021-07-29 14:26:49,474 [INFO] sending message $BPRMB,132650.08,18.3236858054172,1,0,1000,0,1*54
...
2021-07-29 14:26:50,476 [INFO] sending message $BPSTS,132650.47,1,BWSI Autonomy OK*44
...
2021-07-29 14:26:50,477 [INFO] Processing: $BFNVG,132648.41,4218.003405,N,07105.994418,W,0,10.0,1.0,49.0,0.0,0.0,132648.41*66
2021-07-29 14:26:50,480 [INFO] Interpreted as: {'position': (7.824503874289803, 6.1123699033632874), 'latlon': (42.30005675, -71.09990696666667), 'heading': 49.0, 'depth': 1.0, 'altitude': 10.0, 'roll': 0.0, 'pitch': 0.0, 'last_fix_time': datetime.datetime(2021, 7, 29, 13, 26, 48), 'speed': None, 'rudder': 0, 'datum': (42.3, -71.1)}
2021-07-29 14:26:50,480 [INFO] Processing: $BFNVG,132648.75,4218.003536,N,07105.994230,W,0,10.0,1.0,47.1,0.0,0.0,132648.75*64
2021-07-29 14:26:50,482 [INFO] Interpreted as: {'position': (8.088775824289769, 6.348437364213169), 'latlon': (42.30005893333333, -71.09990383333333), 'heading': 47.1, 'depth': 1.0, 'altitude': 10.0, 'roll': 0.0, 'pitch': 0.0, 'last_fix_time': datetime.datetime(2021, 7, 29, 13, 26, 48), 'speed': None, 'rudder': 0, 'datum': (42.3, -71.1)}
2021-07-29 14:26:50,483 [INFO] Processing: $BFNVG,132649.10,4218.003671,N,07105.994050,W,0,10.0,1.0,45.2,0.0,0.0,132649.10*61
2021-07-29 14:26:50,485 [INFO] Interpreted as: {'position': (8.342239408870228, 6.5921788504347205), 'latlon': (42.300061183333334, -71.09990083333334), 'heading': 45.2, 'depth': 1.0, 'altitude': 10.0, 'roll': 0.0, 'pitch': 0.0, 'last_fix_time': datetime.datetime(2021, 7, 29, 13, 26, 49), 'speed': None, 'rudder': 0, 'datum': (42.3, -71.1)}
2021-07-29 14:26:50,486 [INFO] Processing: $BFNVG,132649.44,4218.003810,N,07105.993877,W,0,10.0,1.0,43.3,0.0,0.0,132649.44*65
2021-07-29 14:26:50,488 [INFO] Interpreted as: {'position': (8.586268508865032, 6.843560456298292), 'latlon': (42.3000635, -71.09989795), 'heading': 43.3, 'depth': 1.0, 'altitude': 10.0, 'roll': 0.0, 'pitch': 0.0, 'last_fix_time': datetime.datetime(2021, 7, 29, 13, 26, 49), 'speed': None, 'rudder': 0, 'datum': (42.3, -71.1)}
2021-07-29 14:26:50,489 [INFO] Received from Frontseat: [b'$BFNVG,132648.41,4218.003405,N,07105.994418,W,0,10.0,1.0,49.0,0.0,0.0,132648.41*66', b'$BFNVG,132648.75,4218.003536,N,07105.994230,W,0,10.0,1.0,47.1,0.0,0.0,132648.75*64', b'$BFNVG,132649.10,4218.003671,N,07105.994050,W,0,10.0,1.0,45.2,0.0,0.0,132649.10*61', b'$BFNVG,132649.44,4218.003810,N,07105.993877,W,0,10.0,1.0,43.3,0.0,0.0,132649.44*65']
2021-07-29 14:26:50,490 [INFO] AUV state: {'position': (8.586268508865032, 6.843560456298292), 'latlon': (42.3000635, -71.09989795), 'heading': 43.3, 'depth': 1.0, 'altitude': 10.0, 'roll': 0.0, 'pitch': 0.0, 'last_fix_time': datetime.datetime(2021, 7, 29, 13, 26, 49), 'speed': None, 'rudder': 0, 'datum': (42.3, -71.1)}
2021-07-29 14:26:50,831 [INFO] Next green buoy (centers, angles): (array([[array([ 86.08695652, 164.17391304]), 54]], dtype=object), [(-23.866237755614943, -8.16176330848344)]), next red buoy (centers, angles): (array([[array([239.98387097, 152.77419355]), 312],
       [array([390.5       , 190.45833333]), 63]], dtype=object), [(-8.606190394389182, -9.368438111832981), (7.595414954101127, -5.353295030740454)])
2021-07-29 14:26:50,831 [INFO] Desired_heading: 27.063785924997934
2021-07-29 14:26:50,832 [INFO] delta angle: -21.727747318626825
2021-07-29 14:26:50,832 [INFO] sending message $BPRMB,132650.86,21.727747318626825,1,0,1000,0,1*5d
...
2021-07-29 14:26:51,834 [INFO] sending message $BPSTS,132651.83,1,BWSI Autonomy OK*4d
...
2021-07-29 14:26:51,835 [INFO] Processing: $BFNVG,132649.79,4218.003958,N,07105.993705,W,0,10.0,1.0,41.3,0.0,0.0,132649.79*60
2021-07-29 14:26:51,837 [INFO] Interpreted as: {'position': (8.829334740003105, 7.111632247455418), 'latlon': (42.300065966666665, -71.09989508333334), 'heading': 41.3, 'depth': 1.0, 'altitude': 10.0, 'roll': 0.0, 'pitch': 0.0, 'last_fix_time': datetime.datetime(2021, 7, 29, 13, 26, 49), 'speed': None, 'rudder': 0, 'datum': (42.3, -71.1)}
2021-07-29 14:26:51,838 [INFO] Processing: $BFNVG,132650.14,4218.004109,N,07105.993539,W,0,10.0,1.0,39.7,0.0,0.0,132650.14*6D
2021-07-29 14:26:51,840 [INFO] Interpreted as: {'position': (9.06429469451541, 7.385459559969604), 'latlon': (42.300068483333334, -71.09989231666667), 'heading': 39.7, 'depth': 1.0, 'altitude': 10.0, 'roll': 0.0, 'pitch': 0.0, 'last_fix_time': datetime.datetime(2021, 7, 29, 13, 26, 50), 'speed': None, 'rudder': 0, 'datum': (42.3, -71.1)}
2021-07-29 14:26:51,841 [INFO] Processing: $BFNVG,132650.49,4218.004264,N,07105.993379,W,0,10.0,1.0,38.1,0.0,0.0,132650.49*60
2021-07-29 14:26:51,843 [INFO] Interpreted as: {'position': (9.291194038582034, 7.666893086396158), 'latlon': (42.30007106666667, -71.09988965), 'heading': 38.1, 'depth': 1.0, 'altitude': 10.0, 'roll': 0.0, 'pitch': 0.0, 'last_fix_time': datetime.datetime(2021, 7, 29, 13, 26, 50), 'speed': None, 'rudder': 0, 'datum': (42.3, -71.1)}
2021-07-29 14:26:51,845 [INFO] Received from Frontseat: [b'$BFNVG,132649.79,4218.003958,N,07105.993705,W,0,10.0,1.0,41.3,0.0,0.0,132649.79*60', b'$BFNVG,132650.14,4218.004109,N,07105.993539,W,0,10.0,1.0,39.7,0.0,0.0,132650.14*6D', b'$BFNVG,132650.49,4218.004264,N,07105.993379,W,0,10.0,1.0,38.1,0.0,0.0,132650.49*60']
2021-07-29 14:26:51,846 [INFO] AUV state: {'position': (9.291194038582034, 7.666893086396158), 'latlon': (42.30007106666667, -71.09988965), 'heading': 38.1, 'depth': 1.0, 'altitude': 10.0, 'roll': 0.0, 'pitch': 0.0, 'last_fix_time': datetime.datetime(2021, 7, 29, 13, 26, 50), 'speed': None, 'rudder': 0, 'datum': (42.3, -71.1)}
2021-07-29 14:26:52,220 [INFO] Next green buoy (centers, angles): (array([[array([103.97058824, 150.5       ]), 98]], dtype=object), [(-22.225330532977402, -9.608199161586503)]), next red buoy (centers, angles): (array([[array([283.45945946, 134.31081081]), 416],
       [array([454.64285714, 185.46428571]), 70]], dtype=object), [(-3.953682345136715, -11.304728311959806), (14.287790665227693, -5.889312858181002)])
2021-07-29 14:26:52,220 [INFO] Desired_heading: 25.01049356094294
2021-07-29 14:26:52,221 [INFO] delta angle: -16.59827018844669
2021-07-29 14:26:52,221 [INFO] sending message $BPRMB,132652.79,16.59827018844669,1,0,1000,0,1*63
...
2021-07-29 14:26:53,222 [INFO] sending message $BPSTS,132653.22,1,BWSI Autonomy OK*44
...
2021-07-29 14:26:53,223 [INFO] Processing: $BFNVG,132650.84,4218.004421,N,07105.993225,W,0,10.0,1.0,36.5,0.0,0.0,132650.84*65
2021-07-29 14:26:53,229 [INFO] Interpreted as: {'position': (9.509941435186192, 7.952231433242559), 'latlon': (42.30007368333333, -71.09988708333333), 'heading': 36.5, 'depth': 1.0, 'altitude': 10.0, 'roll': 0.0, 'pitch': 0.0, 'last_fix_time': datetime.datetime(2021, 7, 29, 13, 26, 50), 'speed': None, 'rudder': 0, 'datum': (42.3, -71.1)}
2021-07-29 14:26:53,229 [INFO] Processing: $BFNVG,132651.19,4218.004583,N,07105.993078,W,0,10.0,1.0,34.6,0.0,0.0,132651.19*67
2021-07-29 14:26:53,231 [INFO] Interpreted as: {'position': (9.719300015829504, 8.247060596011579), 'latlon': (42.300076383333334, -71.09988463333333), 'heading': 34.6, 'depth': 1.0, 'altitude': 10.0, 'roll': 0.0, 'pitch': 0.0, 'last_fix_time': datetime.datetime(2021, 7, 29, 13, 26, 51), 'speed': None, 'rudder': 0, 'datum': (42.3, -71.1)}
2021-07-29 14:26:53,232 [INFO] Processing: $BFNVG,132651.54,4218.004749,N,07105.992937,W,0,10.0,1.0,32.7,0.0,0.0,132651.54*67
2021-07-29 14:26:53,234 [INFO] Interpreted as: {'position': (9.920597989461385, 8.549495969898999), 'latlon': (42.30007915, -71.09988228333333), 'heading': 32.7, 'depth': 1.0, 'altitude': 10.0, 'roll': 0.0, 'pitch': 0.0, 'last_fix_time': datetime.datetime(2021, 7, 29, 13, 26, 51), 'speed': None, 'rudder': 0, 'datum': (42.3, -71.1)}
2021-07-29 14:26:53,234 [INFO] Processing: $BFNVG,132651.88,4218.004912,N,07105.992808,W,0,10.0,1.0,30.8,0.0,0.0,132651.88*67
2021-07-29 14:26:53,236 [INFO] Interpreted as: {'position': (10.105272401706316, 8.846786096692085), 'latlon': (42.300081866666666, -71.09988013333333), 'heading': 30.8, 'depth': 1.0, 'altitude': 10.0, 'roll': 0.0, 'pitch': 0.0, 'last_fix_time': datetime.datetime(2021, 7, 29, 13, 26, 51), 'speed': None, 'rudder': 0, 'datum': (42.3, -71.1)}
2021-07-29 14:26:53,238 [INFO] Received from Frontseat: [b'$BFNVG,132650.84,4218.004421,N,07105.993225,W,0,10.0,1.0,36.5,0.0,0.0,132650.84*65', b'$BFNVG,132651.19,4218.004583,N,07105.993078,W,0,10.0,1.0,34.6,0.0,0.0,132651.19*67', b'$BFNVG,132651.54,4218.004749,N,07105.992937,W,0,10.0,1.0,32.7,0.0,0.0,132651.54*67', b'$BFNVG,132651.88,4218.004912,N,07105.992808,W,0,10.0,1.0,30.8,0.0,0.0,132651.88*67']
2021-07-29 14:26:53,239 [INFO] AUV state: {'position': (10.105272401706316, 8.846786096692085), 'latlon': (42.300081866666666, -71.09988013333333), 'heading': 30.8, 'depth': 1.0, 'altitude': 10.0, 'roll': 0.0, 'pitch': 0.0, 'last_fix_time': datetime.datetime(2021, 7, 29, 13, 26, 51), 'speed': None, 'rudder': 0, 'datum': (42.3, -71.1)}
2021-07-29 14:26:53,618 [INFO] Next green buoy (centers, angles): (array([[array([128.64150943, 126.52830189]), 240],
       [array([465.  , 185.25]), 12]], dtype=object), [(-19.897445140705674, -12.113382770360456), (15.33681888626922, -5.9122899757673055)]), next red buoy (centers, angles): (array([[array([358.19417476,  94.73786408]), 720],
       [array([556.5       , 176.94736842]), 150]], dtype=object), [(4.13199900036117, -15.36323638908173), (24.10027143765789, -6.801014230209953)])
2021-07-29 14:26:53,618 [INFO] Desired_heading: 22.91727692982775
2021-07-29 14:26:53,619 [INFO] delta angle: -8.805501144351581
2021-07-29 14:26:53,619 [INFO] sending message $BPRMB,132653.64,8.805501144351581,1,0,1000,0,1*6b
...
2021-07-29 14:26:54,621 [INFO] sending message $BPSTS,132654.62,1,BWSI Autonomy OK*47
...
2021-07-29 14:26:54,622 [INFO] Processing: $BFNVG,132652.25,4218.005090,N,07105.992679,W,0,10.0,1.0,28.8,0.0,0.0,132652.25*64
2021-07-29 14:26:54,625 [INFO] Interpreted as: {'position': (10.290631841518916, 9.171836684457958), 'latlon': (42.30008483333334, -71.09987798333333), 'heading': 28.8, 'depth': 1.0, 'altitude': 10.0, 'roll': 0.0, 'pitch': 0.0, 'last_fix_time': datetime.datetime(2021, 7, 29, 13, 26, 52), 'speed': None, 'rudder': 0, 'datum': (42.3, -71.1)}
2021-07-29 14:26:54,626 [INFO] Processing: $BFNVG,132652.59,4218.005262,N,07105.992562,W,0,10.0,1.0,27.4,0.0,0.0,132652.59*61
2021-07-29 14:26:54,628 [INFO] Interpreted as: {'position': (10.459230713837314, 9.486189929768443), 'latlon': (42.3000877, -71.09987603333333), 'heading': 27.4, 'depth': 1.0, 'altitude': 10.0, 'roll': 0.0, 'pitch': 0.0, 'last_fix_time': datetime.datetime(2021, 7, 29, 13, 26, 52), 'speed': None, 'rudder': 0, 'datum': (42.3, -71.1)}
2021-07-29 14:26:54,630 [INFO] Processing: $BFNVG,132652.94,4218.005434,N,07105.992453,W,0,10.0,1.0,26.0,0.0,0.0,132652.94*62
2021-07-29 14:26:54,633 [INFO] Interpreted as: {'position': (10.616838547226507, 9.800814404152334), 'latlon': (42.30009056666667, -71.09987421666666), 'heading': 26.0, 'depth': 1.0, 'altitude': 10.0, 'roll': 0.0, 'pitch': 0.0, 'last_fix_time': datetime.datetime(2021, 7, 29, 13, 26, 52), 'speed': None, 'rudder': 0, 'datum': (42.3, -71.1)}
2021-07-29 14:26:54,634 [INFO] Processing: $BFNVG,132653.28,4218.005608,N,07105.992349,W,0,10.0,1.0,24.6,0.0,0.0,132653.28*67
2021-07-29 14:26:54,637 [INFO] Interpreted as: {'position': (10.76766831742134, 10.119309790432453), 'latlon': (42.30009346666667, -71.09987248333333), 'heading': 24.6, 'depth': 1.0, 'altitude': 10.0, 'roll': 0.0, 'pitch': 0.0, 'last_fix_time': datetime.datetime(2021, 7, 29, 13, 26, 53), 'speed': None, 'rudder': 0, 'datum': (42.3, -71.1)}
2021-07-29 14:26:54,638 [INFO] Received from Frontseat: [b'$BFNVG,132652.25,4218.005090,N,07105.992679,W,0,10.0,1.0,28.8,0.0,0.0,132652.25*64', b'$BFNVG,132652.59,4218.005262,N,07105.992562,W,0,10.0,1.0,27.4,0.0,0.0,132652.59*61', b'$BFNVG,132652.94,4218.005434,N,07105.992453,W,0,10.0,1.0,26.0,0.0,0.0,132652.94*62', b'$BFNVG,132653.28,4218.005608,N,07105.992349,W,0,10.0,1.0,24.6,0.0,0.0,132653.28*67']
2021-07-29 14:26:54,639 [INFO] AUV state: {'position': (10.76766831742134, 10.119309790432453), 'latlon': (42.30009346666667, -71.09987248333333), 'heading': 24.6, 'depth': 1.0, 'altitude': 10.0, 'roll': 0.0, 'pitch': 0.0, 'last_fix_time': datetime.datetime(2021, 7, 29, 13, 26, 53), 'speed': None, 'rudder': 0, 'datum': (42.3, -71.1)}
2021-07-29 14:26:55,019 [INFO] Next green buoy (centers, angles): (array([[array([131.20253165,  82.50632911]), 490],
       [array([556.85714286, 176.85714286]), 4]], dtype=object), [(-19.651670391746347, -16.588319976283177), (24.13251413904853, -6.810654834828753)]), next red buoy (centers, angles): (array([[array([461.24840764,   8.18471338]), 1206]], dtype=object), [(14.95801339205791, -23.67583692895498)])
2021-07-29 14:26:55,020 [INFO] Desired_heading: 22.253171500155783
2021-07-29 14:26:55,021 [INFO] delta angle: -1.9364684828987038
2021-07-29 14:26:55,021 [INFO] sending message $BPRMB,132655.59,1.9364684828987038,1,0,1000,0,1*54
...
2021-07-29 14:26:56,023 [INFO] sending message $BPSTS,132656.02,1,BWSI Autonomy OK*43
...
2021-07-29 14:26:56,025 [INFO] Processing: $BFNVG,132653.62,4218.005784,N,07105.992251,W,0,10.0,1.0,23.1,0.0,0.0,132653.62*6A
2021-07-29 14:26:56,028 [INFO] Interpreted as: {'position': (10.910346149466932, 10.441709991544485), 'latlon': (42.3000964, -71.09987085), 'heading': 23.1, 'depth': 1.0, 'altitude': 10.0, 'roll': 0.0, 'pitch': 0.0, 'last_fix_time': datetime.datetime(2021, 7, 29, 13, 26, 53), 'speed': None, 'rudder': 0, 'datum': (42.3, -71.1)}
2021-07-29 14:26:56,029 [INFO] Processing: $BFNVG,132653.96,4218.005962,N,07105.992159,W,0,10.0,1.0,21.7,0.0,0.0,132653.96*63
2021-07-29 14:26:56,032 [INFO] Interpreted as: {'position': (11.044872040278278, 10.768015005625784), 'latlon': (42.300099366666664, -71.09986931666667), 'heading': 21.7, 'depth': 1.0, 'altitude': 10.0, 'roll': 0.0, 'pitch': 0.0, 'last_fix_time': datetime.datetime(2021, 7, 29, 13, 26, 53), 'speed': None, 'rudder': 0, 'datum': (42.3, -71.1)}
2021-07-29 14:26:56,033 [INFO] Processing: $BFNVG,132654.31,4218.006145,N,07105.992070,W,0,10.0,1.0,20.9,0.0,0.0,132654.31*68
2021-07-29 14:26:56,035 [INFO] Interpreted as: {'position': (11.175504633341916, 11.103675218299031), 'latlon': (42.30010241666667, -71.09986783333333), 'heading': 20.9, 'depth': 1.0, 'altitude': 10.0, 'roll': 0.0, 'pitch': 0.0, 'last_fix_time': datetime.datetime(2021, 7, 29, 13, 26, 54), 'speed': None, 'rudder': 0, 'datum': (42.3, -71.1)}
2021-07-29 14:26:56,036 [INFO] Processing: $BFNVG,132654.66,4218.006328,N,07105.991984,W,0,10.0,1.0,20.2,0.0,0.0,132654.66*6B
2021-07-29 14:26:56,038 [INFO] Interpreted as: {'position': (11.30201558477711, 11.439437142573297), 'latlon': (42.300105466666665, -71.0998664), 'heading': 20.2, 'depth': 1.0, 'altitude': 10.0, 'roll': 0.0, 'pitch': 0.0, 'last_fix_time': datetime.datetime(2021, 7, 29, 13, 26, 54), 'speed': None, 'rudder': 0, 'datum': (42.3, -71.1)}
2021-07-29 14:26:56,039 [INFO] Processing: $BFNVG,132655.01,4218.006511,N,07105.991902,W,0,10.0,1.0,19.4,0.0,0.0,132655.01*65
2021-07-29 14:26:56,041 [INFO] Interpreted as: {'position': (11.423031013458967, 11.77533467952162), 'latlon': (42.30010851666667, -71.09986503333333), 'heading': 19.4, 'depth': 1.0, 'altitude': 10.0, 'roll': 0.0, 'pitch': 0.0, 'last_fix_time': datetime.datetime(2021, 7, 29, 13, 26, 55), 'speed': None, 'rudder': 0, 'datum': (42.3, -71.1)}
2021-07-29 14:26:56,042 [INFO] Received from Frontseat: [b'$BFNVG,132653.62,4218.005784,N,07105.992251,W,0,10.0,1.0,23.1,0.0,0.0,132653.62*6A', b'$BFNVG,132653.96,4218.005962,N,07105.992159,W,0,10.0,1.0,21.7,0.0,0.0,132653.96*63', b'$BFNVG,132654.31,4218.006145,N,07105.992070,W,0,10.0,1.0,20.9,0.0,0.0,132654.31*68', b'$BFNVG,132654.66,4218.006328,N,07105.991984,W,0,10.0,1.0,20.2,0.0,0.0,132654.66*6B', b'$BFNVG,132655.01,4218.006511,N,07105.991902,W,0,10.0,1.0,19.4,0.0,0.0,132655.01*65']
2021-07-29 14:26:56,043 [INFO] AUV state: {'position': (11.423031013458967, 11.77533467952162), 'latlon': (42.30010851666667, -71.09986503333333), 'heading': 19.4, 'depth': 1.0, 'altitude': 10.0, 'roll': 0.0, 'pitch': 0.0, 'last_fix_time': datetime.datetime(2021, 7, 29, 13, 26, 55), 'speed': None, 'rudder': 0, 'datum': (42.3, -71.1)}
2021-07-29 14:26:56,372 [INFO] Next green buoy (centers, angles): (array([], dtype=object), []), next red buoy (centers, angles): (array([], dtype=object), [])
2021-07-29 14:26:56,373 [INFO] Desired_heading: 19.01270630342026
2021-07-29 14:26:56,373 [INFO] delta angle: -0.20368510758618186
2021-07-29 14:26:56,374 [INFO] sending message $BPRMB,132656.45,0.20368510758618186,1,0,1000,0,1*67
...
2021-07-29 14:26:57,376 [INFO] sending message $BPSTS,132657.37,1,BWSI Autonomy OK*44
...
2021-07-29 14:26:57,377 [INFO] Processing: $BFNVG,132655.36,4218.006697,N,07105.991823,W,0,10.0,1.0,18.6,0.0,0.0,132655.36*69
2021-07-29 14:26:57,379 [INFO] Interpreted as: {'position': (11.540061807143502, 12.116886019706726), 'latlon': (42.30011161666667, -71.09986371666666), 'heading': 18.6, 'depth': 1.0, 'altitude': 10.0, 'roll': 0.0, 'pitch': 0.0, 'last_fix_time': datetime.datetime(2021, 7, 29, 13, 26, 55), 'speed': None, 'rudder': 0, 'datum': (42.3, -71.1)}
2021-07-29 14:26:57,380 [INFO] Processing: $BFNVG,132655.71,4218.006883,N,07105.991745,W,0,10.0,1.0,18.5,0.0,0.0,132655.71*6E
2021-07-29 14:26:57,382 [INFO] Interpreted as: {'position': (11.655718713533133, 12.458471261896193), 'latlon': (42.30011471666667, -71.09986241666667), 'heading': 18.5, 'depth': 1.0, 'altitude': 10.0, 'roll': 0.0, 'pitch': 0.0, 'last_fix_time': datetime.datetime(2021, 7, 29, 13, 26, 55), 'speed': None, 'rudder': 0, 'datum': (42.3, -71.1)}
2021-07-29 14:26:57,383 [INFO] Processing: $BFNVG,132656.07,4218.007073,N,07105.991667,W,0,10.0,1.0,18.3,0.0,0.0,132656.07*6F
2021-07-29 14:26:57,385 [INFO] Interpreted as: {'position': (11.771558286505751, 12.80745929479599), 'latlon': (42.300117883333336, -71.09986111666667), 'heading': 18.3, 'depth': 1.0, 'altitude': 10.0, 'roll': 0.0, 'pitch': 0.0, 'last_fix_time': datetime.datetime(2021, 7, 29, 13, 26, 56), 'speed': None, 'rudder': 0, 'datum': (42.3, -71.1)}
2021-07-29 14:26:57,386 [INFO] Received from Frontseat: [b'$BFNVG,132655.36,4218.006697,N,07105.991823,W,0,10.0,1.0,18.6,0.0,0.0,132655.36*69', b'$BFNVG,132655.71,4218.006883,N,07105.991745,W,0,10.0,1.0,18.5,0.0,0.0,132655.71*6E', b'$BFNVG,132656.07,4218.007073,N,07105.991667,W,0,10.0,1.0,18.3,0.0,0.0,132656.07*6F']
2021-07-29 14:26:57,387 [INFO] AUV state: {'position': (11.771558286505751, 12.80745929479599), 'latlon': (42.300117883333336, -71.09986111666667), 'heading': 18.3, 'depth': 1.0, 'altitude': 10.0, 'roll': 0.0, 'pitch': 0.0, 'last_fix_time': datetime.datetime(2021, 7, 29, 13, 26, 56), 'speed': None, 'rudder': 0, 'datum': (42.3, -71.1)}
2021-07-29 14:26:57,728 [INFO] Next green buoy (centers, angles): (array([], dtype=object), []), next red buoy (centers, angles): (array([], dtype=object), [])
2021-07-29 14:26:57,729 [INFO] Desired_heading: 18.259262978482763
2021-07-29 14:26:57,729 [INFO] delta angle: -0.012200997313129847
2021-07-29 14:26:57,730 [INFO] sending message $BPRMB,132658.30,0.012200997313129847,1,0,1000,0,1*5c
...
2021-07-29 14:26:58,732 [INFO] sending message $BPSTS,132658.73,1,BWSI Autonomy OK*4b
...
2021-07-29 14:26:58,733 [INFO] Processing: $BFNVG,132656.43,4218.007267,N,07105.991589,W,0,10.0,1.0,18.1,0.0,0.0,132656.43*69
2021-07-29 14:26:58,735 [INFO] Interpreted as: {'position': (11.887580525770318, 13.16385011933744), 'latlon': (42.300121116666666, -71.09985981666667), 'heading': 18.1, 'depth': 1.0, 'altitude': 10.0, 'roll': 0.0, 'pitch': 0.0, 'last_fix_time': datetime.datetime(2021, 7, 29, 13, 26, 56), 'speed': None, 'rudder': 0, 'datum': (42.3, -71.1)}
2021-07-29 14:26:58,736 [INFO] Processing: $BFNVG,132656.78,4218.007454,N,07105.991513,W,0,10.0,1.0,18.1,0.0,0.0,132656.78*6C
2021-07-29 14:26:58,738 [INFO] Interpreted as: {'position': (12.000535316648893, 13.50735387019813), 'latlon': (42.300124233333335, -71.09985855), 'heading': 18.1, 'depth': 1.0, 'altitude': 10.0, 'roll': 0.0, 'pitch': 0.0, 'last_fix_time': datetime.datetime(2021, 7, 29, 13, 26, 56), 'speed': None, 'rudder': 0, 'datum': (42.3, -71.1)}
2021-07-29 14:26:58,739 [INFO] Processing: $BFNVG,132657.14,4218.007642,N,07105.991437,W,0,10.0,1.0,18.1,0.0,0.0,132657.14*6E
2021-07-29 14:26:58,742 [INFO] Interpreted as: {'position': (12.11353576683905, 13.852708320133388), 'latlon': (42.300127366666665, -71.09985728333334), 'heading': 18.1, 'depth': 1.0, 'altitude': 10.0, 'roll': 0.0, 'pitch': 0.0, 'last_fix_time': datetime.datetime(2021, 7, 29, 13, 26, 57), 'speed': None, 'rudder': 0, 'datum': (42.3, -71.1)}
2021-07-29 14:26:58,743 [INFO] Processing: $BFNVG,132657.50,4218.007834,N,07105.991360,W,0,10.0,1.0,18.1,0.0,0.0,132657.50*64
2021-07-29 14:26:58,744 [INFO] Interpreted as: {'position': (12.228092760313302, 14.205431657843292), 'latlon': (42.30013056666667, -71.099856), 'heading': 18.1, 'depth': 1.0, 'altitude': 10.0, 'roll': 0.0, 'pitch': 0.0, 'last_fix_time': datetime.datetime(2021, 7, 29, 13, 26, 57), 'speed': None, 'rudder': 0, 'datum': (42.3, -71.1)}
2021-07-29 14:26:58,745 [INFO] Received from Frontseat: [b'$BFNVG,132656.43,4218.007267,N,07105.991589,W,0,10.0,1.0,18.1,0.0,0.0,132656.43*69', b'$BFNVG,132656.78,4218.007454,N,07105.991513,W,0,10.0,1.0,18.1,0.0,0.0,132656.78*6C', b'$BFNVG,132657.14,4218.007642,N,07105.991437,W,0,10.0,1.0,18.1,0.0,0.0,132657.14*6E', b'$BFNVG,132657.50,4218.007834,N,07105.991360,W,0,10.0,1.0,18.1,0.0,0.0,132657.50*64']
2021-07-29 14:26:58,746 [INFO] AUV state: {'position': (12.228092760313302, 14.205431657843292), 'latlon': (42.30013056666667, -71.099856), 'heading': 18.1, 'depth': 1.0, 'altitude': 10.0, 'roll': 0.0, 'pitch': 0.0, 'last_fix_time': datetime.datetime(2021, 7, 29, 13, 26, 57), 'speed': None, 'rudder': 0, 'datum': (42.3, -71.1)}
2021-07-29 14:26:59,087 [INFO] Next green buoy (centers, angles): (array([], dtype=object), []), next red buoy (centers, angles): (array([], dtype=object), [])
2021-07-29 14:26:59,088 [INFO] Desired_heading: 18.097559800537375
2021-07-29 14:26:59,088 [INFO] delta angle: -0.000361568343748786
2021-07-29 14:26:59,089 [INFO] sending message $BPRMB,132659.16,0.000361568343748786,1,0,1000,0,1*56
...
2021-07-29 14:27:00,091 [INFO] sending message $BPSTS,132700.09,1,BWSI Autonomy OK*4a
...
2021-07-29 14:27:00,092 [INFO] Processing: $BFNVG,132657.86,4218.008027,N,07105.991282,W,0,10.0,1.0,18.0,0.0,0.0,132657.86*6D
2021-07-29 14:27:00,094 [INFO] Interpreted as: {'position': (12.34406929166289, 14.559971791692078), 'latlon': (42.30013378333334, -71.0998547), 'heading': 18.0, 'depth': 1.0, 'altitude': 10.0, 'roll': 0.0, 'pitch': 0.0, 'last_fix_time': datetime.datetime(2021, 7, 29, 13, 26, 57), 'speed': None, 'rudder': 0, 'datum': (42.3, -71.1)}
2021-07-29 14:27:00,095 [INFO] Processing: $BFNVG,132658.22,4218.008220,N,07105.991204,W,0,10.0,1.0,18.0,0.0,0.0,132658.22*66
2021-07-29 14:27:00,097 [INFO] Interpreted as: {'position': (12.460045808460563, 14.914511926472187), 'latlon': (42.300137, -71.0998534), 'heading': 18.0, 'depth': 1.0, 'altitude': 10.0, 'roll': 0.0, 'pitch': 0.0, 'last_fix_time': datetime.datetime(2021, 7, 29, 13, 26, 58), 'speed': None, 'rudder': 0, 'datum': (42.3, -71.1)}
2021-07-29 14:27:00,098 [INFO] Processing: $BFNVG,132658.59,4218.008414,N,07105.991126,W,0,10.0,1.0,18.0,0.0,0.0,132658.59*64
2021-07-29 14:27:00,100 [INFO] Interpreted as: {'position': (12.576067987945862, 15.270902761258185), 'latlon': (42.30014023333333, -71.0998521), 'heading': 18.0, 'depth': 1.0, 'altitude': 10.0, 'roll': 0.0, 'pitch': 0.0, 'last_fix_time': datetime.datetime(2021, 7, 29, 13, 26, 58), 'speed': None, 'rudder': 0, 'datum': (42.3, -71.1)}
2021-07-29 14:27:00,101 [INFO] Processing: $BFNVG,132658.95,4218.008607,N,07105.991049,W,0,10.0,1.0,18.0,0.0,0.0,132658.95*6C
2021-07-29 14:27:00,103 [INFO] Interpreted as: {'position': (12.690670609357767, 15.625476801767945), 'latlon': (42.30014345, -71.09985081666666), 'heading': 18.0, 'depth': 1.0, 'altitude': 10.0, 'roll': 0.0, 'pitch': 0.0, 'last_fix_time': datetime.datetime(2021, 7, 29, 13, 26, 58), 'speed': None, 'rudder': 0, 'datum': (42.3, -71.1)}
2021-07-29 14:27:00,104 [INFO] Received from Frontseat: [b'$BFNVG,132657.86,4218.008027,N,07105.991282,W,0,10.0,1.0,18.0,0.0,0.0,132657.86*6D', b'$BFNVG,132658.22,4218.008220,N,07105.991204,W,0,10.0,1.0,18.0,0.0,0.0,132658.22*66', b'$BFNVG,132658.59,4218.008414,N,07105.991126,W,0,10.0,1.0,18.0,0.0,0.0,132658.59*64', b'$BFNVG,132658.95,4218.008607,N,07105.991049,W,0,10.0,1.0,18.0,0.0,0.0,132658.95*6C']
2021-07-29 14:27:00,105 [INFO] AUV state: {'position': (12.690670609357767, 15.625476801767945), 'latlon': (42.30014345, -71.09985081666666), 'heading': 18.0, 'depth': 1.0, 'altitude': 10.0, 'roll': 0.0, 'pitch': 0.0, 'last_fix_time': datetime.datetime(2021, 7, 29, 13, 26, 58), 'speed': None, 'rudder': 0, 'datum': (42.3, -71.1)}
2021-07-29 14:27:00,423 [INFO] Next green buoy (centers, angles): (array([], dtype=object), []), next red buoy (centers, angles): (array([], dtype=object), [])
2021-07-29 14:27:00,424 [INFO] Desired_heading: 17.99992768633125
2021-07-29 14:27:00,424 [INFO] delta angle: -4.445639433470205e-06
2021-07-29 14:27:00,425 [INFO] sending message $BPRMB,132701.01,4.445639433470205e-06,1,0,1000,0,1*26
...
2021-07-29 14:27:01,426 [INFO] sending message $BPSTS,132701.42,1,BWSI Autonomy OK*44
...
2021-07-29 14:27:01,428 [INFO] Processing: $BFNVG,132659.31,4218.008801,N,07105.990971,W,0,10.0,1.0,18.0,0.0,0.0,132659.31*67
2021-07-29 14:27:01,430 [INFO] Interpreted as: {'position': (12.806692766025662, 15.98186763934791), 'latlon': (42.30014668333333, -71.09984951666667), 'heading': 18.0, 'depth': 1.0, 'altitude': 10.0, 'roll': 0.0, 'pitch': 0.0, 'last_fix_time': datetime.datetime(2021, 7, 29, 13, 26, 59), 'speed': None, 'rudder': 0, 'datum': (42.3, -71.1)}
2021-07-29 14:27:01,431 [INFO] Processing: $BFNVG,132659.67,4218.008988,N,07105.990895,W,0,10.0,1.0,18.0,0.0,0.0,132659.67*6C
2021-07-29 14:27:01,433 [INFO] Interpreted as: {'position': (12.919647476868704, 16.325371406041086), 'latlon': (42.3001498, -71.09984825), 'heading': 18.0, 'depth': 1.0, 'altitude': 10.0, 'roll': 0.0, 'pitch': 0.0, 'last_fix_time': datetime.datetime(2021, 7, 29, 13, 26, 59), 'speed': None, 'rudder': 0, 'datum': (42.3, -71.1)}
2021-07-29 14:27:01,434 [INFO] Processing: $BFNVG,132700.04,4218.009185,N,07105.990816,W,0,10.0,1.0,18.0,0.0,0.0,132700.04*63
2021-07-29 14:27:01,436 [INFO] Interpreted as: {'position': (13.037180496146902, 16.68728043604642), 'latlon': (42.300153083333335, -71.09984693333334), 'heading': 18.0, 'depth': 1.0, 'altitude': 10.0, 'roll': 0.0, 'pitch': 0.0, 'last_fix_time': datetime.datetime(2021, 7, 29, 13, 27), 'speed': None, 'rudder': 0, 'datum': (42.3, -71.1)}
2021-07-29 14:27:01,437 [INFO] Processing: $BFNVG,132700.39,4218.009376,N,07105.990739,W,0,10.0,1.0,18.0,0.0,0.0,132700.39*6F
2021-07-29 14:27:01,439 [INFO] Interpreted as: {'position': (13.151691738690715, 17.038153091445565), 'latlon': (42.30015626666667, -71.09984565), 'heading': 18.0, 'depth': 1.0, 'altitude': 10.0, 'roll': 0.0, 'pitch': 0.0, 'last_fix_time': datetime.datetime(2021, 7, 29, 13, 27), 'speed': None, 'rudder': 0, 'datum': (42.3, -71.1)}
2021-07-29 14:27:01,440 [INFO] Received from Frontseat: [b'$BFNVG,132659.31,4218.008801,N,07105.990971,W,0,10.0,1.0,18.0,0.0,0.0,132659.31*67', b'$BFNVG,132659.67,4218.008988,N,07105.990895,W,0,10.0,1.0,18.0,0.0,0.0,132659.67*6C', b'$BFNVG,132700.04,4218.009185,N,07105.990816,W,0,10.0,1.0,18.0,0.0,0.0,132700.04*63', b'$BFNVG,132700.39,4218.009376,N,07105.990739,W,0,10.0,1.0,18.0,0.0,0.0,132700.39*6F']
2021-07-29 14:27:01,441 [INFO] AUV state: {'position': (13.151691738690715, 17.038153091445565), 'latlon': (42.30015626666667, -71.09984565), 'heading': 18.0, 'depth': 1.0, 'altitude': 10.0, 'roll': 0.0, 'pitch': 0.0, 'last_fix_time': datetime.datetime(2021, 7, 29, 13, 27), 'speed': None, 'rudder': 0, 'datum': (42.3, -71.1)}
2021-07-29 14:27:01,777 [INFO] Next green buoy (centers, angles): (array([], dtype=object), []), next red buoy (centers, angles): (array([], dtype=object), [])
2021-07-29 14:27:01,778 [INFO] Desired_heading: 17.999999110872114
2021-07-29 14:27:01,778 [INFO] delta angle: -1.8201774310000474e-08
2021-07-29 14:27:01,779 [INFO] sending message $BPRMB,132701.83,1.8201774310000474e-08,1,0,1000,0,1*14
...
2021-07-29 14:27:02,781 [INFO] sending message $BPSTS,132702.78,1,BWSI Autonomy OK*4e
...
2021-07-29 14:27:02,782 [INFO] Processing: $BFNVG,132700.74,4218.009563,N,07105.990664,W,0,10.0,1.0,18.0,0.0,0.0,132700.74*64
2021-07-29 14:27:02,784 [INFO] Interpreted as: {'position': (13.263272543088533, 17.381690761074424), 'latlon': (42.30015938333333, -71.0998444), 'heading': 18.0, 'depth': 1.0, 'altitude': 10.0, 'roll': 0.0, 'pitch': 0.0, 'last_fix_time': datetime.datetime(2021, 7, 29, 13, 27), 'speed': None, 'rudder': 0, 'datum': (42.3, -71.1)}
2021-07-29 14:27:02,785 [INFO] Processing: $BFNVG,132701.10,4218.009750,N,07105.990589,W,0,10.0,1.0,18.0,0.0,0.0,132701.10*66
2021-07-29 14:27:02,787 [INFO] Interpreted as: {'position': (13.374853337882087, 17.725228436291218), 'latlon': (42.3001625, -71.09984315), 'heading': 18.0, 'depth': 1.0, 'altitude': 10.0, 'roll': 0.0, 'pitch': 0.0, 'last_fix_time': datetime.datetime(2021, 7, 29, 13, 27, 1), 'speed': None, 'rudder': 0, 'datum': (42.3, -71.1)}
2021-07-29 14:27:02,787 [INFO] Processing: $BFNVG,132701.48,4218.009952,N,07105.990508,W,0,10.0,1.0,18.0,0.0,0.0,132701.48*63
2021-07-29 14:27:02,790 [INFO] Interpreted as: {'position': (13.495362411951646, 18.096323153935373), 'latlon': (42.30016586666667, -71.0998418), 'heading': 18.0, 'depth': 1.0, 'altitude': 10.0, 'roll': 0.0, 'pitch': 0.0, 'last_fix_time': datetime.datetime(2021, 7, 29, 13, 27, 1), 'speed': None, 'rudder': 0, 'datum': (42.3, -71.1)}
2021-07-29 14:27:02,791 [INFO] Received from Frontseat: [b'$BFNVG,132700.74,4218.009563,N,07105.990664,W,0,10.0,1.0,18.0,0.0,0.0,132700.74*64', b'$BFNVG,132701.10,4218.009750,N,07105.990589,W,0,10.0,1.0,18.0,0.0,0.0,132701.10*66', b'$BFNVG,132701.48,4218.009952,N,07105.990508,W,0,10.0,1.0,18.0,0.0,0.0,132701.48*63']
2021-07-29 14:27:02,792 [INFO] AUV state: {'position': (13.495362411951646, 18.096323153935373), 'latlon': (42.30016586666667, -71.0998418), 'heading': 18.0, 'depth': 1.0, 'altitude': 10.0, 'roll': 0.0, 'pitch': 0.0, 'last_fix_time': datetime.datetime(2021, 7, 29, 13, 27, 1), 'speed': None, 'rudder': 0, 'datum': (42.3, -71.1)}
2021-07-29 14:27:03,129 [INFO] Next green buoy (centers, angles): (array([], dtype=object), []), next red buoy (centers, angles): (array([], dtype=object), [])
2021-07-29 14:27:03,130 [INFO] Desired_heading: 17.999999996359644
2021-07-29 14:27:03,130 [INFO] delta angle: -1.887201506178826e-11
2021-07-29 14:27:03,130 [INFO] sending message $BPRMB,132703.72,1.887201506178826e-11,1,0,1000,0,1*2f
...
2021-07-29 14:27:04,132 [INFO] sending message $BPSTS,132704.13,1,BWSI Autonomy OK*45
...
2021-07-29 14:27:04,133 [INFO] Processing: $BFNVG,132701.85,4218.010150,N,07105.990428,W,0,10.0,1.0,18.0,0.0,0.0,132701.85*62
2021-07-29 14:27:04,139 [INFO] Interpreted as: {'position': (13.614314925624058, 18.460048988461494), 'latlon': (42.30016916666667, -71.09984046666666), 'heading': 18.0, 'depth': 1.0, 'altitude': 10.0, 'roll': 0.0, 'pitch': 0.0, 'last_fix_time': datetime.datetime(2021, 7, 29, 13, 27, 1), 'speed': None, 'rudder': 0, 'datum': (42.3, -71.1)}
2021-07-29 14:27:04,140 [INFO] Processing: $BFNVG,132702.20,4218.010338,N,07105.990352,W,0,10.0,1.0,18.0,0.0,0.0,132702.20*64
2021-07-29 14:27:04,142 [INFO] Interpreted as: {'position': (13.727315232623369, 18.805403461679816), 'latlon': (42.3001723, -71.0998392), 'heading': 18.0, 'depth': 1.0, 'altitude': 10.0, 'roll': 0.0, 'pitch': 0.0, 'last_fix_time': datetime.datetime(2021, 7, 29, 13, 27, 2), 'speed': None, 'rudder': 0, 'datum': (42.3, -71.1)}
2021-07-29 14:27:04,144 [INFO] Processing: $BFNVG,132702.56,4218.010527,N,07105.990276,W,0,10.0,1.0,18.0,0.0,0.0,132702.56*6B
2021-07-29 14:27:04,146 [INFO] Interpreted as: {'position': (13.840361202717759, 19.152608633972704), 'latlon': (42.30017545, -71.09983793333333), 'heading': 18.0, 'depth': 1.0, 'altitude': 10.0, 'roll': 0.0, 'pitch': 0.0, 'last_fix_time': datetime.datetime(2021, 7, 29, 13, 27, 2), 'speed': None, 'rudder': 0, 'datum': (42.3, -71.1)}
2021-07-29 14:27:04,147 [INFO] Processing: $BFNVG,132702.91,4218.010715,N,07105.990201,W,0,10.0,1.0,18.0,0.0,0.0,132702.91*68
2021-07-29 14:27:04,149 [INFO] Interpreted as: {'position': (13.95198761409847, 19.497997013852), 'latlon': (42.300178583333334, -71.09983668333334), 'heading': 18.0, 'depth': 1.0, 'altitude': 10.0, 'roll': 0.0, 'pitch': 0.0, 'last_fix_time': datetime.datetime(2021, 7, 29, 13, 27, 2), 'speed': None, 'rudder': 0, 'datum': (42.3, -71.1)}
2021-07-29 14:27:04,150 [INFO] Received from Frontseat: [b'$BFNVG,132701.85,4218.010150,N,07105.990428,W,0,10.0,1.0,18.0,0.0,0.0,132701.85*62', b'$BFNVG,132702.20,4218.010338,N,07105.990352,W,0,10.0,1.0,18.0,0.0,0.0,132702.20*64', b'$BFNVG,132702.56,4218.010527,N,07105.990276,W,0,10.0,1.0,18.0,0.0,0.0,132702.56*6B', b'$BFNVG,132702.91,4218.010715,N,07105.990201,W,0,10.0,1.0,18.0,0.0,0.0,132702.91*68']
2021-07-29 14:27:04,151 [INFO] AUV state: {'position': (13.95198761409847, 19.497997013852), 'latlon': (42.300178583333334, -71.09983668333334), 'heading': 18.0, 'depth': 1.0, 'altitude': 10.0, 'roll': 0.0, 'pitch': 0.0, 'last_fix_time': datetime.datetime(2021, 7, 29, 13, 27, 2), 'speed': None, 'rudder': 0, 'datum': (42.3, -71.1)}
2021-07-29 14:27:04,468 [INFO] Next green buoy (centers, angles): (array([], dtype=object), []), next red buoy (centers, angles): (array([], dtype=object), [])
2021-07-29 14:27:04,469 [INFO] Desired_heading: 17.999999999996227
2021-07-29 14:27:04,469 [INFO] delta angle: 0.0
2021-07-29 14:27:04,470 [INFO] sending message $BPRMB,132704.53,-0.0,1,0,1000,0,1*4a
...
2021-07-29 14:27:05,472 [INFO] sending message $BPSTS,132705.47,1,BWSI Autonomy OK*45
...
2021-07-29 14:27:05,473 [INFO] Processing: $BFNVG,132703.27,4218.010907,N,07105.990124,W,0,10.0,1.0,18.0,0.0,0.0,132703.27*61
2021-07-29 14:27:05,475 [INFO] Interpreted as: {'position': (14.066544446279295, 19.85072037857026), 'latlon': (42.300181783333336, -71.0998354), 'heading': 18.0, 'depth': 1.0, 'altitude': 10.0, 'roll': 0.0, 'pitch': 0.0, 'last_fix_time': datetime.datetime(2021, 7, 29, 13, 27, 3), 'speed': None, 'rudder': 0, 'datum': (42.3, -71.1)}
2021-07-29 14:27:05,476 [INFO] Processing: $BFNVG,132703.62,4218.011095,N,07105.990048,W,0,10.0,1.0,18.0,0.0,0.0,132703.62*69
2021-07-29 14:27:05,478 [INFO] Interpreted as: {'position': (14.179544715909287, 20.19607485923916), 'latlon': (42.300184916666666, -71.09983413333333), 'heading': 18.0, 'depth': 1.0, 'altitude': 10.0, 'roll': 0.0, 'pitch': 0.0, 'last_fix_time': datetime.datetime(2021, 7, 29, 13, 27, 3), 'speed': None, 'rudder': 0, 'datum': (42.3, -71.1)}
2021-07-29 14:27:05,479 [INFO] Processing: $BFNVG,132703.98,4218.011284,N,07105.989972,W,0,10.0,1.0,18.0,0.0,0.0,132703.98*63
2021-07-29 14:27:05,481 [INFO] Interpreted as: {'position': (14.292590644210577, 20.543280037119985), 'latlon': (42.300188066666664, -71.09983286666667), 'heading': 18.0, 'depth': 1.0, 'altitude': 10.0, 'roll': 0.0, 'pitch': 0.0, 'last_fix_time': datetime.datetime(2021, 7, 29, 13, 27, 3), 'speed': None, 'rudder': 0, 'datum': (42.3, -71.1)}
2021-07-29 14:27:05,483 [INFO] Processing: $BFNVG,132704.33,4218.011472,N,07105.989896,W,0,10.0,1.0,18.0,0.0,0.0,132704.33*67
2021-07-29 14:27:05,485 [INFO] Interpreted as: {'position': (14.405590894049965, 20.888634523376822), 'latlon': (42.3001912, -71.0998316), 'heading': 18.0, 'depth': 1.0, 'altitude': 10.0, 'roll': 0.0, 'pitch': 0.0, 'last_fix_time': datetime.datetime(2021, 7, 29, 13, 27, 4), 'speed': None, 'rudder': 0, 'datum': (42.3, -71.1)}
2021-07-29 14:27:05,486 [INFO] Received from Frontseat: [b'$BFNVG,132703.27,4218.010907,N,07105.990124,W,0,10.0,1.0,18.0,0.0,0.0,132703.27*61', b'$BFNVG,132703.62,4218.011095,N,07105.990048,W,0,10.0,1.0,18.0,0.0,0.0,132703.62*69', b'$BFNVG,132703.98,4218.011284,N,07105.989972,W,0,10.0,1.0,18.0,0.0,0.0,132703.98*63', b'$BFNVG,132704.33,4218.011472,N,07105.989896,W,0,10.0,1.0,18.0,0.0,0.0,132704.33*67']
2021-07-29 14:27:05,487 [INFO] AUV state: {'position': (14.405590894049965, 20.888634523376822), 'latlon': (42.3001912, -71.0998316), 'heading': 18.0, 'depth': 1.0, 'altitude': 10.0, 'roll': 0.0, 'pitch': 0.0, 'last_fix_time': datetime.datetime(2021, 7, 29, 13, 27, 4), 'speed': None, 'rudder': 0, 'datum': (42.3, -71.1)}
2021-07-29 14:27:05,827 [INFO] Next green buoy (centers, angles): (array([], dtype=object), []), next red buoy (centers, angles): (array([], dtype=object), [])
2021-07-29 14:27:05,828 [INFO] Desired_heading: 18.0
2021-07-29 14:27:05,828 [INFO] delta angle: 0.0
2021-07-29 14:27:05,829 [INFO] sending message $BPRMB,132706.40,-0.0,1,0,1000,0,1*4a
...
2021-07-29 14:27:06,831 [INFO] sending message $BPSTS,132706.83,1,BWSI Autonomy OK*4e
...
2021-07-29 14:27:06,832 [INFO] Processing: $BFNVG,132704.68,4218.011660,N,07105.989820,W,0,10.0,1.0,18.0,0.0,0.0,132704.68*6B
2021-07-29 14:27:06,834 [INFO] Interpreted as: {'position': (14.518591134052258, 21.233989006839693), 'latlon': (42.30019433333333, -71.09983033333333), 'heading': 18.0, 'depth': 1.0, 'altitude': 10.0, 'roll': 0.0, 'pitch': 0.0, 'last_fix_time': datetime.datetime(2021, 7, 29, 13, 27, 4), 'speed': None, 'rudder': 0, 'datum': (42.3, -71.1)}
2021-07-29 14:27:06,835 [INFO] Processing: $BFNVG,132705.04,4218.011849,N,07105.989744,W,0,10.0,1.0,18.0,0.0,0.0,132705.04*63
2021-07-29 14:27:06,837 [INFO] Interpreted as: {'position': (14.631637032725848, 21.58119419310242), 'latlon': (42.300197483333335, -71.09982906666667), 'heading': 18.0, 'depth': 1.0, 'altitude': 10.0, 'roll': 0.0, 'pitch': 0.0, 'last_fix_time': datetime.datetime(2021, 7, 29, 13, 27, 5), 'speed': None, 'rudder': 0, 'datum': (42.3, -71.1)}
2021-07-29 14:27:06,839 [INFO] Processing: $BFNVG,132705.39,4218.012037,N,07105.989669,W,0,10.0,1.0,18.0,0.0,0.0,132705.39*6F
2021-07-29 14:27:06,841 [INFO] Interpreted as: {'position': (14.743263377575204, 21.926582583226264), 'latlon': (42.300200616666665, -71.09982781666666), 'heading': 18.0, 'depth': 1.0, 'altitude': 10.0, 'roll': 0.0, 'pitch': 0.0, 'last_fix_time': datetime.datetime(2021, 7, 29, 13, 27, 5), 'speed': None, 'rudder': 0, 'datum': (42.3, -71.1)}
2021-07-29 14:27:06,841 [INFO] Processing: $BFNVG,132705.75,4218.012227,N,07105.989593,W,0,10.0,1.0,18.0,0.0,0.0,132705.75*6A
2021-07-29 14:27:06,843 [INFO] Interpreted as: {'position': (14.856354924966581, 22.275638468563557), 'latlon': (42.30020378333333, -71.09982655), 'heading': 18.0, 'depth': 1.0, 'altitude': 10.0, 'roll': 0.0, 'pitch': 0.0, 'last_fix_time': datetime.datetime(2021, 7, 29, 13, 27, 5), 'speed': None, 'rudder': 0, 'datum': (42.3, -71.1)}
2021-07-29 14:27:06,844 [INFO] Received from Frontseat: [b'$BFNVG,132704.68,4218.011660,N,07105.989820,W,0,10.0,1.0,18.0,0.0,0.0,132704.68*6B', b'$BFNVG,132705.04,4218.011849,N,07105.989744,W,0,10.0,1.0,18.0,0.0,0.0,132705.04*63', b'$BFNVG,132705.39,4218.012037,N,07105.989669,W,0,10.0,1.0,18.0,0.0,0.0,132705.39*6F', b'$BFNVG,132705.75,4218.012227,N,07105.989593,W,0,10.0,1.0,18.0,0.0,0.0,132705.75*6A']
2021-07-29 14:27:06,845 [INFO] AUV state: {'position': (14.856354924966581, 22.275638468563557), 'latlon': (42.30020378333333, -71.09982655), 'heading': 18.0, 'depth': 1.0, 'altitude': 10.0, 'roll': 0.0, 'pitch': 0.0, 'last_fix_time': datetime.datetime(2021, 7, 29, 13, 27, 5), 'speed': None, 'rudder': 0, 'datum': (42.3, -71.1)}
2021-07-29 14:27:07,180 [INFO] Next green buoy (centers, angles): (array([], dtype=object), []), next red buoy (centers, angles): (array([], dtype=object), [])
2021-07-29 14:27:07,181 [INFO] Desired_heading: 18.0
2021-07-29 14:27:07,181 [INFO] delta angle: 0.0
2021-07-29 14:27:07,182 [INFO] sending message $BPRMB,132707.25,-0.0,1,0,1000,0,1*48
...
2021-07-29 14:27:08,183 [INFO] sending message $BPSTS,132708.18,1,BWSI Autonomy OK*42
...
2021-07-29 14:27:08,184 [INFO] Processing: $BFNVG,132706.10,4218.012415,N,07105.989517,W,0,10.0,1.0,18.0,0.0,0.0,132706.10*61
2021-07-29 14:27:08,186 [INFO] Interpreted as: {'position': (14.969355125562288, 22.62099296040833), 'latlon': (42.30020691666667, -71.09982528333333), 'heading': 18.0, 'depth': 1.0, 'altitude': 10.0, 'roll': 0.0, 'pitch': 0.0, 'last_fix_time': datetime.datetime(2021, 7, 29, 13, 27, 6), 'speed': None, 'rudder': 0, 'datum': (42.3, -71.1)}
2021-07-29 14:27:08,187 [INFO] Processing: $BFNVG,132706.45,4218.012603,N,07105.989441,W,0,10.0,1.0,18.0,0.0,0.0,132706.45*66
2021-07-29 14:27:08,189 [INFO] Interpreted as: {'position': (15.082355316204485, 22.966347453184426), 'latlon': (42.30021005, -71.09982401666667), 'heading': 18.0, 'depth': 1.0, 'altitude': 10.0, 'roll': 0.0, 'pitch': 0.0, 'last_fix_time': datetime.datetime(2021, 7, 29, 13, 27, 6), 'speed': None, 'rudder': 0, 'datum': (42.3, -71.1)}
2021-07-29 14:27:08,190 [INFO] Processing: $BFNVG,132706.81,4218.012791,N,07105.989366,W,0,10.0,1.0,18.0,0.0,0.0,132706.81*6E
2021-07-29 14:27:08,192 [INFO] Interpreted as: {'position': (15.193981621880084, 23.311735852621496), 'latlon': (42.300213183333334, -71.09982276666666), 'heading': 18.0, 'depth': 1.0, 'altitude': 10.0, 'roll': 0.0, 'pitch': 0.0, 'last_fix_time': datetime.datetime(2021, 7, 29, 13, 27, 6), 'speed': None, 'rudder': 0, 'datum': (42.3, -71.1)}
2021-07-29 14:27:08,193 [INFO] Processing: $BFNVG,132707.16,4218.012977,N,07105.989291,W,0,10.0,1.0,18.0,0.0,0.0,132707.16*61
2021-07-29 14:27:08,196 [INFO] Interpreted as: {'position': (15.305516583146527, 23.653422857634723), 'latlon': (42.300216283333334, -71.09982151666667), 'heading': 18.0, 'depth': 1.0, 'altitude': 10.0, 'roll': 0.0, 'pitch': 0.0, 'last_fix_time': datetime.datetime(2021, 7, 29, 13, 27, 7), 'speed': None, 'rudder': 0, 'datum': (42.3, -71.1)}
2021-07-29 14:27:08,197 [INFO] Received from Frontseat: [b'$BFNVG,132706.10,4218.012415,N,07105.989517,W,0,10.0,1.0,18.0,0.0,0.0,132706.10*61', b'$BFNVG,132706.45,4218.012603,N,07105.989441,W,0,10.0,1.0,18.0,0.0,0.0,132706.45*66', b'$BFNVG,132706.81,4218.012791,N,07105.989366,W,0,10.0,1.0,18.0,0.0,0.0,132706.81*6E', b'$BFNVG,132707.16,4218.012977,N,07105.989291,W,0,10.0,1.0,18.0,0.0,0.0,132707.16*61']
2021-07-29 14:27:08,198 [INFO] AUV state: {'position': (15.305516583146527, 23.653422857634723), 'latlon': (42.300216283333334, -71.09982151666667), 'heading': 18.0, 'depth': 1.0, 'altitude': 10.0, 'roll': 0.0, 'pitch': 0.0, 'last_fix_time': datetime.datetime(2021, 7, 29, 13, 27, 7), 'speed': None, 'rudder': 0, 'datum': (42.3, -71.1)}
2021-07-29 14:27:08,526 [INFO] Next green buoy (centers, angles): (array([], dtype=object), []), next red buoy (centers, angles): (array([], dtype=object), [])
2021-07-29 14:27:08,526 [INFO] Desired_heading: 18.0
2021-07-29 14:27:08,527 [INFO] delta angle: 0.0
2021-07-29 14:27:08,527 [INFO] sending message $BPRMB,132709.10,-0.0,1,0,1000,0,1*40
...
2021-07-29 14:27:09,529 [INFO] sending message $BPSTS,132709.52,1,BWSI Autonomy OK*4d
...
2021-07-29 14:27:09,530 [INFO] Processing: $BFNVG,132707.51,4218.013164,N,07105.989215,W,0,10.0,1.0,18.0,0.0,0.0,132707.51*66
2021-07-29 14:27:09,532 [INFO] Interpreted as: {'position': (15.418471074022818, 23.996926658786833), 'latlon': (42.3002194, -71.09982025), 'heading': 18.0, 'depth': 1.0, 'altitude': 10.0, 'roll': 0.0, 'pitch': 0.0, 'last_fix_time': datetime.datetime(2021, 7, 29, 13, 27, 7), 'speed': None, 'rudder': 0, 'datum': (42.3, -71.1)}
2021-07-29 14:27:09,532 [INFO] Processing: $BFNVG,132707.86,4218.013351,N,07105.989141,W,0,10.0,1.0,18.0,0.0,0.0,132707.86*60
2021-07-29 14:27:09,534 [INFO] Interpreted as: {'position': (15.528677809401415, 24.34049826581031), 'latlon': (42.300222516666665, -71.09981901666667), 'heading': 18.0, 'depth': 1.0, 'altitude': 10.0, 'roll': 0.0, 'pitch': 0.0, 'last_fix_time': datetime.datetime(2021, 7, 29, 13, 27, 7), 'speed': None, 'rudder': 0, 'datum': (42.3, -71.1)}
2021-07-29 14:27:09,535 [INFO] Processing: $BFNVG,132708.21,4218.013538,N,07105.989065,W,0,10.0,1.0,18.0,0.0,0.0,132708.21*6E
2021-07-29 14:27:09,536 [INFO] Interpreted as: {'position': (15.64163228077814, 24.68400207068771), 'latlon': (42.30022563333333, -71.09981775), 'heading': 18.0, 'depth': 1.0, 'altitude': 10.0, 'roll': 0.0, 'pitch': 0.0, 'last_fix_time': datetime.datetime(2021, 7, 29, 13, 27, 8), 'speed': None, 'rudder': 0, 'datum': (42.3, -71.1)}
2021-07-29 14:27:09,537 [INFO] Received from Frontseat: [b'$BFNVG,132707.51,4218.013164,N,07105.989215,W,0,10.0,1.0,18.0,0.0,0.0,132707.51*66', b'$BFNVG,132707.86,4218.013351,N,07105.989141,W,0,10.0,1.0,18.0,0.0,0.0,132707.86*60', b'$BFNVG,132708.21,4218.013538,N,07105.989065,W,0,10.0,1.0,18.0,0.0,0.0,132708.21*6E']
2021-07-29 14:27:09,538 [INFO] AUV state: {'position': (15.64163228077814, 24.68400207068771), 'latlon': (42.30022563333333, -71.09981775), 'heading': 18.0, 'depth': 1.0, 'altitude': 10.0, 'roll': 0.0, 'pitch': 0.0, 'last_fix_time': datetime.datetime(2021, 7, 29, 13, 27, 8), 'speed': None, 'rudder': 0, 'datum': (42.3, -71.1)}
2021-07-29 14:27:09,880 [INFO] Next green buoy (centers, angles): (array([], dtype=object), []), next red buoy (centers, angles): (array([], dtype=object), [])
2021-07-29 14:27:09,880 [INFO] Desired_heading: 18.0
2021-07-29 14:27:09,881 [INFO] delta angle: 0.0
2021-07-29 14:27:09,881 [INFO] sending message $BPRMB,132709.94,-0.0,1,0,1000,0,1*4c
...
2021-07-29 14:27:10,883 [INFO] sending message $BPSTS,132710.88,1,BWSI Autonomy OK*42
...
2021-07-29 14:27:10,884 [INFO] Processing: $BFNVG,132708.56,4218.013725,N,07105.988990,W,0,10.0,1.0,18.0,0.0,0.0,132708.56*62
2021-07-29 14:27:10,886 [INFO] Interpreted as: {'position': (15.753212871670257, 25.027539781294763), 'latlon': (42.30022875, -71.0998165), 'heading': 18.0, 'depth': 1.0, 'altitude': 10.0, 'roll': 0.0, 'pitch': 0.0, 'last_fix_time': datetime.datetime(2021, 7, 29, 13, 27, 8), 'speed': None, 'rudder': 0, 'datum': (42.3, -71.1)}
2021-07-29 14:27:10,887 [INFO] Processing: $BFNVG,132708.92,4218.013916,N,07105.988913,W,0,10.0,1.0,18.0,0.0,0.0,132708.92*67
2021-07-29 14:27:10,889 [INFO] Interpreted as: {'position': (15.867723871371709, 25.378412474878132), 'latlon': (42.300231933333336, -71.09981521666667), 'heading': 18.0, 'depth': 1.0, 'altitude': 10.0, 'roll': 0.0, 'pitch': 0.0, 'last_fix_time': datetime.datetime(2021, 7, 29, 13, 27, 8), 'speed': None, 'rudder': 0, 'datum': (42.3, -71.1)}
2021-07-29 14:27:10,889 [INFO] Processing: $BFNVG,132709.27,4218.014104,N,07105.988838,W,0,10.0,1.0,18.0,0.0,0.0,132709.27*63
2021-07-29 14:27:10,891 [INFO] Interpreted as: {'position': (15.979350110981613, 25.723800885491073), 'latlon': (42.300235066666666, -71.09981396666667), 'heading': 18.0, 'depth': 1.0, 'altitude': 10.0, 'roll': 0.0, 'pitch': 0.0, 'last_fix_time': datetime.datetime(2021, 7, 29, 13, 27, 9), 'speed': None, 'rudder': 0, 'datum': (42.3, -71.1)}
2021-07-29 14:27:10,892 [INFO] Processing: $BFNVG,132709.62,4218.014291,N,07105.988762,W,0,10.0,1.0,18.0,0.0,0.0,132709.62*6C
2021-07-29 14:27:10,894 [INFO] Interpreted as: {'position': (16.092304545105435, 26.06730469595641), 'latlon': (42.300238183333335, -71.0998127), 'heading': 18.0, 'depth': 1.0, 'altitude': 10.0, 'roll': 0.0, 'pitch': 0.0, 'last_fix_time': datetime.datetime(2021, 7, 29, 13, 27, 9), 'speed': None, 'rudder': 0, 'datum': (42.3, -71.1)}
2021-07-29 14:27:10,894 [INFO] Received from Frontseat: [b'$BFNVG,132708.56,4218.013725,N,07105.988990,W,0,10.0,1.0,18.0,0.0,0.0,132708.56*62', b'$BFNVG,132708.92,4218.013916,N,07105.988913,W,0,10.0,1.0,18.0,0.0,0.0,132708.92*67', b'$BFNVG,132709.27,4218.014104,N,07105.988838,W,0,10.0,1.0,18.0,0.0,0.0,132709.27*63', b'$BFNVG,132709.62,4218.014291,N,07105.988762,W,0,10.0,1.0,18.0,0.0,0.0,132709.62*6C']
2021-07-29 14:27:10,895 [INFO] AUV state: {'position': (16.092304545105435, 26.06730469595641), 'latlon': (42.300238183333335, -71.0998127), 'heading': 18.0, 'depth': 1.0, 'altitude': 10.0, 'roll': 0.0, 'pitch': 0.0, 'last_fix_time': datetime.datetime(2021, 7, 29, 13, 27, 9), 'speed': None, 'rudder': 0, 'datum': (42.3, -71.1)}
2021-07-29 14:27:11,243 [INFO] Next green buoy (centers, angles): (array([], dtype=object), []), next red buoy (centers, angles): (array([], dtype=object), [])
2021-07-29 14:27:11,243 [INFO] Desired_heading: 18.0
2021-07-29 14:27:11,244 [INFO] delta angle: 0.0
2021-07-29 14:27:11,244 [INFO] sending message $BPRMB,132711.81,-0.0,1,0,1000,0,1*41
...
2021-07-29 14:27:12,246 [INFO] sending message $BPSTS,132712.24,1,BWSI Autonomy OK*46
...
2021-07-29 14:27:12,247 [INFO] Processing: $BFNVG,132709.98,4218.014481,N,07105.988686,W,0,10.0,1.0,18.0,0.0,0.0,132709.98*60
2021-07-29 14:27:12,249 [INFO] Interpreted as: {'position': (16.20539597410243, 26.416360599920154), 'latlon': (42.30024135, -71.09981143333333), 'heading': 18.0, 'depth': 1.0, 'altitude': 10.0, 'roll': 0.0, 'pitch': 0.0, 'last_fix_time': datetime.datetime(2021, 7, 29, 13, 27, 9), 'speed': None, 'rudder': 0, 'datum': (42.3, -71.1)}
2021-07-29 14:27:12,250 [INFO] Processing: $BFNVG,132710.34,4218.014671,N,07105.988609,W,0,10.0,1.0,18.0,0.0,0.0,132710.34*6A
2021-07-29 14:27:12,252 [INFO] Interpreted as: {'position': (16.319861267576925, 26.765382604673505), 'latlon': (42.300244516666666, -71.09981015), 'heading': 18.0, 'depth': 1.0, 'altitude': 10.0, 'roll': 0.0, 'pitch': 0.0, 'last_fix_time': datetime.datetime(2021, 7, 29, 13, 27, 10), 'speed': None, 'rudder': 0, 'datum': (42.3, -71.1)}
2021-07-29 14:27:12,253 [INFO] Processing: $BFNVG,132710.70,4218.014864,N,07105.988532,W,0,10.0,1.0,18.0,0.0,0.0,132710.70*6B
2021-07-29 14:27:12,255 [INFO] Interpreted as: {'position': (16.434463555342518, 27.119956701993942), 'latlon': (42.300247733333336, -71.09980886666666), 'heading': 18.0, 'depth': 1.0, 'altitude': 10.0, 'roll': 0.0, 'pitch': 0.0, 'last_fix_time': datetime.datetime(2021, 7, 29, 13, 27, 10), 'speed': None, 'rudder': 0, 'datum': (42.3, -71.1)}
2021-07-29 14:27:12,255 [INFO] Processing: $BFNVG,132711.05,4218.015051,N,07105.988456,W,0,10.0,1.0,18.0,0.0,0.0,132711.05*67
2021-07-29 14:27:12,257 [INFO] Interpreted as: {'position': (16.547417949768715, 27.46346051990986), 'latlon': (42.30025085, -71.0998076), 'heading': 18.0, 'depth': 1.0, 'altitude': 10.0, 'roll': 0.0, 'pitch': 0.0, 'last_fix_time': datetime.datetime(2021, 7, 29, 13, 27, 11), 'speed': None, 'rudder': 0, 'datum': (42.3, -71.1)}
2021-07-29 14:27:12,258 [INFO] Received from Frontseat: [b'$BFNVG,132709.98,4218.014481,N,07105.988686,W,0,10.0,1.0,18.0,0.0,0.0,132709.98*60', b'$BFNVG,132710.34,4218.014671,N,07105.988609,W,0,10.0,1.0,18.0,0.0,0.0,132710.34*6A', b'$BFNVG,132710.70,4218.014864,N,07105.988532,W,0,10.0,1.0,18.0,0.0,0.0,132710.70*6B', b'$BFNVG,132711.05,4218.015051,N,07105.988456,W,0,10.0,1.0,18.0,0.0,0.0,132711.05*67']
2021-07-29 14:27:12,259 [INFO] AUV state: {'position': (16.547417949768715, 27.46346051990986), 'latlon': (42.30025085, -71.0998076), 'heading': 18.0, 'depth': 1.0, 'altitude': 10.0, 'roll': 0.0, 'pitch': 0.0, 'last_fix_time': datetime.datetime(2021, 7, 29, 13, 27, 11), 'speed': None, 'rudder': 0, 'datum': (42.3, -71.1)}
2021-07-29 14:27:12,577 [INFO] Next green buoy (centers, angles): (array([], dtype=object), []), next red buoy (centers, angles): (array([], dtype=object), [])
2021-07-29 14:27:12,577 [INFO] Desired_heading: 18.0
2021-07-29 14:27:12,578 [INFO] delta angle: 0.0
2021-07-29 14:27:12,578 [INFO] sending message $BPRMB,132712.67,-0.0,1,0,1000,0,1*4a
...
2021-07-29 14:27:13,580 [INFO] sending message $BPSTS,132713.58,1,BWSI Autonomy OK*4c
...
2021-07-29 14:27:13,581 [INFO] Processing: $BFNVG,132711.41,4218.015241,N,07105.988380,W,0,10.0,1.0,18.0,0.0,0.0,132711.41*68
2021-07-29 14:27:13,583 [INFO] Interpreted as: {'position': (16.660509338835254, 27.812516431324184), 'latlon': (42.30025401666666, -71.09980633333333), 'heading': 18.0, 'depth': 1.0, 'altitude': 10.0, 'roll': 0.0, 'pitch': 0.0, 'last_fix_time': datetime.datetime(2021, 7, 29, 13, 27, 11), 'speed': None, 'rudder': 0, 'datum': (42.3, -71.1)}
2021-07-29 14:27:13,584 [INFO] Processing: $BFNVG,132711.77,4218.015432,N,07105.988303,W,0,10.0,1.0,18.0,0.0,0.0,132711.77*61
2021-07-29 14:27:13,586 [INFO] Interpreted as: {'position': (16.775020262226462, 28.163389139808714), 'latlon': (42.3002572, -71.09980505), 'heading': 18.0, 'depth': 1.0, 'altitude': 10.0, 'roll': 0.0, 'pitch': 0.0, 'last_fix_time': datetime.datetime(2021, 7, 29, 13, 27, 11), 'speed': None, 'rudder': 0, 'datum': (42.3, -71.1)}
2021-07-29 14:27:13,587 [INFO] Processing: $BFNVG,132712.12,4218.015622,N,07105.988227,W,0,10.0,1.0,18.0,0.0,0.0,132712.12*65
2021-07-29 14:27:13,589 [INFO] Interpreted as: {'position': (16.888111629115883, 28.51244505494833), 'latlon': (42.30026036666667, -71.09980378333333), 'heading': 18.0, 'depth': 1.0, 'altitude': 10.0, 'roll': 0.0, 'pitch': 0.0, 'last_fix_time': datetime.datetime(2021, 7, 29, 13, 27, 12), 'speed': None, 'rudder': 0, 'datum': (42.3, -71.1)}
2021-07-29 14:27:13,591 [INFO] Processing: $BFNVG,132712.48,4218.015811,N,07105.988151,W,0,10.0,1.0,18.0,0.0,0.0,132712.48*69
2021-07-29 14:27:13,593 [INFO] Interpreted as: {'position': (17.00115732231643, 28.859650275669992), 'latlon': (42.30026351666667, -71.09980251666667), 'heading': 18.0, 'depth': 1.0, 'altitude': 10.0, 'roll': 0.0, 'pitch': 0.0, 'last_fix_time': datetime.datetime(2021, 7, 29, 13, 27, 12), 'speed': None, 'rudder': 0, 'datum': (42.3, -71.1)}
2021-07-29 14:27:13,594 [INFO] Received from Frontseat: [b'$BFNVG,132711.41,4218.015241,N,07105.988380,W,0,10.0,1.0,18.0,0.0,0.0,132711.41*68', b'$BFNVG,132711.77,4218.015432,N,07105.988303,W,0,10.0,1.0,18.0,0.0,0.0,132711.77*61', b'$BFNVG,132712.12,4218.015622,N,07105.988227,W,0,10.0,1.0,18.0,0.0,0.0,132712.12*65', b'$BFNVG,132712.48,4218.015811,N,07105.988151,W,0,10.0,1.0,18.0,0.0,0.0,132712.48*69']
2021-07-29 14:27:13,596 [INFO] AUV state: {'position': (17.00115732231643, 28.859650275669992), 'latlon': (42.30026351666667, -71.09980251666667), 'heading': 18.0, 'depth': 1.0, 'altitude': 10.0, 'roll': 0.0, 'pitch': 0.0, 'last_fix_time': datetime.datetime(2021, 7, 29, 13, 27, 12), 'speed': None, 'rudder': 0, 'datum': (42.3, -71.1)}
2021-07-29 14:27:13,939 [INFO] Next green buoy (centers, angles): (array([], dtype=object), []), next red buoy (centers, angles): (array([], dtype=object), [])
2021-07-29 14:27:13,939 [INFO] Desired_heading: 18.0
2021-07-29 14:27:13,940 [INFO] delta angle: 0.0
2021-07-29 14:27:13,940 [INFO] sending message $BPRMB,132714.48,-0.0,1,0,1000,0,1*41
...
2021-07-29 14:27:14,942 [INFO] sending message $BPSTS,132714.94,1,BWSI Autonomy OK*4b
...
2021-07-29 14:27:14,944 [INFO] Processing: $BFNVG,132712.83,4218.016000,N,07105.988075,W,0,10.0,1.0,18.0,0.0,0.0,132712.83*65
2021-07-29 14:27:14,946 [INFO] Interpreted as: {'position': (17.1142030012561, 29.20685549546033), 'latlon': (42.300266666666666, -71.09980125), 'heading': 18.0, 'depth': 1.0, 'altitude': 10.0, 'roll': 0.0, 'pitch': 0.0, 'last_fix_time': datetime.datetime(2021, 7, 29, 13, 27, 12), 'speed': None, 'rudder': 0, 'datum': (42.3, -71.1)}
2021-07-29 14:27:14,947 [INFO] Processing: $BFNVG,132713.19,4218.016189,N,07105.987999,W,0,10.0,1.0,18.0,0.0,0.0,132713.19*61
2021-07-29 14:27:14,950 [INFO] Interpreted as: {'position': (17.227248674549628, 29.55406071804464), 'latlon': (42.30026981666666, -71.09979998333333), 'heading': 18.0, 'depth': 1.0, 'altitude': 10.0, 'roll': 0.0, 'pitch': 0.0, 'last_fix_time': datetime.datetime(2021, 7, 29, 13, 27, 13), 'speed': None, 'rudder': 0, 'datum': (42.3, -71.1)}
2021-07-29 14:27:14,951 [INFO] Processing: $BFNVG,132713.58,4218.016398,N,07105.987915,W,0,10.0,1.0,18.0,0.0,0.0,132713.58*67
2021-07-29 14:27:14,953 [INFO] Interpreted as: {'position': (17.35219868342392, 29.93800867255777), 'latlon': (42.3002733, -71.09979858333334), 'heading': 18.0, 'depth': 1.0, 'altitude': 10.0, 'roll': 0.0, 'pitch': 0.0, 'last_fix_time': datetime.datetime(2021, 7, 29, 13, 27, 13), 'speed': None, 'rudder': 0, 'datum': (42.3, -71.1)}
2021-07-29 14:27:14,954 [INFO] Received from Frontseat: [b'$BFNVG,132712.83,4218.016000,N,07105.988075,W,0,10.0,1.0,18.0,0.0,0.0,132712.83*65', b'$BFNVG,132713.19,4218.016189,N,07105.987999,W,0,10.0,1.0,18.0,0.0,0.0,132713.19*61', b'$BFNVG,132713.58,4218.016398,N,07105.987915,W,0,10.0,1.0,18.0,0.0,0.0,132713.58*67']
2021-07-29 14:27:14,954 [INFO] AUV state: {'position': (17.35219868342392, 29.93800867255777), 'latlon': (42.3002733, -71.09979858333334), 'heading': 18.0, 'depth': 1.0, 'altitude': 10.0, 'roll': 0.0, 'pitch': 0.0, 'last_fix_time': datetime.datetime(2021, 7, 29, 13, 27, 13), 'speed': None, 'rudder': 0, 'datum': (42.3, -71.1)}
2021-07-29 14:27:15,297 [INFO] Next green buoy (centers, angles): (array([], dtype=object), []), next red buoy (centers, angles): (array([], dtype=object), [])
2021-07-29 14:27:15,297 [INFO] Desired_heading: 18.0
2021-07-29 14:27:15,298 [INFO] delta angle: 0.0
2021-07-29 14:27:15,298 [INFO] sending message $BPRMB,132715.39,-0.0,1,0,1000,0,1*46
...
2021-07-29 14:27:16,300 [INFO] sending message $BPSTS,132716.30,1,BWSI Autonomy OK*47
...
2021-07-29 14:27:16,302 [INFO] Processing: $BFNVG,132713.99,4218.016614,N,07105.987828,W,0,10.0,1.0,18.0,0.0,0.0,132713.99*69
2021-07-29 14:27:16,304 [INFO] Interpreted as: {'position': (17.481589981005527, 30.334809800609946), 'latlon': (42.3002769, -71.09979713333334), 'heading': 18.0, 'depth': 1.0, 'altitude': 10.0, 'roll': 0.0, 'pitch': 0.0, 'last_fix_time': datetime.datetime(2021, 7, 29, 13, 27, 13), 'speed': None, 'rudder': 0, 'datum': (42.3, -71.1)}
2021-07-29 14:27:16,305 [INFO] Processing: $BFNVG,132714.35,4218.016807,N,07105.987750,W,0,10.0,1.0,18.0,0.0,0.0,132714.35*65
2021-07-29 14:27:16,307 [INFO] Interpreted as: {'position': (17.597566039010417, 30.689350014552474), 'latlon': (42.30028011666667, -71.09979583333333), 'heading': 18.0, 'depth': 1.0, 'altitude': 10.0, 'roll': 0.0, 'pitch': 0.0, 'last_fix_time': datetime.datetime(2021, 7, 29, 13, 27, 14), 'speed': None, 'rudder': 0, 'datum': (42.3, -71.1)}
2021-07-29 14:27:16,307 [INFO] Processing: $BFNVG,132714.71,4218.017002,N,07105.987672,W,0,10.0,1.0,18.0,0.0,0.0,132714.71*68
2021-07-29 14:27:16,309 [INFO] Interpreted as: {'position': (17.713633422274143, 31.047591623850167), 'latlon': (42.30028336666667, -71.09979453333334), 'heading': 18.0, 'depth': 1.0, 'altitude': 10.0, 'roll': 0.0, 'pitch': 0.0, 'last_fix_time': datetime.datetime(2021, 7, 29, 13, 27, 14), 'speed': None, 'rudder': 0, 'datum': (42.3, -71.1)}
2021-07-29 14:27:16,310 [INFO] Processing: $BFNVG,132715.08,4218.017196,N,07105.987594,W,0,10.0,1.0,18.0,0.0,0.0,132715.08*6F
2021-07-29 14:27:16,313 [INFO] Interpreted as: {'position': (17.829655129346065, 31.40398253686726), 'latlon': (42.3002866, -71.09979323333333), 'heading': 18.0, 'depth': 1.0, 'altitude': 10.0, 'roll': 0.0, 'pitch': 0.0, 'last_fix_time': datetime.datetime(2021, 7, 29, 13, 27, 15), 'speed': None, 'rudder': 0, 'datum': (42.3, -71.1)}
2021-07-29 14:27:16,314 [INFO] Received from Frontseat: [b'$BFNVG,132713.99,4218.016614,N,07105.987828,W,0,10.0,1.0,18.0,0.0,0.0,132713.99*69', b'$BFNVG,132714.35,4218.016807,N,07105.987750,W,0,10.0,1.0,18.0,0.0,0.0,132714.35*65', b'$BFNVG,132714.71,4218.017002,N,07105.987672,W,0,10.0,1.0,18.0,0.0,0.0,132714.71*68', b'$BFNVG,132715.08,4218.017196,N,07105.987594,W,0,10.0,1.0,18.0,0.0,0.0,132715.08*6F']
2021-07-29 14:27:16,315 [INFO] AUV state: {'position': (17.829655129346065, 31.40398253686726), 'latlon': (42.3002866, -71.09979323333333), 'heading': 18.0, 'depth': 1.0, 'altitude': 10.0, 'roll': 0.0, 'pitch': 0.0, 'last_fix_time': datetime.datetime(2021, 7, 29, 13, 27, 15), 'speed': None, 'rudder': 0, 'datum': (42.3, -71.1)}
2021-07-29 14:27:16,658 [INFO] Next green buoy (centers, angles): (array([], dtype=object), []), next red buoy (centers, angles): (array([], dtype=object), [])
2021-07-29 14:27:16,659 [INFO] Desired_heading: 18.0
2021-07-29 14:27:16,660 [INFO] delta angle: 0.0
2021-07-29 14:27:16,660 [INFO] sending message $BPRMB,132717.20,-0.0,1,0,1000,0,1*4c
...
2021-07-29 14:27:17,662 [INFO] sending message $BPSTS,132717.66,1,BWSI Autonomy OK*45
...
2021-07-29 14:27:17,663 [INFO] Processing: $BFNVG,132715.43,4218.017385,N,07105.987518,W,0,10.0,1.0,18.0,0.0,0.0,132715.43*6B
2021-07-29 14:27:17,665 [INFO] Interpreted as: {'position': (17.94270073575899, 31.75118777062744), 'latlon': (42.30028975, -71.09979196666667), 'heading': 18.0, 'depth': 1.0, 'altitude': 10.0, 'roll': 0.0, 'pitch': 0.0, 'last_fix_time': datetime.datetime(2021, 7, 29, 13, 27, 15), 'speed': None, 'rudder': 0, 'datum': (42.3, -71.1)}
2021-07-29 14:27:17,666 [INFO] Processing: $BFNVG,132715.78,4218.017571,N,07105.987443,W,0,10.0,1.0,18.0,0.0,0.0,132715.78*69
2021-07-29 14:27:17,668 [INFO] Interpreted as: {'position': (18.054235459654592, 32.09287481661886), 'latlon': (42.30029285, -71.09979071666666), 'heading': 18.0, 'depth': 1.0, 'altitude': 10.0, 'roll': 0.0, 'pitch': 0.0, 'last_fix_time': datetime.datetime(2021, 7, 29, 13, 27, 15), 'speed': None, 'rudder': 0, 'datum': (42.3, -71.1)}
2021-07-29 14:27:17,669 [INFO] Processing: $BFNVG,132716.13,4218.017754,N,07105.987369,W,0,10.0,1.0,18.0,0.0,0.0,132716.13*63
2021-07-29 14:27:17,671 [INFO] Interpreted as: {'position': (18.164259293174837, 32.42904367297888), 'latlon': (42.3002959, -71.09978948333334), 'heading': 18.0, 'depth': 1.0, 'altitude': 10.0, 'roll': 0.0, 'pitch': 0.0, 'last_fix_time': datetime.datetime(2021, 7, 29, 13, 27, 16), 'speed': None, 'rudder': 0, 'datum': (42.3, -71.1)}
2021-07-29 14:27:17,672 [INFO] Processing: $BFNVG,132716.49,4218.017946,N,07105.987292,W,0,10.0,1.0,18.0,0.0,0.0,132716.49*6B
2021-07-29 14:27:17,674 [INFO] Interpreted as: {'position': (18.278815750963986, 32.78176710009575), 'latlon': (42.3002991, -71.0997882), 'heading': 18.0, 'depth': 1.0, 'altitude': 10.0, 'roll': 0.0, 'pitch': 0.0, 'last_fix_time': datetime.datetime(2021, 7, 29, 13, 27, 16), 'speed': None, 'rudder': 0, 'datum': (42.3, -71.1)}
2021-07-29 14:27:17,675 [INFO] Received from Frontseat: [b'$BFNVG,132715.43,4218.017385,N,07105.987518,W,0,10.0,1.0,18.0,0.0,0.0,132715.43*6B', b'$BFNVG,132715.78,4218.017571,N,07105.987443,W,0,10.0,1.0,18.0,0.0,0.0,132715.78*69', b'$BFNVG,132716.13,4218.017754,N,07105.987369,W,0,10.0,1.0,18.0,0.0,0.0,132716.13*63', b'$BFNVG,132716.49,4218.017946,N,07105.987292,W,0,10.0,1.0,18.0,0.0,0.0,132716.49*6B']
2021-07-29 14:27:17,676 [INFO] AUV state: {'position': (18.278815750963986, 32.78176710009575), 'latlon': (42.3002991, -71.0997882), 'heading': 18.0, 'depth': 1.0, 'altitude': 10.0, 'roll': 0.0, 'pitch': 0.0, 'last_fix_time': datetime.datetime(2021, 7, 29, 13, 27, 16), 'speed': None, 'rudder': 0, 'datum': (42.3, -71.1)}
2021-07-29 14:27:18,021 [INFO] Next green buoy (centers, angles): (array([], dtype=object), []), next red buoy (centers, angles): (array([], dtype=object), [])
2021-07-29 14:27:18,022 [INFO] Desired_heading: 18.0
2021-07-29 14:27:18,022 [INFO] delta angle: 0.0
2021-07-29 14:27:18,022 [INFO] sending message $BPRMB,132718.12,-0.0,1,0,1000,0,1*42
...
2021-07-29 14:27:18,368 [ERROR] An error occurred. The stack trace is below.
Traceback (most recent call last):
  File "BWSI_BackSeat.py", line 129, in run
    time.sleep(1 / self.__warp)
KeyboardInterrupt
