2021-07-29 04:26:18,554 [INFO] host = 192.168.1.213, port = 29500
2021-07-29 04:26:21,577 [INFO] sending message $BPLOG,ACK,ON*1e
...
2021-07-29 04:26:21,578 [INFO] sending message $BPLOG,ALL,ON*16
...
2021-07-29 04:26:21,579 [INFO] sending message $BPSTS,032621.57,1,BWSI Autonomy OK*42
...
2021-07-29 04:26:21,580 [INFO] Received from Frontseat: []
2021-07-29 04:26:21,580 [INFO] AUV state: {'position': (None, None), 'latlon': None, 'heading': None, 'depth': None, 'altitude': None, 'roll': None, 'pitch': None, 'last_fix_time': None, 'speed': None, 'rudder': 0}
2021-07-29 04:26:22,582 [INFO] sending message $BPSTS,032622.58,1,BWSI Autonomy OK*4e
...
2021-07-29 04:26:22,584 [INFO] Processing: $BFNVG,032621.05,4218.000000,N,07106.000000,W,0,10.0,1.0,45.0,0.0,0.0,032621.05*62
2021-07-29 04:26:22,586 [INFO] Interpreted as: {'position': (0, 0), 'latlon': (42.3, -71.1), 'heading': 45.0, 'depth': 1.0, 'altitude': 10.0, 'roll': 0.0, 'pitch': 0.0, 'last_fix_time': datetime.datetime(2021, 7, 29, 3, 26, 21), 'speed': None, 'rudder': 0, 'datum': (42.3, -71.1)}
2021-07-29 04:26:22,587 [INFO] Processing: $BFNVG,032621.30,4218.000000,N,07106.000000,W,0,10.0,1.0,45.0,0.0,0.0,032621.30*62
2021-07-29 04:26:22,590 [INFO] Interpreted as: {'position': (0.0, 0.0), 'latlon': (42.3, -71.1), 'heading': 45.0, 'depth': 1.0, 'altitude': 10.0, 'roll': 0.0, 'pitch': 0.0, 'last_fix_time': datetime.datetime(2021, 7, 29, 3, 26, 21), 'speed': None, 'rudder': 0, 'datum': (42.3, -71.1)}
2021-07-29 04:26:22,590 [INFO] Processing: $BFNVG,032621.55,4218.000000,N,07106.000000,W,0,10.0,1.0,45.0,0.0,0.0,032621.55*62
2021-07-29 04:26:22,592 [INFO] Interpreted as: {'position': (0.0, 0.0), 'latlon': (42.3, -71.1), 'heading': 45.0, 'depth': 1.0, 'altitude': 10.0, 'roll': 0.0, 'pitch': 0.0, 'last_fix_time': datetime.datetime(2021, 7, 29, 3, 26, 21), 'speed': None, 'rudder': 0, 'datum': (42.3, -71.1)}
2021-07-29 04:26:22,593 [INFO] Received from Frontseat: [b'$BFNVG,032621.05,4218.000000,N,07106.000000,W,0,10.0,1.0,45.0,0.0,0.0,032621.05*62', b'$BFNVG,032621.30,4218.000000,N,07106.000000,W,0,10.0,1.0,45.0,0.0,0.0,032621.30*62', b'$BFNVG,032621.55,4218.000000,N,07106.000000,W,0,10.0,1.0,45.0,0.0,0.0,032621.55*62']
2021-07-29 04:26:22,594 [INFO] AUV state: {'position': (0.0, 0.0), 'latlon': (42.3, -71.1), 'heading': 45.0, 'depth': 1.0, 'altitude': 10.0, 'roll': 0.0, 'pitch': 0.0, 'last_fix_time': datetime.datetime(2021, 7, 29, 3, 26, 21), 'speed': None, 'rudder': 0, 'datum': (42.3, -71.1)}
2021-07-29 04:26:22,940 [INFO] **** [(-0.21993023293121178, -7.6862156757158235)] [(15.437560812208067, -7.329055330858309)]
2021-07-29 04:26:22,942 [INFO] Next green buoy: [(-0.21993023293121178, -7.6862156757158235)], next red buoy: [(15.437560812208067, -7.329055330858309)]
2021-07-29 04:26:22,942 [INFO] Desired_heading: 52.60881528963843
2021-07-29 04:26:22,943 [INFO] delta angle: 8.424711597961833
2021-07-29 04:26:22,943 [INFO] sending message $BPRMB,032623.57,-8.424711597961833,1,0,1000,0,1*4b
...
2021-07-29 04:26:23,945 [INFO] sending message $BPSTS,032623.94,1,BWSI Autonomy OK*4f
...
2021-07-29 04:26:23,946 [INFO] Processing: $BFNVG,032621.94,4218.000000,N,07106.000000,W,0,10.0,1.0,45.0,0.0,0.0,032621.94*62
2021-07-29 04:26:23,948 [INFO] Interpreted as: {'position': (0.0, 0.0), 'latlon': (42.3, -71.1), 'heading': 45.0, 'depth': 1.0, 'altitude': 10.0, 'roll': 0.0, 'pitch': 0.0, 'last_fix_time': datetime.datetime(2021, 7, 29, 3, 26, 21), 'speed': None, 'rudder': 0, 'datum': (42.3, -71.1)}
2021-07-29 04:26:23,949 [INFO] Processing: $BFNVG,032622.28,4218.000000,N,07106.000000,W,0,10.0,1.0,45.0,0.0,0.0,032622.28*62
2021-07-29 04:26:23,951 [INFO] Interpreted as: {'position': (0.0, 0.0), 'latlon': (42.3, -71.1), 'heading': 45.0, 'depth': 1.0, 'altitude': 10.0, 'roll': 0.0, 'pitch': 0.0, 'last_fix_time': datetime.datetime(2021, 7, 29, 3, 26, 22), 'speed': None, 'rudder': 0, 'datum': (42.3, -71.1)}
2021-07-29 04:26:23,952 [INFO] Processing: $BFNVG,032622.61,4218.000000,N,07106.000000,W,0,10.0,1.0,45.0,0.0,0.0,032622.61*62
2021-07-29 04:26:23,954 [INFO] Interpreted as: {'position': (0.0, 0.0), 'latlon': (42.3, -71.1), 'heading': 45.0, 'depth': 1.0, 'altitude': 10.0, 'roll': 0.0, 'pitch': 0.0, 'last_fix_time': datetime.datetime(2021, 7, 29, 3, 26, 22), 'speed': None, 'rudder': 0, 'datum': (42.3, -71.1)}
2021-07-29 04:26:23,955 [INFO] Received from Frontseat: [b'$BFNVG,032621.94,4218.000000,N,07106.000000,W,0,10.0,1.0,45.0,0.0,0.0,032621.94*62', b'$BFNVG,032622.28,4218.000000,N,07106.000000,W,0,10.0,1.0,45.0,0.0,0.0,032622.28*62', b'$BFNVG,032622.61,4218.000000,N,07106.000000,W,0,10.0,1.0,45.0,0.0,0.0,032622.61*62']
2021-07-29 04:26:23,956 [INFO] AUV state: {'position': (0.0, 0.0), 'latlon': (42.3, -71.1), 'heading': 45.0, 'depth': 1.0, 'altitude': 10.0, 'roll': 0.0, 'pitch': 0.0, 'last_fix_time': datetime.datetime(2021, 7, 29, 3, 26, 22), 'speed': None, 'rudder': 0, 'datum': (42.3, -71.1)}
2021-07-29 04:26:24,285 [INFO] **** [(-0.22035521470194389, -7.708961974233651)] [(15.437560812208067, -7.333901112744751)]
2021-07-29 04:26:24,287 [INFO] Next green buoy: [(-0.22035521470194389, -7.708961974233651)], next red buoy: [(15.437560812208067, -7.333901112744751)]
2021-07-29 04:26:24,288 [INFO] Desired_heading: 52.60860279875306
2021-07-29 04:26:24,288 [INFO] delta angle: 8.42441750352844
2021-07-29 04:26:24,289 [INFO] sending message $BPRMB,032624.31,-8.42441750352844,1,0,1000,0,1*7d
...
2021-07-29 04:26:25,291 [INFO] sending message $BPSTS,032625.29,1,BWSI Autonomy OK*4f
...
2021-07-29 04:26:25,292 [INFO] Processing: $BFNVG,032622.95,4218.000000,N,07106.000000,W,0,10.0,1.0,45.0,0.0,0.0,032622.95*62
2021-07-29 04:26:25,294 [INFO] Interpreted as: {'position': (0.0, 0.0), 'latlon': (42.3, -71.1), 'heading': 45.0, 'depth': 1.0, 'altitude': 10.0, 'roll': 0.0, 'pitch': 0.0, 'last_fix_time': datetime.datetime(2021, 7, 29, 3, 26, 22), 'speed': None, 'rudder': 0, 'datum': (42.3, -71.1)}
2021-07-29 04:26:25,295 [INFO] Processing: $BFNVG,032623.29,4218.000137,N,07105.999822,W,0,10.0,1.0,45.7,0.0,0.0,032623.29*62
2021-07-29 04:26:25,297 [INFO] Interpreted as: {'position': (0.25080767716281116, 0.24751041270792484), 'latlon': (42.300002283333335, -71.09999703333334), 'heading': 45.7, 'depth': 1.0, 'altitude': 10.0, 'roll': 0.0, 'pitch': 0.0, 'last_fix_time': datetime.datetime(2021, 7, 29, 3, 26, 23), 'speed': None, 'rudder': 0, 'datum': (42.3, -71.1)}
2021-07-29 04:26:25,297 [INFO] Processing: $BFNVG,032623.64,4218.000274,N,07105.999640,W,0,10.0,1.0,46.5,0.0,0.0,032623.64*6D
2021-07-29 04:26:25,299 [INFO] Interpreted as: {'position': (0.5071108577540144, 0.49488521087914705), 'latlon': (42.300004566666665, -71.099994), 'heading': 46.5, 'depth': 1.0, 'altitude': 10.0, 'roll': 0.0, 'pitch': 0.0, 'last_fix_time': datetime.datetime(2021, 7, 29, 3, 26, 23), 'speed': None, 'rudder': 0, 'datum': (42.3, -71.1)}
2021-07-29 04:26:25,301 [INFO] Processing: $BFNVG,032623.99,4218.000409,N,07105.999455,W,0,10.0,1.0,47.2,0.0,0.0,032623.99*61
2021-07-29 04:26:25,303 [INFO] Interpreted as: {'position': (0.7674443136202171, 0.7384569104760885), 'latlon': (42.30000681666667, -71.09999091666667), 'heading': 47.2, 'depth': 1.0, 'altitude': 10.0, 'roll': 0.0, 'pitch': 0.0, 'last_fix_time': datetime.datetime(2021, 7, 29, 3, 26, 23), 'speed': None, 'rudder': 0, 'datum': (42.3, -71.1)}
2021-07-29 04:26:25,304 [INFO] Received from Frontseat: [b'$BFNVG,032622.95,4218.000000,N,07106.000000,W,0,10.0,1.0,45.0,0.0,0.0,032622.95*62', b'$BFNVG,032623.29,4218.000137,N,07105.999822,W,0,10.0,1.0,45.7,0.0,0.0,032623.29*62', b'$BFNVG,032623.64,4218.000274,N,07105.999640,W,0,10.0,1.0,46.5,0.0,0.0,032623.64*6D', b'$BFNVG,032623.99,4218.000409,N,07105.999455,W,0,10.0,1.0,47.2,0.0,0.0,032623.99*61']
2021-07-29 04:26:25,306 [INFO] AUV state: {'position': (0.7674443136202171, 0.7384569104760885), 'latlon': (42.30000681666667, -71.09999091666667), 'heading': 47.2, 'depth': 1.0, 'altitude': 10.0, 'roll': 0.0, 'pitch': 0.0, 'last_fix_time': datetime.datetime(2021, 7, 29, 3, 26, 23), 'speed': None, 'rudder': 0, 'datum': (42.3, -71.1)}
2021-07-29 04:26:25,617 [INFO] **** [(-2.949865709202791, -8.829159625068108)] [(15.18552379692105, -8.555577062506966)]
2021-07-29 04:26:25,620 [INFO] Next green buoy: [(-2.949865709202791, -8.829159625068108)], next red buoy: [(15.18552379692105, -8.555577062506966)]
2021-07-29 04:26:25,620 [INFO] Desired_heading: 53.317829043859135
2021-07-29 04:26:25,621 [INFO] delta angle: 6.414390742305115
2021-07-29 04:26:25,621 [INFO] sending message $BPRMB,032626.26,-6.414390742305115,1,0,1000,0,1*47
...
2021-07-29 04:26:26,623 [INFO] sending message $BPSTS,032626.62,1,BWSI Autonomy OK*43
...
2021-07-29 04:26:26,625 [INFO] Processing: $BFNVG,032624.33,4218.000540,N,07105.999271,W,0,10.0,1.0,47.9,0.0,0.0,032624.33*66
2021-07-29 04:26:26,630 [INFO] Interpreted as: {'position': (1.0262211845838465, 0.9746597362682223), 'latlon': (42.300009, -71.09998785), 'heading': 47.9, 'depth': 1.0, 'altitude': 10.0, 'roll': 0.0, 'pitch': 0.0, 'last_fix_time': datetime.datetime(2021, 7, 29, 3, 26, 24), 'speed': None, 'rudder': 0, 'datum': (42.3, -71.1)}
2021-07-29 04:26:26,632 [INFO] Processing: $BFNVG,032624.67,4218.000669,N,07105.999087,W,0,10.0,1.0,48.6,0.0,0.0,032624.67*65
2021-07-29 04:26:26,634 [INFO] Interpreted as: {'position': (1.2849066988565028, 1.2071611769497395), 'latlon': (42.30001115, -71.09998478333333), 'heading': 48.6, 'depth': 1.0, 'altitude': 10.0, 'roll': 0.0, 'pitch': 0.0, 'last_fix_time': datetime.datetime(2021, 7, 29, 3, 26, 24), 'speed': None, 'rudder': 0, 'datum': (42.3, -71.1)}
2021-07-29 04:26:26,635 [INFO] Processing: $BFNVG,032625.01,4218.000796,N,07105.998900,W,0,10.0,1.0,49.3,0.0,0.0,032625.01*67
2021-07-29 04:26:26,637 [INFO] Interpreted as: {'position': (1.5476224871817976, 1.4358595162630081), 'latlon': (42.30001326666667, -71.09998166666666), 'heading': 49.3, 'depth': 1.0, 'altitude': 10.0, 'roll': 0.0, 'pitch': 0.0, 'last_fix_time': datetime.datetime(2021, 7, 29, 3, 26, 25), 'speed': None, 'rudder': 0, 'datum': (42.3, -71.1)}
2021-07-29 04:26:26,639 [INFO] Processing: $BFNVG,032625.34,4218.000921,N,07105.998710,W,0,10.0,1.0,50.0,0.0,0.0,032625.34*61
2021-07-29 04:26:26,641 [INFO] Interpreted as: {'position': (1.814368553517852, 1.6607547588646412), 'latlon': (42.30001535, -71.0999785), 'heading': 50.0, 'depth': 1.0, 'altitude': 10.0, 'roll': 0.0, 'pitch': 0.0, 'last_fix_time': datetime.datetime(2021, 7, 29, 3, 26, 25), 'speed': None, 'rudder': 0, 'datum': (42.3, -71.1)}
2021-07-29 04:26:26,642 [INFO] Received from Frontseat: [b'$BFNVG,032624.33,4218.000540,N,07105.999271,W,0,10.0,1.0,47.9,0.0,0.0,032624.33*66', b'$BFNVG,032624.67,4218.000669,N,07105.999087,W,0,10.0,1.0,48.6,0.0,0.0,032624.67*65', b'$BFNVG,032625.01,4218.000796,N,07105.998900,W,0,10.0,1.0,49.3,0.0,0.0,032625.01*67', b'$BFNVG,032625.34,4218.000921,N,07105.998710,W,0,10.0,1.0,50.0,0.0,0.0,032625.34*61']
2021-07-29 04:26:26,643 [INFO] AUV state: {'position': (1.814368553517852, 1.6607547588646412), 'latlon': (42.30001535, -71.0999785), 'heading': 50.0, 'depth': 1.0, 'altitude': 10.0, 'roll': 0.0, 'pitch': 0.0, 'last_fix_time': datetime.datetime(2021, 7, 29, 3, 26, 25), 'speed': None, 'rudder': 0, 'datum': (42.3, -71.1)}
2021-07-29 04:26:26,977 [INFO] **** [(-7.169085779313732, -11.098494707114124)] [(15.359381515265015, -10.408973345410566)]
2021-07-29 04:26:26,979 [INFO] Next green buoy: [(-7.169085779313732, -11.098494707114124)], next red buoy: [(15.359381515265015, -10.408973345410566)]
2021-07-29 04:26:26,980 [INFO] Desired_heading: 54.09514786797564
2021-07-29 04:26:26,981 [INFO] delta angle: 3.8837004542601155
2021-07-29 04:26:26,981 [INFO] sending message $BPRMB,032626.98,-3.8837004542601155,1,0,1000,0,1*7b
...
2021-07-29 04:26:27,983 [INFO] sending message $BPSTS,032627.98,1,BWSI Autonomy OK*47
...
2021-07-29 04:26:27,985 [INFO] Processing: $BFNVG,032625.68,4218.001045,N,07105.998519,W,0,10.0,1.0,50.8,0.0,0.0,032625.68*68
2021-07-29 04:26:27,987 [INFO] Interpreted as: {'position': (2.0824428148334846, 1.88376540876925), 'latlon': (42.30001741666667, -71.09997531666667), 'heading': 50.8, 'depth': 1.0, 'altitude': 10.0, 'roll': 0.0, 'pitch': 0.0, 'last_fix_time': datetime.datetime(2021, 7, 29, 3, 26, 25), 'speed': None, 'rudder': 0, 'datum': (42.3, -71.1)}
2021-07-29 04:26:27,988 [INFO] Processing: $BFNVG,032626.03,4218.001170,N,07105.998320,W,0,10.0,1.0,51.3,0.0,0.0,032626.03*69
2021-07-29 04:26:27,991 [INFO] Interpreted as: {'position': (2.3615537615842186, 2.1083555286750197), 'latlon': (42.3000195, -71.099972), 'heading': 51.3, 'depth': 1.0, 'altitude': 10.0, 'roll': 0.0, 'pitch': 0.0, 'last_fix_time': datetime.datetime(2021, 7, 29, 3, 26, 26), 'speed': None, 'rudder': 0, 'datum': (42.3, -71.1)}
2021-07-29 04:26:27,992 [INFO] Processing: $BFNVG,032626.37,4218.001291,N,07105.998125,W,0,10.0,1.0,51.9,0.0,0.0,032626.37*68
2021-07-29 04:26:27,994 [INFO] Interpreted as: {'position': (2.6349864894291386, 2.3256784891709685), 'latlon': (42.30002151666667, -71.09996875), 'heading': 51.9, 'depth': 1.0, 'altitude': 10.0, 'roll': 0.0, 'pitch': 0.0, 'last_fix_time': datetime.datetime(2021, 7, 29, 3, 26, 26), 'speed': None, 'rudder': 0, 'datum': (42.3, -71.1)}
2021-07-29 04:26:27,995 [INFO] Processing: $BFNVG,032626.71,4218.001410,N,07105.997928,W,0,10.0,1.0,52.4,0.0,0.0,032626.71*63
2021-07-29 04:26:27,997 [INFO] Interpreted as: {'position': (2.9110756162554026, 2.5392322558909655), 'latlon': (42.3000235, -71.09996546666666), 'heading': 52.4, 'depth': 1.0, 'altitude': 10.0, 'roll': 0.0, 'pitch': 0.0, 'last_fix_time': datetime.datetime(2021, 7, 29, 3, 26, 26), 'speed': None, 'rudder': 0, 'datum': (42.3, -71.1)}
2021-07-29 04:26:27,999 [INFO] Received from Frontseat: [b'$BFNVG,032625.68,4218.001045,N,07105.998519,W,0,10.0,1.0,50.8,0.0,0.0,032625.68*68', b'$BFNVG,032626.03,4218.001170,N,07105.998320,W,0,10.0,1.0,51.3,0.0,0.0,032626.03*69', b'$BFNVG,032626.37,4218.001291,N,07105.998125,W,0,10.0,1.0,51.9,0.0,0.0,032626.37*68', b'$BFNVG,032626.71,4218.001410,N,07105.997928,W,0,10.0,1.0,52.4,0.0,0.0,032626.71*63']
2021-07-29 04:26:28,000 [INFO] AUV state: {'position': (2.9110756162554026, 2.5392322558909655), 'latlon': (42.3000235, -71.09996546666666), 'heading': 52.4, 'depth': 1.0, 'altitude': 10.0, 'roll': 0.0, 'pitch': 0.0, 'last_fix_time': datetime.datetime(2021, 7, 29, 3, 26, 26), 'speed': None, 'rudder': 0, 'datum': (42.3, -71.1)}
2021-07-29 04:26:28,348 [INFO] **** [(-12.658735105356232, -14.827609278587573)] [(16.957216590084503, -13.625027790530368), (-8.671383103440242, -4.513742003256897)]
2021-07-29 04:26:28,351 [INFO] Next green buoy: [(-12.658735105356232, -14.827609278587573)], next red buoy: [(16.957216590084503, -13.625027790530368), (-8.671383103440242, -4.513742003256897)]
2021-07-29 04:26:28,352 [INFO] Desired_heading: 54.549240742364134
2021-07-29 04:26:28,352 [INFO] delta angle: 1.7348625489374394
2021-07-29 04:26:28,353 [INFO] sending message $BPRMB,032628.98,-1.7348625489374394,1,0,1000,0,1*70
...
2021-07-29 04:26:29,354 [INFO] sending message $BPSTS,032629.35,1,BWSI Autonomy OK*4e
...
2021-07-29 04:26:29,356 [INFO] Processing: $BFNVG,032627.05,4218.001529,N,07105.997729,W,0,10.0,1.0,53.0,0.0,0.0,032627.05*62
2021-07-29 04:26:29,358 [INFO] Interpreted as: {'position': (3.1899124846677296, 2.7527182241901755), 'latlon': (42.300025483333336, -71.09996215), 'heading': 53.0, 'depth': 1.0, 'altitude': 10.0, 'roll': 0.0, 'pitch': 0.0, 'last_fix_time': datetime.datetime(2021, 7, 29, 3, 26, 27), 'speed': None, 'rudder': 0, 'datum': (42.3, -71.1)}
2021-07-29 04:26:29,360 [INFO] Processing: $BFNVG,032627.39,4218.001646,N,07105.997529,W,0,10.0,1.0,53.3,0.0,0.0,032627.39*69
2021-07-29 04:26:29,362 [INFO] Interpreted as: {'position': (3.4700318707618862, 2.9624689053744078), 'latlon': (42.300027433333334, -71.09995881666667), 'heading': 53.3, 'depth': 1.0, 'altitude': 10.0, 'roll': 0.0, 'pitch': 0.0, 'last_fix_time': datetime.datetime(2021, 7, 29, 3, 26, 27), 'speed': None, 'rudder': 0, 'datum': (42.3, -71.1)}
2021-07-29 04:26:29,363 [INFO] Processing: $BFNVG,032627.73,4218.001763,N,07105.997328,W,0,10.0,1.0,53.6,0.0,0.0,032627.73*6D
2021-07-29 04:26:29,366 [INFO] Interpreted as: {'position': (3.7515251212753356, 3.1721856938675046), 'latlon': (42.30002938333333, -71.09995546666667), 'heading': 53.6, 'depth': 1.0, 'altitude': 10.0, 'roll': 0.0, 'pitch': 0.0, 'last_fix_time': datetime.datetime(2021, 7, 29, 3, 26, 27), 'speed': None, 'rudder': 0, 'datum': (42.3, -71.1)}
2021-07-29 04:26:29,367 [INFO] Processing: $BFNVG,032628.07,4218.001878,N,07105.997127,W,0,10.0,1.0,53.9,0.0,0.0,032628.07*6A
2021-07-29 04:26:29,369 [INFO] Interpreted as: {'position': (4.03292701265309, 3.3782010972499847), 'latlon': (42.3000313, -71.09995211666667), 'heading': 53.9, 'depth': 1.0, 'altitude': 10.0, 'roll': 0.0, 'pitch': 0.0, 'last_fix_time': datetime.datetime(2021, 7, 29, 3, 26, 28), 'speed': None, 'rudder': 0, 'datum': (42.3, -71.1)}
2021-07-29 04:26:29,370 [INFO] Received from Frontseat: [b'$BFNVG,032627.05,4218.001529,N,07105.997729,W,0,10.0,1.0,53.0,0.0,0.0,032627.05*62', b'$BFNVG,032627.39,4218.001646,N,07105.997529,W,0,10.0,1.0,53.3,0.0,0.0,032627.39*69', b'$BFNVG,032627.73,4218.001763,N,07105.997328,W,0,10.0,1.0,53.6,0.0,0.0,032627.73*6D', b'$BFNVG,032628.07,4218.001878,N,07105.997127,W,0,10.0,1.0,53.9,0.0,0.0,032628.07*6A']
2021-07-29 04:26:29,371 [INFO] AUV state: {'position': (4.03292701265309, 3.3782010972499847), 'latlon': (42.3000313, -71.09995211666667), 'heading': 53.9, 'depth': 1.0, 'altitude': 10.0, 'roll': 0.0, 'pitch': 0.0, 'last_fix_time': datetime.datetime(2021, 7, 29, 3, 26, 28), 'speed': None, 'rudder': 0, 'datum': (42.3, -71.1)}
2021-07-29 04:26:29,711 [INFO] **** [(-20.5709901558077, -21.96462271125051)] [(21.956981497047902, -19.454018911519917), (-11.33711349265531, -5.026361713210614), (-20.30730163522148, -21.41497130534533)]
2021-07-29 04:26:29,714 [INFO] Next green buoy: [(-20.5709901558077, -21.96462271125051)], next red buoy: [(21.956981497047902, -19.454018911519917), (-11.33711349265531, -5.026361713210614), (-20.30730163522148, -21.41497130534533)]
2021-07-29 04:26:29,714 [INFO] Desired_heading: 54.5929956706201
2021-07-29 04:26:29,715 [INFO] delta angle: 0.4215235981444109
2021-07-29 04:26:29,715 [INFO] sending message $BPRMB,032629.72,-0.4215235981444109,1,0,1000,0,1*7c
...
2021-07-29 04:26:30,717 [INFO] sending message $BPSTS,032630.71,1,BWSI Autonomy OK*46
...
2021-07-29 04:26:30,719 [INFO] Processing: $BFNVG,032628.41,4218.001993,N,07105.996924,W,0,10.0,1.0,54.3,0.0,0.0,032628.41*69
2021-07-29 04:26:30,721 [INFO] Interpreted as: {'position': (4.317076645675115, 3.584148704074323), 'latlon': (42.30003321666667, -71.09994873333333), 'heading': 54.3, 'depth': 1.0, 'altitude': 10.0, 'roll': 0.0, 'pitch': 0.0, 'last_fix_time': datetime.datetime(2021, 7, 29, 3, 26, 28), 'speed': None, 'rudder': 0, 'datum': (42.3, -71.1)}
2021-07-29 04:26:30,723 [INFO] Processing: $BFNVG,032628.75,4218.002106,N,07105.996721,W,0,10.0,1.0,54.4,0.0,0.0,032628.75*62
2021-07-29 04:26:30,725 [INFO] Interpreted as: {'position': (4.601134919910692, 3.78639492765069), 'latlon': (42.3000351, -71.09994535), 'heading': 54.4, 'depth': 1.0, 'altitude': 10.0, 'roll': 0.0, 'pitch': 0.0, 'last_fix_time': datetime.datetime(2021, 7, 29, 3, 26, 28), 'speed': None, 'rudder': 0, 'datum': (42.3, -71.1)}
2021-07-29 04:26:30,726 [INFO] Processing: $BFNVG,032629.09,4218.002220,N,07105.996518,W,0,10.0,1.0,54.6,0.0,0.0,032629.09*6F
2021-07-29 04:26:30,728 [INFO] Interpreted as: {'position': (4.885238848568406, 3.9904918586835265), 'latlon': (42.300037, -71.09994196666666), 'heading': 54.6, 'depth': 1.0, 'altitude': 10.0, 'roll': 0.0, 'pitch': 0.0, 'last_fix_time': datetime.datetime(2021, 7, 29, 3, 26, 29), 'speed': None, 'rudder': 0, 'datum': (42.3, -71.1)}
2021-07-29 04:26:30,729 [INFO] Processing: $BFNVG,032629.43,4218.002333,N,07105.996314,W,0,10.0,1.0,54.7,0.0,0.0,032629.43*67
2021-07-29 04:26:30,731 [INFO] Interpreted as: {'position': (5.170670966617763, 4.1927042016759515), 'latlon': (42.300038883333336, -71.09993856666667), 'heading': 54.7, 'depth': 1.0, 'altitude': 10.0, 'roll': 0.0, 'pitch': 0.0, 'last_fix_time': datetime.datetime(2021, 7, 29, 3, 26, 29), 'speed': None, 'rudder': 0, 'datum': (42.3, -71.1)}
2021-07-29 04:26:30,732 [INFO] Received from Frontseat: [b'$BFNVG,032628.41,4218.001993,N,07105.996924,W,0,10.0,1.0,54.3,0.0,0.0,032628.41*69', b'$BFNVG,032628.75,4218.002106,N,07105.996721,W,0,10.0,1.0,54.4,0.0,0.0,032628.75*62', b'$BFNVG,032629.09,4218.002220,N,07105.996518,W,0,10.0,1.0,54.6,0.0,0.0,032629.09*6F', b'$BFNVG,032629.43,4218.002333,N,07105.996314,W,0,10.0,1.0,54.7,0.0,0.0,032629.43*67']
2021-07-29 04:26:30,733 [INFO] AUV state: {'position': (5.170670966617763, 4.1927042016759515), 'latlon': (42.300038883333336, -71.09993856666667), 'heading': 54.7, 'depth': 1.0, 'altitude': 10.0, 'roll': 0.0, 'pitch': 0.0, 'last_fix_time': datetime.datetime(2021, 7, 29, 3, 26, 29), 'speed': None, 'rudder': 0, 'datum': (42.3, -71.1)}
2021-07-29 04:26:31,060 [INFO] **** [] [(-13.626110194261315, -5.6859599705261274)]
2021-07-29 04:26:31,062 [INFO] Next green buoy: [], next red buoy: [(-13.626110194261315, -5.6859599705261274)]
2021-07-29 04:26:31,063 [INFO] Desired_heading: 41.07388980573869
2021-07-29 04:26:31,063 [INFO] delta angle: -17.4531415875295
2021-07-29 04:26:31,064 [INFO] sending message $BPRMB,032631.70,17.4531415875295,1,0,1000,0,1*51
...
2021-07-29 04:26:32,065 [INFO] sending message $BPSTS,032632.06,1,BWSI Autonomy OK*44
...
2021-07-29 04:26:32,067 [INFO] Processing: $BFNVG,032629.77,4218.002446,N,07105.996108,W,0,10.0,1.0,54.9,0.0,0.0,032629.77*63
2021-07-29 04:26:32,072 [INFO] Interpreted as: {'position': (5.458850830094889, 4.394848745316267), 'latlon': (42.30004076666667, -71.09993513333333), 'heading': 54.9, 'depth': 1.0, 'altitude': 10.0, 'roll': 0.0, 'pitch': 0.0, 'last_fix_time': datetime.datetime(2021, 7, 29, 3, 26, 29), 'speed': None, 'rudder': 0, 'datum': (42.3, -71.1)}
2021-07-29 04:26:32,073 [INFO] Processing: $BFNVG,032630.11,4218.002559,N,07105.995903,W,0,10.0,1.0,54.9,0.0,0.0,032630.11*6C
2021-07-29 04:26:32,075 [INFO] Interpreted as: {'position': (5.745656793704256, 4.59702720399946), 'latlon': (42.30004265, -71.09993171666666), 'heading': 54.9, 'depth': 1.0, 'altitude': 10.0, 'roll': 0.0, 'pitch': 0.0, 'last_fix_time': datetime.datetime(2021, 7, 29, 3, 26, 30), 'speed': None, 'rudder': 0, 'datum': (42.3, -71.1)}
2021-07-29 04:26:32,076 [INFO] Processing: $BFNVG,032630.45,4218.002671,N,07105.995699,W,0,10.0,1.0,54.9,0.0,0.0,032630.45*69
2021-07-29 04:26:32,078 [INFO] Interpreted as: {'position': (6.031043195456732, 4.797388881444931), 'latlon': (42.30004451666667, -71.09992831666666), 'heading': 54.9, 'depth': 1.0, 'altitude': 10.0, 'roll': 0.0, 'pitch': 0.0, 'last_fix_time': datetime.datetime(2021, 7, 29, 3, 26, 30), 'speed': None, 'rudder': 0, 'datum': (42.3, -71.1)}
2021-07-29 04:26:32,079 [INFO] Processing: $BFNVG,032630.79,4218.002784,N,07105.995494,W,0,10.0,1.0,55.0,0.0,0.0,032630.79*65
2021-07-29 04:26:32,081 [INFO] Interpreted as: {'position': (6.317849125829525, 4.999567364342511), 'latlon': (42.3000464, -71.0999249), 'heading': 55.0, 'depth': 1.0, 'altitude': 10.0, 'roll': 0.0, 'pitch': 0.0, 'last_fix_time': datetime.datetime(2021, 7, 29, 3, 26, 30), 'speed': None, 'rudder': 0, 'datum': (42.3, -71.1)}
2021-07-29 04:26:32,082 [INFO] Received from Frontseat: [b'$BFNVG,032629.77,4218.002446,N,07105.996108,W,0,10.0,1.0,54.9,0.0,0.0,032629.77*63', b'$BFNVG,032630.11,4218.002559,N,07105.995903,W,0,10.0,1.0,54.9,0.0,0.0,032630.11*6C', b'$BFNVG,032630.45,4218.002671,N,07105.995699,W,0,10.0,1.0,54.9,0.0,0.0,032630.45*69', b'$BFNVG,032630.79,4218.002784,N,07105.995494,W,0,10.0,1.0,55.0,0.0,0.0,032630.79*65']
2021-07-29 04:26:32,083 [INFO] AUV state: {'position': (6.317849125829525, 4.999567364342511), 'latlon': (42.3000464, -71.0999249), 'heading': 55.0, 'depth': 1.0, 'altitude': 10.0, 'roll': 0.0, 'pitch': 0.0, 'last_fix_time': datetime.datetime(2021, 7, 29, 3, 26, 30), 'speed': None, 'rudder': 0, 'datum': (42.3, -71.1)}
2021-07-29 04:26:32,387 [INFO] **** [] [(-15.934784845430524, -6.471940952163149)]
2021-07-29 04:26:32,389 [INFO] Next green buoy: [], next red buoy: [(-15.934784845430524, -6.471940952163149)]
2021-07-29 04:26:32,390 [INFO] Desired_heading: 39.06521515456947
2021-07-29 04:26:32,390 [INFO] delta angle: -21.224696843398533
2021-07-29 04:26:32,391 [INFO] sending message $BPRMB,032632.42,21.224696843398533,1,0,1000,0,1*54
...
2021-07-29 04:26:33,393 [INFO] sending message $BPSTS,032633.39,1,BWSI Autonomy OK*49
...
2021-07-29 04:26:33,394 [INFO] Processing: $BFNVG,032631.15,4218.002899,N,07105.995283,W,0,10.0,1.0,55.0,0.0,0.0,032631.15*66
2021-07-29 04:26:33,396 [INFO] Interpreted as: {'position': (6.612989655055571, 5.2052438305690885), 'latlon': (42.30004831666667, -71.09992138333334), 'heading': 55.0, 'depth': 1.0, 'altitude': 10.0, 'roll': 0.0, 'pitch': 0.0, 'last_fix_time': datetime.datetime(2021, 7, 29, 3, 26, 31), 'speed': None, 'rudder': 0, 'datum': (42.3, -71.1)}
2021-07-29 04:26:33,397 [INFO] Processing: $BFNVG,032631.49,4218.003014,N,07105.995079,W,0,10.0,1.0,53.5,0.0,0.0,032631.49*6E
2021-07-29 04:26:33,400 [INFO] Interpreted as: {'position': (6.898513015708886, 5.411157633177936), 'latlon': (42.30005023333333, -71.09991798333333), 'heading': 53.5, 'depth': 1.0, 'altitude': 10.0, 'roll': 0.0, 'pitch': 0.0, 'last_fix_time': datetime.datetime(2021, 7, 29, 3, 26, 31), 'speed': None, 'rudder': 0, 'datum': (42.3, -71.1)}
2021-07-29 04:26:33,400 [INFO] Processing: $BFNVG,032631.83,4218.003132,N,07105.994879,W,0,10.0,1.0,52.0,0.0,0.0,032631.83*66
2021-07-29 04:26:33,402 [INFO] Interpreted as: {'position': (7.178677853662521, 5.622759154066443), 'latlon': (42.3000522, -71.09991465), 'heading': 52.0, 'depth': 1.0, 'altitude': 10.0, 'roll': 0.0, 'pitch': 0.0, 'last_fix_time': datetime.datetime(2021, 7, 29, 3, 26, 31), 'speed': None, 'rudder': 0, 'datum': (42.3, -71.1)}
2021-07-29 04:26:33,403 [INFO] Processing: $BFNVG,032632.17,4218.003255,N,07105.994684,W,0,10.0,1.0,50.5,0.0,0.0,032632.17*6F
2021-07-29 04:26:33,405 [INFO] Interpreted as: {'position': (7.45220163668273, 5.843783688731492), 'latlon': (42.30005425, -71.0999114), 'heading': 50.5, 'depth': 1.0, 'altitude': 10.0, 'roll': 0.0, 'pitch': 0.0, 'last_fix_time': datetime.datetime(2021, 7, 29, 3, 26, 32), 'speed': None, 'rudder': 0, 'datum': (42.3, -71.1)}
2021-07-29 04:26:33,406 [INFO] Received from Frontseat: [b'$BFNVG,032631.15,4218.002899,N,07105.995283,W,0,10.0,1.0,55.0,0.0,0.0,032631.15*66', b'$BFNVG,032631.49,4218.003014,N,07105.995079,W,0,10.0,1.0,53.5,0.0,0.0,032631.49*6E', b'$BFNVG,032631.83,4218.003132,N,07105.994879,W,0,10.0,1.0,52.0,0.0,0.0,032631.83*66', b'$BFNVG,032632.17,4218.003255,N,07105.994684,W,0,10.0,1.0,50.5,0.0,0.0,032632.17*6F']
2021-07-29 04:26:33,407 [INFO] AUV state: {'position': (7.45220163668273, 5.843783688731492), 'latlon': (42.30005425, -71.0999114), 'heading': 50.5, 'depth': 1.0, 'altitude': 10.0, 'roll': 0.0, 'pitch': 0.0, 'last_fix_time': datetime.datetime(2021, 7, 29, 3, 26, 32), 'speed': None, 'rudder': 0, 'datum': (42.3, -71.1)}
2021-07-29 04:26:33,709 [INFO] **** [] [(-13.61382668307017, -7.703995559622828), (-0.5418436032508164, -4.703585083148902)]
2021-07-29 04:26:33,711 [INFO] Next green buoy: [], next red buoy: [(-13.61382668307017, -7.703995559622828), (-0.5418436032508164, -4.703585083148902)]
2021-07-29 04:26:33,712 [INFO] Desired_heading: 36.88617331692983
2021-07-29 04:26:33,712 [INFO] delta angle: -17.433476979128613
2021-07-29 04:26:33,712 [INFO] sending message $BPRMB,032634.36,17.433476979128613,1,0,1000,0,1*58
...
2021-07-29 04:26:34,714 [INFO] sending message $BPSTS,032634.71,1,BWSI Autonomy OK*42
...
2021-07-29 04:26:34,715 [INFO] Processing: $BFNVG,032632.51,4218.003380,N,07105.994494,W,0,10.0,1.0,49.1,0.0,0.0,032632.51*69
2021-07-29 04:26:34,718 [INFO] Interpreted as: {'position': (7.718947345681954, 6.068679145537317), 'latlon': (42.30005633333333, -71.09990823333334), 'heading': 49.1, 'depth': 1.0, 'altitude': 10.0, 'roll': 0.0, 'pitch': 0.0, 'last_fix_time': datetime.datetime(2021, 7, 29, 3, 26, 32), 'speed': None, 'rudder': 0, 'datum': (42.3, -71.1)}
2021-07-29 04:26:34,718 [INFO] Processing: $BFNVG,032632.85,4218.003510,N,07105.994308,W,0,10.0,1.0,47.2,0.0,0.0,032632.85*69
2021-07-29 04:26:34,720 [INFO] Interpreted as: {'position': (7.980425873945933, 6.302963711321354), 'latlon': (42.3000585, -71.09990513333334), 'heading': 47.2, 'depth': 1.0, 'altitude': 10.0, 'roll': 0.0, 'pitch': 0.0, 'last_fix_time': datetime.datetime(2021, 7, 29, 3, 26, 32), 'speed': None, 'rudder': 0, 'datum': (42.3, -71.1)}
2021-07-29 04:26:34,722 [INFO] Processing: $BFNVG,032633.19,4218.003644,N,07105.994128,W,0,10.0,1.0,45.4,0.0,0.0,032633.19*6F
2021-07-29 04:26:34,724 [INFO] Interpreted as: {'position': (8.233843798167072, 6.544854497537017), 'latlon': (42.30006073333333, -71.09990213333333), 'heading': 45.4, 'depth': 1.0, 'altitude': 10.0, 'roll': 0.0, 'pitch': 0.0, 'last_fix_time': datetime.datetime(2021, 7, 29, 3, 26, 33), 'speed': None, 'rudder': 0, 'datum': (42.3, -71.1)}
2021-07-29 04:26:34,725 [INFO] Processing: $BFNVG,032633.53,4218.003782,N,07105.993955,W,0,10.0,1.0,43.6,0.0,0.0,032633.53*65
2021-07-29 04:26:34,727 [INFO] Interpreted as: {'position': (8.477827231748961, 6.7943854024633765), 'latlon': (42.30006303333333, -71.09989924999999), 'heading': 43.6, 'depth': 1.0, 'altitude': 10.0, 'roll': 0.0, 'pitch': 0.0, 'last_fix_time': datetime.datetime(2021, 7, 29, 3, 26, 33), 'speed': None, 'rudder': 0, 'datum': (42.3, -71.1)}
2021-07-29 04:26:34,727 [INFO] Received from Frontseat: [b'$BFNVG,032632.51,4218.003380,N,07105.994494,W,0,10.0,1.0,49.1,0.0,0.0,032632.51*69', b'$BFNVG,032632.85,4218.003510,N,07105.994308,W,0,10.0,1.0,47.2,0.0,0.0,032632.85*69', b'$BFNVG,032633.19,4218.003644,N,07105.994128,W,0,10.0,1.0,45.4,0.0,0.0,032633.19*6F', b'$BFNVG,032633.53,4218.003782,N,07105.993955,W,0,10.0,1.0,43.6,0.0,0.0,032633.53*65']
2021-07-29 04:26:34,728 [INFO] AUV state: {'position': (8.477827231748961, 6.7943854024633765), 'latlon': (42.30006303333333, -71.09989924999999), 'heading': 43.6, 'depth': 1.0, 'altitude': 10.0, 'roll': 0.0, 'pitch': 0.0, 'last_fix_time': datetime.datetime(2021, 7, 29, 3, 26, 33), 'speed': None, 'rudder': 0, 'datum': (42.3, -71.1)}
2021-07-29 04:26:35,032 [INFO] **** [(-23.522014811162038, -8.074023826854734)] [(-8.321170049280655, -9.254643659488922), (7.488910074372943, -5.348818804176342)]
2021-07-29 04:26:35,034 [INFO] Next green buoy: [(-23.522014811162038, -8.074023826854734)], next red buoy: [(-8.321170049280655, -9.254643659488922), (7.488910074372943, -5.348818804176342)]
2021-07-29 04:26:35,035 [INFO] Desired_heading: 27.678407569778656
2021-07-29 04:26:35,035 [INFO] delta angle: -21.20273419743802
2021-07-29 04:26:35,036 [INFO] sending message $BPRMB,032635.06,21.20273419743802,1,0,1000,0,1*64
...
2021-07-29 04:26:36,038 [INFO] sending message $BPSTS,032636.03,1,BWSI Autonomy OK*45
...
2021-07-29 04:26:36,039 [INFO] Processing: $BFNVG,032633.87,4218.003923,N,07105.993787,W,0,10.0,1.0,41.8,0.0,0.0,032633.87*6D
2021-07-29 04:26:36,041 [INFO] Interpreted as: {'position': (8.715078265988268, 7.049637925811112), 'latlon': (42.30006538333333, -71.09989645), 'heading': 41.8, 'depth': 1.0, 'altitude': 10.0, 'roll': 0.0, 'pitch': 0.0, 'last_fix_time': datetime.datetime(2021, 7, 29, 3, 26, 33), 'speed': None, 'rudder': 0, 'datum': (42.3, -71.1)}
2021-07-29 04:26:36,042 [INFO] Processing: $BFNVG,032634.21,4218.004069,N,07105.993624,W,0,10.0,1.0,40.3,0.0,0.0,032634.21*6F
2021-07-29 04:26:36,044 [INFO] Interpreted as: {'position': (8.945688240928575, 7.314313457347453), 'latlon': (42.30006781666667, -71.09989373333333), 'heading': 40.3, 'depth': 1.0, 'altitude': 10.0, 'roll': 0.0, 'pitch': 0.0, 'last_fix_time': datetime.datetime(2021, 7, 29, 3, 26, 34), 'speed': None, 'rudder': 0, 'datum': (42.3, -71.1)}
2021-07-29 04:26:36,045 [INFO] Processing: $BFNVG,032634.55,4218.004219,N,07105.993465,W,0,10.0,1.0,38.8,0.0,0.0,032634.55*69
2021-07-29 04:26:36,047 [INFO] Interpreted as: {'position': (9.170985364820808, 7.586527398787439), 'latlon': (42.30007031666667, -71.09989108333333), 'heading': 38.8, 'depth': 1.0, 'altitude': 10.0, 'roll': 0.0, 'pitch': 0.0, 'last_fix_time': datetime.datetime(2021, 7, 29, 3, 26, 34), 'speed': None, 'rudder': 0, 'datum': (42.3, -71.1)}
2021-07-29 04:26:36,047 [INFO] Processing: $BFNVG,032634.90,4218.004373,N,07105.993310,W,0,10.0,1.0,37.3,0.0,0.0,032634.90*65
2021-07-29 04:26:36,050 [INFO] Interpreted as: {'position': (9.390969637781382, 7.8662797482684255), 'latlon': (42.300072883333335, -71.0998885), 'heading': 37.3, 'depth': 1.0, 'altitude': 10.0, 'roll': 0.0, 'pitch': 0.0, 'last_fix_time': datetime.datetime(2021, 7, 29, 3, 26, 34), 'speed': None, 'rudder': 0, 'datum': (42.3, -71.1)}
2021-07-29 04:26:36,051 [INFO] Received from Frontseat: [b'$BFNVG,032633.87,4218.003923,N,07105.993787,W,0,10.0,1.0,41.8,0.0,0.0,032633.87*6D', b'$BFNVG,032634.21,4218.004069,N,07105.993624,W,0,10.0,1.0,40.3,0.0,0.0,032634.21*6F', b'$BFNVG,032634.55,4218.004219,N,07105.993465,W,0,10.0,1.0,38.8,0.0,0.0,032634.55*69', b'$BFNVG,032634.90,4218.004373,N,07105.993310,W,0,10.0,1.0,37.3,0.0,0.0,032634.90*65']
2021-07-29 04:26:36,052 [INFO] AUV state: {'position': (9.390969637781382, 7.8662797482684255), 'latlon': (42.300072883333335, -71.0998885), 'heading': 37.3, 'depth': 1.0, 'altitude': 10.0, 'roll': 0.0, 'pitch': 0.0, 'last_fix_time': datetime.datetime(2021, 7, 29, 3, 26, 34), 'speed': None, 'rudder': 0, 'datum': (42.3, -71.1)}
2021-07-29 04:26:36,384 [INFO] **** [(-21.734048499402665, -9.941484171072412)] [(-2.6834088092129837, -11.823367033168468), (15.62142249350781, -6.120184820861556)]
2021-07-29 04:26:36,386 [INFO] Next green buoy: [(-21.734048499402665, -9.941484171072412)], next red buoy: [(-2.6834088092129837, -11.823367033168468), (15.62142249350781, -6.120184820861556)]
2021-07-29 04:26:36,386 [INFO] Desired_heading: 25.09127134569217
2021-07-29 04:26:36,387 [INFO] delta angle: -15.214118434575653
2021-07-29 04:26:36,387 [INFO] sending message $BPRMB,032637.01,15.214118434575653,1,0,1000,0,1*5f
...
2021-07-29 04:26:37,389 [INFO] sending message $BPSTS,032637.38,1,BWSI Autonomy OK*4c
...
2021-07-29 04:26:37,391 [INFO] Processing: $BFNVG,032635.24,4218.004530,N,07105.993161,W,0,10.0,1.0,35.8,0.0,0.0,032635.24*69
2021-07-29 04:26:37,396 [INFO] Interpreted as: {'position': (9.602847633766942, 8.151787614449859), 'latlon': (42.3000755, -71.09988601666667), 'heading': 35.8, 'depth': 1.0, 'altitude': 10.0, 'roll': 0.0, 'pitch': 0.0, 'last_fix_time': datetime.datetime(2021, 7, 29, 3, 26, 35), 'speed': None, 'rudder': 0, 'datum': (42.3, -71.1)}
2021-07-29 04:26:37,396 [INFO] Processing: $BFNVG,032635.59,4218.004692,N,07105.993017,W,0,10.0,1.0,34.0,0.0,0.0,032635.59*6B
2021-07-29 04:26:37,399 [INFO] Interpreted as: {'position': (9.808084570802748, 8.446718486957252), 'latlon': (42.3000782, -71.09988361666667), 'heading': 34.0, 'depth': 1.0, 'altitude': 10.0, 'roll': 0.0, 'pitch': 0.0, 'last_fix_time': datetime.datetime(2021, 7, 29, 3, 26, 35), 'speed': None, 'rudder': 0, 'datum': (42.3, -71.1)}
2021-07-29 04:26:37,400 [INFO] Processing: $BFNVG,032635.94,4218.004855,N,07105.992881,W,0,10.0,1.0,32.1,0.0,0.0,032635.94*6F
2021-07-29 04:26:37,402 [INFO] Interpreted as: {'position': (10.002376136486419, 8.743771289475262), 'latlon': (42.300080916666666, -71.09988135), 'heading': 32.1, 'depth': 1.0, 'altitude': 10.0, 'roll': 0.0, 'pitch': 0.0, 'last_fix_time': datetime.datetime(2021, 7, 29, 3, 26, 35), 'speed': None, 'rudder': 0, 'datum': (42.3, -71.1)}
2021-07-29 04:26:37,403 [INFO] Processing: $BFNVG,032636.29,4218.005023,N,07105.992752,W,0,10.0,1.0,30.3,0.0,0.0,032636.29*66
2021-07-29 04:26:37,405 [INFO] Interpreted as: {'position': (10.187278888421133, 9.050314902327955), 'latlon': (42.30008371666667, -71.0998792), 'heading': 30.3, 'depth': 1.0, 'altitude': 10.0, 'roll': 0.0, 'pitch': 0.0, 'last_fix_time': datetime.datetime(2021, 7, 29, 3, 26, 36), 'speed': None, 'rudder': 0, 'datum': (42.3, -71.1)}
2021-07-29 04:26:37,406 [INFO] Received from Frontseat: [b'$BFNVG,032635.24,4218.004530,N,07105.993161,W,0,10.0,1.0,35.8,0.0,0.0,032635.24*69', b'$BFNVG,032635.59,4218.004692,N,07105.993017,W,0,10.0,1.0,34.0,0.0,0.0,032635.59*6B', b'$BFNVG,032635.94,4218.004855,N,07105.992881,W,0,10.0,1.0,32.1,0.0,0.0,032635.94*6F', b'$BFNVG,032636.29,4218.005023,N,07105.992752,W,0,10.0,1.0,30.3,0.0,0.0,032636.29*66']
2021-07-29 04:26:37,406 [INFO] AUV state: {'position': (10.187278888421133, 9.050314902327955), 'latlon': (42.30008371666667, -71.0998792), 'heading': 30.3, 'depth': 1.0, 'altitude': 10.0, 'roll': 0.0, 'pitch': 0.0, 'last_fix_time': datetime.datetime(2021, 7, 29, 3, 26, 36), 'speed': None, 'rudder': 0, 'datum': (42.3, -71.1)}
2021-07-29 04:26:37,753 [INFO] **** [(-19.793339799115408, -12.63797486384517)] [(5.47412820060921, -16.213835540577993), (25.265712349952477, -6.902221180791229)]
2021-07-29 04:26:37,755 [INFO] Next green buoy: [(-19.793339799115408, -12.63797486384517)], next red buoy: [(5.47412820060921, -16.213835540577993), (25.265712349952477, -6.902221180791229)]
2021-07-29 04:26:37,756 [INFO] Desired_heading: 23.1403942007469
2021-07-29 04:26:37,756 [INFO] delta angle: -7.807646283276654
2021-07-29 04:26:37,757 [INFO] sending message $BPRMB,032637.76,7.807646283276654,1,0,1000,0,1*61
...
2021-07-29 04:26:38,759 [INFO] sending message $BPSTS,032638.75,1,BWSI Autonomy OK*4a
...
2021-07-29 04:26:38,760 [INFO] Processing: $BFNVG,032636.64,4218.005195,N,07105.992629,W,0,10.0,1.0,28.4,0.0,0.0,032636.64*69
2021-07-29 04:26:38,762 [INFO] Interpreted as: {'position': (10.364121035323478, 9.364464728161693), 'latlon': (42.30008658333333, -71.09987715), 'heading': 28.4, 'depth': 1.0, 'altitude': 10.0, 'roll': 0.0, 'pitch': 0.0, 'last_fix_time': datetime.datetime(2021, 7, 29, 3, 26, 36), 'speed': None, 'rudder': 0, 'datum': (42.3, -71.1)}
2021-07-29 04:26:38,763 [INFO] Processing: $BFNVG,032637.00,4218.005374,N,07105.992510,W,0,10.0,1.0,27.1,0.0,0.0,032637.00*67
2021-07-29 04:26:38,765 [INFO] Interpreted as: {'position': (10.535787342116237, 9.691705049015582), 'latlon': (42.300089566666664, -71.09987516666666), 'heading': 27.1, 'depth': 1.0, 'altitude': 10.0, 'roll': 0.0, 'pitch': 0.0, 'last_fix_time': datetime.datetime(2021, 7, 29, 3, 26, 37), 'speed': None, 'rudder': 0, 'datum': (42.3, -71.1)}
2021-07-29 04:26:38,766 [INFO] Processing: $BFNVG,032637.35,4218.005551,N,07105.992399,W,0,10.0,1.0,25.7,0.0,0.0,032637.35*65
2021-07-29 04:26:38,768 [INFO] Interpreted as: {'position': (10.69637127284659, 10.015515202656388), 'latlon': (42.300092516666666, -71.09987331666666), 'heading': 25.7, 'depth': 1.0, 'altitude': 10.0, 'roll': 0.0, 'pitch': 0.0, 'last_fix_time': datetime.datetime(2021, 7, 29, 3, 26, 37), 'speed': None, 'rudder': 0, 'datum': (42.3, -71.1)}
2021-07-29 04:26:38,769 [INFO] Received from Frontseat: [b'$BFNVG,032636.64,4218.005195,N,07105.992629,W,0,10.0,1.0,28.4,0.0,0.0,032636.64*69', b'$BFNVG,032637.00,4218.005374,N,07105.992510,W,0,10.0,1.0,27.1,0.0,0.0,032637.00*67', b'$BFNVG,032637.35,4218.005551,N,07105.992399,W,0,10.0,1.0,25.7,0.0,0.0,032637.35*65']
2021-07-29 04:26:38,770 [INFO] AUV state: {'position': (10.69637127284659, 10.015515202656388), 'latlon': (42.300092516666666, -71.09987331666666), 'heading': 25.7, 'depth': 1.0, 'altitude': 10.0, 'roll': 0.0, 'pitch': 0.0, 'last_fix_time': datetime.datetime(2021, 7, 29, 3, 26, 37), 'speed': None, 'rudder': 0, 'datum': (42.3, -71.1)}
2021-07-29 04:26:39,114 [INFO] **** [(-19.914784909271145, -16.23599465635791), (22.99834803666744, -6.736613127708631)] [(13.604044456210822, -22.621955962384366)]
2021-07-29 04:26:39,116 [INFO] Next green buoy: [(-19.914784909271145, -16.23599465635791), (22.99834803666744, -6.736613127708631)], next red buoy: [(13.604044456210822, -22.621955962384366)]
2021-07-29 04:26:39,116 [INFO] Desired_heading: 22.544629773469836
2021-07-29 04:26:39,117 [INFO] delta angle: -2.8036361108643746
2021-07-29 04:26:39,117 [INFO] sending message $BPRMB,032639.74,2.8036361108643746,1,0,1000,0,1*5a
...
2021-07-29 04:26:40,119 [INFO] sending message $BPSTS,032640.11,1,BWSI Autonomy OK*47
...
2021-07-29 04:26:40,121 [INFO] Processing: $BFNVG,032637.70,4218.005728,N,07105.992294,W,0,10.0,1.0,24.4,0.0,0.0,032637.70*67
2021-07-29 04:26:40,123 [INFO] Interpreted as: {'position': (10.848711921309587, 10.339528780430555), 'latlon': (42.30009546666667, -71.09987156666666), 'heading': 24.4, 'depth': 1.0, 'altitude': 10.0, 'roll': 0.0, 'pitch': 0.0, 'last_fix_time': datetime.datetime(2021, 7, 29, 3, 26, 37), 'speed': None, 'rudder': 0, 'datum': (42.3, -71.1)}
2021-07-29 04:26:40,124 [INFO] Processing: $BFNVG,032638.04,4218.005906,N,07105.992196,W,0,10.0,1.0,23.1,0.0,0.0,032638.04*66
2021-07-29 04:26:40,127 [INFO] Interpreted as: {'position': (10.991481082513928, 10.665630377829075), 'latlon': (42.30009843333333, -71.09986993333334), 'heading': 23.1, 'depth': 1.0, 'altitude': 10.0, 'roll': 0.0, 'pitch': 0.0, 'last_fix_time': datetime.datetime(2021, 7, 29, 3, 26, 38), 'speed': None, 'rudder': 0, 'datum': (42.3, -71.1)}
2021-07-29 04:26:40,128 [INFO] Processing: $BFNVG,032638.39,4218.006086,N,07105.992101,W,0,10.0,1.0,22.4,0.0,0.0,032638.39*6E
2021-07-29 04:26:40,130 [INFO] Interpreted as: {'position': (11.130219939397648, 10.99553507938981), 'latlon': (42.30010143333333, -71.09986835), 'heading': 22.4, 'depth': 1.0, 'altitude': 10.0, 'roll': 0.0, 'pitch': 0.0, 'last_fix_time': datetime.datetime(2021, 7, 29, 3, 26, 38), 'speed': None, 'rudder': 0, 'datum': (42.3, -71.1)}
2021-07-29 04:26:40,132 [INFO] Processing: $BFNVG,032638.74,4218.006268,N,07105.992008,W,0,10.0,1.0,21.7,0.0,0.0,032638.74*64
2021-07-29 04:26:40,134 [INFO] Interpreted as: {'position': (11.266302365867887, 11.329208985902369), 'latlon': (42.30010446666667, -71.0998668), 'heading': 21.7, 'depth': 1.0, 'altitude': 10.0, 'roll': 0.0, 'pitch': 0.0, 'last_fix_time': datetime.datetime(2021, 7, 29, 3, 26, 38), 'speed': None, 'rudder': 0, 'datum': (42.3, -71.1)}
2021-07-29 04:26:40,135 [INFO] Received from Frontseat: [b'$BFNVG,032637.70,4218.005728,N,07105.992294,W,0,10.0,1.0,24.4,0.0,0.0,032637.70*67', b'$BFNVG,032638.04,4218.005906,N,07105.992196,W,0,10.0,1.0,23.1,0.0,0.0,032638.04*66', b'$BFNVG,032638.39,4218.006086,N,07105.992101,W,0,10.0,1.0,22.4,0.0,0.0,032638.39*6E', b'$BFNVG,032638.74,4218.006268,N,07105.992008,W,0,10.0,1.0,21.7,0.0,0.0,032638.74*64']
2021-07-29 04:26:40,136 [INFO] AUV state: {'position': (11.266302365867887, 11.329208985902369), 'latlon': (42.30010446666667, -71.0998668), 'heading': 21.7, 'depth': 1.0, 'altitude': 10.0, 'roll': 0.0, 'pitch': 0.0, 'last_fix_time': datetime.datetime(2021, 7, 29, 3, 26, 38), 'speed': None, 'rudder': 0, 'datum': (42.3, -71.1)}
2021-07-29 04:26:40,444 [INFO] **** [] []
2021-07-29 04:26:40,446 [INFO] Next green buoy: [], next red buoy: []
2021-07-29 04:26:40,447 [INFO] Desired_heading: 21.7
2021-07-29 04:26:40,448 [INFO] delta angle: 0.0
2021-07-29 04:26:40,448 [INFO] sending message $BPRMB,032640.48,-0.0,1,0,1000,0,1*40
...
2021-07-29 04:26:41,450 [INFO] sending message $BPSTS,032641.45,1,BWSI Autonomy OK*47
...
2021-07-29 04:26:41,452 [INFO] Processing: $BFNVG,032639.09,4218.006450,N,07105.991919,W,0,10.0,1.0,21.0,0.0,0.0,032639.09*64
2021-07-29 04:26:41,454 [INFO] Interpreted as: {'position': (11.396889270632528, 11.66301850322634), 'latlon': (42.3001075, -71.09986531666667), 'heading': 21.0, 'depth': 1.0, 'altitude': 10.0, 'roll': 0.0, 'pitch': 0.0, 'last_fix_time': datetime.datetime(2021, 7, 29, 3, 26, 39), 'speed': None, 'rudder': 0, 'datum': (42.3, -71.1)}
2021-07-29 04:26:41,455 [INFO] Processing: $BFNVG,032639.44,4218.006633,N,07105.991832,W,0,10.0,1.0,20.8,0.0,0.0,032639.44*62
2021-07-29 04:26:41,457 [INFO] Interpreted as: {'position': (11.524774080724455, 11.998746528290212), 'latlon': (42.30011055, -71.09986386666667), 'heading': 20.8, 'depth': 1.0, 'altitude': 10.0, 'roll': 0.0, 'pitch': 0.0, 'last_fix_time': datetime.datetime(2021, 7, 29, 3, 26, 39), 'speed': None, 'rudder': 0, 'datum': (42.3, -71.1)}
2021-07-29 04:26:41,459 [INFO] Processing: $BFNVG,032639.79,4218.006818,N,07105.991745,W,0,10.0,1.0,20.6,0.0,0.0,032639.79*64
2021-07-29 04:26:41,461 [INFO] Interpreted as: {'position': (11.652750215958804, 12.338175947777927), 'latlon': (42.30011363333333, -71.09986241666667), 'heading': 20.6, 'depth': 1.0, 'altitude': 10.0, 'roll': 0.0, 'pitch': 0.0, 'last_fix_time': datetime.datetime(2021, 7, 29, 3, 26, 39), 'speed': None, 'rudder': 0, 'datum': (42.3, -71.1)}
2021-07-29 04:26:41,462 [INFO] Processing: $BFNVG,032640.14,4218.007000,N,07105.991660,W,0,10.0,1.0,20.3,0.0,0.0,032640.14*67
2021-07-29 04:26:41,464 [INFO] Interpreted as: {'position': (11.77784157806309, 12.672121085226536), 'latlon': (42.30011666666667, -71.099861), 'heading': 20.3, 'depth': 1.0, 'altitude': 10.0, 'roll': 0.0, 'pitch': 0.0, 'last_fix_time': datetime.datetime(2021, 7, 29, 3, 26, 40), 'speed': None, 'rudder': 0, 'datum': (42.3, -71.1)}
2021-07-29 04:26:41,465 [INFO] Received from Frontseat: [b'$BFNVG,032639.09,4218.006450,N,07105.991919,W,0,10.0,1.0,21.0,0.0,0.0,032639.09*64', b'$BFNVG,032639.44,4218.006633,N,07105.991832,W,0,10.0,1.0,20.8,0.0,0.0,032639.44*62', b'$BFNVG,032639.79,4218.006818,N,07105.991745,W,0,10.0,1.0,20.6,0.0,0.0,032639.79*64', b'$BFNVG,032640.14,4218.007000,N,07105.991660,W,0,10.0,1.0,20.3,0.0,0.0,032640.14*67']
2021-07-29 04:26:41,467 [INFO] AUV state: {'position': (11.77784157806309, 12.672121085226536), 'latlon': (42.30011666666667, -71.099861), 'heading': 20.3, 'depth': 1.0, 'altitude': 10.0, 'roll': 0.0, 'pitch': 0.0, 'last_fix_time': datetime.datetime(2021, 7, 29, 3, 26, 40), 'speed': None, 'rudder': 0, 'datum': (42.3, -71.1)}
2021-07-29 04:26:41,783 [INFO] **** [] []
2021-07-29 04:26:41,786 [INFO] Next green buoy: [], next red buoy: []
2021-07-29 04:26:41,786 [INFO] Desired_heading: 20.3
2021-07-29 04:26:41,787 [INFO] delta angle: 0.0
2021-07-29 04:26:41,787 [INFO] sending message $BPRMB,032642.41,-0.0,1,0,1000,0,1*4b
...
2021-07-29 04:26:42,789 [INFO] sending message $BPSTS,032642.78,1,BWSI Autonomy OK*4a
...
2021-07-29 04:26:42,791 [INFO] Processing: $BFNVG,032640.49,4218.007184,N,07105.991576,W,0,10.0,1.0,20.1,0.0,0.0,032640.49*6C
2021-07-29 04:26:42,793 [INFO] Interpreted as: {'position': (11.901650390471332, 13.009801521897316), 'latlon': (42.30011973333333, -71.0998596), 'heading': 20.1, 'depth': 1.0, 'altitude': 10.0, 'roll': 0.0, 'pitch': 0.0, 'last_fix_time': datetime.datetime(2021, 7, 29, 3, 26, 40), 'speed': None, 'rudder': 0, 'datum': (42.3, -71.1)}
2021-07-29 04:26:42,793 [INFO] Processing: $BFNVG,032640.83,4218.007368,N,07105.991493,W,0,10.0,1.0,20.1,0.0,0.0,032640.83*66
2021-07-29 04:26:42,795 [INFO] Interpreted as: {'position': (12.024085315002594, 13.347515863366425), 'latlon': (42.3001228, -71.09985821666666), 'heading': 20.1, 'depth': 1.0, 'altitude': 10.0, 'roll': 0.0, 'pitch': 0.0, 'last_fix_time': datetime.datetime(2021, 7, 29, 3, 26, 40), 'speed': None, 'rudder': 0, 'datum': (42.3, -71.1)}
2021-07-29 04:26:42,796 [INFO] Processing: $BFNVG,032641.19,4218.007552,N,07105.991408,W,0,10.0,1.0,20.1,0.0,0.0,032641.19*6B
2021-07-29 04:26:42,798 [INFO] Interpreted as: {'position': (12.149267985252663, 13.685162398964167), 'latlon': (42.30012586666667, -71.0998568), 'heading': 20.1, 'depth': 1.0, 'altitude': 10.0, 'roll': 0.0, 'pitch': 0.0, 'last_fix_time': datetime.datetime(2021, 7, 29, 3, 26, 41), 'speed': None, 'rudder': 0, 'datum': (42.3, -71.1)}
2021-07-29 04:26:42,799 [INFO] Processing: $BFNVG,032641.54,4218.007737,N,07105.991324,W,0,10.0,1.0,20.1,0.0,0.0,032641.54*63
2021-07-29 04:26:42,801 [INFO] Interpreted as: {'position': (12.27312243450433, 14.024693539366126), 'latlon': (42.30012895, -71.0998554), 'heading': 20.1, 'depth': 1.0, 'altitude': 10.0, 'roll': 0.0, 'pitch': 0.0, 'last_fix_time': datetime.datetime(2021, 7, 29, 3, 26, 41), 'speed': None, 'rudder': 0, 'datum': (42.3, -71.1)}
2021-07-29 04:26:42,802 [INFO] Received from Frontseat: [b'$BFNVG,032640.49,4218.007184,N,07105.991576,W,0,10.0,1.0,20.1,0.0,0.0,032640.49*6C', b'$BFNVG,032640.83,4218.007368,N,07105.991493,W,0,10.0,1.0,20.1,0.0,0.0,032640.83*66', b'$BFNVG,032641.19,4218.007552,N,07105.991408,W,0,10.0,1.0,20.1,0.0,0.0,032641.19*6B', b'$BFNVG,032641.54,4218.007737,N,07105.991324,W,0,10.0,1.0,20.1,0.0,0.0,032641.54*63']
2021-07-29 04:26:42,802 [INFO] AUV state: {'position': (12.27312243450433, 14.024693539366126), 'latlon': (42.30012895, -71.0998554), 'heading': 20.1, 'depth': 1.0, 'altitude': 10.0, 'roll': 0.0, 'pitch': 0.0, 'last_fix_time': datetime.datetime(2021, 7, 29, 3, 26, 41), 'speed': None, 'rudder': 0, 'datum': (42.3, -71.1)}
2021-07-29 04:26:43,108 [INFO] **** [] []
2021-07-29 04:26:43,110 [INFO] Next green buoy: [], next red buoy: []
2021-07-29 04:26:43,110 [INFO] Desired_heading: 20.1
2021-07-29 04:26:43,110 [INFO] delta angle: 0.0
2021-07-29 04:26:43,111 [INFO] sending message $BPRMB,032643.16,-0.0,1,0,1000,0,1*48
...
2021-07-29 04:26:44,112 [INFO] sending message $BPSTS,032644.11,1,BWSI Autonomy OK*43
...
2021-07-29 04:26:44,114 [INFO] Processing: $BFNVG,032641.89,4218.007922,N,07105.991240,W,0,10.0,1.0,20.1,0.0,0.0,032641.89*6A
2021-07-29 04:26:44,115 [INFO] Interpreted as: {'position': (12.39697687298758, 14.364224679768085), 'latlon': (42.300132033333334, -71.099854), 'heading': 20.1, 'depth': 1.0, 'altitude': 10.0, 'roll': 0.0, 'pitch': 0.0, 'last_fix_time': datetime.datetime(2021, 7, 29, 3, 26, 41), 'speed': None, 'rudder': 0, 'datum': (42.3, -71.1)}
2021-07-29 04:26:44,116 [INFO] Processing: $BFNVG,032642.24,4218.008108,N,07105.991156,W,0,10.0,1.0,20.1,0.0,0.0,032642.24*61
2021-07-29 04:26:44,118 [INFO] Interpreted as: {'position': (12.520876969676465, 14.705606520175934), 'latlon': (42.300135133333335, -71.0998526), 'heading': 20.1, 'depth': 1.0, 'altitude': 10.0, 'roll': 0.0, 'pitch': 0.0, 'last_fix_time': datetime.datetime(2021, 7, 29, 3, 26, 42), 'speed': None, 'rudder': 0, 'datum': (42.3, -71.1)}
2021-07-29 04:26:44,118 [INFO] Processing: $BFNVG,032642.61,4218.008303,N,07105.991067,W,0,10.0,1.0,20.1,0.0,0.0,032642.61*6B
2021-07-29 04:26:44,120 [INFO] Interpreted as: {'position': (12.652057460159995, 15.0634751226753), 'latlon': (42.30013838333333, -71.09985111666667), 'heading': 20.1, 'depth': 1.0, 'altitude': 10.0, 'roll': 0.0, 'pitch': 0.0, 'last_fix_time': datetime.datetime(2021, 7, 29, 3, 26, 42), 'speed': None, 'rudder': 0, 'datum': (42.3, -71.1)}
2021-07-29 04:26:44,121 [INFO] Processing: $BFNVG,032642.96,4218.008488,N,07105.990983,W,0,10.0,1.0,20.1,0.0,0.0,032642.96*6D
2021-07-29 04:26:44,123 [INFO] Interpreted as: {'position': (12.775911867793184, 15.40300627052784), 'latlon': (42.300141466666666, -71.09984971666667), 'heading': 20.1, 'depth': 1.0, 'altitude': 10.0, 'roll': 0.0, 'pitch': 0.0, 'last_fix_time': datetime.datetime(2021, 7, 29, 3, 26, 42), 'speed': None, 'rudder': 0, 'datum': (42.3, -71.1)}
2021-07-29 04:26:44,124 [INFO] Received from Frontseat: [b'$BFNVG,032641.89,4218.007922,N,07105.991240,W,0,10.0,1.0,20.1,0.0,0.0,032641.89*6A', b'$BFNVG,032642.24,4218.008108,N,07105.991156,W,0,10.0,1.0,20.1,0.0,0.0,032642.24*61', b'$BFNVG,032642.61,4218.008303,N,07105.991067,W,0,10.0,1.0,20.1,0.0,0.0,032642.61*6B', b'$BFNVG,032642.96,4218.008488,N,07105.990983,W,0,10.0,1.0,20.1,0.0,0.0,032642.96*6D']
2021-07-29 04:26:44,125 [INFO] AUV state: {'position': (12.775911867793184, 15.40300627052784), 'latlon': (42.300141466666666, -71.09984971666667), 'heading': 20.1, 'depth': 1.0, 'altitude': 10.0, 'roll': 0.0, 'pitch': 0.0, 'last_fix_time': datetime.datetime(2021, 7, 29, 3, 26, 42), 'speed': None, 'rudder': 0, 'datum': (42.3, -71.1)}
2021-07-29 04:26:44,437 [INFO] **** [] []
2021-07-29 04:26:44,439 [INFO] Next green buoy: [], next red buoy: []
2021-07-29 04:26:44,439 [INFO] Desired_heading: 20.1
2021-07-29 04:26:44,440 [INFO] delta angle: 0.0
2021-07-29 04:26:44,440 [INFO] sending message $BPRMB,032645.05,-0.0,1,0,1000,0,1*4c
...
2021-07-29 04:26:45,442 [INFO] sending message $BPSTS,032645.44,1,BWSI Autonomy OK*42
...
2021-07-29 04:26:45,443 [INFO] Processing: $BFNVG,032643.32,4218.008677,N,07105.990897,W,0,10.0,1.0,20.1,0.0,0.0,032643.32*6B
2021-07-29 04:26:45,445 [INFO] Interpreted as: {'position': (12.902696691453457, 15.74987240228802), 'latlon': (42.300144616666664, -71.09984828333333), 'heading': 20.1, 'depth': 1.0, 'altitude': 10.0, 'roll': 0.0, 'pitch': 0.0, 'last_fix_time': datetime.datetime(2021, 7, 29, 3, 26, 43), 'speed': None, 'rudder': 0, 'datum': (42.3, -71.1)}
2021-07-29 04:26:45,446 [INFO] Processing: $BFNVG,032643.70,4218.008875,N,07105.990807,W,0,10.0,1.0,20.1,0.0,0.0,032643.70*6E
2021-07-29 04:26:45,448 [INFO] Interpreted as: {'position': (13.03538803011179, 16.11325920186937), 'latlon': (42.30014791666667, -71.09984678333333), 'heading': 20.1, 'depth': 1.0, 'altitude': 10.0, 'roll': 0.0, 'pitch': 0.0, 'last_fix_time': datetime.datetime(2021, 7, 29, 3, 26, 43), 'speed': None, 'rudder': 0, 'datum': (42.3, -71.1)}
2021-07-29 04:26:45,449 [INFO] Processing: $BFNVG,032644.05,4218.009060,N,07105.990723,W,0,10.0,1.0,20.1,0.0,0.0,032644.05*6A
2021-07-29 04:26:45,451 [INFO] Interpreted as: {'position': (13.159242404333781, 16.452790355309844), 'latlon': (42.300151, -71.09984538333333), 'heading': 20.1, 'depth': 1.0, 'altitude': 10.0, 'roll': 0.0, 'pitch': 0.0, 'last_fix_time': datetime.datetime(2021, 7, 29, 3, 26, 44), 'speed': None, 'rudder': 0, 'datum': (42.3, -71.1)}
2021-07-29 04:26:45,452 [INFO] Processing: $BFNVG,032644.40,4218.009244,N,07105.990639,W,0,10.0,1.0,20.1,0.0,0.0,032644.40*64
2021-07-29 04:26:45,454 [INFO] Interpreted as: {'position': (13.283051094738767, 16.79047081246972), 'latlon': (42.300154066666664, -71.09984398333333), 'heading': 20.1, 'depth': 1.0, 'altitude': 10.0, 'roll': 0.0, 'pitch': 0.0, 'last_fix_time': datetime.datetime(2021, 7, 29, 3, 26, 44), 'speed': None, 'rudder': 0, 'datum': (42.3, -71.1)}
2021-07-29 04:26:45,455 [INFO] Received from Frontseat: [b'$BFNVG,032643.32,4218.008677,N,07105.990897,W,0,10.0,1.0,20.1,0.0,0.0,032643.32*6B', b'$BFNVG,032643.70,4218.008875,N,07105.990807,W,0,10.0,1.0,20.1,0.0,0.0,032643.70*6E', b'$BFNVG,032644.05,4218.009060,N,07105.990723,W,0,10.0,1.0,20.1,0.0,0.0,032644.05*6A', b'$BFNVG,032644.40,4218.009244,N,07105.990639,W,0,10.0,1.0,20.1,0.0,0.0,032644.40*64']
2021-07-29 04:26:45,456 [INFO] AUV state: {'position': (13.283051094738767, 16.79047081246972), 'latlon': (42.300154066666664, -71.09984398333333), 'heading': 20.1, 'depth': 1.0, 'altitude': 10.0, 'roll': 0.0, 'pitch': 0.0, 'last_fix_time': datetime.datetime(2021, 7, 29, 3, 26, 44), 'speed': None, 'rudder': 0, 'datum': (42.3, -71.1)}
2021-07-29 04:26:45,754 [INFO] **** [] []
2021-07-29 04:26:45,756 [INFO] Next green buoy: [], next red buoy: []
2021-07-29 04:26:45,757 [INFO] Desired_heading: 20.1
2021-07-29 04:26:45,757 [INFO] delta angle: 0.0
2021-07-29 04:26:45,758 [INFO] sending message $BPRMB,032645.82,-0.0,1,0,1000,0,1*43
...
2021-07-29 04:26:46,759 [INFO] sending message $BPSTS,032646.75,1,BWSI Autonomy OK*43
...
2021-07-29 04:26:46,760 [INFO] Processing: $BFNVG,032644.75,4218.009428,N,07105.990555,W,0,10.0,1.0,20.1,0.0,0.0,032644.75*61
2021-07-29 04:26:46,763 [INFO] Interpreted as: {'position': (13.406859778682701, 17.128151273354888), 'latlon': (42.300157133333336, -71.09984258333333), 'heading': 20.1, 'depth': 1.0, 'altitude': 10.0, 'roll': 0.0, 'pitch': 0.0, 'last_fix_time': datetime.datetime(2021, 7, 29, 3, 26, 44), 'speed': None, 'rudder': 0, 'datum': (42.3, -71.1)}
2021-07-29 04:26:46,764 [INFO] Processing: $BFNVG,032645.10,4218.009613,N,07105.990471,W,0,10.0,1.0,20.1,0.0,0.0,032645.10*6C
2021-07-29 04:26:46,766 [INFO] Interpreted as: {'position': (13.53071411640849, 17.4676824323833), 'latlon': (42.30016021666667, -71.09984118333334), 'heading': 20.1, 'depth': 1.0, 'altitude': 10.0, 'roll': 0.0, 'pitch': 0.0, 'last_fix_time': datetime.datetime(2021, 7, 29, 3, 26, 45), 'speed': None, 'rudder': 0, 'datum': (42.3, -71.1)}
2021-07-29 04:26:46,766 [INFO] Processing: $BFNVG,032645.46,4218.009804,N,07105.990385,W,0,10.0,1.0,20.1,0.0,0.0,032645.46*68
2021-07-29 04:26:46,768 [INFO] Interpreted as: {'position': (13.65759021253325, 17.81824997253716), 'latlon': (42.3001634, -71.09983975), 'heading': 20.1, 'depth': 1.0, 'altitude': 10.0, 'roll': 0.0, 'pitch': 0.0, 'last_fix_time': datetime.datetime(2021, 7, 29, 3, 26, 45), 'speed': None, 'rudder': 0, 'datum': (42.3, -71.1)}
2021-07-29 04:26:46,769 [INFO] Received from Frontseat: [b'$BFNVG,032644.75,4218.009428,N,07105.990555,W,0,10.0,1.0,20.1,0.0,0.0,032644.75*61', b'$BFNVG,032645.10,4218.009613,N,07105.990471,W,0,10.0,1.0,20.1,0.0,0.0,032645.10*6C', b'$BFNVG,032645.46,4218.009804,N,07105.990385,W,0,10.0,1.0,20.1,0.0,0.0,032645.46*68']
2021-07-29 04:26:46,770 [INFO] AUV state: {'position': (13.65759021253325, 17.81824997253716), 'latlon': (42.3001634, -71.09983975), 'heading': 20.1, 'depth': 1.0, 'altitude': 10.0, 'roll': 0.0, 'pitch': 0.0, 'last_fix_time': datetime.datetime(2021, 7, 29, 3, 26, 45), 'speed': None, 'rudder': 0, 'datum': (42.3, -71.1)}
2021-07-29 04:26:47,069 [INFO] **** [] []
2021-07-29 04:26:47,071 [INFO] Next green buoy: [], next red buoy: []
2021-07-29 04:26:47,071 [INFO] Desired_heading: 20.1
2021-07-29 04:26:47,072 [INFO] delta angle: 0.0
2021-07-29 04:26:47,072 [INFO] sending message $BPRMB,032647.69,-0.0,1,0,1000,0,1*44
...
2021-07-29 04:26:48,074 [INFO] sending message $BPSTS,032648.07,1,BWSI Autonomy OK*48
...
2021-07-29 04:26:48,075 [INFO] Processing: $BFNVG,032645.81,4218.009989,N,07105.990300,W,0,10.0,1.0,20.1,0.0,0.0,032645.81*61
2021-07-29 04:26:48,081 [INFO] Interpreted as: {'position': (13.782818406587467, 18.1577472332865), 'latlon': (42.300166483333335, -71.09983833333334), 'heading': 20.1, 'depth': 1.0, 'altitude': 10.0, 'roll': 0.0, 'pitch': 0.0, 'last_fix_time': datetime.datetime(2021, 7, 29, 3, 26, 45), 'speed': None, 'rudder': 0, 'datum': (42.3, -71.1)}
2021-07-29 04:26:48,082 [INFO] Processing: $BFNVG,032646.17,4218.010178,N,07105.990214,W,0,10.0,1.0,20.1,0.0,0.0,032646.17*6B
2021-07-29 04:26:48,083 [INFO] Interpreted as: {'position': (13.909603140724357, 18.50461338367313), 'latlon': (42.30016963333333, -71.0998369), 'heading': 20.1, 'depth': 1.0, 'altitude': 10.0, 'roll': 0.0, 'pitch': 0.0, 'last_fix_time': datetime.datetime(2021, 7, 29, 3, 26, 46), 'speed': None, 'rudder': 0, 'datum': (42.3, -71.1)}
2021-07-29 04:26:48,084 [INFO] Processing: $BFNVG,032646.53,4218.010367,N,07105.990128,W,0,10.0,1.0,20.1,0.0,0.0,032646.53*6B
2021-07-29 04:26:48,087 [INFO] Interpreted as: {'position': (14.036387865664437, 18.85147953312844), 'latlon': (42.30017278333333, -71.09983546666666), 'heading': 20.1, 'depth': 1.0, 'altitude': 10.0, 'roll': 0.0, 'pitch': 0.0, 'last_fix_time': datetime.datetime(2021, 7, 29, 3, 26, 46), 'speed': None, 'rudder': 0, 'datum': (42.3, -71.1)}
2021-07-29 04:26:48,088 [INFO] Processing: $BFNVG,032646.89,4218.010556,N,07105.990043,W,0,10.0,1.0,20.1,0.0,0.0,032646.89*63
2021-07-29 04:26:48,089 [INFO] Interpreted as: {'position': (14.16179870115593, 19.198379589244723), 'latlon': (42.300175933333335, -71.09983405), 'heading': 20.1, 'depth': 1.0, 'altitude': 10.0, 'roll': 0.0, 'pitch': 0.0, 'last_fix_time': datetime.datetime(2021, 7, 29, 3, 26, 46), 'speed': None, 'rudder': 0, 'datum': (42.3, -71.1)}
2021-07-29 04:26:48,090 [INFO] Received from Frontseat: [b'$BFNVG,032645.81,4218.009989,N,07105.990300,W,0,10.0,1.0,20.1,0.0,0.0,032645.81*61', b'$BFNVG,032646.17,4218.010178,N,07105.990214,W,0,10.0,1.0,20.1,0.0,0.0,032646.17*6B', b'$BFNVG,032646.53,4218.010367,N,07105.990128,W,0,10.0,1.0,20.1,0.0,0.0,032646.53*6B', b'$BFNVG,032646.89,4218.010556,N,07105.990043,W,0,10.0,1.0,20.1,0.0,0.0,032646.89*63']
2021-07-29 04:26:48,091 [INFO] AUV state: {'position': (14.16179870115593, 19.198379589244723), 'latlon': (42.300175933333335, -71.09983405), 'heading': 20.1, 'depth': 1.0, 'altitude': 10.0, 'roll': 0.0, 'pitch': 0.0, 'last_fix_time': datetime.datetime(2021, 7, 29, 3, 26, 46), 'speed': None, 'rudder': 0, 'datum': (42.3, -71.1)}
2021-07-29 04:26:48,385 [INFO] **** [] []
2021-07-29 04:26:48,387 [INFO] Next green buoy: [], next red buoy: []
2021-07-29 04:26:48,388 [INFO] Desired_heading: 20.1
2021-07-29 04:26:48,388 [INFO] delta angle: 0.0
2021-07-29 04:26:48,388 [INFO] sending message $BPRMB,032648.45,-0.0,1,0,1000,0,1*45
...
2021-07-29 04:26:49,390 [INFO] sending message $BPSTS,032649.39,1,BWSI Autonomy OK*44
...
2021-07-29 04:26:49,391 [INFO] Processing: $BFNVG,032647.25,4218.010745,N,07105.989957,W,0,10.0,1.0,20.1,0.0,0.0,032647.25*67
2021-07-29 04:26:49,393 [INFO] Interpreted as: {'position': (14.28858340147417, 19.54524574521929), 'latlon': (42.30017908333333, -71.09983261666666), 'heading': 20.1, 'depth': 1.0, 'altitude': 10.0, 'roll': 0.0, 'pitch': 0.0, 'last_fix_time': datetime.datetime(2021, 7, 29, 3, 26, 47), 'speed': None, 'rudder': 0, 'datum': (42.3, -71.1)}
2021-07-29 04:26:49,394 [INFO] Processing: $BFNVG,032647.61,4218.010934,N,07105.989871,W,0,10.0,1.0,20.1,0.0,0.0,032647.61*6A
2021-07-29 04:26:49,396 [INFO] Interpreted as: {'position': (14.415368090500124, 19.89211190212518), 'latlon': (42.30018223333333, -71.09983118333334), 'heading': 20.1, 'depth': 1.0, 'altitude': 10.0, 'roll': 0.0, 'pitch': 0.0, 'last_fix_time': datetime.datetime(2021, 7, 29, 3, 26, 47), 'speed': None, 'rudder': 0, 'datum': (42.3, -71.1)}
2021-07-29 04:26:49,397 [INFO] Processing: $BFNVG,032647.96,4218.011118,N,07105.989787,W,0,10.0,1.0,20.1,0.0,0.0,032647.96*6B
2021-07-29 04:26:49,399 [INFO] Interpreted as: {'position': (14.539176673977636, 20.22979238256812), 'latlon': (42.3001853, -71.09982978333333), 'heading': 20.1, 'depth': 1.0, 'altitude': 10.0, 'roll': 0.0, 'pitch': 0.0, 'last_fix_time': datetime.datetime(2021, 7, 29, 3, 26, 47), 'speed': None, 'rudder': 0, 'datum': (42.3, -71.1)}
2021-07-29 04:26:49,400 [INFO] Processing: $BFNVG,032648.31,4218.011303,N,07105.989703,W,0,10.0,1.0,20.1,0.0,0.0,032648.31*6F
2021-07-29 04:26:49,402 [INFO] Interpreted as: {'position': (14.663030917407013, 20.569323560222983), 'latlon': (42.300188383333335, -71.09982838333333), 'heading': 20.1, 'depth': 1.0, 'altitude': 10.0, 'roll': 0.0, 'pitch': 0.0, 'last_fix_time': datetime.datetime(2021, 7, 29, 3, 26, 48), 'speed': None, 'rudder': 0, 'datum': (42.3, -71.1)}
2021-07-29 04:26:49,403 [INFO] Received from Frontseat: [b'$BFNVG,032647.25,4218.010745,N,07105.989957,W,0,10.0,1.0,20.1,0.0,0.0,032647.25*67', b'$BFNVG,032647.61,4218.010934,N,07105.989871,W,0,10.0,1.0,20.1,0.0,0.0,032647.61*6A', b'$BFNVG,032647.96,4218.011118,N,07105.989787,W,0,10.0,1.0,20.1,0.0,0.0,032647.96*6B', b'$BFNVG,032648.31,4218.011303,N,07105.989703,W,0,10.0,1.0,20.1,0.0,0.0,032648.31*6F']
2021-07-29 04:26:49,404 [INFO] AUV state: {'position': (14.663030917407013, 20.569323560222983), 'latlon': (42.300188383333335, -71.09982838333333), 'heading': 20.1, 'depth': 1.0, 'altitude': 10.0, 'roll': 0.0, 'pitch': 0.0, 'last_fix_time': datetime.datetime(2021, 7, 29, 3, 26, 48), 'speed': None, 'rudder': 0, 'datum': (42.3, -71.1)}
2021-07-29 04:26:49,696 [INFO] **** [] []
2021-07-29 04:26:49,698 [INFO] Next green buoy: [], next red buoy: []
2021-07-29 04:26:49,698 [INFO] Desired_heading: 20.1
2021-07-29 04:26:49,699 [INFO] delta angle: 0.0
2021-07-29 04:26:49,699 [INFO] sending message $BPRMB,032650.32,-0.0,1,0,1000,0,1*4c
...
2021-07-29 04:26:49,706 [ERROR] An error occurred. The stack trace is below.
Traceback (most recent call last):
  File "BWSI_BackSeat.py", line 126, in run
    time.sleep(1/self.__warp)
KeyboardInterrupt
