2021-07-28 21:17:41,047 [INFO] host = 192.168.1.213, port = 29500
2021-07-28 21:17:45,350 [INFO] sending message $BPLOG,ACK,ON*1e
...
2021-07-28 21:17:45,354 [INFO] sending message $BPLOG,ALL,ON*16
...
2021-07-28 21:17:45,357 [INFO] sending message $BPSTS,201745.35,1,BWSI Autonomy OK*47
...
2021-07-28 21:17:45,359 [INFO] Received from Frontseat: []
2021-07-28 21:17:45,361 [INFO] AUV state: {'position': (None, None), 'latlon': None, 'heading': None, 'depth': None, 'altitude': None, 'roll': None, 'pitch': None, 'last_fix_time': None, 'speed': None, 'rudder': 0}
2021-07-28 21:17:46,363 [INFO] sending message $BPSTS,201746.36,1,BWSI Autonomy OK*47
...
2021-07-28 21:17:46,366 [INFO] Processing: $BFNVG,201742.98,4218.000000,N,07106.000000,W,0,10.0,1.0,45.0,0.0,0.0,201742.98*62
2021-07-28 21:17:46,371 [INFO] Interpreted as: {'position': (0, 0), 'latlon': (42.3, -71.1), 'heading': 45.0, 'depth': 1.0, 'altitude': 10.0, 'roll': 0.0, 'pitch': 0.0, 'last_fix_time': datetime.datetime(2021, 7, 28, 20, 17, 42), 'speed': None, 'rudder': 0, 'datum': (42.3, -71.1)}
2021-07-28 21:17:46,372 [INFO] Processing: $BFNVG,201743.23,4218.000000,N,07106.000000,W,0,10.0,1.0,45.0,0.0,0.0,201743.23*62
2021-07-28 21:17:46,374 [INFO] Interpreted as: {'position': (0.0, 0.0), 'latlon': (42.3, -71.1), 'heading': 45.0, 'depth': 1.0, 'altitude': 10.0, 'roll': 0.0, 'pitch': 0.0, 'last_fix_time': datetime.datetime(2021, 7, 28, 20, 17, 43), 'speed': None, 'rudder': 0, 'datum': (42.3, -71.1)}
2021-07-28 21:17:46,376 [INFO] Processing: $BFNVG,201743.48,4218.000000,N,07106.000000,W,0,10.0,1.0,45.0,0.0,0.0,201743.48*62
2021-07-28 21:17:46,378 [INFO] Interpreted as: {'position': (0.0, 0.0), 'latlon': (42.3, -71.1), 'heading': 45.0, 'depth': 1.0, 'altitude': 10.0, 'roll': 0.0, 'pitch': 0.0, 'last_fix_time': datetime.datetime(2021, 7, 28, 20, 17, 43), 'speed': None, 'rudder': 0, 'datum': (42.3, -71.1)}
2021-07-28 21:17:46,379 [INFO] Processing: $BFNVG,201743.73,4218.000000,N,07106.000000,W,0,10.0,1.0,45.0,0.0,0.0,201743.73*62
2021-07-28 21:17:46,381 [INFO] Interpreted as: {'position': (0.0, 0.0), 'latlon': (42.3, -71.1), 'heading': 45.0, 'depth': 1.0, 'altitude': 10.0, 'roll': 0.0, 'pitch': 0.0, 'last_fix_time': datetime.datetime(2021, 7, 28, 20, 17, 43), 'speed': None, 'rudder': 0, 'datum': (42.3, -71.1)}
2021-07-28 21:17:46,383 [INFO] Processing: $BFNVG,201743.98,4218.000000,N,07106.000000,W,0,10.0,1.0,45.0,0.0,0.0,201743.98*62
2021-07-28 21:17:46,385 [INFO] Interpreted as: {'position': (0.0, 0.0), 'latlon': (42.3, -71.1), 'heading': 45.0, 'depth': 1.0, 'altitude': 10.0, 'roll': 0.0, 'pitch': 0.0, 'last_fix_time': datetime.datetime(2021, 7, 28, 20, 17, 43), 'speed': None, 'rudder': 0, 'datum': (42.3, -71.1)}
2021-07-28 21:17:46,386 [INFO] Processing: $BFNVG,201744.23,4218.000000,N,07106.000000,W,0,10.0,1.0,45.0,0.0,0.0,201744.23*62
2021-07-28 21:17:46,389 [INFO] Interpreted as: {'position': (0.0, 0.0), 'latlon': (42.3, -71.1), 'heading': 45.0, 'depth': 1.0, 'altitude': 10.0, 'roll': 0.0, 'pitch': 0.0, 'last_fix_time': datetime.datetime(2021, 7, 28, 20, 17, 44), 'speed': None, 'rudder': 0, 'datum': (42.3, -71.1)}
2021-07-28 21:17:46,390 [INFO] Processing: $BFNVG,201744.48,4218.000000,N,07106.000000,W,0,10.0,1.0,45.0,0.0,0.0,201744.48*62
2021-07-28 21:17:46,393 [INFO] Interpreted as: {'position': (0.0, 0.0), 'latlon': (42.3, -71.1), 'heading': 45.0, 'depth': 1.0, 'altitude': 10.0, 'roll': 0.0, 'pitch': 0.0, 'last_fix_time': datetime.datetime(2021, 7, 28, 20, 17, 44), 'speed': None, 'rudder': 0, 'datum': (42.3, -71.1)}
2021-07-28 21:17:46,394 [INFO] Processing: $BFNVG,201744.73,4218.000000,N,07106.000000,W,0,10.0,1.0,45.0,0.0,0.0,201744.73*62
2021-07-28 21:17:46,396 [INFO] Interpreted as: {'position': (0.0, 0.0), 'latlon': (42.3, -71.1), 'heading': 45.0, 'depth': 1.0, 'altitude': 10.0, 'roll': 0.0, 'pitch': 0.0, 'last_fix_time': datetime.datetime(2021, 7, 28, 20, 17, 44), 'speed': None, 'rudder': 0, 'datum': (42.3, -71.1)}
2021-07-28 21:17:46,397 [INFO] Processing: $BFNVG,201744.98,4218.000000,N,07106.000000,W,0,10.0,1.0,45.0,0.0,0.0,201744.98*62
2021-07-28 21:17:46,399 [INFO] Interpreted as: {'position': (0.0, 0.0), 'latlon': (42.3, -71.1), 'heading': 45.0, 'depth': 1.0, 'altitude': 10.0, 'roll': 0.0, 'pitch': 0.0, 'last_fix_time': datetime.datetime(2021, 7, 28, 20, 17, 44), 'speed': None, 'rudder': 0, 'datum': (42.3, -71.1)}
2021-07-28 21:17:46,401 [INFO] Processing: $BFNVG,201745.23,4218.000000,N,07106.000000,W,0,10.0,1.0,45.0,0.0,0.0,201745.23*62
2021-07-28 21:17:46,403 [INFO] Interpreted as: {'position': (0.0, 0.0), 'latlon': (42.3, -71.1), 'heading': 45.0, 'depth': 1.0, 'altitude': 10.0, 'roll': 0.0, 'pitch': 0.0, 'last_fix_time': datetime.datetime(2021, 7, 28, 20, 17, 45), 'speed': None, 'rudder': 0, 'datum': (42.3, -71.1)}
2021-07-28 21:17:46,404 [INFO] Processing: $BFNVG,201745.48,4218.000000,N,07106.000000,W,0,10.0,1.0,45.0,0.0,0.0,201745.48*62
2021-07-28 21:17:46,406 [INFO] Interpreted as: {'position': (0.0, 0.0), 'latlon': (42.3, -71.1), 'heading': 45.0, 'depth': 1.0, 'altitude': 10.0, 'roll': 0.0, 'pitch': 0.0, 'last_fix_time': datetime.datetime(2021, 7, 28, 20, 17, 45), 'speed': None, 'rudder': 0, 'datum': (42.3, -71.1)}
2021-07-28 21:17:46,408 [INFO] Received from Frontseat: [b'$BFNVG,201742.98,4218.000000,N,07106.000000,W,0,10.0,1.0,45.0,0.0,0.0,201742.98*62', b'$BFNVG,201743.23,4218.000000,N,07106.000000,W,0,10.0,1.0,45.0,0.0,0.0,201743.23*62', b'$BFNVG,201743.48,4218.000000,N,07106.000000,W,0,10.0,1.0,45.0,0.0,0.0,201743.48*62', b'$BFNVG,201743.73,4218.000000,N,07106.000000,W,0,10.0,1.0,45.0,0.0,0.0,201743.73*62', b'$BFNVG,201743.98,4218.000000,N,07106.000000,W,0,10.0,1.0,45.0,0.0,0.0,201743.98*62', b'$BFNVG,201744.23,4218.000000,N,07106.000000,W,0,10.0,1.0,45.0,0.0,0.0,201744.23*62', b'$BFNVG,201744.48,4218.000000,N,07106.000000,W,0,10.0,1.0,45.0,0.0,0.0,201744.48*62', b'$BFNVG,201744.73,4218.000000,N,07106.000000,W,0,10.0,1.0,45.0,0.0,0.0,201744.73*62', b'$BFNVG,201744.98,4218.000000,N,07106.000000,W,0,10.0,1.0,45.0,0.0,0.0,201744.98*62', b'$BFNVG,201745.23,4218.000000,N,07106.000000,W,0,10.0,1.0,45.0,0.0,0.0,201745.23*62', b'$BFNVG,201745.48,4218.000000,N,07106.000000,W,0,10.0,1.0,45.0,0.0,0.0,201745.48*62']
2021-07-28 21:17:46,409 [INFO] AUV state: {'position': (0.0, 0.0), 'latlon': (42.3, -71.1), 'heading': 45.0, 'depth': 1.0, 'altitude': 10.0, 'roll': 0.0, 'pitch': 0.0, 'last_fix_time': datetime.datetime(2021, 7, 28, 20, 17, 45), 'speed': None, 'rudder': 0, 'datum': (42.3, -71.1)}
2021-07-28 21:17:46,943 [INFO] **** [] [(3.897958983194552, -4.181191600461753), (28.87613201851195, 12.083247701084261), (22.731519577810076, -10.11162478927843), (7.712509341892316, 24.097261290080677), (24.818600535782043, -11.753235359635418)]
2021-07-28 21:17:46,945 [INFO] Next green buoy: [], next red buoy: [(3.897958983194552, -4.181191600461753), (28.87613201851195, 12.083247701084261), (22.731519577810076, -10.11162478927843), (7.712509341892316, 24.097261290080677), (24.818600535782043, -11.753235359635418)]
2021-07-28 21:17:46,945 [INFO] Desired_heading: 48.89795898319455
2021-07-28 21:17:46,946 [INFO] sending message $BPRMB,201745.07,-2.7385242148242352,1,0,1000,0,1*7f
...
2021-07-28 21:17:47,948 [INFO] sending message $BPSTS,201747.94,1,BWSI Autonomy OK*4e
...
2021-07-28 21:17:47,950 [INFO] Processing: $BFNVG,201745.90,4218.000000,N,07106.000000,W,0,10.0,1.0,45.0,0.0,0.0,201745.90*62
2021-07-28 21:17:47,952 [INFO] Interpreted as: {'position': (0.0, 0.0), 'latlon': (42.3, -71.1), 'heading': 45.0, 'depth': 1.0, 'altitude': 10.0, 'roll': 0.0, 'pitch': 0.0, 'last_fix_time': datetime.datetime(2021, 7, 28, 20, 17, 45), 'speed': None, 'rudder': 0, 'datum': (42.3, -71.1)}
2021-07-28 21:17:47,953 [INFO] Processing: $BFNVG,201746.25,4218.000000,N,07106.000000,W,0,10.0,1.0,45.0,0.0,0.0,201746.25*62
2021-07-28 21:17:47,955 [INFO] Interpreted as: {'position': (0.0, 0.0), 'latlon': (42.3, -71.1), 'heading': 45.0, 'depth': 1.0, 'altitude': 10.0, 'roll': 0.0, 'pitch': 0.0, 'last_fix_time': datetime.datetime(2021, 7, 28, 20, 17, 46), 'speed': None, 'rudder': 0, 'datum': (42.3, -71.1)}
2021-07-28 21:17:47,956 [INFO] Processing: $BFNVG,201746.60,4218.000000,N,07106.000000,W,0,10.0,1.0,45.0,0.0,0.0,201746.60*62
2021-07-28 21:17:47,959 [INFO] Interpreted as: {'position': (0.0, 0.0), 'latlon': (42.3, -71.1), 'heading': 45.0, 'depth': 1.0, 'altitude': 10.0, 'roll': 0.0, 'pitch': 0.0, 'last_fix_time': datetime.datetime(2021, 7, 28, 20, 17, 46), 'speed': None, 'rudder': 0, 'datum': (42.3, -71.1)}
2021-07-28 21:17:47,960 [INFO] Received from Frontseat: [b'$BFNVG,201745.90,4218.000000,N,07106.000000,W,0,10.0,1.0,45.0,0.0,0.0,201745.90*62', b'$BFNVG,201746.25,4218.000000,N,07106.000000,W,0,10.0,1.0,45.0,0.0,0.0,201746.25*62', b'$BFNVG,201746.60,4218.000000,N,07106.000000,W,0,10.0,1.0,45.0,0.0,0.0,201746.60*62']
2021-07-28 21:17:47,961 [INFO] AUV state: {'position': (0.0, 0.0), 'latlon': (42.3, -71.1), 'heading': 45.0, 'depth': 1.0, 'altitude': 10.0, 'roll': 0.0, 'pitch': 0.0, 'last_fix_time': datetime.datetime(2021, 7, 28, 20, 17, 46), 'speed': None, 'rudder': 0, 'datum': (42.3, -71.1)}
2021-07-28 21:17:48,502 [INFO] **** [] [(4.006906135821296, -4.2057116440245155), (28.87875877676254, 12.009792959403159), (22.734812011098214, -10.104122361322302), (7.696717377595614, 24.08424805707686), (-15.437560812208067, -9.608199161586503)]
2021-07-28 21:17:48,504 [INFO] Next green buoy: [], next red buoy: [(4.006906135821296, -4.2057116440245155), (28.87875877676254, 12.009792959403159), (22.734812011098214, -10.104122361322302), (7.696717377595614, 24.08424805707686), (-15.437560812208067, -9.608199161586503)]
2021-07-28 21:17:48,504 [INFO] Desired_heading: 49.006906135821296
2021-07-28 21:17:48,505 [INFO] sending message $BPRMB,201750.82,-2.8345326609095256,1,0,1000,0,1*79
...
2021-07-28 21:17:49,507 [INFO] sending message $BPSTS,201749.50,1,BWSI Autonomy OK*48
...
2021-07-28 21:17:49,508 [INFO] Processing: $BFNVG,201746.94,4218.000000,N,07106.000000,W,0,10.0,1.0,45.0,0.0,0.0,201746.94*62
2021-07-28 21:17:49,511 [INFO] Interpreted as: {'position': (0.0, 0.0), 'latlon': (42.3, -71.1), 'heading': 45.0, 'depth': 1.0, 'altitude': 10.0, 'roll': 0.0, 'pitch': 0.0, 'last_fix_time': datetime.datetime(2021, 7, 28, 20, 17, 46), 'speed': None, 'rudder': 0, 'datum': (42.3, -71.1)}
2021-07-28 21:17:49,512 [INFO] Processing: $BFNVG,201747.29,4218.000000,N,07106.000000,W,0,10.0,1.0,45.0,0.0,0.0,201747.29*62
2021-07-28 21:17:49,514 [INFO] Interpreted as: {'position': (0.0, 0.0), 'latlon': (42.3, -71.1), 'heading': 45.0, 'depth': 1.0, 'altitude': 10.0, 'roll': 0.0, 'pitch': 0.0, 'last_fix_time': datetime.datetime(2021, 7, 28, 20, 17, 47), 'speed': None, 'rudder': 0, 'datum': (42.3, -71.1)}
2021-07-28 21:17:49,516 [INFO] Processing: $BFNVG,201747.63,4218.000139,N,07105.999821,W,0,10.0,1.0,45.2,0.0,0.0,201747.63*6A
2021-07-28 21:17:49,518 [INFO] Interpreted as: {'position': (0.2522729031043127, 0.2511779014021158), 'latlon': (42.300002316666664, -71.09999701666666), 'heading': 45.2, 'depth': 1.0, 'altitude': 10.0, 'roll': 0.0, 'pitch': 0.0, 'last_fix_time': datetime.datetime(2021, 7, 28, 20, 17, 47), 'speed': None, 'rudder': 0, 'datum': (42.3, -71.1)}
2021-07-28 21:17:49,519 [INFO] Processing: $BFNVG,201747.98,4218.000277,N,07105.999642,W,0,10.0,1.0,45.5,0.0,0.0,201747.98*6F
2021-07-28 21:17:49,521 [INFO] Interpreted as: {'position': (0.5045001142425463, 0.500505113042891), 'latlon': (42.30000461666667, -71.09999403333333), 'heading': 45.5, 'depth': 1.0, 'altitude': 10.0, 'roll': 0.0, 'pitch': 0.0, 'last_fix_time': datetime.datetime(2021, 7, 28, 20, 17, 47), 'speed': None, 'rudder': 0, 'datum': (42.3, -71.1)}
2021-07-28 21:17:49,523 [INFO] Processing: $BFNVG,201748.32,4218.000414,N,07105.999462,W,0,10.0,1.0,45.7,0.0,0.0,201748.32*6E
2021-07-28 21:17:49,525 [INFO] Interpreted as: {'position': (0.7580555154709145, 0.7479477310553193), 'latlon': (42.3000069, -71.09999103333334), 'heading': 45.7, 'depth': 1.0, 'altitude': 10.0, 'roll': 0.0, 'pitch': 0.0, 'last_fix_time': datetime.datetime(2021, 7, 28, 20, 17, 48), 'speed': None, 'rudder': 0, 'datum': (42.3, -71.1)}
2021-07-28 21:17:49,526 [INFO] Received from Frontseat: [b'$BFNVG,201746.94,4218.000000,N,07106.000000,W,0,10.0,1.0,45.0,0.0,0.0,201746.94*62', b'$BFNVG,201747.29,4218.000000,N,07106.000000,W,0,10.0,1.0,45.0,0.0,0.0,201747.29*62', b'$BFNVG,201747.63,4218.000139,N,07105.999821,W,0,10.0,1.0,45.2,0.0,0.0,201747.63*6A', b'$BFNVG,201747.98,4218.000277,N,07105.999642,W,0,10.0,1.0,45.5,0.0,0.0,201747.98*6F', b'$BFNVG,201748.32,4218.000414,N,07105.999462,W,0,10.0,1.0,45.7,0.0,0.0,201748.32*6E']
2021-07-28 21:17:49,528 [INFO] AUV state: {'position': (0.7580555154709145, 0.7479477310553193), 'latlon': (42.3000069, -71.09999103333334), 'heading': 45.7, 'depth': 1.0, 'altitude': 10.0, 'roll': 0.0, 'pitch': 0.0, 'last_fix_time': datetime.datetime(2021, 7, 28, 20, 17, 48), 'speed': None, 'rudder': 0, 'datum': (42.3, -71.1)}
2021-07-28 21:17:50,048 [INFO] **** [] [(3.955376567752746, -4.197719898876442), (28.88861351471356, 12.017461080592826), (22.71615279308908, -10.081612977542376), (7.696717377595614, 24.08424805707686)]
2021-07-28 21:17:50,049 [INFO] Next green buoy: [], next red buoy: [(3.955376567752746, -4.197719898876442), (28.88861351471356, 12.017461080592826), (22.71615279308908, -10.081612977542376), (7.696717377595614, 24.08424805707686)]
2021-07-28 21:17:50,050 [INFO] Desired_heading: 49.65537656775275
2021-07-28 21:17:50,050 [INFO] sending message $BPRMB,201748.19,-2.789040365518033,1,0,1000,0,1*43
...
2021-07-28 21:17:51,052 [INFO] sending message $BPSTS,201751.05,1,BWSI Autonomy OK*41
...
2021-07-28 21:17:51,054 [INFO] Processing: $BFNVG,201748.67,4218.000551,N,07105.999282,W,0,10.0,1.0,45.9,0.0,0.0,201748.67*68
2021-07-28 21:17:51,056 [INFO] Interpreted as: {'position': (1.0116109010996297, 0.9953903574496508), 'latlon': (42.30000918333333, -71.09998803333333), 'heading': 45.9, 'depth': 1.0, 'altitude': 10.0, 'roll': 0.0, 'pitch': 0.0, 'last_fix_time': datetime.datetime(2021, 7, 28, 20, 17, 48), 'speed': None, 'rudder': 0, 'datum': (42.3, -71.1)}
2021-07-28 21:17:51,057 [INFO] Processing: $BFNVG,201749.02,4218.000691,N,07105.999095,W,0,10.0,1.0,46.2,0.0,0.0,201749.02*6B
2021-07-28 21:17:51,060 [INFO] Interpreted as: {'position': (1.2749204391730018, 1.2481477493420243), 'latlon': (42.300011516666665, -71.09998491666667), 'heading': 46.2, 'depth': 1.0, 'altitude': 10.0, 'roll': 0.0, 'pitch': 0.0, 'last_fix_time': datetime.datetime(2021, 7, 28, 20, 17, 49), 'speed': None, 'rudder': 0, 'datum': (42.3, -71.1)}
2021-07-28 21:17:51,061 [INFO] Processing: $BFNVG,201749.37,4218.000830,N,07105.998908,W,0,10.0,1.0,46.4,0.0,0.0,201749.37*64
2021-07-28 21:17:51,063 [INFO] Interpreted as: {'position': (1.5381842888891697, 1.4990544570609927), 'latlon': (42.30001383333333, -71.0999818), 'heading': 46.4, 'depth': 1.0, 'altitude': 10.0, 'roll': 0.0, 'pitch': 0.0, 'last_fix_time': datetime.datetime(2021, 7, 28, 20, 17, 49), 'speed': None, 'rudder': 0, 'datum': (42.3, -71.1)}
2021-07-28 21:17:51,065 [INFO] Processing: $BFNVG,201749.72,4218.000964,N,07105.998726,W,0,10.0,1.0,46.7,0.0,0.0,201749.72*65
2021-07-28 21:17:51,067 [INFO] Interpreted as: {'position': (1.7943503624410369, 1.7408772110939026), 'latlon': (42.300016066666664, -71.09997876666667), 'heading': 46.7, 'depth': 1.0, 'altitude': 10.0, 'roll': 0.0, 'pitch': 0.0, 'last_fix_time': datetime.datetime(2021, 7, 28, 20, 17, 49), 'speed': None, 'rudder': 0, 'datum': (42.3, -71.1)}
2021-07-28 21:17:51,068 [INFO] Received from Frontseat: [b'$BFNVG,201748.67,4218.000551,N,07105.999282,W,0,10.0,1.0,45.9,0.0,0.0,201748.67*68', b'$BFNVG,201749.02,4218.000691,N,07105.999095,W,0,10.0,1.0,46.2,0.0,0.0,201749.02*6B', b'$BFNVG,201749.37,4218.000830,N,07105.998908,W,0,10.0,1.0,46.4,0.0,0.0,201749.37*64', b'$BFNVG,201749.72,4218.000964,N,07105.998726,W,0,10.0,1.0,46.7,0.0,0.0,201749.72*65']
2021-07-28 21:17:51,070 [INFO] AUV state: {'position': (1.7943503624410369, 1.7408772110939026), 'latlon': (42.300016066666664, -71.09997876666667), 'heading': 46.7, 'depth': 1.0, 'altitude': 10.0, 'roll': 0.0, 'pitch': 0.0, 'last_fix_time': datetime.datetime(2021, 7, 28, 20, 17, 49), 'speed': None, 'rudder': 0, 'datum': (42.3, -71.1)}
2021-07-28 21:17:51,582 [INFO] **** [] [(9.372324565690114, 2.909773802284624), (-2.7541901409214122, -13.093979002259326), (28.887333106007503, 12.065925731501785), (7.7160566500642895, 24.103281443757428), (22.731519577810076, -10.061409570650763)]
2021-07-28 21:17:51,583 [INFO] Next green buoy: [], next red buoy: [(9.372324565690114, 2.909773802284624), (-2.7541901409214122, -13.093979002259326), (28.887333106007503, 12.065925731501785), (7.7160566500642895, 24.103281443757428), (22.731519577810076, -10.061409570650763)]
2021-07-28 21:17:51,584 [INFO] Desired_heading: 56.07232456569012
2021-07-28 21:17:51,585 [INFO] sending message $BPRMB,201753.91,-8.199344883112891,1,0,1000,0,1*4e
...
2021-07-28 21:17:52,587 [INFO] sending message $BPSTS,201752.58,1,BWSI Autonomy OK*4a
...
2021-07-28 21:17:52,588 [INFO] Processing: $BFNVG,201750.06,4218.001098,N,07105.998544,W,0,10.0,1.0,46.9,0.0,0.0,201750.06*66
2021-07-28 21:17:52,591 [INFO] Interpreted as: {'position': (2.050516420567874, 1.982699972577393), 'latlon': (42.3000183, -71.09997573333334), 'heading': 46.9, 'depth': 1.0, 'altitude': 10.0, 'roll': 0.0, 'pitch': 0.0, 'last_fix_time': datetime.datetime(2021, 7, 28, 20, 17, 50), 'speed': None, 'rudder': 0, 'datum': (42.3, -71.1)}
2021-07-28 21:17:52,592 [INFO] Processing: $BFNVG,201750.40,4218.001232,N,07105.998360,W,0,10.0,1.0,47.2,0.0,0.0,201750.40*6E
2021-07-28 21:17:52,594 [INFO] Interpreted as: {'position': (2.309430219931528, 2.2244549337774515), 'latlon': (42.30002053333333, -71.09997266666667), 'heading': 47.2, 'depth': 1.0, 'altitude': 10.0, 'roll': 0.0, 'pitch': 0.0, 'last_fix_time': datetime.datetime(2021, 7, 28, 20, 17, 50), 'speed': None, 'rudder': 0, 'datum': (42.3, -71.1)}
2021-07-28 21:17:52,595 [INFO] Processing: $BFNVG,201750.75,4218.001364,N,07105.998176,W,0,10.0,1.0,47.4,0.0,0.0,201750.75*6F
2021-07-28 21:17:52,598 [INFO] Interpreted as: {'position': (2.5682526567252353, 2.4625085098668933), 'latlon': (42.300022733333336, -71.0999696), 'heading': 47.4, 'depth': 1.0, 'altitude': 10.0, 'roll': 0.0, 'pitch': 0.0, 'last_fix_time': datetime.datetime(2021, 7, 28, 20, 17, 50), 'speed': None, 'rudder': 0, 'datum': (42.3, -71.1)}
2021-07-28 21:17:52,599 [INFO] Processing: $BFNVG,201751.09,4218.001497,N,07105.997989,W,0,10.0,1.0,47.7,0.0,0.0,201751.09*60
2021-07-28 21:17:52,601 [INFO] Interpreted as: {'position': (2.831242387299426, 2.7023110799491405), 'latlon': (42.30002495, -71.09996648333333), 'heading': 47.7, 'depth': 1.0, 'altitude': 10.0, 'roll': 0.0, 'pitch': 0.0, 'last_fix_time': datetime.datetime(2021, 7, 28, 20, 17, 51), 'speed': None, 'rudder': 0, 'datum': (42.3, -71.1)}
2021-07-28 21:17:52,602 [INFO] Processing: $BFNVG,201751.44,4218.001629,N,07105.997803,W,0,10.0,1.0,47.9,0.0,0.0,201751.44*6A
2021-07-28 21:17:52,604 [INFO] Interpreted as: {'position': (3.092812549439259, 2.940296865068376), 'latlon': (42.30002715, -71.09996338333333), 'heading': 47.9, 'depth': 1.0, 'altitude': 10.0, 'roll': 0.0, 'pitch': 0.0, 'last_fix_time': datetime.datetime(2021, 7, 28, 20, 17, 51), 'speed': None, 'rudder': 0, 'datum': (42.3, -71.1)}
2021-07-28 21:17:52,606 [INFO] Received from Frontseat: [b'$BFNVG,201750.06,4218.001098,N,07105.998544,W,0,10.0,1.0,46.9,0.0,0.0,201750.06*66', b'$BFNVG,201750.40,4218.001232,N,07105.998360,W,0,10.0,1.0,47.2,0.0,0.0,201750.40*6E', b'$BFNVG,201750.75,4218.001364,N,07105.998176,W,0,10.0,1.0,47.4,0.0,0.0,201750.75*6F', b'$BFNVG,201751.09,4218.001497,N,07105.997989,W,0,10.0,1.0,47.7,0.0,0.0,201751.09*60', b'$BFNVG,201751.44,4218.001629,N,07105.997803,W,0,10.0,1.0,47.9,0.0,0.0,201751.44*6A']
2021-07-28 21:17:52,607 [INFO] AUV state: {'position': (3.092812549439259, 2.940296865068376), 'latlon': (42.30002715, -71.09996338333333), 'heading': 47.9, 'depth': 1.0, 'altitude': 10.0, 'roll': 0.0, 'pitch': 0.0, 'last_fix_time': datetime.datetime(2021, 7, 28, 20, 17, 51), 'speed': None, 'rudder': 0, 'datum': (42.3, -71.1)}
2021-07-28 21:17:53,116 [INFO] **** [] [(3.7882341922437908, -4.118505645591216), (28.87949232932722, 12.109770819169652), (22.734812011098214, -10.107873619082474), (7.696717377595614, 24.08424805707686)]
2021-07-28 21:17:53,117 [INFO] Next green buoy: [], next red buoy: [(3.7882341922437908, -4.118505645591216), (28.87949232932722, 12.109770819169652), (22.734812011098214, -10.107873619082474), (7.696717377595614, 24.08424805707686)]
2021-07-28 21:17:53,118 [INFO] Desired_heading: 51.68823419224379
2021-07-28 21:17:53,118 [INFO] sending message $BPRMB,201751.26,-2.6425062849590923,1,0,1000,0,1*79
...
2021-07-28 21:17:54,120 [INFO] sending message $BPSTS,201754.12,1,BWSI Autonomy OK*42
...
2021-07-28 21:17:54,122 [INFO] Processing: $BFNVG,201751.78,4218.001760,N,07105.997616,W,0,10.0,1.0,48.1,0.0,0.0,201751.78*6B
2021-07-28 21:17:54,124 [INFO] Interpreted as: {'position': (3.355710899864789, 3.17639805842191), 'latlon': (42.300029333333335, -71.09996026666667), 'heading': 48.1, 'depth': 1.0, 'altitude': 10.0, 'roll': 0.0, 'pitch': 0.0, 'last_fix_time': datetime.datetime(2021, 7, 28, 20, 17, 51), 'speed': None, 'rudder': 0, 'datum': (42.3, -71.1)}
2021-07-28 21:17:54,125 [INFO] Processing: $BFNVG,201752.13,4218.001893,N,07105.997424,W,0,10.0,1.0,48.9,0.0,0.0,201752.13*63
2021-07-28 21:17:54,128 [INFO] Interpreted as: {'position': (3.6255699727335013, 3.416031134314835), 'latlon': (42.30003155, -71.09995706666666), 'heading': 48.9, 'depth': 1.0, 'altitude': 10.0, 'roll': 0.0, 'pitch': 0.0, 'last_fix_time': datetime.datetime(2021, 7, 28, 20, 17, 52), 'speed': None, 'rudder': 0, 'datum': (42.3, -71.1)}
2021-07-28 21:17:54,128 [INFO] Processing: $BFNVG,201752.48,4218.002022,N,07105.997232,W,0,10.0,1.0,49.6,0.0,0.0,201752.48*6D
2021-07-28 21:17:54,131 [INFO] Interpreted as: {'position': (3.8952463428722695, 3.648261430673301), 'latlon': (42.3000337, -71.09995386666667), 'heading': 49.6, 'depth': 1.0, 'altitude': 10.0, 'roll': 0.0, 'pitch': 0.0, 'last_fix_time': datetime.datetime(2021, 7, 28, 20, 17, 52), 'speed': None, 'rudder': 0, 'datum': (42.3, -71.1)}
2021-07-28 21:17:54,132 [INFO] Processing: $BFNVG,201752.82,4218.002149,N,07105.997039,W,0,10.0,1.0,50.3,0.0,0.0,201752.82*65
2021-07-28 21:17:54,134 [INFO] Interpreted as: {'position': (4.166205229994375, 3.876756438985467), 'latlon': (42.300035816666664, -71.09995065), 'heading': 50.3, 'depth': 1.0, 'altitude': 10.0, 'roll': 0.0, 'pitch': 0.0, 'last_fix_time': datetime.datetime(2021, 7, 28, 20, 17, 52), 'speed': None, 'rudder': 0, 'datum': (42.3, -71.1)}
2021-07-28 21:17:54,135 [INFO] Received from Frontseat: [b'$BFNVG,201751.78,4218.001760,N,07105.997616,W,0,10.0,1.0,48.1,0.0,0.0,201751.78*6B', b'$BFNVG,201752.13,4218.001893,N,07105.997424,W,0,10.0,1.0,48.9,0.0,0.0,201752.13*63', b'$BFNVG,201752.48,4218.002022,N,07105.997232,W,0,10.0,1.0,49.6,0.0,0.0,201752.48*6D', b'$BFNVG,201752.82,4218.002149,N,07105.997039,W,0,10.0,1.0,50.3,0.0,0.0,201752.82*65']
2021-07-28 21:17:54,136 [INFO] AUV state: {'position': (4.166205229994375, 3.876756438985467), 'latlon': (42.300035816666664, -71.09995065), 'heading': 50.3, 'depth': 1.0, 'altitude': 10.0, 'roll': 0.0, 'pitch': 0.0, 'last_fix_time': datetime.datetime(2021, 7, 28, 20, 17, 52), 'speed': None, 'rudder': 0, 'datum': (42.3, -71.1)}
2021-07-28 21:17:54,640 [INFO] **** [] [(3.73082320211933, -4.124411361852791), (28.883121364026184, 12.063090654522066), (22.734812011098214, -10.104122361322302), (7.696717377595614, 24.087161697074446)]
2021-07-28 21:17:54,642 [INFO] Next green buoy: [], next red buoy: [(3.73082320211933, -4.124411361852791), (28.883121364026184, 12.063090654522066), (22.734812011098214, -10.104122361322302), (7.696717377595614, 24.087161697074446)]
2021-07-28 21:17:54,642 [INFO] Desired_heading: 54.03082320211933
2021-07-28 21:17:54,643 [INFO] sending message $BPRMB,201756.98,-2.5925422372876907,1,0,1000,0,1*75
...
2021-07-28 21:17:55,644 [INFO] sending message $BPSTS,201755.64,1,BWSI Autonomy OK*42
...
2021-07-28 21:17:55,645 [INFO] Processing: $BFNVG,201753.17,4218.002276,N,07105.996840,W,0,10.0,1.0,51.0,0.0,0.0,201753.17*6F
2021-07-28 21:17:55,647 [INFO] Interpreted as: {'position': (4.445407375576906, 4.105048032477498), 'latlon': (42.300037933333336, -71.09994733333333), 'heading': 51.0, 'depth': 1.0, 'altitude': 10.0, 'roll': 0.0, 'pitch': 0.0, 'last_fix_time': datetime.datetime(2021, 7, 28, 20, 17, 53), 'speed': None, 'rudder': 0, 'datum': (42.3, -71.1)}
2021-07-28 21:17:55,648 [INFO] Processing: $BFNVG,201753.51,4218.002400,N,07105.996644,W,0,10.0,1.0,51.2,0.0,0.0,201753.51*60
2021-07-28 21:17:55,650 [INFO] Interpreted as: {'position': (4.720350853400305, 4.327889257110655), 'latlon': (42.30004, -71.09994406666667), 'heading': 51.2, 'depth': 1.0, 'altitude': 10.0, 'roll': 0.0, 'pitch': 0.0, 'last_fix_time': datetime.datetime(2021, 7, 28, 20, 17, 53), 'speed': None, 'rudder': 0, 'datum': (42.3, -71.1)}
2021-07-28 21:17:55,651 [INFO] Processing: $BFNVG,201753.86,4218.002525,N,07105.996444,W,0,10.0,1.0,51.4,0.0,0.0,201753.86*62
2021-07-28 21:17:55,653 [INFO] Interpreted as: {'position': (5.000835500191897, 4.552445573732257), 'latlon': (42.30004208333333, -71.09994073333333), 'heading': 51.4, 'depth': 1.0, 'altitude': 10.0, 'roll': 0.0, 'pitch': 0.0, 'last_fix_time': datetime.datetime(2021, 7, 28, 20, 17, 53), 'speed': None, 'rudder': 0, 'datum': (42.3, -71.1)}
2021-07-28 21:17:55,653 [INFO] Processing: $BFNVG,201754.23,4218.002655,N,07105.996235,W,0,10.0,1.0,51.7,0.0,0.0,201754.23*65
2021-07-28 21:17:55,655 [INFO] Interpreted as: {'position': (5.293913392350078, 4.785950249992311), 'latlon': (42.30004425, -71.09993725), 'heading': 51.7, 'depth': 1.0, 'altitude': 10.0, 'roll': 0.0, 'pitch': 0.0, 'last_fix_time': datetime.datetime(2021, 7, 28, 20, 17, 54), 'speed': None, 'rudder': 0, 'datum': (42.3, -71.1)}
2021-07-28 21:17:55,656 [INFO] Processing: $BFNVG,201754.58,4218.002778,N,07105.996033,W,0,10.0,1.0,51.9,0.0,0.0,201754.58*61
2021-07-28 21:17:55,657 [INFO] Interpreted as: {'position': (5.577054416527972, 5.006737385876477), 'latlon': (42.3000463, -71.09993388333334), 'heading': 51.9, 'depth': 1.0, 'altitude': 10.0, 'roll': 0.0, 'pitch': 0.0, 'last_fix_time': datetime.datetime(2021, 7, 28, 20, 17, 54), 'speed': None, 'rudder': 0, 'datum': (42.3, -71.1)}
2021-07-28 21:17:55,658 [INFO] Received from Frontseat: [b'$BFNVG,201753.17,4218.002276,N,07105.996840,W,0,10.0,1.0,51.0,0.0,0.0,201753.17*6F', b'$BFNVG,201753.51,4218.002400,N,07105.996644,W,0,10.0,1.0,51.2,0.0,0.0,201753.51*60', b'$BFNVG,201753.86,4218.002525,N,07105.996444,W,0,10.0,1.0,51.4,0.0,0.0,201753.86*62', b'$BFNVG,201754.23,4218.002655,N,07105.996235,W,0,10.0,1.0,51.7,0.0,0.0,201754.23*65', b'$BFNVG,201754.58,4218.002778,N,07105.996033,W,0,10.0,1.0,51.9,0.0,0.0,201754.58*61']
2021-07-28 21:17:55,659 [INFO] AUV state: {'position': (5.577054416527972, 5.006737385876477), 'latlon': (42.3000463, -71.09993388333334), 'heading': 51.9, 'depth': 1.0, 'altitude': 10.0, 'roll': 0.0, 'pitch': 0.0, 'last_fix_time': datetime.datetime(2021, 7, 28, 20, 17, 54), 'speed': None, 'rudder': 0, 'datum': (42.3, -71.1)}
2021-07-28 21:17:56,204 [INFO] **** [] [(3.7207150712420876, -4.064878541884125), (28.88074195838302, 11.986363760062172), (22.734812011098214, -10.100371016027006), (7.7160566500642895, 24.097261290080677)]
2021-07-28 21:17:56,205 [INFO] Next green buoy: [], next red buoy: [(3.7207150712420876, -4.064878541884125), (28.88074195838302, 11.986363760062172), (22.734812011098214, -10.100371016027006), (7.7160566500642895, 24.097261290080677)]
2021-07-28 21:17:56,206 [INFO] Desired_heading: 55.62071507124209
2021-07-28 21:17:56,206 [INFO] sending message $BPRMB,201754.30,-2.583765060740861,1,0,1000,0,1*4b
...
2021-07-28 21:17:57,208 [INFO] sending message $BPSTS,201757.20,1,BWSI Autonomy OK*40
...
2021-07-28 21:17:57,209 [INFO] Processing: $BFNVG,201754.92,4218.002901,N,07105.995833,W,0,10.0,1.0,52.1,0.0,0.0,201754.92*61
2021-07-28 21:17:57,211 [INFO] Interpreted as: {'position': (5.857447669492103, 5.227592341601849), 'latlon': (42.30004835, -71.09993055), 'heading': 52.1, 'depth': 1.0, 'altitude': 10.0, 'roll': 0.0, 'pitch': 0.0, 'last_fix_time': datetime.datetime(2021, 7, 28, 20, 17, 54), 'speed': None, 'rudder': 0, 'datum': (42.3, -71.1)}
2021-07-28 21:17:57,212 [INFO] Processing: $BFNVG,201755.28,4218.003025,N,07105.995627,W,0,10.0,1.0,52.4,0.0,0.0,201755.28*61
2021-07-28 21:17:57,214 [INFO] Interpreted as: {'position': (6.146129843429662, 5.45009458065033), 'latlon': (42.300050416666664, -71.09992711666666), 'heading': 52.4, 'depth': 1.0, 'altitude': 10.0, 'roll': 0.0, 'pitch': 0.0, 'last_fix_time': datetime.datetime(2021, 7, 28, 20, 17, 55), 'speed': None, 'rudder': 0, 'datum': (42.3, -71.1)}
2021-07-28 21:17:57,215 [INFO] Processing: $BFNVG,201755.64,4218.003150,N,07105.995418,W,0,10.0,1.0,52.6,0.0,0.0,201755.64*6E
2021-07-28 21:17:57,217 [INFO] Interpreted as: {'position': (6.438979307480622, 5.674345816485584), 'latlon': (42.3000525, -71.09992363333333), 'heading': 52.6, 'depth': 1.0, 'altitude': 10.0, 'roll': 0.0, 'pitch': 0.0, 'last_fix_time': datetime.datetime(2021, 7, 28, 20, 17, 55), 'speed': None, 'rudder': 0, 'datum': (42.3, -71.1)}
2021-07-28 21:17:57,218 [INFO] Processing: $BFNVG,201755.99,4218.003273,N,07105.995211,W,0,10.0,1.0,52.8,0.0,0.0,201755.99*6D
2021-07-28 21:17:57,220 [INFO] Interpreted as: {'position': (6.728989654802717, 5.894963478669524), 'latlon': (42.30005455, -71.09992018333334), 'heading': 52.8, 'depth': 1.0, 'altitude': 10.0, 'roll': 0.0, 'pitch': 0.0, 'last_fix_time': datetime.datetime(2021, 7, 28, 20, 17, 55), 'speed': None, 'rudder': 0, 'datum': (42.3, -71.1)}
2021-07-28 21:17:57,221 [INFO] Received from Frontseat: [b'$BFNVG,201754.92,4218.002901,N,07105.995833,W,0,10.0,1.0,52.1,0.0,0.0,201754.92*61', b'$BFNVG,201755.28,4218.003025,N,07105.995627,W,0,10.0,1.0,52.4,0.0,0.0,201755.28*61', b'$BFNVG,201755.64,4218.003150,N,07105.995418,W,0,10.0,1.0,52.6,0.0,0.0,201755.64*6E', b'$BFNVG,201755.99,4218.003273,N,07105.995211,W,0,10.0,1.0,52.8,0.0,0.0,201755.99*6D']
2021-07-28 21:17:57,222 [INFO] AUV state: {'position': (6.728989654802717, 5.894963478669524), 'latlon': (42.30005455, -71.09992018333334), 'heading': 52.8, 'depth': 1.0, 'altitude': 10.0, 'roll': 0.0, 'pitch': 0.0, 'last_fix_time': datetime.datetime(2021, 7, 28, 20, 17, 55), 'speed': None, 'rudder': 0, 'datum': (42.3, -71.1)}
2021-07-28 21:17:57,747 [INFO] **** [] [(3.963645044226131, -4.20256143589608), (28.889459224017678, 12.083033907336096), (7.7160566500642895, 24.103281443757428), (22.731519577810076, -10.061409570650763)]
2021-07-28 21:17:57,748 [INFO] Next green buoy: [], next red buoy: [(3.963645044226131, -4.20256143589608), (28.889459224017678, 12.083033907336096), (7.7160566500642895, 24.103281443757428), (22.731519577810076, -10.061409570650763)]
2021-07-28 21:17:57,749 [INFO] Desired_heading: 56.76364504422613
2021-07-28 21:17:57,749 [INFO] sending message $BPRMB,201800.10,-2.7963301700056804,1,0,1000,0,1*76
...
2021-07-28 21:17:58,751 [INFO] sending message $BPSTS,201758.75,1,BWSI Autonomy OK*4f
...
2021-07-28 21:17:58,752 [INFO] Processing: $BFNVG,201756.36,4218.003401,N,07105.994994,W,0,10.0,1.0,53.1,0.0,0.0,201756.36*61
2021-07-28 21:17:58,754 [INFO] Interpreted as: {'position': (7.0329671209910884, 6.124495600350201), 'latlon': (42.30005668333333, -71.09991656666666), 'heading': 53.1, 'depth': 1.0, 'altitude': 10.0, 'roll': 0.0, 'pitch': 0.0, 'last_fix_time': datetime.datetime(2021, 7, 28, 20, 17, 56), 'speed': None, 'rudder': 0, 'datum': (42.3, -71.1)}
2021-07-28 21:17:58,755 [INFO] Processing: $BFNVG,201756.73,4218.003529,N,07105.994776,W,0,10.0,1.0,53.3,0.0,0.0,201756.73*6A
2021-07-28 21:17:58,757 [INFO] Interpreted as: {'position': (7.3383184457197785, 6.353993830271065), 'latlon': (42.30005881666666, -71.09991293333333), 'heading': 53.3, 'depth': 1.0, 'altitude': 10.0, 'roll': 0.0, 'pitch': 0.0, 'last_fix_time': datetime.datetime(2021, 7, 28, 20, 17, 56), 'speed': None, 'rudder': 0, 'datum': (42.3, -71.1)}
2021-07-28 21:17:58,758 [INFO] Processing: $BFNVG,201757.09,4218.003650,N,07105.994567,W,0,10.0,1.0,53.5,0.0,0.0,201757.09*63
2021-07-28 21:17:58,760 [INFO] Interpreted as: {'position': (7.630985153024085, 6.5708423256874084), 'latlon': (42.30006083333333, -71.09990945), 'heading': 53.5, 'depth': 1.0, 'altitude': 10.0, 'roll': 0.0, 'pitch': 0.0, 'last_fix_time': datetime.datetime(2021, 7, 28, 20, 17, 57), 'speed': None, 'rudder': 0, 'datum': (42.3, -71.1)}
2021-07-28 21:17:58,761 [INFO] Processing: $BFNVG,201757.44,4218.003771,N,07105.994356,W,0,10.0,1.0,53.8,0.0,0.0,201757.44*68
2021-07-28 21:17:58,763 [INFO] Interpreted as: {'position': (7.9263995989458635, 6.7876230282709), 'latlon': (42.30006285, -71.09990593333333), 'heading': 53.8, 'depth': 1.0, 'altitude': 10.0, 'roll': 0.0, 'pitch': 0.0, 'last_fix_time': datetime.datetime(2021, 7, 28, 20, 17, 57), 'speed': None, 'rudder': 0, 'datum': (42.3, -71.1)}
2021-07-28 21:17:58,764 [INFO] Received from Frontseat: [b'$BFNVG,201756.36,4218.003401,N,07105.994994,W,0,10.0,1.0,53.1,0.0,0.0,201756.36*61', b'$BFNVG,201756.73,4218.003529,N,07105.994776,W,0,10.0,1.0,53.3,0.0,0.0,201756.73*6A', b'$BFNVG,201757.09,4218.003650,N,07105.994567,W,0,10.0,1.0,53.5,0.0,0.0,201757.09*63', b'$BFNVG,201757.44,4218.003771,N,07105.994356,W,0,10.0,1.0,53.8,0.0,0.0,201757.44*68']
2021-07-28 21:17:58,765 [INFO] AUV state: {'position': (7.9263995989458635, 6.7876230282709), 'latlon': (42.30006285, -71.09990593333333), 'heading': 53.8, 'depth': 1.0, 'altitude': 10.0, 'roll': 0.0, 'pitch': 0.0, 'last_fix_time': datetime.datetime(2021, 7, 28, 20, 17, 57), 'speed': None, 'rudder': 0, 'datum': (42.3, -71.1)}
2021-07-28 21:17:59,281 [INFO] **** [] [(3.7763583186066603, -4.2046344493161785), (28.898627016591096, 12.057586211523278), (7.6932841861106604, 24.087161697074446), (22.73506526863039, -10.061409570650763), (22.83022356682194, -2.0891042055632907)]
2021-07-28 21:17:59,282 [INFO] Next green buoy: [], next red buoy: [(3.7763583186066603, -4.2046344493161785), (28.898627016591096, 12.057586211523278), (7.6932841861106604, 24.087161697074446), (22.73506526863039, -10.061409570650763), (22.83022356682194, -2.0891042055632907)]
2021-07-28 21:17:59,282 [INFO] Desired_heading: 57.57635831860666
2021-07-28 21:17:59,283 [INFO] sending message $BPRMB,201757.39,-2.6321552342180348,1,0,1000,0,1*76
...
2021-07-28 21:18:00,285 [INFO] sending message $BPSTS,201800.28,1,BWSI Autonomy OK*45
...
2021-07-28 21:18:00,286 [INFO] Processing: $BFNVG,201757.80,4218.003892,N,07105.994145,W,0,10.0,1.0,54.0,0.0,0.0,201757.80*65
2021-07-28 21:18:00,288 [INFO] Interpreted as: {'position': (8.221814026474021, 7.004403739236295), 'latlon': (42.300064866666666, -71.09990241666667), 'heading': 54.0, 'depth': 1.0, 'altitude': 10.0, 'roll': 0.0, 'pitch': 0.0, 'last_fix_time': datetime.datetime(2021, 7, 28, 20, 17, 57), 'speed': None, 'rudder': 0, 'datum': (42.3, -71.1)}
2021-07-28 21:18:00,289 [INFO] Processing: $BFNVG,201758.16,4218.004012,N,07105.993932,W,0,10.0,1.0,54.3,0.0,0.0,201758.16*6E
2021-07-28 21:18:00,291 [INFO] Interpreted as: {'position': (8.519930522423238, 7.219265960156918), 'latlon': (42.30006686666667, -71.09989886666666), 'heading': 54.3, 'depth': 1.0, 'altitude': 10.0, 'roll': 0.0, 'pitch': 0.0, 'last_fix_time': datetime.datetime(2021, 7, 28, 20, 17, 58), 'speed': None, 'rudder': 0, 'datum': (42.3, -71.1)}
2021-07-28 21:18:00,292 [INFO] Processing: $BFNVG,201758.53,4218.004137,N,07105.993708,W,0,10.0,1.0,54.5,0.0,0.0,201758.53*69
2021-07-28 21:18:00,294 [INFO] Interpreted as: {'position': (8.833388010505587, 7.443008741363883), 'latlon': (42.30006895, -71.09989513333333), 'heading': 54.5, 'depth': 1.0, 'altitude': 10.0, 'roll': 0.0, 'pitch': 0.0, 'last_fix_time': datetime.datetime(2021, 7, 28, 20, 17, 58), 'speed': None, 'rudder': 0, 'datum': (42.3, -71.1)}
2021-07-28 21:18:00,295 [INFO] Processing: $BFNVG,201758.90,4218.004261,N,07105.993484,W,0,10.0,1.0,54.8,0.0,0.0,201758.90*63
2021-07-28 21:18:00,297 [INFO] Interpreted as: {'position': (9.146799808717333, 7.664900839328766), 'latlon': (42.300071016666664, -71.0998914), 'heading': 54.8, 'depth': 1.0, 'altitude': 10.0, 'roll': 0.0, 'pitch': 0.0, 'last_fix_time': datetime.datetime(2021, 7, 28, 20, 17, 58), 'speed': None, 'rudder': 0, 'datum': (42.3, -71.1)}
2021-07-28 21:18:00,298 [INFO] Processing: $BFNVG,201759.28,4218.004384,N,07105.993260,W,0,10.0,1.0,55.0,0.0,0.0,201759.28*6C
2021-07-28 21:18:00,300 [INFO] Interpreted as: {'position': (9.460165919270366, 7.884942254051566), 'latlon': (42.30007306666667, -71.09988766666666), 'heading': 55.0, 'depth': 1.0, 'altitude': 10.0, 'roll': 0.0, 'pitch': 0.0, 'last_fix_time': datetime.datetime(2021, 7, 28, 20, 17, 59), 'speed': None, 'rudder': 0, 'datum': (42.3, -71.1)}
2021-07-28 21:18:00,300 [INFO] Received from Frontseat: [b'$BFNVG,201757.80,4218.003892,N,07105.994145,W,0,10.0,1.0,54.0,0.0,0.0,201757.80*65', b'$BFNVG,201758.16,4218.004012,N,07105.993932,W,0,10.0,1.0,54.3,0.0,0.0,201758.16*6E', b'$BFNVG,201758.53,4218.004137,N,07105.993708,W,0,10.0,1.0,54.5,0.0,0.0,201758.53*69', b'$BFNVG,201758.90,4218.004261,N,07105.993484,W,0,10.0,1.0,54.8,0.0,0.0,201758.90*63', b'$BFNVG,201759.28,4218.004384,N,07105.993260,W,0,10.0,1.0,55.0,0.0,0.0,201759.28*6C']
2021-07-28 21:18:00,301 [INFO] AUV state: {'position': (9.460165919270366, 7.884942254051566), 'latlon': (42.30007306666667, -71.09988766666666), 'heading': 55.0, 'depth': 1.0, 'altitude': 10.0, 'roll': 0.0, 'pitch': 0.0, 'last_fix_time': datetime.datetime(2021, 7, 28, 20, 17, 59), 'speed': None, 'rudder': 0, 'datum': (42.3, -71.1)}
2021-07-28 21:18:00,841 [INFO] **** [] [(3.90196803011687, -4.185982134612456), (28.87379052885018, 12.104288157687314), (22.734812011098214, -10.096619583225694), (7.696717377595614, 24.08424805707686)]
2021-07-28 21:18:00,843 [INFO] Next green buoy: [], next red buoy: [(3.90196803011687, -4.185982134612456), (28.87379052885018, 12.104288157687314), (22.734812011098214, -10.096619583225694), (7.696717377595614, 24.08424805707686)]
2021-07-28 21:18:00,843 [INFO] Desired_heading: 58.90196803011687
2021-07-28 21:18:00,844 [INFO] sending message $BPRMB,201803.17,-2.7420453791148263,1,0,1000,0,1*75
...
2021-07-28 21:18:01,845 [INFO] sending message $BPSTS,201801.84,1,BWSI Autonomy OK*42
...
2021-07-28 21:18:01,846 [INFO] Processing: $BFNVG,201759.65,4218.004506,N,07105.993036,W,0,10.0,1.0,55.3,0.0,0.0,201759.65*62
2021-07-28 21:18:01,848 [INFO] Interpreted as: {'position': (9.773486338264775, 8.103132985532284), 'latlon': (42.3000751, -71.09988393333333), 'heading': 55.3, 'depth': 1.0, 'altitude': 10.0, 'roll': 0.0, 'pitch': 0.0, 'last_fix_time': datetime.datetime(2021, 7, 28, 20, 17, 59), 'speed': None, 'rudder': 0, 'datum': (42.3, -71.1)}
2021-07-28 21:18:01,849 [INFO] Processing: $BFNVG,201800.02,4218.004628,N,07105.992811,W,0,10.0,1.0,55.5,0.0,0.0,201800.02*67
2021-07-28 21:18:01,851 [INFO] Interpreted as: {'position': (10.088180615683086, 8.321289824321866), 'latlon': (42.30007713333333, -71.09988018333334), 'heading': 55.5, 'depth': 1.0, 'altitude': 10.0, 'roll': 0.0, 'pitch': 0.0, 'last_fix_time': datetime.datetime(2021, 7, 28, 20, 18), 'speed': None, 'rudder': 0, 'datum': (42.3, -71.1)}
2021-07-28 21:18:01,852 [INFO] Processing: $BFNVG,201800.39,4218.004749,N,07105.992583,W,0,10.0,1.0,55.8,0.0,0.0,201800.39*6A
2021-07-28 21:18:01,854 [INFO] Interpreted as: {'position': (10.406950838165358, 8.53749427292496), 'latlon': (42.30007915, -71.09987638333334), 'heading': 55.8, 'depth': 1.0, 'altitude': 10.0, 'roll': 0.0, 'pitch': 0.0, 'last_fix_time': datetime.datetime(2021, 7, 28, 20, 18), 'speed': None, 'rudder': 0, 'datum': (42.3, -71.1)}
2021-07-28 21:18:01,855 [INFO] Processing: $BFNVG,201800.77,4218.004871,N,07105.992353,W,0,10.0,1.0,56.0,0.0,0.0,201800.77*6E
2021-07-28 21:18:01,857 [INFO] Interpreted as: {'position': (10.728514466085471, 8.755481627769768), 'latlon': (42.30008118333333, -71.09987255), 'heading': 56.0, 'depth': 1.0, 'altitude': 10.0, 'roll': 0.0, 'pitch': 0.0, 'last_fix_time': datetime.datetime(2021, 7, 28, 20, 18), 'speed': None, 'rudder': 0, 'datum': (42.3, -71.1)}
2021-07-28 21:18:01,858 [INFO] Received from Frontseat: [b'$BFNVG,201759.65,4218.004506,N,07105.993036,W,0,10.0,1.0,55.3,0.0,0.0,201759.65*62', b'$BFNVG,201800.02,4218.004628,N,07105.992811,W,0,10.0,1.0,55.5,0.0,0.0,201800.02*67', b'$BFNVG,201800.39,4218.004749,N,07105.992583,W,0,10.0,1.0,55.8,0.0,0.0,201800.39*6A', b'$BFNVG,201800.77,4218.004871,N,07105.992353,W,0,10.0,1.0,56.0,0.0,0.0,201800.77*6E']
2021-07-28 21:18:01,858 [INFO] AUV state: {'position': (10.728514466085471, 8.755481627769768), 'latlon': (42.30008118333333, -71.09987255), 'heading': 56.0, 'depth': 1.0, 'altitude': 10.0, 'roll': 0.0, 'pitch': 0.0, 'last_fix_time': datetime.datetime(2021, 7, 28, 20, 18), 'speed': None, 'rudder': 0, 'datum': (42.3, -71.1)}
2021-07-28 21:18:02,390 [INFO] **** [] [(3.951130965740797, -4.2534780101813805), (28.870511348949318, 12.008064069950912), (22.755357752833675, -10.12507654117178), (7.696717377595614, 24.08424805707686)]
2021-07-28 21:18:02,391 [INFO] Next green buoy: [], next red buoy: [(3.951130965740797, -4.2534780101813805), (28.870511348949318, 12.008064069950912), (22.755357752833675, -10.12507654117178), (7.696717377595614, 24.08424805707686)]
2021-07-28 21:18:02,392 [INFO] Desired_heading: 59.951130965740795
2021-07-28 21:18:02,392 [INFO] sending message $BPRMB,201800.51,-2.7852987602599715,1,0,1000,0,1*7e
...
2021-07-28 21:18:03,394 [INFO] sending message $BPSTS,201803.39,1,BWSI Autonomy OK*46
...
2021-07-28 21:18:03,395 [INFO] Processing: $BFNVG,201801.14,4218.004989,N,07105.992128,W,0,10.0,1.0,56.3,0.0,0.0,201801.14*65
2021-07-28 21:18:03,397 [INFO] Interpreted as: {'position': (11.04302600887604, 8.966235720552504), 'latlon': (42.30008315, -71.0998688), 'heading': 56.3, 'depth': 1.0, 'altitude': 10.0, 'roll': 0.0, 'pitch': 0.0, 'last_fix_time': datetime.datetime(2021, 7, 28, 20, 18, 1), 'speed': None, 'rudder': 0, 'datum': (42.3, -71.1)}
2021-07-28 21:18:03,398 [INFO] Processing: $BFNVG,201801.50,4218.005103,N,07105.991910,W,0,10.0,1.0,56.5,0.0,0.0,201801.50*68
2021-07-28 21:18:03,400 [INFO] Interpreted as: {'position': (11.347737707779743, 9.169824359938502), 'latlon': (42.30008505, -71.09986516666666), 'heading': 56.5, 'depth': 1.0, 'altitude': 10.0, 'roll': 0.0, 'pitch': 0.0, 'last_fix_time': datetime.datetime(2021, 7, 28, 20, 18, 1), 'speed': None, 'rudder': 0, 'datum': (42.3, -71.1)}
2021-07-28 21:18:03,401 [INFO] Processing: $BFNVG,201801.85,4218.005215,N,07105.991692,W,0,10.0,1.0,56.8,0.0,0.0,201801.85*64
2021-07-28 21:18:03,403 [INFO] Interpreted as: {'position': (11.652358050574549, 9.369711616076529), 'latlon': (42.300086916666665, -71.09986153333334), 'heading': 56.8, 'depth': 1.0, 'altitude': 10.0, 'roll': 0.0, 'pitch': 0.0, 'last_fix_time': datetime.datetime(2021, 7, 28, 20, 18, 1), 'speed': None, 'rudder': 0, 'datum': (42.3, -71.1)}
2021-07-28 21:18:03,404 [INFO] Processing: $BFNVG,201802.20,4218.005327,N,07105.991473,W,0,10.0,1.0,57.0,0.0,0.0,201802.20*60
2021-07-28 21:18:03,405 [INFO] Interpreted as: {'position': (11.958352253655903, 9.569564984180033), 'latlon': (42.30008878333334, -71.09985788333333), 'heading': 57.0, 'depth': 1.0, 'altitude': 10.0, 'roll': 0.0, 'pitch': 0.0, 'last_fix_time': datetime.datetime(2021, 7, 28, 20, 18, 2), 'speed': None, 'rudder': 0, 'datum': (42.3, -71.1)}
2021-07-28 21:18:03,407 [INFO] Received from Frontseat: [b'$BFNVG,201801.14,4218.004989,N,07105.992128,W,0,10.0,1.0,56.3,0.0,0.0,201801.14*65', b'$BFNVG,201801.50,4218.005103,N,07105.991910,W,0,10.0,1.0,56.5,0.0,0.0,201801.50*68', b'$BFNVG,201801.85,4218.005215,N,07105.991692,W,0,10.0,1.0,56.8,0.0,0.0,201801.85*64', b'$BFNVG,201802.20,4218.005327,N,07105.991473,W,0,10.0,1.0,57.0,0.0,0.0,201802.20*60']
2021-07-28 21:18:03,408 [INFO] AUV state: {'position': (11.958352253655903, 9.569564984180033), 'latlon': (42.30008878333334, -71.09985788333333), 'heading': 57.0, 'depth': 1.0, 'altitude': 10.0, 'roll': 0.0, 'pitch': 0.0, 'last_fix_time': datetime.datetime(2021, 7, 28, 20, 18, 2), 'speed': None, 'rudder': 0, 'datum': (42.3, -71.1)}
2021-07-28 21:18:03,924 [INFO] **** [] [(3.959652318414299, -4.252678894704676), (28.872146003832572, 12.058077540128016), (22.734812011098214, -10.11162478927843), (7.696717377595614, 24.08424805707686)]
2021-07-28 21:18:03,925 [INFO] Next green buoy: [], next red buoy: [(3.959652318414299, -4.252678894704676), (28.872146003832572, 12.058077540128016), (22.734812011098214, -10.11162478927843), (7.696717377595614, 24.08424805707686)]
2021-07-28 21:18:03,926 [INFO] Desired_heading: 60.9596523184143
2021-07-28 21:18:03,926 [INFO] sending message $BPRMB,201806.27,-2.7928095553607433,1,0,1000,0,1*7b
...
2021-07-28 21:18:04,928 [INFO] sending message $BPSTS,201804.92,1,BWSI Autonomy OK*40
...
2021-07-28 21:18:04,929 [INFO] Processing: $BFNVG,201802.59,4218.005446,N,07105.991237,W,0,10.0,1.0,57.3,0.0,0.0,201802.59*65
2021-07-28 21:18:04,932 [INFO] Interpreted as: {'position': (12.288022044929676, 9.781796898692846), 'latlon': (42.30009076666666, -71.09985395), 'heading': 57.3, 'depth': 1.0, 'altitude': 10.0, 'roll': 0.0, 'pitch': 0.0, 'last_fix_time': datetime.datetime(2021, 7, 28, 20, 18, 2), 'speed': None, 'rudder': 0, 'datum': (42.3, -71.1)}
2021-07-28 21:18:04,932 [INFO] Processing: $BFNVG,201802.96,4218.005562,N,07105.991005,W,0,10.0,1.0,57.5,0.0,0.0,201802.96*67
2021-07-28 21:18:04,934 [INFO] Interpreted as: {'position': (12.612059298029635, 9.98861234728247), 'latlon': (42.3000927, -71.09985008333334), 'heading': 57.5, 'depth': 1.0, 'altitude': 10.0, 'roll': 0.0, 'pitch': 0.0, 'last_fix_time': datetime.datetime(2021, 7, 28, 20, 18, 2), 'speed': None, 'rudder': 0, 'datum': (42.3, -71.1)}
2021-07-28 21:18:04,935 [INFO] Processing: $BFNVG,201803.33,4218.005678,N,07105.990772,W,0,10.0,1.0,57.8,0.0,0.0,201803.33*64
2021-07-28 21:18:04,937 [INFO] Interpreted as: {'position': (12.937470409553498, 10.19539390783757), 'latlon': (42.30009463333333, -71.0998462), 'heading': 57.8, 'depth': 1.0, 'altitude': 10.0, 'roll': 0.0, 'pitch': 0.0, 'last_fix_time': datetime.datetime(2021, 7, 28, 20, 18, 3), 'speed': None, 'rudder': 0, 'datum': (42.3, -71.1)}
2021-07-28 21:18:04,939 [INFO] Processing: $BFNVG,201803.71,4218.005792,N,07105.990539,W,0,10.0,1.0,58.1,0.0,0.0,201803.71*6A
2021-07-28 21:18:04,941 [INFO] Interpreted as: {'position': (13.262790166190825, 10.398474088869989), 'latlon': (42.30009653333333, -71.09984231666667), 'heading': 58.1, 'depth': 1.0, 'altitude': 10.0, 'roll': 0.0, 'pitch': 0.0, 'last_fix_time': datetime.datetime(2021, 7, 28, 20, 18, 3), 'speed': None, 'rudder': 0, 'datum': (42.3, -71.1)}
2021-07-28 21:18:04,941 [INFO] Received from Frontseat: [b'$BFNVG,201802.59,4218.005446,N,07105.991237,W,0,10.0,1.0,57.3,0.0,0.0,201802.59*65', b'$BFNVG,201802.96,4218.005562,N,07105.991005,W,0,10.0,1.0,57.5,0.0,0.0,201802.96*67', b'$BFNVG,201803.33,4218.005678,N,07105.990772,W,0,10.0,1.0,57.8,0.0,0.0,201803.33*64', b'$BFNVG,201803.71,4218.005792,N,07105.990539,W,0,10.0,1.0,58.1,0.0,0.0,201803.71*6A']
2021-07-28 21:18:04,942 [INFO] AUV state: {'position': (13.262790166190825, 10.398474088869989), 'latlon': (42.30009653333333, -71.09984231666667), 'heading': 58.1, 'depth': 1.0, 'altitude': 10.0, 'roll': 0.0, 'pitch': 0.0, 'last_fix_time': datetime.datetime(2021, 7, 28, 20, 18, 3), 'speed': None, 'rudder': 0, 'datum': (42.3, -71.1)}
2021-07-28 21:18:05,458 [INFO] **** [] [(3.8783017356109535, -4.228023158098242), (28.878683350638877, 12.01589263143394), (22.734812011098214, -10.11162478927843), (7.696717377595614, 24.08424805707686)]
2021-07-28 21:18:05,459 [INFO] Next green buoy: [], next red buoy: [(3.8783017356109535, -4.228023158098242), (28.878683350638877, 12.01589263143394), (22.734812011098214, -10.11162478927843), (7.696717377595614, 24.08424805707686)]
2021-07-28 21:18:05,460 [INFO] Desired_heading: 61.978301735610955
2021-07-28 21:18:05,460 [INFO] sending message $BPRMB,201803.58,-2.721272278655908,1,0,1000,0,1*41
...
2021-07-28 21:18:06,462 [INFO] sending message $BPSTS,201806.46,1,BWSI Autonomy OK*4b
...
2021-07-28 21:18:06,463 [INFO] Processing: $BFNVG,201804.06,4218.005901,N,07105.990315,W,0,10.0,1.0,58.3,0.0,0.0,201804.06*64
2021-07-28 21:18:06,465 [INFO] Interpreted as: {'position': (13.57551665941719, 10.592605920508504), 'latlon': (42.30009835, -71.09983858333334), 'heading': 58.3, 'depth': 1.0, 'altitude': 10.0, 'roll': 0.0, 'pitch': 0.0, 'last_fix_time': datetime.datetime(2021, 7, 28, 20, 18, 4), 'speed': None, 'rudder': 0, 'datum': (42.3, -71.1)}
2021-07-28 21:18:06,466 [INFO] Processing: $BFNVG,201804.42,4218.006008,N,07105.990094,W,0,10.0,1.0,58.6,0.0,0.0,201804.42*68
2021-07-28 21:18:06,469 [INFO] Interpreted as: {'position': (13.884030164976139, 10.783138077706099), 'latlon': (42.30010013333333, -71.0998349), 'heading': 58.6, 'depth': 1.0, 'altitude': 10.0, 'roll': 0.0, 'pitch': 0.0, 'last_fix_time': datetime.datetime(2021, 7, 28, 20, 18, 4), 'speed': None, 'rudder': 0, 'datum': (42.3, -71.1)}
2021-07-28 21:18:06,470 [INFO] Processing: $BFNVG,201804.77,4218.006114,N,07105.989871,W,0,10.0,1.0,58.8,0.0,0.0,201804.77*61
2021-07-28 21:18:06,472 [INFO] Interpreted as: {'position': (14.1952457401203, 10.97175174858421), 'latlon': (42.3001019, -71.09983118333334), 'heading': 58.8, 'depth': 1.0, 'altitude': 10.0, 'roll': 0.0, 'pitch': 0.0, 'last_fix_time': datetime.datetime(2021, 7, 28, 20, 18, 4), 'speed': None, 'rudder': 0, 'datum': (42.3, -71.1)}
2021-07-28 21:18:06,473 [INFO] Processing: $BFNVG,201805.12,4218.006220,N,07105.989647,W,0,10.0,1.0,59.0,0.0,0.0,201805.12*67
2021-07-28 21:18:06,475 [INFO] Interpreted as: {'position': (14.507835175842047, 11.160331528633833), 'latlon': (42.300103666666665, -71.09982745), 'heading': 59.0, 'depth': 1.0, 'altitude': 10.0, 'roll': 0.0, 'pitch': 0.0, 'last_fix_time': datetime.datetime(2021, 7, 28, 20, 18, 5), 'speed': None, 'rudder': 0, 'datum': (42.3, -71.1)}
2021-07-28 21:18:06,476 [INFO] Received from Frontseat: [b'$BFNVG,201804.06,4218.005901,N,07105.990315,W,0,10.0,1.0,58.3,0.0,0.0,201804.06*64', b'$BFNVG,201804.42,4218.006008,N,07105.990094,W,0,10.0,1.0,58.6,0.0,0.0,201804.42*68', b'$BFNVG,201804.77,4218.006114,N,07105.989871,W,0,10.0,1.0,58.8,0.0,0.0,201804.77*61', b'$BFNVG,201805.12,4218.006220,N,07105.989647,W,0,10.0,1.0,59.0,0.0,0.0,201805.12*67']
2021-07-28 21:18:06,477 [INFO] AUV state: {'position': (14.507835175842047, 11.160331528633833), 'latlon': (42.300103666666665, -71.09982745), 'heading': 59.0, 'depth': 1.0, 'altitude': 10.0, 'roll': 0.0, 'pitch': 0.0, 'last_fix_time': datetime.datetime(2021, 7, 28, 20, 18, 5), 'speed': None, 'rudder': 0, 'datum': (42.3, -71.1)}
2021-07-28 21:18:06,984 [INFO] **** [] [(3.8256090585289835, -4.17512171964421), (28.872211533768002, 12.03623827444808), (22.731519577810076, -10.11162478927843), (7.711844214986753, 24.07486887899289)]
2021-07-28 21:18:06,985 [INFO] Next green buoy: [], next red buoy: [(3.8256090585289835, -4.17512171964421), (28.872211533768002, 12.03623827444808), (22.731519577810076, -10.11162478927843), (7.711844214986753, 24.07486887899289)]
2021-07-28 21:18:06,986 [INFO] Desired_heading: 62.82560905852898
2021-07-28 21:18:06,987 [INFO] sending message $BPRMB,201809.33,-2.6751352141820073,1,0,1000,0,1*74
...
2021-07-28 21:18:07,989 [INFO] sending message $BPSTS,201807.98,1,BWSI Autonomy OK*49
...
2021-07-28 21:18:07,995 [INFO] Processing: $BFNVG,201805.48,4218.006324,N,07105.989424,W,0,10.0,1.0,59.3,0.0,0.0,201805.48*66
2021-07-28 21:18:07,998 [INFO] Interpreted as: {'position': (14.818959382246248, 11.345243831165135), 'latlon': (42.3001054, -71.09982373333334), 'heading': 59.3, 'depth': 1.0, 'altitude': 10.0, 'roll': 0.0, 'pitch': 0.0, 'last_fix_time': datetime.datetime(2021, 7, 28, 20, 18, 5), 'speed': None, 'rudder': 0, 'datum': (42.3, -71.1)}
2021-07-28 21:18:07,999 [INFO] Processing: $BFNVG,201805.83,4218.006429,N,07105.989199,W,0,10.0,1.0,59.5,0.0,0.0,201805.83*69
2021-07-28 21:18:08,001 [INFO] Interpreted as: {'position': (15.132876990945078, 11.53193903900683), 'latlon': (42.30010715, -71.09981998333333), 'heading': 59.5, 'depth': 1.0, 'altitude': 10.0, 'roll': 0.0, 'pitch': 0.0, 'last_fix_time': datetime.datetime(2021, 7, 28, 20, 18, 5), 'speed': None, 'rudder': 0, 'datum': (42.3, -71.1)}
2021-07-28 21:18:08,003 [INFO] Processing: $BFNVG,201806.19,4218.006533,N,07105.988973,W,0,10.0,1.0,59.8,0.0,0.0,201806.19*63
2021-07-28 21:18:08,006 [INFO] Interpreted as: {'position': (15.448122795962263, 11.71674966160208), 'latlon': (42.30010888333333, -71.09981621666667), 'heading': 59.8, 'depth': 1.0, 'altitude': 10.0, 'roll': 0.0, 'pitch': 0.0, 'last_fix_time': datetime.datetime(2021, 7, 28, 20, 18, 6), 'speed': None, 'rudder': 0, 'datum': (42.3, -71.1)}
2021-07-28 21:18:08,007 [INFO] Processing: $BFNVG,201806.54,4218.006635,N,07105.988748,W,0,10.0,1.0,60.0,0.0,0.0,201806.54*62
2021-07-28 21:18:08,009 [INFO] Interpreted as: {'position': (15.761903368402272, 11.89789280667901), 'latlon': (42.300110583333336, -71.09981246666666), 'heading': 60.0, 'depth': 1.0, 'altitude': 10.0, 'roll': 0.0, 'pitch': 0.0, 'last_fix_time': datetime.datetime(2021, 7, 28, 20, 18, 6), 'speed': None, 'rudder': 0, 'datum': (42.3, -71.1)}
2021-07-28 21:18:08,010 [INFO] Processing: $BFNVG,201806.89,4218.006737,N,07105.988522,W,0,10.0,1.0,60.3,0.0,0.0,201806.89*6C
2021-07-28 21:18:08,014 [INFO] Interpreted as: {'position': (16.077057801536284, 12.07900206092745), 'latlon': (42.300112283333334, -71.0998087), 'heading': 60.3, 'depth': 1.0, 'altitude': 10.0, 'roll': 0.0, 'pitch': 0.0, 'last_fix_time': datetime.datetime(2021, 7, 28, 20, 18, 6), 'speed': None, 'rudder': 0, 'datum': (42.3, -71.1)}
2021-07-28 21:18:08,015 [INFO] Received from Frontseat: [b'$BFNVG,201805.48,4218.006324,N,07105.989424,W,0,10.0,1.0,59.3,0.0,0.0,201805.48*66', b'$BFNVG,201805.83,4218.006429,N,07105.989199,W,0,10.0,1.0,59.5,0.0,0.0,201805.83*69', b'$BFNVG,201806.19,4218.006533,N,07105.988973,W,0,10.0,1.0,59.8,0.0,0.0,201806.19*63', b'$BFNVG,201806.54,4218.006635,N,07105.988748,W,0,10.0,1.0,60.0,0.0,0.0,201806.54*62', b'$BFNVG,201806.89,4218.006737,N,07105.988522,W,0,10.0,1.0,60.3,0.0,0.0,201806.89*6C']
2021-07-28 21:18:08,017 [INFO] AUV state: {'position': (16.077057801536284, 12.07900206092745), 'latlon': (42.300112283333334, -71.0998087), 'heading': 60.3, 'depth': 1.0, 'altitude': 10.0, 'roll': 0.0, 'pitch': 0.0, 'last_fix_time': datetime.datetime(2021, 7, 28, 20, 18, 6), 'speed': None, 'rudder': 0, 'datum': (42.3, -71.1)}
2021-07-28 21:18:08,542 [INFO] **** [] [(3.8181333295147466, -4.148222848113461), (28.88939073898344, 12.040878377869712), (22.734812011098214, -10.11162478927843), (7.6932841861106604, 24.092988579652996)]
2021-07-28 21:18:08,543 [INFO] Next green buoy: [], next red buoy: [(3.8181333295147466, -4.148222848113461), (28.88939073898344, 12.040878377869712), (22.734812011098214, -10.11162478927843), (7.6932841861106604, 24.092988579652996)]
2021-07-28 21:18:08,544 [INFO] Desired_heading: 64.11813332951475
2021-07-28 21:18:08,544 [INFO] sending message $BPRMB,201806.63,-2.66860236599066,1,0,1000,0,1*79
...
2021-07-28 21:18:09,546 [INFO] sending message $BPSTS,201809.54,1,BWSI Autonomy OK*47
...
2021-07-28 21:18:09,548 [INFO] Processing: $BFNVG,201807.25,4218.006838,N,07105.988295,W,0,10.0,1.0,60.5,0.0,0.0,201807.25*61
2021-07-28 21:18:09,551 [INFO] Interpreted as: {'position': (16.39354042953346, 12.258226731792092), 'latlon': (42.300113966666665, -71.09980491666667), 'heading': 60.5, 'depth': 1.0, 'altitude': 10.0, 'roll': 0.0, 'pitch': 0.0, 'last_fix_time': datetime.datetime(2021, 7, 28, 20, 18, 7), 'speed': None, 'rudder': 0, 'datum': (42.3, -71.1)}
2021-07-28 21:18:09,552 [INFO] Processing: $BFNVG,201807.60,4218.006939,N,07105.988068,W,0,10.0,1.0,60.7,0.0,0.0,201807.60*63
2021-07-28 21:18:09,556 [INFO] Interpreted as: {'position': (16.710023038904183, 12.437451417557895), 'latlon': (42.30011565, -71.09980113333333), 'heading': 60.7, 'depth': 1.0, 'altitude': 10.0, 'roll': 0.0, 'pitch': 0.0, 'last_fix_time': datetime.datetime(2021, 7, 28, 20, 18, 7), 'speed': None, 'rudder': 0, 'datum': (42.3, -71.1)}
2021-07-28 21:18:09,557 [INFO] Processing: $BFNVG,201807.95,4218.007038,N,07105.987841,W,0,10.0,1.0,61.0,0.0,0.0,201807.95*60
2021-07-28 21:18:09,559 [INFO] Interpreted as: {'position': (17.02641429612413, 12.612974720075727), 'latlon': (42.3001173, -71.09979735), 'heading': 61.0, 'depth': 1.0, 'altitude': 10.0, 'roll': 0.0, 'pitch': 0.0, 'last_fix_time': datetime.datetime(2021, 7, 28, 20, 18, 7), 'speed': None, 'rudder': 0, 'datum': (42.3, -71.1)}
2021-07-28 21:18:09,561 [INFO] Processing: $BFNVG,201808.31,4218.007138,N,07105.987612,W,0,10.0,1.0,61.2,0.0,0.0,201808.31*6B
2021-07-28 21:18:09,564 [INFO] Interpreted as: {'position': (17.345598959189374, 12.79028093162924), 'latlon': (42.300118966666666, -71.09979353333334), 'heading': 61.2, 'depth': 1.0, 'altitude': 10.0, 'roll': 0.0, 'pitch': 0.0, 'last_fix_time': datetime.datetime(2021, 7, 28, 20, 18, 8), 'speed': None, 'rudder': 0, 'datum': (42.3, -71.1)}
2021-07-28 21:18:09,565 [INFO] Received from Frontseat: [b'$BFNVG,201807.25,4218.006838,N,07105.988295,W,0,10.0,1.0,60.5,0.0,0.0,201807.25*61', b'$BFNVG,201807.60,4218.006939,N,07105.988068,W,0,10.0,1.0,60.7,0.0,0.0,201807.60*63', b'$BFNVG,201807.95,4218.007038,N,07105.987841,W,0,10.0,1.0,61.0,0.0,0.0,201807.95*60', b'$BFNVG,201808.31,4218.007138,N,07105.987612,W,0,10.0,1.0,61.2,0.0,0.0,201808.31*6B']
2021-07-28 21:18:09,566 [INFO] AUV state: {'position': (17.345598959189374, 12.79028093162924), 'latlon': (42.300118966666666, -71.09979353333334), 'heading': 61.2, 'depth': 1.0, 'altitude': 10.0, 'roll': 0.0, 'pitch': 0.0, 'last_fix_time': datetime.datetime(2021, 7, 28, 20, 18, 8), 'speed': None, 'rudder': 0, 'datum': (42.3, -71.1)}
2021-07-28 21:18:10,116 [INFO] **** [] [(3.875963695634734, -4.199443379316255), (28.89388076638269, 12.047758684777348), (22.734812011098214, -10.11162478927843), (7.696717377595614, 24.08424805707686)]
2021-07-28 21:18:10,117 [INFO] Next green buoy: [], next red buoy: [(3.875963695634734, -4.199443379316255), (28.89388076638269, 12.047758684777348), (22.734812011098214, -10.11162478927843), (7.696717377595614, 24.08424805707686)]
2021-07-28 21:18:10,117 [INFO] Desired_heading: 65.07596369563474
2021-07-28 21:18:10,118 [INFO] sending message $BPRMB,201812.45,-2.7192217794026154,1,0,1000,0,1*73
...
2021-07-28 21:18:11,120 [INFO] sending message $BPSTS,201811.11,1,BWSI Autonomy OK*4f
...
2021-07-28 21:18:11,121 [INFO] Processing: $BFNVG,201808.66,4218.007236,N,07105.987384,W,0,10.0,1.0,61.4,0.0,0.0,201808.66*6A
2021-07-28 21:18:11,123 [INFO] Interpreted as: {'position': (17.663318393402733, 12.963919665664434), 'latlon': (42.3001206, -71.09978973333334), 'heading': 61.4, 'depth': 1.0, 'altitude': 10.0, 'roll': 0.0, 'pitch': 0.0, 'last_fix_time': datetime.datetime(2021, 7, 28, 20, 18, 8), 'speed': None, 'rudder': 0, 'datum': (42.3, -71.1)}
2021-07-28 21:18:11,124 [INFO] Processing: $BFNVG,201809.01,4218.007334,N,07105.987153,W,0,10.0,1.0,61.7,0.0,0.0,201809.01*62
2021-07-28 21:18:11,126 [INFO] Interpreted as: {'position': (17.98515944276005, 13.137456706725061), 'latlon': (42.30012223333333, -71.09978588333334), 'heading': 61.7, 'depth': 1.0, 'altitude': 10.0, 'roll': 0.0, 'pitch': 0.0, 'last_fix_time': datetime.datetime(2021, 7, 28, 20, 18, 9), 'speed': None, 'rudder': 0, 'datum': (42.3, -71.1)}
2021-07-28 21:18:11,126 [INFO] Processing: $BFNVG,201809.37,4218.007431,N,07105.986924,W,0,10.0,1.0,61.9,0.0,0.0,201809.37*67
2021-07-28 21:18:11,128 [INFO] Interpreted as: {'position': (18.30420705617871, 13.309210870414972), 'latlon': (42.30012385, -71.09978206666666), 'heading': 61.9, 'depth': 1.0, 'altitude': 10.0, 'roll': 0.0, 'pitch': 0.0, 'last_fix_time': datetime.datetime(2021, 7, 28, 20, 18, 9), 'speed': None, 'rudder': 0, 'datum': (42.3, -71.1)}
2021-07-28 21:18:11,130 [INFO] Processing: $BFNVG,201809.72,4218.007527,N,07105.986693,W,0,10.0,1.0,62.2,0.0,0.0,201809.72*6A
2021-07-28 21:18:11,132 [INFO] Interpreted as: {'position': (18.62595673830947, 13.479046546854079), 'latlon': (42.30012545, -71.09977821666666), 'heading': 62.2, 'depth': 1.0, 'altitude': 10.0, 'roll': 0.0, 'pitch': 0.0, 'last_fix_time': datetime.datetime(2021, 7, 28, 20, 18, 9), 'speed': None, 'rudder': 0, 'datum': (42.3, -71.1)}
2021-07-28 21:18:11,133 [INFO] Processing: $BFNVG,201810.07,4218.007623,N,07105.986462,W,0,10.0,1.0,62.4,0.0,0.0,201810.07*67
2021-07-28 21:18:11,135 [INFO] Interpreted as: {'position': (18.94770640641218, 13.648882237263024), 'latlon': (42.30012705, -71.09977436666667), 'heading': 62.4, 'depth': 1.0, 'altitude': 10.0, 'roll': 0.0, 'pitch': 0.0, 'last_fix_time': datetime.datetime(2021, 7, 28, 20, 18, 10), 'speed': None, 'rudder': 0, 'datum': (42.3, -71.1)}
2021-07-28 21:18:11,135 [INFO] Received from Frontseat: [b'$BFNVG,201808.66,4218.007236,N,07105.987384,W,0,10.0,1.0,61.4,0.0,0.0,201808.66*6A', b'$BFNVG,201809.01,4218.007334,N,07105.987153,W,0,10.0,1.0,61.7,0.0,0.0,201809.01*62', b'$BFNVG,201809.37,4218.007431,N,07105.986924,W,0,10.0,1.0,61.9,0.0,0.0,201809.37*67', b'$BFNVG,201809.72,4218.007527,N,07105.986693,W,0,10.0,1.0,62.2,0.0,0.0,201809.72*6A', b'$BFNVG,201810.07,4218.007623,N,07105.986462,W,0,10.0,1.0,62.4,0.0,0.0,201810.07*67']
2021-07-28 21:18:11,136 [INFO] AUV state: {'position': (18.94770640641218, 13.648882237263024), 'latlon': (42.30012705, -71.09977436666667), 'heading': 62.4, 'depth': 1.0, 'altitude': 10.0, 'roll': 0.0, 'pitch': 0.0, 'last_fix_time': datetime.datetime(2021, 7, 28, 20, 18, 10), 'speed': None, 'rudder': 0, 'datum': (42.3, -71.1)}
2021-07-28 21:18:11,646 [INFO] **** [] [(4.05539715082394, -4.311369994974399), (28.877900043487504, 12.122927243953043), (22.734812011098214, -10.11162478927843), (7.696717377595614, 24.08424805707686)]
2021-07-28 21:18:11,648 [INFO] Next green buoy: [], next red buoy: [(4.05539715082394, -4.311369994974399), (28.877900043487504, 12.122927243953043), (22.734812011098214, -10.11162478927843), (7.696717377595614, 24.08424805707686)]
2021-07-28 21:18:11,648 [INFO] Desired_heading: 66.45539715082394
2021-07-28 21:18:11,648 [INFO] sending message $BPRMB,201809.78,-2.8774762249321313,1,0,1000,0,1*71
...
2021-07-28 21:18:12,650 [INFO] sending message $BPSTS,201812.65,1,BWSI Autonomy OK*4f
...
2021-07-28 21:18:12,652 [INFO] Processing: $BFNVG,201810.46,4218.007726,N,07105.986210,W,0,10.0,1.0,62.6,0.0,0.0,201810.46*62
2021-07-28 21:18:12,654 [INFO] Interpreted as: {'position': (19.298627141455654, 13.83096089400351), 'latlon': (42.30012876666667, -71.09977016666667), 'heading': 62.6, 'depth': 1.0, 'altitude': 10.0, 'roll': 0.0, 'pitch': 0.0, 'last_fix_time': datetime.datetime(2021, 7, 28, 20, 18, 10), 'speed': None, 'rudder': 0, 'datum': (42.3, -71.1)}
2021-07-28 21:18:12,655 [INFO] Processing: $BFNVG,201810.81,4218.007821,N,07105.985977,W,0,10.0,1.0,62.9,0.0,0.0,201810.81*6C
2021-07-28 21:18:12,657 [INFO] Interpreted as: {'position': (19.623078863020055, 13.998878115788102), 'latlon': (42.30013035, -71.09976628333334), 'heading': 62.9, 'depth': 1.0, 'altitude': 10.0, 'roll': 0.0, 'pitch': 0.0, 'last_fix_time': datetime.datetime(2021, 7, 28, 20, 18, 10), 'speed': None, 'rudder': 0, 'datum': (42.3, -71.1)}
2021-07-28 21:18:12,658 [INFO] Processing: $BFNVG,201811.17,4218.007916,N,07105.985740,W,0,10.0,1.0,63.1,0.0,0.0,201811.17*6A
2021-07-28 21:18:12,660 [INFO] Interpreted as: {'position': (19.953026076196693, 14.166659745387733), 'latlon': (42.30013193333333, -71.09976233333333), 'heading': 63.1, 'depth': 1.0, 'altitude': 10.0, 'roll': 0.0, 'pitch': 0.0, 'last_fix_time': datetime.datetime(2021, 7, 28, 20, 18, 11), 'speed': None, 'rudder': 0, 'datum': (42.3, -71.1)}
2021-07-28 21:18:12,661 [INFO] Processing: $BFNVG,201811.53,4218.008009,N,07105.985506,W,0,10.0,1.0,63.4,0.0,0.0,201811.53*67
2021-07-28 21:18:12,663 [INFO] Interpreted as: {'position': (20.278760304383468, 14.330841701477766), 'latlon': (42.30013348333333, -71.09975843333334), 'heading': 63.4, 'depth': 1.0, 'altitude': 10.0, 'roll': 0.0, 'pitch': 0.0, 'last_fix_time': datetime.datetime(2021, 7, 28, 20, 18, 11), 'speed': None, 'rudder': 0, 'datum': (42.3, -71.1)}
2021-07-28 21:18:12,663 [INFO] Received from Frontseat: [b'$BFNVG,201810.46,4218.007726,N,07105.986210,W,0,10.0,1.0,62.6,0.0,0.0,201810.46*62', b'$BFNVG,201810.81,4218.007821,N,07105.985977,W,0,10.0,1.0,62.9,0.0,0.0,201810.81*6C', b'$BFNVG,201811.17,4218.007916,N,07105.985740,W,0,10.0,1.0,63.1,0.0,0.0,201811.17*6A', b'$BFNVG,201811.53,4218.008009,N,07105.985506,W,0,10.0,1.0,63.4,0.0,0.0,201811.53*67']
2021-07-28 21:18:12,664 [INFO] AUV state: {'position': (20.278760304383468, 14.330841701477766), 'latlon': (42.30013348333333, -71.09975843333334), 'heading': 63.4, 'depth': 1.0, 'altitude': 10.0, 'roll': 0.0, 'pitch': 0.0, 'last_fix_time': datetime.datetime(2021, 7, 28, 20, 18, 11), 'speed': None, 'rudder': 0, 'datum': (42.3, -71.1)}
2021-07-28 21:18:13,213 [INFO] **** [] [(3.988709398869634, -4.17603309679561), (28.888379340835357, 11.962856044036796), (22.755357752833675, -10.12869797403204), (7.696717377595614, 24.08424805707686), (27.2674570922844, -24.370604571921408)]
2021-07-28 21:18:13,215 [INFO] Next green buoy: [], next red buoy: [(3.988709398869634, -4.17603309679561), (28.888379340835357, 11.962856044036796), (22.755357752833675, -10.12869797403204), (7.696717377595614, 24.08424805707686), (27.2674570922844, -24.370604571921408)]
2021-07-28 21:18:13,215 [INFO] Desired_heading: 67.38870939886964
2021-07-28 21:18:13,216 [INFO] sending message $BPRMB,201815.51,-2.8184510725618357,1,0,1000,0,1*79
...
2021-07-28 21:18:14,217 [INFO] sending message $BPSTS,201814.21,1,BWSI Autonomy OK*49
...
2021-07-28 21:18:14,219 [INFO] Processing: $BFNVG,201811.88,4218.008102,N,07105.985270,W,0,10.0,1.0,63.6,0.0,0.0,201811.88*69
2021-07-28 21:18:14,221 [INFO] Interpreted as: {'position': (20.607242274680175, 14.49495586939156), 'latlon': (42.30013503333333, -71.0997545), 'heading': 63.6, 'depth': 1.0, 'altitude': 10.0, 'roll': 0.0, 'pitch': 0.0, 'last_fix_time': datetime.datetime(2021, 7, 28, 20, 18, 11), 'speed': None, 'rudder': 0, 'datum': (42.3, -71.1)}
2021-07-28 21:18:14,222 [INFO] Processing: $BFNVG,201812.24,4218.008193,N,07105.985036,W,0,10.0,1.0,63.9,0.0,0.0,201812.24*6E
2021-07-28 21:18:14,224 [INFO] Interpreted as: {'position': (20.932885141985025, 14.655436458997428), 'latlon': (42.30013655, -71.0997506), 'heading': 63.9, 'depth': 1.0, 'altitude': 10.0, 'roll': 0.0, 'pitch': 0.0, 'last_fix_time': datetime.datetime(2021, 7, 28, 20, 18, 12), 'speed': None, 'rudder': 0, 'datum': (42.3, -71.1)}
2021-07-28 21:18:14,225 [INFO] Processing: $BFNVG,201812.59,4218.008283,N,07105.984800,W,0,10.0,1.0,64.1,0.0,0.0,201812.59*6F
2021-07-28 21:18:14,227 [INFO] Interpreted as: {'position': (21.261230078642257, 14.813998565077782), 'latlon': (42.30013805, -71.09974666666666), 'heading': 64.1, 'depth': 1.0, 'altitude': 10.0, 'roll': 0.0, 'pitch': 0.0, 'last_fix_time': datetime.datetime(2021, 7, 28, 20, 18, 12), 'speed': None, 'rudder': 0, 'datum': (42.3, -71.1)}
2021-07-28 21:18:14,228 [INFO] Processing: $BFNVG,201812.94,4218.008373,N,07105.984565,W,0,10.0,1.0,64.4,0.0,0.0,201812.94*6A
2021-07-28 21:18:14,230 [INFO] Interpreted as: {'position': (21.58820112317335, 14.972594587132335), 'latlon': (42.30013955, -71.09974275), 'heading': 64.4, 'depth': 1.0, 'altitude': 10.0, 'roll': 0.0, 'pitch': 0.0, 'last_fix_time': datetime.datetime(2021, 7, 28, 20, 18, 12), 'speed': None, 'rudder': 0, 'datum': (42.3, -71.1)}
2021-07-28 21:18:14,231 [INFO] Received from Frontseat: [b'$BFNVG,201811.88,4218.008102,N,07105.985270,W,0,10.0,1.0,63.6,0.0,0.0,201811.88*69', b'$BFNVG,201812.24,4218.008193,N,07105.985036,W,0,10.0,1.0,63.9,0.0,0.0,201812.24*6E', b'$BFNVG,201812.59,4218.008283,N,07105.984800,W,0,10.0,1.0,64.1,0.0,0.0,201812.59*6F', b'$BFNVG,201812.94,4218.008373,N,07105.984565,W,0,10.0,1.0,64.4,0.0,0.0,201812.94*6A']
2021-07-28 21:18:14,232 [INFO] AUV state: {'position': (21.58820112317335, 14.972594587132335), 'latlon': (42.30013955, -71.09974275), 'heading': 64.4, 'depth': 1.0, 'altitude': 10.0, 'roll': 0.0, 'pitch': 0.0, 'last_fix_time': datetime.datetime(2021, 7, 28, 20, 18, 12), 'speed': None, 'rudder': 0, 'datum': (42.3, -71.1)}
2021-07-28 21:18:14,753 [INFO] **** [] [(3.951004458599734, -4.35576464222781), (28.88329100005957, 12.038437092407394), (22.734812011098214, -10.11162478927843), (7.696717377595614, 24.08424805707686)]
2021-07-28 21:18:14,754 [INFO] Next green buoy: [], next red buoy: [(3.951004458599734, -4.35576464222781), (28.88329100005957, 12.038437092407394), (22.734812011098214, -10.11162478927843), (7.696717377595614, 24.08424805707686)]
2021-07-28 21:18:14,755 [INFO] Desired_heading: 68.35100445859975
2021-07-28 21:18:14,755 [INFO] sending message $BPRMB,201812.91,-2.785187286236472,1,0,1000,0,1*43
...
2021-07-28 21:18:15,757 [INFO] sending message $BPSTS,201815.75,1,BWSI Autonomy OK*49
...
2021-07-28 21:18:15,758 [INFO] Processing: $BFNVG,201813.30,4218.008462,N,07105.984329,W,0,10.0,1.0,64.6,0.0,0.0,201813.30*61
2021-07-28 21:18:15,760 [INFO] Interpreted as: {'position': (21.916500362509396, 15.129306024871767), 'latlon': (42.30014103333333, -71.09973881666667), 'heading': 64.6, 'depth': 1.0, 'altitude': 10.0, 'roll': 0.0, 'pitch': 0.0, 'last_fix_time': datetime.datetime(2021, 7, 28, 20, 18, 13), 'speed': None, 'rudder': 0, 'datum': (42.3, -71.1)}
2021-07-28 21:18:15,761 [INFO] Processing: $BFNVG,201813.65,4218.008551,N,07105.984091,W,0,10.0,1.0,64.9,0.0,0.0,201813.65*6F
2021-07-28 21:18:15,763 [INFO] Interpreted as: {'position': (22.247547340055462, 15.285949677228928), 'latlon': (42.30014251666667, -71.09973485), 'heading': 64.9, 'depth': 1.0, 'altitude': 10.0, 'roll': 0.0, 'pitch': 0.0, 'last_fix_time': datetime.datetime(2021, 7, 28, 20, 18, 13), 'speed': None, 'rudder': 0, 'datum': (42.3, -71.1)}
2021-07-28 21:18:15,765 [INFO] Processing: $BFNVG,201814.00,4218.008636,N,07105.983860,W,0,10.0,1.0,65.1,0.0,0.0,201814.00*65
2021-07-28 21:18:15,767 [INFO] Interpreted as: {'position': (22.568794502411038, 15.435427862219512), 'latlon': (42.30014393333333, -71.099731), 'heading': 65.1, 'depth': 1.0, 'altitude': 10.0, 'roll': 0.0, 'pitch': 0.0, 'last_fix_time': datetime.datetime(2021, 7, 28, 20, 18, 14), 'speed': None, 'rudder': 0, 'datum': (42.3, -71.1)}
2021-07-28 21:18:15,767 [INFO] Processing: $BFNVG,201814.35,4218.008722,N,07105.983622,W,0,10.0,1.0,65.4,0.0,0.0,201814.35*6C
2021-07-28 21:18:15,769 [INFO] Interpreted as: {'position': (22.899704451090656, 15.586519452743232), 'latlon': (42.30014536666667, -71.09972703333334), 'heading': 65.4, 'depth': 1.0, 'altitude': 10.0, 'roll': 0.0, 'pitch': 0.0, 'last_fix_time': datetime.datetime(2021, 7, 28, 20, 18, 14), 'speed': None, 'rudder': 0, 'datum': (42.3, -71.1)}
2021-07-28 21:18:15,770 [INFO] Processing: $BFNVG,201814.71,4218.008809,N,07105.983383,W,0,10.0,1.0,65.6,0.0,0.0,201814.71*66
2021-07-28 21:18:15,772 [INFO] Interpreted as: {'position': (23.232033929787576, 15.739427855238318), 'latlon': (42.30014681666667, -71.09972305), 'heading': 65.6, 'depth': 1.0, 'altitude': 10.0, 'roll': 0.0, 'pitch': 0.0, 'last_fix_time': datetime.datetime(2021, 7, 28, 20, 18, 14), 'speed': None, 'rudder': 0, 'datum': (42.3, -71.1)}
2021-07-28 21:18:15,773 [INFO] Received from Frontseat: [b'$BFNVG,201813.30,4218.008462,N,07105.984329,W,0,10.0,1.0,64.6,0.0,0.0,201813.30*61', b'$BFNVG,201813.65,4218.008551,N,07105.984091,W,0,10.0,1.0,64.9,0.0,0.0,201813.65*6F', b'$BFNVG,201814.00,4218.008636,N,07105.983860,W,0,10.0,1.0,65.1,0.0,0.0,201814.00*65', b'$BFNVG,201814.35,4218.008722,N,07105.983622,W,0,10.0,1.0,65.4,0.0,0.0,201814.35*6C', b'$BFNVG,201814.71,4218.008809,N,07105.983383,W,0,10.0,1.0,65.6,0.0,0.0,201814.71*66']
2021-07-28 21:18:15,774 [INFO] AUV state: {'position': (23.232033929787576, 15.739427855238318), 'latlon': (42.30014681666667, -71.09972305), 'heading': 65.6, 'depth': 1.0, 'altitude': 10.0, 'roll': 0.0, 'pitch': 0.0, 'last_fix_time': datetime.datetime(2021, 7, 28, 20, 18, 14), 'speed': None, 'rudder': 0, 'datum': (42.3, -71.1)}
2021-07-28 21:18:16,286 [INFO] **** [] [(3.9770620669814276, -4.2411920491775295), (28.88313198137597, 12.008857499394756), (22.734812011098214, -10.11162478927843), (7.7089619742336515, 24.097261290080677)]
2021-07-28 21:18:16,288 [INFO] Next green buoy: [], next red buoy: [(3.9770620669814276, -4.2411920491775295), (28.88313198137597, 12.008857499394756), (22.734812011098214, -10.11162478927843), (7.7089619742336515, 24.097261290080677)]
2021-07-28 21:18:16,288 [INFO] Desired_heading: 69.57706206698143
2021-07-28 21:18:16,289 [INFO] sending message $BPRMB,201818.59,-2.8081672185974735,1,0,1000,0,1*76
...
2021-07-28 21:18:17,290 [INFO] sending message $BPSTS,201817.28,1,BWSI Autonomy OK*43
...
2021-07-28 21:18:17,291 [INFO] Processing: $BFNVG,201815.05,4218.008892,N,07105.983150,W,0,10.0,1.0,65.9,0.0,0.0,201815.05*67
2021-07-28 21:18:17,293 [INFO] Interpreted as: {'position': (23.555937467492186, 15.88513688929379), 'latlon': (42.3001482, -71.09971916666667), 'heading': 65.9, 'depth': 1.0, 'altitude': 10.0, 'roll': 0.0, 'pitch': 0.0, 'last_fix_time': datetime.datetime(2021, 7, 28, 20, 18, 15), 'speed': None, 'rudder': 0, 'datum': (42.3, -71.1)}
2021-07-28 21:18:17,294 [INFO] Processing: $BFNVG,201815.40,4218.008974,N,07105.982917,W,0,10.0,1.0,66.1,0.0,0.0,201815.40*6F
2021-07-28 21:18:17,296 [INFO] Interpreted as: {'position': (23.879795325221494, 16.028995239175856), 'latlon': (42.30014956666667, -71.09971528333334), 'heading': 66.1, 'depth': 1.0, 'altitude': 10.0, 'roll': 0.0, 'pitch': 0.0, 'last_fix_time': datetime.datetime(2021, 7, 28, 20, 18, 15), 'speed': None, 'rudder': 0, 'datum': (42.3, -71.1)}
2021-07-28 21:18:17,297 [INFO] Processing: $BFNVG,201815.75,4218.009058,N,07105.982678,W,0,10.0,1.0,66.4,0.0,0.0,201815.75*6A
2021-07-28 21:18:17,299 [INFO] Interpreted as: {'position': (24.21198776003439, 16.176351594738662), 'latlon': (42.30015096666666, -71.0997113), 'heading': 66.4, 'depth': 1.0, 'altitude': 10.0, 'roll': 0.0, 'pitch': 0.0, 'last_fix_time': datetime.datetime(2021, 7, 28, 20, 18, 15), 'speed': None, 'rudder': 0, 'datum': (42.3, -71.1)}
2021-07-28 21:18:17,300 [INFO] Processing: $BFNVG,201816.11,4218.009143,N,07105.982432,W,0,10.0,1.0,66.6,0.0,0.0,201816.11*6F
2021-07-28 21:18:17,302 [INFO] Interpreted as: {'position': (24.553842983441427, 16.32532136235386), 'latlon': (42.300152383333334, -71.0997072), 'heading': 66.6, 'depth': 1.0, 'altitude': 10.0, 'roll': 0.0, 'pitch': 0.0, 'last_fix_time': datetime.datetime(2021, 7, 28, 20, 18, 16), 'speed': None, 'rudder': 0, 'datum': (42.3, -71.1)}
2021-07-28 21:18:17,303 [INFO] Received from Frontseat: [b'$BFNVG,201815.05,4218.008892,N,07105.983150,W,0,10.0,1.0,65.9,0.0,0.0,201815.05*67', b'$BFNVG,201815.40,4218.008974,N,07105.982917,W,0,10.0,1.0,66.1,0.0,0.0,201815.40*6F', b'$BFNVG,201815.75,4218.009058,N,07105.982678,W,0,10.0,1.0,66.4,0.0,0.0,201815.75*6A', b'$BFNVG,201816.11,4218.009143,N,07105.982432,W,0,10.0,1.0,66.6,0.0,0.0,201816.11*6F']
2021-07-28 21:18:17,304 [INFO] AUV state: {'position': (24.553842983441427, 16.32532136235386), 'latlon': (42.300152383333334, -71.0997072), 'heading': 66.6, 'depth': 1.0, 'altitude': 10.0, 'roll': 0.0, 'pitch': 0.0, 'last_fix_time': datetime.datetime(2021, 7, 28, 20, 18, 16), 'speed': None, 'rudder': 0, 'datum': (42.3, -71.1)}
2021-07-28 21:18:17,816 [INFO] **** [] [(3.8827150340025653, -4.380706196012167), (28.873452478694233, 12.029071051340011), (22.75217980996087, -10.12507654117178), (7.696717377595614, 24.08424805707686)]
2021-07-28 21:18:17,817 [INFO] Next green buoy: [], next red buoy: [(3.8827150340025653, -4.380706196012167), (28.873452478694233, 12.029071051340011), (22.75217980996087, -10.12507654117178), (7.696717377595614, 24.08424805707686)]
2021-07-28 21:18:17,818 [INFO] Desired_heading: 70.48271503400255
2021-07-28 21:18:17,818 [INFO] sending message $BPRMB,201815.98,-2.725143655618959,1,0,1000,0,1*49
...
2021-07-28 21:18:18,820 [INFO] sending message $BPSTS,201818.82,1,BWSI Autonomy OK*4c
...
2021-07-28 21:18:18,821 [INFO] Processing: $BFNVG,201816.48,4218.009227,N,07105.982184,W,0,10.0,1.0,66.9,0.0,0.0,201816.48*69
2021-07-28 21:18:18,827 [INFO] Interpreted as: {'position': (24.89840027882019, 16.47237264737487), 'latlon': (42.300153783333336, -71.09970306666666), 'heading': 66.9, 'depth': 1.0, 'altitude': 10.0, 'roll': 0.0, 'pitch': 0.0, 'last_fix_time': datetime.datetime(2021, 7, 28, 20, 18, 16), 'speed': None, 'rudder': 0, 'datum': (42.3, -71.1)}
2021-07-28 21:18:18,828 [INFO] Processing: $BFNVG,201816.82,4218.009306,N,07105.981950,W,0,10.0,1.0,67.1,0.0,0.0,201816.82*60
2021-07-28 21:18:18,830 [INFO] Interpreted as: {'position': (25.223494956851937, 16.610645066015422), 'latlon': (42.3001551, -71.09969916666667), 'heading': 67.1, 'depth': 1.0, 'altitude': 10.0, 'roll': 0.0, 'pitch': 0.0, 'last_fix_time': datetime.datetime(2021, 7, 28, 20, 18, 16), 'speed': None, 'rudder': 0, 'datum': (42.3, -71.1)}
2021-07-28 21:18:18,831 [INFO] Processing: $BFNVG,201817.18,4218.009388,N,07105.981705,W,0,10.0,1.0,67.4,0.0,0.0,201817.18*6D
2021-07-28 21:18:18,833 [INFO] Interpreted as: {'position': (25.563839262584224, 16.754096690565348), 'latlon': (42.300156466666664, -71.09969508333333), 'heading': 67.4, 'depth': 1.0, 'altitude': 10.0, 'roll': 0.0, 'pitch': 0.0, 'last_fix_time': datetime.datetime(2021, 7, 28, 20, 18, 17), 'speed': None, 'rudder': 0, 'datum': (42.3, -71.1)}
2021-07-28 21:18:18,834 [INFO] Processing: $BFNVG,201817.53,4218.009467,N,07105.981463,W,0,10.0,1.0,67.6,0.0,0.0,201817.53*6A
2021-07-28 21:18:18,836 [INFO] Interpreted as: {'position': (25.899924928264227, 16.89209793880582), 'latlon': (42.30015778333333, -71.09969105), 'heading': 67.6, 'depth': 1.0, 'altitude': 10.0, 'roll': 0.0, 'pitch': 0.0, 'last_fix_time': datetime.datetime(2021, 7, 28, 20, 18, 17), 'speed': None, 'rudder': 0, 'datum': (42.3, -71.1)}
2021-07-28 21:18:18,837 [INFO] Received from Frontseat: [b'$BFNVG,201816.48,4218.009227,N,07105.982184,W,0,10.0,1.0,66.9,0.0,0.0,201816.48*69', b'$BFNVG,201816.82,4218.009306,N,07105.981950,W,0,10.0,1.0,67.1,0.0,0.0,201816.82*60', b'$BFNVG,201817.18,4218.009388,N,07105.981705,W,0,10.0,1.0,67.4,0.0,0.0,201817.18*6D', b'$BFNVG,201817.53,4218.009467,N,07105.981463,W,0,10.0,1.0,67.6,0.0,0.0,201817.53*6A']
2021-07-28 21:18:18,839 [INFO] AUV state: {'position': (25.899924928264227, 16.89209793880582), 'latlon': (42.30015778333333, -71.09969105), 'heading': 67.6, 'depth': 1.0, 'altitude': 10.0, 'roll': 0.0, 'pitch': 0.0, 'last_fix_time': datetime.datetime(2021, 7, 28, 20, 18, 17), 'speed': None, 'rudder': 0, 'datum': (42.3, -71.1)}
2021-07-28 21:18:19,373 [INFO] **** [] [(3.9512466150085426, -4.261468326966734), (28.883961386542417, 12.001489695439174), (22.75217980996087, -10.12507654117178), (7.734478808969454, 24.090075204601828), (27.353016170333056, -24.41554834768546)]
2021-07-28 21:18:19,374 [INFO] Next green buoy: [], next red buoy: [(3.9512466150085426, -4.261468326966734), (28.883961386542417, 12.001489695439174), (22.75217980996087, -10.12507654117178), (7.734478808969454, 24.090075204601828), (27.353016170333056, -24.41554834768546)]
2021-07-28 21:18:19,375 [INFO] Desired_heading: 71.55124661500854
2021-07-28 21:18:19,375 [INFO] sending message $BPRMB,201821.65,-2.7854006674554723,1,0,1000,0,1*79
...
2021-07-28 21:18:20,377 [INFO] sending message $BPSTS,201820.37,1,BWSI Autonomy OK*49
...
2021-07-28 21:18:20,379 [INFO] Processing: $BFNVG,201817.88,4218.009546,N,07105.981221,W,0,10.0,1.0,67.9,0.0,0.0,201817.88*67
2021-07-28 21:18:20,381 [INFO] Interpreted as: {'position': (26.23601057799533, 17.030099202878773), 'latlon': (42.3001591, -71.09968701666666), 'heading': 67.9, 'depth': 1.0, 'altitude': 10.0, 'roll': 0.0, 'pitch': 0.0, 'last_fix_time': datetime.datetime(2021, 7, 28, 20, 18, 17), 'speed': None, 'rudder': 0, 'datum': (42.3, -71.1)}
2021-07-28 21:18:20,383 [INFO] Processing: $BFNVG,201818.24,4218.009625,N,07105.980977,W,0,10.0,1.0,68.1,0.0,0.0,201818.24*6F
2021-07-28 21:18:20,385 [INFO] Interpreted as: {'position': (26.574843966285698, 17.168032683432102), 'latlon': (42.300160416666664, -71.09968295), 'heading': 68.1, 'depth': 1.0, 'altitude': 10.0, 'roll': 0.0, 'pitch': 0.0, 'last_fix_time': datetime.datetime(2021, 7, 28, 20, 18, 18), 'speed': None, 'rudder': 0, 'datum': (42.3, -71.1)}
2021-07-28 21:18:20,386 [INFO] Processing: $BFNVG,201818.60,4218.009703,N,07105.980731,W,0,10.0,1.0,68.3,0.0,0.0,201818.60*64
2021-07-28 21:18:20,388 [INFO] Interpreted as: {'position': (26.916379430156667, 17.30404768232256), 'latlon': (42.300161716666665, -71.09967885), 'heading': 68.3, 'depth': 1.0, 'altitude': 10.0, 'roll': 0.0, 'pitch': 0.0, 'last_fix_time': datetime.datetime(2021, 7, 28, 20, 18, 18), 'speed': None, 'rudder': 0, 'datum': (42.3, -71.1)}
2021-07-28 21:18:20,389 [INFO] Processing: $BFNVG,201818.95,4218.009779,N,07105.980488,W,0,10.0,1.0,68.6,0.0,0.0,201818.95*6D
2021-07-28 21:18:20,391 [INFO] Interpreted as: {'position': (27.253701918991283, 17.436463003978133), 'latlon': (42.30016298333334, -71.0996748), 'heading': 68.6, 'depth': 1.0, 'altitude': 10.0, 'roll': 0.0, 'pitch': 0.0, 'last_fix_time': datetime.datetime(2021, 7, 28, 20, 18, 18), 'speed': None, 'rudder': 0, 'datum': (42.3, -71.1)}
2021-07-28 21:18:20,392 [INFO] Processing: $BFNVG,201819.30,4218.009855,N,07105.980243,W,0,10.0,1.0,68.8,0.0,0.0,201819.30*63
2021-07-28 21:18:20,394 [INFO] Interpreted as: {'position': (27.593772148829885, 17.568810541182756), 'latlon': (42.30016425, -71.09967071666667), 'heading': 68.8, 'depth': 1.0, 'altitude': 10.0, 'roll': 0.0, 'pitch': 0.0, 'last_fix_time': datetime.datetime(2021, 7, 28, 20, 18, 19), 'speed': None, 'rudder': 0, 'datum': (42.3, -71.1)}
2021-07-28 21:18:20,395 [INFO] Received from Frontseat: [b'$BFNVG,201817.88,4218.009546,N,07105.981221,W,0,10.0,1.0,67.9,0.0,0.0,201817.88*67', b'$BFNVG,201818.24,4218.009625,N,07105.980977,W,0,10.0,1.0,68.1,0.0,0.0,201818.24*6F', b'$BFNVG,201818.60,4218.009703,N,07105.980731,W,0,10.0,1.0,68.3,0.0,0.0,201818.60*64', b'$BFNVG,201818.95,4218.009779,N,07105.980488,W,0,10.0,1.0,68.6,0.0,0.0,201818.95*6D', b'$BFNVG,201819.30,4218.009855,N,07105.980243,W,0,10.0,1.0,68.8,0.0,0.0,201819.30*63']
2021-07-28 21:18:20,396 [INFO] AUV state: {'position': (27.593772148829885, 17.568810541182756), 'latlon': (42.30016425, -71.09967071666667), 'heading': 68.8, 'depth': 1.0, 'altitude': 10.0, 'roll': 0.0, 'pitch': 0.0, 'last_fix_time': datetime.datetime(2021, 7, 28, 20, 18, 19), 'speed': None, 'rudder': 0, 'datum': (42.3, -71.1)}
2021-07-28 21:18:20,913 [INFO] **** [] [(3.0828446368919753, -3.7707778148829703), (28.88880934225978, 12.006343859358038), (22.755357752833675, -10.12507654117178), (7.715169828599578, 24.072045750920072)]
2021-07-28 21:18:20,914 [INFO] Next green buoy: [], next red buoy: [(3.0828446368919753, -3.7707778148829703), (28.88880934225978, 12.006343859358038), (22.755357752833675, -10.12507654117178), (7.715169828599578, 24.072045750920072)]
2021-07-28 21:18:20,915 [INFO] Desired_heading: 71.88284463689197
2021-07-28 21:18:20,915 [INFO] sending message $BPRMB,201819.09,-2.0424881828993797,1,0,1000,0,1*7c
...
2021-07-28 21:18:21,917 [INFO] sending message $BPSTS,201821.91,1,BWSI Autonomy OK*44
...
2021-07-28 21:18:21,918 [INFO] Processing: $BFNVG,201819.66,4218.009931,N,07105.979997,W,0,10.0,1.0,69.1,0.0,0.0,201819.66*6C
2021-07-28 21:18:21,920 [INFO] Interpreted as: {'position': (27.93521623930428, 17.701124194078147), 'latlon': (42.30016551666667, -71.09966661666667), 'heading': 69.1, 'depth': 1.0, 'altitude': 10.0, 'roll': 0.0, 'pitch': 0.0, 'last_fix_time': datetime.datetime(2021, 7, 28, 20, 18, 19), 'speed': None, 'rudder': 0, 'datum': (42.3, -71.1)}
2021-07-28 21:18:21,921 [INFO] Processing: $BFNVG,201820.00,4218.010003,N,07105.979759,W,0,10.0,1.0,69.3,0.0,0.0,201820.00*62
2021-07-28 21:18:21,923 [INFO] Interpreted as: {'position': (28.26548664952861, 17.826306272298098), 'latlon': (42.300166716666666, -71.09966265), 'heading': 69.3, 'depth': 1.0, 'altitude': 10.0, 'roll': 0.0, 'pitch': 0.0, 'last_fix_time': datetime.datetime(2021, 7, 28, 20, 18, 20), 'speed': None, 'rudder': 0, 'datum': (42.3, -71.1)}
2021-07-28 21:18:21,924 [INFO] Processing: $BFNVG,201820.37,4218.010079,N,07105.979506,W,0,10.0,1.0,69.6,0.0,0.0,201820.37*62
2021-07-28 21:18:21,926 [INFO] Interpreted as: {'position': (28.616547846293543, 17.958382660523057), 'latlon': (42.30016798333333, -71.09965843333333), 'heading': 69.6, 'depth': 1.0, 'altitude': 10.0, 'roll': 0.0, 'pitch': 0.0, 'last_fix_time': datetime.datetime(2021, 7, 28, 20, 18, 20), 'speed': None, 'rudder': 0, 'datum': (42.3, -71.1)}
2021-07-28 21:18:21,927 [INFO] Processing: $BFNVG,201820.71,4218.010150,N,07105.979267,W,0,10.0,1.0,69.8,0.0,0.0,201820.71*66
2021-07-28 21:18:21,929 [INFO] Interpreted as: {'position': (28.948146440263372, 18.081680174916983), 'latlon': (42.30016916666667, -71.09965445), 'heading': 69.8, 'depth': 1.0, 'altitude': 10.0, 'roll': 0.0, 'pitch': 0.0, 'last_fix_time': datetime.datetime(2021, 7, 28, 20, 18, 20), 'speed': None, 'rudder': 0, 'datum': (42.3, -71.1)}
2021-07-28 21:18:21,930 [INFO] Received from Frontseat: [b'$BFNVG,201819.66,4218.009931,N,07105.979997,W,0,10.0,1.0,69.1,0.0,0.0,201819.66*6C', b'$BFNVG,201820.00,4218.010003,N,07105.979759,W,0,10.0,1.0,69.3,0.0,0.0,201820.00*62', b'$BFNVG,201820.37,4218.010079,N,07105.979506,W,0,10.0,1.0,69.6,0.0,0.0,201820.37*62', b'$BFNVG,201820.71,4218.010150,N,07105.979267,W,0,10.0,1.0,69.8,0.0,0.0,201820.71*66']
2021-07-28 21:18:21,931 [INFO] AUV state: {'position': (28.948146440263372, 18.081680174916983), 'latlon': (42.30016916666667, -71.09965445), 'heading': 69.8, 'depth': 1.0, 'altitude': 10.0, 'roll': 0.0, 'pitch': 0.0, 'last_fix_time': datetime.datetime(2021, 7, 28, 20, 18, 20), 'speed': None, 'rudder': 0, 'datum': (42.3, -71.1)}
2021-07-28 21:18:22,450 [INFO] **** [] [(3.979616493807999, -4.390169954186926), (28.880251165905932, 12.102989964881843), (7.7650477449201, 24.0918050370162), (22.734812011098214, -10.104122361322302)]
2021-07-28 21:18:22,452 [INFO] Next green buoy: [], next red buoy: [(3.979616493807999, -4.390169954186926), (28.880251165905932, 12.102989964881843), (7.7650477449201, 24.0918050370162), (22.734812011098214, -10.104122361322302)]
2021-07-28 21:18:22,452 [INFO] Desired_heading: 73.77961649380799
2021-07-28 21:18:22,452 [INFO] sending message $BPRMB,201824.73,-2.81042197140786,1,0,1000,0,1*78
...
2021-07-28 21:18:23,454 [INFO] sending message $BPSTS,201823.45,1,BWSI Autonomy OK*4f
...
2021-07-28 21:18:23,456 [INFO] Processing: $BFNVG,201821.06,4218.010221,N,07105.979023,W,0,10.0,1.0,70.0,0.0,0.0,201821.06*61
2021-07-28 21:18:23,458 [INFO] Interpreted as: {'position': (29.286614404292777, 18.204808206297457), 'latlon': (42.30017035, -71.09965038333333), 'heading': 70.0, 'depth': 1.0, 'altitude': 10.0, 'roll': 0.0, 'pitch': 0.0, 'last_fix_time': datetime.datetime(2021, 7, 28, 20, 18, 21), 'speed': None, 'rudder': 0, 'datum': (42.3, -71.1)}
2021-07-28 21:18:23,459 [INFO] Processing: $BFNVG,201821.43,4218.010294,N,07105.978769,W,0,10.0,1.0,70.2,0.0,0.0,201821.43*65
2021-07-28 21:18:23,461 [INFO] Interpreted as: {'position': (29.638912445225287, 18.33129865396768), 'latlon': (42.30017156666667, -71.09964615), 'heading': 70.2, 'depth': 1.0, 'altitude': 10.0, 'roll': 0.0, 'pitch': 0.0, 'last_fix_time': datetime.datetime(2021, 7, 28, 20, 18, 21), 'speed': None, 'rudder': 0, 'datum': (42.3, -71.1)}
2021-07-28 21:18:23,462 [INFO] Processing: $BFNVG,201821.78,4218.010365,N,07105.978521,W,0,10.0,1.0,70.4,0.0,0.0,201821.78*62
2021-07-28 21:18:23,464 [INFO] Interpreted as: {'position': (29.982875885616522, 18.454291120171547), 'latlon': (42.30017275, -71.09964201666666), 'heading': 70.4, 'depth': 1.0, 'altitude': 10.0, 'roll': 0.0, 'pitch': 0.0, 'last_fix_time': datetime.datetime(2021, 7, 28, 20, 18, 21), 'speed': None, 'rudder': 0, 'datum': (42.3, -71.1)}
2021-07-28 21:18:23,465 [INFO] Processing: $BFNVG,201822.14,4218.010436,N,07105.978273,W,0,10.0,1.0,70.6,0.0,0.0,201822.14*61
2021-07-28 21:18:23,467 [INFO] Interpreted as: {'position': (30.32683931326028, 18.577283604070544), 'latlon': (42.30017393333333, -71.09963788333333), 'heading': 70.6, 'depth': 1.0, 'altitude': 10.0, 'roll': 0.0, 'pitch': 0.0, 'last_fix_time': datetime.datetime(2021, 7, 28, 20, 18, 22), 'speed': None, 'rudder': 0, 'datum': (42.3, -71.1)}
2021-07-28 21:18:23,468 [INFO] Received from Frontseat: [b'$BFNVG,201821.06,4218.010221,N,07105.979023,W,0,10.0,1.0,70.0,0.0,0.0,201821.06*61', b'$BFNVG,201821.43,4218.010294,N,07105.978769,W,0,10.0,1.0,70.2,0.0,0.0,201821.43*65', b'$BFNVG,201821.78,4218.010365,N,07105.978521,W,0,10.0,1.0,70.4,0.0,0.0,201821.78*62', b'$BFNVG,201822.14,4218.010436,N,07105.978273,W,0,10.0,1.0,70.6,0.0,0.0,201822.14*61']
2021-07-28 21:18:23,469 [INFO] AUV state: {'position': (30.32683931326028, 18.577283604070544), 'latlon': (42.30017393333333, -71.09963788333333), 'heading': 70.6, 'depth': 1.0, 'altitude': 10.0, 'roll': 0.0, 'pitch': 0.0, 'last_fix_time': datetime.datetime(2021, 7, 28, 20, 18, 22), 'speed': None, 'rudder': 0, 'datum': (42.3, -71.1)}
2021-07-28 21:18:23,979 [INFO] **** [] [(3.665916575668127, -4.0500762558956565), (28.88110402818038, 12.059001661304803), (22.734812011098214, -10.096619583225694), (7.712509341892316, 24.100271437657888)]
2021-07-28 21:18:23,980 [INFO] Next green buoy: [], next red buoy: [(3.665916575668127, -4.0500762558956565), (28.88110402818038, 12.059001661304803), (22.734812011098214, -10.096619583225694), (7.712509341892316, 24.100271437657888)]
2021-07-28 21:18:23,981 [INFO] Desired_heading: 74.26591657566811
2021-07-28 21:18:23,981 [INFO] sending message $BPRMB,201822.17,-2.536286011062769,1,0,1000,0,1*40
...
2021-07-28 21:18:24,983 [INFO] sending message $BPSTS,201824.98,1,BWSI Autonomy OK*48
...
2021-07-28 21:18:24,984 [INFO] Processing: $BFNVG,201822.49,4218.010506,N,07105.978024,W,0,10.0,1.0,70.8,0.0,0.0,201822.49*6D
2021-07-28 21:18:24,988 [INFO] Interpreted as: {'position': (30.672130941879004, 18.698391506448388), 'latlon': (42.3001751, -71.09963373333333), 'heading': 70.8, 'depth': 1.0, 'altitude': 10.0, 'roll': 0.0, 'pitch': 0.0, 'last_fix_time': datetime.datetime(2021, 7, 28, 20, 18, 22), 'speed': None, 'rudder': 0, 'datum': (42.3, -71.1)}
2021-07-28 21:18:24,989 [INFO] Processing: $BFNVG,201822.85,4218.010575,N,07105.977774,W,0,10.0,1.0,71.0,0.0,0.0,201822.85*6D
2021-07-28 21:18:24,992 [INFO] Interpreted as: {'position': (31.018750769551843, 18.81761483196169), 'latlon': (42.30017625, -71.09962956666666), 'heading': 71.0, 'depth': 1.0, 'altitude': 10.0, 'roll': 0.0, 'pitch': 0.0, 'last_fix_time': datetime.datetime(2021, 7, 28, 20, 18, 22), 'speed': None, 'rudder': 0, 'datum': (42.3, -71.1)}
2021-07-28 21:18:24,992 [INFO] Processing: $BFNVG,201823.20,4218.010644,N,07105.977523,W,0,10.0,1.0,71.3,0.0,0.0,201823.20*6F
2021-07-28 21:18:24,994 [INFO] Interpreted as: {'position': (31.36674445855897, 18.936804274097085), 'latlon': (42.3001774, -71.09962538333333), 'heading': 71.3, 'depth': 1.0, 'altitude': 10.0, 'roll': 0.0, 'pitch': 0.0, 'last_fix_time': datetime.datetime(2021, 7, 28, 20, 18, 23), 'speed': None, 'rudder': 0, 'datum': (42.3, -71.1)}
2021-07-28 21:18:24,995 [INFO] Received from Frontseat: [b'$BFNVG,201822.49,4218.010506,N,07105.978024,W,0,10.0,1.0,70.8,0.0,0.0,201822.49*6D', b'$BFNVG,201822.85,4218.010575,N,07105.977774,W,0,10.0,1.0,71.0,0.0,0.0,201822.85*6D', b'$BFNVG,201823.20,4218.010644,N,07105.977523,W,0,10.0,1.0,71.3,0.0,0.0,201823.20*6F']
2021-07-28 21:18:24,996 [INFO] AUV state: {'position': (31.36674445855897, 18.936804274097085), 'latlon': (42.3001774, -71.09962538333333), 'heading': 71.3, 'depth': 1.0, 'altitude': 10.0, 'roll': 0.0, 'pitch': 0.0, 'last_fix_time': datetime.datetime(2021, 7, 28, 20, 18, 23), 'speed': None, 'rudder': 0, 'datum': (42.3, -71.1)}
2021-07-28 21:18:25,513 [INFO] **** [] [(3.9029257434890865, -4.1857874330506535), (28.872025047153173, 12.14547295918122), (22.734812011098214, -10.107873619082474), (7.685352117420207, 24.095600458444814)]
2021-07-28 21:18:25,514 [INFO] Next green buoy: [], next red buoy: [(3.9029257434890865, -4.1857874330506535), (28.872025047153173, 12.14547295918122), (22.734812011098214, -10.107873619082474), (7.685352117420207, 24.095600458444814)]
2021-07-28 21:18:25,515 [INFO] Desired_heading: 75.20292574348909
2021-07-28 21:18:25,515 [INFO] sending message $BPRMB,201827.79,-2.74288667704172,1,0,1000,0,1*7c
...
2021-07-28 21:18:26,517 [INFO] sending message $BPSTS,201826.51,1,BWSI Autonomy OK*4f
...
2021-07-28 21:18:26,518 [INFO] Received from Frontseat: []
2021-07-28 21:18:26,519 [INFO] AUV state: {'position': (31.36674445855897, 18.936804274097085), 'latlon': (42.3001774, -71.09962538333333), 'heading': 71.3, 'depth': 1.0, 'altitude': 10.0, 'roll': 0.0, 'pitch': 0.0, 'last_fix_time': datetime.datetime(2021, 7, 28, 20, 18, 23), 'speed': None, 'rudder': 0, 'datum': (42.3, -71.1)}
2021-07-28 21:18:27,053 [INFO] **** [] [(3.8508460946634173, -4.246677970272623), (28.87408921468397, 12.077499251271183), (22.734812011098214, -10.107873619082474), (7.696717377595614, 24.08424805707686), (27.2674570922844, -24.41554834768546)]
2021-07-28 21:18:27,054 [INFO] Next green buoy: [], next red buoy: [(3.8508460946634173, -4.246677970272623), (28.87408921468397, 12.077499251271183), (22.734812011098214, -10.107873619082474), (7.696717377595614, 24.08424805707686), (27.2674570922844, -24.41554834768546)]
2021-07-28 21:18:27,054 [INFO] Desired_heading: 75.15084609466342
2021-07-28 21:18:27,055 [INFO] sending message $BPRMB,201825.24,-2.6972127653787945,1,0,1000,0,1*79
...
2021-07-28 21:18:28,057 [INFO] sending message $BPSTS,201828.05,1,BWSI Autonomy OK*40
...
2021-07-28 21:18:28,058 [INFO] Received from Frontseat: []
2021-07-28 21:18:28,059 [INFO] AUV state: {'position': (31.36674445855897, 18.936804274097085), 'latlon': (42.3001774, -71.09962538333333), 'heading': 71.3, 'depth': 1.0, 'altitude': 10.0, 'roll': 0.0, 'pitch': 0.0, 'last_fix_time': datetime.datetime(2021, 7, 28, 20, 18, 23), 'speed': None, 'rudder': 0, 'datum': (42.3, -71.1)}
2021-07-28 21:18:28,596 [INFO] **** [] [(3.7426819986244246, -4.048942449576443), (28.86133243258555, 12.100719424238509), (22.734812011098214, -10.096619583225694), (7.6932841861106604, 24.08424805707686)]
2021-07-28 21:18:28,598 [INFO] Next green buoy: [], next red buoy: [(3.7426819986244246, -4.048942449576443), (28.86133243258555, 12.100719424238509), (22.734812011098214, -10.096619583225694), (7.6932841861106604, 24.08424805707686)]
2021-07-28 21:18:28,599 [INFO] Desired_heading: 75.04268199862442
2021-07-28 21:18:28,599 [INFO] sending message $BPRMB,201830.87,-2.602847146886689,1,0,1000,0,1*47
...
2021-07-28 21:18:28,680 [ERROR] An error occurred. The stack trace is below.
Traceback (most recent call last):
  File "BWSI_BackSeat.py", line 126, in run
    time.sleep(1/self.__warp)
KeyboardInterrupt
