2021-07-28 16:46:51,049 [INFO] host = 192.168.1.213, port = 29500
2021-07-28 16:46:51,072 [INFO] sending message $BPLOG,ACK,ON*1e
...
2021-07-28 16:46:51,072 [INFO] sending message $BPLOG,ALL,ON*16
...
2021-07-28 16:46:51,073 [INFO] sending message $BPSTS,154651.07,1,BWSI Autonomy OK*41
...
2021-07-28 16:46:51,073 [INFO] Received from Frontseat: []
2021-07-28 16:46:51,074 [INFO] AUV state: {'position': (None, None), 'latlon': None, 'heading': None, 'depth': None, 'altitude': None, 'roll': None, 'pitch': None, 'last_fix_time': None, 'speed': None, 'rudder': 0}
2021-07-28 16:46:52,075 [INFO] sending message $BPSTS,154652.07,1,BWSI Autonomy OK*42
...
2021-07-28 16:46:52,077 [INFO] Processing: $BFNVG,154648.57,4218.000000,N,07106.000000,W,0,10.0,1.0,45.0,0.0,0.0,154648.57*62
2021-07-28 16:46:52,083 [INFO] Interpreted as: {'position': (0, 0), 'latlon': (42.3, -71.1), 'heading': 45.0, 'depth': 1.0, 'altitude': 10.0, 'roll': 0.0, 'pitch': 0.0, 'last_fix_time': datetime.datetime(2021, 7, 28, 15, 46, 48), 'speed': None, 'rudder': 0, 'datum': (42.3, -71.1)}
2021-07-28 16:46:52,084 [INFO] Processing: $BFNVG,154648.82,4218.000000,N,07106.000000,W,0,10.0,1.0,45.0,0.0,0.0,154648.82*62
2021-07-28 16:46:52,087 [INFO] Interpreted as: {'position': (0.0, 0.0), 'latlon': (42.3, -71.1), 'heading': 45.0, 'depth': 1.0, 'altitude': 10.0, 'roll': 0.0, 'pitch': 0.0, 'last_fix_time': datetime.datetime(2021, 7, 28, 15, 46, 48), 'speed': None, 'rudder': 0, 'datum': (42.3, -71.1)}
2021-07-28 16:46:52,088 [INFO] Processing: $BFNVG,154649.08,4218.000000,N,07106.000000,W,0,10.0,1.0,45.0,0.0,0.0,154649.08*62
2021-07-28 16:46:52,089 [INFO] Interpreted as: {'position': (0.0, 0.0), 'latlon': (42.3, -71.1), 'heading': 45.0, 'depth': 1.0, 'altitude': 10.0, 'roll': 0.0, 'pitch': 0.0, 'last_fix_time': datetime.datetime(2021, 7, 28, 15, 46, 49), 'speed': None, 'rudder': 0, 'datum': (42.3, -71.1)}
2021-07-28 16:46:52,090 [INFO] Processing: $BFNVG,154649.33,4218.000000,N,07106.000000,W,0,10.0,1.0,45.0,0.0,0.0,154649.33*62
2021-07-28 16:46:52,092 [INFO] Interpreted as: {'position': (0.0, 0.0), 'latlon': (42.3, -71.1), 'heading': 45.0, 'depth': 1.0, 'altitude': 10.0, 'roll': 0.0, 'pitch': 0.0, 'last_fix_time': datetime.datetime(2021, 7, 28, 15, 46, 49), 'speed': None, 'rudder': 0, 'datum': (42.3, -71.1)}
2021-07-28 16:46:52,093 [INFO] Processing: $BFNVG,154649.58,4218.000000,N,07106.000000,W,0,10.0,1.0,45.0,0.0,0.0,154649.58*62
2021-07-28 16:46:52,095 [INFO] Interpreted as: {'position': (0.0, 0.0), 'latlon': (42.3, -71.1), 'heading': 45.0, 'depth': 1.0, 'altitude': 10.0, 'roll': 0.0, 'pitch': 0.0, 'last_fix_time': datetime.datetime(2021, 7, 28, 15, 46, 49), 'speed': None, 'rudder': 0, 'datum': (42.3, -71.1)}
2021-07-28 16:46:52,096 [INFO] Processing: $BFNVG,154649.83,4218.000000,N,07106.000000,W,0,10.0,1.0,45.0,0.0,0.0,154649.83*62
2021-07-28 16:46:52,097 [INFO] Interpreted as: {'position': (0.0, 0.0), 'latlon': (42.3, -71.1), 'heading': 45.0, 'depth': 1.0, 'altitude': 10.0, 'roll': 0.0, 'pitch': 0.0, 'last_fix_time': datetime.datetime(2021, 7, 28, 15, 46, 49), 'speed': None, 'rudder': 0, 'datum': (42.3, -71.1)}
2021-07-28 16:46:52,098 [INFO] Processing: $BFNVG,154650.08,4218.000000,N,07106.000000,W,0,10.0,1.0,45.0,0.0,0.0,154650.08*62
2021-07-28 16:46:52,100 [INFO] Interpreted as: {'position': (0.0, 0.0), 'latlon': (42.3, -71.1), 'heading': 45.0, 'depth': 1.0, 'altitude': 10.0, 'roll': 0.0, 'pitch': 0.0, 'last_fix_time': datetime.datetime(2021, 7, 28, 15, 46, 50), 'speed': None, 'rudder': 0, 'datum': (42.3, -71.1)}
2021-07-28 16:46:52,100 [INFO] Processing: $BFNVG,154650.33,4218.000000,N,07106.000000,W,0,10.0,1.0,45.0,0.0,0.0,154650.33*62
2021-07-28 16:46:52,103 [INFO] Interpreted as: {'position': (0.0, 0.0), 'latlon': (42.3, -71.1), 'heading': 45.0, 'depth': 1.0, 'altitude': 10.0, 'roll': 0.0, 'pitch': 0.0, 'last_fix_time': datetime.datetime(2021, 7, 28, 15, 46, 50), 'speed': None, 'rudder': 0, 'datum': (42.3, -71.1)}
2021-07-28 16:46:52,104 [INFO] Processing: $BFNVG,154650.58,4218.000000,N,07106.000000,W,0,10.0,1.0,45.0,0.0,0.0,154650.58*62
2021-07-28 16:46:52,105 [INFO] Interpreted as: {'position': (0.0, 0.0), 'latlon': (42.3, -71.1), 'heading': 45.0, 'depth': 1.0, 'altitude': 10.0, 'roll': 0.0, 'pitch': 0.0, 'last_fix_time': datetime.datetime(2021, 7, 28, 15, 46, 50), 'speed': None, 'rudder': 0, 'datum': (42.3, -71.1)}
2021-07-28 16:46:52,106 [INFO] Processing: $BFNVG,154650.83,4218.000000,N,07106.000000,W,0,10.0,1.0,45.0,0.0,0.0,154650.83*62
2021-07-28 16:46:52,109 [INFO] Interpreted as: {'position': (0.0, 0.0), 'latlon': (42.3, -71.1), 'heading': 45.0, 'depth': 1.0, 'altitude': 10.0, 'roll': 0.0, 'pitch': 0.0, 'last_fix_time': datetime.datetime(2021, 7, 28, 15, 46, 50), 'speed': None, 'rudder': 0, 'datum': (42.3, -71.1)}
2021-07-28 16:46:52,109 [INFO] Processing: $BFNVG,154651.08,4218.000000,N,07106.000000,W,0,10.0,1.0,45.0,0.0,0.0,154651.08*62
2021-07-28 16:46:52,111 [INFO] Interpreted as: {'position': (0.0, 0.0), 'latlon': (42.3, -71.1), 'heading': 45.0, 'depth': 1.0, 'altitude': 10.0, 'roll': 0.0, 'pitch': 0.0, 'last_fix_time': datetime.datetime(2021, 7, 28, 15, 46, 51), 'speed': None, 'rudder': 0, 'datum': (42.3, -71.1)}
2021-07-28 16:46:52,112 [INFO] Received from Frontseat: [b'$BFNVG,154648.57,4218.000000,N,07106.000000,W,0,10.0,1.0,45.0,0.0,0.0,154648.57*62', b'$BFNVG,154648.82,4218.000000,N,07106.000000,W,0,10.0,1.0,45.0,0.0,0.0,154648.82*62', b'$BFNVG,154649.08,4218.000000,N,07106.000000,W,0,10.0,1.0,45.0,0.0,0.0,154649.08*62', b'$BFNVG,154649.33,4218.000000,N,07106.000000,W,0,10.0,1.0,45.0,0.0,0.0,154649.33*62', b'$BFNVG,154649.58,4218.000000,N,07106.000000,W,0,10.0,1.0,45.0,0.0,0.0,154649.58*62', b'$BFNVG,154649.83,4218.000000,N,07106.000000,W,0,10.0,1.0,45.0,0.0,0.0,154649.83*62', b'$BFNVG,154650.08,4218.000000,N,07106.000000,W,0,10.0,1.0,45.0,0.0,0.0,154650.08*62', b'$BFNVG,154650.33,4218.000000,N,07106.000000,W,0,10.0,1.0,45.0,0.0,0.0,154650.33*62', b'$BFNVG,154650.58,4218.000000,N,07106.000000,W,0,10.0,1.0,45.0,0.0,0.0,154650.58*62', b'$BFNVG,154650.83,4218.000000,N,07106.000000,W,0,10.0,1.0,45.0,0.0,0.0,154650.83*62', b'$BFNVG,154651.08,4218.000000,N,07106.000000,W,0,10.0,1.0,45.0,0.0,0.0,154651.08*62']
2021-07-28 16:46:52,113 [INFO] AUV state: {'position': (0.0, 0.0), 'latlon': (42.3, -71.1), 'heading': 45.0, 'depth': 1.0, 'altitude': 10.0, 'roll': 0.0, 'pitch': 0.0, 'last_fix_time': datetime.datetime(2021, 7, 28, 15, 46, 51), 'speed': None, 'rudder': 0, 'datum': (42.3, -71.1)}
2021-07-28 16:46:52,478 [INFO] **** [(-0.21993023293121178, -7.6862156757158235)] [(15.437560812208067, -7.329055330858309)]
2021-07-28 16:46:52,481 [INFO] Next green buoy: [(-0.21993023293121178, -7.6862156757158235)], next red buoy: [(15.437560812208067, -7.329055330858309)]
2021-07-28 16:46:52,481 [INFO] Desired_heading: 52.60881528963843
2021-07-28 16:46:52,481 [INFO] sending message $BPRMB,154653.07,-25,,,1000,0,1*60
...
2021-07-28 16:46:53,483 [INFO] sending message $BPSTS,154653.48,1,BWSI Autonomy OK*48
...
2021-07-28 16:46:53,484 [INFO] Processing: $BFNVG,154651.47,4218.000000,N,07106.000000,W,0,10.0,1.0,45.0,0.0,0.0,154651.47*62
2021-07-28 16:46:53,486 [INFO] Interpreted as: {'position': (0.0, 0.0), 'latlon': (42.3, -71.1), 'heading': 45.0, 'depth': 1.0, 'altitude': 10.0, 'roll': 0.0, 'pitch': 0.0, 'last_fix_time': datetime.datetime(2021, 7, 28, 15, 46, 51), 'speed': None, 'rudder': 0, 'datum': (42.3, -71.1)}
2021-07-28 16:46:53,487 [INFO] Processing: $BFNVG,154651.82,4218.000000,N,07106.000000,W,0,10.0,1.0,45.0,0.0,0.0,154651.82*62
2021-07-28 16:46:53,488 [INFO] Interpreted as: {'position': (0.0, 0.0), 'latlon': (42.3, -71.1), 'heading': 45.0, 'depth': 1.0, 'altitude': 10.0, 'roll': 0.0, 'pitch': 0.0, 'last_fix_time': datetime.datetime(2021, 7, 28, 15, 46, 51), 'speed': None, 'rudder': 0, 'datum': (42.3, -71.1)}
2021-07-28 16:46:53,490 [INFO] Processing: $BFNVG,154652.16,4218.000000,N,07106.000000,W,0,10.0,1.0,45.0,0.0,0.0,154652.16*62
2021-07-28 16:46:53,492 [INFO] Interpreted as: {'position': (0.0, 0.0), 'latlon': (42.3, -71.1), 'heading': 45.0, 'depth': 1.0, 'altitude': 10.0, 'roll': 0.0, 'pitch': 0.0, 'last_fix_time': datetime.datetime(2021, 7, 28, 15, 46, 52), 'speed': None, 'rudder': 0, 'datum': (42.3, -71.1)}
2021-07-28 16:46:53,493 [INFO] Received from Frontseat: [b'$BFNVG,154651.47,4218.000000,N,07106.000000,W,0,10.0,1.0,45.0,0.0,0.0,154651.47*62', b'$BFNVG,154651.82,4218.000000,N,07106.000000,W,0,10.0,1.0,45.0,0.0,0.0,154651.82*62', b'$BFNVG,154652.16,4218.000000,N,07106.000000,W,0,10.0,1.0,45.0,0.0,0.0,154652.16*62']
2021-07-28 16:46:53,494 [INFO] AUV state: {'position': (0.0, 0.0), 'latlon': (42.3, -71.1), 'heading': 45.0, 'depth': 1.0, 'altitude': 10.0, 'roll': 0.0, 'pitch': 0.0, 'last_fix_time': datetime.datetime(2021, 7, 28, 15, 46, 52), 'speed': None, 'rudder': 0, 'datum': (42.3, -71.1)}
2021-07-28 16:46:53,865 [INFO] **** [(-0.22035521470194389, -7.708961974233651)] [(15.437560812208067, -7.333901112744751)]
2021-07-28 16:46:53,867 [INFO] Next green buoy: [(-0.22035521470194389, -7.708961974233651)], next red buoy: [(15.437560812208067, -7.333901112744751)]
2021-07-28 16:46:53,868 [INFO] Desired_heading: 52.60860279875306
2021-07-28 16:46:53,868 [INFO] sending message $BPRMB,154653.89,-25,,,1000,0,1*66
...
2021-07-28 16:46:54,870 [INFO] sending message $BPSTS,154654.87,1,BWSI Autonomy OK*4c
...
2021-07-28 16:46:54,871 [INFO] Processing: $BFNVG,154652.50,4218.000000,N,07106.000000,W,0,10.0,1.0,45.0,0.0,0.0,154652.50*62
2021-07-28 16:46:54,873 [INFO] Interpreted as: {'position': (0.0, 0.0), 'latlon': (42.3, -71.1), 'heading': 45.0, 'depth': 1.0, 'altitude': 10.0, 'roll': 0.0, 'pitch': 0.0, 'last_fix_time': datetime.datetime(2021, 7, 28, 15, 46, 52), 'speed': None, 'rudder': 0, 'datum': (42.3, -71.1)}
2021-07-28 16:46:54,875 [INFO] Processing: $BFNVG,154652.84,4218.000135,N,07105.999820,W,0,10.0,1.0,47.1,0.0,0.0,154652.84*66
2021-07-28 16:46:54,877 [INFO] Interpreted as: {'position': (0.25346409261692315, 0.24374120775610209), 'latlon': (42.30000225, -71.099997), 'heading': 47.1, 'depth': 1.0, 'altitude': 10.0, 'roll': 0.0, 'pitch': 0.0, 'last_fix_time': datetime.datetime(2021, 7, 28, 15, 46, 52), 'speed': None, 'rudder': 0, 'datum': (42.3, -71.1)}
2021-07-28 16:46:54,878 [INFO] Processing: $BFNVG,154653.19,4218.000267,N,07105.999630,W,0,10.0,1.0,49.3,0.0,0.0,154653.19*61
2021-07-28 16:46:54,881 [INFO] Interpreted as: {'position': (0.5205299512017518, 0.4815912824124098), 'latlon': (42.30000445, -71.09999383333333), 'heading': 49.3, 'depth': 1.0, 'altitude': 10.0, 'roll': 0.0, 'pitch': 0.0, 'last_fix_time': datetime.datetime(2021, 7, 28, 15, 46, 53), 'speed': None, 'rudder': 0, 'datum': (42.3, -71.1)}
2021-07-28 16:46:54,883 [INFO] Processing: $BFNVG,154653.53,4218.000393,N,07105.999435,W,0,10.0,1.0,51.5,0.0,0.0,154653.53*63
2021-07-28 16:46:54,885 [INFO] Interpreted as: {'position': (0.794191156513989, 0.7081676600500941), 'latlon': (42.30000655, -71.09999058333334), 'heading': 51.5, 'depth': 1.0, 'altitude': 10.0, 'roll': 0.0, 'pitch': 0.0, 'last_fix_time': datetime.datetime(2021, 7, 28, 15, 46, 53), 'speed': None, 'rudder': 0, 'datum': (42.3, -71.1)}
2021-07-28 16:46:54,886 [INFO] Received from Frontseat: [b'$BFNVG,154652.50,4218.000000,N,07106.000000,W,0,10.0,1.0,45.0,0.0,0.0,154652.50*62', b'$BFNVG,154652.84,4218.000135,N,07105.999820,W,0,10.0,1.0,47.1,0.0,0.0,154652.84*66', b'$BFNVG,154653.19,4218.000267,N,07105.999630,W,0,10.0,1.0,49.3,0.0,0.0,154653.19*61', b'$BFNVG,154653.53,4218.000393,N,07105.999435,W,0,10.0,1.0,51.5,0.0,0.0,154653.53*63']
2021-07-28 16:46:54,887 [INFO] AUV state: {'position': (0.794191156513989, 0.7081676600500941), 'latlon': (42.30000655, -71.09999058333334), 'heading': 51.5, 'depth': 1.0, 'altitude': 10.0, 'roll': 0.0, 'pitch': 0.0, 'last_fix_time': datetime.datetime(2021, 7, 28, 15, 46, 53), 'speed': None, 'rudder': 0, 'datum': (42.3, -71.1)}
2021-07-28 16:46:55,270 [INFO] **** [(-8.020899799527236, -8.857404493948222)] [(10.28769170401006, -8.557388565856145)]
2021-07-28 16:46:55,272 [INFO] Next green buoy: [(-8.020899799527236, -8.857404493948222)], next red buoy: [(10.28769170401006, -8.557388565856145)]
2021-07-28 16:46:55,272 [INFO] Desired_heading: 52.633395952241415
2021-07-28 16:46:55,273 [INFO] sending message $BPRMB,154655.84,-0.8563909230381489,,,1000,0,1*72
...
2021-07-28 16:46:56,274 [INFO] sending message $BPSTS,154656.27,1,BWSI Autonomy OK*44
...
2021-07-28 16:46:56,275 [INFO] Processing: $BFNVG,154653.88,4218.000514,N,07105.999233,W,0,10.0,1.0,53.6,0.0,0.0,154653.88*6B
2021-07-28 16:46:56,278 [INFO] Interpreted as: {'position': (1.077241146704182, 0.9252532282844186), 'latlon': (42.30000856666667, -71.09998721666666), 'heading': 53.6, 'depth': 1.0, 'altitude': 10.0, 'roll': 0.0, 'pitch': 0.0, 'last_fix_time': datetime.datetime(2021, 7, 28, 15, 46, 53), 'speed': None, 'rudder': 0, 'datum': (42.3, -71.1)}
2021-07-28 16:46:56,279 [INFO] Processing: $BFNVG,154654.23,4218.000629,N,07105.999025,W,0,10.0,1.0,55.8,0.0,0.0,154654.23*6B
2021-07-28 16:46:56,281 [INFO] Interpreted as: {'position': (1.3682603620691225, 1.1310311947017908), 'latlon': (42.30001048333333, -71.09998375), 'heading': 55.8, 'depth': 1.0, 'altitude': 10.0, 'roll': 0.0, 'pitch': 0.0, 'last_fix_time': datetime.datetime(2021, 7, 28, 15, 46, 54), 'speed': None, 'rudder': 0, 'datum': (42.3, -71.1)}
2021-07-28 16:46:56,282 [INFO] Processing: $BFNVG,154654.57,4218.000738,N,07105.998811,W,0,10.0,1.0,58.0,0.0,0.0,154654.57*61
2021-07-28 16:46:56,284 [INFO] Interpreted as: {'position': (1.6672488116892055, 1.325501563027501), 'latlon': (42.3000123, -71.09998018333333), 'heading': 58.0, 'depth': 1.0, 'altitude': 10.0, 'roll': 0.0, 'pitch': 0.0, 'last_fix_time': datetime.datetime(2021, 7, 28, 15, 46, 54), 'speed': None, 'rudder': 0, 'datum': (42.3, -71.1)}
2021-07-28 16:46:56,285 [INFO] Processing: $BFNVG,154654.92,4218.000841,N,07105.998592,W,0,10.0,1.0,60.1,0.0,0.0,154654.92*6C
2021-07-28 16:46:56,287 [INFO] Interpreted as: {'position': (1.9728326081531122, 1.508698238991201), 'latlon': (42.300014016666665, -71.09997653333333), 'heading': 60.1, 'depth': 1.0, 'altitude': 10.0, 'roll': 0.0, 'pitch': 0.0, 'last_fix_time': datetime.datetime(2021, 7, 28, 15, 46, 54), 'speed': None, 'rudder': 0, 'datum': (42.3, -71.1)}
2021-07-28 16:46:56,288 [INFO] Processing: $BFNVG,154655.26,4218.000938,N,07105.998369,W,0,10.0,1.0,62.3,0.0,0.0,154655.26*61
2021-07-28 16:46:56,291 [INFO] Interpreted as: {'position': (2.283637881395407, 1.6806551236659288), 'latlon': (42.30001563333333, -71.09997281666666), 'heading': 62.3, 'depth': 1.0, 'altitude': 10.0, 'roll': 0.0, 'pitch': 0.0, 'last_fix_time': datetime.datetime(2021, 7, 28, 15, 46, 55), 'speed': None, 'rudder': 0, 'datum': (42.3, -71.1)}
2021-07-28 16:46:56,292 [INFO] Received from Frontseat: [b'$BFNVG,154653.88,4218.000514,N,07105.999233,W,0,10.0,1.0,53.6,0.0,0.0,154653.88*6B', b'$BFNVG,154654.23,4218.000629,N,07105.999025,W,0,10.0,1.0,55.8,0.0,0.0,154654.23*6B', b'$BFNVG,154654.57,4218.000738,N,07105.998811,W,0,10.0,1.0,58.0,0.0,0.0,154654.57*61', b'$BFNVG,154654.92,4218.000841,N,07105.998592,W,0,10.0,1.0,60.1,0.0,0.0,154654.92*6C', b'$BFNVG,154655.26,4218.000938,N,07105.998369,W,0,10.0,1.0,62.3,0.0,0.0,154655.26*61']
2021-07-28 16:46:56,294 [INFO] AUV state: {'position': (2.283637881395407, 1.6806551236659288), 'latlon': (42.30001563333333, -71.09997281666666), 'heading': 62.3, 'depth': 1.0, 'altitude': 10.0, 'roll': 0.0, 'pitch': 0.0, 'last_fix_time': datetime.datetime(2021, 7, 28, 15, 46, 55), 'speed': None, 'rudder': 0, 'datum': (42.3, -71.1)}
2021-07-28 16:46:56,643 [INFO] **** [(-23.534691668334787, -11.763034570277275)] [(-0.1942243117686781, -11.297869979371637)]
2021-07-28 16:46:56,645 [INFO] Next green buoy: [(-23.534691668334787, -11.763034570277275)], next red buoy: [(-0.1942243117686781, -11.297869979371637)]
2021-07-28 16:46:56,646 [INFO] Desired_heading: 50.435542009948264
2021-07-28 16:46:56,646 [INFO] sending message $BPRMB,154656.70,-25,,,1000,0,1*65
...
2021-07-28 16:46:57,647 [INFO] sending message $BPSTS,154657.64,1,BWSI Autonomy OK*42
...
2021-07-28 16:46:57,649 [INFO] Processing: $BFNVG,154655.62,4218.001031,N,07105.998134,W,0,10.0,1.0,64.5,0.0,0.0,154655.62*6A
2021-07-28 16:46:57,654 [INFO] Interpreted as: {'position': (2.6107470043352805, 1.8448023814707994), 'latlon': (42.30001718333333, -71.0999689), 'heading': 64.5, 'depth': 1.0, 'altitude': 10.0, 'roll': 0.0, 'pitch': 0.0, 'last_fix_time': datetime.datetime(2021, 7, 28, 15, 46, 55), 'speed': None, 'rudder': 0, 'datum': (42.3, -71.1)}
2021-07-28 16:46:57,655 [INFO] Processing: $BFNVG,154655.99,4218.001125,N,07105.997884,W,0,10.0,1.0,64.6,0.0,0.0,154655.99*60
2021-07-28 16:46:57,657 [INFO] Interpreted as: {'position': (2.9585099737741984, 2.0102917831391096), 'latlon': (42.30001875, -71.09996473333334), 'heading': 64.6, 'depth': 1.0, 'altitude': 10.0, 'roll': 0.0, 'pitch': 0.0, 'last_fix_time': datetime.datetime(2021, 7, 28, 15, 46, 55), 'speed': None, 'rudder': 0, 'datum': (42.3, -71.1)}
2021-07-28 16:46:57,659 [INFO] Processing: $BFNVG,154656.35,4218.001213,N,07105.997647,W,0,10.0,1.0,64.7,0.0,0.0,154656.35*66
2021-07-28 16:46:57,661 [INFO] Interpreted as: {'position': (3.288138468982652, 2.165117776952684), 'latlon': (42.30002021666667, -71.09996078333333), 'heading': 64.7, 'depth': 1.0, 'altitude': 10.0, 'roll': 0.0, 'pitch': 0.0, 'last_fix_time': datetime.datetime(2021, 7, 28, 15, 46, 56), 'speed': None, 'rudder': 0, 'datum': (42.3, -71.1)}
2021-07-28 16:46:57,663 [INFO] Received from Frontseat: [b'$BFNVG,154655.62,4218.001031,N,07105.998134,W,0,10.0,1.0,64.5,0.0,0.0,154655.62*6A', b'$BFNVG,154655.99,4218.001125,N,07105.997884,W,0,10.0,1.0,64.6,0.0,0.0,154655.99*60', b'$BFNVG,154656.35,4218.001213,N,07105.997647,W,0,10.0,1.0,64.7,0.0,0.0,154656.35*66']
2021-07-28 16:46:57,664 [INFO] AUV state: {'position': (3.288138468982652, 2.165117776952684), 'latlon': (42.30002021666667, -71.09996078333333), 'heading': 64.7, 'depth': 1.0, 'altitude': 10.0, 'roll': 0.0, 'pitch': 0.0, 'last_fix_time': datetime.datetime(2021, 7, 28, 15, 46, 56), 'speed': None, 'rudder': 0, 'datum': (42.3, -71.1)}
2021-07-28 16:46:58,040 [INFO] **** [] [(-3.5176620152715414, -14.29339400992715)]
2021-07-28 16:46:58,042 [INFO] Next green buoy: [], next red buoy: [(-3.5176620152715414, -14.29339400992715)]
2021-07-28 16:46:58,042 [INFO] Desired_heading: 61.18233798472846
2021-07-28 16:46:58,043 [INFO] sending message $BPRMB,154658.59,-8.249297369122822,,,1000,0,1*47
...
2021-07-28 16:46:59,045 [INFO] sending message $BPSTS,154659.04,1,BWSI Autonomy OK*4a
...
2021-07-28 16:46:59,046 [INFO] Processing: $BFNVG,154656.70,4218.001302,N,07105.997409,W,0,10.0,1.0,64.8,0.0,0.0,154656.70*60
2021-07-28 16:46:59,048 [INFO] Interpreted as: {'position': (3.6191864997381344, 2.3217605762183666), 'latlon': (42.3000217, -71.09995681666666), 'heading': 64.8, 'depth': 1.0, 'altitude': 10.0, 'roll': 0.0, 'pitch': 0.0, 'last_fix_time': datetime.datetime(2021, 7, 28, 15, 46, 56), 'speed': None, 'rudder': 0, 'datum': (42.3, -71.1)}
2021-07-28 16:46:59,049 [INFO] Processing: $BFNVG,154657.06,4218.001387,N,07105.997170,W,0,10.0,1.0,67.0,0.0,0.0,154657.06*6D
2021-07-28 16:46:59,051 [INFO] Interpreted as: {'position': (3.951425705861766, 2.4709666995331645), 'latlon': (42.300023116666665, -71.09995283333333), 'heading': 67.0, 'depth': 1.0, 'altitude': 10.0, 'roll': 0.0, 'pitch': 0.0, 'last_fix_time': datetime.datetime(2021, 7, 28, 15, 46, 57), 'speed': None, 'rudder': 0, 'datum': (42.3, -71.1)}
2021-07-28 16:46:59,052 [INFO] Processing: $BFNVG,154657.41,4218.001465,N,07105.996926,W,0,10.0,1.0,69.2,0.0,0.0,154657.41*60
2021-07-28 16:46:59,055 [INFO] Interpreted as: {'position': (4.290214600856416, 2.6070484379306436), 'latlon': (42.300024416666666, -71.09994876666667), 'heading': 69.2, 'depth': 1.0, 'altitude': 10.0, 'roll': 0.0, 'pitch': 0.0, 'last_fix_time': datetime.datetime(2021, 7, 28, 15, 46, 57), 'speed': None, 'rudder': 0, 'datum': (42.3, -71.1)}
2021-07-28 16:46:59,056 [INFO] Processing: $BFNVG,154657.77,4218.001536,N,07105.996680,W,0,10.0,1.0,71.4,0.0,0.0,154657.77*6B
2021-07-28 16:46:59,058 [INFO] Interpreted as: {'position': (4.631431542162318, 2.7301075058057904), 'latlon': (42.3000256, -71.09994466666667), 'heading': 71.4, 'depth': 1.0, 'altitude': 10.0, 'roll': 0.0, 'pitch': 0.0, 'last_fix_time': datetime.datetime(2021, 7, 28, 15, 46, 57), 'speed': None, 'rudder': 0, 'datum': (42.3, -71.1)}
2021-07-28 16:46:59,059 [INFO] Received from Frontseat: [b'$BFNVG,154656.70,4218.001302,N,07105.997409,W,0,10.0,1.0,64.8,0.0,0.0,154656.70*60', b'$BFNVG,154657.06,4218.001387,N,07105.997170,W,0,10.0,1.0,67.0,0.0,0.0,154657.06*6D', b'$BFNVG,154657.41,4218.001465,N,07105.996926,W,0,10.0,1.0,69.2,0.0,0.0,154657.41*60', b'$BFNVG,154657.77,4218.001536,N,07105.996680,W,0,10.0,1.0,71.4,0.0,0.0,154657.77*6B']
2021-07-28 16:46:59,061 [INFO] AUV state: {'position': (4.631431542162318, 2.7301075058057904), 'latlon': (42.3000256, -71.09994466666667), 'heading': 71.4, 'depth': 1.0, 'altitude': 10.0, 'roll': 0.0, 'pitch': 0.0, 'last_fix_time': datetime.datetime(2021, 7, 28, 15, 46, 57), 'speed': None, 'rudder': 0, 'datum': (42.3, -71.1)}
2021-07-28 16:46:59,447 [INFO] **** [] [(-13.972588478761697, -21.40865677369985)]
2021-07-28 16:46:59,449 [INFO] Next green buoy: [], next red buoy: [(-13.972588478761697, -21.40865677369985)]
2021-07-28 16:46:59,450 [INFO] Desired_heading: 57.42741152123831
2021-07-28 16:46:59,450 [INFO] sending message $BPRMB,154659.49,-25,,,1000,0,1*60
...
2021-07-28 16:47:00,452 [INFO] sending message $BPSTS,154700.45,1,BWSI Autonomy OK*42
...
2021-07-28 16:47:00,453 [INFO] Processing: $BFNVG,154658.12,4218.001599,N,07105.996429,W,0,10.0,1.0,73.6,0.0,0.0,154658.12*6F
2021-07-28 16:47:00,455 [INFO] Interpreted as: {'position': (4.979152502375655, 2.8381914887577295), 'latlon': (42.30002665, -71.09994048333333), 'heading': 73.6, 'depth': 1.0, 'altitude': 10.0, 'roll': 0.0, 'pitch': 0.0, 'last_fix_time': datetime.datetime(2021, 7, 28, 15, 46, 58), 'speed': None, 'rudder': 0, 'datum': (42.3, -71.1)}
2021-07-28 16:47:00,456 [INFO] Processing: $BFNVG,154658.49,4218.001660,N,07105.996167,W,0,10.0,1.0,74.4,0.0,0.0,154658.49*60
2021-07-28 16:47:00,459 [INFO] Interpreted as: {'position': (5.341894778772257, 2.9422011533752084), 'latlon': (42.300027666666665, -71.09993611666667), 'heading': 74.4, 'depth': 1.0, 'altitude': 10.0, 'roll': 0.0, 'pitch': 0.0, 'last_fix_time': datetime.datetime(2021, 7, 28, 15, 46, 58), 'speed': None, 'rudder': 0, 'datum': (42.3, -71.1)}
2021-07-28 16:47:00,461 [INFO] Processing: $BFNVG,154658.86,4218.001720,N,07105.995900,W,0,10.0,1.0,75.1,0.0,0.0,154658.86*6B
2021-07-28 16:47:00,463 [INFO] Interpreted as: {'position': (5.711460770922713, 3.044190618209541), 'latlon': (42.30002866666667, -71.09993166666666), 'heading': 75.1, 'depth': 1.0, 'altitude': 10.0, 'roll': 0.0, 'pitch': 0.0, 'last_fix_time': datetime.datetime(2021, 7, 28, 15, 46, 58), 'speed': None, 'rudder': 0, 'datum': (42.3, -71.1)}
2021-07-28 16:47:00,464 [INFO] Processing: $BFNVG,154659.21,4218.001774,N,07105.995644,W,0,10.0,1.0,75.9,0.0,0.0,154659.21*6D
2021-07-28 16:47:00,466 [INFO] Interpreted as: {'position': (6.065640057437122, 3.1354488618671894), 'latlon': (42.300029566666666, -71.0999274), 'heading': 75.9, 'depth': 1.0, 'altitude': 10.0, 'roll': 0.0, 'pitch': 0.0, 'last_fix_time': datetime.datetime(2021, 7, 28, 15, 46, 59), 'speed': None, 'rudder': 0, 'datum': (42.3, -71.1)}
2021-07-28 16:47:00,467 [INFO] Received from Frontseat: [b'$BFNVG,154658.12,4218.001599,N,07105.996429,W,0,10.0,1.0,73.6,0.0,0.0,154658.12*6F', b'$BFNVG,154658.49,4218.001660,N,07105.996167,W,0,10.0,1.0,74.4,0.0,0.0,154658.49*60', b'$BFNVG,154658.86,4218.001720,N,07105.995900,W,0,10.0,1.0,75.1,0.0,0.0,154658.86*6B', b'$BFNVG,154659.21,4218.001774,N,07105.995644,W,0,10.0,1.0,75.9,0.0,0.0,154659.21*6D']
2021-07-28 16:47:00,468 [INFO] AUV state: {'position': (6.065640057437122, 3.1354488618671894), 'latlon': (42.300029566666666, -71.0999274), 'heading': 75.9, 'depth': 1.0, 'altitude': 10.0, 'roll': 0.0, 'pitch': 0.0, 'last_fix_time': datetime.datetime(2021, 7, 28, 15, 46, 59), 'speed': None, 'rudder': 0, 'datum': (42.3, -71.1)}
2021-07-28 16:47:00,828 [INFO] **** [] []
2021-07-28 16:47:00,830 [INFO] Next green buoy: [], next red buoy: []
2021-07-28 16:47:00,830 [INFO] Desired_heading: 75.9
2021-07-28 16:47:00,831 [INFO] sending message $BPRMB,154701.40,-0.0,,,1000,0,1*4c
...
2021-07-28 16:47:01,832 [INFO] sending message $BPSTS,154701.83,1,BWSI Autonomy OK*49
...
2021-07-28 16:47:01,834 [INFO] Processing: $BFNVG,154659.58,4218.001827,N,07105.995380,W,0,10.0,1.0,76.6,0.0,0.0,154659.58*65
2021-07-28 16:47:01,837 [INFO] Interpreted as: {'position': (6.430764696502592, 3.2245851969346404), 'latlon': (42.30003045, -71.099923), 'heading': 76.6, 'depth': 1.0, 'altitude': 10.0, 'roll': 0.0, 'pitch': 0.0, 'last_fix_time': datetime.datetime(2021, 7, 28, 15, 46, 59), 'speed': None, 'rudder': 0, 'datum': (42.3, -71.1)}
2021-07-28 16:47:01,838 [INFO] Processing: $BFNVG,154659.94,4218.001875,N,07105.995115,W,0,10.0,1.0,78.9,0.0,0.0,154659.94*6D
2021-07-28 16:47:01,841 [INFO] Interpreted as: {'position': (6.797034852788784, 3.304434159770608), 'latlon': (42.30003125, -71.09991858333333), 'heading': 78.9, 'depth': 1.0, 'altitude': 10.0, 'roll': 0.0, 'pitch': 0.0, 'last_fix_time': datetime.datetime(2021, 7, 28, 15, 46, 59), 'speed': None, 'rudder': 0, 'datum': (42.3, -71.1)}
2021-07-28 16:47:01,842 [INFO] Processing: $BFNVG,154700.30,4218.001914,N,07105.994853,W,0,10.0,1.0,81.1,0.0,0.0,154700.30*6F
2021-07-28 16:47:01,844 [INFO] Interpreted as: {'position': (7.158772330265492, 3.3677285797894), 'latlon': (42.3000319, -71.09991421666666), 'heading': 81.1, 'depth': 1.0, 'altitude': 10.0, 'roll': 0.0, 'pitch': 0.0, 'last_fix_time': datetime.datetime(2021, 7, 28, 15, 47), 'speed': None, 'rudder': 0, 'datum': (42.3, -71.1)}
2021-07-28 16:47:01,845 [INFO] Processing: $BFNVG,154700.65,4218.001945,N,07105.994592,W,0,10.0,1.0,83.4,0.0,0.0,154700.65*6C
2021-07-28 16:47:01,847 [INFO] Interpreted as: {'position': (7.5187705578282475, 3.4162513446062803), 'latlon': (42.30003241666667, -71.09990986666666), 'heading': 83.4, 'depth': 1.0, 'altitude': 10.0, 'roll': 0.0, 'pitch': 0.0, 'last_fix_time': datetime.datetime(2021, 7, 28, 15, 47), 'speed': None, 'rudder': 0, 'datum': (42.3, -71.1)}
2021-07-28 16:47:01,848 [INFO] Received from Frontseat: [b'$BFNVG,154659.58,4218.001827,N,07105.995380,W,0,10.0,1.0,76.6,0.0,0.0,154659.58*65', b'$BFNVG,154659.94,4218.001875,N,07105.995115,W,0,10.0,1.0,78.9,0.0,0.0,154659.94*6D', b'$BFNVG,154700.30,4218.001914,N,07105.994853,W,0,10.0,1.0,81.1,0.0,0.0,154700.30*6F', b'$BFNVG,154700.65,4218.001945,N,07105.994592,W,0,10.0,1.0,83.4,0.0,0.0,154700.65*6C']
2021-07-28 16:47:01,849 [INFO] AUV state: {'position': (7.5187705578282475, 3.4162513446062803), 'latlon': (42.30003241666667, -71.09990986666666), 'heading': 83.4, 'depth': 1.0, 'altitude': 10.0, 'roll': 0.0, 'pitch': 0.0, 'last_fix_time': datetime.datetime(2021, 7, 28, 15, 47), 'speed': None, 'rudder': 0, 'datum': (42.3, -71.1)}
2021-07-28 16:47:02,183 [INFO] **** [] []
2021-07-28 16:47:02,185 [INFO] Next green buoy: [], next red buoy: []
2021-07-28 16:47:02,186 [INFO] Desired_heading: 83.4
2021-07-28 16:47:02,186 [INFO] sending message $BPRMB,154702.25,-0.0,,,1000,0,1*4c
...
2021-07-28 16:47:03,188 [INFO] sending message $BPSTS,154703.18,1,BWSI Autonomy OK*49
...
2021-07-28 16:47:03,190 [INFO] Processing: $BFNVG,154701.02,4218.001970,N,07105.994320,W,0,10.0,1.0,85.6,0.0,0.0,154701.02*61
2021-07-28 16:47:03,196 [INFO] Interpreted as: {'position': (7.893607428995892, 3.453297007828951), 'latlon': (42.30003283333333, -71.09990533333334), 'heading': 85.6, 'depth': 1.0, 'altitude': 10.0, 'roll': 0.0, 'pitch': 0.0, 'last_fix_time': datetime.datetime(2021, 7, 28, 15, 47, 1), 'speed': None, 'rudder': 0, 'datum': (42.3, -71.1)}
2021-07-28 16:47:03,197 [INFO] Processing: $BFNVG,154701.37,4218.001989,N,07105.994057,W,0,10.0,1.0,85.6,0.0,0.0,154701.37*64
2021-07-28 16:47:03,199 [INFO] Interpreted as: {'position': (8.255805365857668, 3.4795436365529895), 'latlon': (42.30003315, -71.09990095), 'heading': 85.6, 'depth': 1.0, 'altitude': 10.0, 'roll': 0.0, 'pitch': 0.0, 'last_fix_time': datetime.datetime(2021, 7, 28, 15, 47, 1), 'speed': None, 'rudder': 0, 'datum': (42.3, -71.1)}
2021-07-28 16:47:03,200 [INFO] Processing: $BFNVG,154701.72,4218.002009,N,07105.993795,W,0,10.0,1.0,85.6,0.0,0.0,154701.72*68
2021-07-28 16:47:03,203 [INFO] Interpreted as: {'position': (8.616675089695491, 3.507674884982407), 'latlon': (42.30003348333334, -71.09989658333333), 'heading': 85.6, 'depth': 1.0, 'altitude': 10.0, 'roll': 0.0, 'pitch': 0.0, 'last_fix_time': datetime.datetime(2021, 7, 28, 15, 47, 1), 'speed': None, 'rudder': 0, 'datum': (42.3, -71.1)}
2021-07-28 16:47:03,204 [INFO] Processing: $BFNVG,154702.08,4218.002029,N,07105.993533,W,0,10.0,1.0,85.6,0.0,0.0,154702.08*64
2021-07-28 16:47:03,206 [INFO] Interpreted as: {'position': (8.977544809691608, 3.5358061539009213), 'latlon': (42.30003381666667, -71.09989221666666), 'heading': 85.6, 'depth': 1.0, 'altitude': 10.0, 'roll': 0.0, 'pitch': 0.0, 'last_fix_time': datetime.datetime(2021, 7, 28, 15, 47, 2), 'speed': None, 'rudder': 0, 'datum': (42.3, -71.1)}
2021-07-28 16:47:03,207 [INFO] Received from Frontseat: [b'$BFNVG,154701.02,4218.001970,N,07105.994320,W,0,10.0,1.0,85.6,0.0,0.0,154701.02*61', b'$BFNVG,154701.37,4218.001989,N,07105.994057,W,0,10.0,1.0,85.6,0.0,0.0,154701.37*64', b'$BFNVG,154701.72,4218.002009,N,07105.993795,W,0,10.0,1.0,85.6,0.0,0.0,154701.72*68', b'$BFNVG,154702.08,4218.002029,N,07105.993533,W,0,10.0,1.0,85.6,0.0,0.0,154702.08*64']
2021-07-28 16:47:03,208 [INFO] AUV state: {'position': (8.977544809691608, 3.5358061539009213), 'latlon': (42.30003381666667, -71.09989221666666), 'heading': 85.6, 'depth': 1.0, 'altitude': 10.0, 'roll': 0.0, 'pitch': 0.0, 'last_fix_time': datetime.datetime(2021, 7, 28, 15, 47, 2), 'speed': None, 'rudder': 0, 'datum': (42.3, -71.1)}
2021-07-28 16:47:03,557 [INFO] **** [] []
2021-07-28 16:47:03,559 [INFO] Next green buoy: [], next red buoy: []
2021-07-28 16:47:03,560 [INFO] Desired_heading: 85.6
2021-07-28 16:47:03,560 [INFO] sending message $BPRMB,154704.11,-0.0,,,1000,0,1*4d
...
2021-07-28 16:47:04,562 [INFO] sending message $BPSTS,154704.56,1,BWSI Autonomy OK*44
...
2021-07-28 16:47:04,562 [INFO] Processing: $BFNVG,154702.45,4218.002049,N,07105.993257,W,0,10.0,1.0,85.6,0.0,0.0,154702.45*67
2021-07-28 16:47:04,563 [INFO] Interpreted as: {'position': (9.357648832607083, 3.5634627947583795), 'latlon': (42.30003415, -71.09988761666666), 'heading': 85.6, 'depth': 1.0, 'altitude': 10.0, 'roll': 0.0, 'pitch': 0.0, 'last_fix_time': datetime.datetime(2021, 7, 28, 15, 47, 2), 'speed': None, 'rudder': 0, 'datum': (42.3, -71.1)}
2021-07-28 16:47:04,564 [INFO] Processing: $BFNVG,154702.81,4218.002070,N,07105.992987,W,0,10.0,1.0,85.6,0.0,0.0,154702.81*6A
2021-07-28 16:47:04,565 [INFO] Interpreted as: {'position': (9.729555246653035, 3.5931735718622804), 'latlon': (42.3000345, -71.09988311666666), 'heading': 85.6, 'depth': 1.0, 'altitude': 10.0, 'roll': 0.0, 'pitch': 0.0, 'last_fix_time': datetime.datetime(2021, 7, 28, 15, 47, 2), 'speed': None, 'rudder': 0, 'datum': (42.3, -71.1)}
2021-07-28 16:47:04,565 [INFO] Processing: $BFNVG,154703.17,4218.002090,N,07105.992720,W,0,10.0,1.0,85.6,0.0,0.0,154703.17*67
2021-07-28 16:47:04,566 [INFO] Interpreted as: {'position': (10.097294347768184, 3.6211353819817305), 'latlon': (42.300034833333335, -71.09987866666667), 'heading': 85.6, 'depth': 1.0, 'altitude': 10.0, 'roll': 0.0, 'pitch': 0.0, 'last_fix_time': datetime.datetime(2021, 7, 28, 15, 47, 3), 'speed': None, 'rudder': 0, 'datum': (42.3, -71.1)}
2021-07-28 16:47:04,567 [INFO] Processing: $BFNVG,154703.52,4218.002109,N,07105.992456,W,0,10.0,1.0,85.6,0.0,0.0,154703.52*64
2021-07-28 16:47:04,567 [INFO] Interpreted as: {'position': (10.460866140550934, 3.6473482213914394), 'latlon': (42.30003515, -71.09987426666666), 'heading': 85.6, 'depth': 1.0, 'altitude': 10.0, 'roll': 0.0, 'pitch': 0.0, 'last_fix_time': datetime.datetime(2021, 7, 28, 15, 47, 3), 'speed': None, 'rudder': 0, 'datum': (42.3, -71.1)}
2021-07-28 16:47:04,568 [INFO] Received from Frontseat: [b'$BFNVG,154702.45,4218.002049,N,07105.993257,W,0,10.0,1.0,85.6,0.0,0.0,154702.45*67', b'$BFNVG,154702.81,4218.002070,N,07105.992987,W,0,10.0,1.0,85.6,0.0,0.0,154702.81*6A', b'$BFNVG,154703.17,4218.002090,N,07105.992720,W,0,10.0,1.0,85.6,0.0,0.0,154703.17*67', b'$BFNVG,154703.52,4218.002109,N,07105.992456,W,0,10.0,1.0,85.6,0.0,0.0,154703.52*64']
2021-07-28 16:47:04,568 [INFO] AUV state: {'position': (10.460866140550934, 3.6473482213914394), 'latlon': (42.30003515, -71.09987426666666), 'heading': 85.6, 'depth': 1.0, 'altitude': 10.0, 'roll': 0.0, 'pitch': 0.0, 'last_fix_time': datetime.datetime(2021, 7, 28, 15, 47, 3), 'speed': None, 'rudder': 0, 'datum': (42.3, -71.1)}
2021-07-28 16:47:04,858 [INFO] **** [] []
2021-07-28 16:47:04,860 [INFO] Next green buoy: [], next red buoy: []
2021-07-28 16:47:04,861 [INFO] Desired_heading: 85.6
2021-07-28 16:47:04,861 [INFO] sending message $BPRMB,154705.00,-0.0,,,1000,0,1*4c
...
2021-07-28 16:47:05,863 [INFO] sending message $BPSTS,154705.86,1,BWSI Autonomy OK*48
...
2021-07-28 16:47:05,864 [INFO] Processing: $BFNVG,154703.88,4218.002129,N,07105.992192,W,0,10.0,1.0,85.6,0.0,0.0,154703.88*6B
2021-07-28 16:47:05,866 [INFO] Interpreted as: {'position': (10.824483596836217, 3.6754117775708437), 'latlon': (42.30003548333333, -71.09986986666667), 'heading': 85.6, 'depth': 1.0, 'altitude': 10.0, 'roll': 0.0, 'pitch': 0.0, 'last_fix_time': datetime.datetime(2021, 7, 28, 15, 47, 3), 'speed': None, 'rudder': 0, 'datum': (42.3, -71.1)}
2021-07-28 16:47:05,867 [INFO] Processing: $BFNVG,154704.23,4218.002149,N,07105.991927,W,0,10.0,1.0,85.6,0.0,0.0,154704.23*68
2021-07-28 16:47:05,870 [INFO] Interpreted as: {'position': (11.18947493028827, 3.7034414494410157), 'latlon': (42.300035816666664, -71.09986545), 'heading': 85.6, 'depth': 1.0, 'altitude': 10.0, 'roll': 0.0, 'pitch': 0.0, 'last_fix_time': datetime.datetime(2021, 7, 28, 15, 47, 4), 'speed': None, 'rudder': 0, 'datum': (42.3, -71.1)}
2021-07-28 16:47:05,871 [INFO] Processing: $BFNVG,154704.59,4218.002169,N,07105.991663,W,0,10.0,1.0,85.6,0.0,0.0,154704.59*65
2021-07-28 16:47:05,873 [INFO] Interpreted as: {'position': (11.553092380752787, 3.7315050419420004), 'latlon': (42.30003615, -71.09986105), 'heading': 85.6, 'depth': 1.0, 'altitude': 10.0, 'roll': 0.0, 'pitch': 0.0, 'last_fix_time': datetime.datetime(2021, 7, 28, 15, 47, 4), 'speed': None, 'rudder': 0, 'datum': (42.3, -71.1)}
2021-07-28 16:47:05,874 [INFO] Received from Frontseat: [b'$BFNVG,154703.88,4218.002129,N,07105.992192,W,0,10.0,1.0,85.6,0.0,0.0,154703.88*6B', b'$BFNVG,154704.23,4218.002149,N,07105.991927,W,0,10.0,1.0,85.6,0.0,0.0,154704.23*68', b'$BFNVG,154704.59,4218.002169,N,07105.991663,W,0,10.0,1.0,85.6,0.0,0.0,154704.59*65']
2021-07-28 16:47:05,875 [INFO] AUV state: {'position': (11.553092380752787, 3.7315050419420004), 'latlon': (42.30003615, -71.09986105), 'heading': 85.6, 'depth': 1.0, 'altitude': 10.0, 'roll': 0.0, 'pitch': 0.0, 'last_fix_time': datetime.datetime(2021, 7, 28, 15, 47, 4), 'speed': None, 'rudder': 0, 'datum': (42.3, -71.1)}
2021-07-28 16:47:06,205 [INFO] **** [] []
2021-07-28 16:47:06,207 [INFO] Next green buoy: [], next red buoy: []
2021-07-28 16:47:06,208 [INFO] Desired_heading: 85.6
2021-07-28 16:47:06,208 [INFO] sending message $BPRMB,154706.71,-0.0,,,1000,0,1*49
...
2021-07-28 16:47:07,210 [INFO] sending message $BPSTS,154707.21,1,BWSI Autonomy OK*47
...
2021-07-28 16:47:07,211 [INFO] Processing: $BFNVG,154704.94,4218.002189,N,07105.991398,W,0,10.0,1.0,85.6,0.0,0.0,154704.94*6A
2021-07-28 16:47:07,213 [INFO] Interpreted as: {'position': (11.918083706405014, 3.759534753859043), 'latlon': (42.300036483333336, -71.09985663333333), 'heading': 85.6, 'depth': 1.0, 'altitude': 10.0, 'roll': 0.0, 'pitch': 0.0, 'last_fix_time': datetime.datetime(2021, 7, 28, 15, 47, 4), 'speed': None, 'rudder': 0, 'datum': (42.3, -71.1)}
2021-07-28 16:47:07,214 [INFO] Processing: $BFNVG,154705.31,4218.002209,N,07105.991124,W,0,10.0,1.0,85.6,0.0,0.0,154705.31*64
2021-07-28 16:47:07,216 [INFO] Interpreted as: {'position': (12.295439939014614, 3.7872593589127064), 'latlon': (42.30003681666667, -71.09985206666667), 'heading': 85.6, 'depth': 1.0, 'altitude': 10.0, 'roll': 0.0, 'pitch': 0.0, 'last_fix_time': datetime.datetime(2021, 7, 28, 15, 47, 5), 'speed': None, 'rudder': 0, 'datum': (42.3, -71.1)}
2021-07-28 16:47:07,216 [INFO] Processing: $BFNVG,154705.67,4218.002229,N,07105.990859,W,0,10.0,1.0,85.6,0.0,0.0,154705.67*64
2021-07-28 16:47:07,218 [INFO] Interpreted as: {'position': (12.660431256634183, 3.8152891052886844), 'latlon': (42.30003715, -71.09984765), 'heading': 85.6, 'depth': 1.0, 'altitude': 10.0, 'roll': 0.0, 'pitch': 0.0, 'last_fix_time': datetime.datetime(2021, 7, 28, 15, 47, 5), 'speed': None, 'rudder': 0, 'datum': (42.3, -71.1)}
2021-07-28 16:47:07,219 [INFO] Processing: $BFNVG,154706.02,4218.002249,N,07105.990595,W,0,10.0,1.0,85.6,0.0,0.0,154706.02*6F
2021-07-28 16:47:07,222 [INFO] Interpreted as: {'position': (13.024048689228948, 3.8433527760207653), 'latlon': (42.300037483333334, -71.09984325), 'heading': 85.6, 'depth': 1.0, 'altitude': 10.0, 'roll': 0.0, 'pitch': 0.0, 'last_fix_time': datetime.datetime(2021, 7, 28, 15, 47, 6), 'speed': None, 'rudder': 0, 'datum': (42.3, -71.1)}
2021-07-28 16:47:07,225 [INFO] Received from Frontseat: [b'$BFNVG,154704.94,4218.002189,N,07105.991398,W,0,10.0,1.0,85.6,0.0,0.0,154704.94*6A', b'$BFNVG,154705.31,4218.002209,N,07105.991124,W,0,10.0,1.0,85.6,0.0,0.0,154705.31*64', b'$BFNVG,154705.67,4218.002229,N,07105.990859,W,0,10.0,1.0,85.6,0.0,0.0,154705.67*64', b'$BFNVG,154706.02,4218.002249,N,07105.990595,W,0,10.0,1.0,85.6,0.0,0.0,154706.02*6F']
2021-07-28 16:47:07,226 [INFO] AUV state: {'position': (13.024048689228948, 3.8433527760207653), 'latlon': (42.300037483333334, -71.09984325), 'heading': 85.6, 'depth': 1.0, 'altitude': 10.0, 'roll': 0.0, 'pitch': 0.0, 'last_fix_time': datetime.datetime(2021, 7, 28, 15, 47, 6), 'speed': None, 'rudder': 0, 'datum': (42.3, -71.1)}
2021-07-28 16:47:07,577 [INFO] **** [] []
2021-07-28 16:47:07,580 [INFO] Next green buoy: [], next red buoy: []
2021-07-28 16:47:07,581 [INFO] Desired_heading: 85.6
2021-07-28 16:47:07,581 [INFO] sending message $BPRMB,154707.70,-0.0,,,1000,0,1*49
...
2021-07-28 16:47:08,583 [INFO] sending message $BPSTS,154708.58,1,BWSI Autonomy OK*46
...
2021-07-28 16:47:08,585 [INFO] Processing: $BFNVG,154706.38,4218.002269,N,07105.990325,W,0,10.0,1.0,85.6,0.0,0.0,154706.38*60
2021-07-28 16:47:08,590 [INFO] Interpreted as: {'position': (13.395909391751047, 3.871213050559163), 'latlon': (42.300037816666666, -71.09983875), 'heading': 85.6, 'depth': 1.0, 'altitude': 10.0, 'roll': 0.0, 'pitch': 0.0, 'last_fix_time': datetime.datetime(2021, 7, 28, 15, 47, 6), 'speed': None, 'rudder': 0, 'datum': (42.3, -71.1)}
2021-07-28 16:47:08,591 [INFO] Processing: $BFNVG,154706.74,4218.002289,N,07105.990063,W,0,10.0,1.0,85.6,0.0,0.0,154706.74*6F
2021-07-28 16:47:08,593 [INFO] Interpreted as: {'position': (13.756779060699046, 3.8993445616215467), 'latlon': (42.30003815, -71.09983438333333), 'heading': 85.6, 'depth': 1.0, 'altitude': 10.0, 'roll': 0.0, 'pitch': 0.0, 'last_fix_time': datetime.datetime(2021, 7, 28, 15, 47, 6), 'speed': None, 'rudder': 0, 'datum': (42.3, -71.1)}
2021-07-28 16:47:08,594 [INFO] Processing: $BFNVG,154707.09,4218.002309,N,07105.989800,W,0,10.0,1.0,85.6,0.0,0.0,154707.09*63
2021-07-28 16:47:08,596 [INFO] Interpreted as: {'position': (14.119022604660131, 3.9274421902373433), 'latlon': (42.30003848333333, -71.09983), 'heading': 85.6, 'depth': 1.0, 'altitude': 10.0, 'roll': 0.0, 'pitch': 0.0, 'last_fix_time': datetime.datetime(2021, 7, 28, 15, 47, 7), 'speed': None, 'rudder': 0, 'datum': (42.3, -71.1)}
2021-07-28 16:47:08,598 [INFO] Processing: $BFNVG,154707.45,4218.002329,N,07105.989530,W,0,10.0,1.0,85.6,0.0,0.0,154707.45*6F
2021-07-28 16:47:08,600 [INFO] Interpreted as: {'position': (14.490883297345135, 3.9553025225177407), 'latlon': (42.300038816666664, -71.0998255), 'heading': 85.6, 'depth': 1.0, 'altitude': 10.0, 'roll': 0.0, 'pitch': 0.0, 'last_fix_time': datetime.datetime(2021, 7, 28, 15, 47, 7), 'speed': None, 'rudder': 0, 'datum': (42.3, -71.1)}
2021-07-28 16:47:08,601 [INFO] Received from Frontseat: [b'$BFNVG,154706.38,4218.002269,N,07105.990325,W,0,10.0,1.0,85.6,0.0,0.0,154706.38*60', b'$BFNVG,154706.74,4218.002289,N,07105.990063,W,0,10.0,1.0,85.6,0.0,0.0,154706.74*6F', b'$BFNVG,154707.09,4218.002309,N,07105.989800,W,0,10.0,1.0,85.6,0.0,0.0,154707.09*63', b'$BFNVG,154707.45,4218.002329,N,07105.989530,W,0,10.0,1.0,85.6,0.0,0.0,154707.45*6F']
2021-07-28 16:47:08,602 [INFO] AUV state: {'position': (14.490883297345135, 3.9553025225177407), 'latlon': (42.300038816666664, -71.0998255), 'heading': 85.6, 'depth': 1.0, 'altitude': 10.0, 'roll': 0.0, 'pitch': 0.0, 'last_fix_time': datetime.datetime(2021, 7, 28, 15, 47, 7), 'speed': None, 'rudder': 0, 'datum': (42.3, -71.1)}
2021-07-28 16:47:08,940 [INFO] **** [] []
2021-07-28 16:47:08,942 [INFO] Next green buoy: [], next red buoy: []
2021-07-28 16:47:08,942 [INFO] Desired_heading: 85.6
2021-07-28 16:47:08,943 [INFO] sending message $BPRMB,154709.46,-0.0,,,1000,0,1*42
...
2021-07-28 16:47:09,945 [INFO] sending message $BPSTS,154709.94,1,BWSI Autonomy OK*47
...
2021-07-28 16:47:09,946 [INFO] Processing: $BFNVG,154707.82,4218.002350,N,07105.989253,W,0,10.0,1.0,85.6,0.0,0.0,154707.82*63
2021-07-28 16:47:09,948 [INFO] Interpreted as: {'position': (14.87240680679679, 3.984776256605983), 'latlon': (42.300039166666664, -71.09982088333334), 'heading': 85.6, 'depth': 1.0, 'altitude': 10.0, 'roll': 0.0, 'pitch': 0.0, 'last_fix_time': datetime.datetime(2021, 7, 28, 15, 47, 7), 'speed': None, 'rudder': 0, 'datum': (42.3, -71.1)}
2021-07-28 16:47:09,949 [INFO] Processing: $BFNVG,154708.18,4218.002369,N,07105.988989,W,0,10.0,1.0,85.6,0.0,0.0,154708.18*64
2021-07-28 16:47:09,951 [INFO] Interpreted as: {'position': (15.235978549579158, 4.010989343747497), 'latlon': (42.300039483333336, -71.09981648333333), 'heading': 85.6, 'depth': 1.0, 'altitude': 10.0, 'roll': 0.0, 'pitch': 0.0, 'last_fix_time': datetime.datetime(2021, 7, 28, 15, 47, 8), 'speed': None, 'rudder': 0, 'datum': (42.3, -71.1)}
2021-07-28 16:47:09,952 [INFO] Processing: $BFNVG,154708.54,4218.002390,N,07105.988718,W,0,10.0,1.0,85.6,0.0,0.0,154708.54*64
2021-07-28 16:47:09,954 [INFO] Interpreted as: {'position': (15.609258777229115, 4.040666528977454), 'latlon': (42.30003983333334, -71.09981196666666), 'heading': 85.6, 'depth': 1.0, 'altitude': 10.0, 'roll': 0.0, 'pitch': 0.0, 'last_fix_time': datetime.datetime(2021, 7, 28, 15, 47, 8), 'speed': None, 'rudder': 0, 'datum': (42.3, -71.1)}
2021-07-28 16:47:09,955 [INFO] Processing: $BFNVG,154708.91,4218.002410,N,07105.988444,W,0,10.0,1.0,85.6,0.0,0.0,154708.91*61
2021-07-28 16:47:09,957 [INFO] Interpreted as: {'position': (15.986614967288915, 4.06839133054018), 'latlon': (42.30004016666667, -71.0998074), 'heading': 85.6, 'depth': 1.0, 'altitude': 10.0, 'roll': 0.0, 'pitch': 0.0, 'last_fix_time': datetime.datetime(2021, 7, 28, 15, 47, 8), 'speed': None, 'rudder': 0, 'datum': (42.3, -71.1)}
2021-07-28 16:47:09,958 [INFO] Received from Frontseat: [b'$BFNVG,154707.82,4218.002350,N,07105.989253,W,0,10.0,1.0,85.6,0.0,0.0,154707.82*63', b'$BFNVG,154708.18,4218.002369,N,07105.988989,W,0,10.0,1.0,85.6,0.0,0.0,154708.18*64', b'$BFNVG,154708.54,4218.002390,N,07105.988718,W,0,10.0,1.0,85.6,0.0,0.0,154708.54*64', b'$BFNVG,154708.91,4218.002410,N,07105.988444,W,0,10.0,1.0,85.6,0.0,0.0,154708.91*61']
2021-07-28 16:47:09,960 [INFO] AUV state: {'position': (15.986614967288915, 4.06839133054018), 'latlon': (42.30004016666667, -71.0998074), 'heading': 85.6, 'depth': 1.0, 'altitude': 10.0, 'roll': 0.0, 'pitch': 0.0, 'last_fix_time': datetime.datetime(2021, 7, 28, 15, 47, 8), 'speed': None, 'rudder': 0, 'datum': (42.3, -71.1)}
2021-07-28 16:47:10,304 [INFO] **** [] []
2021-07-28 16:47:10,306 [INFO] Next green buoy: [], next red buoy: []
2021-07-28 16:47:10,307 [INFO] Desired_heading: 85.6
2021-07-28 16:47:10,307 [INFO] sending message $BPRMB,154710.42,-0.0,,,1000,0,1*4e
...
2021-07-28 16:47:11,309 [INFO] sending message $BPSTS,154711.30,1,BWSI Autonomy OK*40
...
2021-07-28 16:47:11,310 [INFO] Processing: $BFNVG,154709.26,4218.002430,N,07105.988179,W,0,10.0,1.0,85.6,0.0,0.0,154709.26*68
2021-07-28 16:47:11,311 [INFO] Interpreted as: {'position': (16.351606245269068, 4.096421269699931), 'latlon': (42.3000405, -71.09980298333333), 'heading': 85.6, 'depth': 1.0, 'altitude': 10.0, 'roll': 0.0, 'pitch': 0.0, 'last_fix_time': datetime.datetime(2021, 7, 28, 15, 47, 9), 'speed': None, 'rudder': 0, 'datum': (42.3, -71.1)}
2021-07-28 16:47:11,312 [INFO] Processing: $BFNVG,154709.62,4218.002450,N,07105.987913,W,0,10.0,1.0,85.6,0.0,0.0,154709.62*65
2021-07-28 16:47:11,314 [INFO] Interpreted as: {'position': (16.717971395934, 4.124417326413095), 'latlon': (42.300040833333334, -71.09979855), 'heading': 85.6, 'depth': 1.0, 'altitude': 10.0, 'roll': 0.0, 'pitch': 0.0, 'last_fix_time': datetime.datetime(2021, 7, 28, 15, 47, 9), 'speed': None, 'rudder': 0, 'datum': (42.3, -71.1)}
2021-07-28 16:47:11,314 [INFO] Processing: $BFNVG,154709.98,4218.002470,N,07105.987647,W,0,10.0,1.0,85.6,0.0,0.0,154709.98*69
2021-07-28 16:47:11,316 [INFO] Interpreted as: {'position': (17.08433654491091, 4.15241340175271), 'latlon': (42.30004116666667, -71.09979411666667), 'heading': 85.6, 'depth': 1.0, 'altitude': 10.0, 'roll': 0.0, 'pitch': 0.0, 'last_fix_time': datetime.datetime(2021, 7, 28, 15, 47, 9), 'speed': None, 'rudder': 0, 'datum': (42.3, -71.1)}
2021-07-28 16:47:11,317 [INFO] Received from Frontseat: [b'$BFNVG,154709.26,4218.002430,N,07105.988179,W,0,10.0,1.0,85.6,0.0,0.0,154709.26*68', b'$BFNVG,154709.62,4218.002450,N,07105.987913,W,0,10.0,1.0,85.6,0.0,0.0,154709.62*65', b'$BFNVG,154709.98,4218.002470,N,07105.987647,W,0,10.0,1.0,85.6,0.0,0.0,154709.98*69']
2021-07-28 16:47:11,317 [INFO] AUV state: {'position': (17.08433654491091, 4.15241340175271), 'latlon': (42.30004116666667, -71.09979411666667), 'heading': 85.6, 'depth': 1.0, 'altitude': 10.0, 'roll': 0.0, 'pitch': 0.0, 'last_fix_time': datetime.datetime(2021, 7, 28, 15, 47, 9), 'speed': None, 'rudder': 0, 'datum': (42.3, -71.1)}
2021-07-28 16:47:11,657 [INFO] **** [] []
2021-07-28 16:47:11,659 [INFO] Next green buoy: [], next red buoy: []
2021-07-28 16:47:11,659 [INFO] Desired_heading: 85.6
2021-07-28 16:47:11,660 [INFO] sending message $BPRMB,154712.19,-0.0,,,1000,0,1*42
...
2021-07-28 16:47:12,661 [INFO] sending message $BPSTS,154712.66,1,BWSI Autonomy OK*40
...
2021-07-28 16:47:12,662 [INFO] Processing: $BFNVG,154710.33,4218.002490,N,07105.987382,W,0,10.0,1.0,85.6,0.0,0.0,154710.33*6B
2021-07-28 16:47:12,664 [INFO] Interpreted as: {'position': (17.44932781107491, 4.180443397723138), 'latlon': (42.3000415, -71.0997897), 'heading': 85.6, 'depth': 1.0, 'altitude': 10.0, 'roll': 0.0, 'pitch': 0.0, 'last_fix_time': datetime.datetime(2021, 7, 28, 15, 47, 10), 'speed': None, 'rudder': 0, 'datum': (42.3, -71.1)}
2021-07-28 16:47:12,665 [INFO] Processing: $BFNVG,154710.69,4218.002510,N,07105.987120,W,0,10.0,1.0,85.6,0.0,0.0,154710.69*68
2021-07-28 16:47:12,666 [INFO] Interpreted as: {'position': (17.810197436599992, 4.208575118333101), 'latlon': (42.30004183333333, -71.09978533333333), 'heading': 85.6, 'depth': 1.0, 'altitude': 10.0, 'roll': 0.0, 'pitch': 0.0, 'last_fix_time': datetime.datetime(2021, 7, 28, 15, 47, 10), 'speed': None, 'rudder': 0, 'datum': (42.3, -71.1)}
2021-07-28 16:47:12,667 [INFO] Processing: $BFNVG,154711.04,4218.002529,N,07105.986855,W,0,10.0,1.0,85.6,0.0,0.0,154711.04*68
2021-07-28 16:47:12,669 [INFO] Interpreted as: {'position': (18.1751430274453, 4.234754456207156), 'latlon': (42.30004215, -71.09978091666666), 'heading': 85.6, 'depth': 1.0, 'altitude': 10.0, 'roll': 0.0, 'pitch': 0.0, 'last_fix_time': datetime.datetime(2021, 7, 28, 15, 47, 11), 'speed': None, 'rudder': 0, 'datum': (42.3, -71.1)}
2021-07-28 16:47:12,670 [INFO] Processing: $BFNVG,154711.40,4218.002550,N,07105.986588,W,0,10.0,1.0,85.6,0.0,0.0,154711.40*6B
2021-07-28 16:47:12,672 [INFO] Interpreted as: {'position': (18.542927706846967, 4.264567401260138), 'latlon': (42.3000425, -71.09977646666667), 'heading': 85.6, 'depth': 1.0, 'altitude': 10.0, 'roll': 0.0, 'pitch': 0.0, 'last_fix_time': datetime.datetime(2021, 7, 28, 15, 47, 11), 'speed': None, 'rudder': 0, 'datum': (42.3, -71.1)}
2021-07-28 16:47:12,673 [INFO] Received from Frontseat: [b'$BFNVG,154710.33,4218.002490,N,07105.987382,W,0,10.0,1.0,85.6,0.0,0.0,154710.33*6B', b'$BFNVG,154710.69,4218.002510,N,07105.987120,W,0,10.0,1.0,85.6,0.0,0.0,154710.69*68', b'$BFNVG,154711.04,4218.002529,N,07105.986855,W,0,10.0,1.0,85.6,0.0,0.0,154711.04*68', b'$BFNVG,154711.40,4218.002550,N,07105.986588,W,0,10.0,1.0,85.6,0.0,0.0,154711.40*6B']
2021-07-28 16:47:12,673 [INFO] AUV state: {'position': (18.542927706846967, 4.264567401260138), 'latlon': (42.3000425, -71.09977646666667), 'heading': 85.6, 'depth': 1.0, 'altitude': 10.0, 'roll': 0.0, 'pitch': 0.0, 'last_fix_time': datetime.datetime(2021, 7, 28, 15, 47, 11), 'speed': None, 'rudder': 0, 'datum': (42.3, -71.1)}
2021-07-28 16:47:12,994 [INFO] **** [] []
2021-07-28 16:47:12,996 [INFO] Next green buoy: [], next red buoy: []
2021-07-28 16:47:12,996 [INFO] Desired_heading: 85.6
2021-07-28 16:47:12,997 [INFO] sending message $BPRMB,154713.12,-0.0,,,1000,0,1*48
...
2021-07-28 16:47:13,998 [INFO] sending message $BPSTS,154713.99,1,BWSI Autonomy OK*41
...
2021-07-28 16:47:13,999 [INFO] Processing: $BFNVG,154711.76,4218.002569,N,07105.986324,W,0,10.0,1.0,85.6,0.0,0.0,154711.76*61
2021-07-28 16:47:14,001 [INFO] Interpreted as: {'position': (18.906499409058597, 4.290780678391457), 'latlon': (42.30004281666667, -71.09977206666667), 'heading': 85.6, 'depth': 1.0, 'altitude': 10.0, 'roll': 0.0, 'pitch': 0.0, 'last_fix_time': datetime.datetime(2021, 7, 28, 15, 47, 11), 'speed': None, 'rudder': 0, 'datum': (42.3, -71.1)}
2021-07-28 16:47:14,002 [INFO] Processing: $BFNVG,154712.12,4218.002589,N,07105.986055,W,0,10.0,1.0,85.6,0.0,0.0,154712.12*6A
2021-07-28 16:47:14,004 [INFO] Interpreted as: {'position': (19.276986171025783, 4.31867516413331), 'latlon': (42.30004315, -71.09976758333333), 'heading': 85.6, 'depth': 1.0, 'altitude': 10.0, 'roll': 0.0, 'pitch': 0.0, 'last_fix_time': datetime.datetime(2021, 7, 28, 15, 47, 12), 'speed': None, 'rudder': 0, 'datum': (42.3, -71.1)}
2021-07-28 16:47:14,004 [INFO] Processing: $BFNVG,154712.47,4218.002609,N,07105.985792,W,0,10.0,1.0,85.6,0.0,0.0,154712.47*6E
2021-07-28 16:47:14,006 [INFO] Interpreted as: {'position': (19.63922965375241, 4.34677307587117), 'latlon': (42.30004348333333, -71.0997632), 'heading': 85.6, 'depth': 1.0, 'altitude': 10.0, 'roll': 0.0, 'pitch': 0.0, 'last_fix_time': datetime.datetime(2021, 7, 28, 15, 47, 12), 'speed': None, 'rudder': 0, 'datum': (42.3, -71.1)}
2021-07-28 16:47:14,007 [INFO] Processing: $BFNVG,154712.82,4218.002629,N,07105.985529,W,0,10.0,1.0,85.6,0.0,0.0,154712.82*6E
2021-07-28 16:47:14,009 [INFO] Interpreted as: {'position': (20.001473134732805, 4.37487100623548), 'latlon': (42.300043816666665, -71.09975881666666), 'heading': 85.6, 'depth': 1.0, 'altitude': 10.0, 'roll': 0.0, 'pitch': 0.0, 'last_fix_time': datetime.datetime(2021, 7, 28, 15, 47, 12), 'speed': None, 'rudder': 0, 'datum': (42.3, -71.1)}
2021-07-28 16:47:14,010 [INFO] Received from Frontseat: [b'$BFNVG,154711.76,4218.002569,N,07105.986324,W,0,10.0,1.0,85.6,0.0,0.0,154711.76*61', b'$BFNVG,154712.12,4218.002589,N,07105.986055,W,0,10.0,1.0,85.6,0.0,0.0,154712.12*6A', b'$BFNVG,154712.47,4218.002609,N,07105.985792,W,0,10.0,1.0,85.6,0.0,0.0,154712.47*6E', b'$BFNVG,154712.82,4218.002629,N,07105.985529,W,0,10.0,1.0,85.6,0.0,0.0,154712.82*6E']
2021-07-28 16:47:14,010 [INFO] AUV state: {'position': (20.001473134732805, 4.37487100623548), 'latlon': (42.300043816666665, -71.09975881666666), 'heading': 85.6, 'depth': 1.0, 'altitude': 10.0, 'roll': 0.0, 'pitch': 0.0, 'last_fix_time': datetime.datetime(2021, 7, 28, 15, 47, 12), 'speed': None, 'rudder': 0, 'datum': (42.3, -71.1)}
2021-07-28 16:47:14,291 [ERROR] An error occurred. The stack trace is below.
Traceback (most recent call last):
  File "BWSI_BackSeat.py", line 111, in run
    green, red = self.__buoy_detector.run(self.__auv_state)
  File "/home/pi/Baygulls/ChallengeCodePi/Image_Processor.py", line 185, in run
    g_centers, r_centers, green, red = self.detect_buoys(image)
  File "/home/pi/Baygulls/ChallengeCodePi/Image_Processor.py", line 101, in detect_buoys
    img = cv2.boxFilter(img, -1, (10, 10))
KeyboardInterrupt
