2021-07-28 23:26:28,800 [INFO] host = 192.168.1.213, port = 29500
2021-07-28 23:26:35,842 [INFO] sending message $BPLOG,ACK,ON*1e
...
2021-07-28 23:26:35,843 [INFO] sending message $BPLOG,ALL,ON*16
...
2021-07-28 23:26:35,844 [INFO] sending message $BPSTS,222635.84,1,BWSI Autonomy OK*4a
...
2021-07-28 23:26:35,845 [INFO] Received from Frontseat: []
2021-07-28 23:26:35,845 [INFO] AUV state: {'position': (None, None), 'latlon': None, 'heading': None, 'depth': None, 'altitude': None, 'roll': None, 'pitch': None, 'last_fix_time': None, 'speed': None, 'rudder': 0}
2021-07-28 23:26:36,847 [INFO] sending message $BPSTS,222636.84,1,BWSI Autonomy OK*49
...
2021-07-28 23:26:36,848 [INFO] Processing: $BFNVG,222635.31,4218.000000,N,07106.000000,W,0,10.0,1.0,45.0,0.0,0.0,222635.31*62
2021-07-28 23:26:36,857 [INFO] Interpreted as: {'position': (0, 0), 'latlon': (42.3, -71.1), 'heading': 45.0, 'depth': 1.0, 'altitude': 10.0, 'roll': 0.0, 'pitch': 0.0, 'last_fix_time': datetime.datetime(2021, 7, 28, 22, 26, 35), 'speed': None, 'rudder': 0, 'datum': (42.3, -71.1)}
2021-07-28 23:26:36,858 [INFO] Processing: $BFNVG,222635.56,4218.000000,N,07106.000000,W,0,10.0,1.0,45.0,0.0,0.0,222635.56*62
2021-07-28 23:26:36,860 [INFO] Interpreted as: {'position': (0.0, 0.0), 'latlon': (42.3, -71.1), 'heading': 45.0, 'depth': 1.0, 'altitude': 10.0, 'roll': 0.0, 'pitch': 0.0, 'last_fix_time': datetime.datetime(2021, 7, 28, 22, 26, 35), 'speed': None, 'rudder': 0, 'datum': (42.3, -71.1)}
2021-07-28 23:26:36,862 [INFO] Processing: $BFNVG,222635.81,4218.000000,N,07106.000000,W,0,10.0,1.0,45.0,0.0,0.0,222635.81*62
2021-07-28 23:26:36,865 [INFO] Interpreted as: {'position': (0.0, 0.0), 'latlon': (42.3, -71.1), 'heading': 45.0, 'depth': 1.0, 'altitude': 10.0, 'roll': 0.0, 'pitch': 0.0, 'last_fix_time': datetime.datetime(2021, 7, 28, 22, 26, 35), 'speed': None, 'rudder': 0, 'datum': (42.3, -71.1)}
2021-07-28 23:26:36,867 [INFO] Processing: $BFNVG,222636.06,4218.000000,N,07106.000000,W,0,10.0,1.0,45.0,0.0,0.0,222636.06*62
2021-07-28 23:26:36,869 [INFO] Interpreted as: {'position': (0.0, 0.0), 'latlon': (42.3, -71.1), 'heading': 45.0, 'depth': 1.0, 'altitude': 10.0, 'roll': 0.0, 'pitch': 0.0, 'last_fix_time': datetime.datetime(2021, 7, 28, 22, 26, 36), 'speed': None, 'rudder': 0, 'datum': (42.3, -71.1)}
2021-07-28 23:26:36,870 [INFO] Received from Frontseat: [b'$BFNVG,222635.31,4218.000000,N,07106.000000,W,0,10.0,1.0,45.0,0.0,0.0,222635.31*62', b'$BFNVG,222635.56,4218.000000,N,07106.000000,W,0,10.0,1.0,45.0,0.0,0.0,222635.56*62', b'$BFNVG,222635.81,4218.000000,N,07106.000000,W,0,10.0,1.0,45.0,0.0,0.0,222635.81*62', b'$BFNVG,222636.06,4218.000000,N,07106.000000,W,0,10.0,1.0,45.0,0.0,0.0,222636.06*62']
2021-07-28 23:26:36,871 [INFO] AUV state: {'position': (0.0, 0.0), 'latlon': (42.3, -71.1), 'heading': 45.0, 'depth': 1.0, 'altitude': 10.0, 'roll': 0.0, 'pitch': 0.0, 'last_fix_time': datetime.datetime(2021, 7, 28, 22, 26, 36), 'speed': None, 'rudder': 0, 'datum': (42.3, -71.1)}
2021-07-28 23:26:37,213 [INFO] **** [(-0.21993023293121178, -7.6862156757158235)] [(15.437560812208067, -7.329055330858309)]
2021-07-28 23:26:37,216 [INFO] Next green buoy: [(-0.21993023293121178, -7.6862156757158235)], next red buoy: [(15.437560812208067, -7.329055330858309)]
2021-07-28 23:26:37,216 [INFO] Desired_heading: 52.60881528963843
2021-07-28 23:26:37,216 [INFO] delta angle: 7.221181369681571
2021-07-28 23:26:37,217 [INFO] sending message $BPRMB,222637.83,-7.221181369681571,1,0,750,0,1*79
...
2021-07-28 23:26:38,218 [INFO] sending message $BPSTS,222638.21,1,BWSI Autonomy OK*48
...
2021-07-28 23:26:38,219 [INFO] Processing: $BFNVG,222636.49,4218.000000,N,07106.000000,W,0,10.0,1.0,45.0,0.0,0.0,222636.49*62
2021-07-28 23:26:38,222 [INFO] Interpreted as: {'position': (0.0, 0.0), 'latlon': (42.3, -71.1), 'heading': 45.0, 'depth': 1.0, 'altitude': 10.0, 'roll': 0.0, 'pitch': 0.0, 'last_fix_time': datetime.datetime(2021, 7, 28, 22, 26, 36), 'speed': None, 'rudder': 0, 'datum': (42.3, -71.1)}
2021-07-28 23:26:38,223 [INFO] Processing: $BFNVG,222636.86,4218.000000,N,07106.000000,W,0,10.0,1.0,45.0,0.0,0.0,222636.86*62
2021-07-28 23:26:38,225 [INFO] Interpreted as: {'position': (0.0, 0.0), 'latlon': (42.3, -71.1), 'heading': 45.0, 'depth': 1.0, 'altitude': 10.0, 'roll': 0.0, 'pitch': 0.0, 'last_fix_time': datetime.datetime(2021, 7, 28, 22, 26, 36), 'speed': None, 'rudder': 0, 'datum': (42.3, -71.1)}
2021-07-28 23:26:38,227 [INFO] Received from Frontseat: [b'$BFNVG,222636.49,4218.000000,N,07106.000000,W,0,10.0,1.0,45.0,0.0,0.0,222636.49*62', b'$BFNVG,222636.86,4218.000000,N,07106.000000,W,0,10.0,1.0,45.0,0.0,0.0,222636.86*62']
2021-07-28 23:26:38,228 [INFO] AUV state: {'position': (0.0, 0.0), 'latlon': (42.3, -71.1), 'heading': 45.0, 'depth': 1.0, 'altitude': 10.0, 'roll': 0.0, 'pitch': 0.0, 'last_fix_time': datetime.datetime(2021, 7, 28, 22, 26, 36), 'speed': None, 'rudder': 0, 'datum': (42.3, -71.1)}
2021-07-28 23:26:38,553 [INFO] **** [(-0.22035521470194389, -7.708961974233651)] [(15.437560812208067, -7.333901112744751)]
2021-07-28 23:26:38,555 [INFO] Next green buoy: [(-0.22035521470194389, -7.708961974233651)], next red buoy: [(15.437560812208067, -7.333901112744751)]
2021-07-28 23:26:38,556 [INFO] Desired_heading: 52.60860279875306
2021-07-28 23:26:38,556 [INFO] delta angle: 7.220929288738664
2021-07-28 23:26:38,557 [INFO] sending message $BPRMB,222638.59,-7.220929288738664,1,0,750,0,1*70
...
2021-07-28 23:26:39,558 [INFO] sending message $BPSTS,222639.55,1,BWSI Autonomy OK*4a
...
2021-07-28 23:26:39,560 [INFO] Processing: $BFNVG,222637.23,4218.000000,N,07106.000000,W,0,10.0,1.0,45.0,0.0,0.0,222637.23*62
2021-07-28 23:26:39,563 [INFO] Interpreted as: {'position': (0.0, 0.0), 'latlon': (42.3, -71.1), 'heading': 45.0, 'depth': 1.0, 'altitude': 10.0, 'roll': 0.0, 'pitch': 0.0, 'last_fix_time': datetime.datetime(2021, 7, 28, 22, 26, 37), 'speed': None, 'rudder': 0, 'datum': (42.3, -71.1)}
2021-07-28 23:26:39,564 [INFO] Processing: $BFNVG,222637.59,4218.000108,N,07105.999859,W,0,10.0,1.0,45.5,0.0,0.0,222637.59*60
2021-07-28 23:26:39,566 [INFO] Interpreted as: {'position': (0.19864963495638222, 0.19509468134492636), 'latlon': (42.3000018, -71.09999765), 'heading': 45.5, 'depth': 1.0, 'altitude': 10.0, 'roll': 0.0, 'pitch': 0.0, 'last_fix_time': datetime.datetime(2021, 7, 28, 22, 26, 37), 'speed': None, 'rudder': 0, 'datum': (42.3, -71.1)}
2021-07-28 23:26:39,567 [INFO] Processing: $BFNVG,222637.95,4218.000216,N,07105.999719,W,0,10.0,1.0,46.0,0.0,0.0,222637.95*61
2021-07-28 23:26:39,569 [INFO] Interpreted as: {'position': (0.3959253813372925, 0.39022326935082674), 'latlon': (42.3000036, -71.09999531666666), 'heading': 46.0, 'depth': 1.0, 'altitude': 10.0, 'roll': 0.0, 'pitch': 0.0, 'last_fix_time': datetime.datetime(2021, 7, 28, 22, 26, 37), 'speed': None, 'rudder': 0, 'datum': (42.3, -71.1)}
2021-07-28 23:26:39,571 [INFO] Processing: $BFNVG,222638.30,4218.000322,N,07105.999577,W,0,10.0,1.0,46.5,0.0,0.0,222638.30*68
2021-07-28 23:26:39,573 [INFO] Interpreted as: {'position': (0.5958575323456898, 0.5815826607868075), 'latlon': (42.30000536666667, -71.09999295), 'heading': 46.5, 'depth': 1.0, 'altitude': 10.0, 'roll': 0.0, 'pitch': 0.0, 'last_fix_time': datetime.datetime(2021, 7, 28, 22, 26, 38), 'speed': None, 'rudder': 0, 'datum': (42.3, -71.1)}
2021-07-28 23:26:39,575 [INFO] Received from Frontseat: [b'$BFNVG,222637.23,4218.000000,N,07106.000000,W,0,10.0,1.0,45.0,0.0,0.0,222637.23*62', b'$BFNVG,222637.59,4218.000108,N,07105.999859,W,0,10.0,1.0,45.5,0.0,0.0,222637.59*60', b'$BFNVG,222637.95,4218.000216,N,07105.999719,W,0,10.0,1.0,46.0,0.0,0.0,222637.95*61', b'$BFNVG,222638.30,4218.000322,N,07105.999577,W,0,10.0,1.0,46.5,0.0,0.0,222638.30*68']
2021-07-28 23:26:39,577 [INFO] AUV state: {'position': (0.5958575323456898, 0.5815826607868075), 'latlon': (42.30000536666667, -71.09999295), 'heading': 46.5, 'depth': 1.0, 'altitude': 10.0, 'roll': 0.0, 'pitch': 0.0, 'last_fix_time': datetime.datetime(2021, 7, 28, 22, 26, 38), 'speed': None, 'rudder': 0, 'datum': (42.3, -71.1)}
2021-07-28 23:26:39,885 [INFO] **** [(-2.031854154736086, -8.607344981127117)] [(15.417815181434968, -8.242677651540918)]
2021-07-28 23:26:39,887 [INFO] Next green buoy: [(-2.031854154736086, -8.607344981127117)], next red buoy: [(15.417815181434968, -8.242677651540918)]
2021-07-28 23:26:39,888 [INFO] Desired_heading: 53.19298051334944
2021-07-28 23:26:39,888 [INFO] delta angle: 6.151576114935721
2021-07-28 23:26:39,889 [INFO] sending message $BPRMB,222640.51,-6.151576114935721,1,0,750,0,1*70
...
2021-07-28 23:26:40,891 [INFO] sending message $BPSTS,222640.89,1,BWSI Autonomy OK*45
...
2021-07-28 23:26:40,893 [INFO] Processing: $BFNVG,222638.66,4218.000427,N,07105.999434,W,0,10.0,1.0,46.9,0.0,0.0,222638.66*60
2021-07-28 23:26:40,895 [INFO] Interpreted as: {'position': (0.797117882524617, 0.7710574567317963), 'latlon': (42.30000711666667, -71.09999056666666), 'heading': 46.9, 'depth': 1.0, 'altitude': 10.0, 'roll': 0.0, 'pitch': 0.0, 'last_fix_time': datetime.datetime(2021, 7, 28, 22, 26, 38), 'speed': None, 'rudder': 0, 'datum': (42.3, -71.1)}
2021-07-28 23:26:40,896 [INFO] Processing: $BFNVG,222639.02,4218.000532,N,07105.999288,W,0,10.0,1.0,47.4,0.0,0.0,222639.02*68
2021-07-28 23:26:40,898 [INFO] Interpreted as: {'position': (1.00249985861592, 0.9604305420070887), 'latlon': (42.300008866666666, -71.09998813333333), 'heading': 47.4, 'depth': 1.0, 'altitude': 10.0, 'roll': 0.0, 'pitch': 0.0, 'last_fix_time': datetime.datetime(2021, 7, 28, 22, 26, 39), 'speed': None, 'rudder': 0, 'datum': (42.3, -71.1)}
2021-07-28 23:26:40,900 [INFO] Processing: $BFNVG,222639.38,4218.000636,N,07105.999142,W,0,10.0,1.0,47.9,0.0,0.0,222639.38*67
2021-07-28 23:26:40,902 [INFO] Interpreted as: {'position': (1.2078361498424783, 1.1479529365897179), 'latlon': (42.3000106, -71.0999857), 'heading': 47.9, 'depth': 1.0, 'altitude': 10.0, 'roll': 0.0, 'pitch': 0.0, 'last_fix_time': datetime.datetime(2021, 7, 28, 22, 26, 39), 'speed': None, 'rudder': 0, 'datum': (42.3, -71.1)}
2021-07-28 23:26:40,903 [INFO] Processing: $BFNVG,222639.74,4218.000738,N,07105.998995,W,0,10.0,1.0,48.4,0.0,0.0,222639.74*69
2021-07-28 23:26:40,906 [INFO] Interpreted as: {'position': (1.4144549703341909, 1.331740035675466), 'latlon': (42.3000123, -71.09998325), 'heading': 48.4, 'depth': 1.0, 'altitude': 10.0, 'roll': 0.0, 'pitch': 0.0, 'last_fix_time': datetime.datetime(2021, 7, 28, 22, 26, 39), 'speed': None, 'rudder': 0, 'datum': (42.3, -71.1)}
2021-07-28 23:26:40,907 [INFO] Received from Frontseat: [b'$BFNVG,222638.66,4218.000427,N,07105.999434,W,0,10.0,1.0,46.9,0.0,0.0,222638.66*60', b'$BFNVG,222639.02,4218.000532,N,07105.999288,W,0,10.0,1.0,47.4,0.0,0.0,222639.02*68', b'$BFNVG,222639.38,4218.000636,N,07105.999142,W,0,10.0,1.0,47.9,0.0,0.0,222639.38*67', b'$BFNVG,222639.74,4218.000738,N,07105.998995,W,0,10.0,1.0,48.4,0.0,0.0,222639.74*69']
2021-07-28 23:26:40,908 [INFO] AUV state: {'position': (1.4144549703341909, 1.331740035675466), 'latlon': (42.3000123, -71.09998325), 'heading': 48.4, 'depth': 1.0, 'altitude': 10.0, 'roll': 0.0, 'pitch': 0.0, 'last_fix_time': datetime.datetime(2021, 7, 28, 22, 26, 39), 'speed': None, 'rudder': 0, 'datum': (42.3, -71.1)}
2021-07-28 23:26:41,242 [INFO] **** [(-4.685644081033647, -10.090950585477904)] [(15.858649043957561, -9.56722366406055)]
2021-07-28 23:26:41,244 [INFO] Next green buoy: [(-4.685644081033647, -10.090950585477904)], next red buoy: [(15.858649043957561, -9.56722366406055)]
2021-07-28 23:26:41,245 [INFO] Desired_heading: 53.986502481461955
2021-07-28 23:26:41,245 [INFO] delta angle: 4.907801017559697
2021-07-28 23:26:41,246 [INFO] sending message $BPRMB,222641.26,-4.907801017559697,1,0,750,0,1*7d
...
2021-07-28 23:26:42,248 [INFO] sending message $BPSTS,222642.24,1,BWSI Autonomy OK*40
...
2021-07-28 23:26:42,249 [INFO] Processing: $BFNVG,222640.11,4218.000842,N,07105.998845,W,0,10.0,1.0,48.9,0.0,0.0,222640.11*6A
2021-07-28 23:26:42,258 [INFO] Interpreted as: {'position': (1.6252867599832825, 1.5191268241032958), 'latlon': (42.30001403333333, -71.09998075), 'heading': 48.9, 'depth': 1.0, 'altitude': 10.0, 'roll': 0.0, 'pitch': 0.0, 'last_fix_time': datetime.datetime(2021, 7, 28, 22, 26, 40), 'speed': None, 'rudder': 0, 'datum': (42.3, -71.1)}
2021-07-28 23:26:42,259 [INFO] Processing: $BFNVG,222640.47,4218.000942,N,07105.998695,W,0,10.0,1.0,49.3,0.0,0.0,222640.47*63
2021-07-28 23:26:42,261 [INFO] Interpreted as: {'position': (1.835935849812813, 1.6991108283400536), 'latlon': (42.3000157, -71.09997825), 'heading': 49.3, 'depth': 1.0, 'altitude': 10.0, 'roll': 0.0, 'pitch': 0.0, 'last_fix_time': datetime.datetime(2021, 7, 28, 22, 26, 40), 'speed': None, 'rudder': 0, 'datum': (42.3, -71.1)}
2021-07-28 23:26:42,263 [INFO] Processing: $BFNVG,222640.83,4218.001042,N,07105.998545,W,0,10.0,1.0,49.7,0.0,0.0,222640.83*61
2021-07-28 23:26:42,265 [INFO] Interpreted as: {'position': (2.0465849329484627, 1.8790948381647468), 'latlon': (42.300017366666665, -71.09997575), 'heading': 49.7, 'depth': 1.0, 'altitude': 10.0, 'roll': 0.0, 'pitch': 0.0, 'last_fix_time': datetime.datetime(2021, 7, 28, 22, 26, 40), 'speed': None, 'rudder': 0, 'datum': (42.3, -71.1)}
2021-07-28 23:26:42,267 [INFO] Processing: $BFNVG,222641.19,4218.001143,N,07105.998392,W,0,10.0,1.0,50.2,0.0,0.0,222641.19*60
2021-07-28 23:26:42,269 [INFO] Interpreted as: {'position': (2.2614013151614927, 2.060827838256955), 'latlon': (42.30001905, -71.0999732), 'heading': 50.2, 'depth': 1.0, 'altitude': 10.0, 'roll': 0.0, 'pitch': 0.0, 'last_fix_time': datetime.datetime(2021, 7, 28, 22, 26, 41), 'speed': None, 'rudder': 0, 'datum': (42.3, -71.1)}
2021-07-28 23:26:42,270 [INFO] Received from Frontseat: [b'$BFNVG,222640.11,4218.000842,N,07105.998845,W,0,10.0,1.0,48.9,0.0,0.0,222640.11*6A', b'$BFNVG,222640.47,4218.000942,N,07105.998695,W,0,10.0,1.0,49.3,0.0,0.0,222640.47*63', b'$BFNVG,222640.83,4218.001042,N,07105.998545,W,0,10.0,1.0,49.7,0.0,0.0,222640.83*61', b'$BFNVG,222641.19,4218.001143,N,07105.998392,W,0,10.0,1.0,50.2,0.0,0.0,222641.19*60']
2021-07-28 23:26:42,272 [INFO] AUV state: {'position': (2.2614013151614927, 2.060827838256955), 'latlon': (42.30001905, -71.0999732), 'heading': 50.2, 'depth': 1.0, 'altitude': 10.0, 'roll': 0.0, 'pitch': 0.0, 'last_fix_time': datetime.datetime(2021, 7, 28, 22, 26, 41), 'speed': None, 'rudder': 0, 'datum': (42.3, -71.1)}
2021-07-28 23:26:42,615 [INFO] **** [(-7.99981498324904, -12.427562845781852)] [(16.951642852264197, -11.609442695559187)]
2021-07-28 23:26:42,618 [INFO] Next green buoy: [(-7.99981498324904, -12.427562845781852)], next red buoy: [(16.951642852264197, -11.609442695559187)]
2021-07-28 23:26:42,618 [INFO] Desired_heading: 54.675913934507584
2021-07-28 23:26:42,619 [INFO] delta angle: 3.720181340809113
2021-07-28 23:26:42,619 [INFO] sending message $BPRMB,222643.23,-3.720181340809113,1,0,750,0,1*75
...
2021-07-28 23:26:43,621 [INFO] sending message $BPSTS,222643.62,1,BWSI Autonomy OK*43
...
2021-07-28 23:26:43,623 [INFO] Processing: $BFNVG,222641.55,4218.001240,N,07105.998241,W,0,10.0,1.0,50.6,0.0,0.0,222641.55*6B
2021-07-28 23:26:43,625 [INFO] Interpreted as: {'position': (2.4732872374006547, 2.2352258656173944), 'latlon': (42.30002066666667, -71.09997068333334), 'heading': 50.6, 'depth': 1.0, 'altitude': 10.0, 'roll': 0.0, 'pitch': 0.0, 'last_fix_time': datetime.datetime(2021, 7, 28, 22, 26, 41), 'speed': None, 'rudder': 0, 'datum': (42.3, -71.1)}
2021-07-28 23:26:43,626 [INFO] Processing: $BFNVG,222641.91,4218.001338,N,07105.998088,W,0,10.0,1.0,50.9,0.0,0.0,222641.91*6D
2021-07-28 23:26:43,629 [INFO] Interpreted as: {'position': (2.687966583413072, 2.4114067843183875), 'latlon': (42.3000223, -71.09996813333333), 'heading': 50.9, 'depth': 1.0, 'altitude': 10.0, 'roll': 0.0, 'pitch': 0.0, 'last_fix_time': datetime.datetime(2021, 7, 28, 22, 26, 41), 'speed': None, 'rudder': 0, 'datum': (42.3, -71.1)}
2021-07-28 23:26:43,630 [INFO] Processing: $BFNVG,222642.27,4218.001435,N,07105.997934,W,0,10.0,1.0,51.2,0.0,0.0,222642.27*6C
2021-07-28 23:26:43,632 [INFO] Interpreted as: {'position': (2.903974124463275, 2.5857031121850014), 'latlon': (42.30002391666667, -71.09996556666667), 'heading': 51.2, 'depth': 1.0, 'altitude': 10.0, 'roll': 0.0, 'pitch': 0.0, 'last_fix_time': datetime.datetime(2021, 7, 28, 22, 26, 42), 'speed': None, 'rudder': 0, 'datum': (42.3, -71.1)}
2021-07-28 23:26:43,634 [INFO] Received from Frontseat: [b'$BFNVG,222641.55,4218.001240,N,07105.998241,W,0,10.0,1.0,50.6,0.0,0.0,222641.55*6B', b'$BFNVG,222641.91,4218.001338,N,07105.998088,W,0,10.0,1.0,50.9,0.0,0.0,222641.91*6D', b'$BFNVG,222642.27,4218.001435,N,07105.997934,W,0,10.0,1.0,51.2,0.0,0.0,222642.27*6C']
2021-07-28 23:26:43,635 [INFO] AUV state: {'position': (2.903974124463275, 2.5857031121850014), 'latlon': (42.30002391666667, -71.09996556666667), 'heading': 51.2, 'depth': 1.0, 'altitude': 10.0, 'roll': 0.0, 'pitch': 0.0, 'last_fix_time': datetime.datetime(2021, 7, 28, 22, 26, 42), 'speed': None, 'rudder': 0, 'datum': (42.3, -71.1)}
2021-07-28 23:26:43,955 [INFO] **** [(-10.870276082342045, -14.931552235247782)] [(18.753110426524486, -13.629229612910125), (-7.12543810618404, -4.605713931370986)]
2021-07-28 23:26:43,957 [INFO] Next green buoy: [(-10.870276082342045, -14.931552235247782)], next red buoy: [(18.753110426524486, -13.629229612910125), (-7.12543810618404, -4.605713931370986)]
2021-07-28 23:26:43,958 [INFO] Desired_heading: 55.141417172091224
2021-07-28 23:26:43,958 [INFO] delta angle: 3.1734192863292816
2021-07-28 23:26:43,959 [INFO] sending message $BPRMB,222644.01,-3.1734192863292816,1,0,750,0,1*4a
...
2021-07-28 23:26:44,961 [INFO] sending message $BPSTS,222644.96,1,BWSI Autonomy OK*4f
...
2021-07-28 23:26:44,962 [INFO] Processing: $BFNVG,222642.63,4218.001531,N,07105.997780,W,0,10.0,1.0,51.6,0.0,0.0,222642.63*6C
2021-07-28 23:26:44,965 [INFO] Interpreted as: {'position': (3.1199359835591167, 2.7581487456336617), 'latlon': (42.300025516666665, -71.099963), 'heading': 51.6, 'depth': 1.0, 'altitude': 10.0, 'roll': 0.0, 'pitch': 0.0, 'last_fix_time': datetime.datetime(2021, 7, 28, 22, 26, 42), 'speed': None, 'rudder': 0, 'datum': (42.3, -71.1)}
2021-07-28 23:26:44,966 [INFO] Processing: $BFNVG,222642.99,4218.001627,N,07105.997625,W,0,10.0,1.0,51.8,0.0,0.0,222642.99*68
2021-07-28 23:26:44,968 [INFO] Interpreted as: {'position': (3.3372717110905796, 2.930560483597219), 'latlon': (42.30002711666667, -71.09996041666666), 'heading': 51.8, 'depth': 1.0, 'altitude': 10.0, 'roll': 0.0, 'pitch': 0.0, 'last_fix_time': datetime.datetime(2021, 7, 28, 22, 26, 42), 'speed': None, 'rudder': 0, 'datum': (42.3, -71.1)}
2021-07-28 23:26:44,970 [INFO] Processing: $BFNVG,222643.35,4218.001723,N,07105.997468,W,0,10.0,1.0,52.1,0.0,0.0,222643.35*6C
2021-07-28 23:26:44,972 [INFO] Interpreted as: {'position': (3.55735518631991, 3.102904415689409), 'latlon': (42.30002871666667, -71.0999578), 'heading': 52.1, 'depth': 1.0, 'altitude': 10.0, 'roll': 0.0, 'pitch': 0.0, 'last_fix_time': datetime.datetime(2021, 7, 28, 22, 26, 43), 'speed': None, 'rudder': 0, 'datum': (42.3, -71.1)}
2021-07-28 23:26:44,973 [INFO] Processing: $BFNVG,222643.70,4218.001817,N,07105.997313,W,0,10.0,1.0,52.3,0.0,0.0,222643.70*6D
2021-07-28 23:26:44,975 [INFO] Interpreted as: {'position': (3.7745995501754805, 3.2716147722676396), 'latlon': (42.300030283333335, -71.09995521666667), 'heading': 52.3, 'depth': 1.0, 'altitude': 10.0, 'roll': 0.0, 'pitch': 0.0, 'last_fix_time': datetime.datetime(2021, 7, 28, 22, 26, 43), 'speed': None, 'rudder': 0, 'datum': (42.3, -71.1)}
2021-07-28 23:26:44,977 [INFO] Received from Frontseat: [b'$BFNVG,222642.63,4218.001531,N,07105.997780,W,0,10.0,1.0,51.6,0.0,0.0,222642.63*6C', b'$BFNVG,222642.99,4218.001627,N,07105.997625,W,0,10.0,1.0,51.8,0.0,0.0,222642.99*68', b'$BFNVG,222643.35,4218.001723,N,07105.997468,W,0,10.0,1.0,52.1,0.0,0.0,222643.35*6C', b'$BFNVG,222643.70,4218.001817,N,07105.997313,W,0,10.0,1.0,52.3,0.0,0.0,222643.70*6D']
2021-07-28 23:26:44,978 [INFO] AUV state: {'position': (3.7745995501754805, 3.2716147722676396), 'latlon': (42.300030283333335, -71.09995521666667), 'heading': 52.3, 'depth': 1.0, 'altitude': 10.0, 'roll': 0.0, 'pitch': 0.0, 'last_fix_time': datetime.datetime(2021, 7, 28, 22, 26, 43), 'speed': None, 'rudder': 0, 'datum': (42.3, -71.1)}
2021-07-28 23:26:45,345 [INFO] **** [(-16.098637443407338, -20.21440718721186)] [(22.914767339180656, -17.844819656079867), (-9.042884643697057, -4.936732736627606)]
2021-07-28 23:26:45,347 [INFO] Next green buoy: [(-16.098637443407338, -20.21440718721186)], next red buoy: [(22.914767339180656, -17.844819656079867), (-9.042884643697057, -4.936732736627606)]
2021-07-28 23:26:45,348 [INFO] Desired_heading: 55.708064947886655
2021-07-28 23:26:45,348 [INFO] delta angle: 2.6460422813056668
2021-07-28 23:26:45,349 [INFO] sending message $BPRMB,222645.90,-2.6460422813056668,1,0,750,0,1*43
...
2021-07-28 23:26:46,351 [INFO] sending message $BPSTS,222646.35,1,BWSI Autonomy OK*44
...
2021-07-28 23:26:46,352 [INFO] Processing: $BFNVG,222644.06,4218.001911,N,07105.997156,W,0,10.0,1.0,52.6,0.0,0.0,222644.06*6C
2021-07-28 23:26:46,354 [INFO] Interpreted as: {'position': (3.9945916639408097, 3.4402573266997933), 'latlon': (42.30003185, -71.0999526), 'heading': 52.6, 'depth': 1.0, 'altitude': 10.0, 'roll': 0.0, 'pitch': 0.0, 'last_fix_time': datetime.datetime(2021, 7, 28, 22, 26, 44), 'speed': None, 'rudder': 0, 'datum': (42.3, -71.1)}
2021-07-28 23:26:46,354 [INFO] Processing: $BFNVG,222644.42,4218.002004,N,07105.997000,W,0,10.0,1.0,52.8,0.0,0.0,222644.42*6E
2021-07-28 23:26:46,357 [INFO] Interpreted as: {'position': (4.2131642126478255, 3.6070830933749676), 'latlon': (42.3000334, -71.09995), 'heading': 52.8, 'depth': 1.0, 'altitude': 10.0, 'roll': 0.0, 'pitch': 0.0, 'last_fix_time': datetime.datetime(2021, 7, 28, 22, 26, 44), 'speed': None, 'rudder': 0, 'datum': (42.3, -71.1)}
2021-07-28 23:26:46,357 [INFO] Processing: $BFNVG,222644.78,4218.002098,N,07105.996842,W,0,10.0,1.0,53.0,0.0,0.0,222644.78*6D
2021-07-28 23:26:46,360 [INFO] Interpreted as: {'position': (4.434530184254982, 3.7756917560473084), 'latlon': (42.300034966666665, -71.09994736666667), 'heading': 53.0, 'depth': 1.0, 'altitude': 10.0, 'roll': 0.0, 'pitch': 0.0, 'last_fix_time': datetime.datetime(2021, 7, 28, 22, 26, 44), 'speed': None, 'rudder': 0, 'datum': (42.3, -71.1)}
2021-07-28 23:26:46,360 [INFO] Processing: $BFNVG,222645.14,4218.002191,N,07105.996683,W,0,10.0,1.0,53.2,0.0,0.0,222645.14*64
2021-07-28 23:26:46,362 [INFO] Interpreted as: {'position': (4.657224351190962, 3.9424158232286572), 'latlon': (42.300036516666665, -71.09994471666667), 'heading': 53.2, 'depth': 1.0, 'altitude': 10.0, 'roll': 0.0, 'pitch': 0.0, 'last_fix_time': datetime.datetime(2021, 7, 28, 22, 26, 45), 'speed': None, 'rudder': 0, 'datum': (42.3, -71.1)}
2021-07-28 23:26:46,363 [INFO] Received from Frontseat: [b'$BFNVG,222644.06,4218.001911,N,07105.997156,W,0,10.0,1.0,52.6,0.0,0.0,222644.06*6C', b'$BFNVG,222644.42,4218.002004,N,07105.997000,W,0,10.0,1.0,52.8,0.0,0.0,222644.42*6E', b'$BFNVG,222644.78,4218.002098,N,07105.996842,W,0,10.0,1.0,53.0,0.0,0.0,222644.78*6D', b'$BFNVG,222645.14,4218.002191,N,07105.996683,W,0,10.0,1.0,53.2,0.0,0.0,222645.14*64']
2021-07-28 23:26:46,364 [INFO] AUV state: {'position': (4.657224351190962, 3.9424158232286572), 'latlon': (42.300036516666665, -71.09994471666667), 'heading': 53.2, 'depth': 1.0, 'altitude': 10.0, 'roll': 0.0, 'pitch': 0.0, 'last_fix_time': datetime.datetime(2021, 7, 28, 22, 26, 45), 'speed': None, 'rudder': 0, 'datum': (42.3, -71.1)}
2021-07-28 23:26:46,661 [INFO] **** [] [(-10.884944517032363, -5.460704684727556)]
2021-07-28 23:26:46,663 [INFO] Next green buoy: [], next red buoy: [(-10.884944517032363, -5.460704684727556)]
2021-07-28 23:26:46,663 [INFO] Desired_heading: 42.31505548296764
2021-07-28 23:26:46,664 [INFO] delta angle: -11.297821945032126
2021-07-28 23:26:46,664 [INFO] sending message $BPRMB,222646.79,11.297821945032126,1,0,750,0,1*62
...
2021-07-28 23:26:47,666 [INFO] sending message $BPSTS,222647.66,1,BWSI Autonomy OK*43
...
2021-07-28 23:26:47,667 [INFO] Processing: $BFNVG,222645.50,4218.002283,N,07105.996525,W,0,10.0,1.0,53.4,0.0,0.0,222645.50*6D
2021-07-28 23:26:47,674 [INFO] Interpreted as: {'position': (4.878498959704302, 4.107323104515672), 'latlon': (42.30003805, -71.09994208333333), 'heading': 53.4, 'depth': 1.0, 'altitude': 10.0, 'roll': 0.0, 'pitch': 0.0, 'last_fix_time': datetime.datetime(2021, 7, 28, 22, 26, 45), 'speed': None, 'rudder': 0, 'datum': (42.3, -71.1)}
2021-07-28 23:26:47,675 [INFO] Processing: $BFNVG,222645.85,4218.002374,N,07105.996367,W,0,10.0,1.0,53.6,0.0,0.0,222645.85*66
2021-07-28 23:26:47,677 [INFO] Interpreted as: {'position': (5.099727884924505, 4.270379696972668), 'latlon': (42.30003956666667, -71.09993945), 'heading': 53.6, 'depth': 1.0, 'altitude': 10.0, 'roll': 0.0, 'pitch': 0.0, 'last_fix_time': datetime.datetime(2021, 7, 28, 22, 26, 45), 'speed': None, 'rudder': 0, 'datum': (42.3, -71.1)}
2021-07-28 23:26:47,678 [INFO] Processing: $BFNVG,222646.23,4218.002469,N,07105.996202,W,0,10.0,1.0,53.8,0.0,0.0,222646.23*61
2021-07-28 23:26:47,680 [INFO] Interpreted as: {'position': (5.330756635172293, 4.440601754933596), 'latlon': (42.30004115, -71.0999367), 'heading': 53.8, 'depth': 1.0, 'altitude': 10.0, 'roll': 0.0, 'pitch': 0.0, 'last_fix_time': datetime.datetime(2021, 7, 28, 22, 26, 46), 'speed': None, 'rudder': 0, 'datum': (42.3, -71.1)}
2021-07-28 23:26:47,681 [INFO] Processing: $BFNVG,222646.59,4218.002561,N,07105.996039,W,0,10.0,1.0,54.0,0.0,0.0,222646.59*6D
2021-07-28 23:26:47,683 [INFO] Interpreted as: {'position': (5.558900604140945, 4.605339536443353), 'latlon': (42.30004268333333, -71.09993398333333), 'heading': 54.0, 'depth': 1.0, 'altitude': 10.0, 'roll': 0.0, 'pitch': 0.0, 'last_fix_time': datetime.datetime(2021, 7, 28, 22, 26, 46), 'speed': None, 'rudder': 0, 'datum': (42.3, -71.1)}
2021-07-28 23:26:47,684 [INFO] Received from Frontseat: [b'$BFNVG,222645.50,4218.002283,N,07105.996525,W,0,10.0,1.0,53.4,0.0,0.0,222645.50*6D', b'$BFNVG,222645.85,4218.002374,N,07105.996367,W,0,10.0,1.0,53.6,0.0,0.0,222645.85*66', b'$BFNVG,222646.23,4218.002469,N,07105.996202,W,0,10.0,1.0,53.8,0.0,0.0,222646.23*61', b'$BFNVG,222646.59,4218.002561,N,07105.996039,W,0,10.0,1.0,54.0,0.0,0.0,222646.59*6D']
2021-07-28 23:26:47,685 [INFO] AUV state: {'position': (5.558900604140945, 4.605339536443353), 'latlon': (42.30004268333333, -71.09993398333333), 'heading': 54.0, 'depth': 1.0, 'altitude': 10.0, 'roll': 0.0, 'pitch': 0.0, 'last_fix_time': datetime.datetime(2021, 7, 28, 22, 26, 46), 'speed': None, 'rudder': 0, 'datum': (42.3, -71.1)}
2021-07-28 23:26:47,979 [INFO] **** [] [(-12.957175597003097, -5.9926948127483675)]
2021-07-28 23:26:47,981 [INFO] Next green buoy: [], next red buoy: [(-12.957175597003097, -5.9926948127483675)]
2021-07-28 23:26:47,982 [INFO] Desired_heading: 41.0428244029969
2021-07-28 23:26:47,982 [INFO] delta angle: -14.047527204620451
2021-07-28 23:26:47,982 [INFO] sending message $BPRMB,222648.53,14.047527204620451,1,0,750,0,1*6b
...
2021-07-28 23:26:48,984 [INFO] sending message $BPSTS,222648.98,1,BWSI Autonomy OK*4d
...
2021-07-28 23:26:48,985 [INFO] Processing: $BFNVG,222646.95,4218.002652,N,07105.995880,W,0,10.0,1.0,54.1,0.0,0.0,222646.95*66
2021-07-28 23:26:48,987 [INFO] Interpreted as: {'position': (5.781503376434557, 4.7683622455224395), 'latlon': (42.3000442, -71.09993133333333), 'heading': 54.1, 'depth': 1.0, 'altitude': 10.0, 'roll': 0.0, 'pitch': 0.0, 'last_fix_time': datetime.datetime(2021, 7, 28, 22, 26, 46), 'speed': None, 'rudder': 0, 'datum': (42.3, -71.1)}
2021-07-28 23:26:48,989 [INFO] Processing: $BFNVG,222647.31,4218.002743,N,07105.995721,W,0,10.0,1.0,53.4,0.0,0.0,222647.31*61
2021-07-28 23:26:48,991 [INFO] Interpreted as: {'position': (6.004106140462682, 4.931384959258139), 'latlon': (42.300045716666666, -71.09992868333333), 'heading': 53.4, 'depth': 1.0, 'altitude': 10.0, 'roll': 0.0, 'pitch': 0.0, 'last_fix_time': datetime.datetime(2021, 7, 28, 22, 26, 47), 'speed': None, 'rudder': 0, 'datum': (42.3, -71.1)}
2021-07-28 23:26:48,992 [INFO] Processing: $BFNVG,222647.66,4218.002836,N,07105.995563,W,0,10.0,1.0,52.6,0.0,0.0,222647.66*6B
2021-07-28 23:26:48,994 [INFO] Interpreted as: {'position': (6.225426356308162, 5.098142978735268), 'latlon': (42.30004726666667, -71.09992605), 'heading': 52.6, 'depth': 1.0, 'altitude': 10.0, 'roll': 0.0, 'pitch': 0.0, 'last_fix_time': datetime.datetime(2021, 7, 28, 22, 26, 47), 'speed': None, 'rudder': 0, 'datum': (42.3, -71.1)}
2021-07-28 23:26:48,994 [INFO] Received from Frontseat: [b'$BFNVG,222646.95,4218.002652,N,07105.995880,W,0,10.0,1.0,54.1,0.0,0.0,222646.95*66', b'$BFNVG,222647.31,4218.002743,N,07105.995721,W,0,10.0,1.0,53.4,0.0,0.0,222647.31*61', b'$BFNVG,222647.66,4218.002836,N,07105.995563,W,0,10.0,1.0,52.6,0.0,0.0,222647.66*6B']
2021-07-28 23:26:48,995 [INFO] AUV state: {'position': (6.225426356308162, 5.098142978735268), 'latlon': (42.30004726666667, -71.09992605), 'heading': 52.6, 'depth': 1.0, 'altitude': 10.0, 'roll': 0.0, 'pitch': 0.0, 'last_fix_time': datetime.datetime(2021, 7, 28, 22, 26, 47), 'speed': None, 'rudder': 0, 'datum': (42.3, -71.1)}
2021-07-28 23:26:49,294 [INFO] **** [] [(-12.563150407954565, -6.485589314655345), (-1.8958169789108452, -4.314662246723886)]
2021-07-28 23:26:49,296 [INFO] Next green buoy: [], next red buoy: [(-12.563150407954565, -6.485589314655345), (-1.8958169789108452, -4.314662246723886)]
2021-07-28 23:26:49,297 [INFO] Desired_heading: 40.036849592045435
2021-07-28 23:26:49,297 [INFO] delta angle: -13.515594404722833
2021-07-28 23:26:49,298 [INFO] sending message $BPRMB,222649.42,13.515594404722833,1,0,750,0,1*6a
...
2021-07-28 23:26:50,299 [INFO] sending message $BPSTS,222650.29,1,BWSI Autonomy OK*4e
...
2021-07-28 23:26:50,301 [INFO] Processing: $BFNVG,222648.02,4218.002930,N,07105.995407,W,0,10.0,1.0,51.9,0.0,0.0,222648.02*63
2021-07-28 23:26:50,303 [INFO] Interpreted as: {'position': (6.444044470321387, 5.2668195106089115), 'latlon': (42.300048833333335, -71.09992345), 'heading': 51.9, 'depth': 1.0, 'altitude': 10.0, 'roll': 0.0, 'pitch': 0.0, 'last_fix_time': datetime.datetime(2021, 7, 28, 22, 26, 48), 'speed': None, 'rudder': 0, 'datum': (42.3, -71.1)}
2021-07-28 23:26:50,303 [INFO] Processing: $BFNVG,222648.38,4218.003027,N,07105.995252,W,0,10.0,1.0,50.9,0.0,0.0,222648.38*6A
2021-07-28 23:26:50,305 [INFO] Interpreted as: {'position': (6.661425710597541, 5.44108204357326), 'latlon': (42.30005045, -71.09992086666666), 'heading': 50.9, 'depth': 1.0, 'altitude': 10.0, 'roll': 0.0, 'pitch': 0.0, 'last_fix_time': datetime.datetime(2021, 7, 28, 22, 26, 48), 'speed': None, 'rudder': 0, 'datum': (42.3, -71.1)}
2021-07-28 23:26:50,306 [INFO] Processing: $BFNVG,222648.76,4218.003129,N,07105.995094,W,0,10.0,1.0,49.9,0.0,0.0,222648.76*65
2021-07-28 23:26:50,308 [INFO] Interpreted as: {'position': (6.883156925672665, 5.624496356584132), 'latlon': (42.30005215, -71.09991823333333), 'heading': 49.9, 'depth': 1.0, 'altitude': 10.0, 'roll': 0.0, 'pitch': 0.0, 'last_fix_time': datetime.datetime(2021, 7, 28, 22, 26, 48), 'speed': None, 'rudder': 0, 'datum': (42.3, -71.1)}
2021-07-28 23:26:50,309 [INFO] Processing: $BFNVG,222649.13,4218.003232,N,07105.994940,W,0,10.0,1.0,48.9,0.0,0.0,222649.13*6C
2021-07-28 23:26:50,311 [INFO] Interpreted as: {'position': (7.099438284989446, 5.809896988794208), 'latlon': (42.300053866666666, -71.09991566666666), 'heading': 48.9, 'depth': 1.0, 'altitude': 10.0, 'roll': 0.0, 'pitch': 0.0, 'last_fix_time': datetime.datetime(2021, 7, 28, 22, 26, 49), 'speed': None, 'rudder': 0, 'datum': (42.3, -71.1)}
2021-07-28 23:26:50,312 [INFO] Received from Frontseat: [b'$BFNVG,222648.02,4218.002930,N,07105.995407,W,0,10.0,1.0,51.9,0.0,0.0,222648.02*63', b'$BFNVG,222648.38,4218.003027,N,07105.995252,W,0,10.0,1.0,50.9,0.0,0.0,222648.38*6A', b'$BFNVG,222648.76,4218.003129,N,07105.995094,W,0,10.0,1.0,49.9,0.0,0.0,222648.76*65', b'$BFNVG,222649.13,4218.003232,N,07105.994940,W,0,10.0,1.0,48.9,0.0,0.0,222649.13*6C']
2021-07-28 23:26:50,313 [INFO] AUV state: {'position': (7.099438284989446, 5.809896988794208), 'latlon': (42.300053866666666, -71.09991566666666), 'heading': 48.9, 'depth': 1.0, 'altitude': 10.0, 'roll': 0.0, 'pitch': 0.0, 'last_fix_time': datetime.datetime(2021, 7, 28, 22, 26, 49), 'speed': None, 'rudder': 0, 'datum': (42.3, -71.1)}
2021-07-28 23:26:50,615 [INFO] **** [(-22.90212926530969, -6.82053132695998)] [(-10.024700249159016, -7.39123483695551), (2.2096916153873822, -4.601309091848565)]
2021-07-28 23:26:50,617 [INFO] Next green buoy: [(-22.90212926530969, -6.82053132695998)], next red buoy: [(-10.024700249159016, -7.39123483695551), (2.2096916153873822, -4.601309091848565)]
2021-07-28 23:26:50,618 [INFO] Desired_heading: 32.436585242765645
2021-07-28 23:26:50,618 [INFO] delta angle: -18.950115028592336
2021-07-28 23:26:50,619 [INFO] sending message $BPRMB,222651.16,18.950115028592336,1,0,750,0,1*64
...
2021-07-28 23:26:51,620 [INFO] sending message $BPSTS,222651.62,1,BWSI Autonomy OK*40
...
2021-07-28 23:26:51,622 [INFO] Processing: $BFNVG,222649.48,4218.003334,N,07105.994792,W,0,10.0,1.0,48.0,0.0,0.0,222649.48*63
2021-07-28 23:26:51,624 [INFO] Interpreted as: {'position': (7.307430691085756, 5.993650351651013), 'latlon': (42.300055566666664, -71.0999132), 'heading': 48.0, 'depth': 1.0, 'altitude': 10.0, 'roll': 0.0, 'pitch': 0.0, 'last_fix_time': datetime.datetime(2021, 7, 28, 22, 26, 49), 'speed': None, 'rudder': 0, 'datum': (42.3, -71.1)}
2021-07-28 23:26:51,625 [INFO] Processing: $BFNVG,222649.84,4218.003438,N,07105.994647,W,0,10.0,1.0,47.1,0.0,0.0,222649.84*6F
2021-07-28 23:26:51,626 [INFO] Interpreted as: {'position': (7.5113927910570055, 6.181206827051938), 'latlon': (42.3000573, -71.09991078333333), 'heading': 47.1, 'depth': 1.0, 'altitude': 10.0, 'roll': 0.0, 'pitch': 0.0, 'last_fix_time': datetime.datetime(2021, 7, 28, 22, 26, 49), 'speed': None, 'rudder': 0, 'datum': (42.3, -71.1)}
2021-07-28 23:26:51,627 [INFO] Processing: $BFNVG,222650.21,4218.003544,N,07105.994503,W,0,10.0,1.0,46.2,0.0,0.0,222650.21*64
2021-07-28 23:26:51,629 [INFO] Interpreted as: {'position': (7.714072342147119, 6.372498604469001), 'latlon': (42.30005906666667, -71.09990838333333), 'heading': 46.2, 'depth': 1.0, 'altitude': 10.0, 'roll': 0.0, 'pitch': 0.0, 'last_fix_time': datetime.datetime(2021, 7, 28, 22, 26, 50), 'speed': None, 'rudder': 0, 'datum': (42.3, -71.1)}
2021-07-28 23:26:51,630 [INFO] Processing: $BFNVG,222650.56,4218.003651,N,07105.994362,W,0,10.0,1.0,45.3,0.0,0.0,222650.56*60
2021-07-28 23:26:51,632 [INFO] Interpreted as: {'position': (7.912675916857552, 6.565742796286941), 'latlon': (42.30006085, -71.09990603333334), 'heading': 45.3, 'depth': 1.0, 'altitude': 10.0, 'roll': 0.0, 'pitch': 0.0, 'last_fix_time': datetime.datetime(2021, 7, 28, 22, 26, 50), 'speed': None, 'rudder': 0, 'datum': (42.3, -71.1)}
2021-07-28 23:26:51,633 [INFO] Received from Frontseat: [b'$BFNVG,222649.48,4218.003334,N,07105.994792,W,0,10.0,1.0,48.0,0.0,0.0,222649.48*63', b'$BFNVG,222649.84,4218.003438,N,07105.994647,W,0,10.0,1.0,47.1,0.0,0.0,222649.84*6F', b'$BFNVG,222650.21,4218.003544,N,07105.994503,W,0,10.0,1.0,46.2,0.0,0.0,222650.21*64', b'$BFNVG,222650.56,4218.003651,N,07105.994362,W,0,10.0,1.0,45.3,0.0,0.0,222650.56*60']
2021-07-28 23:26:51,634 [INFO] AUV state: {'position': (7.912675916857552, 6.565742796286941), 'latlon': (42.30006085, -71.09990603333334), 'heading': 45.3, 'depth': 1.0, 'altitude': 10.0, 'roll': 0.0, 'pitch': 0.0, 'last_fix_time': datetime.datetime(2021, 7, 28, 22, 26, 50), 'speed': None, 'rudder': 0, 'datum': (42.3, -71.1)}
2021-07-28 23:26:51,933 [INFO] **** [(-22.204907260521885, -7.658785705086221)] [(-7.32905533085831, -8.559351008366866), (6.562986579010658, -5.038050640661989)]
2021-07-28 23:26:51,936 [INFO] Next green buoy: [(-22.204907260521885, -7.658785705086221)], next red buoy: [(-7.32905533085831, -8.559351008366866), (6.562986579010658, -5.038050640661989)]
2021-07-28 23:26:51,936 [INFO] Desired_heading: 30.5330187043099
2021-07-28 23:26:51,936 [INFO] delta angle: -16.541565436983092
2021-07-28 23:26:51,937 [INFO] sending message $BPRMB,222652.07,16.541565436983092,1,0,750,0,1*6c
...
2021-07-28 23:26:52,939 [INFO] sending message $BPSTS,222652.93,1,BWSI Autonomy OK*4d
...
2021-07-28 23:26:52,940 [INFO] Processing: $BFNVG,222650.92,4218.003759,N,07105.994224,W,0,10.0,1.0,44.4,0.0,0.0,222650.92*6C
2021-07-28 23:26:52,948 [INFO] Interpreted as: {'position': (8.107203515479341, 6.760939399711788), 'latlon': (42.30006265, -71.09990373333333), 'heading': 44.4, 'depth': 1.0, 'altitude': 10.0, 'roll': 0.0, 'pitch': 0.0, 'last_fix_time': datetime.datetime(2021, 7, 28, 22, 26, 50), 'speed': None, 'rudder': 0, 'datum': (42.3, -71.1)}
2021-07-28 23:26:52,949 [INFO] Processing: $BFNVG,222651.28,4218.003869,N,07105.994089,W,0,10.0,1.0,43.1,0.0,0.0,222651.28*67
2021-07-28 23:26:52,951 [INFO] Interpreted as: {'position': (8.297700808267109, 6.9599391128867865), 'latlon': (42.30006448333334, -71.09990148333333), 'heading': 43.1, 'depth': 1.0, 'altitude': 10.0, 'roll': 0.0, 'pitch': 0.0, 'last_fix_time': datetime.datetime(2021, 7, 28, 22, 26, 51), 'speed': None, 'rudder': 0, 'datum': (42.3, -71.1)}
2021-07-28 23:26:52,952 [INFO] Processing: $BFNVG,222651.64,4218.003982,N,07105.993957,W,0,10.0,1.0,41.8,0.0,0.0,222651.64*65
2021-07-28 23:26:52,954 [INFO] Interpreted as: {'position': (8.484213465242647, 7.164592633023858), 'latlon': (42.30006636666667, -71.09989928333333), 'heading': 41.8, 'depth': 1.0, 'altitude': 10.0, 'roll': 0.0, 'pitch': 0.0, 'last_fix_time': datetime.datetime(2021, 7, 28, 22, 26, 51), 'speed': None, 'rudder': 0, 'datum': (42.3, -71.1)}
2021-07-28 23:26:52,955 [INFO] Received from Frontseat: [b'$BFNVG,222650.92,4218.003759,N,07105.994224,W,0,10.0,1.0,44.4,0.0,0.0,222650.92*6C', b'$BFNVG,222651.28,4218.003869,N,07105.994089,W,0,10.0,1.0,43.1,0.0,0.0,222651.28*67', b'$BFNVG,222651.64,4218.003982,N,07105.993957,W,0,10.0,1.0,41.8,0.0,0.0,222651.64*65']
2021-07-28 23:26:52,955 [INFO] AUV state: {'position': (8.484213465242647, 7.164592633023858), 'latlon': (42.30006636666667, -71.09989928333333), 'heading': 41.8, 'depth': 1.0, 'altitude': 10.0, 'roll': 0.0, 'pitch': 0.0, 'last_fix_time': datetime.datetime(2021, 7, 28, 22, 26, 51), 'speed': None, 'rudder': 0, 'datum': (42.3, -71.1)}
2021-07-28 23:26:53,289 [INFO] **** [(-20.910475199370275, -8.547968560295221)] [(-4.2172317582634, -9.662463113213397), (10.93584969314463, -5.456230045736979)]
2021-07-28 23:26:53,291 [INFO] Next green buoy: [(-20.910475199370275, -8.547968560295221)], next red buoy: [(-4.2172317582634, -9.662463113213397), (10.93584969314463, -5.456230045736979)]
2021-07-28 23:26:53,291 [INFO] Desired_heading: 29.23614652118316
2021-07-28 23:26:53,292 [INFO] delta angle: -13.516539876875072
2021-07-28 23:26:53,292 [INFO] sending message $BPRMB,222653.80,13.516539876875072,1,0,750,0,1*62
...
2021-07-28 23:26:54,294 [INFO] sending message $BPSTS,222654.29,1,BWSI Autonomy OK*4a
...
2021-07-28 23:26:54,295 [INFO] Processing: $BFNVG,222652.00,4218.004096,N,07105.993828,W,0,10.0,1.0,40.5,0.0,0.0,222652.00*6B
2021-07-28 23:26:54,297 [INFO] Interpreted as: {'position': (8.666650146478787, 7.371198563836515), 'latlon': (42.30006826666666, -71.09989713333333), 'heading': 40.5, 'depth': 1.0, 'altitude': 10.0, 'roll': 0.0, 'pitch': 0.0, 'last_fix_time': datetime.datetime(2021, 7, 28, 22, 26, 52), 'speed': None, 'rudder': 0, 'datum': (42.3, -71.1)}
2021-07-28 23:26:54,298 [INFO] Processing: $BFNVG,222652.36,4218.004214,N,07105.993702,W,0,10.0,1.0,39.4,0.0,0.0,222652.36*6B
2021-07-28 23:26:54,300 [INFO] Interpreted as: {'position': (8.845147859770805, 7.5853089997544885), 'latlon': (42.30007023333334, -71.09989503333334), 'heading': 39.4, 'depth': 1.0, 'altitude': 10.0, 'roll': 0.0, 'pitch': 0.0, 'last_fix_time': datetime.datetime(2021, 7, 28, 22, 26, 52), 'speed': None, 'rudder': 0, 'datum': (42.3, -71.1)}
2021-07-28 23:26:54,301 [INFO] Processing: $BFNVG,222652.71,4218.004332,N,07105.993580,W,0,10.0,1.0,38.3,0.0,0.0,222652.71*60
2021-07-28 23:26:54,303 [INFO] Interpreted as: {'position': (9.01815005170647, 7.79955505207181), 'latlon': (42.3000722, -71.099893), 'heading': 38.3, 'depth': 1.0, 'altitude': 10.0, 'roll': 0.0, 'pitch': 0.0, 'last_fix_time': datetime.datetime(2021, 7, 28, 22, 26, 52), 'speed': None, 'rudder': 0, 'datum': (42.3, -71.1)}
2021-07-28 23:26:54,304 [INFO] Processing: $BFNVG,222653.08,4218.004455,N,07105.993459,W,0,10.0,1.0,37.2,0.0,0.0,222653.08*6D
2021-07-28 23:26:54,306 [INFO] Interpreted as: {'position': (9.190006701974198, 8.023088498041034), 'latlon': (42.30007425, -71.09989098333334), 'heading': 37.2, 'depth': 1.0, 'altitude': 10.0, 'roll': 0.0, 'pitch': 0.0, 'last_fix_time': datetime.datetime(2021, 7, 28, 22, 26, 53), 'speed': None, 'rudder': 0, 'datum': (42.3, -71.1)}
2021-07-28 23:26:54,307 [INFO] Received from Frontseat: [b'$BFNVG,222652.00,4218.004096,N,07105.993828,W,0,10.0,1.0,40.5,0.0,0.0,222652.00*6B', b'$BFNVG,222652.36,4218.004214,N,07105.993702,W,0,10.0,1.0,39.4,0.0,0.0,222652.36*6B', b'$BFNVG,222652.71,4218.004332,N,07105.993580,W,0,10.0,1.0,38.3,0.0,0.0,222652.71*60', b'$BFNVG,222653.08,4218.004455,N,07105.993459,W,0,10.0,1.0,37.2,0.0,0.0,222653.08*6D']
2021-07-28 23:26:54,307 [INFO] AUV state: {'position': (9.190006701974198, 8.023088498041034), 'latlon': (42.30007425, -71.09989098333334), 'heading': 37.2, 'depth': 1.0, 'altitude': 10.0, 'roll': 0.0, 'pitch': 0.0, 'last_fix_time': datetime.datetime(2021, 7, 28, 22, 26, 53), 'speed': None, 'rudder': 0, 'datum': (42.3, -71.1)}
2021-07-28 23:26:54,641 [INFO] **** [(-19.437116410334347, -9.969360321771706)] [(0.6194352911146667, -11.766058877079896), (17.240342931800893, -5.9926948127483675)]
2021-07-28 23:26:54,643 [INFO] Next green buoy: [(-19.437116410334347, -9.969360321771706)], next red buoy: [(0.6194352911146667, -11.766058877079896), (17.240342931800893, -5.9926948127483675)]
2021-07-28 23:26:54,644 [INFO] Desired_heading: 27.79115944039016
2021-07-28 23:26:54,644 [INFO] delta angle: -9.416339053278932
2021-07-28 23:26:54,644 [INFO] sending message $BPRMB,222654.78,9.416339053278932,1,0,750,0,1*5b
...
2021-07-28 23:26:55,646 [INFO] sending message $BPSTS,222655.64,1,BWSI Autonomy OK*42
...
2021-07-28 23:26:55,647 [INFO] Processing: $BFNVG,222653.44,4218.004577,N,07105.993343,W,0,10.0,1.0,36.1,0.0,0.0,222653.44*62
2021-07-28 23:26:55,650 [INFO] Interpreted as: {'position': (9.35494828328956, 8.24494076706469), 'latlon': (42.30007628333333, -71.09988905), 'heading': 36.1, 'depth': 1.0, 'altitude': 10.0, 'roll': 0.0, 'pitch': 0.0, 'last_fix_time': datetime.datetime(2021, 7, 28, 22, 26, 53), 'speed': None, 'rudder': 0, 'datum': (42.3, -71.1)}
2021-07-28 23:26:55,651 [INFO] Processing: $BFNVG,222653.80,4218.004701,N,07105.993229,W,0,10.0,1.0,35.2,0.0,0.0,222653.80*6C
2021-07-28 23:26:55,654 [INFO] Interpreted as: {'position': (9.517233437742107, 8.470562238246202), 'latlon': (42.30007835, -71.09988715), 'heading': 35.2, 'depth': 1.0, 'altitude': 10.0, 'roll': 0.0, 'pitch': 0.0, 'last_fix_time': datetime.datetime(2021, 7, 28, 22, 26, 53), 'speed': None, 'rudder': 0, 'datum': (42.3, -71.1)}
2021-07-28 23:26:55,655 [INFO] Processing: $BFNVG,222654.16,4218.004828,N,07105.993117,W,0,10.0,1.0,34.2,0.0,0.0,222654.16*67
2021-07-28 23:26:55,657 [INFO] Interpreted as: {'position': (9.676907835004386, 8.701803611591458), 'latlon': (42.300080466666664, -71.09988528333334), 'heading': 34.2, 'depth': 1.0, 'altitude': 10.0, 'roll': 0.0, 'pitch': 0.0, 'last_fix_time': datetime.datetime(2021, 7, 28, 22, 26, 54), 'speed': None, 'rudder': 0, 'datum': (42.3, -71.1)}
2021-07-28 23:26:55,658 [INFO] Processing: $BFNVG,222654.52,4218.004954,N,07105.993010,W,0,10.0,1.0,33.3,0.0,0.0,222654.52*6D
2021-07-28 23:26:55,661 [INFO] Interpreted as: {'position': (9.82966716052033, 8.93136380892247), 'latlon': (42.30008256666667, -71.0998835), 'heading': 33.3, 'depth': 1.0, 'altitude': 10.0, 'roll': 0.0, 'pitch': 0.0, 'last_fix_time': datetime.datetime(2021, 7, 28, 22, 26, 54), 'speed': None, 'rudder': 0, 'datum': (42.3, -71.1)}
2021-07-28 23:26:55,662 [INFO] Received from Frontseat: [b'$BFNVG,222653.44,4218.004577,N,07105.993343,W,0,10.0,1.0,36.1,0.0,0.0,222653.44*62', b'$BFNVG,222653.80,4218.004701,N,07105.993229,W,0,10.0,1.0,35.2,0.0,0.0,222653.80*6C', b'$BFNVG,222654.16,4218.004828,N,07105.993117,W,0,10.0,1.0,34.2,0.0,0.0,222654.16*67', b'$BFNVG,222654.52,4218.004954,N,07105.993010,W,0,10.0,1.0,33.3,0.0,0.0,222654.52*6D']
2021-07-28 23:26:55,663 [INFO] AUV state: {'position': (9.82966716052033, 8.93136380892247), 'latlon': (42.30008256666667, -71.0998835), 'heading': 33.3, 'depth': 1.0, 'altitude': 10.0, 'roll': 0.0, 'pitch': 0.0, 'last_fix_time': datetime.datetime(2021, 7, 28, 22, 26, 54), 'speed': None, 'rudder': 0, 'datum': (42.3, -71.1)}
2021-07-28 23:26:55,989 [INFO] **** [(-19.117984748329455, -12.278881436922784), (14.188398612972309, -5.843778516430133)] [(5.637465353129974, -14.943902079410778), (23.145114316591734, -6.749082221243542)]
2021-07-28 23:26:55,991 [INFO] Next green buoy: [(-19.117984748329455, -12.278881436922784), (14.188398612972309, -5.843778516430133)], next red buoy: [(5.637465353129974, -14.943902079410778), (23.145114316591734, -6.749082221243542)]
2021-07-28 23:26:55,992 [INFO] Desired_heading: 26.559740302400257
2021-07-28 23:26:55,992 [INFO] delta angle: -6.205942376112944
2021-07-28 23:26:55,992 [INFO] sending message $BPRMB,222656.51,6.205942376112944,1,0,750,0,1*55
...
2021-07-28 23:26:56,994 [INFO] sending message $BPSTS,222656.99,1,BWSI Autonomy OK*43
...
2021-07-28 23:26:56,995 [INFO] Processing: $BFNVG,222654.88,4218.005081,N,07105.992905,W,0,10.0,1.0,32.4,0.0,0.0,222654.88*67
2021-07-28 23:26:56,997 [INFO] Interpreted as: {'position': (9.979724390082993, 9.162842512130737), 'latlon': (42.30008468333333, -71.09988175), 'heading': 32.4, 'depth': 1.0, 'altitude': 10.0, 'roll': 0.0, 'pitch': 0.0, 'last_fix_time': datetime.datetime(2021, 7, 28, 22, 26, 54), 'speed': None, 'rudder': 0, 'datum': (42.3, -71.1)}
2021-07-28 23:26:56,998 [INFO] Processing: $BFNVG,222655.24,4218.005213,N,07105.992799,W,0,10.0,1.0,31.8,0.0,0.0,222655.24*6A
2021-07-28 23:26:57,001 [INFO] Interpreted as: {'position': (10.131383838015608, 9.403540801256895), 'latlon': (42.300086883333336, -71.09987998333334), 'heading': 31.8, 'depth': 1.0, 'altitude': 10.0, 'roll': 0.0, 'pitch': 0.0, 'last_fix_time': datetime.datetime(2021, 7, 28, 22, 26, 55), 'speed': None, 'rudder': 0, 'datum': (42.3, -71.1)}
2021-07-28 23:26:57,002 [INFO] Processing: $BFNVG,222655.61,4218.005346,N,07105.992696,W,0,10.0,1.0,31.1,0.0,0.0,222655.61*6C
2021-07-28 23:26:57,004 [INFO] Interpreted as: {'position': (10.278967311955057, 9.646191499195993), 'latlon': (42.3000891, -71.09987826666666), 'heading': 31.1, 'depth': 1.0, 'altitude': 10.0, 'roll': 0.0, 'pitch': 0.0, 'last_fix_time': datetime.datetime(2021, 7, 28, 22, 26, 55), 'speed': None, 'rudder': 0, 'datum': (42.3, -71.1)}
2021-07-28 23:26:57,005 [INFO] Processing: $BFNVG,222655.97,4218.005476,N,07105.992597,W,0,10.0,1.0,30.5,0.0,0.0,222655.97*6F
2021-07-28 23:26:57,007 [INFO] Interpreted as: {'position': (10.420918254414573, 9.88342572003603), 'latlon': (42.30009126666667, -71.09987661666666), 'heading': 30.5, 'depth': 1.0, 'altitude': 10.0, 'roll': 0.0, 'pitch': 0.0, 'last_fix_time': datetime.datetime(2021, 7, 28, 22, 26, 55), 'speed': None, 'rudder': 0, 'datum': (42.3, -71.1)}
2021-07-28 23:26:57,008 [INFO] Received from Frontseat: [b'$BFNVG,222654.88,4218.005081,N,07105.992905,W,0,10.0,1.0,32.4,0.0,0.0,222654.88*67', b'$BFNVG,222655.24,4218.005213,N,07105.992799,W,0,10.0,1.0,31.8,0.0,0.0,222655.24*6A', b'$BFNVG,222655.61,4218.005346,N,07105.992696,W,0,10.0,1.0,31.1,0.0,0.0,222655.61*6C', b'$BFNVG,222655.97,4218.005476,N,07105.992597,W,0,10.0,1.0,30.5,0.0,0.0,222655.97*6F']
2021-07-28 23:26:57,010 [INFO] AUV state: {'position': (10.420918254414573, 9.88342572003603), 'latlon': (42.30009126666667, -71.09987661666666), 'heading': 30.5, 'depth': 1.0, 'altitude': 10.0, 'roll': 0.0, 'pitch': 0.0, 'last_fix_time': datetime.datetime(2021, 7, 28, 22, 26, 55), 'speed': None, 'rudder': 0, 'datum': (42.3, -71.1)}
2021-07-28 23:26:57,368 [INFO] **** [(-20.984278890957043, -15.52304571252727), (18.898740859464798, -6.601638953550808)] [(11.332517065652036, -20.607391002682586)]
2021-07-28 23:26:57,370 [INFO] Next green buoy: [(-20.984278890957043, -15.52304571252727), (18.898740859464798, -6.601638953550808)], next red buoy: [(11.332517065652036, -20.607391002682586)]
2021-07-28 23:26:57,370 [INFO] Desired_heading: 25.674119087347496
2021-07-28 23:26:57,371 [INFO] delta angle: -4.087264113962931
2021-07-28 23:26:57,371 [INFO] sending message $BPRMB,222657.47,4.087264113962931,1,0,750,0,1*5a
...
2021-07-28 23:26:58,373 [INFO] sending message $BPSTS,222658.37,1,BWSI Autonomy OK*49
...
2021-07-28 23:26:58,380 [INFO] Processing: $BFNVG,222656.33,4218.005607,N,07105.992500,W,0,10.0,1.0,29.8,0.0,0.0,222656.33*60
2021-07-28 23:26:58,382 [INFO] Interpreted as: {'position': (10.560167101677507, 10.122578446753323), 'latlon': (42.30009345, -71.099875), 'heading': 29.8, 'depth': 1.0, 'altitude': 10.0, 'roll': 0.0, 'pitch': 0.0, 'last_fix_time': datetime.datetime(2021, 7, 28, 22, 26, 56), 'speed': None, 'rudder': 0, 'datum': (42.3, -71.1)}
2021-07-28 23:26:58,383 [INFO] Processing: $BFNVG,222656.69,4218.005740,N,07105.992404,W,0,10.0,1.0,29.4,0.0,0.0,222656.69*6B
2021-07-28 23:26:58,386 [INFO] Interpreted as: {'position': (10.698133403202519, 10.36546647362411), 'latlon': (42.300095666666664, -71.0998734), 'heading': 29.4, 'depth': 1.0, 'altitude': 10.0, 'roll': 0.0, 'pitch': 0.0, 'last_fix_time': datetime.datetime(2021, 7, 28, 22, 26, 56), 'speed': None, 'rudder': 0, 'datum': (42.3, -71.1)}
2021-07-28 23:26:58,389 [INFO] Processing: $BFNVG,222657.05,4218.005872,N,07105.992310,W,0,10.0,1.0,29.0,0.0,0.0,222657.05*63
2021-07-28 23:26:58,391 [INFO] Interpreted as: {'position': (10.833306266809814, 10.606571612879634), 'latlon': (42.30009786666667, -71.09987183333334), 'heading': 29.0, 'depth': 1.0, 'altitude': 10.0, 'roll': 0.0, 'pitch': 0.0, 'last_fix_time': datetime.datetime(2021, 7, 28, 22, 26, 57), 'speed': None, 'rudder': 0, 'datum': (42.3, -71.1)}
2021-07-28 23:26:58,392 [INFO] Received from Frontseat: [b'$BFNVG,222656.33,4218.005607,N,07105.992500,W,0,10.0,1.0,29.8,0.0,0.0,222656.33*60', b'$BFNVG,222656.69,4218.005740,N,07105.992404,W,0,10.0,1.0,29.4,0.0,0.0,222656.69*6B', b'$BFNVG,222657.05,4218.005872,N,07105.992310,W,0,10.0,1.0,29.0,0.0,0.0,222657.05*63']
2021-07-28 23:26:58,393 [INFO] AUV state: {'position': (10.833306266809814, 10.606571612879634), 'latlon': (42.30009786666667, -71.09987183333334), 'heading': 29.0, 'depth': 1.0, 'altitude': 10.0, 'roll': 0.0, 'pitch': 0.0, 'last_fix_time': datetime.datetime(2021, 7, 28, 22, 26, 57), 'speed': None, 'rudder': 0, 'datum': (42.3, -71.1)}
2021-07-28 23:26:58,744 [INFO] **** [(-24.174157560861243, -19.209421581734546), (22.051313508437055, -7.132585664152067)] [(17.429409597067767, -23.923940079978525)]
2021-07-28 23:26:58,746 [INFO] Next green buoy: [(-24.174157560861243, -19.209421581734546), (22.051313508437055, -7.132585664152067)], next red buoy: [(17.429409597067767, -23.923940079978525)]
2021-07-28 23:26:58,747 [INFO] Desired_heading: 25.627626018103264
2021-07-28 23:26:58,747 [INFO] delta angle: -2.611449391454528
2021-07-28 23:26:58,747 [INFO] sending message $BPRMB,222659.26,2.611449391454528,1,0,750,0,1*51
...
2021-07-28 23:26:59,749 [INFO] sending message $BPSTS,222659.74,1,BWSI Autonomy OK*4f
...
2021-07-28 23:26:59,750 [INFO] Processing: $BFNVG,222657.41,4218.006005,N,07105.992218,W,0,10.0,1.0,28.6,0.0,0.0,222657.41*66
2021-07-28 23:26:59,752 [INFO] Interpreted as: {'position': (10.965777039935347, 10.849595257081091), 'latlon': (42.300100083333334, -71.0998703), 'heading': 28.6, 'depth': 1.0, 'altitude': 10.0, 'roll': 0.0, 'pitch': 0.0, 'last_fix_time': datetime.datetime(2021, 7, 28, 22, 26, 57), 'speed': None, 'rudder': 0, 'datum': (42.3, -71.1)}
2021-07-28 23:26:59,753 [INFO] Processing: $BFNVG,222657.77,4218.006138,N,07105.992126,W,0,10.0,1.0,28.3,0.0,0.0,222657.77*62
2021-07-28 23:26:59,755 [INFO] Interpreted as: {'position': (11.098247804446146, 11.092618903145194), 'latlon': (42.3001023, -71.09986876666666), 'heading': 28.3, 'depth': 1.0, 'altitude': 10.0, 'roll': 0.0, 'pitch': 0.0, 'last_fix_time': datetime.datetime(2021, 7, 28, 22, 26, 57), 'speed': None, 'rudder': 0, 'datum': (42.3, -71.1)}
2021-07-28 23:26:59,756 [INFO] Processing: $BFNVG,222658.13,4218.006275,N,07105.992033,W,0,10.0,1.0,28.0,0.0,0.0,222658.13*6E
2021-07-28 23:26:59,757 [INFO] Interpreted as: {'position': (11.232275112881325, 11.343011436983943), 'latlon': (42.30010458333334, -71.09986721666667), 'heading': 28.0, 'depth': 1.0, 'altitude': 10.0, 'roll': 0.0, 'pitch': 0.0, 'last_fix_time': datetime.datetime(2021, 7, 28, 22, 26, 58), 'speed': None, 'rudder': 0, 'datum': (42.3, -71.1)}
2021-07-28 23:26:59,758 [INFO] Processing: $BFNVG,222658.51,4218.006416,N,07105.991939,W,0,10.0,1.0,27.7,0.0,0.0,222658.51*65
2021-07-28 23:26:59,760 [INFO] Interpreted as: {'position': (11.367858966812491, 11.60077285952866), 'latlon': (42.30010693333333, -71.09986565), 'heading': 27.7, 'depth': 1.0, 'altitude': 10.0, 'roll': 0.0, 'pitch': 0.0, 'last_fix_time': datetime.datetime(2021, 7, 28, 22, 26, 58), 'speed': None, 'rudder': 0, 'datum': (42.3, -71.1)}
2021-07-28 23:26:59,761 [INFO] Received from Frontseat: [b'$BFNVG,222657.41,4218.006005,N,07105.992218,W,0,10.0,1.0,28.6,0.0,0.0,222657.41*66', b'$BFNVG,222657.77,4218.006138,N,07105.992126,W,0,10.0,1.0,28.3,0.0,0.0,222657.77*62', b'$BFNVG,222658.13,4218.006275,N,07105.992033,W,0,10.0,1.0,28.0,0.0,0.0,222658.13*6E', b'$BFNVG,222658.51,4218.006416,N,07105.991939,W,0,10.0,1.0,27.7,0.0,0.0,222658.51*65']
2021-07-28 23:26:59,762 [INFO] AUV state: {'position': (11.367858966812491, 11.60077285952866), 'latlon': (42.30010693333333, -71.09986565), 'heading': 27.7, 'depth': 1.0, 'altitude': 10.0, 'roll': 0.0, 'pitch': 0.0, 'last_fix_time': datetime.datetime(2021, 7, 28, 22, 26, 58), 'speed': None, 'rudder': 0, 'datum': (42.3, -71.1)}
2021-07-28 23:27:00,076 [INFO] **** [] []
2021-07-28 23:27:00,078 [INFO] Next green buoy: [], next red buoy: []
2021-07-28 23:27:00,078 [INFO] Desired_heading: 27.7
2021-07-28 23:27:00,079 [INFO] delta angle: 0.0
2021-07-28 23:27:00,079 [INFO] sending message $BPRMB,222700.23,-0.0,1,0,750,0,1*78
...
2021-07-28 23:27:01,081 [INFO] sending message $BPSTS,222701.08,1,BWSI Autonomy OK*48
...
2021-07-28 23:27:01,082 [INFO] Processing: $BFNVG,222658.88,4218.006552,N,07105.991848,W,0,10.0,1.0,27.5,0.0,0.0,222658.88*61
2021-07-28 23:27:01,084 [INFO] Interpreted as: {'position': (11.499092835118063, 11.849382506683469), 'latlon': (42.3001092, -71.09986413333333), 'heading': 27.5, 'depth': 1.0, 'altitude': 10.0, 'roll': 0.0, 'pitch': 0.0, 'last_fix_time': datetime.datetime(2021, 7, 28, 22, 26, 58), 'speed': None, 'rudder': 0, 'datum': (42.3, -71.1)}
2021-07-28 23:27:01,084 [INFO] Processing: $BFNVG,222659.23,4218.006686,N,07105.991760,W,0,10.0,1.0,27.3,0.0,0.0,222659.23*68
2021-07-28 23:27:01,086 [INFO] Interpreted as: {'position': (11.626113720121793, 12.09439247008413), 'latlon': (42.300111433333335, -71.09986266666667), 'heading': 27.3, 'depth': 1.0, 'altitude': 10.0, 'roll': 0.0, 'pitch': 0.0, 'last_fix_time': datetime.datetime(2021, 7, 28, 22, 26, 59), 'speed': None, 'rudder': 0, 'datum': (42.3, -71.1)}
2021-07-28 23:27:01,087 [INFO] Processing: $BFNVG,222659.59,4218.006820,N,07105.991673,W,0,10.0,1.0,27.1,0.0,0.0,222659.59*6B
2021-07-28 23:27:01,089 [INFO] Interpreted as: {'position': (11.751760723534971, 12.339436340145767), 'latlon': (42.30011366666667, -71.09986121666667), 'heading': 27.1, 'depth': 1.0, 'altitude': 10.0, 'roll': 0.0, 'pitch': 0.0, 'last_fix_time': datetime.datetime(2021, 7, 28, 22, 26, 59), 'speed': None, 'rudder': 0, 'datum': (42.3, -71.1)}
2021-07-28 23:27:01,090 [INFO] Processing: $BFNVG,222659.95,4218.006955,N,07105.991586,W,0,10.0,1.0,26.9,0.0,0.0,222659.95*68
2021-07-28 23:27:01,092 [INFO] Interpreted as: {'position': (11.877453385968693, 12.586330908350646), 'latlon': (42.30011591666667, -71.09985976666667), 'heading': 26.9, 'depth': 1.0, 'altitude': 10.0, 'roll': 0.0, 'pitch': 0.0, 'last_fix_time': datetime.datetime(2021, 7, 28, 22, 26, 59), 'speed': None, 'rudder': 0, 'datum': (42.3, -71.1)}
2021-07-28 23:27:01,093 [INFO] Received from Frontseat: [b'$BFNVG,222658.88,4218.006552,N,07105.991848,W,0,10.0,1.0,27.5,0.0,0.0,222658.88*61', b'$BFNVG,222659.23,4218.006686,N,07105.991760,W,0,10.0,1.0,27.3,0.0,0.0,222659.23*68', b'$BFNVG,222659.59,4218.006820,N,07105.991673,W,0,10.0,1.0,27.1,0.0,0.0,222659.59*6B', b'$BFNVG,222659.95,4218.006955,N,07105.991586,W,0,10.0,1.0,26.9,0.0,0.0,222659.95*68']
2021-07-28 23:27:01,094 [INFO] AUV state: {'position': (11.877453385968693, 12.586330908350646), 'latlon': (42.30011591666667, -71.09985976666667), 'heading': 26.9, 'depth': 1.0, 'altitude': 10.0, 'roll': 0.0, 'pitch': 0.0, 'last_fix_time': datetime.datetime(2021, 7, 28, 22, 26, 59), 'speed': None, 'rudder': 0, 'datum': (42.3, -71.1)}
2021-07-28 23:27:01,403 [INFO] **** [] []
2021-07-28 23:27:01,405 [INFO] Next green buoy: [], next red buoy: []
2021-07-28 23:27:01,406 [INFO] Desired_heading: 26.9
2021-07-28 23:27:01,406 [INFO] delta angle: 0.0
2021-07-28 23:27:01,406 [INFO] sending message $BPRMB,222701.93,-0.0,1,0,750,0,1*72
...
2021-07-28 23:27:02,408 [INFO] sending message $BPSTS,222702.40,1,BWSI Autonomy OK*47
...
2021-07-28 23:27:02,409 [INFO] Processing: $BFNVG,222700.31,4218.007091,N,07105.991499,W,0,10.0,1.0,26.8,0.0,0.0,222700.31*66
2021-07-28 23:27:02,412 [INFO] Interpreted as: {'position': (12.003191709052771, 12.83507617469877), 'latlon': (42.30011818333333, -71.09985831666667), 'heading': 26.8, 'depth': 1.0, 'altitude': 10.0, 'roll': 0.0, 'pitch': 0.0, 'last_fix_time': datetime.datetime(2021, 7, 28, 22, 27), 'speed': None, 'rudder': 0, 'datum': (42.3, -71.1)}
2021-07-28 23:27:02,412 [INFO] Processing: $BFNVG,222700.67,4218.007227,N,07105.991412,W,0,10.0,1.0,26.8,0.0,0.0,222700.67*6A
2021-07-28 23:27:02,414 [INFO] Interpreted as: {'position': (12.128930026025046, 13.083821443840861), 'latlon': (42.30012045, -71.09985686666667), 'heading': 26.8, 'depth': 1.0, 'altitude': 10.0, 'roll': 0.0, 'pitch': 0.0, 'last_fix_time': datetime.datetime(2021, 7, 28, 22, 27), 'speed': None, 'rudder': 0, 'datum': (42.3, -71.1)}
2021-07-28 23:27:02,415 [INFO] Processing: $BFNVG,222701.05,4218.007368,N,07105.991322,W,0,10.0,1.0,26.8,0.0,0.0,222701.05*64
2021-07-28 23:27:02,417 [INFO] Interpreted as: {'position': (12.259018307027873, 13.34171849489212), 'latlon': (42.3001228, -71.09985536666667), 'heading': 26.8, 'depth': 1.0, 'altitude': 10.0, 'roll': 0.0, 'pitch': 0.0, 'last_fix_time': datetime.datetime(2021, 7, 28, 22, 27, 1), 'speed': None, 'rudder': 0, 'datum': (42.3, -71.1)}
2021-07-28 23:27:02,418 [INFO] Processing: $BFNVG,222701.41,4218.007503,N,07105.991236,W,0,10.0,1.0,26.8,0.0,0.0,222701.41*6B
2021-07-28 23:27:02,421 [INFO] Interpreted as: {'position': (12.383337060920894, 13.588646972551942), 'latlon': (42.30012505, -71.09985393333334), 'heading': 26.8, 'depth': 1.0, 'altitude': 10.0, 'roll': 0.0, 'pitch': 0.0, 'last_fix_time': datetime.datetime(2021, 7, 28, 22, 27, 1), 'speed': None, 'rudder': 0, 'datum': (42.3, -71.1)}
2021-07-28 23:27:02,422 [INFO] Received from Frontseat: [b'$BFNVG,222700.31,4218.007091,N,07105.991499,W,0,10.0,1.0,26.8,0.0,0.0,222700.31*66', b'$BFNVG,222700.67,4218.007227,N,07105.991412,W,0,10.0,1.0,26.8,0.0,0.0,222700.67*6A', b'$BFNVG,222701.05,4218.007368,N,07105.991322,W,0,10.0,1.0,26.8,0.0,0.0,222701.05*64', b'$BFNVG,222701.41,4218.007503,N,07105.991236,W,0,10.0,1.0,26.8,0.0,0.0,222701.41*6B']
2021-07-28 23:27:02,423 [INFO] AUV state: {'position': (12.383337060920894, 13.588646972551942), 'latlon': (42.30012505, -71.09985393333334), 'heading': 26.8, 'depth': 1.0, 'altitude': 10.0, 'roll': 0.0, 'pitch': 0.0, 'last_fix_time': datetime.datetime(2021, 7, 28, 22, 27, 1), 'speed': None, 'rudder': 0, 'datum': (42.3, -71.1)}
2021-07-28 23:27:02,730 [INFO] **** [] []
2021-07-28 23:27:02,732 [INFO] Next green buoy: [], next red buoy: []
2021-07-28 23:27:02,733 [INFO] Desired_heading: 26.8
2021-07-28 23:27:02,733 [INFO] delta angle: 0.0
2021-07-28 23:27:02,734 [INFO] sending message $BPRMB,222702.88,-0.0,1,0,750,0,1*7b
...
2021-07-28 23:27:03,736 [INFO] sending message $BPSTS,222703.73,1,BWSI Autonomy OK*46
...
2021-07-28 23:27:03,737 [INFO] Processing: $BFNVG,222701.76,4218.007637,N,07105.991150,W,0,10.0,1.0,26.8,0.0,0.0,222701.76*6C
2021-07-28 23:27:03,743 [INFO] Interpreted as: {'position': (12.50761013769079, 13.833724756725132), 'latlon': (42.30012728333333, -71.0998525), 'heading': 26.8, 'depth': 1.0, 'altitude': 10.0, 'roll': 0.0, 'pitch': 0.0, 'last_fix_time': datetime.datetime(2021, 7, 28, 22, 27, 1), 'speed': None, 'rudder': 0, 'datum': (42.3, -71.1)}
2021-07-28 23:27:03,744 [INFO] Processing: $BFNVG,222702.12,4218.007774,N,07105.991063,W,0,10.0,1.0,26.8,0.0,0.0,222702.12*6B
2021-07-28 23:27:03,747 [INFO] Interpreted as: {'position': (12.633394086034968, 14.084320734255016), 'latlon': (42.30012956666667, -71.09985105), 'heading': 26.8, 'depth': 1.0, 'altitude': 10.0, 'roll': 0.0, 'pitch': 0.0, 'last_fix_time': datetime.datetime(2021, 7, 28, 22, 27, 2), 'speed': None, 'rudder': 0, 'datum': (42.3, -71.1)}
2021-07-28 23:27:03,748 [INFO] Processing: $BFNVG,222702.49,4218.007912,N,07105.990975,W,0,10.0,1.0,26.8,0.0,0.0,222702.49*6A
2021-07-28 23:27:03,750 [INFO] Interpreted as: {'position': (12.760597575979773, 14.336733504198492), 'latlon': (42.30013186666667, -71.09984958333334), 'heading': 26.8, 'depth': 1.0, 'altitude': 10.0, 'roll': 0.0, 'pitch': 0.0, 'last_fix_time': datetime.datetime(2021, 7, 28, 22, 27, 2), 'speed': None, 'rudder': 0, 'datum': (42.3, -71.1)}
2021-07-28 23:27:03,752 [INFO] Received from Frontseat: [b'$BFNVG,222701.76,4218.007637,N,07105.991150,W,0,10.0,1.0,26.8,0.0,0.0,222701.76*6C', b'$BFNVG,222702.12,4218.007774,N,07105.991063,W,0,10.0,1.0,26.8,0.0,0.0,222702.12*6B', b'$BFNVG,222702.49,4218.007912,N,07105.990975,W,0,10.0,1.0,26.8,0.0,0.0,222702.49*6A']
2021-07-28 23:27:03,753 [INFO] AUV state: {'position': (12.760597575979773, 14.336733504198492), 'latlon': (42.30013186666667, -71.09984958333334), 'heading': 26.8, 'depth': 1.0, 'altitude': 10.0, 'roll': 0.0, 'pitch': 0.0, 'last_fix_time': datetime.datetime(2021, 7, 28, 22, 27, 2), 'speed': None, 'rudder': 0, 'datum': (42.3, -71.1)}
2021-07-28 23:27:04,052 [INFO] **** [] []
2021-07-28 23:27:04,054 [INFO] Next green buoy: [], next red buoy: []
2021-07-28 23:27:04,054 [INFO] Desired_heading: 26.8
2021-07-28 23:27:04,055 [INFO] delta angle: 0.0
2021-07-28 23:27:04,055 [INFO] sending message $BPRMB,222704.58,-0.0,1,0,750,0,1*70
...
2021-07-28 23:27:05,057 [INFO] sending message $BPSTS,222705.05,1,BWSI Autonomy OK*41
...
2021-07-28 23:27:05,059 [INFO] Processing: $BFNVG,222702.85,4218.008047,N,07105.990889,W,0,10.0,1.0,26.8,0.0,0.0,222702.85*6E
2021-07-28 23:27:05,061 [INFO] Interpreted as: {'position': (12.884916294831783, 14.583661991171539), 'latlon': (42.30013411666667, -71.09984815), 'heading': 26.8, 'depth': 1.0, 'altitude': 10.0, 'roll': 0.0, 'pitch': 0.0, 'last_fix_time': datetime.datetime(2021, 7, 28, 22, 27, 2), 'speed': None, 'rudder': 0, 'datum': (42.3, -71.1)}
2021-07-28 23:27:05,063 [INFO] Processing: $BFNVG,222703.21,4218.008185,N,07105.990801,W,0,10.0,1.0,26.8,0.0,0.0,222703.21*61
2021-07-28 23:27:05,065 [INFO] Interpreted as: {'position': (13.01211976580089, 14.836074767634273), 'latlon': (42.30013641666667, -71.09984668333334), 'heading': 26.8, 'depth': 1.0, 'altitude': 10.0, 'roll': 0.0, 'pitch': 0.0, 'last_fix_time': datetime.datetime(2021, 7, 28, 22, 27, 3), 'speed': None, 'rudder': 0, 'datum': (42.3, -71.1)}
2021-07-28 23:27:05,066 [INFO] Processing: $BFNVG,222703.57,4218.008319,N,07105.990715,W,0,10.0,1.0,26.8,0.0,0.0,222703.57*6C
2021-07-28 23:27:05,068 [INFO] Interpreted as: {'position': (13.13639280141797, 15.081152560189366), 'latlon': (42.30013865, -71.09984525), 'heading': 26.8, 'depth': 1.0, 'altitude': 10.0, 'roll': 0.0, 'pitch': 0.0, 'last_fix_time': datetime.datetime(2021, 7, 28, 22, 27, 3), 'speed': None, 'rudder': 0, 'datum': (42.3, -71.1)}
2021-07-28 23:27:05,070 [INFO] Processing: $BFNVG,222703.93,4218.008454,N,07105.990629,W,0,10.0,1.0,26.8,0.0,0.0,222703.93*6C
2021-07-28 23:27:05,072 [INFO] Interpreted as: {'position': (13.260711493552662, 15.328081055544317), 'latlon': (42.3001409, -71.09984381666666), 'heading': 26.8, 'depth': 1.0, 'altitude': 10.0, 'roll': 0.0, 'pitch': 0.0, 'last_fix_time': datetime.datetime(2021, 7, 28, 22, 27, 3), 'speed': None, 'rudder': 0, 'datum': (42.3, -71.1)}
2021-07-28 23:27:05,073 [INFO] Received from Frontseat: [b'$BFNVG,222702.85,4218.008047,N,07105.990889,W,0,10.0,1.0,26.8,0.0,0.0,222702.85*6E', b'$BFNVG,222703.21,4218.008185,N,07105.990801,W,0,10.0,1.0,26.8,0.0,0.0,222703.21*61', b'$BFNVG,222703.57,4218.008319,N,07105.990715,W,0,10.0,1.0,26.8,0.0,0.0,222703.57*6C', b'$BFNVG,222703.93,4218.008454,N,07105.990629,W,0,10.0,1.0,26.8,0.0,0.0,222703.93*6C']
2021-07-28 23:27:05,074 [INFO] AUV state: {'position': (13.260711493552662, 15.328081055544317), 'latlon': (42.3001409, -71.09984381666666), 'heading': 26.8, 'depth': 1.0, 'altitude': 10.0, 'roll': 0.0, 'pitch': 0.0, 'last_fix_time': datetime.datetime(2021, 7, 28, 22, 27, 3), 'speed': None, 'rudder': 0, 'datum': (42.3, -71.1)}
2021-07-28 23:27:05,367 [INFO] **** [] []
2021-07-28 23:27:05,369 [INFO] Next green buoy: [], next red buoy: []
2021-07-28 23:27:05,370 [INFO] Desired_heading: 26.8
2021-07-28 23:27:05,371 [INFO] delta angle: 0.0
2021-07-28 23:27:05,371 [INFO] sending message $BPRMB,222705.52,-0.0,1,0,750,0,1*7b
...
2021-07-28 23:27:06,373 [INFO] sending message $BPSTS,222706.37,1,BWSI Autonomy OK*43
...
2021-07-28 23:27:06,375 [INFO] Processing: $BFNVG,222704.29,4218.008589,N,07105.990543,W,0,10.0,1.0,26.8,0.0,0.0,222704.29*62
2021-07-28 23:27:06,377 [INFO] Interpreted as: {'position': (13.385030181671027, 15.575009550899267), 'latlon': (42.30014315, -71.09984238333334), 'heading': 26.8, 'depth': 1.0, 'altitude': 10.0, 'roll': 0.0, 'pitch': 0.0, 'last_fix_time': datetime.datetime(2021, 7, 28, 22, 27, 4), 'speed': None, 'rudder': 0, 'datum': (42.3, -71.1)}
2021-07-28 23:27:06,378 [INFO] Processing: $BFNVG,222704.65,4218.008724,N,07105.990457,W,0,10.0,1.0,26.8,0.0,0.0,222704.65*63
2021-07-28 23:27:06,381 [INFO] Interpreted as: {'position': (13.509348859544843, 15.82193804718554), 'latlon': (42.3001454, -71.09984095), 'heading': 26.8, 'depth': 1.0, 'altitude': 10.0, 'roll': 0.0, 'pitch': 0.0, 'last_fix_time': datetime.datetime(2021, 7, 28, 22, 27, 4), 'speed': None, 'rudder': 0, 'datum': (42.3, -71.1)}
2021-07-28 23:27:06,382 [INFO] Processing: $BFNVG,222705.01,4218.008860,N,07105.990370,W,0,10.0,1.0,26.8,0.0,0.0,222705.01*6E
2021-07-28 23:27:06,384 [INFO] Interpreted as: {'position': (13.635087074595504, 16.070683342404664), 'latlon': (42.30014766666667, -71.0998395), 'heading': 26.8, 'depth': 1.0, 'altitude': 10.0, 'roll': 0.0, 'pitch': 0.0, 'last_fix_time': datetime.datetime(2021, 7, 28, 22, 27, 5), 'speed': None, 'rudder': 0, 'datum': (42.3, -71.1)}
2021-07-28 23:27:06,385 [INFO] Processing: $BFNVG,222705.37,4218.008995,N,07105.990284,W,0,10.0,1.0,26.8,0.0,0.0,222705.37*6F
2021-07-28 23:27:06,387 [INFO] Interpreted as: {'position': (13.759405738208443, 16.317611845210195), 'latlon': (42.30014991666667, -71.09983806666666), 'heading': 26.8, 'depth': 1.0, 'altitude': 10.0, 'roll': 0.0, 'pitch': 0.0, 'last_fix_time': datetime.datetime(2021, 7, 28, 22, 27, 5), 'speed': None, 'rudder': 0, 'datum': (42.3, -71.1)}
2021-07-28 23:27:06,389 [INFO] Received from Frontseat: [b'$BFNVG,222704.29,4218.008589,N,07105.990543,W,0,10.0,1.0,26.8,0.0,0.0,222704.29*62', b'$BFNVG,222704.65,4218.008724,N,07105.990457,W,0,10.0,1.0,26.8,0.0,0.0,222704.65*63', b'$BFNVG,222705.01,4218.008860,N,07105.990370,W,0,10.0,1.0,26.8,0.0,0.0,222705.01*6E', b'$BFNVG,222705.37,4218.008995,N,07105.990284,W,0,10.0,1.0,26.8,0.0,0.0,222705.37*6F']
2021-07-28 23:27:06,390 [INFO] AUV state: {'position': (13.759405738208443, 16.317611845210195), 'latlon': (42.30014991666667, -71.09983806666666), 'heading': 26.8, 'depth': 1.0, 'altitude': 10.0, 'roll': 0.0, 'pitch': 0.0, 'last_fix_time': datetime.datetime(2021, 7, 28, 22, 27, 5), 'speed': None, 'rudder': 0, 'datum': (42.3, -71.1)}
2021-07-28 23:27:06,684 [INFO] **** [] []
2021-07-28 23:27:06,687 [INFO] Next green buoy: [], next red buoy: []
2021-07-28 23:27:06,687 [INFO] Desired_heading: 26.8
2021-07-28 23:27:06,688 [INFO] delta angle: 0.0
2021-07-28 23:27:06,688 [INFO] sending message $BPRMB,222707.21,-0.0,1,0,750,0,1*7d
...
