2021-07-28 16:43:29,534 [INFO] host = 192.168.1.213, port = 29500
2021-07-28 16:43:29,543 [INFO] sending message $BPLOG,ACK,ON*1e
...
2021-07-28 16:43:29,543 [INFO] sending message $BPLOG,ALL,ON*16
...
2021-07-28 16:43:29,544 [INFO] sending message $BPSTS,154329.54,1,BWSI Autonomy OK*4d
...
2021-07-28 16:43:29,544 [INFO] Received from Frontseat: []
2021-07-28 16:43:29,544 [INFO] AUV state: {'position': (None, None), 'latlon': None, 'heading': None, 'depth': None, 'altitude': None, 'roll': None, 'pitch': None, 'last_fix_time': None, 'speed': None, 'rudder': 0}
2021-07-28 16:43:30,546 [INFO] sending message $BPSTS,154330.54,1,BWSI Autonomy OK*45
...
2021-07-28 16:43:30,548 [INFO] Processing: $BFNVG,154327.11,4218.000000,N,07106.000000,W,0,10.0,1.0,45.0,0.0,0.0,154327.11*62
2021-07-28 16:43:30,550 [INFO] Interpreted as: {'position': (0, 0), 'latlon': (42.3, -71.1), 'heading': 45.0, 'depth': 1.0, 'altitude': 10.0, 'roll': 0.0, 'pitch': 0.0, 'last_fix_time': datetime.datetime(2021, 7, 28, 15, 43, 27), 'speed': None, 'rudder': 0, 'datum': (42.3, -71.1)}
2021-07-28 16:43:30,551 [INFO] Processing: $BFNVG,154327.36,4218.000000,N,07106.000000,W,0,10.0,1.0,45.0,0.0,0.0,154327.36*62
2021-07-28 16:43:30,553 [INFO] Interpreted as: {'position': (0.0, 0.0), 'latlon': (42.3, -71.1), 'heading': 45.0, 'depth': 1.0, 'altitude': 10.0, 'roll': 0.0, 'pitch': 0.0, 'last_fix_time': datetime.datetime(2021, 7, 28, 15, 43, 27), 'speed': None, 'rudder': 0, 'datum': (42.3, -71.1)}
2021-07-28 16:43:30,554 [INFO] Processing: $BFNVG,154327.61,4218.000000,N,07106.000000,W,0,10.0,1.0,45.0,0.0,0.0,154327.61*62
2021-07-28 16:43:30,556 [INFO] Interpreted as: {'position': (0.0, 0.0), 'latlon': (42.3, -71.1), 'heading': 45.0, 'depth': 1.0, 'altitude': 10.0, 'roll': 0.0, 'pitch': 0.0, 'last_fix_time': datetime.datetime(2021, 7, 28, 15, 43, 27), 'speed': None, 'rudder': 0, 'datum': (42.3, -71.1)}
2021-07-28 16:43:30,557 [INFO] Processing: $BFNVG,154327.86,4218.000000,N,07106.000000,W,0,10.0,1.0,45.0,0.0,0.0,154327.86*62
2021-07-28 16:43:30,559 [INFO] Interpreted as: {'position': (0.0, 0.0), 'latlon': (42.3, -71.1), 'heading': 45.0, 'depth': 1.0, 'altitude': 10.0, 'roll': 0.0, 'pitch': 0.0, 'last_fix_time': datetime.datetime(2021, 7, 28, 15, 43, 27), 'speed': None, 'rudder': 0, 'datum': (42.3, -71.1)}
2021-07-28 16:43:30,560 [INFO] Processing: $BFNVG,154328.11,4218.000000,N,07106.000000,W,0,10.0,1.0,45.0,0.0,0.0,154328.11*62
2021-07-28 16:43:30,562 [INFO] Interpreted as: {'position': (0.0, 0.0), 'latlon': (42.3, -71.1), 'heading': 45.0, 'depth': 1.0, 'altitude': 10.0, 'roll': 0.0, 'pitch': 0.0, 'last_fix_time': datetime.datetime(2021, 7, 28, 15, 43, 28), 'speed': None, 'rudder': 0, 'datum': (42.3, -71.1)}
2021-07-28 16:43:30,562 [INFO] Processing: $BFNVG,154328.36,4218.000000,N,07106.000000,W,0,10.0,1.0,45.0,0.0,0.0,154328.36*62
2021-07-28 16:43:30,564 [INFO] Interpreted as: {'position': (0.0, 0.0), 'latlon': (42.3, -71.1), 'heading': 45.0, 'depth': 1.0, 'altitude': 10.0, 'roll': 0.0, 'pitch': 0.0, 'last_fix_time': datetime.datetime(2021, 7, 28, 15, 43, 28), 'speed': None, 'rudder': 0, 'datum': (42.3, -71.1)}
2021-07-28 16:43:30,565 [INFO] Processing: $BFNVG,154328.62,4218.000000,N,07106.000000,W,0,10.0,1.0,45.0,0.0,0.0,154328.62*62
2021-07-28 16:43:30,567 [INFO] Interpreted as: {'position': (0.0, 0.0), 'latlon': (42.3, -71.1), 'heading': 45.0, 'depth': 1.0, 'altitude': 10.0, 'roll': 0.0, 'pitch': 0.0, 'last_fix_time': datetime.datetime(2021, 7, 28, 15, 43, 28), 'speed': None, 'rudder': 0, 'datum': (42.3, -71.1)}
2021-07-28 16:43:30,568 [INFO] Processing: $BFNVG,154328.87,4218.000000,N,07106.000000,W,0,10.0,1.0,45.0,0.0,0.0,154328.87*62
2021-07-28 16:43:30,570 [INFO] Interpreted as: {'position': (0.0, 0.0), 'latlon': (42.3, -71.1), 'heading': 45.0, 'depth': 1.0, 'altitude': 10.0, 'roll': 0.0, 'pitch': 0.0, 'last_fix_time': datetime.datetime(2021, 7, 28, 15, 43, 28), 'speed': None, 'rudder': 0, 'datum': (42.3, -71.1)}
2021-07-28 16:43:30,571 [INFO] Processing: $BFNVG,154329.12,4218.000000,N,07106.000000,W,0,10.0,1.0,45.0,0.0,0.0,154329.12*62
2021-07-28 16:43:30,572 [INFO] Interpreted as: {'position': (0.0, 0.0), 'latlon': (42.3, -71.1), 'heading': 45.0, 'depth': 1.0, 'altitude': 10.0, 'roll': 0.0, 'pitch': 0.0, 'last_fix_time': datetime.datetime(2021, 7, 28, 15, 43, 29), 'speed': None, 'rudder': 0, 'datum': (42.3, -71.1)}
2021-07-28 16:43:30,573 [INFO] Processing: $BFNVG,154329.37,4218.000000,N,07106.000000,W,0,10.0,1.0,45.0,0.0,0.0,154329.37*62
2021-07-28 16:43:30,575 [INFO] Interpreted as: {'position': (0.0, 0.0), 'latlon': (42.3, -71.1), 'heading': 45.0, 'depth': 1.0, 'altitude': 10.0, 'roll': 0.0, 'pitch': 0.0, 'last_fix_time': datetime.datetime(2021, 7, 28, 15, 43, 29), 'speed': None, 'rudder': 0, 'datum': (42.3, -71.1)}
2021-07-28 16:43:30,576 [INFO] Processing: $BFNVG,154329.62,4218.000000,N,07106.000000,W,0,10.0,1.0,45.0,0.0,0.0,154329.62*62
2021-07-28 16:43:30,578 [INFO] Interpreted as: {'position': (0.0, 0.0), 'latlon': (42.3, -71.1), 'heading': 45.0, 'depth': 1.0, 'altitude': 10.0, 'roll': 0.0, 'pitch': 0.0, 'last_fix_time': datetime.datetime(2021, 7, 28, 15, 43, 29), 'speed': None, 'rudder': 0, 'datum': (42.3, -71.1)}
2021-07-28 16:43:30,579 [INFO] Received from Frontseat: [b'$BFNVG,154327.11,4218.000000,N,07106.000000,W,0,10.0,1.0,45.0,0.0,0.0,154327.11*62', b'$BFNVG,154327.36,4218.000000,N,07106.000000,W,0,10.0,1.0,45.0,0.0,0.0,154327.36*62', b'$BFNVG,154327.61,4218.000000,N,07106.000000,W,0,10.0,1.0,45.0,0.0,0.0,154327.61*62', b'$BFNVG,154327.86,4218.000000,N,07106.000000,W,0,10.0,1.0,45.0,0.0,0.0,154327.86*62', b'$BFNVG,154328.11,4218.000000,N,07106.000000,W,0,10.0,1.0,45.0,0.0,0.0,154328.11*62', b'$BFNVG,154328.36,4218.000000,N,07106.000000,W,0,10.0,1.0,45.0,0.0,0.0,154328.36*62', b'$BFNVG,154328.62,4218.000000,N,07106.000000,W,0,10.0,1.0,45.0,0.0,0.0,154328.62*62', b'$BFNVG,154328.87,4218.000000,N,07106.000000,W,0,10.0,1.0,45.0,0.0,0.0,154328.87*62', b'$BFNVG,154329.12,4218.000000,N,07106.000000,W,0,10.0,1.0,45.0,0.0,0.0,154329.12*62', b'$BFNVG,154329.37,4218.000000,N,07106.000000,W,0,10.0,1.0,45.0,0.0,0.0,154329.37*62', b'$BFNVG,154329.62,4218.000000,N,07106.000000,W,0,10.0,1.0,45.0,0.0,0.0,154329.62*62']
2021-07-28 16:43:30,580 [INFO] AUV state: {'position': (0.0, 0.0), 'latlon': (42.3, -71.1), 'heading': 45.0, 'depth': 1.0, 'altitude': 10.0, 'roll': 0.0, 'pitch': 0.0, 'last_fix_time': datetime.datetime(2021, 7, 28, 15, 43, 29), 'speed': None, 'rudder': 0, 'datum': (42.3, -71.1)}
2021-07-28 16:43:30,952 [INFO] **** [(-0.21993023293121178, -7.6862156757158235)] [(15.437560812208067, -7.329055330858309)]
2021-07-28 16:43:30,954 [INFO] Next green buoy: [(-0.21993023293121178, -7.6862156757158235)], next red buoy: [(15.437560812208067, -7.329055330858309)]
2021-07-28 16:43:30,955 [INFO] Desired_heading: 52.60881528963843
2021-07-28 16:43:30,955 [INFO] sending message $BPRMB,154331.54,-25,,,1000,0,1*67
...
2021-07-28 16:43:31,957 [INFO] sending message $BPSTS,154331.95,1,BWSI Autonomy OK*49
...
2021-07-28 16:43:31,958 [INFO] Processing: $BFNVG,154330.04,4218.000000,N,07106.000000,W,0,10.0,1.0,45.0,0.0,0.0,154330.04*62
2021-07-28 16:43:31,961 [INFO] Interpreted as: {'position': (0.0, 0.0), 'latlon': (42.3, -71.1), 'heading': 45.0, 'depth': 1.0, 'altitude': 10.0, 'roll': 0.0, 'pitch': 0.0, 'last_fix_time': datetime.datetime(2021, 7, 28, 15, 43, 30), 'speed': None, 'rudder': 0, 'datum': (42.3, -71.1)}
2021-07-28 16:43:31,961 [INFO] Processing: $BFNVG,154330.40,4218.000000,N,07106.000000,W,0,10.0,1.0,45.0,0.0,0.0,154330.40*62
2021-07-28 16:43:31,963 [INFO] Interpreted as: {'position': (0.0, 0.0), 'latlon': (42.3, -71.1), 'heading': 45.0, 'depth': 1.0, 'altitude': 10.0, 'roll': 0.0, 'pitch': 0.0, 'last_fix_time': datetime.datetime(2021, 7, 28, 15, 43, 30), 'speed': None, 'rudder': 0, 'datum': (42.3, -71.1)}
2021-07-28 16:43:31,964 [INFO] Processing: $BFNVG,154330.76,4218.000000,N,07106.000000,W,0,10.0,1.0,45.0,0.0,0.0,154330.76*62
2021-07-28 16:43:31,966 [INFO] Interpreted as: {'position': (0.0, 0.0), 'latlon': (42.3, -71.1), 'heading': 45.0, 'depth': 1.0, 'altitude': 10.0, 'roll': 0.0, 'pitch': 0.0, 'last_fix_time': datetime.datetime(2021, 7, 28, 15, 43, 30), 'speed': None, 'rudder': 0, 'datum': (42.3, -71.1)}
2021-07-28 16:43:31,967 [INFO] Received from Frontseat: [b'$BFNVG,154330.04,4218.000000,N,07106.000000,W,0,10.0,1.0,45.0,0.0,0.0,154330.04*62', b'$BFNVG,154330.40,4218.000000,N,07106.000000,W,0,10.0,1.0,45.0,0.0,0.0,154330.40*62', b'$BFNVG,154330.76,4218.000000,N,07106.000000,W,0,10.0,1.0,45.0,0.0,0.0,154330.76*62']
2021-07-28 16:43:31,968 [INFO] AUV state: {'position': (0.0, 0.0), 'latlon': (42.3, -71.1), 'heading': 45.0, 'depth': 1.0, 'altitude': 10.0, 'roll': 0.0, 'pitch': 0.0, 'last_fix_time': datetime.datetime(2021, 7, 28, 15, 43, 30), 'speed': None, 'rudder': 0, 'datum': (42.3, -71.1)}
2021-07-28 16:43:32,325 [INFO] **** [(-0.22035521470194389, -7.708961974233651)] [(15.437560812208067, -7.333901112744751)]
2021-07-28 16:43:32,327 [INFO] Next green buoy: [(-0.22035521470194389, -7.708961974233651)], next red buoy: [(15.437560812208067, -7.333901112744751)]
2021-07-28 16:43:32,328 [INFO] Desired_heading: 52.60860279875306
2021-07-28 16:43:32,328 [INFO] sending message $BPRMB,154332.37,-25,,,1000,0,1*61
...
2021-07-28 16:43:33,330 [INFO] sending message $BPSTS,154333.33,1,BWSI Autonomy OK*47
...
2021-07-28 16:43:33,331 [INFO] Processing: $BFNVG,154331.13,4218.000000,N,07106.000000,W,0,10.0,1.0,45.0,0.0,0.0,154331.13*62
2021-07-28 16:43:33,334 [INFO] Interpreted as: {'position': (0.0, 0.0), 'latlon': (42.3, -71.1), 'heading': 45.0, 'depth': 1.0, 'altitude': 10.0, 'roll': 0.0, 'pitch': 0.0, 'last_fix_time': datetime.datetime(2021, 7, 28, 15, 43, 31), 'speed': None, 'rudder': 0, 'datum': (42.3, -71.1)}
2021-07-28 16:43:33,335 [INFO] Processing: $BFNVG,154331.49,4218.000145,N,07105.999807,W,0,10.0,1.0,47.3,0.0,0.0,154331.49*66
2021-07-28 16:43:33,337 [INFO] Interpreted as: {'position': (0.2717812496703118, 0.26180741377174854), 'latlon': (42.300002416666665, -71.09999678333334), 'heading': 47.3, 'depth': 1.0, 'altitude': 10.0, 'roll': 0.0, 'pitch': 0.0, 'last_fix_time': datetime.datetime(2021, 7, 28, 15, 43, 31), 'speed': None, 'rudder': 0, 'datum': (42.3, -71.1)}
2021-07-28 16:43:33,337 [INFO] Processing: $BFNVG,154331.87,4218.000287,N,07105.999600,W,0,10.0,1.0,49.6,0.0,0.0,154331.87*69
2021-07-28 16:43:33,339 [INFO] Interpreted as: {'position': (0.562659781309776, 0.5175880761817098), 'latlon': (42.300004783333335, -71.09999333333333), 'heading': 49.6, 'depth': 1.0, 'altitude': 10.0, 'roll': 0.0, 'pitch': 0.0, 'last_fix_time': datetime.datetime(2021, 7, 28, 15, 43, 31), 'speed': None, 'rudder': 0, 'datum': (42.3, -71.1)}
2021-07-28 16:43:33,340 [INFO] Processing: $BFNVG,154332.24,4218.000422,N,07105.999389,W,0,10.0,1.0,52.0,0.0,0.0,154332.24*68
2021-07-28 16:43:33,342 [INFO] Interpreted as: {'position': (0.8587141095194966, 0.7602782500907779), 'latlon': (42.30000703333333, -71.09998981666666), 'heading': 52.0, 'depth': 1.0, 'altitude': 10.0, 'roll': 0.0, 'pitch': 0.0, 'last_fix_time': datetime.datetime(2021, 7, 28, 15, 43, 32), 'speed': None, 'rudder': 0, 'datum': (42.3, -71.1)}
2021-07-28 16:43:33,343 [INFO] Received from Frontseat: [b'$BFNVG,154331.13,4218.000000,N,07106.000000,W,0,10.0,1.0,45.0,0.0,0.0,154331.13*62', b'$BFNVG,154331.49,4218.000145,N,07105.999807,W,0,10.0,1.0,47.3,0.0,0.0,154331.49*66', b'$BFNVG,154331.87,4218.000287,N,07105.999600,W,0,10.0,1.0,49.6,0.0,0.0,154331.87*69', b'$BFNVG,154332.24,4218.000422,N,07105.999389,W,0,10.0,1.0,52.0,0.0,0.0,154332.24*68']
2021-07-28 16:43:33,344 [INFO] AUV state: {'position': (0.8587141095194966, 0.7602782500907779), 'latlon': (42.30000703333333, -71.09998981666666), 'heading': 52.0, 'depth': 1.0, 'altitude': 10.0, 'roll': 0.0, 'pitch': 0.0, 'last_fix_time': datetime.datetime(2021, 7, 28, 15, 43, 32), 'speed': None, 'rudder': 0, 'datum': (42.3, -71.1)}
2021-07-28 16:43:33,699 [INFO] **** [(-8.576054882364744, -8.922050247379099)] [(9.877009494720012, -8.66312125631146)]
2021-07-28 16:43:33,701 [INFO] Next green buoy: [(-8.576054882364744, -8.922050247379099)], next red buoy: [(9.877009494720012, -8.66312125631146)]
2021-07-28 16:43:33,701 [INFO] Desired_heading: 52.650477306177635
2021-07-28 16:43:33,702 [INFO] sending message $BPRMB,154334.28,-0.8462414517042248,,,1000,0,1*72
...
2021-07-28 16:43:34,703 [INFO] sending message $BPSTS,154334.70,1,BWSI Autonomy OK*47
...
2021-07-28 16:43:34,704 [INFO] Processing: $BFNVG,154332.60,4218.000546,N,07105.999178,W,0,10.0,1.0,54.2,0.0,0.0,154332.60*63
2021-07-28 16:43:34,706 [INFO] Interpreted as: {'position': (1.1542660232516937, 0.9826107695698738), 'latlon': (42.3000091, -71.0999863), 'heading': 54.2, 'depth': 1.0, 'altitude': 10.0, 'roll': 0.0, 'pitch': 0.0, 'last_fix_time': datetime.datetime(2021, 7, 28, 15, 43, 32), 'speed': None, 'rudder': 0, 'datum': (42.3, -71.1)}
2021-07-28 16:43:34,707 [INFO] Processing: $BFNVG,154332.96,4218.000663,N,07105.998960,W,0,10.0,1.0,56.5,0.0,0.0,154332.96*62
2021-07-28 16:43:34,710 [INFO] Interpreted as: {'position': (1.4591153772780672, 1.1917510870844126), 'latlon': (42.30001105, -71.09998266666666), 'heading': 56.5, 'depth': 1.0, 'altitude': 10.0, 'roll': 0.0, 'pitch': 0.0, 'last_fix_time': datetime.datetime(2021, 7, 28, 15, 43, 32), 'speed': None, 'rudder': 0, 'datum': (42.3, -71.1)}
2021-07-28 16:43:34,711 [INFO] Processing: $BFNVG,154333.32,4218.000774,N,07105.998737,W,0,10.0,1.0,58.7,0.0,0.0,154333.32*65
2021-07-28 16:43:34,712 [INFO] Interpreted as: {'position': (1.7705600764602423, 1.3896177103742957), 'latlon': (42.3000129, -71.09997895), 'heading': 58.7, 'depth': 1.0, 'altitude': 10.0, 'roll': 0.0, 'pitch': 0.0, 'last_fix_time': datetime.datetime(2021, 7, 28, 15, 43, 33), 'speed': None, 'rudder': 0, 'datum': (42.3, -71.1)}
2021-07-28 16:43:34,713 [INFO] Processing: $BFNVG,154333.68,4218.000878,N,07105.998509,W,0,10.0,1.0,61.0,0.0,0.0,154333.68*64
2021-07-28 16:43:34,715 [INFO] Interpreted as: {'position': (2.0885544585762545, 1.5743599440902472), 'latlon': (42.30001463333333, -71.09997515), 'heading': 61.0, 'depth': 1.0, 'altitude': 10.0, 'roll': 0.0, 'pitch': 0.0, 'last_fix_time': datetime.datetime(2021, 7, 28, 15, 43, 33), 'speed': None, 'rudder': 0, 'datum': (42.3, -71.1)}
2021-07-28 16:43:34,716 [INFO] Received from Frontseat: [b'$BFNVG,154332.60,4218.000546,N,07105.999178,W,0,10.0,1.0,54.2,0.0,0.0,154332.60*63', b'$BFNVG,154332.96,4218.000663,N,07105.998960,W,0,10.0,1.0,56.5,0.0,0.0,154332.96*62', b'$BFNVG,154333.32,4218.000774,N,07105.998737,W,0,10.0,1.0,58.7,0.0,0.0,154333.32*65', b'$BFNVG,154333.68,4218.000878,N,07105.998509,W,0,10.0,1.0,61.0,0.0,0.0,154333.68*64']
2021-07-28 16:43:34,717 [INFO] AUV state: {'position': (2.0885544585762545, 1.5743599440902472), 'latlon': (42.30001463333333, -71.09997515), 'heading': 61.0, 'depth': 1.0, 'altitude': 10.0, 'roll': 0.0, 'pitch': 0.0, 'last_fix_time': datetime.datetime(2021, 7, 28, 15, 43, 33), 'speed': None, 'rudder': 0, 'datum': (42.3, -71.1)}
2021-07-28 16:43:35,091 [INFO] **** [(-21.413129623328427, -11.256058560821405)] [(1.2112101245466709, -10.882558482983473)]
2021-07-28 16:43:35,093 [INFO] Next green buoy: [(-21.413129623328427, -11.256058560821405)], next red buoy: [(1.2112101245466709, -10.882558482983473)]
2021-07-28 16:43:35,093 [INFO] Desired_heading: 50.89904025060912
2021-07-28 16:43:35,094 [INFO] sending message $BPRMB,154335.11,25,,,1000,0,1*4f
...
2021-07-28 16:43:36,095 [INFO] sending message $BPSTS,154336.09,1,BWSI Autonomy OK*4b
...
2021-07-28 16:43:36,097 [INFO] Processing: $BFNVG,154334.04,4218.000976,N,07105.998275,W,0,10.0,1.0,63.2,0.0,0.0,154334.04*67
2021-07-28 16:43:36,098 [INFO] Interpreted as: {'position': (2.4145180692430586, 1.7477945843711495), 'latlon': (42.30001626666667, -71.09997125), 'heading': 63.2, 'depth': 1.0, 'altitude': 10.0, 'roll': 0.0, 'pitch': 0.0, 'last_fix_time': datetime.datetime(2021, 7, 28, 15, 43, 34), 'speed': None, 'rudder': 0, 'datum': (42.3, -71.1)}
2021-07-28 16:43:36,099 [INFO] Processing: $BFNVG,154334.39,4218.001070,N,07105.998039,W,0,10.0,1.0,63.3,0.0,0.0,154334.39*62
2021-07-28 16:43:36,101 [INFO] Interpreted as: {'position': (2.7430467365775257, 1.9137586383149028), 'latlon': (42.300017833333335, -71.09996731666666), 'heading': 63.3, 'depth': 1.0, 'altitude': 10.0, 'roll': 0.0, 'pitch': 0.0, 'last_fix_time': datetime.datetime(2021, 7, 28, 15, 43, 34), 'speed': None, 'rudder': 0, 'datum': (42.3, -71.1)}
2021-07-28 16:43:36,102 [INFO] Processing: $BFNVG,154334.75,4218.001164,N,07105.997802,W,0,10.0,1.0,63.3,0.0,0.0,154334.75*69
2021-07-28 16:43:36,103 [INFO] Interpreted as: {'position': (3.0729492693790235, 2.079688803292811), 'latlon': (42.3000194, -71.09996336666667), 'heading': 63.3, 'depth': 1.0, 'altitude': 10.0, 'roll': 0.0, 'pitch': 0.0, 'last_fix_time': datetime.datetime(2021, 7, 28, 15, 43, 34), 'speed': None, 'rudder': 0, 'datum': (42.3, -71.1)}
2021-07-28 16:43:36,104 [INFO] Received from Frontseat: [b'$BFNVG,154334.04,4218.000976,N,07105.998275,W,0,10.0,1.0,63.2,0.0,0.0,154334.04*67', b'$BFNVG,154334.39,4218.001070,N,07105.998039,W,0,10.0,1.0,63.3,0.0,0.0,154334.39*62', b'$BFNVG,154334.75,4218.001164,N,07105.997802,W,0,10.0,1.0,63.3,0.0,0.0,154334.75*69']
2021-07-28 16:43:36,105 [INFO] AUV state: {'position': (3.0729492693790235, 2.079688803292811), 'latlon': (42.3000194, -71.09996336666667), 'heading': 63.3, 'depth': 1.0, 'altitude': 10.0, 'roll': 0.0, 'pitch': 0.0, 'last_fix_time': datetime.datetime(2021, 7, 28, 15, 43, 34), 'speed': None, 'rudder': 0, 'datum': (42.3, -71.1)}
2021-07-28 16:43:36,478 [INFO] **** [] [(-1.596584282427192, -13.472407274758735)]
2021-07-28 16:43:36,480 [INFO] Next green buoy: [], next red buoy: [(-1.596584282427192, -13.472407274758735)]
2021-07-28 16:43:36,480 [INFO] Desired_heading: 61.7034157175728
2021-07-28 16:43:36,481 [INFO] sending message $BPRMB,154337.07,-5.098162741787119,,,1000,0,1*4c
...
2021-07-28 16:43:37,483 [INFO] sending message $BPSTS,154337.48,1,BWSI Autonomy OK*4f
...
2021-07-28 16:43:37,484 [INFO] Processing: $BFNVG,154335.12,4218.001259,N,07105.997561,W,0,10.0,1.0,63.4,0.0,0.0,154335.12*6B
2021-07-28 16:43:37,486 [INFO] Interpreted as: {'position': (3.40839297050843, 2.2473340639844537), 'latlon': (42.30002098333333, -71.09995935), 'heading': 63.4, 'depth': 1.0, 'altitude': 10.0, 'roll': 0.0, 'pitch': 0.0, 'last_fix_time': datetime.datetime(2021, 7, 28, 15, 43, 35), 'speed': None, 'rudder': 0, 'datum': (42.3, -71.1)}
2021-07-28 16:43:37,487 [INFO] Processing: $BFNVG,154335.48,4218.001356,N,07105.997326,W,0,10.0,1.0,61.2,0.0,0.0,154335.48*64
2021-07-28 16:43:37,489 [INFO] Interpreted as: {'position': (3.735684725572355, 2.4188841599971056), 'latlon': (42.3000226, -71.09995543333334), 'heading': 61.2, 'depth': 1.0, 'altitude': 10.0, 'roll': 0.0, 'pitch': 0.0, 'last_fix_time': datetime.datetime(2021, 7, 28, 15, 43, 35), 'speed': None, 'rudder': 0, 'datum': (42.3, -71.1)}
2021-07-28 16:43:37,490 [INFO] Processing: $BFNVG,154335.84,4218.001460,N,07105.997097,W,0,10.0,1.0,58.9,0.0,0.0,154335.84*6E
2021-07-28 16:43:37,492 [INFO] Interpreted as: {'position': (4.055052885960322, 2.6035925783216953), 'latlon': (42.30002433333333, -71.09995161666667), 'heading': 58.9, 'depth': 1.0, 'altitude': 10.0, 'roll': 0.0, 'pitch': 0.0, 'last_fix_time': datetime.datetime(2021, 7, 28, 15, 43, 35), 'speed': None, 'rudder': 0, 'datum': (42.3, -71.1)}
2021-07-28 16:43:37,493 [INFO] Processing: $BFNVG,154336.20,4218.001574,N,07105.996867,W,0,10.0,1.0,56.6,0.0,0.0,154336.20*6D
2021-07-28 16:43:37,495 [INFO] Interpreted as: {'position': (4.376251613954082, 2.8067740742117167), 'latlon': (42.300026233333334, -71.09994778333333), 'heading': 56.6, 'depth': 1.0, 'altitude': 10.0, 'roll': 0.0, 'pitch': 0.0, 'last_fix_time': datetime.datetime(2021, 7, 28, 15, 43, 36), 'speed': None, 'rudder': 0, 'datum': (42.3, -71.1)}
2021-07-28 16:43:37,495 [INFO] Received from Frontseat: [b'$BFNVG,154335.12,4218.001259,N,07105.997561,W,0,10.0,1.0,63.4,0.0,0.0,154335.12*6B', b'$BFNVG,154335.48,4218.001356,N,07105.997326,W,0,10.0,1.0,61.2,0.0,0.0,154335.48*64', b'$BFNVG,154335.84,4218.001460,N,07105.997097,W,0,10.0,1.0,58.9,0.0,0.0,154335.84*6E', b'$BFNVG,154336.20,4218.001574,N,07105.996867,W,0,10.0,1.0,56.6,0.0,0.0,154336.20*6D']
2021-07-28 16:43:37,496 [INFO] AUV state: {'position': (4.376251613954082, 2.8067740742117167), 'latlon': (42.300026233333334, -71.09994778333333), 'heading': 56.6, 'depth': 1.0, 'altitude': 10.0, 'roll': 0.0, 'pitch': 0.0, 'last_fix_time': datetime.datetime(2021, 7, 28, 15, 43, 36), 'speed': None, 'rudder': 0, 'datum': (42.3, -71.1)}
2021-07-28 16:43:37,882 [INFO] **** [] [(6.440825995041778, -20.114232016790496), (-17.283169028150432, -5.026361713210614)]
2021-07-28 16:43:37,884 [INFO] Next green buoy: [], next red buoy: [(6.440825995041778, -20.114232016790496), (-17.283169028150432, -5.026361713210614)]
2021-07-28 16:43:37,884 [INFO] Desired_heading: 63.04082599504178
2021-07-28 16:43:37,885 [INFO] sending message $BPRMB,154337.89,-25,,,1000,0,1*61
...
2021-07-28 16:43:38,886 [INFO] sending message $BPSTS,154338.88,1,BWSI Autonomy OK*4c
...
2021-07-28 16:43:38,888 [INFO] Processing: $BFNVG,154336.56,4218.001690,N,07105.996650,W,0,10.0,1.0,54.4,0.0,0.0,154336.56*6E
2021-07-28 16:43:38,890 [INFO] Interpreted as: {'position': (4.6796812394750305, 3.014097733423114), 'latlon': (42.300028166666664, -71.09994416666666), 'heading': 54.4, 'depth': 1.0, 'altitude': 10.0, 'roll': 0.0, 'pitch': 0.0, 'last_fix_time': datetime.datetime(2021, 7, 28, 15, 43, 36), 'speed': None, 'rudder': 0, 'datum': (42.3, -71.1)}
2021-07-28 16:43:38,891 [INFO] Processing: $BFNVG,154336.92,4218.001809,N,07105.996435,W,0,10.0,1.0,54.8,0.0,0.0,154336.92*6D
2021-07-28 16:43:38,893 [INFO] Interpreted as: {'position': (4.980500096920878, 3.227041305974126), 'latlon': (42.30003015, -71.09994058333334), 'heading': 54.8, 'depth': 1.0, 'altitude': 10.0, 'roll': 0.0, 'pitch': 0.0, 'last_fix_time': datetime.datetime(2021, 7, 28, 15, 43, 36), 'speed': None, 'rudder': 0, 'datum': (42.3, -71.1)}
2021-07-28 16:43:38,894 [INFO] Processing: $BFNVG,154337.28,4218.001927,N,07105.996219,W,0,10.0,1.0,55.3,0.0,0.0,154337.28*62
2021-07-28 16:43:38,895 [INFO] Interpreted as: {'position': (5.282647148473188, 3.4381002886220813), 'latlon': (42.300032116666664, -71.09993698333334), 'heading': 55.3, 'depth': 1.0, 'altitude': 10.0, 'roll': 0.0, 'pitch': 0.0, 'last_fix_time': datetime.datetime(2021, 7, 28, 15, 43, 37), 'speed': None, 'rudder': 0, 'datum': (42.3, -71.1)}
2021-07-28 16:43:38,896 [INFO] Processing: $BFNVG,154337.64,4218.002044,N,07105.996001,W,0,10.0,1.0,55.8,0.0,0.0,154337.64*6D
2021-07-28 16:43:38,898 [INFO] Interpreted as: {'position': (5.587496266933158, 3.6472407802939415), 'latlon': (42.30003406666667, -71.09993335), 'heading': 55.8, 'depth': 1.0, 'altitude': 10.0, 'roll': 0.0, 'pitch': 0.0, 'last_fix_time': datetime.datetime(2021, 7, 28, 15, 43, 37), 'speed': None, 'rudder': 0, 'datum': (42.3, -71.1)}
2021-07-28 16:43:38,900 [INFO] Received from Frontseat: [b'$BFNVG,154336.56,4218.001690,N,07105.996650,W,0,10.0,1.0,54.4,0.0,0.0,154336.56*6E', b'$BFNVG,154336.92,4218.001809,N,07105.996435,W,0,10.0,1.0,54.8,0.0,0.0,154336.92*6D', b'$BFNVG,154337.28,4218.001927,N,07105.996219,W,0,10.0,1.0,55.3,0.0,0.0,154337.28*62', b'$BFNVG,154337.64,4218.002044,N,07105.996001,W,0,10.0,1.0,55.8,0.0,0.0,154337.64*6D']
2021-07-28 16:43:38,900 [INFO] AUV state: {'position': (5.587496266933158, 3.6472407802939415), 'latlon': (42.30003406666667, -71.09993335), 'heading': 55.8, 'depth': 1.0, 'altitude': 10.0, 'roll': 0.0, 'pitch': 0.0, 'last_fix_time': datetime.datetime(2021, 7, 28, 15, 43, 37), 'speed': None, 'rudder': 0, 'datum': (42.3, -71.1)}
2021-07-28 16:43:39,287 [INFO] **** [] [(14.378167246634675, -23.746963766971945), (-18.494840579426146, -5.670936435092061)]
2021-07-28 16:43:39,289 [INFO] Next green buoy: [], next red buoy: [(14.378167246634675, -23.746963766971945), (-18.494840579426146, -5.670936435092061)]
2021-07-28 16:43:39,289 [INFO] Desired_heading: 70.17816724663467
2021-07-28 16:43:39,290 [INFO] sending message $BPRMB,154339.88,-25,,,1000,0,1*6e
...
2021-07-28 16:43:40,291 [INFO] sending message $BPSTS,154340.29,1,BWSI Autonomy OK*48
...
2021-07-28 16:43:40,293 [INFO] Processing: $BFNVG,154337.99,4218.002160,N,07105.995783,W,0,10.0,1.0,56.2,0.0,0.0,154337.99*6D
2021-07-28 16:43:40,295 [INFO] Interpreted as: {'position': (5.892299696512055, 3.8545305859297514), 'latlon': (42.300036, -71.09992971666667), 'heading': 56.2, 'depth': 1.0, 'altitude': 10.0, 'roll': 0.0, 'pitch': 0.0, 'last_fix_time': datetime.datetime(2021, 7, 28, 15, 43, 37), 'speed': None, 'rudder': 0, 'datum': (42.3, -71.1)}
2021-07-28 16:43:40,296 [INFO] Processing: $BFNVG,154338.36,4218.002272,N,07105.995559,W,0,10.0,1.0,58.5,0.0,0.0,154338.36*61
2021-07-28 16:43:40,298 [INFO] Interpreted as: {'position': (6.205163699691184, 4.054214192554355), 'latlon': (42.30003786666666, -71.09992598333334), 'heading': 58.5, 'depth': 1.0, 'altitude': 10.0, 'roll': 0.0, 'pitch': 0.0, 'last_fix_time': datetime.datetime(2021, 7, 28, 15, 43, 38), 'speed': None, 'rudder': 0, 'datum': (42.3, -71.1)}
2021-07-28 16:43:40,299 [INFO] Processing: $BFNVG,154338.72,4218.002378,N,07105.995330,W,0,10.0,1.0,60.7,0.0,0.0,154338.72*6A
2021-07-28 16:43:40,301 [INFO] Interpreted as: {'position': (6.524623056873679, 4.2426241133362055), 'latlon': (42.300039633333334, -71.09992216666667), 'heading': 60.7, 'depth': 1.0, 'altitude': 10.0, 'roll': 0.0, 'pitch': 0.0, 'last_fix_time': datetime.datetime(2021, 7, 28, 15, 43, 38), 'speed': None, 'rudder': 0, 'datum': (42.3, -71.1)}
2021-07-28 16:43:40,302 [INFO] Processing: $BFNVG,154339.08,4218.002476,N,07105.995096,W,0,10.0,1.0,63.0,0.0,0.0,154339.08*68
2021-07-28 16:43:40,304 [INFO] Interpreted as: {'position': (6.850586430344265, 4.416058950126171), 'latlon': (42.30004126666667, -71.09991826666666), 'heading': 63.0, 'depth': 1.0, 'altitude': 10.0, 'roll': 0.0, 'pitch': 0.0, 'last_fix_time': datetime.datetime(2021, 7, 28, 15, 43, 39), 'speed': None, 'rudder': 0, 'datum': (42.3, -71.1)}
2021-07-28 16:43:40,305 [INFO] Received from Frontseat: [b'$BFNVG,154337.99,4218.002160,N,07105.995783,W,0,10.0,1.0,56.2,0.0,0.0,154337.99*6D', b'$BFNVG,154338.36,4218.002272,N,07105.995559,W,0,10.0,1.0,58.5,0.0,0.0,154338.36*61', b'$BFNVG,154338.72,4218.002378,N,07105.995330,W,0,10.0,1.0,60.7,0.0,0.0,154338.72*6A', b'$BFNVG,154339.08,4218.002476,N,07105.995096,W,0,10.0,1.0,63.0,0.0,0.0,154339.08*68']
2021-07-28 16:43:40,305 [INFO] AUV state: {'position': (6.850586430344265, 4.416058950126171), 'latlon': (42.30004126666667, -71.09991826666666), 'heading': 63.0, 'depth': 1.0, 'altitude': 10.0, 'roll': 0.0, 'pitch': 0.0, 'last_fix_time': datetime.datetime(2021, 7, 28, 15, 43, 39), 'speed': None, 'rudder': 0, 'datum': (42.3, -71.1)}
2021-07-28 16:43:40,648 [INFO] **** [] []
2021-07-28 16:43:40,651 [INFO] Next green buoy: [], next red buoy: []
2021-07-28 16:43:40,651 [INFO] Desired_heading: 63.0
2021-07-28 16:43:40,652 [INFO] sending message $BPRMB,154340.70,-0.0,,,1000,0,1*4e
...
2021-07-28 16:43:41,654 [INFO] sending message $BPSTS,154341.65,1,BWSI Autonomy OK*41
...
2021-07-28 16:43:41,655 [INFO] Processing: $BFNVG,154339.43,4218.002567,N,07105.994858,W,0,10.0,1.0,65.2,0.0,0.0,154339.43*66
2021-07-28 16:43:41,657 [INFO] Interpreted as: {'position': (7.18172560876701, 4.576403308659792), 'latlon': (42.30004278333333, -71.0999143), 'heading': 65.2, 'depth': 1.0, 'altitude': 10.0, 'roll': 0.0, 'pitch': 0.0, 'last_fix_time': datetime.datetime(2021, 7, 28, 15, 43, 39), 'speed': None, 'rudder': 0, 'datum': (42.3, -71.1)}
2021-07-28 16:43:41,658 [INFO] Processing: $BFNVG,154339.82,4218.002658,N,07105.994596,W,0,10.0,1.0,67.6,0.0,0.0,154339.82*60
2021-07-28 16:43:41,660 [INFO] Interpreted as: {'position': (7.54583786369767, 4.735933996737003), 'latlon': (42.3000443, -71.09990993333334), 'heading': 67.6, 'depth': 1.0, 'altitude': 10.0, 'roll': 0.0, 'pitch': 0.0, 'last_fix_time': datetime.datetime(2021, 7, 28, 15, 43, 39), 'speed': None, 'rudder': 0, 'datum': (42.3, -71.1)}
2021-07-28 16:43:41,661 [INFO] Processing: $BFNVG,154340.19,4218.002736,N,07105.994343,W,0,10.0,1.0,69.9,0.0,0.0,154340.19*66
2021-07-28 16:43:41,662 [INFO] Interpreted as: {'position': (7.896991483110469, 4.871710771694779), 'latlon': (42.3000456, -71.09990571666667), 'heading': 69.9, 'depth': 1.0, 'altitude': 10.0, 'roll': 0.0, 'pitch': 0.0, 'last_fix_time': datetime.datetime(2021, 7, 28, 15, 43, 40), 'speed': None, 'rudder': 0, 'datum': (42.3, -71.1)}
2021-07-28 16:43:41,663 [INFO] Processing: $BFNVG,154340.55,4218.002806,N,07105.994090,W,0,10.0,1.0,72.2,0.0,0.0,154340.55*66
2021-07-28 16:43:41,666 [INFO] Interpreted as: {'position': (8.2477797283791, 4.992681986652315), 'latlon': (42.30004676666667, -71.0999015), 'heading': 72.2, 'depth': 1.0, 'altitude': 10.0, 'roll': 0.0, 'pitch': 0.0, 'last_fix_time': datetime.datetime(2021, 7, 28, 15, 43, 40), 'speed': None, 'rudder': 0, 'datum': (42.3, -71.1)}
2021-07-28 16:43:41,667 [INFO] Received from Frontseat: [b'$BFNVG,154339.43,4218.002567,N,07105.994858,W,0,10.0,1.0,65.2,0.0,0.0,154339.43*66', b'$BFNVG,154339.82,4218.002658,N,07105.994596,W,0,10.0,1.0,67.6,0.0,0.0,154339.82*60', b'$BFNVG,154340.19,4218.002736,N,07105.994343,W,0,10.0,1.0,69.9,0.0,0.0,154340.19*66', b'$BFNVG,154340.55,4218.002806,N,07105.994090,W,0,10.0,1.0,72.2,0.0,0.0,154340.55*66']
2021-07-28 16:43:41,667 [INFO] AUV state: {'position': (8.2477797283791, 4.992681986652315), 'latlon': (42.30004676666667, -71.0999015), 'heading': 72.2, 'depth': 1.0, 'altitude': 10.0, 'roll': 0.0, 'pitch': 0.0, 'last_fix_time': datetime.datetime(2021, 7, 28, 15, 43, 40), 'speed': None, 'rudder': 0, 'datum': (42.3, -71.1)}
2021-07-28 16:43:42,021 [INFO] **** [] []
2021-07-28 16:43:42,023 [INFO] Next green buoy: [], next red buoy: []
2021-07-28 16:43:42,023 [INFO] Desired_heading: 72.2
2021-07-28 16:43:42,024 [INFO] sending message $BPRMB,154342.60,-0.0,,,1000,0,1*4d
...
2021-07-28 16:43:43,025 [INFO] sending message $BPSTS,154343.02,1,BWSI Autonomy OK*42
...
2021-07-28 16:43:43,027 [INFO] Processing: $BFNVG,154340.91,4218.002868,N,07105.993834,W,0,10.0,1.0,74.4,0.0,0.0,154340.91*6F
2021-07-28 16:43:43,029 [INFO] Interpreted as: {'position': (8.602324237930588, 5.098745932802558), 'latlon': (42.3000478, -71.09989723333334), 'heading': 74.4, 'depth': 1.0, 'altitude': 10.0, 'roll': 0.0, 'pitch': 0.0, 'last_fix_time': datetime.datetime(2021, 7, 28, 15, 43, 40), 'speed': None, 'rudder': 0, 'datum': (42.3, -71.1)}
2021-07-28 16:43:43,030 [INFO] Processing: $BFNVG,154341.27,4218.002927,N,07105.993574,W,0,10.0,1.0,74.4,0.0,0.0,154341.27*6C
2021-07-28 16:43:43,032 [INFO] Interpreted as: {'position': (8.962227239331696, 5.199122189544141), 'latlon': (42.30004878333333, -71.0998929), 'heading': 74.4, 'depth': 1.0, 'altitude': 10.0, 'roll': 0.0, 'pitch': 0.0, 'last_fix_time': datetime.datetime(2021, 7, 28, 15, 43, 41), 'speed': None, 'rudder': 0, 'datum': (42.3, -71.1)}
2021-07-28 16:43:43,033 [INFO] Processing: $BFNVG,154341.63,4218.002985,N,07105.993317,W,0,10.0,1.0,74.4,0.0,0.0,154341.63*67
2021-07-28 16:43:43,035 [INFO] Interpreted as: {'position': (9.317962925881147, 5.297749479301274), 'latlon': (42.30004975, -71.09988861666666), 'heading': 74.4, 'depth': 1.0, 'altitude': 10.0, 'roll': 0.0, 'pitch': 0.0, 'last_fix_time': datetime.datetime(2021, 7, 28, 15, 43, 41), 'speed': None, 'rudder': 0, 'datum': (42.3, -71.1)}
2021-07-28 16:43:43,036 [INFO] Processing: $BFNVG,154341.99,4218.003044,N,07105.993060,W,0,10.0,1.0,74.4,0.0,0.0,154341.99*61
2021-07-28 16:43:43,038 [INFO] Interpreted as: {'position': (9.673744268948212, 5.398227484896779), 'latlon': (42.300050733333336, -71.09988433333334), 'heading': 74.4, 'depth': 1.0, 'altitude': 10.0, 'roll': 0.0, 'pitch': 0.0, 'last_fix_time': datetime.datetime(2021, 7, 28, 15, 43, 41), 'speed': None, 'rudder': 0, 'datum': (42.3, -71.1)}
2021-07-28 16:43:43,038 [INFO] Received from Frontseat: [b'$BFNVG,154340.91,4218.002868,N,07105.993834,W,0,10.0,1.0,74.4,0.0,0.0,154340.91*6F', b'$BFNVG,154341.27,4218.002927,N,07105.993574,W,0,10.0,1.0,74.4,0.0,0.0,154341.27*6C', b'$BFNVG,154341.63,4218.002985,N,07105.993317,W,0,10.0,1.0,74.4,0.0,0.0,154341.63*67', b'$BFNVG,154341.99,4218.003044,N,07105.993060,W,0,10.0,1.0,74.4,0.0,0.0,154341.99*61']
2021-07-28 16:43:43,039 [INFO] AUV state: {'position': (9.673744268948212, 5.398227484896779), 'latlon': (42.300050733333336, -71.09988433333334), 'heading': 74.4, 'depth': 1.0, 'altitude': 10.0, 'roll': 0.0, 'pitch': 0.0, 'last_fix_time': datetime.datetime(2021, 7, 28, 15, 43, 41), 'speed': None, 'rudder': 0, 'datum': (42.3, -71.1)}
2021-07-28 16:43:43,376 [INFO] **** [] []
2021-07-28 16:43:43,379 [INFO] Next green buoy: [], next red buoy: []
2021-07-28 16:43:43,379 [INFO] Desired_heading: 74.4
2021-07-28 16:43:43,380 [INFO] sending message $BPRMB,154343.44,-0.0,,,1000,0,1*4a
...
2021-07-28 16:43:44,381 [INFO] sending message $BPSTS,154344.38,1,BWSI Autonomy OK*4c
...
2021-07-28 16:43:44,383 [INFO] Processing: $BFNVG,154342.35,4218.003102,N,07105.992803,W,0,10.0,1.0,74.4,0.0,0.0,154342.35*6E
2021-07-28 16:43:44,385 [INFO] Interpreted as: {'position': (10.02947993366979, 5.496854808181524), 'latlon': (42.3000517, -71.09988005), 'heading': 74.4, 'depth': 1.0, 'altitude': 10.0, 'roll': 0.0, 'pitch': 0.0, 'last_fix_time': datetime.datetime(2021, 7, 28, 15, 43, 42), 'speed': None, 'rudder': 0, 'datum': (42.3, -71.1)}
2021-07-28 16:43:44,386 [INFO] Processing: $BFNVG,154342.71,4218.003160,N,07105.992545,W,0,10.0,1.0,74.4,0.0,0.0,154342.71*65
2021-07-28 16:43:44,388 [INFO] Interpreted as: {'position': (10.386589466186706, 5.59544824808836), 'latlon': (42.300052666666666, -71.09987575), 'heading': 74.4, 'depth': 1.0, 'altitude': 10.0, 'roll': 0.0, 'pitch': 0.0, 'last_fix_time': datetime.datetime(2021, 7, 28, 15, 43, 42), 'speed': None, 'rudder': 0, 'datum': (42.3, -71.1)}
2021-07-28 16:43:44,389 [INFO] Processing: $BFNVG,154343.07,4218.003219,N,07105.992287,W,0,10.0,1.0,74.4,0.0,0.0,154343.07*61
2021-07-28 16:43:44,391 [INFO] Interpreted as: {'position': (10.743744657025672, 5.6958924029022455), 'latlon': (42.30005365, -71.09987145), 'heading': 74.4, 'depth': 1.0, 'altitude': 10.0, 'roll': 0.0, 'pitch': 0.0, 'last_fix_time': datetime.datetime(2021, 7, 28, 15, 43, 43), 'speed': None, 'rudder': 0, 'datum': (42.3, -71.1)}
2021-07-28 16:43:44,392 [INFO] Received from Frontseat: [b'$BFNVG,154342.35,4218.003102,N,07105.992803,W,0,10.0,1.0,74.4,0.0,0.0,154342.35*6E', b'$BFNVG,154342.71,4218.003160,N,07105.992545,W,0,10.0,1.0,74.4,0.0,0.0,154342.71*65', b'$BFNVG,154343.07,4218.003219,N,07105.992287,W,0,10.0,1.0,74.4,0.0,0.0,154343.07*61']
2021-07-28 16:43:44,392 [INFO] AUV state: {'position': (10.743744657025672, 5.6958924029022455), 'latlon': (42.30005365, -71.09987145), 'heading': 74.4, 'depth': 1.0, 'altitude': 10.0, 'roll': 0.0, 'pitch': 0.0, 'last_fix_time': datetime.datetime(2021, 7, 28, 15, 43, 43), 'speed': None, 'rudder': 0, 'datum': (42.3, -71.1)}
2021-07-28 16:43:44,751 [INFO] **** [] []
2021-07-28 16:43:44,753 [INFO] Next green buoy: [], next red buoy: []
2021-07-28 16:43:44,753 [INFO] Desired_heading: 74.4
2021-07-28 16:43:44,754 [INFO] sending message $BPRMB,154345.31,-0.0,,,1000,0,1*4e
...
2021-07-28 16:43:45,755 [INFO] sending message $BPSTS,154345.75,1,BWSI Autonomy OK*44
...
2021-07-28 16:43:45,757 [INFO] Processing: $BFNVG,154343.42,4218.003277,N,07105.992030,W,0,10.0,1.0,74.4,0.0,0.0,154343.42*67
2021-07-28 16:43:45,759 [INFO] Interpreted as: {'position': (11.099480284843594, 5.7945197802037), 'latlon': (42.300054616666664, -71.09986716666667), 'heading': 74.4, 'depth': 1.0, 'altitude': 10.0, 'roll': 0.0, 'pitch': 0.0, 'last_fix_time': datetime.datetime(2021, 7, 28, 15, 43, 43), 'speed': None, 'rudder': 0, 'datum': (42.3, -71.1)}
2021-07-28 16:43:45,760 [INFO] Processing: $BFNVG,154343.78,4218.003335,N,07105.991774,W,0,10.0,1.0,74.4,0.0,0.0,154343.78*64
2021-07-28 16:43:45,762 [INFO] Interpreted as: {'position': (11.453842027345672, 5.893181078135967), 'latlon': (42.30005558333333, -71.0998629), 'heading': 74.4, 'depth': 1.0, 'altitude': 10.0, 'roll': 0.0, 'pitch': 0.0, 'last_fix_time': datetime.datetime(2021, 7, 28, 15, 43, 43), 'speed': None, 'rudder': 0, 'datum': (42.3, -71.1)}
2021-07-28 16:43:45,763 [INFO] Processing: $BFNVG,154344.14,4218.003394,N,07105.991515,W,0,10.0,1.0,74.4,0.0,0.0,154344.14*6A
2021-07-28 16:43:45,765 [INFO] Interpreted as: {'position': (11.812371063861065, 5.993591384962201), 'latlon': (42.30005656666667, -71.09985858333333), 'heading': 74.4, 'depth': 1.0, 'altitude': 10.0, 'roll': 0.0, 'pitch': 0.0, 'last_fix_time': datetime.datetime(2021, 7, 28, 15, 43, 44), 'speed': None, 'rudder': 0, 'datum': (42.3, -71.1)}
2021-07-28 16:43:45,766 [INFO] Processing: $BFNVG,154344.50,4218.003452,N,07105.991259,W,0,10.0,1.0,74.4,0.0,0.0,154344.50*68
2021-07-28 16:43:45,769 [INFO] Interpreted as: {'position': (12.16673278453527, 6.092252718284726), 'latlon': (42.30005753333333, -71.09985431666666), 'heading': 74.4, 'depth': 1.0, 'altitude': 10.0, 'roll': 0.0, 'pitch': 0.0, 'last_fix_time': datetime.datetime(2021, 7, 28, 15, 43, 44), 'speed': None, 'rudder': 0, 'datum': (42.3, -71.1)}
2021-07-28 16:43:45,770 [INFO] Received from Frontseat: [b'$BFNVG,154343.42,4218.003277,N,07105.992030,W,0,10.0,1.0,74.4,0.0,0.0,154343.42*67', b'$BFNVG,154343.78,4218.003335,N,07105.991774,W,0,10.0,1.0,74.4,0.0,0.0,154343.78*64', b'$BFNVG,154344.14,4218.003394,N,07105.991515,W,0,10.0,1.0,74.4,0.0,0.0,154344.14*6A', b'$BFNVG,154344.50,4218.003452,N,07105.991259,W,0,10.0,1.0,74.4,0.0,0.0,154344.50*68']
2021-07-28 16:43:45,771 [INFO] AUV state: {'position': (12.16673278453527, 6.092252718284726), 'latlon': (42.30005753333333, -71.09985431666666), 'heading': 74.4, 'depth': 1.0, 'altitude': 10.0, 'roll': 0.0, 'pitch': 0.0, 'last_fix_time': datetime.datetime(2021, 7, 28, 15, 43, 44), 'speed': None, 'rudder': 0, 'datum': (42.3, -71.1)}
2021-07-28 16:43:46,112 [INFO] **** [] [(-22.468273171836863, -4.708967203681484)]
2021-07-28 16:43:46,115 [INFO] Next green buoy: [], next red buoy: [(-22.468273171836863, -4.708967203681484)]
2021-07-28 16:43:46,115 [INFO] Desired_heading: 51.93172682816314
2021-07-28 16:43:46,116 [INFO] sending message $BPRMB,154346.19,25,,,1000,0,1*43
...
2021-07-28 16:43:47,117 [INFO] sending message $BPSTS,154347.11,1,BWSI Autonomy OK*44
...
2021-07-28 16:43:47,119 [INFO] Processing: $BFNVG,154344.86,4218.003510,N,07105.991002,W,0,10.0,1.0,74.4,0.0,0.0,154344.86*63
2021-07-28 16:43:47,121 [INFO] Interpreted as: {'position': (12.522468370909337, 6.190880167298019), 'latlon': (42.3000585, -71.09985003333334), 'heading': 74.4, 'depth': 1.0, 'altitude': 10.0, 'roll': 0.0, 'pitch': 0.0, 'last_fix_time': datetime.datetime(2021, 7, 28, 15, 43, 44), 'speed': None, 'rudder': 0, 'datum': (42.3, -71.1)}
2021-07-28 16:43:47,122 [INFO] Processing: $BFNVG,154345.22,4218.003569,N,07105.990742,W,0,10.0,1.0,74.4,0.0,0.0,154345.22*6F
2021-07-28 16:43:47,124 [INFO] Interpreted as: {'position': (12.882371252810117, 6.291256625205278), 'latlon': (42.300059483333335, -71.0998457), 'heading': 74.4, 'depth': 1.0, 'altitude': 10.0, 'roll': 0.0, 'pitch': 0.0, 'last_fix_time': datetime.datetime(2021, 7, 28, 15, 43, 45), 'speed': None, 'rudder': 0, 'datum': (42.3, -71.1)}
2021-07-28 16:43:47,125 [INFO] Processing: $BFNVG,154345.58,4218.003627,N,07105.990486,W,0,10.0,1.0,74.4,0.0,0.0,154345.58*6D
2021-07-28 16:43:47,128 [INFO] Interpreted as: {'position': (13.236732938792557, 6.389918010681868), 'latlon': (42.30006045, -71.09984143333334), 'heading': 74.4, 'depth': 1.0, 'altitude': 10.0, 'roll': 0.0, 'pitch': 0.0, 'last_fix_time': datetime.datetime(2021, 7, 28, 15, 43, 45), 'speed': None, 'rudder': 0, 'datum': (42.3, -71.1)}
2021-07-28 16:43:47,129 [INFO] Processing: $BFNVG,154345.94,4218.003685,N,07105.990229,W,0,10.0,1.0,74.4,0.0,0.0,154345.94*66
2021-07-28 16:43:47,132 [INFO] Interpreted as: {'position': (13.592468494432978, 6.488545512780547), 'latlon': (42.300061416666665, -71.09983715), 'heading': 74.4, 'depth': 1.0, 'altitude': 10.0, 'roll': 0.0, 'pitch': 0.0, 'last_fix_time': datetime.datetime(2021, 7, 28, 15, 43, 45), 'speed': None, 'rudder': 0, 'datum': (42.3, -71.1)}
2021-07-28 16:43:47,133 [INFO] Received from Frontseat: [b'$BFNVG,154344.86,4218.003510,N,07105.991002,W,0,10.0,1.0,74.4,0.0,0.0,154344.86*63', b'$BFNVG,154345.22,4218.003569,N,07105.990742,W,0,10.0,1.0,74.4,0.0,0.0,154345.22*6F', b'$BFNVG,154345.58,4218.003627,N,07105.990486,W,0,10.0,1.0,74.4,0.0,0.0,154345.58*6D', b'$BFNVG,154345.94,4218.003685,N,07105.990229,W,0,10.0,1.0,74.4,0.0,0.0,154345.94*66']
2021-07-28 16:43:47,135 [INFO] AUV state: {'position': (13.592468494432978, 6.488545512780547), 'latlon': (42.300061416666665, -71.09983715), 'heading': 74.4, 'depth': 1.0, 'altitude': 10.0, 'roll': 0.0, 'pitch': 0.0, 'last_fix_time': datetime.datetime(2021, 7, 28, 15, 43, 45), 'speed': None, 'rudder': 0, 'datum': (42.3, -71.1)}
2021-07-28 16:43:47,489 [INFO] **** [] [(-25.0252175528792, -5.353701957179106)]
2021-07-28 16:43:47,491 [INFO] Next green buoy: [], next red buoy: [(-25.0252175528792, -5.353701957179106)]
2021-07-28 16:43:47,491 [INFO] Desired_heading: 49.37478244712081
2021-07-28 16:43:47,492 [INFO] sending message $BPRMB,154348.04,-25,,,1000,0,1*6c
...
2021-07-28 16:43:48,494 [INFO] sending message $BPSTS,154348.49,1,BWSI Autonomy OK*46
...
2021-07-28 16:43:48,495 [INFO] Processing: $BFNVG,154346.30,4218.003744,N,07105.989972,W,0,10.0,1.0,74.4,0.0,0.0,154346.30*67
2021-07-28 16:43:48,497 [INFO] Interpreted as: {'position': (13.948249707813375, 6.589023730717599), 'latlon': (42.3000624, -71.09983286666667), 'heading': 74.4, 'depth': 1.0, 'altitude': 10.0, 'roll': 0.0, 'pitch': 0.0, 'last_fix_time': datetime.datetime(2021, 7, 28, 15, 43, 46), 'speed': None, 'rudder': 0, 'datum': (42.3, -71.1)}
2021-07-28 16:43:48,498 [INFO] Processing: $BFNVG,154346.66,4218.003806,N,07105.989717,W,0,10.0,1.0,72.2,0.0,0.0,154346.66*63
2021-07-28 16:43:48,500 [INFO] Interpreted as: {'position': (14.30142015859019, 6.6951218619942665), 'latlon': (42.300063433333335, -71.09982861666667), 'heading': 72.2, 'depth': 1.0, 'altitude': 10.0, 'roll': 0.0, 'pitch': 0.0, 'last_fix_time': datetime.datetime(2021, 7, 28, 15, 43, 46), 'speed': None, 'rudder': 0, 'datum': (42.3, -71.1)}
2021-07-28 16:43:48,501 [INFO] Processing: $BFNVG,154347.02,4218.003875,N,07105.989464,W,0,10.0,1.0,69.9,0.0,0.0,154347.02*61
2021-07-28 16:43:48,503 [INFO] Interpreted as: {'position': (14.652162517188117, 6.814242695458233), 'latlon': (42.30006458333333, -71.0998244), 'heading': 69.9, 'depth': 1.0, 'altitude': 10.0, 'roll': 0.0, 'pitch': 0.0, 'last_fix_time': datetime.datetime(2021, 7, 28, 15, 43, 47), 'speed': None, 'rudder': 0, 'datum': (42.3, -71.1)}
2021-07-28 16:43:48,504 [INFO] Processing: $BFNVG,154347.38,4218.003952,N,07105.989215,W,0,10.0,1.0,67.7,0.0,0.0,154347.38*65
2021-07-28 16:43:48,506 [INFO] Interpreted as: {'position': (14.9977746954537, 6.948304730467498), 'latlon': (42.300065866666664, -71.09982025), 'heading': 67.7, 'depth': 1.0, 'altitude': 10.0, 'roll': 0.0, 'pitch': 0.0, 'last_fix_time': datetime.datetime(2021, 7, 28, 15, 43, 47), 'speed': None, 'rudder': 0, 'datum': (42.3, -71.1)}
2021-07-28 16:43:48,506 [INFO] Received from Frontseat: [b'$BFNVG,154346.30,4218.003744,N,07105.989972,W,0,10.0,1.0,74.4,0.0,0.0,154346.30*67', b'$BFNVG,154346.66,4218.003806,N,07105.989717,W,0,10.0,1.0,72.2,0.0,0.0,154346.66*63', b'$BFNVG,154347.02,4218.003875,N,07105.989464,W,0,10.0,1.0,69.9,0.0,0.0,154347.02*61', b'$BFNVG,154347.38,4218.003952,N,07105.989215,W,0,10.0,1.0,67.7,0.0,0.0,154347.38*65']
2021-07-28 16:43:48,507 [INFO] AUV state: {'position': (14.9977746954537, 6.948304730467498), 'latlon': (42.300065866666664, -71.09982025), 'heading': 67.7, 'depth': 1.0, 'altitude': 10.0, 'roll': 0.0, 'pitch': 0.0, 'last_fix_time': datetime.datetime(2021, 7, 28, 15, 43, 47), 'speed': None, 'rudder': 0, 'datum': (42.3, -71.1)}
2021-07-28 16:43:48,748 [ERROR] An error occurred. The stack trace is below.
Traceback (most recent call last):
  File "BWSI_BackSeat.py", line 111, in run
    green, red = self.__buoy_detector.run(self.__auv_state)
  File "/home/pi/Baygulls/ChallengeCodePi/Image_Processor.py", line 182, in run
    cv2.imwrite(str(fn), image)
KeyboardInterrupt
