2021-07-29 14:34:56,973 [INFO] host = 192.168.1.213, port = 29500
2021-07-29 14:34:59,011 [INFO] sending message $BPLOG,ACK,ON*1e
...
2021-07-29 14:34:59,012 [INFO] sending message $BPLOG,ALL,ON*16
...
2021-07-29 14:34:59,013 [INFO] 0.0s of 1000s elapsed.
2021-07-29 14:34:59,014 [INFO] sending message $BPSTS,133459.01,1,BWSI Autonomy OK*4c
...
2021-07-29 14:34:59,015 [INFO] Received from Frontseat: []
2021-07-29 14:34:59,016 [INFO] AUV state: {'position': (None, None), 'latlon': None, 'heading': None, 'depth': None, 'altitude': None, 'roll': None, 'pitch': None, 'last_fix_time': None, 'speed': None, 'rudder': 0}
2021-07-29 14:35:00,018 [INFO] 0.02793407440185547s of 1000s elapsed.
2021-07-29 14:35:00,019 [INFO] sending message $BPSTS,133500.01,1,BWSI Autonomy OK*41
...
2021-07-29 14:35:00,020 [INFO] Processing: $BFNVG,133458.88,4218.000000,N,07106.000000,W,0,10.0,1.0,45.0,0.0,0.0,133458.88*62
2021-07-29 14:35:00,023 [INFO] Interpreted as: {'position': (0, 0), 'latlon': (42.3, -71.1), 'heading': 45.0, 'depth': 1.0, 'altitude': 10.0, 'roll': 0.0, 'pitch': 0.0, 'last_fix_time': datetime.datetime(2021, 7, 29, 13, 34, 58), 'speed': None, 'rudder': 0, 'datum': (42.3, -71.1)}
2021-07-29 14:35:00,024 [INFO] Processing: $BFNVG,133459.13,4218.000000,N,07106.000000,W,0,10.0,1.0,45.0,0.0,0.0,133459.13*62
2021-07-29 14:35:00,026 [INFO] Interpreted as: {'position': (0.0, 0.0), 'latlon': (42.3, -71.1), 'heading': 45.0, 'depth': 1.0, 'altitude': 10.0, 'roll': 0.0, 'pitch': 0.0, 'last_fix_time': datetime.datetime(2021, 7, 29, 13, 34, 59), 'speed': None, 'rudder': 0, 'datum': (42.3, -71.1)}
2021-07-29 14:35:00,027 [INFO] Processing: $BFNVG,133459.53,4218.000000,N,07106.000000,W,0,10.0,1.0,45.0,0.0,0.0,133459.53*62
2021-07-29 14:35:00,029 [INFO] Interpreted as: {'position': (0.0, 0.0), 'latlon': (42.3, -71.1), 'heading': 45.0, 'depth': 1.0, 'altitude': 10.0, 'roll': 0.0, 'pitch': 0.0, 'last_fix_time': datetime.datetime(2021, 7, 29, 13, 34, 59), 'speed': None, 'rudder': 0, 'datum': (42.3, -71.1)}
2021-07-29 14:35:00,030 [INFO] Received from Frontseat: [b'$BFNVG,133458.88,4218.000000,N,07106.000000,W,0,10.0,1.0,45.0,0.0,0.0,133458.88*62', b'$BFNVG,133459.13,4218.000000,N,07106.000000,W,0,10.0,1.0,45.0,0.0,0.0,133459.13*62', b'$BFNVG,133459.53,4218.000000,N,07106.000000,W,0,10.0,1.0,45.0,0.0,0.0,133459.53*62']
2021-07-29 14:35:00,031 [INFO] AUV state: {'position': (0.0, 0.0), 'latlon': (42.3, -71.1), 'heading': 45.0, 'depth': 1.0, 'altitude': 10.0, 'roll': 0.0, 'pitch': 0.0, 'last_fix_time': datetime.datetime(2021, 7, 29, 13, 34, 59), 'speed': None, 'rudder': 0, 'datum': (42.3, -71.1)}
2021-07-29 14:35:00,413 [INFO] Next green buoy (centers, angles): (array([[array([317.97058824, 168.64705882]), 112]], dtype=object), [(-0.21993023293121178, -7.6862156757158235)]), next red buoy (centers, angles): (array([[array([466., 172.]), 180]], dtype=object), [(15.437560812208067, -7.329055330858309)])
2021-07-29 14:35:00,413 [INFO] Desired_heading: 52.60881528963843
2021-07-29 14:35:00,414 [INFO] delta angle: 15.217630579276857
2021-07-29 14:35:00,414 [INFO] sending message $BPRMB,133501.01,-15.217630579276857,1,0,1000,0,1*7c
...
2021-07-29 14:35:01,416 [INFO] 2.009787082672119s of 1000s elapsed.
2021-07-29 14:35:01,417 [INFO] sending message $BPSTS,133501.41,1,BWSI Autonomy OK*44
...
2021-07-29 14:35:01,418 [INFO] Processing: $BFNVG,133459.88,4218.000000,N,07106.000000,W,0,10.0,1.0,45.0,0.0,0.0,133459.88*62
2021-07-29 14:35:01,420 [INFO] Interpreted as: {'position': (0.0, 0.0), 'latlon': (42.3, -71.1), 'heading': 45.0, 'depth': 1.0, 'altitude': 10.0, 'roll': 0.0, 'pitch': 0.0, 'last_fix_time': datetime.datetime(2021, 7, 29, 13, 34, 59), 'speed': None, 'rudder': 0, 'datum': (42.3, -71.1)}
2021-07-29 14:35:01,422 [INFO] Processing: $BFNVG,133500.22,4218.000000,N,07106.000000,W,0,10.0,1.0,45.0,0.0,0.0,133500.22*62
2021-07-29 14:35:01,424 [INFO] Interpreted as: {'position': (0.0, 0.0), 'latlon': (42.3, -71.1), 'heading': 45.0, 'depth': 1.0, 'altitude': 10.0, 'roll': 0.0, 'pitch': 0.0, 'last_fix_time': datetime.datetime(2021, 7, 29, 13, 35), 'speed': None, 'rudder': 0, 'datum': (42.3, -71.1)}
2021-07-29 14:35:01,425 [INFO] Received from Frontseat: [b'$BFNVG,133459.88,4218.000000,N,07106.000000,W,0,10.0,1.0,45.0,0.0,0.0,133459.88*62', b'$BFNVG,133500.22,4218.000000,N,07106.000000,W,0,10.0,1.0,45.0,0.0,0.0,133500.22*62']
2021-07-29 14:35:01,426 [INFO] AUV state: {'position': (0.0, 0.0), 'latlon': (42.3, -71.1), 'heading': 45.0, 'depth': 1.0, 'altitude': 10.0, 'roll': 0.0, 'pitch': 0.0, 'last_fix_time': datetime.datetime(2021, 7, 29, 13, 35), 'speed': None, 'rudder': 0, 'datum': (42.3, -71.1)}
2021-07-29 14:35:01,801 [INFO] Next green buoy (centers, angles): (array([[array([317.96666667, 168.43333333]), 84]], dtype=object), [(-0.22035521470194389, -7.708961974233651)]), next red buoy (centers, angles): (array([[array([466.        , 171.95454545]), 180]], dtype=object), [(15.437560812208067, -7.333901112744751)])
2021-07-29 14:35:01,802 [INFO] Desired_heading: 52.60860279875306
2021-07-29 14:35:01,802 [INFO] delta angle: 15.217205597506123
2021-07-29 14:35:01,803 [INFO] sending message $BPRMB,133501.82,-15.217205597506123,1,0,1000,0,1*7f
...
2021-07-29 14:35:02,804 [INFO] 2.823729991912842s of 1000s elapsed.
2021-07-29 14:35:02,806 [INFO] sending message $BPSTS,133502.80,1,BWSI Autonomy OK*4a
...
2021-07-29 14:35:02,807 [INFO] Processing: $BFNVG,133500.56,4218.000000,N,07106.000000,W,0,10.0,1.0,45.0,0.0,0.0,133500.56*62
2021-07-29 14:35:02,809 [INFO] Interpreted as: {'position': (0.0, 0.0), 'latlon': (42.3, -71.1), 'heading': 45.0, 'depth': 1.0, 'altitude': 10.0, 'roll': 0.0, 'pitch': 0.0, 'last_fix_time': datetime.datetime(2021, 7, 29, 13, 35), 'speed': None, 'rudder': 0, 'datum': (42.3, -71.1)}
2021-07-29 14:35:02,810 [INFO] Processing: $BFNVG,133500.90,4218.000137,N,07105.999820,W,0,10.0,1.0,46.3,0.0,0.0,133500.90*67
2021-07-29 14:35:02,812 [INFO] Interpreted as: {'position': (0.25355543673504144, 0.2474426031112671), 'latlon': (42.300002283333335, -71.099997), 'heading': 46.3, 'depth': 1.0, 'altitude': 10.0, 'roll': 0.0, 'pitch': 0.0, 'last_fix_time': datetime.datetime(2021, 7, 29, 13, 35), 'speed': None, 'rudder': 0, 'datum': (42.3, -71.1)}
2021-07-29 14:35:02,813 [INFO] Processing: $BFNVG,133501.26,4218.000275,N,07105.999630,W,0,10.0,1.0,47.7,0.0,0.0,133501.26*68
2021-07-29 14:35:02,814 [INFO] Interpreted as: {'position': (0.5208953268011101, 0.49639685917645693), 'latlon': (42.30000458333333, -71.09999383333333), 'heading': 47.7, 'depth': 1.0, 'altitude': 10.0, 'roll': 0.0, 'pitch': 0.0, 'last_fix_time': datetime.datetime(2021, 7, 29, 13, 35, 1), 'speed': None, 'rudder': 0, 'datum': (42.3, -71.1)}
2021-07-29 14:35:02,815 [INFO] Processing: $BFNVG,133501.60,4218.000406,N,07105.999442,W,0,10.0,1.0,49.0,0.0,0.0,133501.60*64
2021-07-29 14:35:02,817 [INFO] Interpreted as: {'position': (0.7851677334401757, 0.7324640573933721), 'latlon': (42.30000676666667, -71.0999907), 'heading': 49.0, 'depth': 1.0, 'altitude': 10.0, 'roll': 0.0, 'pitch': 0.0, 'last_fix_time': datetime.datetime(2021, 7, 29, 13, 35, 1), 'speed': None, 'rudder': 0, 'datum': (42.3, -71.1)}
2021-07-29 14:35:02,817 [INFO] Received from Frontseat: [b'$BFNVG,133500.56,4218.000000,N,07106.000000,W,0,10.0,1.0,45.0,0.0,0.0,133500.56*62', b'$BFNVG,133500.90,4218.000137,N,07105.999820,W,0,10.0,1.0,46.3,0.0,0.0,133500.90*67', b'$BFNVG,133501.26,4218.000275,N,07105.999630,W,0,10.0,1.0,47.7,0.0,0.0,133501.26*68', b'$BFNVG,133501.60,4218.000406,N,07105.999442,W,0,10.0,1.0,49.0,0.0,0.0,133501.60*64']
2021-07-29 14:35:02,818 [INFO] AUV state: {'position': (0.7851677334401757, 0.7324640573933721), 'latlon': (42.30000676666667, -71.0999907), 'heading': 49.0, 'depth': 1.0, 'altitude': 10.0, 'roll': 0.0, 'pitch': 0.0, 'last_fix_time': datetime.datetime(2021, 7, 29, 13, 35, 1), 'speed': None, 'rudder': 0, 'datum': (42.3, -71.1)}
2021-07-29 14:35:03,166 [INFO] Next green buoy (centers, angles): (array([[array([273.21212121, 157.60606061]), 98]], dtype=object), [(-5.057318742198154, -8.85793884977657)]), next red buoy (centers, angles): (array([[array([443.5       , 160.48076923]), 253]], dtype=object), [(13.148171857762808, -8.553539100640469)])
2021-07-29 14:35:03,167 [INFO] Desired_heading: 53.04542655778233
2021-07-29 14:35:03,167 [INFO] delta angle: 8.090853115564656
2021-07-29 14:35:03,168 [INFO] sending message $BPRMB,133503.78,-8.090853115564656,1,0,1000,0,1*4f
...
2021-07-29 14:35:04,169 [INFO] 4.7872419357299805s of 1000s elapsed.
2021-07-29 14:35:04,170 [INFO] sending message $BPSTS,133504.17,1,BWSI Autonomy OK*42
...
2021-07-29 14:35:04,174 [INFO] Processing: $BFNVG,133501.94,4218.000532,N,07105.999251,W,0,10.0,1.0,50.3,0.0,0.0,133501.94*6D
2021-07-29 14:35:04,176 [INFO] Interpreted as: {'position': (1.0533334042411298, 0.9591760626062751), 'latlon': (42.300008866666666, -71.09998751666667), 'heading': 50.3, 'depth': 1.0, 'altitude': 10.0, 'roll': 0.0, 'pitch': 0.0, 'last_fix_time': datetime.datetime(2021, 7, 29, 13, 35, 1), 'speed': None, 'rudder': 0, 'datum': (42.3, -71.1)}
2021-07-29 14:35:04,177 [INFO] Processing: $BFNVG,133502.31,4218.000663,N,07105.999044,W,0,10.0,1.0,51.7,0.0,0.0,133502.31*69
2021-07-29 14:35:04,179 [INFO] Interpreted as: {'position': (1.3437094896216877, 1.194599088281393), 'latlon': (42.30001105, -71.09998406666666), 'heading': 51.7, 'depth': 1.0, 'altitude': 10.0, 'roll': 0.0, 'pitch': 0.0, 'last_fix_time': datetime.datetime(2021, 7, 29, 13, 35, 2), 'speed': None, 'rudder': 0, 'datum': (42.3, -71.1)}
2021-07-29 14:35:04,180 [INFO] Processing: $BFNVG,133502.66,4218.000786,N,07105.998841,W,0,10.0,1.0,53.0,0.0,0.0,133502.66*6A
2021-07-29 14:35:04,181 [INFO] Interpreted as: {'position': (1.6282246639602818, 1.4153521666303277), 'latlon': (42.3000131, -71.09998068333333), 'heading': 53.0, 'depth': 1.0, 'altitude': 10.0, 'roll': 0.0, 'pitch': 0.0, 'last_fix_time': datetime.datetime(2021, 7, 29, 13, 35, 2), 'speed': None, 'rudder': 0, 'datum': (42.3, -71.1)}
2021-07-29 14:35:04,182 [INFO] Processing: $BFNVG,133503.01,4218.000905,N,07105.998634,W,0,10.0,1.0,54.3,0.0,0.0,133503.01*67
2021-07-29 14:35:04,184 [INFO] Interpreted as: {'position': (1.9180526519194245, 1.6285668490454555), 'latlon': (42.300015083333335, -71.09997723333333), 'heading': 54.3, 'depth': 1.0, 'altitude': 10.0, 'roll': 0.0, 'pitch': 0.0, 'last_fix_time': datetime.datetime(2021, 7, 29, 13, 35, 3), 'speed': None, 'rudder': 0, 'datum': (42.3, -71.1)}
2021-07-29 14:35:04,184 [INFO] Received from Frontseat: [b'$BFNVG,133501.94,4218.000532,N,07105.999251,W,0,10.0,1.0,50.3,0.0,0.0,133501.94*6D', b'$BFNVG,133502.31,4218.000663,N,07105.999044,W,0,10.0,1.0,51.7,0.0,0.0,133502.31*69', b'$BFNVG,133502.66,4218.000786,N,07105.998841,W,0,10.0,1.0,53.0,0.0,0.0,133502.66*6A', b'$BFNVG,133503.01,4218.000905,N,07105.998634,W,0,10.0,1.0,54.3,0.0,0.0,133503.01*67']
2021-07-29 14:35:04,185 [INFO] AUV state: {'position': (1.9180526519194245, 1.6285668490454555), 'latlon': (42.300015083333335, -71.09997723333333), 'heading': 54.3, 'depth': 1.0, 'altitude': 10.0, 'roll': 0.0, 'pitch': 0.0, 'last_fix_time': datetime.datetime(2021, 7, 29, 13, 35, 3), 'speed': None, 'rudder': 0, 'datum': (42.3, -71.1)}
2021-07-29 14:35:04,567 [INFO] Next green buoy (centers, angles): (array([[array([199.67346939, 135.40816327]), 220]], dtype=object), [(-12.821621218576267, -11.190330373158218)]), next red buoy (centers, angles): (array([[array([413.71830986, 140.32394366]), 403]], dtype=object), [(10.052018393810231, -10.676766462919492)])
2021-07-29 14:35:04,567 [INFO] Desired_heading: 52.91519858761698
2021-07-29 14:35:04,568 [INFO] delta angle: -2.769602824766025
2021-07-29 14:35:04,568 [INFO] sending message $BPRMB,133504.55,2.769602824766025,1,0,1000,0,1*62
...
2021-07-29 14:35:05,570 [INFO] 5.552114009857178s of 1000s elapsed.
2021-07-29 14:35:05,570 [INFO] sending message $BPSTS,133505.57,1,BWSI Autonomy OK*47
...
2021-07-29 14:35:05,571 [INFO] Processing: $BFNVG,133503.36,4218.001021,N,07105.998423,W,0,10.0,1.0,55.7,0.0,0.0,133503.36*68
2021-07-29 14:35:05,573 [INFO] Interpreted as: {'position': (2.2132391251507215, 1.836093831807375), 'latlon': (42.300017016666665, -71.09997371666667), 'heading': 55.7, 'depth': 1.0, 'altitude': 10.0, 'roll': 0.0, 'pitch': 0.0, 'last_fix_time': datetime.datetime(2021, 7, 29, 13, 35, 3), 'speed': None, 'rudder': 0, 'datum': (42.3, -71.1)}
2021-07-29 14:35:05,574 [INFO] Processing: $BFNVG,133503.71,4218.001133,N,07105.998209,W,0,10.0,1.0,56.4,0.0,0.0,133503.71*64
2021-07-29 14:35:05,576 [INFO] Interpreted as: {'position': (2.5123645332059823, 2.0361163280904293), 'latlon': (42.30001888333334, -71.09997015), 'heading': 56.4, 'depth': 1.0, 'altitude': 10.0, 'roll': 0.0, 'pitch': 0.0, 'last_fix_time': datetime.datetime(2021, 7, 29, 13, 35, 3), 'speed': None, 'rudder': 0, 'datum': (42.3, -71.1)}
2021-07-29 14:35:05,576 [INFO] Processing: $BFNVG,133504.06,4218.001244,N,07105.997994,W,0,10.0,1.0,57.1,0.0,0.0,133504.06*63
2021-07-29 14:35:05,578 [INFO] Interpreted as: {'position': (2.8128181318752468, 2.234254232607782), 'latlon': (42.300020733333334, -71.09996656666667), 'heading': 57.1, 'depth': 1.0, 'altitude': 10.0, 'roll': 0.0, 'pitch': 0.0, 'last_fix_time': datetime.datetime(2021, 7, 29, 13, 35, 4), 'speed': None, 'rudder': 0, 'datum': (42.3, -71.1)}
2021-07-29 14:35:05,579 [INFO] Processing: $BFNVG,133504.40,4218.001351,N,07105.997781,W,0,10.0,1.0,57.8,0.0,0.0,133504.40*65
2021-07-29 14:35:05,581 [INFO] Interpreted as: {'position': (3.1103412696393207, 2.425057169981301), 'latlon': (42.300022516666665, -71.09996301666666), 'heading': 57.8, 'depth': 1.0, 'altitude': 10.0, 'roll': 0.0, 'pitch': 0.0, 'last_fix_time': datetime.datetime(2021, 7, 29, 13, 35, 4), 'speed': None, 'rudder': 0, 'datum': (42.3, -71.1)}
2021-07-29 14:35:05,582 [INFO] Received from Frontseat: [b'$BFNVG,133503.36,4218.001021,N,07105.998423,W,0,10.0,1.0,55.7,0.0,0.0,133503.36*68', b'$BFNVG,133503.71,4218.001133,N,07105.998209,W,0,10.0,1.0,56.4,0.0,0.0,133503.71*64', b'$BFNVG,133504.06,4218.001244,N,07105.997994,W,0,10.0,1.0,57.1,0.0,0.0,133504.06*63', b'$BFNVG,133504.40,4218.001351,N,07105.997781,W,0,10.0,1.0,57.8,0.0,0.0,133504.40*65']
2021-07-29 14:35:05,583 [INFO] AUV state: {'position': (3.1103412696393207, 2.425057169981301), 'latlon': (42.300022516666665, -71.09996301666666), 'heading': 57.8, 'depth': 1.0, 'altitude': 10.0, 'roll': 0.0, 'pitch': 0.0, 'last_fix_time': datetime.datetime(2021, 7, 29, 13, 35, 4), 'speed': None, 'rudder': 0, 'datum': (42.3, -71.1)}
2021-07-29 14:35:05,969 [INFO] Next green buoy (centers, angles): (array([[array([113.5       ,  99.51515152]), 348]], dtype=object), [(-21.334815243940866, -14.880750027930672)]), next red buoy (centers, angles): (array([[array([401.20879121, 107.36263736]), 600],
       [array([174.3 , 197.65]), 36]], dtype=object), [(8.7325048650914, -14.08350423816624), (-15.407348474831915, -4.57977353714513)])
2021-07-29 14:35:05,970 [INFO] Desired_heading: 51.498844810575264
2021-07-29 14:35:05,970 [INFO] delta angle: -12.602310378849438
2021-07-29 14:35:05,971 [INFO] sending message $BPRMB,133506.58,12.602310378849438,1,0,1000,0,1*5e
...
2021-07-29 14:35:06,972 [INFO] 7.588076114654541s of 1000s elapsed.
2021-07-29 14:35:06,973 [INFO] sending message $BPSTS,133506.97,1,BWSI Autonomy OK*48
...
2021-07-29 14:35:06,974 [INFO] Processing: $BFNVG,133504.75,4218.001456,N,07105.997565,W,0,10.0,1.0,58.5,0.0,0.0,133504.75*6F
2021-07-29 14:35:06,976 [INFO] Interpreted as: {'position': (3.4118946862290613, 2.6120570125058293), 'latlon': (42.30002426666667, -71.09995941666666), 'heading': 58.5, 'depth': 1.0, 'altitude': 10.0, 'roll': 0.0, 'pitch': 0.0, 'last_fix_time': datetime.datetime(2021, 7, 29, 13, 35, 4), 'speed': None, 'rudder': 0, 'datum': (42.3, -71.1)}
2021-07-29 14:35:06,976 [INFO] Processing: $BFNVG,133505.09,4218.001561,N,07105.997348,W,0,10.0,1.0,58.2,0.0,0.0,133505.09*64
2021-07-29 14:35:06,978 [INFO] Interpreted as: {'position': (3.714821965782903, 2.799022963270545), 'latlon': (42.30002601666666, -71.0999558), 'heading': 58.2, 'depth': 1.0, 'altitude': 10.0, 'roll': 0.0, 'pitch': 0.0, 'last_fix_time': datetime.datetime(2021, 7, 29, 13, 35, 5), 'speed': None, 'rudder': 0, 'datum': (42.3, -71.1)}
2021-07-29 14:35:06,979 [INFO] Processing: $BFNVG,133505.43,4218.001665,N,07105.997134,W,0,10.0,1.0,58.0,0.0,0.0,133505.43*68
2021-07-29 14:35:06,981 [INFO] Interpreted as: {'position': (4.013581918086857, 2.984239942394197), 'latlon': (42.30002775, -71.09995223333334), 'heading': 58.0, 'depth': 1.0, 'altitude': 10.0, 'roll': 0.0, 'pitch': 0.0, 'last_fix_time': datetime.datetime(2021, 7, 29, 13, 35, 5), 'speed': None, 'rudder': 0, 'datum': (42.3, -71.1)}
2021-07-29 14:35:06,982 [INFO] Processing: $BFNVG,133505.77,4218.001770,N,07105.996922,W,0,10.0,1.0,57.8,0.0,0.0,133505.77*64
2021-07-29 14:35:06,984 [INFO] Interpreted as: {'position': (4.309639771236107, 3.1713754404336214), 'latlon': (42.3000295, -71.0999487), 'heading': 57.8, 'depth': 1.0, 'altitude': 10.0, 'roll': 0.0, 'pitch': 0.0, 'last_fix_time': datetime.datetime(2021, 7, 29, 13, 35, 5), 'speed': None, 'rudder': 0, 'datum': (42.3, -71.1)}
2021-07-29 14:35:06,984 [INFO] Received from Frontseat: [b'$BFNVG,133504.75,4218.001456,N,07105.997565,W,0,10.0,1.0,58.5,0.0,0.0,133504.75*6F', b'$BFNVG,133505.09,4218.001561,N,07105.997348,W,0,10.0,1.0,58.2,0.0,0.0,133505.09*64', b'$BFNVG,133505.43,4218.001665,N,07105.997134,W,0,10.0,1.0,58.0,0.0,0.0,133505.43*68', b'$BFNVG,133505.77,4218.001770,N,07105.996922,W,0,10.0,1.0,57.8,0.0,0.0,133505.77*64']
2021-07-29 14:35:06,985 [INFO] AUV state: {'position': (4.309639771236107, 3.1713754404336214), 'latlon': (42.3000295, -71.0999487), 'heading': 57.8, 'depth': 1.0, 'altitude': 10.0, 'roll': 0.0, 'pitch': 0.0, 'last_fix_time': datetime.datetime(2021, 7, 29, 13, 35, 5), 'speed': None, 'rudder': 0, 'datum': (42.3, -71.1)}
2021-07-29 14:35:07,346 [INFO] Next green buoy (centers, angles): (array([], dtype=object), []), next red buoy (centers, angles): (array([[array([438.18518519,  39.36296296]), 1121],
       [array([157. , 193.5]), 56]], dtype=object), [(12.600795323315042, -20.78147306944289), (-17.134840238268648, -5.026361713210614)])
2021-07-29 14:35:07,346 [INFO] Desired_heading: 70.40079532331504
2021-07-29 14:35:07,347 [INFO] delta angle: 25
2021-07-29 14:35:07,347 [INFO] sending message $BPRMB,133507.35,-25,1,0,1000,0,1*63
...
2021-07-29 14:35:08,348 [INFO] 8.357064962387085s of 1000s elapsed.
2021-07-29 14:35:08,349 [INFO] sending message $BPSTS,133508.34,1,BWSI Autonomy OK*4f
...
2021-07-29 14:35:08,351 [INFO] Processing: $BFNVG,133506.11,4218.001875,N,07105.996710,W,0,10.0,1.0,57.5,0.0,0.0,133506.11*6C
2021-07-29 14:35:08,352 [INFO] Interpreted as: {'position': (4.605697606166359, 3.358510948717594), 'latlon': (42.30003125, -71.09994516666667), 'heading': 57.5, 'depth': 1.0, 'altitude': 10.0, 'roll': 0.0, 'pitch': 0.0, 'last_fix_time': datetime.datetime(2021, 7, 29, 13, 35, 6), 'speed': None, 'rudder': 0, 'datum': (42.3, -71.1)}
2021-07-29 14:35:08,353 [INFO] Processing: $BFNVG,133506.46,4218.001983,N,07105.996498,W,0,10.0,1.0,56.4,0.0,0.0,133506.46*67
2021-07-29 14:35:08,355 [INFO] Interpreted as: {'position': (4.901892437657807, 3.551198562607169), 'latlon': (42.30003305, -71.09994163333333), 'heading': 56.4, 'depth': 1.0, 'altitude': 10.0, 'roll': 0.0, 'pitch': 0.0, 'last_fix_time': datetime.datetime(2021, 7, 29, 13, 35, 6), 'speed': None, 'rudder': 0, 'datum': (42.3, -71.1)}
2021-07-29 14:35:08,357 [INFO] Processing: $BFNVG,133506.80,4218.002093,N,07105.996290,W,0,10.0,1.0,55.4,0.0,0.0,133506.80*61
2021-07-29 14:35:08,359 [INFO] Interpreted as: {'position': (5.192683077999391, 3.747723194770515), 'latlon': (42.30003488333333, -71.09993816666666), 'heading': 55.4, 'depth': 1.0, 'altitude': 10.0, 'roll': 0.0, 'pitch': 0.0, 'last_fix_time': datetime.datetime(2021, 7, 29, 13, 35, 6), 'speed': None, 'rudder': 0, 'datum': (42.3, -71.1)}
2021-07-29 14:35:08,359 [INFO] Processing: $BFNVG,133507.14,4218.002206,N,07105.996084,W,0,10.0,1.0,54.3,0.0,0.0,133507.14*6E
2021-07-29 14:35:08,361 [INFO] Interpreted as: {'position': (5.480862955912016, 3.949867741204798), 'latlon': (42.300036766666665, -71.09993473333333), 'heading': 54.3, 'depth': 1.0, 'altitude': 10.0, 'roll': 0.0, 'pitch': 0.0, 'last_fix_time': datetime.datetime(2021, 7, 29, 13, 35, 7), 'speed': None, 'rudder': 0, 'datum': (42.3, -71.1)}
2021-07-29 14:35:08,362 [INFO] Received from Frontseat: [b'$BFNVG,133506.11,4218.001875,N,07105.996710,W,0,10.0,1.0,57.5,0.0,0.0,133506.11*6C', b'$BFNVG,133506.46,4218.001983,N,07105.996498,W,0,10.0,1.0,56.4,0.0,0.0,133506.46*67', b'$BFNVG,133506.80,4218.002093,N,07105.996290,W,0,10.0,1.0,55.4,0.0,0.0,133506.80*61', b'$BFNVG,133507.14,4218.002206,N,07105.996084,W,0,10.0,1.0,54.3,0.0,0.0,133507.14*6E']
2021-07-29 14:35:08,363 [INFO] AUV state: {'position': (5.480862955912016, 3.949867741204798), 'latlon': (42.300036766666665, -71.09993473333333), 'heading': 54.3, 'depth': 1.0, 'altitude': 10.0, 'roll': 0.0, 'pitch': 0.0, 'last_fix_time': datetime.datetime(2021, 7, 29, 13, 35, 7), 'speed': None, 'rudder': 0, 'datum': (42.3, -71.1)}
2021-07-29 14:35:08,724 [INFO] Next green buoy (centers, angles): (array([], dtype=object), []), next red buoy (centers, angles): (array([[array([173.5, 187.5]), 63]], dtype=object), [(-15.487895154264502, -5.670936435092061)])
2021-07-29 14:35:08,725 [INFO] Desired_heading: 38.8121048457355
2021-07-29 14:35:08,725 [INFO] delta angle: -25
2021-07-29 14:35:08,726 [INFO] sending message $BPRMB,133509.34,25,1,0,1000,0,1*41
...
2021-07-29 14:35:09,727 [INFO] 10.341145038604736s of 1000s elapsed.
2021-07-29 14:35:09,728 [INFO] sending message $BPSTS,133509.72,1,BWSI Autonomy OK*4c
...
2021-07-29 14:35:09,729 [INFO] Processing: $BFNVG,133507.48,4218.002322,N,07105.995882,W,0,10.0,1.0,53.2,0.0,0.0,133507.48*62
2021-07-29 14:35:09,732 [INFO] Interpreted as: {'position': (5.7636843110085465, 4.157700006850064), 'latlon': (42.3000387, -71.09993136666667), 'heading': 53.2, 'depth': 1.0, 'altitude': 10.0, 'roll': 0.0, 'pitch': 0.0, 'last_fix_time': datetime.datetime(2021, 7, 29, 13, 35, 7), 'speed': None, 'rudder': 0, 'datum': (42.3, -71.1)}
2021-07-29 14:35:09,733 [INFO] Processing: $BFNVG,133507.83,4218.002437,N,07105.995677,W,0,10.0,1.0,55.4,0.0,0.0,133507.83*65
2021-07-29 14:35:09,735 [INFO] Interpreted as: {'position': (6.050581619609147, 4.363579872064292), 'latlon': (42.300040616666664, -71.09992795), 'heading': 55.4, 'depth': 1.0, 'altitude': 10.0, 'roll': 0.0, 'pitch': 0.0, 'last_fix_time': datetime.datetime(2021, 7, 29, 13, 35, 7), 'speed': None, 'rudder': 0, 'datum': (42.3, -71.1)}
2021-07-29 14:35:09,736 [INFO] Processing: $BFNVG,133508.17,4218.002546,N,07105.995467,W,0,10.0,1.0,57.5,0.0,0.0,133508.17*62
2021-07-29 14:35:09,738 [INFO] Interpreted as: {'position': (6.344074278604239, 4.558186048641801), 'latlon': (42.30004243333333, -71.09992445), 'heading': 57.5, 'depth': 1.0, 'altitude': 10.0, 'roll': 0.0, 'pitch': 0.0, 'last_fix_time': datetime.datetime(2021, 7, 29, 13, 35, 8), 'speed': None, 'rudder': 0, 'datum': (42.3, -71.1)}
2021-07-29 14:35:09,738 [INFO] Processing: $BFNVG,133508.51,4218.002650,N,07105.995252,W,0,10.0,1.0,59.6,0.0,0.0,133508.51*6B
2021-07-29 14:35:09,740 [INFO] Interpreted as: {'position': (6.644207967387047, 4.743369231931865), 'latlon': (42.300044166666666, -71.09992086666666), 'heading': 59.6, 'depth': 1.0, 'altitude': 10.0, 'roll': 0.0, 'pitch': 0.0, 'last_fix_time': datetime.datetime(2021, 7, 29, 13, 35, 8), 'speed': None, 'rudder': 0, 'datum': (42.3, -71.1)}
2021-07-29 14:35:09,741 [INFO] Received from Frontseat: [b'$BFNVG,133507.48,4218.002322,N,07105.995882,W,0,10.0,1.0,53.2,0.0,0.0,133507.48*62', b'$BFNVG,133507.83,4218.002437,N,07105.995677,W,0,10.0,1.0,55.4,0.0,0.0,133507.83*65', b'$BFNVG,133508.17,4218.002546,N,07105.995467,W,0,10.0,1.0,57.5,0.0,0.0,133508.17*62', b'$BFNVG,133508.51,4218.002650,N,07105.995252,W,0,10.0,1.0,59.6,0.0,0.0,133508.51*6B']
2021-07-29 14:35:09,742 [INFO] AUV state: {'position': (6.644207967387047, 4.743369231931865), 'latlon': (42.300044166666666, -71.09992086666666), 'heading': 59.6, 'depth': 1.0, 'altitude': 10.0, 'roll': 0.0, 'pitch': 0.0, 'last_fix_time': datetime.datetime(2021, 7, 29, 13, 35, 8), 'speed': None, 'rudder': 0, 'datum': (42.3, -71.1)}
2021-07-29 14:35:10,107 [INFO] Next green buoy (centers, angles): (array([], dtype=object), []), next red buoy (centers, angles): (array([[array([ 95.5       , 179.92105263]), 150]], dtype=object), [(-23.00753030844208, -6.48306256429693)])
2021-07-29 14:35:10,107 [INFO] Desired_heading: 36.59246969155792
2021-07-29 14:35:10,108 [INFO] delta angle: -25
2021-07-29 14:35:10,108 [INFO] sending message $BPRMB,133510.11,25,1,0,1000,0,1*4e
...
2021-07-29 14:35:11,110 [INFO] 11.114861011505127s of 1000s elapsed.
2021-07-29 14:35:11,111 [INFO] sending message $BPSTS,133511.11,1,BWSI Autonomy OK*40
...
2021-07-29 14:35:11,112 [INFO] Processing: $BFNVG,133508.86,4218.002750,N,07105.995024,W,0,10.0,1.0,61.8,0.0,0.0,133508.86*6C
2021-07-29 14:35:11,114 [INFO] Interpreted as: {'position': (6.96201938111335, 4.9207088919356465), 'latlon': (42.300045833333336, -71.09991706666666), 'heading': 61.8, 'depth': 1.0, 'altitude': 10.0, 'roll': 0.0, 'pitch': 0.0, 'last_fix_time': datetime.datetime(2021, 7, 29, 13, 35, 8), 'speed': None, 'rudder': 0, 'datum': (42.3, -71.1)}
2021-07-29 14:35:11,115 [INFO] Processing: $BFNVG,133509.21,4218.002847,N,07105.994805,W,0,10.0,1.0,59.7,0.0,0.0,133509.21*6B
2021-07-29 14:35:11,117 [INFO] Interpreted as: {'position': (7.267328858724795, 5.092801606282592), 'latlon': (42.30004745, -71.09991341666667), 'heading': 59.7, 'depth': 1.0, 'altitude': 10.0, 'roll': 0.0, 'pitch': 0.0, 'last_fix_time': datetime.datetime(2021, 7, 29, 13, 35, 9), 'speed': None, 'rudder': 0, 'datum': (42.3, -71.1)}
2021-07-29 14:35:11,117 [INFO] Processing: $BFNVG,133509.55,4218.002950,N,07105.994588,W,0,10.0,1.0,57.6,0.0,0.0,133509.55*6B
2021-07-29 14:35:11,119 [INFO] Interpreted as: {'position': (7.570164582459256, 5.2760663237422705), 'latlon': (42.30004916666667, -71.0999098), 'heading': 57.6, 'depth': 1.0, 'altitude': 10.0, 'roll': 0.0, 'pitch': 0.0, 'last_fix_time': datetime.datetime(2021, 7, 29, 13, 35, 9), 'speed': None, 'rudder': 0, 'datum': (42.3, -71.1)}
2021-07-29 14:35:11,120 [INFO] Processing: $BFNVG,133509.89,4218.003059,N,07105.994377,W,0,10.0,1.0,55.4,0.0,0.0,133509.89*6C
2021-07-29 14:35:11,123 [INFO] Interpreted as: {'position': (7.865031042601913, 5.4706386579200625), 'latlon': (42.300050983333335, -71.09990628333334), 'heading': 55.4, 'depth': 1.0, 'altitude': 10.0, 'roll': 0.0, 'pitch': 0.0, 'last_fix_time': datetime.datetime(2021, 7, 29, 13, 35, 9), 'speed': None, 'rudder': 0, 'datum': (42.3, -71.1)}
2021-07-29 14:35:11,123 [INFO] Received from Frontseat: [b'$BFNVG,133508.86,4218.002750,N,07105.995024,W,0,10.0,1.0,61.8,0.0,0.0,133508.86*6C', b'$BFNVG,133509.21,4218.002847,N,07105.994805,W,0,10.0,1.0,59.7,0.0,0.0,133509.21*6B', b'$BFNVG,133509.55,4218.002950,N,07105.994588,W,0,10.0,1.0,57.6,0.0,0.0,133509.55*6B', b'$BFNVG,133509.89,4218.003059,N,07105.994377,W,0,10.0,1.0,55.4,0.0,0.0,133509.89*6C']
2021-07-29 14:35:11,124 [INFO] AUV state: {'position': (7.865031042601913, 5.4706386579200625), 'latlon': (42.300050983333335, -71.09990628333334), 'heading': 55.4, 'depth': 1.0, 'altitude': 10.0, 'roll': 0.0, 'pitch': 0.0, 'last_fix_time': datetime.datetime(2021, 7, 29, 13, 35, 9), 'speed': None, 'rudder': 0, 'datum': (42.3, -71.1)}
2021-07-29 14:35:11,467 [INFO] Next green buoy (centers, angles): (array([], dtype=object), []), next red buoy (centers, angles): (array([[array([100.5952381, 170.       ]), 170],
       [array([239. , 195.5]), 56]], dtype=object), [(-22.538086365760396, -7.542169067363637), (-8.710397995598239, -4.811211562782232)])
2021-07-29 14:35:11,468 [INFO] Desired_heading: 32.8619136342396
2021-07-29 14:35:11,468 [INFO] delta angle: -25
2021-07-29 14:35:11,469 [INFO] sending message $BPRMB,133512.10,25,1,0,1000,0,1*4d
...
2021-07-29 14:35:12,470 [INFO] 13.106348991394043s of 1000s elapsed.
2021-07-29 14:35:12,471 [INFO] sending message $BPSTS,133512.47,1,BWSI Autonomy OK*40
...
2021-07-29 14:35:12,472 [INFO] Processing: $BFNVG,133510.24,4218.003176,N,07105.994169,W,0,10.0,1.0,53.2,0.0,0.0,133510.24*6D
2021-07-29 14:35:12,474 [INFO] Interpreted as: {'position': (8.156141206272878, 5.680118292570114), 'latlon': (42.30005293333333, -71.09990281666667), 'heading': 53.2, 'depth': 1.0, 'altitude': 10.0, 'roll': 0.0, 'pitch': 0.0, 'last_fix_time': datetime.datetime(2021, 7, 29, 13, 35, 10), 'speed': None, 'rudder': 0, 'datum': (42.3, -71.1)}
2021-07-29 14:35:12,475 [INFO] Processing: $BFNVG,133510.59,4218.003299,N,07105.993967,W,0,10.0,1.0,51.1,0.0,0.0,133510.59*6F
2021-07-29 14:35:12,477 [INFO] Interpreted as: {'position': (8.439282104605809, 5.900905538350344), 'latlon': (42.30005498333333, -71.09989945), 'heading': 51.1, 'depth': 1.0, 'altitude': 10.0, 'roll': 0.0, 'pitch': 0.0, 'last_fix_time': datetime.datetime(2021, 7, 29, 13, 35, 10), 'speed': None, 'rudder': 0, 'datum': (42.3, -71.1)}
2021-07-29 14:35:12,478 [INFO] Processing: $BFNVG,133510.94,4218.003426,N,07105.993772,W,0,10.0,1.0,48.9,0.0,0.0,133510.94*67
2021-07-29 14:35:12,480 [INFO] Interpreted as: {'position': (8.712988510436844, 6.129332908429205), 'latlon': (42.3000571, -71.0998962), 'heading': 48.9, 'depth': 1.0, 'altitude': 10.0, 'roll': 0.0, 'pitch': 0.0, 'last_fix_time': datetime.datetime(2021, 7, 29, 13, 35, 10), 'speed': None, 'rudder': 0, 'datum': (42.3, -71.1)}
2021-07-29 14:35:12,481 [INFO] Processing: $BFNVG,133511.29,4218.003560,N,07105.993583,W,0,10.0,1.0,46.7,0.0,0.0,133511.29*68
2021-07-29 14:35:12,482 [INFO] Interpreted as: {'position': (8.978771316236816, 6.370918590575457), 'latlon': (42.30005933333333, -71.09989305), 'heading': 46.7, 'depth': 1.0, 'altitude': 10.0, 'roll': 0.0, 'pitch': 0.0, 'last_fix_time': datetime.datetime(2021, 7, 29, 13, 35, 11), 'speed': None, 'rudder': 0, 'datum': (42.3, -71.1)}
2021-07-29 14:35:12,483 [INFO] Received from Frontseat: [b'$BFNVG,133510.24,4218.003176,N,07105.994169,W,0,10.0,1.0,53.2,0.0,0.0,133510.24*6D', b'$BFNVG,133510.59,4218.003299,N,07105.993967,W,0,10.0,1.0,51.1,0.0,0.0,133510.59*6F', b'$BFNVG,133510.94,4218.003426,N,07105.993772,W,0,10.0,1.0,48.9,0.0,0.0,133510.94*67', b'$BFNVG,133511.29,4218.003560,N,07105.993583,W,0,10.0,1.0,46.7,0.0,0.0,133511.29*68']
2021-07-29 14:35:12,484 [INFO] AUV state: {'position': (8.978771316236816, 6.370918590575457), 'latlon': (42.30005933333333, -71.09989305), 'heading': 46.7, 'depth': 1.0, 'altitude': 10.0, 'roll': 0.0, 'pitch': 0.0, 'last_fix_time': datetime.datetime(2021, 7, 29, 13, 35, 11), 'speed': None, 'rudder': 0, 'datum': (42.3, -71.1)}
2021-07-29 14:35:12,847 [INFO] Next green buoy (centers, angles): (array([], dtype=object), []), next red buoy (centers, angles): (array([[array([153.42857143, 154.42857143]), 253],
       [array([323.84615385, 190.53846154]), 63]], dtype=object), [(-17.487611521920552, -9.19381353199657), (0.41680784486281885, -5.344686844609161)])
2021-07-29 14:35:12,847 [INFO] Desired_heading: 29.21238847807945
2021-07-29 14:35:12,848 [INFO] delta angle: -25
2021-07-29 14:35:12,848 [INFO] sending message $BPRMB,133512.83,25,1,0,1000,0,1*47
...
2021-07-29 14:35:13,850 [INFO] 13.835676908493042s of 1000s elapsed.
2021-07-29 14:35:13,851 [INFO] sending message $BPSTS,133513.85,1,BWSI Autonomy OK*4f
...
2021-07-29 14:35:13,852 [INFO] Processing: $BFNVG,133511.65,4218.003706,N,07105.993393,W,0,10.0,1.0,44.4,0.0,0.0,133511.65*6C
2021-07-29 14:35:13,855 [INFO] Interpreted as: {'position': (9.246476023341529, 6.634678743779659), 'latlon': (42.300061766666666, -71.09988988333333), 'heading': 44.4, 'depth': 1.0, 'altitude': 10.0, 'roll': 0.0, 'pitch': 0.0, 'last_fix_time': datetime.datetime(2021, 7, 29, 13, 35, 11), 'speed': None, 'rudder': 0, 'datum': (42.3, -71.1)}
2021-07-29 14:35:13,855 [INFO] Processing: $BFNVG,133512.01,4218.003856,N,07105.993212,W,0,10.0,1.0,42.1,0.0,0.0,133512.01*6D
2021-07-29 14:35:13,857 [INFO] Interpreted as: {'position': (9.501998479594477, 6.906146822497249), 'latlon': (42.300064266666666, -71.09988686666667), 'heading': 42.1, 'depth': 1.0, 'altitude': 10.0, 'roll': 0.0, 'pitch': 0.0, 'last_fix_time': datetime.datetime(2021, 7, 29, 13, 35, 12), 'speed': None, 'rudder': 0, 'datum': (42.3, -71.1)}
2021-07-29 14:35:13,858 [INFO] Processing: $BFNVG,133512.37,4218.004007,N,07105.993044,W,0,10.0,1.0,39.9,0.0,0.0,133512.37*63
2021-07-29 14:35:13,860 [INFO] Interpreted as: {'position': (9.739706169639248, 7.179906350560486), 'latlon': (42.300066783333335, -71.09988406666666), 'heading': 39.9, 'depth': 1.0, 'altitude': 10.0, 'roll': 0.0, 'pitch': 0.0, 'last_fix_time': datetime.datetime(2021, 7, 29, 13, 35, 12), 'speed': None, 'rudder': 0, 'datum': (42.3, -71.1)}
2021-07-29 14:35:13,861 [INFO] Processing: $BFNVG,133512.72,4218.004164,N,07105.992882,W,0,10.0,1.0,37.7,0.0,0.0,133512.72*64
2021-07-29 14:35:13,863 [INFO] Interpreted as: {'position': (9.969444587128237, 7.464973486959934), 'latlon': (42.3000694, -71.09988136666666), 'heading': 37.7, 'depth': 1.0, 'altitude': 10.0, 'roll': 0.0, 'pitch': 0.0, 'last_fix_time': datetime.datetime(2021, 7, 29, 13, 35, 12), 'speed': None, 'rudder': 0, 'datum': (42.3, -71.1)}
2021-07-29 14:35:13,864 [INFO] Received from Frontseat: [b'$BFNVG,133511.65,4218.003706,N,07105.993393,W,0,10.0,1.0,44.4,0.0,0.0,133511.65*6C', b'$BFNVG,133512.01,4218.003856,N,07105.993212,W,0,10.0,1.0,42.1,0.0,0.0,133512.01*6D', b'$BFNVG,133512.37,4218.004007,N,07105.993044,W,0,10.0,1.0,39.9,0.0,0.0,133512.37*63', b'$BFNVG,133512.72,4218.004164,N,07105.992882,W,0,10.0,1.0,37.7,0.0,0.0,133512.72*64']
2021-07-29 14:35:13,865 [INFO] AUV state: {'position': (9.969444587128237, 7.464973486959934), 'latlon': (42.3000694, -71.09988136666666), 'heading': 37.7, 'depth': 1.0, 'altitude': 10.0, 'roll': 0.0, 'pitch': 0.0, 'last_fix_time': datetime.datetime(2021, 7, 29, 13, 35, 12), 'speed': None, 'rudder': 0, 'datum': (42.3, -71.1)}
2021-07-29 14:35:14,207 [INFO] Next green buoy (centers, angles): (array([], dtype=object), []), next red buoy (centers, angles): (array([[array([211.72      , 130.37333333]), 429],
       [array([423.71794872, 182.97435897]), 135]], dtype=object), [(-11.574454380091304, -11.714449780413101), (11.09916365591793, -6.156179958676649)])
2021-07-29 14:35:14,207 [INFO] Desired_heading: 26.1255456199087
2021-07-29 14:35:14,208 [INFO] delta angle: -23.14890876018262
2021-07-29 14:35:14,208 [INFO] sending message $BPRMB,133514.86,23.14890876018262,1,0,1000,0,1*6e
...
2021-07-29 14:35:15,210 [INFO] 15.865249156951904s of 1000s elapsed.
2021-07-29 14:35:15,211 [INFO] sending message $BPSTS,133515.21,1,BWSI Autonomy OK*47
...
2021-07-29 14:35:15,215 [INFO] Processing: $BFNVG,133513.07,4218.004321,N,07105.992732,W,0,10.0,1.0,35.5,0.0,0.0,133513.07*63
2021-07-29 14:35:15,217 [INFO] Interpreted as: {'position': (10.182696447707713, 7.750447465106845), 'latlon': (42.30007201666667, -71.09987886666667), 'heading': 35.5, 'depth': 1.0, 'altitude': 10.0, 'roll': 0.0, 'pitch': 0.0, 'last_fix_time': datetime.datetime(2021, 7, 29, 13, 35, 13), 'speed': None, 'rudder': 0, 'datum': (42.3, -71.1)}
2021-07-29 14:35:15,218 [INFO] Processing: $BFNVG,133513.41,4218.004481,N,07105.992592,W,0,10.0,1.0,33.4,0.0,0.0,133513.41*61
2021-07-29 14:35:15,221 [INFO] Interpreted as: {'position': (10.382346518279519, 8.041812574490905), 'latlon': (42.300074683333335, -71.09987653333333), 'heading': 33.4, 'depth': 1.0, 'altitude': 10.0, 'roll': 0.0, 'pitch': 0.0, 'last_fix_time': datetime.datetime(2021, 7, 29, 13, 35, 13), 'speed': None, 'rudder': 0, 'datum': (42.3, -71.1)}
2021-07-29 14:35:15,222 [INFO] Processing: $BFNVG,133513.76,4218.004646,N,07105.992459,W,0,10.0,1.0,31.2,0.0,0.0,133513.76*6A
2021-07-29 14:35:15,224 [INFO] Interpreted as: {'position': (10.572607771144249, 8.34266849514097), 'latlon': (42.300077433333335, -71.09987431666667), 'heading': 31.2, 'depth': 1.0, 'altitude': 10.0, 'roll': 0.0, 'pitch': 0.0, 'last_fix_time': datetime.datetime(2021, 7, 29, 13, 35, 13), 'speed': None, 'rudder': 0, 'datum': (42.3, -71.1)}
2021-07-29 14:35:15,225 [INFO] Processing: $BFNVG,133514.10,4218.004815,N,07105.992334,W,0,10.0,1.0,29.1,0.0,0.0,133514.10*64
2021-07-29 14:35:15,227 [INFO] Interpreted as: {'position': (10.752060663537122, 8.651198430918157), 'latlon': (42.30008025, -71.09987223333333), 'heading': 29.1, 'depth': 1.0, 'altitude': 10.0, 'roll': 0.0, 'pitch': 0.0, 'last_fix_time': datetime.datetime(2021, 7, 29, 13, 35, 14), 'speed': None, 'rudder': 0, 'datum': (42.3, -71.1)}
2021-07-29 14:35:15,228 [INFO] Received from Frontseat: [b'$BFNVG,133513.07,4218.004321,N,07105.992732,W,0,10.0,1.0,35.5,0.0,0.0,133513.07*63', b'$BFNVG,133513.41,4218.004481,N,07105.992592,W,0,10.0,1.0,33.4,0.0,0.0,133513.41*61', b'$BFNVG,133513.76,4218.004646,N,07105.992459,W,0,10.0,1.0,31.2,0.0,0.0,133513.76*6A', b'$BFNVG,133514.10,4218.004815,N,07105.992334,W,0,10.0,1.0,29.1,0.0,0.0,133514.10*64']
2021-07-29 14:35:15,229 [INFO] AUV state: {'position': (10.752060663537122, 8.651198430918157), 'latlon': (42.30008025, -71.09987223333333), 'heading': 29.1, 'depth': 1.0, 'altitude': 10.0, 'roll': 0.0, 'pitch': 0.0, 'last_fix_time': datetime.datetime(2021, 7, 29, 13, 35, 14), 'speed': None, 'rudder': 0, 'datum': (42.3, -71.1)}
2021-07-29 14:35:15,604 [INFO] Next green buoy (centers, angles): (array([[array([447.72727273, 182.72727273]), 16]], dtype=object), [(13.581809116679263, -6.182647913255547)]), next red buoy (centers, angles): (array([[array([275.98113208,  88.81132075]), 736],
       [array([537.025, 174.   ]), 160]], dtype=object), [(-4.7594332121760266, -15.958698498408712), (22.317726661537915, -7.115737492404753)])
2021-07-29 14:35:15,605 [INFO] Desired_heading: 33.51118795225162
2021-07-29 14:35:15,605 [INFO] delta angle: 8.822375904503232
2021-07-29 14:35:15,606 [INFO] sending message $BPRMB,133515.55,-8.822375904503232,1,0,1000,0,1*46
...
2021-07-29 14:35:16,607 [INFO] 16.556132793426514s of 1000s elapsed.
2021-07-29 14:35:16,608 [INFO] sending message $BPSTS,133516.60,1,BWSI Autonomy OK*41
...
2021-07-29 14:35:16,609 [INFO] Processing: $BFNVG,133514.45,4218.004988,N,07105.992218,W,0,10.0,1.0,26.9,0.0,0.0,133514.45*69
2021-07-29 14:35:16,611 [INFO] Interpreted as: {'position': (10.919331316486932, 8.967436287552118), 'latlon': (42.30008313333333, -71.0998703), 'heading': 26.9, 'depth': 1.0, 'altitude': 10.0, 'roll': 0.0, 'pitch': 0.0, 'last_fix_time': datetime.datetime(2021, 7, 29, 13, 35, 14), 'speed': None, 'rudder': 0, 'datum': (42.3, -71.1)}
2021-07-29 14:35:16,612 [INFO] Processing: $BFNVG,133514.80,4218.005163,N,07105.992110,W,0,10.0,1.0,24.9,0.0,0.0,133514.80*6C
2021-07-29 14:35:16,614 [INFO] Interpreted as: {'position': (11.075702270609327, 9.287646766752005), 'latlon': (42.30008605, -71.0998685), 'heading': 24.9, 'depth': 1.0, 'altitude': 10.0, 'roll': 0.0, 'pitch': 0.0, 'last_fix_time': datetime.datetime(2021, 7, 29, 13, 35, 14), 'speed': None, 'rudder': 0, 'datum': (42.3, -71.1)}
2021-07-29 14:35:16,615 [INFO] Processing: $BFNVG,133515.14,4218.005340,N,07105.992011,W,0,10.0,1.0,22.9,0.0,0.0,133515.14*69
2021-07-29 14:35:16,617 [INFO] Interpreted as: {'position': (11.21979964710772, 9.61186376772821), 'latlon': (42.300089, -71.09986685), 'heading': 22.9, 'depth': 1.0, 'altitude': 10.0, 'roll': 0.0, 'pitch': 0.0, 'last_fix_time': datetime.datetime(2021, 7, 29, 13, 35, 15), 'speed': None, 'rudder': 0, 'datum': (42.3, -71.1)}
2021-07-29 14:35:16,618 [INFO] Processing: $BFNVG,133515.50,4218.005528,N,07105.991917,W,0,10.0,1.0,20.8,0.0,0.0,133515.50*6E
2021-07-29 14:35:16,620 [INFO] Interpreted as: {'position': (11.3575299839722, 9.956607954576612), 'latlon': (42.30009213333334, -71.09986528333333), 'heading': 20.8, 'depth': 1.0, 'altitude': 10.0, 'roll': 0.0, 'pitch': 0.0, 'last_fix_time': datetime.datetime(2021, 7, 29, 13, 35, 15), 'speed': None, 'rudder': 0, 'datum': (42.3, -71.1)}
2021-07-29 14:35:16,621 [INFO] Received from Frontseat: [b'$BFNVG,133514.45,4218.004988,N,07105.992218,W,0,10.0,1.0,26.9,0.0,0.0,133514.45*69', b'$BFNVG,133514.80,4218.005163,N,07105.992110,W,0,10.0,1.0,24.9,0.0,0.0,133514.80*6C', b'$BFNVG,133515.14,4218.005340,N,07105.992011,W,0,10.0,1.0,22.9,0.0,0.0,133515.14*69', b'$BFNVG,133515.50,4218.005528,N,07105.991917,W,0,10.0,1.0,20.8,0.0,0.0,133515.50*6E']
2021-07-29 14:35:16,622 [INFO] AUV state: {'position': (11.3575299839722, 9.956607954576612), 'latlon': (42.30009213333334, -71.09986528333333), 'heading': 20.8, 'depth': 1.0, 'altitude': 10.0, 'roll': 0.0, 'pitch': 0.0, 'last_fix_time': datetime.datetime(2021, 7, 29, 13, 35, 15), 'speed': None, 'rudder': 0, 'datum': (42.3, -71.1)}
2021-07-29 14:35:17,009 [INFO] Next green buoy (centers, angles): (array([[array([76.25352113, 88.01408451]), 403],
       [array([561.15384615, 173.61538462]), 12]], dtype=object), [(-24.751291019748027, -16.0385334621494), (24.51914264647818, -7.156775741808392)]), next red buoy (centers, angles): (array([[array([360.77070064,   5.50955414]), 864]], dtype=object), [(4.409673027307213, -23.918547212309413)])
2021-07-29 14:35:17,010 [INFO] Desired_heading: 10.629191003779594
2021-07-29 14:35:17,010 [INFO] delta angle: -20.34161799244083
2021-07-29 14:35:17,011 [INFO] sending message $BPRMB,133517.66,20.34161799244083,1,0,1000,0,1*6d
...
2021-07-29 14:35:18,012 [INFO] 18.6597421169281s of 1000s elapsed.
2021-07-29 14:35:18,014 [INFO] sending message $BPSTS,133518.01,1,BWSI Autonomy OK*48
...
2021-07-29 14:35:18,015 [INFO] Processing: $BFNVG,133515.85,4218.005713,N,07105.991835,W,0,10.0,1.0,18.8,0.0,0.0,133515.85*6E
2021-07-29 14:35:18,017 [INFO] Interpreted as: {'position': (11.47863677033456, 10.2962068868801), 'latlon': (42.30009521666667, -71.09986391666666), 'heading': 18.8, 'depth': 1.0, 'altitude': 10.0, 'roll': 0.0, 'pitch': 0.0, 'last_fix_time': datetime.datetime(2021, 7, 29, 13, 35, 15), 'speed': None, 'rudder': 0, 'datum': (42.3, -71.1)}
2021-07-29 14:35:18,017 [INFO] Processing: $BFNVG,133516.20,4218.005896,N,07105.991756,W,0,10.0,1.0,19.5,0.0,0.0,133516.20*6A
2021-07-29 14:35:18,019 [INFO] Interpreted as: {'position': (11.595530572696589, 10.632206135429442), 'latlon': (42.300098266666666, -71.0998626), 'heading': 19.5, 'depth': 1.0, 'altitude': 10.0, 'roll': 0.0, 'pitch': 0.0, 'last_fix_time': datetime.datetime(2021, 7, 29, 13, 35, 16), 'speed': None, 'rudder': 0, 'datum': (42.3, -71.1)}
2021-07-29 14:35:18,021 [INFO] Processing: $BFNVG,133516.55,4218.006078,N,07105.991674,W,0,10.0,1.0,20.3,0.0,0.0,133516.55*6C
2021-07-29 14:35:18,023 [INFO] Interpreted as: {'position': (11.716500328737311, 10.966252977959812), 'latlon': (42.3001013, -71.09986123333333), 'heading': 20.3, 'depth': 1.0, 'altitude': 10.0, 'roll': 0.0, 'pitch': 0.0, 'last_fix_time': datetime.datetime(2021, 7, 29, 13, 35, 16), 'speed': None, 'rudder': 0, 'datum': (42.3, -71.1)}
2021-07-29 14:35:18,023 [INFO] Processing: $BFNVG,133516.89,4218.006261,N,07105.991588,W,0,10.0,1.0,21.1,0.0,0.0,133516.89*65
2021-07-29 14:35:18,025 [INFO] Interpreted as: {'position': (11.843011253571603, 11.30201491061598), 'latlon': (42.30010435, -71.0998598), 'heading': 21.1, 'depth': 1.0, 'altitude': 10.0, 'roll': 0.0, 'pitch': 0.0, 'last_fix_time': datetime.datetime(2021, 7, 29, 13, 35, 16), 'speed': None, 'rudder': 0, 'datum': (42.3, -71.1)}
2021-07-29 14:35:18,026 [INFO] Received from Frontseat: [b'$BFNVG,133515.85,4218.005713,N,07105.991835,W,0,10.0,1.0,18.8,0.0,0.0,133515.85*6E', b'$BFNVG,133516.20,4218.005896,N,07105.991756,W,0,10.0,1.0,19.5,0.0,0.0,133516.20*6A', b'$BFNVG,133516.55,4218.006078,N,07105.991674,W,0,10.0,1.0,20.3,0.0,0.0,133516.55*6C', b'$BFNVG,133516.89,4218.006261,N,07105.991588,W,0,10.0,1.0,21.1,0.0,0.0,133516.89*65']
2021-07-29 14:35:18,027 [INFO] AUV state: {'position': (11.843011253571603, 11.30201491061598), 'latlon': (42.30010435, -71.0998598), 'heading': 21.1, 'depth': 1.0, 'altitude': 10.0, 'roll': 0.0, 'pitch': 0.0, 'last_fix_time': datetime.datetime(2021, 7, 29, 13, 35, 16), 'speed': None, 'rudder': 0, 'datum': (42.3, -71.1)}
2021-07-29 14:35:18,501 [INFO] Next green buoy (centers, angles): (array([[array([428.18181818, 459.36363636]), 12],
       [array([414.18181818, 459.36363636]), 12]], dtype=object), [(11.564242191569997, 22.53428419351954), (10.100712051033879, 22.53428419351954)]), next red buoy (centers, angles): (array([[array([427.47282609, 467.95923913]), 3864]], dtype=object), [(11.490475696927984, 23.324396324293144)])
2021-07-29 14:35:18,502 [INFO] Desired_heading: 32.627358944248996
2021-07-29 14:35:18,503 [INFO] delta angle: 23.05471788849799
2021-07-29 14:35:18,503 [INFO] sending message $BPRMB,133518.36,-23.05471788849799,1,0,1000,0,1*44
...
2021-07-29 14:35:19,504 [INFO] 19.36662983894348s of 1000s elapsed.
2021-07-29 14:35:19,506 [INFO] sending message $BPSTS,133519.50,1,BWSI Autonomy OK*4d
...
2021-07-29 14:35:19,508 [INFO] Processing: $BFNVG,133517.24,4218.006443,N,07105.991498,W,0,10.0,1.0,21.8,0.0,0.0,133517.24*6A
2021-07-29 14:35:19,510 [INFO] Interpreted as: {'position': (11.97497200826183, 11.635790537111461), 'latlon': (42.300107383333334, -71.0998583), 'heading': 21.8, 'depth': 1.0, 'altitude': 10.0, 'roll': 0.0, 'pitch': 0.0, 'last_fix_time': datetime.datetime(2021, 7, 29, 13, 35, 17), 'speed': None, 'rudder': 0, 'datum': (42.3, -71.1)}
2021-07-29 14:35:19,511 [INFO] Processing: $BFNVG,133517.60,4218.006629,N,07105.991409,W,0,10.0,1.0,20.0,0.0,0.0,133517.60*65
2021-07-29 14:35:19,513 [INFO] Interpreted as: {'position': (12.105741552542895, 11.977002857252955), 'latlon': (42.300110483333334, -71.09985681666667), 'heading': 20.0, 'depth': 1.0, 'altitude': 10.0, 'roll': 0.0, 'pitch': 0.0, 'last_fix_time': datetime.datetime(2021, 7, 29, 13, 35, 17), 'speed': None, 'rudder': 0, 'datum': (42.3, -71.1)}
2021-07-29 14:35:19,515 [INFO] Processing: $BFNVG,133517.95,4218.006817,N,07105.991328,W,0,10.0,1.0,18.2,0.0,0.0,133517.95*6B
2021-07-29 14:35:19,516 [INFO] Interpreted as: {'position': (12.225611400557682, 12.322187793441117), 'latlon': (42.300113616666664, -71.09985546666667), 'heading': 18.2, 'depth': 1.0, 'altitude': 10.0, 'roll': 0.0, 'pitch': 0.0, 'last_fix_time': datetime.datetime(2021, 7, 29, 13, 35, 17), 'speed': None, 'rudder': 0, 'datum': (42.3, -71.1)}
2021-07-29 14:35:19,517 [INFO] Processing: $BFNVG,133518.33,4218.007017,N,07105.991252,W,0,10.0,1.0,16.3,0.0,0.0,133518.33*61
2021-07-29 14:35:19,519 [INFO] Interpreted as: {'position': (12.339159884140827, 12.689750614576042), 'latlon': (42.30011695, -71.0998542), 'heading': 16.3, 'depth': 1.0, 'altitude': 10.0, 'roll': 0.0, 'pitch': 0.0, 'last_fix_time': datetime.datetime(2021, 7, 29, 13, 35, 18), 'speed': None, 'rudder': 0, 'datum': (42.3, -71.1)}
2021-07-29 14:35:19,520 [INFO] Received from Frontseat: [b'$BFNVG,133517.24,4218.006443,N,07105.991498,W,0,10.0,1.0,21.8,0.0,0.0,133517.24*6A', b'$BFNVG,133517.60,4218.006629,N,07105.991409,W,0,10.0,1.0,20.0,0.0,0.0,133517.60*65', b'$BFNVG,133517.95,4218.006817,N,07105.991328,W,0,10.0,1.0,18.2,0.0,0.0,133517.95*6B', b'$BFNVG,133518.33,4218.007017,N,07105.991252,W,0,10.0,1.0,16.3,0.0,0.0,133518.33*61']
2021-07-29 14:35:19,521 [INFO] AUV state: {'position': (12.339159884140827, 12.689750614576042), 'latlon': (42.30011695, -71.0998542), 'heading': 16.3, 'depth': 1.0, 'altitude': 10.0, 'roll': 0.0, 'pitch': 0.0, 'last_fix_time': datetime.datetime(2021, 7, 29, 13, 35, 18), 'speed': None, 'rudder': 0, 'datum': (42.3, -71.1)}
2021-07-29 14:35:19,846 [INFO] Next green buoy (centers, angles): (array([], dtype=object), []), next red buoy (centers, angles): (array([], dtype=object), [])
2021-07-29 14:35:19,847 [INFO] Desired_heading: 20.910943577699598
2021-07-29 14:35:19,847 [INFO] delta angle: 9.221887155399195
2021-07-29 14:35:19,848 [INFO] sending message $BPRMB,133520.64,-9.221887155399195,1,0,1000,0,1*4b
...
2021-07-29 14:35:20,849 [INFO] 21.644654273986816s of 1000s elapsed.
2021-07-29 14:35:20,851 [INFO] sending message $BPSTS,133520.85,1,BWSI Autonomy OK*4f
...
2021-07-29 14:35:20,855 [INFO] Processing: $BFNVG,133518.69,4218.007211,N,07105.991187,W,0,10.0,1.0,14.5,0.0,0.0,133518.69*6A
2021-07-29 14:35:20,857 [INFO] Interpreted as: {'position': (12.4373216922977, 13.04658218100667), 'latlon': (42.300120183333334, -71.09985311666667), 'heading': 14.5, 'depth': 1.0, 'altitude': 10.0, 'roll': 0.0, 'pitch': 0.0, 'last_fix_time': datetime.datetime(2021, 7, 29, 13, 35, 18), 'speed': None, 'rudder': 0, 'datum': (42.3, -71.1)}
2021-07-29 14:35:20,858 [INFO] Processing: $BFNVG,133519.04,4218.007402,N,07105.991122,W,0,10.0,1.0,16.5,0.0,0.0,133519.04*63
2021-07-29 14:35:20,860 [INFO] Interpreted as: {'position': (12.535346484917682, 13.397861658595502), 'latlon': (42.30012336666667, -71.09985203333333), 'heading': 16.5, 'depth': 1.0, 'altitude': 10.0, 'roll': 0.0, 'pitch': 0.0, 'last_fix_time': datetime.datetime(2021, 7, 29, 13, 35, 19), 'speed': None, 'rudder': 0, 'datum': (42.3, -71.1)}
2021-07-29 14:35:20,862 [INFO] Processing: $BFNVG,133519.39,4218.007591,N,07105.991049,W,0,10.0,1.0,18.6,0.0,0.0,133519.39*69
2021-07-29 14:35:20,863 [INFO] Interpreted as: {'position': (12.64427094743587, 13.745168522000313), 'latlon': (42.300126516666666, -71.09985081666666), 'heading': 18.6, 'depth': 1.0, 'altitude': 10.0, 'roll': 0.0, 'pitch': 0.0, 'last_fix_time': datetime.datetime(2021, 7, 29, 13, 35, 19), 'speed': None, 'rudder': 0, 'datum': (42.3, -71.1)}
2021-07-29 14:35:20,864 [INFO] Processing: $BFNVG,133519.75,4218.007777,N,07105.990966,W,0,10.0,1.0,20.6,0.0,0.0,133519.75*6D
2021-07-29 14:35:20,866 [INFO] Interpreted as: {'position': (12.766797163407318, 14.086584269069135), 'latlon': (42.300129616666666, -71.09984943333333), 'heading': 20.6, 'depth': 1.0, 'altitude': 10.0, 'roll': 0.0, 'pitch': 0.0, 'last_fix_time': datetime.datetime(2021, 7, 29, 13, 35, 19), 'speed': None, 'rudder': 0, 'datum': (42.3, -71.1)}
2021-07-29 14:35:20,867 [INFO] Received from Frontseat: [b'$BFNVG,133518.69,4218.007211,N,07105.991187,W,0,10.0,1.0,14.5,0.0,0.0,133518.69*6A', b'$BFNVG,133519.04,4218.007402,N,07105.991122,W,0,10.0,1.0,16.5,0.0,0.0,133519.04*63', b'$BFNVG,133519.39,4218.007591,N,07105.991049,W,0,10.0,1.0,18.6,0.0,0.0,133519.39*69', b'$BFNVG,133519.75,4218.007777,N,07105.990966,W,0,10.0,1.0,20.6,0.0,0.0,133519.75*6D']
2021-07-29 14:35:20,868 [INFO] AUV state: {'position': (12.766797163407318, 14.086584269069135), 'latlon': (42.300129616666666, -71.09984943333333), 'heading': 20.6, 'depth': 1.0, 'altitude': 10.0, 'roll': 0.0, 'pitch': 0.0, 'last_fix_time': datetime.datetime(2021, 7, 29, 13, 35, 19), 'speed': None, 'rudder': 0, 'datum': (42.3, -71.1)}
2021-07-29 14:35:21,214 [INFO] Next green buoy (centers, angles): (array([], dtype=object), []), next red buoy (centers, angles): (array([], dtype=object), [])
2021-07-29 14:35:21,214 [INFO] Desired_heading: 22.44437743107984
2021-07-29 14:35:21,215 [INFO] delta angle: 3.6887548621596764
2021-07-29 14:35:21,215 [INFO] sending message $BPRMB,133521.05,-3.6887548621596764,1,0,1000,0,1*7c
...
2021-07-29 14:35:22,217 [INFO] 22.05639386177063s of 1000s elapsed.
2021-07-29 14:35:22,218 [INFO] sending message $BPSTS,133522.21,1,BWSI Autonomy OK*43
...
2021-07-29 14:35:22,219 [INFO] Processing: $BFNVG,133520.10,4218.007962,N,07105.990874,W,0,10.0,1.0,22.7,0.0,0.0,133520.10*66
2021-07-29 14:35:22,222 [INFO] Interpreted as: {'position': (12.901642591983546, 14.425844196230173), 'latlon': (42.3001327, -71.0998479), 'heading': 22.7, 'depth': 1.0, 'altitude': 10.0, 'roll': 0.0, 'pitch': 0.0, 'last_fix_time': datetime.datetime(2021, 7, 29, 13, 35, 20), 'speed': None, 'rudder': 0, 'datum': (42.3, -71.1)}
2021-07-29 14:35:22,222 [INFO] Processing: $BFNVG,133520.46,4218.008144,N,07105.990777,W,0,10.0,1.0,23.5,0.0,0.0,133520.46*6A
2021-07-29 14:35:22,224 [INFO] Interpreted as: {'position': (13.043220386258326, 14.759382523596287), 'latlon': (42.300135733333335, -71.09984628333333), 'heading': 23.5, 'depth': 1.0, 'altitude': 10.0, 'roll': 0.0, 'pitch': 0.0, 'last_fix_time': datetime.datetime(2021, 7, 29, 13, 35, 20), 'speed': None, 'rudder': 0, 'datum': (42.3, -71.1)}
2021-07-29 14:35:22,225 [INFO] Processing: $BFNVG,133520.81,4218.008326,N,07105.990676,W,0,10.0,1.0,24.3,0.0,0.0,133520.81*6D
2021-07-29 14:35:22,227 [INFO] Interpreted as: {'position': (13.19029367750045, 15.09278524108231), 'latlon': (42.30013876666667, -71.0998446), 'heading': 24.3, 'depth': 1.0, 'altitude': 10.0, 'roll': 0.0, 'pitch': 0.0, 'last_fix_time': datetime.datetime(2021, 7, 29, 13, 35, 20), 'speed': None, 'rudder': 0, 'datum': (42.3, -71.1)}
2021-07-29 14:35:22,228 [INFO] Processing: $BFNVG,133521.16,4218.008507,N,07105.990571,W,0,10.0,1.0,25.1,0.0,0.0,133521.16*6F
2021-07-29 14:35:22,230 [INFO] Interpreted as: {'position': (13.342816793825477, 15.424201657064259), 'latlon': (42.30014178333333, -71.09984285), 'heading': 25.1, 'depth': 1.0, 'altitude': 10.0, 'roll': 0.0, 'pitch': 0.0, 'last_fix_time': datetime.datetime(2021, 7, 29, 13, 35, 21), 'speed': None, 'rudder': 0, 'datum': (42.3, -71.1)}
2021-07-29 14:35:22,231 [INFO] Received from Frontseat: [b'$BFNVG,133520.10,4218.007962,N,07105.990874,W,0,10.0,1.0,22.7,0.0,0.0,133520.10*66', b'$BFNVG,133520.46,4218.008144,N,07105.990777,W,0,10.0,1.0,23.5,0.0,0.0,133520.46*6A', b'$BFNVG,133520.81,4218.008326,N,07105.990676,W,0,10.0,1.0,24.3,0.0,0.0,133520.81*6D', b'$BFNVG,133521.16,4218.008507,N,07105.990571,W,0,10.0,1.0,25.1,0.0,0.0,133521.16*6F']
2021-07-29 14:35:22,232 [INFO] AUV state: {'position': (13.342816793825477, 15.424201657064259), 'latlon': (42.30014178333333, -71.09984285), 'heading': 25.1, 'depth': 1.0, 'altitude': 10.0, 'roll': 0.0, 'pitch': 0.0, 'last_fix_time': datetime.datetime(2021, 7, 29, 13, 35, 21), 'speed': None, 'rudder': 0, 'datum': (42.3, -71.1)}
2021-07-29 14:35:22,568 [INFO] Next green buoy (centers, angles): (array([], dtype=object), []), next red buoy (centers, angles): (array([], dtype=object), [])
2021-07-29 14:35:22,569 [INFO] Desired_heading: 25.837750972431937
2021-07-29 14:35:22,569 [INFO] delta angle: 1.475501944863872
2021-07-29 14:35:22,570 [INFO] sending message $BPRMB,133523.37,-1.475501944863872,1,0,1000,0,1*44
...
2021-07-29 14:35:23,571 [INFO] 24.379362106323242s of 1000s elapsed.
2021-07-29 14:35:23,572 [INFO] sending message $BPSTS,133523.57,1,BWSI Autonomy OK*43
...
2021-07-29 14:35:23,573 [INFO] Processing: $BFNVG,133521.52,4218.008686,N,07105.990463,W,0,10.0,1.0,25.9,0.0,0.0,133521.52*6F
2021-07-29 14:35:23,575 [INFO] Interpreted as: {'position': (13.49937018705532, 15.751814973540604), 'latlon': (42.30014476666667, -71.09984105), 'heading': 25.9, 'depth': 1.0, 'altitude': 10.0, 'roll': 0.0, 'pitch': 0.0, 'last_fix_time': datetime.datetime(2021, 7, 29, 13, 35, 21), 'speed': None, 'rudder': 0, 'datum': (42.3, -71.1)}
2021-07-29 14:35:23,576 [INFO] Processing: $BFNVG,133521.87,4218.008864,N,07105.990352,W,0,10.0,1.0,26.2,0.0,0.0,133521.87*60
2021-07-29 14:35:23,578 [INFO] Interpreted as: {'position': (13.659999527852051, 16.077475886791945), 'latlon': (42.30014773333333, -71.0998392), 'heading': 26.2, 'depth': 1.0, 'altitude': 10.0, 'roll': 0.0, 'pitch': 0.0, 'last_fix_time': datetime.datetime(2021, 7, 29, 13, 35, 21), 'speed': None, 'rudder': 0, 'datum': (42.3, -71.1)}
2021-07-29 14:35:23,579 [INFO] Processing: $BFNVG,133522.22,4218.009042,N,07105.990241,W,0,10.0,1.0,26.6,0.0,0.0,133522.22*6A
2021-07-29 14:35:23,581 [INFO] Interpreted as: {'position': (13.82062885677442, 16.403136804699898), 'latlon': (42.3001507, -71.09983735), 'heading': 26.6, 'depth': 1.0, 'altitude': 10.0, 'roll': 0.0, 'pitch': 0.0, 'last_fix_time': datetime.datetime(2021, 7, 29, 13, 35, 22), 'speed': None, 'rudder': 0, 'datum': (42.3, -71.1)}
2021-07-29 14:35:23,582 [INFO] Received from Frontseat: [b'$BFNVG,133521.52,4218.008686,N,07105.990463,W,0,10.0,1.0,25.9,0.0,0.0,133521.52*6F', b'$BFNVG,133521.87,4218.008864,N,07105.990352,W,0,10.0,1.0,26.2,0.0,0.0,133521.87*60', b'$BFNVG,133522.22,4218.009042,N,07105.990241,W,0,10.0,1.0,26.6,0.0,0.0,133522.22*6A']
2021-07-29 14:35:23,583 [INFO] AUV state: {'position': (13.82062885677442, 16.403136804699898), 'latlon': (42.3001507, -71.09983735), 'heading': 26.6, 'depth': 1.0, 'altitude': 10.0, 'roll': 0.0, 'pitch': 0.0, 'last_fix_time': datetime.datetime(2021, 7, 29, 13, 35, 22), 'speed': None, 'rudder': 0, 'datum': (42.3, -71.1)}
2021-07-29 14:35:23,926 [INFO] Next green buoy (centers, angles): (array([], dtype=object), []), next red buoy (centers, angles): (array([], dtype=object), [])
2021-07-29 14:35:23,926 [INFO] Desired_heading: 26.895100388972775
2021-07-29 14:35:23,927 [INFO] delta angle: 0.5902007779455474
2021-07-29 14:35:23,927 [INFO] sending message $BPRMB,133523.76,-0.5902007779455474,1,0,1000,0,1*78
...
2021-07-29 14:35:24,929 [INFO] 24.76445484161377s of 1000s elapsed.
2021-07-29 14:35:24,930 [INFO] sending message $BPSTS,133524.93,1,BWSI Autonomy OK*4c
...
2021-07-29 14:35:24,931 [INFO] Processing: $BFNVG,133522.58,4218.009220,N,07105.990128,W,0,10.0,1.0,26.9,0.0,0.0,133522.58*6F
2021-07-29 14:35:24,933 [INFO] Interpreted as: {'position': (13.984005924779922, 16.728729920461774), 'latlon': (42.30015366666667, -71.09983546666666), 'heading': 26.9, 'depth': 1.0, 'altitude': 10.0, 'roll': 0.0, 'pitch': 0.0, 'last_fix_time': datetime.datetime(2021, 7, 29, 13, 35, 22), 'speed': None, 'rudder': 0, 'datum': (42.3, -71.1)}
2021-07-29 14:35:24,935 [INFO] Processing: $BFNVG,133522.93,4218.009396,N,07105.990014,W,0,10.0,1.0,27.0,0.0,0.0,133522.93*65
2021-07-29 14:35:24,937 [INFO] Interpreted as: {'position': (14.148665517801419, 17.05058774445206), 'latlon': (42.3001566, -71.09983356666666), 'heading': 27.0, 'depth': 1.0, 'altitude': 10.0, 'roll': 0.0, 'pitch': 0.0, 'last_fix_time': datetime.datetime(2021, 7, 29, 13, 35, 22), 'speed': None, 'rudder': 0, 'datum': (42.3, -71.1)}
2021-07-29 14:35:24,938 [INFO] Processing: $BFNVG,133523.29,4218.009580,N,07105.989895,W,0,10.0,1.0,27.2,0.0,0.0,133523.29*6F
2021-07-29 14:35:24,940 [INFO] Interpreted as: {'position': (14.320559824700467, 17.38708163704723), 'latlon': (42.300159666666666, -71.09983158333333), 'heading': 27.2, 'depth': 1.0, 'altitude': 10.0, 'roll': 0.0, 'pitch': 0.0, 'last_fix_time': datetime.datetime(2021, 7, 29, 13, 35, 23), 'speed': None, 'rudder': 0, 'datum': (42.3, -71.1)}
2021-07-29 14:35:24,940 [INFO] Processing: $BFNVG,133523.65,4218.009756,N,07105.989780,W,0,10.0,1.0,27.3,0.0,0.0,133523.65*6C
2021-07-29 14:35:24,942 [INFO] Interpreted as: {'position': (14.486593262990937, 17.70890556462109), 'latlon': (42.3001626, -71.09982966666666), 'heading': 27.3, 'depth': 1.0, 'altitude': 10.0, 'roll': 0.0, 'pitch': 0.0, 'last_fix_time': datetime.datetime(2021, 7, 29, 13, 35, 23), 'speed': None, 'rudder': 0, 'datum': (42.3, -71.1)}
2021-07-29 14:35:24,943 [INFO] Received from Frontseat: [b'$BFNVG,133522.58,4218.009220,N,07105.990128,W,0,10.0,1.0,26.9,0.0,0.0,133522.58*6F', b'$BFNVG,133522.93,4218.009396,N,07105.990014,W,0,10.0,1.0,27.0,0.0,0.0,133522.93*65', b'$BFNVG,133523.29,4218.009580,N,07105.989895,W,0,10.0,1.0,27.2,0.0,0.0,133523.29*6F', b'$BFNVG,133523.65,4218.009756,N,07105.989780,W,0,10.0,1.0,27.3,0.0,0.0,133523.65*6C']
2021-07-29 14:35:24,944 [INFO] AUV state: {'position': (14.486593262990937, 17.70890556462109), 'latlon': (42.3001626, -71.09982966666666), 'heading': 27.3, 'depth': 1.0, 'altitude': 10.0, 'roll': 0.0, 'pitch': 0.0, 'last_fix_time': datetime.datetime(2021, 7, 29, 13, 35, 23), 'speed': None, 'rudder': 0, 'datum': (42.3, -71.1)}
2021-07-29 14:35:25,301 [INFO] Next green buoy (centers, angles): (array([], dtype=object), []), next red buoy (centers, angles): (array([], dtype=object), [])
2021-07-29 14:35:25,302 [INFO] Desired_heading: 27.41804015558911
2021-07-29 14:35:25,302 [INFO] delta angle: 0.23608031117822037
2021-07-29 14:35:25,302 [INFO] sending message $BPRMB,133526.09,-0.23608031117822037,1,0,1000,0,1*40
...
2021-07-29 14:35:26,304 [INFO] 27.095054149627686s of 1000s elapsed.
2021-07-29 14:35:26,305 [INFO] sending message $BPSTS,133526.30,1,BWSI Autonomy OK*47
...
2021-07-29 14:35:26,309 [INFO] Processing: $BFNVG,133524.00,4218.009932,N,07105.989665,W,0,10.0,1.0,27.4,0.0,0.0,133524.00*6D
2021-07-29 14:35:26,312 [INFO] Interpreted as: {'position': (14.652626689057797, 18.030729497782886), 'latlon': (42.300165533333335, -71.09982775), 'heading': 27.4, 'depth': 1.0, 'altitude': 10.0, 'roll': 0.0, 'pitch': 0.0, 'last_fix_time': datetime.datetime(2021, 7, 29, 13, 35, 24), 'speed': None, 'rudder': 0, 'datum': (42.3, -71.1)}
2021-07-29 14:35:26,313 [INFO] Processing: $BFNVG,133524.35,4218.010110,N,07105.989548,W,0,10.0,1.0,27.5,0.0,0.0,133524.35*60
2021-07-29 14:35:26,315 [INFO] Interpreted as: {'position': (14.82149919011863, 18.356187023222446), 'latlon': (42.3001685, -71.0998258), 'heading': 27.5, 'depth': 1.0, 'altitude': 10.0, 'roll': 0.0, 'pitch': 0.0, 'last_fix_time': datetime.datetime(2021, 7, 29, 13, 35, 24), 'speed': None, 'rudder': 0, 'datum': (42.3, -71.1)}
2021-07-29 14:35:26,316 [INFO] Processing: $BFNVG,133524.71,4218.010286,N,07105.989432,W,0,10.0,1.0,27.5,0.0,0.0,133524.71*60
2021-07-29 14:35:26,318 [INFO] Interpreted as: {'position': (14.988906463608146, 18.677977059967816), 'latlon': (42.30017143333333, -71.09982386666667), 'heading': 27.5, 'depth': 1.0, 'altitude': 10.0, 'roll': 0.0, 'pitch': 0.0, 'last_fix_time': datetime.datetime(2021, 7, 29, 13, 35, 24), 'speed': None, 'rudder': 0, 'datum': (42.3, -71.1)}
2021-07-29 14:35:26,319 [INFO] Processing: $BFNVG,133525.06,4218.010463,N,07105.989314,W,0,10.0,1.0,27.6,0.0,0.0,133525.06*6D
2021-07-29 14:35:26,321 [INFO] Interpreted as: {'position': (15.159107143059373, 19.001549994572997), 'latlon': (42.300174383333335, -71.0998219), 'heading': 27.6, 'depth': 1.0, 'altitude': 10.0, 'roll': 0.0, 'pitch': 0.0, 'last_fix_time': datetime.datetime(2021, 7, 29, 13, 35, 25), 'speed': None, 'rudder': 0, 'datum': (42.3, -71.1)}
2021-07-29 14:35:26,322 [INFO] Received from Frontseat: [b'$BFNVG,133524.00,4218.009932,N,07105.989665,W,0,10.0,1.0,27.4,0.0,0.0,133524.00*6D', b'$BFNVG,133524.35,4218.010110,N,07105.989548,W,0,10.0,1.0,27.5,0.0,0.0,133524.35*60', b'$BFNVG,133524.71,4218.010286,N,07105.989432,W,0,10.0,1.0,27.5,0.0,0.0,133524.71*60', b'$BFNVG,133525.06,4218.010463,N,07105.989314,W,0,10.0,1.0,27.6,0.0,0.0,133525.06*6D']
2021-07-29 14:35:26,323 [INFO] AUV state: {'position': (15.159107143059373, 19.001549994572997), 'latlon': (42.300174383333335, -71.0998219), 'heading': 27.6, 'depth': 1.0, 'altitude': 10.0, 'roll': 0.0, 'pitch': 0.0, 'last_fix_time': datetime.datetime(2021, 7, 29, 13, 35, 25), 'speed': None, 'rudder': 0, 'datum': (42.3, -71.1)}
2021-07-29 14:35:26,667 [INFO] Next green buoy (centers, angles): (array([], dtype=object), []), next red buoy (centers, angles): (array([], dtype=object), [])
2021-07-29 14:35:26,668 [INFO] Desired_heading: 27.647216062235646
2021-07-29 14:35:26,669 [INFO] delta angle: 0.09443212447128957
2021-07-29 14:35:26,669 [INFO] sending message $BPRMB,133526.51,-0.09443212447128957,1,0,1000,0,1*47
...
2021-07-29 14:35:27,671 [INFO] 27.514704704284668s of 1000s elapsed.
2021-07-29 14:35:27,672 [INFO] sending message $BPSTS,133527.67,1,BWSI Autonomy OK*44
...
2021-07-29 14:35:27,673 [INFO] Processing: $BFNVG,133525.42,4218.010640,N,07105.989197,W,0,10.0,1.0,27.6,0.0,0.0,133525.42*67
2021-07-29 14:35:27,676 [INFO] Interpreted as: {'position': (15.327933929744177, 19.325156833045185), 'latlon': (42.30017733333333, -71.09981995), 'heading': 27.6, 'depth': 1.0, 'altitude': 10.0, 'roll': 0.0, 'pitch': 0.0, 'last_fix_time': datetime.datetime(2021, 7, 29, 13, 35, 25), 'speed': None, 'rudder': 0, 'datum': (42.3, -71.1)}
2021-07-29 14:35:27,676 [INFO] Processing: $BFNVG,133525.77,4218.010816,N,07105.989081,W,0,10.0,1.0,27.7,0.0,0.0,133525.77*6D
2021-07-29 14:35:27,679 [INFO] Interpreted as: {'position': (15.49534115777351, 19.646946880966425), 'latlon': (42.300180266666665, -71.09981801666666), 'heading': 27.7, 'depth': 1.0, 'altitude': 10.0, 'roll': 0.0, 'pitch': 0.0, 'last_fix_time': datetime.datetime(2021, 7, 29, 13, 35, 25), 'speed': None, 'rudder': 0, 'datum': (42.3, -71.1)}
2021-07-29 14:35:27,680 [INFO] Processing: $BFNVG,133526.13,4218.010996,N,07105.988961,W,0,10.0,1.0,27.7,0.0,0.0,133526.13*62
2021-07-29 14:35:27,681 [INFO] Interpreted as: {'position': (15.66842654964421, 19.97600411437452), 'latlon': (42.300183266666664, -71.09981601666667), 'heading': 27.7, 'depth': 1.0, 'altitude': 10.0, 'roll': 0.0, 'pitch': 0.0, 'last_fix_time': datetime.datetime(2021, 7, 29, 13, 35, 26), 'speed': None, 'rudder': 0, 'datum': (42.3, -71.1)}
2021-07-29 14:35:27,682 [INFO] Processing: $BFNVG,133526.49,4218.011174,N,07105.988842,W,0,10.0,1.0,27.7,0.0,0.0,133526.49*67
2021-07-29 14:35:27,684 [INFO] Interpreted as: {'position': (15.840046714176424, 20.3013938581571), 'latlon': (42.300186233333335, -71.09981403333333), 'heading': 27.7, 'depth': 1.0, 'altitude': 10.0, 'roll': 0.0, 'pitch': 0.0, 'last_fix_time': datetime.datetime(2021, 7, 29, 13, 35, 26), 'speed': None, 'rudder': 0, 'datum': (42.3, -71.1)}
2021-07-29 14:35:27,685 [INFO] Received from Frontseat: [b'$BFNVG,133525.42,4218.010640,N,07105.989197,W,0,10.0,1.0,27.6,0.0,0.0,133525.42*67', b'$BFNVG,133525.77,4218.010816,N,07105.989081,W,0,10.0,1.0,27.7,0.0,0.0,133525.77*6D', b'$BFNVG,133526.13,4218.010996,N,07105.988961,W,0,10.0,1.0,27.7,0.0,0.0,133526.13*62', b'$BFNVG,133526.49,4218.011174,N,07105.988842,W,0,10.0,1.0,27.7,0.0,0.0,133526.49*67']
2021-07-29 14:35:27,686 [INFO] AUV state: {'position': (15.840046714176424, 20.3013938581571), 'latlon': (42.300186233333335, -71.09981403333333), 'heading': 27.7, 'depth': 1.0, 'altitude': 10.0, 'roll': 0.0, 'pitch': 0.0, 'last_fix_time': datetime.datetime(2021, 7, 29, 13, 35, 26), 'speed': None, 'rudder': 0, 'datum': (42.3, -71.1)}
2021-07-29 14:35:28,027 [INFO] Next green buoy (centers, angles): (array([], dtype=object), []), next red buoy (centers, angles): (array([], dtype=object), [])
2021-07-29 14:35:28,027 [INFO] Desired_heading: 27.718886424894258
2021-07-29 14:35:28,028 [INFO] delta angle: 0.03777284978851725
2021-07-29 14:35:28,028 [INFO] sending message $BPRMB,133528.82,-0.03777284978851725,1,0,1000,0,1*4b
...
2021-07-29 14:35:29,030 [INFO] 29.82917618751526s of 1000s elapsed.
2021-07-29 14:35:29,031 [INFO] sending message $BPSTS,133529.03,1,BWSI Autonomy OK*48
...
2021-07-29 14:35:29,032 [INFO] Processing: $BFNVG,133526.84,4218.011351,N,07105.988725,W,0,10.0,1.0,27.7,0.0,0.0,133526.84*6C
2021-07-29 14:35:29,034 [INFO] Interpreted as: {'position': (16.00887344428338, 20.625000711530447), 'latlon': (42.30018918333333, -71.09981208333333), 'heading': 27.7, 'depth': 1.0, 'altitude': 10.0, 'roll': 0.0, 'pitch': 0.0, 'last_fix_time': datetime.datetime(2021, 7, 29, 13, 35, 26), 'speed': None, 'rudder': 0, 'datum': (42.3, -71.1)}
2021-07-29 14:35:29,035 [INFO] Processing: $BFNVG,133527.20,4218.011528,N,07105.988607,W,0,10.0,1.0,27.7,0.0,0.0,133527.20*65
2021-07-29 14:35:29,037 [INFO] Interpreted as: {'position': (16.17907403537538, 20.948573669418693), 'latlon': (42.30019213333333, -71.09981011666666), 'heading': 27.7, 'depth': 1.0, 'altitude': 10.0, 'roll': 0.0, 'pitch': 0.0, 'last_fix_time': datetime.datetime(2021, 7, 29, 13, 35, 27), 'speed': None, 'rudder': 0, 'datum': (42.3, -71.1)}
2021-07-29 14:35:29,037 [INFO] Processing: $BFNVG,133527.55,4218.011705,N,07105.988489,W,0,10.0,1.0,27.7,0.0,0.0,133527.55*6C
2021-07-29 14:35:29,039 [INFO] Interpreted as: {'position': (16.349274607608095, 21.27214663103223), 'latlon': (42.300195083333335, -71.09980815), 'heading': 27.7, 'depth': 1.0, 'altitude': 10.0, 'roll': 0.0, 'pitch': 0.0, 'last_fix_time': datetime.datetime(2021, 7, 29, 13, 35, 27), 'speed': None, 'rudder': 0, 'datum': (42.3, -71.1)}
2021-07-29 14:35:29,040 [INFO] Processing: $BFNVG,133527.91,4218.011882,N,07105.988371,W,0,10.0,1.0,27.7,0.0,0.0,133527.91*6C
2021-07-29 14:35:29,042 [INFO] Interpreted as: {'position': (16.519475169247016, 21.595719592645764), 'latlon': (42.30019803333333, -71.09980618333333), 'heading': 27.7, 'depth': 1.0, 'altitude': 10.0, 'roll': 0.0, 'pitch': 0.0, 'last_fix_time': datetime.datetime(2021, 7, 29, 13, 35, 27), 'speed': None, 'rudder': 0, 'datum': (42.3, -71.1)}
2021-07-29 14:35:29,043 [INFO] Received from Frontseat: [b'$BFNVG,133526.84,4218.011351,N,07105.988725,W,0,10.0,1.0,27.7,0.0,0.0,133526.84*6C', b'$BFNVG,133527.20,4218.011528,N,07105.988607,W,0,10.0,1.0,27.7,0.0,0.0,133527.20*65', b'$BFNVG,133527.55,4218.011705,N,07105.988489,W,0,10.0,1.0,27.7,0.0,0.0,133527.55*6C', b'$BFNVG,133527.91,4218.011882,N,07105.988371,W,0,10.0,1.0,27.7,0.0,0.0,133527.91*6C']
2021-07-29 14:35:29,044 [INFO] AUV state: {'position': (16.519475169247016, 21.595719592645764), 'latlon': (42.30019803333333, -71.09980618333333), 'heading': 27.7, 'depth': 1.0, 'altitude': 10.0, 'roll': 0.0, 'pitch': 0.0, 'last_fix_time': datetime.datetime(2021, 7, 29, 13, 35, 27), 'speed': None, 'rudder': 0, 'datum': (42.3, -71.1)}
2021-07-29 14:35:29,358 [INFO] Next green buoy (centers, angles): (array([], dtype=object), []), next red buoy (centers, angles): (array([], dtype=object), [])
2021-07-29 14:35:29,358 [INFO] Desired_heading: 27.707554569957704
2021-07-29 14:35:29,359 [INFO] delta angle: 0.015109139915409742
2021-07-29 14:35:29,359 [INFO] sending message $BPRMB,133529.23,-0.015109139915409742,1,0,1000,0,1*77
...
2021-07-29 14:35:30,361 [INFO] 30.231858730316162s of 1000s elapsed.
2021-07-29 14:35:30,362 [INFO] sending message $BPSTS,133530.36,1,BWSI Autonomy OK*46
...
2021-07-29 14:35:30,363 [INFO] Processing: $BFNVG,133528.27,4218.012063,N,07105.988250,W,0,10.0,1.0,27.8,0.0,0.0,133528.27*65
2021-07-29 14:35:30,365 [INFO] Interpreted as: {'position': (16.693980014533736, 21.926593644544482), 'latlon': (42.30020105, -71.09980416666667), 'heading': 27.8, 'depth': 1.0, 'altitude': 10.0, 'roll': 0.0, 'pitch': 0.0, 'last_fix_time': datetime.datetime(2021, 7, 29, 13, 35, 28), 'speed': None, 'rudder': 0, 'datum': (42.3, -71.1)}
2021-07-29 14:35:30,366 [INFO] Processing: $BFNVG,133528.63,4218.012238,N,07105.988133,W,0,10.0,1.0,27.8,0.0,0.0,133528.63*6F
2021-07-29 14:35:30,368 [INFO] Interpreted as: {'position': (16.862715335097164, 22.246499124914408), 'latlon': (42.300203966666665, -71.09980221666666), 'heading': 27.8, 'depth': 1.0, 'altitude': 10.0, 'roll': 0.0, 'pitch': 0.0, 'last_fix_time': datetime.datetime(2021, 7, 29, 13, 35, 28), 'speed': None, 'rudder': 0, 'datum': (42.3, -71.1)}
2021-07-29 14:35:30,369 [INFO] Processing: $BFNVG,133528.98,4218.012413,N,07105.988017,W,0,10.0,1.0,27.8,0.0,0.0,133528.98*67
2021-07-29 14:35:30,371 [INFO] Interpreted as: {'position': (17.030076763941906, 22.566438508220017), 'latlon': (42.30020688333333, -71.09980028333334), 'heading': 27.8, 'depth': 1.0, 'altitude': 10.0, 'roll': 0.0, 'pitch': 0.0, 'last_fix_time': datetime.datetime(2021, 7, 29, 13, 35, 28), 'speed': None, 'rudder': 0, 'datum': (42.3, -71.1)}
2021-07-29 14:35:30,373 [INFO] Processing: $BFNVG,133529.33,4218.012589,N,07105.987899,W,0,10.0,1.0,27.8,0.0,0.0,133529.33*64
2021-07-29 14:35:30,374 [INFO] Interpreted as: {'position': (17.200231598806567, 22.888160791248083), 'latlon': (42.300209816666666, -71.09979831666666), 'heading': 27.8, 'depth': 1.0, 'altitude': 10.0, 'roll': 0.0, 'pitch': 0.0, 'last_fix_time': datetime.datetime(2021, 7, 29, 13, 35, 29), 'speed': None, 'rudder': 0, 'datum': (42.3, -71.1)}
2021-07-29 14:35:30,375 [INFO] Received from Frontseat: [b'$BFNVG,133528.27,4218.012063,N,07105.988250,W,0,10.0,1.0,27.8,0.0,0.0,133528.27*65', b'$BFNVG,133528.63,4218.012238,N,07105.988133,W,0,10.0,1.0,27.8,0.0,0.0,133528.63*6F', b'$BFNVG,133528.98,4218.012413,N,07105.988017,W,0,10.0,1.0,27.8,0.0,0.0,133528.98*67', b'$BFNVG,133529.33,4218.012589,N,07105.987899,W,0,10.0,1.0,27.8,0.0,0.0,133529.33*64']
2021-07-29 14:35:30,376 [INFO] AUV state: {'position': (17.200231598806567, 22.888160791248083), 'latlon': (42.300209816666666, -71.09979831666666), 'heading': 27.8, 'depth': 1.0, 'altitude': 10.0, 'roll': 0.0, 'pitch': 0.0, 'last_fix_time': datetime.datetime(2021, 7, 29, 13, 35, 29), 'speed': None, 'rudder': 0, 'datum': (42.3, -71.1)}
2021-07-29 14:35:30,714 [INFO] Next green buoy (centers, angles): (array([], dtype=object), []), next red buoy (centers, angles): (array([], dtype=object), [])
2021-07-29 14:35:30,714 [INFO] Desired_heading: 27.803021827983084
2021-07-29 14:35:30,715 [INFO] delta angle: 0.006043655966166739
2021-07-29 14:35:30,715 [INFO] sending message $BPRMB,133531.49,-0.006043655966166739,1,0,1000,0,1*76
...
2021-07-29 14:35:31,716 [INFO] 32.49120306968689s of 1000s elapsed.
2021-07-29 14:35:31,717 [INFO] sending message $BPSTS,133531.71,1,BWSI Autonomy OK*44
...
2021-07-29 14:35:31,722 [INFO] Processing: $BFNVG,133529.68,4218.012764,N,07105.987782,W,0,10.0,1.0,27.8,0.0,0.0,133529.68*60
2021-07-29 14:35:31,724 [INFO] Interpreted as: {'position': (17.368966874084435, 23.208066281862557), 'latlon': (42.30021273333333, -71.09979636666667), 'heading': 27.8, 'depth': 1.0, 'altitude': 10.0, 'roll': 0.0, 'pitch': 0.0, 'last_fix_time': datetime.datetime(2021, 7, 29, 13, 35, 29), 'speed': None, 'rudder': 0, 'datum': (42.3, -71.1)}
2021-07-29 14:35:31,725 [INFO] Processing: $BFNVG,133530.03,4218.012938,N,07105.987666,W,0,10.0,1.0,27.8,0.0,0.0,133530.03*6C
2021-07-29 14:35:31,727 [INFO] Interpreted as: {'position': (17.53628259402467, 23.526154981926084), 'latlon': (42.30021563333333, -71.09979443333333), 'heading': 27.8, 'depth': 1.0, 'altitude': 10.0, 'roll': 0.0, 'pitch': 0.0, 'last_fix_time': datetime.datetime(2021, 7, 29, 13, 35, 30), 'speed': None, 'rudder': 0, 'datum': (42.3, -71.1)}
2021-07-29 14:35:31,728 [INFO] Processing: $BFNVG,133530.39,4218.013118,N,07105.987546,W,0,10.0,1.0,27.8,0.0,0.0,133530.39*66
2021-07-29 14:35:31,730 [INFO] Interpreted as: {'position': (17.70936780649936, 23.855212259106338), 'latlon': (42.30021863333333, -71.09979243333333), 'heading': 27.8, 'depth': 1.0, 'altitude': 10.0, 'roll': 0.0, 'pitch': 0.0, 'last_fix_time': datetime.datetime(2021, 7, 29, 13, 35, 30), 'speed': None, 'rudder': 0, 'datum': (42.3, -71.1)}
2021-07-29 14:35:31,731 [INFO] Received from Frontseat: [b'$BFNVG,133529.68,4218.012764,N,07105.987782,W,0,10.0,1.0,27.8,0.0,0.0,133529.68*60', b'$BFNVG,133530.03,4218.012938,N,07105.987666,W,0,10.0,1.0,27.8,0.0,0.0,133530.03*6C', b'$BFNVG,133530.39,4218.013118,N,07105.987546,W,0,10.0,1.0,27.8,0.0,0.0,133530.39*66']
2021-07-29 14:35:31,732 [INFO] AUV state: {'position': (17.70936780649936, 23.855212259106338), 'latlon': (42.30021863333333, -71.09979243333333), 'heading': 27.8, 'depth': 1.0, 'altitude': 10.0, 'roll': 0.0, 'pitch': 0.0, 'last_fix_time': datetime.datetime(2021, 7, 29, 13, 35, 30), 'speed': None, 'rudder': 0, 'datum': (42.3, -71.1)}
2021-07-29 14:35:32,073 [INFO] Next green buoy (centers, angles): (array([], dtype=object), []), next red buoy (centers, angles): (array([], dtype=object), [])
2021-07-29 14:35:32,073 [INFO] Desired_heading: 27.801208731193235
2021-07-29 14:35:32,074 [INFO] delta angle: 0.0024174623864681166
2021-07-29 14:35:32,074 [INFO] sending message $BPRMB,133531.94,-0.0024174623864681166,1,0,1000,0,1*43
...
2021-07-29 14:35:33,075 [INFO] 32.94280791282654s of 1000s elapsed.
2021-07-29 14:35:33,076 [INFO] sending message $BPSTS,133533.07,1,BWSI Autonomy OK*47
...
2021-07-29 14:35:33,077 [INFO] Processing: $BFNVG,133530.76,4218.013302,N,07105.987423,W,0,10.0,1.0,27.8,0.0,0.0,133530.76*6D
2021-07-29 14:35:33,079 [INFO] Interpreted as: {'position': (17.88675729953684, 24.191570627503097), 'latlon': (42.3002217, -71.09979038333333), 'heading': 27.8, 'depth': 1.0, 'altitude': 10.0, 'roll': 0.0, 'pitch': 0.0, 'last_fix_time': datetime.datetime(2021, 7, 29, 13, 35, 30), 'speed': None, 'rudder': 0, 'datum': (42.3, -71.1)}
2021-07-29 14:35:33,080 [INFO] Processing: $BFNVG,133531.11,4218.013478,N,07105.987306,W,0,10.0,1.0,27.8,0.0,0.0,133531.11*67
2021-07-29 14:35:33,081 [INFO] Interpreted as: {'position': (18.055538185755722, 24.51332682929933), 'latlon': (42.300224633333336, -71.09978843333333), 'heading': 27.8, 'depth': 1.0, 'altitude': 10.0, 'roll': 0.0, 'pitch': 0.0, 'last_fix_time': datetime.datetime(2021, 7, 29, 13, 35, 31), 'speed': None, 'rudder': 0, 'datum': (42.3, -71.1)}
2021-07-29 14:35:33,082 [INFO] Processing: $BFNVG,133531.47,4218.013653,N,07105.987189,W,0,10.0,1.0,27.8,0.0,0.0,133531.47*69
2021-07-29 14:35:33,084 [INFO] Interpreted as: {'position': (18.224273387750145, 24.8332323404029), 'latlon': (42.30022755, -71.09978648333333), 'heading': 27.8, 'depth': 1.0, 'altitude': 10.0, 'roll': 0.0, 'pitch': 0.0, 'last_fix_time': datetime.datetime(2021, 7, 29, 13, 35, 31), 'speed': None, 'rudder': 0, 'datum': (42.3, -71.1)}
2021-07-29 14:35:33,086 [INFO] Processing: $BFNVG,133531.82,4218.013828,N,07105.987072,W,0,10.0,1.0,27.8,0.0,0.0,133531.82*6E
2021-07-29 14:35:33,087 [INFO] Interpreted as: {'position': (18.393008575309068, 25.15313785430044), 'latlon': (42.30023046666667, -71.09978453333333), 'heading': 27.8, 'depth': 1.0, 'altitude': 10.0, 'roll': 0.0, 'pitch': 0.0, 'last_fix_time': datetime.datetime(2021, 7, 29, 13, 35, 31), 'speed': None, 'rudder': 0, 'datum': (42.3, -71.1)}
2021-07-29 14:35:33,088 [INFO] Received from Frontseat: [b'$BFNVG,133530.76,4218.013302,N,07105.987423,W,0,10.0,1.0,27.8,0.0,0.0,133530.76*6D', b'$BFNVG,133531.11,4218.013478,N,07105.987306,W,0,10.0,1.0,27.8,0.0,0.0,133531.11*67', b'$BFNVG,133531.47,4218.013653,N,07105.987189,W,0,10.0,1.0,27.8,0.0,0.0,133531.47*69', b'$BFNVG,133531.82,4218.013828,N,07105.987072,W,0,10.0,1.0,27.8,0.0,0.0,133531.82*6E']
2021-07-29 14:35:33,089 [INFO] AUV state: {'position': (18.393008575309068, 25.15313785430044), 'latlon': (42.30023046666667, -71.09978453333333), 'heading': 27.8, 'depth': 1.0, 'altitude': 10.0, 'roll': 0.0, 'pitch': 0.0, 'last_fix_time': datetime.datetime(2021, 7, 29, 13, 35, 31), 'speed': None, 'rudder': 0, 'datum': (42.3, -71.1)}
2021-07-29 14:35:33,402 [INFO] Next green buoy (centers, angles): (array([], dtype=object), []), next red buoy (centers, angles): (array([], dtype=object), [])
2021-07-29 14:35:33,402 [INFO] Desired_heading: 27.800483492477294
2021-07-29 14:35:33,403 [INFO] delta angle: 0.0009669849545872466
2021-07-29 14:35:33,403 [INFO] sending message $BPRMB,133534.20,-0.0009669849545872466,1,0,1000,0,1*46
...
2021-07-29 14:35:34,405 [INFO] 35.209295988082886s of 1000s elapsed.
2021-07-29 14:35:34,405 [INFO] sending message $BPSTS,133534.40,1,BWSI Autonomy OK*43
...
2021-07-29 14:35:34,406 [INFO] Processing: $BFNVG,133532.17,4218.014005,N,07105.986954,W,0,10.0,1.0,27.8,0.0,0.0,133532.17*62
2021-07-29 14:35:34,408 [INFO] Interpreted as: {'position': (18.563208960345946, 25.476710863411427), 'latlon': (42.300233416666664, -71.09978256666666), 'heading': 27.8, 'depth': 1.0, 'altitude': 10.0, 'roll': 0.0, 'pitch': 0.0, 'last_fix_time': datetime.datetime(2021, 7, 29, 13, 35, 32), 'speed': None, 'rudder': 0, 'datum': (42.3, -71.1)}
2021-07-29 14:35:34,410 [INFO] Processing: $BFNVG,133532.54,4218.014186,N,07105.986833,W,0,10.0,1.0,27.8,0.0,0.0,133532.54*68
2021-07-29 14:35:34,412 [INFO] Interpreted as: {'position': (18.737713624723256, 25.80758496094495), 'latlon': (42.30023643333333, -71.09978055), 'heading': 27.8, 'depth': 1.0, 'altitude': 10.0, 'roll': 0.0, 'pitch': 0.0, 'last_fix_time': datetime.datetime(2021, 7, 29, 13, 35, 32), 'speed': None, 'rudder': 0, 'datum': (42.3, -71.1)}
2021-07-29 14:35:34,412 [INFO] Processing: $BFNVG,133532.89,4218.014364,N,07105.986714,W,0,10.0,1.0,27.8,0.0,0.0,133532.89*6C
2021-07-29 14:35:34,414 [INFO] Interpreted as: {'position': (18.909333522082306, 26.1329747736454), 'latlon': (42.3002394, -71.09977856666667), 'heading': 27.8, 'depth': 1.0, 'altitude': 10.0, 'roll': 0.0, 'pitch': 0.0, 'last_fix_time': datetime.datetime(2021, 7, 29, 13, 35, 32), 'speed': None, 'rudder': 0, 'datum': (42.3, -71.1)}
2021-07-29 14:35:34,415 [INFO] Processing: $BFNVG,133533.25,4218.014540,N,07105.986597,W,0,10.0,1.0,27.8,0.0,0.0,133533.25*65
2021-07-29 14:35:34,416 [INFO] Interpreted as: {'position': (19.07811431848677, 26.454731000587344), 'latlon': (42.30024233333334, -71.09977661666667), 'heading': 27.8, 'depth': 1.0, 'altitude': 10.0, 'roll': 0.0, 'pitch': 0.0, 'last_fix_time': datetime.datetime(2021, 7, 29, 13, 35, 33), 'speed': None, 'rudder': 0, 'datum': (42.3, -71.1)}
2021-07-29 14:35:34,417 [INFO] Received from Frontseat: [b'$BFNVG,133532.17,4218.014005,N,07105.986954,W,0,10.0,1.0,27.8,0.0,0.0,133532.17*62', b'$BFNVG,133532.54,4218.014186,N,07105.986833,W,0,10.0,1.0,27.8,0.0,0.0,133532.54*68', b'$BFNVG,133532.89,4218.014364,N,07105.986714,W,0,10.0,1.0,27.8,0.0,0.0,133532.89*6C', b'$BFNVG,133533.25,4218.014540,N,07105.986597,W,0,10.0,1.0,27.8,0.0,0.0,133533.25*65']
2021-07-29 14:35:34,418 [INFO] AUV state: {'position': (19.07811431848677, 26.454731000587344), 'latlon': (42.30024233333334, -71.09977661666667), 'heading': 27.8, 'depth': 1.0, 'altitude': 10.0, 'roll': 0.0, 'pitch': 0.0, 'last_fix_time': datetime.datetime(2021, 7, 29, 13, 35, 33), 'speed': None, 'rudder': 0, 'datum': (42.3, -71.1)}
2021-07-29 14:35:34,761 [INFO] Next green buoy (centers, angles): (array([], dtype=object), []), next red buoy (centers, angles): (array([], dtype=object), [])
2021-07-29 14:35:34,762 [INFO] Desired_heading: 27.800193396990917
2021-07-29 14:35:34,762 [INFO] delta angle: 0.0003867939818320565
2021-07-29 14:35:34,763 [INFO] sending message $BPRMB,133534.60,-0.0003867939818320565,1,0,1000,0,1*45
...
2021-07-29 14:35:35,764 [INFO] 35.60086488723755s of 1000s elapsed.
2021-07-29 14:35:35,765 [INFO] sending message $BPSTS,133535.76,1,BWSI Autonomy OK*47
...
2021-07-29 14:35:35,766 [INFO] Processing: $BFNVG,133533.60,4218.014717,N,07105.986479,W,0,10.0,1.0,27.8,0.0,0.0,133533.60*64
2021-07-29 14:35:35,768 [INFO] Interpreted as: {'position': (19.248314644326456, 26.778304026462138), 'latlon': (42.30024528333333, -71.09977465), 'heading': 27.8, 'depth': 1.0, 'altitude': 10.0, 'roll': 0.0, 'pitch': 0.0, 'last_fix_time': datetime.datetime(2021, 7, 29, 13, 35, 33), 'speed': None, 'rudder': 0, 'datum': (42.3, -71.1)}
2021-07-29 14:35:35,768 [INFO] Processing: $BFNVG,133533.99,4218.014908,N,07105.986351,W,0,10.0,1.0,27.8,0.0,0.0,133533.99*69
2021-07-29 14:35:35,770 [INFO] Interpreted as: {'position': (19.432893042336218, 27.127447802573442), 'latlon': (42.300248466666666, -71.09977251666666), 'heading': 27.8, 'depth': 1.0, 'altitude': 10.0, 'roll': 0.0, 'pitch': 0.0, 'last_fix_time': datetime.datetime(2021, 7, 29, 13, 35, 33), 'speed': None, 'rudder': 0, 'datum': (42.3, -71.1)}
2021-07-29 14:35:35,771 [INFO] Processing: $BFNVG,133534.38,4218.015106,N,07105.986219,W,0,10.0,1.0,27.8,0.0,0.0,133534.38*63
2021-07-29 14:35:35,773 [INFO] Interpreted as: {'position': (19.623286589281633, 27.489410855807364), 'latlon': (42.30025176666667, -71.09977031666666), 'heading': 27.8, 'depth': 1.0, 'altitude': 10.0, 'roll': 0.0, 'pitch': 0.0, 'last_fix_time': datetime.datetime(2021, 7, 29, 13, 35, 34), 'speed': None, 'rudder': 0, 'datum': (42.3, -71.1)}
2021-07-29 14:35:35,773 [INFO] Received from Frontseat: [b'$BFNVG,133533.60,4218.014717,N,07105.986479,W,0,10.0,1.0,27.8,0.0,0.0,133533.60*64', b'$BFNVG,133533.99,4218.014908,N,07105.986351,W,0,10.0,1.0,27.8,0.0,0.0,133533.99*69', b'$BFNVG,133534.38,4218.015106,N,07105.986219,W,0,10.0,1.0,27.8,0.0,0.0,133534.38*63']
2021-07-29 14:35:35,775 [INFO] AUV state: {'position': (19.623286589281633, 27.489410855807364), 'latlon': (42.30025176666667, -71.09977031666666), 'heading': 27.8, 'depth': 1.0, 'altitude': 10.0, 'roll': 0.0, 'pitch': 0.0, 'last_fix_time': datetime.datetime(2021, 7, 29, 13, 35, 34), 'speed': None, 'rudder': 0, 'datum': (42.3, -71.1)}
2021-07-29 14:35:36,068 [ERROR] An error occurred. The stack trace is below.
Traceback (most recent call last):
  File "BWSI_BackSeat.py", line 115, in run
    g_centers, r_centers, green, red = self.__buoy_detector.run(self.__auv_state)
  File "/home/pi/Baygulls/ChallengeCodePi/Image_Processor.py", line 191, in run
    g_centers, r_centers, green, red = self.detect_buoys(image)
  File "/home/pi/Baygulls/ChallengeCodePi/Image_Processor.py", line 112, in detect_buoys
    gfilt = cv2.boxFilter(img[:, :, 1], cv2.CV_32F, filter_size)
KeyboardInterrupt
