2021-07-29 14:39:38,620 [INFO] host = 192.168.1.213, port = 29500
2021-07-29 14:39:41,692 [INFO] sending message $BPLOG,ACK,ON*1e
...
2021-07-29 14:39:41,694 [INFO] sending message $BPLOG,ALL,ON*16
...
2021-07-29 14:39:41,695 [INFO] 0.0s of 1000s elapsed.
2021-07-29 14:39:41,696 [INFO] sending message $BPSTS,133941.69,1,BWSI Autonomy OK*46
...
2021-07-29 14:39:41,697 [INFO] Received from Frontseat: []
2021-07-29 14:39:41,697 [INFO] AUV state: {'position': (None, None), 'latlon': None, 'heading': None, 'depth': None, 'altitude': None, 'roll': None, 'pitch': None, 'last_fix_time': None, 'speed': None, 'rudder': 0}
2021-07-29 14:39:42,699 [INFO] 0.028390169143676758s of 1000s elapsed.
2021-07-29 14:39:42,701 [INFO] sending message $BPSTS,133942.70,1,BWSI Autonomy OK*4d
...
2021-07-29 14:39:42,702 [INFO] Processing: $BFNVG,133940.72,4218.000000,N,07106.000000,W,0,10.0,1.0,45.0,0.0,0.0,133940.72*62
2021-07-29 14:39:42,704 [INFO] Interpreted as: {'position': (0, 0), 'latlon': (42.3, -71.1), 'heading': 45.0, 'depth': 1.0, 'altitude': 10.0, 'roll': 0.0, 'pitch': 0.0, 'last_fix_time': datetime.datetime(2021, 7, 29, 13, 39, 40), 'speed': None, 'rudder': 0, 'datum': (42.3, -71.1)}
2021-07-29 14:39:42,706 [INFO] Processing: $BFNVG,133940.97,4218.000000,N,07106.000000,W,0,10.0,1.0,45.0,0.0,0.0,133940.97*62
2021-07-29 14:39:42,708 [INFO] Interpreted as: {'position': (0.0, 0.0), 'latlon': (42.3, -71.1), 'heading': 45.0, 'depth': 1.0, 'altitude': 10.0, 'roll': 0.0, 'pitch': 0.0, 'last_fix_time': datetime.datetime(2021, 7, 29, 13, 39, 40), 'speed': None, 'rudder': 0, 'datum': (42.3, -71.1)}
2021-07-29 14:39:42,709 [INFO] Processing: $BFNVG,133941.22,4218.000000,N,07106.000000,W,0,10.0,1.0,45.0,0.0,0.0,133941.22*62
2021-07-29 14:39:42,711 [INFO] Interpreted as: {'position': (0.0, 0.0), 'latlon': (42.3, -71.1), 'heading': 45.0, 'depth': 1.0, 'altitude': 10.0, 'roll': 0.0, 'pitch': 0.0, 'last_fix_time': datetime.datetime(2021, 7, 29, 13, 39, 41), 'speed': None, 'rudder': 0, 'datum': (42.3, -71.1)}
2021-07-29 14:39:42,712 [INFO] Processing: $BFNVG,133941.47,4218.000000,N,07106.000000,W,0,10.0,1.0,45.0,0.0,0.0,133941.47*62
2021-07-29 14:39:42,714 [INFO] Interpreted as: {'position': (0.0, 0.0), 'latlon': (42.3, -71.1), 'heading': 45.0, 'depth': 1.0, 'altitude': 10.0, 'roll': 0.0, 'pitch': 0.0, 'last_fix_time': datetime.datetime(2021, 7, 29, 13, 39, 41), 'speed': None, 'rudder': 0, 'datum': (42.3, -71.1)}
2021-07-29 14:39:42,715 [INFO] Processing: $BFNVG,133941.72,4218.000000,N,07106.000000,W,0,10.0,1.0,45.0,0.0,0.0,133941.72*62
2021-07-29 14:39:42,717 [INFO] Interpreted as: {'position': (0.0, 0.0), 'latlon': (42.3, -71.1), 'heading': 45.0, 'depth': 1.0, 'altitude': 10.0, 'roll': 0.0, 'pitch': 0.0, 'last_fix_time': datetime.datetime(2021, 7, 29, 13, 39, 41), 'speed': None, 'rudder': 0, 'datum': (42.3, -71.1)}
2021-07-29 14:39:42,718 [INFO] Received from Frontseat: [b'$BFNVG,133940.72,4218.000000,N,07106.000000,W,0,10.0,1.0,45.0,0.0,0.0,133940.72*62', b'$BFNVG,133940.97,4218.000000,N,07106.000000,W,0,10.0,1.0,45.0,0.0,0.0,133940.97*62', b'$BFNVG,133941.22,4218.000000,N,07106.000000,W,0,10.0,1.0,45.0,0.0,0.0,133941.22*62', b'$BFNVG,133941.47,4218.000000,N,07106.000000,W,0,10.0,1.0,45.0,0.0,0.0,133941.47*62', b'$BFNVG,133941.72,4218.000000,N,07106.000000,W,0,10.0,1.0,45.0,0.0,0.0,133941.72*62']
2021-07-29 14:39:42,719 [INFO] AUV state: {'position': (0.0, 0.0), 'latlon': (42.3, -71.1), 'heading': 45.0, 'depth': 1.0, 'altitude': 10.0, 'roll': 0.0, 'pitch': 0.0, 'last_fix_time': datetime.datetime(2021, 7, 29, 13, 39, 41), 'speed': None, 'rudder': 0, 'datum': (42.3, -71.1)}
2021-07-29 14:39:43,095 [INFO] Next green buoy (centers, angles): (array([[array([317.97058824, 168.64705882]), 112]], dtype=object), [(-0.21993023293121178, -7.6862156757158235)]), next red buoy (centers, angles): (array([[array([466., 172.]), 180]], dtype=object), [(15.437560812208067, -7.329055330858309)])
2021-07-29 14:39:43,096 [INFO] Desired_heading: 52.60881528963843
2021-07-29 14:39:43,096 [INFO] delta angle: 15.217630579276857
2021-07-29 14:39:43,097 [INFO] sending message $BPRMB,133943.69,-15.217630579276857,1,0,1000,0,1*78
...
2021-07-29 14:39:44,098 [INFO] 2.0097029209136963s of 1000s elapsed.
2021-07-29 14:39:44,099 [INFO] sending message $BPSTS,133944.09,1,BWSI Autonomy OK*45
...
2021-07-29 14:39:44,100 [INFO] Processing: $BFNVG,133942.13,4218.000000,N,07106.000000,W,0,10.0,1.0,45.0,0.0,0.0,133942.13*62
2021-07-29 14:39:44,102 [INFO] Interpreted as: {'position': (0.0, 0.0), 'latlon': (42.3, -71.1), 'heading': 45.0, 'depth': 1.0, 'altitude': 10.0, 'roll': 0.0, 'pitch': 0.0, 'last_fix_time': datetime.datetime(2021, 7, 29, 13, 39, 42), 'speed': None, 'rudder': 0, 'datum': (42.3, -71.1)}
2021-07-29 14:39:44,103 [INFO] Processing: $BFNVG,133942.47,4218.000000,N,07106.000000,W,0,10.0,1.0,45.0,0.0,0.0,133942.47*62
2021-07-29 14:39:44,104 [INFO] Interpreted as: {'position': (0.0, 0.0), 'latlon': (42.3, -71.1), 'heading': 45.0, 'depth': 1.0, 'altitude': 10.0, 'roll': 0.0, 'pitch': 0.0, 'last_fix_time': datetime.datetime(2021, 7, 29, 13, 39, 42), 'speed': None, 'rudder': 0, 'datum': (42.3, -71.1)}
2021-07-29 14:39:44,105 [INFO] Processing: $BFNVG,133942.81,4218.000000,N,07106.000000,W,0,10.0,1.0,45.0,0.0,0.0,133942.81*62
2021-07-29 14:39:44,107 [INFO] Interpreted as: {'position': (0.0, 0.0), 'latlon': (42.3, -71.1), 'heading': 45.0, 'depth': 1.0, 'altitude': 10.0, 'roll': 0.0, 'pitch': 0.0, 'last_fix_time': datetime.datetime(2021, 7, 29, 13, 39, 42), 'speed': None, 'rudder': 0, 'datum': (42.3, -71.1)}
2021-07-29 14:39:44,107 [INFO] Received from Frontseat: [b'$BFNVG,133942.13,4218.000000,N,07106.000000,W,0,10.0,1.0,45.0,0.0,0.0,133942.13*62', b'$BFNVG,133942.47,4218.000000,N,07106.000000,W,0,10.0,1.0,45.0,0.0,0.0,133942.47*62', b'$BFNVG,133942.81,4218.000000,N,07106.000000,W,0,10.0,1.0,45.0,0.0,0.0,133942.81*62']
2021-07-29 14:39:44,109 [INFO] AUV state: {'position': (0.0, 0.0), 'latlon': (42.3, -71.1), 'heading': 45.0, 'depth': 1.0, 'altitude': 10.0, 'roll': 0.0, 'pitch': 0.0, 'last_fix_time': datetime.datetime(2021, 7, 29, 13, 39, 42), 'speed': None, 'rudder': 0, 'datum': (42.3, -71.1)}
2021-07-29 14:39:44,478 [INFO] Next green buoy (centers, angles): (array([[array([317.96666667, 168.43333333]), 84]], dtype=object), [(-0.22035521470194389, -7.708961974233651)]), next red buoy (centers, angles): (array([[array([466.        , 171.95454545]), 180]], dtype=object), [(15.437560812208067, -7.333901112744751)])
2021-07-29 14:39:44,478 [INFO] Desired_heading: 52.60860279875306
2021-07-29 14:39:44,479 [INFO] delta angle: 15.217205597506123
2021-07-29 14:39:44,479 [INFO] sending message $BPRMB,133944.50,-15.217205597506123,1,0,1000,0,1*7d
...
2021-07-29 14:39:45,481 [INFO] 2.825927257537842s of 1000s elapsed.
2021-07-29 14:39:45,482 [INFO] sending message $BPSTS,133945.48,1,BWSI Autonomy OK*41
...
2021-07-29 14:39:45,483 [INFO] Processing: $BFNVG,133943.15,4218.000000,N,07106.000000,W,0,10.0,1.0,45.0,0.0,0.0,133943.15*62
2021-07-29 14:39:45,485 [INFO] Interpreted as: {'position': (0.0, 0.0), 'latlon': (42.3, -71.1), 'heading': 45.0, 'depth': 1.0, 'altitude': 10.0, 'roll': 0.0, 'pitch': 0.0, 'last_fix_time': datetime.datetime(2021, 7, 29, 13, 39, 43), 'speed': None, 'rudder': 0, 'datum': (42.3, -71.1)}
2021-07-29 14:39:45,486 [INFO] Processing: $BFNVG,133943.50,4218.000139,N,07105.999817,W,0,10.0,1.0,46.3,0.0,0.0,133943.50*6D
2021-07-29 14:39:45,488 [INFO] Interpreted as: {'position': (0.25776842003688216, 0.25104228034615517), 'latlon': (42.300002316666664, -71.09999695), 'heading': 46.3, 'depth': 1.0, 'altitude': 10.0, 'roll': 0.0, 'pitch': 0.0, 'last_fix_time': datetime.datetime(2021, 7, 29, 13, 39, 43), 'speed': None, 'rudder': 0, 'datum': (42.3, -71.1)}
2021-07-29 14:39:45,489 [INFO] Processing: $BFNVG,133943.85,4218.000275,N,07105.999630,W,0,10.0,1.0,47.7,0.0,0.0,133943.85*68
2021-07-29 14:39:45,491 [INFO] Interpreted as: {'position': (0.5208953268011101, 0.49639685917645693), 'latlon': (42.30000458333333, -71.09999383333333), 'heading': 47.7, 'depth': 1.0, 'altitude': 10.0, 'roll': 0.0, 'pitch': 0.0, 'last_fix_time': datetime.datetime(2021, 7, 29, 13, 39, 43), 'speed': None, 'rudder': 0, 'datum': (42.3, -71.1)}
2021-07-29 14:39:45,492 [INFO] Processing: $BFNVG,133944.21,4218.000411,N,07105.999434,W,0,10.0,1.0,49.0,0.0,0.0,133944.21*63
2021-07-29 14:39:45,494 [INFO] Interpreted as: {'position': (0.7963871322572231, 0.741446303203702), 'latlon': (42.30000685, -71.09999056666666), 'heading': 49.0, 'depth': 1.0, 'altitude': 10.0, 'roll': 0.0, 'pitch': 0.0, 'last_fix_time': datetime.datetime(2021, 7, 29, 13, 39, 44), 'speed': None, 'rudder': 0, 'datum': (42.3, -71.1)}
2021-07-29 14:39:45,495 [INFO] Received from Frontseat: [b'$BFNVG,133943.15,4218.000000,N,07106.000000,W,0,10.0,1.0,45.0,0.0,0.0,133943.15*62', b'$BFNVG,133943.50,4218.000139,N,07105.999817,W,0,10.0,1.0,46.3,0.0,0.0,133943.50*6D', b'$BFNVG,133943.85,4218.000275,N,07105.999630,W,0,10.0,1.0,47.7,0.0,0.0,133943.85*68', b'$BFNVG,133944.21,4218.000411,N,07105.999434,W,0,10.0,1.0,49.0,0.0,0.0,133944.21*63']
2021-07-29 14:39:45,496 [INFO] AUV state: {'position': (0.7963871322572231, 0.741446303203702), 'latlon': (42.30000685, -71.09999056666666), 'heading': 49.0, 'depth': 1.0, 'altitude': 10.0, 'roll': 0.0, 'pitch': 0.0, 'last_fix_time': datetime.datetime(2021, 7, 29, 13, 39, 44), 'speed': None, 'rudder': 0, 'datum': (42.3, -71.1)}
2021-07-29 14:39:45,837 [INFO] Next green buoy (centers, angles): (array([[array([272.73170732, 157.92682927]), 136]], dtype=object), [(-5.108973422350048, -8.823997658289024)]), next red buoy (centers, angles): (array([[array([443.5       , 160.48076923]), 253]], dtype=object), [(13.148171857762808, -8.553539100640469)])
2021-07-29 14:39:45,838 [INFO] Desired_heading: 53.01959921770638
2021-07-29 14:39:45,838 [INFO] delta angle: 8.039198435412757
2021-07-29 14:39:45,839 [INFO] sending message $BPRMB,133946.45,-8.039198435412757,1,0,1000,0,1*46
...
2021-07-29 14:39:46,840 [INFO] 4.774885892868042s of 1000s elapsed.
2021-07-29 14:39:46,841 [INFO] sending message $BPSTS,133946.84,1,BWSI Autonomy OK*42
...
2021-07-29 14:39:46,843 [INFO] Processing: $BFNVG,133944.55,4218.000538,N,07105.999242,W,0,10.0,1.0,50.3,0.0,0.0,133944.55*65
2021-07-29 14:39:46,845 [INFO] Interpreted as: {'position': (1.065972353797406, 0.9699751008301973), 'latlon': (42.30000896666667, -71.09998736666667), 'heading': 50.3, 'depth': 1.0, 'altitude': 10.0, 'roll': 0.0, 'pitch': 0.0, 'last_fix_time': datetime.datetime(2021, 7, 29, 13, 39, 44), 'speed': None, 'rudder': 0, 'datum': (42.3, -71.1)}
2021-07-29 14:39:46,846 [INFO] Processing: $BFNVG,133944.89,4218.000661,N,07105.999048,W,0,10.0,1.0,51.6,0.0,0.0,133944.89*66
2021-07-29 14:39:46,848 [INFO] Interpreted as: {'position': (1.3381226278143004, 1.1910333121195436), 'latlon': (42.300011016666666, -71.09998413333334), 'heading': 51.6, 'depth': 1.0, 'altitude': 10.0, 'roll': 0.0, 'pitch': 0.0, 'last_fix_time': datetime.datetime(2021, 7, 29, 13, 39, 44), 'speed': None, 'rudder': 0, 'datum': (42.3, -71.1)}
2021-07-29 14:39:46,849 [INFO] Processing: $BFNVG,133945.23,4218.000781,N,07105.998849,W,0,10.0,1.0,52.9,0.0,0.0,133945.23*6D
2021-07-29 14:39:46,851 [INFO] Interpreted as: {'position': (1.6170052672969177, 1.4063699189573526), 'latlon': (42.30001301666667, -71.09998081666667), 'heading': 52.9, 'depth': 1.0, 'altitude': 10.0, 'roll': 0.0, 'pitch': 0.0, 'last_fix_time': datetime.datetime(2021, 7, 29, 13, 39, 45), 'speed': None, 'rudder': 0, 'datum': (42.3, -71.1)}
2021-07-29 14:39:46,852 [INFO] Processing: $BFNVG,133945.58,4218.000898,N,07105.998647,W,0,10.0,1.0,54.2,0.0,0.0,133945.58*67
2021-07-29 14:39:46,854 [INFO] Interpreted as: {'position': (1.8998725173878483, 1.6160527300089598), 'latlon': (42.300014966666666, -71.09997745), 'heading': 54.2, 'depth': 1.0, 'altitude': 10.0, 'roll': 0.0, 'pitch': 0.0, 'last_fix_time': datetime.datetime(2021, 7, 29, 13, 39, 45), 'speed': None, 'rudder': 0, 'datum': (42.3, -71.1)}
2021-07-29 14:39:46,855 [INFO] Received from Frontseat: [b'$BFNVG,133944.55,4218.000538,N,07105.999242,W,0,10.0,1.0,50.3,0.0,0.0,133944.55*65', b'$BFNVG,133944.89,4218.000661,N,07105.999048,W,0,10.0,1.0,51.6,0.0,0.0,133944.89*66', b'$BFNVG,133945.23,4218.000781,N,07105.998849,W,0,10.0,1.0,52.9,0.0,0.0,133945.23*6D', b'$BFNVG,133945.58,4218.000898,N,07105.998647,W,0,10.0,1.0,54.2,0.0,0.0,133945.58*67']
2021-07-29 14:39:46,856 [INFO] AUV state: {'position': (1.8998725173878483, 1.6160527300089598), 'latlon': (42.300014966666666, -71.09997745), 'heading': 54.2, 'depth': 1.0, 'altitude': 10.0, 'roll': 0.0, 'pitch': 0.0, 'last_fix_time': datetime.datetime(2021, 7, 29, 13, 39, 45), 'speed': None, 'rudder': 0, 'datum': (42.3, -71.1)}
2021-07-29 14:39:47,231 [INFO] Next green buoy (centers, angles): (array([[array([201.19607843, 136.41176471]), 220]], dtype=object), [(-12.66464181410136, -11.08562668397302)]), next red buoy (centers, angles): (array([[array([413.71830986, 141.35211268]), 403]], dtype=object), [(10.052018393810231, -10.56912836968027)])
2021-07-29 14:39:47,231 [INFO] Desired_heading: 52.89368828985444
2021-07-29 14:39:47,232 [INFO] delta angle: -2.612623420291129
2021-07-29 14:39:47,232 [INFO] sending message $BPRMB,133947.22,2.612623420291129,1,0,1000,0,1*6f
...
2021-07-29 14:39:48,234 [INFO] 5.544970273971558s of 1000s elapsed.
2021-07-29 14:39:48,235 [INFO] sending message $BPSTS,133948.23,1,BWSI Autonomy OK*41
...
2021-07-29 14:39:48,237 [INFO] Processing: $BFNVG,133945.92,4218.001011,N,07105.998441,W,0,10.0,1.0,55.5,0.0,0.0,133945.92*6D
2021-07-29 14:39:48,239 [INFO] Interpreted as: {'position': (2.1880525778396986, 1.81819714512676), 'latlon': (42.30001685, -71.09997401666666), 'heading': 55.5, 'depth': 1.0, 'altitude': 10.0, 'roll': 0.0, 'pitch': 0.0, 'last_fix_time': datetime.datetime(2021, 7, 29, 13, 39, 45), 'speed': None, 'rudder': 0, 'datum': (42.3, -71.1)}
2021-07-29 14:39:48,240 [INFO] Processing: $BFNVG,133946.26,4218.001122,N,07105.998232,W,0,10.0,1.0,56.2,0.0,0.0,133946.26*6A
2021-07-29 14:39:48,242 [INFO] Interpreted as: {'position': (2.4802629210753366, 2.0165384644642472), 'latlon': (42.3000187, -71.09997053333333), 'heading': 56.2, 'depth': 1.0, 'altitude': 10.0, 'roll': 0.0, 'pitch': 0.0, 'last_fix_time': datetime.datetime(2021, 7, 29, 13, 39, 46), 'speed': None, 'rudder': 0, 'datum': (42.3, -71.1)}
2021-07-29 14:39:48,243 [INFO] Processing: $BFNVG,133946.60,4218.001231,N,07105.998021,W,0,10.0,1.0,56.9,0.0,0.0,133946.60*60
2021-07-29 14:39:48,244 [INFO] Interpreted as: {'position': (2.77512965927599, 2.2111105918884277), 'latlon': (42.30002051666666, -71.09996701666667), 'heading': 56.9, 'depth': 1.0, 'altitude': 10.0, 'roll': 0.0, 'pitch': 0.0, 'last_fix_time': datetime.datetime(2021, 7, 29, 13, 39, 46), 'speed': None, 'rudder': 0, 'datum': (42.3, -71.1)}
2021-07-29 14:39:48,245 [INFO] Processing: $BFNVG,133946.95,4218.001339,N,07105.997806,W,0,10.0,1.0,57.6,0.0,0.0,133946.95*65
2021-07-29 14:39:48,247 [INFO] Interpreted as: {'position': (3.0754462310578674, 2.4036964159458876), 'latlon': (42.30002231666667, -71.09996343333333), 'heading': 57.6, 'depth': 1.0, 'altitude': 10.0, 'roll': 0.0, 'pitch': 0.0, 'last_fix_time': datetime.datetime(2021, 7, 29, 13, 39, 46), 'speed': None, 'rudder': 0, 'datum': (42.3, -71.1)}
2021-07-29 14:39:48,248 [INFO] Received from Frontseat: [b'$BFNVG,133945.92,4218.001011,N,07105.998441,W,0,10.0,1.0,55.5,0.0,0.0,133945.92*6D', b'$BFNVG,133946.26,4218.001122,N,07105.998232,W,0,10.0,1.0,56.2,0.0,0.0,133946.26*6A', b'$BFNVG,133946.60,4218.001231,N,07105.998021,W,0,10.0,1.0,56.9,0.0,0.0,133946.60*60', b'$BFNVG,133946.95,4218.001339,N,07105.997806,W,0,10.0,1.0,57.6,0.0,0.0,133946.95*65']
2021-07-29 14:39:48,250 [INFO] AUV state: {'position': (3.0754462310578674, 2.4036964159458876), 'latlon': (42.30002231666667, -71.09996343333333), 'heading': 57.6, 'depth': 1.0, 'altitude': 10.0, 'roll': 0.0, 'pitch': 0.0, 'last_fix_time': datetime.datetime(2021, 7, 29, 13, 39, 46), 'speed': None, 'rudder': 0, 'datum': (42.3, -71.1)}
2021-07-29 14:39:48,639 [INFO] Next green buoy (centers, angles): (array([[array([117.28358209, 100.55223881]), 348]], dtype=object), [(-20.97819414577169, -14.775720080152333)]), next red buoy (centers, angles): (array([[array([402.20879121, 108.37362637]), 600]], dtype=object), [(8.838348702861769, -13.980382423879819)])
2021-07-29 14:39:48,640 [INFO] Desired_heading: 51.53007727854504
2021-07-29 14:39:48,640 [INFO] delta angle: -12.139845442909916
2021-07-29 14:39:48,641 [INFO] sending message $BPRMB,133949.24,12.139845442909916,1,0,1000,0,1*5c
...
2021-07-29 14:39:49,642 [INFO] 7.563003778457642s of 1000s elapsed.
2021-07-29 14:39:49,643 [INFO] sending message $BPSTS,133949.64,1,BWSI Autonomy OK*43
...
2021-07-29 14:39:49,644 [INFO] Processing: $BFNVG,133947.30,4218.001447,N,07105.997586,W,0,10.0,1.0,58.3,0.0,0.0,133947.30*64
2021-07-29 14:39:49,646 [INFO] Interpreted as: {'position': (3.3826321782544255, 2.596112731844187), 'latlon': (42.30002411666667, -71.09995976666667), 'heading': 58.3, 'depth': 1.0, 'altitude': 10.0, 'roll': 0.0, 'pitch': 0.0, 'last_fix_time': datetime.datetime(2021, 7, 29, 13, 39, 47), 'speed': None, 'rudder': 0, 'datum': (42.3, -71.1)}
2021-07-29 14:39:49,647 [INFO] Processing: $BFNVG,133947.65,4218.001554,N,07105.997366,W,0,10.0,1.0,58.1,0.0,0.0,133947.65*6D
2021-07-29 14:39:49,649 [INFO] Interpreted as: {'position': (3.6897724414011464, 2.7866783617064357), 'latlon': (42.3000259, -71.0999561), 'heading': 58.1, 'depth': 1.0, 'altitude': 10.0, 'roll': 0.0, 'pitch': 0.0, 'last_fix_time': datetime.datetime(2021, 7, 29, 13, 39, 47), 'speed': None, 'rudder': 0, 'datum': (42.3, -71.1)}
2021-07-29 14:39:49,650 [INFO] Processing: $BFNVG,133948.00,4218.001658,N,07105.997152,W,0,10.0,1.0,57.9,0.0,0.0,133948.00*60
2021-07-29 14:39:49,653 [INFO] Interpreted as: {'position': (3.9885323949274607, 2.9718953408300877), 'latlon': (42.300027633333336, -71.09995253333334), 'heading': 57.9, 'depth': 1.0, 'altitude': 10.0, 'roll': 0.0, 'pitch': 0.0, 'last_fix_time': datetime.datetime(2021, 7, 29, 13, 39, 48), 'speed': None, 'rudder': 0, 'datum': (42.3, -71.1)}
2021-07-29 14:39:49,654 [INFO] Processing: $BFNVG,133948.34,4218.001764,N,07105.996939,W,0,10.0,1.0,57.7,0.0,0.0,133948.34*64
2021-07-29 14:39:49,656 [INFO] Interpreted as: {'position': (4.286009799456224, 3.1608476284891367), 'latlon': (42.3000294, -71.09994898333333), 'heading': 57.7, 'depth': 1.0, 'altitude': 10.0, 'roll': 0.0, 'pitch': 0.0, 'last_fix_time': datetime.datetime(2021, 7, 29, 13, 39, 48), 'speed': None, 'rudder': 0, 'datum': (42.3, -71.1)}
2021-07-29 14:39:49,657 [INFO] Received from Frontseat: [b'$BFNVG,133947.30,4218.001447,N,07105.997586,W,0,10.0,1.0,58.3,0.0,0.0,133947.30*64', b'$BFNVG,133947.65,4218.001554,N,07105.997366,W,0,10.0,1.0,58.1,0.0,0.0,133947.65*6D', b'$BFNVG,133948.00,4218.001658,N,07105.997152,W,0,10.0,1.0,57.9,0.0,0.0,133948.00*60', b'$BFNVG,133948.34,4218.001764,N,07105.996939,W,0,10.0,1.0,57.7,0.0,0.0,133948.34*64']
2021-07-29 14:39:49,657 [INFO] AUV state: {'position': (4.286009799456224, 3.1608476284891367), 'latlon': (42.3000294, -71.09994898333333), 'heading': 57.7, 'depth': 1.0, 'altitude': 10.0, 'roll': 0.0, 'pitch': 0.0, 'last_fix_time': datetime.datetime(2021, 7, 29, 13, 39, 48), 'speed': None, 'rudder': 0, 'datum': (42.3, -71.1)}
2021-07-29 14:39:50,042 [INFO] Next green buoy (centers, angles): (array([], dtype=object), []), next red buoy (centers, angles): (array([[array([438.26315789,  41.2556391 ]), 1102],
       [array([159. , 193.5]), 56]], dtype=object), [(12.608842967012915, -20.601968410547762), (-16.936699857292624, -5.026361713210614)])
2021-07-29 14:39:50,042 [INFO] Desired_heading: 70.30884296701292
2021-07-29 14:39:50,043 [INFO] delta angle: 25
2021-07-29 14:39:50,043 [INFO] sending message $BPRMB,133950.04,-25,1,0,1000,0,1*6f
...
2021-07-29 14:39:51,045 [INFO] 8.360684394836426s of 1000s elapsed.
2021-07-29 14:39:51,047 [INFO] sending message $BPSTS,133951.04,1,BWSI Autonomy OK*4c
...
2021-07-29 14:39:51,048 [INFO] Processing: $BFNVG,133948.69,4218.001873,N,07105.996720,W,0,10.0,1.0,57.4,0.0,0.0,133948.69*68
2021-07-29 14:39:51,050 [INFO] Interpreted as: {'position': (4.591867470997386, 3.3551485957577825), 'latlon': (42.30003121666667, -71.09994533333334), 'heading': 57.4, 'depth': 1.0, 'altitude': 10.0, 'roll': 0.0, 'pitch': 0.0, 'last_fix_time': datetime.datetime(2021, 7, 29, 13, 39, 48), 'speed': None, 'rudder': 0, 'datum': (42.3, -71.1)}
2021-07-29 14:39:51,051 [INFO] Processing: $BFNVG,133949.04,4218.001984,N,07105.996503,W,0,10.0,1.0,56.4,0.0,0.0,133949.04*63
2021-07-29 14:39:51,054 [INFO] Interpreted as: {'position': (4.895068713056389, 3.5532187772914767), 'latlon': (42.300033066666664, -71.09994171666666), 'heading': 56.4, 'depth': 1.0, 'altitude': 10.0, 'roll': 0.0, 'pitch': 0.0, 'last_fix_time': datetime.datetime(2021, 7, 29, 13, 39, 49), 'speed': None, 'rudder': 0, 'datum': (42.3, -71.1)}
2021-07-29 14:39:51,055 [INFO] Processing: $BFNVG,133949.39,4218.002097,N,07105.996289,W,0,10.0,1.0,55.3,0.0,0.0,133949.39*6A
2021-07-29 14:39:51,057 [INFO] Interpreted as: {'position': (5.194239640084561, 3.7550920797511935), 'latlon': (42.30003495, -71.09993815), 'heading': 55.3, 'depth': 1.0, 'altitude': 10.0, 'roll': 0.0, 'pitch': 0.0, 'last_fix_time': datetime.datetime(2021, 7, 29, 13, 39, 49), 'speed': None, 'rudder': 0, 'datum': (42.3, -71.1)}
2021-07-29 14:39:51,058 [INFO] Processing: $BFNVG,133949.75,4218.002214,N,07105.996078,W,0,10.0,1.0,54.2,0.0,0.0,133949.75*6F
2021-07-29 14:39:51,060 [INFO] Interpreted as: {'position': (5.489471595501527, 3.96446989569813), 'latlon': (42.3000369, -71.09993463333333), 'heading': 54.2, 'depth': 1.0, 'altitude': 10.0, 'roll': 0.0, 'pitch': 0.0, 'last_fix_time': datetime.datetime(2021, 7, 29, 13, 39, 49), 'speed': None, 'rudder': 0, 'datum': (42.3, -71.1)}
2021-07-29 14:39:51,061 [INFO] Received from Frontseat: [b'$BFNVG,133948.69,4218.001873,N,07105.996720,W,0,10.0,1.0,57.4,0.0,0.0,133948.69*68', b'$BFNVG,133949.04,4218.001984,N,07105.996503,W,0,10.0,1.0,56.4,0.0,0.0,133949.04*63', b'$BFNVG,133949.39,4218.002097,N,07105.996289,W,0,10.0,1.0,55.3,0.0,0.0,133949.39*6A', b'$BFNVG,133949.75,4218.002214,N,07105.996078,W,0,10.0,1.0,54.2,0.0,0.0,133949.75*6F']
2021-07-29 14:39:51,062 [INFO] AUV state: {'position': (5.489471595501527, 3.96446989569813), 'latlon': (42.3000369, -71.09993463333333), 'heading': 54.2, 'depth': 1.0, 'altitude': 10.0, 'roll': 0.0, 'pitch': 0.0, 'last_fix_time': datetime.datetime(2021, 7, 29, 13, 39, 49), 'speed': None, 'rudder': 0, 'datum': (42.3, -71.1)}
2021-07-29 14:39:51,398 [INFO] Next green buoy (centers, angles): (array([], dtype=object), []), next red buoy (centers, angles): (array([[array([174.84615385, 186.5       ]), 63]], dtype=object), [(-15.35232398635553, -5.778230118300328)])
2021-07-29 14:39:51,398 [INFO] Desired_heading: 38.847676013644474
2021-07-29 14:39:51,399 [INFO] delta angle: -25
2021-07-29 14:39:51,399 [INFO] sending message $BPRMB,133952.05,25,1,0,1000,0,1*41
...
2021-07-29 14:39:52,401 [INFO] 10.36912751197815s of 1000s elapsed.
2021-07-29 14:39:52,403 [INFO] sending message $BPSTS,133952.40,1,BWSI Autonomy OK*4f
...
2021-07-29 14:39:52,404 [INFO] Processing: $BFNVG,133950.10,4218.002333,N,07105.995870,W,0,10.0,1.0,53.2,0.0,0.0,133950.10*6F
2021-07-29 14:39:52,407 [INFO] Interpreted as: {'position': (5.780673237517476, 4.177650828845799), 'latlon': (42.300038883333336, -71.09993116666666), 'heading': 53.2, 'depth': 1.0, 'altitude': 10.0, 'roll': 0.0, 'pitch': 0.0, 'last_fix_time': datetime.datetime(2021, 7, 29, 13, 39, 50), 'speed': None, 'rudder': 0, 'datum': (42.3, -71.1)}
2021-07-29 14:39:52,408 [INFO] Processing: $BFNVG,133950.45,4218.002454,N,07105.995656,W,0,10.0,1.0,55.4,0.0,0.0,133950.45*63
2021-07-29 14:39:52,410 [INFO] Interpreted as: {'position': (6.080209476174787, 4.394329742528498), 'latlon': (42.3000409, -71.0999276), 'heading': 55.4, 'depth': 1.0, 'altitude': 10.0, 'roll': 0.0, 'pitch': 0.0, 'last_fix_time': datetime.datetime(2021, 7, 29, 13, 39, 50), 'speed': None, 'rudder': 0, 'datum': (42.3, -71.1)}
2021-07-29 14:39:52,411 [INFO] Processing: $BFNVG,133950.82,4218.002569,N,07105.995433,W,0,10.0,1.0,57.7,0.0,0.0,133950.82*6C
2021-07-29 14:39:52,413 [INFO] Interpreted as: {'position': (6.391836583265103, 4.599599353037775), 'latlon': (42.30004281666667, -71.09992388333333), 'heading': 57.7, 'depth': 1.0, 'altitude': 10.0, 'roll': 0.0, 'pitch': 0.0, 'last_fix_time': datetime.datetime(2021, 7, 29, 13, 39, 50), 'speed': None, 'rudder': 0, 'datum': (42.3, -71.1)}
2021-07-29 14:39:52,414 [INFO] Processing: $BFNVG,133951.17,4218.002673,N,07105.995214,W,0,10.0,1.0,59.8,0.0,0.0,133951.17*66
2021-07-29 14:39:52,416 [INFO] Interpreted as: {'position': (6.697465782286599, 4.784646923653781), 'latlon': (42.30004455, -71.09992023333334), 'heading': 59.8, 'depth': 1.0, 'altitude': 10.0, 'roll': 0.0, 'pitch': 0.0, 'last_fix_time': datetime.datetime(2021, 7, 29, 13, 39, 51), 'speed': None, 'rudder': 0, 'datum': (42.3, -71.1)}
2021-07-29 14:39:52,417 [INFO] Received from Frontseat: [b'$BFNVG,133950.10,4218.002333,N,07105.995870,W,0,10.0,1.0,53.2,0.0,0.0,133950.10*6F', b'$BFNVG,133950.45,4218.002454,N,07105.995656,W,0,10.0,1.0,55.4,0.0,0.0,133950.45*63', b'$BFNVG,133950.82,4218.002569,N,07105.995433,W,0,10.0,1.0,57.7,0.0,0.0,133950.82*6C', b'$BFNVG,133951.17,4218.002673,N,07105.995214,W,0,10.0,1.0,59.8,0.0,0.0,133951.17*66']
2021-07-29 14:39:52,418 [INFO] AUV state: {'position': (6.697465782286599, 4.784646923653781), 'latlon': (42.30004455, -71.09992023333334), 'heading': 59.8, 'depth': 1.0, 'altitude': 10.0, 'roll': 0.0, 'pitch': 0.0, 'last_fix_time': datetime.datetime(2021, 7, 29, 13, 39, 51), 'speed': None, 'rudder': 0, 'datum': (42.3, -71.1)}
2021-07-29 14:39:52,772 [INFO] Next green buoy (centers, angles): (array([], dtype=object), []), next red buoy (centers, angles): (array([[array([ 92.        , 178.46666667]), 70]], dtype=object), [(-23.328121068060348, -6.6386194608916576)])
2021-07-29 14:39:52,773 [INFO] Desired_heading: 36.47187893193965
2021-07-29 14:39:52,774 [INFO] delta angle: -25
2021-07-29 14:39:52,774 [INFO] sending message $BPRMB,133952.75,25,1,0,1000,0,1*46
...
2021-07-29 14:39:53,776 [INFO] 11.073283672332764s of 1000s elapsed.
2021-07-29 14:39:53,777 [INFO] sending message $BPSTS,133953.77,1,BWSI Autonomy OK*4a
...
2021-07-29 14:39:53,778 [INFO] Processing: $BFNVG,133951.52,4218.002773,N,07105.994985,W,0,10.0,1.0,62.1,0.0,0.0,133951.52*64
2021-07-29 14:39:53,780 [INFO] Interpreted as: {'position': (7.016651071491651, 4.961952681653202), 'latlon': (42.300046216666665, -71.09991641666667), 'heading': 62.1, 'depth': 1.0, 'altitude': 10.0, 'roll': 0.0, 'pitch': 0.0, 'last_fix_time': datetime.datetime(2021, 7, 29, 13, 39, 51), 'speed': None, 'rudder': 0, 'datum': (42.3, -71.1)}
2021-07-29 14:39:53,781 [INFO] Processing: $BFNVG,133951.86,4218.002870,N,07105.994764,W,0,10.0,1.0,59.9,0.0,0.0,133951.86*69
2021-07-29 14:39:53,783 [INFO] Interpreted as: {'position': (7.324708303436637, 5.133977589197457), 'latlon': (42.30004783333333, -71.09991273333333), 'heading': 59.9, 'depth': 1.0, 'altitude': 10.0, 'roll': 0.0, 'pitch': 0.0, 'last_fix_time': datetime.datetime(2021, 7, 29, 13, 39, 51), 'speed': None, 'rudder': 0, 'datum': (42.3, -71.1)}
2021-07-29 14:39:53,784 [INFO] Processing: $BFNVG,133952.21,4218.002975,N,07105.994543,W,0,10.0,1.0,57.7,0.0,0.0,133952.21*6A
2021-07-29 14:39:53,786 [INFO] Interpreted as: {'position': (7.633130883215927, 5.320808091200888), 'latlon': (42.30004958333333, -71.09990905), 'heading': 57.7, 'depth': 1.0, 'altitude': 10.0, 'roll': 0.0, 'pitch': 0.0, 'last_fix_time': datetime.datetime(2021, 7, 29, 13, 39, 52), 'speed': None, 'rudder': 0, 'datum': (42.3, -71.1)}
2021-07-29 14:39:53,787 [INFO] Processing: $BFNVG,133952.56,4218.003085,N,07105.994329,W,0,10.0,1.0,55.6,0.0,0.0,133952.56*64
2021-07-29 14:39:53,790 [INFO] Interpreted as: {'position': (7.932164641679265, 5.51712941378355), 'latlon': (42.30005141666667, -71.09990548333333), 'heading': 55.6, 'depth': 1.0, 'altitude': 10.0, 'roll': 0.0, 'pitch': 0.0, 'last_fix_time': datetime.datetime(2021, 7, 29, 13, 39, 52), 'speed': None, 'rudder': 0, 'datum': (42.3, -71.1)}
2021-07-29 14:39:53,790 [INFO] Received from Frontseat: [b'$BFNVG,133951.52,4218.002773,N,07105.994985,W,0,10.0,1.0,62.1,0.0,0.0,133951.52*64', b'$BFNVG,133951.86,4218.002870,N,07105.994764,W,0,10.0,1.0,59.9,0.0,0.0,133951.86*69', b'$BFNVG,133952.21,4218.002975,N,07105.994543,W,0,10.0,1.0,57.7,0.0,0.0,133952.21*6A', b'$BFNVG,133952.56,4218.003085,N,07105.994329,W,0,10.0,1.0,55.6,0.0,0.0,133952.56*64']
2021-07-29 14:39:53,791 [INFO] AUV state: {'position': (7.932164641679265, 5.51712941378355), 'latlon': (42.30005141666667, -71.09990548333333), 'heading': 55.6, 'depth': 1.0, 'altitude': 10.0, 'roll': 0.0, 'pitch': 0.0, 'last_fix_time': datetime.datetime(2021, 7, 29, 13, 39, 52), 'speed': None, 'rudder': 0, 'datum': (42.3, -71.1)}
2021-07-29 14:39:54,133 [INFO] Next green buoy (centers, angles): (array([], dtype=object), []), next red buoy (centers, angles): (array([[array([ 96.54761905, 168.97619048]), 170],
       [array([236.33333333, 195.66666667]), 49]], dtype=object), [(-22.911273096654984, -7.651182207081807), (-8.992546772671396, -4.793276158759752)])
2021-07-29 14:39:54,133 [INFO] Desired_heading: 32.688726903345014
2021-07-29 14:39:54,134 [INFO] delta angle: -25
2021-07-29 14:39:54,134 [INFO] sending message $BPRMB,133954.79,25,1,0,1000,0,1*4c
...
2021-07-29 14:39:55,136 [INFO] 13.117403507232666s of 1000s elapsed.
2021-07-29 14:39:55,136 [INFO] sending message $BPSTS,133955.13,1,BWSI Autonomy OK*4e
...
2021-07-29 14:39:55,138 [INFO] Processing: $BFNVG,133952.91,4218.003201,N,07105.994122,W,0,10.0,1.0,53.4,0.0,0.0,133952.91*67
2021-07-29 14:39:55,140 [INFO] Interpreted as: {'position': (8.2218552568811, 5.7247922560200095), 'latlon': (42.30005335, -71.09990203333334), 'heading': 53.4, 'depth': 1.0, 'altitude': 10.0, 'roll': 0.0, 'pitch': 0.0, 'last_fix_time': datetime.datetime(2021, 7, 29, 13, 39, 52), 'speed': None, 'rudder': 0, 'datum': (42.3, -71.1)}
2021-07-29 14:39:55,141 [INFO] Processing: $BFNVG,133953.26,4218.003323,N,07105.993920,W,0,10.0,1.0,51.2,0.0,0.0,133953.26*6F
2021-07-29 14:39:55,142 [INFO] Interpreted as: {'position': (8.504950477159582, 5.943728808313608), 'latlon': (42.30005538333333, -71.09989866666666), 'heading': 51.2, 'depth': 1.0, 'altitude': 10.0, 'roll': 0.0, 'pitch': 0.0, 'last_fix_time': datetime.datetime(2021, 7, 29, 13, 39, 53), 'speed': None, 'rudder': 0, 'datum': (42.3, -71.1)}
2021-07-29 14:39:55,144 [INFO] Processing: $BFNVG,133953.60,4218.003450,N,07105.993725,W,0,10.0,1.0,49.0,0.0,0.0,133953.60*6C
2021-07-29 14:39:55,146 [INFO] Interpreted as: {'position': (8.778656881302595, 6.17215618211776), 'latlon': (42.3000575, -71.09989541666667), 'heading': 49.0, 'depth': 1.0, 'altitude': 10.0, 'roll': 0.0, 'pitch': 0.0, 'last_fix_time': datetime.datetime(2021, 7, 29, 13, 39, 53), 'speed': None, 'rudder': 0, 'datum': (42.3, -71.1)}
2021-07-29 14:39:55,147 [INFO] Processing: $BFNVG,133953.95,4218.003581,N,07105.993538,W,0,10.0,1.0,46.9,0.0,0.0,133953.95*69
2021-07-29 14:39:55,148 [INFO] Interpreted as: {'position': (9.041554918861948, 6.408257581293583), 'latlon': (42.30005968333333, -71.0998923), 'heading': 46.9, 'depth': 1.0, 'altitude': 10.0, 'roll': 0.0, 'pitch': 0.0, 'last_fix_time': datetime.datetime(2021, 7, 29, 13, 39, 53), 'speed': None, 'rudder': 0, 'datum': (42.3, -71.1)}
2021-07-29 14:39:55,149 [INFO] Received from Frontseat: [b'$BFNVG,133952.91,4218.003201,N,07105.994122,W,0,10.0,1.0,53.4,0.0,0.0,133952.91*67', b'$BFNVG,133953.26,4218.003323,N,07105.993920,W,0,10.0,1.0,51.2,0.0,0.0,133953.26*6F', b'$BFNVG,133953.60,4218.003450,N,07105.993725,W,0,10.0,1.0,49.0,0.0,0.0,133953.60*6C', b'$BFNVG,133953.95,4218.003581,N,07105.993538,W,0,10.0,1.0,46.9,0.0,0.0,133953.95*69']
2021-07-29 14:39:55,150 [INFO] AUV state: {'position': (9.041554918861948, 6.408257581293583), 'latlon': (42.30005968333333, -71.0998923), 'heading': 46.9, 'depth': 1.0, 'altitude': 10.0, 'roll': 0.0, 'pitch': 0.0, 'last_fix_time': datetime.datetime(2021, 7, 29, 13, 39, 53), 'speed': None, 'rudder': 0, 'datum': (42.3, -71.1)}
2021-07-29 14:39:55,508 [INFO] Next green buoy (centers, angles): (array([], dtype=object), []), next red buoy (centers, angles): (array([[array([147.5       , 153.42307692]), 231],
       [array([320.84615385, 189.5       ]), 63]], dtype=object), [(-18.070192931704963, -9.299967258596698), (0.09169926518224247, -5.456230045736979)])
2021-07-29 14:39:55,508 [INFO] Desired_heading: 28.829807068295036
2021-07-29 14:39:55,509 [INFO] delta angle: -25
2021-07-29 14:39:55,509 [INFO] sending message $BPRMB,133955.47,25,1,0,1000,0,1*40
...
2021-07-29 14:39:56,511 [INFO] 13.792621612548828s of 1000s elapsed.
2021-07-29 14:39:56,512 [INFO] sending message $BPSTS,133956.51,1,BWSI Autonomy OK*4b
...
2021-07-29 14:39:56,513 [INFO] Processing: $BFNVG,133954.29,4218.003718,N,07105.993358,W,0,10.0,1.0,44.7,0.0,0.0,133954.29*67
2021-07-29 14:39:56,515 [INFO] Interpreted as: {'position': (9.295109806000255, 6.65570049546659), 'latlon': (42.30006196666667, -71.0998893), 'heading': 44.7, 'depth': 1.0, 'altitude': 10.0, 'roll': 0.0, 'pitch': 0.0, 'last_fix_time': datetime.datetime(2021, 7, 29, 13, 39, 54), 'speed': None, 'rudder': 0, 'datum': (42.3, -71.1)}
2021-07-29 14:39:56,516 [INFO] Processing: $BFNVG,133954.64,4218.003861,N,07105.993183,W,0,10.0,1.0,42.6,0.0,0.0,133954.64*65
2021-07-29 14:39:56,518 [INFO] Interpreted as: {'position': (9.542069303570315, 6.914417115971446), 'latlon': (42.30006435, -71.09988638333333), 'heading': 42.6, 'depth': 1.0, 'altitude': 10.0, 'roll': 0.0, 'pitch': 0.0, 'last_fix_time': datetime.datetime(2021, 7, 29, 13, 39, 54), 'speed': None, 'rudder': 0, 'datum': (42.3, -71.1)}
2021-07-29 14:39:56,520 [INFO] Processing: $BFNVG,133954.98,4218.004009,N,07105.993015,W,0,10.0,1.0,40.4,0.0,0.0,133954.98*6A
2021-07-29 14:39:56,521 [INFO] Interpreted as: {'position': (9.779639980813954, 7.1826245514675975), 'latlon': (42.300066816666664, -71.09988358333334), 'heading': 40.4, 'depth': 1.0, 'altitude': 10.0, 'roll': 0.0, 'pitch': 0.0, 'last_fix_time': datetime.datetime(2021, 7, 29, 13, 39, 54), 'speed': None, 'rudder': 0, 'datum': (42.3, -71.1)}
2021-07-29 14:39:56,522 [INFO] Processing: $BFNVG,133955.33,4218.004161,N,07105.992856,W,0,10.0,1.0,38.2,0.0,0.0,133955.33*62
2021-07-29 14:39:56,524 [INFO] Interpreted as: {'position': (10.005028413899709, 7.458539913408458), 'latlon': (42.30006935, -71.09988093333334), 'heading': 38.2, 'depth': 1.0, 'altitude': 10.0, 'roll': 0.0, 'pitch': 0.0, 'last_fix_time': datetime.datetime(2021, 7, 29, 13, 39, 55), 'speed': None, 'rudder': 0, 'datum': (42.3, -71.1)}
2021-07-29 14:39:56,525 [INFO] Received from Frontseat: [b'$BFNVG,133954.29,4218.003718,N,07105.993358,W,0,10.0,1.0,44.7,0.0,0.0,133954.29*67', b'$BFNVG,133954.64,4218.003861,N,07105.993183,W,0,10.0,1.0,42.6,0.0,0.0,133954.64*65', b'$BFNVG,133954.98,4218.004009,N,07105.993015,W,0,10.0,1.0,40.4,0.0,0.0,133954.98*6A', b'$BFNVG,133955.33,4218.004161,N,07105.992856,W,0,10.0,1.0,38.2,0.0,0.0,133955.33*62']
2021-07-29 14:39:56,526 [INFO] AUV state: {'position': (10.005028413899709, 7.458539913408458), 'latlon': (42.30006935, -71.09988093333334), 'heading': 38.2, 'depth': 1.0, 'altitude': 10.0, 'roll': 0.0, 'pitch': 0.0, 'last_fix_time': datetime.datetime(2021, 7, 29, 13, 39, 55), 'speed': None, 'rudder': 0, 'datum': (42.3, -71.1)}
2021-07-29 14:39:56,859 [INFO] Next green buoy (centers, angles): (array([], dtype=object), []), next red buoy (centers, angles): (array([[array([202.70666667, 130.30666667]), 429],
       [array([417.24324324, 183.05405405]), 140]], dtype=object), [(-12.508710491495652, -11.72137657638414), (10.421955522430693, -6.147642434146003)])
2021-07-29 14:39:56,859 [INFO] Desired_heading: 25.69128950850435
2021-07-29 14:39:56,860 [INFO] delta angle: -25
2021-07-29 14:39:56,860 [INFO] sending message $BPRMB,133957.54,25,1,0,1000,0,1*40
...
2021-07-29 14:39:57,862 [INFO] 15.868226289749146s of 1000s elapsed.
2021-07-29 14:39:57,863 [INFO] sending message $BPSTS,133957.86,1,BWSI Autonomy OK*40
...
2021-07-29 14:39:57,865 [INFO] Processing: $BFNVG,133955.68,4218.004316,N,07105.992705,W,0,10.0,1.0,36.1,0.0,0.0,133955.68*64
2021-07-29 14:39:57,867 [INFO] Interpreted as: {'position': (10.219562812359072, 7.740278597921133), 'latlon': (42.300071933333335, -71.09987841666667), 'heading': 36.1, 'depth': 1.0, 'altitude': 10.0, 'roll': 0.0, 'pitch': 0.0, 'last_fix_time': datetime.datetime(2021, 7, 29, 13, 39, 55), 'speed': None, 'rudder': 0, 'datum': (42.3, -71.1)}
2021-07-29 14:39:57,869 [INFO] Processing: $BFNVG,133956.04,4218.004484,N,07105.992556,W,0,10.0,1.0,33.8,0.0,0.0,133956.04*60
2021-07-29 14:39:57,871 [INFO] Interpreted as: {'position': (10.431943142903037, 8.046144155785441), 'latlon': (42.30007473333333, -71.09987593333334), 'heading': 33.8, 'depth': 1.0, 'altitude': 10.0, 'roll': 0.0, 'pitch': 0.0, 'last_fix_time': datetime.datetime(2021, 7, 29, 13, 39, 56), 'speed': None, 'rudder': 0, 'datum': (42.3, -71.1)}
2021-07-29 14:39:57,872 [INFO] Processing: $BFNVG,133956.39,4218.004651,N,07105.992419,W,0,10.0,1.0,31.6,0.0,0.0,133956.39*6C
2021-07-29 14:39:57,873 [INFO] Interpreted as: {'position': (10.627791244653054, 8.350565860047936), 'latlon': (42.30007751666667, -71.09987365), 'heading': 31.6, 'depth': 1.0, 'altitude': 10.0, 'roll': 0.0, 'pitch': 0.0, 'last_fix_time': datetime.datetime(2021, 7, 29, 13, 39, 56), 'speed': None, 'rudder': 0, 'datum': (42.3, -71.1)}
2021-07-29 14:39:57,874 [INFO] Processing: $BFNVG,133956.74,4218.004819,N,07105.992293,W,0,10.0,1.0,29.4,0.0,0.0,133956.74*61
2021-07-29 14:39:57,876 [INFO] Interpreted as: {'position': (10.808572343143169, 8.657211197540164), 'latlon': (42.300080316666666, -71.09987155), 'heading': 29.4, 'depth': 1.0, 'altitude': 10.0, 'roll': 0.0, 'pitch': 0.0, 'last_fix_time': datetime.datetime(2021, 7, 29, 13, 39, 56), 'speed': None, 'rudder': 0, 'datum': (42.3, -71.1)}
2021-07-29 14:39:57,876 [INFO] Received from Frontseat: [b'$BFNVG,133955.68,4218.004316,N,07105.992705,W,0,10.0,1.0,36.1,0.0,0.0,133955.68*64', b'$BFNVG,133956.04,4218.004484,N,07105.992556,W,0,10.0,1.0,33.8,0.0,0.0,133956.04*60', b'$BFNVG,133956.39,4218.004651,N,07105.992419,W,0,10.0,1.0,31.6,0.0,0.0,133956.39*6C', b'$BFNVG,133956.74,4218.004819,N,07105.992293,W,0,10.0,1.0,29.4,0.0,0.0,133956.74*61']
2021-07-29 14:39:57,877 [INFO] AUV state: {'position': (10.808572343143169, 8.657211197540164), 'latlon': (42.300080316666666, -71.09987155), 'heading': 29.4, 'depth': 1.0, 'altitude': 10.0, 'roll': 0.0, 'pitch': 0.0, 'last_fix_time': datetime.datetime(2021, 7, 29, 13, 39, 56), 'speed': None, 'rudder': 0, 'datum': (42.3, -71.1)}
2021-07-29 14:39:58,251 [INFO] Next green buoy (centers, angles): (array([[array([442.1, 182.5]), 12]], dtype=object), [(13.00421742369043, -6.206991099074044)]), next red buoy (centers, angles): (array([[array([265.40566038,  87.79245283]), 736],
       [array([532.   , 174.075]), 160]], dtype=object), [(-5.895599239940766, -16.060716239591095), (21.85013590008935, -7.107734177304651)])
2021-07-29 14:39:58,252 [INFO] Desired_heading: 32.95430909187483
2021-07-29 14:39:58,253 [INFO] delta angle: 7.10861818374967
2021-07-29 14:39:58,253 [INFO] sending message $BPRMB,133958.17,-7.10861818374967,1,0,1000,0,1*7c
...
2021-07-29 14:39:59,255 [INFO] 16.495667934417725s of 1000s elapsed.
2021-07-29 14:39:59,263 [INFO] sending message $BPSTS,133959.26,1,BWSI Autonomy OK*44
...
2021-07-29 14:39:59,264 [INFO] Processing: $BFNVG,133957.08,4218.004989,N,07105.992176,W,0,10.0,1.0,27.3,0.0,0.0,133957.08*68
2021-07-29 14:39:59,266 [INFO] Interpreted as: {'position': (10.977079861331731, 8.967863061465323), 'latlon': (42.30008315, -71.0998696), 'heading': 27.3, 'depth': 1.0, 'altitude': 10.0, 'roll': 0.0, 'pitch': 0.0, 'last_fix_time': datetime.datetime(2021, 7, 29, 13, 39, 57), 'speed': None, 'rudder': 0, 'datum': (42.3, -71.1)}
2021-07-29 14:39:59,267 [INFO] Processing: $BFNVG,133957.42,4218.005162,N,07105.992068,W,0,10.0,1.0,25.1,0.0,0.0,133957.42*6A
2021-07-29 14:39:59,269 [INFO] Interpreted as: {'position': (11.133359474129975, 9.28437214717269), 'latlon': (42.300086033333336, -71.0998678), 'heading': 25.1, 'depth': 1.0, 'altitude': 10.0, 'roll': 0.0, 'pitch': 0.0, 'last_fix_time': datetime.datetime(2021, 7, 29, 13, 39, 57), 'speed': None, 'rudder': 0, 'datum': (42.3, -71.1)}
2021-07-29 14:39:59,270 [INFO] Processing: $BFNVG,133957.77,4218.005338,N,07105.991970,W,0,10.0,1.0,23.0,0.0,0.0,133957.77*63
2021-07-29 14:39:59,272 [INFO] Interpreted as: {'position': (11.276037302915938, 9.60677235480398), 'latlon': (42.300088966666664, -71.09986616666667), 'heading': 23.0, 'depth': 1.0, 'altitude': 10.0, 'roll': 0.0, 'pitch': 0.0, 'last_fix_time': datetime.datetime(2021, 7, 29, 13, 39, 57), 'speed': None, 'rudder': 0, 'datum': (42.3, -71.1)}
2021-07-29 14:39:59,274 [INFO] Processing: $BFNVG,133958.11,4218.005517,N,07105.991879,W,0,10.0,1.0,20.8,0.0,0.0,133958.11*6B
2021-07-29 14:39:59,276 [INFO] Interpreted as: {'position': (11.409234980703332, 9.934961977414787), 'latlon': (42.30009195, -71.09986465), 'heading': 20.8, 'depth': 1.0, 'altitude': 10.0, 'roll': 0.0, 'pitch': 0.0, 'last_fix_time': datetime.datetime(2021, 7, 29, 13, 39, 58), 'speed': None, 'rudder': 0, 'datum': (42.3, -71.1)}
2021-07-29 14:39:59,277 [INFO] Received from Frontseat: [b'$BFNVG,133957.08,4218.004989,N,07105.992176,W,0,10.0,1.0,27.3,0.0,0.0,133957.08*68', b'$BFNVG,133957.42,4218.005162,N,07105.992068,W,0,10.0,1.0,25.1,0.0,0.0,133957.42*6A', b'$BFNVG,133957.77,4218.005338,N,07105.991970,W,0,10.0,1.0,23.0,0.0,0.0,133957.77*63', b'$BFNVG,133958.11,4218.005517,N,07105.991879,W,0,10.0,1.0,20.8,0.0,0.0,133958.11*6B']
2021-07-29 14:39:59,278 [INFO] AUV state: {'position': (11.409234980703332, 9.934961977414787), 'latlon': (42.30009195, -71.09986465), 'heading': 20.8, 'depth': 1.0, 'altitude': 10.0, 'roll': 0.0, 'pitch': 0.0, 'last_fix_time': datetime.datetime(2021, 7, 29, 13, 39, 58), 'speed': None, 'rudder': 0, 'datum': (42.3, -71.1)}
2021-07-29 14:39:59,650 [INFO] Next green buoy (centers, angles): (array([[array([556.81818182, 173.63636364]), 12]], dtype=object), [(24.128997542926935, -7.154537481776966)]), next red buoy (centers, angles): (array([[array([347.        ,   5.44871795]), 864]], dtype=object), [(2.923502904436859, -23.924056169943196)])
2021-07-29 14:39:59,650 [INFO] Desired_heading: 34.326250223681896
2021-07-29 14:39:59,651 [INFO] delta angle: 25
2021-07-29 14:39:59,651 [INFO] sending message $BPRMB,134000.34,-25,1,0,1000,0,1*67
...
2021-07-29 14:40:00,653 [INFO] 18.666601181030273s of 1000s elapsed.
2021-07-29 14:40:00,654 [INFO] sending message $BPSTS,134000.65,1,BWSI Autonomy OK*41
...
2021-07-29 14:40:00,655 [INFO] Processing: $BFNVG,133958.45,4218.005698,N,07105.991799,W,0,10.0,1.0,18.7,0.0,0.0,133958.45*6A
2021-07-29 14:40:00,657 [INFO] Interpreted as: {'position': (11.527411330433097, 10.26722592767328), 'latlon': (42.30009496666667, -71.09986331666667), 'heading': 18.7, 'depth': 1.0, 'altitude': 10.0, 'roll': 0.0, 'pitch': 0.0, 'last_fix_time': datetime.datetime(2021, 7, 29, 13, 39, 58), 'speed': None, 'rudder': 0, 'datum': (42.3, -71.1)}
2021-07-29 14:40:00,658 [INFO] Processing: $BFNVG,133958.80,4218.005884,N,07105.991719,W,0,10.0,1.0,19.3,0.0,0.0,133958.80*64
2021-07-29 14:40:00,660 [INFO] Interpreted as: {'position': (11.645816018106416, 10.60874336399138), 'latlon': (42.30009806666666, -71.09986198333333), 'heading': 19.3, 'depth': 1.0, 'altitude': 10.0, 'roll': 0.0, 'pitch': 0.0, 'last_fix_time': datetime.datetime(2021, 7, 29, 13, 39, 58), 'speed': None, 'rudder': 0, 'datum': (42.3, -71.1)}
2021-07-29 14:40:00,661 [INFO] Processing: $BFNVG,133959.15,4218.006069,N,07105.991637,W,0,10.0,1.0,19.9,0.0,0.0,133959.15*6B
2021-07-29 14:40:00,663 [INFO] Interpreted as: {'position': (11.7669227772858, 10.94834230095148), 'latlon': (42.30010115, -71.09986061666666), 'heading': 19.9, 'depth': 1.0, 'altitude': 10.0, 'roll': 0.0, 'pitch': 0.0, 'last_fix_time': datetime.datetime(2021, 7, 29, 13, 39, 59), 'speed': None, 'rudder': 0, 'datum': (42.3, -71.1)}
2021-07-29 14:40:00,664 [INFO] Processing: $BFNVG,133959.51,4218.006256,N,07105.991551,W,0,10.0,1.0,20.6,0.0,0.0,133959.51*63
2021-07-29 14:40:00,666 [INFO] Interpreted as: {'position': (11.893616378540173, 11.291507023386657), 'latlon': (42.300104266666665, -71.09985918333334), 'heading': 20.6, 'depth': 1.0, 'altitude': 10.0, 'roll': 0.0, 'pitch': 0.0, 'last_fix_time': datetime.datetime(2021, 7, 29, 13, 39, 59), 'speed': None, 'rudder': 0, 'datum': (42.3, -71.1)}
2021-07-29 14:40:00,667 [INFO] Received from Frontseat: [b'$BFNVG,133958.45,4218.005698,N,07105.991799,W,0,10.0,1.0,18.7,0.0,0.0,133958.45*6A', b'$BFNVG,133958.80,4218.005884,N,07105.991719,W,0,10.0,1.0,19.3,0.0,0.0,133958.80*64', b'$BFNVG,133959.15,4218.006069,N,07105.991637,W,0,10.0,1.0,19.9,0.0,0.0,133959.15*6B', b'$BFNVG,133959.51,4218.006256,N,07105.991551,W,0,10.0,1.0,20.6,0.0,0.0,133959.51*63']
2021-07-29 14:40:00,668 [INFO] AUV state: {'position': (11.893616378540173, 11.291507023386657), 'latlon': (42.300104266666665, -71.09985918333334), 'heading': 20.6, 'depth': 1.0, 'altitude': 10.0, 'roll': 0.0, 'pitch': 0.0, 'last_fix_time': datetime.datetime(2021, 7, 29, 13, 39, 59), 'speed': None, 'rudder': 0, 'datum': (42.3, -71.1)}
2021-07-29 14:40:01,123 [INFO] Next green buoy (centers, angles): (array([[array([388.5       , 459.28571429]), 25],
       [array([403. , 459.6]), 12]], dtype=object), [(7.382353118690241, 22.527079503483495), (8.9220502473791, 22.556133821115868)]), next red buoy (centers, angles): (array([[array([402.46052632, 467.95      ]), 4002]], dtype=object), [(8.864983764240815, 23.32355202000787)])
2021-07-29 14:40:01,123 [INFO] Desired_heading: 28.723668441465527
2021-07-29 14:40:01,124 [INFO] delta angle: 16.24733688293105
2021-07-29 14:40:01,124 [INFO] sending message $BPRMB,134000.96,-16.24733688293105,1,0,1000,0,1*4a
...
2021-07-29 14:40:02,126 [INFO] 19.27847695350647s of 1000s elapsed.
2021-07-29 14:40:02,126 [INFO] sending message $BPSTS,134002.12,1,BWSI Autonomy OK*43
...
2021-07-29 14:40:02,127 [INFO] Processing: $BFNVG,133959.86,4218.006442,N,07105.991463,W,0,10.0,1.0,21.2,0.0,0.0,133959.86*65
2021-07-29 14:40:02,128 [INFO] Interpreted as: {'position': (12.023012052290142, 11.632753241807222), 'latlon': (42.300107366666666, -71.09985771666666), 'heading': 21.2, 'depth': 1.0, 'altitude': 10.0, 'roll': 0.0, 'pitch': 0.0, 'last_fix_time': datetime.datetime(2021, 7, 29, 13, 39, 59), 'speed': None, 'rudder': 0, 'datum': (42.3, -71.1)}
2021-07-29 14:40:02,128 [INFO] Processing: $BFNVG,134000.23,4218.006632,N,07105.991365,W,0,10.0,1.0,23.5,0.0,0.0,134000.23*64
2021-07-29 14:40:02,129 [INFO] Interpreted as: {'position': (12.16632916481467, 11.981063227169216), 'latlon': (42.30011053333333, -71.09985608333334), 'heading': 23.5, 'depth': 1.0, 'altitude': 10.0, 'roll': 0.0, 'pitch': 0.0, 'last_fix_time': datetime.datetime(2021, 7, 29, 13, 40), 'speed': None, 'rudder': 0, 'datum': (42.3, -71.1)}
2021-07-29 14:40:02,130 [INFO] Processing: $BFNVG,134000.58,4218.006812,N,07105.991260,W,0,10.0,1.0,25.7,0.0,0.0,134000.58*68
2021-07-29 14:40:02,131 [INFO] Interpreted as: {'position': (12.318806717463303, 12.310628924518824), 'latlon': (42.30011353333333, -71.09985433333334), 'heading': 25.7, 'depth': 1.0, 'altitude': 10.0, 'roll': 0.0, 'pitch': 0.0, 'last_fix_time': datetime.datetime(2021, 7, 29, 13, 40), 'speed': None, 'rudder': 0, 'datum': (42.3, -71.1)}
2021-07-29 14:40:02,131 [INFO] Processing: $BFNVG,134000.94,4218.006989,N,07105.991147,W,0,10.0,1.0,27.9,0.0,0.0,134000.94*61
2021-07-29 14:40:02,132 [INFO] Interpreted as: {'position': (12.482138268067501, 12.634371311403811), 'latlon': (42.30011648333333, -71.09985245), 'heading': 27.9, 'depth': 1.0, 'altitude': 10.0, 'roll': 0.0, 'pitch': 0.0, 'last_fix_time': datetime.datetime(2021, 7, 29, 13, 40), 'speed': None, 'rudder': 0, 'datum': (42.3, -71.1)}
2021-07-29 14:40:02,132 [INFO] Received from Frontseat: [b'$BFNVG,133959.86,4218.006442,N,07105.991463,W,0,10.0,1.0,21.2,0.0,0.0,133959.86*65', b'$BFNVG,134000.23,4218.006632,N,07105.991365,W,0,10.0,1.0,23.5,0.0,0.0,134000.23*64', b'$BFNVG,134000.58,4218.006812,N,07105.991260,W,0,10.0,1.0,25.7,0.0,0.0,134000.58*68', b'$BFNVG,134000.94,4218.006989,N,07105.991147,W,0,10.0,1.0,27.9,0.0,0.0,134000.94*61']
2021-07-29 14:40:02,133 [INFO] AUV state: {'position': (12.482138268067501, 12.634371311403811), 'latlon': (42.30011648333333, -71.09985245), 'heading': 27.9, 'depth': 1.0, 'altitude': 10.0, 'roll': 0.0, 'pitch': 0.0, 'last_fix_time': datetime.datetime(2021, 7, 29, 13, 40), 'speed': None, 'rudder': 0, 'datum': (42.3, -71.1)}
2021-07-29 14:40:02,482 [INFO] Next green buoy (centers, angles): (array([], dtype=object), []), next red buoy (centers, angles): (array([], dtype=object), [])
2021-07-29 14:40:02,482 [INFO] Desired_heading: 27.9
2021-07-29 14:40:02,483 [INFO] delta angle: 0.0
2021-07-29 14:40:02,483 [INFO] sending message $BPRMB,134003.29,-0.0,1,0,1000,0,1*41
...
2021-07-29 14:40:03,485 [INFO] 21.611773252487183s of 1000s elapsed.
2021-07-29 14:40:03,486 [INFO] sending message $BPSTS,134003.48,1,BWSI Autonomy OK*4d
...
2021-07-29 14:40:03,487 [INFO] Processing: $BFNVG,134001.29,4218.007165,N,07105.991023,W,0,10.0,1.0,30.2,0.0,0.0,134001.29*64
2021-07-29 14:40:03,489 [INFO] Interpreted as: {'position': (12.66053678264143, 12.955890078097582), 'latlon': (42.30011941666667, -71.09985038333333), 'heading': 30.2, 'depth': 1.0, 'altitude': 10.0, 'roll': 0.0, 'pitch': 0.0, 'last_fix_time': datetime.datetime(2021, 7, 29, 13, 40, 1), 'speed': None, 'rudder': 0, 'datum': (42.3, -71.1)}
2021-07-29 14:40:03,490 [INFO] Processing: $BFNVG,134001.65,4218.007336,N,07105.990893,W,0,10.0,1.0,31.6,0.0,0.0,134001.65*67
2021-07-29 14:40:03,492 [INFO] Interpreted as: {'position': (12.846950200211722, 13.267951944842935), 'latlon': (42.30012226666667, -71.09984821666667), 'heading': 31.6, 'depth': 1.0, 'altitude': 10.0, 'roll': 0.0, 'pitch': 0.0, 'last_fix_time': datetime.datetime(2021, 7, 29, 13, 40, 1), 'speed': None, 'rudder': 0, 'datum': (42.3, -71.1)}
2021-07-29 14:40:03,493 [INFO] Processing: $BFNVG,134002.00,4218.007505,N,07105.990757,W,0,10.0,1.0,33.0,0.0,0.0,134002.00*62
2021-07-29 14:40:03,495 [INFO] Interpreted as: {'position': (13.041515528806485, 13.576109007932246), 'latlon': (42.300125083333334, -71.09984595), 'heading': 33.0, 'depth': 1.0, 'altitude': 10.0, 'roll': 0.0, 'pitch': 0.0, 'last_fix_time': datetime.datetime(2021, 7, 29, 13, 40, 2), 'speed': None, 'rudder': 0, 'datum': (42.3, -71.1)}
2021-07-29 14:40:03,496 [INFO] Processing: $BFNVG,134002.35,4218.007671,N,07105.990616,W,0,10.0,1.0,34.5,0.0,0.0,134002.35*64
2021-07-29 14:40:03,499 [INFO] Interpreted as: {'position': (13.242813219840173, 13.878544472157955), 'latlon': (42.30012785, -71.0998436), 'heading': 34.5, 'depth': 1.0, 'altitude': 10.0, 'roll': 0.0, 'pitch': 0.0, 'last_fix_time': datetime.datetime(2021, 7, 29, 13, 40, 2), 'speed': None, 'rudder': 0, 'datum': (42.3, -71.1)}
2021-07-29 14:40:03,500 [INFO] Received from Frontseat: [b'$BFNVG,134001.29,4218.007165,N,07105.991023,W,0,10.0,1.0,30.2,0.0,0.0,134001.29*64', b'$BFNVG,134001.65,4218.007336,N,07105.990893,W,0,10.0,1.0,31.6,0.0,0.0,134001.65*67', b'$BFNVG,134002.00,4218.007505,N,07105.990757,W,0,10.0,1.0,33.0,0.0,0.0,134002.00*62', b'$BFNVG,134002.35,4218.007671,N,07105.990616,W,0,10.0,1.0,34.5,0.0,0.0,134002.35*64']
2021-07-29 14:40:03,501 [INFO] AUV state: {'position': (13.242813219840173, 13.878544472157955), 'latlon': (42.30012785, -71.0998436), 'heading': 34.5, 'depth': 1.0, 'altitude': 10.0, 'roll': 0.0, 'pitch': 0.0, 'last_fix_time': datetime.datetime(2021, 7, 29, 13, 40, 2), 'speed': None, 'rudder': 0, 'datum': (42.3, -71.1)}
2021-07-29 14:40:03,821 [INFO] Next green buoy (centers, angles): (array([], dtype=object), []), next red buoy (centers, angles): (array([], dtype=object), [])
2021-07-29 14:40:03,821 [INFO] Desired_heading: 34.5
2021-07-29 14:40:03,822 [INFO] delta angle: 0.0
2021-07-29 14:40:03,822 [INFO] sending message $BPRMB,134003.67,-0.0,1,0,1000,0,1*4b
...
2021-07-29 14:40:04,824 [INFO] 21.997550010681152s of 1000s elapsed.
2021-07-29 14:40:04,831 [INFO] sending message $BPSTS,134004.83,1,BWSI Autonomy OK*4d
...
2021-07-29 14:40:04,833 [INFO] Processing: $BFNVG,134002.71,4218.007834,N,07105.990468,W,0,10.0,1.0,35.9,0.0,0.0,134002.71*6D
2021-07-29 14:40:04,835 [INFO] Interpreted as: {'position': (13.453591028752271, 14.175190532580018), 'latlon': (42.30013056666667, -71.09984113333333), 'heading': 35.9, 'depth': 1.0, 'altitude': 10.0, 'roll': 0.0, 'pitch': 0.0, 'last_fix_time': datetime.datetime(2021, 7, 29, 13, 40, 2), 'speed': None, 'rudder': 0, 'datum': (42.3, -71.1)}
2021-07-29 14:40:04,836 [INFO] Processing: $BFNVG,134003.07,4218.007999,N,07105.990316,W,0,10.0,1.0,35.9,0.0,0.0,134003.07*65
2021-07-29 14:40:04,838 [INFO] Interpreted as: {'position': (13.669955663383007, 14.475402382202446), 'latlon': (42.30013331666667, -71.0998386), 'heading': 35.9, 'depth': 1.0, 'altitude': 10.0, 'roll': 0.0, 'pitch': 0.0, 'last_fix_time': datetime.datetime(2021, 7, 29, 13, 40, 3), 'speed': None, 'rudder': 0, 'datum': (42.3, -71.1)}
2021-07-29 14:40:04,839 [INFO] Processing: $BFNVG,134003.43,4218.008164,N,07105.990163,W,0,10.0,1.0,35.9,0.0,0.0,134003.43*60
2021-07-29 14:40:04,841 [INFO] Interpreted as: {'position': (13.887694159173407, 14.775580337271094), 'latlon': (42.30013606666667, -71.09983605), 'heading': 35.9, 'depth': 1.0, 'altitude': 10.0, 'roll': 0.0, 'pitch': 0.0, 'last_fix_time': datetime.datetime(2021, 7, 29, 13, 40, 3), 'speed': None, 'rudder': 0, 'datum': (42.3, -71.1)}
2021-07-29 14:40:04,843 [INFO] Processing: $BFNVG,134003.79,4218.008329,N,07105.990011,W,0,10.0,1.0,35.9,0.0,0.0,134003.79*6F
2021-07-29 14:40:04,845 [INFO] Interpreted as: {'position': (14.104058758006431, 15.075792200863361), 'latlon': (42.30013881666667, -71.09983351666666), 'heading': 35.9, 'depth': 1.0, 'altitude': 10.0, 'roll': 0.0, 'pitch': 0.0, 'last_fix_time': datetime.datetime(2021, 7, 29, 13, 40, 3), 'speed': None, 'rudder': 0, 'datum': (42.3, -71.1)}
2021-07-29 14:40:04,846 [INFO] Received from Frontseat: [b'$BFNVG,134002.71,4218.007834,N,07105.990468,W,0,10.0,1.0,35.9,0.0,0.0,134002.71*6D', b'$BFNVG,134003.07,4218.007999,N,07105.990316,W,0,10.0,1.0,35.9,0.0,0.0,134003.07*65', b'$BFNVG,134003.43,4218.008164,N,07105.990163,W,0,10.0,1.0,35.9,0.0,0.0,134003.43*60', b'$BFNVG,134003.79,4218.008329,N,07105.990011,W,0,10.0,1.0,35.9,0.0,0.0,134003.79*6F']
2021-07-29 14:40:04,847 [INFO] AUV state: {'position': (14.104058758006431, 15.075792200863361), 'latlon': (42.30013881666667, -71.09983351666666), 'heading': 35.9, 'depth': 1.0, 'altitude': 10.0, 'roll': 0.0, 'pitch': 0.0, 'last_fix_time': datetime.datetime(2021, 7, 29, 13, 40, 3), 'speed': None, 'rudder': 0, 'datum': (42.3, -71.1)}
2021-07-29 14:40:05,184 [INFO] Next green buoy (centers, angles): (array([], dtype=object), []), next red buoy (centers, angles): (array([], dtype=object), [])
2021-07-29 14:40:05,185 [INFO] Desired_heading: 35.9
2021-07-29 14:40:05,185 [INFO] delta angle: 0.0
2021-07-29 14:40:05,186 [INFO] sending message $BPRMB,134005.98,-0.0,1,0,1000,0,1*4d
...
2021-07-29 14:40:06,187 [INFO] 24.301626205444336s of 1000s elapsed.
2021-07-29 14:40:06,189 [INFO] sending message $BPSTS,134006.18,1,BWSI Autonomy OK*4d
...
2021-07-29 14:40:06,190 [INFO] Processing: $BFNVG,134004.15,4218.008495,N,07105.989857,W,0,10.0,1.0,35.9,0.0,0.0,134004.15*6D
2021-07-29 14:40:06,192 [INFO] Interpreted as: {'position': (14.32321676099673, 15.37778696231544), 'latlon': (42.300141583333335, -71.09983095), 'heading': 35.9, 'depth': 1.0, 'altitude': 10.0, 'roll': 0.0, 'pitch': 0.0, 'last_fix_time': datetime.datetime(2021, 7, 29, 13, 40, 4), 'speed': None, 'rudder': 0, 'datum': (42.3, -71.1)}
2021-07-29 14:40:06,193 [INFO] Processing: $BFNVG,134004.51,4218.008660,N,07105.989705,W,0,10.0,1.0,35.9,0.0,0.0,134004.51*6D
2021-07-29 14:40:06,195 [INFO] Interpreted as: {'position': (14.53958132409025, 15.6779988380149), 'latlon': (42.300144333333336, -71.09982841666667), 'heading': 35.9, 'depth': 1.0, 'altitude': 10.0, 'roll': 0.0, 'pitch': 0.0, 'last_fix_time': datetime.datetime(2021, 7, 29, 13, 40, 4), 'speed': None, 'rudder': 0, 'datum': (42.3, -71.1)}
2021-07-29 14:40:06,196 [INFO] Processing: $BFNVG,134004.86,4218.008822,N,07105.989555,W,0,10.0,1.0,35.9,0.0,0.0,134004.86*62
2021-07-29 14:40:06,199 [INFO] Interpreted as: {'position': (14.753061110852286, 15.972726432606578), 'latlon': (42.30014703333333, -71.09982591666666), 'heading': 35.9, 'depth': 1.0, 'altitude': 10.0, 'roll': 0.0, 'pitch': 0.0, 'last_fix_time': datetime.datetime(2021, 7, 29, 13, 40, 4), 'speed': None, 'rudder': 0, 'datum': (42.3, -71.1)}
2021-07-29 14:40:06,200 [INFO] Received from Frontseat: [b'$BFNVG,134004.15,4218.008495,N,07105.989857,W,0,10.0,1.0,35.9,0.0,0.0,134004.15*6D', b'$BFNVG,134004.51,4218.008660,N,07105.989705,W,0,10.0,1.0,35.9,0.0,0.0,134004.51*6D', b'$BFNVG,134004.86,4218.008822,N,07105.989555,W,0,10.0,1.0,35.9,0.0,0.0,134004.86*62']
2021-07-29 14:40:06,201 [INFO] AUV state: {'position': (14.753061110852286, 15.972726432606578), 'latlon': (42.30014703333333, -71.09982591666666), 'heading': 35.9, 'depth': 1.0, 'altitude': 10.0, 'roll': 0.0, 'pitch': 0.0, 'last_fix_time': datetime.datetime(2021, 7, 29, 13, 40, 4), 'speed': None, 'rudder': 0, 'datum': (42.3, -71.1)}
2021-07-29 14:40:06,540 [INFO] Next green buoy (centers, angles): (array([], dtype=object), []), next red buoy (centers, angles): (array([], dtype=object), [])
2021-07-29 14:40:06,541 [INFO] Desired_heading: 35.9
2021-07-29 14:40:06,541 [INFO] delta angle: 0.0
2021-07-29 14:40:06,542 [INFO] sending message $BPRMB,134006.39,-0.0,1,0,1000,0,1*45
...
2021-07-29 14:40:07,543 [INFO] 24.712745904922485s of 1000s elapsed.
2021-07-29 14:40:07,545 [INFO] sending message $BPSTS,134007.54,1,BWSI Autonomy OK*44
...
2021-07-29 14:40:07,546 [INFO] Processing: $BFNVG,134005.22,4218.008984,N,07105.989405,W,0,10.0,1.0,35.9,0.0,0.0,134005.22*6B
2021-07-29 14:40:07,548 [INFO] Interpreted as: {'position': (14.966540880384855, 16.26745403651148), 'latlon': (42.300149733333335, -71.09982341666667), 'heading': 35.9, 'depth': 1.0, 'altitude': 10.0, 'roll': 0.0, 'pitch': 0.0, 'last_fix_time': datetime.datetime(2021, 7, 29, 13, 40, 5), 'speed': None, 'rudder': 0, 'datum': (42.3, -71.1)}
2021-07-29 14:40:07,549 [INFO] Processing: $BFNVG,134005.57,4218.009147,N,07105.989254,W,0,10.0,1.0,35.9,0.0,0.0,134005.57*6F
2021-07-29 14:40:07,551 [INFO] Interpreted as: {'position': (15.181440177373588, 16.56399843748659), 'latlon': (42.30015245, -71.0998209), 'heading': 35.9, 'depth': 1.0, 'altitude': 10.0, 'roll': 0.0, 'pitch': 0.0, 'last_fix_time': datetime.datetime(2021, 7, 29, 13, 40, 5), 'speed': None, 'rudder': 0, 'datum': (42.3, -71.1)}
2021-07-29 14:40:07,552 [INFO] Processing: $BFNVG,134005.94,4218.009316,N,07105.989097,W,0,10.0,1.0,35.9,0.0,0.0,134005.94*64
2021-07-29 14:40:07,554 [INFO] Interpreted as: {'position': (15.404856725013815, 16.871443616226315), 'latlon': (42.300155266666664, -71.09981828333333), 'heading': 35.9, 'depth': 1.0, 'altitude': 10.0, 'roll': 0.0, 'pitch': 0.0, 'last_fix_time': datetime.datetime(2021, 7, 29, 13, 40, 5), 'speed': None, 'rudder': 0, 'datum': (42.3, -71.1)}
2021-07-29 14:40:07,555 [INFO] Processing: $BFNVG,134006.29,4218.009477,N,07105.988948,W,0,10.0,1.0,35.9,0.0,0.0,134006.29*6E
2021-07-29 14:40:07,557 [INFO] Interpreted as: {'position': (15.616916897241026, 17.164354440756142), 'latlon': (42.30015795, -71.0998158), 'heading': 35.9, 'depth': 1.0, 'altitude': 10.0, 'roll': 0.0, 'pitch': 0.0, 'last_fix_time': datetime.datetime(2021, 7, 29, 13, 40, 6), 'speed': None, 'rudder': 0, 'datum': (42.3, -71.1)}
2021-07-29 14:40:07,558 [INFO] Received from Frontseat: [b'$BFNVG,134005.22,4218.008984,N,07105.989405,W,0,10.0,1.0,35.9,0.0,0.0,134005.22*6B', b'$BFNVG,134005.57,4218.009147,N,07105.989254,W,0,10.0,1.0,35.9,0.0,0.0,134005.57*6F', b'$BFNVG,134005.94,4218.009316,N,07105.989097,W,0,10.0,1.0,35.9,0.0,0.0,134005.94*64', b'$BFNVG,134006.29,4218.009477,N,07105.988948,W,0,10.0,1.0,35.9,0.0,0.0,134006.29*6E']
2021-07-29 14:40:07,558 [INFO] AUV state: {'position': (15.616916897241026, 17.164354440756142), 'latlon': (42.30015795, -71.0998158), 'heading': 35.9, 'depth': 1.0, 'altitude': 10.0, 'roll': 0.0, 'pitch': 0.0, 'last_fix_time': datetime.datetime(2021, 7, 29, 13, 40, 6), 'speed': None, 'rudder': 0, 'datum': (42.3, -71.1)}
2021-07-29 14:40:07,873 [INFO] Next green buoy (centers, angles): (array([], dtype=object), []), next red buoy (centers, angles): (array([], dtype=object), [])
2021-07-29 14:40:07,873 [INFO] Desired_heading: 35.9
2021-07-29 14:40:07,874 [INFO] delta angle: 0.0
2021-07-29 14:40:07,874 [INFO] sending message $BPRMB,134008.69,-0.0,1,0,1000,0,1*4e
...
2021-07-29 14:40:08,876 [INFO] 27.01353120803833s of 1000s elapsed.
2021-07-29 14:40:08,877 [INFO] sending message $BPSTS,134008.87,1,BWSI Autonomy OK*45
...
2021-07-29 14:40:08,878 [INFO] Processing: $BFNVG,134006.65,4218.009640,N,07105.988797,W,0,10.0,1.0,35.9,0.0,0.0,134006.65*64
2021-07-29 14:40:08,880 [INFO] Interpreted as: {'position': (15.831816141260788, 17.460898861289024), 'latlon': (42.30016066666666, -71.09981328333333), 'heading': 35.9, 'depth': 1.0, 'altitude': 10.0, 'roll': 0.0, 'pitch': 0.0, 'last_fix_time': datetime.datetime(2021, 7, 29, 13, 40, 6), 'speed': None, 'rudder': 0, 'datum': (42.3, -71.1)}
2021-07-29 14:40:08,881 [INFO] Processing: $BFNVG,134007.02,4218.009810,N,07105.988640,W,0,10.0,1.0,35.9,0.0,0.0,134007.02*64
2021-07-29 14:40:08,883 [INFO] Interpreted as: {'position': (16.055278301995713, 17.77019475772977), 'latlon': (42.3001635, -71.09981066666667), 'heading': 35.9, 'depth': 1.0, 'altitude': 10.0, 'roll': 0.0, 'pitch': 0.0, 'last_fix_time': datetime.datetime(2021, 7, 29, 13, 40, 7), 'speed': None, 'rudder': 0, 'datum': (42.3, -71.1)}
2021-07-29 14:40:08,884 [INFO] Processing: $BFNVG,134007.38,4218.009975,N,07105.988488,W,0,10.0,1.0,35.9,0.0,0.0,134007.38*60
2021-07-29 14:40:08,886 [INFO] Interpreted as: {'position': (16.271642722538672, 18.07040668372065), 'latlon': (42.30016625, -71.09980813333334), 'heading': 35.9, 'depth': 1.0, 'altitude': 10.0, 'roll': 0.0, 'pitch': 0.0, 'last_fix_time': datetime.datetime(2021, 7, 29, 13, 40, 7), 'speed': None, 'rudder': 0, 'datum': (42.3, -71.1)}
2021-07-29 14:40:08,887 [INFO] Processing: $BFNVG,134007.75,4218.010143,N,07105.988332,W,0,10.0,1.0,35.9,0.0,0.0,134007.75*63
2021-07-29 14:40:08,889 [INFO] Interpreted as: {'position': (16.49363963387441, 18.376035099849105), 'latlon': (42.30016905, -71.09980553333334), 'heading': 35.9, 'depth': 1.0, 'altitude': 10.0, 'roll': 0.0, 'pitch': 0.0, 'last_fix_time': datetime.datetime(2021, 7, 29, 13, 40, 7), 'speed': None, 'rudder': 0, 'datum': (42.3, -71.1)}
2021-07-29 14:40:08,890 [INFO] Received from Frontseat: [b'$BFNVG,134006.65,4218.009640,N,07105.988797,W,0,10.0,1.0,35.9,0.0,0.0,134006.65*64', b'$BFNVG,134007.02,4218.009810,N,07105.988640,W,0,10.0,1.0,35.9,0.0,0.0,134007.02*64', b'$BFNVG,134007.38,4218.009975,N,07105.988488,W,0,10.0,1.0,35.9,0.0,0.0,134007.38*60', b'$BFNVG,134007.75,4218.010143,N,07105.988332,W,0,10.0,1.0,35.9,0.0,0.0,134007.75*63']
2021-07-29 14:40:08,891 [INFO] AUV state: {'position': (16.49363963387441, 18.376035099849105), 'latlon': (42.30016905, -71.09980553333334), 'heading': 35.9, 'depth': 1.0, 'altitude': 10.0, 'roll': 0.0, 'pitch': 0.0, 'last_fix_time': datetime.datetime(2021, 7, 29, 13, 40, 7), 'speed': None, 'rudder': 0, 'datum': (42.3, -71.1)}
2021-07-29 14:40:09,544 [INFO] Next green buoy (centers, angles): (array([], dtype=object), []), next red buoy (centers, angles): (array([], dtype=object), [])
2021-07-29 14:40:09,544 [INFO] Desired_heading: 35.9
2021-07-29 14:40:09,545 [INFO] delta angle: 0.0
2021-07-29 14:40:09,545 [INFO] sending message $BPRMB,134009.05,-0.0,1,0,1000,0,1*45
...
2021-07-29 14:40:10,547 [INFO] 27.377093076705933s of 1000s elapsed.
2021-07-29 14:40:10,554 [INFO] sending message $BPSTS,134010.55,1,BWSI Autonomy OK*43
...
2021-07-29 14:40:10,556 [INFO] Processing: $BFNVG,134008.10,4218.010306,N,07105.988181,W,0,10.0,1.0,35.9,0.0,0.0,134008.10*6A
2021-07-29 14:40:10,558 [INFO] Interpreted as: {'position': (16.70853880851064, 18.672579545527697), 'latlon': (42.300171766666665, -71.09980301666667), 'heading': 35.9, 'depth': 1.0, 'altitude': 10.0, 'roll': 0.0, 'pitch': 0.0, 'last_fix_time': datetime.datetime(2021, 7, 29, 13, 40, 8), 'speed': None, 'rudder': 0, 'datum': (42.3, -71.1)}
2021-07-29 14:40:10,559 [INFO] Processing: $BFNVG,134008.46,4218.010468,N,07105.988031,W,0,10.0,1.0,35.9,0.0,0.0,134008.46*6F
2021-07-29 14:40:10,561 [INFO] Interpreted as: {'position': (16.922018421813846, 18.967307202517986), 'latlon': (42.30017446666667, -71.09980051666666), 'heading': 35.9, 'depth': 1.0, 'altitude': 10.0, 'roll': 0.0, 'pitch': 0.0, 'last_fix_time': datetime.datetime(2021, 7, 29, 13, 40, 8), 'speed': None, 'rudder': 0, 'datum': (42.3, -71.1)}
2021-07-29 14:40:10,563 [INFO] Processing: $BFNVG,134008.81,4218.010630,N,07105.987881,W,0,10.0,1.0,35.9,0.0,0.0,134008.81*6C
2021-07-29 14:40:10,566 [INFO] Interpreted as: {'position': (17.135498013696633, 19.262034866027534), 'latlon': (42.300177166666664, -71.09979801666667), 'heading': 35.9, 'depth': 1.0, 'altitude': 10.0, 'roll': 0.0, 'pitch': 0.0, 'last_fix_time': datetime.datetime(2021, 7, 29, 13, 40, 8), 'speed': None, 'rudder': 0, 'datum': (42.3, -71.1)}
2021-07-29 14:40:10,568 [INFO] Processing: $BFNVG,134009.17,4218.010793,N,07105.987730,W,0,10.0,1.0,35.9,0.0,0.0,134009.17*61
2021-07-29 14:40:10,570 [INFO] Interpreted as: {'position': (17.350397136062384, 19.558579330332577), 'latlon': (42.300179883333335, -71.0997955), 'heading': 35.9, 'depth': 1.0, 'altitude': 10.0, 'roll': 0.0, 'pitch': 0.0, 'last_fix_time': datetime.datetime(2021, 7, 29, 13, 40, 9), 'speed': None, 'rudder': 0, 'datum': (42.3, -71.1)}
2021-07-29 14:40:10,571 [INFO] Processing: $BFNVG,134009.52,4218.010956,N,07105.987579,W,0,10.0,1.0,35.9,0.0,0.0,134009.52*69
2021-07-29 14:40:10,573 [INFO] Interpreted as: {'position': (17.56529623887036, 19.85512380115688), 'latlon': (42.3001826, -71.09979298333333), 'heading': 35.9, 'depth': 1.0, 'altitude': 10.0, 'roll': 0.0, 'pitch': 0.0, 'last_fix_time': datetime.datetime(2021, 7, 29, 13, 40, 9), 'speed': None, 'rudder': 0, 'datum': (42.3, -71.1)}
2021-07-29 14:40:10,574 [INFO] Received from Frontseat: [b'$BFNVG,134008.10,4218.010306,N,07105.988181,W,0,10.0,1.0,35.9,0.0,0.0,134008.10*6A', b'$BFNVG,134008.46,4218.010468,N,07105.988031,W,0,10.0,1.0,35.9,0.0,0.0,134008.46*6F', b'$BFNVG,134008.81,4218.010630,N,07105.987881,W,0,10.0,1.0,35.9,0.0,0.0,134008.81*6C', b'$BFNVG,134009.17,4218.010793,N,07105.987730,W,0,10.0,1.0,35.9,0.0,0.0,134009.17*61', b'$BFNVG,134009.52,4218.010956,N,07105.987579,W,0,10.0,1.0,35.9,0.0,0.0,134009.52*69']
2021-07-29 14:40:10,575 [INFO] AUV state: {'position': (17.56529623887036, 19.85512380115688), 'latlon': (42.3001826, -71.09979298333333), 'heading': 35.9, 'depth': 1.0, 'altitude': 10.0, 'roll': 0.0, 'pitch': 0.0, 'last_fix_time': datetime.datetime(2021, 7, 29, 13, 40, 9), 'speed': None, 'rudder': 0, 'datum': (42.3, -71.1)}
2021-07-29 14:40:10,898 [INFO] Next green buoy (centers, angles): (array([], dtype=object), []), next red buoy (centers, angles): (array([], dtype=object), [])
2021-07-29 14:40:10,899 [INFO] Desired_heading: 35.9
2021-07-29 14:40:10,899 [INFO] delta angle: 0.0
2021-07-29 14:40:10,899 [INFO] sending message $BPRMB,134012.05,-0.0,1,0,1000,0,1*4f
...
2021-07-29 14:40:11,901 [INFO] 30.3687961101532s of 1000s elapsed.
2021-07-29 14:40:11,902 [INFO] sending message $BPSTS,134011.90,1,BWSI Autonomy OK*4b
...
2021-07-29 14:40:11,903 [INFO] Processing: $BFNVG,134009.88,4218.011119,N,07105.987429,W,0,10.0,1.0,35.9,0.0,0.0,134009.88*6F
2021-07-29 14:40:11,906 [INFO] Interpreted as: {'position': (17.77882144844625, 20.151702178642154), 'latlon': (42.30018531666666, -71.09979048333334), 'heading': 35.9, 'depth': 1.0, 'altitude': 10.0, 'roll': 0.0, 'pitch': 0.0, 'last_fix_time': datetime.datetime(2021, 7, 29, 13, 40, 9), 'speed': None, 'rudder': 0, 'datum': (42.3, -71.1)}
2021-07-29 14:40:11,907 [INFO] Processing: $BFNVG,134010.23,4218.011280,N,07105.987280,W,0,10.0,1.0,35.9,0.0,0.0,134010.23*69
2021-07-29 14:40:11,910 [INFO] Interpreted as: {'position': (17.99088142963592, 20.44461307208985), 'latlon': (42.300188, -71.099788), 'heading': 35.9, 'depth': 1.0, 'altitude': 10.0, 'roll': 0.0, 'pitch': 0.0, 'last_fix_time': datetime.datetime(2021, 7, 29, 13, 40, 10), 'speed': None, 'rudder': 0, 'datum': (42.3, -71.1)}
2021-07-29 14:40:11,911 [INFO] Processing: $BFNVG,134010.58,4218.011441,N,07105.987131,W,0,10.0,1.0,35.9,0.0,0.0,134010.58*6B
2021-07-29 14:40:11,914 [INFO] Interpreted as: {'position': (18.20294139382895, 20.73752397019416), 'latlon': (42.300190683333334, -71.09978551666667), 'heading': 35.9, 'depth': 1.0, 'altitude': 10.0, 'roll': 0.0, 'pitch': 0.0, 'last_fix_time': datetime.datetime(2021, 7, 29, 13, 40, 10), 'speed': None, 'rudder': 0, 'datum': (42.3, -71.1)}
2021-07-29 14:40:11,915 [INFO] Received from Frontseat: [b'$BFNVG,134009.88,4218.011119,N,07105.987429,W,0,10.0,1.0,35.9,0.0,0.0,134009.88*6F', b'$BFNVG,134010.23,4218.011280,N,07105.987280,W,0,10.0,1.0,35.9,0.0,0.0,134010.23*69', b'$BFNVG,134010.58,4218.011441,N,07105.987131,W,0,10.0,1.0,35.9,0.0,0.0,134010.58*6B']
2021-07-29 14:40:11,916 [INFO] AUV state: {'position': (18.20294139382895, 20.73752397019416), 'latlon': (42.300190683333334, -71.09978551666667), 'heading': 35.9, 'depth': 1.0, 'altitude': 10.0, 'roll': 0.0, 'pitch': 0.0, 'last_fix_time': datetime.datetime(2021, 7, 29, 13, 40, 10), 'speed': None, 'rudder': 0, 'datum': (42.3, -71.1)}
2021-07-29 14:40:12,253 [INFO] Next green buoy (centers, angles): (array([], dtype=object), []), next red buoy (centers, angles): (array([], dtype=object), [])
2021-07-29 14:40:12,254 [INFO] Desired_heading: 35.9
2021-07-29 14:40:12,254 [INFO] delta angle: 0.0
2021-07-29 14:40:12,255 [INFO] sending message $BPRMB,134011.75,-0.0,1,0,1000,0,1*4b
...
2021-07-29 14:40:13,256 [INFO] 30.072903156280518s of 1000s elapsed.
2021-07-29 14:40:13,258 [INFO] sending message $BPSTS,134013.25,1,BWSI Autonomy OK*47
...
2021-07-29 14:40:13,259 [INFO] Processing: $BFNVG,134010.93,4218.011601,N,07105.986982,W,0,10.0,1.0,35.9,0.0,0.0,134010.93*6C
2021-07-29 14:40:13,261 [INFO] Interpreted as: {'position': (18.41495567333186, 21.028584177605808), 'latlon': (42.30019335, -71.09978303333334), 'heading': 35.9, 'depth': 1.0, 'altitude': 10.0, 'roll': 0.0, 'pitch': 0.0, 'last_fix_time': datetime.datetime(2021, 7, 29, 13, 40, 10), 'speed': None, 'rudder': 0, 'datum': (42.3, -71.1)}
2021-07-29 14:40:13,262 [INFO] Processing: $BFNVG,134011.28,4218.011763,N,07105.986832,W,0,10.0,1.0,35.9,0.0,0.0,134011.28*63
2021-07-29 14:40:13,264 [INFO] Interpreted as: {'position': (18.628435146412812, 21.32331188302487), 'latlon': (42.30019605, -71.09978053333333), 'heading': 35.9, 'depth': 1.0, 'altitude': 10.0, 'roll': 0.0, 'pitch': 0.0, 'last_fix_time': datetime.datetime(2021, 7, 29, 13, 40, 11), 'speed': None, 'rudder': 0, 'datum': (42.3, -71.1)}
2021-07-29 14:40:13,266 [INFO] Processing: $BFNVG,134011.63,4218.011923,N,07105.986684,W,0,10.0,1.0,35.9,0.0,0.0,134011.63*6A
2021-07-29 14:40:13,268 [INFO] Interpreted as: {'position': (18.8390755164437, 21.614406004548073), 'latlon': (42.300198716666664, -71.09977806666667), 'heading': 35.9, 'depth': 1.0, 'altitude': 10.0, 'roll': 0.0, 'pitch': 0.0, 'last_fix_time': datetime.datetime(2021, 7, 29, 13, 40, 11), 'speed': None, 'rudder': 0, 'datum': (42.3, -71.1)}
2021-07-29 14:40:13,268 [INFO] Processing: $BFNVG,134011.98,4218.012084,N,07105.986536,W,0,10.0,1.0,35.9,0.0,0.0,134011.98*67
2021-07-29 14:40:13,270 [INFO] Interpreted as: {'position': (19.04976153699681, 21.90735082793981), 'latlon': (42.3002014, -71.0997756), 'heading': 35.9, 'depth': 1.0, 'altitude': 10.0, 'roll': 0.0, 'pitch': 0.0, 'last_fix_time': datetime.datetime(2021, 7, 29, 13, 40, 11), 'speed': None, 'rudder': 0, 'datum': (42.3, -71.1)}
2021-07-29 14:40:13,271 [INFO] Received from Frontseat: [b'$BFNVG,134010.93,4218.011601,N,07105.986982,W,0,10.0,1.0,35.9,0.0,0.0,134010.93*6C', b'$BFNVG,134011.28,4218.011763,N,07105.986832,W,0,10.0,1.0,35.9,0.0,0.0,134011.28*63', b'$BFNVG,134011.63,4218.011923,N,07105.986684,W,0,10.0,1.0,35.9,0.0,0.0,134011.63*6A', b'$BFNVG,134011.98,4218.012084,N,07105.986536,W,0,10.0,1.0,35.9,0.0,0.0,134011.98*67']
2021-07-29 14:40:13,272 [INFO] AUV state: {'position': (19.04976153699681, 21.90735082793981), 'latlon': (42.3002014, -71.0997756), 'heading': 35.9, 'depth': 1.0, 'altitude': 10.0, 'roll': 0.0, 'pitch': 0.0, 'last_fix_time': datetime.datetime(2021, 7, 29, 13, 40, 11), 'speed': None, 'rudder': 0, 'datum': (42.3, -71.1)}
2021-07-29 14:40:13,609 [INFO] Next green buoy (centers, angles): (array([], dtype=object), []), next red buoy (centers, angles): (array([], dtype=object), [])
2021-07-29 14:40:13,609 [INFO] Desired_heading: 35.9
2021-07-29 14:40:13,610 [INFO] delta angle: 0.0
2021-07-29 14:40:13,610 [INFO] sending message $BPRMB,134014.76,-0.0,1,0,1000,0,1*4d
...
2021-07-29 14:40:14,204 [ERROR] An error occurred. The stack trace is below.
Traceback (most recent call last):
  File "BWSI_BackSeat.py", line 130, in run
    time.sleep(1 / self.__warp)
KeyboardInterrupt
