2021-07-28 16:44:33,160 [INFO] host = 192.168.1.213, port = 29500
2021-07-28 16:44:34,179 [INFO] sending message $BPLOG,ACK,ON*1e
...
2021-07-28 16:44:34,180 [INFO] sending message $BPLOG,ALL,ON*16
...
2021-07-28 16:44:34,181 [INFO] sending message $BPSTS,154434.18,1,BWSI Autonomy OK*4e
...
2021-07-28 16:44:34,182 [INFO] Received from Frontseat: []
2021-07-28 16:44:34,183 [INFO] AUV state: {'position': (None, None), 'latlon': None, 'heading': None, 'depth': None, 'altitude': None, 'roll': None, 'pitch': None, 'last_fix_time': None, 'speed': None, 'rudder': 0}
2021-07-28 16:44:35,185 [INFO] sending message $BPSTS,154435.18,1,BWSI Autonomy OK*4f
...
2021-07-28 16:44:35,186 [INFO] Processing: $BFNVG,154434.07,4218.000000,N,07106.000000,W,0,10.0,1.0,45.0,0.0,0.0,154434.07*62
2021-07-28 16:44:35,188 [INFO] Interpreted as: {'position': (0, 0), 'latlon': (42.3, -71.1), 'heading': 45.0, 'depth': 1.0, 'altitude': 10.0, 'roll': 0.0, 'pitch': 0.0, 'last_fix_time': datetime.datetime(2021, 7, 28, 15, 44, 34), 'speed': None, 'rudder': 0, 'datum': (42.3, -71.1)}
2021-07-28 16:44:35,189 [INFO] Processing: $BFNVG,154434.32,4218.000000,N,07106.000000,W,0,10.0,1.0,45.0,0.0,0.0,154434.32*62
2021-07-28 16:44:35,192 [INFO] Interpreted as: {'position': (0.0, 0.0), 'latlon': (42.3, -71.1), 'heading': 45.0, 'depth': 1.0, 'altitude': 10.0, 'roll': 0.0, 'pitch': 0.0, 'last_fix_time': datetime.datetime(2021, 7, 28, 15, 44, 34), 'speed': None, 'rudder': 0, 'datum': (42.3, -71.1)}
2021-07-28 16:44:35,192 [INFO] Processing: $BFNVG,154434.74,4218.000000,N,07106.000000,W,0,10.0,1.0,45.0,0.0,0.0,154434.74*62
2021-07-28 16:44:35,194 [INFO] Interpreted as: {'position': (0.0, 0.0), 'latlon': (42.3, -71.1), 'heading': 45.0, 'depth': 1.0, 'altitude': 10.0, 'roll': 0.0, 'pitch': 0.0, 'last_fix_time': datetime.datetime(2021, 7, 28, 15, 44, 34), 'speed': None, 'rudder': 0, 'datum': (42.3, -71.1)}
2021-07-28 16:44:35,195 [INFO] Received from Frontseat: [b'$BFNVG,154434.07,4218.000000,N,07106.000000,W,0,10.0,1.0,45.0,0.0,0.0,154434.07*62', b'$BFNVG,154434.32,4218.000000,N,07106.000000,W,0,10.0,1.0,45.0,0.0,0.0,154434.32*62', b'$BFNVG,154434.74,4218.000000,N,07106.000000,W,0,10.0,1.0,45.0,0.0,0.0,154434.74*62']
2021-07-28 16:44:35,196 [INFO] AUV state: {'position': (0.0, 0.0), 'latlon': (42.3, -71.1), 'heading': 45.0, 'depth': 1.0, 'altitude': 10.0, 'roll': 0.0, 'pitch': 0.0, 'last_fix_time': datetime.datetime(2021, 7, 28, 15, 44, 34), 'speed': None, 'rudder': 0, 'datum': (42.3, -71.1)}
2021-07-28 16:44:35,581 [INFO] **** [(-0.21993023293121178, -7.6862156757158235)] [(15.437560812208067, -7.329055330858309)]
2021-07-28 16:44:35,583 [INFO] Next green buoy: [(-0.21993023293121178, -7.6862156757158235)], next red buoy: [(15.437560812208067, -7.329055330858309)]
2021-07-28 16:44:35,584 [INFO] Desired_heading: 52.60881528963843
2021-07-28 16:44:35,584 [INFO] sending message $BPRMB,154436.17,-25,,,1000,0,1*60
...
2021-07-28 16:44:36,586 [INFO] sending message $BPSTS,154436.58,1,BWSI Autonomy OK*48
...
2021-07-28 16:44:36,586 [INFO] Processing: $BFNVG,154435.11,4218.000000,N,07106.000000,W,0,10.0,1.0,45.0,0.0,0.0,154435.11*62
2021-07-28 16:44:36,587 [INFO] Interpreted as: {'position': (0.0, 0.0), 'latlon': (42.3, -71.1), 'heading': 45.0, 'depth': 1.0, 'altitude': 10.0, 'roll': 0.0, 'pitch': 0.0, 'last_fix_time': datetime.datetime(2021, 7, 28, 15, 44, 35), 'speed': None, 'rudder': 0, 'datum': (42.3, -71.1)}
2021-07-28 16:44:36,588 [INFO] Processing: $BFNVG,154435.47,4218.000000,N,07106.000000,W,0,10.0,1.0,45.0,0.0,0.0,154435.47*62
2021-07-28 16:44:36,589 [INFO] Interpreted as: {'position': (0.0, 0.0), 'latlon': (42.3, -71.1), 'heading': 45.0, 'depth': 1.0, 'altitude': 10.0, 'roll': 0.0, 'pitch': 0.0, 'last_fix_time': datetime.datetime(2021, 7, 28, 15, 44, 35), 'speed': None, 'rudder': 0, 'datum': (42.3, -71.1)}
2021-07-28 16:44:36,589 [INFO] Received from Frontseat: [b'$BFNVG,154435.11,4218.000000,N,07106.000000,W,0,10.0,1.0,45.0,0.0,0.0,154435.11*62', b'$BFNVG,154435.47,4218.000000,N,07106.000000,W,0,10.0,1.0,45.0,0.0,0.0,154435.47*62']
2021-07-28 16:44:36,590 [INFO] AUV state: {'position': (0.0, 0.0), 'latlon': (42.3, -71.1), 'heading': 45.0, 'depth': 1.0, 'altitude': 10.0, 'roll': 0.0, 'pitch': 0.0, 'last_fix_time': datetime.datetime(2021, 7, 28, 15, 44, 35), 'speed': None, 'rudder': 0, 'datum': (42.3, -71.1)}
2021-07-28 16:44:36,903 [INFO] **** [(-0.22035521470194389, -7.708961974233651)] [(15.437560812208067, -7.333901112744751)]
2021-07-28 16:44:36,905 [INFO] Next green buoy: [(-0.22035521470194389, -7.708961974233651)], next red buoy: [(15.437560812208067, -7.333901112744751)]
2021-07-28 16:44:36,906 [INFO] Desired_heading: 52.60860279875306
2021-07-28 16:44:36,906 [INFO] sending message $BPRMB,154436.99,-25,,,1000,0,1*66
...
2021-07-28 16:44:37,908 [INFO] sending message $BPSTS,154437.90,1,BWSI Autonomy OK*4d
...
2021-07-28 16:44:37,910 [INFO] Processing: $BFNVG,154435.83,4218.000000,N,07106.000000,W,0,10.0,1.0,45.0,0.0,0.0,154435.83*62
2021-07-28 16:44:37,912 [INFO] Interpreted as: {'position': (0.0, 0.0), 'latlon': (42.3, -71.1), 'heading': 45.0, 'depth': 1.0, 'altitude': 10.0, 'roll': 0.0, 'pitch': 0.0, 'last_fix_time': datetime.datetime(2021, 7, 28, 15, 44, 35), 'speed': None, 'rudder': 0, 'datum': (42.3, -71.1)}
2021-07-28 16:44:37,913 [INFO] Processing: $BFNVG,154436.19,4218.000144,N,07105.999808,W,0,10.0,1.0,47.3,0.0,0.0,154436.19*68
2021-07-28 16:44:37,915 [INFO] Interpreted as: {'position': (0.270361699978821, 0.2599906213581562), 'latlon': (42.3000024, -71.0999968), 'heading': 47.3, 'depth': 1.0, 'altitude': 10.0, 'roll': 0.0, 'pitch': 0.0, 'last_fix_time': datetime.datetime(2021, 7, 28, 15, 44, 36), 'speed': None, 'rudder': 0, 'datum': (42.3, -71.1)}
2021-07-28 16:44:37,916 [INFO] Processing: $BFNVG,154436.55,4218.000280,N,07105.999612,W,0,10.0,1.0,49.5,0.0,0.0,154436.55*6E
2021-07-28 16:44:37,917 [INFO] Interpreted as: {'position': (0.5458535213256255, 0.5050400551408529), 'latlon': (42.300004666666666, -71.09999353333333), 'heading': 49.5, 'depth': 1.0, 'altitude': 10.0, 'roll': 0.0, 'pitch': 0.0, 'last_fix_time': datetime.datetime(2021, 7, 28, 15, 44, 36), 'speed': None, 'rudder': 0, 'datum': (42.3, -71.1)}
2021-07-28 16:44:37,918 [INFO] Processing: $BFNVG,154436.91,4218.000410,N,07105.999409,W,0,10.0,1.0,51.8,0.0,0.0,154436.91*6D
2021-07-28 16:44:37,920 [INFO] Interpreted as: {'position': (0.8306884517660365, 0.7387479832395911), 'latlon': (42.300006833333335, -71.09999015), 'heading': 51.8, 'depth': 1.0, 'altitude': 10.0, 'roll': 0.0, 'pitch': 0.0, 'last_fix_time': datetime.datetime(2021, 7, 28, 15, 44, 36), 'speed': None, 'rudder': 0, 'datum': (42.3, -71.1)}
2021-07-28 16:44:37,921 [INFO] Received from Frontseat: [b'$BFNVG,154435.83,4218.000000,N,07106.000000,W,0,10.0,1.0,45.0,0.0,0.0,154435.83*62', b'$BFNVG,154436.19,4218.000144,N,07105.999808,W,0,10.0,1.0,47.3,0.0,0.0,154436.19*68', b'$BFNVG,154436.55,4218.000280,N,07105.999612,W,0,10.0,1.0,49.5,0.0,0.0,154436.55*6E', b'$BFNVG,154436.91,4218.000410,N,07105.999409,W,0,10.0,1.0,51.8,0.0,0.0,154436.91*6D']
2021-07-28 16:44:37,922 [INFO] AUV state: {'position': (0.8306884517660365, 0.7387479832395911), 'latlon': (42.300006833333335, -71.09999015), 'heading': 51.8, 'depth': 1.0, 'altitude': 10.0, 'roll': 0.0, 'pitch': 0.0, 'last_fix_time': datetime.datetime(2021, 7, 28, 15, 44, 36), 'speed': None, 'rudder': 0, 'datum': (42.3, -71.1)}
2021-07-28 16:44:38,299 [INFO] **** [(-8.32520027799828, -8.81883554711719)] [(10.07772214782603, -8.555426103116607)]
2021-07-28 16:44:38,301 [INFO] Next green buoy: [(-8.32520027799828, -8.81883554711719)], next red buoy: [(10.07772214782603, -8.555426103116607)]
2021-07-28 16:44:38,302 [INFO] Desired_heading: 52.67626093491387
2021-07-28 16:44:38,302 [INFO] sending message $BPRMB,154438.82,-0.38391661302806723,,,1000,0,1*43
...
2021-07-28 16:44:39,304 [INFO] sending message $BPSTS,154439.30,1,BWSI Autonomy OK*49
...
2021-07-28 16:44:39,305 [INFO] Processing: $BFNVG,154437.27,4218.000535,N,07105.999197,W,0,10.0,1.0,54.0,0.0,0.0,154437.27*64
2021-07-28 16:44:39,307 [INFO] Interpreted as: {'position': (1.1276599208940752, 0.9628972923383117), 'latlon': (42.30000891666667, -71.09998661666667), 'heading': 54.0, 'depth': 1.0, 'altitude': 10.0, 'roll': 0.0, 'pitch': 0.0, 'last_fix_time': datetime.datetime(2021, 7, 28, 15, 44, 37), 'speed': None, 'rudder': 0, 'datum': (42.3, -71.1)}
2021-07-28 16:44:39,309 [INFO] Processing: $BFNVG,154437.63,4218.000653,N,07105.998980,W,0,10.0,1.0,56.3,0.0,0.0,154437.63*69
2021-07-28 16:44:39,311 [INFO] Interpreted as: {'position': (1.4311810665531084, 1.1739222118631005), 'latlon': (42.300010883333336, -71.099983), 'heading': 56.3, 'depth': 1.0, 'altitude': 10.0, 'roll': 0.0, 'pitch': 0.0, 'last_fix_time': datetime.datetime(2021, 7, 28, 15, 44, 37), 'speed': None, 'rudder': 0, 'datum': (42.3, -71.1)}
2021-07-28 16:44:39,312 [INFO] Processing: $BFNVG,154437.99,4218.000764,N,07105.998758,W,0,10.0,1.0,58.5,0.0,0.0,154437.99*6F
2021-07-28 16:44:39,315 [INFO] Interpreted as: {'position': (1.741251889965497, 1.3718227399513125), 'latlon': (42.30001273333333, -71.0999793), 'heading': 58.5, 'depth': 1.0, 'altitude': 10.0, 'roll': 0.0, 'pitch': 0.0, 'last_fix_time': datetime.datetime(2021, 7, 28, 15, 44, 37), 'speed': None, 'rudder': 0, 'datum': (42.3, -71.1)}
2021-07-28 16:44:39,317 [INFO] Received from Frontseat: [b'$BFNVG,154437.27,4218.000535,N,07105.999197,W,0,10.0,1.0,54.0,0.0,0.0,154437.27*64', b'$BFNVG,154437.63,4218.000653,N,07105.998980,W,0,10.0,1.0,56.3,0.0,0.0,154437.63*69', b'$BFNVG,154437.99,4218.000764,N,07105.998758,W,0,10.0,1.0,58.5,0.0,0.0,154437.99*6F']
2021-07-28 16:44:39,318 [INFO] AUV state: {'position': (1.741251889965497, 1.3718227399513125), 'latlon': (42.30001273333333, -71.0999793), 'heading': 58.5, 'depth': 1.0, 'altitude': 10.0, 'roll': 0.0, 'pitch': 0.0, 'last_fix_time': datetime.datetime(2021, 7, 28, 15, 44, 37), 'speed': None, 'rudder': 0, 'datum': (42.3, -71.1)}
2021-07-28 16:44:39,715 [INFO] **** [(-17.675403626855008, -10.512650649161593)] [(3.7659114680165717, -10.097773879559904)]
2021-07-28 16:44:39,717 [INFO] Next green buoy: [(-17.675403626855008, -10.512650649161593)], next red buoy: [(3.7659114680165717, -10.097773879559904)]
2021-07-28 16:44:39,717 [INFO] Desired_heading: 51.545253920580784
2021-07-28 16:44:39,718 [INFO] sending message $BPRMB,154439.78,-24.184246514598478,,,1000,0,1*7b
...
2021-07-28 16:44:40,720 [INFO] sending message $BPSTS,154440.71,1,BWSI Autonomy OK*42
...
2021-07-28 16:44:40,721 [INFO] Processing: $BFNVG,154438.35,4218.000869,N,07105.998531,W,0,10.0,1.0,60.7,0.0,0.0,154438.35*69
2021-07-28 16:44:40,727 [INFO] Interpreted as: {'position': (2.057918065751437, 1.558449573814869), 'latlon': (42.300014483333335, -71.09997551666666), 'heading': 60.7, 'depth': 1.0, 'altitude': 10.0, 'roll': 0.0, 'pitch': 0.0, 'last_fix_time': datetime.datetime(2021, 7, 28, 15, 44, 38), 'speed': None, 'rudder': 0, 'datum': (42.3, -71.1)}
2021-07-28 16:44:40,729 [INFO] Processing: $BFNVG,154438.71,4218.000971,N,07105.998299,W,0,10.0,1.0,60.8,0.0,0.0,154438.71*6B
2021-07-28 16:44:40,731 [INFO] Interpreted as: {'position': (2.381316602928564, 1.739354807883501), 'latlon': (42.300016183333334, -71.09997165), 'heading': 60.8, 'depth': 1.0, 'altitude': 10.0, 'roll': 0.0, 'pitch': 0.0, 'last_fix_time': datetime.datetime(2021, 7, 28, 15, 44, 38), 'speed': None, 'rudder': 0, 'datum': (42.3, -71.1)}
2021-07-28 16:44:40,732 [INFO] Processing: $BFNVG,154439.08,4218.001075,N,07105.998061,W,0,10.0,1.0,60.8,0.0,0.0,154439.08*62
2021-07-28 16:44:40,735 [INFO] Interpreted as: {'position': (2.7130497464095242, 1.9237580243498087), 'latlon': (42.30001791666667, -71.09996768333333), 'heading': 60.8, 'depth': 1.0, 'altitude': 10.0, 'roll': 0.0, 'pitch': 0.0, 'last_fix_time': datetime.datetime(2021, 7, 28, 15, 44, 39), 'speed': None, 'rudder': 0, 'datum': (42.3, -71.1)}
2021-07-28 16:44:40,736 [INFO] Processing: $BFNVG,154439.44,4218.001178,N,07105.997828,W,0,10.0,1.0,60.8,0.0,0.0,154439.44*64
2021-07-28 16:44:40,740 [INFO] Interpreted as: {'position': (3.037867803883273, 2.1064800806343555), 'latlon': (42.300019633333335, -71.0999638), 'heading': 60.8, 'depth': 1.0, 'altitude': 10.0, 'roll': 0.0, 'pitch': 0.0, 'last_fix_time': datetime.datetime(2021, 7, 28, 15, 44, 39), 'speed': None, 'rudder': 0, 'datum': (42.3, -71.1)}
2021-07-28 16:44:40,742 [INFO] Received from Frontseat: [b'$BFNVG,154438.35,4218.000869,N,07105.998531,W,0,10.0,1.0,60.7,0.0,0.0,154438.35*69', b'$BFNVG,154438.71,4218.000971,N,07105.998299,W,0,10.0,1.0,60.8,0.0,0.0,154438.71*6B', b'$BFNVG,154439.08,4218.001075,N,07105.998061,W,0,10.0,1.0,60.8,0.0,0.0,154439.08*62', b'$BFNVG,154439.44,4218.001178,N,07105.997828,W,0,10.0,1.0,60.8,0.0,0.0,154439.44*64']
2021-07-28 16:44:40,743 [INFO] AUV state: {'position': (3.037867803883273, 2.1064800806343555), 'latlon': (42.300019633333335, -71.0999638), 'heading': 60.8, 'depth': 1.0, 'altitude': 10.0, 'roll': 0.0, 'pitch': 0.0, 'last_fix_time': datetime.datetime(2021, 7, 28, 15, 44, 39), 'speed': None, 'rudder': 0, 'datum': (42.3, -71.1)}
2021-07-28 16:44:41,097 [INFO] **** [] [(1.7875569916902239, -13.47885181389956)]
2021-07-28 16:44:41,099 [INFO] Next green buoy: [], next red buoy: [(1.7875569916902239, -13.47885181389956)]
2021-07-28 16:44:41,100 [INFO] Desired_heading: 62.58755699169022
2021-07-28 16:44:41,100 [INFO] sending message $BPRMB,154441.65,-1.5976799992703012,,,1000,0,1*72
...
2021-07-28 16:44:42,102 [INFO] sending message $BPSTS,154442.10,1,BWSI Autonomy OK*47
...
2021-07-28 16:44:42,103 [INFO] Processing: $BFNVG,154439.80,4218.001279,N,07105.997597,W,0,10.0,1.0,60.9,0.0,0.0,154439.80*6E
2021-07-28 16:44:42,105 [INFO] Interpreted as: {'position': (3.3598467386327684, 2.2855685651302338), 'latlon': (42.300021316666665, -71.09995995), 'heading': 60.9, 'depth': 1.0, 'altitude': 10.0, 'roll': 0.0, 'pitch': 0.0, 'last_fix_time': datetime.datetime(2021, 7, 28, 15, 44, 39), 'speed': None, 'rudder': 0, 'datum': (42.3, -71.1)}
2021-07-28 16:44:42,105 [INFO] Processing: $BFNVG,154440.16,4218.001379,N,07105.997359,W,0,10.0,1.0,63.1,0.0,0.0,154440.16*60
2021-07-28 16:44:42,107 [INFO] Interpreted as: {'position': (3.691397144808434, 2.46256903745234), 'latlon': (42.300022983333335, -71.09995598333333), 'heading': 63.1, 'depth': 1.0, 'altitude': 10.0, 'roll': 0.0, 'pitch': 0.0, 'last_fix_time': datetime.datetime(2021, 7, 28, 15, 44, 40), 'speed': None, 'rudder': 0, 'datum': (42.3, -71.1)}
2021-07-28 16:44:42,108 [INFO] Processing: $BFNVG,154440.52,4218.001471,N,07105.997117,W,0,10.0,1.0,65.3,0.0,0.0,154440.52*63
2021-07-28 16:44:42,110 [INFO] Interpreted as: {'position': (4.028077680093702, 2.6246283315122128), 'latlon': (42.30002451666667, -71.09995195), 'heading': 65.3, 'depth': 1.0, 'altitude': 10.0, 'roll': 0.0, 'pitch': 0.0, 'last_fix_time': datetime.datetime(2021, 7, 28, 15, 44, 40), 'speed': None, 'rudder': 0, 'datum': (42.3, -71.1)}
2021-07-28 16:44:42,111 [INFO] Processing: $BFNVG,154440.88,4218.001556,N,07105.996873,W,0,10.0,1.0,67.5,0.0,0.0,154440.88*69
2021-07-28 16:44:42,113 [INFO] Interpreted as: {'position': (4.367186263087206, 2.773664951324463), 'latlon': (42.30002593333333, -71.09994788333333), 'heading': 67.5, 'depth': 1.0, 'altitude': 10.0, 'roll': 0.0, 'pitch': 0.0, 'last_fix_time': datetime.datetime(2021, 7, 28, 15, 44, 40), 'speed': None, 'rudder': 0, 'datum': (42.3, -71.1)}
2021-07-28 16:44:42,113 [INFO] Received from Frontseat: [b'$BFNVG,154439.80,4218.001279,N,07105.997597,W,0,10.0,1.0,60.9,0.0,0.0,154439.80*6E', b'$BFNVG,154440.16,4218.001379,N,07105.997359,W,0,10.0,1.0,63.1,0.0,0.0,154440.16*60', b'$BFNVG,154440.52,4218.001471,N,07105.997117,W,0,10.0,1.0,65.3,0.0,0.0,154440.52*63', b'$BFNVG,154440.88,4218.001556,N,07105.996873,W,0,10.0,1.0,67.5,0.0,0.0,154440.88*69']
2021-07-28 16:44:42,114 [INFO] AUV state: {'position': (4.367186263087206, 2.773664951324463), 'latlon': (42.30002593333333, -71.09994788333333), 'heading': 67.5, 'depth': 1.0, 'altitude': 10.0, 'roll': 0.0, 'pitch': 0.0, 'last_fix_time': datetime.datetime(2021, 7, 28, 15, 44, 40), 'speed': None, 'rudder': 0, 'datum': (42.3, -71.1)}
2021-07-28 16:44:42,498 [INFO] **** [] [(-6.235577742118688, -20.02940743455587)]
2021-07-28 16:44:42,500 [INFO] Next green buoy: [], next red buoy: [(-6.235577742118688, -20.02940743455587)]
2021-07-28 16:44:42,500 [INFO] Desired_heading: 61.264422257881314
2021-07-28 16:44:42,501 [INFO] sending message $BPRMB,154442.55,-19.441214889002982,,,1000,0,1*7a
...
2021-07-28 16:44:43,503 [INFO] sending message $BPSTS,154443.50,1,BWSI Autonomy OK*42
...
2021-07-28 16:44:43,504 [INFO] Processing: $BFNVG,154441.24,4218.001633,N,07105.996625,W,0,10.0,1.0,69.6,0.0,0.0,154441.24*69
2021-07-28 16:44:43,506 [INFO] Interpreted as: {'position': (4.711424978682771, 2.9077603965997696), 'latlon': (42.30002721666666, -71.09994375), 'heading': 69.6, 'depth': 1.0, 'altitude': 10.0, 'roll': 0.0, 'pitch': 0.0, 'last_fix_time': datetime.datetime(2021, 7, 28, 15, 44, 41), 'speed': None, 'rudder': 0, 'datum': (42.3, -71.1)}
2021-07-28 16:44:43,507 [INFO] Processing: $BFNVG,154441.60,4218.001707,N,07105.996376,W,0,10.0,1.0,69.8,0.0,0.0,154441.60*62
2021-07-28 16:44:43,509 [INFO] Interpreted as: {'position': (5.056900549330749, 3.0362698612734675), 'latlon': (42.30002845, -71.0999396), 'heading': 69.8, 'depth': 1.0, 'altitude': 10.0, 'roll': 0.0, 'pitch': 0.0, 'last_fix_time': datetime.datetime(2021, 7, 28, 15, 44, 41), 'speed': None, 'rudder': 0, 'datum': (42.3, -71.1)}
2021-07-28 16:44:43,510 [INFO] Processing: $BFNVG,154441.96,4218.001780,N,07105.996126,W,0,10.0,1.0,69.9,0.0,0.0,154441.96*6B
2021-07-28 16:44:43,512 [INFO] Interpreted as: {'position': (5.403704314958304, 3.1628947407007217), 'latlon': (42.30002966666667, -71.09993543333333), 'heading': 69.9, 'depth': 1.0, 'altitude': 10.0, 'roll': 0.0, 'pitch': 0.0, 'last_fix_time': datetime.datetime(2021, 7, 28, 15, 44, 41), 'speed': None, 'rudder': 0, 'datum': (42.3, -71.1)}
2021-07-28 16:44:43,514 [INFO] Processing: $BFNVG,154442.32,4218.001853,N,07105.995874,W,0,10.0,1.0,70.1,0.0,0.0,154442.32*67
2021-07-28 16:44:43,516 [INFO] Interpreted as: {'position': (5.753255821415223, 3.289451831020415), 'latlon': (42.300030883333335, -71.09993123333334), 'heading': 70.1, 'depth': 1.0, 'altitude': 10.0, 'roll': 0.0, 'pitch': 0.0, 'last_fix_time': datetime.datetime(2021, 7, 28, 15, 44, 42), 'speed': None, 'rudder': 0, 'datum': (42.3, -71.1)}
2021-07-28 16:44:43,517 [INFO] Received from Frontseat: [b'$BFNVG,154441.24,4218.001633,N,07105.996625,W,0,10.0,1.0,69.6,0.0,0.0,154441.24*69', b'$BFNVG,154441.60,4218.001707,N,07105.996376,W,0,10.0,1.0,69.8,0.0,0.0,154441.60*62', b'$BFNVG,154441.96,4218.001780,N,07105.996126,W,0,10.0,1.0,69.9,0.0,0.0,154441.96*6B', b'$BFNVG,154442.32,4218.001853,N,07105.995874,W,0,10.0,1.0,70.1,0.0,0.0,154442.32*67']
2021-07-28 16:44:43,518 [INFO] AUV state: {'position': (5.753255821415223, 3.289451831020415), 'latlon': (42.300030883333335, -71.09993123333334), 'heading': 70.1, 'depth': 1.0, 'altitude': 10.0, 'roll': 0.0, 'pitch': 0.0, 'last_fix_time': datetime.datetime(2021, 7, 28, 15, 44, 42), 'speed': None, 'rudder': 0, 'datum': (42.3, -71.1)}
2021-07-28 16:44:43,921 [INFO] **** [] [(-16.512086743730453, -23.744950076632417)]
2021-07-28 16:44:43,923 [INFO] Next green buoy: [], next red buoy: [(-16.512086743730453, -23.744950076632417)]
2021-07-28 16:44:43,924 [INFO] Desired_heading: 53.587913256269545
2021-07-28 16:44:43,925 [INFO] sending message $BPRMB,154444.45,-25,,,1000,0,1*62
...
2021-07-28 16:44:44,926 [INFO] sending message $BPSTS,154444.92,1,BWSI Autonomy OK*4b
...
2021-07-28 16:44:44,927 [INFO] Processing: $BFNVG,154442.68,4218.001926,N,07105.995624,W,0,10.0,1.0,70.2,0.0,0.0,154442.68*6C
2021-07-28 16:44:44,929 [INFO] Interpreted as: {'position': (6.100059560616501, 3.4160767449066043), 'latlon': (42.3000321, -71.09992706666667), 'heading': 70.2, 'depth': 1.0, 'altitude': 10.0, 'roll': 0.0, 'pitch': 0.0, 'last_fix_time': datetime.datetime(2021, 7, 28, 15, 44, 42), 'speed': None, 'rudder': 0, 'datum': (42.3, -71.1)}
2021-07-28 16:44:44,930 [INFO] Processing: $BFNVG,154443.02,4218.001992,N,07105.995384,W,0,10.0,1.0,71.9,0.0,0.0,154443.02*66
2021-07-28 16:44:44,932 [INFO] Interpreted as: {'position': (6.432804802665487, 3.5300858337432146), 'latlon': (42.3000332, -71.09992306666666), 'heading': 71.9, 'depth': 1.0, 'altitude': 10.0, 'roll': 0.0, 'pitch': 0.0, 'last_fix_time': datetime.datetime(2021, 7, 28, 15, 44, 43), 'speed': None, 'rudder': 0, 'datum': (42.3, -71.1)}
2021-07-28 16:44:44,933 [INFO] Processing: $BFNVG,154443.37,4218.002054,N,07105.995137,W,0,10.0,1.0,73.6,0.0,0.0,154443.37*61
2021-07-28 16:44:44,935 [INFO] Interpreted as: {'position': (6.774984503048472, 3.6364548252895474), 'latlon': (42.300034233333335, -71.09991895), 'heading': 73.6, 'depth': 1.0, 'altitude': 10.0, 'roll': 0.0, 'pitch': 0.0, 'last_fix_time': datetime.datetime(2021, 7, 28, 15, 44, 43), 'speed': None, 'rudder': 0, 'datum': (42.3, -71.1)}
2021-07-28 16:44:44,936 [INFO] Processing: $BFNVG,154443.71,4218.002110,N,07105.994891,W,0,10.0,1.0,75.2,0.0,0.0,154443.71*66
2021-07-28 16:44:44,937 [INFO] Interpreted as: {'position': (7.115516291640233, 3.7317535523325205), 'latlon': (42.30003516666667, -71.09991485), 'heading': 75.2, 'depth': 1.0, 'altitude': 10.0, 'roll': 0.0, 'pitch': 0.0, 'last_fix_time': datetime.datetime(2021, 7, 28, 15, 44, 43), 'speed': None, 'rudder': 0, 'datum': (42.3, -71.1)}
2021-07-28 16:44:44,938 [INFO] Received from Frontseat: [b'$BFNVG,154442.68,4218.001926,N,07105.995624,W,0,10.0,1.0,70.2,0.0,0.0,154442.68*6C', b'$BFNVG,154443.02,4218.001992,N,07105.995384,W,0,10.0,1.0,71.9,0.0,0.0,154443.02*66', b'$BFNVG,154443.37,4218.002054,N,07105.995137,W,0,10.0,1.0,73.6,0.0,0.0,154443.37*61', b'$BFNVG,154443.71,4218.002110,N,07105.994891,W,0,10.0,1.0,75.2,0.0,0.0,154443.71*66']
2021-07-28 16:44:44,939 [INFO] AUV state: {'position': (7.115516291640233, 3.7317535523325205), 'latlon': (42.30003516666667, -71.09991485), 'heading': 75.2, 'depth': 1.0, 'altitude': 10.0, 'roll': 0.0, 'pitch': 0.0, 'last_fix_time': datetime.datetime(2021, 7, 28, 15, 44, 43), 'speed': None, 'rudder': 0, 'datum': (42.3, -71.1)}
2021-07-28 16:44:45,293 [INFO] **** [] []
2021-07-28 16:44:45,295 [INFO] Next green buoy: [], next red buoy: []
2021-07-28 16:44:45,296 [INFO] Desired_heading: 75.2
2021-07-28 16:44:45,296 [INFO] sending message $BPRMB,154445.39,-0.0,,,1000,0,1*41
...
2021-07-28 16:44:46,298 [INFO] sending message $BPSTS,154446.29,1,BWSI Autonomy OK*49
...
2021-07-28 16:44:46,300 [INFO] Processing: $BFNVG,154444.06,4218.002160,N,07105.994644,W,0,10.0,1.0,76.9,0.0,0.0,154444.06*6F
2021-07-28 16:44:46,305 [INFO] Interpreted as: {'position': (7.457147930283099, 3.815914209932089), 'latlon': (42.300036, -71.09991073333333), 'heading': 76.9, 'depth': 1.0, 'altitude': 10.0, 'roll': 0.0, 'pitch': 0.0, 'last_fix_time': datetime.datetime(2021, 7, 28, 15, 44, 44), 'speed': None, 'rudder': 0, 'datum': (42.3, -71.1)}
2021-07-28 16:44:46,306 [INFO] Processing: $BFNVG,154444.41,4218.002205,N,07105.994387,W,0,10.0,1.0,79.1,0.0,0.0,154444.41*62
2021-07-28 16:44:46,308 [INFO] Interpreted as: {'position': (7.812289999448694, 3.8904823614284396), 'latlon': (42.30003675, -71.09990645), 'heading': 79.1, 'depth': 1.0, 'altitude': 10.0, 'roll': 0.0, 'pitch': 0.0, 'last_fix_time': datetime.datetime(2021, 7, 28, 15, 44, 44), 'speed': None, 'rudder': 0, 'datum': (42.3, -71.1)}
2021-07-28 16:44:46,309 [INFO] Processing: $BFNVG,154444.75,4218.002242,N,07105.994135,W,0,10.0,1.0,81.3,0.0,0.0,154444.75*6F
2021-07-28 16:44:46,311 [INFO] Interpreted as: {'position': (8.160197303281166, 3.9504144741222262), 'latlon': (42.300037366666665, -71.09990225), 'heading': 81.3, 'depth': 1.0, 'altitude': 10.0, 'roll': 0.0, 'pitch': 0.0, 'last_fix_time': datetime.datetime(2021, 7, 28, 15, 44, 44), 'speed': None, 'rudder': 0, 'datum': (42.3, -71.1)}
2021-07-28 16:44:46,312 [INFO] Processing: $BFNVG,154445.09,4218.002272,N,07105.993882,W,0,10.0,1.0,83.4,0.0,0.0,154445.09*6B
2021-07-28 16:44:46,314 [INFO] Interpreted as: {'position': (8.509158791974187, 3.997357818298042), 'latlon': (42.30003786666666, -71.09989803333333), 'heading': 83.4, 'depth': 1.0, 'altitude': 10.0, 'roll': 0.0, 'pitch': 0.0, 'last_fix_time': datetime.datetime(2021, 7, 28, 15, 44, 45), 'speed': None, 'rudder': 0, 'datum': (42.3, -71.1)}
2021-07-28 16:44:46,315 [INFO] Received from Frontseat: [b'$BFNVG,154444.06,4218.002160,N,07105.994644,W,0,10.0,1.0,76.9,0.0,0.0,154444.06*6F', b'$BFNVG,154444.41,4218.002205,N,07105.994387,W,0,10.0,1.0,79.1,0.0,0.0,154444.41*62', b'$BFNVG,154444.75,4218.002242,N,07105.994135,W,0,10.0,1.0,81.3,0.0,0.0,154444.75*6F', b'$BFNVG,154445.09,4218.002272,N,07105.993882,W,0,10.0,1.0,83.4,0.0,0.0,154445.09*6B']
2021-07-28 16:44:46,316 [INFO] AUV state: {'position': (8.509158791974187, 3.997357818298042), 'latlon': (42.30003786666666, -71.09989803333333), 'heading': 83.4, 'depth': 1.0, 'altitude': 10.0, 'roll': 0.0, 'pitch': 0.0, 'last_fix_time': datetime.datetime(2021, 7, 28, 15, 44, 45), 'speed': None, 'rudder': 0, 'datum': (42.3, -71.1)}
2021-07-28 16:44:46,646 [INFO] **** [] []
2021-07-28 16:44:46,648 [INFO] Next green buoy: [], next red buoy: []
2021-07-28 16:44:46,649 [INFO] Desired_heading: 83.4
2021-07-28 16:44:46,649 [INFO] sending message $BPRMB,154447.19,-0.0,,,1000,0,1*41
...
2021-07-28 16:44:47,651 [INFO] sending message $BPSTS,154447.65,1,BWSI Autonomy OK*40
...
2021-07-28 16:44:47,652 [INFO] Processing: $BFNVG,154445.44,4218.002295,N,07105.993627,W,0,10.0,1.0,85.6,0.0,0.0,154445.44*67
2021-07-28 16:44:47,654 [INFO] Interpreted as: {'position': (8.860548342228867, 4.031278494745493), 'latlon': (42.30003825, -71.09989378333333), 'heading': 85.6, 'depth': 1.0, 'altitude': 10.0, 'roll': 0.0, 'pitch': 0.0, 'last_fix_time': datetime.datetime(2021, 7, 28, 15, 44, 45), 'speed': None, 'rudder': 0, 'datum': (42.3, -71.1)}
2021-07-28 16:44:47,654 [INFO] Processing: $BFNVG,154445.78,4218.002315,N,07105.993373,W,0,10.0,1.0,85.6,0.0,0.0,154445.78*6A
2021-07-28 16:44:47,656 [INFO] Interpreted as: {'position': (9.210427002224606, 4.059681001119316), 'latlon': (42.30003858333333, -71.09988955), 'heading': 85.6, 'depth': 1.0, 'altitude': 10.0, 'roll': 0.0, 'pitch': 0.0, 'last_fix_time': datetime.datetime(2021, 7, 28, 15, 44, 45), 'speed': None, 'rudder': 0, 'datum': (42.3, -71.1)}
2021-07-28 16:44:47,656 [INFO] Processing: $BFNVG,154446.12,4218.002334,N,07105.993116,W,0,10.0,1.0,85.6,0.0,0.0,154446.12*68
2021-07-28 16:44:47,658 [INFO] Interpreted as: {'position': (9.564381625619717, 4.08613111730665), 'latlon': (42.3000389, -71.09988526666666), 'heading': 85.6, 'depth': 1.0, 'altitude': 10.0, 'roll': 0.0, 'pitch': 0.0, 'last_fix_time': datetime.datetime(2021, 7, 28, 15, 44, 46), 'speed': None, 'rudder': 0, 'datum': (42.3, -71.1)}
2021-07-28 16:44:47,658 [INFO] Processing: $BFNVG,154446.47,4218.002354,N,07105.992859,W,0,10.0,1.0,85.6,0.0,0.0,154446.47*6D
2021-07-28 16:44:47,660 [INFO] Interpreted as: {'position': (9.918381912866607, 4.1144319493323565), 'latlon': (42.30003923333334, -71.09988098333334), 'heading': 85.6, 'depth': 1.0, 'altitude': 10.0, 'roll': 0.0, 'pitch': 0.0, 'last_fix_time': datetime.datetime(2021, 7, 28, 15, 44, 46), 'speed': None, 'rudder': 0, 'datum': (42.3, -71.1)}
2021-07-28 16:44:47,661 [INFO] Received from Frontseat: [b'$BFNVG,154445.44,4218.002295,N,07105.993627,W,0,10.0,1.0,85.6,0.0,0.0,154445.44*67', b'$BFNVG,154445.78,4218.002315,N,07105.993373,W,0,10.0,1.0,85.6,0.0,0.0,154445.78*6A', b'$BFNVG,154446.12,4218.002334,N,07105.993116,W,0,10.0,1.0,85.6,0.0,0.0,154446.12*68', b'$BFNVG,154446.47,4218.002354,N,07105.992859,W,0,10.0,1.0,85.6,0.0,0.0,154446.47*6D']
2021-07-28 16:44:47,661 [INFO] AUV state: {'position': (9.918381912866607, 4.1144319493323565), 'latlon': (42.30003923333334, -71.09988098333334), 'heading': 85.6, 'depth': 1.0, 'altitude': 10.0, 'roll': 0.0, 'pitch': 0.0, 'last_fix_time': datetime.datetime(2021, 7, 28, 15, 44, 46), 'speed': None, 'rudder': 0, 'datum': (42.3, -71.1)}
2021-07-28 16:44:48,008 [INFO] **** [] []
2021-07-28 16:44:48,010 [INFO] Next green buoy: [], next red buoy: []
2021-07-28 16:44:48,010 [INFO] Desired_heading: 85.6
2021-07-28 16:44:48,010 [INFO] sending message $BPRMB,154448.10,-0.0,,,1000,0,1*47
...
2021-07-28 16:44:49,012 [INFO] sending message $BPSTS,154449.01,1,BWSI Autonomy OK*4c
...
2021-07-28 16:44:49,013 [INFO] Processing: $BFNVG,154446.81,4218.002373,N,07105.992604,W,0,10.0,1.0,85.6,0.0,0.0,154446.81*6E
2021-07-28 16:44:49,015 [INFO] Interpreted as: {'position': (10.269588771043345, 4.140949906781316), 'latlon': (42.30003955, -71.09987673333333), 'heading': 85.6, 'depth': 1.0, 'altitude': 10.0, 'roll': 0.0, 'pitch': 0.0, 'last_fix_time': datetime.datetime(2021, 7, 28, 15, 44, 46), 'speed': None, 'rudder': 0, 'datum': (42.3, -71.1)}
2021-07-28 16:44:49,016 [INFO] Processing: $BFNVG,154447.17,4218.002393,N,07105.992340,W,0,10.0,1.0,85.6,0.0,0.0,154447.17*65
2021-07-28 16:44:49,018 [INFO] Interpreted as: {'position': (10.633206203172449, 4.169013451784849), 'latlon': (42.30003988333333, -71.09987233333334), 'heading': 85.6, 'depth': 1.0, 'altitude': 10.0, 'roll': 0.0, 'pitch': 0.0, 'last_fix_time': datetime.datetime(2021, 7, 28, 15, 44, 47), 'speed': None, 'rudder': 0, 'datum': (42.3, -71.1)}
2021-07-28 16:44:49,019 [INFO] Processing: $BFNVG,154447.51,4218.002413,N,07105.992084,W,0,10.0,1.0,85.6,0.0,0.0,154447.51*61
2021-07-28 16:44:49,021 [INFO] Interpreted as: {'position': (10.985832602134906, 4.197348237968981), 'latlon': (42.300040216666666, -71.09986806666667), 'heading': 85.6, 'depth': 1.0, 'altitude': 10.0, 'roll': 0.0, 'pitch': 0.0, 'last_fix_time': datetime.datetime(2021, 7, 28, 15, 44, 47), 'speed': None, 'rudder': 0, 'datum': (42.3, -71.1)}
2021-07-28 16:44:49,022 [INFO] Processing: $BFNVG,154447.85,4218.002432,N,07105.991828,W,0,10.0,1.0,85.6,0.0,0.0,154447.85*6F
2021-07-28 16:44:49,024 [INFO] Interpreted as: {'position': (11.338413328165188, 4.223832346498966), 'latlon': (42.30004053333333, -71.0998638), 'heading': 85.6, 'depth': 1.0, 'altitude': 10.0, 'roll': 0.0, 'pitch': 0.0, 'last_fix_time': datetime.datetime(2021, 7, 28, 15, 44, 47), 'speed': None, 'rudder': 0, 'datum': (42.3, -71.1)}
2021-07-28 16:44:49,025 [INFO] Received from Frontseat: [b'$BFNVG,154446.81,4218.002373,N,07105.992604,W,0,10.0,1.0,85.6,0.0,0.0,154446.81*6E', b'$BFNVG,154447.17,4218.002393,N,07105.992340,W,0,10.0,1.0,85.6,0.0,0.0,154447.17*65', b'$BFNVG,154447.51,4218.002413,N,07105.992084,W,0,10.0,1.0,85.6,0.0,0.0,154447.51*61', b'$BFNVG,154447.85,4218.002432,N,07105.991828,W,0,10.0,1.0,85.6,0.0,0.0,154447.85*6F']
2021-07-28 16:44:49,026 [INFO] AUV state: {'position': (11.338413328165188, 4.223832346498966), 'latlon': (42.30004053333333, -71.0998638), 'heading': 85.6, 'depth': 1.0, 'altitude': 10.0, 'roll': 0.0, 'pitch': 0.0, 'last_fix_time': datetime.datetime(2021, 7, 28, 15, 44, 47), 'speed': None, 'rudder': 0, 'datum': (42.3, -71.1)}
2021-07-28 16:44:49,364 [INFO] **** [] []
2021-07-28 16:44:49,366 [INFO] Next green buoy: [], next red buoy: []
2021-07-28 16:44:49,367 [INFO] Desired_heading: 85.6
2021-07-28 16:44:49,367 [INFO] sending message $BPRMB,154449.91,-0.0,,,1000,0,1*4f
...
2021-07-28 16:44:50,369 [INFO] sending message $BPSTS,154450.36,1,BWSI Autonomy OK*40
...
2021-07-28 16:44:50,370 [INFO] Processing: $BFNVG,154448.20,4218.002452,N,07105.991572,W,0,10.0,1.0,85.6,0.0,0.0,154448.20*6B
2021-07-28 16:44:50,372 [INFO] Interpreted as: {'position': (11.691039719618857, 4.252167169936001), 'latlon': (42.30004086666667, -71.09985953333333), 'heading': 85.6, 'depth': 1.0, 'altitude': 10.0, 'roll': 0.0, 'pitch': 0.0, 'last_fix_time': datetime.datetime(2021, 7, 28, 15, 44, 48), 'speed': None, 'rudder': 0, 'datum': (42.3, -71.1)}
2021-07-28 16:44:50,373 [INFO] Processing: $BFNVG,154448.54,4218.002472,N,07105.991314,W,0,10.0,1.0,85.6,0.0,0.0,154448.54*6F
2021-07-28 16:44:50,375 [INFO] Interpreted as: {'position': (12.04641386307776, 4.280434204265475), 'latlon': (42.3000412, -71.09985523333333), 'heading': 85.6, 'depth': 1.0, 'altitude': 10.0, 'roll': 0.0, 'pitch': 0.0, 'last_fix_time': datetime.datetime(2021, 7, 28, 15, 44, 48), 'speed': None, 'rudder': 0, 'datum': (42.3, -71.1)}
2021-07-28 16:44:50,376 [INFO] Processing: $BFNVG,154448.90,4218.002492,N,07105.991048,W,0,10.0,1.0,85.6,0.0,0.0,154448.90*6B
2021-07-28 16:44:50,378 [INFO] Interpreted as: {'position': (12.41277903370792, 4.308430037461221), 'latlon': (42.300041533333335, -71.0998508), 'heading': 85.6, 'depth': 1.0, 'altitude': 10.0, 'roll': 0.0, 'pitch': 0.0, 'last_fix_time': datetime.datetime(2021, 7, 28, 15, 44, 48), 'speed': None, 'rudder': 0, 'datum': (42.3, -71.1)}
2021-07-28 16:44:50,379 [INFO] Processing: $BFNVG,154449.25,4218.002512,N,07105.990789,W,0,10.0,1.0,85.6,0.0,0.0,154449.25*69
2021-07-28 16:44:50,381 [INFO] Interpreted as: {'position': (12.769527050375473, 4.3366632061079144), 'latlon': (42.30004186666667, -71.09984648333334), 'heading': 85.6, 'depth': 1.0, 'altitude': 10.0, 'roll': 0.0, 'pitch': 0.0, 'last_fix_time': datetime.datetime(2021, 7, 28, 15, 44, 49), 'speed': None, 'rudder': 0, 'datum': (42.3, -71.1)}
2021-07-28 16:44:50,382 [INFO] Received from Frontseat: [b'$BFNVG,154448.20,4218.002452,N,07105.991572,W,0,10.0,1.0,85.6,0.0,0.0,154448.20*6B', b'$BFNVG,154448.54,4218.002472,N,07105.991314,W,0,10.0,1.0,85.6,0.0,0.0,154448.54*6F', b'$BFNVG,154448.90,4218.002492,N,07105.991048,W,0,10.0,1.0,85.6,0.0,0.0,154448.90*6B', b'$BFNVG,154449.25,4218.002512,N,07105.990789,W,0,10.0,1.0,85.6,0.0,0.0,154449.25*69']
2021-07-28 16:44:50,383 [INFO] AUV state: {'position': (12.769527050375473, 4.3366632061079144), 'latlon': (42.30004186666667, -71.09984648333334), 'heading': 85.6, 'depth': 1.0, 'altitude': 10.0, 'roll': 0.0, 'pitch': 0.0, 'last_fix_time': datetime.datetime(2021, 7, 28, 15, 44, 49), 'speed': None, 'rudder': 0, 'datum': (42.3, -71.1)}
2021-07-28 16:44:50,731 [INFO] **** [] []
2021-07-28 16:44:50,733 [INFO] Next green buoy: [], next red buoy: []
2021-07-28 16:44:50,733 [INFO] Desired_heading: 85.6
2021-07-28 16:44:50,734 [INFO] sending message $BPRMB,154450.81,-0.0,,,1000,0,1*46
...
2021-07-28 16:44:51,736 [INFO] sending message $BPSTS,154451.73,1,BWSI Autonomy OK*40
...
2021-07-28 16:44:51,737 [INFO] Processing: $BFNVG,154449.59,4218.002531,N,07105.990533,W,0,10.0,1.0,85.6,0.0,0.0,154449.59*6B
2021-07-28 16:44:51,742 [INFO] Interpreted as: {'position': (13.122107757837512, 4.363147404044867), 'latlon': (42.30004218333333, -71.09984221666667), 'heading': 85.6, 'depth': 1.0, 'altitude': 10.0, 'roll': 0.0, 'pitch': 0.0, 'last_fix_time': datetime.datetime(2021, 7, 28, 15, 44, 49), 'speed': None, 'rudder': 0, 'datum': (42.3, -71.1)}
2021-07-28 16:44:51,743 [INFO] Processing: $BFNVG,154449.94,4218.002551,N,07105.990276,W,0,10.0,1.0,85.6,0.0,0.0,154449.94*6B
2021-07-28 16:44:51,745 [INFO] Interpreted as: {'position': (13.476108009112068, 4.3914484130218625), 'latlon': (42.300042516666664, -71.09983793333333), 'heading': 85.6, 'depth': 1.0, 'altitude': 10.0, 'roll': 0.0, 'pitch': 0.0, 'last_fix_time': datetime.datetime(2021, 7, 28, 15, 44, 49), 'speed': None, 'rudder': 0, 'datum': (42.3, -71.1)}
2021-07-28 16:44:51,746 [INFO] Processing: $BFNVG,154450.28,4218.002570,N,07105.990018,W,0,10.0,1.0,85.6,0.0,0.0,154450.28*62
2021-07-28 16:44:51,748 [INFO] Interpreted as: {'position': (13.831436464912258, 4.41786484234035), 'latlon': (42.300042833333336, -71.09983363333333), 'heading': 85.6, 'depth': 1.0, 'altitude': 10.0, 'roll': 0.0, 'pitch': 0.0, 'last_fix_time': datetime.datetime(2021, 7, 28, 15, 44, 50), 'speed': None, 'rudder': 0, 'datum': (42.3, -71.1)}
2021-07-28 16:44:51,749 [INFO] Processing: $BFNVG,154450.63,4218.002590,N,07105.989760,W,0,10.0,1.0,85.6,0.0,0.0,154450.63*6C
2021-07-28 16:44:51,751 [INFO] Interpreted as: {'position': (14.186810587532818, 4.446131984703243), 'latlon': (42.30004316666667, -71.09982933333333), 'heading': 85.6, 'depth': 1.0, 'altitude': 10.0, 'roll': 0.0, 'pitch': 0.0, 'last_fix_time': datetime.datetime(2021, 7, 28, 15, 44, 50), 'speed': None, 'rudder': 0, 'datum': (42.3, -71.1)}
2021-07-28 16:44:51,752 [INFO] Received from Frontseat: [b'$BFNVG,154449.59,4218.002531,N,07105.990533,W,0,10.0,1.0,85.6,0.0,0.0,154449.59*6B', b'$BFNVG,154449.94,4218.002551,N,07105.990276,W,0,10.0,1.0,85.6,0.0,0.0,154449.94*6B', b'$BFNVG,154450.28,4218.002570,N,07105.990018,W,0,10.0,1.0,85.6,0.0,0.0,154450.28*62', b'$BFNVG,154450.63,4218.002590,N,07105.989760,W,0,10.0,1.0,85.6,0.0,0.0,154450.63*6C']
2021-07-28 16:44:51,753 [INFO] AUV state: {'position': (14.186810587532818, 4.446131984703243), 'latlon': (42.30004316666667, -71.09982933333333), 'heading': 85.6, 'depth': 1.0, 'altitude': 10.0, 'roll': 0.0, 'pitch': 0.0, 'last_fix_time': datetime.datetime(2021, 7, 28, 15, 44, 50), 'speed': None, 'rudder': 0, 'datum': (42.3, -71.1)}
2021-07-28 16:44:52,092 [INFO] **** [] []
2021-07-28 16:44:52,094 [INFO] Next green buoy: [], next red buoy: []
2021-07-28 16:44:52,094 [INFO] Desired_heading: 85.6
2021-07-28 16:44:52,094 [INFO] sending message $BPRMB,154452.65,-0.0,,,1000,0,1*4e
...
2021-07-28 16:44:53,096 [INFO] sending message $BPSTS,154453.09,1,BWSI Autonomy OK*4f
...
2021-07-28 16:44:53,097 [INFO] Processing: $BFNVG,154450.97,4218.002610,N,07105.989503,W,0,10.0,1.0,85.6,0.0,0.0,154450.97*60
2021-07-28 16:44:53,099 [INFO] Interpreted as: {'position': (14.540810825419612, 4.474433047696948), 'latlon': (42.3000435, -71.09982505), 'heading': 85.6, 'depth': 1.0, 'altitude': 10.0, 'roll': 0.0, 'pitch': 0.0, 'last_fix_time': datetime.datetime(2021, 7, 28, 15, 44, 50), 'speed': None, 'rudder': 0, 'datum': (42.3, -71.1)}
2021-07-28 16:44:53,100 [INFO] Processing: $BFNVG,154451.32,4218.002629,N,07105.989246,W,0,10.0,1.0,85.6,0.0,0.0,154451.32*6C
2021-07-28 16:44:53,102 [INFO] Interpreted as: {'position': (14.894765393284615, 4.500883431173861), 'latlon': (42.300043816666665, -71.09982076666667), 'heading': 85.6, 'depth': 1.0, 'altitude': 10.0, 'roll': 0.0, 'pitch': 0.0, 'last_fix_time': datetime.datetime(2021, 7, 28, 15, 44, 51), 'speed': None, 'rudder': 0, 'datum': (42.3, -71.1)}
2021-07-28 16:44:53,104 [INFO] Processing: $BFNVG,154451.66,4218.002649,N,07105.988989,W,0,10.0,1.0,85.6,0.0,0.0,154451.66*63
2021-07-28 16:44:53,107 [INFO] Interpreted as: {'position': (15.248765625699889, 4.529184530489147), 'latlon': (42.30004415, -71.09981648333333), 'heading': 85.6, 'depth': 1.0, 'altitude': 10.0, 'roll': 0.0, 'pitch': 0.0, 'last_fix_time': datetime.datetime(2021, 7, 28, 15, 44, 51), 'speed': None, 'rudder': 0, 'datum': (42.3, -71.1)}
2021-07-28 16:44:53,108 [INFO] Processing: $BFNVG,154452.01,4218.002668,N,07105.988732,W,0,10.0,1.0,85.6,0.0,0.0,154452.01*6E
2021-07-28 16:44:53,111 [INFO] Interpreted as: {'position': (15.60272018413525, 4.5556349493563175), 'latlon': (42.30004446666667, -71.0998122), 'heading': 85.6, 'depth': 1.0, 'altitude': 10.0, 'roll': 0.0, 'pitch': 0.0, 'last_fix_time': datetime.datetime(2021, 7, 28, 15, 44, 52), 'speed': None, 'rudder': 0, 'datum': (42.3, -71.1)}
2021-07-28 16:44:53,113 [INFO] Received from Frontseat: [b'$BFNVG,154450.97,4218.002610,N,07105.989503,W,0,10.0,1.0,85.6,0.0,0.0,154450.97*60', b'$BFNVG,154451.32,4218.002629,N,07105.989246,W,0,10.0,1.0,85.6,0.0,0.0,154451.32*6C', b'$BFNVG,154451.66,4218.002649,N,07105.988989,W,0,10.0,1.0,85.6,0.0,0.0,154451.66*63', b'$BFNVG,154452.01,4218.002668,N,07105.988732,W,0,10.0,1.0,85.6,0.0,0.0,154452.01*6E']
2021-07-28 16:44:53,114 [INFO] AUV state: {'position': (15.60272018413525, 4.5556349493563175), 'latlon': (42.30004446666667, -71.0998122), 'heading': 85.6, 'depth': 1.0, 'altitude': 10.0, 'roll': 0.0, 'pitch': 0.0, 'last_fix_time': datetime.datetime(2021, 7, 28, 15, 44, 52), 'speed': None, 'rudder': 0, 'datum': (42.3, -71.1)}
2021-07-28 16:44:53,463 [INFO] **** [] []
2021-07-28 16:44:53,465 [INFO] Next green buoy: [], next red buoy: []
2021-07-28 16:44:53,466 [INFO] Desired_heading: 85.6
2021-07-28 16:44:53,466 [INFO] sending message $BPRMB,154453.53,-0.0,,,1000,0,1*4a
...
2021-07-28 16:44:54,468 [INFO] sending message $BPSTS,154454.46,1,BWSI Autonomy OK*43
...
2021-07-28 16:44:54,469 [INFO] Processing: $BFNVG,154452.36,4218.002688,N,07105.988475,W,0,10.0,1.0,85.6,0.0,0.0,154452.36*60
2021-07-28 16:44:54,471 [INFO] Interpreted as: {'position': (15.956720408983529, 4.5839360831305385), 'latlon': (42.3000448, -71.09980791666666), 'heading': 85.6, 'depth': 1.0, 'altitude': 10.0, 'roll': 0.0, 'pitch': 0.0, 'last_fix_time': datetime.datetime(2021, 7, 28, 15, 44, 52), 'speed': None, 'rudder': 0, 'datum': (42.3, -71.1)}
2021-07-28 16:44:54,472 [INFO] Processing: $BFNVG,154452.71,4218.002708,N,07105.988212,W,0,10.0,1.0,85.6,0.0,0.0,154452.71*6E
2021-07-28 16:44:54,474 [INFO] Interpreted as: {'position': (16.31896390079055, 4.612033824436367), 'latlon': (42.300045133333334, -71.09980353333333), 'heading': 85.6, 'depth': 1.0, 'altitude': 10.0, 'roll': 0.0, 'pitch': 0.0, 'last_fix_time': datetime.datetime(2021, 7, 28, 15, 44, 52), 'speed': None, 'rudder': 0, 'datum': (42.3, -71.1)}
2021-07-28 16:44:54,475 [INFO] Processing: $BFNVG,154453.06,4218.002728,N,07105.987952,W,0,10.0,1.0,85.6,0.0,0.0,154453.06*6C
2021-07-28 16:44:54,477 [INFO] Interpreted as: {'position': (16.67708575440338, 4.640233287587762), 'latlon': (42.30004546666667, -71.0997992), 'heading': 85.6, 'depth': 1.0, 'altitude': 10.0, 'roll': 0.0, 'pitch': 0.0, 'last_fix_time': datetime.datetime(2021, 7, 28, 15, 44, 53), 'speed': None, 'rudder': 0, 'datum': (42.3, -71.1)}
2021-07-28 16:44:54,478 [INFO] Processing: $BFNVG,154453.40,4218.002747,N,07105.987697,W,0,10.0,1.0,85.6,0.0,0.0,154453.40*63
2021-07-28 16:44:54,481 [INFO] Interpreted as: {'position': (17.028292542498093, 4.666751582175493), 'latlon': (42.30004578333333, -71.09979495), 'heading': 85.6, 'depth': 1.0, 'altitude': 10.0, 'roll': 0.0, 'pitch': 0.0, 'last_fix_time': datetime.datetime(2021, 7, 28, 15, 44, 53), 'speed': None, 'rudder': 0, 'datum': (42.3, -71.1)}
2021-07-28 16:44:54,482 [INFO] Received from Frontseat: [b'$BFNVG,154452.36,4218.002688,N,07105.988475,W,0,10.0,1.0,85.6,0.0,0.0,154452.36*60', b'$BFNVG,154452.71,4218.002708,N,07105.988212,W,0,10.0,1.0,85.6,0.0,0.0,154452.71*6E', b'$BFNVG,154453.06,4218.002728,N,07105.987952,W,0,10.0,1.0,85.6,0.0,0.0,154453.06*6C', b'$BFNVG,154453.40,4218.002747,N,07105.987697,W,0,10.0,1.0,85.6,0.0,0.0,154453.40*63']
2021-07-28 16:44:54,483 [INFO] AUV state: {'position': (17.028292542498093, 4.666751582175493), 'latlon': (42.30004578333333, -71.09979495), 'heading': 85.6, 'depth': 1.0, 'altitude': 10.0, 'roll': 0.0, 'pitch': 0.0, 'last_fix_time': datetime.datetime(2021, 7, 28, 15, 44, 53), 'speed': None, 'rudder': 0, 'datum': (42.3, -71.1)}
2021-07-28 16:44:54,839 [INFO] **** [] []
2021-07-28 16:44:54,841 [INFO] Next green buoy: [], next red buoy: []
2021-07-28 16:44:54,842 [INFO] Desired_heading: 85.6
2021-07-28 16:44:54,842 [INFO] sending message $BPRMB,154455.39,-0.0,,,1000,0,1*40
...
2021-07-28 16:44:55,844 [INFO] sending message $BPSTS,154455.84,1,BWSI Autonomy OK*4c
...
2021-07-28 16:44:55,844 [INFO] Processing: $BFNVG,154453.74,4218.002767,N,07105.987440,W,0,10.0,1.0,85.6,0.0,0.0,154453.74*69
2021-07-28 16:44:55,846 [INFO] Interpreted as: {'position': (17.38229275215417, 4.695052789524198), 'latlon': (42.300046116666664, -71.09979066666666), 'heading': 85.6, 'depth': 1.0, 'altitude': 10.0, 'roll': 0.0, 'pitch': 0.0, 'last_fix_time': datetime.datetime(2021, 7, 28, 15, 44, 53), 'speed': None, 'rudder': 0, 'datum': (42.3, -71.1)}
2021-07-28 16:44:55,847 [INFO] Processing: $BFNVG,154454.09,4218.002787,N,07105.987180,W,0,10.0,1.0,85.6,0.0,0.0,154454.09*6E
2021-07-28 16:44:55,848 [INFO] Interpreted as: {'position': (17.74041459430009, 4.723252308554947), 'latlon': (42.30004645, -71.09978633333333), 'heading': 85.6, 'depth': 1.0, 'altitude': 10.0, 'roll': 0.0, 'pitch': 0.0, 'last_fix_time': datetime.datetime(2021, 7, 28, 15, 44, 54), 'speed': None, 'rudder': 0, 'datum': (42.3, -71.1)}
2021-07-28 16:44:55,849 [INFO] Processing: $BFNVG,154454.44,4218.002806,N,07105.986920,W,0,10.0,1.0,85.6,0.0,0.0,154454.44*6B
2021-07-28 16:44:55,850 [INFO] Interpreted as: {'position': (18.098490761010908, 4.7496011490002275), 'latlon': (42.30004676666667, -71.099782), 'heading': 85.6, 'depth': 1.0, 'altitude': 10.0, 'roll': 0.0, 'pitch': 0.0, 'last_fix_time': datetime.datetime(2021, 7, 28, 15, 44, 54), 'speed': None, 'rudder': 0, 'datum': (42.3, -71.1)}
2021-07-28 16:44:55,851 [INFO] Processing: $BFNVG,154454.79,4218.002826,N,07105.986659,W,0,10.0,1.0,85.6,0.0,0.0,154454.79*68
2021-07-28 16:44:55,852 [INFO] Interpreted as: {'position': (18.45798647432821, 4.7777668023481965), 'latlon': (42.3000471, -71.09977765), 'heading': 85.6, 'depth': 1.0, 'altitude': 10.0, 'roll': 0.0, 'pitch': 0.0, 'last_fix_time': datetime.datetime(2021, 7, 28, 15, 44, 54), 'speed': None, 'rudder': 0, 'datum': (42.3, -71.1)}
2021-07-28 16:44:55,853 [INFO] Received from Frontseat: [b'$BFNVG,154453.74,4218.002767,N,07105.987440,W,0,10.0,1.0,85.6,0.0,0.0,154453.74*69', b'$BFNVG,154454.09,4218.002787,N,07105.987180,W,0,10.0,1.0,85.6,0.0,0.0,154454.09*6E', b'$BFNVG,154454.44,4218.002806,N,07105.986920,W,0,10.0,1.0,85.6,0.0,0.0,154454.44*6B', b'$BFNVG,154454.79,4218.002826,N,07105.986659,W,0,10.0,1.0,85.6,0.0,0.0,154454.79*68']
2021-07-28 16:44:55,854 [INFO] AUV state: {'position': (18.45798647432821, 4.7777668023481965), 'latlon': (42.3000471, -71.09977765), 'heading': 85.6, 'depth': 1.0, 'altitude': 10.0, 'roll': 0.0, 'pitch': 0.0, 'last_fix_time': datetime.datetime(2021, 7, 28, 15, 44, 54), 'speed': None, 'rudder': 0, 'datum': (42.3, -71.1)}
2021-07-28 16:44:56,204 [INFO] **** [] []
2021-07-28 16:44:56,206 [INFO] Next green buoy: [], next red buoy: []
2021-07-28 16:44:56,206 [INFO] Desired_heading: 85.6
2021-07-28 16:44:56,207 [INFO] sending message $BPRMB,154456.29,-0.0,,,1000,0,1*42
...
2021-07-28 16:44:57,208 [INFO] sending message $BPSTS,154457.20,1,BWSI Autonomy OK*40
...
2021-07-28 16:44:57,209 [INFO] Processing: $BFNVG,154455.14,4218.002846,N,07105.986398,W,0,10.0,1.0,85.6,0.0,0.0,154455.14*66
2021-07-28 16:44:57,214 [INFO] Interpreted as: {'position': (18.81748218368739, 4.805932474322617), 'latlon': (42.30004743333333, -71.0997733), 'heading': 85.6, 'depth': 1.0, 'altitude': 10.0, 'roll': 0.0, 'pitch': 0.0, 'last_fix_time': datetime.datetime(2021, 7, 28, 15, 44, 55), 'speed': None, 'rudder': 0, 'datum': (42.3, -71.1)}
2021-07-28 16:44:57,215 [INFO] Processing: $BFNVG,154455.50,4218.002866,N,07105.986133,W,0,10.0,1.0,85.6,0.0,0.0,154455.50*67
2021-07-28 16:44:57,217 [INFO] Interpreted as: {'position': (19.182473404274788, 4.83396255876869), 'latlon': (42.300047766666665, -71.09976888333334), 'heading': 85.6, 'depth': 1.0, 'altitude': 10.0, 'roll': 0.0, 'pitch': 0.0, 'last_fix_time': datetime.datetime(2021, 7, 28, 15, 44, 55), 'speed': None, 'rudder': 0, 'datum': (42.3, -71.1)}
2021-07-28 16:44:57,218 [INFO] Processing: $BFNVG,154455.86,4218.002887,N,07105.985862,W,0,10.0,1.0,85.6,0.0,0.0,154455.86*66
2021-07-28 16:44:57,220 [INFO] Interpreted as: {'position': (19.555753560271114, 4.8636399526149035), 'latlon': (42.300048116666666, -71.09976436666666), 'heading': 85.6, 'depth': 1.0, 'altitude': 10.0, 'roll': 0.0, 'pitch': 0.0, 'last_fix_time': datetime.datetime(2021, 7, 28, 15, 44, 55), 'speed': None, 'rudder': 0, 'datum': (42.3, -71.1)}
2021-07-28 16:44:57,221 [INFO] Received from Frontseat: [b'$BFNVG,154455.14,4218.002846,N,07105.986398,W,0,10.0,1.0,85.6,0.0,0.0,154455.14*66', b'$BFNVG,154455.50,4218.002866,N,07105.986133,W,0,10.0,1.0,85.6,0.0,0.0,154455.50*67', b'$BFNVG,154455.86,4218.002887,N,07105.985862,W,0,10.0,1.0,85.6,0.0,0.0,154455.86*66']
2021-07-28 16:44:57,221 [INFO] AUV state: {'position': (19.555753560271114, 4.8636399526149035), 'latlon': (42.300048116666666, -71.09976436666666), 'heading': 85.6, 'depth': 1.0, 'altitude': 10.0, 'roll': 0.0, 'pitch': 0.0, 'last_fix_time': datetime.datetime(2021, 7, 28, 15, 44, 55), 'speed': None, 'rudder': 0, 'datum': (42.3, -71.1)}
2021-07-28 16:44:57,554 [INFO] **** [] []
2021-07-28 16:44:57,556 [INFO] Next green buoy: [], next red buoy: []
2021-07-28 16:44:57,556 [INFO] Desired_heading: 85.6
2021-07-28 16:44:57,556 [INFO] sending message $BPRMB,154458.12,-0.0,,,1000,0,1*44
...
2021-07-28 16:44:58,558 [INFO] sending message $BPSTS,154458.55,1,BWSI Autonomy OK*4d
...
2021-07-28 16:44:58,559 [INFO] Processing: $BFNVG,154456.22,4218.002907,N,07105.985596,W,0,10.0,1.0,85.6,0.0,0.0,154456.22*69
2021-07-28 16:44:58,561 [INFO] Interpreted as: {'position': (19.922118651564233, 4.891636175103486), 'latlon': (42.30004845, -71.09975993333333), 'heading': 85.6, 'depth': 1.0, 'altitude': 10.0, 'roll': 0.0, 'pitch': 0.0, 'last_fix_time': datetime.datetime(2021, 7, 28, 15, 44, 56), 'speed': None, 'rudder': 0, 'datum': (42.3, -71.1)}
2021-07-28 16:44:58,562 [INFO] Processing: $BFNVG,154456.59,4218.002928,N,07105.985322,W,0,10.0,1.0,85.6,0.0,0.0,154456.59*6D
2021-07-28 16:44:58,563 [INFO] Interpreted as: {'position': (20.299520433298312, 4.921211905777454), 'latlon': (42.3000488, -71.09975536666667), 'heading': 85.6, 'depth': 1.0, 'altitude': 10.0, 'roll': 0.0, 'pitch': 0.0, 'last_fix_time': datetime.datetime(2021, 7, 28, 15, 44, 56), 'speed': None, 'rudder': 0, 'datum': (42.3, -71.1)}
2021-07-28 16:44:58,564 [INFO] Processing: $BFNVG,154456.94,4218.002948,N,07105.985058,W,0,10.0,1.0,85.6,0.0,0.0,154456.94*65
2021-07-28 16:44:58,566 [INFO] Interpreted as: {'position': (20.66313775902381, 4.949275967665017), 'latlon': (42.30004913333333, -71.09975096666666), 'heading': 85.6, 'depth': 1.0, 'altitude': 10.0, 'roll': 0.0, 'pitch': 0.0, 'last_fix_time': datetime.datetime(2021, 7, 28, 15, 44, 56), 'speed': None, 'rudder': 0, 'datum': (42.3, -71.1)}
2021-07-28 16:44:58,566 [INFO] Processing: $BFNVG,154457.30,4218.002968,N,07105.984794,W,0,10.0,1.0,85.6,0.0,0.0,154457.30*61
2021-07-28 16:44:58,568 [INFO] Interpreted as: {'position': (21.02675507881213, 4.977340049110353), 'latlon': (42.300049466666664, -71.09974656666667), 'heading': 85.6, 'depth': 1.0, 'altitude': 10.0, 'roll': 0.0, 'pitch': 0.0, 'last_fix_time': datetime.datetime(2021, 7, 28, 15, 44, 57), 'speed': None, 'rudder': 0, 'datum': (42.3, -71.1)}
2021-07-28 16:44:58,569 [INFO] Received from Frontseat: [b'$BFNVG,154456.22,4218.002907,N,07105.985596,W,0,10.0,1.0,85.6,0.0,0.0,154456.22*69', b'$BFNVG,154456.59,4218.002928,N,07105.985322,W,0,10.0,1.0,85.6,0.0,0.0,154456.59*6D', b'$BFNVG,154456.94,4218.002948,N,07105.985058,W,0,10.0,1.0,85.6,0.0,0.0,154456.94*65', b'$BFNVG,154457.30,4218.002968,N,07105.984794,W,0,10.0,1.0,85.6,0.0,0.0,154457.30*61']
2021-07-28 16:44:58,569 [INFO] AUV state: {'position': (21.02675507881213, 4.977340049110353), 'latlon': (42.300049466666664, -71.09974656666667), 'heading': 85.6, 'depth': 1.0, 'altitude': 10.0, 'roll': 0.0, 'pitch': 0.0, 'last_fix_time': datetime.datetime(2021, 7, 28, 15, 44, 57), 'speed': None, 'rudder': 0, 'datum': (42.3, -71.1)}
2021-07-28 16:44:58,916 [INFO] **** [] []
2021-07-28 16:44:58,918 [INFO] Next green buoy: [], next red buoy: []
2021-07-28 16:44:58,918 [INFO] Desired_heading: 85.6
2021-07-28 16:44:58,919 [INFO] sending message $BPRMB,154458.99,-0.0,,,1000,0,1*47
...
2021-07-28 16:44:59,920 [INFO] sending message $BPSTS,154459.92,1,BWSI Autonomy OK*47
...
2021-07-28 16:44:59,921 [INFO] Processing: $BFNVG,154457.65,4218.002988,N,07105.984530,W,0,10.0,1.0,85.6,0.0,0.0,154457.65*63
2021-07-28 16:44:59,923 [INFO] Interpreted as: {'position': (21.390372396621387, 5.005404150113463), 'latlon': (42.3000498, -71.09974216666667), 'heading': 85.6, 'depth': 1.0, 'altitude': 10.0, 'roll': 0.0, 'pitch': 0.0, 'last_fix_time': datetime.datetime(2021, 7, 28, 15, 44, 57), 'speed': None, 'rudder': 0, 'datum': (42.3, -71.1)}
2021-07-28 16:44:59,924 [INFO] Processing: $BFNVG,154458.01,4218.003009,N,07105.984265,W,0,10.0,1.0,85.6,0.0,0.0,154458.01*65
2021-07-28 16:44:59,926 [INFO] Interpreted as: {'position': (21.755409255740233, 5.035285064950585), 'latlon': (42.30005015, -71.09973775), 'heading': 85.6, 'depth': 1.0, 'altitude': 10.0, 'roll': 0.0, 'pitch': 0.0, 'last_fix_time': datetime.datetime(2021, 7, 28, 15, 44, 58), 'speed': None, 'rudder': 0, 'datum': (42.3, -71.1)}
2021-07-28 16:44:59,926 [INFO] Processing: $BFNVG,154458.36,4218.003029,N,07105.984003,W,0,10.0,1.0,85.6,0.0,0.0,154458.36*65
2021-07-28 16:44:59,928 [INFO] Interpreted as: {'position': (22.116278808331117, 5.0634170062839985), 'latlon': (42.30005048333334, -71.09973338333333), 'heading': 85.6, 'depth': 1.0, 'altitude': 10.0, 'roll': 0.0, 'pitch': 0.0, 'last_fix_time': datetime.datetime(2021, 7, 28, 15, 44, 58), 'speed': None, 'rudder': 0, 'datum': (42.3, -71.1)}
2021-07-28 16:44:59,929 [INFO] Processing: $BFNVG,154458.73,4218.003049,N,07105.983731,W,0,10.0,1.0,85.6,0.0,0.0,154458.73*62
2021-07-28 16:44:59,931 [INFO] Interpreted as: {'position': (22.490887143823784, 5.0912099573761225), 'latlon': (42.30005081666667, -71.09972885), 'heading': 85.6, 'depth': 1.0, 'altitude': 10.0, 'roll': 0.0, 'pitch': 0.0, 'last_fix_time': datetime.datetime(2021, 7, 28, 15, 44, 58), 'speed': None, 'rudder': 0, 'datum': (42.3, -71.1)}
2021-07-28 16:44:59,932 [INFO] Received from Frontseat: [b'$BFNVG,154457.65,4218.002988,N,07105.984530,W,0,10.0,1.0,85.6,0.0,0.0,154457.65*63', b'$BFNVG,154458.01,4218.003009,N,07105.984265,W,0,10.0,1.0,85.6,0.0,0.0,154458.01*65', b'$BFNVG,154458.36,4218.003029,N,07105.984003,W,0,10.0,1.0,85.6,0.0,0.0,154458.36*65', b'$BFNVG,154458.73,4218.003049,N,07105.983731,W,0,10.0,1.0,85.6,0.0,0.0,154458.73*62']
2021-07-28 16:44:59,933 [INFO] AUV state: {'position': (22.490887143823784, 5.0912099573761225), 'latlon': (42.30005081666667, -71.09972885), 'heading': 85.6, 'depth': 1.0, 'altitude': 10.0, 'roll': 0.0, 'pitch': 0.0, 'last_fix_time': datetime.datetime(2021, 7, 28, 15, 44, 58), 'speed': None, 'rudder': 0, 'datum': (42.3, -71.1)}
2021-07-28 16:45:00,279 [INFO] **** [] []
2021-07-28 16:45:00,281 [INFO] Next green buoy: [], next red buoy: []
2021-07-28 16:45:00,281 [INFO] Desired_heading: 85.6
2021-07-28 16:45:00,282 [INFO] sending message $BPRMB,154500.85,-0.0,,,1000,0,1*46
...
2021-07-28 16:45:01,284 [INFO] sending message $BPSTS,154501.28,1,BWSI Autonomy OK*4a
...
2021-07-28 16:45:01,285 [INFO] Processing: $BFNVG,154459.08,4218.003069,N,07105.983468,W,0,10.0,1.0,85.6,0.0,0.0,154459.08*6F
2021-07-28 16:45:01,287 [INFO] Interpreted as: {'position': (22.853130565024912, 5.119308033958077), 'latlon': (42.30005115, -71.09972446666667), 'heading': 85.6, 'depth': 1.0, 'altitude': 10.0, 'roll': 0.0, 'pitch': 0.0, 'last_fix_time': datetime.datetime(2021, 7, 28, 15, 44, 59), 'speed': None, 'rudder': 0, 'datum': (42.3, -71.1)}
2021-07-28 16:45:01,288 [INFO] Processing: $BFNVG,154459.43,4218.003089,N,07105.983204,W,0,10.0,1.0,85.6,0.0,0.0,154459.43*6D
2021-07-28 16:45:01,290 [INFO] Interpreted as: {'position': (23.21674786321819, 5.147372228093445), 'latlon': (42.300051483333334, -71.09972006666666), 'heading': 85.6, 'depth': 1.0, 'altitude': 10.0, 'roll': 0.0, 'pitch': 0.0, 'last_fix_time': datetime.datetime(2021, 7, 28, 15, 44, 59), 'speed': None, 'rudder': 0, 'datum': (42.3, -71.1)}
2021-07-28 16:45:01,291 [INFO] Processing: $BFNVG,154459.79,4218.003110,N,07105.982941,W,0,10.0,1.0,85.6,0.0,0.0,154459.79*67
2021-07-28 16:45:01,292 [INFO] Interpreted as: {'position': (23.579036944778636, 5.1773210391402245), 'latlon': (42.300051833333335, -71.09971568333333), 'heading': 85.6, 'depth': 1.0, 'altitude': 10.0, 'roll': 0.0, 'pitch': 0.0, 'last_fix_time': datetime.datetime(2021, 7, 28, 15, 44, 59), 'speed': None, 'rudder': 0, 'datum': (42.3, -71.1)}
2021-07-28 16:45:01,294 [INFO] Processing: $BFNVG,154500.14,4218.003130,N,07105.982677,W,0,10.0,1.0,85.6,0.0,0.0,154500.14*6F
2021-07-28 16:45:01,295 [INFO] Interpreted as: {'position': (23.94265423284378, 5.205385271459818), 'latlon': (42.30005216666667, -71.09971128333333), 'heading': 85.6, 'depth': 1.0, 'altitude': 10.0, 'roll': 0.0, 'pitch': 0.0, 'last_fix_time': datetime.datetime(2021, 7, 28, 15, 45), 'speed': None, 'rudder': 0, 'datum': (42.3, -71.1)}
2021-07-28 16:45:01,296 [INFO] Received from Frontseat: [b'$BFNVG,154459.08,4218.003069,N,07105.983468,W,0,10.0,1.0,85.6,0.0,0.0,154459.08*6F', b'$BFNVG,154459.43,4218.003089,N,07105.983204,W,0,10.0,1.0,85.6,0.0,0.0,154459.43*6D', b'$BFNVG,154459.79,4218.003110,N,07105.982941,W,0,10.0,1.0,85.6,0.0,0.0,154459.79*67', b'$BFNVG,154500.14,4218.003130,N,07105.982677,W,0,10.0,1.0,85.6,0.0,0.0,154500.14*6F']
2021-07-28 16:45:01,297 [INFO] AUV state: {'position': (23.94265423284378, 5.205385271459818), 'latlon': (42.30005216666667, -71.09971128333333), 'heading': 85.6, 'depth': 1.0, 'altitude': 10.0, 'roll': 0.0, 'pitch': 0.0, 'last_fix_time': datetime.datetime(2021, 7, 28, 15, 45), 'speed': None, 'rudder': 0, 'datum': (42.3, -71.1)}
2021-07-28 16:45:01,619 [INFO] **** [] []
2021-07-28 16:45:01,621 [INFO] Next green buoy: [], next red buoy: []
2021-07-28 16:45:01,622 [INFO] Desired_heading: 85.6
2021-07-28 16:45:01,622 [INFO] sending message $BPRMB,154501.71,-0.0,,,1000,0,1*4c
...
2021-07-28 16:45:02,624 [INFO] sending message $BPSTS,154502.62,1,BWSI Autonomy OK*47
...
2021-07-28 16:45:02,625 [INFO] Processing: $BFNVG,154500.50,4218.003150,N,07105.982412,W,0,10.0,1.0,85.6,0.0,0.0,154500.50*68
2021-07-28 16:45:02,631 [INFO] Interpreted as: {'position': (24.307645397726446, 5.233415621332824), 'latlon': (42.3000525, -71.09970686666666), 'heading': 85.6, 'depth': 1.0, 'altitude': 10.0, 'roll': 0.0, 'pitch': 0.0, 'last_fix_time': datetime.datetime(2021, 7, 28, 15, 45), 'speed': None, 'rudder': 0, 'datum': (42.3, -71.1)}
2021-07-28 16:45:02,631 [INFO] Processing: $BFNVG,154500.84,4218.003169,N,07105.982154,W,0,10.0,1.0,85.6,0.0,0.0,154500.84*65
2021-07-28 16:45:02,633 [INFO] Interpreted as: {'position': (24.66297374269925, 5.259832595475018), 'latlon': (42.300052816666664, -71.09970256666666), 'heading': 85.6, 'depth': 1.0, 'altitude': 10.0, 'roll': 0.0, 'pitch': 0.0, 'last_fix_time': datetime.datetime(2021, 7, 28, 15, 45), 'speed': None, 'rudder': 0, 'datum': (42.3, -71.1)}
2021-07-28 16:45:02,634 [INFO] Processing: $BFNVG,154501.20,4218.003190,N,07105.981887,W,0,10.0,1.0,85.6,0.0,0.0,154501.20*67
2021-07-28 16:45:02,636 [INFO] Interpreted as: {'position': (25.030758322624024, 5.289645880460739), 'latlon': (42.300053166666665, -71.09969811666667), 'heading': 85.6, 'depth': 1.0, 'altitude': 10.0, 'roll': 0.0, 'pitch': 0.0, 'last_fix_time': datetime.datetime(2021, 7, 28, 15, 45, 1), 'speed': None, 'rudder': 0, 'datum': (42.3, -71.1)}
2021-07-28 16:45:02,637 [INFO] Processing: $BFNVG,154501.56,4218.003210,N,07105.981623,W,0,10.0,1.0,85.6,0.0,0.0,154501.56*6C
2021-07-28 16:45:02,639 [INFO] Interpreted as: {'position': (25.394375597126782, 5.317710186354816), 'latlon': (42.3000535, -71.09969371666666), 'heading': 85.6, 'depth': 1.0, 'altitude': 10.0, 'roll': 0.0, 'pitch': 0.0, 'last_fix_time': datetime.datetime(2021, 7, 28, 15, 45, 1), 'speed': None, 'rudder': 0, 'datum': (42.3, -71.1)}
2021-07-28 16:45:02,640 [INFO] Received from Frontseat: [b'$BFNVG,154500.50,4218.003150,N,07105.982412,W,0,10.0,1.0,85.6,0.0,0.0,154500.50*68', b'$BFNVG,154500.84,4218.003169,N,07105.982154,W,0,10.0,1.0,85.6,0.0,0.0,154500.84*65', b'$BFNVG,154501.20,4218.003190,N,07105.981887,W,0,10.0,1.0,85.6,0.0,0.0,154501.20*67', b'$BFNVG,154501.56,4218.003210,N,07105.981623,W,0,10.0,1.0,85.6,0.0,0.0,154501.56*6C']
2021-07-28 16:45:02,641 [INFO] AUV state: {'position': (25.394375597126782, 5.317710186354816), 'latlon': (42.3000535, -71.09969371666666), 'heading': 85.6, 'depth': 1.0, 'altitude': 10.0, 'roll': 0.0, 'pitch': 0.0, 'last_fix_time': datetime.datetime(2021, 7, 28, 15, 45, 1), 'speed': None, 'rudder': 0, 'datum': (42.3, -71.1)}
2021-07-28 16:45:02,987 [INFO] **** [] []
2021-07-28 16:45:02,989 [INFO] Next green buoy: [], next red buoy: []
2021-07-28 16:45:02,990 [INFO] Desired_heading: 85.6
2021-07-28 16:45:02,990 [INFO] sending message $BPRMB,154503.53,-0.0,,,1000,0,1*4e
...
2021-07-28 16:45:03,992 [INFO] sending message $BPSTS,154503.99,1,BWSI Autonomy OK*42
...
2021-07-28 16:45:03,993 [INFO] Processing: $BFNVG,154501.91,4218.003230,N,07105.981361,W,0,10.0,1.0,85.6,0.0,0.0,154501.91*6D
2021-07-28 16:45:03,995 [INFO] Interpreted as: {'position': (25.755245108506642, 5.345842312090099), 'latlon': (42.30005383333334, -71.09968935), 'heading': 85.6, 'depth': 1.0, 'altitude': 10.0, 'roll': 0.0, 'pitch': 0.0, 'last_fix_time': datetime.datetime(2021, 7, 28, 15, 45, 1), 'speed': None, 'rudder': 0, 'datum': (42.3, -71.1)}
2021-07-28 16:45:03,996 [INFO] Processing: $BFNVG,154502.26,4218.003250,N,07105.981096,W,0,10.0,1.0,85.6,0.0,0.0,154502.26*60
2021-07-28 16:45:03,998 [INFO] Interpreted as: {'position': (26.120236251619644, 5.373872756958008), 'latlon': (42.30005416666667, -71.09968493333334), 'heading': 85.6, 'depth': 1.0, 'altitude': 10.0, 'roll': 0.0, 'pitch': 0.0, 'last_fix_time': datetime.datetime(2021, 7, 28, 15, 45, 2), 'speed': None, 'rudder': 0, 'datum': (42.3, -71.1)}
2021-07-28 16:45:03,999 [INFO] Processing: $BFNVG,154502.62,4218.003270,N,07105.980833,W,0,10.0,1.0,85.6,0.0,0.0,154502.62*64
2021-07-28 16:45:04,001 [INFO] Interpreted as: {'position': (26.4824796358007, 5.4019710207358), 'latlon': (42.3000545, -71.09968055), 'heading': 85.6, 'depth': 1.0, 'altitude': 10.0, 'roll': 0.0, 'pitch': 0.0, 'last_fix_time': datetime.datetime(2021, 7, 28, 15, 45, 2), 'speed': None, 'rudder': 0, 'datum': (42.3, -71.1)}
2021-07-28 16:45:04,002 [INFO] Received from Frontseat: [b'$BFNVG,154501.91,4218.003230,N,07105.981361,W,0,10.0,1.0,85.6,0.0,0.0,154501.91*6D', b'$BFNVG,154502.26,4218.003250,N,07105.981096,W,0,10.0,1.0,85.6,0.0,0.0,154502.26*60', b'$BFNVG,154502.62,4218.003270,N,07105.980833,W,0,10.0,1.0,85.6,0.0,0.0,154502.62*64']
2021-07-28 16:45:04,003 [INFO] AUV state: {'position': (26.4824796358007, 5.4019710207358), 'latlon': (42.3000545, -71.09968055), 'heading': 85.6, 'depth': 1.0, 'altitude': 10.0, 'roll': 0.0, 'pitch': 0.0, 'last_fix_time': datetime.datetime(2021, 7, 28, 15, 45, 2), 'speed': None, 'rudder': 0, 'datum': (42.3, -71.1)}
2021-07-28 16:45:04,334 [INFO] **** [] []
2021-07-28 16:45:04,336 [INFO] Next green buoy: [], next red buoy: []
2021-07-28 16:45:04,336 [INFO] Desired_heading: 85.6
2021-07-28 16:45:04,337 [INFO] sending message $BPRMB,154504.45,-0.0,,,1000,0,1*4e
...
2021-07-28 16:45:05,338 [INFO] sending message $BPSTS,154505.33,1,BWSI Autonomy OK*44
...
2021-07-28 16:45:05,339 [INFO] Processing: $BFNVG,154502.98,4218.003291,N,07105.980564,W,0,10.0,1.0,85.6,0.0,0.0,154502.98*64
2021-07-28 16:45:05,341 [INFO] Interpreted as: {'position': (26.853011952713132, 5.431716600432992), 'latlon': (42.30005485, -71.09967606666666), 'heading': 85.6, 'depth': 1.0, 'altitude': 10.0, 'roll': 0.0, 'pitch': 0.0, 'last_fix_time': datetime.datetime(2021, 7, 28, 15, 45, 2), 'speed': None, 'rudder': 0, 'datum': (42.3, -71.1)}
2021-07-28 16:45:05,342 [INFO] Processing: $BFNVG,154503.32,4218.003310,N,07105.980307,W,0,10.0,1.0,85.6,0.0,0.0,154503.32*6F
2021-07-28 16:45:05,344 [INFO] Interpreted as: {'position': (27.206966392404865, 5.458167601376772), 'latlon': (42.30005516666667, -71.09967178333333), 'heading': 85.6, 'depth': 1.0, 'altitude': 10.0, 'roll': 0.0, 'pitch': 0.0, 'last_fix_time': datetime.datetime(2021, 7, 28, 15, 45, 3), 'speed': None, 'rudder': 0, 'datum': (42.3, -71.1)}
2021-07-28 16:45:05,344 [INFO] Processing: $BFNVG,154503.68,4218.003330,N,07105.980043,W,0,10.0,1.0,85.6,0.0,0.0,154503.68*6E
2021-07-28 16:45:05,346 [INFO] Interpreted as: {'position': (27.570583643449936, 5.486232021823525), 'latlon': (42.3000555, -71.09966738333334), 'heading': 85.6, 'depth': 1.0, 'altitude': 10.0, 'roll': 0.0, 'pitch': 0.0, 'last_fix_time': datetime.datetime(2021, 7, 28, 15, 45, 3), 'speed': None, 'rudder': 0, 'datum': (42.3, -71.1)}
2021-07-28 16:45:05,347 [INFO] Processing: $BFNVG,154504.03,4218.003350,N,07105.979778,W,0,10.0,1.0,85.6,0.0,0.0,154504.03*61
2021-07-28 16:45:05,349 [INFO] Interpreted as: {'position': (27.935574767005164, 5.514262560755014), 'latlon': (42.30005583333333, -71.09966296666667), 'heading': 85.6, 'depth': 1.0, 'altitude': 10.0, 'roll': 0.0, 'pitch': 0.0, 'last_fix_time': datetime.datetime(2021, 7, 28, 15, 45, 4), 'speed': None, 'rudder': 0, 'datum': (42.3, -71.1)}
2021-07-28 16:45:05,350 [INFO] Received from Frontseat: [b'$BFNVG,154502.98,4218.003291,N,07105.980564,W,0,10.0,1.0,85.6,0.0,0.0,154502.98*64', b'$BFNVG,154503.32,4218.003310,N,07105.980307,W,0,10.0,1.0,85.6,0.0,0.0,154503.32*6F', b'$BFNVG,154503.68,4218.003330,N,07105.980043,W,0,10.0,1.0,85.6,0.0,0.0,154503.68*6E', b'$BFNVG,154504.03,4218.003350,N,07105.979778,W,0,10.0,1.0,85.6,0.0,0.0,154504.03*61']
2021-07-28 16:45:05,351 [INFO] AUV state: {'position': (27.935574767005164, 5.514262560755014), 'latlon': (42.30005583333333, -71.09966296666667), 'heading': 85.6, 'depth': 1.0, 'altitude': 10.0, 'roll': 0.0, 'pitch': 0.0, 'last_fix_time': datetime.datetime(2021, 7, 28, 15, 45, 4), 'speed': None, 'rudder': 0, 'datum': (42.3, -71.1)}
2021-07-28 16:45:05,697 [INFO] **** [] []
2021-07-28 16:45:05,699 [INFO] Next green buoy: [], next red buoy: []
2021-07-28 16:45:05,699 [INFO] Desired_heading: 85.6
2021-07-28 16:45:05,699 [INFO] sending message $BPRMB,154506.22,-0.0,,,1000,0,1*4d
...
2021-07-28 16:45:06,701 [INFO] sending message $BPSTS,154506.70,1,BWSI Autonomy OK*40
...
2021-07-28 16:45:06,702 [INFO] Processing: $BFNVG,154504.39,4218.003371,N,07105.979515,W,0,10.0,1.0,85.6,0.0,0.0,154504.39*6B
2021-07-28 16:45:06,704 [INFO] Interpreted as: {'position': (28.297863796295132, 5.54421161301434), 'latlon': (42.30005618333333, -71.09965858333334), 'heading': 85.6, 'depth': 1.0, 'altitude': 10.0, 'roll': 0.0, 'pitch': 0.0, 'last_fix_time': datetime.datetime(2021, 7, 28, 15, 45, 4), 'speed': None, 'rudder': 0, 'datum': (42.3, -71.1)}
2021-07-28 16:45:06,705 [INFO] Processing: $BFNVG,154504.73,4218.003390,N,07105.979258,W,0,10.0,1.0,85.6,0.0,0.0,154504.73*6A
2021-07-28 16:45:06,707 [INFO] Interpreted as: {'position': (28.651818218873814, 5.570662686601281), 'latlon': (42.3000565, -71.0996543), 'heading': 85.6, 'depth': 1.0, 'altitude': 10.0, 'roll': 0.0, 'pitch': 0.0, 'last_fix_time': datetime.datetime(2021, 7, 28, 15, 45, 4), 'speed': None, 'rudder': 0, 'datum': (42.3, -71.1)}
2021-07-28 16:45:06,708 [INFO] Processing: $BFNVG,154505.09,4218.003410,N,07105.978993,W,0,10.0,1.0,85.6,0.0,0.0,154505.09*68
2021-07-28 16:45:06,709 [INFO] Interpreted as: {'position': (29.016809332824778, 5.598693282343447), 'latlon': (42.300056833333336, -71.09964988333333), 'heading': 85.6, 'depth': 1.0, 'altitude': 10.0, 'roll': 0.0, 'pitch': 0.0, 'last_fix_time': datetime.datetime(2021, 7, 28, 15, 45, 5), 'speed': None, 'rudder': 0, 'datum': (42.3, -71.1)}
2021-07-28 16:45:06,710 [INFO] Processing: $BFNVG,154505.44,4218.003430,N,07105.978729,W,0,10.0,1.0,85.6,0.0,0.0,154505.44*65
2021-07-28 16:45:06,711 [INFO] Interpreted as: {'position': (29.380426564253867, 5.626757794991136), 'latlon': (42.30005716666667, -71.09964548333333), 'heading': 85.6, 'depth': 1.0, 'altitude': 10.0, 'roll': 0.0, 'pitch': 0.0, 'last_fix_time': datetime.datetime(2021, 7, 28, 15, 45, 5), 'speed': None, 'rudder': 0, 'datum': (42.3, -71.1)}
2021-07-28 16:45:06,712 [INFO] Received from Frontseat: [b'$BFNVG,154504.39,4218.003371,N,07105.979515,W,0,10.0,1.0,85.6,0.0,0.0,154504.39*6B', b'$BFNVG,154504.73,4218.003390,N,07105.979258,W,0,10.0,1.0,85.6,0.0,0.0,154504.73*6A', b'$BFNVG,154505.09,4218.003410,N,07105.978993,W,0,10.0,1.0,85.6,0.0,0.0,154505.09*68', b'$BFNVG,154505.44,4218.003430,N,07105.978729,W,0,10.0,1.0,85.6,0.0,0.0,154505.44*65']
2021-07-28 16:45:06,712 [INFO] AUV state: {'position': (29.380426564253867, 5.626757794991136), 'latlon': (42.30005716666667, -71.09964548333333), 'heading': 85.6, 'depth': 1.0, 'altitude': 10.0, 'roll': 0.0, 'pitch': 0.0, 'last_fix_time': datetime.datetime(2021, 7, 28, 15, 45, 5), 'speed': None, 'rudder': 0, 'datum': (42.3, -71.1)}
2021-07-28 16:45:07,049 [INFO] **** [] []
2021-07-28 16:45:07,051 [INFO] Next green buoy: [], next red buoy: []
2021-07-28 16:45:07,051 [INFO] Desired_heading: 85.6
2021-07-28 16:45:07,052 [INFO] sending message $BPRMB,154507.17,-0.0,,,1000,0,1*4a
...
2021-07-28 16:45:08,053 [INFO] sending message $BPSTS,154508.05,1,BWSI Autonomy OK*4c
...
2021-07-28 16:45:08,054 [INFO] Processing: $BFNVG,154505.80,4218.003451,N,07105.978463,W,0,10.0,1.0,85.6,0.0,0.0,154505.80*6F
2021-07-28 16:45:08,060 [INFO] Interpreted as: {'position': (29.746837213169783, 5.65660522505641), 'latlon': (42.30005751666667, -71.09964105), 'heading': 85.6, 'depth': 1.0, 'altitude': 10.0, 'roll': 0.0, 'pitch': 0.0, 'last_fix_time': datetime.datetime(2021, 7, 28, 15, 45, 5), 'speed': None, 'rudder': 0, 'datum': (42.3, -71.1)}
2021-07-28 16:45:08,061 [INFO] Processing: $BFNVG,154506.16,4218.003471,N,07105.978195,W,0,10.0,1.0,85.6,0.0,0.0,154506.16*61
2021-07-28 16:45:08,063 [INFO] Interpreted as: {'position': (30.115949950763024, 5.684534177184105), 'latlon': (42.30005785, -71.09963658333334), 'heading': 85.6, 'depth': 1.0, 'altitude': 10.0, 'roll': 0.0, 'pitch': 0.0, 'last_fix_time': datetime.datetime(2021, 7, 28, 15, 45, 6), 'speed': None, 'rudder': 0, 'datum': (42.3, -71.1)}
2021-07-28 16:45:08,064 [INFO] Processing: $BFNVG,154506.51,4218.003491,N,07105.977930,W,0,10.0,1.0,85.6,0.0,0.0,154506.51*67
2021-07-28 16:45:08,067 [INFO] Interpreted as: {'position': (30.480941048823297, 5.712564847432077), 'latlon': (42.300058183333334, -71.09963216666667), 'heading': 85.6, 'depth': 1.0, 'altitude': 10.0, 'roll': 0.0, 'pitch': 0.0, 'last_fix_time': datetime.datetime(2021, 7, 28, 15, 45, 6), 'speed': None, 'rudder': 0, 'datum': (42.3, -71.1)}
2021-07-28 16:45:08,068 [INFO] Processing: $BFNVG,154506.87,4218.003511,N,07105.977665,W,0,10.0,1.0,85.6,0.0,0.0,154506.87*61
2021-07-28 16:45:08,070 [INFO] Interpreted as: {'position': (30.845932140829973, 5.740595538169146), 'latlon': (42.30005851666667, -71.09962775), 'heading': 85.6, 'depth': 1.0, 'altitude': 10.0, 'roll': 0.0, 'pitch': 0.0, 'last_fix_time': datetime.datetime(2021, 7, 28, 15, 45, 6), 'speed': None, 'rudder': 0, 'datum': (42.3, -71.1)}
2021-07-28 16:45:08,071 [INFO] Received from Frontseat: [b'$BFNVG,154505.80,4218.003451,N,07105.978463,W,0,10.0,1.0,85.6,0.0,0.0,154505.80*6F', b'$BFNVG,154506.16,4218.003471,N,07105.978195,W,0,10.0,1.0,85.6,0.0,0.0,154506.16*61', b'$BFNVG,154506.51,4218.003491,N,07105.977930,W,0,10.0,1.0,85.6,0.0,0.0,154506.51*67', b'$BFNVG,154506.87,4218.003511,N,07105.977665,W,0,10.0,1.0,85.6,0.0,0.0,154506.87*61']
2021-07-28 16:45:08,072 [INFO] AUV state: {'position': (30.845932140829973, 5.740595538169146), 'latlon': (42.30005851666667, -71.09962775), 'heading': 85.6, 'depth': 1.0, 'altitude': 10.0, 'roll': 0.0, 'pitch': 0.0, 'last_fix_time': datetime.datetime(2021, 7, 28, 15, 45, 6), 'speed': None, 'rudder': 0, 'datum': (42.3, -71.1)}
2021-07-28 16:45:08,399 [INFO] **** [] []
2021-07-28 16:45:08,401 [INFO] Next green buoy: [], next red buoy: []
2021-07-28 16:45:08,401 [INFO] Desired_heading: 85.6
2021-07-28 16:45:08,402 [INFO] sending message $BPRMB,154508.92,-0.0,,,1000,0,1*48
...
2021-07-28 16:45:09,404 [INFO] sending message $BPSTS,154509.40,1,BWSI Autonomy OK*4c
...
2021-07-28 16:45:09,405 [INFO] Processing: $BFNVG,154507.23,4218.003532,N,07105.977399,W,0,10.0,1.0,85.6,0.0,0.0,154507.23*66
2021-07-28 16:45:09,407 [INFO] Interpreted as: {'position': (31.21234277333133, 5.770443043671548), 'latlon': (42.30005886666667, -71.09962331666667), 'heading': 85.6, 'depth': 1.0, 'altitude': 10.0, 'roll': 0.0, 'pitch': 0.0, 'last_fix_time': datetime.datetime(2021, 7, 28, 15, 45, 7), 'speed': None, 'rudder': 0, 'datum': (42.3, -71.1)}
2021-07-28 16:45:09,408 [INFO] Processing: $BFNVG,154507.58,4218.003552,N,07105.977134,W,0,10.0,1.0,85.6,0.0,0.0,154507.58*65
2021-07-28 16:45:09,410 [INFO] Interpreted as: {'position': (31.577333857421763, 5.798473770730197), 'latlon': (42.3000592, -71.0996189), 'heading': 85.6, 'depth': 1.0, 'altitude': 10.0, 'roll': 0.0, 'pitch': 0.0, 'last_fix_time': datetime.datetime(2021, 7, 28, 15, 45, 7), 'speed': None, 'rudder': 0, 'datum': (42.3, -71.1)}
2021-07-28 16:45:09,411 [INFO] Processing: $BFNVG,154507.94,4218.003572,N,07105.976869,W,0,10.0,1.0,85.6,0.0,0.0,154507.94*67
2021-07-28 16:45:09,413 [INFO] Interpreted as: {'position': (31.942324939649552, 5.826504516415298), 'latlon': (42.30005953333333, -71.09961448333334), 'heading': 85.6, 'depth': 1.0, 'altitude': 10.0, 'roll': 0.0, 'pitch': 0.0, 'last_fix_time': datetime.datetime(2021, 7, 28, 15, 45, 7), 'speed': None, 'rudder': 0, 'datum': (42.3, -71.1)}
2021-07-28 16:45:09,414 [INFO] Processing: $BFNVG,154508.30,4218.003592,N,07105.976603,W,0,10.0,1.0,85.6,0.0,0.0,154508.30*6B
2021-07-28 16:45:09,416 [INFO] Interpreted as: {'position': (32.30868989636656, 5.854501382447779), 'latlon': (42.300059866666665, -71.09961005), 'heading': 85.6, 'depth': 1.0, 'altitude': 10.0, 'roll': 0.0, 'pitch': 0.0, 'last_fix_time': datetime.datetime(2021, 7, 28, 15, 45, 8), 'speed': None, 'rudder': 0, 'datum': (42.3, -71.1)}
2021-07-28 16:45:09,417 [INFO] Received from Frontseat: [b'$BFNVG,154507.23,4218.003532,N,07105.977399,W,0,10.0,1.0,85.6,0.0,0.0,154507.23*66', b'$BFNVG,154507.58,4218.003552,N,07105.977134,W,0,10.0,1.0,85.6,0.0,0.0,154507.58*65', b'$BFNVG,154507.94,4218.003572,N,07105.976869,W,0,10.0,1.0,85.6,0.0,0.0,154507.94*67', b'$BFNVG,154508.30,4218.003592,N,07105.976603,W,0,10.0,1.0,85.6,0.0,0.0,154508.30*6B']
2021-07-28 16:45:09,418 [INFO] AUV state: {'position': (32.30868989636656, 5.854501382447779), 'latlon': (42.300059866666665, -71.09961005), 'heading': 85.6, 'depth': 1.0, 'altitude': 10.0, 'roll': 0.0, 'pitch': 0.0, 'last_fix_time': datetime.datetime(2021, 7, 28, 15, 45, 8), 'speed': None, 'rudder': 0, 'datum': (42.3, -71.1)}
2021-07-28 16:45:09,760 [INFO] **** [] []
2021-07-28 16:45:09,762 [INFO] Next green buoy: [], next red buoy: []
2021-07-28 16:45:09,763 [INFO] Desired_heading: 85.6
2021-07-28 16:45:09,763 [INFO] sending message $BPRMB,154509.88,-0.0,,,1000,0,1*42
...
2021-07-28 16:45:10,765 [INFO] sending message $BPSTS,154510.76,1,BWSI Autonomy OK*41
...
2021-07-28 16:45:10,766 [INFO] Processing: $BFNVG,154508.65,4218.003612,N,07105.976340,W,0,10.0,1.0,85.6,0.0,0.0,154508.65*62
2021-07-28 16:45:10,768 [INFO] Interpreted as: {'position': (32.67093321378343, 5.88259996380657), 'latlon': (42.3000602, -71.09960566666666), 'heading': 85.6, 'depth': 1.0, 'altitude': 10.0, 'roll': 0.0, 'pitch': 0.0, 'last_fix_time': datetime.datetime(2021, 7, 28, 15, 45, 8), 'speed': None, 'rudder': 0, 'datum': (42.3, -71.1)}
2021-07-28 16:45:10,769 [INFO] Processing: $BFNVG,154509.01,4218.003633,N,07105.976068,W,0,10.0,1.0,85.6,0.0,0.0,154509.01*68
2021-07-28 16:45:10,771 [INFO] Interpreted as: {'position': (33.04558709671255, 5.912244171835482), 'latlon': (42.30006055, -71.09960113333334), 'heading': 85.6, 'depth': 1.0, 'altitude': 10.0, 'roll': 0.0, 'pitch': 0.0, 'last_fix_time': datetime.datetime(2021, 7, 28, 15, 45, 9), 'speed': None, 'rudder': 0, 'datum': (42.3, -71.1)}
2021-07-28 16:45:10,772 [INFO] Processing: $BFNVG,154509.39,4218.003654,N,07105.975789,W,0,10.0,1.0,85.6,0.0,0.0,154509.39*62
2021-07-28 16:45:10,774 [INFO] Interpreted as: {'position': (33.429858124640305, 5.941651112399995), 'latlon': (42.3000609, -71.09959648333333), 'heading': 85.6, 'depth': 1.0, 'altitude': 10.0, 'roll': 0.0, 'pitch': 0.0, 'last_fix_time': datetime.datetime(2021, 7, 28, 15, 45, 9), 'speed': None, 'rudder': 0, 'datum': (42.3, -71.1)}
2021-07-28 16:45:10,775 [INFO] Processing: $BFNVG,154509.75,4218.003675,N,07105.975523,W,0,10.0,1.0,85.6,0.0,0.0,154509.75*63
2021-07-28 16:45:10,777 [INFO] Interpreted as: {'position': (33.79626872850349, 5.971498752012849), 'latlon': (42.30006125, -71.09959205), 'heading': 85.6, 'depth': 1.0, 'altitude': 10.0, 'roll': 0.0, 'pitch': 0.0, 'last_fix_time': datetime.datetime(2021, 7, 28, 15, 45, 9), 'speed': None, 'rudder': 0, 'datum': (42.3, -71.1)}
2021-07-28 16:45:10,777 [INFO] Received from Frontseat: [b'$BFNVG,154508.65,4218.003612,N,07105.976340,W,0,10.0,1.0,85.6,0.0,0.0,154508.65*62', b'$BFNVG,154509.01,4218.003633,N,07105.976068,W,0,10.0,1.0,85.6,0.0,0.0,154509.01*68', b'$BFNVG,154509.39,4218.003654,N,07105.975789,W,0,10.0,1.0,85.6,0.0,0.0,154509.39*62', b'$BFNVG,154509.75,4218.003675,N,07105.975523,W,0,10.0,1.0,85.6,0.0,0.0,154509.75*63']
2021-07-28 16:45:10,778 [INFO] AUV state: {'position': (33.79626872850349, 5.971498752012849), 'latlon': (42.30006125, -71.09959205), 'heading': 85.6, 'depth': 1.0, 'altitude': 10.0, 'roll': 0.0, 'pitch': 0.0, 'last_fix_time': datetime.datetime(2021, 7, 28, 15, 45, 9), 'speed': None, 'rudder': 0, 'datum': (42.3, -71.1)}
2021-07-28 16:45:11,113 [INFO] **** [] []
2021-07-28 16:45:11,115 [INFO] Next green buoy: [], next red buoy: []
2021-07-28 16:45:11,116 [INFO] Desired_heading: 85.6
2021-07-28 16:45:11,116 [INFO] sending message $BPRMB,154511.65,-0.0,,,1000,0,1*48
...
2021-07-28 16:45:12,118 [INFO] sending message $BPSTS,154512.11,1,BWSI Autonomy OK*42
...
2021-07-28 16:45:12,119 [INFO] Processing: $BFNVG,154510.10,4218.003695,N,07105.975256,W,0,10.0,1.0,85.6,0.0,0.0,154510.10*68
2021-07-28 16:45:12,121 [INFO] Interpreted as: {'position': (34.16400753922062, 5.999461816623807), 'latlon': (42.30006158333333, -71.0995876), 'heading': 85.6, 'depth': 1.0, 'altitude': 10.0, 'roll': 0.0, 'pitch': 0.0, 'last_fix_time': datetime.datetime(2021, 7, 28, 15, 45, 10), 'speed': None, 'rudder': 0, 'datum': (42.3, -71.1)}
2021-07-28 16:45:12,122 [INFO] Processing: $BFNVG,154510.46,4218.003715,N,07105.974993,W,0,10.0,1.0,85.6,0.0,0.0,154510.46*62
2021-07-28 16:45:12,124 [INFO] Interpreted as: {'position': (34.526250836555846, 6.0275604929775), 'latlon': (42.300061916666664, -71.09958321666667), 'heading': 85.6, 'depth': 1.0, 'altitude': 10.0, 'roll': 0.0, 'pitch': 0.0, 'last_fix_time': datetime.datetime(2021, 7, 28, 15, 45, 10), 'speed': None, 'rudder': 0, 'datum': (42.3, -71.1)}
2021-07-28 16:45:12,125 [INFO] Processing: $BFNVG,154510.82,4218.003735,N,07105.974727,W,0,10.0,1.0,85.6,0.0,0.0,154510.82*61
2021-07-28 16:45:12,127 [INFO] Interpreted as: {'position': (34.89261576527497, 6.0555574940517545), 'latlon': (42.30006225, -71.09957878333333), 'heading': 85.6, 'depth': 1.0, 'altitude': 10.0, 'roll': 0.0, 'pitch': 0.0, 'last_fix_time': datetime.datetime(2021, 7, 28, 15, 45, 10), 'speed': None, 'rudder': 0, 'datum': (42.3, -71.1)}
2021-07-28 16:45:12,128 [INFO] Received from Frontseat: [b'$BFNVG,154510.10,4218.003695,N,07105.975256,W,0,10.0,1.0,85.6,0.0,0.0,154510.10*68', b'$BFNVG,154510.46,4218.003715,N,07105.974993,W,0,10.0,1.0,85.6,0.0,0.0,154510.46*62', b'$BFNVG,154510.82,4218.003735,N,07105.974727,W,0,10.0,1.0,85.6,0.0,0.0,154510.82*61']
2021-07-28 16:45:12,130 [INFO] AUV state: {'position': (34.89261576527497, 6.0555574940517545), 'latlon': (42.30006225, -71.09957878333333), 'heading': 85.6, 'depth': 1.0, 'altitude': 10.0, 'roll': 0.0, 'pitch': 0.0, 'last_fix_time': datetime.datetime(2021, 7, 28, 15, 45, 10), 'speed': None, 'rudder': 0, 'datum': (42.3, -71.1)}
2021-07-28 16:45:12,445 [INFO] **** [] []
2021-07-28 16:45:12,448 [INFO] Next green buoy: [], next red buoy: []
2021-07-28 16:45:12,448 [INFO] Desired_heading: 85.6
2021-07-28 16:45:12,449 [INFO] sending message $BPRMB,154512.58,-0.0,,,1000,0,1*45
...
2021-07-28 16:45:13,450 [INFO] sending message $BPSTS,154513.45,1,BWSI Autonomy OK*42
...
2021-07-28 16:45:13,452 [INFO] Processing: $BFNVG,154511.18,4218.003756,N,07105.974457,W,0,10.0,1.0,85.6,0.0,0.0,154511.18*60
2021-07-28 16:45:13,457 [INFO] Interpreted as: {'position': (35.26452186645474, 6.085269616916776), 'latlon': (42.3000626, -71.09957428333334), 'heading': 85.6, 'depth': 1.0, 'altitude': 10.0, 'roll': 0.0, 'pitch': 0.0, 'last_fix_time': datetime.datetime(2021, 7, 28, 15, 45, 11), 'speed': None, 'rudder': 0, 'datum': (42.3, -71.1)}
2021-07-28 16:45:13,458 [INFO] Processing: $BFNVG,154511.54,4218.003776,N,07105.974187,W,0,10.0,1.0,85.6,0.0,0.0,154511.54*6A
2021-07-28 16:45:13,460 [INFO] Interpreted as: {'position': (35.636382300639525, 6.113131063990295), 'latlon': (42.300062933333336, -71.09956978333334), 'heading': 85.6, 'depth': 1.0, 'altitude': 10.0, 'roll': 0.0, 'pitch': 0.0, 'last_fix_time': datetime.datetime(2021, 7, 28, 15, 45, 11), 'speed': None, 'rudder': 0, 'datum': (42.3, -71.1)}
2021-07-28 16:45:13,461 [INFO] Processing: $BFNVG,154511.90,4218.003797,N,07105.973918,W,0,10.0,1.0,85.6,0.0,0.0,154511.90*6C
2021-07-28 16:45:13,463 [INFO] Interpreted as: {'position': (36.00691451516468, 6.142877124249935), 'latlon': (42.30006328333333, -71.0995653), 'heading': 85.6, 'depth': 1.0, 'altitude': 10.0, 'roll': 0.0, 'pitch': 0.0, 'last_fix_time': datetime.datetime(2021, 7, 28, 15, 45, 11), 'speed': None, 'rudder': 0, 'datum': (42.3, -71.1)}
2021-07-28 16:45:13,464 [INFO] Processing: $BFNVG,154512.26,4218.003817,N,07105.973651,W,0,10.0,1.0,85.6,0.0,0.0,154512.26*69
2021-07-28 16:45:13,466 [INFO] Interpreted as: {'position': (36.374653306091204, 6.17084030341357), 'latlon': (42.30006361666667, -71.09956085), 'heading': 85.6, 'depth': 1.0, 'altitude': 10.0, 'roll': 0.0, 'pitch': 0.0, 'last_fix_time': datetime.datetime(2021, 7, 28, 15, 45, 12), 'speed': None, 'rudder': 0, 'datum': (42.3, -71.1)}
2021-07-28 16:45:13,467 [INFO] Received from Frontseat: [b'$BFNVG,154511.18,4218.003756,N,07105.974457,W,0,10.0,1.0,85.6,0.0,0.0,154511.18*60', b'$BFNVG,154511.54,4218.003776,N,07105.974187,W,0,10.0,1.0,85.6,0.0,0.0,154511.54*6A', b'$BFNVG,154511.90,4218.003797,N,07105.973918,W,0,10.0,1.0,85.6,0.0,0.0,154511.90*6C', b'$BFNVG,154512.26,4218.003817,N,07105.973651,W,0,10.0,1.0,85.6,0.0,0.0,154512.26*69']
2021-07-28 16:45:13,468 [INFO] AUV state: {'position': (36.374653306091204, 6.17084030341357), 'latlon': (42.30006361666667, -71.09956085), 'heading': 85.6, 'depth': 1.0, 'altitude': 10.0, 'roll': 0.0, 'pitch': 0.0, 'last_fix_time': datetime.datetime(2021, 7, 28, 15, 45, 12), 'speed': None, 'rudder': 0, 'datum': (42.3, -71.1)}
2021-07-28 16:45:13,812 [INFO] **** [] []
2021-07-28 16:45:13,814 [INFO] Next green buoy: [], next red buoy: []
2021-07-28 16:45:13,815 [INFO] Desired_heading: 85.6
2021-07-28 16:45:13,815 [INFO] sending message $BPRMB,154514.31,-0.0,,,1000,0,1*4c
...
2021-07-28 16:45:14,817 [INFO] sending message $BPSTS,154514.81,1,BWSI Autonomy OK*4d
...
2021-07-28 16:45:14,818 [INFO] Processing: $BFNVG,154512.61,4218.003837,N,07105.973387,W,0,10.0,1.0,85.6,0.0,0.0,154512.61*65
2021-07-28 16:45:14,821 [INFO] Interpreted as: {'position': (36.73827045795042, 6.198905195109546), 'latlon': (42.30006395, -71.09955645), 'heading': 85.6, 'depth': 1.0, 'altitude': 10.0, 'roll': 0.0, 'pitch': 0.0, 'last_fix_time': datetime.datetime(2021, 7, 28, 15, 45, 12), 'speed': None, 'rudder': 0, 'datum': (42.3, -71.1)}
2021-07-28 16:45:14,822 [INFO] Processing: $BFNVG,154512.97,4218.003857,N,07105.973122,W,0,10.0,1.0,85.6,0.0,0.0,154512.97*6E
2021-07-28 16:45:14,824 [INFO] Interpreted as: {'position': (37.103261482086964, 6.226936208084226), 'latlon': (42.300064283333334, -71.09955203333334), 'heading': 85.6, 'depth': 1.0, 'altitude': 10.0, 'roll': 0.0, 'pitch': 0.0, 'last_fix_time': datetime.datetime(2021, 7, 28, 15, 45, 12), 'speed': None, 'rudder': 0, 'datum': (42.3, -71.1)}
2021-07-28 16:45:14,825 [INFO] Processing: $BFNVG,154513.32,4218.003878,N,07105.972858,W,0,10.0,1.0,85.6,0.0,0.0,154513.32*66
2021-07-28 16:45:14,827 [INFO] Interpreted as: {'position': (37.46692428836832, 6.256851835176349), 'latlon': (42.300064633333335, -71.09954763333333), 'heading': 85.6, 'depth': 1.0, 'altitude': 10.0, 'roll': 0.0, 'pitch': 0.0, 'last_fix_time': datetime.datetime(2021, 7, 28, 15, 45, 13), 'speed': None, 'rudder': 0, 'datum': (42.3, -71.1)}
2021-07-28 16:45:14,827 [INFO] Processing: $BFNVG,154513.69,4218.003898,N,07105.972584,W,0,10.0,1.0,85.6,0.0,0.0,154513.69*64
2021-07-28 16:45:14,829 [INFO] Interpreted as: {'position': (37.84428020979976, 6.284577806480229), 'latlon': (42.30006496666667, -71.09954306666667), 'heading': 85.6, 'depth': 1.0, 'altitude': 10.0, 'roll': 0.0, 'pitch': 0.0, 'last_fix_time': datetime.datetime(2021, 7, 28, 15, 45, 13), 'speed': None, 'rudder': 0, 'datum': (42.3, -71.1)}
2021-07-28 16:45:14,830 [INFO] Received from Frontseat: [b'$BFNVG,154512.61,4218.003837,N,07105.973387,W,0,10.0,1.0,85.6,0.0,0.0,154512.61*65', b'$BFNVG,154512.97,4218.003857,N,07105.973122,W,0,10.0,1.0,85.6,0.0,0.0,154512.97*6E', b'$BFNVG,154513.32,4218.003878,N,07105.972858,W,0,10.0,1.0,85.6,0.0,0.0,154513.32*66', b'$BFNVG,154513.69,4218.003898,N,07105.972584,W,0,10.0,1.0,85.6,0.0,0.0,154513.69*64']
2021-07-28 16:45:14,831 [INFO] AUV state: {'position': (37.84428020979976, 6.284577806480229), 'latlon': (42.30006496666667, -71.09954306666667), 'heading': 85.6, 'depth': 1.0, 'altitude': 10.0, 'roll': 0.0, 'pitch': 0.0, 'last_fix_time': datetime.datetime(2021, 7, 28, 15, 45, 13), 'speed': None, 'rudder': 0, 'datum': (42.3, -71.1)}
2021-07-28 16:45:15,164 [INFO] **** [] []
2021-07-28 16:45:15,166 [INFO] Next green buoy: [], next red buoy: []
2021-07-28 16:45:15,166 [INFO] Desired_heading: 85.6
2021-07-28 16:45:15,167 [INFO] sending message $BPRMB,154515.31,-0.0,,,1000,0,1*4d
...
2021-07-28 16:45:16,169 [INFO] sending message $BPSTS,154516.16,1,BWSI Autonomy OK*41
...
2021-07-28 16:45:16,170 [INFO] Processing: $BFNVG,154514.05,4218.003919,N,07105.972317,W,0,10.0,1.0,85.6,0.0,0.0,154514.05*60
2021-07-28 16:45:16,171 [INFO] Interpreted as: {'position': (38.212064642924815, 6.314391779713333), 'latlon': (42.30006531666667, -71.09953861666666), 'heading': 85.6, 'depth': 1.0, 'altitude': 10.0, 'roll': 0.0, 'pitch': 0.0, 'last_fix_time': datetime.datetime(2021, 7, 28, 15, 45, 14), 'speed': None, 'rudder': 0, 'datum': (42.3, -71.1)}
2021-07-28 16:45:16,172 [INFO] Processing: $BFNVG,154514.41,4218.003939,N,07105.972052,W,0,10.0,1.0,85.6,0.0,0.0,154514.41*60
2021-07-28 16:45:16,174 [INFO] Interpreted as: {'position': (38.57705565314973, 6.342422869987786), 'latlon': (42.30006565, -71.0995342), 'heading': 85.6, 'depth': 1.0, 'altitude': 10.0, 'roll': 0.0, 'pitch': 0.0, 'last_fix_time': datetime.datetime(2021, 7, 28, 15, 45, 14), 'speed': None, 'rudder': 0, 'datum': (42.3, -71.1)}
2021-07-28 16:45:16,175 [INFO] Processing: $BFNVG,154514.79,4218.003961,N,07105.971767,W,0,10.0,1.0,85.6,0.0,0.0,154514.79*6F
2021-07-28 16:45:16,176 [INFO] Interpreted as: {'position': (38.969615549896844, 6.373477421700954), 'latlon': (42.30006601666667, -71.09952945), 'heading': 85.6, 'depth': 1.0, 'altitude': 10.0, 'roll': 0.0, 'pitch': 0.0, 'last_fix_time': datetime.datetime(2021, 7, 28, 15, 45, 14), 'speed': None, 'rudder': 0, 'datum': (42.3, -71.1)}
2021-07-28 16:45:16,178 [INFO] Processing: $BFNVG,154515.16,4218.003982,N,07105.971493,W,0,10.0,1.0,85.6,0.0,0.0,154515.16*6A
2021-07-28 16:45:16,180 [INFO] Interpreted as: {'position': (39.3470171187073, 6.40305417124182), 'latlon': (42.30006636666667, -71.09952488333333), 'heading': 85.6, 'depth': 1.0, 'altitude': 10.0, 'roll': 0.0, 'pitch': 0.0, 'last_fix_time': datetime.datetime(2021, 7, 28, 15, 45, 15), 'speed': None, 'rudder': 0, 'datum': (42.3, -71.1)}
2021-07-28 16:45:16,181 [INFO] Received from Frontseat: [b'$BFNVG,154514.05,4218.003919,N,07105.972317,W,0,10.0,1.0,85.6,0.0,0.0,154514.05*60', b'$BFNVG,154514.41,4218.003939,N,07105.972052,W,0,10.0,1.0,85.6,0.0,0.0,154514.41*60', b'$BFNVG,154514.79,4218.003961,N,07105.971767,W,0,10.0,1.0,85.6,0.0,0.0,154514.79*6F', b'$BFNVG,154515.16,4218.003982,N,07105.971493,W,0,10.0,1.0,85.6,0.0,0.0,154515.16*6A']
2021-07-28 16:45:16,182 [INFO] AUV state: {'position': (39.3470171187073, 6.40305417124182), 'latlon': (42.30006636666667, -71.09952488333333), 'heading': 85.6, 'depth': 1.0, 'altitude': 10.0, 'roll': 0.0, 'pitch': 0.0, 'last_fix_time': datetime.datetime(2021, 7, 28, 15, 45, 15), 'speed': None, 'rudder': 0, 'datum': (42.3, -71.1)}
2021-07-28 16:45:16,527 [INFO] **** [] []
2021-07-28 16:45:16,529 [INFO] Next green buoy: [], next red buoy: []
2021-07-28 16:45:16,530 [INFO] Desired_heading: 85.6
2021-07-28 16:45:16,530 [INFO] sending message $BPRMB,154517.01,-0.0,,,1000,0,1*4c
...
2021-07-28 16:45:17,532 [INFO] sending message $BPSTS,154517.53,1,BWSI Autonomy OK*41
...
2021-07-28 16:45:17,533 [INFO] Processing: $BFNVG,154515.53,4218.004003,N,07105.971217,W,0,10.0,1.0,85.6,0.0,0.0,154515.53*67
2021-07-28 16:45:17,535 [INFO] Interpreted as: {'position': (39.727166439872235, 6.432563147507608), 'latlon': (42.30006671666667, -71.09952028333333), 'heading': 85.6, 'depth': 1.0, 'altitude': 10.0, 'roll': 0.0, 'pitch': 0.0, 'last_fix_time': datetime.datetime(2021, 7, 28, 15, 45, 15), 'speed': None, 'rudder': 0, 'datum': (42.3, -71.1)}
2021-07-28 16:45:17,535 [INFO] Processing: $BFNVG,154515.88,4218.004023,N,07105.970951,W,0,10.0,1.0,85.6,0.0,0.0,154515.88*6D
2021-07-28 16:45:17,537 [INFO] Interpreted as: {'position': (40.0935313119553, 6.460560416802764), 'latlon': (42.30006705, -71.09951585), 'heading': 85.6, 'depth': 1.0, 'altitude': 10.0, 'roll': 0.0, 'pitch': 0.0, 'last_fix_time': datetime.datetime(2021, 7, 28, 15, 45, 15), 'speed': None, 'rudder': 0, 'datum': (42.3, -71.1)}
2021-07-28 16:45:17,537 [INFO] Processing: $BFNVG,154516.24,4218.004043,N,07105.970686,W,0,10.0,1.0,85.6,0.0,0.0,154516.24*6E
2021-07-28 16:45:17,539 [INFO] Interpreted as: {'position': (40.458522301749326, 6.488591603934765), 'latlon': (42.300067383333335, -71.09951143333333), 'heading': 85.6, 'depth': 1.0, 'altitude': 10.0, 'roll': 0.0, 'pitch': 0.0, 'last_fix_time': datetime.datetime(2021, 7, 28, 15, 45, 16), 'speed': None, 'rudder': 0, 'datum': (42.3, -71.1)}
2021-07-28 16:45:17,539 [INFO] Received from Frontseat: [b'$BFNVG,154515.53,4218.004003,N,07105.971217,W,0,10.0,1.0,85.6,0.0,0.0,154515.53*67', b'$BFNVG,154515.88,4218.004023,N,07105.970951,W,0,10.0,1.0,85.6,0.0,0.0,154515.88*6D', b'$BFNVG,154516.24,4218.004043,N,07105.970686,W,0,10.0,1.0,85.6,0.0,0.0,154516.24*6E']
2021-07-28 16:45:17,540 [INFO] AUV state: {'position': (40.458522301749326, 6.488591603934765), 'latlon': (42.300067383333335, -71.09951143333333), 'heading': 85.6, 'depth': 1.0, 'altitude': 10.0, 'roll': 0.0, 'pitch': 0.0, 'last_fix_time': datetime.datetime(2021, 7, 28, 15, 45, 16), 'speed': None, 'rudder': 0, 'datum': (42.3, -71.1)}
2021-07-28 16:45:17,873 [INFO] **** [] []
2021-07-28 16:45:17,875 [INFO] Next green buoy: [], next red buoy: []
2021-07-28 16:45:17,876 [INFO] Desired_heading: 85.6
2021-07-28 16:45:17,877 [INFO] sending message $BPRMB,154518.04,-0.0,,,1000,0,1*46
...
2021-07-28 16:45:18,878 [INFO] sending message $BPSTS,154518.87,1,BWSI Autonomy OK*47
...
2021-07-28 16:45:18,880 [INFO] Processing: $BFNVG,154516.60,4218.004063,N,07105.970420,W,0,10.0,1.0,85.6,0.0,0.0,154516.60*62
2021-07-28 16:45:18,882 [INFO] Interpreted as: {'position': (40.82488716393709, 6.516588913276792), 'latlon': (42.30006771666667, -71.099507), 'heading': 85.6, 'depth': 1.0, 'altitude': 10.0, 'roll': 0.0, 'pitch': 0.0, 'last_fix_time': datetime.datetime(2021, 7, 28, 15, 45, 16), 'speed': None, 'rudder': 0, 'datum': (42.3, -71.1)}
2021-07-28 16:45:18,883 [INFO] Processing: $BFNVG,154516.96,4218.004084,N,07105.970153,W,0,10.0,1.0,85.6,0.0,0.0,154516.96*6A
2021-07-28 16:45:18,885 [INFO] Interpreted as: {'position': (41.19267156382557, 6.546403039246798), 'latlon': (42.30006806666667, -71.09950255), 'heading': 85.6, 'depth': 1.0, 'altitude': 10.0, 'roll': 0.0, 'pitch': 0.0, 'last_fix_time': datetime.datetime(2021, 7, 28, 15, 45, 16), 'speed': None, 'rudder': 0, 'datum': (42.3, -71.1)}
2021-07-28 16:45:18,886 [INFO] Processing: $BFNVG,154517.31,4218.004104,N,07105.969887,W,0,10.0,1.0,85.6,0.0,0.0,154517.31*6B
2021-07-28 16:45:18,888 [INFO] Interpreted as: {'position': (41.55903641786426, 6.57440038677305), 'latlon': (42.3000684, -71.09949811666667), 'heading': 85.6, 'depth': 1.0, 'altitude': 10.0, 'roll': 0.0, 'pitch': 0.0, 'last_fix_time': datetime.datetime(2021, 7, 28, 15, 45, 17), 'speed': None, 'rudder': 0, 'datum': (42.3, -71.1)}
2021-07-28 16:45:18,889 [INFO] Processing: $BFNVG,154517.67,4218.004124,N,07105.969623,W,0,10.0,1.0,85.6,0.0,0.0,154517.67*69
2021-07-28 16:45:18,891 [INFO] Interpreted as: {'position': (41.922653513611294, 6.602465545758605), 'latlon': (42.30006873333333, -71.09949371666667), 'heading': 85.6, 'depth': 1.0, 'altitude': 10.0, 'roll': 0.0, 'pitch': 0.0, 'last_fix_time': datetime.datetime(2021, 7, 28, 15, 45, 17), 'speed': None, 'rudder': 0, 'datum': (42.3, -71.1)}
2021-07-28 16:45:18,892 [INFO] Received from Frontseat: [b'$BFNVG,154516.60,4218.004063,N,07105.970420,W,0,10.0,1.0,85.6,0.0,0.0,154516.60*62', b'$BFNVG,154516.96,4218.004084,N,07105.970153,W,0,10.0,1.0,85.6,0.0,0.0,154516.96*6A', b'$BFNVG,154517.31,4218.004104,N,07105.969887,W,0,10.0,1.0,85.6,0.0,0.0,154517.31*6B', b'$BFNVG,154517.67,4218.004124,N,07105.969623,W,0,10.0,1.0,85.6,0.0,0.0,154517.67*69']
2021-07-28 16:45:18,893 [INFO] AUV state: {'position': (41.922653513611294, 6.602465545758605), 'latlon': (42.30006873333333, -71.09949371666667), 'heading': 85.6, 'depth': 1.0, 'altitude': 10.0, 'roll': 0.0, 'pitch': 0.0, 'last_fix_time': datetime.datetime(2021, 7, 28, 15, 45, 17), 'speed': None, 'rudder': 0, 'datum': (42.3, -71.1)}
2021-07-28 16:45:19,219 [INFO] **** [] []
2021-07-28 16:45:19,221 [INFO] Next green buoy: [], next red buoy: []
2021-07-28 16:45:19,222 [INFO] Desired_heading: 85.6
2021-07-28 16:45:19,223 [INFO] sending message $BPRMB,154519.71,-0.0,,,1000,0,1*45
...
2021-07-28 16:45:20,225 [INFO] sending message $BPSTS,154520.22,1,BWSI Autonomy OK*43
...
2021-07-28 16:45:20,226 [INFO] Processing: $BFNVG,154518.02,4218.004144,N,07105.969358,W,0,10.0,1.0,85.6,0.0,0.0,154518.02*66
2021-07-28 16:45:20,228 [INFO] Interpreted as: {'position': (42.28764448373113, 6.630496826954186), 'latlon': (42.300069066666666, -71.0994893), 'heading': 85.6, 'depth': 1.0, 'altitude': 10.0, 'roll': 0.0, 'pitch': 0.0, 'last_fix_time': datetime.datetime(2021, 7, 28, 15, 45, 18), 'speed': None, 'rudder': 0, 'datum': (42.3, -71.1)}
2021-07-28 16:45:20,230 [INFO] Processing: $BFNVG,154518.38,4218.004164,N,07105.969093,W,0,10.0,1.0,85.6,0.0,0.0,154518.38*60
2021-07-28 16:45:20,232 [INFO] Interpreted as: {'position': (42.652635449776426, 6.658528129570186), 'latlon': (42.3000694, -71.09948488333333), 'heading': 85.6, 'depth': 1.0, 'altitude': 10.0, 'roll': 0.0, 'pitch': 0.0, 'last_fix_time': datetime.datetime(2021, 7, 28, 15, 45, 18), 'speed': None, 'rudder': 0, 'datum': (42.3, -71.1)}
2021-07-28 16:45:20,233 [INFO] Processing: $BFNVG,154518.74,4218.004185,N,07105.968827,W,0,10.0,1.0,85.6,0.0,0.0,154518.74*69
2021-07-28 16:45:20,236 [INFO] Interpreted as: {'position': (43.019045951077715, 6.68837624695152), 'latlon': (42.30006975, -71.09948045), 'heading': 85.6, 'depth': 1.0, 'altitude': 10.0, 'roll': 0.0, 'pitch': 0.0, 'last_fix_time': datetime.datetime(2021, 7, 28, 15, 45, 18), 'speed': None, 'rudder': 0, 'datum': (42.3, -71.1)}
2021-07-28 16:45:20,237 [INFO] Processing: $BFNVG,154519.11,4218.004206,N,07105.968548,W,0,10.0,1.0,85.6,0.0,0.0,154519.11*65
2021-07-28 16:45:20,240 [INFO] Interpreted as: {'position': (43.4033168652677, 6.717783730477095), 'latlon': (42.3000701, -71.0994758), 'heading': 85.6, 'depth': 1.0, 'altitude': 10.0, 'roll': 0.0, 'pitch': 0.0, 'last_fix_time': datetime.datetime(2021, 7, 28, 15, 45, 19), 'speed': None, 'rudder': 0, 'datum': (42.3, -71.1)}
2021-07-28 16:45:20,241 [INFO] Received from Frontseat: [b'$BFNVG,154518.02,4218.004144,N,07105.969358,W,0,10.0,1.0,85.6,0.0,0.0,154518.02*66', b'$BFNVG,154518.38,4218.004164,N,07105.969093,W,0,10.0,1.0,85.6,0.0,0.0,154518.38*60', b'$BFNVG,154518.74,4218.004185,N,07105.968827,W,0,10.0,1.0,85.6,0.0,0.0,154518.74*69', b'$BFNVG,154519.11,4218.004206,N,07105.968548,W,0,10.0,1.0,85.6,0.0,0.0,154519.11*65']
2021-07-28 16:45:20,242 [INFO] AUV state: {'position': (43.4033168652677, 6.717783730477095), 'latlon': (42.3000701, -71.0994758), 'heading': 85.6, 'depth': 1.0, 'altitude': 10.0, 'roll': 0.0, 'pitch': 0.0, 'last_fix_time': datetime.datetime(2021, 7, 28, 15, 45, 19), 'speed': None, 'rudder': 0, 'datum': (42.3, -71.1)}
2021-07-28 16:45:20,588 [INFO] **** [] []
2021-07-28 16:45:20,590 [INFO] Next green buoy: [], next red buoy: []
2021-07-28 16:45:20,591 [INFO] Desired_heading: 85.6
2021-07-28 16:45:20,591 [INFO] sending message $BPRMB,154520.73,-0.0,,,1000,0,1*4d
...
2021-07-28 16:45:21,593 [INFO] sending message $BPSTS,154521.59,1,BWSI Autonomy OK*4e
...
2021-07-28 16:45:21,594 [INFO] Received from Frontseat: []
2021-07-28 16:45:21,595 [INFO] AUV state: {'position': (43.4033168652677, 6.717783730477095), 'latlon': (42.3000701, -71.0994758), 'heading': 85.6, 'depth': 1.0, 'altitude': 10.0, 'roll': 0.0, 'pitch': 0.0, 'last_fix_time': datetime.datetime(2021, 7, 28, 15, 45, 19), 'speed': None, 'rudder': 0, 'datum': (42.3, -71.1)}
2021-07-28 16:45:21,932 [INFO] **** [] []
2021-07-28 16:45:21,934 [INFO] Next green buoy: [], next red buoy: []
2021-07-28 16:45:21,935 [INFO] Desired_heading: 85.6
2021-07-28 16:45:21,935 [INFO] sending message $BPRMB,154522.44,-0.0,,,1000,0,1*4b
...
2021-07-28 16:45:22,937 [INFO] sending message $BPSTS,154522.93,1,BWSI Autonomy OK*4b
...
2021-07-28 16:45:22,938 [INFO] Received from Frontseat: []
2021-07-28 16:45:22,938 [INFO] AUV state: {'position': (43.4033168652677, 6.717783730477095), 'latlon': (42.3000701, -71.0994758), 'heading': 85.6, 'depth': 1.0, 'altitude': 10.0, 'roll': 0.0, 'pitch': 0.0, 'last_fix_time': datetime.datetime(2021, 7, 28, 15, 45, 19), 'speed': None, 'rudder': 0, 'datum': (42.3, -71.1)}
2021-07-28 16:45:23,267 [INFO] **** [] []
2021-07-28 16:45:23,269 [INFO] Next green buoy: [], next red buoy: []
2021-07-28 16:45:23,270 [INFO] Desired_heading: 85.6
2021-07-28 16:45:23,270 [INFO] sending message $BPRMB,154523.42,-0.0,,,1000,0,1*4c
...
2021-07-28 16:45:23,302 [ERROR] An error occurred. The stack trace is below.
Traceback (most recent call last):
  File "BWSI_BackSeat.py", line 126, in run
    time.sleep(1/self.__warp)
KeyboardInterrupt
