2021-07-28 21:12:47,607 [INFO] host = 192.168.1.213, port = 29500
2021-07-28 21:12:52,912 [INFO] sending message $BPLOG,ACK,ON*1e
...
2021-07-28 21:12:52,913 [INFO] sending message $BPLOG,ALL,ON*16
...
2021-07-28 21:12:52,914 [INFO] sending message $BPSTS,201252.91,1,BWSI Autonomy OK*4a
...
2021-07-28 21:12:52,914 [INFO] Received from Frontseat: []
2021-07-28 21:12:52,915 [INFO] AUV state: {'position': (None, None), 'latlon': None, 'heading': None, 'depth': None, 'altitude': None, 'roll': None, 'pitch': None, 'last_fix_time': None, 'speed': None, 'rudder': 0}
2021-07-28 21:12:53,917 [INFO] sending message $BPSTS,201253.91,1,BWSI Autonomy OK*4b
...
2021-07-28 21:12:53,918 [INFO] Processing: $BFNVG,201250.53,4218.000000,N,07106.000000,W,0,10.0,1.0,45.0,0.0,0.0,201250.53*62
2021-07-28 21:12:53,920 [INFO] Interpreted as: {'position': (0, 0), 'latlon': (42.3, -71.1), 'heading': 45.0, 'depth': 1.0, 'altitude': 10.0, 'roll': 0.0, 'pitch': 0.0, 'last_fix_time': datetime.datetime(2021, 7, 28, 20, 12, 50), 'speed': None, 'rudder': 0, 'datum': (42.3, -71.1)}
2021-07-28 21:12:53,921 [INFO] Processing: $BFNVG,201250.78,4218.000000,N,07106.000000,W,0,10.0,1.0,45.0,0.0,0.0,201250.78*62
2021-07-28 21:12:53,923 [INFO] Interpreted as: {'position': (0.0, 0.0), 'latlon': (42.3, -71.1), 'heading': 45.0, 'depth': 1.0, 'altitude': 10.0, 'roll': 0.0, 'pitch': 0.0, 'last_fix_time': datetime.datetime(2021, 7, 28, 20, 12, 50), 'speed': None, 'rudder': 0, 'datum': (42.3, -71.1)}
2021-07-28 21:12:53,923 [INFO] Processing: $BFNVG,201251.03,4218.000000,N,07106.000000,W,0,10.0,1.0,45.0,0.0,0.0,201251.03*62
2021-07-28 21:12:53,925 [INFO] Interpreted as: {'position': (0.0, 0.0), 'latlon': (42.3, -71.1), 'heading': 45.0, 'depth': 1.0, 'altitude': 10.0, 'roll': 0.0, 'pitch': 0.0, 'last_fix_time': datetime.datetime(2021, 7, 28, 20, 12, 51), 'speed': None, 'rudder': 0, 'datum': (42.3, -71.1)}
2021-07-28 21:12:53,925 [INFO] Processing: $BFNVG,201251.28,4218.000000,N,07106.000000,W,0,10.0,1.0,45.0,0.0,0.0,201251.28*62
2021-07-28 21:12:53,927 [INFO] Interpreted as: {'position': (0.0, 0.0), 'latlon': (42.3, -71.1), 'heading': 45.0, 'depth': 1.0, 'altitude': 10.0, 'roll': 0.0, 'pitch': 0.0, 'last_fix_time': datetime.datetime(2021, 7, 28, 20, 12, 51), 'speed': None, 'rudder': 0, 'datum': (42.3, -71.1)}
2021-07-28 21:12:53,928 [INFO] Processing: $BFNVG,201251.53,4218.000000,N,07106.000000,W,0,10.0,1.0,45.0,0.0,0.0,201251.53*62
2021-07-28 21:12:53,930 [INFO] Interpreted as: {'position': (0.0, 0.0), 'latlon': (42.3, -71.1), 'heading': 45.0, 'depth': 1.0, 'altitude': 10.0, 'roll': 0.0, 'pitch': 0.0, 'last_fix_time': datetime.datetime(2021, 7, 28, 20, 12, 51), 'speed': None, 'rudder': 0, 'datum': (42.3, -71.1)}
2021-07-28 21:12:53,931 [INFO] Processing: $BFNVG,201251.78,4218.000000,N,07106.000000,W,0,10.0,1.0,45.0,0.0,0.0,201251.78*62
2021-07-28 21:12:53,932 [INFO] Interpreted as: {'position': (0.0, 0.0), 'latlon': (42.3, -71.1), 'heading': 45.0, 'depth': 1.0, 'altitude': 10.0, 'roll': 0.0, 'pitch': 0.0, 'last_fix_time': datetime.datetime(2021, 7, 28, 20, 12, 51), 'speed': None, 'rudder': 0, 'datum': (42.3, -71.1)}
2021-07-28 21:12:53,933 [INFO] Processing: $BFNVG,201252.03,4218.000000,N,07106.000000,W,0,10.0,1.0,45.0,0.0,0.0,201252.03*62
2021-07-28 21:12:53,935 [INFO] Interpreted as: {'position': (0.0, 0.0), 'latlon': (42.3, -71.1), 'heading': 45.0, 'depth': 1.0, 'altitude': 10.0, 'roll': 0.0, 'pitch': 0.0, 'last_fix_time': datetime.datetime(2021, 7, 28, 20, 12, 52), 'speed': None, 'rudder': 0, 'datum': (42.3, -71.1)}
2021-07-28 21:12:53,935 [INFO] Processing: $BFNVG,201252.28,4218.000000,N,07106.000000,W,0,10.0,1.0,45.0,0.0,0.0,201252.28*62
2021-07-28 21:12:53,937 [INFO] Interpreted as: {'position': (0.0, 0.0), 'latlon': (42.3, -71.1), 'heading': 45.0, 'depth': 1.0, 'altitude': 10.0, 'roll': 0.0, 'pitch': 0.0, 'last_fix_time': datetime.datetime(2021, 7, 28, 20, 12, 52), 'speed': None, 'rudder': 0, 'datum': (42.3, -71.1)}
2021-07-28 21:12:53,937 [INFO] Processing: $BFNVG,201252.53,4218.000000,N,07106.000000,W,0,10.0,1.0,45.0,0.0,0.0,201252.53*62
2021-07-28 21:12:53,939 [INFO] Interpreted as: {'position': (0.0, 0.0), 'latlon': (42.3, -71.1), 'heading': 45.0, 'depth': 1.0, 'altitude': 10.0, 'roll': 0.0, 'pitch': 0.0, 'last_fix_time': datetime.datetime(2021, 7, 28, 20, 12, 52), 'speed': None, 'rudder': 0, 'datum': (42.3, -71.1)}
2021-07-28 21:12:53,940 [INFO] Processing: $BFNVG,201252.78,4218.000000,N,07106.000000,W,0,10.0,1.0,45.0,0.0,0.0,201252.78*62
2021-07-28 21:12:53,941 [INFO] Interpreted as: {'position': (0.0, 0.0), 'latlon': (42.3, -71.1), 'heading': 45.0, 'depth': 1.0, 'altitude': 10.0, 'roll': 0.0, 'pitch': 0.0, 'last_fix_time': datetime.datetime(2021, 7, 28, 20, 12, 52), 'speed': None, 'rudder': 0, 'datum': (42.3, -71.1)}
2021-07-28 21:12:53,942 [INFO] Processing: $BFNVG,201253.03,4218.000000,N,07106.000000,W,0,10.0,1.0,45.0,0.0,0.0,201253.03*62
2021-07-28 21:12:53,943 [INFO] Interpreted as: {'position': (0.0, 0.0), 'latlon': (42.3, -71.1), 'heading': 45.0, 'depth': 1.0, 'altitude': 10.0, 'roll': 0.0, 'pitch': 0.0, 'last_fix_time': datetime.datetime(2021, 7, 28, 20, 12, 53), 'speed': None, 'rudder': 0, 'datum': (42.3, -71.1)}
2021-07-28 21:12:53,943 [INFO] Received from Frontseat: [b'$BFNVG,201250.53,4218.000000,N,07106.000000,W,0,10.0,1.0,45.0,0.0,0.0,201250.53*62', b'$BFNVG,201250.78,4218.000000,N,07106.000000,W,0,10.0,1.0,45.0,0.0,0.0,201250.78*62', b'$BFNVG,201251.03,4218.000000,N,07106.000000,W,0,10.0,1.0,45.0,0.0,0.0,201251.03*62', b'$BFNVG,201251.28,4218.000000,N,07106.000000,W,0,10.0,1.0,45.0,0.0,0.0,201251.28*62', b'$BFNVG,201251.53,4218.000000,N,07106.000000,W,0,10.0,1.0,45.0,0.0,0.0,201251.53*62', b'$BFNVG,201251.78,4218.000000,N,07106.000000,W,0,10.0,1.0,45.0,0.0,0.0,201251.78*62', b'$BFNVG,201252.03,4218.000000,N,07106.000000,W,0,10.0,1.0,45.0,0.0,0.0,201252.03*62', b'$BFNVG,201252.28,4218.000000,N,07106.000000,W,0,10.0,1.0,45.0,0.0,0.0,201252.28*62', b'$BFNVG,201252.53,4218.000000,N,07106.000000,W,0,10.0,1.0,45.0,0.0,0.0,201252.53*62', b'$BFNVG,201252.78,4218.000000,N,07106.000000,W,0,10.0,1.0,45.0,0.0,0.0,201252.78*62', b'$BFNVG,201253.03,4218.000000,N,07106.000000,W,0,10.0,1.0,45.0,0.0,0.0,201253.03*62']
2021-07-28 21:12:53,944 [INFO] AUV state: {'position': (0.0, 0.0), 'latlon': (42.3, -71.1), 'heading': 45.0, 'depth': 1.0, 'altitude': 10.0, 'roll': 0.0, 'pitch': 0.0, 'last_fix_time': datetime.datetime(2021, 7, 28, 20, 12, 53), 'speed': None, 'rudder': 0, 'datum': (42.3, -71.1)}
2021-07-28 21:12:54,487 [INFO] **** [] [(3.849620234313377, -4.0982281717792315), (28.87677439531396, 12.197003576758394), (22.755357752833675, -10.12869797403204), (7.711844214986753, 24.07486887899289)]
2021-07-28 21:12:54,488 [INFO] Next green buoy: [], next red buoy: [(3.849620234313377, -4.0982281717792315), (28.87677439531396, 12.197003576758394), (22.755357752833675, -10.12869797403204), (7.711844214986753, 24.07486887899289)]
2021-07-28 21:12:54,489 [INFO] Desired_heading: 48.84962023431338
2021-07-28 21:12:54,489 [INFO] sending message $BPRMB,201252.62,-5.392279070911666,1,0,1000,0,1*44
...
2021-07-28 21:12:55,491 [INFO] sending message $BPSTS,201255.49,1,BWSI Autonomy OK*48
...
2021-07-28 21:12:55,492 [INFO] Processing: $BFNVG,201253.42,4218.000000,N,07106.000000,W,0,10.0,1.0,45.0,0.0,0.0,201253.42*62
2021-07-28 21:12:55,494 [INFO] Interpreted as: {'position': (0.0, 0.0), 'latlon': (42.3, -71.1), 'heading': 45.0, 'depth': 1.0, 'altitude': 10.0, 'roll': 0.0, 'pitch': 0.0, 'last_fix_time': datetime.datetime(2021, 7, 28, 20, 12, 53), 'speed': None, 'rudder': 0, 'datum': (42.3, -71.1)}
2021-07-28 21:12:55,494 [INFO] Processing: $BFNVG,201253.76,4218.000000,N,07106.000000,W,0,10.0,1.0,45.0,0.0,0.0,201253.76*62
2021-07-28 21:12:55,496 [INFO] Interpreted as: {'position': (0.0, 0.0), 'latlon': (42.3, -71.1), 'heading': 45.0, 'depth': 1.0, 'altitude': 10.0, 'roll': 0.0, 'pitch': 0.0, 'last_fix_time': datetime.datetime(2021, 7, 28, 20, 12, 53), 'speed': None, 'rudder': 0, 'datum': (42.3, -71.1)}
2021-07-28 21:12:55,497 [INFO] Processing: $BFNVG,201254.11,4218.000000,N,07106.000000,W,0,10.0,1.0,45.0,0.0,0.0,201254.11*62
2021-07-28 21:12:55,498 [INFO] Interpreted as: {'position': (0.0, 0.0), 'latlon': (42.3, -71.1), 'heading': 45.0, 'depth': 1.0, 'altitude': 10.0, 'roll': 0.0, 'pitch': 0.0, 'last_fix_time': datetime.datetime(2021, 7, 28, 20, 12, 54), 'speed': None, 'rudder': 0, 'datum': (42.3, -71.1)}
2021-07-28 21:12:55,499 [INFO] Processing: $BFNVG,201254.45,4218.000000,N,07106.000000,W,0,10.0,1.0,45.0,0.0,0.0,201254.45*62
2021-07-28 21:12:55,501 [INFO] Interpreted as: {'position': (0.0, 0.0), 'latlon': (42.3, -71.1), 'heading': 45.0, 'depth': 1.0, 'altitude': 10.0, 'roll': 0.0, 'pitch': 0.0, 'last_fix_time': datetime.datetime(2021, 7, 28, 20, 12, 54), 'speed': None, 'rudder': 0, 'datum': (42.3, -71.1)}
2021-07-28 21:12:55,502 [INFO] Received from Frontseat: [b'$BFNVG,201253.42,4218.000000,N,07106.000000,W,0,10.0,1.0,45.0,0.0,0.0,201253.42*62', b'$BFNVG,201253.76,4218.000000,N,07106.000000,W,0,10.0,1.0,45.0,0.0,0.0,201253.76*62', b'$BFNVG,201254.11,4218.000000,N,07106.000000,W,0,10.0,1.0,45.0,0.0,0.0,201254.11*62', b'$BFNVG,201254.45,4218.000000,N,07106.000000,W,0,10.0,1.0,45.0,0.0,0.0,201254.45*62']
2021-07-28 21:12:55,503 [INFO] AUV state: {'position': (0.0, 0.0), 'latlon': (42.3, -71.1), 'heading': 45.0, 'depth': 1.0, 'altitude': 10.0, 'roll': 0.0, 'pitch': 0.0, 'last_fix_time': datetime.datetime(2021, 7, 28, 20, 12, 54), 'speed': None, 'rudder': 0, 'datum': (42.3, -71.1)}
2021-07-28 21:12:56,019 [INFO] **** [] [(3.2653420524387933, -3.710027678300253), (28.85548713785184, 12.165802168397976), (7.697029483155576, 24.052365952100015), (22.749001719236137, -10.12507654117178)]
2021-07-28 21:12:56,020 [INFO] Next green buoy: [], next red buoy: [(3.2653420524387933, -3.710027678300253), (28.85548713785184, 12.165802168397976), (7.697029483155576, 24.052365952100015), (22.749001719236137, -10.12507654117178)]
2021-07-28 21:12:56,021 [INFO] Desired_heading: 48.2653420524388
2021-07-28 21:12:56,021 [INFO] sending message $BPRMB,201258.35,-4.389457533519874,1,0,1000,0,1*46
...
2021-07-28 21:12:57,023 [INFO] sending message $BPSTS,201257.02,1,BWSI Autonomy OK*45
...
2021-07-28 21:12:57,024 [INFO] Processing: $BFNVG,201254.80,4218.000000,N,07106.000000,W,0,10.0,1.0,45.0,0.0,0.0,201254.80*62
2021-07-28 21:12:57,025 [INFO] Interpreted as: {'position': (0.0, 0.0), 'latlon': (42.3, -71.1), 'heading': 45.0, 'depth': 1.0, 'altitude': 10.0, 'roll': 0.0, 'pitch': 0.0, 'last_fix_time': datetime.datetime(2021, 7, 28, 20, 12, 54), 'speed': None, 'rudder': 0, 'datum': (42.3, -71.1)}
2021-07-28 21:12:57,026 [INFO] Processing: $BFNVG,201255.16,4218.000144,N,07105.999814,W,0,10.0,1.0,45.5,0.0,0.0,201255.16*61
2021-07-28 21:12:57,028 [INFO] Interpreted as: {'position': (0.2621184214949608, 0.2601940520107746), 'latlon': (42.3000024, -71.0999969), 'heading': 45.5, 'depth': 1.0, 'altitude': 10.0, 'roll': 0.0, 'pitch': 0.0, 'last_fix_time': datetime.datetime(2021, 7, 28, 20, 12, 55), 'speed': None, 'rudder': 0, 'datum': (42.3, -71.1)}
2021-07-28 21:12:57,029 [INFO] Processing: $BFNVG,201255.50,4218.000279,N,07105.999636,W,0,10.0,1.0,45.9,0.0,0.0,201255.50*6E
2021-07-28 21:12:57,031 [INFO] Interpreted as: {'position': (0.5128347364370711, 0.504003076814115), 'latlon': (42.30000465, -71.09999393333334), 'heading': 45.9, 'depth': 1.0, 'altitude': 10.0, 'roll': 0.0, 'pitch': 0.0, 'last_fix_time': datetime.datetime(2021, 7, 28, 20, 12, 55), 'speed': None, 'rudder': 0, 'datum': (42.3, -71.1)}
2021-07-28 21:12:57,032 [INFO] Processing: $BFNVG,201255.84,4218.000414,N,07105.999455,W,0,10.0,1.0,46.4,0.0,0.0,201255.84*6A
2021-07-28 21:12:57,034 [INFO] Interpreted as: {'position': (0.7676726731006056, 0.7477103974670172), 'latlon': (42.3000069, -71.09999091666667), 'heading': 46.4, 'depth': 1.0, 'altitude': 10.0, 'roll': 0.0, 'pitch': 0.0, 'last_fix_time': datetime.datetime(2021, 7, 28, 20, 12, 55), 'speed': None, 'rudder': 0, 'datum': (42.3, -71.1)}
2021-07-28 21:12:57,035 [INFO] Received from Frontseat: [b'$BFNVG,201254.80,4218.000000,N,07106.000000,W,0,10.0,1.0,45.0,0.0,0.0,201254.80*62', b'$BFNVG,201255.16,4218.000144,N,07105.999814,W,0,10.0,1.0,45.5,0.0,0.0,201255.16*61', b'$BFNVG,201255.50,4218.000279,N,07105.999636,W,0,10.0,1.0,45.9,0.0,0.0,201255.50*6E', b'$BFNVG,201255.84,4218.000414,N,07105.999455,W,0,10.0,1.0,46.4,0.0,0.0,201255.84*6A']
2021-07-28 21:12:57,035 [INFO] AUV state: {'position': (0.7676726731006056, 0.7477103974670172), 'latlon': (42.3000069, -71.09999091666667), 'heading': 46.4, 'depth': 1.0, 'altitude': 10.0, 'roll': 0.0, 'pitch': 0.0, 'last_fix_time': datetime.datetime(2021, 7, 28, 20, 12, 55), 'speed': None, 'rudder': 0, 'datum': (42.3, -71.1)}
2021-07-28 21:12:57,549 [INFO] **** [] [(3.203584507672487, -3.9099376675142077), (28.861028949523863, 12.16104604289523), (22.74073799147114, -10.14813159927909), (7.742175903246443, 24.079744898351617)]
2021-07-28 21:12:57,550 [INFO] Next green buoy: [], next red buoy: [(3.203584507672487, -3.9099376675142077), (28.861028949523863, 12.16104604289523), (22.74073799147114, -10.14813159927909), (7.742175903246443, 24.079744898351617)]
2021-07-28 21:12:57,551 [INFO] Desired_heading: 49.60358450767249
2021-07-28 21:12:57,551 [INFO] sending message $BPRMB,201255.68,-4.285931552604965,1,0,1000,0,1*4a
...
2021-07-28 21:12:58,553 [INFO] sending message $BPSTS,201258.55,1,BWSI Autonomy OK*48
...
2021-07-28 21:12:58,554 [INFO] Processing: $BFNVG,201256.19,4218.000551,N,07105.999270,W,0,10.0,1.0,46.9,0.0,0.0,201256.19*66
2021-07-28 21:12:58,560 [INFO] Interpreted as: {'position': (1.028097456379328, 0.9949834989383817), 'latlon': (42.30000918333333, -71.09998783333333), 'heading': 46.9, 'depth': 1.0, 'altitude': 10.0, 'roll': 0.0, 'pitch': 0.0, 'last_fix_time': datetime.datetime(2021, 7, 28, 20, 12, 56), 'speed': None, 'rudder': 0, 'datum': (42.3, -71.1)}
2021-07-28 21:12:58,561 [INFO] Processing: $BFNVG,201256.53,4218.000684,N,07105.999087,W,0,10.0,1.0,47.3,0.0,0.0,201256.53*6C
2021-07-28 21:12:58,563 [INFO] Interpreted as: {'position': (1.2855917753768153, 1.2349216332659125), 'latlon': (42.3000114, -71.09998478333333), 'heading': 47.3, 'depth': 1.0, 'altitude': 10.0, 'roll': 0.0, 'pitch': 0.0, 'last_fix_time': datetime.datetime(2021, 7, 28, 20, 12, 56), 'speed': None, 'rudder': 0, 'datum': (42.3, -71.1)}
2021-07-28 21:12:58,564 [INFO] Processing: $BFNVG,201256.88,4218.000816,N,07105.998902,W,0,10.0,1.0,47.6,0.0,0.0,201256.88*69
2021-07-28 21:12:58,566 [INFO] Interpreted as: {'position': (1.5457881621550769, 1.472941268235445), 'latlon': (42.3000136, -71.0999817), 'heading': 47.6, 'depth': 1.0, 'altitude': 10.0, 'roll': 0.0, 'pitch': 0.0, 'last_fix_time': datetime.datetime(2021, 7, 28, 20, 12, 56), 'speed': None, 'rudder': 0, 'datum': (42.3, -71.1)}
2021-07-28 21:12:58,567 [INFO] Processing: $BFNVG,201257.22,4218.000949,N,07105.998714,W,0,10.0,1.0,48.0,0.0,0.0,201257.22*62
2021-07-28 21:12:58,568 [INFO] Interpreted as: {'position': (1.8101518434705213, 1.7127098962664604), 'latlon': (42.300015816666665, -71.09997856666666), 'heading': 48.0, 'depth': 1.0, 'altitude': 10.0, 'roll': 0.0, 'pitch': 0.0, 'last_fix_time': datetime.datetime(2021, 7, 28, 20, 12, 57), 'speed': None, 'rudder': 0, 'datum': (42.3, -71.1)}
2021-07-28 21:12:58,569 [INFO] Received from Frontseat: [b'$BFNVG,201256.19,4218.000551,N,07105.999270,W,0,10.0,1.0,46.9,0.0,0.0,201256.19*66', b'$BFNVG,201256.53,4218.000684,N,07105.999087,W,0,10.0,1.0,47.3,0.0,0.0,201256.53*6C', b'$BFNVG,201256.88,4218.000816,N,07105.998902,W,0,10.0,1.0,47.6,0.0,0.0,201256.88*69', b'$BFNVG,201257.22,4218.000949,N,07105.998714,W,0,10.0,1.0,48.0,0.0,0.0,201257.22*62']
2021-07-28 21:12:58,570 [INFO] AUV state: {'position': (1.8101518434705213, 1.7127098962664604), 'latlon': (42.300015816666665, -71.09997856666666), 'heading': 48.0, 'depth': 1.0, 'altitude': 10.0, 'roll': 0.0, 'pitch': 0.0, 'last_fix_time': datetime.datetime(2021, 7, 28, 20, 12, 57), 'speed': None, 'rudder': 0, 'datum': (42.3, -71.1)}
2021-07-28 21:12:59,081 [INFO] **** [] [(3.9320247782476256, -4.44358340431496), (28.871253734211326, 12.178289017031599), (7.742175903246443, 24.082482150185385), (22.749001719236137, -10.12869797403204)]
2021-07-28 21:12:59,082 [INFO] Next green buoy: [], next red buoy: [(3.9320247782476256, -4.44358340431496), (28.871253734211326, 12.178289017031599), (7.742175903246443, 24.082482150185385), (22.749001719236137, -10.12869797403204)]
2021-07-28 21:12:59,082 [INFO] Desired_heading: 51.93202477824762
2021-07-28 21:12:59,083 [INFO] sending message $BPRMB,201301.41,-5.536946247639702,1,0,1000,0,1*4d
...
2021-07-28 21:13:00,085 [INFO] sending message $BPSTS,201300.08,1,BWSI Autonomy OK*4c
...
2021-07-28 21:13:00,086 [INFO] Processing: $BFNVG,201257.57,4218.001082,N,07105.998524,W,0,10.0,1.0,48.4,0.0,0.0,201257.57*68
2021-07-28 21:13:00,088 [INFO] Interpreted as: {'position': (2.0772632636362687, 1.9524107240140438), 'latlon': (42.30001803333333, -71.0999754), 'heading': 48.4, 'depth': 1.0, 'altitude': 10.0, 'roll': 0.0, 'pitch': 0.0, 'last_fix_time': datetime.datetime(2021, 7, 28, 20, 12, 57), 'speed': None, 'rudder': 0, 'datum': (42.3, -71.1)}
2021-07-28 21:13:00,089 [INFO] Processing: $BFNVG,201257.92,4218.001213,N,07105.998334,W,0,10.0,1.0,48.8,0.0,0.0,201257.92*69
2021-07-28 21:13:00,091 [INFO] Interpreted as: {'position': (2.3442833247827366, 2.1884101685136557), 'latlon': (42.30002021666667, -71.09997223333333), 'heading': 48.8, 'depth': 1.0, 'altitude': 10.0, 'roll': 0.0, 'pitch': 0.0, 'last_fix_time': datetime.datetime(2021, 7, 28, 20, 12, 57), 'speed': None, 'rudder': 0, 'datum': (42.3, -71.1)}
2021-07-28 21:13:00,092 [INFO] Processing: $BFNVG,201258.27,4218.001343,N,07105.998142,W,0,10.0,1.0,49.1,0.0,0.0,201258.27*66
2021-07-28 21:13:00,094 [INFO] Interpreted as: {'position': (2.6140054531861097, 2.422491116449237), 'latlon': (42.300022383333335, -71.09996903333334), 'heading': 49.1, 'depth': 1.0, 'altitude': 10.0, 'roll': 0.0, 'pitch': 0.0, 'last_fix_time': datetime.datetime(2021, 7, 28, 20, 12, 58), 'speed': None, 'rudder': 0, 'datum': (42.3, -71.1)}
2021-07-28 21:13:00,095 [INFO] Processing: $BFNVG,201258.61,4218.001472,N,07105.997949,W,0,10.0,1.0,49.5,0.0,0.0,201258.61*6B
2021-07-28 21:13:00,097 [INFO] Interpreted as: {'position': (2.885055775695946, 2.6546874716877937), 'latlon': (42.300024533333335, -71.09996581666667), 'heading': 49.5, 'depth': 1.0, 'altitude': 10.0, 'roll': 0.0, 'pitch': 0.0, 'last_fix_time': datetime.datetime(2021, 7, 28, 20, 12, 58), 'speed': None, 'rudder': 0, 'datum': (42.3, -71.1)}
2021-07-28 21:13:00,097 [INFO] Processing: $BFNVG,201258.96,4218.001601,N,07105.997755,W,0,10.0,1.0,49.9,0.0,0.0,201258.96*62
2021-07-28 21:13:00,099 [INFO] Interpreted as: {'position': (3.1574799553491175, 2.8868499314412475), 'latlon': (42.300026683333336, -71.09996258333334), 'heading': 49.9, 'depth': 1.0, 'altitude': 10.0, 'roll': 0.0, 'pitch': 0.0, 'last_fix_time': datetime.datetime(2021, 7, 28, 20, 12, 58), 'speed': None, 'rudder': 0, 'datum': (42.3, -71.1)}
2021-07-28 21:13:00,100 [INFO] Received from Frontseat: [b'$BFNVG,201257.57,4218.001082,N,07105.998524,W,0,10.0,1.0,48.4,0.0,0.0,201257.57*68', b'$BFNVG,201257.92,4218.001213,N,07105.998334,W,0,10.0,1.0,48.8,0.0,0.0,201257.92*69', b'$BFNVG,201258.27,4218.001343,N,07105.998142,W,0,10.0,1.0,49.1,0.0,0.0,201258.27*66', b'$BFNVG,201258.61,4218.001472,N,07105.997949,W,0,10.0,1.0,49.5,0.0,0.0,201258.61*6B', b'$BFNVG,201258.96,4218.001601,N,07105.997755,W,0,10.0,1.0,49.9,0.0,0.0,201258.96*62']
2021-07-28 21:13:00,101 [INFO] AUV state: {'position': (3.1574799553491175, 2.8868499314412475), 'latlon': (42.300026683333336, -71.09996258333334), 'heading': 49.9, 'depth': 1.0, 'altitude': 10.0, 'roll': 0.0, 'pitch': 0.0, 'last_fix_time': datetime.datetime(2021, 7, 28, 20, 12, 58), 'speed': None, 'rudder': 0, 'datum': (42.3, -71.1)}
2021-07-28 21:13:00,647 [INFO] **** [] [(4.161212835568148, -4.4335799085461005), (28.86952250241614, 12.131168588553484), (22.755357752833675, -10.12869797403204), (7.715169828599578, 24.07486887899289)]
2021-07-28 21:13:00,648 [INFO] Next green buoy: [], next red buoy: [(4.161212835568148, -4.4335799085461005), (28.86952250241614, 12.131168588553484), (22.755357752833675, -10.12869797403204), (7.715169828599578, 24.07486887899289)]
2021-07-28 21:13:00,648 [INFO] Desired_heading: 54.06121283556815
2021-07-28 21:13:00,649 [INFO] sending message $BPRMB,201258.75,-5.943262490913266,1,0,1000,0,1*48
...
2021-07-28 21:13:01,651 [INFO] sending message $BPSTS,201301.65,1,BWSI Autonomy OK*46
...
2021-07-28 21:13:01,652 [INFO] Processing: $BFNVG,201259.31,4218.001730,N,07105.997556,W,0,10.0,1.0,50.3,0.0,0.0,201259.31*62
2021-07-28 21:13:01,654 [INFO] Interpreted as: {'position': (3.4367735150735825, 3.118842882104218), 'latlon': (42.300028833333336, -71.09995926666667), 'heading': 50.3, 'depth': 1.0, 'altitude': 10.0, 'roll': 0.0, 'pitch': 0.0, 'last_fix_time': datetime.datetime(2021, 7, 28, 20, 12, 59), 'speed': None, 'rudder': 0, 'datum': (42.3, -71.1)}
2021-07-28 21:13:01,655 [INFO] Processing: $BFNVG,201259.67,4218.001860,N,07105.997355,W,0,10.0,1.0,50.8,0.0,0.0,201259.67*66
2021-07-28 21:13:01,657 [INFO] Interpreted as: {'position': (3.718860485823825, 3.352618728764355), 'latlon': (42.300031, -71.09995591666667), 'heading': 50.8, 'depth': 1.0, 'altitude': 10.0, 'roll': 0.0, 'pitch': 0.0, 'last_fix_time': datetime.datetime(2021, 7, 28, 20, 12, 59), 'speed': None, 'rudder': 0, 'datum': (42.3, -71.1)}
2021-07-28 21:13:01,658 [INFO] Processing: $BFNVG,201300.03,4218.001988,N,07105.997152,W,0,10.0,1.0,51.2,0.0,0.0,201300.03*6F
2021-07-28 21:13:01,660 [INFO] Interpreted as: {'position': (4.003603851655498, 3.5826253863051534), 'latlon': (42.300033133333336, -71.09995253333334), 'heading': 51.2, 'depth': 1.0, 'altitude': 10.0, 'roll': 0.0, 'pitch': 0.0, 'last_fix_time': datetime.datetime(2021, 7, 28, 20, 13), 'speed': None, 'rudder': 0, 'datum': (42.3, -71.1)}
2021-07-28 21:13:01,661 [INFO] Processing: $BFNVG,201300.38,4218.002115,N,07105.996948,W,0,10.0,1.0,51.7,0.0,0.0,201300.38*67
2021-07-28 21:13:01,663 [INFO] Interpreted as: {'position': (4.28967541095335, 3.8107474530115724), 'latlon': (42.30003525, -71.09994913333334), 'heading': 51.7, 'depth': 1.0, 'altitude': 10.0, 'roll': 0.0, 'pitch': 0.0, 'last_fix_time': datetime.datetime(2021, 7, 28, 20, 13), 'speed': None, 'rudder': 0, 'datum': (42.3, -71.1)}
2021-07-28 21:13:01,663 [INFO] Received from Frontseat: [b'$BFNVG,201259.31,4218.001730,N,07105.997556,W,0,10.0,1.0,50.3,0.0,0.0,201259.31*62', b'$BFNVG,201259.67,4218.001860,N,07105.997355,W,0,10.0,1.0,50.8,0.0,0.0,201259.67*66', b'$BFNVG,201300.03,4218.001988,N,07105.997152,W,0,10.0,1.0,51.2,0.0,0.0,201300.03*6F', b'$BFNVG,201300.38,4218.002115,N,07105.996948,W,0,10.0,1.0,51.7,0.0,0.0,201300.38*67']
2021-07-28 21:13:01,664 [INFO] AUV state: {'position': (4.28967541095335, 3.8107474530115724), 'latlon': (42.30003525, -71.09994913333334), 'heading': 51.7, 'depth': 1.0, 'altitude': 10.0, 'roll': 0.0, 'pitch': 0.0, 'last_fix_time': datetime.datetime(2021, 7, 28, 20, 13), 'speed': None, 'rudder': 0, 'datum': (42.3, -71.1)}
2021-07-28 21:13:02,188 [INFO] **** [] [(3.3341325406851743, -3.9087771800449223), (28.85276054761826, 12.237277615417403), (7.742175903246443, 24.077007529631647), (22.755357752833675, -10.12869797403204), (19.863087388205585, 16.08997983168429)]
2021-07-28 21:13:02,189 [INFO] Next green buoy: [], next red buoy: [(3.3341325406851743, -3.9087771800449223), (28.85276054761826, 12.237277615417403), (7.742175903246443, 24.077007529631647), (22.755357752833675, -10.12869797403204), (19.863087388205585, 16.08997983168429)]
2021-07-28 21:13:02,190 [INFO] Desired_heading: 55.03413254068518
2021-07-28 21:13:02,190 [INFO] sending message $BPRMB,201304.54,-4.505350417848655,1,0,1000,0,1*48
...
2021-07-28 21:13:03,192 [INFO] sending message $BPSTS,201303.19,1,BWSI Autonomy OK*4f
...
2021-07-28 21:13:03,193 [INFO] Processing: $BFNVG,201300.74,4218.002240,N,07105.996743,W,0,10.0,1.0,52.2,0.0,0.0,201300.74*67
2021-07-28 21:13:03,195 [INFO] Interpreted as: {'position': (4.5770294846151955, 4.035134231671691), 'latlon': (42.300037333333336, -71.09994571666667), 'heading': 52.2, 'depth': 1.0, 'altitude': 10.0, 'roll': 0.0, 'pitch': 0.0, 'last_fix_time': datetime.datetime(2021, 7, 28, 20, 13), 'speed': None, 'rudder': 0, 'datum': (42.3, -71.1)}
2021-07-28 21:13:03,196 [INFO] Processing: $BFNVG,201301.09,4218.002365,N,07105.996535,W,0,10.0,1.0,52.8,0.0,0.0,201301.09*68
2021-07-28 21:13:03,198 [INFO] Interpreted as: {'position': (4.868505180813372, 4.259419308044016), 'latlon': (42.300039416666664, -71.09994225), 'heading': 52.8, 'depth': 1.0, 'altitude': 10.0, 'roll': 0.0, 'pitch': 0.0, 'last_fix_time': datetime.datetime(2021, 7, 28, 20, 13, 1), 'speed': None, 'rudder': 0, 'datum': (42.3, -71.1)}
2021-07-28 21:13:03,199 [INFO] Processing: $BFNVG,201301.45,4218.002488,N,07105.996325,W,0,10.0,1.0,53.3,0.0,0.0,201301.45*61
2021-07-28 21:13:03,201 [INFO] Interpreted as: {'position': (5.162637270404957, 4.479935197159648), 'latlon': (42.30004146666667, -71.09993875), 'heading': 53.3, 'depth': 1.0, 'altitude': 10.0, 'roll': 0.0, 'pitch': 0.0, 'last_fix_time': datetime.datetime(2021, 7, 28, 20, 13, 1), 'speed': None, 'rudder': 0, 'datum': (42.3, -71.1)}
2021-07-28 21:13:03,201 [INFO] Processing: $BFNVG,201301.81,4218.002610,N,07105.996114,W,0,10.0,1.0,53.8,0.0,0.0,201301.81*69
2021-07-28 21:13:03,203 [INFO] Interpreted as: {'position': (5.458097553811967, 4.698566494509578), 'latlon': (42.3000435, -71.09993523333333), 'heading': 53.8, 'depth': 1.0, 'altitude': 10.0, 'roll': 0.0, 'pitch': 0.0, 'last_fix_time': datetime.datetime(2021, 7, 28, 20, 13, 1), 'speed': None, 'rudder': 0, 'datum': (42.3, -71.1)}
2021-07-28 21:13:03,204 [INFO] Processing: $BFNVG,201302.17,4218.002731,N,07105.995900,W,0,10.0,1.0,54.4,0.0,0.0,201302.17*6E
2021-07-28 21:13:03,205 [INFO] Interpreted as: {'position': (5.7576337801874615, 4.915245395153761), 'latlon': (42.300045516666664, -71.09993166666666), 'heading': 54.4, 'depth': 1.0, 'altitude': 10.0, 'roll': 0.0, 'pitch': 0.0, 'last_fix_time': datetime.datetime(2021, 7, 28, 20, 13, 2), 'speed': None, 'rudder': 0, 'datum': (42.3, -71.1)}
2021-07-28 21:13:03,206 [INFO] Received from Frontseat: [b'$BFNVG,201300.74,4218.002240,N,07105.996743,W,0,10.0,1.0,52.2,0.0,0.0,201300.74*67', b'$BFNVG,201301.09,4218.002365,N,07105.996535,W,0,10.0,1.0,52.8,0.0,0.0,201301.09*68', b'$BFNVG,201301.45,4218.002488,N,07105.996325,W,0,10.0,1.0,53.3,0.0,0.0,201301.45*61', b'$BFNVG,201301.81,4218.002610,N,07105.996114,W,0,10.0,1.0,53.8,0.0,0.0,201301.81*69', b'$BFNVG,201302.17,4218.002731,N,07105.995900,W,0,10.0,1.0,54.4,0.0,0.0,201302.17*6E']
2021-07-28 21:13:03,207 [INFO] AUV state: {'position': (5.7576337801874615, 4.915245395153761), 'latlon': (42.300045516666664, -71.09993166666666), 'heading': 54.4, 'depth': 1.0, 'altitude': 10.0, 'roll': 0.0, 'pitch': 0.0, 'last_fix_time': datetime.datetime(2021, 7, 28, 20, 13, 2), 'speed': None, 'rudder': 0, 'datum': (42.3, -71.1)}
2021-07-28 21:13:03,720 [INFO] **** [] [(3.963044146969793, -4.270267182393939), (28.87367364753474, 12.160529659856213), (22.755357752833675, -10.12869797403204), (7.696717377595614, 24.08424805707686), (24.799466542255534, -11.723553497647494)]
2021-07-28 21:13:03,722 [INFO] Next green buoy: [], next red buoy: [(3.963044146969793, -4.270267182393939), (28.87367364753474, 12.160529659856213), (22.755357752833675, -10.12869797403204), (7.696717377595614, 24.08424805707686), (24.799466542255534, -11.723553497647494)]
2021-07-28 21:13:03,722 [INFO] Desired_heading: 58.36304414696979
2021-07-28 21:13:03,723 [INFO] sending message $BPRMB,201301.83,-5.591600535674226,1,0,1000,0,1*4b
...
2021-07-28 21:13:04,724 [INFO] sending message $BPSTS,201304.72,1,BWSI Autonomy OK*45
...
2021-07-28 21:13:04,725 [INFO] Processing: $BFNVG,201302.54,4218.002854,N,07105.995679,W,0,10.0,1.0,54.9,0.0,0.0,201302.54*6E
2021-07-28 21:13:04,727 [INFO] Interpreted as: {'position': (6.066878484678455, 5.135388375259936), 'latlon': (42.30004756666666, -71.09992798333333), 'heading': 54.9, 'depth': 1.0, 'altitude': 10.0, 'roll': 0.0, 'pitch': 0.0, 'last_fix_time': datetime.datetime(2021, 7, 28, 20, 13, 2), 'speed': None, 'rudder': 0, 'datum': (42.3, -71.1)}
2021-07-28 21:13:04,728 [INFO] Processing: $BFNVG,201302.89,4218.002972,N,07105.995463,W,0,10.0,1.0,55.3,0.0,0.0,201302.89*69
2021-07-28 21:13:04,730 [INFO] Interpreted as: {'position': (6.369025419349782, 5.346447402611375), 'latlon': (42.300049533333336, -71.09992438333333), 'heading': 55.3, 'depth': 1.0, 'altitude': 10.0, 'roll': 0.0, 'pitch': 0.0, 'last_fix_time': datetime.datetime(2021, 7, 28, 20, 13, 2), 'speed': None, 'rudder': 0, 'datum': (42.3, -71.1)}
2021-07-28 21:13:04,731 [INFO] Processing: $BFNVG,201303.26,4218.003090,N,07105.995242,W,0,10.0,1.0,55.7,0.0,0.0,201303.26*6C
2021-07-28 21:13:04,733 [INFO] Interpreted as: {'position': (6.678041733219288, 5.557336922734976), 'latlon': (42.3000515, -71.0999207), 'heading': 55.7, 'depth': 1.0, 'altitude': 10.0, 'roll': 0.0, 'pitch': 0.0, 'last_fix_time': datetime.datetime(2021, 7, 28, 20, 13, 3), 'speed': None, 'rudder': 0, 'datum': (42.3, -71.1)}
2021-07-28 21:13:04,734 [INFO] Processing: $BFNVG,201303.61,4218.003204,N,07105.995028,W,0,10.0,1.0,56.1,0.0,0.0,201303.61*68
2021-07-28 21:13:04,735 [INFO] Interpreted as: {'position': (6.977258192317095, 5.761060995049775), 'latlon': (42.3000534, -71.09991713333334), 'heading': 56.1, 'depth': 1.0, 'altitude': 10.0, 'roll': 0.0, 'pitch': 0.0, 'last_fix_time': datetime.datetime(2021, 7, 28, 20, 13, 3), 'speed': None, 'rudder': 0, 'datum': (42.3, -71.1)}
2021-07-28 21:13:04,736 [INFO] Received from Frontseat: [b'$BFNVG,201302.54,4218.002854,N,07105.995679,W,0,10.0,1.0,54.9,0.0,0.0,201302.54*6E', b'$BFNVG,201302.89,4218.002972,N,07105.995463,W,0,10.0,1.0,55.3,0.0,0.0,201302.89*69', b'$BFNVG,201303.26,4218.003090,N,07105.995242,W,0,10.0,1.0,55.7,0.0,0.0,201303.26*6C', b'$BFNVG,201303.61,4218.003204,N,07105.995028,W,0,10.0,1.0,56.1,0.0,0.0,201303.61*68']
2021-07-28 21:13:04,737 [INFO] AUV state: {'position': (6.977258192317095, 5.761060995049775), 'latlon': (42.3000534, -71.09991713333334), 'heading': 56.1, 'depth': 1.0, 'altitude': 10.0, 'roll': 0.0, 'pitch': 0.0, 'last_fix_time': datetime.datetime(2021, 7, 28, 20, 13, 3), 'speed': None, 'rudder': 0, 'datum': (42.3, -71.1)}
2021-07-28 21:13:05,256 [INFO] **** [] [(3.934465586997128, -4.215290698431412), (28.874597698974174, 12.219949068016872), (22.734812011098214, -10.11162478927843), (7.696717377595614, 24.08424805707686)]
2021-07-28 21:13:05,257 [INFO] Next green buoy: [], next red buoy: [(3.934465586997128, -4.215290698431412), (28.874597698974174, 12.219949068016872), (22.734812011098214, -10.11162478927843), (7.696717377595614, 24.08424805707686)]
2021-07-28 21:13:05,257 [INFO] Desired_heading: 60.03446558699713
2021-07-28 21:13:05,258 [INFO] sending message $BPRMB,201307.61,-5.5412429128754175,1,0,1000,0,1*79
...
2021-07-28 21:13:06,260 [INFO] sending message $BPSTS,201306.25,1,BWSI Autonomy OK*45
...
2021-07-28 21:13:06,261 [INFO] Processing: $BFNVG,201303.96,4218.003316,N,07105.994813,W,0,10.0,1.0,56.5,0.0,0.0,201303.96*6F
2021-07-28 21:13:06,263 [INFO] Interpreted as: {'position': (7.277757176139858, 5.961049780249596), 'latlon': (42.30005526666667, -71.09991355), 'heading': 56.5, 'depth': 1.0, 'altitude': 10.0, 'roll': 0.0, 'pitch': 0.0, 'last_fix_time': datetime.datetime(2021, 7, 28, 20, 13, 3), 'speed': None, 'rudder': 0, 'datum': (42.3, -71.1)}
2021-07-28 21:13:06,264 [INFO] Processing: $BFNVG,201304.31,4218.003427,N,07105.994596,W,0,10.0,1.0,57.0,0.0,0.0,201304.31*6E
2021-07-28 21:13:06,266 [INFO] Interpreted as: {'position': (7.580958225298673, 6.159120074473321), 'latlon': (42.300057116666665, -71.09990993333334), 'heading': 57.0, 'depth': 1.0, 'altitude': 10.0, 'roll': 0.0, 'pitch': 0.0, 'last_fix_time': datetime.datetime(2021, 7, 28, 20, 13, 4), 'speed': None, 'rudder': 0, 'datum': (42.3, -71.1)}
2021-07-28 21:13:06,266 [INFO] Processing: $BFNVG,201304.67,4218.003537,N,07105.994377,W,0,10.0,1.0,57.5,0.0,0.0,201304.67*62
2021-07-28 21:13:06,269 [INFO] Interpreted as: {'position': (7.886861348350067, 6.3552718767896295), 'latlon': (42.30005895, -71.09990628333334), 'heading': 57.5, 'depth': 1.0, 'altitude': 10.0, 'roll': 0.0, 'pitch': 0.0, 'last_fix_time': datetime.datetime(2021, 7, 28, 20, 13, 4), 'speed': None, 'rudder': 0, 'datum': (42.3, -71.1)}
2021-07-28 21:13:06,270 [INFO] Processing: $BFNVG,201305.04,4218.003653,N,07105.994143,W,0,10.0,1.0,58.0,0.0,0.0,201305.04*6C
2021-07-28 21:13:06,272 [INFO] Interpreted as: {'position': (8.213646649033763, 6.562019322998822), 'latlon': (42.30006088333333, -71.09990238333333), 'heading': 58.0, 'depth': 1.0, 'altitude': 10.0, 'roll': 0.0, 'pitch': 0.0, 'last_fix_time': datetime.datetime(2021, 7, 28, 20, 13, 5), 'speed': None, 'rudder': 0, 'datum': (42.3, -71.1)}
2021-07-28 21:13:06,273 [INFO] Received from Frontseat: [b'$BFNVG,201303.96,4218.003316,N,07105.994813,W,0,10.0,1.0,56.5,0.0,0.0,201303.96*6F', b'$BFNVG,201304.31,4218.003427,N,07105.994596,W,0,10.0,1.0,57.0,0.0,0.0,201304.31*6E', b'$BFNVG,201304.67,4218.003537,N,07105.994377,W,0,10.0,1.0,57.5,0.0,0.0,201304.67*62', b'$BFNVG,201305.04,4218.003653,N,07105.994143,W,0,10.0,1.0,58.0,0.0,0.0,201305.04*6C']
2021-07-28 21:13:06,274 [INFO] AUV state: {'position': (8.213646649033763, 6.562019322998822), 'latlon': (42.30006088333333, -71.09990238333333), 'heading': 58.0, 'depth': 1.0, 'altitude': 10.0, 'roll': 0.0, 'pitch': 0.0, 'last_fix_time': datetime.datetime(2021, 7, 28, 20, 13, 5), 'speed': None, 'rudder': 0, 'datum': (42.3, -71.1)}
2021-07-28 21:13:06,808 [INFO] **** [] [(3.9587999972623527, -4.521212174923883), (28.869767458563256, 12.179214938169789), (7.742175903246443, 24.079744898351617), (22.731519577810076, -10.11162478927843)]
2021-07-28 21:13:06,809 [INFO] Next green buoy: [], next red buoy: [(3.9587999972623527, -4.521212174923883), (28.869767458563256, 12.179214938169789), (7.742175903246443, 24.079744898351617), (22.731519577810076, -10.11162478927843)]
2021-07-28 21:13:06,810 [INFO] Desired_heading: 61.95879999726235
2021-07-28 21:13:06,810 [INFO] sending message $BPRMB,201304.90,-5.584116259956297,1,0,1000,0,1*40
...
2021-07-28 21:13:07,812 [INFO] sending message $BPSTS,201307.81,1,BWSI Autonomy OK*4a
...
2021-07-28 21:13:07,813 [INFO] Processing: $BFNVG,201305.39,4218.003760,N,07105.993922,W,0,10.0,1.0,58.5,0.0,0.0,201305.39*60
2021-07-28 21:13:07,816 [INFO] Interpreted as: {'position': (8.522160481195897, 6.752551253885031), 'latlon': (42.30006266666667, -71.0998987), 'heading': 58.5, 'depth': 1.0, 'altitude': 10.0, 'roll': 0.0, 'pitch': 0.0, 'last_fix_time': datetime.datetime(2021, 7, 28, 20, 13, 5), 'speed': None, 'rudder': 0, 'datum': (42.3, -71.1)}
2021-07-28 21:13:07,816 [INFO] Processing: $BFNVG,201305.75,4218.003866,N,07105.993699,W,0,10.0,1.0,59.0,0.0,0.0,201305.75*62
2021-07-28 21:13:07,818 [INFO] Interpreted as: {'position': (8.83337638527155, 6.941164693795145), 'latlon': (42.30006443333333, -71.09989498333333), 'heading': 59.0, 'depth': 1.0, 'altitude': 10.0, 'roll': 0.0, 'pitch': 0.0, 'last_fix_time': datetime.datetime(2021, 7, 28, 20, 13, 5), 'speed': None, 'rudder': 0, 'datum': (42.3, -71.1)}
2021-07-28 21:13:07,819 [INFO] Processing: $BFNVG,201306.10,4218.003971,N,07105.993475,W,0,10.0,1.0,59.5,0.0,0.0,201306.10*60
2021-07-28 21:13:07,821 [INFO] Interpreted as: {'position': (9.145920476701576, 7.127893547527492), 'latlon': (42.300066183333335, -71.09989125), 'heading': 59.5, 'depth': 1.0, 'altitude': 10.0, 'roll': 0.0, 'pitch': 0.0, 'last_fix_time': datetime.datetime(2021, 7, 28, 20, 13, 6), 'speed': None, 'rudder': 0, 'datum': (42.3, -71.1)}
2021-07-28 21:13:07,822 [INFO] Processing: $BFNVG,201306.46,4218.004074,N,07105.993249,W,0,10.0,1.0,60.0,0.0,0.0,201306.46*6D
2021-07-28 21:13:07,824 [INFO] Interpreted as: {'position': (9.461120972584467, 7.3108532121405005), 'latlon': (42.3000679, -71.09988748333333), 'heading': 60.0, 'depth': 1.0, 'altitude': 10.0, 'roll': 0.0, 'pitch': 0.0, 'last_fix_time': datetime.datetime(2021, 7, 28, 20, 13, 6), 'speed': None, 'rudder': 0, 'datum': (42.3, -71.1)}
2021-07-28 21:13:07,825 [INFO] Processing: $BFNVG,201306.81,4218.004176,N,07105.993023,W,0,10.0,1.0,60.5,0.0,0.0,201306.81*65
2021-07-28 21:13:07,827 [INFO] Interpreted as: {'position': (9.776275779935531, 7.491962196305394), 'latlon': (42.3000696, -71.09988371666667), 'heading': 60.5, 'depth': 1.0, 'altitude': 10.0, 'roll': 0.0, 'pitch': 0.0, 'last_fix_time': datetime.datetime(2021, 7, 28, 20, 13, 6), 'speed': None, 'rudder': 0, 'datum': (42.3, -71.1)}
2021-07-28 21:13:07,828 [INFO] Received from Frontseat: [b'$BFNVG,201305.39,4218.003760,N,07105.993922,W,0,10.0,1.0,58.5,0.0,0.0,201305.39*60', b'$BFNVG,201305.75,4218.003866,N,07105.993699,W,0,10.0,1.0,59.0,0.0,0.0,201305.75*62', b'$BFNVG,201306.10,4218.003971,N,07105.993475,W,0,10.0,1.0,59.5,0.0,0.0,201306.10*60', b'$BFNVG,201306.46,4218.004074,N,07105.993249,W,0,10.0,1.0,60.0,0.0,0.0,201306.46*6D', b'$BFNVG,201306.81,4218.004176,N,07105.993023,W,0,10.0,1.0,60.5,0.0,0.0,201306.81*65']
2021-07-28 21:13:07,828 [INFO] AUV state: {'position': (9.776275779935531, 7.491962196305394), 'latlon': (42.3000696, -71.09988371666667), 'heading': 60.5, 'depth': 1.0, 'altitude': 10.0, 'roll': 0.0, 'pitch': 0.0, 'last_fix_time': datetime.datetime(2021, 7, 28, 20, 13, 6), 'speed': None, 'rudder': 0, 'datum': (42.3, -71.1)}
2021-07-28 21:13:08,354 [INFO] **** [] [(3.989727957707923, -4.317496541196813), (28.865347502709295, 12.204374509640083), (22.75217980996087, -10.12507654117178), (7.715169828599578, 24.07486887899289)]
2021-07-28 21:13:08,355 [INFO] Next green buoy: [], next red buoy: [(3.989727957707923, -4.317496541196813), (28.865347502709295, 12.204374509640083), (22.75217980996087, -10.12507654117178), (7.715169828599578, 24.07486887899289)]
2021-07-28 21:13:08,355 [INFO] Desired_heading: 64.48972795770793
2021-07-28 21:13:08,356 [INFO] sending message $BPRMB,201310.71,-5.6387015052625635,1,0,1000,0,1*75
...
2021-07-28 21:13:09,358 [INFO] sending message $BPSTS,201309.35,1,BWSI Autonomy OK*4b
...
2021-07-28 21:13:09,363 [INFO] Processing: $BFNVG,201307.16,4218.004276,N,07105.992795,W,0,10.0,1.0,61.0,0.0,0.0,201307.16*69
2021-07-28 21:13:09,365 [INFO] Interpreted as: {'position': (10.094086988130584, 7.669301991350949), 'latlon': (42.30007126666667, -71.09987991666667), 'heading': 61.0, 'depth': 1.0, 'altitude': 10.0, 'roll': 0.0, 'pitch': 0.0, 'last_fix_time': datetime.datetime(2021, 7, 28, 20, 13, 7), 'speed': None, 'rudder': 0, 'datum': (42.3, -71.1)}
2021-07-28 21:13:09,366 [INFO] Processing: $BFNVG,201307.52,4218.004375,N,07105.992567,W,0,10.0,1.0,61.5,0.0,0.0,201307.52*61
2021-07-28 21:13:09,368 [INFO] Interpreted as: {'position': (10.411852512392215, 7.844791104085743), 'latlon': (42.300072916666664, -71.09987611666666), 'heading': 61.5, 'depth': 1.0, 'altitude': 10.0, 'roll': 0.0, 'pitch': 0.0, 'last_fix_time': datetime.datetime(2021, 7, 28, 20, 13, 7), 'speed': None, 'rudder': 0, 'datum': (42.3, -71.1)}
2021-07-28 21:13:09,369 [INFO] Processing: $BFNVG,201307.87,4218.004472,N,07105.992338,W,0,10.0,1.0,62.0,0.0,0.0,201307.87*6B
2021-07-28 21:13:09,371 [INFO] Interpreted as: {'position': (10.730900555616245, 8.016544932499528), 'latlon': (42.30007453333333, -71.0998723), 'heading': 62.0, 'depth': 1.0, 'altitude': 10.0, 'roll': 0.0, 'pitch': 0.0, 'last_fix_time': datetime.datetime(2021, 7, 28, 20, 13, 7), 'speed': None, 'rudder': 0, 'datum': (42.3, -71.1)}
2021-07-28 21:13:09,372 [INFO] Processing: $BFNVG,201308.22,4218.004567,N,07105.992108,W,0,10.0,1.0,62.4,0.0,0.0,201308.22*6B
2021-07-28 21:13:09,374 [INFO] Interpreted as: {'position': (11.051231126533821, 8.184563480317593), 'latlon': (42.300076116666666, -71.09986846666666), 'heading': 62.4, 'depth': 1.0, 'altitude': 10.0, 'roll': 0.0, 'pitch': 0.0, 'last_fix_time': datetime.datetime(2021, 7, 28, 20, 13, 8), 'speed': None, 'rudder': 0, 'datum': (42.3, -71.1)}
2021-07-28 21:13:09,375 [INFO] Received from Frontseat: [b'$BFNVG,201307.16,4218.004276,N,07105.992795,W,0,10.0,1.0,61.0,0.0,0.0,201307.16*69', b'$BFNVG,201307.52,4218.004375,N,07105.992567,W,0,10.0,1.0,61.5,0.0,0.0,201307.52*61', b'$BFNVG,201307.87,4218.004472,N,07105.992338,W,0,10.0,1.0,62.0,0.0,0.0,201307.87*6B', b'$BFNVG,201308.22,4218.004567,N,07105.992108,W,0,10.0,1.0,62.4,0.0,0.0,201308.22*6B']
2021-07-28 21:13:09,376 [INFO] AUV state: {'position': (11.051231126533821, 8.184563480317593), 'latlon': (42.300076116666666, -71.09986846666666), 'heading': 62.4, 'depth': 1.0, 'altitude': 10.0, 'roll': 0.0, 'pitch': 0.0, 'last_fix_time': datetime.datetime(2021, 7, 28, 20, 13, 8), 'speed': None, 'rudder': 0, 'datum': (42.3, -71.1)}
2021-07-28 21:13:09,919 [INFO] **** [] [(3.9976650764509727, -4.2161982984141515), (28.870074313249514, 12.256393054395637), (22.755357752833675, -10.12507654117178), (7.696717377595614, 24.08424805707686)]
2021-07-28 21:13:09,920 [INFO] Next green buoy: [], next red buoy: [(3.9976650764509727, -4.2161982984141515), (28.870074313249514, 12.256393054395637), (22.755357752833675, -10.12507654117178), (7.696717377595614, 24.08424805707686)]
2021-07-28 21:13:09,921 [INFO] Desired_heading: 66.39766507645098
2021-07-28 21:13:09,921 [INFO] sending message $BPRMB,201307.99,-5.6527269500246815,1,0,1000,0,1*7f
...
2021-07-28 21:13:10,923 [INFO] sending message $BPSTS,201310.92,1,BWSI Autonomy OK*4e
...
2021-07-28 21:13:10,924 [INFO] Processing: $BFNVG,201308.59,4218.004665,N,07105.991866,W,0,10.0,1.0,63.0,0.0,0.0,201308.59*6D
2021-07-28 21:13:10,926 [INFO] Interpreted as: {'position': (11.388185224379413, 8.35772729665041), 'latlon': (42.30007775, -71.09986443333334), 'heading': 63.0, 'depth': 1.0, 'altitude': 10.0, 'roll': 0.0, 'pitch': 0.0, 'last_fix_time': datetime.datetime(2021, 7, 28, 20, 13, 8), 'speed': None, 'rudder': 0, 'datum': (42.3, -71.1)}
2021-07-28 21:13:10,927 [INFO] Processing: $BFNVG,201308.95,4218.004761,N,07105.991627,W,0,10.0,1.0,63.5,0.0,0.0,201308.95*66
2021-07-28 21:13:10,929 [INFO] Interpreted as: {'position': (11.720926332694944, 8.527291445061564), 'latlon': (42.30007935, -71.09986045), 'heading': 63.5, 'depth': 1.0, 'altitude': 10.0, 'roll': 0.0, 'pitch': 0.0, 'last_fix_time': datetime.datetime(2021, 7, 28, 20, 13, 8), 'speed': None, 'rudder': 0, 'datum': (42.3, -71.1)}
2021-07-28 21:13:10,931 [INFO] Processing: $BFNVG,201309.30,4218.004852,N,07105.991393,W,0,10.0,1.0,64.0,0.0,0.0,201309.30*61
2021-07-28 21:13:10,933 [INFO] Interpreted as: {'position': (12.046569691156037, 8.68777163606137), 'latlon': (42.30008086666667, -71.09985655), 'heading': 64.0, 'depth': 1.0, 'altitude': 10.0, 'roll': 0.0, 'pitch': 0.0, 'last_fix_time': datetime.datetime(2021, 7, 28, 20, 13, 9), 'speed': None, 'rudder': 0, 'datum': (42.3, -71.1)}
2021-07-28 21:13:10,934 [INFO] Processing: $BFNVG,201309.65,4218.004941,N,07105.991159,W,0,10.0,1.0,64.5,0.0,0.0,201309.65*63
2021-07-28 21:13:10,936 [INFO] Interpreted as: {'position': (12.372121694148518, 8.84455044567585), 'latlon': (42.30008235, -71.09985265), 'heading': 64.5, 'depth': 1.0, 'altitude': 10.0, 'roll': 0.0, 'pitch': 0.0, 'last_fix_time': datetime.datetime(2021, 7, 28, 20, 13, 9), 'speed': None, 'rudder': 0, 'datum': (42.3, -71.1)}
2021-07-28 21:13:10,936 [INFO] Received from Frontseat: [b'$BFNVG,201308.59,4218.004665,N,07105.991866,W,0,10.0,1.0,63.0,0.0,0.0,201308.59*6D', b'$BFNVG,201308.95,4218.004761,N,07105.991627,W,0,10.0,1.0,63.5,0.0,0.0,201308.95*66', b'$BFNVG,201309.30,4218.004852,N,07105.991393,W,0,10.0,1.0,64.0,0.0,0.0,201309.30*61', b'$BFNVG,201309.65,4218.004941,N,07105.991159,W,0,10.0,1.0,64.5,0.0,0.0,201309.65*63']
2021-07-28 21:13:10,937 [INFO] AUV state: {'position': (12.372121694148518, 8.84455044567585), 'latlon': (42.30008235, -71.09985265), 'heading': 64.5, 'depth': 1.0, 'altitude': 10.0, 'roll': 0.0, 'pitch': 0.0, 'last_fix_time': datetime.datetime(2021, 7, 28, 20, 13, 9), 'speed': None, 'rudder': 0, 'datum': (42.3, -71.1)}
2021-07-28 21:13:11,472 [INFO] **** [] [(3.8840038072813132, -4.121731584893863), (28.87137758859625, 12.17952357711389), (22.749001719236137, -10.12869797403204), (7.696717377595614, 24.08424805707686), (19.9110033085175, 15.989881642021013)]
2021-07-28 21:13:11,473 [INFO] Next green buoy: [], next red buoy: [(3.8840038072813132, -4.121731584893863), (28.87137758859625, 12.17952357711389), (22.749001719236137, -10.12869797403204), (7.696717377595614, 24.08424805707686), (19.9110033085175, 15.989881642021013)]
2021-07-28 21:13:11,474 [INFO] Desired_heading: 68.38400380728132
2021-07-28 21:13:11,474 [INFO] sending message $BPRMB,201313.84,-5.452548768749318,1,0,1000,0,1*47
...
2021-07-28 21:13:12,476 [INFO] sending message $BPSTS,201312.47,1,BWSI Autonomy OK*44
...
2021-07-28 21:13:12,477 [INFO] Processing: $BFNVG,201310.01,4218.005029,N,07105.990924,W,0,10.0,1.0,65.0,0.0,0.0,201310.01*62
2021-07-28 21:13:12,479 [INFO] Interpreted as: {'position': (12.699001891247462, 8.999444672837853), 'latlon': (42.300083816666664, -71.09984873333333), 'heading': 65.0, 'depth': 1.0, 'altitude': 10.0, 'roll': 0.0, 'pitch': 0.0, 'last_fix_time': datetime.datetime(2021, 7, 28, 20, 13, 10), 'speed': None, 'rudder': 0, 'datum': (42.3, -71.1)}
2021-07-28 21:13:12,480 [INFO] Processing: $BFNVG,201310.36,4218.005116,N,07105.990685,W,0,10.0,1.0,65.5,0.0,0.0,201310.36*6E
2021-07-28 21:13:12,482 [INFO] Interpreted as: {'position': (13.031331918435171, 9.152352607809007), 'latlon': (42.30008526666667, -71.09984475), 'heading': 65.5, 'depth': 1.0, 'altitude': 10.0, 'roll': 0.0, 'pitch': 0.0, 'last_fix_time': datetime.datetime(2021, 7, 28, 20, 13, 10), 'speed': None, 'rudder': 0, 'datum': (42.3, -71.1)}
2021-07-28 21:13:12,483 [INFO] Processing: $BFNVG,201310.73,4218.005206,N,07105.990434,W,0,10.0,1.0,66.0,0.0,0.0,201310.73*62
2021-07-28 21:13:12,485 [INFO] Interpreted as: {'position': (13.380285469465889, 9.310405817814171), 'latlon': (42.30008676666667, -71.09984056666667), 'heading': 66.0, 'depth': 1.0, 'altitude': 10.0, 'roll': 0.0, 'pitch': 0.0, 'last_fix_time': datetime.datetime(2021, 7, 28, 20, 13, 10), 'speed': None, 'rudder': 0, 'datum': (42.3, -71.1)}
2021-07-28 21:13:12,486 [INFO] Processing: $BFNVG,201311.10,4218.005292,N,07105.990185,W,0,10.0,1.0,66.5,0.0,0.0,201311.10*65
2021-07-28 21:13:12,488 [INFO] Interpreted as: {'position': (13.726308575947769, 9.461124061606824), 'latlon': (42.3000882, -71.09983641666666), 'heading': 66.5, 'depth': 1.0, 'altitude': 10.0, 'roll': 0.0, 'pitch': 0.0, 'last_fix_time': datetime.datetime(2021, 7, 28, 20, 13, 11), 'speed': None, 'rudder': 0, 'datum': (42.3, -71.1)}
2021-07-28 21:13:12,489 [INFO] Processing: $BFNVG,201311.46,4218.005375,N,07105.989943,W,0,10.0,1.0,67.0,0.0,0.0,201311.46*63
2021-07-28 21:13:12,491 [INFO] Interpreted as: {'position': (14.062577514385339, 9.606527548283339), 'latlon': (42.30008958333333, -71.09983238333334), 'heading': 67.0, 'depth': 1.0, 'altitude': 10.0, 'roll': 0.0, 'pitch': 0.0, 'last_fix_time': datetime.datetime(2021, 7, 28, 20, 13, 11), 'speed': None, 'rudder': 0, 'datum': (42.3, -71.1)}
2021-07-28 21:13:12,492 [INFO] Received from Frontseat: [b'$BFNVG,201310.01,4218.005029,N,07105.990924,W,0,10.0,1.0,65.0,0.0,0.0,201310.01*62', b'$BFNVG,201310.36,4218.005116,N,07105.990685,W,0,10.0,1.0,65.5,0.0,0.0,201310.36*6E', b'$BFNVG,201310.73,4218.005206,N,07105.990434,W,0,10.0,1.0,66.0,0.0,0.0,201310.73*62', b'$BFNVG,201311.10,4218.005292,N,07105.990185,W,0,10.0,1.0,66.5,0.0,0.0,201311.10*65', b'$BFNVG,201311.46,4218.005375,N,07105.989943,W,0,10.0,1.0,67.0,0.0,0.0,201311.46*63']
2021-07-28 21:13:12,493 [INFO] AUV state: {'position': (14.062577514385339, 9.606527548283339), 'latlon': (42.30008958333333, -71.09983238333334), 'heading': 67.0, 'depth': 1.0, 'altitude': 10.0, 'roll': 0.0, 'pitch': 0.0, 'last_fix_time': datetime.datetime(2021, 7, 28, 20, 13, 11), 'speed': None, 'rudder': 0, 'datum': (42.3, -71.1)}
2021-07-28 21:13:13,008 [INFO] **** [] [(3.967356120638101, -4.328230556603189), (28.843604888354847, 12.232810888731718), (22.755357752833675, -10.12869797403204), (7.715169828599578, 24.07486887899289)]
2021-07-28 21:13:13,009 [INFO] Next green buoy: [], next red buoy: [(3.967356120638101, -4.328230556603189), (28.843604888354847, 12.232810888731718), (22.755357752833675, -10.12869797403204), (7.715169828599578, 24.07486887899289)]
2021-07-28 21:13:13,010 [INFO] Desired_heading: 70.9673561206381
2021-07-28 21:13:13,010 [INFO] sending message $BPRMB,201311.10,-5.599206466777718,1,0,1000,0,1*47
...
2021-07-28 21:13:14,012 [INFO] sending message $BPSTS,201314.01,1,BWSI Autonomy OK*40
...
2021-07-28 21:13:14,013 [INFO] Processing: $BFNVG,201311.81,4218.005456,N,07105.989700,W,0,10.0,1.0,67.5,0.0,0.0,201311.81*69
2021-07-28 21:13:14,016 [INFO] Interpreted as: {'position': (14.400128981447779, 9.74819575343281), 'latlon': (42.30009093333334, -71.09982833333333), 'heading': 67.5, 'depth': 1.0, 'altitude': 10.0, 'roll': 0.0, 'pitch': 0.0, 'last_fix_time': datetime.datetime(2021, 7, 28, 20, 13, 11), 'speed': None, 'rudder': 0, 'datum': (42.3, -71.1)}
2021-07-28 21:13:14,017 [INFO] Processing: $BFNVG,201312.17,4218.005537,N,07105.989452,W,0,10.0,1.0,68.0,0.0,0.0,201312.17*61
2021-07-28 21:13:14,019 [INFO] Interpreted as: {'position': (14.744549820956308, 9.88969446439296), 'latlon': (42.300092283333335, -71.0998242), 'heading': 68.0, 'depth': 1.0, 'altitude': 10.0, 'roll': 0.0, 'pitch': 0.0, 'last_fix_time': datetime.datetime(2021, 7, 28, 20, 13, 12), 'speed': None, 'rudder': 0, 'datum': (42.3, -71.1)}
2021-07-28 21:13:14,020 [INFO] Processing: $BFNVG,201312.53,4218.005614,N,07105.989208,W,0,10.0,1.0,68.5,0.0,0.0,201312.53*6F
2021-07-28 21:13:14,022 [INFO] Interpreted as: {'position': (15.08329246181529, 10.02392600942403), 'latlon': (42.30009356666667, -71.09982013333334), 'heading': 68.5, 'depth': 1.0, 'altitude': 10.0, 'roll': 0.0, 'pitch': 0.0, 'last_fix_time': datetime.datetime(2021, 7, 28, 20, 13, 12), 'speed': None, 'rudder': 0, 'datum': (42.3, -71.1)}
2021-07-28 21:13:14,023 [INFO] Processing: $BFNVG,201312.89,4218.005691,N,07105.988961,W,0,10.0,1.0,69.0,0.0,0.0,201312.89*63
2021-07-28 21:13:14,025 [INFO] Interpreted as: {'position': (15.426156724453904, 10.158055866137147), 'latlon': (42.30009485, -71.09981601666667), 'heading': 69.0, 'depth': 1.0, 'altitude': 10.0, 'roll': 0.0, 'pitch': 0.0, 'last_fix_time': datetime.datetime(2021, 7, 28, 20, 13, 12), 'speed': None, 'rudder': 0, 'datum': (42.3, -71.1)}
2021-07-28 21:13:14,025 [INFO] Received from Frontseat: [b'$BFNVG,201311.81,4218.005456,N,07105.989700,W,0,10.0,1.0,67.5,0.0,0.0,201311.81*69', b'$BFNVG,201312.17,4218.005537,N,07105.989452,W,0,10.0,1.0,68.0,0.0,0.0,201312.17*61', b'$BFNVG,201312.53,4218.005614,N,07105.989208,W,0,10.0,1.0,68.5,0.0,0.0,201312.53*6F', b'$BFNVG,201312.89,4218.005691,N,07105.988961,W,0,10.0,1.0,69.0,0.0,0.0,201312.89*63']
2021-07-28 21:13:14,026 [INFO] AUV state: {'position': (15.426156724453904, 10.158055866137147), 'latlon': (42.30009485, -71.09981601666667), 'heading': 69.0, 'depth': 1.0, 'altitude': 10.0, 'roll': 0.0, 'pitch': 0.0, 'last_fix_time': datetime.datetime(2021, 7, 28, 20, 13, 12), 'speed': None, 'rudder': 0, 'datum': (42.3, -71.1)}
2021-07-28 21:13:14,545 [INFO] **** [] [(3.949202867497404, -4.545664230029069), (28.863574185741495, 12.257123443266845), (7.7389514790377545, 24.082482150185385), (22.749001719236137, -10.12507654117178), (19.9110033085175, 15.989881642021013)]
2021-07-28 21:13:14,547 [INFO] Next green buoy: [], next red buoy: [(3.949202867497404, -4.545664230029069), (28.863574185741495, 12.257123443266845), (7.7389514790377545, 24.082482150185385), (22.749001719236137, -10.12507654117178), (19.9110033085175, 15.989881642021013)]
2021-07-28 21:13:14,547 [INFO] Desired_heading: 72.9492028674974
2021-07-28 21:13:14,548 [INFO] sending message $BPRMB,201316.92,-5.567199757909331,1,0,1000,0,1*47
...
2021-07-28 21:13:15,549 [INFO] sending message $BPSTS,201315.54,1,BWSI Autonomy OK*41
...
2021-07-28 21:13:15,551 [INFO] Processing: $BFNVG,201313.24,4218.005765,N,07105.988714,W,0,10.0,1.0,69.5,0.0,0.0,201313.24*60
2021-07-28 21:13:15,553 [INFO] Interpreted as: {'position': (15.768883968994487, 10.286633648909628), 'latlon': (42.30009608333334, -71.0998119), 'heading': 69.5, 'depth': 1.0, 'altitude': 10.0, 'roll': 0.0, 'pitch': 0.0, 'last_fix_time': datetime.datetime(2021, 7, 28, 20, 13, 13), 'speed': None, 'rudder': 0, 'datum': (42.3, -71.1)}
2021-07-28 21:13:15,553 [INFO] Processing: $BFNVG,201313.60,4218.005839,N,07105.988466,W,0,10.0,1.0,70.0,0.0,0.0,201313.60*6D
2021-07-28 21:13:15,555 [INFO] Interpreted as: {'position': (16.11298507580068, 10.415177542716265), 'latlon': (42.300097316666665, -71.09980776666667), 'heading': 70.0, 'depth': 1.0, 'altitude': 10.0, 'roll': 0.0, 'pitch': 0.0, 'last_fix_time': datetime.datetime(2021, 7, 28, 20, 13, 13), 'speed': None, 'rudder': 0, 'datum': (42.3, -71.1)}
2021-07-28 21:13:15,556 [INFO] Processing: $BFNVG,201313.95,4218.005910,N,07105.988219,W,0,10.0,1.0,70.5,0.0,0.0,201313.95*6C
2021-07-28 21:13:15,558 [INFO] Interpreted as: {'position': (16.455575287982356, 10.538203267380595), 'latlon': (42.3000985, -71.09980365), 'heading': 70.5, 'depth': 1.0, 'altitude': 10.0, 'roll': 0.0, 'pitch': 0.0, 'last_fix_time': datetime.datetime(2021, 7, 28, 20, 13, 13), 'speed': None, 'rudder': 0, 'datum': (42.3, -71.1)}
2021-07-28 21:13:15,560 [INFO] Processing: $BFNVG,201314.31,4218.005980,N,07105.987970,W,0,10.0,1.0,71.0,0.0,0.0,201314.31*6A
2021-07-28 21:13:15,562 [INFO] Interpreted as: {'position': (16.800867576966994, 10.659310505725443), 'latlon': (42.30009966666667, -71.0997995), 'heading': 71.0, 'depth': 1.0, 'altitude': 10.0, 'roll': 0.0, 'pitch': 0.0, 'last_fix_time': datetime.datetime(2021, 7, 28, 20, 13, 14), 'speed': None, 'rudder': 0, 'datum': (42.3, -71.1)}
2021-07-28 21:13:15,563 [INFO] Received from Frontseat: [b'$BFNVG,201313.24,4218.005765,N,07105.988714,W,0,10.0,1.0,69.5,0.0,0.0,201313.24*60', b'$BFNVG,201313.60,4218.005839,N,07105.988466,W,0,10.0,1.0,70.0,0.0,0.0,201313.60*6D', b'$BFNVG,201313.95,4218.005910,N,07105.988219,W,0,10.0,1.0,70.5,0.0,0.0,201313.95*6C', b'$BFNVG,201314.31,4218.005980,N,07105.987970,W,0,10.0,1.0,71.0,0.0,0.0,201314.31*6A']
2021-07-28 21:13:15,565 [INFO] AUV state: {'position': (16.800867576966994, 10.659310505725443), 'latlon': (42.30009966666667, -71.0997995), 'heading': 71.0, 'depth': 1.0, 'altitude': 10.0, 'roll': 0.0, 'pitch': 0.0, 'last_fix_time': datetime.datetime(2021, 7, 28, 20, 13, 14), 'speed': None, 'rudder': 0, 'datum': (42.3, -71.1)}
2021-07-28 21:13:16,081 [INFO] **** [] [(2.7765024060881673, -3.4440150629304482), (28.87038692928657, 12.17333506872886), (7.717517289074144, 24.086990310153286), (22.755357752833675, -10.12869797403204)]
2021-07-28 21:13:16,082 [INFO] Next green buoy: [], next red buoy: [(2.7765024060881673, -3.4440150629304482), (28.87038692928657, 12.17333506872886), (7.717517289074144, 24.086990310153286), (22.755357752833675, -10.12869797403204)]
2021-07-28 21:13:16,083 [INFO] Desired_heading: 73.77650240608817
2021-07-28 21:13:16,083 [INFO] sending message $BPRMB,201314.17,-3.5840376868513424,1,0,1000,0,1*77
...
2021-07-28 21:13:17,085 [INFO] sending message $BPSTS,201317.08,1,BWSI Autonomy OK*4a
...
2021-07-28 21:13:17,086 [INFO] Processing: $BFNVG,201314.67,4218.006050,N,07105.987714,W,0,10.0,1.0,71.5,0.0,0.0,201314.67*64
2021-07-28 21:13:17,088 [INFO] Interpreted as: {'position': (17.155776996398345, 10.780180448666215), 'latlon': (42.30010083333333, -71.09979523333334), 'heading': 71.5, 'depth': 1.0, 'altitude': 10.0, 'roll': 0.0, 'pitch': 0.0, 'last_fix_time': datetime.datetime(2021, 7, 28, 20, 13, 14), 'speed': None, 'rudder': 0, 'datum': (42.3, -71.1)}
2021-07-28 21:13:17,089 [INFO] Processing: $BFNVG,201315.05,4218.006119,N,07105.987451,W,0,10.0,1.0,72.0,0.0,0.0,201315.05*6C
2021-07-28 21:13:17,091 [INFO] Interpreted as: {'position': (17.520257876138203, 10.898962399922311), 'latlon': (42.300101983333334, -71.09979085), 'heading': 72.0, 'depth': 1.0, 'altitude': 10.0, 'roll': 0.0, 'pitch': 0.0, 'last_fix_time': datetime.datetime(2021, 7, 28, 20, 13, 15), 'speed': None, 'rudder': 0, 'datum': (42.3, -71.1)}
2021-07-28 21:13:17,092 [INFO] Processing: $BFNVG,201315.40,4218.006184,N,07105.987199,W,0,10.0,1.0,72.5,0.0,0.0,201315.40*6C
2021-07-28 21:13:17,094 [INFO] Interpreted as: {'position': (17.869443421659525, 11.01071450021118), 'latlon': (42.300103066666665, -71.09978665), 'heading': 72.5, 'depth': 1.0, 'altitude': 10.0, 'roll': 0.0, 'pitch': 0.0, 'last_fix_time': datetime.datetime(2021, 7, 28, 20, 13, 15), 'speed': None, 'rudder': 0, 'datum': (42.3, -71.1)}
2021-07-28 21:13:17,095 [INFO] Processing: $BFNVG,201315.76,4218.006248,N,07105.986947,W,0,10.0,1.0,73.0,0.0,0.0,201315.76*61
2021-07-28 21:13:17,097 [INFO] Interpreted as: {'position': (18.218583285692148, 11.120615920983255), 'latlon': (42.300104133333335, -71.09978245), 'heading': 73.0, 'depth': 1.0, 'altitude': 10.0, 'roll': 0.0, 'pitch': 0.0, 'last_fix_time': datetime.datetime(2021, 7, 28, 20, 13, 15), 'speed': None, 'rudder': 0, 'datum': (42.3, -71.1)}
2021-07-28 21:13:17,098 [INFO] Received from Frontseat: [b'$BFNVG,201314.67,4218.006050,N,07105.987714,W,0,10.0,1.0,71.5,0.0,0.0,201314.67*64', b'$BFNVG,201315.05,4218.006119,N,07105.987451,W,0,10.0,1.0,72.0,0.0,0.0,201315.05*6C', b'$BFNVG,201315.40,4218.006184,N,07105.987199,W,0,10.0,1.0,72.5,0.0,0.0,201315.40*6C', b'$BFNVG,201315.76,4218.006248,N,07105.986947,W,0,10.0,1.0,73.0,0.0,0.0,201315.76*61']
2021-07-28 21:13:17,099 [INFO] AUV state: {'position': (18.218583285692148, 11.120615920983255), 'latlon': (42.300104133333335, -71.09978245), 'heading': 73.0, 'depth': 1.0, 'altitude': 10.0, 'roll': 0.0, 'pitch': 0.0, 'last_fix_time': datetime.datetime(2021, 7, 28, 20, 13, 15), 'speed': None, 'rudder': 0, 'datum': (42.3, -71.1)}
2021-07-28 21:13:17,612 [INFO] **** [] [(3.912553267350322, -4.1671636656014766), (28.866367332565208, 12.196763504308816), (22.749001719236137, -10.12869797403204), (7.696717377595614, 24.08133428461513)]
2021-07-28 21:13:17,614 [INFO] Next green buoy: [], next red buoy: [(3.912553267350322, -4.1671636656014766), (28.866367332565208, 12.196763504308816), (22.749001719236137, -10.12869797403204), (7.696717377595614, 24.08133428461513)]
2021-07-28 21:13:17,614 [INFO] Desired_heading: 76.91255326735032
2021-07-28 21:13:17,615 [INFO] sending message $BPRMB,201319.99,-5.5026935737684965,1,0,1000,0,1*7f
...
2021-07-28 21:13:18,616 [INFO] sending message $BPSTS,201318.61,1,BWSI Autonomy OK*4a
...
2021-07-28 21:13:18,618 [INFO] Processing: $BFNVG,201316.12,4218.006310,N,07105.986693,W,0,10.0,1.0,73.5,0.0,0.0,201316.12*6E
2021-07-28 21:13:18,620 [INFO] Interpreted as: {'position': (18.570379560405854, 11.226748158223927), 'latlon': (42.30010516666667, -71.09977821666666), 'heading': 73.5, 'depth': 1.0, 'altitude': 10.0, 'roll': 0.0, 'pitch': 0.0, 'last_fix_time': datetime.datetime(2021, 7, 28, 20, 13, 16), 'speed': None, 'rudder': 0, 'datum': (42.3, -71.1)}
2021-07-28 21:13:18,621 [INFO] Processing: $BFNVG,201316.47,4218.006370,N,07105.986439,W,0,10.0,1.0,73.8,0.0,0.0,201316.47*67
2021-07-28 21:13:18,623 [INFO] Interpreted as: {'position': (18.922084489138797, 11.32917902059853), 'latlon': (42.300106166666666, -71.09977398333334), 'heading': 73.8, 'depth': 1.0, 'altitude': 10.0, 'roll': 0.0, 'pitch': 0.0, 'last_fix_time': datetime.datetime(2021, 7, 28, 20, 13, 16), 'speed': None, 'rudder': 0, 'datum': (42.3, -71.1)}
2021-07-28 21:13:18,624 [INFO] Processing: $BFNVG,201316.83,4218.006429,N,07105.986185,W,0,10.0,1.0,74.1,0.0,0.0,201316.83*60
2021-07-28 21:13:18,626 [INFO] Interpreted as: {'position': (19.27374373958446, 11.429759203456342), 'latlon': (42.30010715, -71.09976975), 'heading': 74.1, 'depth': 1.0, 'altitude': 10.0, 'roll': 0.0, 'pitch': 0.0, 'last_fix_time': datetime.datetime(2021, 7, 28, 20, 13, 16), 'speed': None, 'rudder': 0, 'datum': (42.3, -71.1)}
2021-07-28 21:13:18,627 [INFO] Processing: $BFNVG,201317.19,4218.006489,N,07105.985924,W,0,10.0,1.0,74.4,0.0,0.0,201317.19*6F
2021-07-28 21:13:18,629 [INFO] Interpreted as: {'position': (19.635065786074847, 11.531952791847289), 'latlon': (42.30010815, -71.0997654), 'heading': 74.4, 'depth': 1.0, 'altitude': 10.0, 'roll': 0.0, 'pitch': 0.0, 'last_fix_time': datetime.datetime(2021, 7, 28, 20, 13, 17), 'speed': None, 'rudder': 0, 'datum': (42.3, -71.1)}
2021-07-28 21:13:18,631 [INFO] Processing: $BFNVG,201317.55,4218.006547,N,07105.985666,W,0,10.0,1.0,74.8,0.0,0.0,201317.55*69
2021-07-28 21:13:18,632 [INFO] Interpreted as: {'position': (19.99217485508416, 11.630546708591282), 'latlon': (42.30010911666667, -71.0997611), 'heading': 74.8, 'depth': 1.0, 'altitude': 10.0, 'roll': 0.0, 'pitch': 0.0, 'last_fix_time': datetime.datetime(2021, 7, 28, 20, 13, 17), 'speed': None, 'rudder': 0, 'datum': (42.3, -71.1)}
2021-07-28 21:13:18,633 [INFO] Received from Frontseat: [b'$BFNVG,201316.12,4218.006310,N,07105.986693,W,0,10.0,1.0,73.5,0.0,0.0,201316.12*6E', b'$BFNVG,201316.47,4218.006370,N,07105.986439,W,0,10.0,1.0,73.8,0.0,0.0,201316.47*67', b'$BFNVG,201316.83,4218.006429,N,07105.986185,W,0,10.0,1.0,74.1,0.0,0.0,201316.83*60', b'$BFNVG,201317.19,4218.006489,N,07105.985924,W,0,10.0,1.0,74.4,0.0,0.0,201317.19*6F', b'$BFNVG,201317.55,4218.006547,N,07105.985666,W,0,10.0,1.0,74.8,0.0,0.0,201317.55*69']
2021-07-28 21:13:18,634 [INFO] AUV state: {'position': (19.99217485508416, 11.630546708591282), 'latlon': (42.30010911666667, -71.0997611), 'heading': 74.8, 'depth': 1.0, 'altitude': 10.0, 'roll': 0.0, 'pitch': 0.0, 'last_fix_time': datetime.datetime(2021, 7, 28, 20, 13, 17), 'speed': None, 'rudder': 0, 'datum': (42.3, -71.1)}
2021-07-28 21:13:19,137 [INFO] **** [] [(4.0630010279532875, -4.346526166967604), (28.859596686266087, 12.149511037653491), (7.742175903246443, 24.077007529631647), (22.755357752833675, -10.12869797403204), (19.863087388205585, 16.08997983168429)]
2021-07-28 21:13:19,139 [INFO] Next green buoy: [], next red buoy: [(4.0630010279532875, -4.346526166967604), (28.859596686266087, 12.149511037653491), (7.742175903246443, 24.077007529631647), (22.755357752833675, -10.12869797403204), (19.863087388205585, 16.08997983168429)]
2021-07-28 21:13:19,139 [INFO] Desired_heading: 78.86300102795329
2021-07-28 21:13:19,140 [INFO] sending message $BPRMB,201317.24,-5.768443792737457,1,0,1000,0,1*49
...
2021-07-28 21:13:20,141 [INFO] sending message $BPSTS,201320.14,1,BWSI Autonomy OK*43
...
2021-07-28 21:13:20,147 [INFO] Processing: $BFNVG,201317.93,4218.006606,N,07105.985396,W,0,10.0,1.0,75.1,0.0,0.0,201317.93*6D
2021-07-28 21:13:20,150 [INFO] Interpreted as: {'position': (20.365816110745072, 11.730584525503218), 'latlon': (42.3001101, -71.0997566), 'heading': 75.1, 'depth': 1.0, 'altitude': 10.0, 'roll': 0.0, 'pitch': 0.0, 'last_fix_time': datetime.datetime(2021, 7, 28, 20, 13, 17), 'speed': None, 'rudder': 0, 'datum': (42.3, -71.1)}
2021-07-28 21:13:20,151 [INFO] Processing: $BFNVG,201318.29,4218.006661,N,07105.985137,W,0,10.0,1.0,75.6,0.0,0.0,201318.29*62
2021-07-28 21:13:20,152 [INFO] Interpreted as: {'position': (20.724162036611233, 11.823592486791313), 'latlon': (42.30011101666667, -71.09975228333333), 'heading': 75.6, 'depth': 1.0, 'altitude': 10.0, 'roll': 0.0, 'pitch': 0.0, 'last_fix_time': datetime.datetime(2021, 7, 28, 20, 13, 18), 'speed': None, 'rudder': 0, 'datum': (42.3, -71.1)}
2021-07-28 21:13:20,153 [INFO] Processing: $BFNVG,201318.64,4218.006715,N,07105.984880,W,0,10.0,1.0,76.1,0.0,0.0,201318.64*60
2021-07-28 21:13:20,155 [INFO] Interpreted as: {'position': (21.07971453067148, 11.91481756977737), 'latlon': (42.300111916666665, -71.099748), 'heading': 76.1, 'depth': 1.0, 'altitude': 10.0, 'roll': 0.0, 'pitch': 0.0, 'last_fix_time': datetime.datetime(2021, 7, 28, 20, 13, 18), 'speed': None, 'rudder': 0, 'datum': (42.3, -71.1)}
2021-07-28 21:13:20,157 [INFO] Processing: $BFNVG,201319.00,4218.006766,N,07105.984623,W,0,10.0,1.0,76.6,0.0,0.0,201319.00*64
2021-07-28 21:13:20,159 [INFO] Interpreted as: {'position': (21.435130012745503, 12.000490578822792), 'latlon': (42.300112766666665, -71.09974371666667), 'heading': 76.6, 'depth': 1.0, 'altitude': 10.0, 'roll': 0.0, 'pitch': 0.0, 'last_fix_time': datetime.datetime(2021, 7, 28, 20, 13, 19), 'speed': None, 'rudder': 0, 'datum': (42.3, -71.1)}
2021-07-28 21:13:20,160 [INFO] Received from Frontseat: [b'$BFNVG,201317.93,4218.006606,N,07105.985396,W,0,10.0,1.0,75.1,0.0,0.0,201317.93*6D', b'$BFNVG,201318.29,4218.006661,N,07105.985137,W,0,10.0,1.0,75.6,0.0,0.0,201318.29*62', b'$BFNVG,201318.64,4218.006715,N,07105.984880,W,0,10.0,1.0,76.1,0.0,0.0,201318.64*60', b'$BFNVG,201319.00,4218.006766,N,07105.984623,W,0,10.0,1.0,76.6,0.0,0.0,201319.00*64']
2021-07-28 21:13:20,161 [INFO] AUV state: {'position': (21.435130012745503, 12.000490578822792), 'latlon': (42.300112766666665, -71.09974371666667), 'heading': 76.6, 'depth': 1.0, 'altitude': 10.0, 'roll': 0.0, 'pitch': 0.0, 'last_fix_time': datetime.datetime(2021, 7, 28, 20, 13, 19), 'speed': None, 'rudder': 0, 'datum': (42.3, -71.1)}
2021-07-28 21:13:20,696 [INFO] **** [] [(4.036798250930384, -4.348444148976087), (28.862186570894742, 12.192838099636912), (22.755357752833675, -10.12507654117178), (7.7389514790377545, 24.079744898351617), (19.882257235083515, 16.0199216538277)]
2021-07-28 21:13:20,698 [INFO] Next green buoy: [], next red buoy: [(4.036798250930384, -4.348444148976087), (28.862186570894742, 12.192838099636912), (22.755357752833675, -10.12507654117178), (7.7389514790377545, 24.079744898351617), (19.882257235083515, 16.0199216538277)]
2021-07-28 21:13:20,698 [INFO] Desired_heading: 80.63679825093038
2021-07-28 21:13:20,699 [INFO] sending message $BPRMB,201323.04,-5.72197961484635,1,0,1000,0,1*73
...
2021-07-28 21:13:21,701 [INFO] sending message $BPSTS,201321.70,1,BWSI Autonomy OK*40
...
2021-07-28 21:13:21,702 [INFO] Processing: $BFNVG,201319.36,4218.006816,N,07105.984364,W,0,10.0,1.0,77.1,0.0,0.0,201319.36*6C
2021-07-28 21:13:21,704 [INFO] Interpreted as: {'position': (21.79324757331051, 12.084245107136667), 'latlon': (42.3001136, -71.0997394), 'heading': 77.1, 'depth': 1.0, 'altitude': 10.0, 'roll': 0.0, 'pitch': 0.0, 'last_fix_time': datetime.datetime(2021, 7, 28, 20, 13, 19), 'speed': None, 'rudder': 0, 'datum': (42.3, -71.1)}
2021-07-28 21:13:21,705 [INFO] Processing: $BFNVG,201319.72,4218.006865,N,07105.984100,W,0,10.0,1.0,77.6,0.0,0.0,201319.72*6F
2021-07-28 21:13:21,707 [INFO] Interpreted as: {'position': (22.158188846544363, 12.165979453362525), 'latlon': (42.300114416666666, -71.099735), 'heading': 77.6, 'depth': 1.0, 'altitude': 10.0, 'roll': 0.0, 'pitch': 0.0, 'last_fix_time': datetime.datetime(2021, 7, 28, 20, 13, 19), 'speed': None, 'rudder': 0, 'datum': (42.3, -71.1)}
2021-07-28 21:13:21,708 [INFO] Processing: $BFNVG,201320.07,4218.006911,N,07105.983846,W,0,10.0,1.0,78.1,0.0,0.0,201320.07*69
2021-07-28 21:13:21,710 [INFO] Interpreted as: {'position': (22.509254338685423, 12.242500733584166), 'latlon': (42.30011518333333, -71.09973076666667), 'heading': 78.1, 'depth': 1.0, 'altitude': 10.0, 'roll': 0.0, 'pitch': 0.0, 'last_fix_time': datetime.datetime(2021, 7, 28, 20, 13, 20), 'speed': None, 'rudder': 0, 'datum': (42.3, -71.1)}
2021-07-28 21:13:21,711 [INFO] Processing: $BFNVG,201320.43,4218.006956,N,07105.983584,W,0,10.0,1.0,78.6,0.0,0.0,201320.43*6E
2021-07-28 21:13:21,713 [INFO] Interpreted as: {'position': (22.87126517406432, 12.316900128498673), 'latlon': (42.30011593333333, -71.0997264), 'heading': 78.6, 'depth': 1.0, 'altitude': 10.0, 'roll': 0.0, 'pitch': 0.0, 'last_fix_time': datetime.datetime(2021, 7, 28, 20, 13, 20), 'speed': None, 'rudder': 0, 'datum': (42.3, -71.1)}
2021-07-28 21:13:21,714 [INFO] Received from Frontseat: [b'$BFNVG,201319.36,4218.006816,N,07105.984364,W,0,10.0,1.0,77.1,0.0,0.0,201319.36*6C', b'$BFNVG,201319.72,4218.006865,N,07105.984100,W,0,10.0,1.0,77.6,0.0,0.0,201319.72*6F', b'$BFNVG,201320.07,4218.006911,N,07105.983846,W,0,10.0,1.0,78.1,0.0,0.0,201320.07*69', b'$BFNVG,201320.43,4218.006956,N,07105.983584,W,0,10.0,1.0,78.6,0.0,0.0,201320.43*6E']
2021-07-28 21:13:21,714 [INFO] AUV state: {'position': (22.87126517406432, 12.316900128498673), 'latlon': (42.30011593333333, -71.0997264), 'heading': 78.6, 'depth': 1.0, 'altitude': 10.0, 'roll': 0.0, 'pitch': 0.0, 'last_fix_time': datetime.datetime(2021, 7, 28, 20, 13, 20), 'speed': None, 'rudder': 0, 'datum': (42.3, -71.1)}
2021-07-28 21:13:22,235 [INFO] **** [] [(3.8873394629724745, -4.5190948891715195), (28.854492518053156, 12.191833184669635), (7.723777056213899, 24.084333754261646), (22.755357752833675, -10.13594059438662), (19.863087388205585, 16.039943306049665), (24.77394536295131, -11.753235359635418)]
2021-07-28 21:13:22,236 [INFO] Next green buoy: [], next red buoy: [(3.8873394629724745, -4.5190948891715195), (28.854492518053156, 12.191833184669635), (7.723777056213899, 24.084333754261646), (22.755357752833675, -10.13594059438662), (19.863087388205585, 16.039943306049665), (24.77394536295131, -11.753235359635418)]
2021-07-28 21:13:22,237 [INFO] Desired_heading: 82.48733946297247
2021-07-28 21:13:22,237 [INFO] sending message $BPRMB,201320.35,-5.458402836587948,1,0,1000,0,1*43
...
2021-07-28 21:13:23,239 [INFO] sending message $BPSTS,201323.23,1,BWSI Autonomy OK*44
...
2021-07-28 21:13:23,240 [INFO] Processing: $BFNVG,201320.80,4218.007000,N,07105.983316,W,0,10.0,1.0,79.2,0.0,0.0,201320.80*6D
2021-07-28 21:13:23,242 [INFO] Interpreted as: {'position': (23.241473598172888, 12.389245441183448), 'latlon': (42.30011666666667, -71.09972193333333), 'heading': 79.2, 'depth': 1.0, 'altitude': 10.0, 'roll': 0.0, 'pitch': 0.0, 'last_fix_time': datetime.datetime(2021, 7, 28, 20, 13, 20), 'speed': None, 'rudder': 0, 'datum': (42.3, -71.1)}
2021-07-28 21:13:23,243 [INFO] Processing: $BFNVG,201321.15,4218.007041,N,07105.983055,W,0,10.0,1.0,79.7,0.0,0.0,201321.15*69
2021-07-28 21:13:23,245 [INFO] Interpreted as: {'position': (23.601927874959074, 12.456275985576212), 'latlon': (42.30011735, -71.09971758333333), 'heading': 79.7, 'depth': 1.0, 'altitude': 10.0, 'roll': 0.0, 'pitch': 0.0, 'last_fix_time': datetime.datetime(2021, 7, 28, 20, 13, 21), 'speed': None, 'rudder': 0, 'datum': (42.3, -71.1)}
2021-07-28 21:13:23,246 [INFO] Processing: $BFNVG,201321.52,4218.007082,N,07105.982783,W,0,10.0,1.0,80.2,0.0,0.0,201321.52*68
2021-07-28 21:13:23,248 [INFO] Interpreted as: {'position': (23.977494791091885, 12.52293364610523), 'latlon': (42.300118033333334, -71.09971305), 'heading': 80.2, 'depth': 1.0, 'altitude': 10.0, 'roll': 0.0, 'pitch': 0.0, 'last_fix_time': datetime.datetime(2021, 7, 28, 20, 13, 21), 'speed': None, 'rudder': 0, 'datum': (42.3, -71.1)}
2021-07-28 21:13:23,249 [INFO] Processing: $BFNVG,201321.87,4218.007119,N,07105.982528,W,0,10.0,1.0,80.7,0.0,0.0,201321.87*6D
2021-07-28 21:13:23,251 [INFO] Interpreted as: {'position': (24.3295231233933, 12.582764840684831), 'latlon': (42.30011865, -71.0997088), 'heading': 80.7, 'depth': 1.0, 'altitude': 10.0, 'roll': 0.0, 'pitch': 0.0, 'last_fix_time': datetime.datetime(2021, 7, 28, 20, 13, 21), 'speed': None, 'rudder': 0, 'datum': (42.3, -71.1)}
2021-07-28 21:13:23,252 [INFO] Received from Frontseat: [b'$BFNVG,201320.80,4218.007000,N,07105.983316,W,0,10.0,1.0,79.2,0.0,0.0,201320.80*6D', b'$BFNVG,201321.15,4218.007041,N,07105.983055,W,0,10.0,1.0,79.7,0.0,0.0,201321.15*69', b'$BFNVG,201321.52,4218.007082,N,07105.982783,W,0,10.0,1.0,80.2,0.0,0.0,201321.52*68', b'$BFNVG,201321.87,4218.007119,N,07105.982528,W,0,10.0,1.0,80.7,0.0,0.0,201321.87*6D']
2021-07-28 21:13:23,252 [INFO] AUV state: {'position': (24.3295231233933, 12.582764840684831), 'latlon': (42.30011865, -71.0997088), 'heading': 80.7, 'depth': 1.0, 'altitude': 10.0, 'roll': 0.0, 'pitch': 0.0, 'last_fix_time': datetime.datetime(2021, 7, 28, 20, 13, 21), 'speed': None, 'rudder': 0, 'datum': (42.3, -71.1)}
2021-07-28 21:13:23,767 [INFO] **** [] [(4.061164805313965, -4.232067610456906), (28.87428236845493, 12.19106280566341), (22.755357752833675, -10.12869797403204), (7.696717377595614, 24.08424805707686)]
2021-07-28 21:13:23,769 [INFO] Next green buoy: [], next red buoy: [(4.061164805313965, -4.232067610456906), (28.87428236845493, 12.19106280566341), (22.755357752833675, -10.12869797403204), (7.696717377595614, 24.08424805707686)]
2021-07-28 21:13:23,769 [INFO] Desired_heading: 84.76116480531397
2021-07-28 21:13:23,770 [INFO] sending message $BPRMB,201326.11,-5.765185256568065,1,0,1000,0,1*4f
...
2021-07-28 21:13:24,771 [INFO] sending message $BPSTS,201324.77,1,BWSI Autonomy OK*42
...
2021-07-28 21:13:24,773 [INFO] Processing: $BFNVG,201322.23,4218.007155,N,07105.982263,W,0,10.0,1.0,81.2,0.0,0.0,201322.23*69
2021-07-28 21:13:24,775 [INFO] Interpreted as: {'position': (24.69524455681676, 12.640406352467835), 'latlon': (42.30011925, -71.09970438333333), 'heading': 81.2, 'depth': 1.0, 'altitude': 10.0, 'roll': 0.0, 'pitch': 0.0, 'last_fix_time': datetime.datetime(2021, 7, 28, 20, 13, 22), 'speed': None, 'rudder': 0, 'datum': (42.3, -71.1)}
2021-07-28 21:13:24,776 [INFO] Processing: $BFNVG,201322.59,4218.007189,N,07105.981999,W,0,10.0,1.0,81.7,0.0,0.0,201322.59*60
2021-07-28 21:13:24,777 [INFO] Interpreted as: {'position': (25.059500774834305, 12.694380391389132), 'latlon': (42.300119816666665, -71.09969998333334), 'heading': 81.7, 'depth': 1.0, 'altitude': 10.0, 'roll': 0.0, 'pitch': 0.0, 'last_fix_time': datetime.datetime(2021, 7, 28, 20, 13, 22), 'speed': None, 'rudder': 0, 'datum': (42.3, -71.1)}
2021-07-28 21:13:24,779 [INFO] Processing: $BFNVG,201322.95,4218.007222,N,07105.981734,W,0,10.0,1.0,82.2,0.0,0.0,201322.95*6D
2021-07-28 21:13:24,781 [INFO] Interpreted as: {'position': (25.425085197843146, 12.74646985065192), 'latlon': (42.30012036666667, -71.09969556666667), 'heading': 82.2, 'depth': 1.0, 'altitude': 10.0, 'roll': 0.0, 'pitch': 0.0, 'last_fix_time': datetime.datetime(2021, 7, 28, 20, 13, 22), 'speed': None, 'rudder': 0, 'datum': (42.3, -71.1)}
2021-07-28 21:13:24,782 [INFO] Processing: $BFNVG,201323.30,4218.007253,N,07105.981470,W,0,10.0,1.0,82.7,0.0,0.0,201323.30*6D
2021-07-28 21:13:24,784 [INFO] Interpreted as: {'position': (25.78920440422371, 12.794891836121678), 'latlon': (42.300120883333335, -71.09969116666667), 'heading': 82.7, 'depth': 1.0, 'altitude': 10.0, 'roll': 0.0, 'pitch': 0.0, 'last_fix_time': datetime.datetime(2021, 7, 28, 20, 13, 23), 'speed': None, 'rudder': 0, 'datum': (42.3, -71.1)}
2021-07-28 21:13:24,784 [INFO] Processing: $BFNVG,201323.66,4218.007282,N,07105.981205,W,0,10.0,1.0,83.2,0.0,0.0,201323.66*61
2021-07-28 21:13:24,786 [INFO] Interpreted as: {'position': (26.15460615302436, 12.839578543789685), 'latlon': (42.300121366666666, -71.09968675), 'heading': 83.2, 'depth': 1.0, 'altitude': 10.0, 'roll': 0.0, 'pitch': 0.0, 'last_fix_time': datetime.datetime(2021, 7, 28, 20, 13, 23), 'speed': None, 'rudder': 0, 'datum': (42.3, -71.1)}
2021-07-28 21:13:24,787 [INFO] Received from Frontseat: [b'$BFNVG,201322.23,4218.007155,N,07105.982263,W,0,10.0,1.0,81.2,0.0,0.0,201322.23*69', b'$BFNVG,201322.59,4218.007189,N,07105.981999,W,0,10.0,1.0,81.7,0.0,0.0,201322.59*60', b'$BFNVG,201322.95,4218.007222,N,07105.981734,W,0,10.0,1.0,82.2,0.0,0.0,201322.95*6D', b'$BFNVG,201323.30,4218.007253,N,07105.981470,W,0,10.0,1.0,82.7,0.0,0.0,201323.30*6D', b'$BFNVG,201323.66,4218.007282,N,07105.981205,W,0,10.0,1.0,83.2,0.0,0.0,201323.66*61']
2021-07-28 21:13:24,788 [INFO] AUV state: {'position': (26.15460615302436, 12.839578543789685), 'latlon': (42.300121366666666, -71.09968675), 'heading': 83.2, 'depth': 1.0, 'altitude': 10.0, 'roll': 0.0, 'pitch': 0.0, 'last_fix_time': datetime.datetime(2021, 7, 28, 20, 13, 23), 'speed': None, 'rudder': 0, 'datum': (42.3, -71.1)}
2021-07-28 21:13:25,303 [INFO] **** [] [(3.9721523837289006, -4.280071801431554), (28.882027961188328, 12.174122291991756), (7.7389514790377545, 24.082482150185385), (22.734812011098214, -10.122877774190131)]
2021-07-28 21:13:25,304 [INFO] Next green buoy: [], next red buoy: [(3.9721523837289006, -4.280071801431554), (28.882027961188328, 12.174122291991756), (7.7389514790377545, 24.082482150185385), (22.734812011098214, -10.122877774190131)]
2021-07-28 21:13:25,305 [INFO] Desired_heading: 87.1721523837289
2021-07-28 21:13:25,305 [INFO] sending message $BPRMB,201323.42,-5.607669068679702,1,0,1000,0,1*46
...
2021-07-28 21:13:26,307 [INFO] sending message $BPSTS,201326.30,1,BWSI Autonomy OK*43
...
2021-07-28 21:13:26,308 [INFO] Processing: $BFNVG,201324.02,4218.007310,N,07105.980939,W,0,10.0,1.0,83.7,0.0,0.0,201324.02*6B
2021-07-28 21:13:26,311 [INFO] Interpreted as: {'position': (26.5213361060014, 12.882380676455796), 'latlon': (42.300121833333336, -71.09968231666667), 'heading': 83.7, 'depth': 1.0, 'altitude': 10.0, 'roll': 0.0, 'pitch': 0.0, 'last_fix_time': datetime.datetime(2021, 7, 28, 20, 13, 24), 'speed': None, 'rudder': 0, 'datum': (42.3, -71.1)}
2021-07-28 21:13:26,311 [INFO] Processing: $BFNVG,201324.39,4218.007337,N,07105.980668,W,0,10.0,1.0,84.2,0.0,0.0,201324.39*67
2021-07-28 21:13:26,313 [INFO] Interpreted as: {'position': (26.89488977799192, 12.923162627965212), 'latlon': (42.30012228333333, -71.0996778), 'heading': 84.2, 'depth': 1.0, 'altitude': 10.0, 'roll': 0.0, 'pitch': 0.0, 'last_fix_time': datetime.datetime(2021, 7, 28, 20, 13, 24), 'speed': None, 'rudder': 0, 'datum': (42.3, -71.1)}
2021-07-28 21:13:26,314 [INFO] Processing: $BFNVG,201324.73,4218.007360,N,07105.980409,W,0,10.0,1.0,84.7,0.0,0.0,201324.73*65
2021-07-28 21:13:26,316 [INFO] Interpreted as: {'position': (27.251774254837073, 12.956948610953987), 'latlon': (42.30012266666667, -71.09967348333333), 'heading': 84.7, 'depth': 1.0, 'altitude': 10.0, 'roll': 0.0, 'pitch': 0.0, 'last_fix_time': datetime.datetime(2021, 7, 28, 20, 13, 24), 'speed': None, 'rudder': 0, 'datum': (42.3, -71.1)}
2021-07-28 21:13:26,317 [INFO] Processing: $BFNVG,201325.08,4218.007382,N,07105.980153,W,0,10.0,1.0,85.2,0.0,0.0,201325.08*67
2021-07-28 21:13:26,319 [INFO] Interpreted as: {'position': (27.604491433070507, 12.988985613919795), 'latlon': (42.300123033333335, -71.09966921666667), 'heading': 85.2, 'depth': 1.0, 'altitude': 10.0, 'roll': 0.0, 'pitch': 0.0, 'last_fix_time': datetime.datetime(2021, 7, 28, 20, 13, 25), 'speed': None, 'rudder': 0, 'datum': (42.3, -71.1)}
2021-07-28 21:13:26,320 [INFO] Received from Frontseat: [b'$BFNVG,201324.02,4218.007310,N,07105.980939,W,0,10.0,1.0,83.7,0.0,0.0,201324.02*6B', b'$BFNVG,201324.39,4218.007337,N,07105.980668,W,0,10.0,1.0,84.2,0.0,0.0,201324.39*67', b'$BFNVG,201324.73,4218.007360,N,07105.980409,W,0,10.0,1.0,84.7,0.0,0.0,201324.73*65', b'$BFNVG,201325.08,4218.007382,N,07105.980153,W,0,10.0,1.0,85.2,0.0,0.0,201325.08*67']
2021-07-28 21:13:26,321 [INFO] AUV state: {'position': (27.604491433070507, 12.988985613919795), 'latlon': (42.300123033333335, -71.09966921666667), 'heading': 85.2, 'depth': 1.0, 'altitude': 10.0, 'roll': 0.0, 'pitch': 0.0, 'last_fix_time': datetime.datetime(2021, 7, 28, 20, 13, 25), 'speed': None, 'rudder': 0, 'datum': (42.3, -71.1)}
2021-07-28 21:13:26,829 [INFO] **** [] [(4.067893845759169, -4.573355709596004), (28.874585369523107, 12.128398060248248), (22.755357752833675, -10.12869797403204), (7.742175903246443, 24.079744898351617), (19.882257235083515, 16.0199216538277)]
2021-07-28 21:13:26,830 [INFO] Next green buoy: [], next red buoy: [(4.067893845759169, -4.573355709596004), (28.874585369523107, 12.128398060248248), (22.755357752833675, -10.12869797403204), (7.742175903246443, 24.079744898351617), (19.882257235083515, 16.0199216538277)]
2021-07-28 21:13:26,830 [INFO] Desired_heading: 89.26789384575918
2021-07-28 21:13:26,831 [INFO] sending message $BPRMB,201329.18,-5.777128319141074,1,0,1000,0,1*48
...
2021-07-28 21:13:27,833 [INFO] sending message $BPSTS,201327.83,1,BWSI Autonomy OK*4a
...
2021-07-28 21:13:27,834 [INFO] Processing: $BFNVG,201325.44,4218.007402,N,07105.979885,W,0,10.0,1.0,85.7,0.0,0.0,201325.44*69
2021-07-28 21:13:27,836 [INFO] Interpreted as: {'position': (27.973603802442085, 13.01691444311291), 'latlon': (42.30012336666667, -71.09966475), 'heading': 85.7, 'depth': 1.0, 'altitude': 10.0, 'roll': 0.0, 'pitch': 0.0, 'last_fix_time': datetime.datetime(2021, 7, 28, 20, 13, 25), 'speed': None, 'rudder': 0, 'datum': (42.3, -71.1)}
2021-07-28 21:13:27,837 [INFO] Processing: $BFNVG,201325.80,4218.007421,N,07105.979618,W,0,10.0,1.0,86.2,0.0,0.0,201325.80*64
2021-07-28 21:13:27,839 [INFO] Interpreted as: {'position': (28.34129662590567, 13.043026493862271), 'latlon': (42.30012368333333, -71.0996603), 'heading': 86.2, 'depth': 1.0, 'altitude': 10.0, 'roll': 0.0, 'pitch': 0.0, 'last_fix_time': datetime.datetime(2021, 7, 28, 20, 13, 25), 'speed': None, 'rudder': 0, 'datum': (42.3, -71.1)}
2021-07-28 21:13:27,840 [INFO] Processing: $BFNVG,201326.16,4218.007438,N,07105.979349,W,0,10.0,1.0,86.7,0.0,0.0,201326.16*68
2021-07-28 21:13:27,842 [INFO] Interpreted as: {'position': (28.711645870353095, 13.065369374118745), 'latlon': (42.30012396666667, -71.09965581666667), 'heading': 86.7, 'depth': 1.0, 'altitude': 10.0, 'roll': 0.0, 'pitch': 0.0, 'last_fix_time': datetime.datetime(2021, 7, 28, 20, 13, 26), 'speed': None, 'rudder': 0, 'datum': (42.3, -71.1)}
2021-07-28 21:13:27,843 [INFO] Processing: $BFNVG,201326.51,4218.007454,N,07105.979084,W,0,10.0,1.0,87.2,0.0,0.0,201326.51*64
2021-07-28 21:13:27,845 [INFO] Interpreted as: {'position': (29.07645393634448, 13.085997170768678), 'latlon': (42.300124233333335, -71.0996514), 'heading': 87.2, 'depth': 1.0, 'altitude': 10.0, 'roll': 0.0, 'pitch': 0.0, 'last_fix_time': datetime.datetime(2021, 7, 28, 20, 13, 26), 'speed': None, 'rudder': 0, 'datum': (42.3, -71.1)}
2021-07-28 21:13:27,846 [INFO] Received from Frontseat: [b'$BFNVG,201325.44,4218.007402,N,07105.979885,W,0,10.0,1.0,85.7,0.0,0.0,201325.44*69', b'$BFNVG,201325.80,4218.007421,N,07105.979618,W,0,10.0,1.0,86.2,0.0,0.0,201325.80*64', b'$BFNVG,201326.16,4218.007438,N,07105.979349,W,0,10.0,1.0,86.7,0.0,0.0,201326.16*68', b'$BFNVG,201326.51,4218.007454,N,07105.979084,W,0,10.0,1.0,87.2,0.0,0.0,201326.51*64']
2021-07-28 21:13:27,846 [INFO] AUV state: {'position': (29.07645393634448, 13.085997170768678), 'latlon': (42.300124233333335, -71.0996514), 'heading': 87.2, 'depth': 1.0, 'altitude': 10.0, 'roll': 0.0, 'pitch': 0.0, 'last_fix_time': datetime.datetime(2021, 7, 28, 20, 13, 26), 'speed': None, 'rudder': 0, 'datum': (42.3, -71.1)}
2021-07-28 21:13:28,389 [INFO] **** [] [(3.54608713437959, -3.9303098655669477), (28.84315241886611, 12.241809475962897), (7.742175903246443, 24.077007529631647), (22.731519577810076, -10.11162478927843), (24.863223541580457, -11.753235359635418)]
2021-07-28 21:13:28,391 [INFO] Next green buoy: [], next red buoy: [(3.54608713437959, -3.9303098655669477), (28.84315241886611, 12.241809475962897), (7.742175903246443, 24.077007529631647), (22.731519577810076, -10.11162478927843), (24.863223541580457, -11.753235359635418)]
2021-07-28 21:13:28,391 [INFO] Desired_heading: 90.7460871343796
2021-07-28 21:13:28,391 [INFO] sending message $BPRMB,201326.47,-4.866164135649582,1,0,1000,0,1*44
...
2021-07-28 21:13:29,393 [INFO] sending message $BPSTS,201329.39,1,BWSI Autonomy OK*45
...
2021-07-28 21:13:29,394 [INFO] Processing: $BFNVG,201326.86,4218.007467,N,07105.978826,W,0,10.0,1.0,87.7,0.0,0.0,201326.86*60
2021-07-28 21:13:29,397 [INFO] Interpreted as: {'position': (29.431507868284825, 13.101310190744698), 'latlon': (42.30012445, -71.0996471), 'heading': 87.7, 'depth': 1.0, 'altitude': 10.0, 'roll': 0.0, 'pitch': 0.0, 'last_fix_time': datetime.datetime(2021, 7, 28, 20, 13, 26), 'speed': None, 'rudder': 0, 'datum': (42.3, -71.1)}
2021-07-28 21:13:29,398 [INFO] Processing: $BFNVG,201327.22,4218.007479,N,07105.978554,W,0,10.0,1.0,88.2,0.0,0.0,201327.22*6D
2021-07-28 21:13:29,400 [INFO] Interpreted as: {'position': (29.805750412284397, 13.114297942258418), 'latlon': (42.30012465, -71.09964256666666), 'heading': 88.2, 'depth': 1.0, 'altitude': 10.0, 'roll': 0.0, 'pitch': 0.0, 'last_fix_time': datetime.datetime(2021, 7, 28, 20, 13, 27), 'speed': None, 'rudder': 0, 'datum': (42.3, -71.1)}
2021-07-28 21:13:29,401 [INFO] Processing: $BFNVG,201327.58,4218.007489,N,07105.978285,W,0,10.0,1.0,88.8,0.0,0.0,201327.58*63
2021-07-28 21:13:29,402 [INFO] Interpreted as: {'position': (30.175779991724994, 13.123686016537249), 'latlon': (42.30012481666667, -71.09963808333333), 'heading': 88.8, 'depth': 1.0, 'altitude': 10.0, 'roll': 0.0, 'pitch': 0.0, 'last_fix_time': datetime.datetime(2021, 7, 28, 20, 13, 27), 'speed': None, 'rudder': 0, 'datum': (42.3, -71.1)}
2021-07-28 21:13:29,403 [INFO] Processing: $BFNVG,201327.94,4218.007497,N,07105.978017,W,0,10.0,1.0,89.3,0.0,0.0,201327.94*6F
2021-07-28 21:13:29,405 [INFO] Interpreted as: {'position': (30.544344365771394, 13.129406617954373), 'latlon': (42.30012495, -71.09963361666667), 'heading': 89.3, 'depth': 1.0, 'altitude': 10.0, 'roll': 0.0, 'pitch': 0.0, 'last_fix_time': datetime.datetime(2021, 7, 28, 20, 13, 27), 'speed': None, 'rudder': 0, 'datum': (42.3, -71.1)}
2021-07-28 21:13:29,406 [INFO] Processing: $BFNVG,201328.30,4218.007504,N,07105.977748,W,0,10.0,1.0,89.8,0.0,0.0,201328.30*6D
2021-07-28 21:13:29,408 [INFO] Interpreted as: {'position': (30.914236951095518, 13.133242641575634), 'latlon': (42.300125066666666, -71.09962913333334), 'heading': 89.8, 'depth': 1.0, 'altitude': 10.0, 'roll': 0.0, 'pitch': 0.0, 'last_fix_time': datetime.datetime(2021, 7, 28, 20, 13, 28), 'speed': None, 'rudder': 0, 'datum': (42.3, -71.1)}
2021-07-28 21:13:29,409 [INFO] Received from Frontseat: [b'$BFNVG,201326.86,4218.007467,N,07105.978826,W,0,10.0,1.0,87.7,0.0,0.0,201326.86*60', b'$BFNVG,201327.22,4218.007479,N,07105.978554,W,0,10.0,1.0,88.2,0.0,0.0,201327.22*6D', b'$BFNVG,201327.58,4218.007489,N,07105.978285,W,0,10.0,1.0,88.8,0.0,0.0,201327.58*63', b'$BFNVG,201327.94,4218.007497,N,07105.978017,W,0,10.0,1.0,89.3,0.0,0.0,201327.94*6F', b'$BFNVG,201328.30,4218.007504,N,07105.977748,W,0,10.0,1.0,89.8,0.0,0.0,201328.30*6D']
2021-07-28 21:13:29,410 [INFO] AUV state: {'position': (30.914236951095518, 13.133242641575634), 'latlon': (42.300125066666666, -71.09962913333334), 'heading': 89.8, 'depth': 1.0, 'altitude': 10.0, 'roll': 0.0, 'pitch': 0.0, 'last_fix_time': datetime.datetime(2021, 7, 28, 20, 13, 28), 'speed': None, 'rudder': 0, 'datum': (42.3, -71.1)}
2021-07-28 21:13:29,926 [INFO] **** [] [(3.8008523036356108, -4.071840493654307), (28.89585764993488, 11.997299121407412), (7.737911331674221, 24.090075204601828), (22.738610775572624, -10.08565335511386)]
2021-07-28 21:13:29,927 [INFO] Next green buoy: [], next red buoy: [(3.8008523036356108, -4.071840493654307), (28.89585764993488, 11.997299121407412), (7.737911331674221, 24.090075204601828), (22.738610775572624, -10.08565335511386)]
2021-07-28 21:13:29,928 [INFO] Desired_heading: 93.6008523036356
2021-07-28 21:13:29,928 [INFO] sending message $BPRMB,201332.31,-5.307026328999933,1,0,1000,0,1*40
...
2021-07-28 21:13:30,930 [INFO] sending message $BPSTS,201330.93,1,BWSI Autonomy OK*4d
...
2021-07-28 21:13:30,937 [INFO] Processing: $BFNVG,201328.65,4218.007509,N,07105.977482,W,0,10.0,1.0,90.3,0.0,0.0,201328.65*66
2021-07-28 21:13:30,939 [INFO] Interpreted as: {'position': (31.27991657576058, 13.133478986099362), 'latlon': (42.30012515, -71.0996247), 'heading': 90.3, 'depth': 1.0, 'altitude': 10.0, 'roll': 0.0, 'pitch': 0.0, 'last_fix_time': datetime.datetime(2021, 7, 28, 20, 13, 28), 'speed': None, 'rudder': 0, 'datum': (42.3, -71.1)}
2021-07-28 21:13:30,940 [INFO] Processing: $BFNVG,201329.00,4218.007512,N,07105.977223,W,0,10.0,1.0,90.7,0.0,0.0,201329.00*65
2021-07-28 21:13:30,942 [INFO] Interpreted as: {'position': (31.63588773214724, 13.130251246504486), 'latlon': (42.3001252, -71.09962038333333), 'heading': 90.7, 'depth': 1.0, 'altitude': 10.0, 'roll': 0.0, 'pitch': 0.0, 'last_fix_time': datetime.datetime(2021, 7, 28, 20, 13, 29), 'speed': None, 'rudder': 0, 'datum': (42.3, -71.1)}
2021-07-28 21:13:30,943 [INFO] Processing: $BFNVG,201329.36,4218.007513,N,07105.976955,W,0,10.0,1.0,91.2,0.0,0.0,201329.36*6B
2021-07-28 21:13:30,946 [INFO] Interpreted as: {'position': (32.00413245160598, 13.123017043806612), 'latlon': (42.300125216666665, -71.09961591666666), 'heading': 91.2, 'depth': 1.0, 'altitude': 10.0, 'roll': 0.0, 'pitch': 0.0, 'last_fix_time': datetime.datetime(2021, 7, 28, 20, 13, 29), 'speed': None, 'rudder': 0, 'datum': (42.3, -71.1)}
2021-07-28 21:13:30,947 [INFO] Processing: $BFNVG,201329.72,4218.007513,N,07105.976686,W,0,10.0,1.0,91.6,0.0,0.0,201329.72*6E
2021-07-28 21:13:30,949 [INFO] Interpreted as: {'position': (32.373705383972265, 13.113898263312876), 'latlon': (42.300125216666665, -71.09961143333334), 'heading': 91.6, 'depth': 1.0, 'altitude': 10.0, 'roll': 0.0, 'pitch': 0.0, 'last_fix_time': datetime.datetime(2021, 7, 28, 20, 13, 29), 'speed': None, 'rudder': 0, 'datum': (42.3, -71.1)}
2021-07-28 21:13:30,950 [INFO] Received from Frontseat: [b'$BFNVG,201328.65,4218.007509,N,07105.977482,W,0,10.0,1.0,90.3,0.0,0.0,201328.65*66', b'$BFNVG,201329.00,4218.007512,N,07105.977223,W,0,10.0,1.0,90.7,0.0,0.0,201329.00*65', b'$BFNVG,201329.36,4218.007513,N,07105.976955,W,0,10.0,1.0,91.2,0.0,0.0,201329.36*6B', b'$BFNVG,201329.72,4218.007513,N,07105.976686,W,0,10.0,1.0,91.6,0.0,0.0,201329.72*6E']
2021-07-28 21:13:30,951 [INFO] AUV state: {'position': (32.373705383972265, 13.113898263312876), 'latlon': (42.300125216666665, -71.09961143333334), 'heading': 91.6, 'depth': 1.0, 'altitude': 10.0, 'roll': 0.0, 'pitch': 0.0, 'last_fix_time': datetime.datetime(2021, 7, 28, 20, 13, 29), 'speed': None, 'rudder': 0, 'datum': (42.3, -71.1)}
2021-07-28 21:13:31,482 [INFO] **** [] [(3.7535351053226735, -4.026198685373752), (28.891601351368895, 11.90247488664976), (22.734812011098214, -10.107873619082474), (7.721820898903583, 24.07486887899289)]
2021-07-28 21:13:31,484 [INFO] Next green buoy: [], next red buoy: [(3.7535351053226735, -4.026198685373752), (28.891601351368895, 11.90247488664976), (22.734812011098214, -10.107873619082474), (7.721820898903583, 24.07486887899289)]
2021-07-28 21:13:31,484 [INFO] Desired_heading: 95.35353510532266
2021-07-28 21:13:31,485 [INFO] sending message $BPRMB,201329.54,-5.224570603610955,1,0,1000,0,1*4d
...
2021-07-28 21:13:32,486 [INFO] sending message $BPSTS,201332.48,1,BWSI Autonomy OK*49
...
2021-07-28 21:13:32,488 [INFO] Processing: $BFNVG,201330.08,4218.007512,N,07105.976413,W,0,10.0,1.0,92.0,0.0,0.0,201330.08*64
2021-07-28 21:13:32,490 [INFO] Interpreted as: {'position': (32.74872816295829, 13.102793211117387), 'latlon': (42.3001252, -71.09960688333334), 'heading': 92.0, 'depth': 1.0, 'altitude': 10.0, 'roll': 0.0, 'pitch': 0.0, 'last_fix_time': datetime.datetime(2021, 7, 28, 20, 13, 30), 'speed': None, 'rudder': 0, 'datum': (42.3, -71.1)}
2021-07-28 21:13:32,491 [INFO] Received from Frontseat: [b'$BFNVG,201330.08,4218.007512,N,07105.976413,W,0,10.0,1.0,92.0,0.0,0.0,201330.08*64']
2021-07-28 21:13:32,492 [INFO] AUV state: {'position': (32.74872816295829, 13.102793211117387), 'latlon': (42.3001252, -71.09960688333334), 'heading': 92.0, 'depth': 1.0, 'altitude': 10.0, 'roll': 0.0, 'pitch': 0.0, 'last_fix_time': datetime.datetime(2021, 7, 28, 20, 13, 30), 'speed': None, 'rudder': 0, 'datum': (42.3, -71.1)}
2021-07-28 21:13:33,026 [INFO] **** [] [(3.8018132402746545, -4.191246190958254), (28.870511921327388, 12.059300404757737), (22.734812011098214, -10.104122361322302), (7.715169828599578, 24.07769188276945)]
2021-07-28 21:13:33,027 [INFO] Next green buoy: [], next red buoy: [(3.8018132402746545, -4.191246190958254), (28.870511921327388, 12.059300404757737), (22.734812011098214, -10.104122361322302), (7.715169828599578, 24.07769188276945)]
2021-07-28 21:13:33,028 [INFO] Desired_heading: 95.80181324027465
2021-07-28 21:13:33,028 [INFO] sending message $BPRMB,201335.42,-5.308703544000335,1,0,1000,0,1*45
...
2021-07-28 21:13:33,834 [ERROR] An error occurred. The stack trace is below.
Traceback (most recent call last):
  File "BWSI_BackSeat.py", line 126, in run
    time.sleep(1/self.__warp)
KeyboardInterrupt
