2021-07-28 22:56:28,547 [INFO] host = 192.168.1.213, port = 29500
2021-07-28 22:56:34,866 [INFO] sending message $BPLOG,ACK,ON*1e
...
2021-07-28 22:56:34,866 [INFO] sending message $BPLOG,ALL,ON*16
...
2021-07-28 22:56:34,867 [INFO] sending message $BPSTS,215634.86,1,BWSI Autonomy OK*4d
...
2021-07-28 22:56:34,868 [INFO] Received from Frontseat: []
2021-07-28 22:56:34,869 [INFO] AUV state: {'position': (None, None), 'latlon': None, 'heading': None, 'depth': None, 'altitude': None, 'roll': None, 'pitch': None, 'last_fix_time': None, 'speed': None, 'rudder': 0}
2021-07-28 22:56:35,871 [INFO] sending message $BPSTS,215635.87,1,BWSI Autonomy OK*4d
...
2021-07-28 22:56:35,872 [INFO] Processing: $BFNVG,215632.58,4218.000000,N,07106.000000,W,0,10.0,1.0,45.0,0.0,0.0,215632.58*62
2021-07-28 22:56:35,874 [INFO] Interpreted as: {'position': (0, 0), 'latlon': (42.3, -71.1), 'heading': 45.0, 'depth': 1.0, 'altitude': 10.0, 'roll': 0.0, 'pitch': 0.0, 'last_fix_time': datetime.datetime(2021, 7, 28, 21, 56, 32), 'speed': None, 'rudder': 0, 'datum': (42.3, -71.1)}
2021-07-28 22:56:35,875 [INFO] Processing: $BFNVG,215632.83,4218.000000,N,07106.000000,W,0,10.0,1.0,45.0,0.0,0.0,215632.83*62
2021-07-28 22:56:35,877 [INFO] Interpreted as: {'position': (0.0, 0.0), 'latlon': (42.3, -71.1), 'heading': 45.0, 'depth': 1.0, 'altitude': 10.0, 'roll': 0.0, 'pitch': 0.0, 'last_fix_time': datetime.datetime(2021, 7, 28, 21, 56, 32), 'speed': None, 'rudder': 0, 'datum': (42.3, -71.1)}
2021-07-28 22:56:35,878 [INFO] Processing: $BFNVG,215633.08,4218.000000,N,07106.000000,W,0,10.0,1.0,45.0,0.0,0.0,215633.08*62
2021-07-28 22:56:35,880 [INFO] Interpreted as: {'position': (0.0, 0.0), 'latlon': (42.3, -71.1), 'heading': 45.0, 'depth': 1.0, 'altitude': 10.0, 'roll': 0.0, 'pitch': 0.0, 'last_fix_time': datetime.datetime(2021, 7, 28, 21, 56, 33), 'speed': None, 'rudder': 0, 'datum': (42.3, -71.1)}
2021-07-28 22:56:35,881 [INFO] Processing: $BFNVG,215633.33,4218.000000,N,07106.000000,W,0,10.0,1.0,45.0,0.0,0.0,215633.33*62
2021-07-28 22:56:35,883 [INFO] Interpreted as: {'position': (0.0, 0.0), 'latlon': (42.3, -71.1), 'heading': 45.0, 'depth': 1.0, 'altitude': 10.0, 'roll': 0.0, 'pitch': 0.0, 'last_fix_time': datetime.datetime(2021, 7, 28, 21, 56, 33), 'speed': None, 'rudder': 0, 'datum': (42.3, -71.1)}
2021-07-28 22:56:35,884 [INFO] Processing: $BFNVG,215633.58,4218.000000,N,07106.000000,W,0,10.0,1.0,45.0,0.0,0.0,215633.58*62
2021-07-28 22:56:35,886 [INFO] Interpreted as: {'position': (0.0, 0.0), 'latlon': (42.3, -71.1), 'heading': 45.0, 'depth': 1.0, 'altitude': 10.0, 'roll': 0.0, 'pitch': 0.0, 'last_fix_time': datetime.datetime(2021, 7, 28, 21, 56, 33), 'speed': None, 'rudder': 0, 'datum': (42.3, -71.1)}
2021-07-28 22:56:35,887 [INFO] Processing: $BFNVG,215633.83,4218.000000,N,07106.000000,W,0,10.0,1.0,45.0,0.0,0.0,215633.83*62
2021-07-28 22:56:35,889 [INFO] Interpreted as: {'position': (0.0, 0.0), 'latlon': (42.3, -71.1), 'heading': 45.0, 'depth': 1.0, 'altitude': 10.0, 'roll': 0.0, 'pitch': 0.0, 'last_fix_time': datetime.datetime(2021, 7, 28, 21, 56, 33), 'speed': None, 'rudder': 0, 'datum': (42.3, -71.1)}
2021-07-28 22:56:35,890 [INFO] Processing: $BFNVG,215634.08,4218.000000,N,07106.000000,W,0,10.0,1.0,45.0,0.0,0.0,215634.08*62
2021-07-28 22:56:35,892 [INFO] Interpreted as: {'position': (0.0, 0.0), 'latlon': (42.3, -71.1), 'heading': 45.0, 'depth': 1.0, 'altitude': 10.0, 'roll': 0.0, 'pitch': 0.0, 'last_fix_time': datetime.datetime(2021, 7, 28, 21, 56, 34), 'speed': None, 'rudder': 0, 'datum': (42.3, -71.1)}
2021-07-28 22:56:35,893 [INFO] Processing: $BFNVG,215634.33,4218.000000,N,07106.000000,W,0,10.0,1.0,45.0,0.0,0.0,215634.33*62
2021-07-28 22:56:35,895 [INFO] Interpreted as: {'position': (0.0, 0.0), 'latlon': (42.3, -71.1), 'heading': 45.0, 'depth': 1.0, 'altitude': 10.0, 'roll': 0.0, 'pitch': 0.0, 'last_fix_time': datetime.datetime(2021, 7, 28, 21, 56, 34), 'speed': None, 'rudder': 0, 'datum': (42.3, -71.1)}
2021-07-28 22:56:35,896 [INFO] Processing: $BFNVG,215634.58,4218.000000,N,07106.000000,W,0,10.0,1.0,45.0,0.0,0.0,215634.58*62
2021-07-28 22:56:35,898 [INFO] Interpreted as: {'position': (0.0, 0.0), 'latlon': (42.3, -71.1), 'heading': 45.0, 'depth': 1.0, 'altitude': 10.0, 'roll': 0.0, 'pitch': 0.0, 'last_fix_time': datetime.datetime(2021, 7, 28, 21, 56, 34), 'speed': None, 'rudder': 0, 'datum': (42.3, -71.1)}
2021-07-28 22:56:35,899 [INFO] Processing: $BFNVG,215634.83,4218.000000,N,07106.000000,W,0,10.0,1.0,45.0,0.0,0.0,215634.83*62
2021-07-28 22:56:35,901 [INFO] Interpreted as: {'position': (0.0, 0.0), 'latlon': (42.3, -71.1), 'heading': 45.0, 'depth': 1.0, 'altitude': 10.0, 'roll': 0.0, 'pitch': 0.0, 'last_fix_time': datetime.datetime(2021, 7, 28, 21, 56, 34), 'speed': None, 'rudder': 0, 'datum': (42.3, -71.1)}
2021-07-28 22:56:35,902 [INFO] Processing: $BFNVG,215635.09,4218.000000,N,07106.000000,W,0,10.0,1.0,45.0,0.0,0.0,215635.09*62
2021-07-28 22:56:35,904 [INFO] Interpreted as: {'position': (0.0, 0.0), 'latlon': (42.3, -71.1), 'heading': 45.0, 'depth': 1.0, 'altitude': 10.0, 'roll': 0.0, 'pitch': 0.0, 'last_fix_time': datetime.datetime(2021, 7, 28, 21, 56, 35), 'speed': None, 'rudder': 0, 'datum': (42.3, -71.1)}
2021-07-28 22:56:35,904 [INFO] Received from Frontseat: [b'$BFNVG,215632.58,4218.000000,N,07106.000000,W,0,10.0,1.0,45.0,0.0,0.0,215632.58*62', b'$BFNVG,215632.83,4218.000000,N,07106.000000,W,0,10.0,1.0,45.0,0.0,0.0,215632.83*62', b'$BFNVG,215633.08,4218.000000,N,07106.000000,W,0,10.0,1.0,45.0,0.0,0.0,215633.08*62', b'$BFNVG,215633.33,4218.000000,N,07106.000000,W,0,10.0,1.0,45.0,0.0,0.0,215633.33*62', b'$BFNVG,215633.58,4218.000000,N,07106.000000,W,0,10.0,1.0,45.0,0.0,0.0,215633.58*62', b'$BFNVG,215633.83,4218.000000,N,07106.000000,W,0,10.0,1.0,45.0,0.0,0.0,215633.83*62', b'$BFNVG,215634.08,4218.000000,N,07106.000000,W,0,10.0,1.0,45.0,0.0,0.0,215634.08*62', b'$BFNVG,215634.33,4218.000000,N,07106.000000,W,0,10.0,1.0,45.0,0.0,0.0,215634.33*62', b'$BFNVG,215634.58,4218.000000,N,07106.000000,W,0,10.0,1.0,45.0,0.0,0.0,215634.58*62', b'$BFNVG,215634.83,4218.000000,N,07106.000000,W,0,10.0,1.0,45.0,0.0,0.0,215634.83*62', b'$BFNVG,215635.09,4218.000000,N,07106.000000,W,0,10.0,1.0,45.0,0.0,0.0,215635.09*62']
2021-07-28 22:56:35,905 [INFO] AUV state: {'position': (0.0, 0.0), 'latlon': (42.3, -71.1), 'heading': 45.0, 'depth': 1.0, 'altitude': 10.0, 'roll': 0.0, 'pitch': 0.0, 'last_fix_time': datetime.datetime(2021, 7, 28, 21, 56, 35), 'speed': None, 'rudder': 0, 'datum': (42.3, -71.1)}
2021-07-28 22:56:36,441 [INFO] **** [] [(0.6274765202693062, 10.089392421393045), (-15.267871849203395, -2.1546808144534193), (29.218082634469447, 10.767051978493852), (29.033323128290345, -16.32845234850873), (9.680073553546231, -22.638846229321004), (-9.743450924075796, -19.465498844293244), (7.4162632108337405, 24.24377294090048), (22.696939458592983, -9.871374582255466), (23.210531483455053, -3.1550753645400706)]
2021-07-28 22:56:36,443 [INFO] Next green buoy: [], next red buoy: [(0.6274765202693062, 10.089392421393045), (-15.267871849203395, -2.1546808144534193), (29.218082634469447, 10.767051978493852), (29.033323128290345, -16.32845234850873), (9.680073553546231, -22.638846229321004), (-9.743450924075796, -19.465498844293244), (7.4162632108337405, 24.24377294090048), (22.696939458592983, -9.871374582255466), (23.210531483455053, -3.1550753645400706)]
2021-07-28 22:56:36,443 [INFO] Desired_heading: 45.627476520269305
2021-07-28 22:56:36,444 [INFO] delta angle: 0.33136372230907046
2021-07-28 22:56:36,444 [INFO] sending message $BPRMB,215634.58,-0.33136372230907046,1,0,750,0,1*79
...
2021-07-28 22:56:37,446 [INFO] sending message $BPSTS,215637.44,1,BWSI Autonomy OK*40
...
2021-07-28 22:56:37,447 [INFO] Processing: $BFNVG,215635.49,4218.000000,N,07106.000000,W,0,10.0,1.0,45.0,0.0,0.0,215635.49*62
2021-07-28 22:56:37,449 [INFO] Interpreted as: {'position': (0.0, 0.0), 'latlon': (42.3, -71.1), 'heading': 45.0, 'depth': 1.0, 'altitude': 10.0, 'roll': 0.0, 'pitch': 0.0, 'last_fix_time': datetime.datetime(2021, 7, 28, 21, 56, 35), 'speed': None, 'rudder': 0, 'datum': (42.3, -71.1)}
2021-07-28 22:56:37,450 [INFO] Processing: $BFNVG,215635.84,4218.000000,N,07106.000000,W,0,10.0,1.0,45.0,0.0,0.0,215635.84*62
2021-07-28 22:56:37,452 [INFO] Interpreted as: {'position': (0.0, 0.0), 'latlon': (42.3, -71.1), 'heading': 45.0, 'depth': 1.0, 'altitude': 10.0, 'roll': 0.0, 'pitch': 0.0, 'last_fix_time': datetime.datetime(2021, 7, 28, 21, 56, 35), 'speed': None, 'rudder': 0, 'datum': (42.3, -71.1)}
2021-07-28 22:56:37,453 [INFO] Processing: $BFNVG,215636.18,4218.000000,N,07106.000000,W,0,10.0,1.0,45.0,0.0,0.0,215636.18*62
2021-07-28 22:56:37,455 [INFO] Interpreted as: {'position': (0.0, 0.0), 'latlon': (42.3, -71.1), 'heading': 45.0, 'depth': 1.0, 'altitude': 10.0, 'roll': 0.0, 'pitch': 0.0, 'last_fix_time': datetime.datetime(2021, 7, 28, 21, 56, 36), 'speed': None, 'rudder': 0, 'datum': (42.3, -71.1)}
2021-07-28 22:56:37,456 [INFO] Received from Frontseat: [b'$BFNVG,215635.49,4218.000000,N,07106.000000,W,0,10.0,1.0,45.0,0.0,0.0,215635.49*62', b'$BFNVG,215635.84,4218.000000,N,07106.000000,W,0,10.0,1.0,45.0,0.0,0.0,215635.84*62', b'$BFNVG,215636.18,4218.000000,N,07106.000000,W,0,10.0,1.0,45.0,0.0,0.0,215636.18*62']
2021-07-28 22:56:37,457 [INFO] AUV state: {'position': (0.0, 0.0), 'latlon': (42.3, -71.1), 'heading': 45.0, 'depth': 1.0, 'altitude': 10.0, 'roll': 0.0, 'pitch': 0.0, 'last_fix_time': datetime.datetime(2021, 7, 28, 21, 56, 36), 'speed': None, 'rudder': 0, 'datum': (42.3, -71.1)}
2021-07-28 22:56:37,970 [INFO] **** [] [(0.5895915140454623, 10.089806027034761), (-15.131216552245386, -2.056969428557707), (29.187949580147407, 10.80946926497862), (29.037664257340982, -16.322350477409937), (9.857888538728558, -22.739529951058817), (-9.764370282456955, -19.609220809059302), (4.98334285520803, -20.538383520695838), (-13.144746326607773, -6.524541373982216), (-1.520863800379689, -21.333073973049803), (7.4162632108337405, 24.24377294090048), (23.248117382043894, -3.166651342488939), (22.685408870099007, -9.845075775437525)]
2021-07-28 22:56:37,971 [INFO] Next green buoy: [], next red buoy: [(0.5895915140454623, 10.089806027034761), (-15.131216552245386, -2.056969428557707), (29.187949580147407, 10.80946926497862), (29.037664257340982, -16.322350477409937), (9.857888538728558, -22.739529951058817), (-9.764370282456955, -19.609220809059302), (4.98334285520803, -20.538383520695838), (-13.144746326607773, -6.524541373982216), (-1.520863800379689, -21.333073973049803), (7.4162632108337405, 24.24377294090048), (23.248117382043894, -3.166651342488939), (22.685408870099007, -9.845075775437525)]
2021-07-28 22:56:37,972 [INFO] Desired_heading: 45.58959151404546
2021-07-28 22:56:37,972 [INFO] delta angle: 0.30181135638237816
2021-07-28 22:56:37,973 [INFO] sending message $BPRMB,215640.31,-0.30181135638237816,1,0,750,0,1*72
...
2021-07-28 22:56:38,975 [INFO] sending message $BPSTS,215638.97,1,BWSI Autonomy OK*41
...
2021-07-28 22:56:38,976 [INFO] Processing: $BFNVG,215636.54,4218.000000,N,07106.000000,W,0,10.0,1.0,45.0,0.0,0.0,215636.54*62
2021-07-28 22:56:38,978 [INFO] Interpreted as: {'position': (0.0, 0.0), 'latlon': (42.3, -71.1), 'heading': 45.0, 'depth': 1.0, 'altitude': 10.0, 'roll': 0.0, 'pitch': 0.0, 'last_fix_time': datetime.datetime(2021, 7, 28, 21, 56, 36), 'speed': None, 'rudder': 0, 'datum': (42.3, -71.1)}
2021-07-28 22:56:38,979 [INFO] Processing: $BFNVG,215636.90,4218.000108,N,07105.999862,W,0,10.0,1.0,45.0,0.0,0.0,215636.90*6D
2021-07-28 22:56:38,981 [INFO] Interpreted as: {'position': (0.19452799565624446, 0.195196395739913), 'latlon': (42.3000018, -71.0999977), 'heading': 45.0, 'depth': 1.0, 'altitude': 10.0, 'roll': 0.0, 'pitch': 0.0, 'last_fix_time': datetime.datetime(2021, 7, 28, 21, 56, 36), 'speed': None, 'rudder': 0, 'datum': (42.3, -71.1)}
2021-07-28 22:56:38,982 [INFO] Processing: $BFNVG,215637.24,4218.000212,N,07105.999728,W,0,10.0,1.0,45.0,0.0,0.0,215637.24*64
2021-07-28 22:56:38,984 [INFO] Interpreted as: {'position': (0.38337777578271925, 0.3831256264820695), 'latlon': (42.30000353333333, -71.09999546666667), 'heading': 45.0, 'depth': 1.0, 'altitude': 10.0, 'roll': 0.0, 'pitch': 0.0, 'last_fix_time': datetime.datetime(2021, 7, 28, 21, 56, 37), 'speed': None, 'rudder': 0, 'datum': (42.3, -71.1)}
2021-07-28 22:56:38,985 [INFO] Processing: $BFNVG,215637.60,4218.000320,N,07105.999589,W,0,10.0,1.0,45.1,0.0,0.0,215637.60*6C
2021-07-28 22:56:38,987 [INFO] Interpreted as: {'position': (0.5792796321911737, 0.5782881258055568), 'latlon': (42.30000533333333, -71.09999315), 'heading': 45.1, 'depth': 1.0, 'altitude': 10.0, 'roll': 0.0, 'pitch': 0.0, 'last_fix_time': datetime.datetime(2021, 7, 28, 21, 56, 37), 'speed': None, 'rudder': 0, 'datum': (42.3, -71.1)}
2021-07-28 22:56:38,988 [INFO] Processing: $BFNVG,215637.95,4218.000427,N,07105.999451,W,0,10.0,1.0,45.1,0.0,0.0,215637.95*68
2021-07-28 22:56:38,990 [INFO] Interpreted as: {'position': (0.7737619263352826, 0.7716338392347097), 'latlon': (42.30000711666667, -71.09999085), 'heading': 45.1, 'depth': 1.0, 'altitude': 10.0, 'roll': 0.0, 'pitch': 0.0, 'last_fix_time': datetime.datetime(2021, 7, 28, 21, 56, 37), 'speed': None, 'rudder': 0, 'datum': (42.3, -71.1)}
2021-07-28 22:56:38,991 [INFO] Received from Frontseat: [b'$BFNVG,215636.54,4218.000000,N,07106.000000,W,0,10.0,1.0,45.0,0.0,0.0,215636.54*62', b'$BFNVG,215636.90,4218.000108,N,07105.999862,W,0,10.0,1.0,45.0,0.0,0.0,215636.90*6D', b'$BFNVG,215637.24,4218.000212,N,07105.999728,W,0,10.0,1.0,45.0,0.0,0.0,215637.24*64', b'$BFNVG,215637.60,4218.000320,N,07105.999589,W,0,10.0,1.0,45.1,0.0,0.0,215637.60*6C', b'$BFNVG,215637.95,4218.000427,N,07105.999451,W,0,10.0,1.0,45.1,0.0,0.0,215637.95*68']
2021-07-28 22:56:38,992 [INFO] AUV state: {'position': (0.7737619263352826, 0.7716338392347097), 'latlon': (42.30000711666667, -71.09999085), 'heading': 45.1, 'depth': 1.0, 'altitude': 10.0, 'roll': 0.0, 'pitch': 0.0, 'last_fix_time': datetime.datetime(2021, 7, 28, 21, 56, 37), 'speed': None, 'rudder': 0, 'datum': (42.3, -71.1)}
2021-07-28 22:56:39,534 [INFO] **** [] [(0.45635786301504716, 10.160692058100704), (-15.110018968815734, -2.309015890123062), (29.138901773666717, 10.837236656739508), (7.566956107878245, -21.832150880556597), (28.988679319497447, -16.353606752234988), (-9.915307514665662, -19.8497385552113), (19.027977771996753, -24.04907969331284), (7.713691784560536, -15.328419329160866), (23.26358777540541, -3.152351567515708), (7.421430004867321, 24.21755677532377), (24.370604571921408, -24.348120696379013), (22.71615279308908, -9.883061593158695)]
2021-07-28 22:56:39,535 [INFO] Next green buoy: [], next red buoy: [(0.45635786301504716, 10.160692058100704), (-15.110018968815734, -2.309015890123062), (29.138901773666717, 10.837236656739508), (7.566956107878245, -21.832150880556597), (28.988679319497447, -16.353606752234988), (-9.915307514665662, -19.8497385552113), (19.027977771996753, -24.04907969331284), (7.713691784560536, -15.328419329160866), (23.26358777540541, -3.152351567515708), (7.421430004867321, 24.21755677532377), (24.370604571921408, -24.348120696379013), (22.71615279308908, -9.883061593158695)]
2021-07-28 22:56:39,536 [INFO] Desired_heading: 45.55635786301505
2021-07-28 22:56:39,536 [INFO] delta angle: 0.20552613140341933
2021-07-28 22:56:39,537 [INFO] sending message $BPRMB,215637.63,-0.20552613140341933,1,0,750,0,1*73
...
2021-07-28 22:56:40,538 [INFO] sending message $BPSTS,215640.53,1,BWSI Autonomy OK*46
...
2021-07-28 22:56:40,540 [INFO] Processing: $BFNVG,215638.30,4218.000531,N,07105.999317,W,0,10.0,1.0,45.1,0.0,0.0,215638.30*6B
2021-07-28 22:56:40,542 [INFO] Interpreted as: {'position': (0.9626116758445278, 0.95956308580935), 'latlon': (42.30000885, -71.09998861666666), 'heading': 45.1, 'depth': 1.0, 'altitude': 10.0, 'roll': 0.0, 'pitch': 0.0, 'last_fix_time': datetime.datetime(2021, 7, 28, 21, 56, 38), 'speed': None, 'rudder': 0, 'datum': (42.3, -71.1)}
2021-07-28 22:56:40,543 [INFO] Processing: $BFNVG,215638.65,4218.000635,N,07105.999183,W,0,10.0,1.0,45.1,0.0,0.0,215638.65*63
2021-07-28 22:56:40,545 [INFO] Interpreted as: {'position': (1.1514614153420553, 1.1474923361092806), 'latlon': (42.30001058333333, -71.09998638333333), 'heading': 45.1, 'depth': 1.0, 'altitude': 10.0, 'roll': 0.0, 'pitch': 0.0, 'last_fix_time': datetime.datetime(2021, 7, 28, 21, 56, 38), 'speed': None, 'rudder': 0, 'datum': (42.3, -71.1)}
2021-07-28 22:56:40,546 [INFO] Processing: $BFNVG,215638.99,4218.000739,N,07105.999049,W,0,10.0,1.0,45.1,0.0,0.0,215638.99*69
2021-07-28 22:56:40,548 [INFO] Interpreted as: {'position': (1.3403111449442804, 1.335421591065824), 'latlon': (42.30001231666667, -71.09998415), 'heading': 45.1, 'depth': 1.0, 'altitude': 10.0, 'roll': 0.0, 'pitch': 0.0, 'last_fix_time': datetime.datetime(2021, 7, 28, 21, 56, 38), 'speed': None, 'rudder': 0, 'datum': (42.3, -71.1)}
2021-07-28 22:56:40,549 [INFO] Processing: $BFNVG,215639.34,4218.000843,N,07105.998915,W,0,10.0,1.0,45.2,0.0,0.0,215639.34*69
2021-07-28 22:56:40,551 [INFO] Interpreted as: {'position': (1.5291608645347878, 1.523350851610303), 'latlon': (42.30001405, -71.09998191666666), 'heading': 45.2, 'depth': 1.0, 'altitude': 10.0, 'roll': 0.0, 'pitch': 0.0, 'last_fix_time': datetime.datetime(2021, 7, 28, 21, 56, 39), 'speed': None, 'rudder': 0, 'datum': (42.3, -71.1)}
2021-07-28 22:56:40,552 [INFO] Received from Frontseat: [b'$BFNVG,215638.30,4218.000531,N,07105.999317,W,0,10.0,1.0,45.1,0.0,0.0,215638.30*6B', b'$BFNVG,215638.65,4218.000635,N,07105.999183,W,0,10.0,1.0,45.1,0.0,0.0,215638.65*63', b'$BFNVG,215638.99,4218.000739,N,07105.999049,W,0,10.0,1.0,45.1,0.0,0.0,215638.99*69', b'$BFNVG,215639.34,4218.000843,N,07105.998915,W,0,10.0,1.0,45.2,0.0,0.0,215639.34*69']
2021-07-28 22:56:40,553 [INFO] AUV state: {'position': (1.5291608645347878, 1.523350851610303), 'latlon': (42.30001405, -71.09998191666666), 'heading': 45.2, 'depth': 1.0, 'altitude': 10.0, 'roll': 0.0, 'pitch': 0.0, 'last_fix_time': datetime.datetime(2021, 7, 28, 21, 56, 39), 'speed': None, 'rudder': 0, 'datum': (42.3, -71.1)}
2021-07-28 22:56:41,098 [INFO] **** [] [(0.6003285079768379, 10.107482479114708), (-15.33543565707091, -2.0442189625747016), (29.172555378409122, 10.81564243541769), (29.007728001812133, -16.32787659168857), (8.95474768780046, -22.138426883362822), (-9.830550757124808, -19.701247116812254), (-1.7956769432539486, -21.29013858221355), (-13.156459037343165, -6.553985891224476), (16.342901912875103, -19.866082982395774), (7.78167108967576, -15.034011524908127), (7.428026717245266, 24.229144715692588), (22.71615279308908, -9.883061593158695), (23.328121068060348, -3.247675889827087)]
2021-07-28 22:56:41,100 [INFO] Next green buoy: [], next red buoy: [(0.6003285079768379, 10.107482479114708), (-15.33543565707091, -2.0442189625747016), (29.172555378409122, 10.81564243541769), (29.007728001812133, -16.32787659168857), (8.95474768780046, -22.138426883362822), (-9.830550757124808, -19.701247116812254), (-1.7956769432539486, -21.29013858221355), (-13.156459037343165, -6.553985891224476), (16.342901912875103, -19.866082982395774), (7.78167108967576, -15.034011524908127), (7.428026717245266, 24.229144715692588), (22.71615279308908, -9.883061593158695), (23.328121068060348, -3.247675889827087)]
2021-07-28 22:56:41,100 [INFO] Desired_heading: 45.80032850797684
2021-07-28 22:56:41,101 [INFO] delta angle: 0.31009316370831586
2021-07-28 22:56:41,101 [INFO] sending message $BPRMB,215643.43,-0.31009316370831586,1,0,750,0,1*76
...
2021-07-28 22:56:42,103 [INFO] sending message $BPSTS,215642.10,1,BWSI Autonomy OK*43
...
2021-07-28 22:56:42,104 [INFO] Processing: $BFNVG,215639.68,4218.000948,N,07105.998780,W,0,10.0,1.0,45.2,0.0,0.0,215639.68*61
2021-07-28 22:56:42,106 [INFO] Interpreted as: {'position': (1.7194301253184676, 1.713096909224987), 'latlon': (42.3000158, -71.09997966666667), 'heading': 45.2, 'depth': 1.0, 'altitude': 10.0, 'roll': 0.0, 'pitch': 0.0, 'last_fix_time': datetime.datetime(2021, 7, 28, 21, 56, 39), 'speed': None, 'rudder': 0, 'datum': (42.3, -71.1)}
2021-07-28 22:56:42,107 [INFO] Processing: $BFNVG,215640.03,4218.001052,N,07105.998646,W,0,10.0,1.0,45.2,0.0,0.0,215640.03*69
2021-07-28 22:56:42,109 [INFO] Interpreted as: {'position': (1.9082798248855397, 1.9010261800140142), 'latlon': (42.30001753333333, -71.09997743333334), 'heading': 45.2, 'depth': 1.0, 'altitude': 10.0, 'roll': 0.0, 'pitch': 0.0, 'last_fix_time': datetime.datetime(2021, 7, 28, 21, 56, 40), 'speed': None, 'rudder': 0, 'datum': (42.3, -71.1)}
2021-07-28 22:56:42,111 [INFO] Processing: $BFNVG,215640.38,4218.001156,N,07105.998512,W,0,10.0,1.0,45.2,0.0,0.0,215640.38*6E
2021-07-28 22:56:42,113 [INFO] Interpreted as: {'position': (2.097129514440894, 2.0889554545283318), 'latlon': (42.300019266666666, -71.0999752), 'heading': 45.2, 'depth': 1.0, 'altitude': 10.0, 'roll': 0.0, 'pitch': 0.0, 'last_fix_time': datetime.datetime(2021, 7, 28, 21, 56, 40), 'speed': None, 'rudder': 0, 'datum': (42.3, -71.1)}
2021-07-28 22:56:42,114 [INFO] Processing: $BFNVG,215640.73,4218.001263,N,07105.998373,W,0,10.0,1.0,45.2,0.0,0.0,215640.73*6A
2021-07-28 22:56:42,116 [INFO] Interpreted as: {'position': (2.292985605308786, 2.282267302274704), 'latlon': (42.30002105, -71.09997288333334), 'heading': 45.2, 'depth': 1.0, 'altitude': 10.0, 'roll': 0.0, 'pitch': 0.0, 'last_fix_time': datetime.datetime(2021, 7, 28, 21, 56, 40), 'speed': None, 'rudder': 0, 'datum': (42.3, -71.1)}
2021-07-28 22:56:42,117 [INFO] Processing: $BFNVG,215641.08,4218.001367,N,07105.998239,W,0,10.0,1.0,45.2,0.0,0.0,215641.08*60
2021-07-28 22:56:42,120 [INFO] Interpreted as: {'position': (2.4818352746078745, 2.4701965879648924), 'latlon': (42.30002278333333, -71.09997065), 'heading': 45.2, 'depth': 1.0, 'altitude': 10.0, 'roll': 0.0, 'pitch': 0.0, 'last_fix_time': datetime.datetime(2021, 7, 28, 21, 56, 41), 'speed': None, 'rudder': 0, 'datum': (42.3, -71.1)}
2021-07-28 22:56:42,121 [INFO] Received from Frontseat: [b'$BFNVG,215639.68,4218.000948,N,07105.998780,W,0,10.0,1.0,45.2,0.0,0.0,215639.68*61', b'$BFNVG,215640.03,4218.001052,N,07105.998646,W,0,10.0,1.0,45.2,0.0,0.0,215640.03*69', b'$BFNVG,215640.38,4218.001156,N,07105.998512,W,0,10.0,1.0,45.2,0.0,0.0,215640.38*6E', b'$BFNVG,215640.73,4218.001263,N,07105.998373,W,0,10.0,1.0,45.2,0.0,0.0,215640.73*6A', b'$BFNVG,215641.08,4218.001367,N,07105.998239,W,0,10.0,1.0,45.2,0.0,0.0,215641.08*60']
2021-07-28 22:56:42,122 [INFO] AUV state: {'position': (2.4818352746078745, 2.4701965879648924), 'latlon': (42.30002278333333, -71.09997065), 'heading': 45.2, 'depth': 1.0, 'altitude': 10.0, 'roll': 0.0, 'pitch': 0.0, 'last_fix_time': datetime.datetime(2021, 7, 28, 21, 56, 41), 'speed': None, 'rudder': 0, 'datum': (42.3, -71.1)}
2021-07-28 22:56:42,634 [INFO] **** [] [(-1.1254862164214432, 11.913886170772464), (-15.430738559597316, -1.9215842146988145), (29.32381012378167, 11.061662257618947), (28.975300240888334, -16.66462532780438), (12.018114778481753, -23.893760167613454), (8.139777065907618, -22.313199711963016), (5.034763172270742, -22.699821802491826), (22.77391398571231, -13.442749161176108), (-9.832531791159235, -19.611979110668777), (13.6097318958122, -22.101763662970974), (-13.113359591375483, -6.50222564436704), (11.850583962616733, -22.271919168591946), (19.14089541792381, -13.14026664153436), (7.4162632108337405, 24.24377294090048)]
2021-07-28 22:56:42,635 [INFO] Next green buoy: [], next red buoy: [(-1.1254862164214432, 11.913886170772464), (-15.430738559597316, -1.9215842146988145), (29.32381012378167, 11.061662257618947), (28.975300240888334, -16.66462532780438), (12.018114778481753, -23.893760167613454), (8.139777065907618, -22.313199711963016), (5.034763172270742, -22.699821802491826), (22.77391398571231, -13.442749161176108), (-9.832531791159235, -19.611979110668777), (13.6097318958122, -22.101763662970974), (-13.113359591375483, -6.50222564436704), (11.850583962616733, -22.271919168591946), (19.14089541792381, -13.14026664153436), (7.4162632108337405, 24.24377294090048)]
2021-07-28 22:56:42,636 [INFO] Desired_heading: 44.07451378357856
2021-07-28 22:56:42,637 [INFO] delta angle: -0.796010894945482
2021-07-28 22:56:42,637 [INFO] sending message $BPRMB,215640.76,0.796010894945482,1,0,750,0,1*5e
...
2021-07-28 22:56:43,639 [INFO] sending message $BPSTS,215643.63,1,BWSI Autonomy OK*46
...
2021-07-28 22:56:43,641 [INFO] Processing: $BFNVG,215641.43,4218.001474,N,07105.998101,W,0,10.0,1.0,45.3,0.0,0.0,215641.43*6C
2021-07-28 22:56:43,643 [INFO] Interpreted as: {'position': (2.6763174652587622, 2.663542350754142), 'latlon': (42.300024566666664, -71.09996835), 'heading': 45.3, 'depth': 1.0, 'altitude': 10.0, 'roll': 0.0, 'pitch': 0.0, 'last_fix_time': datetime.datetime(2021, 7, 28, 21, 56, 41), 'speed': None, 'rudder': 0, 'datum': (42.3, -71.1)}
2021-07-28 22:56:43,644 [INFO] Processing: $BFNVG,215641.79,4218.001581,N,07105.997962,W,0,10.0,1.0,45.3,0.0,0.0,215641.79*65
2021-07-28 22:56:43,646 [INFO] Interpreted as: {'position': (2.872173524578102, 2.8568542134016752), 'latlon': (42.30002635, -71.09996603333333), 'heading': 45.3, 'depth': 1.0, 'altitude': 10.0, 'roll': 0.0, 'pitch': 0.0, 'last_fix_time': datetime.datetime(2021, 7, 28, 21, 56, 41), 'speed': None, 'rudder': 0, 'datum': (42.3, -71.1)}
2021-07-28 22:56:43,648 [INFO] Processing: $BFNVG,215642.15,4218.001689,N,07105.997822,W,0,10.0,1.0,45.3,0.0,0.0,215642.15*6B
2021-07-28 22:56:43,651 [INFO] Interpreted as: {'position': (3.0694491215981543, 3.0519828759133816), 'latlon': (42.30002815, -71.0999637), 'heading': 45.3, 'depth': 1.0, 'altitude': 10.0, 'roll': 0.0, 'pitch': 0.0, 'last_fix_time': datetime.datetime(2021, 7, 28, 21, 56, 42), 'speed': None, 'rudder': 0, 'datum': (42.3, -71.1)}
2021-07-28 22:56:43,652 [INFO] Processing: $BFNVG,215642.50,4218.001794,N,07105.997686,W,0,10.0,1.0,45.3,0.0,0.0,215642.50*66
2021-07-28 22:56:43,654 [INFO] Interpreted as: {'position': (3.2610921795130707, 3.241695067845285), 'latlon': (42.3000299, -71.09996143333333), 'heading': 45.3, 'depth': 1.0, 'altitude': 10.0, 'roll': 0.0, 'pitch': 0.0, 'last_fix_time': datetime.datetime(2021, 7, 28, 21, 56, 42), 'speed': None, 'rudder': 0, 'datum': (42.3, -71.1)}
2021-07-28 22:56:43,655 [INFO] Received from Frontseat: [b'$BFNVG,215641.43,4218.001474,N,07105.998101,W,0,10.0,1.0,45.3,0.0,0.0,215641.43*6C', b'$BFNVG,215641.79,4218.001581,N,07105.997962,W,0,10.0,1.0,45.3,0.0,0.0,215641.79*65', b'$BFNVG,215642.15,4218.001689,N,07105.997822,W,0,10.0,1.0,45.3,0.0,0.0,215642.15*6B', b'$BFNVG,215642.50,4218.001794,N,07105.997686,W,0,10.0,1.0,45.3,0.0,0.0,215642.50*66']
2021-07-28 22:56:43,656 [INFO] AUV state: {'position': (3.2610921795130707, 3.241695067845285), 'latlon': (42.3000299, -71.09996143333333), 'heading': 45.3, 'depth': 1.0, 'altitude': 10.0, 'roll': 0.0, 'pitch': 0.0, 'last_fix_time': datetime.datetime(2021, 7, 28, 21, 56, 42), 'speed': None, 'rudder': 0, 'datum': (42.3, -71.1)}
2021-07-28 22:56:44,200 [INFO] **** [] [(0.5836039997655298, 10.088090391140465), (-15.075452383307509, -2.120553074947237), (29.20081982642232, 10.790424894777235), (29.039653819447373, -16.314722603295248), (10.58951007233236, -22.81700224127623), (-9.731065987152725, -19.640699524405875), (-13.086829342375484, -6.533283077000908), (7.3912348369555065, 24.24309036519322), (11.350135899393752, -20.269445199172416), (22.69858652710258, -9.856347206335542)]
2021-07-28 22:56:44,202 [INFO] Next green buoy: [], next red buoy: [(0.5836039997655298, 10.088090391140465), (-15.075452383307509, -2.120553074947237), (29.20081982642232, 10.790424894777235), (29.039653819447373, -16.314722603295248), (10.58951007233236, -22.81700224127623), (-9.731065987152725, -19.640699524405875), (-13.086829342375484, -6.533283077000908), (7.3912348369555065, 24.24309036519322), (11.350135899393752, -20.269445199172416), (22.69858652710258, -9.856347206335542)]
2021-07-28 22:56:44,202 [INFO] Desired_heading: 45.883603999765526
2021-07-28 22:56:44,203 [INFO] delta angle: 0.297225543923918
2021-07-28 22:56:44,203 [INFO] sending message $BPRMB,215646.51,-0.297225543923918,1,0,750,0,1*79
...
2021-07-28 22:56:45,205 [INFO] sending message $BPSTS,215645.20,1,BWSI Autonomy OK*47
...
2021-07-28 22:56:45,207 [INFO] Processing: $BFNVG,215642.85,4218.001900,N,07105.997549,W,0,10.0,1.0,45.3,0.0,0.0,215642.85*65
2021-07-28 22:56:45,209 [INFO] Interpreted as: {'position': (3.454154777515214, 3.4332240596413612), 'latlon': (42.30003166666667, -71.09995915), 'heading': 45.3, 'depth': 1.0, 'altitude': 10.0, 'roll': 0.0, 'pitch': 0.0, 'last_fix_time': datetime.datetime(2021, 7, 28, 21, 56, 42), 'speed': None, 'rudder': 0, 'datum': (42.3, -71.1)}
2021-07-28 22:56:45,210 [INFO] Processing: $BFNVG,215643.21,4218.002009,N,07105.997407,W,0,10.0,1.0,45.3,0.0,0.0,215643.21*6D
2021-07-28 22:56:45,212 [INFO] Interpreted as: {'position': (3.6542237740941346, 3.6301356246694922), 'latlon': (42.30003348333334, -71.09995678333334), 'heading': 45.3, 'depth': 1.0, 'altitude': 10.0, 'roll': 0.0, 'pitch': 0.0, 'last_fix_time': datetime.datetime(2021, 7, 28, 21, 56, 43), 'speed': None, 'rudder': 0, 'datum': (42.3, -71.1)}
2021-07-28 22:56:45,213 [INFO] Processing: $BFNVG,215643.57,4218.002115,N,07105.997270,W,0,10.0,1.0,45.2,0.0,0.0,215643.57*66
2021-07-28 22:56:45,214 [INFO] Interpreted as: {'position': (3.847286350908689, 3.8216646257787943), 'latlon': (42.30003525, -71.0999545), 'heading': 45.2, 'depth': 1.0, 'altitude': 10.0, 'roll': 0.0, 'pitch': 0.0, 'last_fix_time': datetime.datetime(2021, 7, 28, 21, 56, 43), 'speed': None, 'rudder': 0, 'datum': (42.3, -71.1)}
2021-07-28 22:56:45,216 [INFO] Processing: $BFNVG,215643.92,4218.002221,N,07105.997133,W,0,10.0,1.0,45.2,0.0,0.0,215643.92*66
2021-07-28 22:56:45,218 [INFO] Interpreted as: {'position': (4.0403489174786955, 4.013193631544709), 'latlon': (42.300037016666664, -71.09995221666667), 'heading': 45.2, 'depth': 1.0, 'altitude': 10.0, 'roll': 0.0, 'pitch': 0.0, 'last_fix_time': datetime.datetime(2021, 7, 28, 21, 56, 43), 'speed': None, 'rudder': 0, 'datum': (42.3, -71.1)}
2021-07-28 22:56:45,219 [INFO] Received from Frontseat: [b'$BFNVG,215642.85,4218.001900,N,07105.997549,W,0,10.0,1.0,45.3,0.0,0.0,215642.85*65', b'$BFNVG,215643.21,4218.002009,N,07105.997407,W,0,10.0,1.0,45.3,0.0,0.0,215643.21*6D', b'$BFNVG,215643.57,4218.002115,N,07105.997270,W,0,10.0,1.0,45.2,0.0,0.0,215643.57*66', b'$BFNVG,215643.92,4218.002221,N,07105.997133,W,0,10.0,1.0,45.2,0.0,0.0,215643.92*66']
2021-07-28 22:56:45,219 [INFO] AUV state: {'position': (4.0403489174786955, 4.013193631544709), 'latlon': (42.300037016666664, -71.09995221666667), 'heading': 45.2, 'depth': 1.0, 'altitude': 10.0, 'roll': 0.0, 'pitch': 0.0, 'last_fix_time': datetime.datetime(2021, 7, 28, 21, 56, 43), 'speed': None, 'rudder': 0, 'datum': (42.3, -71.1)}
2021-07-28 22:56:45,739 [INFO] **** [] [(0.6321530192697207, 10.046401119694924), (-14.980112271848396, -2.160006575985877), (29.178533467296845, 10.789550215939698), (29.024097016579375, -16.321260817514943), (9.70621579017923, -22.48514829685145), (-9.846253423639764, -19.80010903749914), (-13.141320699795173, -6.513843874979483), (5.05862213123124, -20.543926910460254), (23.328121068060348, -3.193660949712362), (7.4162632108337405, 24.22738910270901), (22.696939458592983, -9.871374582255466)]
2021-07-28 22:56:45,740 [INFO] Next green buoy: [], next red buoy: [(0.6321530192697207, 10.046401119694924), (-14.980112271848396, -2.160006575985877), (29.178533467296845, 10.789550215939698), (29.024097016579375, -16.321260817514943), (9.70621579017923, -22.48514829685145), (-9.846253423639764, -19.80010903749914), (-13.141320699795173, -6.513843874979483), (5.05862213123124, -20.543926910460254), (23.328121068060348, -3.193660949712362), (7.4162632108337405, 24.22738910270901), (22.696939458592983, -9.871374582255466)]
2021-07-28 22:56:45,741 [INFO] Desired_heading: 45.832153019269725
2021-07-28 22:56:45,741 [INFO] delta angle: 0.3350750304730081
2021-07-28 22:56:45,741 [INFO] sending message $BPRMB,215643.89,-0.3350750304730081,1,0,750,0,1*47
...
2021-07-28 22:56:46,743 [INFO] sending message $BPSTS,215646.74,1,BWSI Autonomy OK*45
...
2021-07-28 22:56:46,744 [INFO] Processing: $BFNVG,215644.27,4218.002327,N,07105.996996,W,0,10.0,1.0,45.1,0.0,0.0,215644.27*64
2021-07-28 22:56:46,746 [INFO] Interpreted as: {'position': (4.233411473571323, 4.204722643829882), 'latlon': (42.300038783333335, -71.09994993333333), 'heading': 45.1, 'depth': 1.0, 'altitude': 10.0, 'roll': 0.0, 'pitch': 0.0, 'last_fix_time': datetime.datetime(2021, 7, 28, 21, 56, 44), 'speed': None, 'rudder': 0, 'datum': (42.3, -71.1)}
2021-07-28 22:56:46,747 [INFO] Processing: $BFNVG,215644.62,4218.002434,N,07105.996859,W,0,10.0,1.0,45.1,0.0,0.0,215644.62*63
2021-07-28 22:56:46,749 [INFO] Interpreted as: {'position': (4.426519688102417, 4.398102357983589), 'latlon': (42.30004056666667, -71.09994765), 'heading': 45.1, 'depth': 1.0, 'altitude': 10.0, 'roll': 0.0, 'pitch': 0.0, 'last_fix_time': datetime.datetime(2021, 7, 28, 21, 56, 44), 'speed': None, 'rudder': 0, 'datum': (42.3, -71.1)}
2021-07-28 22:56:46,751 [INFO] Processing: $BFNVG,215644.99,4218.002543,N,07105.996718,W,0,10.0,1.0,45.2,0.0,0.0,215644.99*6B
2021-07-28 22:56:46,753 [INFO] Interpreted as: {'position': (4.625214753788896, 4.595047852024436), 'latlon': (42.300042383333334, -71.0999453), 'heading': 45.2, 'depth': 1.0, 'altitude': 10.0, 'roll': 0.0, 'pitch': 0.0, 'last_fix_time': datetime.datetime(2021, 7, 28, 21, 56, 44), 'speed': None, 'rudder': 0, 'datum': (42.3, -71.1)}
2021-07-28 22:56:46,754 [INFO] Processing: $BFNVG,215645.34,4218.002650,N,07105.996580,W,0,10.0,1.0,45.2,0.0,0.0,215645.34*69
2021-07-28 22:56:46,756 [INFO] Interpreted as: {'position': (4.819696828024462, 4.7883936716243625), 'latlon': (42.300044166666666, -71.099943), 'heading': 45.2, 'depth': 1.0, 'altitude': 10.0, 'roll': 0.0, 'pitch': 0.0, 'last_fix_time': datetime.datetime(2021, 7, 28, 21, 56, 45), 'speed': None, 'rudder': 0, 'datum': (42.3, -71.1)}
2021-07-28 22:56:46,756 [INFO] Processing: $BFNVG,215645.70,4218.002756,N,07105.996443,W,0,10.0,1.0,45.2,0.0,0.0,215645.70*60
2021-07-28 22:56:46,758 [INFO] Interpreted as: {'position': (5.012759339995682, 4.979922702535987), 'latlon': (42.30004593333334, -71.09994071666667), 'heading': 45.2, 'depth': 1.0, 'altitude': 10.0, 'roll': 0.0, 'pitch': 0.0, 'last_fix_time': datetime.datetime(2021, 7, 28, 21, 56, 45), 'speed': None, 'rudder': 0, 'datum': (42.3, -71.1)}
2021-07-28 22:56:46,759 [INFO] Received from Frontseat: [b'$BFNVG,215644.27,4218.002327,N,07105.996996,W,0,10.0,1.0,45.1,0.0,0.0,215644.27*64', b'$BFNVG,215644.62,4218.002434,N,07105.996859,W,0,10.0,1.0,45.1,0.0,0.0,215644.62*63', b'$BFNVG,215644.99,4218.002543,N,07105.996718,W,0,10.0,1.0,45.2,0.0,0.0,215644.99*6B', b'$BFNVG,215645.34,4218.002650,N,07105.996580,W,0,10.0,1.0,45.2,0.0,0.0,215645.34*69', b'$BFNVG,215645.70,4218.002756,N,07105.996443,W,0,10.0,1.0,45.2,0.0,0.0,215645.70*60']
2021-07-28 22:56:46,760 [INFO] AUV state: {'position': (5.012759339995682, 4.979922702535987), 'latlon': (42.30004593333334, -71.09994071666667), 'heading': 45.2, 'depth': 1.0, 'altitude': 10.0, 'roll': 0.0, 'pitch': 0.0, 'last_fix_time': datetime.datetime(2021, 7, 28, 21, 56, 45), 'speed': None, 'rudder': 0, 'datum': (42.3, -71.1)}
2021-07-28 22:56:47,269 [INFO] **** [] [(3.5363099646144893, 10.681207726874062), (-14.468981549367072, -2.1524854610295017), (29.22969277972965, 10.863625551761942), (28.97298718487225, -16.575417310385056), (-28.114100677195513, 19.69524373963474), (9.72099581810917, -22.810437002058293), (21.68264330605904, -13.33596907409737), (-19.111336636530176, -5.196588486321589), (-9.790309089807907, -19.71050667032005), (-1.548848917388829, -21.326266790237415), (-13.137160881522805, -6.478436998543314), (4.995968541006145, -20.510591655172444), (7.435638062360447, 24.25360121897525)]
2021-07-28 22:56:47,271 [INFO] Next green buoy: [], next red buoy: [(3.5363099646144893, 10.681207726874062), (-14.468981549367072, -2.1524854610295017), (29.22969277972965, 10.863625551761942), (28.97298718487225, -16.575417310385056), (-28.114100677195513, 19.69524373963474), (9.72099581810917, -22.810437002058293), (21.68264330605904, -13.33596907409737), (-19.111336636530176, -5.196588486321589), (-9.790309089807907, -19.71050667032005), (-1.548848917388829, -21.326266790237415), (-13.137160881522805, -6.478436998543314), (4.995968541006145, -20.510591655172444), (7.435638062360447, 24.25360121897525)]
2021-07-28 22:56:47,271 [INFO] Desired_heading: 48.73630996461449
2021-07-28 22:56:47,272 [INFO] delta angle: 4.433372551866596
2021-07-28 22:56:47,272 [INFO] sending message $BPRMB,215649.58,-4.433372551866596,1,0,750,0,1*79
...
2021-07-28 22:56:48,274 [INFO] sending message $BPSTS,215648.27,1,BWSI Autonomy OK*4d
...
2021-07-28 22:56:48,275 [INFO] Processing: $BFNVG,215646.05,4218.002863,N,07105.996305,W,0,10.0,1.0,45.2,0.0,0.0,215646.05*6C
2021-07-28 22:56:48,278 [INFO] Interpreted as: {'position': (5.207241395255551, 5.173268532380462), 'latlon': (42.30004771666667, -71.09993841666666), 'heading': 45.2, 'depth': 1.0, 'altitude': 10.0, 'roll': 0.0, 'pitch': 0.0, 'last_fix_time': datetime.datetime(2021, 7, 28, 21, 56, 46), 'speed': None, 'rudder': 0, 'datum': (42.3, -71.1)}
2021-07-28 22:56:48,279 [INFO] Processing: $BFNVG,215646.41,4218.002971,N,07105.996166,W,0,10.0,1.0,45.2,0.0,0.0,215646.41*69
2021-07-28 22:56:48,281 [INFO] Interpreted as: {'position': (5.403142987343017, 5.368431160226464), 'latlon': (42.30004951666667, -71.0999361), 'heading': 45.2, 'depth': 1.0, 'altitude': 10.0, 'roll': 0.0, 'pitch': 0.0, 'last_fix_time': datetime.datetime(2021, 7, 28, 21, 56, 46), 'speed': None, 'rudder': 0, 'datum': (42.3, -71.1)}
2021-07-28 22:56:48,282 [INFO] Processing: $BFNVG,215646.76,4218.003076,N,07105.996029,W,0,10.0,1.0,45.3,0.0,0.0,215646.76*6D
2021-07-28 22:56:48,284 [INFO] Interpreted as: {'position': (5.5961597971618176, 5.558109509758651), 'latlon': (42.300051266666664, -71.09993381666666), 'heading': 45.3, 'depth': 1.0, 'altitude': 10.0, 'roll': 0.0, 'pitch': 0.0, 'last_fix_time': datetime.datetime(2021, 7, 28, 21, 56, 46), 'speed': None, 'rudder': 0, 'datum': (42.3, -71.1)}
2021-07-28 22:56:48,285 [INFO] Processing: $BFNVG,215647.11,4218.003182,N,07105.995892,W,0,10.0,1.0,45.3,0.0,0.0,215647.11*6C
2021-07-28 22:56:48,287 [INFO] Interpreted as: {'position': (5.789222269435413, 5.749638562090695), 'latlon': (42.300053033333334, -71.09993153333333), 'heading': 45.3, 'depth': 1.0, 'altitude': 10.0, 'roll': 0.0, 'pitch': 0.0, 'last_fix_time': datetime.datetime(2021, 7, 28, 21, 56, 47), 'speed': None, 'rudder': 0, 'datum': (42.3, -71.1)}
2021-07-28 22:56:48,288 [INFO] Received from Frontseat: [b'$BFNVG,215646.05,4218.002863,N,07105.996305,W,0,10.0,1.0,45.2,0.0,0.0,215646.05*6C', b'$BFNVG,215646.41,4218.002971,N,07105.996166,W,0,10.0,1.0,45.2,0.0,0.0,215646.41*69', b'$BFNVG,215646.76,4218.003076,N,07105.996029,W,0,10.0,1.0,45.3,0.0,0.0,215646.76*6D', b'$BFNVG,215647.11,4218.003182,N,07105.995892,W,0,10.0,1.0,45.3,0.0,0.0,215647.11*6C']
2021-07-28 22:56:48,288 [INFO] AUV state: {'position': (5.789222269435413, 5.749638562090695), 'latlon': (42.300053033333334, -71.09993153333333), 'heading': 45.3, 'depth': 1.0, 'altitude': 10.0, 'roll': 0.0, 'pitch': 0.0, 'last_fix_time': datetime.datetime(2021, 7, 28, 21, 56, 47), 'speed': None, 'rudder': 0, 'datum': (42.3, -71.1)}
2021-07-28 22:56:48,801 [INFO] **** [] [(0.6108348590289017, 10.12233341335619), (-15.386921677889848, -1.9483353148251703), (29.26266943855156, 10.83909744339579), (28.950342469447563, -16.592725484484486), (10.13211636069642, -22.55275296068571), (-9.734759836412366, -19.669448570441652), (-13.148171857762808, -6.524541373982216), (13.950474727568821, -19.89148550739681), (7.414325631794462, 24.21755677532377), (12.856662243225164, -20.016316156476194), (22.685408870099007, -9.871374582255466), (16.33978338466429, -19.863087388205585)]
2021-07-28 22:56:48,802 [INFO] Next green buoy: [], next red buoy: [(0.6108348590289017, 10.12233341335619), (-15.386921677889848, -1.9483353148251703), (29.26266943855156, 10.83909744339579), (28.950342469447563, -16.592725484484486), (10.13211636069642, -22.55275296068571), (-9.734759836412366, -19.669448570441652), (-13.148171857762808, -6.524541373982216), (13.950474727568821, -19.89148550739681), (7.414325631794462, 24.21755677532377), (12.856662243225164, -20.016316156476194), (22.685408870099007, -9.871374582255466), (16.33978338466429, -19.863087388205585)]
2021-07-28 22:56:48,803 [INFO] Desired_heading: 45.910834859028895
2021-07-28 22:56:48,803 [INFO] delta angle: 0.3182690889495951
2021-07-28 22:56:48,804 [INFO] sending message $BPRMB,215646.96,-0.3182690889495951,1,0,750,0,1*4a
...
2021-07-28 22:56:49,805 [INFO] sending message $BPSTS,215649.80,1,BWSI Autonomy OK*41
...
2021-07-28 22:56:49,807 [INFO] Processing: $BFNVG,215647.46,4218.003288,N,07105.995755,W,0,10.0,1.0,45.3,0.0,0.0,215647.46*61
2021-07-28 22:56:49,809 [INFO] Interpreted as: {'position': (5.98228473123163, 5.941167618148029), 'latlon': (42.3000548, -71.09992925), 'heading': 45.3, 'depth': 1.0, 'altitude': 10.0, 'roll': 0.0, 'pitch': 0.0, 'last_fix_time': datetime.datetime(2021, 7, 28, 21, 56, 47), 'speed': None, 'rudder': 0, 'datum': (42.3, -71.1)}
2021-07-28 22:56:49,810 [INFO] Processing: $BFNVG,215647.82,4218.003393,N,07105.995618,W,0,10.0,1.0,45.6,0.0,0.0,215647.82*67
2021-07-28 22:56:49,812 [INFO] Interpreted as: {'position': (6.175301512121223, 6.130845982581377), 'latlon': (42.30005655, -71.09992696666667), 'heading': 45.6, 'depth': 1.0, 'altitude': 10.0, 'roll': 0.0, 'pitch': 0.0, 'last_fix_time': datetime.datetime(2021, 7, 28, 21, 56, 47), 'speed': None, 'rudder': 0, 'datum': (42.3, -71.1)}
2021-07-28 22:56:49,813 [INFO] Processing: $BFNVG,215648.17,4218.003499,N,07105.995479,W,0,10.0,1.0,45.9,0.0,0.0,215648.17*60
2021-07-28 22:56:49,815 [INFO] Interpreted as: {'position': (6.371111710264813, 6.322307243011892), 'latlon': (42.300058316666664, -71.09992465), 'heading': 45.9, 'depth': 1.0, 'altitude': 10.0, 'roll': 0.0, 'pitch': 0.0, 'last_fix_time': datetime.datetime(2021, 7, 28, 21, 56, 48), 'speed': None, 'rudder': 0, 'datum': (42.3, -71.1)}
2021-07-28 22:56:49,816 [INFO] Processing: $BFNVG,215648.52,4218.003603,N,07105.995340,W,0,10.0,1.0,46.2,0.0,0.0,215648.52*64
2021-07-28 22:56:49,818 [INFO] Interpreted as: {'position': (6.56683055695612, 6.5100671127438545), 'latlon': (42.30006005, -71.09992233333334), 'heading': 46.2, 'depth': 1.0, 'altitude': 10.0, 'roll': 0.0, 'pitch': 0.0, 'last_fix_time': datetime.datetime(2021, 7, 28, 21, 56, 48), 'speed': None, 'rudder': 0, 'datum': (42.3, -71.1)}
2021-07-28 22:56:49,818 [INFO] Received from Frontseat: [b'$BFNVG,215647.46,4218.003288,N,07105.995755,W,0,10.0,1.0,45.3,0.0,0.0,215647.46*61', b'$BFNVG,215647.82,4218.003393,N,07105.995618,W,0,10.0,1.0,45.6,0.0,0.0,215647.82*67', b'$BFNVG,215648.17,4218.003499,N,07105.995479,W,0,10.0,1.0,45.9,0.0,0.0,215648.17*60', b'$BFNVG,215648.52,4218.003603,N,07105.995340,W,0,10.0,1.0,46.2,0.0,0.0,215648.52*64']
2021-07-28 22:56:49,819 [INFO] AUV state: {'position': (6.56683055695612, 6.5100671127438545), 'latlon': (42.30006005, -71.09992233333334), 'heading': 46.2, 'depth': 1.0, 'altitude': 10.0, 'roll': 0.0, 'pitch': 0.0, 'last_fix_time': datetime.datetime(2021, 7, 28, 21, 56, 48), 'speed': None, 'rudder': 0, 'datum': (42.3, -71.1)}
2021-07-28 22:56:50,365 [INFO] **** [] [(0.6033327394670525, 10.032243421213206), (-15.351621738301388, -2.1411835055861856), (29.196463236795356, 10.77110418200065), (29.029810077370314, -16.335434943899898), (9.60405257089641, -22.45533473842733), (-9.916819400284526, -19.8086292307228), (-1.448453232287273, -21.31914231798134), (1.6563435253525078, -20.669665677222685), (4.934623526109851, -20.618793110029227), (-3.8414379829491505, -22.37602414827049), (7.8118113909059135, -14.912646447740732), (7.435638062360447, 24.25360121897525), (22.69858652710258, -9.856347206335542), (16.43952684670013, -19.827131433799874), (23.282416451093077, -3.193660949712362)]
2021-07-28 22:56:50,366 [INFO] Next green buoy: [], next red buoy: [(0.6033327394670525, 10.032243421213206), (-15.351621738301388, -2.1411835055861856), (29.196463236795356, 10.77110418200065), (29.029810077370314, -16.335434943899898), (9.60405257089641, -22.45533473842733), (-9.916819400284526, -19.8086292307228), (-1.448453232287273, -21.31914231798134), (1.6563435253525078, -20.669665677222685), (4.934623526109851, -20.618793110029227), (-3.8414379829491505, -22.37602414827049), (7.8118113909059135, -14.912646447740732), (7.435638062360447, 24.25360121897525), (22.69858652710258, -9.856347206335542), (16.43952684670013, -19.827131433799874), (23.282416451093077, -3.193660949712362)]
2021-07-28 22:56:50,367 [INFO] Desired_heading: 46.80333273946705
2021-07-28 22:56:50,367 [INFO] delta angle: 0.31242377809343636
2021-07-28 22:56:50,368 [INFO] sending message $BPRMB,215652.65,-0.31242377809343636,1,0,750,0,1*7b
...
2021-07-28 22:56:51,369 [INFO] sending message $BPSTS,215651.36,1,BWSI Autonomy OK*45
...
2021-07-28 22:56:51,371 [INFO] Processing: $BFNVG,215648.88,4218.003708,N,07105.995199,W,0,10.0,1.0,46.5,0.0,0.0,215648.88*6F
2021-07-28 22:56:51,373 [INFO] Interpreted as: {'position': (6.765342820668593, 6.699609878472984), 'latlon': (42.3000618, -71.09991998333334), 'heading': 46.5, 'depth': 1.0, 'altitude': 10.0, 'roll': 0.0, 'pitch': 0.0, 'last_fix_time': datetime.datetime(2021, 7, 28, 21, 56, 48), 'speed': None, 'rudder': 0, 'datum': (42.3, -71.1)}
2021-07-28 22:56:51,373 [INFO] Processing: $BFNVG,215649.23,4218.003812,N,07105.995059,W,0,10.0,1.0,46.5,0.0,0.0,215649.23*66
2021-07-28 22:56:51,375 [INFO] Interpreted as: {'position': (6.962435524910688, 6.887335855513811), 'latlon': (42.300063533333336, -71.09991765), 'heading': 46.5, 'depth': 1.0, 'altitude': 10.0, 'roll': 0.0, 'pitch': 0.0, 'last_fix_time': datetime.datetime(2021, 7, 28, 21, 56, 49), 'speed': None, 'rudder': 0, 'datum': (42.3, -71.1)}
2021-07-28 22:56:51,376 [INFO] Processing: $BFNVG,215649.58,4218.003916,N,07105.994918,W,0,10.0,1.0,46.5,0.0,0.0,215649.58*6E
2021-07-28 22:56:51,378 [INFO] Interpreted as: {'position': (7.160902097122744, 7.075027933344245), 'latlon': (42.300065266666664, -71.0999153), 'heading': 46.5, 'depth': 1.0, 'altitude': 10.0, 'roll': 0.0, 'pitch': 0.0, 'last_fix_time': datetime.datetime(2021, 7, 28, 21, 56, 49), 'speed': None, 'rudder': 0, 'datum': (42.3, -71.1)}
2021-07-28 22:56:51,379 [INFO] Processing: $BFNVG,215649.95,4218.004025,N,07105.994771,W,0,10.0,1.0,46.6,0.0,0.0,215649.95*62
2021-07-28 22:56:51,381 [INFO] Interpreted as: {'position': (7.367840280174278, 7.271770081482828), 'latlon': (42.30006708333333, -71.09991285), 'heading': 46.6, 'depth': 1.0, 'altitude': 10.0, 'roll': 0.0, 'pitch': 0.0, 'last_fix_time': datetime.datetime(2021, 7, 28, 21, 56, 49), 'speed': None, 'rudder': 0, 'datum': (42.3, -71.1)}
2021-07-28 22:56:51,382 [INFO] Processing: $BFNVG,215650.31,4218.004129,N,07105.994630,W,0,10.0,1.0,46.6,0.0,0.0,215650.31*6B
2021-07-28 22:56:51,384 [INFO] Interpreted as: {'position': (7.566306830907706, 7.459462170489132), 'latlon': (42.300068816666666, -71.0999105), 'heading': 46.6, 'depth': 1.0, 'altitude': 10.0, 'roll': 0.0, 'pitch': 0.0, 'last_fix_time': datetime.datetime(2021, 7, 28, 21, 56, 50), 'speed': None, 'rudder': 0, 'datum': (42.3, -71.1)}
2021-07-28 22:56:51,385 [INFO] Received from Frontseat: [b'$BFNVG,215648.88,4218.003708,N,07105.995199,W,0,10.0,1.0,46.5,0.0,0.0,215648.88*6F', b'$BFNVG,215649.23,4218.003812,N,07105.995059,W,0,10.0,1.0,46.5,0.0,0.0,215649.23*66', b'$BFNVG,215649.58,4218.003916,N,07105.994918,W,0,10.0,1.0,46.5,0.0,0.0,215649.58*6E', b'$BFNVG,215649.95,4218.004025,N,07105.994771,W,0,10.0,1.0,46.6,0.0,0.0,215649.95*62', b'$BFNVG,215650.31,4218.004129,N,07105.994630,W,0,10.0,1.0,46.6,0.0,0.0,215650.31*6B']
2021-07-28 22:56:51,386 [INFO] AUV state: {'position': (7.566306830907706, 7.459462170489132), 'latlon': (42.300068816666666, -71.0999105), 'heading': 46.6, 'depth': 1.0, 'altitude': 10.0, 'roll': 0.0, 'pitch': 0.0, 'last_fix_time': datetime.datetime(2021, 7, 28, 21, 56, 50), 'speed': None, 'rudder': 0, 'datum': (42.3, -71.1)}
2021-07-28 22:56:51,904 [INFO] **** [] [(-1.2524287552831759, 11.968969515205313), (-15.028085968799653, -2.1428964314960504), (29.20595961543767, 10.906569643892619), (28.996668093561823, -16.501102109366457), (10.104269471119014, -22.667576241659088), (21.82271007900306, -13.370386112581496), (-9.788222116939314, -19.585846270949517), (-13.087707272933608, -6.559567238369482), (7.411046613034425, 24.228649547701856)]
2021-07-28 22:56:51,906 [INFO] Next green buoy: [], next red buoy: [(-1.2524287552831759, 11.968969515205313), (-15.028085968799653, -2.1428964314960504), (29.20595961543767, 10.906569643892619), (28.996668093561823, -16.501102109366457), (10.104269471119014, -22.667576241659088), (21.82271007900306, -13.370386112581496), (-9.788222116939314, -19.585846270949517), (-13.087707272933608, -6.559567238369482), (7.411046613034425, 24.228649547701856)]
2021-07-28 22:56:51,906 [INFO] Desired_heading: 45.347571244716825
2021-07-28 22:56:51,907 [INFO] delta angle: -0.9344117401784615
2021-07-28 22:56:51,907 [INFO] sending message $BPRMB,215650.08,0.9344117401784615,1,0,750,0,1*6d
...
2021-07-28 22:56:52,909 [INFO] sending message $BPSTS,215652.90,1,BWSI Autonomy OK*4a
...
2021-07-28 22:56:52,910 [INFO] Processing: $BFNVG,215650.66,4218.004233,N,07105.994490,W,0,10.0,1.0,46.6,0.0,0.0,215650.66*6B
2021-07-28 22:56:52,912 [INFO] Interpreted as: {'position': (7.763399492832832, 7.647188168950379), 'latlon': (42.30007055, -71.09990816666667), 'heading': 46.6, 'depth': 1.0, 'altitude': 10.0, 'roll': 0.0, 'pitch': 0.0, 'last_fix_time': datetime.datetime(2021, 7, 28, 21, 56, 50), 'speed': None, 'rudder': 0, 'datum': (42.3, -71.1)}
2021-07-28 22:56:52,913 [INFO] Processing: $BFNVG,215651.02,4218.004338,N,07105.994346,W,0,10.0,1.0,46.6,0.0,0.0,215651.02*6D
2021-07-28 22:56:52,915 [INFO] Interpreted as: {'position': (7.966033327335026, 7.836629255674779), 'latlon': (42.3000723, -71.09990576666667), 'heading': 46.6, 'depth': 1.0, 'altitude': 10.0, 'roll': 0.0, 'pitch': 0.0, 'last_fix_time': datetime.datetime(2021, 7, 28, 21, 56, 51), 'speed': None, 'rudder': 0, 'datum': (42.3, -71.1)}
2021-07-28 22:56:52,916 [INFO] Processing: $BFNVG,215651.37,4218.004442,N,07105.994205,W,0,10.0,1.0,46.6,0.0,0.0,215651.37*61
2021-07-28 22:56:52,918 [INFO] Interpreted as: {'position': (8.164499846403487, 8.024321362376213), 'latlon': (42.30007403333333, -71.09990341666666), 'heading': 46.6, 'depth': 1.0, 'altitude': 10.0, 'roll': 0.0, 'pitch': 0.0, 'last_fix_time': datetime.datetime(2021, 7, 28, 21, 56, 51), 'speed': None, 'rudder': 0, 'datum': (42.3, -71.1)}
2021-07-28 22:56:52,918 [INFO] Processing: $BFNVG,215651.73,4218.004546,N,07105.994064,W,0,10.0,1.0,46.7,0.0,0.0,215651.73*60
2021-07-28 22:56:52,920 [INFO] Interpreted as: {'position': (8.362966354994569, 8.212013472802937), 'latlon': (42.300075766666666, -71.09990106666666), 'heading': 46.7, 'depth': 1.0, 'altitude': 10.0, 'roll': 0.0, 'pitch': 0.0, 'last_fix_time': datetime.datetime(2021, 7, 28, 21, 56, 51), 'speed': None, 'rudder': 0, 'datum': (42.3, -71.1)}
2021-07-28 22:56:52,921 [INFO] Received from Frontseat: [b'$BFNVG,215650.66,4218.004233,N,07105.994490,W,0,10.0,1.0,46.6,0.0,0.0,215650.66*6B', b'$BFNVG,215651.02,4218.004338,N,07105.994346,W,0,10.0,1.0,46.6,0.0,0.0,215651.02*6D', b'$BFNVG,215651.37,4218.004442,N,07105.994205,W,0,10.0,1.0,46.6,0.0,0.0,215651.37*61', b'$BFNVG,215651.73,4218.004546,N,07105.994064,W,0,10.0,1.0,46.7,0.0,0.0,215651.73*60']
2021-07-28 22:56:52,922 [INFO] AUV state: {'position': (8.362966354994569, 8.212013472802937), 'latlon': (42.300075766666666, -71.09990106666666), 'heading': 46.7, 'depth': 1.0, 'altitude': 10.0, 'roll': 0.0, 'pitch': 0.0, 'last_fix_time': datetime.datetime(2021, 7, 28, 21, 56, 51), 'speed': None, 'rudder': 0, 'datum': (42.3, -71.1)}
2021-07-28 22:56:53,438 [INFO] **** [] [(0.5637098639098098, 10.111580044225631), (-15.281534961111554, -2.0196671350318383), (29.206947648771298, 10.796051192230452), (29.027966645072492, -16.383488887676084), (8.20453417982634, -22.12540953154996), (-2.6402952074649852, -21.786490272348527), (-9.881460681838142, -19.707983112031688), (-13.148171857762808, -6.524541373982216), (7.382353118690241, 24.235581549058757), (22.685408870099007, -9.871374582255466)]
2021-07-28 22:56:53,439 [INFO] Next green buoy: [], next red buoy: [(0.5637098639098098, 10.111580044225631), (-15.281534961111554, -2.0196671350318383), (29.206947648771298, 10.796051192230452), (29.027966645072492, -16.383488887676084), (8.20453417982634, -22.12540953154996), (-2.6402952074649852, -21.786490272348527), (-9.881460681838142, -19.707983112031688), (-13.148171857762808, -6.524541373982216), (7.382353118690241, 24.235581549058757), (22.685408870099007, -9.871374582255466)]
2021-07-28 22:56:53,439 [INFO] Desired_heading: 47.26370986390981
2021-07-28 22:56:53,440 [INFO] delta angle: 0.28215788568114636
2021-07-28 22:56:53,440 [INFO] sending message $BPRMB,215655.72,-0.28215788568114636,1,0,750,0,1*7e
...
2021-07-28 22:56:54,442 [INFO] sending message $BPSTS,215654.44,1,BWSI Autonomy OK*45
...
2021-07-28 22:56:54,443 [INFO] Processing: $BFNVG,215652.08,4218.004650,N,07105.993923,W,0,10.0,1.0,46.7,0.0,0.0,215652.08*69
2021-07-28 22:56:54,445 [INFO] Interpreted as: {'position': (8.561432853108272, 8.399705589748919), 'latlon': (42.3000775, -71.09989871666667), 'heading': 46.7, 'depth': 1.0, 'altitude': 10.0, 'roll': 0.0, 'pitch': 0.0, 'last_fix_time': datetime.datetime(2021, 7, 28, 21, 56, 52), 'speed': None, 'rudder': 0, 'datum': (42.3, -71.1)}
2021-07-28 22:56:54,446 [INFO] Processing: $BFNVG,215652.44,4218.004754,N,07105.993782,W,0,10.0,1.0,46.6,0.0,0.0,215652.44*68
2021-07-28 22:56:54,449 [INFO] Interpreted as: {'position': (8.759899340569973, 8.587397711351514), 'latlon': (42.300079233333335, -71.09989636666667), 'heading': 46.6, 'depth': 1.0, 'altitude': 10.0, 'roll': 0.0, 'pitch': 0.0, 'last_fix_time': datetime.datetime(2021, 7, 28, 21, 56, 52), 'speed': None, 'rudder': 0, 'datum': (42.3, -71.1)}
2021-07-28 22:56:54,450 [INFO] Processing: $BFNVG,215652.80,4218.004860,N,07105.993638,W,0,10.0,1.0,46.6,0.0,0.0,215652.80*60
2021-07-28 22:56:54,452 [INFO] Interpreted as: {'position': (8.962578791426495, 8.778689523227513), 'latlon': (42.300081, -71.09989396666667), 'heading': 46.6, 'depth': 1.0, 'altitude': 10.0, 'roll': 0.0, 'pitch': 0.0, 'last_fix_time': datetime.datetime(2021, 7, 28, 21, 56, 52), 'speed': None, 'rudder': 0, 'datum': (42.3, -71.1)}
2021-07-28 22:56:54,453 [INFO] Processing: $BFNVG,215653.16,4218.004966,N,07105.993495,W,0,10.0,1.0,46.5,0.0,0.0,215653.16*61
2021-07-28 22:56:54,456 [INFO] Interpreted as: {'position': (9.16388435330009, 8.970015243627131), 'latlon': (42.30008276666667, -71.09989158333333), 'heading': 46.5, 'depth': 1.0, 'altitude': 10.0, 'roll': 0.0, 'pitch': 0.0, 'last_fix_time': datetime.datetime(2021, 7, 28, 21, 56, 53), 'speed': None, 'rudder': 0, 'datum': (42.3, -71.1)}
2021-07-28 22:56:54,457 [INFO] Received from Frontseat: [b'$BFNVG,215652.08,4218.004650,N,07105.993923,W,0,10.0,1.0,46.7,0.0,0.0,215652.08*69', b'$BFNVG,215652.44,4218.004754,N,07105.993782,W,0,10.0,1.0,46.6,0.0,0.0,215652.44*68', b'$BFNVG,215652.80,4218.004860,N,07105.993638,W,0,10.0,1.0,46.6,0.0,0.0,215652.80*60', b'$BFNVG,215653.16,4218.004966,N,07105.993495,W,0,10.0,1.0,46.5,0.0,0.0,215653.16*61']
2021-07-28 22:56:54,458 [INFO] AUV state: {'position': (9.16388435330009, 8.970015243627131), 'latlon': (42.30008276666667, -71.09989158333333), 'heading': 46.5, 'depth': 1.0, 'altitude': 10.0, 'roll': 0.0, 'pitch': 0.0, 'last_fix_time': datetime.datetime(2021, 7, 28, 21, 56, 53), 'speed': None, 'rudder': 0, 'datum': (42.3, -71.1)}
2021-07-28 22:56:54,967 [INFO] **** [] [(-1.1178155854849736, 11.86840728130018), (-14.285115546980807, -2.718701174571242), (29.191511724071667, 10.793609414332447), (29.007386099234466, -16.420790906082182), (12.381813189954366, -23.892476563686245), (21.775789959264063, -13.362251325515576), (13.394993798430303, -22.105920206816123), (8.237394371053766, -22.007955649737905), (5.080127291440143, -22.806109116183368), (-13.187690290953539, -6.523992795396782), (7.435638062360447, 24.25360121897525)]
2021-07-28 22:56:54,968 [INFO] Next green buoy: [], next red buoy: [(-1.1178155854849736, 11.86840728130018), (-14.285115546980807, -2.718701174571242), (29.191511724071667, 10.793609414332447), (29.007386099234466, -16.420790906082182), (12.381813189954366, -23.892476563686245), (21.775789959264063, -13.362251325515576), (13.394993798430303, -22.105920206816123), (8.237394371053766, -22.007955649737905), (5.080127291440143, -22.806109116183368), (-13.187690290953539, -6.523992795396782), (7.435638062360447, 24.25360121897525)]
2021-07-28 22:56:54,969 [INFO] Desired_heading: 45.382184414515024
2021-07-28 22:56:54,969 [INFO] delta angle: -0.7878870854448223
2021-07-28 22:56:54,970 [INFO] sending message $BPRMB,215653.15,0.7878870854448223,1,0,750,0,1*6e
...
2021-07-28 22:56:55,971 [INFO] sending message $BPSTS,215655.97,1,BWSI Autonomy OK*4a
...
2021-07-28 22:56:55,973 [INFO] Processing: $BFNVG,215653.51,4218.005070,N,07105.993354,W,0,10.0,1.0,46.4,0.0,0.0,215653.51*65
2021-07-28 22:56:55,975 [INFO] Interpreted as: {'position': (9.362350808922201, 9.157707380130887), 'latlon': (42.3000845, -71.09988923333333), 'heading': 46.4, 'depth': 1.0, 'altitude': 10.0, 'roll': 0.0, 'pitch': 0.0, 'last_fix_time': datetime.datetime(2021, 7, 28, 21, 56, 53), 'speed': None, 'rudder': 0, 'datum': (42.3, -71.1)}
2021-07-28 22:56:55,976 [INFO] Processing: $BFNVG,215653.87,4218.005175,N,07105.993213,W,0,10.0,1.0,46.4,0.0,0.0,215653.87*63
2021-07-28 22:56:55,978 [INFO] Interpreted as: {'position': (9.560862923739478, 9.347250222228467), 'latlon': (42.30008625, -71.09988688333334), 'heading': 46.4, 'depth': 1.0, 'altitude': 10.0, 'roll': 0.0, 'pitch': 0.0, 'last_fix_time': datetime.datetime(2021, 7, 28, 21, 56, 53), 'speed': None, 'rudder': 0, 'datum': (42.3, -71.1)}
2021-07-28 22:56:55,979 [INFO] Processing: $BFNVG,215654.22,4218.005279,N,07105.993072,W,0,10.0,1.0,46.5,0.0,0.0,215654.22*68
2021-07-28 22:56:55,982 [INFO] Interpreted as: {'position': (9.759329358290415, 9.534942369908094), 'latlon': (42.300087983333334, -71.09988453333334), 'heading': 46.5, 'depth': 1.0, 'altitude': 10.0, 'roll': 0.0, 'pitch': 0.0, 'last_fix_time': datetime.datetime(2021, 7, 28, 21, 56, 54), 'speed': None, 'rudder': 0, 'datum': (42.3, -71.1)}
2021-07-28 22:56:55,982 [INFO] Processing: $BFNVG,215654.57,4218.005383,N,07105.992933,W,0,10.0,1.0,46.5,0.0,0.0,215654.57*61
2021-07-28 22:56:55,984 [INFO] Interpreted as: {'position': (9.955048026633449, 9.722702329978347), 'latlon': (42.30008971666667, -71.09988221666667), 'heading': 46.5, 'depth': 1.0, 'altitude': 10.0, 'roll': 0.0, 'pitch': 0.0, 'last_fix_time': datetime.datetime(2021, 7, 28, 21, 56, 54), 'speed': None, 'rudder': 0, 'datum': (42.3, -71.1)}
2021-07-28 22:56:55,985 [INFO] Processing: $BFNVG,215654.92,4218.005486,N,07105.992793,W,0,10.0,1.0,46.5,0.0,0.0,215654.92*67
2021-07-28 22:56:55,986 [INFO] Interpreted as: {'position': (10.152094892924652, 9.90857769548893), 'latlon': (42.300091433333336, -71.09987988333333), 'heading': 46.5, 'depth': 1.0, 'altitude': 10.0, 'roll': 0.0, 'pitch': 0.0, 'last_fix_time': datetime.datetime(2021, 7, 28, 21, 56, 54), 'speed': None, 'rudder': 0, 'datum': (42.3, -71.1)}
2021-07-28 22:56:55,987 [INFO] Received from Frontseat: [b'$BFNVG,215653.51,4218.005070,N,07105.993354,W,0,10.0,1.0,46.4,0.0,0.0,215653.51*65', b'$BFNVG,215653.87,4218.005175,N,07105.993213,W,0,10.0,1.0,46.4,0.0,0.0,215653.87*63', b'$BFNVG,215654.22,4218.005279,N,07105.993072,W,0,10.0,1.0,46.5,0.0,0.0,215654.22*68', b'$BFNVG,215654.57,4218.005383,N,07105.992933,W,0,10.0,1.0,46.5,0.0,0.0,215654.57*61', b'$BFNVG,215654.92,4218.005486,N,07105.992793,W,0,10.0,1.0,46.5,0.0,0.0,215654.92*67']
2021-07-28 22:56:55,988 [INFO] AUV state: {'position': (10.152094892924652, 9.90857769548893), 'latlon': (42.300091433333336, -71.09987988333333), 'heading': 46.5, 'depth': 1.0, 'altitude': 10.0, 'roll': 0.0, 'pitch': 0.0, 'last_fix_time': datetime.datetime(2021, 7, 28, 21, 56, 54), 'speed': None, 'rudder': 0, 'datum': (42.3, -71.1)}
2021-07-28 22:56:56,490 [INFO] **** [] [(3.7412753571729263, 10.410713273597842), (-14.44748266351882, -2.1647047936212864), (29.29300230599591, 10.85475478419061), (28.970217516653662, -16.6479819372703), (-28.098223269764155, 19.678305130365217), (7.0090037926633215, -22.470275953354168), (12.69339880986575, -23.954468038865446), (-19.122502848137902, -5.214880235562705), (14.053025712805114, -22.015120952891515), (23.0492521555381, -13.472381677926574), (-13.15607656446321, -6.51987841772057), (12.035484385720808, -21.954623056835583), (19.044118287821995, -13.138829274769808), (7.435638062360447, 24.25360121897525)]
2021-07-28 22:56:56,492 [INFO] Next green buoy: [], next red buoy: [(3.7412753571729263, 10.410713273597842), (-14.44748266351882, -2.1647047936212864), (29.29300230599591, 10.85475478419061), (28.970217516653662, -16.6479819372703), (-28.098223269764155, 19.678305130365217), (7.0090037926633215, -22.470275953354168), (12.69339880986575, -23.954468038865446), (-19.122502848137902, -5.214880235562705), (14.053025712805114, -22.015120952891515), (23.0492521555381, -13.472381677926574), (-13.15607656446321, -6.51987841772057), (12.035484385720808, -21.954623056835583), (19.044118287821995, -13.138829274769808), (7.435638062360447, 24.25360121897525)]
2021-07-28 22:56:56,492 [INFO] Desired_heading: 50.241275357172924
2021-07-28 22:56:56,492 [INFO] delta angle: 4.824343815358999
2021-07-28 22:56:56,493 [INFO] sending message $BPRMB,215658.78,-4.824343815358999,1,0,750,0,1*7b
...
2021-07-28 22:56:57,494 [INFO] sending message $BPSTS,215657.49,1,BWSI Autonomy OK*4b
...
2021-07-28 22:56:57,496 [INFO] Processing: $BFNVG,215655.28,4218.005590,N,07105.992653,W,0,10.0,1.0,46.5,0.0,0.0,215655.28*6C
2021-07-28 22:56:57,498 [INFO] Interpreted as: {'position': (10.349187418294605, 10.09630376379937), 'latlon': (42.30009316666667, -71.09987755), 'heading': 46.5, 'depth': 1.0, 'altitude': 10.0, 'roll': 0.0, 'pitch': 0.0, 'last_fix_time': datetime.datetime(2021, 7, 28, 21, 56, 55), 'speed': None, 'rudder': 0, 'datum': (42.3, -71.1)}
2021-07-28 22:56:57,499 [INFO] Processing: $BFNVG,215655.63,4218.005695,N,07105.992511,W,0,10.0,1.0,46.5,0.0,0.0,215655.63*6F
2021-07-28 22:56:57,502 [INFO] Interpreted as: {'position': (10.549073358182795, 10.28581272624433), 'latlon': (42.300094916666666, -71.09987518333334), 'heading': 46.5, 'depth': 1.0, 'altitude': 10.0, 'roll': 0.0, 'pitch': 0.0, 'last_fix_time': datetime.datetime(2021, 7, 28, 21, 56, 55), 'speed': None, 'rudder': 0, 'datum': (42.3, -71.1)}
2021-07-28 22:56:57,503 [INFO] Processing: $BFNVG,215655.99,4218.005800,N,07105.992369,W,0,10.0,1.0,46.4,0.0,0.0,215655.99*65
2021-07-28 22:56:57,505 [INFO] Interpreted as: {'position': (10.748959287418984, 10.475321696139872), 'latlon': (42.30009666666667, -71.09987281666666), 'heading': 46.4, 'depth': 1.0, 'altitude': 10.0, 'roll': 0.0, 'pitch': 0.0, 'last_fix_time': datetime.datetime(2021, 7, 28, 21, 56, 55), 'speed': None, 'rudder': 0, 'datum': (42.3, -71.1)}
2021-07-28 22:56:57,506 [INFO] Processing: $BFNVG,215656.34,4218.005904,N,07105.992229,W,0,10.0,1.0,46.4,0.0,0.0,215656.34*65
2021-07-28 22:56:57,508 [INFO] Interpreted as: {'position': (10.946051781298593, 10.663047781214118), 'latlon': (42.3000984, -71.09987048333333), 'heading': 46.4, 'depth': 1.0, 'altitude': 10.0, 'roll': 0.0, 'pitch': 0.0, 'last_fix_time': datetime.datetime(2021, 7, 28, 21, 56, 56), 'speed': None, 'rudder': 0, 'datum': (42.3, -71.1)}
2021-07-28 22:56:57,510 [INFO] Received from Frontseat: [b'$BFNVG,215655.28,4218.005590,N,07105.992653,W,0,10.0,1.0,46.5,0.0,0.0,215655.28*6C', b'$BFNVG,215655.63,4218.005695,N,07105.992511,W,0,10.0,1.0,46.5,0.0,0.0,215655.63*6F', b'$BFNVG,215655.99,4218.005800,N,07105.992369,W,0,10.0,1.0,46.4,0.0,0.0,215655.99*65', b'$BFNVG,215656.34,4218.005904,N,07105.992229,W,0,10.0,1.0,46.4,0.0,0.0,215656.34*65']
2021-07-28 22:56:57,511 [INFO] AUV state: {'position': (10.946051781298593, 10.663047781214118), 'latlon': (42.3000984, -71.09987048333333), 'heading': 46.4, 'depth': 1.0, 'altitude': 10.0, 'roll': 0.0, 'pitch': 0.0, 'last_fix_time': datetime.datetime(2021, 7, 28, 21, 56, 56), 'speed': None, 'rudder': 0, 'datum': (42.3, -71.1)}
2021-07-28 22:56:58,050 [INFO] **** [] [(5.26159224116431, 8.59080672381753), (-14.811050794377659, -2.328623968543758), (29.240321139896327, 10.885528356416247), (29.025996246476502, -16.375386382407882), (-28.108416742505256, 19.699561061731686), (6.559647900279024, -22.29400150490309), (12.587113169295801, -23.842086689293055), (12.863616058819334, -22.046041351411098), (-9.756756334782741, -19.635091838424096), (-13.141320699795173, -6.54236952343418), (8.840441706514166, -23.728963874058483), (7.4162632108337405, 24.22738910270901)]
2021-07-28 22:56:58,051 [INFO] Next green buoy: [], next red buoy: [(5.26159224116431, 8.59080672381753), (-14.811050794377659, -2.328623968543758), (29.240321139896327, 10.885528356416247), (29.025996246476502, -16.375386382407882), (-28.108416742505256, 19.699561061731686), (6.559647900279024, -22.29400150490309), (12.587113169295801, -23.842086689293055), (12.863616058819334, -22.046041351411098), (-9.756756334782741, -19.635091838424096), (-13.141320699795173, -6.54236952343418), (8.840441706514166, -23.728963874058483), (7.4162632108337405, 24.22738910270901)]
2021-07-28 22:56:58,051 [INFO] Desired_heading: 51.66159224116431
2021-07-28 22:56:58,052 [INFO] delta angle: 8.046083284152312
2021-07-28 22:56:58,052 [INFO] sending message $BPRMB,215656.20,-8.046083284152312,1,0,750,0,1*74
...
2021-07-28 22:56:59,054 [INFO] sending message $BPSTS,215659.05,1,BWSI Autonomy OK*4d
...
2021-07-28 22:56:59,055 [INFO] Processing: $BFNVG,215656.70,4218.006008,N,07105.992089,W,0,10.0,1.0,46.3,0.0,0.0,215656.70*6C
2021-07-28 22:56:59,057 [INFO] Interpreted as: {'position': (11.143144264700823, 10.850773869082332), 'latlon': (42.30010013333333, -71.09986815), 'heading': 46.3, 'depth': 1.0, 'altitude': 10.0, 'roll': 0.0, 'pitch': 0.0, 'last_fix_time': datetime.datetime(2021, 7, 28, 21, 56, 56), 'speed': None, 'rudder': 0, 'datum': (42.3, -71.1)}
2021-07-28 22:56:59,058 [INFO] Processing: $BFNVG,215657.05,4218.006112,N,07105.991949,W,0,10.0,1.0,46.6,0.0,0.0,215657.05*65
2021-07-28 22:56:59,060 [INFO] Interpreted as: {'position': (11.340236737625673, 11.038499964401126), 'latlon': (42.300101866666665, -71.09986581666666), 'heading': 46.6, 'depth': 1.0, 'altitude': 10.0, 'roll': 0.0, 'pitch': 0.0, 'last_fix_time': datetime.datetime(2021, 7, 28, 21, 56, 57), 'speed': None, 'rudder': 0, 'datum': (42.3, -71.1)}
2021-07-28 22:56:59,061 [INFO] Processing: $BFNVG,215657.40,4218.006215,N,07105.991808,W,0,10.0,1.0,47.0,0.0,0.0,215657.40*62
2021-07-28 22:56:59,063 [INFO] Interpreted as: {'position': (11.538657408556901, 11.224341463297606), 'latlon': (42.30010358333333, -71.09986346666666), 'heading': 47.0, 'depth': 1.0, 'altitude': 10.0, 'roll': 0.0, 'pitch': 0.0, 'last_fix_time': datetime.datetime(2021, 7, 28, 21, 56, 57), 'speed': None, 'rudder': 0, 'datum': (42.3, -71.1)}
2021-07-28 22:56:59,064 [INFO] Processing: $BFNVG,215657.75,4218.006317,N,07105.991667,W,0,10.0,1.0,47.3,0.0,0.0,215657.75*65
2021-07-28 22:56:59,066 [INFO] Interpreted as: {'position': (11.737032399862073, 11.4083322705701), 'latlon': (42.30010528333333, -71.09986111666667), 'heading': 47.3, 'depth': 1.0, 'altitude': 10.0, 'roll': 0.0, 'pitch': 0.0, 'last_fix_time': datetime.datetime(2021, 7, 28, 21, 56, 57), 'speed': None, 'rudder': 0, 'datum': (42.3, -71.1)}
2021-07-28 22:56:59,067 [INFO] Received from Frontseat: [b'$BFNVG,215656.70,4218.006008,N,07105.992089,W,0,10.0,1.0,46.3,0.0,0.0,215656.70*6C', b'$BFNVG,215657.05,4218.006112,N,07105.991949,W,0,10.0,1.0,46.6,0.0,0.0,215657.05*65', b'$BFNVG,215657.40,4218.006215,N,07105.991808,W,0,10.0,1.0,47.0,0.0,0.0,215657.40*62', b'$BFNVG,215657.75,4218.006317,N,07105.991667,W,0,10.0,1.0,47.3,0.0,0.0,215657.75*65']
2021-07-28 22:56:59,068 [INFO] AUV state: {'position': (11.737032399862073, 11.4083322705701), 'latlon': (42.30010528333333, -71.09986111666667), 'heading': 47.3, 'depth': 1.0, 'altitude': 10.0, 'roll': 0.0, 'pitch': 0.0, 'last_fix_time': datetime.datetime(2021, 7, 28, 21, 56, 57), 'speed': None, 'rudder': 0, 'datum': (42.3, -71.1)}
2021-07-28 22:56:59,593 [INFO] **** [] [(-1.0174999122625767, 11.751696457256493), (-15.050465172970332, -2.2453509338497573), (29.22836193418324, 10.861114395016214), (29.039402196749155, -16.346801646537376), (9.776651668214623, -22.449652635365666), (21.775154191142327, -13.355970523653513), (-9.79840629612937, -19.593603478966727), (-1.7250934487084135, -21.31130459977323), (4.570529103713252, -20.604743291929026), (-13.139884118152281, -6.491872313073923), (1.5770156014291816, -20.68685992455949), (2.832034716502133, -24.27715769936293), (7.4162632108337405, 24.22738910270901), (12.736430908936052, -19.9876084206901)]
2021-07-28 22:56:59,595 [INFO] Next green buoy: [], next red buoy: [(-1.0174999122625767, 11.751696457256493), (-15.050465172970332, -2.2453509338497573), (29.22836193418324, 10.861114395016214), (29.039402196749155, -16.346801646537376), (9.776651668214623, -22.449652635365666), (21.775154191142327, -13.355970523653513), (-9.79840629612937, -19.593603478966727), (-1.7250934487084135, -21.31130459977323), (4.570529103713252, -20.604743291929026), (-13.139884118152281, -6.491872313073923), (1.5770156014291816, -20.68685992455949), (2.832034716502133, -24.27715769936293), (7.4162632108337405, 24.22738910270901), (12.736430908936052, -19.9876084206901)]
2021-07-28 22:56:59,595 [INFO] Desired_heading: 46.28250008773742
2021-07-28 22:56:59,595 [INFO] delta angle: -0.6842429188103551
2021-07-28 22:56:59,596 [INFO] sending message $BPRMB,215701.90,0.6842429188103551,1,0,750,0,1*6d
...
2021-07-28 22:57:00,598 [INFO] sending message $BPSTS,215700.59,1,BWSI Autonomy OK*49
...
2021-07-28 22:57:00,599 [INFO] Processing: $BFNVG,215658.12,4218.006423,N,07105.991519,W,0,10.0,1.0,47.6,0.0,0.0,215658.12*6A
2021-07-28 22:57:00,601 [INFO] Interpreted as: {'position': (11.94520719954744, 11.599488553591073), 'latlon': (42.30010705, -71.09985865), 'heading': 47.6, 'depth': 1.0, 'altitude': 10.0, 'roll': 0.0, 'pitch': 0.0, 'last_fix_time': datetime.datetime(2021, 7, 28, 21, 56, 58), 'speed': None, 'rudder': 0, 'datum': (42.3, -71.1)}
2021-07-28 22:57:00,602 [INFO] Processing: $BFNVG,215658.47,4218.006525,N,07105.991375,W,0,10.0,1.0,48.1,0.0,0.0,215658.47*69
2021-07-28 22:57:00,604 [INFO] Interpreted as: {'position': (12.147703802096657, 11.783377663232386), 'latlon': (42.30010875, -71.09985625), 'heading': 48.1, 'depth': 1.0, 'altitude': 10.0, 'roll': 0.0, 'pitch': 0.0, 'last_fix_time': datetime.datetime(2021, 7, 28, 21, 56, 58), 'speed': None, 'rudder': 0, 'datum': (42.3, -71.1)}
2021-07-28 22:57:00,605 [INFO] Processing: $BFNVG,215658.83,4218.006626,N,07105.991229,W,0,10.0,1.0,48.7,0.0,0.0,215658.83*67
2021-07-28 22:57:00,606 [INFO] Interpreted as: {'position': (12.352902479819022, 11.965348276309669), 'latlon': (42.30011043333333, -71.09985381666667), 'heading': 48.7, 'depth': 1.0, 'altitude': 10.0, 'roll': 0.0, 'pitch': 0.0, 'last_fix_time': datetime.datetime(2021, 7, 28, 21, 56, 58), 'speed': None, 'rudder': 0, 'datum': (42.3, -71.1)}
2021-07-28 22:57:00,608 [INFO] Processing: $BFNVG,215659.18,4218.006727,N,07105.991081,W,0,10.0,1.0,49.2,0.0,0.0,215659.18*63
2021-07-28 22:57:00,610 [INFO] Interpreted as: {'position': (12.560848901746795, 12.147251091897488), 'latlon': (42.30011211666667, -71.09985135), 'heading': 49.2, 'depth': 1.0, 'altitude': 10.0, 'roll': 0.0, 'pitch': 0.0, 'last_fix_time': datetime.datetime(2021, 7, 28, 21, 56, 59), 'speed': None, 'rudder': 0, 'datum': (42.3, -71.1)}
2021-07-28 22:57:00,610 [INFO] Processing: $BFNVG,215659.55,4218.006829,N,07105.990927,W,0,10.0,1.0,49.8,0.0,0.0,215659.55*6C
2021-07-28 22:57:00,612 [INFO] Interpreted as: {'position': (12.777084245695733, 12.330801190808415), 'latlon': (42.300113816666666, -71.09984878333333), 'heading': 49.8, 'depth': 1.0, 'altitude': 10.0, 'roll': 0.0, 'pitch': 0.0, 'last_fix_time': datetime.datetime(2021, 7, 28, 21, 56, 59), 'speed': None, 'rudder': 0, 'datum': (42.3, -71.1)}
2021-07-28 22:57:00,613 [INFO] Received from Frontseat: [b'$BFNVG,215658.12,4218.006423,N,07105.991519,W,0,10.0,1.0,47.6,0.0,0.0,215658.12*6A', b'$BFNVG,215658.47,4218.006525,N,07105.991375,W,0,10.0,1.0,48.1,0.0,0.0,215658.47*69', b'$BFNVG,215658.83,4218.006626,N,07105.991229,W,0,10.0,1.0,48.7,0.0,0.0,215658.83*67', b'$BFNVG,215659.18,4218.006727,N,07105.991081,W,0,10.0,1.0,49.2,0.0,0.0,215659.18*63', b'$BFNVG,215659.55,4218.006829,N,07105.990927,W,0,10.0,1.0,49.8,0.0,0.0,215659.55*6C']
2021-07-28 22:57:00,614 [INFO] AUV state: {'position': (12.777084245695733, 12.330801190808415), 'latlon': (42.300113816666666, -71.09984878333333), 'heading': 49.8, 'depth': 1.0, 'altitude': 10.0, 'roll': 0.0, 'pitch': 0.0, 'last_fix_time': datetime.datetime(2021, 7, 28, 21, 56, 59), 'speed': None, 'rudder': 0, 'datum': (42.3, -71.1)}
2021-07-28 22:57:01,124 [INFO] **** [] [(3.697378481657794, 10.484046980712913), (-15.09615549379409, -2.1049057339754316), (29.242168408555127, 10.83639914471477), (29.05130018214199, -16.344189223309012), (-28.083779397653004, 19.695963309492832), (10.264800503137122, -22.782397386125563), (21.75415325819145, -13.369688442632102), (-13.093663437963192, -6.481100213429766), (-9.875420179969444, -18.96959744046401), (11.15314164184838, -20.284870423946654), (7.411046613034425, 24.228649547701856), (2.88747173638523, -24.325628832613898), (-9.660867363905325, -20.53125571475191)]
2021-07-28 22:57:01,126 [INFO] Next green buoy: [], next red buoy: [(3.697378481657794, 10.484046980712913), (-15.09615549379409, -2.1049057339754316), (29.242168408555127, 10.83639914471477), (29.05130018214199, -16.344189223309012), (-28.083779397653004, 19.695963309492832), (10.264800503137122, -22.782397386125563), (21.75415325819145, -13.369688442632102), (-13.093663437963192, -6.481100213429766), (-9.875420179969444, -18.96959744046401), (11.15314164184838, -20.284870423946654), (7.411046613034425, 24.228649547701856), (2.88747173638523, -24.325628832613898), (-9.660867363905325, -20.53125571475191)]
2021-07-28 22:57:01,126 [INFO] Desired_heading: 53.49737848165779
2021-07-28 22:57:01,127 [INFO] delta angle: 4.739686370629648
2021-07-28 22:57:01,127 [INFO] sending message $BPRMB,215659.28,-4.739686370629648,1,0,750,0,1*78
...
2021-07-28 22:57:02,129 [INFO] sending message $BPSTS,215702.12,1,BWSI Autonomy OK*44
...
2021-07-28 22:57:02,130 [INFO] Processing: $BFNVG,215659.91,4218.006926,N,07105.990778,W,0,10.0,1.0,50.3,0.0,0.0,215659.91*65
2021-07-28 22:57:02,132 [INFO] Interpreted as: {'position': (12.986221847706474, 12.505267326720059), 'latlon': (42.30011543333333, -71.0998463), 'heading': 50.3, 'depth': 1.0, 'altitude': 10.0, 'roll': 0.0, 'pitch': 0.0, 'last_fix_time': datetime.datetime(2021, 7, 28, 21, 56, 59), 'speed': None, 'rudder': 0, 'datum': (42.3, -71.1)}
2021-07-28 22:57:02,133 [INFO] Processing: $BFNVG,215700.26,4218.007024,N,07105.990628,W,0,10.0,1.0,50.3,0.0,0.0,215700.26*6B
2021-07-28 22:57:02,135 [INFO] Interpreted as: {'position': (13.196778985438868, 12.681550262495875), 'latlon': (42.300117066666665, -71.0998438), 'heading': 50.3, 'depth': 1.0, 'altitude': 10.0, 'roll': 0.0, 'pitch': 0.0, 'last_fix_time': datetime.datetime(2021, 7, 28, 21, 57), 'speed': None, 'rudder': 0, 'datum': (42.3, -71.1)}
2021-07-28 22:57:02,136 [INFO] Processing: $BFNVG,215700.61,4218.007120,N,07105.990480,W,0,10.0,1.0,50.2,0.0,0.0,215700.61*6F
2021-07-28 22:57:02,138 [INFO] Interpreted as: {'position': (13.404497022856958, 12.854199615307152), 'latlon': (42.30011866666667, -71.09984133333333), 'heading': 50.2, 'depth': 1.0, 'altitude': 10.0, 'roll': 0.0, 'pitch': 0.0, 'last_fix_time': datetime.datetime(2021, 7, 28, 21, 57), 'speed': None, 'rudder': 0, 'datum': (42.3, -71.1)}
2021-07-28 22:57:02,139 [INFO] Processing: $BFNVG,215700.97,4218.007217,N,07105.990331,W,0,10.0,1.0,50.2,0.0,0.0,215700.97*65
2021-07-28 22:57:02,141 [INFO] Interpreted as: {'position': (13.61363459378481, 13.028665767982602), 'latlon': (42.300120283333335, -71.09983885), 'heading': 50.2, 'depth': 1.0, 'altitude': 10.0, 'roll': 0.0, 'pitch': 0.0, 'last_fix_time': datetime.datetime(2021, 7, 28, 21, 57), 'speed': None, 'rudder': 0, 'datum': (42.3, -71.1)}
2021-07-28 22:57:02,141 [INFO] Received from Frontseat: [b'$BFNVG,215659.91,4218.006926,N,07105.990778,W,0,10.0,1.0,50.3,0.0,0.0,215659.91*65', b'$BFNVG,215700.26,4218.007024,N,07105.990628,W,0,10.0,1.0,50.3,0.0,0.0,215700.26*6B', b'$BFNVG,215700.61,4218.007120,N,07105.990480,W,0,10.0,1.0,50.2,0.0,0.0,215700.61*6F', b'$BFNVG,215700.97,4218.007217,N,07105.990331,W,0,10.0,1.0,50.2,0.0,0.0,215700.97*65']
2021-07-28 22:57:02,142 [INFO] AUV state: {'position': (13.61363459378481, 13.028665767982602), 'latlon': (42.300120283333335, -71.09983885), 'heading': 50.2, 'depth': 1.0, 'altitude': 10.0, 'roll': 0.0, 'pitch': 0.0, 'last_fix_time': datetime.datetime(2021, 7, 28, 21, 57), 'speed': None, 'rudder': 0, 'datum': (42.3, -71.1)}
2021-07-28 22:57:02,655 [INFO] **** [] [(0.5571474512290309, 10.16259334411786), (-15.356113618226, -2.031966164932501), (29.2360185698747, 10.835115139221436), (29.039486438987975, -16.33978338466429), (10.092088650255494, -22.651412692285856), (-9.769913272191822, -19.55952160336394), (11.421978890168475, -20.28798625836063), (7.40284885259523, 24.228649547701856), (22.685408870099007, -9.871374582255466)]
2021-07-28 22:57:02,656 [INFO] Next green buoy: [], next red buoy: [(0.5571474512290309, 10.16259334411786), (-15.356113618226, -2.031966164932501), (29.2360185698747, 10.835115139221436), (29.039486438987975, -16.33978338466429), (10.092088650255494, -22.651412692285856), (-9.769913272191822, -19.55952160336394), (11.421978890168475, -20.28798625836063), (7.40284885259523, 24.228649547701856), (22.685408870099007, -9.871374582255466)]
2021-07-28 22:57:02,657 [INFO] Desired_heading: 50.75714745122903
2021-07-28 22:57:02,657 [INFO] delta angle: 0.27724515354780327
2021-07-28 22:57:02,658 [INFO] sending message $BPRMB,215704.97,-0.27724515354780327,1,0,750,0,1*79
...
