2021-07-28 16:40:28,860 [INFO] host = 192.168.1.213, port = 29500
2021-07-28 16:40:30,883 [INFO] sending message $BPLOG,ACK,ON*1e
...
2021-07-28 16:40:30,884 [INFO] sending message $BPLOG,ALL,ON*16
...
2021-07-28 16:40:30,885 [INFO] sending message $BPSTS,154030.88,1,BWSI Autonomy OK*47
...
2021-07-28 16:40:30,886 [INFO] Received from Frontseat: []
2021-07-28 16:40:30,886 [INFO] AUV state: {'position': (None, None), 'latlon': None, 'heading': None, 'depth': None, 'altitude': None, 'roll': None, 'pitch': None, 'last_fix_time': None, 'speed': None, 'rudder': 0}
2021-07-28 16:40:31,888 [INFO] sending message $BPSTS,154031.88,1,BWSI Autonomy OK*46
...
2021-07-28 16:40:31,889 [INFO] Processing: $BFNVG,154029.99,4218.000000,N,07106.000000,W,0,10.0,1.0,45.0,0.0,0.0,154029.99*62
2021-07-28 16:40:31,891 [INFO] Interpreted as: {'position': (0, 0), 'latlon': (42.3, -71.1), 'heading': 45.0, 'depth': 1.0, 'altitude': 10.0, 'roll': 0.0, 'pitch': 0.0, 'last_fix_time': datetime.datetime(2021, 7, 28, 15, 40, 29), 'speed': None, 'rudder': 0, 'datum': (42.3, -71.1)}
2021-07-28 16:40:31,892 [INFO] Processing: $BFNVG,154030.24,4218.000000,N,07106.000000,W,0,10.0,1.0,45.0,0.0,0.0,154030.24*62
2021-07-28 16:40:31,894 [INFO] Interpreted as: {'position': (0.0, 0.0), 'latlon': (42.3, -71.1), 'heading': 45.0, 'depth': 1.0, 'altitude': 10.0, 'roll': 0.0, 'pitch': 0.0, 'last_fix_time': datetime.datetime(2021, 7, 28, 15, 40, 30), 'speed': None, 'rudder': 0, 'datum': (42.3, -71.1)}
2021-07-28 16:40:31,894 [INFO] Processing: $BFNVG,154030.49,4218.000000,N,07106.000000,W,0,10.0,1.0,45.0,0.0,0.0,154030.49*62
2021-07-28 16:40:31,896 [INFO] Interpreted as: {'position': (0.0, 0.0), 'latlon': (42.3, -71.1), 'heading': 45.0, 'depth': 1.0, 'altitude': 10.0, 'roll': 0.0, 'pitch': 0.0, 'last_fix_time': datetime.datetime(2021, 7, 28, 15, 40, 30), 'speed': None, 'rudder': 0, 'datum': (42.3, -71.1)}
2021-07-28 16:40:31,897 [INFO] Processing: $BFNVG,154030.74,4218.000000,N,07106.000000,W,0,10.0,1.0,45.0,0.0,0.0,154030.74*62
2021-07-28 16:40:31,899 [INFO] Interpreted as: {'position': (0.0, 0.0), 'latlon': (42.3, -71.1), 'heading': 45.0, 'depth': 1.0, 'altitude': 10.0, 'roll': 0.0, 'pitch': 0.0, 'last_fix_time': datetime.datetime(2021, 7, 28, 15, 40, 30), 'speed': None, 'rudder': 0, 'datum': (42.3, -71.1)}
2021-07-28 16:40:31,900 [INFO] Processing: $BFNVG,154030.99,4218.000000,N,07106.000000,W,0,10.0,1.0,45.0,0.0,0.0,154030.99*62
2021-07-28 16:40:31,902 [INFO] Interpreted as: {'position': (0.0, 0.0), 'latlon': (42.3, -71.1), 'heading': 45.0, 'depth': 1.0, 'altitude': 10.0, 'roll': 0.0, 'pitch': 0.0, 'last_fix_time': datetime.datetime(2021, 7, 28, 15, 40, 30), 'speed': None, 'rudder': 0, 'datum': (42.3, -71.1)}
2021-07-28 16:40:31,903 [INFO] Received from Frontseat: [b'$BFNVG,154029.99,4218.000000,N,07106.000000,W,0,10.0,1.0,45.0,0.0,0.0,154029.99*62', b'$BFNVG,154030.24,4218.000000,N,07106.000000,W,0,10.0,1.0,45.0,0.0,0.0,154030.24*62', b'$BFNVG,154030.49,4218.000000,N,07106.000000,W,0,10.0,1.0,45.0,0.0,0.0,154030.49*62', b'$BFNVG,154030.74,4218.000000,N,07106.000000,W,0,10.0,1.0,45.0,0.0,0.0,154030.74*62', b'$BFNVG,154030.99,4218.000000,N,07106.000000,W,0,10.0,1.0,45.0,0.0,0.0,154030.99*62']
2021-07-28 16:40:31,904 [INFO] AUV state: {'position': (0.0, 0.0), 'latlon': (42.3, -71.1), 'heading': 45.0, 'depth': 1.0, 'altitude': 10.0, 'roll': 0.0, 'pitch': 0.0, 'last_fix_time': datetime.datetime(2021, 7, 28, 15, 40, 30), 'speed': None, 'rudder': 0, 'datum': (42.3, -71.1)}
2021-07-28 16:40:32,278 [INFO] **** [(-0.21993023293121178, -7.6862156757158235)] [(15.437560812208067, -7.329055330858309)]
2021-07-28 16:40:32,280 [INFO] Next green buoy: [(-0.21993023293121178, -7.6862156757158235)], next red buoy: [(15.437560812208067, -7.329055330858309)]
2021-07-28 16:40:32,281 [INFO] Desired_heading: 52.60881528963843
2021-07-28 16:40:32,281 [INFO] sending message $BPRMB,154032.87,-7.236758763979441,,,1000,0,1*4e
...
2021-07-28 16:40:33,283 [INFO] sending message $BPSTS,154033.28,1,BWSI Autonomy OK*4e
...
2021-07-28 16:40:33,284 [INFO] Processing: $BFNVG,154031.44,4218.000000,N,07106.000000,W,0,10.0,1.0,45.0,0.0,0.0,154031.44*62
2021-07-28 16:40:33,286 [INFO] Interpreted as: {'position': (0.0, 0.0), 'latlon': (42.3, -71.1), 'heading': 45.0, 'depth': 1.0, 'altitude': 10.0, 'roll': 0.0, 'pitch': 0.0, 'last_fix_time': datetime.datetime(2021, 7, 28, 15, 40, 31), 'speed': None, 'rudder': 0, 'datum': (42.3, -71.1)}
2021-07-28 16:40:33,287 [INFO] Processing: $BFNVG,154031.80,4218.000000,N,07106.000000,W,0,10.0,1.0,45.0,0.0,0.0,154031.80*62
2021-07-28 16:40:33,289 [INFO] Interpreted as: {'position': (0.0, 0.0), 'latlon': (42.3, -71.1), 'heading': 45.0, 'depth': 1.0, 'altitude': 10.0, 'roll': 0.0, 'pitch': 0.0, 'last_fix_time': datetime.datetime(2021, 7, 28, 15, 40, 31), 'speed': None, 'rudder': 0, 'datum': (42.3, -71.1)}
2021-07-28 16:40:33,290 [INFO] Processing: $BFNVG,154032.16,4218.000000,N,07106.000000,W,0,10.0,1.0,45.0,0.0,0.0,154032.16*62
2021-07-28 16:40:33,292 [INFO] Interpreted as: {'position': (0.0, 0.0), 'latlon': (42.3, -71.1), 'heading': 45.0, 'depth': 1.0, 'altitude': 10.0, 'roll': 0.0, 'pitch': 0.0, 'last_fix_time': datetime.datetime(2021, 7, 28, 15, 40, 32), 'speed': None, 'rudder': 0, 'datum': (42.3, -71.1)}
2021-07-28 16:40:33,293 [INFO] Received from Frontseat: [b'$BFNVG,154031.44,4218.000000,N,07106.000000,W,0,10.0,1.0,45.0,0.0,0.0,154031.44*62', b'$BFNVG,154031.80,4218.000000,N,07106.000000,W,0,10.0,1.0,45.0,0.0,0.0,154031.80*62', b'$BFNVG,154032.16,4218.000000,N,07106.000000,W,0,10.0,1.0,45.0,0.0,0.0,154032.16*62']
2021-07-28 16:40:33,295 [INFO] AUV state: {'position': (0.0, 0.0), 'latlon': (42.3, -71.1), 'heading': 45.0, 'depth': 1.0, 'altitude': 10.0, 'roll': 0.0, 'pitch': 0.0, 'last_fix_time': datetime.datetime(2021, 7, 28, 15, 40, 32), 'speed': None, 'rudder': 0, 'datum': (42.3, -71.1)}
2021-07-28 16:40:33,668 [INFO] **** [(-0.22035521470194389, -7.708961974233651)] [(15.437560812208067, -7.333901112744751)]
2021-07-28 16:40:33,671 [INFO] Next green buoy: [(-0.22035521470194389, -7.708961974233651)], next red buoy: [(15.437560812208067, -7.333901112744751)]
2021-07-28 16:40:33,671 [INFO] Desired_heading: 52.60860279875306
2021-07-28 16:40:33,672 [INFO] sending message $BPRMB,154033.68,-7.236354568649115,,,1000,0,1*47
...
2021-07-28 16:40:34,674 [INFO] sending message $BPSTS,154034.67,1,BWSI Autonomy OK*42
...
2021-07-28 16:40:34,675 [INFO] Processing: $BFNVG,154032.52,4218.000000,N,07106.000000,W,0,10.0,1.0,45.0,0.0,0.0,154032.52*62
2021-07-28 16:40:34,678 [INFO] Interpreted as: {'position': (0.0, 0.0), 'latlon': (42.3, -71.1), 'heading': 45.0, 'depth': 1.0, 'altitude': 10.0, 'roll': 0.0, 'pitch': 0.0, 'last_fix_time': datetime.datetime(2021, 7, 28, 15, 40, 32), 'speed': None, 'rudder': 0, 'datum': (42.3, -71.1)}
2021-07-28 16:40:34,679 [INFO] Processing: $BFNVG,154032.88,4218.000144,N,07105.999813,W,0,10.0,1.0,45.6,0.0,0.0,154032.88*65
2021-07-28 16:40:34,681 [INFO] Interpreted as: {'position': (0.26349230122286826, 0.26016014628112316), 'latlon': (42.3000024, -71.09999688333333), 'heading': 45.6, 'depth': 1.0, 'altitude': 10.0, 'roll': 0.0, 'pitch': 0.0, 'last_fix_time': datetime.datetime(2021, 7, 28, 15, 40, 32), 'speed': None, 'rudder': 0, 'datum': (42.3, -71.1)}
2021-07-28 16:40:34,683 [INFO] Processing: $BFNVG,154033.24,4218.000286,N,07105.999624,W,0,10.0,1.0,46.3,0.0,0.0,154033.24*64
2021-07-28 16:40:34,685 [INFO] Interpreted as: {'position': (0.529640996537637, 0.5165510978549719), 'latlon': (42.30000476666667, -71.09999373333333), 'heading': 46.3, 'depth': 1.0, 'altitude': 10.0, 'roll': 0.0, 'pitch': 0.0, 'last_fix_time': datetime.datetime(2021, 7, 28, 15, 40, 33), 'speed': None, 'rudder': 0, 'datum': (42.3, -71.1)}
2021-07-28 16:40:34,686 [INFO] Processing: $BFNVG,154033.60,4218.000427,N,07105.999434,W,0,10.0,1.0,47.0,0.0,0.0,154033.60*68
2021-07-28 16:40:34,688 [INFO] Interpreted as: {'position': (0.797117882524617, 0.7710574567317963), 'latlon': (42.30000711666667, -71.09999056666666), 'heading': 47.0, 'depth': 1.0, 'altitude': 10.0, 'roll': 0.0, 'pitch': 0.0, 'last_fix_time': datetime.datetime(2021, 7, 28, 15, 40, 33), 'speed': None, 'rudder': 0, 'datum': (42.3, -71.1)}
2021-07-28 16:40:34,690 [INFO] Received from Frontseat: [b'$BFNVG,154032.52,4218.000000,N,07106.000000,W,0,10.0,1.0,45.0,0.0,0.0,154032.52*62', b'$BFNVG,154032.88,4218.000144,N,07105.999813,W,0,10.0,1.0,45.6,0.0,0.0,154032.88*65', b'$BFNVG,154033.24,4218.000286,N,07105.999624,W,0,10.0,1.0,46.3,0.0,0.0,154033.24*64', b'$BFNVG,154033.60,4218.000427,N,07105.999434,W,0,10.0,1.0,47.0,0.0,0.0,154033.60*68']
2021-07-28 16:40:34,691 [INFO] AUV state: {'position': (0.797117882524617, 0.7710574567317963), 'latlon': (42.30000711666667, -71.09999056666666), 'heading': 47.0, 'depth': 1.0, 'altitude': 10.0, 'roll': 0.0, 'pitch': 0.0, 'last_fix_time': datetime.datetime(2021, 7, 28, 15, 40, 33), 'speed': None, 'rudder': 0, 'datum': (42.3, -71.1)}
2021-07-28 16:40:35,065 [INFO] **** [(-2.599142477682889, -8.838930095150515)] [(15.485959670567377, -8.555577062506966)]
2021-07-28 16:40:35,067 [INFO] Next green buoy: [(-2.599142477682889, -8.838930095150515)], next red buoy: [(15.485959670567377, -8.555577062506966)]
2021-07-28 16:40:35,067 [INFO] Desired_heading: 53.44340859644225
2021-07-28 16:40:35,068 [INFO] sending message $BPRMB,154035.66,-5.1896892925882305,,,1000,0,1*72
...
2021-07-28 16:40:36,070 [INFO] sending message $BPSTS,154036.07,1,BWSI Autonomy OK*46
...
2021-07-28 16:40:36,071 [INFO] Processing: $BFNVG,154033.99,4218.000580,N,07105.999221,W,0,10.0,1.0,47.7,0.0,0.0,154033.99*61
2021-07-28 16:40:36,074 [INFO] Interpreted as: {'position': (1.0967420417582616, 1.0469923792406917), 'latlon': (42.30000966666667, -71.09998701666666), 'heading': 47.7, 'depth': 1.0, 'altitude': 10.0, 'roll': 0.0, 'pitch': 0.0, 'last_fix_time': datetime.datetime(2021, 7, 28, 15, 40, 33), 'speed': None, 'rudder': 0, 'datum': (42.3, -71.1)}
2021-07-28 16:40:36,075 [INFO] Processing: $BFNVG,154034.40,4218.000735,N,07105.999000,W,0,10.0,1.0,48.4,0.0,0.0,154034.40*60
2021-07-28 16:40:36,077 [INFO] Interpreted as: {'position': (1.4074485574965365, 1.326357469893992), 'latlon': (42.30001225, -71.09998333333333), 'heading': 48.4, 'depth': 1.0, 'altitude': 10.0, 'roll': 0.0, 'pitch': 0.0, 'last_fix_time': datetime.datetime(2021, 7, 28, 15, 40, 34), 'speed': None, 'rudder': 0, 'datum': (42.3, -71.1)}
2021-07-28 16:40:36,079 [INFO] Processing: $BFNVG,154034.76,4218.000870,N,07105.998802,W,0,10.0,1.0,49.1,0.0,0.0,154034.76*61
2021-07-28 16:40:36,081 [INFO] Interpreted as: {'position': (1.6856423871940933, 1.5694884397089481), 'latlon': (42.3000145, -71.09998003333334), 'heading': 49.1, 'depth': 1.0, 'altitude': 10.0, 'roll': 0.0, 'pitch': 0.0, 'last_fix_time': datetime.datetime(2021, 7, 28, 15, 40, 34), 'speed': None, 'rudder': 0, 'datum': (42.3, -71.1)}
2021-07-28 16:40:36,082 [INFO] Received from Frontseat: [b'$BFNVG,154033.99,4218.000580,N,07105.999221,W,0,10.0,1.0,47.7,0.0,0.0,154033.99*61', b'$BFNVG,154034.40,4218.000735,N,07105.999000,W,0,10.0,1.0,48.4,0.0,0.0,154034.40*60', b'$BFNVG,154034.76,4218.000870,N,07105.998802,W,0,10.0,1.0,49.1,0.0,0.0,154034.76*61']
2021-07-28 16:40:36,083 [INFO] AUV state: {'position': (1.6856423871940933, 1.5694884397089481), 'latlon': (42.3000145, -71.09998003333334), 'heading': 49.1, 'depth': 1.0, 'altitude': 10.0, 'roll': 0.0, 'pitch': 0.0, 'last_fix_time': datetime.datetime(2021, 7, 28, 15, 40, 34), 'speed': None, 'rudder': 0, 'datum': (42.3, -71.1)}
2021-07-28 16:40:36,431 [INFO] **** [(-5.732841555464952, -10.79112632796872)] [(16.01067953570001, -10.199550137625947)]
2021-07-28 16:40:36,434 [INFO] Next green buoy: [(-5.732841555464952, -10.79112632796872)], next red buoy: [(16.01067953570001, -10.199550137625947)]
2021-07-28 16:40:36,434 [INFO] Desired_heading: 54.23891899011753
2021-07-28 16:40:36,435 [INFO] sending message $BPRMB,154036.47,-3.3010610483738234,,,1000,0,1*78
...
2021-07-28 16:40:37,437 [INFO] sending message $BPSTS,154037.43,1,BWSI Autonomy OK*47
...
2021-07-28 16:40:37,438 [INFO] Processing: $BFNVG,154035.10,4218.000997,N,07105.998612,W,0,10.0,1.0,49.7,0.0,0.0,154035.10*60
2021-07-28 16:40:37,440 [INFO] Interpreted as: {'position': (1.95247978734551, 1.7980850813910365), 'latlon': (42.30001661666667, -71.09997686666667), 'heading': 49.7, 'depth': 1.0, 'altitude': 10.0, 'roll': 0.0, 'pitch': 0.0, 'last_fix_time': datetime.datetime(2021, 7, 28, 15, 40, 35), 'speed': None, 'rudder': 0, 'datum': (42.3, -71.1)}
2021-07-28 16:40:37,441 [INFO] Processing: $BFNVG,154035.44,4218.001121,N,07105.998424,W,0,10.0,1.0,50.1,0.0,0.0,154035.44*6D
2021-07-28 16:40:37,444 [INFO] Interpreted as: {'position': (2.216432398883626, 2.021197449415922), 'latlon': (42.300018683333334, -71.09997373333333), 'heading': 50.1, 'depth': 1.0, 'altitude': 10.0, 'roll': 0.0, 'pitch': 0.0, 'last_fix_time': datetime.datetime(2021, 7, 28, 15, 40, 35), 'speed': None, 'rudder': 0, 'datum': (42.3, -71.1)}
2021-07-28 16:40:37,445 [INFO] Processing: $BFNVG,154035.78,4218.001246,N,07105.998232,W,0,10.0,1.0,50.6,0.0,0.0,154035.78*69
2021-07-28 16:40:37,447 [INFO] Interpreted as: {'position': (2.485926182474941, 2.2460249066352844), 'latlon': (42.30002076666667, -71.09997053333333), 'heading': 50.6, 'depth': 1.0, 'altitude': 10.0, 'roll': 0.0, 'pitch': 0.0, 'last_fix_time': datetime.datetime(2021, 7, 28, 15, 40, 35), 'speed': None, 'rudder': 0, 'datum': (42.3, -71.1)}
2021-07-28 16:40:37,447 [INFO] Processing: $BFNVG,154036.12,4218.001369,N,07105.998038,W,0,10.0,1.0,51.0,0.0,0.0,154036.12*6A
2021-07-28 16:40:37,450 [INFO] Interpreted as: {'position': (2.7580763626028784, 2.467083170078695), 'latlon': (42.30002281666667, -71.0999673), 'heading': 51.0, 'depth': 1.0, 'altitude': 10.0, 'roll': 0.0, 'pitch': 0.0, 'last_fix_time': datetime.datetime(2021, 7, 28, 15, 40, 36), 'speed': None, 'rudder': 0, 'datum': (42.3, -71.1)}
2021-07-28 16:40:37,452 [INFO] Received from Frontseat: [b'$BFNVG,154035.10,4218.000997,N,07105.998612,W,0,10.0,1.0,49.7,0.0,0.0,154035.10*60', b'$BFNVG,154035.44,4218.001121,N,07105.998424,W,0,10.0,1.0,50.1,0.0,0.0,154035.44*6D', b'$BFNVG,154035.78,4218.001246,N,07105.998232,W,0,10.0,1.0,50.6,0.0,0.0,154035.78*69', b'$BFNVG,154036.12,4218.001369,N,07105.998038,W,0,10.0,1.0,51.0,0.0,0.0,154036.12*6A']
2021-07-28 16:40:37,453 [INFO] AUV state: {'position': (2.7580763626028784, 2.467083170078695), 'latlon': (42.30002281666667, -71.0999673), 'heading': 51.0, 'depth': 1.0, 'altitude': 10.0, 'roll': 0.0, 'pitch': 0.0, 'last_fix_time': datetime.datetime(2021, 7, 28, 15, 40, 36), 'speed': None, 'rudder': 0, 'datum': (42.3, -71.1)}
2021-07-28 16:40:37,841 [INFO] **** [(-10.190773745199557, -14.325470370426574)] [(18.232301295380175, -13.112880179787862), (-6.870176965258915, -4.499003705584788)]
2021-07-28 16:40:37,843 [INFO] Next green buoy: [(-10.190773745199557, -14.325470370426574)], next red buoy: [(18.232301295380175, -13.112880179787862), (-6.870176965258915, -4.499003705584788)]
2021-07-28 16:40:37,844 [INFO] Desired_heading: 55.02076377509031
2021-07-28 16:40:37,845 [INFO] sending message $BPRMB,154038.39,-2.0208176668848092,,,1000,0,1*70
...
2021-07-28 16:40:38,847 [INFO] sending message $BPSTS,154038.84,1,BWSI Autonomy OK*43
...
2021-07-28 16:40:38,848 [INFO] Processing: $BFNVG,154036.46,4218.001491,N,07105.997844,W,0,10.0,1.0,51.4,0.0,0.0,154036.46*62
2021-07-28 16:40:38,851 [INFO] Interpreted as: {'position': (3.030180856352672, 2.6862907456234097), 'latlon': (42.30002485, -71.09996406666667), 'heading': 51.4, 'depth': 1.0, 'altitude': 10.0, 'roll': 0.0, 'pitch': 0.0, 'last_fix_time': datetime.datetime(2021, 7, 28, 15, 40, 36), 'speed': None, 'rudder': 0, 'datum': (42.3, -71.1)}
2021-07-28 16:40:38,851 [INFO] Processing: $BFNVG,154036.80,4218.001614,N,07105.997645,W,0,10.0,1.0,51.7,0.0,0.0,154036.80*61
2021-07-28 16:40:38,853 [INFO] Interpreted as: {'position': (3.3092004004865885, 2.9071795074269176), 'latlon': (42.3000269, -71.09996075), 'heading': 51.7, 'depth': 1.0, 'altitude': 10.0, 'roll': 0.0, 'pitch': 0.0, 'last_fix_time': datetime.datetime(2021, 7, 28, 15, 40, 36), 'speed': None, 'rudder': 0, 'datum': (42.3, -71.1)}
2021-07-28 16:40:38,854 [INFO] Processing: $BFNVG,154037.16,4218.001740,N,07105.997440,W,0,10.0,1.0,52.0,0.0,0.0,154037.16*62
2021-07-28 16:40:38,855 [INFO] Interpreted as: {'position': (3.596600213437341, 3.1334169460460544), 'latlon': (42.300029, -71.09995733333334), 'heading': 52.0, 'depth': 1.0, 'altitude': 10.0, 'roll': 0.0, 'pitch': 0.0, 'last_fix_time': datetime.datetime(2021, 7, 28, 15, 40, 37), 'speed': None, 'rudder': 0, 'datum': (42.3, -71.1)}
2021-07-28 16:40:38,856 [INFO] Processing: $BFNVG,154037.50,4218.001858,N,07105.997244,W,0,10.0,1.0,52.3,0.0,0.0,154037.50*65
2021-07-28 16:40:38,858 [INFO] Interpreted as: {'position': (3.871269731083885, 3.3451539566740394), 'latlon': (42.30003096666667, -71.09995406666667), 'heading': 52.3, 'depth': 1.0, 'altitude': 10.0, 'roll': 0.0, 'pitch': 0.0, 'last_fix_time': datetime.datetime(2021, 7, 28, 15, 40, 37), 'speed': None, 'rudder': 0, 'datum': (42.3, -71.1)}
2021-07-28 16:40:38,859 [INFO] Received from Frontseat: [b'$BFNVG,154036.46,4218.001491,N,07105.997844,W,0,10.0,1.0,51.4,0.0,0.0,154036.46*62', b'$BFNVG,154036.80,4218.001614,N,07105.997645,W,0,10.0,1.0,51.7,0.0,0.0,154036.80*61', b'$BFNVG,154037.16,4218.001740,N,07105.997440,W,0,10.0,1.0,52.0,0.0,0.0,154037.16*62', b'$BFNVG,154037.50,4218.001858,N,07105.997244,W,0,10.0,1.0,52.3,0.0,0.0,154037.50*65']
2021-07-28 16:40:38,859 [INFO] AUV state: {'position': (3.871269731083885, 3.3451539566740394), 'latlon': (42.30003096666667, -71.09995406666667), 'heading': 52.3, 'depth': 1.0, 'altitude': 10.0, 'roll': 0.0, 'pitch': 0.0, 'last_fix_time': datetime.datetime(2021, 7, 28, 15, 40, 37), 'speed': None, 'rudder': 0, 'datum': (42.3, -71.1)}
2021-07-28 16:40:39,277 [INFO] **** [(-16.68030074493782, -21.010134141820696)] [(23.664923991926482, -18.435554626726272), (-9.186270125547804, -5.031738671996098), (-16.420832731401465, -20.483720039849853)]
2021-07-28 16:40:39,279 [INFO] Next green buoy: [(-16.68030074493782, -21.010134141820696)], next red buoy: [(23.664923991926482, -18.435554626726272), (-9.186270125547804, -5.031738671996098), (-16.420832731401465, -20.483720039849853)]
2021-07-28 16:40:39,280 [INFO] Desired_heading: 55.79231162349433
2021-07-28 16:40:39,280 [INFO] sending message $BPRMB,154039.29,-1.524530059449201,,,1000,0,1*4d
...
2021-07-28 16:40:40,282 [INFO] sending message $BPSTS,154040.28,1,BWSI Autonomy OK*4a
...
2021-07-28 16:40:40,284 [INFO] Processing: $BFNVG,154037.83,4218.001977,N,07105.997047,W,0,10.0,1.0,52.6,0.0,0.0,154037.83*6D
2021-07-28 16:40:40,286 [INFO] Interpreted as: {'position': (4.147358777932823, 3.5587077708914876), 'latlon': (42.30003295, -71.09995078333333), 'heading': 52.6, 'depth': 1.0, 'altitude': 10.0, 'roll': 0.0, 'pitch': 0.0, 'last_fix_time': datetime.datetime(2021, 7, 28, 15, 40, 37), 'speed': None, 'rudder': 0, 'datum': (42.3, -71.1)}
2021-07-28 16:40:40,288 [INFO] Processing: $BFNVG,154038.18,4218.002095,N,07105.996848,W,0,10.0,1.0,52.9,0.0,0.0,154038.18*62
2021-07-28 16:40:40,291 [INFO] Interpreted as: {'position': (4.42614989716094, 3.7703430894762278), 'latlon': (42.30003491666667, -71.09994746666666), 'heading': 52.9, 'depth': 1.0, 'altitude': 10.0, 'roll': 0.0, 'pitch': 0.0, 'last_fix_time': datetime.datetime(2021, 7, 28, 15, 40, 38), 'speed': None, 'rudder': 0, 'datum': (42.3, -71.1)}
2021-07-28 16:40:40,292 [INFO] Processing: $BFNVG,154038.51,4218.002213,N,07105.996649,W,0,10.0,1.0,53.0,0.0,0.0,154038.51*69
2021-07-28 16:40:40,294 [INFO] Interpreted as: {'position': (4.704940999508835, 3.9819784183055162), 'latlon': (42.300036883333334, -71.09994415), 'heading': 53.0, 'depth': 1.0, 'altitude': 10.0, 'roll': 0.0, 'pitch': 0.0, 'last_fix_time': datetime.datetime(2021, 7, 28, 15, 40, 38), 'speed': None, 'rudder': 0, 'datum': (42.3, -71.1)}
2021-07-28 16:40:40,294 [INFO] Processing: $BFNVG,154038.85,4218.002329,N,07105.996450,W,0,10.0,1.0,53.2,0.0,0.0,154038.85*69
2021-07-28 16:40:40,298 [INFO] Interpreted as: {'position': (4.983640741091222, 4.189912363886833), 'latlon': (42.300038816666664, -71.09994083333333), 'heading': 53.2, 'depth': 1.0, 'altitude': 10.0, 'roll': 0.0, 'pitch': 0.0, 'last_fix_time': datetime.datetime(2021, 7, 28, 15, 40, 38), 'speed': None, 'rudder': 0, 'datum': (42.3, -71.1)}
2021-07-28 16:40:40,299 [INFO] Processing: $BFNVG,154039.19,4218.002446,N,07105.996251,W,0,10.0,1.0,53.4,0.0,0.0,154039.19*66
2021-07-28 16:40:40,302 [INFO] Interpreted as: {'position': (5.2623861390165985, 4.399697018787265), 'latlon': (42.30004076666667, -71.09993751666667), 'heading': 53.4, 'depth': 1.0, 'altitude': 10.0, 'roll': 0.0, 'pitch': 0.0, 'last_fix_time': datetime.datetime(2021, 7, 28, 15, 40, 39), 'speed': None, 'rudder': 0, 'datum': (42.3, -71.1)}
2021-07-28 16:40:40,303 [INFO] Received from Frontseat: [b'$BFNVG,154037.83,4218.001977,N,07105.997047,W,0,10.0,1.0,52.6,0.0,0.0,154037.83*6D', b'$BFNVG,154038.18,4218.002095,N,07105.996848,W,0,10.0,1.0,52.9,0.0,0.0,154038.18*62', b'$BFNVG,154038.51,4218.002213,N,07105.996649,W,0,10.0,1.0,53.0,0.0,0.0,154038.51*69', b'$BFNVG,154038.85,4218.002329,N,07105.996450,W,0,10.0,1.0,53.2,0.0,0.0,154038.85*69', b'$BFNVG,154039.19,4218.002446,N,07105.996251,W,0,10.0,1.0,53.4,0.0,0.0,154039.19*66']
2021-07-28 16:40:40,304 [INFO] AUV state: {'position': (5.2623861390165985, 4.399697018787265), 'latlon': (42.30004076666667, -71.09993751666667), 'heading': 53.4, 'depth': 1.0, 'altitude': 10.0, 'roll': 0.0, 'pitch': 0.0, 'last_fix_time': datetime.datetime(2021, 7, 28, 15, 40, 39), 'speed': None, 'rudder': 0, 'datum': (42.3, -71.1)}
2021-07-28 16:40:40,670 [INFO] **** [] [(-11.897842572507331, -5.782061288111574)]
2021-07-28 16:40:40,672 [INFO] Next green buoy: [], next red buoy: [(-11.897842572507331, -5.782061288111574)]
2021-07-28 16:40:40,673 [INFO] Desired_heading: 41.50215742749267
2021-07-28 16:40:40,673 [INFO] sending message $BPRMB,154041.26,-17.69483223502098,,,1000,0,1*4c
...
2021-07-28 16:40:41,675 [INFO] sending message $BPSTS,154041.67,1,BWSI Autonomy OK*40
...
2021-07-28 16:40:41,676 [INFO] Processing: $BFNVG,154039.53,4218.002562,N,07105.996050,W,0,10.0,1.0,53.5,0.0,0.0,154039.53*63
2021-07-28 16:40:41,678 [INFO] Interpreted as: {'position': (5.5438336072838865, 4.607563178054988), 'latlon': (42.3000427, -71.09993416666667), 'heading': 53.5, 'depth': 1.0, 'altitude': 10.0, 'roll': 0.0, 'pitch': 0.0, 'last_fix_time': datetime.datetime(2021, 7, 28, 15, 40, 39), 'speed': None, 'rudder': 0, 'datum': (42.3, -71.1)}
2021-07-28 16:40:41,679 [INFO] Processing: $BFNVG,154039.87,4218.002678,N,07105.995849,W,0,10.0,1.0,53.7,0.0,0.0,154039.87*6A
2021-07-28 16:40:41,681 [INFO] Interpreted as: {'position': (5.825281058729161, 4.81542934756726), 'latlon': (42.300044633333336, -71.09993081666667), 'heading': 53.7, 'depth': 1.0, 'altitude': 10.0, 'roll': 0.0, 'pitch': 0.0, 'last_fix_time': datetime.datetime(2021, 7, 28, 15, 40, 39), 'speed': None, 'rudder': 0, 'datum': (42.3, -71.1)}
2021-07-28 16:40:41,682 [INFO] Processing: $BFNVG,154040.21,4218.002794,N,07105.995646,W,0,10.0,1.0,53.8,0.0,0.0,154040.21*67
2021-07-28 16:40:41,684 [INFO] Interpreted as: {'position': (6.10947625094559, 5.02322772052139), 'latlon': (42.300046566666666, -71.09992743333333), 'heading': 53.8, 'depth': 1.0, 'altitude': 10.0, 'roll': 0.0, 'pitch': 0.0, 'last_fix_time': datetime.datetime(2021, 7, 28, 15, 40, 40), 'speed': None, 'rudder': 0, 'datum': (42.3, -71.1)}
2021-07-28 16:40:41,685 [INFO] Processing: $BFNVG,154040.56,4218.002910,N,07105.995443,W,0,10.0,1.0,53.9,0.0,0.0,154040.56*63
2021-07-28 16:40:41,687 [INFO] Interpreted as: {'position': (6.393671426223591, 5.231026105582714), 'latlon': (42.3000485, -71.09992405), 'heading': 53.9, 'depth': 1.0, 'altitude': 10.0, 'roll': 0.0, 'pitch': 0.0, 'last_fix_time': datetime.datetime(2021, 7, 28, 15, 40, 40), 'speed': None, 'rudder': 0, 'datum': (42.3, -71.1)}
2021-07-28 16:40:41,688 [INFO] Received from Frontseat: [b'$BFNVG,154039.53,4218.002562,N,07105.996050,W,0,10.0,1.0,53.5,0.0,0.0,154039.53*63', b'$BFNVG,154039.87,4218.002678,N,07105.995849,W,0,10.0,1.0,53.7,0.0,0.0,154039.87*6A', b'$BFNVG,154040.21,4218.002794,N,07105.995646,W,0,10.0,1.0,53.8,0.0,0.0,154040.21*67', b'$BFNVG,154040.56,4218.002910,N,07105.995443,W,0,10.0,1.0,53.9,0.0,0.0,154040.56*63']
2021-07-28 16:40:41,689 [INFO] AUV state: {'position': (6.393671426223591, 5.231026105582714), 'latlon': (42.3000485, -71.09992405), 'heading': 53.9, 'depth': 1.0, 'altitude': 10.0, 'roll': 0.0, 'pitch': 0.0, 'last_fix_time': datetime.datetime(2021, 7, 28, 15, 40, 40), 'speed': None, 'rudder': 0, 'datum': (42.3, -71.1)}
2021-07-28 16:40:42,058 [INFO] **** [] [(-14.227438606598175, -6.688512057333861), (-3.4312828955546584, -4.380508955564473)]
2021-07-28 16:40:42,060 [INFO] Next green buoy: [], next red buoy: [(-14.227438606598175, -6.688512057333861), (-3.4312828955546584, -4.380508955564473)]
2021-07-28 16:40:42,061 [INFO] Desired_heading: 39.67256139340182
2021-07-28 16:40:42,061 [INFO] sending message $BPRMB,154042.08,-25,,,1000,0,1*69
...
2021-07-28 16:40:43,063 [INFO] sending message $BPSTS,154043.06,1,BWSI Autonomy OK*45
...
2021-07-28 16:40:43,065 [INFO] Processing: $BFNVG,154040.91,4218.003028,N,07105.995235,W,0,10.0,1.0,54.1,0.0,0.0,154040.91*68
2021-07-28 16:40:43,067 [INFO] Interpreted as: {'position': (6.684827318938915, 5.442356375977397), 'latlon': (42.30005046666667, -71.09992058333333), 'heading': 54.1, 'depth': 1.0, 'altitude': 10.0, 'roll': 0.0, 'pitch': 0.0, 'last_fix_time': datetime.datetime(2021, 7, 28, 15, 40, 40), 'speed': None, 'rudder': 0, 'datum': (42.3, -71.1)}
2021-07-28 16:40:43,068 [INFO] Processing: $BFNVG,154041.25,4218.003142,N,07105.995029,W,0,10.0,1.0,55.6,0.0,0.0,154041.25*6C
2021-07-28 16:40:43,070 [INFO] Interpreted as: {'position': (6.973052755289245, 5.646351678296924), 'latlon': (42.30005236666667, -71.09991715), 'heading': 55.6, 'depth': 1.0, 'altitude': 10.0, 'roll': 0.0, 'pitch': 0.0, 'last_fix_time': datetime.datetime(2021, 7, 28, 15, 40, 41), 'speed': None, 'rudder': 0, 'datum': (42.3, -71.1)}
2021-07-28 16:40:43,072 [INFO] Processing: $BFNVG,154041.59,4218.003251,N,07105.994820,W,0,10.0,1.0,57.1,0.0,0.0,154041.59*68
2021-07-28 16:40:43,076 [INFO] Interpreted as: {'position': (7.265171459352132, 5.840991793200374), 'latlon': (42.30005418333333, -71.09991366666667), 'heading': 57.1, 'depth': 1.0, 'altitude': 10.0, 'roll': 0.0, 'pitch': 0.0, 'last_fix_time': datetime.datetime(2021, 7, 28, 15, 40, 41), 'speed': None, 'rudder': 0, 'datum': (42.3, -71.1)}
2021-07-28 16:40:43,077 [INFO] Processing: $BFNVG,154041.93,4218.003355,N,07105.994606,W,0,10.0,1.0,58.6,0.0,0.0,154041.93*6F
2021-07-28 16:40:43,079 [INFO] Interpreted as: {'position': (7.563931186799891, 6.026208917610347), 'latlon': (42.300055916666665, -71.0999101), 'heading': 58.6, 'depth': 1.0, 'altitude': 10.0, 'roll': 0.0, 'pitch': 0.0, 'last_fix_time': datetime.datetime(2021, 7, 28, 15, 40, 41), 'speed': None, 'rudder': 0, 'datum': (42.3, -71.1)}
2021-07-28 16:40:43,080 [INFO] Received from Frontseat: [b'$BFNVG,154040.91,4218.003028,N,07105.995235,W,0,10.0,1.0,54.1,0.0,0.0,154040.91*68', b'$BFNVG,154041.25,4218.003142,N,07105.995029,W,0,10.0,1.0,55.6,0.0,0.0,154041.25*6C', b'$BFNVG,154041.59,4218.003251,N,07105.994820,W,0,10.0,1.0,57.1,0.0,0.0,154041.59*68', b'$BFNVG,154041.93,4218.003355,N,07105.994606,W,0,10.0,1.0,58.6,0.0,0.0,154041.93*6F']
2021-07-28 16:40:43,082 [INFO] AUV state: {'position': (7.563931186799891, 6.026208917610347), 'latlon': (42.300055916666665, -71.0999101), 'heading': 58.6, 'depth': 1.0, 'altitude': 10.0, 'roll': 0.0, 'pitch': 0.0, 'last_fix_time': datetime.datetime(2021, 7, 28, 15, 40, 41), 'speed': None, 'rudder': 0, 'datum': (42.3, -71.1)}
2021-07-28 16:40:43,445 [INFO] **** [] [(-21.66742588579143, -7.859027815626355), (-9.151828758176029, -4.790156861843142)]
2021-07-28 16:40:43,447 [INFO] Next green buoy: [], next red buoy: [(-21.66742588579143, -7.859027815626355), (-9.151828758176029, -4.790156861843142)]
2021-07-28 16:40:43,448 [INFO] Desired_heading: 36.93257411420857
2021-07-28 16:40:43,448 [INFO] sending message $BPRMB,154044.04,-25,,,1000,0,1*63
...
2021-07-28 16:40:44,450 [INFO] sending message $BPSTS,154044.45,1,BWSI Autonomy OK*45
...
2021-07-28 16:40:44,451 [INFO] Processing: $BFNVG,154042.27,4218.003456,N,07105.994391,W,0,10.0,1.0,60.1,0.0,0.0,154042.27*6C
2021-07-28 16:40:44,453 [INFO] Interpreted as: {'position': (7.863927770755254, 6.20584006048739), 'latlon': (42.3000576, -71.09990651666666), 'heading': 60.1, 'depth': 1.0, 'altitude': 10.0, 'roll': 0.0, 'pitch': 0.0, 'last_fix_time': datetime.datetime(2021, 7, 28, 15, 40, 42), 'speed': None, 'rudder': 0, 'datum': (42.3, -71.1)}
2021-07-28 16:40:44,454 [INFO] Processing: $BFNVG,154042.61,4218.003550,N,07105.994172,W,0,10.0,1.0,62.2,0.0,0.0,154042.61*65
2021-07-28 16:40:44,456 [INFO] Interpreted as: {'position': (8.16910015855683, 6.372380720451474), 'latlon': (42.300059166666664, -71.09990286666667), 'heading': 62.2, 'depth': 1.0, 'altitude': 10.0, 'roll': 0.0, 'pitch': 0.0, 'last_fix_time': datetime.datetime(2021, 7, 28, 15, 40, 42), 'speed': None, 'rudder': 0, 'datum': (42.3, -71.1)}
2021-07-28 16:40:44,456 [INFO] Processing: $BFNVG,154042.95,4218.003639,N,07105.993948,W,0,10.0,1.0,64.3,0.0,0.0,154042.95*68
2021-07-28 16:40:44,458 [INFO] Interpreted as: {'position': (8.48091357841622, 6.52949839271605), 'latlon': (42.30006065, -71.09989913333334), 'heading': 64.3, 'depth': 1.0, 'altitude': 10.0, 'roll': 0.0, 'pitch': 0.0, 'last_fix_time': datetime.datetime(2021, 7, 28, 15, 40, 42), 'speed': None, 'rudder': 0, 'datum': (42.3, -71.1)}
2021-07-28 16:40:44,460 [INFO] Processing: $BFNVG,154043.29,4218.003722,N,07105.993720,W,0,10.0,1.0,66.5,0.0,0.0,154043.29*67
2021-07-28 16:40:44,462 [INFO] Interpreted as: {'position': (8.797948476392776, 6.67537627927959), 'latlon': (42.30006203333333, -71.09989533333334), 'heading': 66.5, 'depth': 1.0, 'altitude': 10.0, 'roll': 0.0, 'pitch': 0.0, 'last_fix_time': datetime.datetime(2021, 7, 28, 15, 40, 43), 'speed': None, 'rudder': 0, 'datum': (42.3, -71.1)}
2021-07-28 16:40:44,464 [INFO] Received from Frontseat: [b'$BFNVG,154042.27,4218.003456,N,07105.994391,W,0,10.0,1.0,60.1,0.0,0.0,154042.27*6C', b'$BFNVG,154042.61,4218.003550,N,07105.994172,W,0,10.0,1.0,62.2,0.0,0.0,154042.61*65', b'$BFNVG,154042.95,4218.003639,N,07105.993948,W,0,10.0,1.0,64.3,0.0,0.0,154042.95*68', b'$BFNVG,154043.29,4218.003722,N,07105.993720,W,0,10.0,1.0,66.5,0.0,0.0,154043.29*67']
2021-07-28 16:40:44,465 [INFO] AUV state: {'position': (8.797948476392776, 6.67537627927959), 'latlon': (42.30006203333333, -71.09989533333334), 'heading': 66.5, 'depth': 1.0, 'altitude': 10.0, 'roll': 0.0, 'pitch': 0.0, 'last_fix_time': datetime.datetime(2021, 7, 28, 15, 40, 43), 'speed': None, 'rudder': 0, 'datum': (42.3, -71.1)}
2021-07-28 16:40:44,808 [INFO] **** [] [(-19.012536082515364, -5.439887319200667)]
2021-07-28 16:40:44,810 [INFO] Next green buoy: [], next red buoy: [(-19.012536082515364, -5.439887319200667)]
2021-07-28 16:40:44,810 [INFO] Desired_heading: 47.48746391748463
2021-07-28 16:40:44,811 [INFO] sending message $BPRMB,154044.85,-25,,,1000,0,1*6a
...
2021-07-28 16:40:45,812 [INFO] sending message $BPSTS,154045.81,1,BWSI Autonomy OK*4c
...
2021-07-28 16:40:45,813 [INFO] Processing: $BFNVG,154043.63,4218.003798,N,07105.993487,W,0,10.0,1.0,68.6,0.0,0.0,154043.63*65
2021-07-28 16:40:45,821 [INFO] Interpreted as: {'position': (9.121533064288087, 6.808129784651101), 'latlon': (42.3000633, -71.09989145), 'heading': 68.6, 'depth': 1.0, 'altitude': 10.0, 'roll': 0.0, 'pitch': 0.0, 'last_fix_time': datetime.datetime(2021, 7, 28, 15, 40, 43), 'speed': None, 'rudder': 0, 'datum': (42.3, -71.1)}
2021-07-28 16:40:45,822 [INFO] Processing: $BFNVG,154043.97,4218.003869,N,07105.993250,W,0,10.0,1.0,70.7,0.0,0.0,154043.97*60
2021-07-28 16:40:45,824 [INFO] Interpreted as: {'position': (9.450384806492366, 6.931494208052754), 'latlon': (42.30006448333334, -71.0998875), 'heading': 70.7, 'depth': 1.0, 'altitude': 10.0, 'roll': 0.0, 'pitch': 0.0, 'last_fix_time': datetime.datetime(2021, 7, 28, 15, 40, 43), 'speed': None, 'rudder': 0, 'datum': (42.3, -71.1)}
2021-07-28 16:40:45,824 [INFO] Processing: $BFNVG,154044.32,4218.003933,N,07105.993006,W,0,10.0,1.0,72.9,0.0,0.0,154044.32*63
2021-07-28 16:40:45,826 [INFO] Interpreted as: {'position': (9.788533995684702, 7.04166644345969), 'latlon': (42.30006555, -71.09988343333333), 'heading': 72.9, 'depth': 1.0, 'altitude': 10.0, 'roll': 0.0, 'pitch': 0.0, 'last_fix_time': datetime.datetime(2021, 7, 28, 15, 40, 44), 'speed': None, 'rudder': 0, 'datum': (42.3, -71.1)}
2021-07-28 16:40:45,827 [INFO] Processing: $BFNVG,154044.66,4218.003991,N,07105.992760,W,0,10.0,1.0,75.1,0.0,0.0,154044.66*62
2021-07-28 16:40:45,829 [INFO] Interpreted as: {'position': (10.129156913142651, 7.140666707418859), 'latlon': (42.30006651666667, -71.09987933333333), 'heading': 75.1, 'depth': 1.0, 'altitude': 10.0, 'roll': 0.0, 'pitch': 0.0, 'last_fix_time': datetime.datetime(2021, 7, 28, 15, 40, 44), 'speed': None, 'rudder': 0, 'datum': (42.3, -71.1)}
2021-07-28 16:40:45,829 [INFO] Received from Frontseat: [b'$BFNVG,154043.63,4218.003798,N,07105.993487,W,0,10.0,1.0,68.6,0.0,0.0,154043.63*65', b'$BFNVG,154043.97,4218.003869,N,07105.993250,W,0,10.0,1.0,70.7,0.0,0.0,154043.97*60', b'$BFNVG,154044.32,4218.003933,N,07105.993006,W,0,10.0,1.0,72.9,0.0,0.0,154044.32*63', b'$BFNVG,154044.66,4218.003991,N,07105.992760,W,0,10.0,1.0,75.1,0.0,0.0,154044.66*62']
2021-07-28 16:40:45,830 [INFO] AUV state: {'position': (10.129156913142651, 7.140666707418859), 'latlon': (42.30006651666667, -71.09987933333333), 'heading': 75.1, 'depth': 1.0, 'altitude': 10.0, 'roll': 0.0, 'pitch': 0.0, 'last_fix_time': datetime.datetime(2021, 7, 28, 15, 40, 44), 'speed': None, 'rudder': 0, 'datum': (42.3, -71.1)}
2021-07-28 16:40:46,182 [INFO] **** [] []
2021-07-28 16:40:46,184 [INFO] Next green buoy: [], next red buoy: []
2021-07-28 16:40:46,185 [INFO] Desired_heading: 76.1
2021-07-28 16:40:46,185 [INFO] sending message $BPRMB,154046.76,-0.125,,,1000,0,1*4b
...
2021-07-28 16:40:47,187 [INFO] sending message $BPSTS,154047.18,1,BWSI Autonomy OK*4e
...
2021-07-28 16:40:47,188 [INFO] Processing: $BFNVG,154045.01,4218.004041,N,07105.992510,W,0,10.0,1.0,77.2,0.0,0.0,154045.01*65
2021-07-28 16:40:47,190 [INFO] Interpreted as: {'position': (10.4749099801993, 7.224725794047117), 'latlon': (42.30006735, -71.09987516666666), 'heading': 77.2, 'depth': 1.0, 'altitude': 10.0, 'roll': 0.0, 'pitch': 0.0, 'last_fix_time': datetime.datetime(2021, 7, 28, 15, 40, 45), 'speed': None, 'rudder': 0, 'datum': (42.3, -71.1)}
2021-07-28 16:40:47,191 [INFO] Processing: $BFNVG,154045.35,4218.004085,N,07105.992257,W,0,10.0,1.0,79.4,0.0,0.0,154045.35*61
2021-07-28 16:40:47,193 [INFO] Interpreted as: {'position': (10.824510656995699, 7.297579010017216), 'latlon': (42.300068083333336, -71.09987095), 'heading': 79.4, 'depth': 1.0, 'altitude': 10.0, 'roll': 0.0, 'pitch': 0.0, 'last_fix_time': datetime.datetime(2021, 7, 28, 15, 40, 45), 'speed': None, 'rudder': 0, 'datum': (42.3, -71.1)}
2021-07-28 16:40:47,194 [INFO] Processing: $BFNVG,154045.70,4218.004122,N,07105.992001,W,0,10.0,1.0,81.6,0.0,0.0,154045.70*69
2021-07-28 16:40:47,195 [INFO] Interpreted as: {'position': (11.177913275838364, 7.357375654391944), 'latlon': (42.3000687, -71.09986668333333), 'heading': 81.6, 'depth': 1.0, 'altitude': 10.0, 'roll': 0.0, 'pitch': 0.0, 'last_fix_time': datetime.datetime(2021, 7, 28, 15, 40, 45), 'speed': None, 'rudder': 0, 'datum': (42.3, -71.1)}
2021-07-28 16:40:47,196 [INFO] Processing: $BFNVG,154046.06,4218.004152,N,07105.991739,W,0,10.0,1.0,83.8,0.0,0.0,154046.06*6D
2021-07-28 16:40:47,198 [INFO] Interpreted as: {'position': (11.539239469217137, 7.404014018364251), 'latlon': (42.3000692, -71.09986231666667), 'heading': 83.8, 'depth': 1.0, 'altitude': 10.0, 'roll': 0.0, 'pitch': 0.0, 'last_fix_time': datetime.datetime(2021, 7, 28, 15, 40, 46), 'speed': None, 'rudder': 0, 'datum': (42.3, -71.1)}
2021-07-28 16:40:47,198 [INFO] Received from Frontseat: [b'$BFNVG,154045.01,4218.004041,N,07105.992510,W,0,10.0,1.0,77.2,0.0,0.0,154045.01*65', b'$BFNVG,154045.35,4218.004085,N,07105.992257,W,0,10.0,1.0,79.4,0.0,0.0,154045.35*61', b'$BFNVG,154045.70,4218.004122,N,07105.992001,W,0,10.0,1.0,81.6,0.0,0.0,154045.70*69', b'$BFNVG,154046.06,4218.004152,N,07105.991739,W,0,10.0,1.0,83.8,0.0,0.0,154046.06*6D']
2021-07-28 16:40:47,199 [INFO] AUV state: {'position': (11.539239469217137, 7.404014018364251), 'latlon': (42.3000692, -71.09986231666667), 'heading': 83.8, 'depth': 1.0, 'altitude': 10.0, 'roll': 0.0, 'pitch': 0.0, 'last_fix_time': datetime.datetime(2021, 7, 28, 15, 40, 46), 'speed': None, 'rudder': 0, 'datum': (42.3, -71.1)}
2021-07-28 16:40:47,535 [INFO] **** [] []
2021-07-28 16:40:47,537 [INFO] Next green buoy: [], next red buoy: []
2021-07-28 16:40:47,538 [INFO] Desired_heading: 84.8
2021-07-28 16:40:47,538 [INFO] sending message $BPRMB,154047.60,-0.125,,,1000,0,1*4d
...
2021-07-28 16:40:48,540 [INFO] sending message $BPSTS,154048.53,1,BWSI Autonomy OK*4e
...
2021-07-28 16:40:48,541 [INFO] Processing: $BFNVG,154046.40,4218.004174,N,07105.991480,W,0,10.0,1.0,86.0,0.0,0.0,154046.40*65
2021-07-28 16:40:48,543 [INFO] Interpreted as: {'position': (11.896078673773445, 7.43594853207469), 'latlon': (42.300069566666664, -71.099858), 'heading': 86.0, 'depth': 1.0, 'altitude': 10.0, 'roll': 0.0, 'pitch': 0.0, 'last_fix_time': datetime.datetime(2021, 7, 28, 15, 40, 46), 'speed': None, 'rudder': 0, 'datum': (42.3, -71.1)}
2021-07-28 16:40:48,543 [INFO] Processing: $BFNVG,154046.75,4218.004192,N,07105.991221,W,0,10.0,1.0,86.0,0.0,0.0,154046.75*60
2021-07-28 16:40:48,545 [INFO] Interpreted as: {'position': (12.252735198184382, 7.460480276495218), 'latlon': (42.30006986666667, -71.09985368333334), 'heading': 86.0, 'depth': 1.0, 'altitude': 10.0, 'roll': 0.0, 'pitch': 0.0, 'last_fix_time': datetime.datetime(2021, 7, 28, 15, 40, 46), 'speed': None, 'rudder': 0, 'datum': (42.3, -71.1)}
2021-07-28 16:40:48,547 [INFO] Processing: $BFNVG,154047.11,4218.004211,N,07105.990954,W,0,10.0,1.0,86.0,0.0,0.0,154047.11*60
2021-07-28 16:40:48,548 [INFO] Interpreted as: {'position': (12.620428414084017, 7.486591515131295), 'latlon': (42.30007018333333, -71.09984923333333), 'heading': 86.0, 'depth': 1.0, 'altitude': 10.0, 'roll': 0.0, 'pitch': 0.0, 'last_fix_time': datetime.datetime(2021, 7, 28, 15, 40, 47), 'speed': None, 'rudder': 0, 'datum': (42.3, -71.1)}
2021-07-28 16:40:48,549 [INFO] Processing: $BFNVG,154047.46,4218.004229,N,07105.990693,W,0,10.0,1.0,86.0,0.0,0.0,154047.46*6F
2021-07-28 16:40:48,551 [INFO] Interpreted as: {'position': (12.979832687939052, 7.511055490933359), 'latlon': (42.300070483333336, -71.09984488333333), 'heading': 86.0, 'depth': 1.0, 'altitude': 10.0, 'roll': 0.0, 'pitch': 0.0, 'last_fix_time': datetime.datetime(2021, 7, 28, 15, 40, 47), 'speed': None, 'rudder': 0, 'datum': (42.3, -71.1)}
2021-07-28 16:40:48,552 [INFO] Received from Frontseat: [b'$BFNVG,154046.40,4218.004174,N,07105.991480,W,0,10.0,1.0,86.0,0.0,0.0,154046.40*65', b'$BFNVG,154046.75,4218.004192,N,07105.991221,W,0,10.0,1.0,86.0,0.0,0.0,154046.75*60', b'$BFNVG,154047.11,4218.004211,N,07105.990954,W,0,10.0,1.0,86.0,0.0,0.0,154047.11*60', b'$BFNVG,154047.46,4218.004229,N,07105.990693,W,0,10.0,1.0,86.0,0.0,0.0,154047.46*6F']
2021-07-28 16:40:48,553 [INFO] AUV state: {'position': (12.979832687939052, 7.511055490933359), 'latlon': (42.300070483333336, -71.09984488333333), 'heading': 86.0, 'depth': 1.0, 'altitude': 10.0, 'roll': 0.0, 'pitch': 0.0, 'last_fix_time': datetime.datetime(2021, 7, 28, 15, 40, 47), 'speed': None, 'rudder': 0, 'datum': (42.3, -71.1)}
2021-07-28 16:40:48,901 [INFO] **** [] []
2021-07-28 16:40:48,903 [INFO] Next green buoy: [], next red buoy: []
2021-07-28 16:40:48,903 [INFO] Desired_heading: 87.0
2021-07-28 16:40:48,904 [INFO] sending message $BPRMB,154049.47,-0.125,,,1000,0,1*46
...
2021-07-28 16:40:49,906 [INFO] sending message $BPSTS,154049.90,1,BWSI Autonomy OK*40
...
2021-07-28 16:40:49,907 [INFO] Processing: $BFNVG,154047.81,4218.004248,N,07105.990429,W,0,10.0,1.0,86.0,0.0,0.0,154047.81*6B
2021-07-28 16:40:49,908 [INFO] Interpreted as: {'position': (13.343404259649105, 7.537268473766744), 'latlon': (42.3000708, -71.09984048333334), 'heading': 86.0, 'depth': 1.0, 'altitude': 10.0, 'roll': 0.0, 'pitch': 0.0, 'last_fix_time': datetime.datetime(2021, 7, 28, 15, 40, 47), 'speed': None, 'rudder': 0, 'datum': (42.3, -71.1)}
2021-07-28 16:40:49,909 [INFO] Processing: $BFNVG,154048.17,4218.004267,N,07105.990164,W,0,10.0,1.0,86.0,0.0,0.0,154048.17*6A
2021-07-28 16:40:49,912 [INFO] Interpreted as: {'position': (13.70834970800206, 7.5634475741535425), 'latlon': (42.300071116666665, -71.09983606666667), 'heading': 86.0, 'depth': 1.0, 'altitude': 10.0, 'roll': 0.0, 'pitch': 0.0, 'last_fix_time': datetime.datetime(2021, 7, 28, 15, 40, 48), 'speed': None, 'rudder': 0, 'datum': (42.3, -71.1)}
2021-07-28 16:40:49,912 [INFO] Processing: $BFNVG,154048.52,4218.004285,N,07105.989900,W,0,10.0,1.0,86.0,0.0,0.0,154048.52*64
2021-07-28 16:40:49,914 [INFO] Interpreted as: {'position': (14.071875605732203, 7.58780989702791), 'latlon': (42.30007141666667, -71.09983166666666), 'heading': 86.0, 'depth': 1.0, 'altitude': 10.0, 'roll': 0.0, 'pitch': 0.0, 'last_fix_time': datetime.datetime(2021, 7, 28, 15, 40, 48), 'speed': None, 'rudder': 0, 'datum': (42.3, -71.1)}
2021-07-28 16:40:49,915 [INFO] Processing: $BFNVG,154048.88,4218.004304,N,07105.989636,W,0,10.0,1.0,86.0,0.0,0.0,154048.88*66
2021-07-28 16:40:49,916 [INFO] Interpreted as: {'position': (14.435447166324593, 7.614022937603295), 'latlon': (42.30007173333333, -71.09982726666667), 'heading': 86.0, 'depth': 1.0, 'altitude': 10.0, 'roll': 0.0, 'pitch': 0.0, 'last_fix_time': datetime.datetime(2021, 7, 28, 15, 40, 48), 'speed': None, 'rudder': 0, 'datum': (42.3, -71.1)}
2021-07-28 16:40:49,917 [INFO] Received from Frontseat: [b'$BFNVG,154047.81,4218.004248,N,07105.990429,W,0,10.0,1.0,86.0,0.0,0.0,154047.81*6B', b'$BFNVG,154048.17,4218.004267,N,07105.990164,W,0,10.0,1.0,86.0,0.0,0.0,154048.17*6A', b'$BFNVG,154048.52,4218.004285,N,07105.989900,W,0,10.0,1.0,86.0,0.0,0.0,154048.52*64', b'$BFNVG,154048.88,4218.004304,N,07105.989636,W,0,10.0,1.0,86.0,0.0,0.0,154048.88*66']
2021-07-28 16:40:49,918 [INFO] AUV state: {'position': (14.435447166324593, 7.614022937603295), 'latlon': (42.30007173333333, -71.09982726666667), 'heading': 86.0, 'depth': 1.0, 'altitude': 10.0, 'roll': 0.0, 'pitch': 0.0, 'last_fix_time': datetime.datetime(2021, 7, 28, 15, 40, 48), 'speed': None, 'rudder': 0, 'datum': (42.3, -71.1)}
2021-07-28 16:40:50,258 [INFO] **** [] []
2021-07-28 16:40:50,260 [INFO] Next green buoy: [], next red buoy: []
2021-07-28 16:40:50,261 [INFO] Desired_heading: 87.0
2021-07-28 16:40:50,261 [INFO] sending message $BPRMB,154050.33,-0.125,,,1000,0,1*4d
...
2021-07-28 16:40:51,263 [INFO] sending message $BPSTS,154051.26,1,BWSI Autonomy OK*44
...
2021-07-28 16:40:51,264 [INFO] Processing: $BFNVG,154049.23,4218.004322,N,07105.989370,W,0,10.0,1.0,86.0,0.0,0.0,154049.23*65
2021-07-28 16:40:51,271 [INFO] Interpreted as: {'position': (14.801720813498832, 7.6383174965158105), 'latlon': (42.300072033333336, -71.09982283333333), 'heading': 86.0, 'depth': 1.0, 'altitude': 10.0, 'roll': 0.0, 'pitch': 0.0, 'last_fix_time': datetime.datetime(2021, 7, 28, 15, 40, 49), 'speed': None, 'rudder': 0, 'datum': (42.3, -71.1)}
2021-07-28 16:40:51,272 [INFO] Processing: $BFNVG,154049.59,4218.004341,N,07105.989104,W,0,10.0,1.0,86.1,0.0,0.0,154049.59*60
2021-07-28 16:40:51,274 [INFO] Interpreted as: {'position': (15.168040125165135, 7.664462768472731), 'latlon': (42.30007235, -71.0998184), 'heading': 86.1, 'depth': 1.0, 'altitude': 10.0, 'roll': 0.0, 'pitch': 0.0, 'last_fix_time': datetime.datetime(2021, 7, 28, 15, 40, 49), 'speed': None, 'rudder': 0, 'datum': (42.3, -71.1)}
2021-07-28 16:40:51,275 [INFO] Processing: $BFNVG,154049.95,4218.004359,N,07105.988838,W,0,10.0,1.0,86.1,0.0,0.0,154049.95*6E
2021-07-28 16:40:51,277 [INFO] Interpreted as: {'position': (15.534313765005209, 7.688757362775505), 'latlon': (42.30007265, -71.09981396666667), 'heading': 86.1, 'depth': 1.0, 'altitude': 10.0, 'roll': 0.0, 'pitch': 0.0, 'last_fix_time': datetime.datetime(2021, 7, 28, 15, 40, 49), 'speed': None, 'rudder': 0, 'datum': (42.3, -71.1)}
2021-07-28 16:40:51,277 [INFO] Received from Frontseat: [b'$BFNVG,154049.23,4218.004322,N,07105.989370,W,0,10.0,1.0,86.0,0.0,0.0,154049.23*65', b'$BFNVG,154049.59,4218.004341,N,07105.989104,W,0,10.0,1.0,86.1,0.0,0.0,154049.59*60', b'$BFNVG,154049.95,4218.004359,N,07105.988838,W,0,10.0,1.0,86.1,0.0,0.0,154049.95*6E']
2021-07-28 16:40:51,278 [INFO] AUV state: {'position': (15.534313765005209, 7.688757362775505), 'latlon': (42.30007265, -71.09981396666667), 'heading': 86.1, 'depth': 1.0, 'altitude': 10.0, 'roll': 0.0, 'pitch': 0.0, 'last_fix_time': datetime.datetime(2021, 7, 28, 15, 40, 49), 'speed': None, 'rudder': 0, 'datum': (42.3, -71.1)}
2021-07-28 16:40:51,626 [INFO] **** [] []
2021-07-28 16:40:51,628 [INFO] Next green buoy: [], next red buoy: []
2021-07-28 16:40:51,629 [INFO] Desired_heading: 87.1
2021-07-28 16:40:51,629 [INFO] sending message $BPRMB,154052.18,-0.125,,,1000,0,1*46
...
2021-07-28 16:40:52,631 [INFO] sending message $BPSTS,154052.63,1,BWSI Autonomy OK*46
...
2021-07-28 16:40:52,632 [INFO] Processing: $BFNVG,154050.31,4218.004378,N,07105.988571,W,0,10.0,1.0,86.1,0.0,0.0,154050.31*6D
2021-07-28 16:40:52,634 [INFO] Interpreted as: {'position': (15.902006947551854, 7.714868773706257), 'latlon': (42.30007296666667, -71.09980951666667), 'heading': 86.1, 'depth': 1.0, 'altitude': 10.0, 'roll': 0.0, 'pitch': 0.0, 'last_fix_time': datetime.datetime(2021, 7, 28, 15, 40, 50), 'speed': None, 'rudder': 0, 'datum': (42.3, -71.1)}
2021-07-28 16:40:52,634 [INFO] Processing: $BFNVG,154050.67,4218.004396,N,07105.988303,W,0,10.0,1.0,86.1,0.0,0.0,154050.67*6E
2021-07-28 16:40:52,636 [INFO] Interpreted as: {'position': (16.271028336544987, 7.739095603115857), 'latlon': (42.300073266666665, -71.09980505), 'heading': 86.1, 'depth': 1.0, 'altitude': 10.0, 'roll': 0.0, 'pitch': 0.0, 'last_fix_time': datetime.datetime(2021, 7, 28, 15, 40, 50), 'speed': None, 'rudder': 0, 'datum': (42.3, -71.1)}
2021-07-28 16:40:52,637 [INFO] Processing: $BFNVG,154051.03,4218.004415,N,07105.988036,W,0,10.0,1.0,86.1,0.0,0.0,154051.03*67
2021-07-28 16:40:52,638 [INFO] Interpreted as: {'position': (16.638721511582844, 7.76520705036819), 'latlon': (42.30007358333334, -71.0998006), 'heading': 86.1, 'depth': 1.0, 'altitude': 10.0, 'roll': 0.0, 'pitch': 0.0, 'last_fix_time': datetime.datetime(2021, 7, 28, 15, 40, 51), 'speed': None, 'rudder': 0, 'datum': (42.3, -71.1)}
2021-07-28 16:40:52,640 [INFO] Processing: $BFNVG,154051.38,4218.004433,N,07105.987771,W,0,10.0,1.0,86.1,0.0,0.0,154051.38*68
2021-07-28 16:40:52,642 [INFO] Interpreted as: {'position': (17.003621254581958, 7.789535623975098), 'latlon': (42.30007388333333, -71.09979618333334), 'heading': 86.1, 'depth': 1.0, 'altitude': 10.0, 'roll': 0.0, 'pitch': 0.0, 'last_fix_time': datetime.datetime(2021, 7, 28, 15, 40, 51), 'speed': None, 'rudder': 0, 'datum': (42.3, -71.1)}
2021-07-28 16:40:52,642 [INFO] Received from Frontseat: [b'$BFNVG,154050.31,4218.004378,N,07105.988571,W,0,10.0,1.0,86.1,0.0,0.0,154050.31*6D', b'$BFNVG,154050.67,4218.004396,N,07105.988303,W,0,10.0,1.0,86.1,0.0,0.0,154050.67*6E', b'$BFNVG,154051.03,4218.004415,N,07105.988036,W,0,10.0,1.0,86.1,0.0,0.0,154051.03*67', b'$BFNVG,154051.38,4218.004433,N,07105.987771,W,0,10.0,1.0,86.1,0.0,0.0,154051.38*68']
2021-07-28 16:40:52,643 [INFO] AUV state: {'position': (17.003621254581958, 7.789535623975098), 'latlon': (42.30007388333333, -71.09979618333334), 'heading': 86.1, 'depth': 1.0, 'altitude': 10.0, 'roll': 0.0, 'pitch': 0.0, 'last_fix_time': datetime.datetime(2021, 7, 28, 15, 40, 51), 'speed': None, 'rudder': 0, 'datum': (42.3, -71.1)}
2021-07-28 16:40:52,985 [INFO] **** [] []
2021-07-28 16:40:52,987 [INFO] Next green buoy: [], next red buoy: []
2021-07-28 16:40:52,988 [INFO] Desired_heading: 87.1
2021-07-28 16:40:52,988 [INFO] sending message $BPRMB,154053.07,-0.125,,,1000,0,1*49
...
2021-07-28 16:40:53,990 [INFO] sending message $BPSTS,154053.99,1,BWSI Autonomy OK*42
...
2021-07-28 16:40:53,991 [INFO] Processing: $BFNVG,154051.73,4218.004451,N,07105.987507,W,0,10.0,1.0,86.1,0.0,0.0,154051.73*6F
2021-07-28 16:40:53,993 [INFO] Interpreted as: {'position': (17.367147120006848, 7.8138981172814965), 'latlon': (42.30007418333334, -71.09979178333333), 'heading': 86.1, 'depth': 1.0, 'altitude': 10.0, 'roll': 0.0, 'pitch': 0.0, 'last_fix_time': datetime.datetime(2021, 7, 28, 15, 40, 51), 'speed': None, 'rudder': 0, 'datum': (42.3, -71.1)}
2021-07-28 16:40:53,995 [INFO] Processing: $BFNVG,154052.09,4218.004469,N,07105.987243,W,0,10.0,1.0,86.1,0.0,0.0,154052.09*63
2021-07-28 16:40:53,997 [INFO] Interpreted as: {'position': (17.73067298193928, 7.838260631076992), 'latlon': (42.30007448333333, -71.09978738333334), 'heading': 86.1, 'depth': 1.0, 'altitude': 10.0, 'roll': 0.0, 'pitch': 0.0, 'last_fix_time': datetime.datetime(2021, 7, 28, 15, 40, 52), 'speed': None, 'rudder': 0, 'datum': (42.3, -71.1)}
2021-07-28 16:40:53,997 [INFO] Processing: $BFNVG,154052.45,4218.004488,N,07105.986974,W,0,10.0,1.0,86.1,0.0,0.0,154052.45*62
2021-07-28 16:40:54,000 [INFO] Interpreted as: {'position': (18.1011138985632, 7.864304349757731), 'latlon': (42.3000748, -71.0997829), 'heading': 86.1, 'depth': 1.0, 'altitude': 10.0, 'roll': 0.0, 'pitch': 0.0, 'last_fix_time': datetime.datetime(2021, 7, 28, 15, 40, 52), 'speed': None, 'rudder': 0, 'datum': (42.3, -71.1)}
2021-07-28 16:40:54,001 [INFO] Processing: $BFNVG,154052.81,4218.004506,N,07105.986708,W,0,10.0,1.0,86.2,0.0,0.0,154052.81*63
2021-07-28 16:40:54,003 [INFO] Interpreted as: {'position': (18.467387509532273, 7.8885991014540195), 'latlon': (42.3000751, -71.09977846666666), 'heading': 86.2, 'depth': 1.0, 'altitude': 10.0, 'roll': 0.0, 'pitch': 0.0, 'last_fix_time': datetime.datetime(2021, 7, 28, 15, 40, 52), 'speed': None, 'rudder': 0, 'datum': (42.3, -71.1)}
2021-07-28 16:40:54,003 [INFO] Received from Frontseat: [b'$BFNVG,154051.73,4218.004451,N,07105.987507,W,0,10.0,1.0,86.1,0.0,0.0,154051.73*6F', b'$BFNVG,154052.09,4218.004469,N,07105.987243,W,0,10.0,1.0,86.1,0.0,0.0,154052.09*63', b'$BFNVG,154052.45,4218.004488,N,07105.986974,W,0,10.0,1.0,86.1,0.0,0.0,154052.45*62', b'$BFNVG,154052.81,4218.004506,N,07105.986708,W,0,10.0,1.0,86.2,0.0,0.0,154052.81*63']
2021-07-28 16:40:54,004 [INFO] AUV state: {'position': (18.467387509532273, 7.8885991014540195), 'latlon': (42.3000751, -71.09977846666666), 'heading': 86.2, 'depth': 1.0, 'altitude': 10.0, 'roll': 0.0, 'pitch': 0.0, 'last_fix_time': datetime.datetime(2021, 7, 28, 15, 40, 52), 'speed': None, 'rudder': 0, 'datum': (42.3, -71.1)}
2021-07-28 16:40:54,352 [INFO] **** [] []
2021-07-28 16:40:54,354 [INFO] Next green buoy: [], next red buoy: []
2021-07-28 16:40:54,354 [INFO] Desired_heading: 87.2
2021-07-28 16:40:54,355 [INFO] sending message $BPRMB,154054.90,-0.125,,,1000,0,1*40
...
2021-07-28 16:40:55,357 [INFO] sending message $BPSTS,154055.35,1,BWSI Autonomy OK*42
...
2021-07-28 16:40:55,358 [INFO] Processing: $BFNVG,154053.16,4218.004524,N,07105.986440,W,0,10.0,1.0,86.2,0.0,0.0,154053.16*6C
2021-07-28 16:40:55,361 [INFO] Interpreted as: {'position': (18.836408873205073, 7.9128260631114244), 'latlon': (42.3000754, -71.099774), 'heading': 86.2, 'depth': 1.0, 'altitude': 10.0, 'roll': 0.0, 'pitch': 0.0, 'last_fix_time': datetime.datetime(2021, 7, 28, 15, 40, 53), 'speed': None, 'rudder': 0, 'datum': (42.3, -71.1)}
2021-07-28 16:40:55,361 [INFO] Processing: $BFNVG,154053.52,4218.004542,N,07105.986176,W,0,10.0,1.0,86.2,0.0,0.0,154053.52*6C
2021-07-28 16:40:55,363 [INFO] Interpreted as: {'position': (19.19993471878115, 7.937188652344048), 'latlon': (42.3000757, -71.0997696), 'heading': 86.2, 'depth': 1.0, 'altitude': 10.0, 'roll': 0.0, 'pitch': 0.0, 'last_fix_time': datetime.datetime(2021, 7, 28, 15, 40, 53), 'speed': None, 'rudder': 0, 'datum': (42.3, -71.1)}
2021-07-28 16:40:55,364 [INFO] Processing: $BFNVG,154053.88,4218.004560,N,07105.985910,W,0,10.0,1.0,86.2,0.0,0.0,154053.88*67
2021-07-28 16:40:55,366 [INFO] Interpreted as: {'position': (19.566208319040015, 7.961483457125723), 'latlon': (42.300076, -71.09976516666667), 'heading': 86.2, 'depth': 1.0, 'altitude': 10.0, 'roll': 0.0, 'pitch': 0.0, 'last_fix_time': datetime.datetime(2021, 7, 28, 15, 40, 53), 'speed': None, 'rudder': 0, 'datum': (42.3, -71.1)}
2021-07-28 16:40:55,367 [INFO] Processing: $BFNVG,154054.23,4218.004578,N,07105.985645,W,0,10.0,1.0,86.2,0.0,0.0,154054.23*61
2021-07-28 16:40:55,369 [INFO] Interpreted as: {'position': (19.93110803561285, 7.985812183469534), 'latlon': (42.3000763, -71.09976075), 'heading': 86.2, 'depth': 1.0, 'altitude': 10.0, 'roll': 0.0, 'pitch': 0.0, 'last_fix_time': datetime.datetime(2021, 7, 28, 15, 40, 54), 'speed': None, 'rudder': 0, 'datum': (42.3, -71.1)}
2021-07-28 16:40:55,370 [INFO] Received from Frontseat: [b'$BFNVG,154053.16,4218.004524,N,07105.986440,W,0,10.0,1.0,86.2,0.0,0.0,154053.16*6C', b'$BFNVG,154053.52,4218.004542,N,07105.986176,W,0,10.0,1.0,86.2,0.0,0.0,154053.52*6C', b'$BFNVG,154053.88,4218.004560,N,07105.985910,W,0,10.0,1.0,86.2,0.0,0.0,154053.88*67', b'$BFNVG,154054.23,4218.004578,N,07105.985645,W,0,10.0,1.0,86.2,0.0,0.0,154054.23*61']
2021-07-28 16:40:55,371 [INFO] AUV state: {'position': (19.93110803561285, 7.985812183469534), 'latlon': (42.3000763, -71.09976075), 'heading': 86.2, 'depth': 1.0, 'altitude': 10.0, 'roll': 0.0, 'pitch': 0.0, 'last_fix_time': datetime.datetime(2021, 7, 28, 15, 40, 54), 'speed': None, 'rudder': 0, 'datum': (42.3, -71.1)}
2021-07-28 16:40:55,712 [INFO] **** [] []
2021-07-28 16:40:55,715 [INFO] Next green buoy: [], next red buoy: []
2021-07-28 16:40:55,715 [INFO] Desired_heading: 87.2
2021-07-28 16:40:55,716 [INFO] sending message $BPRMB,154055.80,-0.125,,,1000,0,1*40
...
2021-07-28 16:40:56,717 [INFO] sending message $BPSTS,154056.71,1,BWSI Autonomy OK*41
...
2021-07-28 16:40:56,719 [INFO] Processing: $BFNVG,154054.59,4218.004596,N,07105.985381,W,0,10.0,1.0,86.2,0.0,0.0,154054.59*6C
2021-07-28 16:40:56,727 [INFO] Interpreted as: {'position': (20.294633872515988, 8.010174826718867), 'latlon': (42.3000766, -71.09975635), 'heading': 86.2, 'depth': 1.0, 'altitude': 10.0, 'roll': 0.0, 'pitch': 0.0, 'last_fix_time': datetime.datetime(2021, 7, 28, 15, 40, 54), 'speed': None, 'rudder': 0, 'datum': (42.3, -71.1)}
2021-07-28 16:40:56,727 [INFO] Processing: $BFNVG,154054.94,4218.004614,N,07105.985115,W,0,10.0,1.0,86.2,0.0,0.0,154054.94*6A
2021-07-28 16:40:56,729 [INFO] Interpreted as: {'position': (20.66090746212285, 8.034469689242542), 'latlon': (42.3000769, -71.09975191666666), 'heading': 86.2, 'depth': 1.0, 'altitude': 10.0, 'roll': 0.0, 'pitch': 0.0, 'last_fix_time': datetime.datetime(2021, 7, 28, 15, 40, 54), 'speed': None, 'rudder': 0, 'datum': (42.3, -71.1)}
2021-07-28 16:40:56,730 [INFO] Processing: $BFNVG,154055.32,4218.004633,N,07105.984831,W,0,10.0,1.0,86.2,0.0,0.0,154055.32*61
2021-07-28 16:40:56,732 [INFO] Interpreted as: {'position': (21.05195652070688, 8.060005049221218), 'latlon': (42.300077216666665, -71.09974718333333), 'heading': 86.2, 'depth': 1.0, 'altitude': 10.0, 'roll': 0.0, 'pitch': 0.0, 'last_fix_time': datetime.datetime(2021, 7, 28, 15, 40, 55), 'speed': None, 'rudder': 0, 'datum': (42.3, -71.1)}
2021-07-28 16:40:56,733 [INFO] Processing: $BFNVG,154055.70,4218.004652,N,07105.984548,W,0,10.0,1.0,86.2,0.0,0.0,154055.70*65
2021-07-28 16:40:56,735 [INFO] Interpreted as: {'position': (21.441631697234698, 8.085574334487319), 'latlon': (42.30007753333334, -71.09974246666667), 'heading': 86.2, 'depth': 1.0, 'altitude': 10.0, 'roll': 0.0, 'pitch': 0.0, 'last_fix_time': datetime.datetime(2021, 7, 28, 15, 40, 55), 'speed': None, 'rudder': 0, 'datum': (42.3, -71.1)}
2021-07-28 16:40:56,736 [INFO] Received from Frontseat: [b'$BFNVG,154054.59,4218.004596,N,07105.985381,W,0,10.0,1.0,86.2,0.0,0.0,154054.59*6C', b'$BFNVG,154054.94,4218.004614,N,07105.985115,W,0,10.0,1.0,86.2,0.0,0.0,154054.94*6A', b'$BFNVG,154055.32,4218.004633,N,07105.984831,W,0,10.0,1.0,86.2,0.0,0.0,154055.32*61', b'$BFNVG,154055.70,4218.004652,N,07105.984548,W,0,10.0,1.0,86.2,0.0,0.0,154055.70*65']
2021-07-28 16:40:56,737 [INFO] AUV state: {'position': (21.441631697234698, 8.085574334487319), 'latlon': (42.30007753333334, -71.09974246666667), 'heading': 86.2, 'depth': 1.0, 'altitude': 10.0, 'roll': 0.0, 'pitch': 0.0, 'last_fix_time': datetime.datetime(2021, 7, 28, 15, 40, 55), 'speed': None, 'rudder': 0, 'datum': (42.3, -71.1)}
2021-07-28 16:40:57,086 [INFO] **** [] []
2021-07-28 16:40:57,088 [INFO] Next green buoy: [], next red buoy: []
2021-07-28 16:40:57,088 [INFO] Desired_heading: 87.2
2021-07-28 16:40:57,089 [INFO] sending message $BPRMB,154057.62,-0.125,,,1000,0,1*4e
...
2021-07-28 16:40:58,090 [INFO] sending message $BPSTS,154058.09,1,BWSI Autonomy OK*40
...
2021-07-28 16:40:58,091 [INFO] Processing: $BFNVG,154056.07,4218.004671,N,07105.984271,W,0,10.0,1.0,86.3,0.0,0.0,154056.07*68
2021-07-28 16:40:58,093 [INFO] Interpreted as: {'position': (21.823063601157628, 8.111347042024136), 'latlon': (42.30007785, -71.09973785), 'heading': 86.3, 'depth': 1.0, 'altitude': 10.0, 'roll': 0.0, 'pitch': 0.0, 'last_fix_time': datetime.datetime(2021, 7, 28, 15, 40, 56), 'speed': None, 'rudder': 0, 'datum': (42.3, -71.1)}
2021-07-28 16:40:58,094 [INFO] Processing: $BFNVG,154056.45,4218.004689,N,07105.983994,W,0,10.0,1.0,86.3,0.0,0.0,154056.45*68
2021-07-28 16:40:58,096 [INFO] Interpreted as: {'position': (22.20444983476773, 8.135269075632095), 'latlon': (42.30007815, -71.09973323333334), 'heading': 86.3, 'depth': 1.0, 'altitude': 10.0, 'roll': 0.0, 'pitch': 0.0, 'last_fix_time': datetime.datetime(2021, 7, 28, 15, 40, 56), 'speed': None, 'rudder': 0, 'datum': (42.3, -71.1)}
2021-07-28 16:40:58,096 [INFO] Processing: $BFNVG,154056.81,4218.004707,N,07105.983723,W,0,10.0,1.0,86.3,0.0,0.0,154056.81*6D
2021-07-28 16:40:58,098 [INFO] Interpreted as: {'position': (22.577592796238605, 8.159394532442093), 'latlon': (42.30007845, -71.09972871666666), 'heading': 86.3, 'depth': 1.0, 'altitude': 10.0, 'roll': 0.0, 'pitch': 0.0, 'last_fix_time': datetime.datetime(2021, 7, 28, 15, 40, 56), 'speed': None, 'rudder': 0, 'datum': (42.3, -71.1)}
2021-07-28 16:40:58,099 [INFO] Received from Frontseat: [b'$BFNVG,154056.07,4218.004671,N,07105.984271,W,0,10.0,1.0,86.3,0.0,0.0,154056.07*68', b'$BFNVG,154056.45,4218.004689,N,07105.983994,W,0,10.0,1.0,86.3,0.0,0.0,154056.45*68', b'$BFNVG,154056.81,4218.004707,N,07105.983723,W,0,10.0,1.0,86.3,0.0,0.0,154056.81*6D']
2021-07-28 16:40:58,100 [INFO] AUV state: {'position': (22.577592796238605, 8.159394532442093), 'latlon': (42.30007845, -71.09972871666666), 'heading': 86.3, 'depth': 1.0, 'altitude': 10.0, 'roll': 0.0, 'pitch': 0.0, 'last_fix_time': datetime.datetime(2021, 7, 28, 15, 40, 56), 'speed': None, 'rudder': 0, 'datum': (42.3, -71.1)}
2021-07-28 16:40:58,442 [INFO] **** [] []
2021-07-28 16:40:58,444 [INFO] Next green buoy: [], next red buoy: []
2021-07-28 16:40:58,444 [INFO] Desired_heading: 87.3
2021-07-28 16:40:58,445 [INFO] sending message $BPRMB,154058.55,-0.125,,,1000,0,1*45
...
2021-07-28 16:40:59,447 [INFO] sending message $BPSTS,154059.44,1,BWSI Autonomy OK*48
...
2021-07-28 16:40:59,448 [INFO] Processing: $BFNVG,154057.17,4218.004725,N,07105.983454,W,0,10.0,1.0,86.3,0.0,0.0,154057.17*6E
2021-07-28 16:40:59,450 [INFO] Interpreted as: {'position': (22.94798799790442, 8.183587811887264), 'latlon': (42.30007875, -71.09972423333333), 'heading': 86.3, 'depth': 1.0, 'altitude': 10.0, 'roll': 0.0, 'pitch': 0.0, 'last_fix_time': datetime.datetime(2021, 7, 28, 15, 40, 57), 'speed': None, 'rudder': 0, 'datum': (42.3, -71.1)}
2021-07-28 16:40:59,451 [INFO] Processing: $BFNVG,154057.53,4218.004743,N,07105.983187,W,0,10.0,1.0,86.3,0.0,0.0,154057.53*65
2021-07-28 16:40:59,453 [INFO] Interpreted as: {'position': (23.31563543988159, 8.207848911173642), 'latlon': (42.30007905, -71.09971978333333), 'heading': 86.3, 'depth': 1.0, 'altitude': 10.0, 'roll': 0.0, 'pitch': 0.0, 'last_fix_time': datetime.datetime(2021, 7, 28, 15, 40, 57), 'speed': None, 'rudder': 0, 'datum': (42.3, -71.1)}
2021-07-28 16:40:59,454 [INFO] Processing: $BFNVG,154057.89,4218.004761,N,07105.982918,W,0,10.0,1.0,86.3,0.0,0.0,154057.89*6A
2021-07-28 16:40:59,456 [INFO] Interpreted as: {'position': (23.68603063223418, 8.232042227871716), 'latlon': (42.30007935, -71.0997153), 'heading': 86.3, 'depth': 1.0, 'altitude': 10.0, 'roll': 0.0, 'pitch': 0.0, 'last_fix_time': datetime.datetime(2021, 7, 28, 15, 40, 57), 'speed': None, 'rudder': 0, 'datum': (42.3, -71.1)}
2021-07-28 16:40:59,457 [INFO] Processing: $BFNVG,154058.25,4218.004779,N,07105.982652,W,0,10.0,1.0,86.3,0.0,0.0,154058.25*62
2021-07-28 16:40:59,459 [INFO] Interpreted as: {'position': (24.052304186916444, 8.25633726734668), 'latlon': (42.30007965, -71.09971086666667), 'heading': 86.3, 'depth': 1.0, 'altitude': 10.0, 'roll': 0.0, 'pitch': 0.0, 'last_fix_time': datetime.datetime(2021, 7, 28, 15, 40, 58), 'speed': None, 'rudder': 0, 'datum': (42.3, -71.1)}
2021-07-28 16:40:59,460 [INFO] Received from Frontseat: [b'$BFNVG,154057.17,4218.004725,N,07105.983454,W,0,10.0,1.0,86.3,0.0,0.0,154057.17*6E', b'$BFNVG,154057.53,4218.004743,N,07105.983187,W,0,10.0,1.0,86.3,0.0,0.0,154057.53*65', b'$BFNVG,154057.89,4218.004761,N,07105.982918,W,0,10.0,1.0,86.3,0.0,0.0,154057.89*6A', b'$BFNVG,154058.25,4218.004779,N,07105.982652,W,0,10.0,1.0,86.3,0.0,0.0,154058.25*62']
2021-07-28 16:40:59,461 [INFO] AUV state: {'position': (24.052304186916444, 8.25633726734668), 'latlon': (42.30007965, -71.09971086666667), 'heading': 86.3, 'depth': 1.0, 'altitude': 10.0, 'roll': 0.0, 'pitch': 0.0, 'last_fix_time': datetime.datetime(2021, 7, 28, 15, 40, 58), 'speed': None, 'rudder': 0, 'datum': (42.3, -71.1)}
2021-07-28 16:40:59,808 [INFO] **** [] []
2021-07-28 16:40:59,810 [INFO] Next green buoy: [], next red buoy: []
2021-07-28 16:40:59,810 [INFO] Desired_heading: 87.3
2021-07-28 16:40:59,811 [INFO] sending message $BPRMB,154100.33,-0.125,,,1000,0,1*49
...
2021-07-28 16:41:00,812 [INFO] sending message $BPSTS,154100.81,1,BWSI Autonomy OK*4c
...
2021-07-28 16:41:00,814 [INFO] Processing: $BFNVG,154058.60,4218.004796,N,07105.982388,W,0,10.0,1.0,86.3,0.0,0.0,154058.60*61
2021-07-28 16:41:00,816 [INFO] Interpreted as: {'position': (24.415784320270177, 8.278849427588284), 'latlon': (42.300079933333336, -71.09970646666666), 'heading': 86.3, 'depth': 1.0, 'altitude': 10.0, 'roll': 0.0, 'pitch': 0.0, 'last_fix_time': datetime.datetime(2021, 7, 28, 15, 40, 58), 'speed': None, 'rudder': 0, 'datum': (42.3, -71.1)}
2021-07-28 16:41:00,816 [INFO] Processing: $BFNVG,154058.96,4218.004814,N,07105.982122,W,0,10.0,1.0,86.3,0.0,0.0,154058.96*66
2021-07-28 16:41:00,818 [INFO] Interpreted as: {'position': (24.782057867909316, 8.303144503384829), 'latlon': (42.30008023333333, -71.09970203333333), 'heading': 86.3, 'depth': 1.0, 'altitude': 10.0, 'roll': 0.0, 'pitch': 0.0, 'last_fix_time': datetime.datetime(2021, 7, 28, 15, 40, 58), 'speed': None, 'rudder': 0, 'datum': (42.3, -71.1)}
2021-07-28 16:41:00,819 [INFO] Processing: $BFNVG,154059.31,4218.004831,N,07105.981856,W,0,10.0,1.0,86.4,0.0,0.0,154059.31*6F
2021-07-28 16:41:00,821 [INFO] Interpreted as: {'position': (25.148285748437047, 8.325588902458549), 'latlon': (42.30008051666667, -71.0996976), 'heading': 86.4, 'depth': 1.0, 'altitude': 10.0, 'roll': 0.0, 'pitch': 0.0, 'last_fix_time': datetime.datetime(2021, 7, 28, 15, 40, 59), 'speed': None, 'rudder': 0, 'datum': (42.3, -71.1)}
2021-07-28 16:41:00,822 [INFO] Processing: $BFNVG,154059.67,4218.004848,N,07105.981591,W,0,10.0,1.0,86.4,0.0,0.0,154059.67*67
2021-07-28 16:41:00,824 [INFO] Interpreted as: {'position': (25.513139747665264, 8.348067219369113), 'latlon': (42.3000808, -71.09969318333333), 'heading': 86.4, 'depth': 1.0, 'altitude': 10.0, 'roll': 0.0, 'pitch': 0.0, 'last_fix_time': datetime.datetime(2021, 7, 28, 15, 40, 59), 'speed': None, 'rudder': 0, 'datum': (42.3, -71.1)}
2021-07-28 16:41:00,825 [INFO] Received from Frontseat: [b'$BFNVG,154058.60,4218.004796,N,07105.982388,W,0,10.0,1.0,86.3,0.0,0.0,154058.60*61', b'$BFNVG,154058.96,4218.004814,N,07105.982122,W,0,10.0,1.0,86.3,0.0,0.0,154058.96*66', b'$BFNVG,154059.31,4218.004831,N,07105.981856,W,0,10.0,1.0,86.4,0.0,0.0,154059.31*6F', b'$BFNVG,154059.67,4218.004848,N,07105.981591,W,0,10.0,1.0,86.4,0.0,0.0,154059.67*67']
2021-07-28 16:41:00,826 [INFO] AUV state: {'position': (25.513139747665264, 8.348067219369113), 'latlon': (42.3000808, -71.09969318333333), 'heading': 86.4, 'depth': 1.0, 'altitude': 10.0, 'roll': 0.0, 'pitch': 0.0, 'last_fix_time': datetime.datetime(2021, 7, 28, 15, 40, 59), 'speed': None, 'rudder': 0, 'datum': (42.3, -71.1)}
2021-07-28 16:41:01,171 [INFO] **** [] []
2021-07-28 16:41:01,173 [INFO] Next green buoy: [], next red buoy: []
2021-07-28 16:41:01,173 [INFO] Desired_heading: 87.4
2021-07-28 16:41:01,174 [INFO] sending message $BPRMB,154101.28,-0.125,,,1000,0,1*42
...
2021-07-28 16:41:02,176 [INFO] sending message $BPSTS,154102.17,1,BWSI Autonomy OK*41
...
2021-07-28 16:41:02,177 [INFO] Processing: $BFNVG,154100.03,4218.004866,N,07105.981325,W,0,10.0,1.0,86.4,0.0,0.0,154100.03*62
2021-07-28 16:41:02,184 [INFO] Interpreted as: {'position': (25.879413286806084, 8.372362352907658), 'latlon': (42.3000811, -71.09968875), 'heading': 86.4, 'depth': 1.0, 'altitude': 10.0, 'roll': 0.0, 'pitch': 0.0, 'last_fix_time': datetime.datetime(2021, 7, 28, 15, 41), 'speed': None, 'rudder': 0, 'datum': (42.3, -71.1)}
2021-07-28 16:41:02,185 [INFO] Processing: $BFNVG,154100.38,4218.004883,N,07105.981060,W,0,10.0,1.0,86.4,0.0,0.0,154100.38*6B
2021-07-28 16:41:02,188 [INFO] Interpreted as: {'position': (26.244267279165797, 8.394840706139803), 'latlon': (42.300081383333335, -71.09968433333333), 'heading': 86.4, 'depth': 1.0, 'altitude': 10.0, 'roll': 0.0, 'pitch': 0.0, 'last_fix_time': datetime.datetime(2021, 7, 28, 15, 41), 'speed': None, 'rudder': 0, 'datum': (42.3, -71.1)}
2021-07-28 16:41:02,190 [INFO] Processing: $BFNVG,154100.73,4218.004900,N,07105.980796,W,0,10.0,1.0,86.4,0.0,0.0,154100.73*6E
2021-07-28 16:41:02,192 [INFO] Interpreted as: {'position': (26.607747388072312, 8.417352980934083), 'latlon': (42.300081666666664, -71.09967993333333), 'heading': 86.4, 'depth': 1.0, 'altitude': 10.0, 'roll': 0.0, 'pitch': 0.0, 'last_fix_time': datetime.datetime(2021, 7, 28, 15, 41), 'speed': None, 'rudder': 0, 'datum': (42.3, -71.1)}
2021-07-28 16:41:02,192 [INFO] Processing: $BFNVG,154101.09,4218.004918,N,07105.980530,W,0,10.0,1.0,86.4,0.0,0.0,154101.09*69
2021-07-28 16:41:02,194 [INFO] Interpreted as: {'position': (26.974020914640278, 8.441648171283305), 'latlon': (42.30008196666667, -71.0996755), 'heading': 86.4, 'depth': 1.0, 'altitude': 10.0, 'roll': 0.0, 'pitch': 0.0, 'last_fix_time': datetime.datetime(2021, 7, 28, 15, 41, 1), 'speed': None, 'rudder': 0, 'datum': (42.3, -71.1)}
2021-07-28 16:41:02,195 [INFO] Received from Frontseat: [b'$BFNVG,154100.03,4218.004866,N,07105.981325,W,0,10.0,1.0,86.4,0.0,0.0,154100.03*62', b'$BFNVG,154100.38,4218.004883,N,07105.981060,W,0,10.0,1.0,86.4,0.0,0.0,154100.38*6B', b'$BFNVG,154100.73,4218.004900,N,07105.980796,W,0,10.0,1.0,86.4,0.0,0.0,154100.73*6E', b'$BFNVG,154101.09,4218.004918,N,07105.980530,W,0,10.0,1.0,86.4,0.0,0.0,154101.09*69']
2021-07-28 16:41:02,196 [INFO] AUV state: {'position': (26.974020914640278, 8.441648171283305), 'latlon': (42.30008196666667, -71.0996755), 'heading': 86.4, 'depth': 1.0, 'altitude': 10.0, 'roll': 0.0, 'pitch': 0.0, 'last_fix_time': datetime.datetime(2021, 7, 28, 15, 41, 1), 'speed': None, 'rudder': 0, 'datum': (42.3, -71.1)}
2021-07-28 16:41:02,546 [INFO] **** [] []
2021-07-28 16:41:02,548 [INFO] Next green buoy: [], next red buoy: []
2021-07-28 16:41:02,548 [INFO] Desired_heading: 87.4
2021-07-28 16:41:02,549 [INFO] sending message $BPRMB,154103.06,-0.125,,,1000,0,1*4c
...
2021-07-28 16:41:03,550 [INFO] sending message $BPSTS,154103.55,1,BWSI Autonomy OK*46
...
2021-07-28 16:41:03,551 [INFO] Processing: $BFNVG,154101.44,4218.004934,N,07105.980271,W,0,10.0,1.0,86.4,0.0,0.0,154101.44*65
2021-07-28 16:41:03,553 [INFO] Interpreted as: {'position': (27.330585963849444, 8.46247928403318), 'latlon': (42.300082233333335, -71.09967118333333), 'heading': 86.4, 'depth': 1.0, 'altitude': 10.0, 'roll': 0.0, 'pitch': 0.0, 'last_fix_time': datetime.datetime(2021, 7, 28, 15, 41, 1), 'speed': None, 'rudder': 0, 'datum': (42.3, -71.1)}
2021-07-28 16:41:03,553 [INFO] Processing: $BFNVG,154101.78,4218.004951,N,07105.980016,W,0,10.0,1.0,86.4,0.0,0.0,154101.78*65
2021-07-28 16:41:03,554 [INFO] Interpreted as: {'position': (27.68170116294641, 8.485296709463), 'latlon': (42.30008251666667, -71.09966693333334), 'heading': 86.4, 'depth': 1.0, 'altitude': 10.0, 'roll': 0.0, 'pitch': 0.0, 'last_fix_time': datetime.datetime(2021, 7, 28, 15, 41, 1), 'speed': None, 'rudder': 0, 'datum': (42.3, -71.1)}
2021-07-28 16:41:03,555 [INFO] Processing: $BFNVG,154102.17,4218.004969,N,07105.979729,W,0,10.0,1.0,86.4,0.0,0.0,154102.17*63
2021-07-28 16:41:03,556 [INFO] Interpreted as: {'position': (28.07682611886412, 8.508880064822733), 'latlon': (42.30008281666667, -71.09966215), 'heading': 86.4, 'depth': 1.0, 'altitude': 10.0, 'roll': 0.0, 'pitch': 0.0, 'last_fix_time': datetime.datetime(2021, 7, 28, 15, 41, 2), 'speed': None, 'rudder': 0, 'datum': (42.3, -71.1)}
2021-07-28 16:41:03,557 [INFO] Processing: $BFNVG,154102.54,4218.004987,N,07105.979449,W,0,10.0,1.0,86.5,0.0,0.0,154102.54*67
2021-07-28 16:41:03,558 [INFO] Interpreted as: {'position': (28.46233392506838, 8.532700738869607), 'latlon': (42.30008311666667, -71.09965748333333), 'heading': 86.5, 'depth': 1.0, 'altitude': 10.0, 'roll': 0.0, 'pitch': 0.0, 'last_fix_time': datetime.datetime(2021, 7, 28, 15, 41, 2), 'speed': None, 'rudder': 0, 'datum': (42.3, -71.1)}
2021-07-28 16:41:03,558 [INFO] Received from Frontseat: [b'$BFNVG,154101.44,4218.004934,N,07105.980271,W,0,10.0,1.0,86.4,0.0,0.0,154101.44*65', b'$BFNVG,154101.78,4218.004951,N,07105.980016,W,0,10.0,1.0,86.4,0.0,0.0,154101.78*65', b'$BFNVG,154102.17,4218.004969,N,07105.979729,W,0,10.0,1.0,86.4,0.0,0.0,154102.17*63', b'$BFNVG,154102.54,4218.004987,N,07105.979449,W,0,10.0,1.0,86.5,0.0,0.0,154102.54*67']
2021-07-28 16:41:03,559 [INFO] AUV state: {'position': (28.46233392506838, 8.532700738869607), 'latlon': (42.30008311666667, -71.09965748333333), 'heading': 86.5, 'depth': 1.0, 'altitude': 10.0, 'roll': 0.0, 'pitch': 0.0, 'last_fix_time': datetime.datetime(2021, 7, 28, 15, 41, 2), 'speed': None, 'rudder': 0, 'datum': (42.3, -71.1)}
2021-07-28 16:41:03,887 [INFO] **** [] []
2021-07-28 16:41:03,889 [INFO] Next green buoy: [], next red buoy: []
2021-07-28 16:41:03,889 [INFO] Desired_heading: 87.5
2021-07-28 16:41:03,890 [INFO] sending message $BPRMB,154104.03,-0.125,,,1000,0,1*4e
...
2021-07-28 16:41:03,995 [ERROR] An error occurred. The stack trace is below.
Traceback (most recent call last):
  File "BWSI_BackSeat.py", line 126, in run
    time.sleep(1/self.__warp)
KeyboardInterrupt
