2021-07-29 04:03:52,564 [INFO] host = 192.168.1.213, port = 29500
2021-07-29 04:03:52,572 [INFO] sending message $BPLOG,ACK,ON*1e
...
2021-07-29 04:03:52,573 [INFO] sending message $BPLOG,ALL,ON*16
...
2021-07-29 04:03:52,573 [INFO] sending message $BPSTS,030352.57,1,BWSI Autonomy OK*41
...
2021-07-29 04:03:52,574 [INFO] Received from Frontseat: []
2021-07-29 04:03:52,574 [INFO] AUV state: {'position': (None, None), 'latlon': None, 'heading': None, 'depth': None, 'altitude': None, 'roll': None, 'pitch': None, 'last_fix_time': None, 'speed': None, 'rudder': 0}
2021-07-29 04:03:53,576 [INFO] sending message $BPSTS,030353.57,1,BWSI Autonomy OK*40
...
2021-07-29 04:03:53,578 [INFO] Processing: $BFNVG,030350.18,4218.000000,N,07106.000000,W,0,10.0,1.0,45.0,0.0,0.0,030350.18*62
2021-07-29 04:03:53,580 [INFO] Interpreted as: {'position': (0, 0), 'latlon': (42.3, -71.1), 'heading': 45.0, 'depth': 1.0, 'altitude': 10.0, 'roll': 0.0, 'pitch': 0.0, 'last_fix_time': datetime.datetime(2021, 7, 29, 3, 3, 50), 'speed': None, 'rudder': 0, 'datum': (42.3, -71.1)}
2021-07-29 04:03:53,581 [INFO] Processing: $BFNVG,030350.43,4218.000000,N,07106.000000,W,0,10.0,1.0,45.0,0.0,0.0,030350.43*62
2021-07-29 04:03:53,583 [INFO] Interpreted as: {'position': (0.0, 0.0), 'latlon': (42.3, -71.1), 'heading': 45.0, 'depth': 1.0, 'altitude': 10.0, 'roll': 0.0, 'pitch': 0.0, 'last_fix_time': datetime.datetime(2021, 7, 29, 3, 3, 50), 'speed': None, 'rudder': 0, 'datum': (42.3, -71.1)}
2021-07-29 04:03:53,584 [INFO] Processing: $BFNVG,030350.68,4218.000000,N,07106.000000,W,0,10.0,1.0,45.0,0.0,0.0,030350.68*62
2021-07-29 04:03:53,586 [INFO] Interpreted as: {'position': (0.0, 0.0), 'latlon': (42.3, -71.1), 'heading': 45.0, 'depth': 1.0, 'altitude': 10.0, 'roll': 0.0, 'pitch': 0.0, 'last_fix_time': datetime.datetime(2021, 7, 29, 3, 3, 50), 'speed': None, 'rudder': 0, 'datum': (42.3, -71.1)}
2021-07-29 04:03:53,587 [INFO] Processing: $BFNVG,030350.93,4218.000000,N,07106.000000,W,0,10.0,1.0,45.0,0.0,0.0,030350.93*62
2021-07-29 04:03:53,589 [INFO] Interpreted as: {'position': (0.0, 0.0), 'latlon': (42.3, -71.1), 'heading': 45.0, 'depth': 1.0, 'altitude': 10.0, 'roll': 0.0, 'pitch': 0.0, 'last_fix_time': datetime.datetime(2021, 7, 29, 3, 3, 50), 'speed': None, 'rudder': 0, 'datum': (42.3, -71.1)}
2021-07-29 04:03:53,590 [INFO] Processing: $BFNVG,030351.18,4218.000000,N,07106.000000,W,0,10.0,1.0,45.0,0.0,0.0,030351.18*62
2021-07-29 04:03:53,592 [INFO] Interpreted as: {'position': (0.0, 0.0), 'latlon': (42.3, -71.1), 'heading': 45.0, 'depth': 1.0, 'altitude': 10.0, 'roll': 0.0, 'pitch': 0.0, 'last_fix_time': datetime.datetime(2021, 7, 29, 3, 3, 51), 'speed': None, 'rudder': 0, 'datum': (42.3, -71.1)}
2021-07-29 04:03:53,593 [INFO] Processing: $BFNVG,030351.43,4218.000000,N,07106.000000,W,0,10.0,1.0,45.0,0.0,0.0,030351.43*62
2021-07-29 04:03:53,595 [INFO] Interpreted as: {'position': (0.0, 0.0), 'latlon': (42.3, -71.1), 'heading': 45.0, 'depth': 1.0, 'altitude': 10.0, 'roll': 0.0, 'pitch': 0.0, 'last_fix_time': datetime.datetime(2021, 7, 29, 3, 3, 51), 'speed': None, 'rudder': 0, 'datum': (42.3, -71.1)}
2021-07-29 04:03:53,596 [INFO] Processing: $BFNVG,030351.68,4218.000000,N,07106.000000,W,0,10.0,1.0,45.0,0.0,0.0,030351.68*62
2021-07-29 04:03:53,598 [INFO] Interpreted as: {'position': (0.0, 0.0), 'latlon': (42.3, -71.1), 'heading': 45.0, 'depth': 1.0, 'altitude': 10.0, 'roll': 0.0, 'pitch': 0.0, 'last_fix_time': datetime.datetime(2021, 7, 29, 3, 3, 51), 'speed': None, 'rudder': 0, 'datum': (42.3, -71.1)}
2021-07-29 04:03:53,599 [INFO] Processing: $BFNVG,030351.93,4218.000000,N,07106.000000,W,0,10.0,1.0,45.0,0.0,0.0,030351.93*62
2021-07-29 04:03:53,601 [INFO] Interpreted as: {'position': (0.0, 0.0), 'latlon': (42.3, -71.1), 'heading': 45.0, 'depth': 1.0, 'altitude': 10.0, 'roll': 0.0, 'pitch': 0.0, 'last_fix_time': datetime.datetime(2021, 7, 29, 3, 3, 51), 'speed': None, 'rudder': 0, 'datum': (42.3, -71.1)}
2021-07-29 04:03:53,602 [INFO] Processing: $BFNVG,030352.18,4218.000000,N,07106.000000,W,0,10.0,1.0,45.0,0.0,0.0,030352.18*62
2021-07-29 04:03:53,604 [INFO] Interpreted as: {'position': (0.0, 0.0), 'latlon': (42.3, -71.1), 'heading': 45.0, 'depth': 1.0, 'altitude': 10.0, 'roll': 0.0, 'pitch': 0.0, 'last_fix_time': datetime.datetime(2021, 7, 29, 3, 3, 52), 'speed': None, 'rudder': 0, 'datum': (42.3, -71.1)}
2021-07-29 04:03:53,605 [INFO] Processing: $BFNVG,030352.43,4218.000000,N,07106.000000,W,0,10.0,1.0,45.0,0.0,0.0,030352.43*62
2021-07-29 04:03:53,607 [INFO] Interpreted as: {'position': (0.0, 0.0), 'latlon': (42.3, -71.1), 'heading': 45.0, 'depth': 1.0, 'altitude': 10.0, 'roll': 0.0, 'pitch': 0.0, 'last_fix_time': datetime.datetime(2021, 7, 29, 3, 3, 52), 'speed': None, 'rudder': 0, 'datum': (42.3, -71.1)}
2021-07-29 04:03:53,608 [INFO] Processing: $BFNVG,030352.68,4218.000000,N,07106.000000,W,0,10.0,1.0,45.0,0.0,0.0,030352.68*62
2021-07-29 04:03:53,610 [INFO] Interpreted as: {'position': (0.0, 0.0), 'latlon': (42.3, -71.1), 'heading': 45.0, 'depth': 1.0, 'altitude': 10.0, 'roll': 0.0, 'pitch': 0.0, 'last_fix_time': datetime.datetime(2021, 7, 29, 3, 3, 52), 'speed': None, 'rudder': 0, 'datum': (42.3, -71.1)}
2021-07-29 04:03:53,611 [INFO] Received from Frontseat: [b'$BFNVG,030350.18,4218.000000,N,07106.000000,W,0,10.0,1.0,45.0,0.0,0.0,030350.18*62', b'$BFNVG,030350.43,4218.000000,N,07106.000000,W,0,10.0,1.0,45.0,0.0,0.0,030350.43*62', b'$BFNVG,030350.68,4218.000000,N,07106.000000,W,0,10.0,1.0,45.0,0.0,0.0,030350.68*62', b'$BFNVG,030350.93,4218.000000,N,07106.000000,W,0,10.0,1.0,45.0,0.0,0.0,030350.93*62', b'$BFNVG,030351.18,4218.000000,N,07106.000000,W,0,10.0,1.0,45.0,0.0,0.0,030351.18*62', b'$BFNVG,030351.43,4218.000000,N,07106.000000,W,0,10.0,1.0,45.0,0.0,0.0,030351.43*62', b'$BFNVG,030351.68,4218.000000,N,07106.000000,W,0,10.0,1.0,45.0,0.0,0.0,030351.68*62', b'$BFNVG,030351.93,4218.000000,N,07106.000000,W,0,10.0,1.0,45.0,0.0,0.0,030351.93*62', b'$BFNVG,030352.18,4218.000000,N,07106.000000,W,0,10.0,1.0,45.0,0.0,0.0,030352.18*62', b'$BFNVG,030352.43,4218.000000,N,07106.000000,W,0,10.0,1.0,45.0,0.0,0.0,030352.43*62', b'$BFNVG,030352.68,4218.000000,N,07106.000000,W,0,10.0,1.0,45.0,0.0,0.0,030352.68*62']
2021-07-29 04:03:53,612 [INFO] AUV state: {'position': (0.0, 0.0), 'latlon': (42.3, -71.1), 'heading': 45.0, 'depth': 1.0, 'altitude': 10.0, 'roll': 0.0, 'pitch': 0.0, 'last_fix_time': datetime.datetime(2021, 7, 29, 3, 3, 52), 'speed': None, 'rudder': 0, 'datum': (42.3, -71.1)}
2021-07-29 04:03:53,936 [INFO] **** [(-0.21993023293121178, -7.6862156757158235)] [(15.437560812208067, -7.329055330858309)]
2021-07-29 04:03:53,939 [INFO] Next green buoy: [(-0.21993023293121178, -7.6862156757158235)], next red buoy: [(15.437560812208067, -7.329055330858309)]
2021-07-29 04:03:53,939 [INFO] Desired_heading: 52.60881528963843
2021-07-29 04:03:53,940 [INFO] delta angle: 23.15762804473421
2021-07-29 04:03:53,940 [INFO] sending message $BPRMB,030354.57,-23.15762804473421,1,0,750,0,1*72
...
2021-07-29 04:03:54,942 [INFO] sending message $BPSTS,030354.94,1,BWSI Autonomy OK*48
...
2021-07-29 04:03:54,943 [INFO] Processing: $BFNVG,030353.09,4218.000000,N,07106.000000,W,0,10.0,1.0,45.0,0.0,0.0,030353.09*62
2021-07-29 04:03:54,946 [INFO] Interpreted as: {'position': (0.0, 0.0), 'latlon': (42.3, -71.1), 'heading': 45.0, 'depth': 1.0, 'altitude': 10.0, 'roll': 0.0, 'pitch': 0.0, 'last_fix_time': datetime.datetime(2021, 7, 29, 3, 3, 53), 'speed': None, 'rudder': 0, 'datum': (42.3, -71.1)}
2021-07-29 04:03:54,947 [INFO] Processing: $BFNVG,030353.43,4218.000000,N,07106.000000,W,0,10.0,1.0,45.0,0.0,0.0,030353.43*62
2021-07-29 04:03:54,948 [INFO] Interpreted as: {'position': (0.0, 0.0), 'latlon': (42.3, -71.1), 'heading': 45.0, 'depth': 1.0, 'altitude': 10.0, 'roll': 0.0, 'pitch': 0.0, 'last_fix_time': datetime.datetime(2021, 7, 29, 3, 3, 53), 'speed': None, 'rudder': 0, 'datum': (42.3, -71.1)}
2021-07-29 04:03:54,949 [INFO] Processing: $BFNVG,030353.76,4218.000000,N,07106.000000,W,0,10.0,1.0,45.0,0.0,0.0,030353.76*62
2021-07-29 04:03:54,951 [INFO] Interpreted as: {'position': (0.0, 0.0), 'latlon': (42.3, -71.1), 'heading': 45.0, 'depth': 1.0, 'altitude': 10.0, 'roll': 0.0, 'pitch': 0.0, 'last_fix_time': datetime.datetime(2021, 7, 29, 3, 3, 53), 'speed': None, 'rudder': 0, 'datum': (42.3, -71.1)}
2021-07-29 04:03:54,952 [INFO] Received from Frontseat: [b'$BFNVG,030353.09,4218.000000,N,07106.000000,W,0,10.0,1.0,45.0,0.0,0.0,030353.09*62', b'$BFNVG,030353.43,4218.000000,N,07106.000000,W,0,10.0,1.0,45.0,0.0,0.0,030353.43*62', b'$BFNVG,030353.76,4218.000000,N,07106.000000,W,0,10.0,1.0,45.0,0.0,0.0,030353.76*62']
2021-07-29 04:03:54,953 [INFO] AUV state: {'position': (0.0, 0.0), 'latlon': (42.3, -71.1), 'heading': 45.0, 'depth': 1.0, 'altitude': 10.0, 'roll': 0.0, 'pitch': 0.0, 'last_fix_time': datetime.datetime(2021, 7, 29, 3, 3, 53), 'speed': None, 'rudder': 0, 'datum': (42.3, -71.1)}
2021-07-29 04:03:55,280 [INFO] **** [(-0.22035521470194389, -7.708961974233651)] [(15.437560812208067, -7.333901112744751)]
2021-07-29 04:03:55,282 [INFO] Next green buoy: [(-0.22035521470194389, -7.708961974233651)], next red buoy: [(15.437560812208067, -7.333901112744751)]
2021-07-29 04:03:55,283 [INFO] Desired_heading: 52.60860279875306
2021-07-29 04:03:55,283 [INFO] delta angle: 23.156334619677168
2021-07-29 04:03:55,284 [INFO] sending message $BPRMB,030355.31,-23.156334619677168,1,0,750,0,1*4e
...
2021-07-29 04:03:56,285 [INFO] sending message $BPSTS,030356.28,1,BWSI Autonomy OK*4d
...
2021-07-29 04:03:56,287 [INFO] Processing: $BFNVG,030354.10,4218.000000,N,07106.000000,W,0,10.0,1.0,45.0,0.0,0.0,030354.10*62
2021-07-29 04:03:56,289 [INFO] Interpreted as: {'position': (0.0, 0.0), 'latlon': (42.3, -71.1), 'heading': 45.0, 'depth': 1.0, 'altitude': 10.0, 'roll': 0.0, 'pitch': 0.0, 'last_fix_time': datetime.datetime(2021, 7, 29, 3, 3, 54), 'speed': None, 'rudder': 0, 'datum': (42.3, -71.1)}
2021-07-29 04:03:56,290 [INFO] Processing: $BFNVG,030354.44,4218.000101,N,07105.999867,W,0,10.0,1.0,46.5,0.0,0.0,030354.44*67
2021-07-29 04:03:56,292 [INFO] Interpreted as: {'position': (0.1873388925450854, 0.1824110420420766), 'latlon': (42.300001683333335, -71.09999778333334), 'heading': 46.5, 'depth': 1.0, 'altitude': 10.0, 'roll': 0.0, 'pitch': 0.0, 'last_fix_time': datetime.datetime(2021, 7, 29, 3, 3, 54), 'speed': None, 'rudder': 0, 'datum': (42.3, -71.1)}
2021-07-29 04:03:56,293 [INFO] Processing: $BFNVG,030354.78,4218.000199,N,07105.999731,W,0,10.0,1.0,47.9,0.0,0.0,030354.78*67
2021-07-29 04:03:56,295 [INFO] Interpreted as: {'position': (0.37866240076255053, 0.3591682808473706), 'latlon': (42.30000331666667, -71.09999551666667), 'heading': 47.9, 'depth': 1.0, 'altitude': 10.0, 'roll': 0.0, 'pitch': 0.0, 'last_fix_time': datetime.datetime(2021, 7, 29, 3, 3, 54), 'speed': None, 'rudder': 0, 'datum': (42.3, -71.1)}
2021-07-29 04:03:56,296 [INFO] Processing: $BFNVG,030355.11,4218.000294,N,07105.999592,W,0,10.0,1.0,49.4,0.0,0.0,030355.11*61
2021-07-29 04:03:56,299 [INFO] Interpreted as: {'position': (0.5739705226151273, 0.5302717173472047), 'latlon': (42.3000049, -71.0999932), 'heading': 49.4, 'depth': 1.0, 'altitude': 10.0, 'roll': 0.0, 'pitch': 0.0, 'last_fix_time': datetime.datetime(2021, 7, 29, 3, 3, 55), 'speed': None, 'rudder': 0, 'datum': (42.3, -71.1)}
2021-07-29 04:03:56,300 [INFO] Received from Frontseat: [b'$BFNVG,030354.10,4218.000000,N,07106.000000,W,0,10.0,1.0,45.0,0.0,0.0,030354.10*62', b'$BFNVG,030354.44,4218.000101,N,07105.999867,W,0,10.0,1.0,46.5,0.0,0.0,030354.44*67', b'$BFNVG,030354.78,4218.000199,N,07105.999731,W,0,10.0,1.0,47.9,0.0,0.0,030354.78*67', b'$BFNVG,030355.11,4218.000294,N,07105.999592,W,0,10.0,1.0,49.4,0.0,0.0,030355.11*61']
2021-07-29 04:03:56,302 [INFO] AUV state: {'position': (0.5739705226151273, 0.5302717173472047), 'latlon': (42.3000049, -71.0999932), 'heading': 49.4, 'depth': 1.0, 'altitude': 10.0, 'roll': 0.0, 'pitch': 0.0, 'last_fix_time': datetime.datetime(2021, 7, 29, 3, 3, 55), 'speed': None, 'rudder': 0, 'datum': (42.3, -71.1)}
2021-07-29 04:03:56,629 [INFO] **** [(-5.402529185768139, -8.433021007011646)] [(12.091879212272195, -8.24833232710275)]
2021-07-29 04:03:56,631 [INFO] Next green buoy: [(-5.402529185768139, -8.433021007011646)], next red buoy: [(12.091879212272195, -8.24833232710275)]
2021-07-29 04:03:56,631 [INFO] Desired_heading: 52.74467501325203
2021-07-29 04:03:56,632 [INFO] delta angle: 4.474740377708985
2021-07-29 04:03:56,632 [INFO] sending message $BPRMB,030357.25,-4.474740377708985,1,0,750,0,1*71
...
2021-07-29 04:03:57,634 [INFO] sending message $BPSTS,030357.63,1,BWSI Autonomy OK*43
...
2021-07-29 04:03:57,635 [INFO] Processing: $BFNVG,030355.46,4218.000389,N,07105.999447,W,0,10.0,1.0,50.9,0.0,0.0,030355.46*60
2021-07-29 04:03:57,636 [INFO] Interpreted as: {'position': (0.7775219129398465, 0.7011717306450009), 'latlon': (42.300006483333334, -71.09999078333334), 'heading': 50.9, 'depth': 1.0, 'altitude': 10.0, 'roll': 0.0, 'pitch': 0.0, 'last_fix_time': datetime.datetime(2021, 7, 29, 3, 3, 55), 'speed': None, 'rudder': 0, 'datum': (42.3, -71.1)}
2021-07-29 04:03:57,637 [INFO] Processing: $BFNVG,030355.80,4218.000481,N,07105.999299,W,0,10.0,1.0,52.4,0.0,0.0,030355.80*65
2021-07-29 04:03:57,639 [INFO] Interpreted as: {'position': (0.9850579168414697, 0.8664179425686598), 'latlon': (42.300008016666666, -71.09998831666667), 'heading': 52.4, 'depth': 1.0, 'altitude': 10.0, 'roll': 0.0, 'pitch': 0.0, 'last_fix_time': datetime.datetime(2021, 7, 29, 3, 3, 55), 'speed': None, 'rudder': 0, 'datum': (42.3, -71.1)}
2021-07-29 04:03:57,640 [INFO] Processing: $BFNVG,030356.14,4218.000568,N,07105.999149,W,0,10.0,1.0,53.9,0.0,0.0,030356.14*61
2021-07-29 04:03:57,641 [INFO] Interpreted as: {'position': (1.1951133133261465, 1.0223428662866354), 'latlon': (42.300009466666666, -71.09998581666666), 'heading': 53.9, 'depth': 1.0, 'altitude': 10.0, 'roll': 0.0, 'pitch': 0.0, 'last_fix_time': datetime.datetime(2021, 7, 29, 3, 3, 56), 'speed': None, 'rudder': 0, 'datum': (42.3, -71.1)}
2021-07-29 04:03:57,642 [INFO] Processing: $BFNVG,030356.48,4218.000653,N,07105.998997,W,0,10.0,1.0,55.3,0.0,0.0,030356.48*6C
2021-07-29 04:03:57,644 [INFO] Interpreted as: {'position': (1.4078251138562337, 1.1744985925033689), 'latlon': (42.300010883333336, -71.09998328333333), 'heading': 55.3, 'depth': 1.0, 'altitude': 10.0, 'roll': 0.0, 'pitch': 0.0, 'last_fix_time': datetime.datetime(2021, 7, 29, 3, 3, 56), 'speed': None, 'rudder': 0, 'datum': (42.3, -71.1)}
2021-07-29 04:03:57,645 [INFO] Received from Frontseat: [b'$BFNVG,030355.46,4218.000389,N,07105.999447,W,0,10.0,1.0,50.9,0.0,0.0,030355.46*60', b'$BFNVG,030355.80,4218.000481,N,07105.999299,W,0,10.0,1.0,52.4,0.0,0.0,030355.80*65', b'$BFNVG,030356.14,4218.000568,N,07105.999149,W,0,10.0,1.0,53.9,0.0,0.0,030356.14*61', b'$BFNVG,030356.48,4218.000653,N,07105.998997,W,0,10.0,1.0,55.3,0.0,0.0,030356.48*6C']
2021-07-29 04:03:57,646 [INFO] AUV state: {'position': (1.4078251138562337, 1.1744985925033689), 'latlon': (42.300010883333336, -71.09998328333333), 'heading': 55.3, 'depth': 1.0, 'altitude': 10.0, 'roll': 0.0, 'pitch': 0.0, 'last_fix_time': datetime.datetime(2021, 7, 29, 3, 3, 56), 'speed': None, 'rudder': 0, 'datum': (42.3, -71.1)}
2021-07-29 04:03:57,968 [INFO] **** [(-13.2072471924182, -9.863485380795273)] [(7.189601029506913, -9.467941039726131)]
2021-07-29 04:03:57,971 [INFO] Next green buoy: [(-13.2072471924182, -9.863485380795273)], next red buoy: [(7.189601029506913, -9.467941039726131)]
2021-07-29 04:03:57,971 [INFO] Desired_heading: 52.29117691854435
2021-07-29 04:03:57,972 [INFO] delta angle: -3.6212065342000983
2021-07-29 04:03:57,972 [INFO] sending message $BPRMB,030358.00,3.6212065342000983,1,0,750,0,1*6c
...
2021-07-29 04:03:58,974 [INFO] sending message $BPSTS,030358.97,1,BWSI Autonomy OK*47
...
2021-07-29 04:03:58,976 [INFO] Processing: $BFNVG,030356.82,4218.000734,N,07105.998843,W,0,10.0,1.0,56.8,0.0,0.0,030356.82*6C
2021-07-29 04:03:58,978 [INFO] Interpreted as: {'position': (1.6231019776314497, 1.3191837258636951), 'latlon': (42.300012233333334, -71.09998071666666), 'heading': 56.8, 'depth': 1.0, 'altitude': 10.0, 'roll': 0.0, 'pitch': 0.0, 'last_fix_time': datetime.datetime(2021, 7, 29, 3, 3, 56), 'speed': None, 'rudder': 0, 'datum': (42.3, -71.1)}
2021-07-29 04:03:58,979 [INFO] Processing: $BFNVG,030357.15,4218.000814,N,07105.998686,W,0,10.0,1.0,57.1,0.0,0.0,030357.15*6E
2021-07-29 04:03:58,981 [INFO] Interpreted as: {'position': (1.8424547992181033, 1.4619164541363716), 'latlon': (42.300013566666664, -71.0999781), 'heading': 57.1, 'depth': 1.0, 'altitude': 10.0, 'roll': 0.0, 'pitch': 0.0, 'last_fix_time': datetime.datetime(2021, 7, 29, 3, 3, 57), 'speed': None, 'rudder': 0, 'datum': (42.3, -71.1)}
2021-07-29 04:03:58,982 [INFO] Processing: $BFNVG,030357.49,4218.000893,N,07105.998530,W,0,10.0,1.0,57.4,0.0,0.0,030357.49*6A
2021-07-29 04:03:58,984 [INFO] Interpreted as: {'position': (2.060388062847778, 1.602832400240004), 'latlon': (42.30001488333333, -71.0999755), 'heading': 57.4, 'depth': 1.0, 'altitude': 10.0, 'roll': 0.0, 'pitch': 0.0, 'last_fix_time': datetime.datetime(2021, 7, 29, 3, 3, 57), 'speed': None, 'rudder': 0, 'datum': (42.3, -71.1)}
2021-07-29 04:03:58,985 [INFO] Processing: $BFNVG,030357.83,4218.000971,N,07105.998373,W,0,10.0,1.0,57.6,0.0,0.0,030357.83*64
2021-07-29 04:03:58,986 [INFO] Interpreted as: {'position': (2.279649523436092, 1.7418637480586767), 'latlon': (42.300016183333334, -71.09997288333334), 'heading': 57.6, 'depth': 1.0, 'altitude': 10.0, 'roll': 0.0, 'pitch': 0.0, 'last_fix_time': datetime.datetime(2021, 7, 29, 3, 3, 57), 'speed': None, 'rudder': 0, 'datum': (42.3, -71.1)}
2021-07-29 04:03:58,987 [INFO] Received from Frontseat: [b'$BFNVG,030356.82,4218.000734,N,07105.998843,W,0,10.0,1.0,56.8,0.0,0.0,030356.82*6C', b'$BFNVG,030357.15,4218.000814,N,07105.998686,W,0,10.0,1.0,57.1,0.0,0.0,030357.15*6E', b'$BFNVG,030357.49,4218.000893,N,07105.998530,W,0,10.0,1.0,57.4,0.0,0.0,030357.49*6A', b'$BFNVG,030357.83,4218.000971,N,07105.998373,W,0,10.0,1.0,57.6,0.0,0.0,030357.83*64']
2021-07-29 04:03:58,988 [INFO] AUV state: {'position': (2.279649523436092, 1.7418637480586767), 'latlon': (42.300016183333334, -71.09997288333334), 'heading': 57.6, 'depth': 1.0, 'altitude': 10.0, 'roll': 0.0, 'pitch': 0.0, 'last_fix_time': datetime.datetime(2021, 7, 29, 3, 3, 57), 'speed': None, 'rudder': 0, 'datum': (42.3, -71.1)}
2021-07-29 04:03:59,301 [INFO] **** [(-18.459220348361917, -11.835112655259755)] [(5.694544495864748, -11.400998703328574)]
2021-07-29 04:03:59,303 [INFO] Next green buoy: [(-18.459220348361917, -11.835112655259755)], next red buoy: [(5.694544495864748, -11.400998703328574)]
2021-07-29 04:03:59,304 [INFO] Desired_heading: 51.21766207375141
2021-07-29 04:03:59,304 [INFO] delta angle: -16.29369496193243
2021-07-29 04:03:59,305 [INFO] sending message $BPRMB,030359.93,16.29369496193243,1,0,750,0,1*52
...
2021-07-29 04:04:00,307 [INFO] sending message $BPSTS,030400.30,1,BWSI Autonomy OK*40
...
2021-07-29 04:04:00,308 [INFO] Processing: $BFNVG,030358.16,4218.001049,N,07105.998216,W,0,10.0,1.0,57.9,0.0,0.0,030358.16*6A
2021-07-29 04:04:00,310 [INFO] Interpreted as: {'position': (2.498910975176841, 1.8808951023966074), 'latlon': (42.300017483333335, -71.09997026666667), 'heading': 57.9, 'depth': 1.0, 'altitude': 10.0, 'roll': 0.0, 'pitch': 0.0, 'last_fix_time': datetime.datetime(2021, 7, 29, 3, 3, 58), 'speed': None, 'rudder': 0, 'datum': (42.3, -71.1)}
2021-07-29 04:04:00,311 [INFO] Processing: $BFNVG,030358.50,4218.001126,N,07105.998058,W,0,10.0,1.0,57.7,0.0,0.0,030358.50*64
2021-07-29 04:04:00,313 [INFO] Interpreted as: {'position': (2.7195006260299124, 2.018041863106191), 'latlon': (42.30001876666667, -71.09996763333334), 'heading': 57.7, 'depth': 1.0, 'altitude': 10.0, 'roll': 0.0, 'pitch': 0.0, 'last_fix_time': datetime.datetime(2021, 7, 29, 3, 3, 58), 'speed': None, 'rudder': 0, 'datum': (42.3, -71.1)}
2021-07-29 04:04:00,314 [INFO] Processing: $BFNVG,030358.84,4218.001205,N,07105.997901,W,0,10.0,1.0,57.5,0.0,0.0,030358.84*6E
2021-07-29 04:04:00,316 [INFO] Interpreted as: {'position': (2.9388077314943075, 2.158923927694559), 'latlon': (42.30002008333334, -71.09996501666667), 'heading': 57.5, 'depth': 1.0, 'altitude': 10.0, 'roll': 0.0, 'pitch': 0.0, 'last_fix_time': datetime.datetime(2021, 7, 29, 3, 3, 58), 'speed': None, 'rudder': 0, 'datum': (42.3, -71.1)}
2021-07-29 04:04:00,317 [INFO] Processing: $BFNVG,030359.18,4218.001283,N,07105.997744,W,0,10.0,1.0,57.2,0.0,0.0,030359.18*68
2021-07-29 04:04:00,319 [INFO] Interpreted as: {'position': (3.1580691566923633, 2.2979553025215864), 'latlon': (42.30002138333333, -71.0999624), 'heading': 57.2, 'depth': 1.0, 'altitude': 10.0, 'roll': 0.0, 'pitch': 0.0, 'last_fix_time': datetime.datetime(2021, 7, 29, 3, 3, 59), 'speed': None, 'rudder': 0, 'datum': (42.3, -71.1)}
2021-07-29 04:04:00,320 [INFO] Received from Frontseat: [b'$BFNVG,030358.16,4218.001049,N,07105.998216,W,0,10.0,1.0,57.9,0.0,0.0,030358.16*6A', b'$BFNVG,030358.50,4218.001126,N,07105.998058,W,0,10.0,1.0,57.7,0.0,0.0,030358.50*64', b'$BFNVG,030358.84,4218.001205,N,07105.997901,W,0,10.0,1.0,57.5,0.0,0.0,030358.84*6E', b'$BFNVG,030359.18,4218.001283,N,07105.997744,W,0,10.0,1.0,57.2,0.0,0.0,030359.18*68']
2021-07-29 04:04:00,321 [INFO] AUV state: {'position': (3.1580691566923633, 2.2979553025215864), 'latlon': (42.30002138333333, -71.0999624), 'heading': 57.2, 'depth': 1.0, 'altitude': 10.0, 'roll': 0.0, 'pitch': 0.0, 'last_fix_time': datetime.datetime(2021, 7, 29, 3, 3, 59), 'speed': None, 'rudder': 0, 'datum': (42.3, -71.1)}
2021-07-29 04:04:00,665 [INFO] **** [(-22.270469074234715, -14.640026220927046)] [(7.402408104149735, -14.08320305911139), (-15.286411422728035, -4.488233033714938)]
2021-07-29 04:04:00,667 [INFO] Next green buoy: [(-22.270469074234715, -14.640026220927046)], next red buoy: [(7.402408104149735, -14.08320305911139), (-15.286411422728035, -4.488233033714938)]
2021-07-29 04:04:00,668 [INFO] Desired_heading: 49.76596951495751
2021-07-29 04:04:00,668 [INFO] delta angle: -22.105923701016422
2021-07-29 04:04:00,668 [INFO] sending message $BPRMB,030400.67,22.105923701016422,1,0,750,0,1*6e
...
2021-07-29 04:04:01,670 [INFO] sending message $BPSTS,030401.67,1,BWSI Autonomy OK*43
...
2021-07-29 04:04:01,672 [INFO] Processing: $BFNVG,030359.52,4218.001364,N,07105.997585,W,0,10.0,1.0,57.0,0.0,0.0,030359.52*6D
2021-07-29 04:04:01,675 [INFO] Interpreted as: {'position': (3.3802153473952785, 2.442470967769623), 'latlon': (42.300022733333336, -71.09995975), 'heading': 57.0, 'depth': 1.0, 'altitude': 10.0, 'roll': 0.0, 'pitch': 0.0, 'last_fix_time': datetime.datetime(2021, 7, 29, 3, 3, 59), 'speed': None, 'rudder': 0, 'datum': (42.3, -71.1)}
2021-07-29 04:04:01,676 [INFO] Processing: $BFNVG,030359.86,4218.001445,N,07105.997429,W,0,10.0,1.0,56.0,0.0,0.0,030359.86*6F
2021-07-29 04:04:01,678 [INFO] Interpreted as: {'position': (3.598239889019169, 2.5870883502066135), 'latlon': (42.300024083333334, -71.09995715), 'heading': 56.0, 'depth': 1.0, 'altitude': 10.0, 'roll': 0.0, 'pitch': 0.0, 'last_fix_time': datetime.datetime(2021, 7, 29, 3, 3, 59), 'speed': None, 'rudder': 0, 'datum': (42.3, -71.1)}
2021-07-29 04:04:01,680 [INFO] Processing: $BFNVG,030400.20,4218.001528,N,07105.997274,W,0,10.0,1.0,54.9,0.0,0.0,030400.20*60
2021-07-29 04:04:01,682 [INFO] Interpreted as: {'position': (3.814981884439476, 2.735441039316356), 'latlon': (42.30002546666667, -71.09995456666667), 'heading': 54.9, 'depth': 1.0, 'altitude': 10.0, 'roll': 0.0, 'pitch': 0.0, 'last_fix_time': datetime.datetime(2021, 7, 29, 3, 4), 'speed': None, 'rudder': 0, 'datum': (42.3, -71.1)}
2021-07-29 04:04:01,682 [INFO] Processing: $BFNVG,030400.53,4218.001613,N,07105.997123,W,0,10.0,1.0,53.9,0.0,0.0,030400.53*6D
2021-07-29 04:04:01,684 [INFO] Interpreted as: {'position': (4.026319695869461, 2.887630745768547), 'latlon': (42.30002688333333, -71.09995205), 'heading': 53.9, 'depth': 1.0, 'altitude': 10.0, 'roll': 0.0, 'pitch': 0.0, 'last_fix_time': datetime.datetime(2021, 7, 29, 3, 4), 'speed': None, 'rudder': 0, 'datum': (42.3, -71.1)}
2021-07-29 04:04:01,685 [INFO] Received from Frontseat: [b'$BFNVG,030359.52,4218.001364,N,07105.997585,W,0,10.0,1.0,57.0,0.0,0.0,030359.52*6D', b'$BFNVG,030359.86,4218.001445,N,07105.997429,W,0,10.0,1.0,56.0,0.0,0.0,030359.86*6F', b'$BFNVG,030400.20,4218.001528,N,07105.997274,W,0,10.0,1.0,54.9,0.0,0.0,030400.20*60', b'$BFNVG,030400.53,4218.001613,N,07105.997123,W,0,10.0,1.0,53.9,0.0,0.0,030400.53*6D']
2021-07-29 04:04:01,686 [INFO] AUV state: {'position': (4.026319695869461, 2.887630745768547), 'latlon': (42.30002688333333, -71.09995205), 'heading': 53.9, 'depth': 1.0, 'altitude': 10.0, 'roll': 0.0, 'pitch': 0.0, 'last_fix_time': datetime.datetime(2021, 7, 29, 3, 4), 'speed': None, 'rudder': 0, 'datum': (42.3, -71.1)}
2021-07-29 04:04:02,030 [INFO] **** [] [(13.633816843663723, -18.43692063924117), (-12.94247137745867, -4.918804020239562)]
2021-07-29 04:04:02,032 [INFO] Next green buoy: [], next red buoy: [(13.633816843663723, -18.43692063924117), (-12.94247137745867, -4.918804020239562)]
2021-07-29 04:04:02,033 [INFO] Desired_heading: 67.53381684366371
2021-07-29 04:04:02,034 [INFO] delta angle: 25
2021-07-29 04:04:02,034 [INFO] sending message $BPRMB,030402.66,-25,1,0,750,0,1*50
...
2021-07-29 04:04:03,036 [INFO] sending message $BPSTS,030403.03,1,BWSI Autonomy OK*43
...
2021-07-29 04:04:03,038 [INFO] Processing: $BFNVG,030400.87,4218.001699,N,07105.996973,W,0,10.0,1.0,52.9,0.0,0.0,030400.87*62
2021-07-29 04:04:03,044 [INFO] Interpreted as: {'position': (4.236329289909918, 3.041705060750246), 'latlon': (42.30002831666667, -71.09994955), 'heading': 52.9, 'depth': 1.0, 'altitude': 10.0, 'roll': 0.0, 'pitch': 0.0, 'last_fix_time': datetime.datetime(2021, 7, 29, 3, 4), 'speed': None, 'rudder': 0, 'datum': (42.3, -71.1)}
2021-07-29 04:04:03,046 [INFO] Processing: $BFNVG,030401.21,4218.001788,N,07105.996826,W,0,10.0,1.0,51.5,0.0,0.0,030401.21*6D
2021-07-29 04:04:03,048 [INFO] Interpreted as: {'position': (4.4423542520962656, 3.2014331836253405), 'latlon': (42.3000298, -71.0999471), 'heading': 51.5, 'depth': 1.0, 'altitude': 10.0, 'roll': 0.0, 'pitch': 0.0, 'last_fix_time': datetime.datetime(2021, 7, 29, 3, 4, 1), 'speed': None, 'rudder': 0, 'datum': (42.3, -71.1)}
2021-07-29 04:04:03,049 [INFO] Processing: $BFNVG,030401.55,4218.001880,N,07105.996682,W,0,10.0,1.0,50.1,0.0,0.0,030401.55*6F
2021-07-29 04:04:03,052 [INFO] Interpreted as: {'position': (4.64439457829576, 3.3668151181191206), 'latlon': (42.30003133333334, -71.0999447), 'heading': 50.1, 'depth': 1.0, 'altitude': 10.0, 'roll': 0.0, 'pitch': 0.0, 'last_fix_time': datetime.datetime(2021, 7, 29, 3, 4, 1), 'speed': None, 'rudder': 0, 'datum': (42.3, -71.1)}
2021-07-29 04:04:03,053 [INFO] Processing: $BFNVG,030401.89,4218.001975,N,07105.996541,W,0,10.0,1.0,48.7,0.0,0.0,030401.89*67
2021-07-29 04:04:03,055 [INFO] Interpreted as: {'position': (4.842450268100947, 3.5378508614376187), 'latlon': (42.300032916666666, -71.09994235), 'heading': 48.7, 'depth': 1.0, 'altitude': 10.0, 'roll': 0.0, 'pitch': 0.0, 'last_fix_time': datetime.datetime(2021, 7, 29, 3, 4, 1), 'speed': None, 'rudder': 0, 'datum': (42.3, -71.1)}
2021-07-29 04:04:03,056 [INFO] Received from Frontseat: [b'$BFNVG,030400.87,4218.001699,N,07105.996973,W,0,10.0,1.0,52.9,0.0,0.0,030400.87*62', b'$BFNVG,030401.21,4218.001788,N,07105.996826,W,0,10.0,1.0,51.5,0.0,0.0,030401.21*6D', b'$BFNVG,030401.55,4218.001880,N,07105.996682,W,0,10.0,1.0,50.1,0.0,0.0,030401.55*6F', b'$BFNVG,030401.89,4218.001975,N,07105.996541,W,0,10.0,1.0,48.7,0.0,0.0,030401.89*67']
2021-07-29 04:04:03,057 [INFO] AUV state: {'position': (4.842450268100947, 3.5378508614376187), 'latlon': (42.300032916666666, -71.09994235), 'heading': 48.7, 'depth': 1.0, 'altitude': 10.0, 'roll': 0.0, 'pitch': 0.0, 'last_fix_time': datetime.datetime(2021, 7, 29, 3, 4, 1), 'speed': None, 'rudder': 0, 'datum': (42.3, -71.1)}
2021-07-29 04:04:03,402 [INFO] **** [] [(25.43908724199331, -23.969332399841278), (-8.233311739513862, -5.348818804176342)]
2021-07-29 04:04:03,404 [INFO] Next green buoy: [], next red buoy: [(25.43908724199331, -23.969332399841278), (-8.233311739513862, -5.348818804176342)]
2021-07-29 04:04:03,405 [INFO] Desired_heading: 74.13908724199331
2021-07-29 04:04:03,405 [INFO] delta angle: -25
2021-07-29 04:04:03,405 [INFO] sending message $BPRMB,030403.40,25,1,0,750,0,1*78
...
2021-07-29 04:04:04,407 [INFO] sending message $BPSTS,030404.40,1,BWSI Autonomy OK*43
...
2021-07-29 04:04:04,408 [INFO] Processing: $BFNVG,030402.25,4218.002080,N,07105.996392,W,0,10.0,1.0,47.1,0.0,0.0,030402.25*66
2021-07-29 04:04:04,410 [INFO] Interpreted as: {'position': (5.051953690883238, 3.7271223478019238), 'latlon': (42.30003466666667, -71.09993986666667), 'heading': 47.1, 'depth': 1.0, 'altitude': 10.0, 'roll': 0.0, 'pitch': 0.0, 'last_fix_time': datetime.datetime(2021, 7, 29, 3, 4, 2), 'speed': None, 'rudder': 0, 'datum': (42.3, -71.1)}
2021-07-29 04:04:04,411 [INFO] Processing: $BFNVG,030402.60,4218.002179,N,07105.996252,W,0,10.0,1.0,48.7,0.0,0.0,030402.60*65
2021-07-29 04:04:04,413 [INFO] Interpreted as: {'position': (5.248818168998696, 3.905594795010984), 'latlon': (42.30003631666667, -71.09993753333333), 'heading': 48.7, 'depth': 1.0, 'altitude': 10.0, 'roll': 0.0, 'pitch': 0.0, 'last_fix_time': datetime.datetime(2021, 7, 29, 3, 4, 2), 'speed': None, 'rudder': 0, 'datum': (42.3, -71.1)}
2021-07-29 04:04:04,414 [INFO] Processing: $BFNVG,030402.94,4218.002273,N,07105.996110,W,0,10.0,1.0,50.3,0.0,0.0,030402.94*64
2021-07-29 04:04:04,416 [INFO] Interpreted as: {'position': (5.4482020393479615, 4.074745951220393), 'latlon': (42.30003788333333, -71.09993516666667), 'heading': 50.3, 'depth': 1.0, 'altitude': 10.0, 'roll': 0.0, 'pitch': 0.0, 'last_fix_time': datetime.datetime(2021, 7, 29, 3, 4, 2), 'speed': None, 'rudder': 0, 'datum': (42.3, -71.1)}
2021-07-29 04:04:04,417 [INFO] Processing: $BFNVG,030403.28,4218.002366,N,07105.995963,W,0,10.0,1.0,51.9,0.0,0.0,030403.28*65
2021-07-29 04:04:04,419 [INFO] Interpreted as: {'position': (5.65440962422872, 4.241876899264753), 'latlon': (42.30003943333333, -71.09993271666667), 'heading': 51.9, 'depth': 1.0, 'altitude': 10.0, 'roll': 0.0, 'pitch': 0.0, 'last_fix_time': datetime.datetime(2021, 7, 29, 3, 4, 3), 'speed': None, 'rudder': 0, 'datum': (42.3, -71.1)}
2021-07-29 04:04:04,420 [INFO] Received from Frontseat: [b'$BFNVG,030402.25,4218.002080,N,07105.996392,W,0,10.0,1.0,47.1,0.0,0.0,030402.25*66', b'$BFNVG,030402.60,4218.002179,N,07105.996252,W,0,10.0,1.0,48.7,0.0,0.0,030402.60*65', b'$BFNVG,030402.94,4218.002273,N,07105.996110,W,0,10.0,1.0,50.3,0.0,0.0,030402.94*64', b'$BFNVG,030403.28,4218.002366,N,07105.995963,W,0,10.0,1.0,51.9,0.0,0.0,030403.28*65']
2021-07-29 04:04:04,421 [INFO] AUV state: {'position': (5.65440962422872, 4.241876899264753), 'latlon': (42.30003943333333, -71.09993271666667), 'heading': 51.9, 'depth': 1.0, 'altitude': 10.0, 'roll': 0.0, 'pitch': 0.0, 'last_fix_time': datetime.datetime(2021, 7, 29, 3, 4, 3), 'speed': None, 'rudder': 0, 'datum': (42.3, -71.1)}
2021-07-29 04:04:04,741 [INFO] **** [] [(-12.54480711977759, -5.885483153558885)]
2021-07-29 04:04:04,743 [INFO] Next green buoy: [], next red buoy: [(-12.54480711977759, -5.885483153558885)]
2021-07-29 04:04:04,744 [INFO] Desired_heading: 39.35519288022241
2021-07-29 04:04:04,744 [INFO] delta angle: -25
2021-07-29 04:04:04,745 [INFO] sending message $BPRMB,030405.40,25,1,0,750,0,1*7e
...
2021-07-29 04:04:05,746 [INFO] sending message $BPSTS,030405.74,1,BWSI Autonomy OK*45
...
2021-07-29 04:04:05,748 [INFO] Processing: $BFNVG,030403.62,4218.002455,N,07105.995813,W,0,10.0,1.0,53.6,0.0,0.0,030403.62*69
2021-07-29 04:04:05,750 [INFO] Interpreted as: {'position': (5.8645561535377055, 4.401503350585699), 'latlon': (42.30004091666667, -71.09993021666666), 'heading': 53.6, 'depth': 1.0, 'altitude': 10.0, 'roll': 0.0, 'pitch': 0.0, 'last_fix_time': datetime.datetime(2021, 7, 29, 3, 4, 3), 'speed': None, 'rudder': 0, 'datum': (42.3, -71.1)}
2021-07-29 04:04:05,751 [INFO] Processing: $BFNVG,030403.97,4218.002545,N,07105.995661,W,0,10.0,1.0,51.9,0.0,0.0,030403.97*6F
2021-07-29 04:04:05,753 [INFO] Interpreted as: {'position': (6.077496101614088, 4.5629126988351345), 'latlon': (42.30004241666666, -71.09992768333333), 'heading': 51.9, 'depth': 1.0, 'altitude': 10.0, 'roll': 0.0, 'pitch': 0.0, 'last_fix_time': datetime.datetime(2021, 7, 29, 3, 4, 3), 'speed': None, 'rudder': 0, 'datum': (42.3, -71.1)}
2021-07-29 04:04:05,754 [INFO] Processing: $BFNVG,030404.31,4218.002637,N,07105.995515,W,0,10.0,1.0,50.3,0.0,0.0,030404.31*62
2021-07-29 04:04:05,756 [INFO] Interpreted as: {'position': (6.282284107874148, 4.728226870298386), 'latlon': (42.30004395, -71.09992525), 'heading': 50.3, 'depth': 1.0, 'altitude': 10.0, 'roll': 0.0, 'pitch': 0.0, 'last_fix_time': datetime.datetime(2021, 7, 29, 3, 4, 4), 'speed': None, 'rudder': 0, 'datum': (42.3, -71.1)}
2021-07-29 04:04:05,757 [INFO] Processing: $BFNVG,030404.65,4218.002731,N,07105.995373,W,0,10.0,1.0,48.7,0.0,0.0,030404.65*6E
2021-07-29 04:04:05,759 [INFO] Interpreted as: {'position': (6.481667929969262, 4.897378056310117), 'latlon': (42.300045516666664, -71.09992288333333), 'heading': 48.7, 'depth': 1.0, 'altitude': 10.0, 'roll': 0.0, 'pitch': 0.0, 'last_fix_time': datetime.datetime(2021, 7, 29, 3, 4, 4), 'speed': None, 'rudder': 0, 'datum': (42.3, -71.1)}
2021-07-29 04:04:05,760 [INFO] Received from Frontseat: [b'$BFNVG,030403.62,4218.002455,N,07105.995813,W,0,10.0,1.0,53.6,0.0,0.0,030403.62*69', b'$BFNVG,030403.97,4218.002545,N,07105.995661,W,0,10.0,1.0,51.9,0.0,0.0,030403.97*6F', b'$BFNVG,030404.31,4218.002637,N,07105.995515,W,0,10.0,1.0,50.3,0.0,0.0,030404.31*62', b'$BFNVG,030404.65,4218.002731,N,07105.995373,W,0,10.0,1.0,48.7,0.0,0.0,030404.65*6E']
2021-07-29 04:04:05,761 [INFO] AUV state: {'position': (6.481667929969262, 4.897378056310117), 'latlon': (42.300045516666664, -71.09992288333333), 'heading': 48.7, 'depth': 1.0, 'altitude': 10.0, 'roll': 0.0, 'pitch': 0.0, 'last_fix_time': datetime.datetime(2021, 7, 29, 3, 4, 4), 'speed': None, 'rudder': 0, 'datum': (42.3, -71.1)}
2021-07-29 04:04:06,067 [INFO] **** [] [(-10.4770827350314, -6.482845984516249), (1.0077552151066558, -4.278142319947175)]
2021-07-29 04:04:06,069 [INFO] Next green buoy: [], next red buoy: [(-10.4770827350314, -6.482845984516249), (1.0077552151066558, -4.278142319947175)]
2021-07-29 04:04:06,069 [INFO] Desired_heading: 38.2229172649686
2021-07-29 04:04:06,070 [INFO] delta angle: -25
2021-07-29 04:04:06,070 [INFO] sending message $BPRMB,030406.08,25,1,0,750,0,1*71
...
2021-07-29 04:04:07,072 [INFO] sending message $BPSTS,030407.07,1,BWSI Autonomy OK*43
...
2021-07-29 04:04:07,073 [INFO] Processing: $BFNVG,030404.99,4218.002829,N,07105.995234,W,0,10.0,1.0,47.1,0.0,0.0,030404.99*63
2021-07-29 04:04:07,075 [INFO] Interpreted as: {'position': (6.677112787787337, 5.074033748358488), 'latlon': (42.30004715, -71.09992056666667), 'heading': 47.1, 'depth': 1.0, 'altitude': 10.0, 'roll': 0.0, 'pitch': 0.0, 'last_fix_time': datetime.datetime(2021, 7, 29, 3, 4, 4), 'speed': None, 'rudder': 0, 'datum': (42.3, -71.1)}
2021-07-29 04:04:07,077 [INFO] Processing: $BFNVG,030405.33,4218.002930,N,07105.995099,W,0,10.0,1.0,45.5,0.0,0.0,030405.33*69
2021-07-29 04:04:07,079 [INFO] Interpreted as: {'position': (6.867199131986126, 5.2563771503046155), 'latlon': (42.300048833333335, -71.09991831666666), 'heading': 45.5, 'depth': 1.0, 'altitude': 10.0, 'roll': 0.0, 'pitch': 0.0, 'last_fix_time': datetime.datetime(2021, 7, 29, 3, 4, 5), 'speed': None, 'rudder': 0, 'datum': (42.3, -71.1)}
2021-07-29 04:04:07,080 [INFO] Processing: $BFNVG,030405.68,4218.003036,N,07105.994964,W,0,10.0,1.0,43.9,0.0,0.0,030405.68*67
2021-07-29 04:04:07,082 [INFO] Interpreted as: {'position': (7.057513817911968, 5.447974042966962), 'latlon': (42.3000506, -71.09991606666667), 'heading': 43.9, 'depth': 1.0, 'altitude': 10.0, 'roll': 0.0, 'pitch': 0.0, 'last_fix_time': datetime.datetime(2021, 7, 29, 3, 4, 5), 'speed': None, 'rudder': 0, 'datum': (42.3, -71.1)}
2021-07-29 04:04:07,083 [INFO] Processing: $BFNVG,030406.04,4218.003146,N,07105.994832,W,0,10.0,1.0,42.2,0.0,0.0,030406.04*69
2021-07-29 04:04:07,085 [INFO] Interpreted as: {'position': (7.243889538687654, 5.647075440734625), 'latlon': (42.300052433333335, -71.09991386666667), 'heading': 42.2, 'depth': 1.0, 'altitude': 10.0, 'roll': 0.0, 'pitch': 0.0, 'last_fix_time': datetime.datetime(2021, 7, 29, 3, 4, 6), 'speed': None, 'rudder': 0, 'datum': (42.3, -71.1)}
2021-07-29 04:04:07,086 [INFO] Received from Frontseat: [b'$BFNVG,030404.99,4218.002829,N,07105.995234,W,0,10.0,1.0,47.1,0.0,0.0,030404.99*63', b'$BFNVG,030405.33,4218.002930,N,07105.995099,W,0,10.0,1.0,45.5,0.0,0.0,030405.33*69', b'$BFNVG,030405.68,4218.003036,N,07105.994964,W,0,10.0,1.0,43.9,0.0,0.0,030405.68*67', b'$BFNVG,030406.04,4218.003146,N,07105.994832,W,0,10.0,1.0,42.2,0.0,0.0,030406.04*69']
2021-07-29 04:04:07,087 [INFO] AUV state: {'position': (7.243889538687654, 5.647075440734625), 'latlon': (42.300052433333335, -71.09991386666667), 'heading': 42.2, 'depth': 1.0, 'altitude': 10.0, 'roll': 0.0, 'pitch': 0.0, 'last_fix_time': datetime.datetime(2021, 7, 29, 3, 4, 6), 'speed': None, 'rudder': 0, 'datum': (42.3, -71.1)}
2021-07-29 04:04:07,391 [INFO] **** [(-17.5852646938477, -6.6350553160836885)] [(-4.300245296464042, -7.398666204312422), (8.562098393889295, -4.606692777190623)]
2021-07-29 04:04:07,393 [INFO] Next green buoy: [(-17.5852646938477, -6.6350553160836885)], next red buoy: [(-4.300245296464042, -7.398666204312422), (8.562098393889295, -4.606692777190623)]
2021-07-29 04:04:07,394 [INFO] Desired_heading: 31.25724500484413
2021-07-29 04:04:07,394 [INFO] delta angle: -25
2021-07-29 04:04:07,395 [INFO] sending message $BPRMB,030408.05,25,1,0,750,0,1*72
...
2021-07-29 04:04:08,397 [INFO] sending message $BPSTS,030408.39,1,BWSI Autonomy OK*41
...
2021-07-29 04:04:08,398 [INFO] Processing: $BFNVG,030406.39,4218.003259,N,07105.994704,W,0,10.0,1.0,40.6,0.0,0.0,030406.39*68
2021-07-29 04:04:08,404 [INFO] Interpreted as: {'position': (7.424906745203771, 5.851864549331367), 'latlon': (42.30005431666667, -71.09991173333333), 'heading': 40.6, 'depth': 1.0, 'altitude': 10.0, 'roll': 0.0, 'pitch': 0.0, 'last_fix_time': datetime.datetime(2021, 7, 29, 3, 4, 6), 'speed': None, 'rudder': 0, 'datum': (42.3, -71.1)}
2021-07-29 04:04:08,404 [INFO] Processing: $BFNVG,030406.74,4218.003374,N,07105.994582,W,0,10.0,1.0,38.9,0.0,0.0,030406.74*6A
2021-07-29 04:04:08,406 [INFO] Interpreted as: {'position': (7.597772008157335, 6.060558477416635), 'latlon': (42.300056233333336, -71.0999097), 'heading': 38.9, 'depth': 1.0, 'altitude': 10.0, 'roll': 0.0, 'pitch': 0.0, 'last_fix_time': datetime.datetime(2021, 7, 29, 3, 4, 6), 'speed': None, 'rudder': 0, 'datum': (42.3, -71.1)}
2021-07-29 04:04:08,407 [INFO] Processing: $BFNVG,030407.09,4218.003490,N,07105.994466,W,0,10.0,1.0,37.3,0.0,0.0,030407.09*69
2021-07-29 04:04:08,409 [INFO] Interpreted as: {'position': (7.762439662124962, 6.271306528709829), 'latlon': (42.300058166666666, -71.09990776666666), 'heading': 37.3, 'depth': 1.0, 'altitude': 10.0, 'roll': 0.0, 'pitch': 0.0, 'last_fix_time': datetime.datetime(2021, 7, 29, 3, 4, 7), 'speed': None, 'rudder': 0, 'datum': (42.3, -71.1)}
2021-07-29 04:04:08,409 [INFO] Received from Frontseat: [b'$BFNVG,030406.39,4218.003259,N,07105.994704,W,0,10.0,1.0,40.6,0.0,0.0,030406.39*68', b'$BFNVG,030406.74,4218.003374,N,07105.994582,W,0,10.0,1.0,38.9,0.0,0.0,030406.74*6A', b'$BFNVG,030407.09,4218.003490,N,07105.994466,W,0,10.0,1.0,37.3,0.0,0.0,030407.09*69']
2021-07-29 04:04:08,410 [INFO] AUV state: {'position': (7.762439662124962, 6.271306528709829), 'latlon': (42.300058166666666, -71.09990776666666), 'heading': 37.3, 'depth': 1.0, 'altitude': 10.0, 'roll': 0.0, 'pitch': 0.0, 'last_fix_time': datetime.datetime(2021, 7, 29, 3, 4, 7), 'speed': None, 'rudder': 0, 'datum': (42.3, -71.1)}
2021-07-29 04:04:08,705 [INFO] **** [(-13.948683954745412, -7.357108393848411)] [(0.921082231872767, -8.241476918366386), (14.509760669621965, -4.930496771105958)]
2021-07-29 04:04:08,707 [INFO] Next green buoy: [(-13.948683954745412, -7.357108393848411)], next red buoy: [(0.921082231872767, -8.241476918366386), (14.509760669621965, -4.930496771105958)]
2021-07-29 04:04:08,708 [INFO] Desired_heading: 30.786199138563674
2021-07-29 04:04:08,708 [INFO] delta angle: -16.971840664979425
2021-07-29 04:04:08,709 [INFO] sending message $BPRMB,030408.73,16.971840664979425,1,0,750,0,1*6e
...
2021-07-29 04:04:09,711 [INFO] sending message $BPSTS,030409.71,1,BWSI Autonomy OK*4c
...
2021-07-29 04:04:09,712 [INFO] Processing: $BFNVG,030407.44,4218.003609,N,07105.994353,W,0,10.0,1.0,35.7,0.0,0.0,030407.44*6C
2021-07-29 04:04:09,714 [INFO] Interpreted as: {'position': (7.92312267923262, 6.487708383239806), 'latlon': (42.30006015, -71.09990588333334), 'heading': 35.7, 'depth': 1.0, 'altitude': 10.0, 'roll': 0.0, 'pitch': 0.0, 'last_fix_time': datetime.datetime(2021, 7, 29, 3, 4, 7), 'speed': None, 'rudder': 0, 'datum': (42.3, -71.1)}
2021-07-29 04:04:09,715 [INFO] Processing: $BFNVG,030407.78,4218.003729,N,07105.994246,W,0,10.0,1.0,34.0,0.0,0.0,030407.78*6C
2021-07-29 04:04:09,717 [INFO] Interpreted as: {'position': (8.075608088285662, 6.706164362840354), 'latlon': (42.30006215, -71.0999041), 'heading': 34.0, 'depth': 1.0, 'altitude': 10.0, 'roll': 0.0, 'pitch': 0.0, 'last_fix_time': datetime.datetime(2021, 7, 29, 3, 4, 7), 'speed': None, 'rudder': 0, 'datum': (42.3, -71.1)}
2021-07-29 04:04:09,718 [INFO] Processing: $BFNVG,030408.14,4218.003854,N,07105.994142,W,0,10.0,1.0,32.4,0.0,0.0,030408.14*6C
2021-07-29 04:04:09,720 [INFO] Interpreted as: {'position': (8.224200200929772, 6.933975538238883), 'latlon': (42.30006423333333, -71.09990236666667), 'heading': 32.4, 'depth': 1.0, 'altitude': 10.0, 'roll': 0.0, 'pitch': 0.0, 'last_fix_time': datetime.datetime(2021, 7, 29, 3, 4, 8), 'speed': None, 'rudder': 0, 'datum': (42.3, -71.1)}
2021-07-29 04:04:09,721 [INFO] Processing: $BFNVG,030408.49,4218.003984,N,07105.994040,W,0,10.0,1.0,30.7,0.0,0.0,030408.49*62
2021-07-29 04:04:09,723 [INFO] Interpreted as: {'position': (8.370272897649556, 7.171108012087643), 'latlon': (42.3000664, -71.09990066666667), 'heading': 30.7, 'depth': 1.0, 'altitude': 10.0, 'roll': 0.0, 'pitch': 0.0, 'last_fix_time': datetime.datetime(2021, 7, 29, 3, 4, 8), 'speed': None, 'rudder': 0, 'datum': (42.3, -71.1)}
2021-07-29 04:04:09,723 [INFO] Received from Frontseat: [b'$BFNVG,030407.44,4218.003609,N,07105.994353,W,0,10.0,1.0,35.7,0.0,0.0,030407.44*6C', b'$BFNVG,030407.78,4218.003729,N,07105.994246,W,0,10.0,1.0,34.0,0.0,0.0,030407.78*6C', b'$BFNVG,030408.14,4218.003854,N,07105.994142,W,0,10.0,1.0,32.4,0.0,0.0,030408.14*6C', b'$BFNVG,030408.49,4218.003984,N,07105.994040,W,0,10.0,1.0,30.7,0.0,0.0,030408.49*62']
2021-07-29 04:04:09,724 [INFO] AUV state: {'position': (8.370272897649556, 7.171108012087643), 'latlon': (42.3000664, -71.09990066666667), 'heading': 30.7, 'depth': 1.0, 'altitude': 10.0, 'roll': 0.0, 'pitch': 0.0, 'last_fix_time': datetime.datetime(2021, 7, 29, 3, 4, 8), 'speed': None, 'rudder': 0, 'datum': (42.3, -71.1)}
2021-07-29 04:04:10,020 [INFO] **** [(-8.476018653863413, -8.56595180284505)] [(9.047917657968243, -9.563878288753921), (22.643113448623126, -5.353295030740454)]
2021-07-29 04:04:10,022 [INFO] Next green buoy: [(-8.476018653863413, -8.56595180284505)], next red buoy: [(9.047917657968243, -9.563878288753921), (22.643113448623126, -5.353295030740454)]
2021-07-29 04:04:10,023 [INFO] Desired_heading: 30.985949502052414
2021-07-29 04:04:10,023 [INFO] delta angle: 0.032706847089609484
2021-07-29 04:04:10,023 [INFO] sending message $BPRMB,030410.68,-0.032706847089609484,1,0,750,0,1*49
...
2021-07-29 04:04:11,025 [INFO] sending message $BPSTS,030411.02,1,BWSI Autonomy OK*41
...
2021-07-29 04:04:11,026 [INFO] Processing: $BFNVG,030408.85,4218.004113,N,07105.993946,W,0,10.0,1.0,29.0,0.0,0.0,030408.85*64
2021-07-29 04:04:11,028 [INFO] Interpreted as: {'position': (8.505308890598826, 7.406661015935242), 'latlon': (42.30006855, -71.0998991), 'heading': 29.0, 'depth': 1.0, 'altitude': 10.0, 'roll': 0.0, 'pitch': 0.0, 'last_fix_time': datetime.datetime(2021, 7, 29, 3, 4, 8), 'speed': None, 'rudder': 0, 'datum': (42.3, -71.1)}
2021-07-29 04:04:11,029 [INFO] Processing: $BFNVG,030409.19,4218.004242,N,07105.993857,W,0,10.0,1.0,27.9,0.0,0.0,030409.19*65
2021-07-29 04:04:11,031 [INFO] Interpreted as: {'position': (8.633475481590722, 7.64238354191184), 'latlon': (42.3000707, -71.09989761666667), 'heading': 27.9, 'depth': 1.0, 'altitude': 10.0, 'roll': 0.0, 'pitch': 0.0, 'last_fix_time': datetime.datetime(2021, 7, 29, 3, 4, 9), 'speed': None, 'rudder': 0, 'datum': (42.3, -71.1)}
2021-07-29 04:04:11,032 [INFO] Processing: $BFNVG,030409.54,4218.004372,N,07105.993772,W,0,10.0,1.0,26.8,0.0,0.0,030409.54*6F
2021-07-29 04:04:11,035 [INFO] Interpreted as: {'position': (8.756192221539095, 7.880092380568385), 'latlon': (42.30007286666667, -71.0998962), 'heading': 26.8, 'depth': 1.0, 'altitude': 10.0, 'roll': 0.0, 'pitch': 0.0, 'last_fix_time': datetime.datetime(2021, 7, 29, 3, 4, 9), 'speed': None, 'rudder': 0, 'datum': (42.3, -71.1)}
2021-07-29 04:04:11,036 [INFO] Processing: $BFNVG,030409.89,4218.004506,N,07105.993688,W,0,10.0,1.0,25.7,0.0,0.0,030409.89*62
2021-07-29 04:04:11,038 [INFO] Interpreted as: {'position': (8.877717757131904, 8.125237911008298), 'latlon': (42.3000751, -71.0998948), 'heading': 25.7, 'depth': 1.0, 'altitude': 10.0, 'roll': 0.0, 'pitch': 0.0, 'last_fix_time': datetime.datetime(2021, 7, 29, 3, 4, 9), 'speed': None, 'rudder': 0, 'datum': (42.3, -71.1)}
2021-07-29 04:04:11,039 [INFO] Received from Frontseat: [b'$BFNVG,030408.85,4218.004113,N,07105.993946,W,0,10.0,1.0,29.0,0.0,0.0,030408.85*64', b'$BFNVG,030409.19,4218.004242,N,07105.993857,W,0,10.0,1.0,27.9,0.0,0.0,030409.19*65', b'$BFNVG,030409.54,4218.004372,N,07105.993772,W,0,10.0,1.0,26.8,0.0,0.0,030409.54*6F', b'$BFNVG,030409.89,4218.004506,N,07105.993688,W,0,10.0,1.0,25.7,0.0,0.0,030409.89*62']
2021-07-29 04:04:11,040 [INFO] AUV state: {'position': (8.877717757131904, 8.125237911008298), 'latlon': (42.3000751, -71.0998948), 'heading': 25.7, 'depth': 1.0, 'altitude': 10.0, 'roll': 0.0, 'pitch': 0.0, 'last_fix_time': datetime.datetime(2021, 7, 29, 3, 4, 9), 'speed': None, 'rudder': 0, 'datum': (42.3, -71.1)}
2021-07-29 04:04:11,337 [INFO] **** [(-3.9516544813823034, -10.008517391205848)] [(16.656421412123112, -11.505420843413377)]
2021-07-29 04:04:11,339 [INFO] Next green buoy: [(-3.9516544813823034, -10.008517391205848)], next red buoy: [(16.656421412123112, -11.505420843413377)]
2021-07-29 04:04:11,340 [INFO] Desired_heading: 32.052383465370404
2021-07-29 04:04:11,340 [INFO] delta angle: 16.14111027644453
2021-07-29 04:04:11,341 [INFO] sending message $BPRMB,030411.36,-16.14111027644453,1,0,750,0,1*7c
...
2021-07-29 04:04:12,343 [INFO] sending message $BPSTS,030412.34,1,BWSI Autonomy OK*47
...
2021-07-29 04:04:12,344 [INFO] Processing: $BFNVG,030410.25,4218.004642,N,07105.993608,W,0,10.0,1.0,24.6,0.0,0.0,030410.25*69
2021-07-29 04:04:12,347 [INFO] Interpreted as: {'position': (8.993839107803069, 8.374220450408757), 'latlon': (42.30007736666666, -71.09989346666667), 'heading': 24.6, 'depth': 1.0, 'altitude': 10.0, 'roll': 0.0, 'pitch': 0.0, 'last_fix_time': datetime.datetime(2021, 7, 29, 3, 4, 10), 'speed': None, 'rudder': 0, 'datum': (42.3, -71.1)}
2021-07-29 04:04:12,347 [INFO] Processing: $BFNVG,030410.61,4218.004778,N,07105.993529,W,0,10.0,1.0,24.6,0.0,0.0,030410.61*61
2021-07-29 04:04:12,350 [INFO] Interpreted as: {'position': (9.108586577000096, 8.623236896470189), 'latlon': (42.30007963333333, -71.09989215), 'heading': 24.6, 'depth': 1.0, 'altitude': 10.0, 'roll': 0.0, 'pitch': 0.0, 'last_fix_time': datetime.datetime(2021, 7, 29, 3, 4, 10), 'speed': None, 'rudder': 0, 'datum': (42.3, -71.1)}
2021-07-29 04:04:12,351 [INFO] Processing: $BFNVG,030410.96,4218.004912,N,07105.993452,W,0,10.0,1.0,24.6,0.0,0.0,030410.96*6E
2021-07-29 04:04:12,353 [INFO] Interpreted as: {'position': (9.220494938781485, 8.868619757704437), 'latlon': (42.300081866666666, -71.09989086666667), 'heading': 24.6, 'depth': 1.0, 'altitude': 10.0, 'roll': 0.0, 'pitch': 0.0, 'last_fix_time': datetime.datetime(2021, 7, 29, 3, 4, 10), 'speed': None, 'rudder': 0, 'datum': (42.3, -71.1)}
2021-07-29 04:04:12,354 [INFO] Processing: $BFNVG,030411.30,4218.005045,N,07105.993375,W,0,10.0,1.0,24.6,0.0,0.0,030411.30*66
2021-07-29 04:04:12,356 [INFO] Interpreted as: {'position': (9.33235762786353, 9.11215192079544), 'latlon': (42.30008408333333, -71.09988958333334), 'heading': 24.6, 'depth': 1.0, 'altitude': 10.0, 'roll': 0.0, 'pitch': 0.0, 'last_fix_time': datetime.datetime(2021, 7, 29, 3, 4, 11), 'speed': None, 'rudder': 0, 'datum': (42.3, -71.1)}
2021-07-29 04:04:12,357 [INFO] Received from Frontseat: [b'$BFNVG,030410.25,4218.004642,N,07105.993608,W,0,10.0,1.0,24.6,0.0,0.0,030410.25*69', b'$BFNVG,030410.61,4218.004778,N,07105.993529,W,0,10.0,1.0,24.6,0.0,0.0,030410.61*61', b'$BFNVG,030410.96,4218.004912,N,07105.993452,W,0,10.0,1.0,24.6,0.0,0.0,030410.96*6E', b'$BFNVG,030411.30,4218.005045,N,07105.993375,W,0,10.0,1.0,24.6,0.0,0.0,030411.30*66']
2021-07-29 04:04:12,358 [INFO] AUV state: {'position': (9.33235762786353, 9.11215192079544), 'latlon': (42.30008408333333, -71.09988958333334), 'heading': 24.6, 'depth': 1.0, 'altitude': 10.0, 'roll': 0.0, 'pitch': 0.0, 'last_fix_time': datetime.datetime(2021, 7, 29, 3, 4, 11), 'speed': None, 'rudder': 0, 'datum': (42.3, -71.1)}
2021-07-29 04:04:12,660 [INFO] **** [(-3.411427408552103, -12.211523545988728)] [(21.821572871087646, -14.23672234997483)]
2021-07-29 04:04:12,662 [INFO] Next green buoy: [(-3.411427408552103, -12.211523545988728)], next red buoy: [(21.821572871087646, -14.23672234997483)]
2021-07-29 04:04:12,662 [INFO] Desired_heading: 33.80507273126777
2021-07-29 04:04:12,663 [INFO] delta angle: 25
2021-07-29 04:04:12,663 [INFO] sending message $BPRMB,030413.32,-25,1,0,750,0,1*51
...
2021-07-29 04:04:13,665 [INFO] sending message $BPSTS,030413.66,1,BWSI Autonomy OK*41
...
2021-07-29 04:04:13,666 [INFO] Processing: $BFNVG,030411.65,4218.005177,N,07105.993299,W,0,10.0,1.0,24.6,0.0,0.0,030411.65*65
2021-07-29 04:04:13,668 [INFO] Interpreted as: {'position': (9.442800759919919, 9.35386729426682), 'latlon': (42.300086283333336, -71.09988831666666), 'heading': 24.6, 'depth': 1.0, 'altitude': 10.0, 'roll': 0.0, 'pitch': 0.0, 'last_fix_time': datetime.datetime(2021, 7, 29, 3, 4, 11), 'speed': None, 'rudder': 0, 'datum': (42.3, -71.1)}
2021-07-29 04:04:13,669 [INFO] Processing: $BFNVG,030411.99,4218.005308,N,07105.993222,W,0,10.0,1.0,25.6,0.0,0.0,030411.99*6E
2021-07-29 04:04:13,672 [INFO] Interpreted as: {'position': (9.554572093184106, 9.593698066659272), 'latlon': (42.300088466666665, -71.09988703333333), 'heading': 25.6, 'depth': 1.0, 'altitude': 10.0, 'roll': 0.0, 'pitch': 0.0, 'last_fix_time': datetime.datetime(2021, 7, 29, 3, 4, 11), 'speed': None, 'rudder': 0, 'datum': (42.3, -71.1)}
2021-07-29 04:04:13,673 [INFO] Processing: $BFNVG,030412.34,4218.005440,N,07105.993140,W,0,10.0,1.0,26.7,0.0,0.0,030412.34*60
2021-07-29 04:04:13,675 [INFO] Interpreted as: {'position': (9.673258480266668, 9.835210023447871), 'latlon': (42.30009066666667, -71.09988566666667), 'heading': 26.7, 'depth': 1.0, 'altitude': 10.0, 'roll': 0.0, 'pitch': 0.0, 'last_fix_time': datetime.datetime(2021, 7, 29, 3, 4, 12), 'speed': None, 'rudder': 0, 'datum': (42.3, -71.1)}
2021-07-29 04:04:13,677 [INFO] Received from Frontseat: [b'$BFNVG,030411.65,4218.005177,N,07105.993299,W,0,10.0,1.0,24.6,0.0,0.0,030411.65*65', b'$BFNVG,030411.99,4218.005308,N,07105.993222,W,0,10.0,1.0,25.6,0.0,0.0,030411.99*6E', b'$BFNVG,030412.34,4218.005440,N,07105.993140,W,0,10.0,1.0,26.7,0.0,0.0,030412.34*60']
2021-07-29 04:04:13,678 [INFO] AUV state: {'position': (9.673258480266668, 9.835210023447871), 'latlon': (42.30009066666667, -71.09988566666667), 'heading': 26.7, 'depth': 1.0, 'altitude': 10.0, 'roll': 0.0, 'pitch': 0.0, 'last_fix_time': datetime.datetime(2021, 7, 29, 3, 4, 12), 'speed': None, 'rudder': 0, 'datum': (42.3, -71.1)}
2021-07-29 04:04:13,985 [INFO] **** [(-6.55306580260643, -14.513882239333906)] [(23.94414736018402, -17.29793788593098)]
2021-07-29 04:04:13,987 [INFO] Next green buoy: [(-6.55306580260643, -14.513882239333906)], next red buoy: [(23.94414736018402, -17.29793788593098)]
2021-07-29 04:04:13,987 [INFO] Desired_heading: 35.39554077878879
2021-07-29 04:04:13,988 [INFO] delta angle: 25
2021-07-29 04:04:13,988 [INFO] sending message $BPRMB,030414.00,-25,1,0,750,0,1*57
...
2021-07-29 04:04:14,990 [INFO] sending message $BPSTS,030414.99,1,BWSI Autonomy OK*46
...
2021-07-29 04:04:14,991 [INFO] Processing: $BFNVG,030412.69,4218.005571,N,07105.993055,W,0,10.0,1.0,27.7,0.0,0.0,030412.69*67
2021-07-29 04:04:14,993 [INFO] Interpreted as: {'position': (9.796020819223486, 10.074769574217498), 'latlon': (42.30009285, -71.09988425), 'heading': 27.7, 'depth': 1.0, 'altitude': 10.0, 'roll': 0.0, 'pitch': 0.0, 'last_fix_time': datetime.datetime(2021, 7, 29, 3, 4, 12), 'speed': None, 'rudder': 0, 'datum': (42.3, -71.1)}
2021-07-29 04:04:14,994 [INFO] Processing: $BFNVG,030413.04,4218.005700,N,07105.992966,W,0,10.0,1.0,29.4,0.0,0.0,030413.04*66
2021-07-29 04:04:14,996 [INFO] Interpreted as: {'position': (9.924187326221727, 10.310492120683193), 'latlon': (42.300095, -71.09988276666667), 'heading': 29.4, 'depth': 1.0, 'altitude': 10.0, 'roll': 0.0, 'pitch': 0.0, 'last_fix_time': datetime.datetime(2021, 7, 29, 3, 4, 13), 'speed': None, 'rudder': 0, 'datum': (42.3, -71.1)}
2021-07-29 04:04:14,996 [INFO] Processing: $BFNVG,030413.39,4218.005828,N,07105.992871,W,0,10.0,1.0,31.0,0.0,0.0,030413.39*69
2021-07-29 04:04:14,998 [INFO] Interpreted as: {'position': (10.060551419504918, 10.544160553254187), 'latlon': (42.30009713333333, -71.09988118333334), 'heading': 31.0, 'depth': 1.0, 'altitude': 10.0, 'roll': 0.0, 'pitch': 0.0, 'last_fix_time': datetime.datetime(2021, 7, 29, 3, 4, 13), 'speed': None, 'rudder': 0, 'datum': (42.3, -71.1)}
2021-07-29 04:04:14,999 [INFO] Processing: $BFNVG,030413.75,4218.005957,N,07105.992769,W,0,10.0,1.0,32.7,0.0,0.0,030413.75*62
2021-07-29 04:04:15,000 [INFO] Interpreted as: {'position': (10.206578317214735, 10.779442364349961), 'latlon': (42.30009928333333, -71.09987948333334), 'heading': 32.7, 'depth': 1.0, 'altitude': 10.0, 'roll': 0.0, 'pitch': 0.0, 'last_fix_time': datetime.datetime(2021, 7, 29, 3, 4, 13), 'speed': None, 'rudder': 0, 'datum': (42.3, -71.1)}
2021-07-29 04:04:15,001 [INFO] Received from Frontseat: [b'$BFNVG,030412.69,4218.005571,N,07105.993055,W,0,10.0,1.0,27.7,0.0,0.0,030412.69*67', b'$BFNVG,030413.04,4218.005700,N,07105.992966,W,0,10.0,1.0,29.4,0.0,0.0,030413.04*66', b'$BFNVG,030413.39,4218.005828,N,07105.992871,W,0,10.0,1.0,31.0,0.0,0.0,030413.39*69', b'$BFNVG,030413.75,4218.005957,N,07105.992769,W,0,10.0,1.0,32.7,0.0,0.0,030413.75*62']
2021-07-29 04:04:15,003 [INFO] AUV state: {'position': (10.206578317214735, 10.779442364349961), 'latlon': (42.30009928333333, -71.09987948333334), 'heading': 32.7, 'depth': 1.0, 'altitude': 10.0, 'roll': 0.0, 'pitch': 0.0, 'last_fix_time': datetime.datetime(2021, 7, 29, 3, 4, 13), 'speed': None, 'rudder': 0, 'datum': (42.3, -71.1)}
2021-07-29 04:04:15,339 [INFO] **** [(-16.167709337027777, -19.440564359385277), (21.896800883765497, -6.842134732955362)] []
2021-07-29 04:04:15,341 [INFO] Next green buoy: [(-16.167709337027777, -19.440564359385277), (21.896800883765497, -6.842134732955362)], next red buoy: []
2021-07-29 04:04:15,342 [INFO] Desired_heading: 16.532290662972226
2021-07-29 04:04:15,342 [INFO] delta angle: -25
2021-07-29 04:04:15,343 [INFO] sending message $BPRMB,030415.97,25,1,0,750,0,1*75
...
2021-07-29 04:04:16,344 [INFO] sending message $BPSTS,030416.34,1,BWSI Autonomy OK*43
...
2021-07-29 04:04:16,345 [INFO] Processing: $BFNVG,030414.09,4218.006080,N,07105.992665,W,0,10.0,1.0,34.3,0.0,0.0,030414.09*6D
2021-07-29 04:04:16,348 [INFO] Interpreted as: {'position': (10.355078945751302, 11.003552188165486), 'latlon': (42.30010133333333, -71.09987775), 'heading': 34.3, 'depth': 1.0, 'altitude': 10.0, 'roll': 0.0, 'pitch': 0.0, 'last_fix_time': datetime.datetime(2021, 7, 29, 3, 4, 14), 'speed': None, 'rudder': 0, 'datum': (42.3, -71.1)}
2021-07-29 04:04:16,348 [INFO] Processing: $BFNVG,030414.45,4218.006202,N,07105.992555,W,0,10.0,1.0,36.0,0.0,0.0,030414.45*64
2021-07-29 04:04:16,350 [INFO] Interpreted as: {'position': (10.51177716103848, 11.2256079018116), 'latlon': (42.30010336666667, -71.09987591666666), 'heading': 36.0, 'depth': 1.0, 'altitude': 10.0, 'roll': 0.0, 'pitch': 0.0, 'last_fix_time': datetime.datetime(2021, 7, 29, 3, 4, 14), 'speed': None, 'rudder': 0, 'datum': (42.3, -71.1)}
2021-07-29 04:04:16,351 [INFO] Processing: $BFNVG,030414.80,4218.006321,N,07105.992441,W,0,10.0,1.0,37.6,0.0,0.0,030414.80*67
2021-07-29 04:04:16,352 [INFO] Interpreted as: {'position': (10.673833868466318, 11.441975913010538), 'latlon': (42.30010535, -71.09987401666666), 'heading': 37.6, 'depth': 1.0, 'altitude': 10.0, 'roll': 0.0, 'pitch': 0.0, 'last_fix_time': datetime.datetime(2021, 7, 29, 3, 4, 14), 'speed': None, 'rudder': 0, 'datum': (42.3, -71.1)}
2021-07-29 04:04:16,353 [INFO] Processing: $BFNVG,030415.15,4218.006437,N,07105.992323,W,0,10.0,1.0,39.3,0.0,0.0,030415.15*6F
2021-07-29 04:04:16,355 [INFO] Interpreted as: {'position': (10.841249063727446, 11.65265622548759), 'latlon': (42.30010728333333, -71.09987205), 'heading': 39.3, 'depth': 1.0, 'altitude': 10.0, 'roll': 0.0, 'pitch': 0.0, 'last_fix_time': datetime.datetime(2021, 7, 29, 3, 4, 15), 'speed': None, 'rudder': 0, 'datum': (42.3, -71.1)}
2021-07-29 04:04:16,355 [INFO] Received from Frontseat: [b'$BFNVG,030414.09,4218.006080,N,07105.992665,W,0,10.0,1.0,34.3,0.0,0.0,030414.09*6D', b'$BFNVG,030414.45,4218.006202,N,07105.992555,W,0,10.0,1.0,36.0,0.0,0.0,030414.45*64', b'$BFNVG,030414.80,4218.006321,N,07105.992441,W,0,10.0,1.0,37.6,0.0,0.0,030414.80*67', b'$BFNVG,030415.15,4218.006437,N,07105.992323,W,0,10.0,1.0,39.3,0.0,0.0,030415.15*6F']
2021-07-29 04:04:16,356 [INFO] AUV state: {'position': (10.841249063727446, 11.65265622548759), 'latlon': (42.30010728333333, -71.09987205), 'heading': 39.3, 'depth': 1.0, 'altitude': 10.0, 'roll': 0.0, 'pitch': 0.0, 'last_fix_time': datetime.datetime(2021, 7, 29, 3, 4, 15), 'speed': None, 'rudder': 0, 'datum': (42.3, -71.1)}
2021-07-29 04:04:16,668 [INFO] **** [(17.752589701796595, -7.771872224713446)] []
2021-07-29 04:04:16,670 [INFO] Next green buoy: [(17.752589701796595, -7.771872224713446)], next red buoy: []
2021-07-29 04:04:16,670 [INFO] Desired_heading: 57.05258970179659
2021-07-29 04:04:16,671 [INFO] delta angle: 25
2021-07-29 04:04:16,671 [INFO] sending message $BPRMB,030416.71,-25,1,0,750,0,1*53
...
2021-07-29 04:04:17,672 [INFO] sending message $BPSTS,030417.67,1,BWSI Autonomy OK*44
...
2021-07-29 04:04:17,673 [INFO] Processing: $BFNVG,030415.49,4218.006551,N,07105.992201,W,0,10.0,1.0,40.9,0.0,0.0,030415.49*6B
2021-07-29 04:04:17,675 [INFO] Interpreted as: {'position': (11.014068424352445, 11.859499534592032), 'latlon': (42.30010918333333, -71.09987001666667), 'heading': 40.9, 'depth': 1.0, 'altitude': 10.0, 'roll': 0.0, 'pitch': 0.0, 'last_fix_time': datetime.datetime(2021, 7, 29, 3, 4, 15), 'speed': None, 'rudder': 0, 'datum': (42.3, -71.1)}
2021-07-29 04:04:17,675 [INFO] Processing: $BFNVG,030415.84,4218.006665,N,07105.992078,W,0,10.0,1.0,39.3,0.0,0.0,030415.84*67
2021-07-29 04:04:17,677 [INFO] Interpreted as: {'position': (11.188261652481742, 12.066308945417404), 'latlon': (42.300111083333334, -71.09986796666666), 'heading': 39.3, 'depth': 1.0, 'altitude': 10.0, 'roll': 0.0, 'pitch': 0.0, 'last_fix_time': datetime.datetime(2021, 7, 29, 3, 4, 15), 'speed': None, 'rudder': 0, 'datum': (42.3, -71.1)}
2021-07-29 04:04:17,678 [INFO] Processing: $BFNVG,030416.19,4218.006781,N,07105.991960,W,0,10.0,1.0,37.6,0.0,0.0,030416.19*64
2021-07-29 04:04:17,680 [INFO] Interpreted as: {'position': (11.355676822480746, 12.27698927000165), 'latlon': (42.300113016666664, -71.099866), 'heading': 37.6, 'depth': 1.0, 'altitude': 10.0, 'roll': 0.0, 'pitch': 0.0, 'last_fix_time': datetime.datetime(2021, 7, 29, 3, 4, 16), 'speed': None, 'rudder': 0, 'datum': (42.3, -71.1)}
2021-07-29 04:04:17,680 [INFO] Processing: $BFNVG,030416.56,4218.006905,N,07105.991842,W,0,10.0,1.0,35.9,0.0,0.0,030416.56*6A
2021-07-29 04:04:17,682 [INFO] Interpreted as: {'position': (11.523457336472347, 12.502475173212588), 'latlon': (42.30011508333333, -71.09986403333333), 'heading': 35.9, 'depth': 1.0, 'altitude': 10.0, 'roll': 0.0, 'pitch': 0.0, 'last_fix_time': datetime.datetime(2021, 7, 29, 3, 4, 16), 'speed': None, 'rudder': 0, 'datum': (42.3, -71.1)}
2021-07-29 04:04:17,683 [INFO] Received from Frontseat: [b'$BFNVG,030415.49,4218.006551,N,07105.992201,W,0,10.0,1.0,40.9,0.0,0.0,030415.49*6B', b'$BFNVG,030415.84,4218.006665,N,07105.992078,W,0,10.0,1.0,39.3,0.0,0.0,030415.84*67', b'$BFNVG,030416.19,4218.006781,N,07105.991960,W,0,10.0,1.0,37.6,0.0,0.0,030416.19*64', b'$BFNVG,030416.56,4218.006905,N,07105.991842,W,0,10.0,1.0,35.9,0.0,0.0,030416.56*6A']
2021-07-29 04:04:17,684 [INFO] AUV state: {'position': (11.523457336472347, 12.502475173212588), 'latlon': (42.30011508333333, -71.09986403333333), 'heading': 35.9, 'depth': 1.0, 'altitude': 10.0, 'roll': 0.0, 'pitch': 0.0, 'last_fix_time': datetime.datetime(2021, 7, 29, 3, 4, 16), 'speed': None, 'rudder': 0, 'datum': (42.3, -71.1)}
2021-07-29 04:04:17,990 [INFO] **** [(23.51366250765, -8.974925206354143)] []
2021-07-29 04:04:17,992 [INFO] Next green buoy: [(23.51366250765, -8.974925206354143)], next red buoy: []
2021-07-29 04:04:17,993 [INFO] Desired_heading: 59.41366250765
2021-07-29 04:04:17,993 [INFO] delta angle: -25
2021-07-29 04:04:17,994 [INFO] sending message $BPRMB,030418.62,25,1,0,750,0,1*72
...
2021-07-29 04:04:18,995 [INFO] sending message $BPSTS,030418.99,1,BWSI Autonomy OK*4a
...
2021-07-29 04:04:18,996 [INFO] Processing: $BFNVG,030416.91,4218.007026,N,07105.991733,W,0,10.0,1.0,34.3,0.0,0.0,030416.91*61
2021-07-29 04:04:19,001 [INFO] Interpreted as: {'position': (11.67873593524564, 12.722714115865529), 'latlon': (42.3001171, -71.09986221666666), 'heading': 34.3, 'depth': 1.0, 'altitude': 10.0, 'roll': 0.0, 'pitch': 0.0, 'last_fix_time': datetime.datetime(2021, 7, 29, 3, 4, 16), 'speed': None, 'rudder': 0, 'datum': (42.3, -71.1)}
2021-07-29 04:04:19,002 [INFO] Processing: $BFNVG,030417.26,4218.007148,N,07105.991624,W,0,10.0,1.0,35.9,0.0,0.0,030417.26*64
2021-07-29 04:04:19,004 [INFO] Interpreted as: {'position': (11.834060193796176, 12.944803758524358), 'latlon': (42.30011913333333, -71.0998604), 'heading': 35.9, 'depth': 1.0, 'altitude': 10.0, 'roll': 0.0, 'pitch': 0.0, 'last_fix_time': datetime.datetime(2021, 7, 29, 3, 4, 17), 'speed': None, 'rudder': 0, 'datum': (42.3, -71.1)}
2021-07-29 04:04:19,004 [INFO] Processing: $BFNVG,030417.61,4218.007267,N,07105.991510,W,0,10.0,1.0,37.6,0.0,0.0,030417.61*63
2021-07-29 04:04:19,006 [INFO] Interpreted as: {'position': (11.99611682340037, 13.161171800456941), 'latlon': (42.300121116666666, -71.0998585), 'heading': 37.6, 'depth': 1.0, 'altitude': 10.0, 'roll': 0.0, 'pitch': 0.0, 'last_fix_time': datetime.datetime(2021, 7, 29, 3, 4, 17), 'speed': None, 'rudder': 0, 'datum': (42.3, -71.1)}
2021-07-29 04:04:19,007 [INFO] Processing: $BFNVG,030417.97,4218.007386,N,07105.991389,W,0,10.0,1.0,39.2,0.0,0.0,030417.97*61
2021-07-29 04:04:19,009 [INFO] Interpreted as: {'position': (12.167790583218448, 13.377302525565028), 'latlon': (42.3001231, -71.09985648333334), 'heading': 39.2, 'depth': 1.0, 'altitude': 10.0, 'roll': 0.0, 'pitch': 0.0, 'last_fix_time': datetime.datetime(2021, 7, 29, 3, 4, 17), 'speed': None, 'rudder': 0, 'datum': (42.3, -71.1)}
2021-07-29 04:04:19,009 [INFO] Received from Frontseat: [b'$BFNVG,030416.91,4218.007026,N,07105.991733,W,0,10.0,1.0,34.3,0.0,0.0,030416.91*61', b'$BFNVG,030417.26,4218.007148,N,07105.991624,W,0,10.0,1.0,35.9,0.0,0.0,030417.26*64', b'$BFNVG,030417.61,4218.007267,N,07105.991510,W,0,10.0,1.0,37.6,0.0,0.0,030417.61*63', b'$BFNVG,030417.97,4218.007386,N,07105.991389,W,0,10.0,1.0,39.2,0.0,0.0,030417.97*61']
2021-07-29 04:04:19,010 [INFO] AUV state: {'position': (12.167790583218448, 13.377302525565028), 'latlon': (42.3001231, -71.09985648333334), 'heading': 39.2, 'depth': 1.0, 'altitude': 10.0, 'roll': 0.0, 'pitch': 0.0, 'last_fix_time': datetime.datetime(2021, 7, 29, 3, 4, 17), 'speed': None, 'rudder': 0, 'datum': (42.3, -71.1)}
2021-07-29 04:04:19,311 [INFO] **** [(24.1928830272943, -10.517804873822056)] []
2021-07-29 04:04:19,313 [INFO] Next green buoy: [(24.1928830272943, -10.517804873822056)], next red buoy: []
2021-07-29 04:04:19,314 [INFO] Desired_heading: 63.3928830272943
2021-07-29 04:04:19,314 [INFO] delta angle: -25
2021-07-29 04:04:19,315 [INFO] sending message $BPRMB,030419.36,25,1,0,750,0,1*72
...
2021-07-29 04:04:20,316 [INFO] sending message $BPSTS,030420.31,1,BWSI Autonomy OK*43
...
2021-07-29 04:04:20,318 [INFO] Processing: $BFNVG,030418.34,4218.007510,N,07105.991264,W,0,10.0,1.0,37.5,0.0,0.0,030418.34*63
2021-07-29 04:04:20,320 [INFO] Interpreted as: {'position': (12.3451881861547, 13.602551128715277), 'latlon': (42.30012516666667, -71.0998544), 'heading': 37.5, 'depth': 1.0, 'altitude': 10.0, 'roll': 0.0, 'pitch': 0.0, 'last_fix_time': datetime.datetime(2021, 7, 29, 3, 4, 18), 'speed': None, 'rudder': 0, 'datum': (42.3, -71.1)}
2021-07-29 04:04:20,322 [INFO] Processing: $BFNVG,030418.69,4218.007629,N,07105.991150,W,0,10.0,1.0,35.9,0.0,0.0,030418.69*60
2021-07-29 04:04:20,324 [INFO] Interpreted as: {'position': (12.50724478578195, 13.818919179961085), 'latlon': (42.30012715, -71.0998525), 'heading': 35.9, 'depth': 1.0, 'altitude': 10.0, 'roll': 0.0, 'pitch': 0.0, 'last_fix_time': datetime.datetime(2021, 7, 29, 3, 4, 18), 'speed': None, 'rudder': 0, 'datum': (42.3, -71.1)}
2021-07-29 04:04:20,325 [INFO] Processing: $BFNVG,030419.04,4218.007750,N,07105.991041,W,0,10.0,1.0,34.2,0.0,0.0,030419.04*64
2021-07-29 04:04:20,328 [INFO] Interpreted as: {'position': (12.662523326755036, 14.0391581421718), 'latlon': (42.300129166666665, -71.09985068333333), 'heading': 34.2, 'depth': 1.0, 'altitude': 10.0, 'roll': 0.0, 'pitch': 0.0, 'last_fix_time': datetime.datetime(2021, 7, 29, 3, 4, 19), 'speed': None, 'rudder': 0, 'datum': (42.3, -71.1)}
2021-07-29 04:04:20,329 [INFO] Received from Frontseat: [b'$BFNVG,030418.34,4218.007510,N,07105.991264,W,0,10.0,1.0,37.5,0.0,0.0,030418.34*63', b'$BFNVG,030418.69,4218.007629,N,07105.991150,W,0,10.0,1.0,35.9,0.0,0.0,030418.69*60', b'$BFNVG,030419.04,4218.007750,N,07105.991041,W,0,10.0,1.0,34.2,0.0,0.0,030419.04*64']
2021-07-29 04:04:20,330 [INFO] AUV state: {'position': (12.662523326755036, 14.0391581421718), 'latlon': (42.300129166666665, -71.09985068333333), 'heading': 34.2, 'depth': 1.0, 'altitude': 10.0, 'roll': 0.0, 'pitch': 0.0, 'last_fix_time': datetime.datetime(2021, 7, 29, 3, 4, 19), 'speed': None, 'rudder': 0, 'datum': (42.3, -71.1)}
2021-07-29 04:04:20,624 [INFO] **** [] []
2021-07-29 04:04:20,627 [INFO] Next green buoy: [], next red buoy: []
2021-07-29 04:04:20,627 [INFO] Desired_heading: 34.2
2021-07-29 04:04:20,628 [INFO] delta angle: 0.0
2021-07-29 04:04:20,628 [INFO] sending message $BPRMB,030421.27,-0.0,1,0,750,0,1*7d
...
2021-07-29 04:04:21,630 [INFO] sending message $BPSTS,030421.63,1,BWSI Autonomy OK*45
...
2021-07-29 04:04:21,632 [INFO] Processing: $BFNVG,030419.40,4218.007877,N,07105.990935,W,0,10.0,1.0,32.5,0.0,0.0,030419.40*64
2021-07-29 04:04:21,634 [INFO] Interpreted as: {'position': (12.813954240933526, 14.270603000186384), 'latlon': (42.300131283333336, -71.09984891666667), 'heading': 32.5, 'depth': 1.0, 'altitude': 10.0, 'roll': 0.0, 'pitch': 0.0, 'last_fix_time': datetime.datetime(2021, 7, 29, 3, 4, 19), 'speed': None, 'rudder': 0, 'datum': (42.3, -71.1)}
2021-07-29 04:04:21,635 [INFO] Processing: $BFNVG,030419.75,4218.008003,N,07105.990836,W,0,10.0,1.0,30.9,0.0,0.0,030419.75*6C
2021-07-29 04:04:21,637 [INFO] Interpreted as: {'position': (12.955722340615466, 14.500434479676187), 'latlon': (42.30013338333333, -71.09984726666667), 'heading': 30.9, 'depth': 1.0, 'altitude': 10.0, 'roll': 0.0, 'pitch': 0.0, 'last_fix_time': datetime.datetime(2021, 7, 29, 3, 4, 19), 'speed': None, 'rudder': 0, 'datum': (42.3, -71.1)}
2021-07-29 04:04:21,638 [INFO] Processing: $BFNVG,030420.10,4218.008131,N,07105.990742,W,0,10.0,1.0,29.3,0.0,0.0,030420.10*62
2021-07-29 04:04:21,641 [INFO] Interpreted as: {'position': (13.090712382749189, 14.734136870130897), 'latlon': (42.300135516666664, -71.0998457), 'heading': 29.3, 'depth': 1.0, 'altitude': 10.0, 'roll': 0.0, 'pitch': 0.0, 'last_fix_time': datetime.datetime(2021, 7, 29, 3, 4, 20), 'speed': None, 'rudder': 0, 'datum': (42.3, -71.1)}
2021-07-29 04:04:21,642 [INFO] Processing: $BFNVG,030420.45,4218.008261,N,07105.990652,W,0,10.0,1.0,27.6,0.0,0.0,030420.45*6F
2021-07-29 04:04:21,644 [INFO] Interpreted as: {'position': (13.220298246946186, 14.971676267683506), 'latlon': (42.30013768333333, -71.0998442), 'heading': 27.6, 'depth': 1.0, 'altitude': 10.0, 'roll': 0.0, 'pitch': 0.0, 'last_fix_time': datetime.datetime(2021, 7, 29, 3, 4, 20), 'speed': None, 'rudder': 0, 'datum': (42.3, -71.1)}
2021-07-29 04:04:21,644 [INFO] Received from Frontseat: [b'$BFNVG,030419.40,4218.007877,N,07105.990935,W,0,10.0,1.0,32.5,0.0,0.0,030419.40*64', b'$BFNVG,030419.75,4218.008003,N,07105.990836,W,0,10.0,1.0,30.9,0.0,0.0,030419.75*6C', b'$BFNVG,030420.10,4218.008131,N,07105.990742,W,0,10.0,1.0,29.3,0.0,0.0,030420.10*62', b'$BFNVG,030420.45,4218.008261,N,07105.990652,W,0,10.0,1.0,27.6,0.0,0.0,030420.45*6F']
2021-07-29 04:04:21,645 [INFO] AUV state: {'position': (13.220298246946186, 14.971676267683506), 'latlon': (42.30013768333333, -71.0998442), 'heading': 27.6, 'depth': 1.0, 'altitude': 10.0, 'roll': 0.0, 'pitch': 0.0, 'last_fix_time': datetime.datetime(2021, 7, 29, 3, 4, 20), 'speed': None, 'rudder': 0, 'datum': (42.3, -71.1)}
2021-07-29 04:04:21,938 [INFO] **** [] []
2021-07-29 04:04:21,940 [INFO] Next green buoy: [], next red buoy: []
2021-07-29 04:04:21,941 [INFO] Desired_heading: 27.6
2021-07-29 04:04:21,941 [INFO] delta angle: 0.0
2021-07-29 04:04:21,942 [INFO] sending message $BPRMB,030421.99,-0.0,1,0,750,0,1*78
...
