2021-07-29 14:06:45,817 [INFO] host = 192.168.1.213, port = 29500
2021-07-29 14:06:47,887 [INFO] sending message $BPLOG,ACK,ON*1e
...
2021-07-29 14:06:47,888 [INFO] sending message $BPLOG,ALL,ON*16
...
2021-07-29 14:06:47,889 [INFO] sending message $BPSTS,130647.88,1,BWSI Autonomy OK*43
...
2021-07-29 14:06:47,890 [INFO] Received from Frontseat: []
2021-07-29 14:06:47,891 [INFO] AUV state: {'position': (None, None), 'latlon': None, 'heading': None, 'depth': None, 'altitude': None, 'roll': None, 'pitch': None, 'last_fix_time': None, 'speed': None, 'rudder': 0}
2021-07-29 14:06:48,893 [INFO] sending message $BPSTS,130648.89,1,BWSI Autonomy OK*4d
...
2021-07-29 14:06:48,894 [INFO] Processing: $BFNVG,130646.93,4218.000000,N,07106.000000,W,0,10.0,1.0,45.0,0.0,0.0,130646.93*62
2021-07-29 14:06:48,896 [INFO] Interpreted as: {'position': (0, 0), 'latlon': (42.3, -71.1), 'heading': 45.0, 'depth': 1.0, 'altitude': 10.0, 'roll': 0.0, 'pitch': 0.0, 'last_fix_time': datetime.datetime(2021, 7, 29, 13, 6, 46), 'speed': None, 'rudder': 0, 'datum': (42.3, -71.1)}
2021-07-29 14:06:48,897 [INFO] Processing: $BFNVG,130647.18,4218.000000,N,07106.000000,W,0,10.0,1.0,45.0,0.0,0.0,130647.18*62
2021-07-29 14:06:48,900 [INFO] Interpreted as: {'position': (0.0, 0.0), 'latlon': (42.3, -71.1), 'heading': 45.0, 'depth': 1.0, 'altitude': 10.0, 'roll': 0.0, 'pitch': 0.0, 'last_fix_time': datetime.datetime(2021, 7, 29, 13, 6, 47), 'speed': None, 'rudder': 0, 'datum': (42.3, -71.1)}
2021-07-29 14:06:48,901 [INFO] Processing: $BFNVG,130647.43,4218.000000,N,07106.000000,W,0,10.0,1.0,45.0,0.0,0.0,130647.43*62
2021-07-29 14:06:48,902 [INFO] Interpreted as: {'position': (0.0, 0.0), 'latlon': (42.3, -71.1), 'heading': 45.0, 'depth': 1.0, 'altitude': 10.0, 'roll': 0.0, 'pitch': 0.0, 'last_fix_time': datetime.datetime(2021, 7, 29, 13, 6, 47), 'speed': None, 'rudder': 0, 'datum': (42.3, -71.1)}
2021-07-29 14:06:48,903 [INFO] Processing: $BFNVG,130647.69,4218.000000,N,07106.000000,W,0,10.0,1.0,45.0,0.0,0.0,130647.69*62
2021-07-29 14:06:48,905 [INFO] Interpreted as: {'position': (0.0, 0.0), 'latlon': (42.3, -71.1), 'heading': 45.0, 'depth': 1.0, 'altitude': 10.0, 'roll': 0.0, 'pitch': 0.0, 'last_fix_time': datetime.datetime(2021, 7, 29, 13, 6, 47), 'speed': None, 'rudder': 0, 'datum': (42.3, -71.1)}
2021-07-29 14:06:48,906 [INFO] Processing: $BFNVG,130647.94,4218.000000,N,07106.000000,W,0,10.0,1.0,45.0,0.0,0.0,130647.94*62
2021-07-29 14:06:48,908 [INFO] Interpreted as: {'position': (0.0, 0.0), 'latlon': (42.3, -71.1), 'heading': 45.0, 'depth': 1.0, 'altitude': 10.0, 'roll': 0.0, 'pitch': 0.0, 'last_fix_time': datetime.datetime(2021, 7, 29, 13, 6, 47), 'speed': None, 'rudder': 0, 'datum': (42.3, -71.1)}
2021-07-29 14:06:48,909 [INFO] Received from Frontseat: [b'$BFNVG,130646.93,4218.000000,N,07106.000000,W,0,10.0,1.0,45.0,0.0,0.0,130646.93*62', b'$BFNVG,130647.18,4218.000000,N,07106.000000,W,0,10.0,1.0,45.0,0.0,0.0,130647.18*62', b'$BFNVG,130647.43,4218.000000,N,07106.000000,W,0,10.0,1.0,45.0,0.0,0.0,130647.43*62', b'$BFNVG,130647.69,4218.000000,N,07106.000000,W,0,10.0,1.0,45.0,0.0,0.0,130647.69*62', b'$BFNVG,130647.94,4218.000000,N,07106.000000,W,0,10.0,1.0,45.0,0.0,0.0,130647.94*62']
2021-07-29 14:06:48,910 [INFO] AUV state: {'position': (0.0, 0.0), 'latlon': (42.3, -71.1), 'heading': 45.0, 'depth': 1.0, 'altitude': 10.0, 'roll': 0.0, 'pitch': 0.0, 'last_fix_time': datetime.datetime(2021, 7, 29, 13, 6, 47), 'speed': None, 'rudder': 0, 'datum': (42.3, -71.1)}
2021-07-29 14:06:49,258 [INFO] Next green buoy: [(-0.21993023293121178, -7.6862156757158235)], next red buoy: [(15.437560812208067, -7.329055330858309)]
2021-07-29 14:06:49,259 [INFO] Desired_heading: 52.60881528963843
2021-07-29 14:06:49,259 [INFO] delta angle: 25
2021-07-29 14:06:49,260 [INFO] sending message $BPRMB,130649.88,-25,1,0,1000,0,1*6f
...
2021-07-29 14:06:50,261 [INFO] sending message $BPSTS,130650.26,1,BWSI Autonomy OK*41
...
2021-07-29 14:06:50,263 [INFO] Processing: $BFNVG,130648.34,4218.000000,N,07106.000000,W,0,10.0,1.0,45.0,0.0,0.0,130648.34*62
2021-07-29 14:06:50,265 [INFO] Interpreted as: {'position': (0.0, 0.0), 'latlon': (42.3, -71.1), 'heading': 45.0, 'depth': 1.0, 'altitude': 10.0, 'roll': 0.0, 'pitch': 0.0, 'last_fix_time': datetime.datetime(2021, 7, 29, 13, 6, 48), 'speed': None, 'rudder': 0, 'datum': (42.3, -71.1)}
2021-07-29 14:06:50,266 [INFO] Processing: $BFNVG,130648.68,4218.000000,N,07106.000000,W,0,10.0,1.0,45.0,0.0,0.0,130648.68*62
2021-07-29 14:06:50,267 [INFO] Interpreted as: {'position': (0.0, 0.0), 'latlon': (42.3, -71.1), 'heading': 45.0, 'depth': 1.0, 'altitude': 10.0, 'roll': 0.0, 'pitch': 0.0, 'last_fix_time': datetime.datetime(2021, 7, 29, 13, 6, 48), 'speed': None, 'rudder': 0, 'datum': (42.3, -71.1)}
2021-07-29 14:06:50,269 [INFO] Processing: $BFNVG,130649.02,4218.000000,N,07106.000000,W,0,10.0,1.0,45.0,0.0,0.0,130649.02*62
2021-07-29 14:06:50,271 [INFO] Interpreted as: {'position': (0.0, 0.0), 'latlon': (42.3, -71.1), 'heading': 45.0, 'depth': 1.0, 'altitude': 10.0, 'roll': 0.0, 'pitch': 0.0, 'last_fix_time': datetime.datetime(2021, 7, 29, 13, 6, 49), 'speed': None, 'rudder': 0, 'datum': (42.3, -71.1)}
2021-07-29 14:06:50,271 [INFO] Received from Frontseat: [b'$BFNVG,130648.34,4218.000000,N,07106.000000,W,0,10.0,1.0,45.0,0.0,0.0,130648.34*62', b'$BFNVG,130648.68,4218.000000,N,07106.000000,W,0,10.0,1.0,45.0,0.0,0.0,130648.68*62', b'$BFNVG,130649.02,4218.000000,N,07106.000000,W,0,10.0,1.0,45.0,0.0,0.0,130649.02*62']
2021-07-29 14:06:50,272 [INFO] AUV state: {'position': (0.0, 0.0), 'latlon': (42.3, -71.1), 'heading': 45.0, 'depth': 1.0, 'altitude': 10.0, 'roll': 0.0, 'pitch': 0.0, 'last_fix_time': datetime.datetime(2021, 7, 29, 13, 6, 49), 'speed': None, 'rudder': 0, 'datum': (42.3, -71.1)}
2021-07-29 14:06:50,636 [INFO] Next green buoy: [(-0.22035521470194389, -7.708961974233651)], next red buoy: [(15.437560812208067, -7.333901112744751)]
2021-07-29 14:06:50,637 [INFO] Desired_heading: 52.60860279875306
2021-07-29 14:06:50,637 [INFO] delta angle: 25
2021-07-29 14:06:50,638 [INFO] sending message $BPRMB,130650.64,-25,1,0,1000,0,1*65
...
2021-07-29 14:06:51,640 [INFO] sending message $BPSTS,130651.63,1,BWSI Autonomy OK*41
...
2021-07-29 14:06:51,645 [INFO] Processing: $BFNVG,130649.37,4218.000000,N,07106.000000,W,0,10.0,1.0,45.0,0.0,0.0,130649.37*62
2021-07-29 14:06:51,648 [INFO] Interpreted as: {'position': (0.0, 0.0), 'latlon': (42.3, -71.1), 'heading': 45.0, 'depth': 1.0, 'altitude': 10.0, 'roll': 0.0, 'pitch': 0.0, 'last_fix_time': datetime.datetime(2021, 7, 29, 13, 6, 49), 'speed': None, 'rudder': 0, 'datum': (42.3, -71.1)}
2021-07-29 14:06:51,649 [INFO] Processing: $BFNVG,130649.72,4218.000139,N,07105.999814,W,0,10.0,1.0,47.2,0.0,0.0,130649.72*6E
2021-07-29 14:06:51,651 [INFO] Interpreted as: {'position': (0.2618900614324957, 0.25094056595116854), 'latlon': (42.300002316666664, -71.0999969), 'heading': 47.2, 'depth': 1.0, 'altitude': 10.0, 'roll': 0.0, 'pitch': 0.0, 'last_fix_time': datetime.datetime(2021, 7, 29, 13, 6, 49), 'speed': None, 'rudder': 0, 'datum': (42.3, -71.1)}
2021-07-29 14:06:51,652 [INFO] Processing: $BFNVG,130650.06,4218.000270,N,07105.999627,W,0,10.0,1.0,49.3,0.0,0.0,130650.06*61
2021-07-29 14:06:51,654 [INFO] Interpreted as: {'position': (0.5247886060969904, 0.4870416605845094), 'latlon': (42.3000045, -71.09999378333333), 'heading': 49.3, 'depth': 1.0, 'altitude': 10.0, 'roll': 0.0, 'pitch': 0.0, 'last_fix_time': datetime.datetime(2021, 7, 29, 13, 6, 50), 'speed': None, 'rudder': 0, 'datum': (42.3, -71.1)}
2021-07-29 14:06:51,655 [INFO] Processing: $BFNVG,130650.40,4218.000395,N,07105.999433,W,0,10.0,1.0,51.5,0.0,0.0,130650.40*63
2021-07-29 14:06:51,656 [INFO] Interpreted as: {'position': (0.7970302596222609, 0.7118012439459562), 'latlon': (42.300006583333335, -71.09999055), 'heading': 51.5, 'depth': 1.0, 'altitude': 10.0, 'roll': 0.0, 'pitch': 0.0, 'last_fix_time': datetime.datetime(2021, 7, 29, 13, 6, 50), 'speed': None, 'rudder': 0, 'datum': (42.3, -71.1)}
2021-07-29 14:06:51,657 [INFO] Received from Frontseat: [b'$BFNVG,130649.37,4218.000000,N,07106.000000,W,0,10.0,1.0,45.0,0.0,0.0,130649.37*62', b'$BFNVG,130649.72,4218.000139,N,07105.999814,W,0,10.0,1.0,47.2,0.0,0.0,130649.72*6E', b'$BFNVG,130650.06,4218.000270,N,07105.999627,W,0,10.0,1.0,49.3,0.0,0.0,130650.06*61', b'$BFNVG,130650.40,4218.000395,N,07105.999433,W,0,10.0,1.0,51.5,0.0,0.0,130650.40*63']
2021-07-29 14:06:51,658 [INFO] AUV state: {'position': (0.7970302596222609, 0.7118012439459562), 'latlon': (42.300006583333335, -71.09999055), 'heading': 51.5, 'depth': 1.0, 'altitude': 10.0, 'roll': 0.0, 'pitch': 0.0, 'last_fix_time': datetime.datetime(2021, 7, 29, 13, 6, 50), 'speed': None, 'rudder': 0, 'datum': (42.3, -71.1)}
2021-07-29 14:06:52,027 [INFO] Next green buoy: [(-7.988500279863731, -8.821416620747343)], next red buoy: [(10.320187420393758, -8.548610848197425)]
2021-07-29 14:06:52,028 [INFO] Desired_heading: 52.66584357026501
2021-07-29 14:06:52,028 [INFO] delta angle: 1.0873529842626142
2021-07-29 14:06:52,029 [INFO] sending message $BPRMB,130652.63,-1.0873529842626142,1,0,1000,0,1*71
...
2021-07-29 14:06:53,030 [INFO] sending message $BPSTS,130653.03,1,BWSI Autonomy OK*45
...
2021-07-29 14:06:53,032 [INFO] Processing: $BFNVG,130650.75,4218.000515,N,07105.999232,W,0,10.0,1.0,53.6,0.0,0.0,130650.75*6B
2021-07-29 14:06:53,034 [INFO] Interpreted as: {'position': (1.0786606981419027, 0.9270700206980109), 'latlon': (42.30000858333333, -71.0999872), 'heading': 53.6, 'depth': 1.0, 'altitude': 10.0, 'roll': 0.0, 'pitch': 0.0, 'last_fix_time': datetime.datetime(2021, 7, 29, 13, 6, 50), 'speed': None, 'rudder': 0, 'datum': (42.3, -71.1)}
2021-07-29 14:06:53,035 [INFO] Processing: $BFNVG,130651.10,4218.000631,N,07105.999022,W,0,10.0,1.0,55.8,0.0,0.0,130651.10*65
2021-07-29 14:06:53,037 [INFO] Interpreted as: {'position': (1.3724733443232253, 1.1346308756619692), 'latlon': (42.30001051666667, -71.0999837), 'heading': 55.8, 'depth': 1.0, 'altitude': 10.0, 'roll': 0.0, 'pitch': 0.0, 'last_fix_time': datetime.datetime(2021, 7, 29, 13, 6, 51), 'speed': None, 'rudder': 0, 'datum': (42.3, -71.1)}
2021-07-29 14:06:53,038 [INFO] Processing: $BFNVG,130651.45,4218.000742,N,07105.998804,W,0,10.0,1.0,58.0,0.0,0.0,130651.45*68
2021-07-29 14:06:53,040 [INFO] Interpreted as: {'position': (1.6770486551104113, 1.3326670173555613), 'latlon': (42.300012366666664, -71.09998006666666), 'heading': 58.0, 'depth': 1.0, 'altitude': 10.0, 'roll': 0.0, 'pitch': 0.0, 'last_fix_time': datetime.datetime(2021, 7, 29, 13, 6, 51), 'speed': None, 'rudder': 0, 'datum': (42.3, -71.1)}
2021-07-29 14:06:53,041 [INFO] Processing: $BFNVG,130651.80,4218.000845,N,07105.998584,W,0,10.0,1.0,60.2,0.0,0.0,130651.80*6C
2021-07-29 14:06:53,042 [INFO] Interpreted as: {'position': (1.9840063304873183, 1.5158297885209322), 'latlon': (42.30001408333333, -71.0999764), 'heading': 60.2, 'depth': 1.0, 'altitude': 10.0, 'roll': 0.0, 'pitch': 0.0, 'last_fix_time': datetime.datetime(2021, 7, 29, 13, 6, 51), 'speed': None, 'rudder': 0, 'datum': (42.3, -71.1)}
2021-07-29 14:06:53,043 [INFO] Received from Frontseat: [b'$BFNVG,130650.75,4218.000515,N,07105.999232,W,0,10.0,1.0,53.6,0.0,0.0,130650.75*6B', b'$BFNVG,130651.10,4218.000631,N,07105.999022,W,0,10.0,1.0,55.8,0.0,0.0,130651.10*65', b'$BFNVG,130651.45,4218.000742,N,07105.998804,W,0,10.0,1.0,58.0,0.0,0.0,130651.45*68', b'$BFNVG,130651.80,4218.000845,N,07105.998584,W,0,10.0,1.0,60.2,0.0,0.0,130651.80*6C']
2021-07-29 14:06:53,044 [INFO] AUV state: {'position': (1.9840063304873183, 1.5158297885209322), 'latlon': (42.30001408333333, -71.0999764), 'heading': 60.2, 'depth': 1.0, 'altitude': 10.0, 'roll': 0.0, 'pitch': 0.0, 'last_fix_time': datetime.datetime(2021, 7, 29, 13, 6, 51), 'speed': None, 'rudder': 0, 'datum': (42.3, -71.1)}
2021-07-29 14:06:53,400 [INFO] Next green buoy: [(-20.202226847003377, -11.019476432313862)], next red buoy: [(2.074490121177947, -10.67769526568085)]
2021-07-29 14:06:53,401 [INFO] Desired_heading: 51.13613163708729
2021-07-29 14:06:53,401 [INFO] delta angle: -25
2021-07-29 14:06:53,402 [INFO] sending message $BPRMB,130653.42,25,1,0,1000,0,1*4f
...
2021-07-29 14:06:54,404 [INFO] sending message $BPSTS,130654.40,1,BWSI Autonomy OK*45
...
2021-07-29 14:06:54,405 [INFO] Processing: $BFNVG,130652.15,4218.000942,N,07105.998358,W,0,10.0,1.0,62.4,0.0,0.0,130652.15*69
2021-07-29 14:06:54,407 [INFO] Interpreted as: {'position': (2.2989332415163517, 1.6876849634572864), 'latlon': (42.3000157, -71.09997263333334), 'heading': 62.4, 'depth': 1.0, 'altitude': 10.0, 'roll': 0.0, 'pitch': 0.0, 'last_fix_time': datetime.datetime(2021, 7, 29, 13, 6, 52), 'speed': None, 'rudder': 0, 'datum': (42.3, -71.1)}
2021-07-29 14:06:54,408 [INFO] Processing: $BFNVG,130652.50,4218.001036,N,07105.998129,W,0,10.0,1.0,62.5,0.0,0.0,130652.50*67
2021-07-29 14:06:54,410 [INFO] Interpreted as: {'position': (2.617844758555293, 1.8538863454014063), 'latlon': (42.300017266666664, -71.09996881666666), 'heading': 62.5, 'depth': 1.0, 'altitude': 10.0, 'roll': 0.0, 'pitch': 0.0, 'last_fix_time': datetime.datetime(2021, 7, 29, 13, 6, 52), 'speed': None, 'rudder': 0, 'datum': (42.3, -71.1)}
2021-07-29 14:06:54,411 [INFO] Processing: $BFNVG,130652.85,4218.001130,N,07105.997901,W,0,10.0,1.0,62.6,0.0,0.0,130652.85*6E
2021-07-29 14:06:54,413 [INFO] Interpreted as: {'position': (2.935382380732335, 2.020121643319726), 'latlon': (42.30001883333333, -71.09996501666667), 'heading': 62.6, 'depth': 1.0, 'altitude': 10.0, 'roll': 0.0, 'pitch': 0.0, 'last_fix_time': datetime.datetime(2021, 7, 29, 13, 6, 52), 'speed': None, 'rudder': 0, 'datum': (42.3, -71.1)}
2021-07-29 14:06:54,414 [INFO] Processing: $BFNVG,130653.19,4218.001221,N,07105.997677,W,0,10.0,1.0,62.7,0.0,0.0,130653.19*62
2021-07-29 14:06:54,415 [INFO] Interpreted as: {'position': (3.2472874582745135, 2.1809404836967587), 'latlon': (42.30002035, -71.09996128333333), 'heading': 62.7, 'depth': 1.0, 'altitude': 10.0, 'roll': 0.0, 'pitch': 0.0, 'last_fix_time': datetime.datetime(2021, 7, 29, 13, 6, 53), 'speed': None, 'rudder': 0, 'datum': (42.3, -71.1)}
2021-07-29 14:06:54,416 [INFO] Received from Frontseat: [b'$BFNVG,130652.15,4218.000942,N,07105.998358,W,0,10.0,1.0,62.4,0.0,0.0,130652.15*69', b'$BFNVG,130652.50,4218.001036,N,07105.998129,W,0,10.0,1.0,62.5,0.0,0.0,130652.50*67', b'$BFNVG,130652.85,4218.001130,N,07105.997901,W,0,10.0,1.0,62.6,0.0,0.0,130652.85*6E', b'$BFNVG,130653.19,4218.001221,N,07105.997677,W,0,10.0,1.0,62.7,0.0,0.0,130653.19*62']
2021-07-29 14:06:54,417 [INFO] AUV state: {'position': (3.2472874582745135, 2.1809404836967587), 'latlon': (42.30002035, -71.09996128333333), 'heading': 62.7, 'depth': 1.0, 'altitude': 10.0, 'roll': 0.0, 'pitch': 0.0, 'last_fix_time': datetime.datetime(2021, 7, 29, 13, 6, 53), 'speed': None, 'rudder': 0, 'datum': (42.3, -71.1)}
2021-07-29 14:06:54,784 [INFO] Next green buoy: [], next red buoy: [(-0.767780844843124, -14.190927049914885)]
2021-07-29 14:06:54,784 [INFO] Desired_heading: 61.93221915515688
2021-07-29 14:06:54,785 [INFO] delta angle: -0.47158994056638903
2021-07-29 14:06:54,785 [INFO] sending message $BPRMB,130655.38,0.47158994056638903,1,0,1000,0,1*62
...
2021-07-29 14:06:55,787 [INFO] sending message $BPSTS,130655.78,1,BWSI Autonomy OK*4f
...
2021-07-29 14:06:55,788 [INFO] Processing: $BFNVG,130653.53,4218.001313,N,07105.997452,W,0,10.0,1.0,62.8,0.0,0.0,130653.53*68
2021-07-29 14:06:55,790 [INFO] Interpreted as: {'position': (3.560612067289185, 2.3435761323198676), 'latlon': (42.300021883333336, -71.09995753333334), 'heading': 62.8, 'depth': 1.0, 'altitude': 10.0, 'roll': 0.0, 'pitch': 0.0, 'last_fix_time': datetime.datetime(2021, 7, 29, 13, 6, 53), 'speed': None, 'rudder': 0, 'datum': (42.3, -71.1)}
2021-07-29 14:06:55,791 [INFO] Processing: $BFNVG,130653.87,4218.001407,N,07105.997229,W,0,10.0,1.0,60.6,0.0,0.0,130653.87*6C
2021-07-29 14:06:55,793 [INFO] Interpreted as: {'position': (3.871280249208212, 2.509980995208025), 'latlon': (42.30002345, -71.09995381666667), 'heading': 60.6, 'depth': 1.0, 'altitude': 10.0, 'roll': 0.0, 'pitch': 0.0, 'last_fix_time': datetime.datetime(2021, 7, 29, 13, 6, 53), 'speed': None, 'rudder': 0, 'datum': (42.3, -71.1)}
2021-07-29 14:06:55,794 [INFO] Processing: $BFNVG,130654.21,4218.001507,N,07105.997011,W,0,10.0,1.0,58.5,0.0,0.0,130654.21*6C
2021-07-29 14:06:55,796 [INFO] Interpreted as: {'position': (4.175353041675407, 2.6876595774665475), 'latlon': (42.30002511666667, -71.09995018333333), 'heading': 58.5, 'depth': 1.0, 'altitude': 10.0, 'roll': 0.0, 'pitch': 0.0, 'last_fix_time': datetime.datetime(2021, 7, 29, 13, 6, 54), 'speed': None, 'rudder': 0, 'datum': (42.3, -71.1)}
2021-07-29 14:06:55,797 [INFO] Processing: $BFNVG,130654.56,4218.001615,N,07105.996796,W,0,10.0,1.0,56.3,0.0,0.0,130654.56*6D
2021-07-29 14:06:55,799 [INFO] Interpreted as: {'position': (4.475669552455656, 2.8802454583346844), 'latlon': (42.30002691666667, -71.0999466), 'heading': 56.3, 'depth': 1.0, 'altitude': 10.0, 'roll': 0.0, 'pitch': 0.0, 'last_fix_time': datetime.datetime(2021, 7, 29, 13, 6, 54), 'speed': None, 'rudder': 0, 'datum': (42.3, -71.1)}
2021-07-29 14:06:55,800 [INFO] Received from Frontseat: [b'$BFNVG,130653.53,4218.001313,N,07105.997452,W,0,10.0,1.0,62.8,0.0,0.0,130653.53*68', b'$BFNVG,130653.87,4218.001407,N,07105.997229,W,0,10.0,1.0,60.6,0.0,0.0,130653.87*6C', b'$BFNVG,130654.21,4218.001507,N,07105.997011,W,0,10.0,1.0,58.5,0.0,0.0,130654.21*6C', b'$BFNVG,130654.56,4218.001615,N,07105.996796,W,0,10.0,1.0,56.3,0.0,0.0,130654.56*6D']
2021-07-29 14:06:55,801 [INFO] AUV state: {'position': (4.475669552455656, 2.8802454583346844), 'latlon': (42.30002691666667, -71.0999466), 'heading': 56.3, 'depth': 1.0, 'altitude': 10.0, 'roll': 0.0, 'pitch': 0.0, 'last_fix_time': datetime.datetime(2021, 7, 29, 13, 6, 54), 'speed': None, 'rudder': 0, 'datum': (42.3, -71.1)}
2021-07-29 14:06:56,187 [INFO] Next green buoy: [], next red buoy: [(7.091518568736285, -20.933275148025174), (-17.085344536687295, -5.026361713210614)]
2021-07-29 14:06:56,187 [INFO] Desired_heading: 63.39151856873628
2021-07-29 14:06:56,188 [INFO] delta angle: 25
2021-07-29 14:06:56,188 [INFO] sending message $BPRMB,130656.18,-25,1,0,1000,0,1*68
...
2021-07-29 14:06:57,190 [INFO] sending message $BPSTS,130657.19,1,BWSI Autonomy OK*4a
...
2021-07-29 14:06:57,196 [INFO] Processing: $BFNVG,130654.91,4218.001731,N,07105.996583,W,0,10.0,1.0,54.1,0.0,0.0,130654.91*6C
2021-07-29 14:06:57,198 [INFO] Interpreted as: {'position': (4.773603653069586, 3.0877047395333648), 'latlon': (42.30002885, -71.09994305), 'heading': 54.1, 'depth': 1.0, 'altitude': 10.0, 'roll': 0.0, 'pitch': 0.0, 'last_fix_time': datetime.datetime(2021, 7, 29, 13, 6, 54), 'speed': None, 'rudder': 0, 'datum': (42.3, -71.1)}
2021-07-29 14:06:57,199 [INFO] Processing: $BFNVG,130655.26,4218.001847,N,07105.996378,W,0,10.0,1.0,54.1,0.0,0.0,130655.26*60
2021-07-29 14:06:57,201 [INFO] Interpreted as: {'position': (5.060546702821739, 3.295435265637934), 'latlon': (42.300030783333334, -71.09993963333334), 'heading': 54.1, 'depth': 1.0, 'altitude': 10.0, 'roll': 0.0, 'pitch': 0.0, 'last_fix_time': datetime.datetime(2021, 7, 29, 13, 6, 55), 'speed': None, 'rudder': 0, 'datum': (42.3, -71.1)}
2021-07-29 14:06:57,202 [INFO] Processing: $BFNVG,130655.60,4218.001963,N,07105.996172,W,0,10.0,1.0,54.0,0.0,0.0,130655.60*6E
2021-07-29 14:06:57,204 [INFO] Interpreted as: {'position': (5.34886361239478, 3.5031318962574005), 'latlon': (42.300032716666664, -71.0999362), 'heading': 54.0, 'depth': 1.0, 'altitude': 10.0, 'roll': 0.0, 'pitch': 0.0, 'last_fix_time': datetime.datetime(2021, 7, 29, 13, 6, 55), 'speed': None, 'rudder': 0, 'datum': (42.3, -71.1)}
2021-07-29 14:06:57,205 [INFO] Processing: $BFNVG,130655.95,4218.002079,N,07105.995968,W,0,10.0,1.0,54.0,0.0,0.0,130655.95*6F
2021-07-29 14:06:57,207 [INFO] Interpreted as: {'position': (5.6344327488332056, 3.710896346718073), 'latlon': (42.30003465, -71.0999328), 'heading': 54.0, 'depth': 1.0, 'altitude': 10.0, 'roll': 0.0, 'pitch': 0.0, 'last_fix_time': datetime.datetime(2021, 7, 29, 13, 6, 55), 'speed': None, 'rudder': 0, 'datum': (42.3, -71.1)}
2021-07-29 14:06:57,208 [INFO] Received from Frontseat: [b'$BFNVG,130654.91,4218.001731,N,07105.996583,W,0,10.0,1.0,54.1,0.0,0.0,130654.91*6C', b'$BFNVG,130655.26,4218.001847,N,07105.996378,W,0,10.0,1.0,54.1,0.0,0.0,130655.26*60', b'$BFNVG,130655.60,4218.001963,N,07105.996172,W,0,10.0,1.0,54.0,0.0,0.0,130655.60*6E', b'$BFNVG,130655.95,4218.002079,N,07105.995968,W,0,10.0,1.0,54.0,0.0,0.0,130655.95*6F']
2021-07-29 14:06:57,209 [INFO] AUV state: {'position': (5.6344327488332056, 3.710896346718073), 'latlon': (42.30003465, -71.0999328), 'heading': 54.0, 'depth': 1.0, 'altitude': 10.0, 'roll': 0.0, 'pitch': 0.0, 'last_fix_time': datetime.datetime(2021, 7, 29, 13, 6, 55), 'speed': None, 'rudder': 0, 'datum': (42.3, -71.1)}
2021-07-29 14:06:57,587 [INFO] Next green buoy: [], next red buoy: [(17.90110769452414, -23.743045890174297), (-16.606865193463186, -5.6859599705261274)]
2021-07-29 14:06:57,588 [INFO] Desired_heading: 71.90110769452414
2021-07-29 14:06:57,588 [INFO] delta angle: -25
2021-07-29 14:06:57,589 [INFO] sending message $BPRMB,130658.19,25,1,0,1000,0,1*4a
...
2021-07-29 14:06:58,591 [INFO] sending message $BPSTS,130658.59,1,BWSI Autonomy OK*41
...
2021-07-29 14:06:58,593 [INFO] Processing: $BFNVG,130656.29,4218.002195,N,07105.995764,W,0,10.0,1.0,54.0,0.0,0.0,130656.29*6E
2021-07-29 14:06:58,595 [INFO] Interpreted as: {'position': (5.920001868274994, 3.9186608120799065), 'latlon': (42.30003658333333, -71.0999294), 'heading': 54.0, 'depth': 1.0, 'altitude': 10.0, 'roll': 0.0, 'pitch': 0.0, 'last_fix_time': datetime.datetime(2021, 7, 29, 13, 6, 56), 'speed': None, 'rudder': 0, 'datum': (42.3, -71.1)}
2021-07-29 14:06:58,597 [INFO] Processing: $BFNVG,130656.63,4218.002308,N,07105.995557,W,0,10.0,1.0,56.1,0.0,0.0,130656.63*69
2021-07-29 14:06:58,599 [INFO] Interpreted as: {'position': (6.209555595938582, 4.120771482586861), 'latlon': (42.30003846666666, -71.09992595), 'heading': 56.1, 'depth': 1.0, 'altitude': 10.0, 'roll': 0.0, 'pitch': 0.0, 'last_fix_time': datetime.datetime(2021, 7, 29, 13, 6, 56), 'speed': None, 'rudder': 0, 'datum': (42.3, -71.1)}
2021-07-29 14:06:58,601 [INFO] Processing: $BFNVG,130656.98,4218.002416,N,07105.995344,W,0,10.0,1.0,58.3,0.0,0.0,130656.98*69
2021-07-29 14:06:58,604 [INFO] Interpreted as: {'position': (6.507124228170142, 4.313425256870687), 'latlon': (42.30004026666667, -71.0999224), 'heading': 58.3, 'depth': 1.0, 'altitude': 10.0, 'roll': 0.0, 'pitch': 0.0, 'last_fix_time': datetime.datetime(2021, 7, 29, 13, 6, 56), 'speed': None, 'rudder': 0, 'datum': (42.3, -71.1)}
2021-07-29 14:06:58,605 [INFO] Processing: $BFNVG,130657.32,4218.002517,N,07105.995127,W,0,10.0,1.0,60.4,0.0,0.0,130657.32*62
2021-07-29 14:06:58,607 [INFO] Interpreted as: {'position': (6.8098686669254676, 4.492988548241556), 'latlon': (42.30004195, -71.09991878333334), 'heading': 60.4, 'depth': 1.0, 'altitude': 10.0, 'roll': 0.0, 'pitch': 0.0, 'last_fix_time': datetime.datetime(2021, 7, 29, 13, 6, 57), 'speed': None, 'rudder': 0, 'datum': (42.3, -71.1)}
2021-07-29 14:06:58,608 [INFO] Received from Frontseat: [b'$BFNVG,130656.29,4218.002195,N,07105.995764,W,0,10.0,1.0,54.0,0.0,0.0,130656.29*6E', b'$BFNVG,130656.63,4218.002308,N,07105.995557,W,0,10.0,1.0,56.1,0.0,0.0,130656.63*69', b'$BFNVG,130656.98,4218.002416,N,07105.995344,W,0,10.0,1.0,58.3,0.0,0.0,130656.98*69', b'$BFNVG,130657.32,4218.002517,N,07105.995127,W,0,10.0,1.0,60.4,0.0,0.0,130657.32*62']
2021-07-29 14:06:58,609 [INFO] AUV state: {'position': (6.8098686669254676, 4.492988548241556), 'latlon': (42.30004195, -71.09991878333334), 'heading': 60.4, 'depth': 1.0, 'altitude': 10.0, 'roll': 0.0, 'pitch': 0.0, 'last_fix_time': datetime.datetime(2021, 7, 29, 13, 6, 57), 'speed': None, 'rudder': 0, 'datum': (42.3, -71.1)}
2021-07-29 14:06:58,945 [INFO] Next green buoy: [], next red buoy: []
2021-07-29 14:06:58,946 [INFO] Desired_heading: 55.4
2021-07-29 14:06:58,946 [INFO] delta angle: -20.0
2021-07-29 14:06:58,947 [INFO] sending message $BPRMB,130658.98,20.0,1,0,1000,0,1*58
...
2021-07-29 14:06:59,948 [INFO] sending message $BPSTS,130659.94,1,BWSI Autonomy OK*41
...
2021-07-29 14:06:59,949 [INFO] Processing: $BFNVG,130657.67,4218.002614,N,07105.994898,W,0,10.0,1.0,62.6,0.0,0.0,130657.67*6E
2021-07-29 14:06:59,951 [INFO] Interpreted as: {'position': (7.128916954854503, 4.664742219261825), 'latlon': (42.300043566666666, -71.09991496666666), 'heading': 62.6, 'depth': 1.0, 'altitude': 10.0, 'roll': 0.0, 'pitch': 0.0, 'last_fix_time': datetime.datetime(2021, 7, 29, 13, 6, 57), 'speed': None, 'rudder': 0, 'datum': (42.3, -71.1)}
2021-07-29 14:06:59,952 [INFO] Processing: $BFNVG,130658.01,4218.002709,N,07105.994677,W,0,10.0,1.0,60.5,0.0,0.0,130658.01*6D
2021-07-29 14:06:59,954 [INFO] Interpreted as: {'position': (7.436882858048193, 4.833065740764141), 'latlon': (42.30004515, -71.09991128333333), 'heading': 60.5, 'depth': 1.0, 'altitude': 10.0, 'roll': 0.0, 'pitch': 0.0, 'last_fix_time': datetime.datetime(2021, 7, 29, 13, 6, 58), 'speed': None, 'rudder': 0, 'datum': (42.3, -71.1)}
2021-07-29 14:06:59,955 [INFO] Processing: $BFNVG,130658.35,4218.002809,N,07105.994460,W,0,10.0,1.0,58.3,0.0,0.0,130658.35*6B
2021-07-29 14:06:59,957 [INFO] Interpreted as: {'position': (7.739581577130593, 5.010778374969959), 'latlon': (42.300046816666665, -71.09990766666667), 'heading': 58.3, 'depth': 1.0, 'altitude': 10.0, 'roll': 0.0, 'pitch': 0.0, 'last_fix_time': datetime.datetime(2021, 7, 29, 13, 6, 58), 'speed': None, 'rudder': 0, 'datum': (42.3, -71.1)}
2021-07-29 14:06:59,958 [INFO] Processing: $BFNVG,130658.70,4218.002917,N,07105.994247,W,0,10.0,1.0,56.2,0.0,0.0,130658.70*69
2021-07-29 14:06:59,960 [INFO] Interpreted as: {'position': (8.037150130257942, 5.2034322107210755), 'latlon': (42.300048616666665, -71.09990411666666), 'heading': 56.2, 'depth': 1.0, 'altitude': 10.0, 'roll': 0.0, 'pitch': 0.0, 'last_fix_time': datetime.datetime(2021, 7, 29, 13, 6, 58), 'speed': None, 'rudder': 0, 'datum': (42.3, -71.1)}
2021-07-29 14:06:59,961 [INFO] Received from Frontseat: [b'$BFNVG,130657.67,4218.002614,N,07105.994898,W,0,10.0,1.0,62.6,0.0,0.0,130657.67*6E', b'$BFNVG,130658.01,4218.002709,N,07105.994677,W,0,10.0,1.0,60.5,0.0,0.0,130658.01*6D', b'$BFNVG,130658.35,4218.002809,N,07105.994460,W,0,10.0,1.0,58.3,0.0,0.0,130658.35*6B', b'$BFNVG,130658.70,4218.002917,N,07105.994247,W,0,10.0,1.0,56.2,0.0,0.0,130658.70*69']
2021-07-29 14:06:59,962 [INFO] AUV state: {'position': (8.037150130257942, 5.2034322107210755), 'latlon': (42.300048616666665, -71.09990411666666), 'heading': 56.2, 'depth': 1.0, 'altitude': 10.0, 'roll': 0.0, 'pitch': 0.0, 'last_fix_time': datetime.datetime(2021, 7, 29, 13, 6, 58), 'speed': None, 'rudder': 0, 'datum': (42.3, -71.1)}
2021-07-29 14:07:00,322 [INFO] Next green buoy: [], next red buoy: [(-25.21904729372278, -7.432974121577029), (-11.093811979699076, -4.721525160860009)]
2021-07-29 14:07:00,322 [INFO] Desired_heading: 30.980952706277222
2021-07-29 14:07:00,323 [INFO] delta angle: -25
2021-07-29 14:07:00,323 [INFO] sending message $BPRMB,130700.90,25,1,0,1000,0,1*47
...
2021-07-29 14:07:01,325 [INFO] sending message $BPSTS,130701.32,1,BWSI Autonomy OK*41
...
2021-07-29 14:07:01,326 [INFO] Processing: $BFNVG,130659.04,4218.003030,N,07105.994040,W,0,10.0,1.0,54.0,0.0,0.0,130659.04*61
2021-07-29 14:07:01,328 [INFO] Interpreted as: {'position': (8.32670374022564, 5.405542965978384), 'latlon': (42.3000505, -71.09990066666667), 'heading': 54.0, 'depth': 1.0, 'altitude': 10.0, 'roll': 0.0, 'pitch': 0.0, 'last_fix_time': datetime.datetime(2021, 7, 29, 13, 6, 59), 'speed': None, 'rudder': 0, 'datum': (42.3, -71.1)}
2021-07-29 14:07:01,329 [INFO] Processing: $BFNVG,130659.39,4218.003150,N,07105.993834,W,0,10.0,1.0,52.3,0.0,0.0,130659.39*6F
2021-07-29 14:07:01,331 [INFO] Interpreted as: {'position': (8.615203148103319, 5.620642515830696), 'latlon': (42.3000525, -71.09989723333334), 'heading': 52.3, 'depth': 1.0, 'altitude': 10.0, 'roll': 0.0, 'pitch': 0.0, 'last_fix_time': datetime.datetime(2021, 7, 29, 13, 6, 59), 'speed': None, 'rudder': 0, 'datum': (42.3, -71.1)}
2021-07-29 14:07:01,332 [INFO] Processing: $BFNVG,130659.74,4218.003275,N,07105.993633,W,0,10.0,1.0,50.5,0.0,0.0,130659.74*66
2021-07-29 14:07:01,334 [INFO] Interpreted as: {'position': (8.897061490104534, 5.845165080390871), 'latlon': (42.300054583333335, -71.09989388333334), 'heading': 50.5, 'depth': 1.0, 'altitude': 10.0, 'roll': 0.0, 'pitch': 0.0, 'last_fix_time': datetime.datetime(2021, 7, 29, 13, 6, 59), 'speed': None, 'rudder': 0, 'datum': (42.3, -71.1)}
2021-07-29 14:07:01,335 [INFO] Processing: $BFNVG,130700.09,4218.003404,N,07105.993439,W,0,10.0,1.0,48.8,0.0,0.0,130700.09*6A
2021-07-29 14:07:01,337 [INFO] Interpreted as: {'position': (9.169485345249996, 6.0773277673870325), 'latlon': (42.300056733333335, -71.09989065), 'heading': 48.8, 'depth': 1.0, 'altitude': 10.0, 'roll': 0.0, 'pitch': 0.0, 'last_fix_time': datetime.datetime(2021, 7, 29, 13, 7), 'speed': None, 'rudder': 0, 'datum': (42.3, -71.1)}
2021-07-29 14:07:01,338 [INFO] Received from Frontseat: [b'$BFNVG,130659.04,4218.003030,N,07105.994040,W,0,10.0,1.0,54.0,0.0,0.0,130659.04*61', b'$BFNVG,130659.39,4218.003150,N,07105.993834,W,0,10.0,1.0,52.3,0.0,0.0,130659.39*6F', b'$BFNVG,130659.74,4218.003275,N,07105.993633,W,0,10.0,1.0,50.5,0.0,0.0,130659.74*66', b'$BFNVG,130700.09,4218.003404,N,07105.993439,W,0,10.0,1.0,48.8,0.0,0.0,130700.09*6A']
2021-07-29 14:07:01,339 [INFO] AUV state: {'position': (9.169485345249996, 6.0773277673870325), 'latlon': (42.300056733333335, -71.09989065), 'heading': 48.8, 'depth': 1.0, 'altitude': 10.0, 'roll': 0.0, 'pitch': 0.0, 'last_fix_time': datetime.datetime(2021, 7, 29, 13, 7), 'speed': None, 'rudder': 0, 'datum': (42.3, -71.1)}
2021-07-29 14:07:01,680 [INFO] Next green buoy: [], next red buoy: [(-22.200743825880565, -8.992546772671396), (-3.8953773244929812, -5.348818804176342)]
2021-07-29 14:07:01,681 [INFO] Desired_heading: 26.599256174119432
2021-07-29 14:07:01,681 [INFO] delta angle: -25
2021-07-29 14:07:01,682 [INFO] sending message $BPRMB,130701.74,25,1,0,1000,0,1*4c
...
2021-07-29 14:07:02,683 [INFO] sending message $BPSTS,130702.68,1,BWSI Autonomy OK*4d
...
2021-07-29 14:07:02,689 [INFO] Processing: $BFNVG,130700.44,4218.003537,N,07105.993251,W,0,10.0,1.0,47.1,0.0,0.0,130700.44*65
2021-07-29 14:07:02,692 [INFO] Interpreted as: {'position': (9.433848590007983, 6.31709667108953), 'latlon': (42.30005895, -71.09988751666667), 'heading': 47.1, 'depth': 1.0, 'altitude': 10.0, 'roll': 0.0, 'pitch': 0.0, 'last_fix_time': datetime.datetime(2021, 7, 29, 13, 7), 'speed': None, 'rudder': 0, 'datum': (42.3, -71.1)}
2021-07-29 14:07:02,692 [INFO] Processing: $BFNVG,130700.78,4218.003675,N,07105.993068,W,0,10.0,1.0,44.9,0.0,0.0,130700.78*63
2021-07-29 14:07:02,694 [INFO] Interpreted as: {'position': (9.691570770577528, 6.566288584843278), 'latlon': (42.30006125, -71.09988446666667), 'heading': 44.9, 'depth': 1.0, 'altitude': 10.0, 'roll': 0.0, 'pitch': 0.0, 'last_fix_time': datetime.datetime(2021, 7, 29, 13, 7), 'speed': None, 'rudder': 0, 'datum': (42.3, -71.1)}
2021-07-29 14:07:02,695 [INFO] Processing: $BFNVG,130701.13,4218.003817,N,07105.992892,W,0,10.0,1.0,42.7,0.0,0.0,130701.13*6D
2021-07-29 14:07:02,698 [INFO] Interpreted as: {'position': (9.93985846452415, 6.823120619170368), 'latlon': (42.30006361666667, -71.09988153333333), 'heading': 42.7, 'depth': 1.0, 'altitude': 10.0, 'roll': 0.0, 'pitch': 0.0, 'last_fix_time': datetime.datetime(2021, 7, 29, 13, 7, 1), 'speed': None, 'rudder': 0, 'datum': (42.3, -71.1)}
2021-07-29 14:07:02,698 [INFO] Processing: $BFNVG,130701.48,4218.003966,N,07105.992723,W,0,10.0,1.0,40.5,0.0,0.0,130701.48*6F
2021-07-29 14:07:02,700 [INFO] Interpreted as: {'position': (10.17884867649991, 7.093144863843918), 'latlon': (42.3000661, -71.09987871666667), 'heading': 40.5, 'depth': 1.0, 'altitude': 10.0, 'roll': 0.0, 'pitch': 0.0, 'last_fix_time': datetime.datetime(2021, 7, 29, 13, 7, 1), 'speed': None, 'rudder': 0, 'datum': (42.3, -71.1)}
2021-07-29 14:07:02,701 [INFO] Received from Frontseat: [b'$BFNVG,130700.44,4218.003537,N,07105.993251,W,0,10.0,1.0,47.1,0.0,0.0,130700.44*65', b'$BFNVG,130700.78,4218.003675,N,07105.993068,W,0,10.0,1.0,44.9,0.0,0.0,130700.78*63', b'$BFNVG,130701.13,4218.003817,N,07105.992892,W,0,10.0,1.0,42.7,0.0,0.0,130701.13*6D', b'$BFNVG,130701.48,4218.003966,N,07105.992723,W,0,10.0,1.0,40.5,0.0,0.0,130701.48*6F']
2021-07-29 14:07:02,702 [INFO] AUV state: {'position': (10.17884867649991, 7.093144863843918), 'latlon': (42.3000661, -71.09987871666667), 'heading': 40.5, 'depth': 1.0, 'altitude': 10.0, 'roll': 0.0, 'pitch': 0.0, 'last_fix_time': datetime.datetime(2021, 7, 29, 13, 7, 1), 'speed': None, 'rudder': 0, 'datum': (42.3, -71.1)}
2021-07-29 14:07:03,062 [INFO] Next green buoy: [], next red buoy: [(-18.34222197597454, -11.197644603634577), (5.4663885892610775, -6.07235191913615)]
2021-07-29 14:07:03,062 [INFO] Desired_heading: 22.15777802402546
2021-07-29 14:07:03,063 [INFO] delta angle: 25
2021-07-29 14:07:03,063 [INFO] sending message $BPRMB,130703.62,-25,1,0,1000,0,1*64
...
2021-07-29 14:07:04,065 [INFO] sending message $BPSTS,130704.06,1,BWSI Autonomy OK*43
...
2021-07-29 14:07:04,066 [INFO] Processing: $BFNVG,130701.83,4218.004120,N,07105.992561,W,0,10.0,1.0,38.3,0.0,0.0,130701.83*6F
2021-07-29 14:07:04,068 [INFO] Interpreted as: {'position': (10.408450069604442, 7.372659922577441), 'latlon': (42.30006866666667, -71.09987601666667), 'heading': 38.3, 'depth': 1.0, 'altitude': 10.0, 'roll': 0.0, 'pitch': 0.0, 'last_fix_time': datetime.datetime(2021, 7, 29, 13, 7, 1), 'speed': None, 'rudder': 0, 'datum': (42.3, -71.1)}
2021-07-29 14:07:04,069 [INFO] Processing: $BFNVG,130702.19,4218.004279,N,07105.992407,W,0,10.0,1.0,36.1,0.0,0.0,130702.19*6D
2021-07-29 14:07:04,071 [INFO] Interpreted as: {'position': (10.627288768067956, 7.6616996973752975), 'latlon': (42.30007131666667, -71.09987345), 'heading': 36.1, 'depth': 1.0, 'altitude': 10.0, 'roll': 0.0, 'pitch': 0.0, 'last_fix_time': datetime.datetime(2021, 7, 29, 13, 7, 2), 'speed': None, 'rudder': 0, 'datum': (42.3, -71.1)}
2021-07-29 14:07:04,072 [INFO] Processing: $BFNVG,130702.54,4218.004441,N,07105.992261,W,0,10.0,1.0,33.9,0.0,0.0,130702.54*6B
2021-07-29 14:07:04,074 [INFO] Interpreted as: {'position': (10.835273429518566, 7.956562794744968), 'latlon': (42.30007401666667, -71.09987101666667), 'heading': 33.9, 'depth': 1.0, 'altitude': 10.0, 'roll': 0.0, 'pitch': 0.0, 'last_fix_time': datetime.datetime(2021, 7, 29, 13, 7, 2), 'speed': None, 'rudder': 0, 'datum': (42.3, -71.1)}
2021-07-29 14:07:04,075 [INFO] Processing: $BFNVG,130702.90,4218.004614,N,07105.992119,W,0,10.0,1.0,31.6,0.0,0.0,130702.90*68
2021-07-29 14:07:04,077 [INFO] Interpreted as: {'position': (11.038264923845418, 8.271919175982475), 'latlon': (42.3000769, -71.09986865), 'heading': 31.6, 'depth': 1.0, 'altitude': 10.0, 'roll': 0.0, 'pitch': 0.0, 'last_fix_time': datetime.datetime(2021, 7, 29, 13, 7, 2), 'speed': None, 'rudder': 0, 'datum': (42.3, -71.1)}
2021-07-29 14:07:04,078 [INFO] Received from Frontseat: [b'$BFNVG,130701.83,4218.004120,N,07105.992561,W,0,10.0,1.0,38.3,0.0,0.0,130701.83*6F', b'$BFNVG,130702.19,4218.004279,N,07105.992407,W,0,10.0,1.0,36.1,0.0,0.0,130702.19*6D', b'$BFNVG,130702.54,4218.004441,N,07105.992261,W,0,10.0,1.0,33.9,0.0,0.0,130702.54*6B', b'$BFNVG,130702.90,4218.004614,N,07105.992119,W,0,10.0,1.0,31.6,0.0,0.0,130702.90*68']
2021-07-29 14:07:04,079 [INFO] AUV state: {'position': (11.038264923845418, 8.271919175982475), 'latlon': (42.3000769, -71.09986865), 'heading': 31.6, 'depth': 1.0, 'altitude': 10.0, 'roll': 0.0, 'pitch': 0.0, 'last_fix_time': datetime.datetime(2021, 7, 29, 13, 7, 2), 'speed': None, 'rudder': 0, 'datum': (42.3, -71.1)}
2021-07-29 14:07:04,422 [INFO] Next green buoy: [(8.041333765646133, -6.013307635070977)], next red buoy: [(-13.896443939058068, -15.011083653995493), (16.713898368361626, -7.126147891077423)]
2021-07-29 14:07:04,423 [INFO] Desired_heading: 28.672444913294033
2021-07-29 14:07:04,423 [INFO] delta angle: -6.85646302855838
2021-07-29 14:07:04,424 [INFO] sending message $BPRMB,130704.50,6.85646302855838,1,0,1000,0,1*53
...
2021-07-29 14:07:05,425 [INFO] sending message $BPSTS,130705.42,1,BWSI Autonomy OK*42
...
2021-07-29 14:07:05,427 [INFO] Processing: $BFNVG,130703.26,4218.004787,N,07105.991990,W,0,10.0,1.0,29.4,0.0,0.0,130703.26*62
2021-07-29 14:07:05,429 [INFO] Interpreted as: {'position': (11.223395983921364, 8.587716301903129), 'latlon': (42.30007978333333, -71.0998665), 'heading': 29.4, 'depth': 1.0, 'altitude': 10.0, 'roll': 0.0, 'pitch': 0.0, 'last_fix_time': datetime.datetime(2021, 7, 29, 13, 7, 3), 'speed': None, 'rudder': 0, 'datum': (42.3, -71.1)}
2021-07-29 14:07:05,430 [INFO] Processing: $BFNVG,130703.60,4218.004955,N,07105.991864,W,0,10.0,1.0,31.6,0.0,0.0,130703.60*62
2021-07-29 14:07:05,432 [INFO] Interpreted as: {'position': (11.404177050339058, 8.894361654296517), 'latlon': (42.300082583333335, -71.0998644), 'heading': 31.6, 'depth': 1.0, 'altitude': 10.0, 'roll': 0.0, 'pitch': 0.0, 'last_fix_time': datetime.datetime(2021, 7, 29, 13, 7, 3), 'speed': None, 'rudder': 0, 'datum': (42.3, -71.1)}
2021-07-29 14:07:05,432 [INFO] Processing: $BFNVG,130703.95,4218.005122,N,07105.991728,W,0,10.0,1.0,33.8,0.0,0.0,130703.95*60
2021-07-29 14:07:05,434 [INFO] Interpreted as: {'position': (11.598651211941615, 9.198817285709083), 'latlon': (42.300085366666664, -71.09986213333333), 'heading': 33.8, 'depth': 1.0, 'altitude': 10.0, 'roll': 0.0, 'pitch': 0.0, 'last_fix_time': datetime.datetime(2021, 7, 29, 13, 7, 3), 'speed': None, 'rudder': 0, 'datum': (42.3, -71.1)}
2021-07-29 14:07:05,435 [INFO] Processing: $BFNVG,130704.30,4218.005281,N,07105.991586,W,0,10.0,1.0,35.9,0.0,0.0,130704.30*6B
2021-07-29 14:07:05,437 [INFO] Interpreted as: {'position': (11.801003271830268, 9.488263929262757), 'latlon': (42.30008801666666, -71.09985976666667), 'heading': 35.9, 'depth': 1.0, 'altitude': 10.0, 'roll': 0.0, 'pitch': 0.0, 'last_fix_time': datetime.datetime(2021, 7, 29, 13, 7, 4), 'speed': None, 'rudder': 0, 'datum': (42.3, -71.1)}
2021-07-29 14:07:05,439 [INFO] Received from Frontseat: [b'$BFNVG,130703.26,4218.004787,N,07105.991990,W,0,10.0,1.0,29.4,0.0,0.0,130703.26*62', b'$BFNVG,130703.60,4218.004955,N,07105.991864,W,0,10.0,1.0,31.6,0.0,0.0,130703.60*62', b'$BFNVG,130703.95,4218.005122,N,07105.991728,W,0,10.0,1.0,33.8,0.0,0.0,130703.95*60', b'$BFNVG,130704.30,4218.005281,N,07105.991586,W,0,10.0,1.0,35.9,0.0,0.0,130704.30*6B']
2021-07-29 14:07:05,439 [INFO] AUV state: {'position': (11.801003271830268, 9.488263929262757), 'latlon': (42.30008801666666, -71.09985976666667), 'heading': 35.9, 'depth': 1.0, 'altitude': 10.0, 'roll': 0.0, 'pitch': 0.0, 'last_fix_time': datetime.datetime(2021, 7, 29, 13, 7, 4), 'speed': None, 'rudder': 0, 'datum': (42.3, -71.1)}
2021-07-29 14:07:05,817 [INFO] Next green buoy: [(4.50123208069942, -7.053175434226489)], next red buoy: [(-25.02431157312648, -22.512494910847515), (15.282532920192445, -8.449574237378398)]
2021-07-29 14:07:05,817 [INFO] Desired_heading: 25.63846025378647
2021-07-29 14:07:05,818 [INFO] delta angle: -25
2021-07-29 14:07:05,818 [INFO] sending message $BPRMB,130706.34,25,1,0,1000,0,1*4f
...
2021-07-29 14:07:06,820 [INFO] sending message $BPSTS,130706.81,1,BWSI Autonomy OK*4e
...
2021-07-29 14:07:06,821 [INFO] Processing: $BFNVG,130704.65,4218.005441,N,07105.991432,W,0,10.0,1.0,38.1,0.0,0.0,130704.65*6A
2021-07-29 14:07:06,823 [INFO] Interpreted as: {'position': (12.019887518603355, 9.779154443182051), 'latlon': (42.30009068333333, -71.0998572), 'heading': 38.1, 'depth': 1.0, 'altitude': 10.0, 'roll': 0.0, 'pitch': 0.0, 'last_fix_time': datetime.datetime(2021, 7, 29, 13, 7, 4), 'speed': None, 'rudder': 0, 'datum': (42.3, -71.1)}
2021-07-29 14:07:06,824 [INFO] Processing: $BFNVG,130705.00,4218.005598,N,07105.991275,W,0,10.0,1.0,37.5,0.0,0.0,130705.00*61
2021-07-29 14:07:06,826 [INFO] Interpreted as: {'position': (12.242756374063902, 10.064391162246466), 'latlon': (42.3000933, -71.09985458333334), 'heading': 37.5, 'depth': 1.0, 'altitude': 10.0, 'roll': 0.0, 'pitch': 0.0, 'last_fix_time': datetime.datetime(2021, 7, 29, 13, 7, 5), 'speed': None, 'rudder': 0, 'datum': (42.3, -71.1)}
2021-07-29 14:07:06,827 [INFO] Processing: $BFNVG,130705.35,4218.005755,N,07105.991123,W,0,10.0,1.0,36.9,0.0,0.0,130705.35*6F
2021-07-29 14:07:06,829 [INFO] Interpreted as: {'position': (12.458755825529806, 10.349797401577234), 'latlon': (42.30009591666666, -71.09985205), 'heading': 36.9, 'depth': 1.0, 'altitude': 10.0, 'roll': 0.0, 'pitch': 0.0, 'last_fix_time': datetime.datetime(2021, 7, 29, 13, 7, 5), 'speed': None, 'rudder': 0, 'datum': (42.3, -71.1)}
2021-07-29 14:07:06,831 [INFO] Processing: $BFNVG,130705.70,4218.005913,N,07105.990973,W,0,10.0,1.0,36.3,0.0,0.0,130705.70*65
2021-07-29 14:07:06,832 [INFO] Interpreted as: {'position': (12.67205317155458, 10.637122151441872), 'latlon': (42.30009855, -71.09984955), 'heading': 36.3, 'depth': 1.0, 'altitude': 10.0, 'roll': 0.0, 'pitch': 0.0, 'last_fix_time': datetime.datetime(2021, 7, 29, 13, 7, 5), 'speed': None, 'rudder': 0, 'datum': (42.3, -71.1)}
2021-07-29 14:07:06,833 [INFO] Received from Frontseat: [b'$BFNVG,130704.65,4218.005441,N,07105.991432,W,0,10.0,1.0,38.1,0.0,0.0,130704.65*6A', b'$BFNVG,130705.00,4218.005598,N,07105.991275,W,0,10.0,1.0,37.5,0.0,0.0,130705.00*61', b'$BFNVG,130705.35,4218.005755,N,07105.991123,W,0,10.0,1.0,36.9,0.0,0.0,130705.35*6F', b'$BFNVG,130705.70,4218.005913,N,07105.990973,W,0,10.0,1.0,36.3,0.0,0.0,130705.70*65']
2021-07-29 14:07:06,834 [INFO] AUV state: {'position': (12.67205317155458, 10.637122151441872), 'latlon': (42.30009855, -71.09984955), 'heading': 36.3, 'depth': 1.0, 'altitude': 10.0, 'roll': 0.0, 'pitch': 0.0, 'last_fix_time': datetime.datetime(2021, 7, 29, 13, 7, 5), 'speed': None, 'rudder': 0, 'datum': (42.3, -71.1)}
2021-07-29 14:07:07,186 [INFO] Next green buoy: [(4.75423702912882, -8.548384158596749)], next red buoy: [(18.087519984198316, -10.515769021750337)]
2021-07-29 14:07:07,186 [INFO] Desired_heading: 47.72087850666357
2021-07-29 14:07:07,187 [INFO] delta angle: 25
2021-07-29 14:07:07,187 [INFO] sending message $BPRMB,130707.29,-25,1,0,1000,0,1*6f
...
2021-07-29 14:07:08,189 [INFO] sending message $BPSTS,130708.18,1,BWSI Autonomy OK*40
...
2021-07-29 14:07:08,194 [INFO] Processing: $BFNVG,130706.05,4218.006073,N,07105.990824,W,0,10.0,1.0,35.7,0.0,0.0,130706.05*6D
2021-07-29 14:07:08,197 [INFO] Interpreted as: {'position': (12.884067960840184, 10.928182202391326), 'latlon': (42.30010121666667, -71.09984706666667), 'heading': 35.7, 'depth': 1.0, 'altitude': 10.0, 'roll': 0.0, 'pitch': 0.0, 'last_fix_time': datetime.datetime(2021, 7, 29, 13, 7, 6), 'speed': None, 'rudder': 0, 'datum': (42.3, -71.1)}
2021-07-29 14:07:08,198 [INFO] Processing: $BFNVG,130706.40,4218.006235,N,07105.990681,W,0,10.0,1.0,33.5,0.0,0.0,130706.40*68
2021-07-29 14:07:08,200 [INFO] Interpreted as: {'position': (13.087930805515498, 11.223147069104016), 'latlon': (42.300103916666664, -71.09984468333333), 'heading': 33.5, 'depth': 1.0, 'altitude': 10.0, 'roll': 0.0, 'pitch': 0.0, 'last_fix_time': datetime.datetime(2021, 7, 29, 13, 7, 6), 'speed': None, 'rudder': 0, 'datum': (42.3, -71.1)}
2021-07-29 14:07:08,201 [INFO] Processing: $BFNVG,130706.75,4218.006401,N,07105.990547,W,0,10.0,1.0,31.4,0.0,0.0,130706.75*63
2021-07-29 14:07:08,203 [INFO] Interpreted as: {'position': (13.279611411504447, 11.525819852016866), 'latlon': (42.30010668333333, -71.09984245), 'heading': 31.4, 'depth': 1.0, 'altitude': 10.0, 'roll': 0.0, 'pitch': 0.0, 'last_fix_time': datetime.datetime(2021, 7, 29, 13, 7, 6), 'speed': None, 'rudder': 0, 'datum': (42.3, -71.1)}
2021-07-29 14:07:08,203 [INFO] Processing: $BFNVG,130707.09,4218.006570,N,07105.990421,W,0,10.0,1.0,29.2,0.0,0.0,130707.09*6A
2021-07-29 14:07:08,205 [INFO] Interpreted as: {'position': (13.460437988629565, 11.834315951913595), 'latlon': (42.3001095, -71.09984035), 'heading': 29.2, 'depth': 1.0, 'altitude': 10.0, 'roll': 0.0, 'pitch': 0.0, 'last_fix_time': datetime.datetime(2021, 7, 29, 13, 7, 7), 'speed': None, 'rudder': 0, 'datum': (42.3, -71.1)}
2021-07-29 14:07:08,206 [INFO] Received from Frontseat: [b'$BFNVG,130706.05,4218.006073,N,07105.990824,W,0,10.0,1.0,35.7,0.0,0.0,130706.05*6D', b'$BFNVG,130706.40,4218.006235,N,07105.990681,W,0,10.0,1.0,33.5,0.0,0.0,130706.40*68', b'$BFNVG,130706.75,4218.006401,N,07105.990547,W,0,10.0,1.0,31.4,0.0,0.0,130706.75*63', b'$BFNVG,130707.09,4218.006570,N,07105.990421,W,0,10.0,1.0,29.2,0.0,0.0,130707.09*6A']
2021-07-29 14:07:08,207 [INFO] AUV state: {'position': (13.460437988629565, 11.834315951913595), 'latlon': (42.3001095, -71.09984035), 'heading': 29.2, 'depth': 1.0, 'altitude': 10.0, 'roll': 0.0, 'pitch': 0.0, 'last_fix_time': datetime.datetime(2021, 7, 29, 13, 7, 7), 'speed': None, 'rudder': 0, 'datum': (42.3, -71.1)}
2021-07-29 14:07:08,549 [INFO] Next green buoy: [(14.291657292920203, -10.646092164251348)], next red buoy: []
2021-07-29 14:07:08,549 [INFO] Desired_heading: 43.4916572929202
2021-07-29 14:07:08,550 [INFO] delta angle: 25
2021-07-29 14:07:08,550 [INFO] sending message $BPRMB,130709.08,-25,1,0,1000,0,1*62
...
2021-07-29 14:07:09,552 [INFO] sending message $BPSTS,130709.55,1,BWSI Autonomy OK*48
...
2021-07-29 14:07:09,553 [INFO] Processing: $BFNVG,130707.45,4218.006746,N,07105.990302,W,0,10.0,1.0,27.0,0.0,0.0,130707.45*67
2021-07-29 14:07:09,555 [INFO] Interpreted as: {'position': (13.631967089895625, 12.156004253774881), 'latlon': (42.30011243333333, -71.09983836666666), 'heading': 27.0, 'depth': 1.0, 'altitude': 10.0, 'roll': 0.0, 'pitch': 0.0, 'last_fix_time': datetime.datetime(2021, 7, 29, 13, 7, 7), 'speed': None, 'rudder': 0, 'datum': (42.3, -71.1)}
2021-07-29 14:07:09,556 [INFO] Processing: $BFNVG,130707.80,4218.006921,N,07105.990183,W,0,10.0,1.0,29.2,0.0,0.0,130707.80*6F
2021-07-29 14:07:09,558 [INFO] Interpreted as: {'position': (13.803450503502972, 12.475841861218214), 'latlon': (42.30011535, -71.09983638333334), 'heading': 29.2, 'depth': 1.0, 'altitude': 10.0, 'roll': 0.0, 'pitch': 0.0, 'last_fix_time': datetime.datetime(2021, 7, 29, 13, 7, 7), 'speed': None, 'rudder': 0, 'datum': (42.3, -71.1)}
2021-07-29 14:07:09,559 [INFO] Processing: $BFNVG,130708.15,4218.007094,N,07105.990055,W,0,10.0,1.0,31.4,0.0,0.0,130708.15*6C
2021-07-29 14:07:09,561 [INFO] Interpreted as: {'position': (13.987207464524545, 12.791672957129776), 'latlon': (42.300118233333336, -71.09983425), 'heading': 31.4, 'depth': 1.0, 'altitude': 10.0, 'roll': 0.0, 'pitch': 0.0, 'last_fix_time': datetime.datetime(2021, 7, 29, 13, 7, 8), 'speed': None, 'rudder': 0, 'datum': (42.3, -71.1)}
2021-07-29 14:07:09,562 [INFO] Processing: $BFNVG,130708.51,4218.007263,N,07105.989917,W,0,10.0,1.0,33.6,0.0,0.0,130708.51*61
2021-07-29 14:07:09,564 [INFO] Interpreted as: {'position': (14.184520509385038, 13.099762246012688), 'latlon': (42.30012105, -71.09983195), 'heading': 33.6, 'depth': 1.0, 'altitude': 10.0, 'roll': 0.0, 'pitch': 0.0, 'last_fix_time': datetime.datetime(2021, 7, 29, 13, 7, 8), 'speed': None, 'rudder': 0, 'datum': (42.3, -71.1)}
2021-07-29 14:07:09,565 [INFO] Received from Frontseat: [b'$BFNVG,130707.45,4218.006746,N,07105.990302,W,0,10.0,1.0,27.0,0.0,0.0,130707.45*67', b'$BFNVG,130707.80,4218.006921,N,07105.990183,W,0,10.0,1.0,29.2,0.0,0.0,130707.80*6F', b'$BFNVG,130708.15,4218.007094,N,07105.990055,W,0,10.0,1.0,31.4,0.0,0.0,130708.15*6C', b'$BFNVG,130708.51,4218.007263,N,07105.989917,W,0,10.0,1.0,33.6,0.0,0.0,130708.51*61']
2021-07-29 14:07:09,565 [INFO] AUV state: {'position': (14.184520509385038, 13.099762246012688), 'latlon': (42.30012105, -71.09983195), 'heading': 33.6, 'depth': 1.0, 'altitude': 10.0, 'roll': 0.0, 'pitch': 0.0, 'last_fix_time': datetime.datetime(2021, 7, 29, 13, 7, 8), 'speed': None, 'rudder': 0, 'datum': (42.3, -71.1)}
2021-07-29 14:07:09,918 [INFO] Next green buoy: [(13.96602769870076, -14.089890251826782)], next red buoy: []
2021-07-29 14:07:09,918 [INFO] Desired_heading: 47.566027698700765
2021-07-29 14:07:09,919 [INFO] delta angle: 25
2021-07-29 14:07:09,919 [INFO] sending message $BPRMB,130710.02,-25,1,0,1000,0,1*60
...
2021-07-29 14:07:10,921 [INFO] sending message $BPSTS,130710.92,1,BWSI Autonomy OK*4b
...
2021-07-29 14:07:10,922 [INFO] Processing: $BFNVG,130708.87,4218.007427,N,07105.989772,W,0,10.0,1.0,35.8,0.0,0.0,130708.87*62
2021-07-29 14:07:10,924 [INFO] Interpreted as: {'position': (14.391222330683377, 13.398360737599432), 'latlon': (42.30012378333333, -71.09982953333333), 'heading': 35.8, 'depth': 1.0, 'altitude': 10.0, 'roll': 0.0, 'pitch': 0.0, 'last_fix_time': datetime.datetime(2021, 7, 29, 13, 7, 8), 'speed': None, 'rudder': 0, 'datum': (42.3, -71.1)}
2021-07-29 14:07:10,925 [INFO] Processing: $BFNVG,130709.24,4218.007595,N,07105.989610,W,0,10.0,1.0,38.2,0.0,0.0,130709.24*68
2021-07-29 14:07:10,927 [INFO] Interpreted as: {'position': (14.621462720620912, 13.703785684891045), 'latlon': (42.30012658333333, -71.09982683333334), 'heading': 38.2, 'depth': 1.0, 'altitude': 10.0, 'roll': 0.0, 'pitch': 0.0, 'last_fix_time': datetime.datetime(2021, 7, 29, 13, 7, 9), 'speed': None, 'rudder': 0, 'datum': (42.3, -71.1)}
2021-07-29 14:07:10,928 [INFO] Processing: $BFNVG,130709.61,4218.007757,N,07105.989440,W,0,10.0,1.0,40.5,0.0,0.0,130709.61*6B
2021-07-29 14:07:10,930 [INFO] Interpreted as: {'position': (14.862420101009775, 13.9978352393955), 'latlon': (42.300129283333334, -71.099824), 'heading': 40.5, 'depth': 1.0, 'altitude': 10.0, 'roll': 0.0, 'pitch': 0.0, 'last_fix_time': datetime.datetime(2021, 7, 29, 13, 7, 9), 'speed': None, 'rudder': 0, 'datum': (42.3, -71.1)}
2021-07-29 14:07:10,931 [INFO] Received from Frontseat: [b'$BFNVG,130708.87,4218.007427,N,07105.989772,W,0,10.0,1.0,35.8,0.0,0.0,130708.87*62', b'$BFNVG,130709.24,4218.007595,N,07105.989610,W,0,10.0,1.0,38.2,0.0,0.0,130709.24*68', b'$BFNVG,130709.61,4218.007757,N,07105.989440,W,0,10.0,1.0,40.5,0.0,0.0,130709.61*6B']
2021-07-29 14:07:10,931 [INFO] AUV state: {'position': (14.862420101009775, 13.9978352393955), 'latlon': (42.300129283333334, -71.099824), 'heading': 40.5, 'depth': 1.0, 'altitude': 10.0, 'roll': 0.0, 'pitch': 0.0, 'last_fix_time': datetime.datetime(2021, 7, 29, 13, 7, 9), 'speed': None, 'rudder': 0, 'datum': (42.3, -71.1)}
2021-07-29 14:07:11,303 [INFO] Next green buoy: [(9.941484171072418, -18.951029910308467)], next red buoy: []
2021-07-29 14:07:11,304 [INFO] Desired_heading: 50.44148417107242
2021-07-29 14:07:11,304 [INFO] delta angle: 25
2021-07-29 14:07:11,305 [INFO] sending message $BPRMB,130711.82,-25,1,0,1000,0,1*69
...
2021-07-29 14:07:12,306 [INFO] sending message $BPSTS,130712.30,1,BWSI Autonomy OK*41
...
2021-07-29 14:07:12,307 [INFO] Processing: $BFNVG,130709.96,4218.007906,N,07105.989271,W,0,10.0,1.0,42.7,0.0,0.0,130709.96*65
2021-07-29 14:07:12,309 [INFO] Interpreted as: {'position': (15.101409892551601, 14.267859640531242), 'latlon': (42.30013176666667, -71.09982118333333), 'heading': 42.7, 'depth': 1.0, 'altitude': 10.0, 'roll': 0.0, 'pitch': 0.0, 'last_fix_time': datetime.datetime(2021, 7, 29, 13, 7, 9), 'speed': None, 'rudder': 0, 'datum': (42.3, -71.1)}
2021-07-29 14:07:12,310 [INFO] Processing: $BFNVG,130710.31,4218.008051,N,07105.989092,W,0,10.0,1.0,44.9,0.0,0.0,130710.31*66
2021-07-29 14:07:12,312 [INFO] Interpreted as: {'position': (15.353955761878751, 14.530142240226269), 'latlon': (42.300134183333334, -71.0998182), 'heading': 44.9, 'depth': 1.0, 'altitude': 10.0, 'roll': 0.0, 'pitch': 0.0, 'last_fix_time': datetime.datetime(2021, 7, 29, 13, 7, 10), 'speed': None, 'rudder': 0, 'datum': (42.3, -71.1)}
2021-07-29 14:07:12,313 [INFO] Processing: $BFNVG,130710.66,4218.008191,N,07105.988907,W,0,10.0,1.0,47.1,0.0,0.0,130710.66*64
2021-07-29 14:07:12,315 [INFO] Interpreted as: {'position': (15.61451653460972, 14.782967951148748), 'latlon': (42.30013651666667, -71.09981511666666), 'heading': 47.1, 'depth': 1.0, 'altitude': 10.0, 'roll': 0.0, 'pitch': 0.0, 'last_fix_time': datetime.datetime(2021, 7, 29, 13, 7, 10), 'speed': None, 'rudder': 0, 'datum': (42.3, -71.1)}
2021-07-29 14:07:12,316 [INFO] Processing: $BFNVG,130711.03,4218.008330,N,07105.988707,W,0,10.0,1.0,49.4,0.0,0.0,130711.03*68
2021-07-29 14:07:12,318 [INFO] Interpreted as: {'position': (15.89563977229409, 15.03343444224447), 'latlon': (42.300138833333335, -71.09981178333334), 'heading': 49.4, 'depth': 1.0, 'altitude': 10.0, 'roll': 0.0, 'pitch': 0.0, 'last_fix_time': datetime.datetime(2021, 7, 29, 13, 7, 11), 'speed': None, 'rudder': 0, 'datum': (42.3, -71.1)}
2021-07-29 14:07:12,319 [INFO] Received from Frontseat: [b'$BFNVG,130709.96,4218.007906,N,07105.989271,W,0,10.0,1.0,42.7,0.0,0.0,130709.96*65', b'$BFNVG,130710.31,4218.008051,N,07105.989092,W,0,10.0,1.0,44.9,0.0,0.0,130710.31*66', b'$BFNVG,130710.66,4218.008191,N,07105.988907,W,0,10.0,1.0,47.1,0.0,0.0,130710.66*64', b'$BFNVG,130711.03,4218.008330,N,07105.988707,W,0,10.0,1.0,49.4,0.0,0.0,130711.03*68']
2021-07-29 14:07:12,319 [INFO] AUV state: {'position': (15.89563977229409, 15.03343444224447), 'latlon': (42.300138833333335, -71.09981178333334), 'heading': 49.4, 'depth': 1.0, 'altitude': 10.0, 'roll': 0.0, 'pitch': 0.0, 'last_fix_time': datetime.datetime(2021, 7, 29, 13, 7, 11), 'speed': None, 'rudder': 0, 'datum': (42.3, -71.1)}
2021-07-29 14:07:12,710 [INFO] Next green buoy: [(4.97891412274265, -23.801047950127884)], next red buoy: [(5.959407244338989, -23.675404230770518)]
2021-07-29 14:07:12,711 [INFO] Desired_heading: 54.86916068354082
2021-07-29 14:07:12,711 [INFO] delta angle: 23.929374865910958
2021-07-29 14:07:12,712 [INFO] sending message $BPRMB,130712.79,-23.929374865910958,1,0,1000,0,1*73
...
2021-07-29 14:07:13,713 [INFO] sending message $BPSTS,130713.71,1,BWSI Autonomy OK*45
...
2021-07-29 14:07:13,720 [INFO] Processing: $BFNVG,130711.39,4218.008462,N,07105.988502,W,0,10.0,1.0,51.6,0.0,0.0,130711.39*64
2021-07-29 14:07:13,722 [INFO] Interpreted as: {'position': (16.183312695182394, 15.270776554942131), 'latlon': (42.30014103333333, -71.09980836666666), 'heading': 51.6, 'depth': 1.0, 'altitude': 10.0, 'roll': 0.0, 'pitch': 0.0, 'last_fix_time': datetime.datetime(2021, 7, 29, 13, 7, 11), 'speed': None, 'rudder': 0, 'datum': (42.3, -71.1)}
2021-07-29 14:07:13,723 [INFO] Processing: $BFNVG,130711.75,4218.008586,N,07105.988294,W,0,10.0,1.0,53.9,0.0,0.0,130711.75*6A
2021-07-29 14:07:13,724 [INFO] Interpreted as: {'position': (16.47474188916385, 15.493211397901177), 'latlon': (42.3001431, -71.0998049), 'heading': 53.9, 'depth': 1.0, 'altitude': 10.0, 'roll': 0.0, 'pitch': 0.0, 'last_fix_time': datetime.datetime(2021, 7, 29, 13, 7, 11), 'speed': None, 'rudder': 0, 'datum': (42.3, -71.1)}
2021-07-29 14:07:13,725 [INFO] Processing: $BFNVG,130712.12,4218.008709,N,07105.988069,W,0,10.0,1.0,56.2,0.0,0.0,130712.12*61
2021-07-29 14:07:13,727 [INFO] Interpreted as: {'position': (16.7894812952145, 15.713219222612679), 'latlon': (42.30014515, -71.09980115), 'heading': 56.2, 'depth': 1.0, 'altitude': 10.0, 'roll': 0.0, 'pitch': 0.0, 'last_fix_time': datetime.datetime(2021, 7, 29, 13, 7, 12), 'speed': None, 'rudder': 0, 'datum': (42.3, -71.1)}
2021-07-29 14:07:13,728 [INFO] Processing: $BFNVG,130712.48,4218.008821,N,07105.987844,W,0,10.0,1.0,58.5,0.0,0.0,130712.48*65
2021-07-29 14:07:13,730 [INFO] Interpreted as: {'position': (17.10371833964018, 15.912869391962886), 'latlon': (42.30014701666666, -71.0997974), 'heading': 58.5, 'depth': 1.0, 'altitude': 10.0, 'roll': 0.0, 'pitch': 0.0, 'last_fix_time': datetime.datetime(2021, 7, 29, 13, 7, 12), 'speed': None, 'rudder': 0, 'datum': (42.3, -71.1)}
2021-07-29 14:07:13,731 [INFO] Received from Frontseat: [b'$BFNVG,130711.39,4218.008462,N,07105.988502,W,0,10.0,1.0,51.6,0.0,0.0,130711.39*64', b'$BFNVG,130711.75,4218.008586,N,07105.988294,W,0,10.0,1.0,53.9,0.0,0.0,130711.75*6A', b'$BFNVG,130712.12,4218.008709,N,07105.988069,W,0,10.0,1.0,56.2,0.0,0.0,130712.12*61', b'$BFNVG,130712.48,4218.008821,N,07105.987844,W,0,10.0,1.0,58.5,0.0,0.0,130712.48*65']
2021-07-29 14:07:13,732 [INFO] AUV state: {'position': (17.10371833964018, 15.912869391962886), 'latlon': (42.30014701666666, -71.0997974), 'heading': 58.5, 'depth': 1.0, 'altitude': 10.0, 'roll': 0.0, 'pitch': 0.0, 'last_fix_time': datetime.datetime(2021, 7, 29, 13, 7, 12), 'speed': None, 'rudder': 0, 'datum': (42.3, -71.1)}
2021-07-29 14:07:15,326 [INFO] Next green buoy: [(-4.069495223419563, -21.048495521800614)], next red buoy: [(4.165775923682498, -20.361987207056842), (-13.637429162495394, -18.601502230167732)]
2021-07-29 14:07:15,326 [INFO] Desired_heading: 58.54814035013147
2021-07-29 14:07:15,327 [INFO] delta angle: 0.001853994648624325
2021-07-29 14:07:15,327 [INFO] sending message $BPRMB,130714.63,-0.001853994648624325,1,0,1000,0,1*7f
...
2021-07-29 14:07:16,329 [INFO] sending message $BPSTS,130716.32,1,BWSI Autonomy OK*47
...
2021-07-29 14:07:16,330 [INFO] Processing: $BFNVG,130712.84,4218.008926,N,07105.987618,W,0,10.0,1.0,60.7,0.0,0.0,130712.84*6D
2021-07-29 14:07:16,332 [INFO] Interpreted as: {'position': (17.419009566307068, 16.099530794657767), 'latlon': (42.300148766666666, -71.09979363333333), 'heading': 60.7, 'depth': 1.0, 'altitude': 10.0, 'roll': 0.0, 'pitch': 0.0, 'last_fix_time': datetime.datetime(2021, 7, 29, 13, 7, 12), 'speed': None, 'rudder': 0, 'datum': (42.3, -71.1)}
2021-07-29 14:07:16,333 [INFO] Processing: $BFNVG,130713.19,4218.009023,N,07105.987387,W,0,10.0,1.0,62.8,0.0,0.0,130713.19*6E
2021-07-29 14:07:16,335 [INFO] Interpreted as: {'position': (17.740804817178287, 16.271217124536633), 'latlon': (42.30015038333333, -71.09978978333334), 'heading': 62.8, 'depth': 1.0, 'altitude': 10.0, 'roll': 0.0, 'pitch': 0.0, 'last_fix_time': datetime.datetime(2021, 7, 29, 13, 7, 13), 'speed': None, 'rudder': 0, 'datum': (42.3, -71.1)}
2021-07-29 14:07:16,337 [INFO] Processing: $BFNVG,130713.55,4218.009114,N,07105.987153,W,0,10.0,1.0,64.9,0.0,0.0,130713.55*67
2021-07-29 14:07:16,339 [INFO] Interpreted as: {'position': (18.06644767592661, 16.43169758375734), 'latlon': (42.3001519, -71.09978588333334), 'heading': 64.9, 'depth': 1.0, 'altitude': 10.0, 'roll': 0.0, 'pitch': 0.0, 'last_fix_time': datetime.datetime(2021, 7, 29, 13, 7, 13), 'speed': None, 'rudder': 0, 'datum': (42.3, -71.1)}
2021-07-29 14:07:16,340 [INFO] Processing: $BFNVG,130713.90,4218.009198,N,07105.986915,W,0,10.0,1.0,67.0,0.0,0.0,130713.90*62
2021-07-29 14:07:16,342 [INFO] Interpreted as: {'position': (18.397266352782026, 16.579087568446994), 'latlon': (42.3001533, -71.09978191666667), 'heading': 67.0, 'depth': 1.0, 'altitude': 10.0, 'roll': 0.0, 'pitch': 0.0, 'last_fix_time': datetime.datetime(2021, 7, 29, 13, 7, 13), 'speed': None, 'rudder': 0, 'datum': (42.3, -71.1)}
2021-07-29 14:07:16,343 [INFO] Processing: $BFNVG,130714.25,4218.009276,N,07105.986672,W,0,10.0,1.0,69.2,0.0,0.0,130714.25*63
2021-07-29 14:07:16,346 [INFO] Interpreted as: {'position': (18.734680395107716, 16.715203879401088), 'latlon': (42.3001546, -71.09977786666667), 'heading': 69.2, 'depth': 1.0, 'altitude': 10.0, 'roll': 0.0, 'pitch': 0.0, 'last_fix_time': datetime.datetime(2021, 7, 29, 13, 7, 14), 'speed': None, 'rudder': 0, 'datum': (42.3, -71.1)}
2021-07-29 14:07:16,347 [INFO] Processing: $BFNVG,130714.60,4218.009346,N,07105.986426,W,0,10.0,1.0,71.3,0.0,0.0,130714.60*6A
2021-07-29 14:07:16,349 [INFO] Interpreted as: {'position': (19.07585071446374, 16.836412926204503), 'latlon': (42.30015576666667, -71.09977376666667), 'heading': 71.3, 'depth': 1.0, 'altitude': 10.0, 'roll': 0.0, 'pitch': 0.0, 'last_fix_time': datetime.datetime(2021, 7, 29, 13, 7, 14), 'speed': None, 'rudder': 0, 'datum': (42.3, -71.1)}
2021-07-29 14:07:16,350 [INFO] Processing: $BFNVG,130714.95,4218.009410,N,07105.986179,W,0,10.0,1.0,73.4,0.0,0.0,130714.95*64
2021-07-29 14:07:16,352 [INFO] Interpreted as: {'position': (19.418120892194565, 16.946483903564513), 'latlon': (42.30015683333333, -71.09976965), 'heading': 73.4, 'depth': 1.0, 'altitude': 10.0, 'roll': 0.0, 'pitch': 0.0, 'last_fix_time': datetime.datetime(2021, 7, 29, 13, 7, 14), 'speed': None, 'rudder': 0, 'datum': (42.3, -71.1)}
2021-07-29 14:07:16,353 [INFO] Processing: $BFNVG,130715.30,4218.009467,N,07105.985928,W,0,10.0,1.0,75.5,0.0,0.0,130715.30*6C
2021-07-29 14:07:16,355 [INFO] Interpreted as: {'position': (19.765566894086078, 17.04346441384405), 'latlon': (42.30015778333333, -71.09976546666667), 'heading': 75.5, 'depth': 1.0, 'altitude': 10.0, 'roll': 0.0, 'pitch': 0.0, 'last_fix_time': datetime.datetime(2021, 7, 29, 13, 7, 15), 'speed': None, 'rudder': 0, 'datum': (42.3, -71.1)}
2021-07-29 14:07:16,356 [INFO] Received from Frontseat: [b'$BFNVG,130712.84,4218.008926,N,07105.987618,W,0,10.0,1.0,60.7,0.0,0.0,130712.84*6D', b'$BFNVG,130713.19,4218.009023,N,07105.987387,W,0,10.0,1.0,62.8,0.0,0.0,130713.19*6E', b'$BFNVG,130713.55,4218.009114,N,07105.987153,W,0,10.0,1.0,64.9,0.0,0.0,130713.55*67', b'$BFNVG,130713.90,4218.009198,N,07105.986915,W,0,10.0,1.0,67.0,0.0,0.0,130713.90*62', b'$BFNVG,130714.25,4218.009276,N,07105.986672,W,0,10.0,1.0,69.2,0.0,0.0,130714.25*63', b'$BFNVG,130714.60,4218.009346,N,07105.986426,W,0,10.0,1.0,71.3,0.0,0.0,130714.60*6A', b'$BFNVG,130714.95,4218.009410,N,07105.986179,W,0,10.0,1.0,73.4,0.0,0.0,130714.95*64', b'$BFNVG,130715.30,4218.009467,N,07105.985928,W,0,10.0,1.0,75.5,0.0,0.0,130715.30*6C']
2021-07-29 14:07:16,357 [INFO] AUV state: {'position': (19.765566894086078, 17.04346441384405), 'latlon': (42.30015778333333, -71.09976546666667), 'heading': 75.5, 'depth': 1.0, 'altitude': 10.0, 'roll': 0.0, 'pitch': 0.0, 'last_fix_time': datetime.datetime(2021, 7, 29, 13, 7, 15), 'speed': None, 'rudder': 0, 'datum': (42.3, -71.1)}
2021-07-29 14:07:16,683 [INFO] Next green buoy: [], next red buoy: []
2021-07-29 14:07:16,684 [INFO] Desired_heading: 75.50037079892972
2021-07-29 14:07:16,684 [INFO] delta angle: 1.0999347702672996e-07
2021-07-29 14:07:16,685 [INFO] sending message $BPRMB,130718.02,-1.0999347702672996e-07,1,0,1000,0,1*36
...
2021-07-29 14:07:17,687 [INFO] sending message $BPSTS,130717.68,1,BWSI Autonomy OK*49
...
2021-07-29 14:07:17,688 [INFO] Processing: $BFNVG,130715.66,4218.009517,N,07105.985673,W,0,10.0,1.0,77.6,0.0,0.0,130715.66*6A
2021-07-29 14:07:17,690 [INFO] Interpreted as: {'position': (20.118188723688945, 17.127354455180466), 'latlon': (42.300158616666664, -71.09976121666666), 'heading': 77.6, 'depth': 1.0, 'altitude': 10.0, 'roll': 0.0, 'pitch': 0.0, 'last_fix_time': datetime.datetime(2021, 7, 29, 13, 7, 15), 'speed': None, 'rudder': 0, 'datum': (42.3, -71.1)}
2021-07-29 14:07:17,691 [INFO] Processing: $BFNVG,130716.03,4218.009567,N,07105.985402,W,0,10.0,1.0,77.6,0.0,0.0,130716.03*69
2021-07-29 14:07:17,694 [INFO] Interpreted as: {'position': (20.492792565142736, 17.210702097043395), 'latlon': (42.30015945, -71.0997567), 'heading': 77.6, 'depth': 1.0, 'altitude': 10.0, 'roll': 0.0, 'pitch': 0.0, 'last_fix_time': datetime.datetime(2021, 7, 29, 13, 7, 16), 'speed': None, 'rudder': 0, 'datum': (42.3, -71.1)}
2021-07-29 14:07:17,695 [INFO] Processing: $BFNVG,130716.38,4218.009614,N,07105.985146,W,0,10.0,1.0,77.6,0.0,0.0,130716.38*6B
2021-07-29 14:07:17,697 [INFO] Interpreted as: {'position': (20.84665125166066, 17.289006182923913), 'latlon': (42.30016023333334, -71.09975243333334), 'heading': 77.6, 'depth': 1.0, 'altitude': 10.0, 'roll': 0.0, 'pitch': 0.0, 'last_fix_time': datetime.datetime(2021, 7, 29, 13, 7, 16), 'speed': None, 'rudder': 0, 'datum': (42.3, -71.1)}
2021-07-29 14:07:17,698 [INFO] Received from Frontseat: [b'$BFNVG,130715.66,4218.009517,N,07105.985673,W,0,10.0,1.0,77.6,0.0,0.0,130715.66*6A', b'$BFNVG,130716.03,4218.009567,N,07105.985402,W,0,10.0,1.0,77.6,0.0,0.0,130716.03*69', b'$BFNVG,130716.38,4218.009614,N,07105.985146,W,0,10.0,1.0,77.6,0.0,0.0,130716.38*6B']
2021-07-29 14:07:17,698 [INFO] AUV state: {'position': (20.84665125166066, 17.289006182923913), 'latlon': (42.30016023333334, -71.09975243333334), 'heading': 77.6, 'depth': 1.0, 'altitude': 10.0, 'roll': 0.0, 'pitch': 0.0, 'last_fix_time': datetime.datetime(2021, 7, 29, 13, 7, 16), 'speed': None, 'rudder': 0, 'datum': (42.3, -71.1)}
2021-07-29 14:07:18,057 [INFO] Next green buoy: [], next red buoy: []
2021-07-29 14:07:18,058 [INFO] Desired_heading: 77.6000000219987
2021-07-29 14:07:18,058 [INFO] delta angle: 3.871542951021021e-16
2021-07-29 14:07:18,058 [INFO] sending message $BPRMB,130717.35,-3.871542951021021e-16,1,0,1000,0,1*6
...
2021-07-29 14:07:19,060 [INFO] sending message $BPSTS,130719.06,1,BWSI Autonomy OK*4f
...
2021-07-29 14:07:19,065 [INFO] Processing: $BFNVG,130716.74,4218.009661,N,07105.984888,W,0,10.0,1.0,77.6,0.0,0.0,130716.74*63
2021-07-29 14:07:19,067 [INFO] Interpreted as: {'position': (21.20325768191833, 17.367242482490838), 'latlon': (42.300161016666664, -71.09974813333334), 'heading': 77.6, 'depth': 1.0, 'altitude': 10.0, 'roll': 0.0, 'pitch': 0.0, 'last_fix_time': datetime.datetime(2021, 7, 29, 13, 7, 16), 'speed': None, 'rudder': 0, 'datum': (42.3, -71.1)}
2021-07-29 14:07:19,069 [INFO] Processing: $BFNVG,130717.09,4218.009708,N,07105.984629,W,0,10.0,1.0,77.6,0.0,0.0,130717.09*68
2021-07-29 14:07:19,071 [INFO] Interpreted as: {'position': (21.561237979622092, 17.445444899611175), 'latlon': (42.3001618, -71.09974381666666), 'heading': 77.6, 'depth': 1.0, 'altitude': 10.0, 'roll': 0.0, 'pitch': 0.0, 'last_fix_time': datetime.datetime(2021, 7, 29, 13, 7, 17), 'speed': None, 'rudder': 0, 'datum': (42.3, -71.1)}
2021-07-29 14:07:19,071 [INFO] Processing: $BFNVG,130717.45,4218.009755,N,07105.984371,W,0,10.0,1.0,77.6,0.0,0.0,130717.45*68
2021-07-29 14:07:19,073 [INFO] Interpreted as: {'position': (21.917844387993682, 17.523681236431003), 'latlon': (42.30016258333333, -71.09973951666667), 'heading': 77.6, 'depth': 1.0, 'altitude': 10.0, 'roll': 0.0, 'pitch': 0.0, 'last_fix_time': datetime.datetime(2021, 7, 29, 13, 7, 17), 'speed': None, 'rudder': 0, 'datum': (42.3, -71.1)}
2021-07-29 14:07:19,074 [INFO] Processing: $BFNVG,130717.80,4218.009803,N,07105.984112,W,0,10.0,1.0,77.6,0.0,0.0,130717.80*63
2021-07-29 14:07:19,075 [INFO] Interpreted as: {'position': (22.275870334357023, 17.603734388016164), 'latlon': (42.300163383333334, -71.0997352), 'heading': 77.6, 'depth': 1.0, 'altitude': 10.0, 'roll': 0.0, 'pitch': 0.0, 'last_fix_time': datetime.datetime(2021, 7, 29, 13, 7, 17), 'speed': None, 'rudder': 0, 'datum': (42.3, -71.1)}
2021-07-29 14:07:19,076 [INFO] Received from Frontseat: [b'$BFNVG,130716.74,4218.009661,N,07105.984888,W,0,10.0,1.0,77.6,0.0,0.0,130716.74*63', b'$BFNVG,130717.09,4218.009708,N,07105.984629,W,0,10.0,1.0,77.6,0.0,0.0,130717.09*68', b'$BFNVG,130717.45,4218.009755,N,07105.984371,W,0,10.0,1.0,77.6,0.0,0.0,130717.45*68', b'$BFNVG,130717.80,4218.009803,N,07105.984112,W,0,10.0,1.0,77.6,0.0,0.0,130717.80*63']
2021-07-29 14:07:19,076 [INFO] AUV state: {'position': (22.275870334357023, 17.603734388016164), 'latlon': (42.300163383333334, -71.0997352), 'heading': 77.6, 'depth': 1.0, 'altitude': 10.0, 'roll': 0.0, 'pitch': 0.0, 'last_fix_time': datetime.datetime(2021, 7, 29, 13, 7, 17), 'speed': None, 'rudder': 0, 'datum': (42.3, -71.1)}
2021-07-29 14:07:19,401 [INFO] Next green buoy: [(18.723028324019037, -7.136062116798902)], next red buoy: []
2021-07-29 14:07:19,401 [INFO] Desired_heading: 96.32302832401903
2021-07-29 14:07:19,401 [INFO] delta angle: -25
2021-07-29 14:07:19,402 [INFO] sending message $BPRMB,130720.77,25,1,0,1000,0,1*4c
...
2021-07-29 14:07:20,403 [INFO] sending message $BPSTS,130720.40,1,BWSI Autonomy OK*47
...
2021-07-29 14:07:20,404 [INFO] Processing: $BFNVG,130718.16,4218.009850,N,07105.983853,W,0,10.0,1.0,77.6,0.0,0.0,130718.16*6E
2021-07-29 14:07:20,406 [INFO] Interpreted as: {'position': (22.63385060534347, 17.681936861015856), 'latlon': (42.30016416666667, -71.09973088333334), 'heading': 77.6, 'depth': 1.0, 'altitude': 10.0, 'roll': 0.0, 'pitch': 0.0, 'last_fix_time': datetime.datetime(2021, 7, 29, 13, 7, 18), 'speed': None, 'rudder': 0, 'datum': (42.3, -71.1)}
2021-07-29 14:07:20,407 [INFO] Processing: $BFNVG,130718.51,4218.009896,N,07105.983601,W,0,10.0,1.0,77.6,0.0,0.0,130718.51*6D
2021-07-29 14:07:20,409 [INFO] Interpreted as: {'position': (22.982168067712337, 17.758525958284736), 'latlon': (42.300164933333335, -71.09972668333333), 'heading': 77.6, 'depth': 1.0, 'altitude': 10.0, 'roll': 0.0, 'pitch': 0.0, 'last_fix_time': datetime.datetime(2021, 7, 29, 13, 7, 18), 'speed': None, 'rudder': 0, 'datum': (42.3, -71.1)}
2021-07-29 14:07:20,409 [INFO] Processing: $BFNVG,130718.85,4218.009941,N,07105.983353,W,0,10.0,1.0,77.6,0.0,0.0,130718.85*64
2021-07-29 14:07:20,411 [INFO] Interpreted as: {'position': (23.324944348656572, 17.83339997753501), 'latlon': (42.30016568333333, -71.09972255), 'heading': 77.6, 'depth': 1.0, 'altitude': 10.0, 'roll': 0.0, 'pitch': 0.0, 'last_fix_time': datetime.datetime(2021, 7, 29, 13, 7, 18), 'speed': None, 'rudder': 0, 'datum': (42.3, -71.1)}
2021-07-29 14:07:20,412 [INFO] Processing: $BFNVG,130719.20,4218.009989,N,07105.983095,W,0,10.0,1.0,77.6,0.0,0.0,130719.20*69
2021-07-29 14:07:20,414 [INFO] Interpreted as: {'position': (23.681596383452415, 17.913487100042403), 'latlon': (42.300166483333335, -71.09971825), 'heading': 77.6, 'depth': 1.0, 'altitude': 10.0, 'roll': 0.0, 'pitch': 0.0, 'last_fix_time': datetime.datetime(2021, 7, 29, 13, 7, 19), 'speed': None, 'rudder': 0, 'datum': (42.3, -71.1)}
2021-07-29 14:07:20,415 [INFO] Received from Frontseat: [b'$BFNVG,130718.16,4218.009850,N,07105.983853,W,0,10.0,1.0,77.6,0.0,0.0,130718.16*6E', b'$BFNVG,130718.51,4218.009896,N,07105.983601,W,0,10.0,1.0,77.6,0.0,0.0,130718.51*6D', b'$BFNVG,130718.85,4218.009941,N,07105.983353,W,0,10.0,1.0,77.6,0.0,0.0,130718.85*64', b'$BFNVG,130719.20,4218.009989,N,07105.983095,W,0,10.0,1.0,77.6,0.0,0.0,130719.20*69']
2021-07-29 14:07:20,416 [INFO] AUV state: {'position': (23.681596383452415, 17.913487100042403), 'latlon': (42.300166483333335, -71.09971825), 'heading': 77.6, 'depth': 1.0, 'altitude': 10.0, 'roll': 0.0, 'pitch': 0.0, 'last_fix_time': datetime.datetime(2021, 7, 29, 13, 7, 19), 'speed': None, 'rudder': 0, 'datum': (42.3, -71.1)}
2021-07-29 14:07:20,775 [INFO] Next green buoy: [(22.107216943765128, -8.436354930155233)], next red buoy: []
2021-07-29 14:07:20,775 [INFO] Desired_heading: 99.70721694376512
2021-07-29 14:07:20,775 [INFO] delta angle: 25
2021-07-29 14:07:20,776 [INFO] sending message $BPRMB,130720.03,-25,1,0,1000,0,1*62
...
2021-07-29 14:07:21,777 [INFO] sending message $BPSTS,130721.77,1,BWSI Autonomy OK*42
...
2021-07-29 14:07:21,778 [INFO] Processing: $BFNVG,130719.55,4218.010034,N,07105.982846,W,0,10.0,1.0,77.6,0.0,0.0,130719.55*69
2021-07-29 14:07:21,780 [INFO] Interpreted as: {'position': (24.025746523751877, 17.988327253609896), 'latlon': (42.30016723333333, -71.0997141), 'heading': 77.6, 'depth': 1.0, 'altitude': 10.0, 'roll': 0.0, 'pitch': 0.0, 'last_fix_time': datetime.datetime(2021, 7, 29, 13, 7, 19), 'speed': None, 'rudder': 0, 'datum': (42.3, -71.1)}
2021-07-29 14:07:21,781 [INFO] Processing: $BFNVG,130719.90,4218.010085,N,07105.982587,W,0,10.0,1.0,75.3,0.0,0.0,130719.90*64
2021-07-29 14:07:21,783 [INFO] Interpreted as: {'position': (24.38390941475518, 18.073932600207627), 'latlon': (42.30016808333333, -71.09970978333334), 'heading': 75.3, 'depth': 1.0, 'altitude': 10.0, 'roll': 0.0, 'pitch': 0.0, 'last_fix_time': datetime.datetime(2021, 7, 29, 13, 7, 19), 'speed': None, 'rudder': 0, 'datum': (42.3, -71.1)}
2021-07-29 14:07:21,783 [INFO] Processing: $BFNVG,130720.24,4218.010141,N,07105.982342,W,0,10.0,1.0,73.2,0.0,0.0,130720.24*65
2021-07-29 14:07:21,785 [INFO] Interpreted as: {'position': (24.72306635772111, 18.16926605720073), 'latlon': (42.300169016666665, -71.0997057), 'heading': 73.2, 'depth': 1.0, 'altitude': 10.0, 'roll': 0.0, 'pitch': 0.0, 'last_fix_time': datetime.datetime(2021, 7, 29, 13, 7, 20), 'speed': None, 'rudder': 0, 'datum': (42.3, -71.1)}
2021-07-29 14:07:21,786 [INFO] Processing: $BFNVG,130720.60,4218.010207,N,07105.982092,W,0,10.0,1.0,71.0,0.0,0.0,130720.60*6A
2021-07-29 14:07:21,787 [INFO] Interpreted as: {'position': (25.0695493305102, 18.282937000505626), 'latlon': (42.30017011666666, -71.09970153333333), 'heading': 71.0, 'depth': 1.0, 'altitude': 10.0, 'roll': 0.0, 'pitch': 0.0, 'last_fix_time': datetime.datetime(2021, 7, 29, 13, 7, 20), 'speed': None, 'rudder': 0, 'datum': (42.3, -71.1)}
2021-07-29 14:07:21,788 [INFO] Received from Frontseat: [b'$BFNVG,130719.55,4218.010034,N,07105.982846,W,0,10.0,1.0,77.6,0.0,0.0,130719.55*69', b'$BFNVG,130719.90,4218.010085,N,07105.982587,W,0,10.0,1.0,75.3,0.0,0.0,130719.90*64', b'$BFNVG,130720.24,4218.010141,N,07105.982342,W,0,10.0,1.0,73.2,0.0,0.0,130720.24*65', b'$BFNVG,130720.60,4218.010207,N,07105.982092,W,0,10.0,1.0,71.0,0.0,0.0,130720.60*6A']
2021-07-29 14:07:21,789 [INFO] AUV state: {'position': (25.0695493305102, 18.282937000505626), 'latlon': (42.30017011666666, -71.09970153333333), 'heading': 71.0, 'depth': 1.0, 'altitude': 10.0, 'roll': 0.0, 'pitch': 0.0, 'last_fix_time': datetime.datetime(2021, 7, 29, 13, 7, 20), 'speed': None, 'rudder': 0, 'datum': (42.3, -71.1)}
2021-07-29 14:07:22,120 [INFO] Next green buoy: [], next red buoy: []
2021-07-29 14:07:22,120 [INFO] Desired_heading: 76.0
2021-07-29 14:07:22,120 [INFO] delta angle: 20.0
2021-07-29 14:07:22,121 [INFO] sending message $BPRMB,130723.51,-20.0,1,0,1000,0,1*7d
...
2021-07-29 14:07:23,122 [INFO] sending message $BPSTS,130723.12,1,BWSI Autonomy OK*43
...
2021-07-29 14:07:23,123 [INFO] Processing: $BFNVG,130720.96,4218.010281,N,07105.981840,W,0,10.0,1.0,68.7,0.0,0.0,130720.96*6F
2021-07-29 14:07:23,125 [INFO] Interpreted as: {'position': (25.419145366642624, 18.41134573612362), 'latlon': (42.30017135, -71.09969733333334), 'heading': 68.7, 'depth': 1.0, 'altitude': 10.0, 'roll': 0.0, 'pitch': 0.0, 'last_fix_time': datetime.datetime(2021, 7, 29, 13, 7, 20), 'speed': None, 'rudder': 0, 'datum': (42.3, -71.1)}
2021-07-29 14:07:23,126 [INFO] Processing: $BFNVG,130721.32,4218.010353,N,07105.981592,W,0,10.0,1.0,71.0,0.0,0.0,130721.32*6C
2021-07-29 14:07:23,128 [INFO] Interpreted as: {'position': (25.763154556043446, 18.53618869651109), 'latlon': (42.30017255, -71.0996932), 'heading': 71.0, 'depth': 1.0, 'altitude': 10.0, 'roll': 0.0, 'pitch': 0.0, 'last_fix_time': datetime.datetime(2021, 7, 29, 13, 7, 21), 'speed': None, 'rudder': 0, 'datum': (42.3, -71.1)}
2021-07-29 14:07:23,128 [INFO] Processing: $BFNVG,130721.66,4218.010417,N,07105.981348,W,0,10.0,1.0,73.1,0.0,0.0,130721.66*69
2021-07-29 14:07:23,130 [INFO] Interpreted as: {'position': (26.10130290471716, 18.646361695602536), 'latlon': (42.30017361666667, -71.09968913333333), 'heading': 73.1, 'depth': 1.0, 'altitude': 10.0, 'roll': 0.0, 'pitch': 0.0, 'last_fix_time': datetime.datetime(2021, 7, 29, 13, 7, 21), 'speed': None, 'rudder': 0, 'datum': (42.3, -71.1)}
2021-07-29 14:07:23,131 [INFO] Processing: $BFNVG,130722.02,4218.010475,N,07105.981095,W,0,10.0,1.0,75.3,0.0,0.0,130722.02*6A
2021-07-29 14:07:23,133 [INFO] Interpreted as: {'position': (26.451542131369933, 18.745125426910818), 'latlon': (42.30017458333333, -71.09968491666666), 'heading': 75.3, 'depth': 1.0, 'altitude': 10.0, 'roll': 0.0, 'pitch': 0.0, 'last_fix_time': datetime.datetime(2021, 7, 29, 13, 7, 22), 'speed': None, 'rudder': 0, 'datum': (42.3, -71.1)}
2021-07-29 14:07:23,134 [INFO] Received from Frontseat: [b'$BFNVG,130720.96,4218.010281,N,07105.981840,W,0,10.0,1.0,68.7,0.0,0.0,130720.96*6F', b'$BFNVG,130721.32,4218.010353,N,07105.981592,W,0,10.0,1.0,71.0,0.0,0.0,130721.32*6C', b'$BFNVG,130721.66,4218.010417,N,07105.981348,W,0,10.0,1.0,73.1,0.0,0.0,130721.66*69', b'$BFNVG,130722.02,4218.010475,N,07105.981095,W,0,10.0,1.0,75.3,0.0,0.0,130722.02*6A']
2021-07-29 14:07:23,135 [INFO] AUV state: {'position': (26.451542131369933, 18.745125426910818), 'latlon': (42.30017458333333, -71.09968491666666), 'heading': 75.3, 'depth': 1.0, 'altitude': 10.0, 'roll': 0.0, 'pitch': 0.0, 'last_fix_time': datetime.datetime(2021, 7, 29, 13, 7, 22), 'speed': None, 'rudder': 0, 'datum': (42.3, -71.1)}
2021-07-29 14:07:23,483 [INFO] Next green buoy: [], next red buoy: []
2021-07-29 14:07:23,484 [INFO] Desired_heading: 79.3
2021-07-29 14:07:23,484 [INFO] delta angle: 12.8
2021-07-29 14:07:23,484 [INFO] sending message $BPRMB,130722.72,-12.8,1,0,1000,0,1*74
...
2021-07-29 14:07:24,486 [INFO] sending message $BPSTS,130724.48,1,BWSI Autonomy OK*4b
...
2021-07-29 14:07:24,492 [INFO] Processing: $BFNVG,130722.37,4218.010526,N,07105.980841,W,0,10.0,1.0,77.5,0.0,0.0,130722.37*69
2021-07-29 14:07:24,494 [INFO] Interpreted as: {'position': (26.802835566340946, 18.83090039715171), 'latlon': (42.30017543333334, -71.09968068333333), 'heading': 77.5, 'depth': 1.0, 'altitude': 10.0, 'roll': 0.0, 'pitch': 0.0, 'last_fix_time': datetime.datetime(2021, 7, 29, 13, 7, 22), 'speed': None, 'rudder': 0, 'datum': (42.3, -71.1)}
2021-07-29 14:07:24,494 [INFO] Processing: $BFNVG,130722.72,4218.010570,N,07105.980583,W,0,10.0,1.0,79.3,0.0,0.0,130722.72*61
2021-07-29 14:07:24,496 [INFO] Interpreted as: {'position': (27.159304841363337, 18.903584906831384), 'latlon': (42.30017616666667, -71.09967638333333), 'heading': 79.3, 'depth': 1.0, 'altitude': 10.0, 'roll': 0.0, 'pitch': 0.0, 'last_fix_time': datetime.datetime(2021, 7, 29, 13, 7, 22), 'speed': None, 'rudder': 0, 'datum': (42.3, -71.1)}
2021-07-29 14:07:24,497 [INFO] Processing: $BFNVG,130723.07,4218.010608,N,07105.980325,W,0,10.0,1.0,81.0,0.0,0.0,130723.07*63
2021-07-29 14:07:24,499 [INFO] Interpreted as: {'position': (27.51550011744257, 18.965165248140693), 'latlon': (42.3001768, -71.09967208333333), 'heading': 81.0, 'depth': 1.0, 'altitude': 10.0, 'roll': 0.0, 'pitch': 0.0, 'last_fix_time': datetime.datetime(2021, 7, 29, 13, 7, 23), 'speed': None, 'rudder': 0, 'datum': (42.3, -71.1)}
2021-07-29 14:07:24,500 [INFO] Processing: $BFNVG,130723.43,4218.010640,N,07105.980064,W,0,10.0,1.0,82.8,0.0,0.0,130723.43*62
2021-07-29 14:07:24,502 [INFO] Interpreted as: {'position': (27.875543023925275, 19.015539728105068), 'latlon': (42.30017733333333, -71.09966773333333), 'heading': 82.8, 'depth': 1.0, 'altitude': 10.0, 'roll': 0.0, 'pitch': 0.0, 'last_fix_time': datetime.datetime(2021, 7, 29, 13, 7, 23), 'speed': None, 'rudder': 0, 'datum': (42.3, -71.1)}
2021-07-29 14:07:24,502 [INFO] Received from Frontseat: [b'$BFNVG,130722.37,4218.010526,N,07105.980841,W,0,10.0,1.0,77.5,0.0,0.0,130722.37*69', b'$BFNVG,130722.72,4218.010570,N,07105.980583,W,0,10.0,1.0,79.3,0.0,0.0,130722.72*61', b'$BFNVG,130723.07,4218.010608,N,07105.980325,W,0,10.0,1.0,81.0,0.0,0.0,130723.07*63', b'$BFNVG,130723.43,4218.010640,N,07105.980064,W,0,10.0,1.0,82.8,0.0,0.0,130723.43*62']
2021-07-29 14:07:24,503 [INFO] AUV state: {'position': (27.875543023925275, 19.015539728105068), 'latlon': (42.30017733333333, -71.09966773333333), 'heading': 82.8, 'depth': 1.0, 'altitude': 10.0, 'roll': 0.0, 'pitch': 0.0, 'last_fix_time': datetime.datetime(2021, 7, 29, 13, 7, 23), 'speed': None, 'rudder': 0, 'datum': (42.3, -71.1)}
2021-07-29 14:07:24,844 [INFO] Next green buoy: [], next red buoy: []
2021-07-29 14:07:24,844 [INFO] Desired_heading: 85.36
2021-07-29 14:07:24,845 [INFO] delta angle: 5.242880000000009
2021-07-29 14:07:24,845 [INFO] sending message $BPRMB,130726.24,-5.242880000000009,1,0,1000,0,1*40
...
2021-07-29 14:07:25,847 [INFO] sending message $BPSTS,130725.84,1,BWSI Autonomy OK*4a
...
2021-07-29 14:07:25,848 [INFO] Processing: $BFNVG,130723.78,4218.010667,N,07105.979802,W,0,10.0,1.0,84.6,0.0,0.0,130723.78*61
2021-07-29 14:07:25,850 [INFO] Interpreted as: {'position': (28.236731473589316, 19.056626841425896), 'latlon': (42.30017778333333, -71.09966336666666), 'heading': 84.6, 'depth': 1.0, 'altitude': 10.0, 'roll': 0.0, 'pitch': 0.0, 'last_fix_time': datetime.datetime(2021, 7, 29, 13, 7, 23), 'speed': None, 'rudder': 0, 'datum': (42.3, -71.1)}
2021-07-29 14:07:25,850 [INFO] Processing: $BFNVG,130724.12,4218.010688,N,07105.979547,W,0,10.0,1.0,85.7,0.0,0.0,130724.12*6C
2021-07-29 14:07:25,852 [INFO] Interpreted as: {'position': (28.5880287977634, 19.0868470845744), 'latlon': (42.30017813333333, -71.09965911666667), 'heading': 85.7, 'depth': 1.0, 'altitude': 10.0, 'roll': 0.0, 'pitch': 0.0, 'last_fix_time': datetime.datetime(2021, 7, 29, 13, 7, 24), 'speed': None, 'rudder': 0, 'datum': (42.3, -71.1)}
2021-07-29 14:07:25,853 [INFO] Processing: $BFNVG,130724.48,4218.010705,N,07105.979282,W,0,10.0,1.0,86.8,0.0,0.0,130724.48*6A
2021-07-29 14:07:25,855 [INFO] Interpreted as: {'position': (28.952882220153697, 19.109325567260385), 'latlon': (42.30017841666667, -71.0996547), 'heading': 86.8, 'depth': 1.0, 'altitude': 10.0, 'roll': 0.0, 'pitch': 0.0, 'last_fix_time': datetime.datetime(2021, 7, 29, 13, 7, 24), 'speed': None, 'rudder': 0, 'datum': (42.3, -71.1)}
2021-07-29 14:07:25,856 [INFO] Processing: $BFNVG,130724.83,4218.010719,N,07105.979016,W,0,10.0,1.0,88.0,0.0,0.0,130724.83*6E
2021-07-29 14:07:25,858 [INFO] Interpreted as: {'position': (29.3189725211123, 19.126218074001372), 'latlon': (42.30017865, -71.09965026666667), 'heading': 88.0, 'depth': 1.0, 'altitude': 10.0, 'roll': 0.0, 'pitch': 0.0, 'last_fix_time': datetime.datetime(2021, 7, 29, 13, 7, 24), 'speed': None, 'rudder': 0, 'datum': (42.3, -71.1)}
2021-07-29 14:07:25,858 [INFO] Received from Frontseat: [b'$BFNVG,130723.78,4218.010667,N,07105.979802,W,0,10.0,1.0,84.6,0.0,0.0,130723.78*61', b'$BFNVG,130724.12,4218.010688,N,07105.979547,W,0,10.0,1.0,85.7,0.0,0.0,130724.12*6C', b'$BFNVG,130724.48,4218.010705,N,07105.979282,W,0,10.0,1.0,86.8,0.0,0.0,130724.48*6A', b'$BFNVG,130724.83,4218.010719,N,07105.979016,W,0,10.0,1.0,88.0,0.0,0.0,130724.83*6E']
2021-07-29 14:07:25,859 [INFO] AUV state: {'position': (29.3189725211123, 19.126218074001372), 'latlon': (42.30017865, -71.09965026666667), 'heading': 88.0, 'depth': 1.0, 'altitude': 10.0, 'roll': 0.0, 'pitch': 0.0, 'last_fix_time': datetime.datetime(2021, 7, 29, 13, 7, 24), 'speed': None, 'rudder': 0, 'datum': (42.3, -71.1)}
2021-07-29 14:07:26,206 [INFO] Next green buoy: [], next red buoy: []
2021-07-29 14:07:26,207 [INFO] Desired_heading: 89.048576
2021-07-29 14:07:26,207 [INFO] delta angle: 0.879609302220795
2021-07-29 14:07:26,208 [INFO] sending message $BPRMB,130725.44,-0.879609302220795,1,0,1000,0,1*4e
...
2021-07-29 14:07:27,209 [INFO] sending message $BPSTS,130727.20,1,BWSI Autonomy OK*46
...
2021-07-29 14:07:27,210 [INFO] Processing: $BFNVG,130725.19,4218.010729,N,07105.978752,W,0,10.0,1.0,89.1,0.0,0.0,130725.19*6B
2021-07-29 14:07:27,212 [INFO] Interpreted as: {'position': (29.682132409419864, 19.135775610804558), 'latlon': (42.300178816666666, -71.09964586666666), 'heading': 89.1, 'depth': 1.0, 'altitude': 10.0, 'roll': 0.0, 'pitch': 0.0, 'last_fix_time': datetime.datetime(2021, 7, 29, 13, 7, 25), 'speed': None, 'rudder': 0, 'datum': (42.3, -71.1)}
2021-07-29 14:07:27,213 [INFO] Processing: $BFNVG,130725.54,4218.010736,N,07105.978489,W,0,10.0,1.0,89.6,0.0,0.0,130725.54*67
2021-07-29 14:07:27,215 [INFO] Interpreted as: {'position': (30.043781426444184, 19.139814974740148), 'latlon': (42.300178933333335, -71.09964148333333), 'heading': 89.6, 'depth': 1.0, 'altitude': 10.0, 'roll': 0.0, 'pitch': 0.0, 'last_fix_time': datetime.datetime(2021, 7, 29, 13, 7, 25), 'speed': None, 'rudder': 0, 'datum': (42.3, -71.1)}
2021-07-29 14:07:27,215 [INFO] Processing: $BFNVG,130725.89,4218.010742,N,07105.978224,W,0,10.0,1.0,90.0,0.0,0.0,130725.89*6B
2021-07-29 14:07:27,217 [INFO] Interpreted as: {'position': (30.408132527431007, 19.14193586073816), 'latlon': (42.300179033333336, -71.09963706666667), 'heading': 90.0, 'depth': 1.0, 'altitude': 10.0, 'roll': 0.0, 'pitch': 0.0, 'last_fix_time': datetime.datetime(2021, 7, 29, 13, 7, 25), 'speed': None, 'rudder': 0, 'datum': (42.3, -71.1)}
2021-07-29 14:07:27,218 [INFO] Received from Frontseat: [b'$BFNVG,130725.19,4218.010729,N,07105.978752,W,0,10.0,1.0,89.1,0.0,0.0,130725.19*6B', b'$BFNVG,130725.54,4218.010736,N,07105.978489,W,0,10.0,1.0,89.6,0.0,0.0,130725.54*67', b'$BFNVG,130725.89,4218.010742,N,07105.978224,W,0,10.0,1.0,90.0,0.0,0.0,130725.89*6B']
2021-07-29 14:07:27,219 [INFO] AUV state: {'position': (30.408132527431007, 19.14193586073816), 'latlon': (42.300179033333336, -71.09963706666667), 'heading': 90.0, 'depth': 1.0, 'altitude': 10.0, 'roll': 0.0, 'pitch': 0.0, 'last_fix_time': datetime.datetime(2021, 7, 29, 13, 7, 25), 'speed': None, 'rudder': 0, 'datum': (42.3, -71.1)}
2021-07-29 14:07:27,572 [INFO] Next green buoy: [], next red buoy: []
2021-07-29 14:07:27,573 [INFO] Desired_heading: 90.17592186044416
2021-07-29 14:07:27,573 [INFO] delta angle: 0.024758800785708395
2021-07-29 14:07:27,573 [INFO] sending message $BPRMB,130728.96,-0.024758800785708395,1,0,1000,0,1*71
...
2021-07-29 14:07:28,575 [INFO] sending message $BPSTS,130728.57,1,BWSI Autonomy OK*49
...
2021-07-29 14:07:28,577 [INFO] Processing: $BFNVG,130726.26,4218.010746,N,07105.977948,W,0,10.0,1.0,90.5,0.0,0.0,130726.26*64
2021-07-29 14:07:28,579 [INFO] Interpreted as: {'position': (30.787504935404286, 19.139982481487095), 'latlon': (42.3001791, -71.09963246666666), 'heading': 90.5, 'depth': 1.0, 'altitude': 10.0, 'roll': 0.0, 'pitch': 0.0, 'last_fix_time': datetime.datetime(2021, 7, 29, 13, 7, 26), 'speed': None, 'rudder': 0, 'datum': (42.3, -71.1)}
2021-07-29 14:07:28,580 [INFO] Processing: $BFNVG,130726.66,4218.010749,N,07105.977651,W,0,10.0,1.0,90.6,0.0,0.0,130726.66*6F
2021-07-29 14:07:28,581 [INFO] Interpreted as: {'position': (31.195683071622625, 19.135466545820236), 'latlon': (42.30017915, -71.09962751666667), 'heading': 90.6, 'depth': 1.0, 'altitude': 10.0, 'roll': 0.0, 'pitch': 0.0, 'last_fix_time': datetime.datetime(2021, 7, 29, 13, 7, 26), 'speed': None, 'rudder': 0, 'datum': (42.3, -71.1)}
2021-07-29 14:07:28,582 [INFO] Processing: $BFNVG,130727.04,4218.010752,N,07105.977367,W,0,10.0,1.0,90.7,0.0,0.0,130727.04*64
2021-07-29 14:07:28,584 [INFO] Interpreted as: {'position': (31.586000822950155, 19.13139132130891), 'latlon': (42.3001792, -71.09962278333333), 'heading': 90.7, 'depth': 1.0, 'altitude': 10.0, 'roll': 0.0, 'pitch': 0.0, 'last_fix_time': datetime.datetime(2021, 7, 29, 13, 7, 27), 'speed': None, 'rudder': 0, 'datum': (42.3, -71.1)}
2021-07-29 14:07:28,585 [INFO] Processing: $BFNVG,130727.38,4218.010754,N,07105.977107,W,0,10.0,1.0,90.8,0.0,0.0,130727.38*69
2021-07-29 14:07:28,587 [INFO] Interpreted as: {'position': (31.943299884325825, 19.1262789927423), 'latlon': (42.30017923333333, -71.09961845), 'heading': 90.8, 'depth': 1.0, 'altitude': 10.0, 'roll': 0.0, 'pitch': 0.0, 'last_fix_time': datetime.datetime(2021, 7, 29, 13, 7, 27), 'speed': None, 'rudder': 0, 'datum': (42.3, -71.1)}
2021-07-29 14:07:28,588 [INFO] Received from Frontseat: [b'$BFNVG,130726.26,4218.010746,N,07105.977948,W,0,10.0,1.0,90.5,0.0,0.0,130726.26*64', b'$BFNVG,130726.66,4218.010749,N,07105.977651,W,0,10.0,1.0,90.6,0.0,0.0,130726.66*6F', b'$BFNVG,130727.04,4218.010752,N,07105.977367,W,0,10.0,1.0,90.7,0.0,0.0,130727.04*64', b'$BFNVG,130727.38,4218.010754,N,07105.977107,W,0,10.0,1.0,90.8,0.0,0.0,130727.38*69']
2021-07-29 14:07:28,589 [INFO] AUV state: {'position': (31.943299884325825, 19.1262789927423), 'latlon': (42.30017923333333, -71.09961845), 'heading': 90.8, 'depth': 1.0, 'altitude': 10.0, 'roll': 0.0, 'pitch': 0.0, 'last_fix_time': datetime.datetime(2021, 7, 29, 13, 7, 27), 'speed': None, 'rudder': 0, 'datum': (42.3, -71.1)}
2021-07-29 14:07:28,909 [INFO] Next green buoy: [], next red buoy: []
2021-07-29 14:07:28,910 [INFO] Desired_heading: 90.80495176015714
2021-07-29 14:07:28,910 [INFO] delta angle: 1.9615942923078764e-05
2021-07-29 14:07:28,910 [INFO] sending message $BPRMB,130728.18,-1.9615942923078764e-05,1,0,1000,0,1*33
...
2021-07-29 14:07:29,912 [INFO] sending message $BPSTS,130729.91,1,BWSI Autonomy OK*42
...
2021-07-29 14:07:29,913 [INFO] Processing: $BFNVG,130727.72,4218.010756,N,07105.976857,W,0,10.0,1.0,90.8,0.0,0.0,130727.72*66
2021-07-29 14:07:29,915 [INFO] Interpreted as: {'position': (32.28686018654844, 19.121505672112107), 'latlon': (42.30017926666667, -71.09961428333334), 'heading': 90.8, 'depth': 1.0, 'altitude': 10.0, 'roll': 0.0, 'pitch': 0.0, 'last_fix_time': datetime.datetime(2021, 7, 29, 13, 7, 27), 'speed': None, 'rudder': 0, 'datum': (42.3, -71.1)}
2021-07-29 14:07:29,916 [INFO] Processing: $BFNVG,130728.07,4218.010758,N,07105.976591,W,0,10.0,1.0,90.8,0.0,0.0,130728.07*6F
2021-07-29 14:07:29,918 [INFO] Interpreted as: {'position': (32.652402504347265, 19.116189988330007), 'latlon': (42.3001793, -71.09960985), 'heading': 90.8, 'depth': 1.0, 'altitude': 10.0, 'roll': 0.0, 'pitch': 0.0, 'last_fix_time': datetime.datetime(2021, 7, 29, 13, 7, 28), 'speed': None, 'rudder': 0, 'datum': (42.3, -71.1)}
2021-07-29 14:07:29,919 [INFO] Processing: $BFNVG,130728.42,4218.010760,N,07105.976334,W,0,10.0,1.0,90.8,0.0,0.0,130728.42*6D
2021-07-29 14:07:29,920 [INFO] Interpreted as: {'position': (33.00557993887924, 19.111179410479963), 'latlon': (42.30017933333333, -71.09960556666667), 'heading': 90.8, 'depth': 1.0, 'altitude': 10.0, 'roll': 0.0, 'pitch': 0.0, 'last_fix_time': datetime.datetime(2021, 7, 29, 13, 7, 28), 'speed': None, 'rudder': 0, 'datum': (42.3, -71.1)}
2021-07-29 14:07:29,921 [INFO] Processing: $BFNVG,130728.76,4218.010762,N,07105.976078,W,0,10.0,1.0,90.8,0.0,0.0,130728.76*64
2021-07-29 14:07:29,923 [INFO] Interpreted as: {'position': (33.357383497059345, 19.106202751398087), 'latlon': (42.30017936666667, -71.0996013), 'heading': 90.8, 'depth': 1.0, 'altitude': 10.0, 'roll': 0.0, 'pitch': 0.0, 'last_fix_time': datetime.datetime(2021, 7, 29, 13, 7, 28), 'speed': None, 'rudder': 0, 'datum': (42.3, -71.1)}
2021-07-29 14:07:29,924 [INFO] Received from Frontseat: [b'$BFNVG,130727.72,4218.010756,N,07105.976857,W,0,10.0,1.0,90.8,0.0,0.0,130727.72*66', b'$BFNVG,130728.07,4218.010758,N,07105.976591,W,0,10.0,1.0,90.8,0.0,0.0,130728.07*6F', b'$BFNVG,130728.42,4218.010760,N,07105.976334,W,0,10.0,1.0,90.8,0.0,0.0,130728.42*6D', b'$BFNVG,130728.76,4218.010762,N,07105.976078,W,0,10.0,1.0,90.8,0.0,0.0,130728.76*64']
2021-07-29 14:07:29,925 [INFO] AUV state: {'position': (33.357383497059345, 19.106202751398087), 'latlon': (42.30017936666667, -71.0996013), 'heading': 90.8, 'depth': 1.0, 'altitude': 10.0, 'roll': 0.0, 'pitch': 0.0, 'last_fix_time': datetime.datetime(2021, 7, 29, 13, 7, 28), 'speed': None, 'rudder': 0, 'datum': (42.3, -71.1)}
2021-07-29 14:07:30,270 [INFO] Next green buoy: [], next red buoy: []
2021-07-29 14:07:30,271 [INFO] Desired_heading: 90.80000392318858
2021-07-29 14:07:30,271 [INFO] delta angle: 1.2313126947824925e-11
2021-07-29 14:07:30,272 [INFO] sending message $BPRMB,130731.64,-1.2313126947824925e-11,1,0,1000,0,1*3f
...
2021-07-29 14:07:31,274 [INFO] sending message $BPSTS,130731.27,1,BWSI Autonomy OK*46
...
2021-07-29 14:07:31,275 [INFO] Processing: $BFNVG,130729.12,4218.010764,N,07105.975811,W,0,10.0,1.0,90.8,0.0,0.0,130729.12*66
2021-07-29 14:07:31,277 [INFO] Interpreted as: {'position': (33.72429968719371, 19.100853223353624), 'latlon': (42.3001794, -71.09959685), 'heading': 90.8, 'depth': 1.0, 'altitude': 10.0, 'roll': 0.0, 'pitch': 0.0, 'last_fix_time': datetime.datetime(2021, 7, 29, 13, 7, 29), 'speed': None, 'rudder': 0, 'datum': (42.3, -71.1)}
2021-07-29 14:07:31,278 [INFO] Processing: $BFNVG,130729.47,4218.010766,N,07105.975545,W,0,10.0,1.0,90.8,0.0,0.0,130729.47*68
2021-07-29 14:07:31,280 [INFO] Interpreted as: {'position': (34.08984200312989, 19.095537615939975), 'latlon': (42.300179433333334, -71.09959241666667), 'heading': 90.8, 'depth': 1.0, 'altitude': 10.0, 'roll': 0.0, 'pitch': 0.0, 'last_fix_time': datetime.datetime(2021, 7, 29, 13, 7, 29), 'speed': None, 'rudder': 0, 'datum': (42.3, -71.1)}
2021-07-29 14:07:31,280 [INFO] Processing: $BFNVG,130729.81,4218.010768,N,07105.975289,W,0,10.0,1.0,90.8,0.0,0.0,130729.81*61
2021-07-29 14:07:31,282 [INFO] Interpreted as: {'position': (34.44164555775933, 19.090561009012163), 'latlon': (42.30017946666667, -71.09958815), 'heading': 90.8, 'depth': 1.0, 'altitude': 10.0, 'roll': 0.0, 'pitch': 0.0, 'last_fix_time': datetime.datetime(2021, 7, 29, 13, 7, 29), 'speed': None, 'rudder': 0, 'datum': (42.3, -71.1)}
2021-07-29 14:07:31,283 [INFO] Processing: $BFNVG,130730.16,4218.010770,N,07105.975030,W,0,10.0,1.0,90.8,0.0,0.0,130730.16*68
2021-07-29 14:07:31,285 [INFO] Interpreted as: {'position': (34.79757074167719, 19.08548272587359), 'latlon': (42.3001795, -71.09958383333333), 'heading': 90.8, 'depth': 1.0, 'altitude': 10.0, 'roll': 0.0, 'pitch': 0.0, 'last_fix_time': datetime.datetime(2021, 7, 29, 13, 7, 30), 'speed': None, 'rudder': 0, 'datum': (42.3, -71.1)}
2021-07-29 14:07:31,285 [INFO] Received from Frontseat: [b'$BFNVG,130729.12,4218.010764,N,07105.975811,W,0,10.0,1.0,90.8,0.0,0.0,130729.12*66', b'$BFNVG,130729.47,4218.010766,N,07105.975545,W,0,10.0,1.0,90.8,0.0,0.0,130729.47*68', b'$BFNVG,130729.81,4218.010768,N,07105.975289,W,0,10.0,1.0,90.8,0.0,0.0,130729.81*61', b'$BFNVG,130730.16,4218.010770,N,07105.975030,W,0,10.0,1.0,90.8,0.0,0.0,130730.16*68']
2021-07-29 14:07:31,286 [INFO] AUV state: {'position': (34.79757074167719, 19.08548272587359), 'latlon': (42.3001795, -71.09958383333333), 'heading': 90.8, 'depth': 1.0, 'altitude': 10.0, 'roll': 0.0, 'pitch': 0.0, 'last_fix_time': datetime.datetime(2021, 7, 29, 13, 7, 30), 'speed': None, 'rudder': 0, 'datum': (42.3, -71.1)}
2021-07-29 14:07:31,624 [INFO] Next green buoy: [], next red buoy: []
2021-07-29 14:07:31,624 [INFO] Desired_heading: 90.80000000000246
2021-07-29 14:07:31,625 [INFO] delta angle: 4.835290733027259e-24
2021-07-29 14:07:31,625 [INFO] sending message $BPRMB,130730.90,-4.835290733027259e-24,1,0,1000,0,1*3
...
2021-07-29 14:07:32,627 [INFO] sending message $BPSTS,130732.62,1,BWSI Autonomy OK*44
...
2021-07-29 14:07:32,628 [INFO] Processing: $BFNVG,130730.50,4218.010772,N,07105.974773,W,0,10.0,1.0,90.8,0.0,0.0,130730.50*6B
2021-07-29 14:07:32,630 [INFO] Interpreted as: {'position': (35.15074817335699, 19.080472256988287), 'latlon': (42.300179533333335, -71.09957955), 'heading': 90.8, 'depth': 1.0, 'altitude': 10.0, 'roll': 0.0, 'pitch': 0.0, 'last_fix_time': datetime.datetime(2021, 7, 29, 13, 7, 30), 'speed': None, 'rudder': 0, 'datum': (42.3, -71.1)}
2021-07-29 14:07:32,631 [INFO] Processing: $BFNVG,130730.85,4218.010774,N,07105.974515,W,0,10.0,1.0,90.8,0.0,0.0,130730.85*6F
2021-07-29 14:07:32,633 [INFO] Interpreted as: {'position': (35.505299480457325, 19.075427907519042), 'latlon': (42.300179566666664, -71.09957525), 'heading': 90.8, 'depth': 1.0, 'altitude': 10.0, 'roll': 0.0, 'pitch': 0.0, 'last_fix_time': datetime.datetime(2021, 7, 29, 13, 7, 30), 'speed': None, 'rudder': 0, 'datum': (42.3, -71.1)}
2021-07-29 14:07:32,634 [INFO] Processing: $BFNVG,130731.20,4218.010776,N,07105.974250,W,0,10.0,1.0,90.8,0.0,0.0,130731.20*6B
2021-07-29 14:07:32,636 [INFO] Interpreted as: {'position': (35.869467916025314, 19.070146289654076), 'latlon': (42.3001796, -71.09957083333333), 'heading': 90.8, 'depth': 1.0, 'altitude': 10.0, 'roll': 0.0, 'pitch': 0.0, 'last_fix_time': datetime.datetime(2021, 7, 29, 13, 7, 31), 'speed': None, 'rudder': 0, 'datum': (42.3, -71.1)}
2021-07-29 14:07:32,637 [INFO] Processing: $BFNVG,130731.56,4218.010778,N,07105.973983,W,0,10.0,1.0,90.8,0.0,0.0,130731.56*67
2021-07-29 14:07:32,639 [INFO] Interpreted as: {'position': (36.23638410284184, 19.06479689385742), 'latlon': (42.300179633333336, -71.09956638333334), 'heading': 90.8, 'depth': 1.0, 'altitude': 10.0, 'roll': 0.0, 'pitch': 0.0, 'last_fix_time': datetime.datetime(2021, 7, 29, 13, 7, 31), 'speed': None, 'rudder': 0, 'datum': (42.3, -71.1)}
2021-07-29 14:07:32,640 [INFO] Received from Frontseat: [b'$BFNVG,130730.50,4218.010772,N,07105.974773,W,0,10.0,1.0,90.8,0.0,0.0,130730.50*6B', b'$BFNVG,130730.85,4218.010774,N,07105.974515,W,0,10.0,1.0,90.8,0.0,0.0,130730.85*6F', b'$BFNVG,130731.20,4218.010776,N,07105.974250,W,0,10.0,1.0,90.8,0.0,0.0,130731.20*6B', b'$BFNVG,130731.56,4218.010778,N,07105.973983,W,0,10.0,1.0,90.8,0.0,0.0,130731.56*67']
2021-07-29 14:07:32,641 [INFO] AUV state: {'position': (36.23638410284184, 19.06479689385742), 'latlon': (42.300179633333336, -71.09956638333334), 'heading': 90.8, 'depth': 1.0, 'altitude': 10.0, 'roll': 0.0, 'pitch': 0.0, 'last_fix_time': datetime.datetime(2021, 7, 29, 13, 7, 31), 'speed': None, 'rudder': 0, 'datum': (42.3, -71.1)}
2021-07-29 14:07:32,988 [INFO] Next green buoy: [], next red buoy: []
2021-07-29 14:07:32,989 [INFO] Desired_heading: 90.8
2021-07-29 14:07:32,990 [INFO] delta angle: 0.0
2021-07-29 14:07:32,990 [INFO] sending message $BPRMB,130734.35,-0.0,1,0,1000,0,1*4b
...
2021-07-29 14:07:33,992 [INFO] sending message $BPSTS,130733.99,1,BWSI Autonomy OK*41
...
2021-07-29 14:07:33,993 [INFO] Processing: $BFNVG,130731.91,4218.010780,N,07105.973720,W,0,10.0,1.0,90.8,0.0,0.0,130731.91*67
2021-07-29 14:07:33,995 [INFO] Interpreted as: {'position': (36.59780478780158, 19.059583108872175), 'latlon': (42.300179666666665, -71.099562), 'heading': 90.8, 'depth': 1.0, 'altitude': 10.0, 'roll': 0.0, 'pitch': 0.0, 'last_fix_time': datetime.datetime(2021, 7, 29, 13, 7, 31), 'speed': None, 'rudder': 0, 'datum': (42.3, -71.1)}
2021-07-29 14:07:33,996 [INFO] Processing: $BFNVG,130732.27,4218.010782,N,07105.973452,W,0,10.0,1.0,90.8,0.0,0.0,130732.27*63
2021-07-29 14:07:33,998 [INFO] Interpreted as: {'position': (36.96609485155204, 19.05419985577464), 'latlon': (42.3001797, -71.09955753333334), 'heading': 90.8, 'depth': 1.0, 'altitude': 10.0, 'roll': 0.0, 'pitch': 0.0, 'last_fix_time': datetime.datetime(2021, 7, 29, 13, 7, 32), 'speed': None, 'rudder': 0, 'datum': (42.3, -71.1)}
2021-07-29 14:07:33,999 [INFO] Processing: $BFNVG,130732.63,4218.010784,N,07105.973184,W,0,10.0,1.0,90.8,0.0,0.0,130732.63*6B
2021-07-29 14:07:34,001 [INFO] Interpreted as: {'position': (37.334384914836846, 19.04881661850959), 'latlon': (42.30017973333333, -71.09955306666667), 'heading': 90.8, 'depth': 1.0, 'altitude': 10.0, 'roll': 0.0, 'pitch': 0.0, 'last_fix_time': datetime.datetime(2021, 7, 29, 13, 7, 32), 'speed': None, 'rudder': 0, 'datum': (42.3, -71.1)}
2021-07-29 14:07:34,002 [INFO] Processing: $BFNVG,130732.97,4218.010786,N,07105.972928,W,0,10.0,1.0,90.8,0.0,0.0,130732.97*66
2021-07-29 14:07:34,004 [INFO] Interpreted as: {'position': (37.68618846737081, 19.04384017549455), 'latlon': (42.300179766666666, -71.0995488), 'heading': 90.8, 'depth': 1.0, 'altitude': 10.0, 'roll': 0.0, 'pitch': 0.0, 'last_fix_time': datetime.datetime(2021, 7, 29, 13, 7, 32), 'speed': None, 'rudder': 0, 'datum': (42.3, -71.1)}
2021-07-29 14:07:34,004 [INFO] Received from Frontseat: [b'$BFNVG,130731.91,4218.010780,N,07105.973720,W,0,10.0,1.0,90.8,0.0,0.0,130731.91*67', b'$BFNVG,130732.27,4218.010782,N,07105.973452,W,0,10.0,1.0,90.8,0.0,0.0,130732.27*63', b'$BFNVG,130732.63,4218.010784,N,07105.973184,W,0,10.0,1.0,90.8,0.0,0.0,130732.63*6B', b'$BFNVG,130732.97,4218.010786,N,07105.972928,W,0,10.0,1.0,90.8,0.0,0.0,130732.97*66']
2021-07-29 14:07:34,005 [INFO] AUV state: {'position': (37.68618846737081, 19.04384017549455), 'latlon': (42.300179766666666, -71.0995488), 'heading': 90.8, 'depth': 1.0, 'altitude': 10.0, 'roll': 0.0, 'pitch': 0.0, 'last_fix_time': datetime.datetime(2021, 7, 29, 13, 7, 32), 'speed': None, 'rudder': 0, 'datum': (42.3, -71.1)}
2021-07-29 14:07:34,348 [INFO] Next green buoy: [], next red buoy: []
2021-07-29 14:07:34,349 [INFO] Desired_heading: 90.8
2021-07-29 14:07:34,349 [INFO] delta angle: 0.0
2021-07-29 14:07:34,350 [INFO] sending message $BPRMB,130733.63,-0.0,1,0,1000,0,1*4f
...
2021-07-29 14:07:34,657 [ERROR] An error occurred. The stack trace is below.
Traceback (most recent call last):
  File "BWSI_BackSeat.py", line 126, in run
    time.sleep(1/self.__warp)
KeyboardInterrupt
