2021-07-28 23:16:20,534 [INFO] host = 192.168.1.213, port = 29500
2021-07-28 23:16:31,598 [INFO] sending message $BPLOG,ACK,ON*1e
...
2021-07-28 23:16:31,599 [INFO] sending message $BPLOG,ALL,ON*16
...
2021-07-28 23:16:31,603 [INFO] sending message $BPSTS,221631.60,1,BWSI Autonomy OK*47
...
2021-07-28 23:16:31,604 [INFO] Received from Frontseat: []
2021-07-28 23:16:31,605 [INFO] AUV state: {'position': (None, None), 'latlon': None, 'heading': None, 'depth': None, 'altitude': None, 'roll': None, 'pitch': None, 'last_fix_time': None, 'speed': None, 'rudder': 0}
2021-07-28 23:16:32,607 [INFO] sending message $BPSTS,221632.60,1,BWSI Autonomy OK*44
...
2021-07-28 23:16:32,608 [INFO] Processing: $BFNVG,221631.04,4218.000000,N,07106.000000,W,0,10.0,1.0,45.0,0.0,0.0,221631.04*62
2021-07-28 23:16:32,611 [INFO] Interpreted as: {'position': (0, 0), 'latlon': (42.3, -71.1), 'heading': 45.0, 'depth': 1.0, 'altitude': 10.0, 'roll': 0.0, 'pitch': 0.0, 'last_fix_time': datetime.datetime(2021, 7, 28, 22, 16, 31), 'speed': None, 'rudder': 0, 'datum': (42.3, -71.1)}
2021-07-28 23:16:32,612 [INFO] Processing: $BFNVG,221631.29,4218.000000,N,07106.000000,W,0,10.0,1.0,45.0,0.0,0.0,221631.29*62
2021-07-28 23:16:32,614 [INFO] Interpreted as: {'position': (0.0, 0.0), 'latlon': (42.3, -71.1), 'heading': 45.0, 'depth': 1.0, 'altitude': 10.0, 'roll': 0.0, 'pitch': 0.0, 'last_fix_time': datetime.datetime(2021, 7, 28, 22, 16, 31), 'speed': None, 'rudder': 0, 'datum': (42.3, -71.1)}
2021-07-28 23:16:32,615 [INFO] Processing: $BFNVG,221631.54,4218.000000,N,07106.000000,W,0,10.0,1.0,45.0,0.0,0.0,221631.54*62
2021-07-28 23:16:32,617 [INFO] Interpreted as: {'position': (0.0, 0.0), 'latlon': (42.3, -71.1), 'heading': 45.0, 'depth': 1.0, 'altitude': 10.0, 'roll': 0.0, 'pitch': 0.0, 'last_fix_time': datetime.datetime(2021, 7, 28, 22, 16, 31), 'speed': None, 'rudder': 0, 'datum': (42.3, -71.1)}
2021-07-28 23:16:32,618 [INFO] Processing: $BFNVG,221631.79,4218.000000,N,07106.000000,W,0,10.0,1.0,45.0,0.0,0.0,221631.79*62
2021-07-28 23:16:32,620 [INFO] Interpreted as: {'position': (0.0, 0.0), 'latlon': (42.3, -71.1), 'heading': 45.0, 'depth': 1.0, 'altitude': 10.0, 'roll': 0.0, 'pitch': 0.0, 'last_fix_time': datetime.datetime(2021, 7, 28, 22, 16, 31), 'speed': None, 'rudder': 0, 'datum': (42.3, -71.1)}
2021-07-28 23:16:32,621 [INFO] Received from Frontseat: [b'$BFNVG,221631.04,4218.000000,N,07106.000000,W,0,10.0,1.0,45.0,0.0,0.0,221631.04*62', b'$BFNVG,221631.29,4218.000000,N,07106.000000,W,0,10.0,1.0,45.0,0.0,0.0,221631.29*62', b'$BFNVG,221631.54,4218.000000,N,07106.000000,W,0,10.0,1.0,45.0,0.0,0.0,221631.54*62', b'$BFNVG,221631.79,4218.000000,N,07106.000000,W,0,10.0,1.0,45.0,0.0,0.0,221631.79*62']
2021-07-28 23:16:32,621 [INFO] AUV state: {'position': (0.0, 0.0), 'latlon': (42.3, -71.1), 'heading': 45.0, 'depth': 1.0, 'altitude': 10.0, 'roll': 0.0, 'pitch': 0.0, 'last_fix_time': datetime.datetime(2021, 7, 28, 22, 16, 31), 'speed': None, 'rudder': 0, 'datum': (42.3, -71.1)}
2021-07-28 23:16:32,961 [INFO] **** [(-0.21993023293121178, -7.6862156757158235)] [(15.437560812208067, -7.329055330858309)]
2021-07-28 23:16:32,963 [INFO] Next green buoy: [(-0.21993023293121178, -7.6862156757158235)], next red buoy: [(15.437560812208067, -7.329055330858309)]
2021-07-28 23:16:32,963 [INFO] Desired_heading: 52.60881528963843
2021-07-28 23:16:32,964 [INFO] delta angle: 10.1096539175542
2021-07-28 23:16:32,964 [INFO] sending message $BPRMB,221633.59,-10.1096539175542,1,0,750,0,1*47
...
2021-07-28 23:16:33,966 [INFO] sending message $BPSTS,221633.96,1,BWSI Autonomy OK*4c
...
2021-07-28 23:16:33,967 [INFO] Processing: $BFNVG,221632.22,4218.000000,N,07106.000000,W,0,10.0,1.0,45.0,0.0,0.0,221632.22*62
2021-07-28 23:16:33,969 [INFO] Interpreted as: {'position': (0.0, 0.0), 'latlon': (42.3, -71.1), 'heading': 45.0, 'depth': 1.0, 'altitude': 10.0, 'roll': 0.0, 'pitch': 0.0, 'last_fix_time': datetime.datetime(2021, 7, 28, 22, 16, 32), 'speed': None, 'rudder': 0, 'datum': (42.3, -71.1)}
2021-07-28 23:16:33,970 [INFO] Processing: $BFNVG,221632.58,4218.000000,N,07106.000000,W,0,10.0,1.0,45.0,0.0,0.0,221632.58*62
2021-07-28 23:16:33,973 [INFO] Interpreted as: {'position': (0.0, 0.0), 'latlon': (42.3, -71.1), 'heading': 45.0, 'depth': 1.0, 'altitude': 10.0, 'roll': 0.0, 'pitch': 0.0, 'last_fix_time': datetime.datetime(2021, 7, 28, 22, 16, 32), 'speed': None, 'rudder': 0, 'datum': (42.3, -71.1)}
2021-07-28 23:16:33,973 [INFO] Processing: $BFNVG,221632.94,4218.000000,N,07106.000000,W,0,10.0,1.0,45.0,0.0,0.0,221632.94*62
2021-07-28 23:16:33,975 [INFO] Interpreted as: {'position': (0.0, 0.0), 'latlon': (42.3, -71.1), 'heading': 45.0, 'depth': 1.0, 'altitude': 10.0, 'roll': 0.0, 'pitch': 0.0, 'last_fix_time': datetime.datetime(2021, 7, 28, 22, 16, 32), 'speed': None, 'rudder': 0, 'datum': (42.3, -71.1)}
2021-07-28 23:16:33,976 [INFO] Received from Frontseat: [b'$BFNVG,221632.22,4218.000000,N,07106.000000,W,0,10.0,1.0,45.0,0.0,0.0,221632.22*62', b'$BFNVG,221632.58,4218.000000,N,07106.000000,W,0,10.0,1.0,45.0,0.0,0.0,221632.58*62', b'$BFNVG,221632.94,4218.000000,N,07106.000000,W,0,10.0,1.0,45.0,0.0,0.0,221632.94*62']
2021-07-28 23:16:33,977 [INFO] AUV state: {'position': (0.0, 0.0), 'latlon': (42.3, -71.1), 'heading': 45.0, 'depth': 1.0, 'altitude': 10.0, 'roll': 0.0, 'pitch': 0.0, 'last_fix_time': datetime.datetime(2021, 7, 28, 22, 16, 32), 'speed': None, 'rudder': 0, 'datum': (42.3, -71.1)}
2021-07-28 23:16:34,281 [INFO] **** [(-0.22035521470194389, -7.708961974233651)] [(15.437560812208067, -7.333901112744751)]
2021-07-28 23:16:34,283 [INFO] Next green buoy: [(-0.22035521470194389, -7.708961974233651)], next red buoy: [(15.437560812208067, -7.333901112744751)]
2021-07-28 23:16:34,283 [INFO] Desired_heading: 52.60860279875306
2021-07-28 23:16:34,283 [INFO] delta angle: 10.10930100423413
2021-07-28 23:16:34,284 [INFO] sending message $BPRMB,221634.33,-10.10930100423413,1,0,750,0,1*74
...
2021-07-28 23:16:35,286 [INFO] sending message $BPSTS,221635.28,1,BWSI Autonomy OK*4f
...
2021-07-28 23:16:35,287 [INFO] Processing: $BFNVG,221633.32,4218.000000,N,07106.000000,W,0,10.0,1.0,45.0,0.0,0.0,221633.32*62
2021-07-28 23:16:35,289 [INFO] Interpreted as: {'position': (0.0, 0.0), 'latlon': (42.3, -71.1), 'heading': 45.0, 'depth': 1.0, 'altitude': 10.0, 'roll': 0.0, 'pitch': 0.0, 'last_fix_time': datetime.datetime(2021, 7, 28, 22, 16, 33), 'speed': None, 'rudder': 0, 'datum': (42.3, -71.1)}
2021-07-28 23:16:35,290 [INFO] Processing: $BFNVG,221633.69,4218.000112,N,07105.999854,W,0,10.0,1.0,45.7,0.0,0.0,221633.69*64
2021-07-28 23:16:35,292 [INFO] Interpreted as: {'position': (0.2057017219485715, 0.2023279434069991), 'latlon': (42.30000186666667, -71.09999756666667), 'heading': 45.7, 'depth': 1.0, 'altitude': 10.0, 'roll': 0.0, 'pitch': 0.0, 'last_fix_time': datetime.datetime(2021, 7, 28, 22, 16, 33), 'speed': None, 'rudder': 0, 'datum': (42.3, -71.1)}
2021-07-28 23:16:35,293 [INFO] Processing: $BFNVG,221634.06,4218.000220,N,07105.999710,W,0,10.0,1.0,46.4,0.0,0.0,221634.06*69
2021-07-28 23:16:35,295 [INFO] Interpreted as: {'position': (0.4084729867754504, 0.39732091408222914), 'latlon': (42.30000366666667, -71.09999516666667), 'heading': 46.4, 'depth': 1.0, 'altitude': 10.0, 'roll': 0.0, 'pitch': 0.0, 'last_fix_time': datetime.datetime(2021, 7, 28, 22, 16, 34), 'speed': None, 'rudder': 0, 'datum': (42.3, -71.1)}
2021-07-28 23:16:35,296 [INFO] Received from Frontseat: [b'$BFNVG,221633.32,4218.000000,N,07106.000000,W,0,10.0,1.0,45.0,0.0,0.0,221633.32*62', b'$BFNVG,221633.69,4218.000112,N,07105.999854,W,0,10.0,1.0,45.7,0.0,0.0,221633.69*64', b'$BFNVG,221634.06,4218.000220,N,07105.999710,W,0,10.0,1.0,46.4,0.0,0.0,221634.06*69']
2021-07-28 23:16:35,297 [INFO] AUV state: {'position': (0.4084729867754504, 0.39732091408222914), 'latlon': (42.30000366666667, -71.09999516666667), 'heading': 46.4, 'depth': 1.0, 'altitude': 10.0, 'roll': 0.0, 'pitch': 0.0, 'last_fix_time': datetime.datetime(2021, 7, 28, 22, 16, 34), 'speed': None, 'rudder': 0, 'datum': (42.3, -71.1)}
2021-07-28 23:16:35,600 [INFO] **** [(-1.844872742181006, -8.252043120017285)] [(15.057792450693254, -8.017774423491506)]
2021-07-28 23:16:35,602 [INFO] Next green buoy: [(-1.844872742181006, -8.252043120017285)], next red buoy: [(15.057792450693254, -8.017774423491506)]
2021-07-28 23:16:35,603 [INFO] Desired_heading: 53.00645985425612
2021-07-28 23:16:35,603 [INFO] delta angle: 8.473268866593497
2021-07-28 23:16:35,604 [INFO] sending message $BPRMB,221636.23,-8.473268866593497,1,0,750,0,1*76
...
2021-07-28 23:16:36,606 [INFO] sending message $BPSTS,221636.60,1,BWSI Autonomy OK*40
...
2021-07-28 23:16:36,607 [INFO] Processing: $BFNVG,221634.42,4218.000325,N,07105.999568,W,0,10.0,1.0,47.1,0.0,0.0,221634.42*64
2021-07-28 23:16:36,612 [INFO] Interpreted as: {'position': (0.6083594674710184, 0.5868296092376113), 'latlon': (42.300005416666664, -71.0999928), 'heading': 47.1, 'depth': 1.0, 'altitude': 10.0, 'roll': 0.0, 'pitch': 0.0, 'last_fix_time': datetime.datetime(2021, 7, 28, 22, 16, 34), 'speed': None, 'rudder': 0, 'datum': (42.3, -71.1)}
2021-07-28 23:16:36,614 [INFO] Processing: $BFNVG,221634.77,4218.000428,N,07105.999423,W,0,10.0,1.0,47.8,0.0,0.0,221634.77*69
2021-07-28 23:16:36,616 [INFO] Interpreted as: {'position': (0.8122762284474447, 0.7725351992994547), 'latlon': (42.30000713333333, -71.09999038333333), 'heading': 47.8, 'depth': 1.0, 'altitude': 10.0, 'roll': 0.0, 'pitch': 0.0, 'last_fix_time': datetime.datetime(2021, 7, 28, 22, 16, 34), 'speed': None, 'rudder': 0, 'datum': (42.3, -71.1)}
2021-07-28 23:16:36,616 [INFO] Processing: $BFNVG,221635.14,4218.000533,N,07105.999274,W,0,10.0,1.0,48.4,0.0,0.0,221635.14*65
2021-07-28 23:16:36,618 [INFO] Interpreted as: {'position': (1.0217798450030386, 0.9618065720424056), 'latlon': (42.300008883333334, -71.0999879), 'heading': 48.4, 'depth': 1.0, 'altitude': 10.0, 'roll': 0.0, 'pitch': 0.0, 'last_fix_time': datetime.datetime(2021, 7, 28, 22, 16, 35), 'speed': None, 'rudder': 0, 'datum': (42.3, -71.1)}
2021-07-28 23:16:36,619 [INFO] Processing: $BFNVG,221635.50,4218.000633,N,07105.999127,W,0,10.0,1.0,49.1,0.0,0.0,221635.50*67
2021-07-28 23:16:36,621 [INFO] Interpreted as: {'position': (1.228307328070514, 1.1418922739103436), 'latlon': (42.30001055, -71.09998545), 'heading': 49.1, 'depth': 1.0, 'altitude': 10.0, 'roll': 0.0, 'pitch': 0.0, 'last_fix_time': datetime.datetime(2021, 7, 28, 22, 16, 35), 'speed': None, 'rudder': 0, 'datum': (42.3, -71.1)}
2021-07-28 23:16:36,622 [INFO] Received from Frontseat: [b'$BFNVG,221634.42,4218.000325,N,07105.999568,W,0,10.0,1.0,47.1,0.0,0.0,221634.42*64', b'$BFNVG,221634.77,4218.000428,N,07105.999423,W,0,10.0,1.0,47.8,0.0,0.0,221634.77*69', b'$BFNVG,221635.14,4218.000533,N,07105.999274,W,0,10.0,1.0,48.4,0.0,0.0,221635.14*65', b'$BFNVG,221635.50,4218.000633,N,07105.999127,W,0,10.0,1.0,49.1,0.0,0.0,221635.50*67']
2021-07-28 23:16:36,623 [INFO] AUV state: {'position': (1.228307328070514, 1.1418922739103436), 'latlon': (42.30001055, -71.09998545), 'heading': 49.1, 'depth': 1.0, 'altitude': 10.0, 'roll': 0.0, 'pitch': 0.0, 'last_fix_time': datetime.datetime(2021, 7, 28, 22, 16, 35), 'speed': None, 'rudder': 0, 'datum': (42.3, -71.1)}
2021-07-28 23:16:36,922 [INFO] **** [(-5.463900814532312, -9.66337496316633)] [(14.395826046852305, -9.249451663304917)]
2021-07-28 23:16:36,924 [INFO] Next green buoy: [(-5.463900814532312, -9.66337496316633)], next red buoy: [(14.395826046852305, -9.249451663304917)]
2021-07-28 23:16:36,924 [INFO] Desired_heading: 53.56596261616
2021-07-28 23:16:36,925 [INFO] delta angle: 5.193783485957221
2021-07-28 23:16:36,925 [INFO] sending message $BPRMB,221636.97,-5.193783485957221,1,0,750,0,1*71
...
2021-07-28 23:16:37,927 [INFO] sending message $BPSTS,221637.92,1,BWSI Autonomy OK*4c
...
2021-07-28 23:16:37,928 [INFO] Processing: $BFNVG,221635.87,4218.000737,N,07105.998971,W,0,10.0,1.0,49.8,0.0,0.0,221635.87*61
2021-07-28 23:16:37,930 [INFO] Interpreted as: {'position': (1.4473824075539596, 1.329075625166297), 'latlon': (42.30001228333333, -71.09998285), 'heading': 49.8, 'depth': 1.0, 'altitude': 10.0, 'roll': 0.0, 'pitch': 0.0, 'last_fix_time': datetime.datetime(2021, 7, 28, 22, 16, 35), 'speed': None, 'rudder': 0, 'datum': (42.3, -71.1)}
2021-07-28 23:16:37,931 [INFO] Processing: $BFNVG,221636.23,4218.000837,N,07105.998819,W,0,10.0,1.0,50.4,0.0,0.0,221636.23*65
2021-07-28 23:16:37,933 [INFO] Interpreted as: {'position': (1.6607792685972527, 1.5089918160811067), 'latlon': (42.30001395, -71.09998031666667), 'heading': 50.4, 'depth': 1.0, 'altitude': 10.0, 'roll': 0.0, 'pitch': 0.0, 'last_fix_time': datetime.datetime(2021, 7, 28, 22, 16, 36), 'speed': None, 'rudder': 0, 'datum': (42.3, -71.1)}
2021-07-28 23:16:37,934 [INFO] Processing: $BFNVG,221636.58,4218.000933,N,07105.998668,W,0,10.0,1.0,51.0,0.0,0.0,221636.58*6D
2021-07-28 23:16:37,936 [INFO] Interpreted as: {'position': (1.8726195528288372, 1.6815391266718507), 'latlon': (42.30001555, -71.0999778), 'heading': 51.0, 'depth': 1.0, 'altitude': 10.0, 'roll': 0.0, 'pitch': 0.0, 'last_fix_time': datetime.datetime(2021, 7, 28, 22, 16, 36), 'speed': None, 'rudder': 0, 'datum': (42.3, -71.1)}
2021-07-28 23:16:37,937 [INFO] Processing: $BFNVG,221636.94,4218.001029,N,07105.998515,W,0,10.0,1.0,51.5,0.0,0.0,221636.94*62
2021-07-28 23:16:37,939 [INFO] Interpreted as: {'position': (2.087207587552257, 1.8540186360478401), 'latlon': (42.30001715, -71.09997525), 'heading': 51.5, 'depth': 1.0, 'altitude': 10.0, 'roll': 0.0, 'pitch': 0.0, 'last_fix_time': datetime.datetime(2021, 7, 28, 22, 16, 36), 'speed': None, 'rudder': 0, 'datum': (42.3, -71.1)}
2021-07-28 23:16:37,940 [INFO] Received from Frontseat: [b'$BFNVG,221635.87,4218.000737,N,07105.998971,W,0,10.0,1.0,49.8,0.0,0.0,221635.87*61', b'$BFNVG,221636.23,4218.000837,N,07105.998819,W,0,10.0,1.0,50.4,0.0,0.0,221636.23*65', b'$BFNVG,221636.58,4218.000933,N,07105.998668,W,0,10.0,1.0,51.0,0.0,0.0,221636.58*6D', b'$BFNVG,221636.94,4218.001029,N,07105.998515,W,0,10.0,1.0,51.5,0.0,0.0,221636.94*62']
2021-07-28 23:16:37,941 [INFO] AUV state: {'position': (2.087207587552257, 1.8540186360478401), 'latlon': (42.30001715, -71.09997525), 'heading': 51.5, 'depth': 1.0, 'altitude': 10.0, 'roll': 0.0, 'pitch': 0.0, 'last_fix_time': datetime.datetime(2021, 7, 28, 22, 16, 36), 'speed': None, 'rudder': 0, 'datum': (42.3, -71.1)}
2021-07-28 23:16:38,251 [INFO] **** [(-9.61008045163734, -11.832973627023197)] [(14.400051595110494, -11.09185216190029), (-7.169085779313732, -4.206888530115437)]
2021-07-28 23:16:38,253 [INFO] Next green buoy: [(-9.61008045163734, -11.832973627023197)], next red buoy: [(14.400051595110494, -11.09185216190029), (-7.169085779313732, -4.206888530115437)]
2021-07-28 23:16:38,254 [INFO] Desired_heading: 53.894985571736576
2021-07-28 23:16:38,254 [INFO] delta angle: 2.383518975524413
2021-07-28 23:16:38,255 [INFO] sending message $BPRMB,221638.87,-2.383518975524413,1,0,750,0,1*77
...
2021-07-28 23:16:39,256 [INFO] sending message $BPSTS,221639.25,1,BWSI Autonomy OK*4e
...
2021-07-28 23:16:39,258 [INFO] Processing: $BFNVG,221637.30,4218.001126,N,07105.998358,W,0,10.0,1.0,51.9,0.0,0.0,221637.30*6F
2021-07-28 23:16:39,260 [INFO] Interpreted as: {'position': (2.307336798752658, 2.0282132299616933), 'latlon': (42.30001876666667, -71.09997263333334), 'heading': 51.9, 'depth': 1.0, 'altitude': 10.0, 'roll': 0.0, 'pitch': 0.0, 'last_fix_time': datetime.datetime(2021, 7, 28, 22, 16, 37), 'speed': None, 'rudder': 0, 'datum': (42.3, -71.1)}
2021-07-28 23:16:39,261 [INFO] Processing: $BFNVG,221637.66,4218.001220,N,07105.998203,W,0,10.0,1.0,52.2,0.0,0.0,221637.66*6D
2021-07-28 23:16:39,263 [INFO] Interpreted as: {'position': (2.5245812259381637, 2.1969235483556986), 'latlon': (42.300020333333336, -71.09997005), 'heading': 52.2, 'depth': 1.0, 'altitude': 10.0, 'roll': 0.0, 'pitch': 0.0, 'last_fix_time': datetime.datetime(2021, 7, 28, 22, 16, 37), 'speed': None, 'rudder': 0, 'datum': (42.3, -71.1)}
2021-07-28 23:16:39,264 [INFO] Processing: $BFNVG,221638.02,4218.001314,N,07105.998047,W,0,10.0,1.0,52.6,0.0,0.0,221638.02*6D
2021-07-28 23:16:39,266 [INFO] Interpreted as: {'position': (2.7431995219085366, 2.3655999694019556), 'latlon': (42.3000219, -71.09996745), 'heading': 52.6, 'depth': 1.0, 'altitude': 10.0, 'roll': 0.0, 'pitch': 0.0, 'last_fix_time': datetime.datetime(2021, 7, 28, 22, 16, 38), 'speed': None, 'rudder': 0, 'datum': (42.3, -71.1)}
2021-07-28 23:16:39,267 [INFO] Received from Frontseat: [b'$BFNVG,221637.30,4218.001126,N,07105.998358,W,0,10.0,1.0,51.9,0.0,0.0,221637.30*6F', b'$BFNVG,221637.66,4218.001220,N,07105.998203,W,0,10.0,1.0,52.2,0.0,0.0,221637.66*6D', b'$BFNVG,221638.02,4218.001314,N,07105.998047,W,0,10.0,1.0,52.6,0.0,0.0,221638.02*6D']
2021-07-28 23:16:39,268 [INFO] AUV state: {'position': (2.7431995219085366, 2.3655999694019556), 'latlon': (42.3000219, -71.09996745), 'heading': 52.6, 'depth': 1.0, 'altitude': 10.0, 'roll': 0.0, 'pitch': 0.0, 'last_fix_time': datetime.datetime(2021, 7, 28, 22, 16, 38), 'speed': None, 'rudder': 0, 'datum': (42.3, -71.1)}
2021-07-28 23:16:39,608 [INFO] **** [(-12.70230018620448, -14.022813787754862)] [(15.558806770269973, -13.006324678899398), (-8.8886476350912, -4.462722281113303)]
2021-07-28 23:16:39,610 [INFO] Next green buoy: [(-12.70230018620448, -14.022813787754862)], next red buoy: [(15.558806770269973, -13.006324678899398), (-8.8886476350912, -4.462722281113303)]
2021-07-28 23:16:39,611 [INFO] Desired_heading: 54.028253292032744
2021-07-28 23:16:39,611 [INFO] delta angle: 1.2490980465936212
2021-07-28 23:16:39,612 [INFO] sending message $BPRMB,221639.63,-1.2490980465936212,1,0,750,0,1*41
...
2021-07-28 23:16:40,613 [INFO] sending message $BPSTS,221640.61,1,BWSI Autonomy OK*40
...
2021-07-28 23:16:40,614 [INFO] Processing: $BFNVG,221638.37,4218.001407,N,07105.997891,W,0,10.0,1.0,52.9,0.0,0.0,221638.37*6B
2021-07-28 23:16:40,617 [INFO] Interpreted as: {'position': (2.9617721360409632, 2.532425698824227), 'latlon': (42.30002345, -71.09996485), 'heading': 52.9, 'depth': 1.0, 'altitude': 10.0, 'roll': 0.0, 'pitch': 0.0, 'last_fix_time': datetime.datetime(2021, 7, 28, 22, 16, 38), 'speed': None, 'rudder': 0, 'datum': (42.3, -71.1)}
2021-07-28 23:16:40,617 [INFO] Processing: $BFNVG,221638.74,4218.001500,N,07105.997732,W,0,10.0,1.0,53.1,0.0,0.0,221638.74*62
2021-07-28 23:16:40,619 [INFO] Interpreted as: {'position': (3.184466379636433, 2.699149721302092), 'latlon': (42.300025, -71.0999622), 'heading': 53.1, 'depth': 1.0, 'altitude': 10.0, 'roll': 0.0, 'pitch': 0.0, 'last_fix_time': datetime.datetime(2021, 7, 28, 22, 16, 38), 'speed': None, 'rudder': 0, 'datum': (42.3, -71.1)}
2021-07-28 23:16:40,620 [INFO] Processing: $BFNVG,221639.10,4218.001594,N,07105.997571,W,0,10.0,1.0,53.3,0.0,0.0,221639.10*68
2021-07-28 23:16:40,622 [INFO] Interpreted as: {'position': (3.409954038041178, 2.867656639777124), 'latlon': (42.300026566666666, -71.09995951666667), 'heading': 53.3, 'depth': 1.0, 'altitude': 10.0, 'roll': 0.0, 'pitch': 0.0, 'last_fix_time': datetime.datetime(2021, 7, 28, 22, 16, 39), 'speed': None, 'rudder': 0, 'datum': (42.3, -71.1)}
2021-07-28 23:16:40,623 [INFO] Processing: $BFNVG,221639.47,4218.001689,N,07105.997408,W,0,10.0,1.0,53.4,0.0,0.0,221639.47*6F
2021-07-28 23:16:40,625 [INFO] Interpreted as: {'position': (3.638235119287856, 3.0379464542493224), 'latlon': (42.30002815, -71.0999568), 'heading': 53.4, 'depth': 1.0, 'altitude': 10.0, 'roll': 0.0, 'pitch': 0.0, 'last_fix_time': datetime.datetime(2021, 7, 28, 22, 16, 39), 'speed': None, 'rudder': 0, 'datum': (42.3, -71.1)}
2021-07-28 23:16:40,626 [INFO] Received from Frontseat: [b'$BFNVG,221638.37,4218.001407,N,07105.997891,W,0,10.0,1.0,52.9,0.0,0.0,221638.37*6B', b'$BFNVG,221638.74,4218.001500,N,07105.997732,W,0,10.0,1.0,53.1,0.0,0.0,221638.74*62', b'$BFNVG,221639.10,4218.001594,N,07105.997571,W,0,10.0,1.0,53.3,0.0,0.0,221639.10*68', b'$BFNVG,221639.47,4218.001689,N,07105.997408,W,0,10.0,1.0,53.4,0.0,0.0,221639.47*6F']
2021-07-28 23:16:40,627 [INFO] AUV state: {'position': (3.638235119287856, 3.0379464542493224), 'latlon': (42.30002815, -71.0999568), 'heading': 53.4, 'depth': 1.0, 'altitude': 10.0, 'roll': 0.0, 'pitch': 0.0, 'last_fix_time': datetime.datetime(2021, 7, 28, 22, 16, 39), 'speed': None, 'rudder': 0, 'datum': (42.3, -71.1)}
2021-07-28 23:16:40,984 [INFO] **** [(-17.84082962393944, -18.601994803105562)] [(19.015830365025902, -16.84926745867559), (-10.536182877536275, -4.815695266256025), (-17.48056939466768, -18.412329092745775)]
2021-07-28 23:16:40,986 [INFO] Next green buoy: [(-17.84082962393944, -18.601994803105562)], next red buoy: [(19.015830365025902, -16.84926745867559), (-10.536182877536275, -4.815695266256025), (-17.48056939466768, -18.412329092745775)]
2021-07-28 23:16:40,986 [INFO] Desired_heading: 53.98750037054323
2021-07-28 23:16:40,987 [INFO] delta angle: 0.4114813614208349
2021-07-28 23:16:40,987 [INFO] sending message $BPRMB,221641.59,-0.4114813614208349,1,0,750,0,1*4f
...
2021-07-28 23:16:41,989 [INFO] sending message $BPSTS,221641.98,1,BWSI Autonomy OK*47
...
2021-07-28 23:16:41,990 [INFO] Processing: $BFNVG,221639.83,4218.001780,N,07105.997250,W,0,10.0,1.0,53.6,0.0,0.0,221639.83*6E
2021-07-28 23:16:41,996 [INFO] Interpreted as: {'position': (3.85946410917677, 3.2010030075907707), 'latlon': (42.30002966666667, -71.09995416666666), 'heading': 53.6, 'depth': 1.0, 'altitude': 10.0, 'roll': 0.0, 'pitch': 0.0, 'last_fix_time': datetime.datetime(2021, 7, 28, 22, 16, 39), 'speed': None, 'rudder': 0, 'datum': (42.3, -71.1)}
2021-07-28 23:16:41,997 [INFO] Processing: $BFNVG,221640.19,4218.001872,N,07105.997090,W,0,10.0,1.0,53.7,0.0,0.0,221640.19*63
2021-07-28 23:16:42,000 [INFO] Interpreted as: {'position': (4.083486515912227, 3.3658424569293857), 'latlon': (42.3000312, -71.0999515), 'heading': 53.7, 'depth': 1.0, 'altitude': 10.0, 'roll': 0.0, 'pitch': 0.0, 'last_fix_time': datetime.datetime(2021, 7, 28, 22, 16, 40), 'speed': None, 'rudder': 0, 'datum': (42.3, -71.1)}
2021-07-28 23:16:42,001 [INFO] Processing: $BFNVG,221640.54,4218.001963,N,07105.996932,W,0,10.0,1.0,53.8,0.0,0.0,221640.54*6D
2021-07-28 23:16:42,002 [INFO] Interpreted as: {'position': (4.304715482867323, 3.5288990242406726), 'latlon': (42.300032716666664, -71.09994886666667), 'heading': 53.8, 'depth': 1.0, 'altitude': 10.0, 'roll': 0.0, 'pitch': 0.0, 'last_fix_time': datetime.datetime(2021, 7, 28, 22, 16, 40), 'speed': None, 'rudder': 0, 'datum': (42.3, -71.1)}
2021-07-28 23:16:42,003 [INFO] Processing: $BFNVG,221640.90,4218.002054,N,07105.996773,W,0,10.0,1.0,53.8,0.0,0.0,221640.90*68
2021-07-28 23:16:42,006 [INFO] Interpreted as: {'position': (4.527318318607286, 3.6919216942042112), 'latlon': (42.300034233333335, -71.09994621666667), 'heading': 53.8, 'depth': 1.0, 'altitude': 10.0, 'roll': 0.0, 'pitch': 0.0, 'last_fix_time': datetime.datetime(2021, 7, 28, 22, 16, 40), 'speed': None, 'rudder': 0, 'datum': (42.3, -71.1)}
2021-07-28 23:16:42,007 [INFO] Received from Frontseat: [b'$BFNVG,221639.83,4218.001780,N,07105.997250,W,0,10.0,1.0,53.6,0.0,0.0,221639.83*6E', b'$BFNVG,221640.19,4218.001872,N,07105.997090,W,0,10.0,1.0,53.7,0.0,0.0,221640.19*63', b'$BFNVG,221640.54,4218.001963,N,07105.996932,W,0,10.0,1.0,53.8,0.0,0.0,221640.54*6D', b'$BFNVG,221640.90,4218.002054,N,07105.996773,W,0,10.0,1.0,53.8,0.0,0.0,221640.90*68']
2021-07-28 23:16:42,008 [INFO] AUV state: {'position': (4.527318318607286, 3.6919216942042112), 'latlon': (42.300034233333335, -71.09994621666667), 'heading': 53.8, 'depth': 1.0, 'altitude': 10.0, 'roll': 0.0, 'pitch': 0.0, 'last_fix_time': datetime.datetime(2021, 7, 28, 22, 16, 40), 'speed': None, 'rudder': 0, 'datum': (42.3, -71.1)}
2021-07-28 23:16:42,328 [INFO] **** [] [(-11.978865108841577, -5.365166444516004)]
2021-07-28 23:16:42,330 [INFO] Next green buoy: [], next red buoy: [(-11.978865108841577, -5.365166444516004)]
2021-07-28 23:16:42,331 [INFO] Desired_heading: 41.82113489115842
2021-07-28 23:16:42,331 [INFO] delta angle: -17.82828549388313
2021-07-28 23:16:42,332 [INFO] sending message $BPRMB,221642.38,17.82828549388313,1,0,750,0,1*5f
...
2021-07-28 23:16:43,334 [INFO] sending message $BPSTS,221643.33,1,BWSI Autonomy OK*44
...
2021-07-28 23:16:43,335 [INFO] Processing: $BFNVG,221641.26,4218.002146,N,07105.996612,W,0,10.0,1.0,53.9,0.0,0.0,221641.26*6D
2021-07-28 23:16:43,337 [INFO] Interpreted as: {'position': (4.752714572823606, 3.856727259233594), 'latlon': (42.30003576666667, -71.09994353333333), 'heading': 53.9, 'depth': 1.0, 'altitude': 10.0, 'roll': 0.0, 'pitch': 0.0, 'last_fix_time': datetime.datetime(2021, 7, 28, 22, 16, 41), 'speed': None, 'rudder': 0, 'datum': (42.3, -71.1)}
2021-07-28 23:16:43,338 [INFO] Processing: $BFNVG,221641.64,4218.002242,N,07105.996443,W,0,10.0,1.0,54.0,0.0,0.0,221641.64*62
2021-07-28 23:16:43,341 [INFO] Interpreted as: {'position': (4.989284531562589, 4.028664386831224), 'latlon': (42.300037366666665, -71.09994071666667), 'heading': 54.0, 'depth': 1.0, 'altitude': 10.0, 'roll': 0.0, 'pitch': 0.0, 'last_fix_time': datetime.datetime(2021, 7, 28, 22, 16, 41), 'speed': None, 'rudder': 0, 'datum': (42.3, -71.1)}
2021-07-28 23:16:43,342 [INFO] Processing: $BFNVG,221642.01,4218.002336,N,07105.996278,W,0,10.0,1.0,54.0,0.0,0.0,221642.01*6E
2021-07-28 23:16:43,344 [INFO] Interpreted as: {'position': (5.220267623430118, 4.1970357447862625), 'latlon': (42.30003893333333, -71.09993796666667), 'heading': 54.0, 'depth': 1.0, 'altitude': 10.0, 'roll': 0.0, 'pitch': 0.0, 'last_fix_time': datetime.datetime(2021, 7, 28, 22, 16, 42), 'speed': None, 'rudder': 0, 'datum': (42.3, -71.1)}
2021-07-28 23:16:43,345 [INFO] Received from Frontseat: [b'$BFNVG,221641.26,4218.002146,N,07105.996612,W,0,10.0,1.0,53.9,0.0,0.0,221641.26*6D', b'$BFNVG,221641.64,4218.002242,N,07105.996443,W,0,10.0,1.0,54.0,0.0,0.0,221641.64*62', b'$BFNVG,221642.01,4218.002336,N,07105.996278,W,0,10.0,1.0,54.0,0.0,0.0,221642.01*6E']
2021-07-28 23:16:43,346 [INFO] AUV state: {'position': (5.220267623430118, 4.1970357447862625), 'latlon': (42.30003893333333, -71.09993796666667), 'heading': 54.0, 'depth': 1.0, 'altitude': 10.0, 'roll': 0.0, 'pitch': 0.0, 'last_fix_time': datetime.datetime(2021, 7, 28, 22, 16, 42), 'speed': None, 'rudder': 0, 'datum': (42.3, -71.1)}
2021-07-28 23:16:43,666 [INFO] **** [] [(-13.096778855718995, -5.778230118300328)]
2021-07-28 23:16:43,668 [INFO] Next green buoy: [], next red buoy: [(-13.096778855718995, -5.778230118300328)]
2021-07-28 23:16:43,668 [INFO] Desired_heading: 40.903221144281005
2021-07-28 23:16:43,668 [INFO] delta angle: -19.931757969893567
2021-07-28 23:16:43,669 [INFO] sending message $BPRMB,221644.28,19.931757969893567,1,0,750,0,1*6a
...
2021-07-28 23:16:44,671 [INFO] sending message $BPSTS,221644.67,1,BWSI Autonomy OK*42
...
2021-07-28 23:16:44,672 [INFO] Processing: $BFNVG,221642.37,4218.002427,N,07105.996118,W,0,10.0,1.0,54.0,0.0,0.0,221642.37*6C
2021-07-28 23:16:44,674 [INFO] Interpreted as: {'position': (5.444244297337718, 4.3600245378911495), 'latlon': (42.30004045, -71.0999353), 'heading': 54.0, 'depth': 1.0, 'altitude': 10.0, 'roll': 0.0, 'pitch': 0.0, 'last_fix_time': datetime.datetime(2021, 7, 28, 22, 16, 42), 'speed': None, 'rudder': 0, 'datum': (42.3, -71.1)}
2021-07-28 23:16:44,675 [INFO] Processing: $BFNVG,221642.73,4218.002518,N,07105.995960,W,0,10.0,1.0,52.8,0.0,0.0,221642.73*6B
2021-07-28 23:16:44,677 [INFO] Interpreted as: {'position': (5.665473200962879, 4.523081148043275), 'latlon': (42.30004196666667, -71.09993266666666), 'heading': 52.8, 'depth': 1.0, 'altitude': 10.0, 'roll': 0.0, 'pitch': 0.0, 'last_fix_time': datetime.datetime(2021, 7, 28, 22, 16, 42), 'speed': None, 'rudder': 0, 'datum': (42.3, -71.1)}
2021-07-28 23:16:44,678 [INFO] Processing: $BFNVG,221643.08,4218.002612,N,07105.995805,W,0,10.0,1.0,51.6,0.0,0.0,221643.08*6D
2021-07-28 23:16:44,680 [INFO] Interpreted as: {'position': (5.882717469474301, 4.691791565157473), 'latlon': (42.30004353333333, -71.09993008333333), 'heading': 51.6, 'depth': 1.0, 'altitude': 10.0, 'roll': 0.0, 'pitch': 0.0, 'last_fix_time': datetime.datetime(2021, 7, 28, 22, 16, 43), 'speed': None, 'rudder': 0, 'datum': (42.3, -71.1)}
2021-07-28 23:16:44,681 [INFO] Processing: $BFNVG,221643.44,4218.002708,N,07105.995653,W,0,10.0,1.0,50.4,0.0,0.0,221643.44*69
2021-07-28 23:16:44,683 [INFO] Interpreted as: {'position': (6.095931432093494, 4.864305096678436), 'latlon': (42.300045133333334, -71.09992755), 'heading': 50.4, 'depth': 1.0, 'altitude': 10.0, 'roll': 0.0, 'pitch': 0.0, 'last_fix_time': datetime.datetime(2021, 7, 28, 22, 16, 43), 'speed': None, 'rudder': 0, 'datum': (42.3, -71.1)}
2021-07-28 23:16:44,684 [INFO] Received from Frontseat: [b'$BFNVG,221642.37,4218.002427,N,07105.996118,W,0,10.0,1.0,54.0,0.0,0.0,221642.37*6C', b'$BFNVG,221642.73,4218.002518,N,07105.995960,W,0,10.0,1.0,52.8,0.0,0.0,221642.73*6B', b'$BFNVG,221643.08,4218.002612,N,07105.995805,W,0,10.0,1.0,51.6,0.0,0.0,221643.08*6D', b'$BFNVG,221643.44,4218.002708,N,07105.995653,W,0,10.0,1.0,50.4,0.0,0.0,221643.44*69']
2021-07-28 23:16:44,685 [INFO] AUV state: {'position': (6.095931432093494, 4.864305096678436), 'latlon': (42.300045133333334, -71.09992755), 'heading': 50.4, 'depth': 1.0, 'altitude': 10.0, 'roll': 0.0, 'pitch': 0.0, 'last_fix_time': datetime.datetime(2021, 7, 28, 22, 16, 43), 'speed': None, 'rudder': 0, 'datum': (42.3, -71.1)}
2021-07-28 23:16:45,002 [INFO] **** [] [(-10.60599926687691, -6.36478248221856)]
2021-07-28 23:16:45,004 [INFO] Next green buoy: [], next red buoy: [(-10.60599926687691, -6.36478248221856)]
2021-07-28 23:16:45,004 [INFO] Desired_heading: 39.794000733123085
2021-07-28 23:16:45,005 [INFO] delta angle: -15.311913885011734
2021-07-28 23:16:45,005 [INFO] sending message $BPRMB,221645.06,15.311913885011734,1,0,750,0,1*68
...
2021-07-28 23:16:46,007 [INFO] sending message $BPSTS,221646.00,1,BWSI Autonomy OK*41
...
2021-07-28 23:16:46,008 [INFO] Processing: $BFNVG,221643.81,4218.002812,N,07105.995495,W,0,10.0,1.0,49.2,0.0,0.0,221643.81*6B
2021-07-28 23:16:46,010 [INFO] Interpreted as: {'position': (6.317754020914435, 5.051420786418021), 'latlon': (42.30004686666667, -71.09992491666667), 'heading': 49.2, 'depth': 1.0, 'altitude': 10.0, 'roll': 0.0, 'pitch': 0.0, 'last_fix_time': datetime.datetime(2021, 7, 28, 22, 16, 43), 'speed': None, 'rudder': 0, 'datum': (42.3, -71.1)}
2021-07-28 23:16:46,011 [INFO] Processing: $BFNVG,221644.20,4218.002921,N,07105.995338,W,0,10.0,1.0,47.7,0.0,0.0,221644.20*61
2021-07-28 23:16:46,013 [INFO] Interpreted as: {'position': (6.538431071327068, 5.247823874466121), 'latlon': (42.30004868333333, -71.0999223), 'heading': 47.7, 'depth': 1.0, 'altitude': 10.0, 'roll': 0.0, 'pitch': 0.0, 'last_fix_time': datetime.datetime(2021, 7, 28, 22, 16, 44), 'speed': None, 'rudder': 0, 'datum': (42.3, -71.1)}
2021-07-28 23:16:46,014 [INFO] Processing: $BFNVG,221644.56,4218.003028,N,07105.995191,W,0,10.0,1.0,46.4,0.0,0.0,221644.56*63
2021-07-28 23:16:46,016 [INFO] Interpreted as: {'position': (6.7452779818559065, 5.440864611417055), 'latlon': (42.30005046666667, -71.09991985), 'heading': 46.4, 'depth': 1.0, 'altitude': 10.0, 'roll': 0.0, 'pitch': 0.0, 'last_fix_time': datetime.datetime(2021, 7, 28, 22, 16, 44), 'speed': None, 'rudder': 0, 'datum': (42.3, -71.1)}
2021-07-28 23:16:46,017 [INFO] Processing: $BFNVG,221644.92,4218.003134,N,07105.995051,W,0,10.0,1.0,45.0,0.0,0.0,221644.92*65
2021-07-28 23:16:46,019 [INFO] Interpreted as: {'position': (6.942462059902027, 5.632291981950402), 'latlon': (42.30005223333333, -71.09991751666666), 'heading': 45.0, 'depth': 1.0, 'altitude': 10.0, 'roll': 0.0, 'pitch': 0.0, 'last_fix_time': datetime.datetime(2021, 7, 28, 22, 16, 44), 'speed': None, 'rudder': 0, 'datum': (42.3, -71.1)}
2021-07-28 23:16:46,020 [INFO] Received from Frontseat: [b'$BFNVG,221643.81,4218.002812,N,07105.995495,W,0,10.0,1.0,49.2,0.0,0.0,221643.81*6B', b'$BFNVG,221644.20,4218.002921,N,07105.995338,W,0,10.0,1.0,47.7,0.0,0.0,221644.20*61', b'$BFNVG,221644.56,4218.003028,N,07105.995191,W,0,10.0,1.0,46.4,0.0,0.0,221644.56*63', b'$BFNVG,221644.92,4218.003134,N,07105.995051,W,0,10.0,1.0,45.0,0.0,0.0,221644.92*65']
2021-07-28 23:16:46,020 [INFO] AUV state: {'position': (6.942462059902027, 5.632291981950402), 'latlon': (42.30005223333333, -71.09991751666666), 'heading': 45.0, 'depth': 1.0, 'altitude': 10.0, 'roll': 0.0, 'pitch': 0.0, 'last_fix_time': datetime.datetime(2021, 7, 28, 22, 16, 44), 'speed': None, 'rudder': 0, 'datum': (42.3, -71.1)}
2021-07-28 23:16:46,329 [INFO] **** [(-18.87286946098109, -6.595846324642682)] [(-5.692148840162009, -7.234823446501264), (6.3140742786871655, -4.601309091848565)]
2021-07-28 23:16:46,331 [INFO] Next green buoy: [(-18.87286946098109, -6.595846324642682)], next red buoy: [(-5.692148840162009, -7.234823446501264), (6.3140742786871655, -4.601309091848565)]
2021-07-28 23:16:46,332 [INFO] Desired_heading: 32.71749084942845
2021-07-28 23:16:46,332 [INFO] delta angle: -18.394960408771738
2021-07-28 23:16:46,333 [INFO] sending message $BPRMB,221646.95,18.394960408771738,1,0,750,0,1*61
...
2021-07-28 23:16:47,335 [INFO] sending message $BPSTS,221647.33,1,BWSI Autonomy OK*40
...
2021-07-28 23:16:47,336 [INFO] Processing: $BFNVG,221645.28,4218.003244,N,07105.994913,W,0,10.0,1.0,43.7,0.0,0.0,221645.28*6E
2021-07-28 23:16:47,338 [INFO] Interpreted as: {'position': (7.137081051361747, 5.831189954653382), 'latlon': (42.30005406666667, -71.09991521666667), 'heading': 43.7, 'depth': 1.0, 'altitude': 10.0, 'roll': 0.0, 'pitch': 0.0, 'last_fix_time': datetime.datetime(2021, 7, 28, 22, 16, 45), 'speed': None, 'rudder': 0, 'datum': (42.3, -71.1)}
2021-07-28 23:16:47,339 [INFO] Processing: $BFNVG,221645.64,4218.003355,N,07105.994779,W,0,10.0,1.0,42.7,0.0,0.0,221645.64*6C
2021-07-28 23:16:47,341 [INFO] Interpreted as: {'position': (7.326250187819824, 6.032074243761599), 'latlon': (42.300055916666665, -71.09991298333334), 'heading': 42.7, 'depth': 1.0, 'altitude': 10.0, 'roll': 0.0, 'pitch': 0.0, 'last_fix_time': datetime.datetime(2021, 7, 28, 22, 16, 45), 'speed': None, 'rudder': 0, 'datum': (42.3, -71.1)}
2021-07-28 23:16:47,342 [INFO] Processing: $BFNVG,221646.01,4218.003474,N,07105.994641,W,0,10.0,1.0,41.6,0.0,0.0,221646.01*60
2021-07-28 23:16:47,344 [INFO] Interpreted as: {'position': (7.5212801893940195, 6.247628500685096), 'latlon': (42.3000579, -71.09991068333333), 'heading': 41.6, 'depth': 1.0, 'altitude': 10.0, 'roll': 0.0, 'pitch': 0.0, 'last_fix_time': datetime.datetime(2021, 7, 28, 22, 16, 46), 'speed': None, 'rudder': 0, 'datum': (42.3, -71.1)}
2021-07-28 23:16:47,345 [INFO] Received from Frontseat: [b'$BFNVG,221645.28,4218.003244,N,07105.994913,W,0,10.0,1.0,43.7,0.0,0.0,221645.28*6E', b'$BFNVG,221645.64,4218.003355,N,07105.994779,W,0,10.0,1.0,42.7,0.0,0.0,221645.64*6C', b'$BFNVG,221646.01,4218.003474,N,07105.994641,W,0,10.0,1.0,41.6,0.0,0.0,221646.01*60']
2021-07-28 23:16:47,346 [INFO] AUV state: {'position': (7.5212801893940195, 6.247628500685096), 'latlon': (42.3000579, -71.09991068333333), 'heading': 41.6, 'depth': 1.0, 'altitude': 10.0, 'roll': 0.0, 'pitch': 0.0, 'last_fix_time': datetime.datetime(2021, 7, 28, 22, 16, 46), 'speed': None, 'rudder': 0, 'datum': (42.3, -71.1)}
2021-07-28 23:16:47,646 [INFO] **** [(-17.085344536687295, -7.210570258814245)] [(-2.301154691218703, -8.019897325654494), (10.591721226495327, -4.820994112317912)]
2021-07-28 23:16:47,648 [INFO] Next green buoy: [(-17.085344536687295, -7.210570258814245)], next red buoy: [(-2.301154691218703, -8.019897325654494), (10.591721226495327, -4.820994112317912)]
2021-07-28 23:16:47,649 [INFO] Desired_heading: 31.906750386047
2021-07-28 23:16:47,649 [INFO] delta angle: -13.682855251567048
2021-07-28 23:16:47,650 [INFO] sending message $BPRMB,221647.71,13.682855251567048,1,0,750,0,1*6b
...
2021-07-28 23:16:48,651 [INFO] sending message $BPSTS,221648.65,1,BWSI Autonomy OK*4c
...
2021-07-28 23:16:48,653 [INFO] Processing: $BFNVG,221646.37,4218.003590,N,07105.994512,W,0,10.0,1.0,40.5,0.0,0.0,221646.37*6C
2021-07-28 23:16:48,655 [INFO] Interpreted as: {'position': (7.703808262362145, 6.457935802638531), 'latlon': (42.300059833333336, -71.09990853333333), 'heading': 40.5, 'depth': 1.0, 'altitude': 10.0, 'roll': 0.0, 'pitch': 0.0, 'last_fix_time': datetime.datetime(2021, 7, 28, 22, 16, 46), 'speed': None, 'rudder': 0, 'datum': (42.3, -71.1)}
2021-07-28 23:16:48,656 [INFO] Processing: $BFNVG,221646.73,4218.003707,N,07105.994387,W,0,10.0,1.0,39.3,0.0,0.0,221646.73*62
2021-07-28 23:16:48,658 [INFO] Interpreted as: {'position': (7.8808864809107035, 6.67022942379117), 'latlon': (42.300061783333334, -71.09990645), 'heading': 39.3, 'depth': 1.0, 'altitude': 10.0, 'roll': 0.0, 'pitch': 0.0, 'last_fix_time': datetime.datetime(2021, 7, 28, 22, 16, 46), 'speed': None, 'rudder': 0, 'datum': (42.3, -71.1)}
2021-07-28 23:16:48,659 [INFO] Processing: $BFNVG,221647.09,4218.003825,N,07105.994265,W,0,10.0,1.0,38.1,0.0,0.0,221647.09*63
2021-07-28 23:16:48,662 [INFO] Interpreted as: {'position': (8.053888723719865, 6.8844754518941045), 'latlon': (42.30006375, -71.09990441666666), 'heading': 38.1, 'depth': 1.0, 'altitude': 10.0, 'roll': 0.0, 'pitch': 0.0, 'last_fix_time': datetime.datetime(2021, 7, 28, 22, 16, 47), 'speed': None, 'rudder': 0, 'datum': (42.3, -71.1)}
2021-07-28 23:16:48,663 [INFO] Processing: $BFNVG,221647.45,4218.003946,N,07105.994147,W,0,10.0,1.0,36.8,0.0,0.0,221647.45*63
2021-07-28 23:16:48,665 [INFO] Interpreted as: {'position': (8.221532450872473, 7.104409189894795), 'latlon': (42.30006576666667, -71.09990245), 'heading': 36.8, 'depth': 1.0, 'altitude': 10.0, 'roll': 0.0, 'pitch': 0.0, 'last_fix_time': datetime.datetime(2021, 7, 28, 22, 16, 47), 'speed': None, 'rudder': 0, 'datum': (42.3, -71.1)}
2021-07-28 23:16:48,666 [INFO] Received from Frontseat: [b'$BFNVG,221646.37,4218.003590,N,07105.994512,W,0,10.0,1.0,40.5,0.0,0.0,221646.37*6C', b'$BFNVG,221646.73,4218.003707,N,07105.994387,W,0,10.0,1.0,39.3,0.0,0.0,221646.73*62', b'$BFNVG,221647.09,4218.003825,N,07105.994265,W,0,10.0,1.0,38.1,0.0,0.0,221647.09*63', b'$BFNVG,221647.45,4218.003946,N,07105.994147,W,0,10.0,1.0,36.8,0.0,0.0,221647.45*63']
2021-07-28 23:16:48,667 [INFO] AUV state: {'position': (8.221532450872473, 7.104409189894795), 'latlon': (42.30006576666667, -71.09990245), 'heading': 36.8, 'depth': 1.0, 'altitude': 10.0, 'roll': 0.0, 'pitch': 0.0, 'last_fix_time': datetime.datetime(2021, 7, 28, 22, 16, 47), 'speed': None, 'rudder': 0, 'datum': (42.3, -71.1)}
2021-07-28 23:16:48,965 [INFO] **** [(-13.998099068431591, -8.334885820637993)] [(3.0521665585871425, -9.36471071879452), (16.800235546881314, -5.35777119176705)]
2021-07-28 23:16:48,967 [INFO] Next green buoy: [(-13.998099068431591, -8.334885820637993)], next red buoy: [(3.0521665585871425, -9.36471071879452), (16.800235546881314, -5.35777119176705)]
2021-07-28 23:16:48,968 [INFO] Desired_heading: 31.327033745077774
2021-07-28 23:16:48,968 [INFO] delta angle: -6.696817286669614
2021-07-28 23:16:48,969 [INFO] sending message $BPRMB,221649.58,6.696817286669614,1,0,750,0,1*51
...
2021-07-28 23:16:49,971 [INFO] sending message $BPSTS,221649.97,1,BWSI Autonomy OK*40
...
2021-07-28 23:16:49,972 [INFO] Processing: $BFNVG,221647.81,4218.004069,N,07105.994032,W,0,10.0,1.0,35.6,0.0,0.0,221647.81*6E
2021-07-28 23:16:49,974 [INFO] Interpreted as: {'position': (8.385145872831345, 7.328146038576961), 'latlon': (42.30006781666667, -71.09990053333334), 'heading': 35.6, 'depth': 1.0, 'altitude': 10.0, 'roll': 0.0, 'pitch': 0.0, 'last_fix_time': datetime.datetime(2021, 7, 28, 22, 16, 47), 'speed': None, 'rudder': 0, 'datum': (42.3, -71.1)}
2021-07-28 23:16:49,975 [INFO] Processing: $BFNVG,221648.17,4218.004194,N,07105.993920,W,0,10.0,1.0,34.7,0.0,0.0,221648.17*60
2021-07-28 23:16:49,977 [INFO] Interpreted as: {'position': (8.544728991866577, 7.555685993283987), 'latlon': (42.3000699, -71.09989866666666), 'heading': 34.7, 'depth': 1.0, 'altitude': 10.0, 'roll': 0.0, 'pitch': 0.0, 'last_fix_time': datetime.datetime(2021, 7, 28, 22, 16, 48), 'speed': None, 'rudder': 0, 'datum': (42.3, -71.1)}
2021-07-28 23:16:49,977 [INFO] Processing: $BFNVG,221648.52,4218.004319,N,07105.993811,W,0,10.0,1.0,33.8,0.0,0.0,221648.52*6C
2021-07-28 23:16:49,979 [INFO] Interpreted as: {'position': (8.700190466246568, 7.783327663317323), 'latlon': (42.30007198333333, -71.09989685), 'heading': 33.8, 'depth': 1.0, 'altitude': 10.0, 'roll': 0.0, 'pitch': 0.0, 'last_fix_time': datetime.datetime(2021, 7, 28, 22, 16, 48), 'speed': None, 'rudder': 0, 'datum': (42.3, -71.1)}
2021-07-28 23:16:49,980 [INFO] Processing: $BFNVG,221648.88,4218.004445,N,07105.993706,W,0,10.0,1.0,32.8,0.0,0.0,221648.88*6A
2021-07-28 23:16:49,982 [INFO] Interpreted as: {'position': (8.850202088127844, 8.012955646961927), 'latlon': (42.300074083333335, -71.0998951), 'heading': 32.8, 'depth': 1.0, 'altitude': 10.0, 'roll': 0.0, 'pitch': 0.0, 'last_fix_time': datetime.datetime(2021, 7, 28, 22, 16, 48), 'speed': None, 'rudder': 0, 'datum': (42.3, -71.1)}
2021-07-28 23:16:49,983 [INFO] Received from Frontseat: [b'$BFNVG,221647.81,4218.004069,N,07105.994032,W,0,10.0,1.0,35.6,0.0,0.0,221647.81*6E', b'$BFNVG,221648.17,4218.004194,N,07105.993920,W,0,10.0,1.0,34.7,0.0,0.0,221648.17*60', b'$BFNVG,221648.52,4218.004319,N,07105.993811,W,0,10.0,1.0,33.8,0.0,0.0,221648.52*6C', b'$BFNVG,221648.88,4218.004445,N,07105.993706,W,0,10.0,1.0,32.8,0.0,0.0,221648.88*6A']
2021-07-28 23:16:49,984 [INFO] AUV state: {'position': (8.850202088127844, 8.012955646961927), 'latlon': (42.300074083333335, -71.0998951), 'heading': 32.8, 'depth': 1.0, 'altitude': 10.0, 'roll': 0.0, 'pitch': 0.0, 'last_fix_time': datetime.datetime(2021, 7, 28, 22, 16, 48), 'speed': None, 'rudder': 0, 'datum': (42.3, -71.1)}
2021-07-28 23:16:50,282 [INFO] **** [(-11.85932783929234, -9.795897208552587)] [(8.494321445615794, -11.30558064742063), (22.623879639411353, -5.885483153558885)]
2021-07-28 23:16:50,284 [INFO] Next green buoy: [(-11.85932783929234, -9.795897208552587)], next red buoy: [(8.494321445615794, -11.30558064742063), (22.623879639411353, -5.885483153558885)]
2021-07-28 23:16:50,284 [INFO] Desired_heading: 31.117496803161725
2021-07-28 23:16:50,285 [INFO] delta angle: -1.5329742489288378
2021-07-28 23:16:50,285 [INFO] sending message $BPRMB,221650.35,1.5329742489288378,1,0,750,0,1*63
...
2021-07-28 23:16:51,287 [INFO] sending message $BPSTS,221651.28,1,BWSI Autonomy OK*4d
...
2021-07-28 23:16:51,288 [INFO] Processing: $BFNVG,221649.24,4218.004573,N,07105.993602,W,0,10.0,1.0,31.9,0.0,0.0,221649.24*69
2021-07-28 23:16:51,290 [INFO] Interpreted as: {'position': (8.998931160080247, 8.246318929828703), 'latlon': (42.30007621666667, -71.09989336666666), 'heading': 31.9, 'depth': 1.0, 'altitude': 10.0, 'roll': 0.0, 'pitch': 0.0, 'last_fix_time': datetime.datetime(2021, 7, 28, 22, 16, 49), 'speed': None, 'rudder': 0, 'datum': (42.3, -71.1)}
2021-07-28 23:16:51,291 [INFO] Processing: $BFNVG,221649.60,4218.004703,N,07105.993500,W,0,10.0,1.0,31.5,0.0,0.0,221649.60*61
2021-07-28 23:16:51,293 [INFO] Interpreted as: {'position': (9.145003805984743, 8.483451417647302), 'latlon': (42.300078383333336, -71.09989166666666), 'heading': 31.5, 'depth': 1.0, 'altitude': 10.0, 'roll': 0.0, 'pitch': 0.0, 'last_fix_time': datetime.datetime(2021, 7, 28, 22, 16, 49), 'speed': None, 'rudder': 0, 'datum': (42.3, -71.1)}
2021-07-28 23:16:51,294 [INFO] Processing: $BFNVG,221649.96,4218.004832,N,07105.993400,W,0,10.0,1.0,31.0,0.0,0.0,221649.96*68
2021-07-28 23:16:51,296 [INFO] Interpreted as: {'position': (9.288283018686343, 8.718801016919315), 'latlon': (42.300080533333336, -71.09989), 'heading': 31.0, 'depth': 1.0, 'altitude': 10.0, 'roll': 0.0, 'pitch': 0.0, 'last_fix_time': datetime.datetime(2021, 7, 28, 22, 16, 49), 'speed': None, 'rudder': 0, 'datum': (42.3, -71.1)}
2021-07-28 23:16:51,297 [INFO] Received from Frontseat: [b'$BFNVG,221649.24,4218.004573,N,07105.993602,W,0,10.0,1.0,31.9,0.0,0.0,221649.24*69', b'$BFNVG,221649.60,4218.004703,N,07105.993500,W,0,10.0,1.0,31.5,0.0,0.0,221649.60*61', b'$BFNVG,221649.96,4218.004832,N,07105.993400,W,0,10.0,1.0,31.0,0.0,0.0,221649.96*68']
2021-07-28 23:16:51,298 [INFO] AUV state: {'position': (9.288283018686343, 8.718801016919315), 'latlon': (42.300080533333336, -71.09989), 'heading': 31.0, 'depth': 1.0, 'altitude': 10.0, 'roll': 0.0, 'pitch': 0.0, 'last_fix_time': datetime.datetime(2021, 7, 28, 22, 16, 49), 'speed': None, 'rudder': 0, 'datum': (42.3, -71.1)}
2021-07-28 23:16:51,599 [INFO] **** [(-11.619897061325373, -11.41965049860198)] [(12.136423380095708, -13.317917479559075)]
2021-07-28 23:16:51,601 [INFO] Next green buoy: [(-11.619897061325373, -11.41965049860198)], next red buoy: [(12.136423380095708, -13.317917479559075)]
2021-07-28 23:16:51,602 [INFO] Desired_heading: 31.258263159385166
2021-07-28 23:16:51,602 [INFO] delta angle: 0.14728823618436135
2021-07-28 23:16:51,602 [INFO] sending message $BPRMB,221652.21,-0.14728823618436135,1,0,750,0,1*77
...
2021-07-28 23:16:52,604 [INFO] sending message $BPSTS,221652.60,1,BWSI Autonomy OK*42
...
2021-07-28 23:16:52,605 [INFO] Processing: $BFNVG,221650.31,4218.004962,N,07105.993302,W,0,10.0,1.0,30.6,0.0,0.0,221650.31*6E
2021-07-28 23:16:52,611 [INFO] Interpreted as: {'position': (9.42886013397947, 8.956069122068584), 'latlon': (42.3000827, -71.09988836666666), 'heading': 30.6, 'depth': 1.0, 'altitude': 10.0, 'roll': 0.0, 'pitch': 0.0, 'last_fix_time': datetime.datetime(2021, 7, 28, 22, 16, 50), 'speed': None, 'rudder': 0, 'datum': (42.3, -71.1)}
2021-07-28 23:16:52,612 [INFO] Processing: $BFNVG,221650.68,4218.005093,N,07105.993203,W,0,10.0,1.0,30.5,0.0,0.0,221650.68*6B
2021-07-28 23:16:52,614 [INFO] Interpreted as: {'position': (9.570856787846424, 9.19515402521938), 'latlon': (42.300084883333334, -71.09988671666666), 'heading': 30.5, 'depth': 1.0, 'altitude': 10.0, 'roll': 0.0, 'pitch': 0.0, 'last_fix_time': datetime.datetime(2021, 7, 28, 22, 16, 50), 'speed': None, 'rudder': 0, 'datum': (42.3, -71.1)}
2021-07-28 23:16:52,614 [INFO] Processing: $BFNVG,221651.03,4218.005224,N,07105.993105,W,0,10.0,1.0,30.4,0.0,0.0,221651.03*61
2021-07-28 23:16:52,616 [INFO] Interpreted as: {'position': (9.711479556688573, 9.434272833168507), 'latlon': (42.30008706666667, -71.09988508333333), 'heading': 30.4, 'depth': 1.0, 'altitude': 10.0, 'roll': 0.0, 'pitch': 0.0, 'last_fix_time': datetime.datetime(2021, 7, 28, 22, 16, 51), 'speed': None, 'rudder': 0, 'datum': (42.3, -71.1)}
2021-07-28 23:16:52,617 [INFO] Processing: $BFNVG,221651.39,4218.005355,N,07105.993008,W,0,10.0,1.0,30.3,0.0,0.0,221651.39*6D
2021-07-28 23:16:52,619 [INFO] Interpreted as: {'position': (9.850728436606005, 9.673425546847284), 'latlon': (42.30008925, -71.09988346666667), 'heading': 30.3, 'depth': 1.0, 'altitude': 10.0, 'roll': 0.0, 'pitch': 0.0, 'last_fix_time': datetime.datetime(2021, 7, 28, 22, 16, 51), 'speed': None, 'rudder': 0, 'datum': (42.3, -71.1)}
2021-07-28 23:16:52,620 [INFO] Received from Frontseat: [b'$BFNVG,221650.31,4218.004962,N,07105.993302,W,0,10.0,1.0,30.6,0.0,0.0,221650.31*6E', b'$BFNVG,221650.68,4218.005093,N,07105.993203,W,0,10.0,1.0,30.5,0.0,0.0,221650.68*6B', b'$BFNVG,221651.03,4218.005224,N,07105.993105,W,0,10.0,1.0,30.4,0.0,0.0,221651.03*61', b'$BFNVG,221651.39,4218.005355,N,07105.993008,W,0,10.0,1.0,30.3,0.0,0.0,221651.39*6D']
2021-07-28 23:16:52,621 [INFO] AUV state: {'position': (9.850728436606005, 9.673425546847284), 'latlon': (42.30008925, -71.09988346666667), 'heading': 30.3, 'depth': 1.0, 'altitude': 10.0, 'roll': 0.0, 'pitch': 0.0, 'last_fix_time': datetime.datetime(2021, 7, 28, 22, 16, 51), 'speed': None, 'rudder': 0, 'datum': (42.3, -71.1)}
2021-07-28 23:16:52,959 [INFO] **** [(-13.606806961009793, -14.223801909300722)] [(16.58442539268549, -17.400763270227717)]
2021-07-28 23:16:52,961 [INFO] Next green buoy: [(-13.606806961009793, -14.223801909300722)], next red buoy: [(16.58442539268549, -17.400763270227717)]
2021-07-28 23:16:52,962 [INFO] Desired_heading: 31.788809215837848
2021-07-28 23:16:52,962 [INFO] delta angle: 1.3156452362374589
2021-07-28 23:16:52,963 [INFO] sending message $BPRMB,221652.98,-1.3156452362374589,1,0,750,0,1*4d
...
2021-07-28 23:16:53,964 [INFO] sending message $BPSTS,221653.96,1,BWSI Autonomy OK*4a
...
2021-07-28 23:16:53,966 [INFO] Processing: $BFNVG,221651.75,4218.005485,N,07105.992912,W,0,10.0,1.0,30.2,0.0,0.0,221651.75*65
2021-07-28 23:16:53,968 [INFO] Interpreted as: {'position': (9.988557760079857, 9.910761470906436), 'latlon': (42.30009141666667, -71.09988186666666), 'heading': 30.2, 'depth': 1.0, 'altitude': 10.0, 'roll': 0.0, 'pitch': 0.0, 'last_fix_time': datetime.datetime(2021, 7, 28, 22, 16, 51), 'speed': None, 'rudder': 0, 'datum': (42.3, -71.1)}
2021-07-28 23:16:53,969 [INFO] Processing: $BFNVG,221652.11,4218.005617,N,07105.992814,W,0,10.0,1.0,30.2,0.0,0.0,221652.11*6B
2021-07-28 23:16:53,971 [INFO] Interpreted as: {'position': (10.12922617152799, 10.151730983518064), 'latlon': (42.300093616666665, -71.09988023333334), 'heading': 30.2, 'depth': 1.0, 'altitude': 10.0, 'roll': 0.0, 'pitch': 0.0, 'last_fix_time': datetime.datetime(2021, 7, 28, 22, 16, 52), 'speed': None, 'rudder': 0, 'datum': (42.3, -71.1)}
2021-07-28 23:16:53,972 [INFO] Processing: $BFNVG,221652.47,4218.005750,N,07105.992716,W,0,10.0,1.0,30.2,0.0,0.0,221652.47*64
2021-07-28 23:16:53,974 [INFO] Interpreted as: {'position': (10.26994024333544, 10.394551195204258), 'latlon': (42.30009583333333, -71.0998786), 'heading': 30.2, 'depth': 1.0, 'altitude': 10.0, 'roll': 0.0, 'pitch': 0.0, 'last_fix_time': datetime.datetime(2021, 7, 28, 22, 16, 52), 'speed': None, 'rudder': 0, 'datum': (42.3, -71.1)}
2021-07-28 23:16:53,975 [INFO] Processing: $BFNVG,221652.83,4218.005880,N,07105.992620,W,0,10.0,1.0,30.2,0.0,0.0,221652.83*62
2021-07-28 23:16:53,977 [INFO] Interpreted as: {'position': (10.407769537880085, 10.631887126713991), 'latlon': (42.300098, -71.099877), 'heading': 30.2, 'depth': 1.0, 'altitude': 10.0, 'roll': 0.0, 'pitch': 0.0, 'last_fix_time': datetime.datetime(2021, 7, 28, 22, 16, 52), 'speed': None, 'rudder': 0, 'datum': (42.3, -71.1)}
2021-07-28 23:16:53,978 [INFO] Received from Frontseat: [b'$BFNVG,221651.75,4218.005485,N,07105.992912,W,0,10.0,1.0,30.2,0.0,0.0,221651.75*65', b'$BFNVG,221652.11,4218.005617,N,07105.992814,W,0,10.0,1.0,30.2,0.0,0.0,221652.11*6B', b'$BFNVG,221652.47,4218.005750,N,07105.992716,W,0,10.0,1.0,30.2,0.0,0.0,221652.47*64', b'$BFNVG,221652.83,4218.005880,N,07105.992620,W,0,10.0,1.0,30.2,0.0,0.0,221652.83*62']
2021-07-28 23:16:53,978 [INFO] AUV state: {'position': (10.407769537880085, 10.631887126713991), 'latlon': (42.300098, -71.099877), 'heading': 30.2, 'depth': 1.0, 'altitude': 10.0, 'roll': 0.0, 'pitch': 0.0, 'last_fix_time': datetime.datetime(2021, 7, 28, 22, 16, 52), 'speed': None, 'rudder': 0, 'datum': (42.3, -71.1)}
2021-07-28 23:16:54,323 [INFO] **** [(-17.951031578044915, -18.995687331594233), (22.731519577810076, -6.908154819264782)] [(23.57431390373673, -23.969437453807473)]
2021-07-28 23:16:54,325 [INFO] Next green buoy: [(-17.951031578044915, -18.995687331594233), (22.731519577810076, -6.908154819264782)], next red buoy: [(23.57431390373673, -23.969437453807473)]
2021-07-28 23:16:54,326 [INFO] Desired_heading: 33.011641162845905
2021-07-28 23:16:54,326 [INFO] delta angle: 2.9126604118514363
2021-07-28 23:16:54,327 [INFO] sending message $BPRMB,221654.93,-2.9126604118514363,1,0,750,0,1*42
...
2021-07-28 23:16:55,329 [INFO] sending message $BPSTS,221655.32,1,BWSI Autonomy OK*42
...
2021-07-28 23:16:55,330 [INFO] Processing: $BFNVG,221653.19,4218.006011,N,07105.992523,W,0,10.0,1.0,30.2,0.0,0.0,221653.19*61
2021-07-28 23:16:55,332 [INFO] Interpreted as: {'position': (10.547018374898471, 10.871039854362607), 'latlon': (42.300100183333335, -71.09987538333333), 'heading': 30.2, 'depth': 1.0, 'altitude': 10.0, 'roll': 0.0, 'pitch': 0.0, 'last_fix_time': datetime.datetime(2021, 7, 28, 22, 16, 53), 'speed': None, 'rudder': 0, 'datum': (42.3, -71.1)}
2021-07-28 23:16:55,333 [INFO] Processing: $BFNVG,221653.55,4218.006142,N,07105.992426,W,0,10.0,1.0,30.3,0.0,0.0,221653.55*63
2021-07-28 23:16:55,335 [INFO] Interpreted as: {'position': (10.686267202952877, 11.110192582011223), 'latlon': (42.300102366666664, -71.09987376666666), 'heading': 30.3, 'depth': 1.0, 'altitude': 10.0, 'roll': 0.0, 'pitch': 0.0, 'last_fix_time': datetime.datetime(2021, 7, 28, 22, 16, 53), 'speed': None, 'rudder': 0, 'datum': (42.3, -71.1)}
2021-07-28 23:16:55,335 [INFO] Processing: $BFNVG,221653.91,4218.006273,N,07105.992328,W,0,10.0,1.0,30.4,0.0,0.0,221653.91*6C
2021-07-28 23:16:55,337 [INFO] Interpreted as: {'position': (10.826889895368367, 11.349311411380768), 'latlon': (42.30010455, -71.09987213333334), 'heading': 30.4, 'depth': 1.0, 'altitude': 10.0, 'roll': 0.0, 'pitch': 0.0, 'last_fix_time': datetime.datetime(2021, 7, 28, 22, 16, 53), 'speed': None, 'rudder': 0, 'datum': (42.3, -71.1)}
2021-07-28 23:16:55,339 [INFO] Processing: $BFNVG,221654.27,4218.006404,N,07105.992231,W,0,10.0,1.0,30.5,0.0,0.0,221654.27*62
2021-07-28 23:16:55,341 [INFO] Interpreted as: {'position': (10.966138705378398, 11.588464147411287), 'latlon': (42.30010673333334, -71.09987051666667), 'heading': 30.5, 'depth': 1.0, 'altitude': 10.0, 'roll': 0.0, 'pitch': 0.0, 'last_fix_time': datetime.datetime(2021, 7, 28, 22, 16, 54), 'speed': None, 'rudder': 0, 'datum': (42.3, -71.1)}
2021-07-28 23:16:55,342 [INFO] Received from Frontseat: [b'$BFNVG,221653.19,4218.006011,N,07105.992523,W,0,10.0,1.0,30.2,0.0,0.0,221653.19*61', b'$BFNVG,221653.55,4218.006142,N,07105.992426,W,0,10.0,1.0,30.3,0.0,0.0,221653.55*63', b'$BFNVG,221653.91,4218.006273,N,07105.992328,W,0,10.0,1.0,30.4,0.0,0.0,221653.91*6C', b'$BFNVG,221654.27,4218.006404,N,07105.992231,W,0,10.0,1.0,30.5,0.0,0.0,221654.27*62']
2021-07-28 23:16:55,343 [INFO] AUV state: {'position': (10.966138705378398, 11.588464147411287), 'latlon': (42.30010673333334, -71.09987051666667), 'heading': 30.5, 'depth': 1.0, 'altitude': 10.0, 'roll': 0.0, 'pitch': 0.0, 'last_fix_time': datetime.datetime(2021, 7, 28, 22, 16, 54), 'speed': None, 'rudder': 0, 'datum': (42.3, -71.1)}
2021-07-28 23:16:55,623 [INFO] **** [(25.307680250905953, -7.760392972548341)] []
2021-07-28 23:16:55,625 [INFO] Next green buoy: [(25.307680250905953, -7.760392972548341)], next red buoy: []
2021-07-28 23:16:55,626 [INFO] Desired_heading: 55.80768025090595
2021-07-28 23:16:55,626 [INFO] delta angle: 25
2021-07-28 23:16:55,627 [INFO] sending message $BPRMB,221655.71,-25,1,0,750,0,1*54
...
2021-07-28 23:16:56,628 [INFO] sending message $BPSTS,221656.62,1,BWSI Autonomy OK*44
...
2021-07-28 23:16:56,630 [INFO] Processing: $BFNVG,221654.62,4218.006535,N,07105.992132,W,0,10.0,1.0,30.6,0.0,0.0,221654.62*62
2021-07-28 23:16:56,632 [INFO] Interpreted as: {'position': (11.108135261223651, 11.827549078501761), 'latlon': (42.300108916666666, -71.09986886666667), 'heading': 30.6, 'depth': 1.0, 'altitude': 10.0, 'roll': 0.0, 'pitch': 0.0, 'last_fix_time': datetime.datetime(2021, 7, 28, 22, 16, 54), 'speed': None, 'rudder': 0, 'datum': (42.3, -71.1)}
2021-07-28 23:16:56,633 [INFO] Processing: $BFNVG,221654.99,4218.006667,N,07105.992032,W,0,10.0,1.0,30.7,0.0,0.0,221654.99*66
2021-07-28 23:16:56,635 [INFO] Interpreted as: {'position': (11.25155135046225, 12.068450805731118), 'latlon': (42.30011111666666, -71.0998672), 'heading': 30.7, 'depth': 1.0, 'altitude': 10.0, 'roll': 0.0, 'pitch': 0.0, 'last_fix_time': datetime.datetime(2021, 7, 28, 22, 16, 54), 'speed': None, 'rudder': 0, 'datum': (42.3, -71.1)}
2021-07-28 23:16:56,636 [INFO] Processing: $BFNVG,221655.35,4218.006798,N,07105.991933,W,0,10.0,1.0,30.9,0.0,0.0,221655.35*62
2021-07-28 23:16:56,638 [INFO] Interpreted as: {'position': (11.393547887913883, 12.307535742409527), 'latlon': (42.3001133, -71.09986555), 'heading': 30.9, 'depth': 1.0, 'altitude': 10.0, 'roll': 0.0, 'pitch': 0.0, 'last_fix_time': datetime.datetime(2021, 7, 28, 22, 16, 55), 'speed': None, 'rudder': 0, 'datum': (42.3, -71.1)}
2021-07-28 23:16:56,639 [INFO] Received from Frontseat: [b'$BFNVG,221654.62,4218.006535,N,07105.992132,W,0,10.0,1.0,30.6,0.0,0.0,221654.62*62', b'$BFNVG,221654.99,4218.006667,N,07105.992032,W,0,10.0,1.0,30.7,0.0,0.0,221654.99*66', b'$BFNVG,221655.35,4218.006798,N,07105.991933,W,0,10.0,1.0,30.9,0.0,0.0,221655.35*62']
2021-07-28 23:16:56,640 [INFO] AUV state: {'position': (11.393547887913883, 12.307535742409527), 'latlon': (42.3001133, -71.09986555), 'heading': 30.9, 'depth': 1.0, 'altitude': 10.0, 'roll': 0.0, 'pitch': 0.0, 'last_fix_time': datetime.datetime(2021, 7, 28, 22, 16, 55), 'speed': None, 'rudder': 0, 'datum': (42.3, -71.1)}
2021-07-28 23:16:56,927 [INFO] **** [] []
2021-07-28 23:16:56,929 [INFO] Next green buoy: [], next red buoy: []
2021-07-28 23:16:56,930 [INFO] Desired_heading: 30.9
2021-07-28 23:16:56,931 [INFO] delta angle: nan
2021-07-28 23:16:56,931 [INFO] sending message $BPRMB,221657.53,nan,1,0,750,0,1*1d
...
2021-07-28 23:16:57,933 [INFO] sending message $BPSTS,221657.93,1,BWSI Autonomy OK*4b
...
2021-07-28 23:16:57,935 [INFO] Processing: $BFNVG,221655.71,4218.006927,N,07105.991834,W,0,10.0,1.0,31.1,0.0,0.0,221655.71*67
2021-07-28 23:16:57,940 [INFO] Interpreted as: {'position': (11.535453077813145, 12.542919287458062), 'latlon': (42.30011545, -71.0998639), 'heading': 31.1, 'depth': 1.0, 'altitude': 10.0, 'roll': 0.0, 'pitch': 0.0, 'last_fix_time': datetime.datetime(2021, 7, 28, 22, 16, 55), 'speed': None, 'rudder': 0, 'datum': (42.3, -71.1)}
2021-07-28 23:16:57,941 [INFO] Processing: $BFNVG,221656.06,4218.007056,N,07105.991732,W,0,10.0,1.0,32.8,0.0,0.0,221656.06*6A
2021-07-28 23:16:57,943 [INFO] Interpreted as: {'position': (11.681479888269678, 12.778201127424836), 'latlon': (42.3001176, -71.0998622), 'heading': 32.8, 'depth': 1.0, 'altitude': 10.0, 'roll': 0.0, 'pitch': 0.0, 'last_fix_time': datetime.datetime(2021, 7, 28, 22, 16, 56), 'speed': None, 'rudder': 0, 'datum': (42.3, -71.1)}
2021-07-28 23:16:57,944 [INFO] Processing: $BFNVG,221656.42,4218.007181,N,07105.991625,W,0,10.0,1.0,34.5,0.0,0.0,221656.42*6D
2021-07-28 23:16:57,946 [INFO] Interpreted as: {'position': (11.834193398652133, 13.005910667590797), 'latlon': (42.300119683333335, -71.09986041666667), 'heading': 34.5, 'depth': 1.0, 'altitude': 10.0, 'roll': 0.0, 'pitch': 0.0, 'last_fix_time': datetime.datetime(2021, 7, 28, 22, 16, 56), 'speed': None, 'rudder': 0, 'datum': (42.3, -71.1)}
2021-07-28 23:16:57,947 [INFO] Processing: $BFNVG,221656.80,4218.007312,N,07105.991507,W,0,10.0,1.0,36.3,0.0,0.0,221656.80*62
2021-07-28 23:16:57,949 [INFO] Interpreted as: {'position': (12.002293564961292, 13.244351461529732), 'latlon': (42.300121866666665, -71.09985845), 'heading': 36.3, 'depth': 1.0, 'altitude': 10.0, 'roll': 0.0, 'pitch': 0.0, 'last_fix_time': datetime.datetime(2021, 7, 28, 22, 16, 56), 'speed': None, 'rudder': 0, 'datum': (42.3, -71.1)}
2021-07-28 23:16:57,950 [INFO] Received from Frontseat: [b'$BFNVG,221655.71,4218.006927,N,07105.991834,W,0,10.0,1.0,31.1,0.0,0.0,221655.71*67', b'$BFNVG,221656.06,4218.007056,N,07105.991732,W,0,10.0,1.0,32.8,0.0,0.0,221656.06*6A', b'$BFNVG,221656.42,4218.007181,N,07105.991625,W,0,10.0,1.0,34.5,0.0,0.0,221656.42*6D', b'$BFNVG,221656.80,4218.007312,N,07105.991507,W,0,10.0,1.0,36.3,0.0,0.0,221656.80*62']
2021-07-28 23:16:57,950 [INFO] AUV state: {'position': (12.002293564961292, 13.244351461529732), 'latlon': (42.300121866666665, -71.09985845), 'heading': 36.3, 'depth': 1.0, 'altitude': 10.0, 'roll': 0.0, 'pitch': 0.0, 'last_fix_time': datetime.datetime(2021, 7, 28, 22, 16, 56), 'speed': None, 'rudder': 0, 'datum': (42.3, -71.1)}
2021-07-28 23:16:58,240 [INFO] **** [] []
2021-07-28 23:16:58,242 [INFO] Next green buoy: [], next red buoy: []
2021-07-28 23:16:58,242 [INFO] Desired_heading: 36.3
2021-07-28 23:16:58,243 [INFO] delta angle: nan
2021-07-28 23:16:58,243 [INFO] sending message $BPRMB,221658.32,nan,1,0,750,0,1*15
...
2021-07-28 23:16:59,245 [INFO] sending message $BPSTS,221659.24,1,BWSI Autonomy OK*49
...
2021-07-28 23:16:59,246 [INFO] Processing: $BFNVG,221657.16,4218.007433,N,07105.991389,W,0,10.0,1.0,37.9,0.0,0.0,221657.16*6D
2021-07-28 23:16:59,248 [INFO] Interpreted as: {'position': (12.169937029539142, 13.46428528893739), 'latlon': (42.300123883333335, -71.09985648333334), 'heading': 37.9, 'depth': 1.0, 'altitude': 10.0, 'roll': 0.0, 'pitch': 0.0, 'last_fix_time': datetime.datetime(2021, 7, 28, 22, 16, 57), 'speed': None, 'rudder': 0, 'datum': (42.3, -71.1)}
2021-07-28 23:16:59,249 [INFO] Processing: $BFNVG,221657.51,4218.007552,N,07105.991267,W,0,10.0,1.0,39.6,0.0,0.0,221657.51*6B
2021-07-28 23:16:59,251 [INFO] Interpreted as: {'position': (12.342984654125758, 13.680382114835083), 'latlon': (42.30012586666667, -71.09985445), 'heading': 39.6, 'depth': 1.0, 'altitude': 10.0, 'roll': 0.0, 'pitch': 0.0, 'last_fix_time': datetime.datetime(2021, 7, 28, 22, 16, 57), 'speed': None, 'rudder': 0, 'datum': (42.3, -71.1)}
2021-07-28 23:16:59,253 [INFO] Processing: $BFNVG,221657.87,4218.007667,N,07105.991141,W,0,10.0,1.0,41.3,0.0,0.0,221657.87*63
2021-07-28 23:16:59,255 [INFO] Interpreted as: {'position': (12.521345098386519, 13.888940546661615), 'latlon': (42.30012778333333, -71.09985235), 'heading': 41.3, 'depth': 1.0, 'altitude': 10.0, 'roll': 0.0, 'pitch': 0.0, 'last_fix_time': datetime.datetime(2021, 7, 28, 22, 16, 57), 'speed': None, 'rudder': 0, 'datum': (42.3, -71.1)}
2021-07-28 23:16:59,256 [INFO] Processing: $BFNVG,221658.23,4218.007781,N,07105.991010,W,0,10.0,1.0,43.0,0.0,0.0,221658.23*6E
2021-07-28 23:16:59,257 [INFO] Interpreted as: {'position': (12.706529250310268, 14.095478772185743), 'latlon': (42.30012968333333, -71.09985016666667), 'heading': 43.0, 'depth': 1.0, 'altitude': 10.0, 'roll': 0.0, 'pitch': 0.0, 'last_fix_time': datetime.datetime(2021, 7, 28, 22, 16, 58), 'speed': None, 'rudder': 0, 'datum': (42.3, -71.1)}
2021-07-28 23:16:59,258 [INFO] Received from Frontseat: [b'$BFNVG,221657.16,4218.007433,N,07105.991389,W,0,10.0,1.0,37.9,0.0,0.0,221657.16*6D', b'$BFNVG,221657.51,4218.007552,N,07105.991267,W,0,10.0,1.0,39.6,0.0,0.0,221657.51*6B', b'$BFNVG,221657.87,4218.007667,N,07105.991141,W,0,10.0,1.0,41.3,0.0,0.0,221657.87*63', b'$BFNVG,221658.23,4218.007781,N,07105.991010,W,0,10.0,1.0,43.0,0.0,0.0,221658.23*6E']
2021-07-28 23:16:59,259 [INFO] AUV state: {'position': (12.706529250310268, 14.095478772185743), 'latlon': (42.30012968333333, -71.09985016666667), 'heading': 43.0, 'depth': 1.0, 'altitude': 10.0, 'roll': 0.0, 'pitch': 0.0, 'last_fix_time': datetime.datetime(2021, 7, 28, 22, 16, 58), 'speed': None, 'rudder': 0, 'datum': (42.3, -71.1)}
2021-07-28 23:16:59,563 [INFO] **** [(24.750340971613962, -12.26185789148191)] []
2021-07-28 23:16:59,565 [INFO] Next green buoy: [(24.750340971613962, -12.26185789148191)], next red buoy: []
2021-07-28 23:16:59,565 [INFO] Desired_heading: 67.75034097161397
2021-07-28 23:16:59,566 [INFO] delta angle: 25
2021-07-28 23:16:59,566 [INFO] sending message $BPRMB,221700.16,-25,1,0,750,0,1*54
...
2021-07-28 23:17:00,568 [INFO] sending message $BPSTS,221700.56,1,BWSI Autonomy OK*41
...
2021-07-28 23:17:00,569 [INFO] Processing: $BFNVG,221658.59,4218.007891,N,07105.990874,W,0,10.0,1.0,44.7,0.0,0.0,221658.59*6B
2021-07-28 23:17:00,571 [INFO] Interpreted as: {'position': (12.89840010064654, 14.294444700703025), 'latlon': (42.30013151666667, -71.0998479), 'heading': 44.7, 'depth': 1.0, 'altitude': 10.0, 'roll': 0.0, 'pitch': 0.0, 'last_fix_time': datetime.datetime(2021, 7, 28, 22, 16, 58), 'speed': None, 'rudder': 0, 'datum': (42.3, -71.1)}
2021-07-28 23:17:00,572 [INFO] Processing: $BFNVG,221658.95,4218.008000,N,07105.990731,W,0,10.0,1.0,46.4,0.0,0.0,221658.95*6B
2021-07-28 23:17:00,574 [INFO] Interpreted as: {'position': (13.099842411756981, 14.49132261890918), 'latlon': (42.300133333333335, -71.09984551666666), 'heading': 46.4, 'depth': 1.0, 'altitude': 10.0, 'roll': 0.0, 'pitch': 0.0, 'last_fix_time': datetime.datetime(2021, 7, 28, 22, 16, 58), 'speed': None, 'rudder': 0, 'datum': (42.3, -71.1)}
2021-07-28 23:17:00,575 [INFO] Processing: $BFNVG,221659.31,4218.008104,N,07105.990587,W,0,10.0,1.0,48.1,0.0,0.0,221659.31*6A
2021-07-28 23:17:00,577 [INFO] Interpreted as: {'position': (13.302430242532864, 14.678913154639304), 'latlon': (42.30013506666667, -71.09984311666666), 'heading': 48.1, 'depth': 1.0, 'altitude': 10.0, 'roll': 0.0, 'pitch': 0.0, 'last_fix_time': datetime.datetime(2021, 7, 28, 22, 16, 59), 'speed': None, 'rudder': 0, 'datum': (42.3, -71.1)}
2021-07-28 23:17:00,578 [INFO] Received from Frontseat: [b'$BFNVG,221658.59,4218.007891,N,07105.990874,W,0,10.0,1.0,44.7,0.0,0.0,221658.59*6B', b'$BFNVG,221658.95,4218.008000,N,07105.990731,W,0,10.0,1.0,46.4,0.0,0.0,221658.95*6B', b'$BFNVG,221659.31,4218.008104,N,07105.990587,W,0,10.0,1.0,48.1,0.0,0.0,221659.31*6A']
2021-07-28 23:17:00,579 [INFO] AUV state: {'position': (13.302430242532864, 14.678913154639304), 'latlon': (42.30013506666667, -71.09984311666666), 'heading': 48.1, 'depth': 1.0, 'altitude': 10.0, 'roll': 0.0, 'pitch': 0.0, 'last_fix_time': datetime.datetime(2021, 7, 28, 22, 16, 59), 'speed': None, 'rudder': 0, 'datum': (42.3, -71.1)}
2021-07-28 23:17:00,882 [INFO] **** [(23.78343477415818, -14.359098860292603)] []
2021-07-28 23:17:00,884 [INFO] Next green buoy: [(23.78343477415818, -14.359098860292603)], next red buoy: []
2021-07-28 23:17:00,885 [INFO] Desired_heading: 71.88343477415819
2021-07-28 23:17:00,885 [INFO] delta angle: 25
2021-07-28 23:17:00,885 [INFO] sending message $BPRMB,221700.97,-25,1,0,750,0,1*5d
...
2021-07-28 23:17:01,887 [INFO] sending message $BPSTS,221701.88,1,BWSI Autonomy OK*43
...
2021-07-28 23:17:01,888 [INFO] Processing: $BFNVG,221659.67,4218.008205,N,07105.990439,W,0,10.0,1.0,49.7,0.0,0.0,221659.67*6B
2021-07-28 23:17:01,890 [INFO] Interpreted as: {'position': (13.510376561433077, 14.860815993510187), 'latlon': (42.30013675, -71.09984065), 'heading': 49.7, 'depth': 1.0, 'altitude': 10.0, 'roll': 0.0, 'pitch': 0.0, 'last_fix_time': datetime.datetime(2021, 7, 28, 22, 16, 59), 'speed': None, 'rudder': 0, 'datum': (42.3, -71.1)}
2021-07-28 23:17:01,891 [INFO] Processing: $BFNVG,221700.03,4218.008303,N,07105.990287,W,0,10.0,1.0,51.4,0.0,0.0,221700.03*65
2021-07-28 23:17:01,893 [INFO] Interpreted as: {'position': (13.72368137491867, 15.037031138315797), 'latlon': (42.30013838333333, -71.09983811666666), 'heading': 51.4, 'depth': 1.0, 'altitude': 10.0, 'roll': 0.0, 'pitch': 0.0, 'last_fix_time': datetime.datetime(2021, 7, 28, 22, 17), 'speed': None, 'rudder': 0, 'datum': (42.3, -71.1)}
2021-07-28 23:17:01,894 [INFO] Processing: $BFNVG,221700.41,4218.008402,N,07105.990122,W,0,10.0,1.0,53.2,0.0,0.0,221700.41*6B
2021-07-28 23:17:01,896 [INFO] Interpreted as: {'position': (13.954892241919879, 15.214656255207956), 'latlon': (42.300140033333335, -71.09983536666667), 'heading': 53.2, 'depth': 1.0, 'altitude': 10.0, 'roll': 0.0, 'pitch': 0.0, 'last_fix_time': datetime.datetime(2021, 7, 28, 22, 17), 'speed': None, 'rudder': 0, 'datum': (42.3, -71.1)}
2021-07-28 23:17:01,897 [INFO] Processing: $BFNVG,221700.79,4218.008498,N,07105.989952,W,0,10.0,1.0,55.0,0.0,0.0,221700.79*6B
2021-07-28 23:17:01,899 [INFO] Interpreted as: {'position': (14.192835475027096, 15.386559775099158), 'latlon': (42.30014163333333, -71.09983253333333), 'heading': 55.0, 'depth': 1.0, 'altitude': 10.0, 'roll': 0.0, 'pitch': 0.0, 'last_fix_time': datetime.datetime(2021, 7, 28, 22, 17), 'speed': None, 'rudder': 0, 'datum': (42.3, -71.1)}
2021-07-28 23:17:01,900 [INFO] Received from Frontseat: [b'$BFNVG,221659.67,4218.008205,N,07105.990439,W,0,10.0,1.0,49.7,0.0,0.0,221659.67*6B', b'$BFNVG,221700.03,4218.008303,N,07105.990287,W,0,10.0,1.0,51.4,0.0,0.0,221700.03*65', b'$BFNVG,221700.41,4218.008402,N,07105.990122,W,0,10.0,1.0,53.2,0.0,0.0,221700.41*6B', b'$BFNVG,221700.79,4218.008498,N,07105.989952,W,0,10.0,1.0,55.0,0.0,0.0,221700.79*6B']
2021-07-28 23:17:01,901 [INFO] AUV state: {'position': (14.192835475027096, 15.386559775099158), 'latlon': (42.30014163333333, -71.09983253333333), 'heading': 55.0, 'depth': 1.0, 'altitude': 10.0, 'roll': 0.0, 'pitch': 0.0, 'last_fix_time': datetime.datetime(2021, 7, 28, 22, 17), 'speed': None, 'rudder': 0, 'datum': (42.3, -71.1)}
2021-07-28 23:17:02,211 [INFO] **** [(23.56013142727108, -19.091469065867255)] []
2021-07-28 23:17:02,213 [INFO] Next green buoy: [(23.56013142727108, -19.091469065867255)], next red buoy: []
2021-07-28 23:17:02,213 [INFO] Desired_heading: 78.56013142727107
2021-07-28 23:17:02,214 [INFO] delta angle: 25
2021-07-28 23:17:02,214 [INFO] sending message $BPRMB,221702.80,-25,1,0,750,0,1*59
...
