2021-07-28 16:41:27,627 [INFO] host = 192.168.1.213, port = 29500
2021-07-28 16:41:29,648 [INFO] sending message $BPLOG,ACK,ON*1e
...
2021-07-28 16:41:29,649 [INFO] sending message $BPLOG,ALL,ON*16
...
2021-07-28 16:41:29,656 [INFO] sending message $BPSTS,154129.65,1,BWSI Autonomy OK*4d
...
2021-07-28 16:41:29,658 [INFO] Received from Frontseat: []
2021-07-28 16:41:29,659 [INFO] AUV state: {'position': (None, None), 'latlon': None, 'heading': None, 'depth': None, 'altitude': None, 'roll': None, 'pitch': None, 'last_fix_time': None, 'speed': None, 'rudder': 0}
2021-07-28 16:41:30,662 [INFO] sending message $BPSTS,154130.66,1,BWSI Autonomy OK*46
...
2021-07-28 16:41:30,663 [INFO] Processing: $BFNVG,154129.11,4218.000000,N,07106.000000,W,0,10.0,1.0,45.0,0.0,0.0,154129.11*62
2021-07-28 16:41:30,667 [INFO] Interpreted as: {'position': (0, 0), 'latlon': (42.3, -71.1), 'heading': 45.0, 'depth': 1.0, 'altitude': 10.0, 'roll': 0.0, 'pitch': 0.0, 'last_fix_time': datetime.datetime(2021, 7, 28, 15, 41, 29), 'speed': None, 'rudder': 0, 'datum': (42.3, -71.1)}
2021-07-28 16:41:30,668 [INFO] Processing: $BFNVG,154129.36,4218.000000,N,07106.000000,W,0,10.0,1.0,45.0,0.0,0.0,154129.36*62
2021-07-28 16:41:30,671 [INFO] Interpreted as: {'position': (0.0, 0.0), 'latlon': (42.3, -71.1), 'heading': 45.0, 'depth': 1.0, 'altitude': 10.0, 'roll': 0.0, 'pitch': 0.0, 'last_fix_time': datetime.datetime(2021, 7, 28, 15, 41, 29), 'speed': None, 'rudder': 0, 'datum': (42.3, -71.1)}
2021-07-28 16:41:30,673 [INFO] Processing: $BFNVG,154129.61,4218.000000,N,07106.000000,W,0,10.0,1.0,45.0,0.0,0.0,154129.61*62
2021-07-28 16:41:30,675 [INFO] Interpreted as: {'position': (0.0, 0.0), 'latlon': (42.3, -71.1), 'heading': 45.0, 'depth': 1.0, 'altitude': 10.0, 'roll': 0.0, 'pitch': 0.0, 'last_fix_time': datetime.datetime(2021, 7, 28, 15, 41, 29), 'speed': None, 'rudder': 0, 'datum': (42.3, -71.1)}
2021-07-28 16:41:30,676 [INFO] Processing: $BFNVG,154129.86,4218.000000,N,07106.000000,W,0,10.0,1.0,45.0,0.0,0.0,154129.86*62
2021-07-28 16:41:30,678 [INFO] Interpreted as: {'position': (0.0, 0.0), 'latlon': (42.3, -71.1), 'heading': 45.0, 'depth': 1.0, 'altitude': 10.0, 'roll': 0.0, 'pitch': 0.0, 'last_fix_time': datetime.datetime(2021, 7, 28, 15, 41, 29), 'speed': None, 'rudder': 0, 'datum': (42.3, -71.1)}
2021-07-28 16:41:30,679 [INFO] Received from Frontseat: [b'$BFNVG,154129.11,4218.000000,N,07106.000000,W,0,10.0,1.0,45.0,0.0,0.0,154129.11*62', b'$BFNVG,154129.36,4218.000000,N,07106.000000,W,0,10.0,1.0,45.0,0.0,0.0,154129.36*62', b'$BFNVG,154129.61,4218.000000,N,07106.000000,W,0,10.0,1.0,45.0,0.0,0.0,154129.61*62', b'$BFNVG,154129.86,4218.000000,N,07106.000000,W,0,10.0,1.0,45.0,0.0,0.0,154129.86*62']
2021-07-28 16:41:30,681 [INFO] AUV state: {'position': (0.0, 0.0), 'latlon': (42.3, -71.1), 'heading': 45.0, 'depth': 1.0, 'altitude': 10.0, 'roll': 0.0, 'pitch': 0.0, 'last_fix_time': datetime.datetime(2021, 7, 28, 15, 41, 29), 'speed': None, 'rudder': 0, 'datum': (42.3, -71.1)}
2021-07-28 16:41:31,061 [INFO] **** [(-0.21993023293121178, -7.6862156757158235)] [(15.437560812208067, -7.329055330858309)]
2021-07-28 16:41:31,064 [INFO] Next green buoy: [(-0.21993023293121178, -7.6862156757158235)], next red buoy: [(15.437560812208067, -7.329055330858309)]
2021-07-28 16:41:31,064 [INFO] Desired_heading: 52.60881528963843
2021-07-28 16:41:31,065 [INFO] sending message $BPRMB,154131.64,-20.988217786327958,,,1000,0,1*7b
...
2021-07-28 16:41:32,066 [INFO] sending message $BPSTS,154132.06,1,BWSI Autonomy OK*42
...
2021-07-28 16:41:32,067 [INFO] Processing: $BFNVG,154130.30,4218.000000,N,07106.000000,W,0,10.0,1.0,45.0,0.0,0.0,154130.30*62
2021-07-28 16:41:32,070 [INFO] Interpreted as: {'position': (0.0, 0.0), 'latlon': (42.3, -71.1), 'heading': 45.0, 'depth': 1.0, 'altitude': 10.0, 'roll': 0.0, 'pitch': 0.0, 'last_fix_time': datetime.datetime(2021, 7, 28, 15, 41, 30), 'speed': None, 'rudder': 0, 'datum': (42.3, -71.1)}
2021-07-28 16:41:32,071 [INFO] Processing: $BFNVG,154130.66,4218.000000,N,07106.000000,W,0,10.0,1.0,45.0,0.0,0.0,154130.66*62
2021-07-28 16:41:32,073 [INFO] Interpreted as: {'position': (0.0, 0.0), 'latlon': (42.3, -71.1), 'heading': 45.0, 'depth': 1.0, 'altitude': 10.0, 'roll': 0.0, 'pitch': 0.0, 'last_fix_time': datetime.datetime(2021, 7, 28, 15, 41, 30), 'speed': None, 'rudder': 0, 'datum': (42.3, -71.1)}
2021-07-28 16:41:32,074 [INFO] Processing: $BFNVG,154131.02,4218.000000,N,07106.000000,W,0,10.0,1.0,45.0,0.0,0.0,154131.02*62
2021-07-28 16:41:32,076 [INFO] Interpreted as: {'position': (0.0, 0.0), 'latlon': (42.3, -71.1), 'heading': 45.0, 'depth': 1.0, 'altitude': 10.0, 'roll': 0.0, 'pitch': 0.0, 'last_fix_time': datetime.datetime(2021, 7, 28, 15, 41, 31), 'speed': None, 'rudder': 0, 'datum': (42.3, -71.1)}
2021-07-28 16:41:32,077 [INFO] Received from Frontseat: [b'$BFNVG,154130.30,4218.000000,N,07106.000000,W,0,10.0,1.0,45.0,0.0,0.0,154130.30*62', b'$BFNVG,154130.66,4218.000000,N,07106.000000,W,0,10.0,1.0,45.0,0.0,0.0,154130.66*62', b'$BFNVG,154131.02,4218.000000,N,07106.000000,W,0,10.0,1.0,45.0,0.0,0.0,154131.02*62']
2021-07-28 16:41:32,077 [INFO] AUV state: {'position': (0.0, 0.0), 'latlon': (42.3, -71.1), 'heading': 45.0, 'depth': 1.0, 'altitude': 10.0, 'roll': 0.0, 'pitch': 0.0, 'last_fix_time': datetime.datetime(2021, 7, 28, 15, 41, 31), 'speed': None, 'rudder': 0, 'datum': (42.3, -71.1)}
2021-07-28 16:41:32,450 [INFO] **** [(-0.22035521470194389, -7.708961974233651)] [(15.437560812208067, -7.333901112744751)]
2021-07-28 16:41:32,452 [INFO] Next green buoy: [(-0.22035521470194389, -7.708961974233651)], next red buoy: [(15.437560812208067, -7.333901112744751)]
2021-07-28 16:41:32,452 [INFO] Desired_heading: 52.60860279875306
2021-07-28 16:41:32,453 [INFO] sending message $BPRMB,154132.48,-20.987338587594788,,,1000,0,1*7b
...
2021-07-28 16:41:33,455 [INFO] sending message $BPSTS,154133.45,1,BWSI Autonomy OK*44
...
2021-07-28 16:41:33,456 [INFO] Processing: $BFNVG,154131.38,4218.000000,N,07106.000000,W,0,10.0,1.0,45.0,0.0,0.0,154131.38*62
2021-07-28 16:41:33,458 [INFO] Interpreted as: {'position': (0.0, 0.0), 'latlon': (42.3, -71.1), 'heading': 45.0, 'depth': 1.0, 'altitude': 10.0, 'roll': 0.0, 'pitch': 0.0, 'last_fix_time': datetime.datetime(2021, 7, 28, 15, 41, 31), 'speed': None, 'rudder': 0, 'datum': (42.3, -71.1)}
2021-07-28 16:41:33,459 [INFO] Processing: $BFNVG,154131.74,4218.000143,N,07105.999811,W,0,10.0,1.0,46.9,0.0,0.0,154131.74*6C
2021-07-28 16:41:33,461 [INFO] Interpreted as: {'position': (0.2661943887360394, 0.2582416394725442), 'latlon': (42.300002383333336, -71.09999685), 'heading': 46.9, 'depth': 1.0, 'altitude': 10.0, 'roll': 0.0, 'pitch': 0.0, 'last_fix_time': datetime.datetime(2021, 7, 28, 15, 41, 31), 'speed': None, 'rudder': 0, 'datum': (42.3, -71.1)}
2021-07-28 16:41:33,462 [INFO] Processing: $BFNVG,154132.10,4218.000279,N,07105.999617,W,0,10.0,1.0,48.8,0.0,0.0,154132.10*61
2021-07-28 16:41:33,463 [INFO] Interpreted as: {'position': (0.5389384508016519, 0.5033588828518987), 'latlon': (42.30000465, -71.09999361666667), 'heading': 48.8, 'depth': 1.0, 'altitude': 10.0, 'roll': 0.0, 'pitch': 0.0, 'last_fix_time': datetime.datetime(2021, 7, 28, 15, 41, 32), 'speed': None, 'rudder': 0, 'datum': (42.3, -71.1)}
2021-07-28 16:41:33,464 [INFO] Received from Frontseat: [b'$BFNVG,154131.38,4218.000000,N,07106.000000,W,0,10.0,1.0,45.0,0.0,0.0,154131.38*62', b'$BFNVG,154131.74,4218.000143,N,07105.999811,W,0,10.0,1.0,46.9,0.0,0.0,154131.74*6C', b'$BFNVG,154132.10,4218.000279,N,07105.999617,W,0,10.0,1.0,48.8,0.0,0.0,154132.10*61']
2021-07-28 16:41:33,466 [INFO] AUV state: {'position': (0.5389384508016519, 0.5033588828518987), 'latlon': (42.30000465, -71.09999361666667), 'heading': 48.8, 'depth': 1.0, 'altitude': 10.0, 'roll': 0.0, 'pitch': 0.0, 'last_fix_time': datetime.datetime(2021, 7, 28, 15, 41, 32), 'speed': None, 'rudder': 0, 'datum': (42.3, -71.1)}
2021-07-28 16:41:33,821 [INFO] **** [(-4.683593622086558, -8.437922007789972)] [(12.660596152701002, -8.136504789204391)]
2021-07-28 16:41:33,823 [INFO] Next green buoy: [(-4.683593622086558, -8.437922007789972)], next red buoy: [(12.660596152701002, -8.136504789204391)]
2021-07-28 16:41:33,824 [INFO] Desired_heading: 52.78850126530722
2021-07-28 16:41:33,825 [INFO] sending message $BPRMB,154134.42,-7.965528599231063,,,1000,0,1*4c
...
2021-07-28 16:41:34,826 [INFO] sending message $BPSTS,154134.82,1,BWSI Autonomy OK*48
...
2021-07-28 16:41:34,828 [INFO] Processing: $BFNVG,154132.48,4218.000421,N,07105.999402,W,0,10.0,1.0,50.8,0.0,0.0,154132.48*65
2021-07-28 16:41:34,835 [INFO] Interpreted as: {'position': (0.8408080021617934, 0.7588683171197772), 'latlon': (42.30000701666667, -71.09999003333333), 'heading': 50.8, 'depth': 1.0, 'altitude': 10.0, 'roll': 0.0, 'pitch': 0.0, 'last_fix_time': datetime.datetime(2021, 7, 28, 15, 41, 32), 'speed': None, 'rudder': 0, 'datum': (42.3, -71.1)}
2021-07-28 16:41:34,836 [INFO] Processing: $BFNVG,154132.83,4218.000545,N,07105.999201,W,0,10.0,1.0,52.6,0.0,0.0,154132.83*6F
2021-07-28 16:41:34,838 [INFO] Interpreted as: {'position': (1.1226211205357686, 0.9815398836508393), 'latlon': (42.300009083333336, -71.09998668333333), 'heading': 52.6, 'depth': 1.0, 'altitude': 10.0, 'roll': 0.0, 'pitch': 0.0, 'last_fix_time': datetime.datetime(2021, 7, 28, 15, 41, 32), 'speed': None, 'rudder': 0, 'datum': (42.3, -71.1)}
2021-07-28 16:41:34,839 [INFO] Processing: $BFNVG,154133.17,4218.000662,N,07105.999000,W,0,10.0,1.0,54.4,0.0,0.0,154133.17*6E
2021-07-28 16:41:34,842 [INFO] Interpreted as: {'position': (1.4041145208175294, 1.1912565799430013), 'latlon': (42.300011033333334, -71.09998333333333), 'heading': 54.4, 'depth': 1.0, 'altitude': 10.0, 'roll': 0.0, 'pitch': 0.0, 'last_fix_time': datetime.datetime(2021, 7, 28, 15, 41, 33), 'speed': None, 'rudder': 0, 'datum': (42.3, -71.1)}
2021-07-28 16:41:34,842 [INFO] Processing: $BFNVG,154133.51,4218.000772,N,07105.998796,W,0,10.0,1.0,56.2,0.0,0.0,154133.51*63
2021-07-28 16:41:34,844 [INFO] Interpreted as: {'position': (1.6894098412594758, 1.3879166953265667), 'latlon': (42.30001286666667, -71.09997993333333), 'heading': 56.2, 'depth': 1.0, 'altitude': 10.0, 'roll': 0.0, 'pitch': 0.0, 'last_fix_time': datetime.datetime(2021, 7, 28, 15, 41, 33), 'speed': None, 'rudder': 0, 'datum': (42.3, -71.1)}
2021-07-28 16:41:34,845 [INFO] Received from Frontseat: [b'$BFNVG,154132.48,4218.000421,N,07105.999402,W,0,10.0,1.0,50.8,0.0,0.0,154132.48*65', b'$BFNVG,154132.83,4218.000545,N,07105.999201,W,0,10.0,1.0,52.6,0.0,0.0,154132.83*6F', b'$BFNVG,154133.17,4218.000662,N,07105.999000,W,0,10.0,1.0,54.4,0.0,0.0,154133.17*6E', b'$BFNVG,154133.51,4218.000772,N,07105.998796,W,0,10.0,1.0,56.2,0.0,0.0,154133.51*63']
2021-07-28 16:41:34,846 [INFO] AUV state: {'position': (1.6894098412594758, 1.3879166953265667), 'latlon': (42.30001286666667, -71.09997993333333), 'heading': 56.2, 'depth': 1.0, 'altitude': 10.0, 'roll': 0.0, 'pitch': 0.0, 'last_fix_time': datetime.datetime(2021, 7, 28, 15, 41, 33), 'speed': None, 'rudder': 0, 'datum': (42.3, -71.1)}
2021-07-28 16:41:35,222 [INFO] **** [(-14.80942772792145, -10.496151880706027)] [(6.840718371105687, -9.986083724732993)]
2021-07-28 16:41:35,224 [INFO] Next green buoy: [(-14.80942772792145, -10.496151880706027)], next red buoy: [(6.840718371105687, -9.986083724732993)]
2021-07-28 16:41:35,224 [INFO] Desired_heading: 52.21564532159212
2021-07-28 16:41:35,226 [INFO] sending message $BPRMB,154135.22,nan,,,1000,0,1*2b
...
2021-07-28 16:41:36,227 [INFO] sending message $BPSTS,154136.22,1,BWSI Autonomy OK*40
...
2021-07-28 16:41:36,228 [INFO] Processing: $BFNVG,154133.85,4218.000878,N,07105.998587,W,0,10.0,1.0,58.0,0.0,0.0,154133.85*68
2021-07-28 16:41:36,230 [INFO] Interpreted as: {'position': (1.9813918543513864, 1.5770045071840286), 'latlon': (42.30001463333333, -71.09997645), 'heading': 58.0, 'depth': 1.0, 'altitude': 10.0, 'roll': 0.0, 'pitch': 0.0, 'last_fix_time': datetime.datetime(2021, 7, 28, 15, 41, 33), 'speed': None, 'rudder': 0, 'datum': (42.3, -71.1)}
2021-07-28 16:41:36,231 [INFO] Processing: $BFNVG,154134.19,4218.000981,N,07105.998374,W,0,10.0,1.0,58.6,0.0,0.0,154134.19*63
2021-07-28 16:41:36,233 [INFO] Interpreted as: {'position': (2.2787323590600863, 1.76040462218225), 'latlon': (42.30001635, -71.0999729), 'heading': 58.6, 'depth': 1.0, 'altitude': 10.0, 'roll': 0.0, 'pitch': 0.0, 'last_fix_time': datetime.datetime(2021, 7, 28, 15, 41, 34), 'speed': None, 'rudder': 0, 'datum': (42.3, -71.1)}
2021-07-28 16:41:36,234 [INFO] Processing: $BFNVG,154134.53,4218.001083,N,07105.998159,W,0,10.0,1.0,59.3,0.0,0.0,154134.53*60
2021-07-28 16:41:36,236 [INFO] Interpreted as: {'position': (2.5787749310256913, 1.9418862434104085), 'latlon': (42.30001805, -71.09996931666667), 'heading': 59.3, 'depth': 1.0, 'altitude': 10.0, 'roll': 0.0, 'pitch': 0.0, 'last_fix_time': datetime.datetime(2021, 7, 28, 15, 41, 34), 'speed': None, 'rudder': 0, 'datum': (42.3, -71.1)}
2021-07-28 16:41:36,237 [INFO] Processing: $BFNVG,154134.87,4218.001183,N,07105.997942,W,0,10.0,1.0,60.0,0.0,0.0,154134.87*65
2021-07-28 16:41:36,239 [INFO] Interpreted as: {'position': (2.881473907502368, 2.1195986745879054), 'latlon': (42.30001971666667, -71.0999657), 'heading': 60.0, 'depth': 1.0, 'altitude': 10.0, 'roll': 0.0, 'pitch': 0.0, 'last_fix_time': datetime.datetime(2021, 7, 28, 15, 41, 34), 'speed': None, 'rudder': 0, 'datum': (42.3, -71.1)}
2021-07-28 16:41:36,239 [INFO] Processing: $BFNVG,154135.21,4218.001280,N,07105.997725,W,0,10.0,1.0,60.7,0.0,0.0,154135.21*6D
2021-07-28 16:41:36,241 [INFO] Interpreted as: {'position': (3.184035850223154, 2.2917590271681547), 'latlon': (42.30002133333333, -71.09996208333334), 'heading': 60.7, 'depth': 1.0, 'altitude': 10.0, 'roll': 0.0, 'pitch': 0.0, 'last_fix_time': datetime.datetime(2021, 7, 28, 15, 41, 35), 'speed': None, 'rudder': 0, 'datum': (42.3, -71.1)}
2021-07-28 16:41:36,242 [INFO] Received from Frontseat: [b'$BFNVG,154133.85,4218.000878,N,07105.998587,W,0,10.0,1.0,58.0,0.0,0.0,154133.85*68', b'$BFNVG,154134.19,4218.000981,N,07105.998374,W,0,10.0,1.0,58.6,0.0,0.0,154134.19*63', b'$BFNVG,154134.53,4218.001083,N,07105.998159,W,0,10.0,1.0,59.3,0.0,0.0,154134.53*60', b'$BFNVG,154134.87,4218.001183,N,07105.997942,W,0,10.0,1.0,60.0,0.0,0.0,154134.87*65', b'$BFNVG,154135.21,4218.001280,N,07105.997725,W,0,10.0,1.0,60.7,0.0,0.0,154135.21*6D']
2021-07-28 16:41:36,242 [INFO] AUV state: {'position': (3.184035850223154, 2.2917590271681547), 'latlon': (42.30002133333333, -71.09996208333334), 'heading': 60.7, 'depth': 1.0, 'altitude': 10.0, 'roll': 0.0, 'pitch': 0.0, 'last_fix_time': datetime.datetime(2021, 7, 28, 15, 41, 35), 'speed': None, 'rudder': 0, 'datum': (42.3, -71.1)}
2021-07-28 16:41:36,612 [INFO] **** [] [(3.3231709396650513, -14.08320305911139)]
2021-07-28 16:41:36,614 [INFO] Next green buoy: [], next red buoy: [(3.3231709396650513, -14.08320305911139)]
2021-07-28 16:41:36,615 [INFO] Desired_heading: 64.02317093966505
2021-07-28 16:41:36,615 [INFO] sending message $BPRMB,154137.22,-6.057996556153252,,,1000,0,1*4d
...
2021-07-28 16:41:37,617 [INFO] sending message $BPSTS,154137.61,1,BWSI Autonomy OK*46
...
2021-07-28 16:41:37,617 [INFO] Processing: $BFNVG,154135.55,4218.001375,N,07105.997505,W,0,10.0,1.0,61.3,0.0,0.0,154135.55*63
2021-07-28 16:41:37,619 [INFO] Interpreted as: {'position': (3.490628077473957, 2.4601162848994136), 'latlon': (42.30002291666667, -71.09995841666667), 'heading': 61.3, 'depth': 1.0, 'altitude': 10.0, 'roll': 0.0, 'pitch': 0.0, 'last_fix_time': datetime.datetime(2021, 7, 28, 15, 41, 35), 'speed': None, 'rudder': 0, 'datum': (42.3, -71.1)}
2021-07-28 16:41:37,619 [INFO] Processing: $BFNVG,154135.89,4218.001469,N,07105.997285,W,0,10.0,1.0,62.0,0.0,0.0,154135.89*66
2021-07-28 16:41:37,621 [INFO] Interpreted as: {'position': (3.797174616367556, 2.626622856594622), 'latlon': (42.30002448333333, -71.09995475), 'heading': 62.0, 'depth': 1.0, 'altitude': 10.0, 'roll': 0.0, 'pitch': 0.0, 'last_fix_time': datetime.datetime(2021, 7, 28, 15, 41, 35), 'speed': None, 'rudder': 0, 'datum': (42.3, -71.1)}
2021-07-28 16:41:37,621 [INFO] Processing: $BFNVG,154136.23,4218.001561,N,07105.997062,W,0,10.0,1.0,62.7,0.0,0.0,154136.23*63
2021-07-28 16:41:37,622 [INFO] Interpreted as: {'position': (4.107751435949467, 2.789326336234808), 'latlon': (42.30002601666666, -71.09995103333333), 'heading': 62.7, 'depth': 1.0, 'altitude': 10.0, 'roll': 0.0, 'pitch': 0.0, 'last_fix_time': datetime.datetime(2021, 7, 28, 15, 41, 36), 'speed': None, 'rudder': 0, 'datum': (42.3, -71.1)}
2021-07-28 16:41:37,623 [INFO] Processing: $BFNVG,154136.57,4218.001651,N,07105.996838,W,0,10.0,1.0,63.4,0.0,0.0,154136.57*67
2021-07-28 16:41:37,624 [INFO] Interpreted as: {'position': (4.419610780081712, 2.9482945296913385), 'latlon': (42.30002751666667, -71.0999473), 'heading': 63.4, 'depth': 1.0, 'altitude': 10.0, 'roll': 0.0, 'pitch': 0.0, 'last_fix_time': datetime.datetime(2021, 7, 28, 15, 41, 36), 'speed': None, 'rudder': 0, 'datum': (42.3, -71.1)}
2021-07-28 16:41:37,625 [INFO] Received from Frontseat: [b'$BFNVG,154135.55,4218.001375,N,07105.997505,W,0,10.0,1.0,61.3,0.0,0.0,154135.55*63', b'$BFNVG,154135.89,4218.001469,N,07105.997285,W,0,10.0,1.0,62.0,0.0,0.0,154135.89*66', b'$BFNVG,154136.23,4218.001561,N,07105.997062,W,0,10.0,1.0,62.7,0.0,0.0,154136.23*63', b'$BFNVG,154136.57,4218.001651,N,07105.996838,W,0,10.0,1.0,63.4,0.0,0.0,154136.57*67']
2021-07-28 16:41:37,625 [INFO] AUV state: {'position': (4.419610780081712, 2.9482945296913385), 'latlon': (42.30002751666667, -71.0999473), 'heading': 63.4, 'depth': 1.0, 'altitude': 10.0, 'roll': 0.0, 'pitch': 0.0, 'last_fix_time': datetime.datetime(2021, 7, 28, 15, 41, 36), 'speed': None, 'rudder': 0, 'datum': (42.3, -71.1)}
2021-07-28 16:41:37,978 [INFO] **** [] [(1.1108682001282497, -20.840367564087988), (-23.662326455494377, -5.039163849935161)]
2021-07-28 16:41:37,980 [INFO] Next green buoy: [], next red buoy: [(1.1108682001282497, -20.840367564087988), (-23.662326455494377, -5.039163849935161)]
2021-07-28 16:41:37,980 [INFO] Desired_heading: 64.51086820012824
2021-07-28 16:41:37,981 [INFO] sending message $BPRMB,154138.00,-1.1708298932156735,,,1000,0,1*73
...
2021-07-28 16:41:38,982 [INFO] sending message $BPSTS,154138.98,1,BWSI Autonomy OK*4f
...
2021-07-28 16:41:38,983 [INFO] Processing: $BFNVG,154136.93,4218.001743,N,07105.996602,W,0,10.0,1.0,64.1,0.0,0.0,154136.93*60
2021-07-28 16:41:38,985 [INFO] Interpreted as: {'position': (4.748047997243702, 3.110557282343507), 'latlon': (42.30002905, -71.09994336666666), 'heading': 64.1, 'depth': 1.0, 'altitude': 10.0, 'roll': 0.0, 'pitch': 0.0, 'last_fix_time': datetime.datetime(2021, 7, 28, 15, 41, 36), 'speed': None, 'rudder': 0, 'datum': (42.3, -71.1)}
2021-07-28 16:41:38,986 [INFO] Processing: $BFNVG,154137.28,4218.001832,N,07105.996365,W,0,10.0,1.0,64.6,0.0,0.0,154137.28*6A
2021-07-28 16:41:38,987 [INFO] Interpreted as: {'position': (5.07772206957452, 3.267234055325389), 'latlon': (42.300030533333334, -71.09993941666667), 'heading': 64.6, 'depth': 1.0, 'altitude': 10.0, 'roll': 0.0, 'pitch': 0.0, 'last_fix_time': datetime.datetime(2021, 7, 28, 15, 41, 37), 'speed': None, 'rudder': 0, 'datum': (42.3, -71.1)}
2021-07-28 16:41:38,990 [INFO] Processing: $BFNVG,154137.62,4218.001917,N,07105.996137,W,0,10.0,1.0,65.1,0.0,0.0,154137.62*6F
2021-07-28 16:41:38,992 [INFO] Interpreted as: {'position': (5.394848529831506, 3.416813189163804), 'latlon': (42.30003195, -71.09993561666667), 'heading': 65.1, 'depth': 1.0, 'altitude': 10.0, 'roll': 0.0, 'pitch': 0.0, 'last_fix_time': datetime.datetime(2021, 7, 28, 15, 41, 37), 'speed': None, 'rudder': 0, 'datum': (42.3, -71.1)}
2021-07-28 16:41:38,993 [INFO] Processing: $BFNVG,154137.96,4218.002000,N,07105.995907,W,0,10.0,1.0,65.7,0.0,0.0,154137.96*6D
2021-07-28 16:41:38,996 [INFO] Interpreted as: {'position': (5.714631392911542, 3.562623134814203), 'latlon': (42.30003333333333, -71.09993178333333), 'heading': 65.7, 'depth': 1.0, 'altitude': 10.0, 'roll': 0.0, 'pitch': 0.0, 'last_fix_time': datetime.datetime(2021, 7, 28, 15, 41, 37), 'speed': None, 'rudder': 0, 'datum': (42.3, -71.1)}
2021-07-28 16:41:38,997 [INFO] Received from Frontseat: [b'$BFNVG,154136.93,4218.001743,N,07105.996602,W,0,10.0,1.0,64.1,0.0,0.0,154136.93*60', b'$BFNVG,154137.28,4218.001832,N,07105.996365,W,0,10.0,1.0,64.6,0.0,0.0,154137.28*6A', b'$BFNVG,154137.62,4218.001917,N,07105.996137,W,0,10.0,1.0,65.1,0.0,0.0,154137.62*6F', b'$BFNVG,154137.96,4218.002000,N,07105.995907,W,0,10.0,1.0,65.7,0.0,0.0,154137.96*6D']
2021-07-28 16:41:38,998 [INFO] AUV state: {'position': (5.714631392911542, 3.562623134814203), 'latlon': (42.30003333333333, -71.09993178333333), 'heading': 65.7, 'depth': 1.0, 'altitude': 10.0, 'roll': 0.0, 'pitch': 0.0, 'last_fix_time': datetime.datetime(2021, 7, 28, 15, 41, 37), 'speed': None, 'rudder': 0, 'datum': (42.3, -71.1)}
2021-07-28 16:41:39,417 [INFO] **** [] [(-1.6203403434278287, -23.700319098153965)]
2021-07-28 16:41:39,419 [INFO] Next green buoy: [], next red buoy: [(-1.6203403434278287, -23.700319098153965)]
2021-07-28 16:41:39,420 [INFO] Desired_heading: 64.07965965657218
2021-07-28 16:41:39,420 [INFO] sending message $BPRMB,154139.95,nan,,,1000,0,1*2b
...
2021-07-28 16:41:40,422 [INFO] sending message $BPSTS,154140.42,1,BWSI Autonomy OK*47
...
2021-07-28 16:41:40,423 [INFO] Processing: $BFNVG,154138.31,4218.002082,N,07105.995676,W,0,10.0,1.0,66.2,0.0,0.0,154138.31*68
2021-07-28 16:41:40,430 [INFO] Interpreted as: {'position': (6.035742452717386, 3.7065484952181578), 'latlon': (42.3000347, -71.09992793333333), 'heading': 66.2, 'depth': 1.0, 'altitude': 10.0, 'roll': 0.0, 'pitch': 0.0, 'last_fix_time': datetime.datetime(2021, 7, 28, 15, 41, 38), 'speed': None, 'rudder': 0, 'datum': (42.3, -71.1)}
2021-07-28 16:41:40,431 [INFO] Processing: $BFNVG,154138.65,4218.002163,N,07105.995445,W,0,10.0,1.0,66.3,0.0,0.0,154138.65*65
2021-07-28 16:41:40,433 [INFO] Interpreted as: {'position': (6.356807824166026, 3.84862317238003), 'latlon': (42.30003605, -71.09992408333333), 'heading': 66.3, 'depth': 1.0, 'altitude': 10.0, 'roll': 0.0, 'pitch': 0.0, 'last_fix_time': datetime.datetime(2021, 7, 28, 15, 41, 38), 'speed': None, 'rudder': 0, 'datum': (42.3, -71.1)}
2021-07-28 16:41:40,434 [INFO] Processing: $BFNVG,154138.99,4218.002243,N,07105.995213,W,0,10.0,1.0,66.4,0.0,0.0,154138.99*66
2021-07-28 16:41:40,436 [INFO] Interpreted as: {'position': (6.679201394901611, 3.988813261501491), 'latlon': (42.30003738333333, -71.09992021666666), 'heading': 66.4, 'depth': 1.0, 'altitude': 10.0, 'roll': 0.0, 'pitch': 0.0, 'last_fix_time': datetime.datetime(2021, 7, 28, 15, 41, 38), 'speed': None, 'rudder': 0, 'datum': (42.3, -71.1)}
2021-07-28 16:41:40,437 [INFO] Processing: $BFNVG,154139.33,4218.002323,N,07105.994982,W,0,10.0,1.0,66.5,0.0,0.0,154139.33*62
2021-07-28 16:41:40,439 [INFO] Interpreted as: {'position': (7.000221073161811, 4.129037270322442), 'latlon': (42.30003871666667, -71.09991636666666), 'heading': 66.5, 'depth': 1.0, 'altitude': 10.0, 'roll': 0.0, 'pitch': 0.0, 'last_fix_time': datetime.datetime(2021, 7, 28, 15, 41, 39), 'speed': None, 'rudder': 0, 'datum': (42.3, -71.1)}
2021-07-28 16:41:40,440 [INFO] Received from Frontseat: [b'$BFNVG,154138.31,4218.002082,N,07105.995676,W,0,10.0,1.0,66.2,0.0,0.0,154138.31*68', b'$BFNVG,154138.65,4218.002163,N,07105.995445,W,0,10.0,1.0,66.3,0.0,0.0,154138.65*65', b'$BFNVG,154138.99,4218.002243,N,07105.995213,W,0,10.0,1.0,66.4,0.0,0.0,154138.99*66', b'$BFNVG,154139.33,4218.002323,N,07105.994982,W,0,10.0,1.0,66.5,0.0,0.0,154139.33*62']
2021-07-28 16:41:40,441 [INFO] AUV state: {'position': (7.000221073161811, 4.129037270322442), 'latlon': (42.30003871666667, -71.09991636666666), 'heading': 66.5, 'depth': 1.0, 'altitude': 10.0, 'roll': 0.0, 'pitch': 0.0, 'last_fix_time': datetime.datetime(2021, 7, 28, 15, 41, 39), 'speed': None, 'rudder': 0, 'datum': (42.3, -71.1)}
2021-07-28 16:41:40,788 [INFO] **** [] []
2021-07-28 16:41:40,791 [INFO] Next green buoy: [], next red buoy: []
2021-07-28 16:41:40,791 [INFO] Desired_heading: 67.5
2021-07-28 16:41:40,792 [INFO] sending message $BPRMB,154140.88,-1.0,,,1000,0,1*4a
...
2021-07-28 16:41:41,793 [INFO] sending message $BPSTS,154141.79,1,BWSI Autonomy OK*4e
...
2021-07-28 16:41:41,795 [INFO] Processing: $BFNVG,154139.68,4218.002406,N,07105.994742,W,0,10.0,1.0,66.6,0.0,0.0,154139.68*63
2021-07-28 16:41:41,797 [INFO] Interpreted as: {'position': (7.333742654882371, 4.274508250877261), 'latlon': (42.3000401, -71.09991236666667), 'heading': 66.6, 'depth': 1.0, 'altitude': 10.0, 'roll': 0.0, 'pitch': 0.0, 'last_fix_time': datetime.datetime(2021, 7, 28, 15, 41, 39), 'speed': None, 'rudder': 0, 'datum': (42.3, -71.1)}
2021-07-28 16:41:41,798 [INFO] Processing: $BFNVG,154140.02,4218.002485,N,07105.994510,W,0,10.0,1.0,66.7,0.0,0.0,154140.02*6C
2021-07-28 16:41:41,800 [INFO] Interpreted as: {'position': (7.65609051467618, 4.41284768935293), 'latlon': (42.300041416666666, -71.0999085), 'heading': 66.7, 'depth': 1.0, 'altitude': 10.0, 'roll': 0.0, 'pitch': 0.0, 'last_fix_time': datetime.datetime(2021, 7, 28, 15, 41, 40), 'speed': None, 'rudder': 0, 'datum': (42.3, -71.1)}
2021-07-28 16:41:41,800 [INFO] Processing: $BFNVG,154140.36,4218.002564,N,07105.994278,W,0,10.0,1.0,66.8,0.0,0.0,154140.36*64
2021-07-28 16:41:41,802 [INFO] Interpreted as: {'position': (7.978438359103166, 4.551187140867114), 'latlon': (42.300042733333335, -71.09990463333334), 'heading': 66.8, 'depth': 1.0, 'altitude': 10.0, 'roll': 0.0, 'pitch': 0.0, 'last_fix_time': datetime.datetime(2021, 7, 28, 15, 41, 40), 'speed': None, 'rudder': 0, 'datum': (42.3, -71.1)}
2021-07-28 16:41:41,804 [INFO] Processing: $BFNVG,154140.70,4218.002643,N,07105.994046,W,0,10.0,1.0,66.9,0.0,0.0,154140.70*6C
2021-07-28 16:41:41,806 [INFO] Interpreted as: {'position': (8.30078619014239, 4.689526606351137), 'latlon': (42.30004405, -71.09990076666666), 'heading': 66.9, 'depth': 1.0, 'altitude': 10.0, 'roll': 0.0, 'pitch': 0.0, 'last_fix_time': datetime.datetime(2021, 7, 28, 15, 41, 40), 'speed': None, 'rudder': 0, 'datum': (42.3, -71.1)}
2021-07-28 16:41:41,807 [INFO] Received from Frontseat: [b'$BFNVG,154139.68,4218.002406,N,07105.994742,W,0,10.0,1.0,66.6,0.0,0.0,154139.68*63', b'$BFNVG,154140.02,4218.002485,N,07105.994510,W,0,10.0,1.0,66.7,0.0,0.0,154140.02*6C', b'$BFNVG,154140.36,4218.002564,N,07105.994278,W,0,10.0,1.0,66.8,0.0,0.0,154140.36*64', b'$BFNVG,154140.70,4218.002643,N,07105.994046,W,0,10.0,1.0,66.9,0.0,0.0,154140.70*6C']
2021-07-28 16:41:41,807 [INFO] AUV state: {'position': (8.30078619014239, 4.689526606351137), 'latlon': (42.30004405, -71.09990076666666), 'heading': 66.9, 'depth': 1.0, 'altitude': 10.0, 'roll': 0.0, 'pitch': 0.0, 'last_fix_time': datetime.datetime(2021, 7, 28, 15, 41, 40), 'speed': None, 'rudder': 0, 'datum': (42.3, -71.1)}
2021-07-28 16:41:42,163 [INFO] **** [] []
2021-07-28 16:41:42,165 [INFO] Next green buoy: [], next red buoy: []
2021-07-28 16:41:42,165 [INFO] Desired_heading: 67.9
2021-07-28 16:41:42,166 [INFO] sending message $BPRMB,154142.70,-1.0,,,1000,0,1*4f
...
2021-07-28 16:41:43,167 [INFO] sending message $BPSTS,154143.16,1,BWSI Autonomy OK*45
...
2021-07-28 16:41:43,168 [INFO] Processing: $BFNVG,154141.05,4218.002722,N,07105.993813,W,0,10.0,1.0,67.0,0.0,0.0,154141.05*6D
2021-07-28 16:41:43,170 [INFO] Interpreted as: {'position': (8.624507888918743, 4.827832182869315), 'latlon': (42.300045366666666, -71.09989688333333), 'heading': 67.0, 'depth': 1.0, 'altitude': 10.0, 'roll': 0.0, 'pitch': 0.0, 'last_fix_time': datetime.datetime(2021, 7, 28, 15, 41, 41), 'speed': None, 'rudder': 0, 'datum': (42.3, -71.1)}
2021-07-28 16:41:43,171 [INFO] Processing: $BFNVG,154141.39,4218.002801,N,07105.993579,W,0,10.0,1.0,67.1,0.0,0.0,154141.39*63
2021-07-28 16:41:43,173 [INFO] Interpreted as: {'position': (8.949603450892027, 4.966103872284293), 'latlon': (42.300046683333335, -71.09989298333333), 'heading': 67.1, 'depth': 1.0, 'altitude': 10.0, 'roll': 0.0, 'pitch': 0.0, 'last_fix_time': datetime.datetime(2021, 7, 28, 15, 41, 41), 'speed': None, 'rudder': 0, 'datum': (42.3, -71.1)}
2021-07-28 16:41:43,173 [INFO] Processing: $BFNVG,154141.73,4218.002879,N,07105.993346,W,0,10.0,1.0,67.1,0.0,0.0,154141.73*66
2021-07-28 16:41:43,175 [INFO] Interpreted as: {'position': (9.273279451124836, 5.102558781392872), 'latlon': (42.300047983333336, -71.0998891), 'heading': 67.1, 'depth': 1.0, 'altitude': 10.0, 'roll': 0.0, 'pitch': 0.0, 'last_fix_time': datetime.datetime(2021, 7, 28, 15, 41, 41), 'speed': None, 'rudder': 0, 'datum': (42.3, -71.1)}
2021-07-28 16:41:43,176 [INFO] Processing: $BFNVG,154142.08,4218.002957,N,07105.993111,W,0,10.0,1.0,67.2,0.0,0.0,154142.08*68
2021-07-28 16:41:43,177 [INFO] Interpreted as: {'position': (9.599703197716735, 5.2389458976686), 'latlon': (42.30004928333334, -71.09988518333333), 'heading': 67.2, 'depth': 1.0, 'altitude': 10.0, 'roll': 0.0, 'pitch': 0.0, 'last_fix_time': datetime.datetime(2021, 7, 28, 15, 41, 42), 'speed': None, 'rudder': 0, 'datum': (42.3, -71.1)}
2021-07-28 16:41:43,178 [INFO] Received from Frontseat: [b'$BFNVG,154141.05,4218.002722,N,07105.993813,W,0,10.0,1.0,67.0,0.0,0.0,154141.05*6D', b'$BFNVG,154141.39,4218.002801,N,07105.993579,W,0,10.0,1.0,67.1,0.0,0.0,154141.39*63', b'$BFNVG,154141.73,4218.002879,N,07105.993346,W,0,10.0,1.0,67.1,0.0,0.0,154141.73*66', b'$BFNVG,154142.08,4218.002957,N,07105.993111,W,0,10.0,1.0,67.2,0.0,0.0,154142.08*68']
2021-07-28 16:41:43,179 [INFO] AUV state: {'position': (9.599703197716735, 5.2389458976686), 'latlon': (42.30004928333334, -71.09988518333333), 'heading': 67.2, 'depth': 1.0, 'altitude': 10.0, 'roll': 0.0, 'pitch': 0.0, 'last_fix_time': datetime.datetime(2021, 7, 28, 15, 41, 42), 'speed': None, 'rudder': 0, 'datum': (42.3, -71.1)}
2021-07-28 16:41:43,521 [INFO] **** [] []
2021-07-28 16:41:43,523 [INFO] Next green buoy: [], next red buoy: []
2021-07-28 16:41:43,523 [INFO] Desired_heading: 68.2
2021-07-28 16:41:43,524 [INFO] sending message $BPRMB,154143.63,-1.0,,,1000,0,1*4c
...
2021-07-28 16:41:44,526 [INFO] sending message $BPSTS,154144.52,1,BWSI Autonomy OK*42
...
2021-07-28 16:41:44,527 [INFO] Processing: $BFNVG,154142.42,4218.003035,N,07105.992878,W,0,10.0,1.0,67.3,0.0,0.0,154142.42*62
2021-07-28 16:41:44,529 [INFO] Interpreted as: {'position': (9.92337916942779, 5.375400836579502), 'latlon': (42.30005058333333, -71.0998813), 'heading': 67.3, 'depth': 1.0, 'altitude': 10.0, 'roll': 0.0, 'pitch': 0.0, 'last_fix_time': datetime.datetime(2021, 7, 28, 15, 41, 42), 'speed': None, 'rudder': 0, 'datum': (42.3, -71.1)}
2021-07-28 16:41:44,530 [INFO] Processing: $BFNVG,154142.76,4218.003113,N,07105.992644,W,0,10.0,1.0,67.4,0.0,0.0,154142.76*61
2021-07-28 16:41:44,532 [INFO] Interpreted as: {'position': (10.248429010796826, 5.511821886524558), 'latlon': (42.30005188333333, -71.0998774), 'heading': 67.4, 'depth': 1.0, 'altitude': 10.0, 'roll': 0.0, 'pitch': 0.0, 'last_fix_time': datetime.datetime(2021, 7, 28, 15, 41, 42), 'speed': None, 'rudder': 0, 'datum': (42.3, -71.1)}
2021-07-28 16:41:44,533 [INFO] Processing: $BFNVG,154143.10,4218.003190,N,07105.992408,W,0,10.0,1.0,67.5,0.0,0.0,154143.10*61
2021-07-28 16:41:44,535 [INFO] Interpreted as: {'position': (10.576180926815141, 5.646324448287487), 'latlon': (42.300053166666665, -71.09987346666666), 'heading': 67.5, 'depth': 1.0, 'altitude': 10.0, 'roll': 0.0, 'pitch': 0.0, 'last_fix_time': datetime.datetime(2021, 7, 28, 15, 41, 43), 'speed': None, 'rudder': 0, 'datum': (42.3, -71.1)}
2021-07-28 16:41:44,536 [INFO] Processing: $BFNVG,154143.44,4218.003267,N,07105.992175,W,0,10.0,1.0,67.6,0.0,0.0,154143.44*66
2021-07-28 16:41:44,538 [INFO] Interpreted as: {'position': (10.899811191717163, 5.780928731895983), 'latlon': (42.30005445, -71.09986958333333), 'heading': 67.6, 'depth': 1.0, 'altitude': 10.0, 'roll': 0.0, 'pitch': 0.0, 'last_fix_time': datetime.datetime(2021, 7, 28, 15, 41, 43), 'speed': None, 'rudder': 0, 'datum': (42.3, -71.1)}
2021-07-28 16:41:44,539 [INFO] Received from Frontseat: [b'$BFNVG,154142.42,4218.003035,N,07105.992878,W,0,10.0,1.0,67.3,0.0,0.0,154142.42*62', b'$BFNVG,154142.76,4218.003113,N,07105.992644,W,0,10.0,1.0,67.4,0.0,0.0,154142.76*61', b'$BFNVG,154143.10,4218.003190,N,07105.992408,W,0,10.0,1.0,67.5,0.0,0.0,154143.10*61', b'$BFNVG,154143.44,4218.003267,N,07105.992175,W,0,10.0,1.0,67.6,0.0,0.0,154143.44*66']
2021-07-28 16:41:44,539 [INFO] AUV state: {'position': (10.899811191717163, 5.780928731895983), 'latlon': (42.30005445, -71.09986958333333), 'heading': 67.6, 'depth': 1.0, 'altitude': 10.0, 'roll': 0.0, 'pitch': 0.0, 'last_fix_time': datetime.datetime(2021, 7, 28, 15, 41, 43), 'speed': None, 'rudder': 0, 'datum': (42.3, -71.1)}
2021-07-28 16:41:44,889 [INFO] **** [] []
2021-07-28 16:41:44,891 [INFO] Next green buoy: [], next red buoy: []
2021-07-28 16:41:44,891 [INFO] Desired_heading: 68.6
2021-07-28 16:41:44,892 [INFO] sending message $BPRMB,154145.41,-1.0,,,1000,0,1*4a
...
2021-07-28 16:41:45,893 [INFO] sending message $BPSTS,154145.89,1,BWSI Autonomy OK*45
...
2021-07-28 16:41:45,894 [INFO] Processing: $BFNVG,154143.79,4218.003344,N,07105.991941,W,0,10.0,1.0,67.7,0.0,0.0,154143.79*6B
2021-07-28 16:41:45,896 [INFO] Interpreted as: {'position': (11.224815322319046, 5.915499130263925), 'latlon': (42.30005573333333, -71.09986568333333), 'heading': 67.7, 'depth': 1.0, 'altitude': 10.0, 'roll': 0.0, 'pitch': 0.0, 'last_fix_time': datetime.datetime(2021, 7, 28, 15, 41, 43), 'speed': None, 'rudder': 0, 'datum': (42.3, -71.1)}
2021-07-28 16:41:45,897 [INFO] Processing: $BFNVG,154144.13,4218.003420,N,07105.991706,W,0,10.0,1.0,67.7,0.0,0.0,154144.13*63
2021-07-28 16:41:45,899 [INFO] Interpreted as: {'position': (11.551147651218344, 6.048184941522777), 'latlon': (42.300057, -71.09986176666666), 'heading': 67.7, 'depth': 1.0, 'altitude': 10.0, 'roll': 0.0, 'pitch': 0.0, 'last_fix_time': datetime.datetime(2021, 7, 28, 15, 41, 44), 'speed': None, 'rudder': 0, 'datum': (42.3, -71.1)}
2021-07-28 16:41:45,900 [INFO] Processing: $BFNVG,154144.48,4218.003497,N,07105.991468,W,0,10.0,1.0,67.8,0.0,0.0,154144.48*6B
2021-07-28 16:41:45,902 [INFO] Interpreted as: {'position': (11.881647269823588, 6.182619757950306), 'latlon': (42.300058283333335, -71.0998578), 'heading': 67.8, 'depth': 1.0, 'altitude': 10.0, 'roll': 0.0, 'pitch': 0.0, 'last_fix_time': datetime.datetime(2021, 7, 28, 15, 41, 44), 'speed': None, 'rudder': 0, 'datum': (42.3, -71.1)}
2021-07-28 16:41:45,902 [INFO] Processing: $BFNVG,154144.82,4218.003574,N,07105.991231,W,0,10.0,1.0,67.9,0.0,0.0,154144.82*6C
2021-07-28 16:41:45,904 [INFO] Interpreted as: {'position': (12.210772996535525, 6.317088490352035), 'latlon': (42.30005956666667, -71.09985385), 'heading': 67.9, 'depth': 1.0, 'altitude': 10.0, 'roll': 0.0, 'pitch': 0.0, 'last_fix_time': datetime.datetime(2021, 7, 28, 15, 41, 44), 'speed': None, 'rudder': 0, 'datum': (42.3, -71.1)}
2021-07-28 16:41:45,905 [INFO] Received from Frontseat: [b'$BFNVG,154143.79,4218.003344,N,07105.991941,W,0,10.0,1.0,67.7,0.0,0.0,154143.79*6B', b'$BFNVG,154144.13,4218.003420,N,07105.991706,W,0,10.0,1.0,67.7,0.0,0.0,154144.13*63', b'$BFNVG,154144.48,4218.003497,N,07105.991468,W,0,10.0,1.0,67.8,0.0,0.0,154144.48*6B', b'$BFNVG,154144.82,4218.003574,N,07105.991231,W,0,10.0,1.0,67.9,0.0,0.0,154144.82*6C']
2021-07-28 16:41:45,905 [INFO] AUV state: {'position': (12.210772996535525, 6.317088490352035), 'latlon': (42.30005956666667, -71.09985385), 'heading': 67.9, 'depth': 1.0, 'altitude': 10.0, 'roll': 0.0, 'pitch': 0.0, 'last_fix_time': datetime.datetime(2021, 7, 28, 15, 41, 44), 'speed': None, 'rudder': 0, 'datum': (42.3, -71.1)}
2021-07-28 16:41:46,251 [INFO] **** [] [(-15.303216608359467, -4.82914602174105)]
2021-07-28 16:41:46,253 [INFO] Next green buoy: [], next red buoy: [(-15.303216608359467, -4.82914602174105)]
2021-07-28 16:41:46,253 [INFO] Desired_heading: 52.59678339164054
2021-07-28 16:41:46,253 [INFO] sending message $BPRMB,154146.36,nan,,,1000,0,1*2a
...
2021-07-28 16:41:47,255 [INFO] sending message $BPSTS,154147.25,1,BWSI Autonomy OK*41
...
2021-07-28 16:41:47,256 [INFO] Processing: $BFNVG,154145.17,4218.003651,N,07105.990993,W,0,10.0,1.0,68.0,0.0,0.0,154145.17*6C
2021-07-28 16:41:47,258 [INFO] Interpreted as: {'position': (12.541272590635344, 6.451523337513208), 'latlon': (42.30006085, -71.09984988333333), 'heading': 68.0, 'depth': 1.0, 'altitude': 10.0, 'roll': 0.0, 'pitch': 0.0, 'last_fix_time': datetime.datetime(2021, 7, 28, 15, 41, 45), 'speed': None, 'rudder': 0, 'datum': (42.3, -71.1)}
2021-07-28 16:41:47,259 [INFO] Processing: $BFNVG,154145.52,4218.003728,N,07105.990751,W,0,10.0,1.0,68.1,0.0,0.0,154145.52*62
2021-07-28 16:41:47,261 [INFO] Interpreted as: {'position': (12.87726768309949, 6.5858225878328085), 'latlon': (42.300062133333334, -71.09984585), 'heading': 68.1, 'depth': 1.0, 'altitude': 10.0, 'roll': 0.0, 'pitch': 0.0, 'last_fix_time': datetime.datetime(2021, 7, 28, 15, 41, 45), 'speed': None, 'rudder': 0, 'datum': (42.3, -71.1)}
2021-07-28 16:41:47,262 [INFO] Processing: $BFNVG,154145.86,4218.003804,N,07105.990514,W,0,10.0,1.0,68.2,0.0,0.0,154145.86*63
2021-07-28 16:41:47,264 [INFO] Interpreted as: {'position': (13.206347701256163, 6.7184406677260995), 'latlon': (42.3000634, -71.0998419), 'heading': 68.2, 'depth': 1.0, 'altitude': 10.0, 'roll': 0.0, 'pitch': 0.0, 'last_fix_time': datetime.datetime(2021, 7, 28, 15, 41, 45), 'speed': None, 'rudder': 0, 'datum': (42.3, -71.1)}
2021-07-28 16:41:47,265 [INFO] Processing: $BFNVG,154146.21,4218.003880,N,07105.990275,W,0,10.0,1.0,68.3,0.0,0.0,154146.21*6E
2021-07-28 16:41:47,267 [INFO] Interpreted as: {'position': (13.538175465306267, 6.8509909603744745), 'latlon': (42.300064666666664, -71.09983791666667), 'heading': 68.3, 'depth': 1.0, 'altitude': 10.0, 'roll': 0.0, 'pitch': 0.0, 'last_fix_time': datetime.datetime(2021, 7, 28, 15, 41, 46), 'speed': None, 'rudder': 0, 'datum': (42.3, -71.1)}
2021-07-28 16:41:47,268 [INFO] Received from Frontseat: [b'$BFNVG,154145.17,4218.003651,N,07105.990993,W,0,10.0,1.0,68.0,0.0,0.0,154145.17*6C', b'$BFNVG,154145.52,4218.003728,N,07105.990751,W,0,10.0,1.0,68.1,0.0,0.0,154145.52*62', b'$BFNVG,154145.86,4218.003804,N,07105.990514,W,0,10.0,1.0,68.2,0.0,0.0,154145.86*63', b'$BFNVG,154146.21,4218.003880,N,07105.990275,W,0,10.0,1.0,68.3,0.0,0.0,154146.21*6E']
2021-07-28 16:41:47,269 [INFO] AUV state: {'position': (13.538175465306267, 6.8509909603744745), 'latlon': (42.300064666666664, -71.09983791666667), 'heading': 68.3, 'depth': 1.0, 'altitude': 10.0, 'roll': 0.0, 'pitch': 0.0, 'last_fix_time': datetime.datetime(2021, 7, 28, 15, 41, 46), 'speed': None, 'rudder': 0, 'datum': (42.3, -71.1)}
2021-07-28 16:41:47,624 [INFO] **** [] [(-17.51271379736966, -5.337141383300395)]
2021-07-28 16:41:47,626 [INFO] Next green buoy: [], next red buoy: [(-17.51271379736966, -5.337141383300395)]
2021-07-28 16:41:47,627 [INFO] Desired_heading: 50.78728620263034
2021-07-28 16:41:47,627 [INFO] sending message $BPRMB,154148.14,nan,,,1000,0,1*24
...
2021-07-28 16:41:48,629 [INFO] sending message $BPSTS,154148.62,1,BWSI Autonomy OK*4d
...
2021-07-28 16:41:48,630 [INFO] Processing: $BFNVG,154146.57,4218.003959,N,07105.990026,W,0,10.0,1.0,68.4,0.0,0.0,154146.57*68
2021-07-28 16:41:48,632 [INFO] Interpreted as: {'position': (13.883879003114998, 6.988754336722195), 'latlon': (42.30006598333333, -71.09983376666666), 'heading': 68.4, 'depth': 1.0, 'altitude': 10.0, 'roll': 0.0, 'pitch': 0.0, 'last_fix_time': datetime.datetime(2021, 7, 28, 15, 41, 46), 'speed': None, 'rudder': 0, 'datum': (42.3, -71.1)}
2021-07-28 16:41:48,633 [INFO] Processing: $BFNVG,154146.92,4218.004035,N,07105.989785,W,0,10.0,1.0,68.4,0.0,0.0,154146.92*6A
2021-07-28 16:41:48,635 [INFO] Interpreted as: {'position': (14.218454494723119, 7.12123685516417), 'latlon': (42.30006725, -71.09982975), 'heading': 68.4, 'depth': 1.0, 'altitude': 10.0, 'roll': 0.0, 'pitch': 0.0, 'last_fix_time': datetime.datetime(2021, 7, 28, 15, 41, 46), 'speed': None, 'rudder': 0, 'datum': (42.3, -71.1)}
2021-07-28 16:41:48,635 [INFO] Processing: $BFNVG,154147.27,4218.004109,N,07105.989548,W,0,10.0,1.0,68.5,0.0,0.0,154147.27*66
2021-07-28 16:41:48,637 [INFO] Interpreted as: {'position': (14.547443125280552, 7.2501536048948765), 'latlon': (42.300068483333334, -71.0998258), 'heading': 68.5, 'depth': 1.0, 'altitude': 10.0, 'roll': 0.0, 'pitch': 0.0, 'last_fix_time': datetime.datetime(2021, 7, 28, 15, 41, 47), 'speed': None, 'rudder': 0, 'datum': (42.3, -71.1)}
2021-07-28 16:41:48,638 [INFO] Received from Frontseat: [b'$BFNVG,154146.57,4218.003959,N,07105.990026,W,0,10.0,1.0,68.4,0.0,0.0,154146.57*68', b'$BFNVG,154146.92,4218.004035,N,07105.989785,W,0,10.0,1.0,68.4,0.0,0.0,154146.92*6A', b'$BFNVG,154147.27,4218.004109,N,07105.989548,W,0,10.0,1.0,68.5,0.0,0.0,154147.27*66']
2021-07-28 16:41:48,640 [INFO] AUV state: {'position': (14.547443125280552, 7.2501536048948765), 'latlon': (42.300068483333334, -71.0998258), 'heading': 68.5, 'depth': 1.0, 'altitude': 10.0, 'roll': 0.0, 'pitch': 0.0, 'last_fix_time': datetime.datetime(2021, 7, 28, 15, 41, 47), 'speed': None, 'rudder': 0, 'datum': (42.3, -71.1)}
2021-07-28 16:41:48,988 [INFO] **** [] [(-19.430545385005697, -5.996817501941936)]
2021-07-28 16:41:48,991 [INFO] Next green buoy: [], next red buoy: [(-19.430545385005697, -5.996817501941936)]
2021-07-28 16:41:48,991 [INFO] Desired_heading: 49.0694546149943
2021-07-28 16:41:48,992 [INFO] sending message $BPRMB,154149.11,nan,,,1000,0,1*20
...
2021-07-28 16:41:49,287 [ERROR] An error occurred. The stack trace is below.
Traceback (most recent call last):
  File "BWSI_BackSeat.py", line 126, in run
    time.sleep(1/self.__warp)
KeyboardInterrupt
