2021-07-28 23:15:43,236 [INFO] host = 192.168.1.213, port = 29500
2021-07-28 23:15:49,294 [INFO] sending message $BPLOG,ACK,ON*1e
...
2021-07-28 23:15:49,295 [INFO] sending message $BPLOG,ALL,ON*16
...
2021-07-28 23:15:49,296 [INFO] sending message $BPSTS,221549.29,1,BWSI Autonomy OK*46
...
2021-07-28 23:15:49,296 [INFO] Received from Frontseat: []
2021-07-28 23:15:49,297 [INFO] AUV state: {'position': (None, None), 'latlon': None, 'heading': None, 'depth': None, 'altitude': None, 'roll': None, 'pitch': None, 'last_fix_time': None, 'speed': None, 'rudder': 0}
2021-07-28 23:15:50,299 [INFO] sending message $BPSTS,221550.29,1,BWSI Autonomy OK*4e
...
2021-07-28 23:15:50,300 [INFO] Processing: $BFNVG,221548.99,4218.000000,N,07106.000000,W,0,10.0,1.0,45.0,0.0,0.0,221548.99*62
2021-07-28 23:15:50,301 [WARNING] Mismatched checksum, skipping message $BFNVG,221548.99,4218.000000,N,07106.000000,W,0,10.0,1.0,45.0,0.0,0.0,221548.99*62
2021-07-28 23:15:50,302 [INFO] Processing: $BFNVG,221549.24,4218.000000,N,07106.000000,W,0,10.0,1.0,45.0,0.0,0.0,221549.24*62
2021-07-28 23:15:50,303 [WARNING] Mismatched checksum, skipping message $BFNVG,221549.24,4218.000000,N,07106.000000,W,0,10.0,1.0,45.0,0.0,0.0,221549.24*62
2021-07-28 23:15:50,303 [INFO] Processing: $BFNVG,221549.49,4218.000000,N,07106.000000,W,0,10.0,1.0,45.0,0.0,0.0,221549.49*62
2021-07-28 23:15:50,304 [WARNING] Mismatched checksum, skipping message $BFNVG,221549.49,4218.000000,N,07106.000000,W,0,10.0,1.0,45.0,0.0,0.0,221549.49*62
2021-07-28 23:15:50,305 [INFO] Received from Frontseat: [b'$BFNVG,221548.99,4218.000000,N,07106.000000,W,0,10.0,1.0,45.0,0.0,0.0,221548.99*62', b'$BFNVG,221549.24,4218.000000,N,07106.000000,W,0,10.0,1.0,45.0,0.0,0.0,221549.24*62', b'$BFNVG,221549.49,4218.000000,N,07106.000000,W,0,10.0,1.0,45.0,0.0,0.0,221549.49*62']
2021-07-28 23:15:50,306 [INFO] AUV state: {'position': (None, None), 'latlon': None, 'heading': None, 'depth': None, 'altitude': None, 'roll': None, 'pitch': None, 'last_fix_time': None, 'speed': None, 'rudder': 0}
2021-07-28 23:15:51,307 [INFO] sending message $BPSTS,221551.30,1,BWSI Autonomy OK*47
...
2021-07-28 23:15:51,309 [INFO] Processing: $BFNVG,221549.90,4218.000000,N,07106.000000,W,0,10.0,1.0,45.0,0.0,0.0,221549.90*62
2021-07-28 23:15:51,310 [WARNING] Mismatched checksum, skipping message $BFNVG,221549.90,4218.000000,N,07106.000000,W,0,10.0,1.0,45.0,0.0,0.0,221549.90*62
2021-07-28 23:15:51,311 [INFO] Processing: $BFNVG,221550.26,4218.000000,N,07106.000000,W,0,10.0,1.0,45.0,0.0,0.0,221550.26*62
2021-07-28 23:15:51,313 [WARNING] Mismatched checksum, skipping message $BFNVG,221550.26,4218.000000,N,07106.000000,W,0,10.0,1.0,45.0,0.0,0.0,221550.26*62
2021-07-28 23:15:51,313 [INFO] Received from Frontseat: [b'$BFNVG,221549.90,4218.000000,N,07106.000000,W,0,10.0,1.0,45.0,0.0,0.0,221549.90*62', b'$BFNVG,221550.26,4218.000000,N,07106.000000,W,0,10.0,1.0,45.0,0.0,0.0,221550.26*62']
2021-07-28 23:15:51,314 [INFO] AUV state: {'position': (None, None), 'latlon': None, 'heading': None, 'depth': None, 'altitude': None, 'roll': None, 'pitch': None, 'last_fix_time': None, 'speed': None, 'rudder': 0}
2021-07-28 23:15:52,316 [INFO] sending message $BPSTS,221552.31,1,BWSI Autonomy OK*45
...
2021-07-28 23:15:52,317 [INFO] Processing: $BFNVG,221550.63,4218.000000,N,07106.000000,W,0,10.0,1.0,45.0,0.0,0.0,221550.63*62
2021-07-28 23:15:52,319 [WARNING] Mismatched checksum, skipping message $BFNVG,221550.63,4218.000000,N,07106.000000,W,0,10.0,1.0,45.0,0.0,0.0,221550.63*62
2021-07-28 23:15:52,320 [INFO] Processing: $BFNVG,221550.98,4218.000000,N,07106.000000,W,0,10.0,1.0,45.0,0.0,0.0,221550.98*62
2021-07-28 23:15:52,321 [WARNING] Mismatched checksum, skipping message $BFNVG,221550.98,4218.000000,N,07106.000000,W,0,10.0,1.0,45.0,0.0,0.0,221550.98*62
2021-07-28 23:15:52,322 [INFO] Received from Frontseat: [b'$BFNVG,221550.63,4218.000000,N,07106.000000,W,0,10.0,1.0,45.0,0.0,0.0,221550.63*62', b'$BFNVG,221550.98,4218.000000,N,07106.000000,W,0,10.0,1.0,45.0,0.0,0.0,221550.98*62']
2021-07-28 23:15:52,322 [INFO] AUV state: {'position': (None, None), 'latlon': None, 'heading': None, 'depth': None, 'altitude': None, 'roll': None, 'pitch': None, 'last_fix_time': None, 'speed': None, 'rudder': 0}
2021-07-28 23:15:53,324 [INFO] sending message $BPSTS,221553.32,1,BWSI Autonomy OK*47
...
2021-07-28 23:15:53,325 [INFO] Processing: $BFNVG,221551.32,4218.000000,N,07106.000000,W,0,10.0,1.0,45.0,0.0,0.0,221551.32*62
2021-07-28 23:15:53,328 [WARNING] Mismatched checksum, skipping message $BFNVG,221551.32,4218.000000,N,07106.000000,W,0,10.0,1.0,45.0,0.0,0.0,221551.32*62
2021-07-28 23:15:53,329 [INFO] Processing: $BFNVG,221551.67,4218.000000,N,07106.000000,W,0,10.0,1.0,45.0,0.0,0.0,221551.67*62
2021-07-28 23:15:53,330 [WARNING] Mismatched checksum, skipping message $BFNVG,221551.67,4218.000000,N,07106.000000,W,0,10.0,1.0,45.0,0.0,0.0,221551.67*62
2021-07-28 23:15:53,331 [INFO] Processing: $BFNVG,221552.02,4218.000000,N,07106.000000,W,0,10.0,1.0,45.0,0.0,0.0,221552.02*62
2021-07-28 23:15:53,332 [WARNING] Mismatched checksum, skipping message $BFNVG,221552.02,4218.000000,N,07106.000000,W,0,10.0,1.0,45.0,0.0,0.0,221552.02*62
2021-07-28 23:15:53,333 [INFO] Received from Frontseat: [b'$BFNVG,221551.32,4218.000000,N,07106.000000,W,0,10.0,1.0,45.0,0.0,0.0,221551.32*62', b'$BFNVG,221551.67,4218.000000,N,07106.000000,W,0,10.0,1.0,45.0,0.0,0.0,221551.67*62', b'$BFNVG,221552.02,4218.000000,N,07106.000000,W,0,10.0,1.0,45.0,0.0,0.0,221552.02*62']
2021-07-28 23:15:53,339 [INFO] AUV state: {'position': (None, None), 'latlon': None, 'heading': None, 'depth': None, 'altitude': None, 'roll': None, 'pitch': None, 'last_fix_time': None, 'speed': None, 'rudder': 0}
2021-07-28 23:15:54,341 [INFO] sending message $BPSTS,221554.34,1,BWSI Autonomy OK*46
...
2021-07-28 23:15:54,342 [INFO] Processing: $BFNVG,221552.36,4218.000000,N,07106.000000,W,0,10.0,1.0,45.0,0.0,0.0,221552.36*62
2021-07-28 23:15:54,343 [WARNING] Mismatched checksum, skipping message $BFNVG,221552.36,4218.000000,N,07106.000000,W,0,10.0,1.0,45.0,0.0,0.0,221552.36*62
2021-07-28 23:15:54,343 [INFO] Processing: $BFNVG,221552.72,4218.000000,N,07106.000000,W,0,10.0,1.0,45.0,0.0,0.0,221552.72*62
2021-07-28 23:15:54,344 [WARNING] Mismatched checksum, skipping message $BFNVG,221552.72,4218.000000,N,07106.000000,W,0,10.0,1.0,45.0,0.0,0.0,221552.72*62
2021-07-28 23:15:54,345 [INFO] Processing: $BFNVG,221553.07,4218.000000,N,07106.000000,W,0,10.0,1.0,45.0,0.0,0.0,221553.07*62
2021-07-28 23:15:54,345 [WARNING] Mismatched checksum, skipping message $BFNVG,221553.07,4218.000000,N,07106.000000,W,0,10.0,1.0,45.0,0.0,0.0,221553.07*62
2021-07-28 23:15:54,346 [INFO] Received from Frontseat: [b'$BFNVG,221552.36,4218.000000,N,07106.000000,W,0,10.0,1.0,45.0,0.0,0.0,221552.36*62', b'$BFNVG,221552.72,4218.000000,N,07106.000000,W,0,10.0,1.0,45.0,0.0,0.0,221552.72*62', b'$BFNVG,221553.07,4218.000000,N,07106.000000,W,0,10.0,1.0,45.0,0.0,0.0,221553.07*62']
2021-07-28 23:15:54,346 [INFO] AUV state: {'position': (None, None), 'latlon': None, 'heading': None, 'depth': None, 'altitude': None, 'roll': None, 'pitch': None, 'last_fix_time': None, 'speed': None, 'rudder': 0}
2021-07-28 23:15:55,348 [INFO] sending message $BPSTS,221555.34,1,BWSI Autonomy OK*47
...
2021-07-28 23:15:55,349 [INFO] Processing: $BFNVG,221553.43,4218.000000,N,07106.000000,W,0,10.0,1.0,45.0,0.0,0.0,221553.43*62
2021-07-28 23:15:55,350 [WARNING] Mismatched checksum, skipping message $BFNVG,221553.43,4218.000000,N,07106.000000,W,0,10.0,1.0,45.0,0.0,0.0,221553.43*62
2021-07-28 23:15:55,350 [INFO] Processing: $BFNVG,221553.79,4218.000000,N,07106.000000,W,0,10.0,1.0,45.0,0.0,0.0,221553.79*62
2021-07-28 23:15:55,351 [WARNING] Mismatched checksum, skipping message $BFNVG,221553.79,4218.000000,N,07106.000000,W,0,10.0,1.0,45.0,0.0,0.0,221553.79*62
2021-07-28 23:15:55,353 [INFO] Processing: $BFNVG,221554.14,4218.000000,N,07106.000000,W,0,10.0,1.0,45.0,0.0,0.0,221554.14*62
2021-07-28 23:15:55,353 [WARNING] Mismatched checksum, skipping message $BFNVG,221554.14,4218.000000,N,07106.000000,W,0,10.0,1.0,45.0,0.0,0.0,221554.14*62
2021-07-28 23:15:55,354 [INFO] Received from Frontseat: [b'$BFNVG,221553.43,4218.000000,N,07106.000000,W,0,10.0,1.0,45.0,0.0,0.0,221553.43*62', b'$BFNVG,221553.79,4218.000000,N,07106.000000,W,0,10.0,1.0,45.0,0.0,0.0,221553.79*62', b'$BFNVG,221554.14,4218.000000,N,07106.000000,W,0,10.0,1.0,45.0,0.0,0.0,221554.14*62']
2021-07-28 23:15:55,355 [INFO] AUV state: {'position': (None, None), 'latlon': None, 'heading': None, 'depth': None, 'altitude': None, 'roll': None, 'pitch': None, 'last_fix_time': None, 'speed': None, 'rudder': 0}
2021-07-28 23:15:56,357 [INFO] sending message $BPSTS,221556.35,1,BWSI Autonomy OK*45
...
2021-07-28 23:15:56,358 [INFO] Processing: $BFNVG,221554.50,4218.000000,N,07106.000000,W,0,10.0,1.0,45.0,0.0,0.0,221554.50*62
2021-07-28 23:15:56,359 [WARNING] Mismatched checksum, skipping message $BFNVG,221554.50,4218.000000,N,07106.000000,W,0,10.0,1.0,45.0,0.0,0.0,221554.50*62
2021-07-28 23:15:56,359 [INFO] Processing: $BFNVG,221554.86,4218.000000,N,07106.000000,W,0,10.0,1.0,45.0,0.0,0.0,221554.86*62
2021-07-28 23:15:56,360 [WARNING] Mismatched checksum, skipping message $BFNVG,221554.86,4218.000000,N,07106.000000,W,0,10.0,1.0,45.0,0.0,0.0,221554.86*62
2021-07-28 23:15:56,360 [INFO] Processing: $BFNVG,221555.21,4218.000000,N,07106.000000,W,0,10.0,1.0,45.0,0.0,0.0,221555.21*62
2021-07-28 23:15:56,361 [WARNING] Mismatched checksum, skipping message $BFNVG,221555.21,4218.000000,N,07106.000000,W,0,10.0,1.0,45.0,0.0,0.0,221555.21*62
2021-07-28 23:15:56,362 [INFO] Received from Frontseat: [b'$BFNVG,221554.50,4218.000000,N,07106.000000,W,0,10.0,1.0,45.0,0.0,0.0,221554.50*62', b'$BFNVG,221554.86,4218.000000,N,07106.000000,W,0,10.0,1.0,45.0,0.0,0.0,221554.86*62', b'$BFNVG,221555.21,4218.000000,N,07106.000000,W,0,10.0,1.0,45.0,0.0,0.0,221555.21*62']
2021-07-28 23:15:56,362 [INFO] AUV state: {'position': (None, None), 'latlon': None, 'heading': None, 'depth': None, 'altitude': None, 'roll': None, 'pitch': None, 'last_fix_time': None, 'speed': None, 'rudder': 0}
2021-07-28 23:15:57,364 [INFO] sending message $BPSTS,221557.36,1,BWSI Autonomy OK*47
...
2021-07-28 23:15:57,365 [INFO] Processing: $BFNVG,221555.57,4218.000000,N,07106.000000,W,0,10.0,1.0,45.0,0.0,0.0,221555.57*62
2021-07-28 23:15:57,366 [WARNING] Mismatched checksum, skipping message $BFNVG,221555.57,4218.000000,N,07106.000000,W,0,10.0,1.0,45.0,0.0,0.0,221555.57*62
2021-07-28 23:15:57,366 [INFO] Processing: $BFNVG,221555.93,4218.000000,N,07106.000000,W,0,10.0,1.0,45.0,0.0,0.0,221555.93*62
2021-07-28 23:15:57,367 [WARNING] Mismatched checksum, skipping message $BFNVG,221555.93,4218.000000,N,07106.000000,W,0,10.0,1.0,45.0,0.0,0.0,221555.93*62
2021-07-28 23:15:57,367 [INFO] Processing: $BFNVG,221556.28,4218.000000,N,07106.000000,W,0,10.0,1.0,45.0,0.0,0.0,221556.28*62
2021-07-28 23:15:57,368 [WARNING] Mismatched checksum, skipping message $BFNVG,221556.28,4218.000000,N,07106.000000,W,0,10.0,1.0,45.0,0.0,0.0,221556.28*62
2021-07-28 23:15:57,368 [INFO] Received from Frontseat: [b'$BFNVG,221555.57,4218.000000,N,07106.000000,W,0,10.0,1.0,45.0,0.0,0.0,221555.57*62', b'$BFNVG,221555.93,4218.000000,N,07106.000000,W,0,10.0,1.0,45.0,0.0,0.0,221555.93*62', b'$BFNVG,221556.28,4218.000000,N,07106.000000,W,0,10.0,1.0,45.0,0.0,0.0,221556.28*62']
2021-07-28 23:15:57,369 [INFO] AUV state: {'position': (None, None), 'latlon': None, 'heading': None, 'depth': None, 'altitude': None, 'roll': None, 'pitch': None, 'last_fix_time': None, 'speed': None, 'rudder': 0}
2021-07-28 23:15:58,371 [INFO] sending message $BPSTS,221558.37,1,BWSI Autonomy OK*49
...
2021-07-28 23:15:58,372 [INFO] Processing: $BFNVG,221556.64,4218.000000,N,07106.000000,W,0,10.0,1.0,45.0,0.0,0.0,221556.64*62
2021-07-28 23:15:58,375 [WARNING] Mismatched checksum, skipping message $BFNVG,221556.64,4218.000000,N,07106.000000,W,0,10.0,1.0,45.0,0.0,0.0,221556.64*62
2021-07-28 23:15:58,376 [INFO] Processing: $BFNVG,221556.99,4218.000000,N,07106.000000,W,0,10.0,1.0,45.0,0.0,0.0,221556.99*62
2021-07-28 23:15:58,377 [WARNING] Mismatched checksum, skipping message $BFNVG,221556.99,4218.000000,N,07106.000000,W,0,10.0,1.0,45.0,0.0,0.0,221556.99*62
2021-07-28 23:15:58,378 [INFO] Processing: $BFNVG,221557.35,4218.000000,N,07106.000000,W,0,10.0,1.0,45.0,0.0,0.0,221557.35*62
2021-07-28 23:15:58,379 [WARNING] Mismatched checksum, skipping message $BFNVG,221557.35,4218.000000,N,07106.000000,W,0,10.0,1.0,45.0,0.0,0.0,221557.35*62
2021-07-28 23:15:58,380 [INFO] Received from Frontseat: [b'$BFNVG,221556.64,4218.000000,N,07106.000000,W,0,10.0,1.0,45.0,0.0,0.0,221556.64*62', b'$BFNVG,221556.99,4218.000000,N,07106.000000,W,0,10.0,1.0,45.0,0.0,0.0,221556.99*62', b'$BFNVG,221557.35,4218.000000,N,07106.000000,W,0,10.0,1.0,45.0,0.0,0.0,221557.35*62']
2021-07-28 23:15:58,380 [INFO] AUV state: {'position': (None, None), 'latlon': None, 'heading': None, 'depth': None, 'altitude': None, 'roll': None, 'pitch': None, 'last_fix_time': None, 'speed': None, 'rudder': 0}
2021-07-28 23:15:59,382 [INFO] sending message $BPSTS,221559.38,1,BWSI Autonomy OK*47
...
2021-07-28 23:15:59,383 [INFO] Processing: $BFNVG,221557.70,4218.000000,N,07106.000000,W,0,10.0,1.0,45.0,0.0,0.0,221557.70*62
2021-07-28 23:15:59,384 [WARNING] Mismatched checksum, skipping message $BFNVG,221557.70,4218.000000,N,07106.000000,W,0,10.0,1.0,45.0,0.0,0.0,221557.70*62
2021-07-28 23:15:59,385 [INFO] Processing: $BFNVG,221558.06,4218.000000,N,07106.000000,W,0,10.0,1.0,45.0,0.0,0.0,221558.06*62
2021-07-28 23:15:59,386 [WARNING] Mismatched checksum, skipping message $BFNVG,221558.06,4218.000000,N,07106.000000,W,0,10.0,1.0,45.0,0.0,0.0,221558.06*62
2021-07-28 23:15:59,387 [INFO] Received from Frontseat: [b'$BFNVG,221557.70,4218.000000,N,07106.000000,W,0,10.0,1.0,45.0,0.0,0.0,221557.70*62', b'$BFNVG,221558.06,4218.000000,N,07106.000000,W,0,10.0,1.0,45.0,0.0,0.0,221558.06*62']
2021-07-28 23:15:59,387 [INFO] AUV state: {'position': (None, None), 'latlon': None, 'heading': None, 'depth': None, 'altitude': None, 'roll': None, 'pitch': None, 'last_fix_time': None, 'speed': None, 'rudder': 0}
2021-07-28 23:16:00,389 [INFO] sending message $BPSTS,221600.38,1,BWSI Autonomy OK*48
...
2021-07-28 23:16:00,390 [INFO] Processing: $BFNVG,221558.42,4218.000000,N,07106.000000,W,0,10.0,1.0,45.0,0.0,0.0,221558.42*62
2021-07-28 23:16:00,391 [WARNING] Mismatched checksum, skipping message $BFNVG,221558.42,4218.000000,N,07106.000000,W,0,10.0,1.0,45.0,0.0,0.0,221558.42*62
2021-07-28 23:16:00,392 [INFO] Processing: $BFNVG,221558.79,4218.000000,N,07106.000000,W,0,10.0,1.0,45.0,0.0,0.0,221558.79*62
2021-07-28 23:16:00,392 [WARNING] Mismatched checksum, skipping message $BFNVG,221558.79,4218.000000,N,07106.000000,W,0,10.0,1.0,45.0,0.0,0.0,221558.79*62
2021-07-28 23:16:00,393 [INFO] Processing: $BFNVG,221559.14,4218.000000,N,07106.000000,W,0,10.0,1.0,45.0,0.0,0.0,221559.14*62
2021-07-28 23:16:00,393 [WARNING] Mismatched checksum, skipping message $BFNVG,221559.14,4218.000000,N,07106.000000,W,0,10.0,1.0,45.0,0.0,0.0,221559.14*62
2021-07-28 23:16:00,394 [INFO] Received from Frontseat: [b'$BFNVG,221558.42,4218.000000,N,07106.000000,W,0,10.0,1.0,45.0,0.0,0.0,221558.42*62', b'$BFNVG,221558.79,4218.000000,N,07106.000000,W,0,10.0,1.0,45.0,0.0,0.0,221558.79*62', b'$BFNVG,221559.14,4218.000000,N,07106.000000,W,0,10.0,1.0,45.0,0.0,0.0,221559.14*62']
2021-07-28 23:16:00,394 [INFO] AUV state: {'position': (None, None), 'latlon': None, 'heading': None, 'depth': None, 'altitude': None, 'roll': None, 'pitch': None, 'last_fix_time': None, 'speed': None, 'rudder': 0}
2021-07-28 23:16:01,396 [INFO] sending message $BPSTS,221601.39,1,BWSI Autonomy OK*48
...
2021-07-28 23:16:01,397 [INFO] Processing: $BFNVG,221559.50,4218.000000,N,07106.000000,W,0,10.0,1.0,45.0,0.0,0.0,221559.50*62
2021-07-28 23:16:01,398 [WARNING] Mismatched checksum, skipping message $BFNVG,221559.50,4218.000000,N,07106.000000,W,0,10.0,1.0,45.0,0.0,0.0,221559.50*62
2021-07-28 23:16:01,398 [INFO] Processing: $BFNVG,221559.87,4218.000000,N,07106.000000,W,0,10.0,1.0,45.0,0.0,0.0,221559.87*62
2021-07-28 23:16:01,399 [WARNING] Mismatched checksum, skipping message $BFNVG,221559.87,4218.000000,N,07106.000000,W,0,10.0,1.0,45.0,0.0,0.0,221559.87*62
2021-07-28 23:16:01,399 [INFO] Processing: $BFNVG,221600.23,4218.000000,N,07106.000000,W,0,10.0,1.0,45.0,0.0,0.0,221600.23*62
2021-07-28 23:16:01,401 [WARNING] Mismatched checksum, skipping message $BFNVG,221600.23,4218.000000,N,07106.000000,W,0,10.0,1.0,45.0,0.0,0.0,221600.23*62
2021-07-28 23:16:01,401 [INFO] Received from Frontseat: [b'$BFNVG,221559.50,4218.000000,N,07106.000000,W,0,10.0,1.0,45.0,0.0,0.0,221559.50*62', b'$BFNVG,221559.87,4218.000000,N,07106.000000,W,0,10.0,1.0,45.0,0.0,0.0,221559.87*62', b'$BFNVG,221600.23,4218.000000,N,07106.000000,W,0,10.0,1.0,45.0,0.0,0.0,221600.23*62']
2021-07-28 23:16:01,402 [INFO] AUV state: {'position': (None, None), 'latlon': None, 'heading': None, 'depth': None, 'altitude': None, 'roll': None, 'pitch': None, 'last_fix_time': None, 'speed': None, 'rudder': 0}
2021-07-28 23:16:02,404 [INFO] sending message $BPSTS,221602.40,1,BWSI Autonomy OK*45
...
2021-07-28 23:16:02,405 [INFO] Processing: $BFNVG,221600.59,4218.000000,N,07106.000000,W,0,10.0,1.0,45.0,0.0,0.0,221600.59*62
2021-07-28 23:16:02,406 [WARNING] Mismatched checksum, skipping message $BFNVG,221600.59,4218.000000,N,07106.000000,W,0,10.0,1.0,45.0,0.0,0.0,221600.59*62
2021-07-28 23:16:02,407 [INFO] Processing: $BFNVG,221600.95,4218.000000,N,07106.000000,W,0,10.0,1.0,45.0,0.0,0.0,221600.95*62
2021-07-28 23:16:02,407 [WARNING] Mismatched checksum, skipping message $BFNVG,221600.95,4218.000000,N,07106.000000,W,0,10.0,1.0,45.0,0.0,0.0,221600.95*62
2021-07-28 23:16:02,408 [INFO] Processing: $BFNVG,221601.30,4218.000000,N,07106.000000,W,0,10.0,1.0,45.0,0.0,0.0,221601.30*62
2021-07-28 23:16:02,409 [WARNING] Mismatched checksum, skipping message $BFNVG,221601.30,4218.000000,N,07106.000000,W,0,10.0,1.0,45.0,0.0,0.0,221601.30*62
2021-07-28 23:16:02,409 [INFO] Received from Frontseat: [b'$BFNVG,221600.59,4218.000000,N,07106.000000,W,0,10.0,1.0,45.0,0.0,0.0,221600.59*62', b'$BFNVG,221600.95,4218.000000,N,07106.000000,W,0,10.0,1.0,45.0,0.0,0.0,221600.95*62', b'$BFNVG,221601.30,4218.000000,N,07106.000000,W,0,10.0,1.0,45.0,0.0,0.0,221601.30*62']
2021-07-28 23:16:02,410 [INFO] AUV state: {'position': (None, None), 'latlon': None, 'heading': None, 'depth': None, 'altitude': None, 'roll': None, 'pitch': None, 'last_fix_time': None, 'speed': None, 'rudder': 0}
2021-07-28 23:16:03,412 [INFO] sending message $BPSTS,221603.41,1,BWSI Autonomy OK*45
...
2021-07-28 23:16:03,417 [INFO] Processing: $BFNVG,221601.66,4218.000000,N,07106.000000,W,0,10.0,1.0,45.0,0.0,0.0,221601.66*62
2021-07-28 23:16:03,418 [WARNING] Mismatched checksum, skipping message $BFNVG,221601.66,4218.000000,N,07106.000000,W,0,10.0,1.0,45.0,0.0,0.0,221601.66*62
2021-07-28 23:16:03,419 [INFO] Processing: $BFNVG,221602.01,4218.000000,N,07106.000000,W,0,10.0,1.0,45.0,0.0,0.0,221602.01*62
2021-07-28 23:16:03,420 [WARNING] Mismatched checksum, skipping message $BFNVG,221602.01,4218.000000,N,07106.000000,W,0,10.0,1.0,45.0,0.0,0.0,221602.01*62
2021-07-28 23:16:03,421 [INFO] Processing: $BFNVG,221602.37,4218.000000,N,07106.000000,W,0,10.0,1.0,45.0,0.0,0.0,221602.37*62
2021-07-28 23:16:03,422 [WARNING] Mismatched checksum, skipping message $BFNVG,221602.37,4218.000000,N,07106.000000,W,0,10.0,1.0,45.0,0.0,0.0,221602.37*62
2021-07-28 23:16:03,423 [INFO] Received from Frontseat: [b'$BFNVG,221601.66,4218.000000,N,07106.000000,W,0,10.0,1.0,45.0,0.0,0.0,221601.66*62', b'$BFNVG,221602.01,4218.000000,N,07106.000000,W,0,10.0,1.0,45.0,0.0,0.0,221602.01*62', b'$BFNVG,221602.37,4218.000000,N,07106.000000,W,0,10.0,1.0,45.0,0.0,0.0,221602.37*62']
2021-07-28 23:16:03,424 [INFO] AUV state: {'position': (None, None), 'latlon': None, 'heading': None, 'depth': None, 'altitude': None, 'roll': None, 'pitch': None, 'last_fix_time': None, 'speed': None, 'rudder': 0}
2021-07-28 23:16:04,426 [INFO] sending message $BPSTS,221604.42,1,BWSI Autonomy OK*41
...
2021-07-28 23:16:04,427 [INFO] Processing: $BFNVG,221602.72,4218.000000,N,07106.000000,W,0,10.0,1.0,45.0,0.0,0.0,221602.72*62
2021-07-28 23:16:04,428 [WARNING] Mismatched checksum, skipping message $BFNVG,221602.72,4218.000000,N,07106.000000,W,0,10.0,1.0,45.0,0.0,0.0,221602.72*62
2021-07-28 23:16:04,429 [INFO] Processing: $BFNVG,221603.08,4218.000000,N,07106.000000,W,0,10.0,1.0,45.0,0.0,0.0,221603.08*62
2021-07-28 23:16:04,429 [WARNING] Mismatched checksum, skipping message $BFNVG,221603.08,4218.000000,N,07106.000000,W,0,10.0,1.0,45.0,0.0,0.0,221603.08*62
2021-07-28 23:16:04,430 [INFO] Received from Frontseat: [b'$BFNVG,221602.72,4218.000000,N,07106.000000,W,0,10.0,1.0,45.0,0.0,0.0,221602.72*62', b'$BFNVG,221603.08,4218.000000,N,07106.000000,W,0,10.0,1.0,45.0,0.0,0.0,221603.08*62']
2021-07-28 23:16:04,431 [INFO] AUV state: {'position': (None, None), 'latlon': None, 'heading': None, 'depth': None, 'altitude': None, 'roll': None, 'pitch': None, 'last_fix_time': None, 'speed': None, 'rudder': 0}
2021-07-28 23:16:05,433 [INFO] sending message $BPSTS,221605.43,1,BWSI Autonomy OK*41
...
2021-07-28 23:16:05,434 [INFO] Processing: $BFNVG,221603.44,4218.000000,N,07106.000000,W,0,10.0,1.0,45.0,0.0,0.0,221603.44*62
2021-07-28 23:16:05,436 [WARNING] Mismatched checksum, skipping message $BFNVG,221603.44,4218.000000,N,07106.000000,W,0,10.0,1.0,45.0,0.0,0.0,221603.44*62
2021-07-28 23:16:05,436 [INFO] Processing: $BFNVG,221603.79,4218.000000,N,07106.000000,W,0,10.0,1.0,45.0,0.0,0.0,221603.79*62
2021-07-28 23:16:05,437 [WARNING] Mismatched checksum, skipping message $BFNVG,221603.79,4218.000000,N,07106.000000,W,0,10.0,1.0,45.0,0.0,0.0,221603.79*62
2021-07-28 23:16:05,438 [INFO] Processing: $BFNVG,221604.15,4218.000000,N,07106.000000,W,0,10.0,1.0,45.0,0.0,0.0,221604.15*62
2021-07-28 23:16:05,438 [WARNING] Mismatched checksum, skipping message $BFNVG,221604.15,4218.000000,N,07106.000000,W,0,10.0,1.0,45.0,0.0,0.0,221604.15*62
2021-07-28 23:16:05,439 [INFO] Received from Frontseat: [b'$BFNVG,221603.44,4218.000000,N,07106.000000,W,0,10.0,1.0,45.0,0.0,0.0,221603.44*62', b'$BFNVG,221603.79,4218.000000,N,07106.000000,W,0,10.0,1.0,45.0,0.0,0.0,221603.79*62', b'$BFNVG,221604.15,4218.000000,N,07106.000000,W,0,10.0,1.0,45.0,0.0,0.0,221604.15*62']
2021-07-28 23:16:05,440 [INFO] AUV state: {'position': (None, None), 'latlon': None, 'heading': None, 'depth': None, 'altitude': None, 'roll': None, 'pitch': None, 'last_fix_time': None, 'speed': None, 'rudder': 0}
2021-07-28 23:16:06,442 [INFO] sending message $BPSTS,221606.44,1,BWSI Autonomy OK*45
...
2021-07-28 23:16:06,443 [INFO] Processing: $BFNVG,221604.50,4218.000000,N,07106.000000,W,0,10.0,1.0,45.0,0.0,0.0,221604.50*62
2021-07-28 23:16:06,444 [WARNING] Mismatched checksum, skipping message $BFNVG,221604.50,4218.000000,N,07106.000000,W,0,10.0,1.0,45.0,0.0,0.0,221604.50*62
2021-07-28 23:16:06,445 [INFO] Processing: $BFNVG,221604.86,4218.000000,N,07106.000000,W,0,10.0,1.0,45.0,0.0,0.0,221604.86*62
2021-07-28 23:16:06,446 [WARNING] Mismatched checksum, skipping message $BFNVG,221604.86,4218.000000,N,07106.000000,W,0,10.0,1.0,45.0,0.0,0.0,221604.86*62
2021-07-28 23:16:06,447 [INFO] Processing: $BFNVG,221605.23,4218.000000,N,07106.000000,W,0,10.0,1.0,45.0,0.0,0.0,221605.23*62
2021-07-28 23:16:06,448 [WARNING] Mismatched checksum, skipping message $BFNVG,221605.23,4218.000000,N,07106.000000,W,0,10.0,1.0,45.0,0.0,0.0,221605.23*62
2021-07-28 23:16:06,448 [INFO] Received from Frontseat: [b'$BFNVG,221604.50,4218.000000,N,07106.000000,W,0,10.0,1.0,45.0,0.0,0.0,221604.50*62', b'$BFNVG,221604.86,4218.000000,N,07106.000000,W,0,10.0,1.0,45.0,0.0,0.0,221604.86*62', b'$BFNVG,221605.23,4218.000000,N,07106.000000,W,0,10.0,1.0,45.0,0.0,0.0,221605.23*62']
2021-07-28 23:16:06,449 [INFO] AUV state: {'position': (None, None), 'latlon': None, 'heading': None, 'depth': None, 'altitude': None, 'roll': None, 'pitch': None, 'last_fix_time': None, 'speed': None, 'rudder': 0}
