2021-07-28 16:46:18,773 [INFO] host = 192.168.1.213, port = 29500
2021-07-28 16:46:18,781 [INFO] sending message $BPLOG,ACK,ON*1e
...
2021-07-28 16:46:18,782 [INFO] sending message $BPLOG,ALL,ON*16
...
2021-07-28 16:46:18,782 [INFO] sending message $BPSTS,154618.78,1,BWSI Autonomy OK*44
...
2021-07-28 16:46:18,783 [INFO] Received from Frontseat: []
2021-07-28 16:46:18,783 [INFO] AUV state: {'position': (None, None), 'latlon': None, 'heading': None, 'depth': None, 'altitude': None, 'roll': None, 'pitch': None, 'last_fix_time': None, 'speed': None, 'rudder': 0}
2021-07-28 16:46:19,785 [INFO] sending message $BPSTS,154619.78,1,BWSI Autonomy OK*45
...
2021-07-28 16:46:19,787 [INFO] Processing: $BFNVG,154615.76,4218.002594,N,07105.980057,W,0,10.0,1.0,89.2,0.0,0.0,154615.76*6A
2021-07-28 16:46:19,793 [INFO] Interpreted as: {'position': (0, 0), 'latlon': (42.300043233333334, -71.09966761666666), 'heading': 89.2, 'depth': 1.0, 'altitude': 10.0, 'roll': 0.0, 'pitch': 0.0, 'last_fix_time': datetime.datetime(2021, 7, 28, 15, 46, 15), 'speed': None, 'rudder': 0, 'datum': (42.300043233333334, -71.09966761666666)}
2021-07-28 16:46:19,794 [INFO] Processing: $BFNVG,154616.09,4218.002601,N,07105.979811,W,0,10.0,1.0,89.2,0.0,0.0,154616.09*69
2021-07-28 16:46:19,796 [INFO] Interpreted as: {'position': (0.3382938540307805, 0.0046155694872140884), 'latlon': (42.30004335, -71.09966351666667), 'heading': 89.2, 'depth': 1.0, 'altitude': 10.0, 'roll': 0.0, 'pitch': 0.0, 'last_fix_time': datetime.datetime(2021, 7, 28, 15, 46, 16), 'speed': None, 'rudder': 0, 'datum': (42.300043233333334, -71.09966761666666)}
2021-07-28 16:46:19,797 [INFO] Processing: $BFNVG,154616.42,4218.002608,N,07105.979558,W,0,10.0,1.0,89.2,0.0,0.0,154616.42*60
2021-07-28 16:46:19,799 [INFO] Interpreted as: {'position': (0.6862048585317098, 0.008993853814899921), 'latlon': (42.300043466666665, -71.0996593), 'heading': 89.2, 'depth': 1.0, 'altitude': 10.0, 'roll': 0.0, 'pitch': 0.0, 'last_fix_time': datetime.datetime(2021, 7, 28, 15, 46, 16), 'speed': None, 'rudder': 0, 'datum': (42.300043233333334, -71.09966761666666)}
2021-07-28 16:46:19,800 [INFO] Processing: $BFNVG,154616.76,4218.002615,N,07105.979308,W,0,10.0,1.0,89.2,0.0,0.0,154616.76*6F
2021-07-28 16:46:19,801 [INFO] Interpreted as: {'position': (1.0299942273413762, 0.013473857194185257), 'latlon': (42.300043583333334, -71.09965513333333), 'heading': 89.2, 'depth': 1.0, 'altitude': 10.0, 'roll': 0.0, 'pitch': 0.0, 'last_fix_time': datetime.datetime(2021, 7, 28, 15, 46, 16), 'speed': None, 'rudder': 0, 'datum': (42.300043233333334, -71.09966761666666)}
2021-07-28 16:46:19,802 [INFO] Processing: $BFNVG,154617.09,4218.002622,N,07105.979061,W,0,10.0,1.0,89.2,0.0,0.0,154617.09*67
2021-07-28 16:46:19,804 [INFO] Interpreted as: {'position': (1.3696619583060965, 0.01805557683110237), 'latlon': (42.3000437, -71.09965101666667), 'heading': 89.2, 'depth': 1.0, 'altitude': 10.0, 'roll': 0.0, 'pitch': 0.0, 'last_fix_time': datetime.datetime(2021, 7, 28, 15, 46, 17), 'speed': None, 'rudder': 0, 'datum': (42.300043233333334, -71.09966761666666)}
2021-07-28 16:46:19,805 [INFO] Processing: $BFNVG,154617.41,4218.002629,N,07105.978817,W,0,10.0,1.0,89.2,0.0,0.0,154617.41*64
2021-07-28 16:46:19,806 [INFO] Interpreted as: {'position': (1.705208049272187, 0.022739009000360966), 'latlon': (42.300043816666665, -71.09964695), 'heading': 89.2, 'depth': 1.0, 'altitude': 10.0, 'roll': 0.0, 'pitch': 0.0, 'last_fix_time': datetime.datetime(2021, 7, 28, 15, 46, 17), 'speed': None, 'rudder': 0, 'datum': (42.300043233333334, -71.09966761666666)}
2021-07-28 16:46:19,807 [INFO] Processing: $BFNVG,154617.74,4218.002636,N,07105.978575,W,0,10.0,1.0,89.2,0.0,0.0,154617.74*63
2021-07-28 16:46:19,809 [INFO] Interpreted as: {'position': (2.0380063813645393, 0.027490257285535336), 'latlon': (42.300043933333335, -71.09964291666667), 'heading': 89.2, 'depth': 1.0, 'altitude': 10.0, 'roll': 0.0, 'pitch': 0.0, 'last_fix_time': datetime.datetime(2021, 7, 28, 15, 46, 17), 'speed': None, 'rudder': 0, 'datum': (42.300043233333334, -71.09966761666666)}
2021-07-28 16:46:19,809 [INFO] Processing: $BFNVG,154618.07,4218.002643,N,07105.978326,W,0,10.0,1.0,89.2,0.0,0.0,154618.07*61
2021-07-28 16:46:19,811 [INFO] Interpreted as: {'position': (2.380421865847893, 0.03200422506779432), 'latlon': (42.30004405, -71.09963876666667), 'heading': 89.2, 'depth': 1.0, 'altitude': 10.0, 'roll': 0.0, 'pitch': 0.0, 'last_fix_time': datetime.datetime(2021, 7, 28, 15, 46, 18), 'speed': None, 'rudder': 0, 'datum': (42.300043233333334, -71.09966761666666)}
2021-07-28 16:46:19,812 [INFO] Processing: $BFNVG,154618.40,4218.002650,N,07105.978077,W,0,10.0,1.0,89.2,0.0,0.0,154618.40*64
2021-07-28 16:46:19,814 [INFO] Interpreted as: {'position': (2.722837349108886, 0.03651821054518223), 'latlon': (42.300044166666666, -71.09963461666666), 'heading': 89.2, 'depth': 1.0, 'altitude': 10.0, 'roll': 0.0, 'pitch': 0.0, 'last_fix_time': datetime.datetime(2021, 7, 28, 15, 46, 18), 'speed': None, 'rudder': 0, 'datum': (42.300043233333334, -71.09966761666666)}
2021-07-28 16:46:19,814 [INFO] Processing: $BFNVG,154618.73,4218.002657,N,07105.977835,W,0,10.0,1.0,89.2,0.0,0.0,154618.73*62
2021-07-28 16:46:19,816 [INFO] Interpreted as: {'position': (3.055635675089434, 0.04126950539648533), 'latlon': (42.300044283333335, -71.09963058333334), 'heading': 89.2, 'depth': 1.0, 'altitude': 10.0, 'roll': 0.0, 'pitch': 0.0, 'last_fix_time': datetime.datetime(2021, 7, 28, 15, 46, 18), 'speed': None, 'rudder': 0, 'datum': (42.300043233333334, -71.09966761666666)}
2021-07-28 16:46:19,817 [INFO] Processing: $BFNVG,154619.08,4218.002665,N,07105.977571,W,0,10.0,1.0,89.2,0.0,0.0,154619.08*6E
2021-07-28 16:46:19,819 [INFO] Interpreted as: {'position': (3.418705001822673, 0.047125737182796), 'latlon': (42.300044416666665, -71.09962618333333), 'heading': 89.2, 'depth': 1.0, 'altitude': 10.0, 'roll': 0.0, 'pitch': 0.0, 'last_fix_time': datetime.datetime(2021, 7, 28, 15, 46, 19), 'speed': None, 'rudder': 0, 'datum': (42.300043233333334, -71.09966761666666)}
2021-07-28 16:46:19,819 [INFO] Received from Frontseat: [b'$BFNVG,154615.76,4218.002594,N,07105.980057,W,0,10.0,1.0,89.2,0.0,0.0,154615.76*6A', b'$BFNVG,154616.09,4218.002601,N,07105.979811,W,0,10.0,1.0,89.2,0.0,0.0,154616.09*69', b'$BFNVG,154616.42,4218.002608,N,07105.979558,W,0,10.0,1.0,89.2,0.0,0.0,154616.42*60', b'$BFNVG,154616.76,4218.002615,N,07105.979308,W,0,10.0,1.0,89.2,0.0,0.0,154616.76*6F', b'$BFNVG,154617.09,4218.002622,N,07105.979061,W,0,10.0,1.0,89.2,0.0,0.0,154617.09*67', b'$BFNVG,154617.41,4218.002629,N,07105.978817,W,0,10.0,1.0,89.2,0.0,0.0,154617.41*64', b'$BFNVG,154617.74,4218.002636,N,07105.978575,W,0,10.0,1.0,89.2,0.0,0.0,154617.74*63', b'$BFNVG,154618.07,4218.002643,N,07105.978326,W,0,10.0,1.0,89.2,0.0,0.0,154618.07*61', b'$BFNVG,154618.40,4218.002650,N,07105.978077,W,0,10.0,1.0,89.2,0.0,0.0,154618.40*64', b'$BFNVG,154618.73,4218.002657,N,07105.977835,W,0,10.0,1.0,89.2,0.0,0.0,154618.73*62', b'$BFNVG,154619.08,4218.002665,N,07105.977571,W,0,10.0,1.0,89.2,0.0,0.0,154619.08*6E']
2021-07-28 16:46:19,820 [INFO] AUV state: {'position': (3.418705001822673, 0.047125737182796), 'latlon': (42.300044416666665, -71.09962618333333), 'heading': 89.2, 'depth': 1.0, 'altitude': 10.0, 'roll': 0.0, 'pitch': 0.0, 'last_fix_time': datetime.datetime(2021, 7, 28, 15, 46, 19), 'speed': None, 'rudder': 0, 'datum': (42.300043233333334, -71.09966761666666)}
2021-07-28 16:46:20,162 [INFO] **** [] []
2021-07-28 16:46:20,164 [INFO] Next green buoy: [], next red buoy: []
2021-07-28 16:46:20,164 [INFO] Desired_heading: 89.2
2021-07-28 16:46:20,165 [INFO] sending message $BPRMB,154620.78,-0.0,,,1000,0,1*45
...
2021-07-28 16:46:21,166 [INFO] sending message $BPSTS,154621.16,1,BWSI Autonomy OK*46
...
2021-07-28 16:46:21,167 [INFO] Processing: $BFNVG,154619.45,4218.002673,N,07105.977296,W,0,10.0,1.0,89.2,0.0,0.0,154619.45*67
2021-07-28 16:46:21,168 [INFO] Interpreted as: {'position': (3.796886993688531, 0.0526090981438756), 'latlon': (42.30004455, -71.0996216), 'heading': 89.2, 'depth': 1.0, 'altitude': 10.0, 'roll': 0.0, 'pitch': 0.0, 'last_fix_time': datetime.datetime(2021, 7, 28, 15, 46, 19), 'speed': None, 'rudder': 0, 'datum': (42.300043233333334, -71.09966761666666)}
2021-07-28 16:46:21,169 [INFO] Processing: $BFNVG,154619.80,4218.002680,N,07105.977028,W,0,10.0,1.0,89.2,0.0,0.0,154619.80*6C
2021-07-28 16:46:21,170 [INFO] Interpreted as: {'position': (4.165406168438494, 0.05647907219827175), 'latlon': (42.300044666666665, -71.09961713333334), 'heading': 89.2, 'depth': 1.0, 'altitude': 10.0, 'roll': 0.0, 'pitch': 0.0, 'last_fix_time': datetime.datetime(2021, 7, 28, 15, 46, 19), 'speed': None, 'rudder': 0, 'datum': (42.300043233333334, -71.09966761666666)}
2021-07-28 16:46:21,170 [INFO] Received from Frontseat: [b'$BFNVG,154619.45,4218.002673,N,07105.977296,W,0,10.0,1.0,89.2,0.0,0.0,154619.45*67', b'$BFNVG,154619.80,4218.002680,N,07105.977028,W,0,10.0,1.0,89.2,0.0,0.0,154619.80*6C']
2021-07-28 16:46:21,171 [INFO] AUV state: {'position': (4.165406168438494, 0.05647907219827175), 'latlon': (42.300044666666665, -71.09961713333334), 'heading': 89.2, 'depth': 1.0, 'altitude': 10.0, 'roll': 0.0, 'pitch': 0.0, 'last_fix_time': datetime.datetime(2021, 7, 28, 15, 46, 19), 'speed': None, 'rudder': 0, 'datum': (42.300043233333334, -71.09966761666666)}
2021-07-28 16:46:21,483 [INFO] **** [] []
2021-07-28 16:46:21,485 [INFO] Next green buoy: [], next red buoy: []
2021-07-28 16:46:21,485 [INFO] Desired_heading: 89.2
2021-07-28 16:46:21,485 [INFO] sending message $BPRMB,154621.55,-0.0,,,1000,0,1*4b
...
2021-07-28 16:46:22,487 [INFO] sending message $BPSTS,154622.48,1,BWSI Autonomy OK*4e
...
2021-07-28 16:46:22,488 [INFO] Processing: $BFNVG,154620.16,4218.002688,N,07105.976762,W,0,10.0,1.0,89.2,0.0,0.0,154620.16*6C
2021-07-28 16:46:22,490 [INFO] Interpreted as: {'position': (4.5312232478754595, 0.06226756330579519), 'latlon': (42.3000448, -71.0996127), 'heading': 89.2, 'depth': 1.0, 'altitude': 10.0, 'roll': 0.0, 'pitch': 0.0, 'last_fix_time': datetime.datetime(2021, 7, 28, 15, 46, 20), 'speed': None, 'rudder': 0, 'datum': (42.300043233333334, -71.09966761666666)}
2021-07-28 16:46:22,491 [INFO] Processing: $BFNVG,154620.51,4218.002695,N,07105.976497,W,0,10.0,1.0,89.2,0.0,0.0,154620.51*69
2021-07-28 16:46:22,492 [INFO] Interpreted as: {'position': (4.895620783267077, 0.06623927410691977), 'latlon': (42.300044916666664, -71.09960828333334), 'heading': 89.2, 'depth': 1.0, 'altitude': 10.0, 'roll': 0.0, 'pitch': 0.0, 'last_fix_time': datetime.datetime(2021, 7, 28, 15, 46, 20), 'speed': None, 'rudder': 0, 'datum': (42.300043233333334, -71.09966761666666)}
2021-07-28 16:46:22,493 [INFO] Processing: $BFNVG,154620.87,4218.002703,N,07105.976233,W,0,10.0,1.0,89.2,0.0,0.0,154620.87*6F
2021-07-28 16:46:22,495 [INFO] Interpreted as: {'position': (5.258690101909451, 0.0720955990254879), 'latlon': (42.30004505, -71.09960388333333), 'heading': 89.2, 'depth': 1.0, 'altitude': 10.0, 'roll': 0.0, 'pitch': 0.0, 'last_fix_time': datetime.datetime(2021, 7, 28, 15, 46, 20), 'speed': None, 'rudder': 0, 'datum': (42.300043233333334, -71.09966761666666)}
2021-07-28 16:46:22,495 [INFO] Processing: $BFNVG,154621.22,4218.002711,N,07105.975966,W,0,10.0,1.0,89.2,0.0,0.0,154621.22*64
2021-07-28 16:46:22,497 [INFO] Interpreted as: {'position': (5.625881053158082, 0.07785024773329496), 'latlon': (42.30004518333333, -71.09959943333334), 'heading': 89.2, 'depth': 1.0, 'altitude': 10.0, 'roll': 0.0, 'pitch': 0.0, 'last_fix_time': datetime.datetime(2021, 7, 28, 15, 46, 21), 'speed': None, 'rudder': 0, 'datum': (42.300043233333334, -71.09966761666666)}
2021-07-28 16:46:22,498 [INFO] Received from Frontseat: [b'$BFNVG,154620.16,4218.002688,N,07105.976762,W,0,10.0,1.0,89.2,0.0,0.0,154620.16*6C', b'$BFNVG,154620.51,4218.002695,N,07105.976497,W,0,10.0,1.0,89.2,0.0,0.0,154620.51*69', b'$BFNVG,154620.87,4218.002703,N,07105.976233,W,0,10.0,1.0,89.2,0.0,0.0,154620.87*6F', b'$BFNVG,154621.22,4218.002711,N,07105.975966,W,0,10.0,1.0,89.2,0.0,0.0,154621.22*64']
2021-07-28 16:46:22,499 [INFO] AUV state: {'position': (5.625881053158082, 0.07785024773329496), 'latlon': (42.30004518333333, -71.09959943333334), 'heading': 89.2, 'depth': 1.0, 'altitude': 10.0, 'roll': 0.0, 'pitch': 0.0, 'last_fix_time': datetime.datetime(2021, 7, 28, 15, 46, 21), 'speed': None, 'rudder': 0, 'datum': (42.300043233333334, -71.09966761666666)}
2021-07-28 16:46:22,820 [INFO] **** [] []
2021-07-28 16:46:22,822 [INFO] Next green buoy: [], next red buoy: []
2021-07-28 16:46:22,822 [INFO] Desired_heading: 89.2
2021-07-28 16:46:22,823 [INFO] sending message $BPRMB,154623.42,-0.0,,,1000,0,1*4f
...
2021-07-28 16:46:23,824 [INFO] sending message $BPSTS,154623.82,1,BWSI Autonomy OK*49
...
2021-07-28 16:46:23,825 [INFO] Processing: $BFNVG,154621.58,4218.002718,N,07105.975699,W,0,10.0,1.0,89.2,0.0,0.0,154621.58*62
2021-07-28 16:46:23,827 [INFO] Interpreted as: {'position': (5.993026339565404, 0.0817542178556323), 'latlon': (42.3000453, -71.09959498333333), 'heading': 89.2, 'depth': 1.0, 'altitude': 10.0, 'roll': 0.0, 'pitch': 0.0, 'last_fix_time': datetime.datetime(2021, 7, 28, 15, 46, 21), 'speed': None, 'rudder': 0, 'datum': (42.300043233333334, -71.09966761666666)}
2021-07-28 16:46:23,828 [INFO] Processing: $BFNVG,154621.94,4218.002726,N,07105.975432,W,0,10.0,1.0,89.2,0.0,0.0,154621.94*6C
2021-07-28 16:46:23,830 [INFO] Interpreted as: {'position': (6.360217289766297, 0.0875089056789875), 'latlon': (42.30004543333333, -71.09959053333333), 'heading': 89.2, 'depth': 1.0, 'altitude': 10.0, 'roll': 0.0, 'pitch': 0.0, 'last_fix_time': datetime.datetime(2021, 7, 28, 15, 46, 21), 'speed': None, 'rudder': 0, 'datum': (42.300043233333334, -71.09966761666666)}
2021-07-28 16:46:23,830 [INFO] Processing: $BFNVG,154622.30,4218.002733,N,07105.975165,W,0,10.0,1.0,89.2,0.0,0.0,154622.30*6F
2021-07-28 16:46:23,832 [INFO] Interpreted as: {'position': (6.727362575242296, 0.0914129139855504), 'latlon': (42.30004555, -71.09958608333334), 'heading': 89.2, 'depth': 1.0, 'altitude': 10.0, 'roll': 0.0, 'pitch': 0.0, 'last_fix_time': datetime.datetime(2021, 7, 28, 15, 46, 22), 'speed': None, 'rudder': 0, 'datum': (42.300043233333334, -71.09966761666666)}
2021-07-28 16:46:23,833 [INFO] Processing: $BFNVG,154622.65,4218.002741,N,07105.974901,W,0,10.0,1.0,89.2,0.0,0.0,154622.65*61
2021-07-28 16:46:23,835 [INFO] Interpreted as: {'position': (7.090431885793805, 0.09726933483034372), 'latlon': (42.30004568333333, -71.09958168333333), 'heading': 89.2, 'depth': 1.0, 'altitude': 10.0, 'roll': 0.0, 'pitch': 0.0, 'last_fix_time': datetime.datetime(2021, 7, 28, 15, 46, 22), 'speed': None, 'rudder': 0, 'datum': (42.300043233333334, -71.09966761666666)}
2021-07-28 16:46:23,836 [INFO] Received from Frontseat: [b'$BFNVG,154621.58,4218.002718,N,07105.975699,W,0,10.0,1.0,89.2,0.0,0.0,154621.58*62', b'$BFNVG,154621.94,4218.002726,N,07105.975432,W,0,10.0,1.0,89.2,0.0,0.0,154621.94*6C', b'$BFNVG,154622.30,4218.002733,N,07105.975165,W,0,10.0,1.0,89.2,0.0,0.0,154622.30*6F', b'$BFNVG,154622.65,4218.002741,N,07105.974901,W,0,10.0,1.0,89.2,0.0,0.0,154622.65*61']
2021-07-28 16:46:23,837 [INFO] AUV state: {'position': (7.090431885793805, 0.09726933483034372), 'latlon': (42.30004568333333, -71.09958168333333), 'heading': 89.2, 'depth': 1.0, 'altitude': 10.0, 'roll': 0.0, 'pitch': 0.0, 'last_fix_time': datetime.datetime(2021, 7, 28, 15, 46, 22), 'speed': None, 'rudder': 0, 'datum': (42.300043233333334, -71.09966761666666)}
2021-07-28 16:46:24,183 [INFO] **** [] []
2021-07-28 16:46:24,185 [INFO] Next green buoy: [], next red buoy: []
2021-07-28 16:46:24,186 [INFO] Desired_heading: 89.2
2021-07-28 16:46:24,186 [INFO] sending message $BPRMB,154624.22,-0.0,,,1000,0,1*4e
...
2021-07-28 16:46:25,188 [INFO] sending message $BPSTS,154625.18,1,BWSI Autonomy OK*4c
...
2021-07-28 16:46:25,194 [INFO] Processing: $BFNVG,154623.00,4218.002749,N,07105.974637,W,0,10.0,1.0,89.2,0.0,0.0,154623.00*63
2021-07-28 16:46:25,196 [INFO] Interpreted as: {'position': (7.453501194890123, 0.10312577430158854), 'latlon': (42.30004581666667, -71.09957728333333), 'heading': 89.2, 'depth': 1.0, 'altitude': 10.0, 'roll': 0.0, 'pitch': 0.0, 'last_fix_time': datetime.datetime(2021, 7, 28, 15, 46, 23), 'speed': None, 'rudder': 0, 'datum': (42.300043233333334, -71.09966761666666)}
2021-07-28 16:46:25,197 [INFO] Processing: $BFNVG,154623.36,4218.002756,N,07105.974372,W,0,10.0,1.0,89.2,0.0,0.0,154623.36*69
2021-07-28 16:46:25,199 [INFO] Interpreted as: {'position': (7.817898718174547, 0.10709763504564762), 'latlon': (42.30004593333334, -71.09957286666666), 'heading': 89.2, 'depth': 1.0, 'altitude': 10.0, 'roll': 0.0, 'pitch': 0.0, 'last_fix_time': datetime.datetime(2021, 7, 28, 15, 46, 23), 'speed': None, 'rudder': 0, 'datum': (42.300043233333334, -71.09966761666666)}
2021-07-28 16:46:25,200 [INFO] Processing: $BFNVG,154623.71,4218.002764,N,07105.974107,W,0,10.0,1.0,89.2,0.0,0.0,154623.71*68
2021-07-28 16:46:25,202 [INFO] Interpreted as: {'position': (8.182341900770552, 0.11292021255940199), 'latlon': (42.30004606666667, -71.09956845), 'heading': 89.2, 'depth': 1.0, 'altitude': 10.0, 'roll': 0.0, 'pitch': 0.0, 'last_fix_time': datetime.datetime(2021, 7, 28, 15, 46, 23), 'speed': None, 'rudder': 0, 'datum': (42.300043233333334, -71.09966761666666)}
2021-07-28 16:46:25,203 [INFO] Processing: $BFNVG,154624.08,4218.002772,N,07105.973832,W,0,10.0,1.0,89.2,0.0,0.0,154624.08*67
2021-07-28 16:46:25,205 [INFO] Interpreted as: {'position': (8.560523871390615, 0.11840383149683475), 'latlon': (42.3000462, -71.09956386666667), 'heading': 89.2, 'depth': 1.0, 'altitude': 10.0, 'roll': 0.0, 'pitch': 0.0, 'last_fix_time': datetime.datetime(2021, 7, 28, 15, 46, 24), 'speed': None, 'rudder': 0, 'datum': (42.300043233333334, -71.09966761666666)}
2021-07-28 16:46:25,206 [INFO] Received from Frontseat: [b'$BFNVG,154623.00,4218.002749,N,07105.974637,W,0,10.0,1.0,89.2,0.0,0.0,154623.00*63', b'$BFNVG,154623.36,4218.002756,N,07105.974372,W,0,10.0,1.0,89.2,0.0,0.0,154623.36*69', b'$BFNVG,154623.71,4218.002764,N,07105.974107,W,0,10.0,1.0,89.2,0.0,0.0,154623.71*68', b'$BFNVG,154624.08,4218.002772,N,07105.973832,W,0,10.0,1.0,89.2,0.0,0.0,154624.08*67']
2021-07-28 16:46:25,207 [INFO] AUV state: {'position': (8.560523871390615, 0.11840383149683475), 'latlon': (42.3000462, -71.09956386666667), 'heading': 89.2, 'depth': 1.0, 'altitude': 10.0, 'roll': 0.0, 'pitch': 0.0, 'last_fix_time': datetime.datetime(2021, 7, 28, 15, 46, 24), 'speed': None, 'rudder': 0, 'datum': (42.300043233333334, -71.09966761666666)}
2021-07-28 16:46:25,542 [INFO] **** [] []
2021-07-28 16:46:25,544 [INFO] Next green buoy: [], next red buoy: []
2021-07-28 16:46:25,545 [INFO] Desired_heading: 89.2
2021-07-28 16:46:25,545 [INFO] sending message $BPRMB,154626.14,-0.0,,,1000,0,1*49
...
2021-07-28 16:46:26,547 [INFO] sending message $BPSTS,154626.54,1,BWSI Autonomy OK*47
...
2021-07-28 16:46:26,548 [INFO] Processing: $BFNVG,154624.45,4218.002780,N,07105.973553,W,0,10.0,1.0,89.2,0.0,0.0,154624.45*60
2021-07-28 16:46:26,551 [INFO] Interpreted as: {'position': (8.944201355392579, 0.12375187780708075), 'latlon': (42.300046333333334, -71.09955921666666), 'heading': 89.2, 'depth': 1.0, 'altitude': 10.0, 'roll': 0.0, 'pitch': 0.0, 'last_fix_time': datetime.datetime(2021, 7, 28, 15, 46, 24), 'speed': None, 'rudder': 0, 'datum': (42.300043233333334, -71.09966761666666)}
2021-07-28 16:46:26,552 [INFO] Processing: $BFNVG,154624.82,4218.002787,N,07105.973275,W,0,10.0,1.0,89.2,0.0,0.0,154624.82*64
2021-07-28 16:46:26,554 [INFO] Interpreted as: {'position': (9.326459296513349, 0.12728314474225044), 'latlon': (42.30004645, -71.09955458333333), 'heading': 89.2, 'depth': 1.0, 'altitude': 10.0, 'roll': 0.0, 'pitch': 0.0, 'last_fix_time': datetime.datetime(2021, 7, 28, 15, 46, 24), 'speed': None, 'rudder': 0, 'datum': (42.300043233333334, -71.09966761666666)}
2021-07-28 16:46:26,555 [INFO] Processing: $BFNVG,154625.19,4218.002795,N,07105.973002,W,0,10.0,1.0,89.2,0.0,0.0,154625.19*65
2021-07-28 16:46:26,557 [INFO] Interpreted as: {'position': (9.70189350459259, 0.13283461891114712), 'latlon': (42.300046583333334, -71.09955003333333), 'heading': 89.2, 'depth': 1.0, 'altitude': 10.0, 'roll': 0.0, 'pitch': 0.0, 'last_fix_time': datetime.datetime(2021, 7, 28, 15, 46, 25), 'speed': None, 'rudder': 0, 'datum': (42.300043233333334, -71.09966761666666)}
2021-07-28 16:46:26,557 [INFO] Received from Frontseat: [b'$BFNVG,154624.45,4218.002780,N,07105.973553,W,0,10.0,1.0,89.2,0.0,0.0,154624.45*60', b'$BFNVG,154624.82,4218.002787,N,07105.973275,W,0,10.0,1.0,89.2,0.0,0.0,154624.82*64', b'$BFNVG,154625.19,4218.002795,N,07105.973002,W,0,10.0,1.0,89.2,0.0,0.0,154625.19*65']
2021-07-28 16:46:26,558 [INFO] AUV state: {'position': (9.70189350459259, 0.13283461891114712), 'latlon': (42.300046583333334, -71.09955003333333), 'heading': 89.2, 'depth': 1.0, 'altitude': 10.0, 'roll': 0.0, 'pitch': 0.0, 'last_fix_time': datetime.datetime(2021, 7, 28, 15, 46, 25), 'speed': None, 'rudder': 0, 'datum': (42.300043233333334, -71.09966761666666)}
2021-07-28 16:46:26,908 [INFO] **** [] []
2021-07-28 16:46:26,911 [INFO] Next green buoy: [], next red buoy: []
2021-07-28 16:46:26,911 [INFO] Desired_heading: 89.2
2021-07-28 16:46:26,911 [INFO] sending message $BPRMB,154626.94,-0.0,,,1000,0,1*41
...
2021-07-28 16:46:27,913 [INFO] sending message $BPSTS,154627.91,1,BWSI Autonomy OK*4f
...
2021-07-28 16:46:27,914 [INFO] Processing: $BFNVG,154625.56,4218.002803,N,07105.972722,W,0,10.0,1.0,89.2,0.0,0.0,154625.56*61
2021-07-28 16:46:27,917 [INFO] Interpreted as: {'position': (10.086944862268865, 0.13814882934093475), 'latlon': (42.300046716666664, -71.09954536666666), 'heading': 89.2, 'depth': 1.0, 'altitude': 10.0, 'roll': 0.0, 'pitch': 0.0, 'last_fix_time': datetime.datetime(2021, 7, 28, 15, 46, 25), 'speed': None, 'rudder': 0, 'datum': (42.300043233333334, -71.09966761666666)}
2021-07-28 16:46:27,918 [INFO] Processing: $BFNVG,154625.93,4218.002811,N,07105.972450,W,0,10.0,1.0,89.2,0.0,0.0,154625.93*64
2021-07-28 16:46:27,920 [INFO] Interpreted as: {'position': (10.461005186080001, 0.14373424276709557), 'latlon': (42.30004685, -71.09954083333334), 'heading': 89.2, 'depth': 1.0, 'altitude': 10.0, 'roll': 0.0, 'pitch': 0.0, 'last_fix_time': datetime.datetime(2021, 7, 28, 15, 46, 25), 'speed': None, 'rudder': 0, 'datum': (42.300043233333334, -71.09966761666666)}
2021-07-28 16:46:27,921 [INFO] Processing: $BFNVG,154626.28,4218.002819,N,07105.972187,W,0,10.0,1.0,89.2,0.0,0.0,154626.28*63
2021-07-28 16:46:27,923 [INFO] Interpreted as: {'position': (10.822700601653196, 0.14962475281208754), 'latlon': (42.30004698333333, -71.09953645), 'heading': 89.2, 'depth': 1.0, 'altitude': 10.0, 'roll': 0.0, 'pitch': 0.0, 'last_fix_time': datetime.datetime(2021, 7, 28, 15, 46, 26), 'speed': None, 'rudder': 0, 'datum': (42.300043233333334, -71.09966761666666)}
2021-07-28 16:46:27,923 [INFO] Processing: $BFNVG,154626.63,4218.002826,N,07105.971924,W,0,10.0,1.0,89.2,0.0,0.0,154626.63*6D
2021-07-28 16:46:27,925 [INFO] Interpreted as: {'position': (11.18435035366565, 0.15366458613425493), 'latlon': (42.3000471, -71.09953206666667), 'heading': 89.2, 'depth': 1.0, 'altitude': 10.0, 'roll': 0.0, 'pitch': 0.0, 'last_fix_time': datetime.datetime(2021, 7, 28, 15, 46, 26), 'speed': None, 'rudder': 0, 'datum': (42.300043233333334, -71.09966761666666)}
2021-07-28 16:46:27,926 [INFO] Received from Frontseat: [b'$BFNVG,154625.56,4218.002803,N,07105.972722,W,0,10.0,1.0,89.2,0.0,0.0,154625.56*61', b'$BFNVG,154625.93,4218.002811,N,07105.972450,W,0,10.0,1.0,89.2,0.0,0.0,154625.93*64', b'$BFNVG,154626.28,4218.002819,N,07105.972187,W,0,10.0,1.0,89.2,0.0,0.0,154626.28*63', b'$BFNVG,154626.63,4218.002826,N,07105.971924,W,0,10.0,1.0,89.2,0.0,0.0,154626.63*6D']
2021-07-28 16:46:27,927 [INFO] AUV state: {'position': (11.18435035366565, 0.15366458613425493), 'latlon': (42.3000471, -71.09953206666667), 'heading': 89.2, 'depth': 1.0, 'altitude': 10.0, 'roll': 0.0, 'pitch': 0.0, 'last_fix_time': datetime.datetime(2021, 7, 28, 15, 46, 26), 'speed': None, 'rudder': 0, 'datum': (42.300043233333334, -71.09966761666666)}
2021-07-28 16:46:28,269 [INFO] **** [] []
2021-07-28 16:46:28,271 [INFO] Next green buoy: [], next red buoy: []
2021-07-28 16:46:28,271 [INFO] Desired_heading: 89.2
2021-07-28 16:46:28,272 [INFO] sending message $BPRMB,154628.88,-0.0,,,1000,0,1*42
...
2021-07-28 16:46:29,273 [INFO] sending message $BPSTS,154629.27,1,BWSI Autonomy OK*4c
...
2021-07-28 16:46:29,275 [INFO] Processing: $BFNVG,154626.98,4218.002834,N,07105.971661,W,0,10.0,1.0,89.2,0.0,0.0,154626.98*60
2021-07-28 16:46:29,277 [INFO] Interpreted as: {'position': (11.54604576609563, 0.1595551334321499), 'latlon': (42.30004723333333, -71.09952768333333), 'heading': 89.2, 'depth': 1.0, 'altitude': 10.0, 'roll': 0.0, 'pitch': 0.0, 'last_fix_time': datetime.datetime(2021, 7, 28, 15, 46, 26), 'speed': None, 'rudder': 0, 'datum': (42.300043233333334, -71.09966761666666)}
2021-07-28 16:46:29,278 [INFO] Processing: $BFNVG,154627.33,4218.002841,N,07105.971399,W,0,10.0,1.0,89.2,0.0,0.0,154627.33*60
2021-07-28 16:46:29,280 [INFO] Interpreted as: {'position': (11.906321636401117, 0.1636288994923234), 'latlon': (42.30004735, -71.09952331666666), 'heading': 89.2, 'depth': 1.0, 'altitude': 10.0, 'roll': 0.0, 'pitch': 0.0, 'last_fix_time': datetime.datetime(2021, 7, 28, 15, 46, 27), 'speed': None, 'rudder': 0, 'datum': (42.300043233333334, -71.09966761666666)}
2021-07-28 16:46:29,281 [INFO] Processing: $BFNVG,154627.68,4218.002849,N,07105.971136,W,0,10.0,1.0,89.2,0.0,0.0,154627.68*6F
2021-07-28 16:46:29,283 [INFO] Interpreted as: {'position': (12.2680170435342, 0.1695194849744439), 'latlon': (42.30004748333333, -71.09951893333333), 'heading': 89.2, 'depth': 1.0, 'altitude': 10.0, 'roll': 0.0, 'pitch': 0.0, 'last_fix_time': datetime.datetime(2021, 7, 28, 15, 46, 27), 'speed': None, 'rudder': 0, 'datum': (42.300043233333334, -71.09966761666666)}
2021-07-28 16:46:29,284 [INFO] Processing: $BFNVG,154628.03,4218.002856,N,07105.970872,W,0,10.0,1.0,89.2,0.0,0.0,154628.03*69
2021-07-28 16:46:29,286 [INFO] Interpreted as: {'position': (12.631040666252375, 0.17352549452334642), 'latlon': (42.3000476, -71.09951453333333), 'heading': 89.2, 'depth': 1.0, 'altitude': 10.0, 'roll': 0.0, 'pitch': 0.0, 'last_fix_time': datetime.datetime(2021, 7, 28, 15, 46, 28), 'speed': None, 'rudder': 0, 'datum': (42.300043233333334, -71.09966761666666)}
2021-07-28 16:46:29,286 [INFO] Received from Frontseat: [b'$BFNVG,154626.98,4218.002834,N,07105.971661,W,0,10.0,1.0,89.2,0.0,0.0,154626.98*60', b'$BFNVG,154627.33,4218.002841,N,07105.971399,W,0,10.0,1.0,89.2,0.0,0.0,154627.33*60', b'$BFNVG,154627.68,4218.002849,N,07105.971136,W,0,10.0,1.0,89.2,0.0,0.0,154627.68*6F', b'$BFNVG,154628.03,4218.002856,N,07105.970872,W,0,10.0,1.0,89.2,0.0,0.0,154628.03*69']
2021-07-28 16:46:29,287 [INFO] AUV state: {'position': (12.631040666252375, 0.17352549452334642), 'latlon': (42.3000476, -71.09951453333333), 'heading': 89.2, 'depth': 1.0, 'altitude': 10.0, 'roll': 0.0, 'pitch': 0.0, 'last_fix_time': datetime.datetime(2021, 7, 28, 15, 46, 28), 'speed': None, 'rudder': 0, 'datum': (42.300043233333334, -71.09966761666666)}
2021-07-28 16:46:29,632 [INFO] **** [] []
2021-07-28 16:46:29,634 [INFO] Next green buoy: [], next red buoy: []
2021-07-28 16:46:29,634 [INFO] Desired_heading: 89.2
2021-07-28 16:46:29,635 [INFO] sending message $BPRMB,154629.66,-0.0,,,1000,0,1*43
...
2021-07-28 16:46:30,637 [INFO] sending message $BPSTS,154630.63,1,BWSI Autonomy OK*44
...
2021-07-28 16:46:30,638 [INFO] Processing: $BFNVG,154628.39,4218.002864,N,07105.970607,W,0,10.0,1.0,89.2,0.0,0.0,154628.39*64
2021-07-28 16:46:30,640 [INFO] Interpreted as: {'position': (12.995483829872683, 0.17934832256287336), 'latlon': (42.30004773333334, -71.09951011666666), 'heading': 89.2, 'depth': 1.0, 'altitude': 10.0, 'roll': 0.0, 'pitch': 0.0, 'last_fix_time': datetime.datetime(2021, 7, 28, 15, 46, 28), 'speed': None, 'rudder': 0, 'datum': (42.300043233333334, -71.09966761666666)}
2021-07-28 16:46:30,641 [INFO] Processing: $BFNVG,154628.75,4218.002871,N,07105.970335,W,0,10.0,1.0,89.2,0.0,0.0,154628.75*64
2021-07-28 16:46:30,643 [INFO] Interpreted as: {'position': (13.369498481508344, 0.18308319337666035), 'latlon': (42.30004785, -71.09950558333334), 'heading': 89.2, 'depth': 1.0, 'altitude': 10.0, 'roll': 0.0, 'pitch': 0.0, 'last_fix_time': datetime.datetime(2021, 7, 28, 15, 46, 28), 'speed': None, 'rudder': 0, 'datum': (42.300043233333334, -71.09966761666666)}
2021-07-28 16:46:30,644 [INFO] Processing: $BFNVG,154629.11,4218.002879,N,07105.970067,W,0,10.0,1.0,89.2,0.0,0.0,154629.11*68
2021-07-28 16:46:30,646 [INFO] Interpreted as: {'position': (13.738063278025948, 0.18880436848849058), 'latlon': (42.300047983333336, -71.09950111666667), 'heading': 89.2, 'depth': 1.0, 'altitude': 10.0, 'roll': 0.0, 'pitch': 0.0, 'last_fix_time': datetime.datetime(2021, 7, 28, 15, 46, 29), 'speed': None, 'rudder': 0, 'datum': (42.300043233333334, -71.09966761666666)}
2021-07-28 16:46:30,647 [INFO] Processing: $BFNVG,154629.46,4218.002887,N,07105.969803,W,0,10.0,1.0,89.2,0.0,0.0,154629.46*6B
2021-07-28 16:46:30,649 [INFO] Interpreted as: {'position': (14.101132558018435, 0.19466115068644285), 'latlon': (42.300048116666666, -71.09949671666666), 'heading': 89.2, 'depth': 1.0, 'altitude': 10.0, 'roll': 0.0, 'pitch': 0.0, 'last_fix_time': datetime.datetime(2021, 7, 28, 15, 46, 29), 'speed': None, 'rudder': 0, 'datum': (42.300043233333334, -71.09966761666666)}
2021-07-28 16:46:30,650 [INFO] Received from Frontseat: [b'$BFNVG,154628.39,4218.002864,N,07105.970607,W,0,10.0,1.0,89.2,0.0,0.0,154628.39*64', b'$BFNVG,154628.75,4218.002871,N,07105.970335,W,0,10.0,1.0,89.2,0.0,0.0,154628.75*64', b'$BFNVG,154629.11,4218.002879,N,07105.970067,W,0,10.0,1.0,89.2,0.0,0.0,154629.11*68', b'$BFNVG,154629.46,4218.002887,N,07105.969803,W,0,10.0,1.0,89.2,0.0,0.0,154629.46*6B']
2021-07-28 16:46:30,651 [INFO] AUV state: {'position': (14.101132558018435, 0.19466115068644285), 'latlon': (42.300048116666666, -71.09949671666666), 'heading': 89.2, 'depth': 1.0, 'altitude': 10.0, 'roll': 0.0, 'pitch': 0.0, 'last_fix_time': datetime.datetime(2021, 7, 28, 15, 46, 29), 'speed': None, 'rudder': 0, 'datum': (42.300043233333334, -71.09966761666666)}
2021-07-28 16:46:31,008 [INFO] **** [] []
2021-07-28 16:46:31,010 [INFO] Next green buoy: [], next red buoy: []
2021-07-28 16:46:31,011 [INFO] Desired_heading: 89.2
2021-07-28 16:46:31,011 [INFO] sending message $BPRMB,154631.60,-0.0,,,1000,0,1*4c
...
2021-07-28 16:46:32,013 [INFO] sending message $BPSTS,154632.01,1,BWSI Autonomy OK*42
...
2021-07-28 16:46:32,014 [INFO] Processing: $BFNVG,154629.82,4218.002894,N,07105.969537,W,0,10.0,1.0,89.2,0.0,0.0,154629.82*63
2021-07-28 16:46:32,015 [INFO] Interpreted as: {'position': (14.46690393280005, 0.198599461466074), 'latlon': (42.300048233333335, -71.09949228333333), 'heading': 89.2, 'depth': 1.0, 'altitude': 10.0, 'roll': 0.0, 'pitch': 0.0, 'last_fix_time': datetime.datetime(2021, 7, 28, 15, 46, 29), 'speed': None, 'rudder': 0, 'datum': (42.300043233333334, -71.09966761666666)}
2021-07-28 16:46:32,016 [INFO] Processing: $BFNVG,154630.18,4218.002902,N,07105.969268,W,0,10.0,1.0,89.2,0.0,0.0,154630.18*60
2021-07-28 16:46:32,017 [INFO] Interpreted as: {'position': (14.836842601071112, 0.20428679790347815), 'latlon': (42.300048366666665, -71.0994878), 'heading': 89.2, 'depth': 1.0, 'altitude': 10.0, 'roll': 0.0, 'pitch': 0.0, 'last_fix_time': datetime.datetime(2021, 7, 28, 15, 46, 30), 'speed': None, 'rudder': 0, 'datum': (42.300043233333334, -71.09966761666666)}
2021-07-28 16:46:32,018 [INFO] Received from Frontseat: [b'$BFNVG,154629.82,4218.002894,N,07105.969537,W,0,10.0,1.0,89.2,0.0,0.0,154629.82*63', b'$BFNVG,154630.18,4218.002902,N,07105.969268,W,0,10.0,1.0,89.2,0.0,0.0,154630.18*60']
2021-07-28 16:46:32,019 [INFO] AUV state: {'position': (14.836842601071112, 0.20428679790347815), 'latlon': (42.300048366666665, -71.0994878), 'heading': 89.2, 'depth': 1.0, 'altitude': 10.0, 'roll': 0.0, 'pitch': 0.0, 'last_fix_time': datetime.datetime(2021, 7, 28, 15, 46, 30), 'speed': None, 'rudder': 0, 'datum': (42.300043233333334, -71.09966761666666)}
2021-07-28 16:46:32,366 [INFO] **** [] []
2021-07-28 16:46:32,368 [INFO] Next green buoy: [], next red buoy: []
2021-07-28 16:46:32,368 [INFO] Desired_heading: 89.2
2021-07-28 16:46:32,368 [INFO] sending message $BPRMB,154632.41,-0.0,,,1000,0,1*4c
...
2021-07-28 16:46:33,370 [INFO] sending message $BPSTS,154633.37,1,BWSI Autonomy OK*46
...
2021-07-28 16:46:33,371 [INFO] Received from Frontseat: []
2021-07-28 16:46:33,371 [INFO] AUV state: {'position': (14.836842601071112, 0.20428679790347815), 'latlon': (42.300048366666665, -71.0994878), 'heading': 89.2, 'depth': 1.0, 'altitude': 10.0, 'roll': 0.0, 'pitch': 0.0, 'last_fix_time': datetime.datetime(2021, 7, 28, 15, 46, 30), 'speed': None, 'rudder': 0, 'datum': (42.300043233333334, -71.09966761666666)}
2021-07-28 16:46:33,738 [INFO] **** [] []
2021-07-28 16:46:33,740 [INFO] Next green buoy: [], next red buoy: []
2021-07-28 16:46:33,741 [INFO] Desired_heading: 89.2
2021-07-28 16:46:33,741 [INFO] sending message $BPRMB,154634.32,-0.0,,,1000,0,1*4e
...
2021-07-28 16:46:34,743 [INFO] sending message $BPSTS,154634.74,1,BWSI Autonomy OK*46
...
2021-07-28 16:46:34,744 [INFO] Received from Frontseat: []
2021-07-28 16:46:34,744 [INFO] AUV state: {'position': (14.836842601071112, 0.20428679790347815), 'latlon': (42.300048366666665, -71.0994878), 'heading': 89.2, 'depth': 1.0, 'altitude': 10.0, 'roll': 0.0, 'pitch': 0.0, 'last_fix_time': datetime.datetime(2021, 7, 28, 15, 46, 30), 'speed': None, 'rudder': 0, 'datum': (42.300043233333334, -71.09966761666666)}
2021-07-28 16:46:35,092 [INFO] **** [] []
2021-07-28 16:46:35,094 [INFO] Next green buoy: [], next red buoy: []
2021-07-28 16:46:35,094 [INFO] Desired_heading: 89.2
2021-07-28 16:46:35,095 [INFO] sending message $BPRMB,154635.16,-0.0,,,1000,0,1*49
...
2021-07-28 16:46:36,096 [INFO] sending message $BPSTS,154636.09,1,BWSI Autonomy OK*4e
...
2021-07-28 16:46:36,097 [INFO] Received from Frontseat: []
2021-07-28 16:46:36,103 [INFO] AUV state: {'position': (14.836842601071112, 0.20428679790347815), 'latlon': (42.300048366666665, -71.0994878), 'heading': 89.2, 'depth': 1.0, 'altitude': 10.0, 'roll': 0.0, 'pitch': 0.0, 'last_fix_time': datetime.datetime(2021, 7, 28, 15, 46, 30), 'speed': None, 'rudder': 0, 'datum': (42.300043233333334, -71.09966761666666)}
2021-07-28 16:46:36,438 [INFO] **** [] []
2021-07-28 16:46:36,440 [INFO] Next green buoy: [], next red buoy: []
2021-07-28 16:46:36,440 [INFO] Desired_heading: 89.2
2021-07-28 16:46:36,441 [INFO] sending message $BPRMB,154637.02,-0.0,,,1000,0,1*4e
...
2021-07-28 16:46:37,442 [INFO] sending message $BPSTS,154637.44,1,BWSI Autonomy OK*46
...
2021-07-28 16:46:37,443 [INFO] Received from Frontseat: []
2021-07-28 16:46:37,444 [INFO] AUV state: {'position': (14.836842601071112, 0.20428679790347815), 'latlon': (42.300048366666665, -71.0994878), 'heading': 89.2, 'depth': 1.0, 'altitude': 10.0, 'roll': 0.0, 'pitch': 0.0, 'last_fix_time': datetime.datetime(2021, 7, 28, 15, 46, 30), 'speed': None, 'rudder': 0, 'datum': (42.300043233333334, -71.09966761666666)}
2021-07-28 16:46:37,795 [INFO] **** [] []
2021-07-28 16:46:37,797 [INFO] Next green buoy: [], next red buoy: []
2021-07-28 16:46:37,798 [INFO] Desired_heading: 89.2
2021-07-28 16:46:37,798 [INFO] sending message $BPRMB,154637.85,-0.0,,,1000,0,1*41
...
2021-07-28 16:46:38,800 [INFO] sending message $BPSTS,154638.80,1,BWSI Autonomy OK*41
...
2021-07-28 16:46:38,801 [INFO] Received from Frontseat: []
2021-07-28 16:46:38,802 [INFO] AUV state: {'position': (14.836842601071112, 0.20428679790347815), 'latlon': (42.300048366666665, -71.0994878), 'heading': 89.2, 'depth': 1.0, 'altitude': 10.0, 'roll': 0.0, 'pitch': 0.0, 'last_fix_time': datetime.datetime(2021, 7, 28, 15, 46, 30), 'speed': None, 'rudder': 0, 'datum': (42.300043233333334, -71.09966761666666)}
2021-07-28 16:46:39,152 [INFO] **** [] []
2021-07-28 16:46:39,154 [INFO] Next green buoy: [], next red buoy: []
2021-07-28 16:46:39,155 [INFO] Desired_heading: 89.2
2021-07-28 16:46:39,155 [INFO] sending message $BPRMB,154639.74,-0.0,,,1000,0,1*41
...
2021-07-28 16:46:40,157 [INFO] sending message $BPSTS,154640.15,1,BWSI Autonomy OK*42
...
2021-07-28 16:46:40,158 [INFO] Received from Frontseat: []
2021-07-28 16:46:40,159 [INFO] AUV state: {'position': (14.836842601071112, 0.20428679790347815), 'latlon': (42.300048366666665, -71.0994878), 'heading': 89.2, 'depth': 1.0, 'altitude': 10.0, 'roll': 0.0, 'pitch': 0.0, 'last_fix_time': datetime.datetime(2021, 7, 28, 15, 46, 30), 'speed': None, 'rudder': 0, 'datum': (42.300043233333334, -71.09966761666666)}
2021-07-28 16:46:40,513 [INFO] **** [] []
2021-07-28 16:46:40,515 [INFO] Next green buoy: [], next red buoy: []
2021-07-28 16:46:40,515 [INFO] Desired_heading: 89.2
2021-07-28 16:46:40,516 [INFO] sending message $BPRMB,154640.56,-0.0,,,1000,0,1*4f
...
2021-07-28 16:46:41,518 [INFO] sending message $BPSTS,154641.51,1,BWSI Autonomy OK*43
...
2021-07-28 16:46:41,523 [INFO] Received from Frontseat: []
2021-07-28 16:46:41,524 [INFO] AUV state: {'position': (14.836842601071112, 0.20428679790347815), 'latlon': (42.300048366666665, -71.0994878), 'heading': 89.2, 'depth': 1.0, 'altitude': 10.0, 'roll': 0.0, 'pitch': 0.0, 'last_fix_time': datetime.datetime(2021, 7, 28, 15, 46, 30), 'speed': None, 'rudder': 0, 'datum': (42.300043233333334, -71.09966761666666)}
2021-07-28 16:46:41,875 [INFO] **** [] []
2021-07-28 16:46:41,878 [INFO] Next green buoy: [], next red buoy: []
2021-07-28 16:46:41,878 [INFO] Desired_heading: 89.2
2021-07-28 16:46:41,878 [INFO] sending message $BPRMB,154642.46,-0.0,,,1000,0,1*4c
...
2021-07-28 16:46:42,880 [INFO] sending message $BPSTS,154642.88,1,BWSI Autonomy OK*44
...
2021-07-28 16:46:42,881 [INFO] Received from Frontseat: []
2021-07-28 16:46:42,882 [INFO] AUV state: {'position': (14.836842601071112, 0.20428679790347815), 'latlon': (42.300048366666665, -71.0994878), 'heading': 89.2, 'depth': 1.0, 'altitude': 10.0, 'roll': 0.0, 'pitch': 0.0, 'last_fix_time': datetime.datetime(2021, 7, 28, 15, 46, 30), 'speed': None, 'rudder': 0, 'datum': (42.300043233333334, -71.09966761666666)}
2021-07-28 16:46:43,235 [INFO] **** [] []
2021-07-28 16:46:43,237 [INFO] Next green buoy: [], next red buoy: []
2021-07-28 16:46:43,237 [INFO] Desired_heading: 89.2
2021-07-28 16:46:43,238 [INFO] sending message $BPRMB,154643.29,-0.0,,,1000,0,1*44
...
2021-07-28 16:46:44,239 [INFO] sending message $BPSTS,154644.23,1,BWSI Autonomy OK*43
...
2021-07-28 16:46:44,240 [INFO] Received from Frontseat: []
2021-07-28 16:46:44,241 [INFO] AUV state: {'position': (14.836842601071112, 0.20428679790347815), 'latlon': (42.300048366666665, -71.0994878), 'heading': 89.2, 'depth': 1.0, 'altitude': 10.0, 'roll': 0.0, 'pitch': 0.0, 'last_fix_time': datetime.datetime(2021, 7, 28, 15, 46, 30), 'speed': None, 'rudder': 0, 'datum': (42.300043233333334, -71.09966761666666)}
2021-07-28 16:46:44,601 [INFO] **** [] []
2021-07-28 16:46:44,603 [INFO] Next green buoy: [], next red buoy: []
2021-07-28 16:46:44,603 [INFO] Desired_heading: 89.2
2021-07-28 16:46:44,604 [INFO] sending message $BPRMB,154645.18,-0.0,,,1000,0,1*40
...
2021-07-28 16:46:45,605 [INFO] sending message $BPSTS,154645.60,1,BWSI Autonomy OK*45
...
2021-07-28 16:46:45,606 [INFO] Received from Frontseat: []
2021-07-28 16:46:45,607 [INFO] AUV state: {'position': (14.836842601071112, 0.20428679790347815), 'latlon': (42.300048366666665, -71.0994878), 'heading': 89.2, 'depth': 1.0, 'altitude': 10.0, 'roll': 0.0, 'pitch': 0.0, 'last_fix_time': datetime.datetime(2021, 7, 28, 15, 46, 30), 'speed': None, 'rudder': 0, 'datum': (42.300043233333334, -71.09966761666666)}
2021-07-28 16:46:45,963 [INFO] **** [] []
2021-07-28 16:46:45,965 [INFO] Next green buoy: [], next red buoy: []
2021-07-28 16:46:45,966 [INFO] Desired_heading: 89.2
2021-07-28 16:46:45,966 [INFO] sending message $BPRMB,154646.02,-0.0,,,1000,0,1*48
...
2021-07-28 16:46:46,968 [INFO] sending message $BPSTS,154646.96,1,BWSI Autonomy OK*4f
...
2021-07-28 16:46:46,969 [INFO] Received from Frontseat: []
2021-07-28 16:46:46,970 [INFO] AUV state: {'position': (14.836842601071112, 0.20428679790347815), 'latlon': (42.300048366666665, -71.0994878), 'heading': 89.2, 'depth': 1.0, 'altitude': 10.0, 'roll': 0.0, 'pitch': 0.0, 'last_fix_time': datetime.datetime(2021, 7, 28, 15, 46, 30), 'speed': None, 'rudder': 0, 'datum': (42.300043233333334, -71.09966761666666)}
2021-07-28 16:46:47,328 [INFO] **** [] []
2021-07-28 16:46:47,331 [INFO] Next green buoy: [], next red buoy: []
2021-07-28 16:46:47,331 [INFO] Desired_heading: 89.2
2021-07-28 16:46:47,332 [INFO] sending message $BPRMB,154647.91,-0.0,,,1000,0,1*43
...
2021-07-28 16:46:48,333 [INFO] sending message $BPSTS,154648.33,1,BWSI Autonomy OK*4e
...
2021-07-28 16:46:48,334 [INFO] Received from Frontseat: []
2021-07-28 16:46:48,335 [INFO] AUV state: {'position': (14.836842601071112, 0.20428679790347815), 'latlon': (42.300048366666665, -71.0994878), 'heading': 89.2, 'depth': 1.0, 'altitude': 10.0, 'roll': 0.0, 'pitch': 0.0, 'last_fix_time': datetime.datetime(2021, 7, 28, 15, 46, 30), 'speed': None, 'rudder': 0, 'datum': (42.300043233333334, -71.09966761666666)}
2021-07-28 16:46:48,548 [ERROR] An error occurred. The stack trace is below.
Traceback (most recent call last):
  File "BWSI_BackSeat.py", line 111, in run
    green, red = self.__buoy_detector.run(self.__auv_state)
  File "/home/pi/Baygulls/ChallengeCodePi/Image_Processor.py", line 158, in run
    image = self.__camera.get_frame(auv_state['position'], auv_state['heading'], self.__simField)
  File "/home/pi/Baygulls/ChallengeCodePi/BWSI_Sensor.py", line 102, in get_frame
    image_snap[image_snap>255] = 255
KeyboardInterrupt
