2021-07-28 23:22:54,326 [INFO] host = 192.168.1.213, port = 29500
2021-07-28 23:23:10,412 [INFO] sending message $BPLOG,ACK,ON*1e
...
2021-07-28 23:23:10,414 [INFO] sending message $BPLOG,ALL,ON*16
...
2021-07-28 23:23:10,415 [INFO] sending message $BPSTS,222310.41,1,BWSI Autonomy OK*41
...
2021-07-28 23:23:10,416 [INFO] Received from Frontseat: []
2021-07-28 23:23:10,416 [INFO] AUV state: {'position': (None, None), 'latlon': None, 'heading': None, 'depth': None, 'altitude': None, 'roll': None, 'pitch': None, 'last_fix_time': None, 'speed': None, 'rudder': 0}
2021-07-28 23:23:11,418 [INFO] sending message $BPSTS,222311.41,1,BWSI Autonomy OK*40
...
2021-07-28 23:23:11,420 [INFO] Processing: $BFNVG,222309.83,4218.000000,N,07106.000000,W,0,10.0,1.0,45.0,0.0,0.0,222309.83*62
2021-07-28 23:23:11,422 [INFO] Interpreted as: {'position': (0, 0), 'latlon': (42.3, -71.1), 'heading': 45.0, 'depth': 1.0, 'altitude': 10.0, 'roll': 0.0, 'pitch': 0.0, 'last_fix_time': datetime.datetime(2021, 7, 28, 22, 23, 9), 'speed': None, 'rudder': 0, 'datum': (42.3, -71.1)}
2021-07-28 23:23:11,423 [INFO] Processing: $BFNVG,222310.08,4218.000000,N,07106.000000,W,0,10.0,1.0,45.0,0.0,0.0,222310.08*62
2021-07-28 23:23:11,425 [INFO] Interpreted as: {'position': (0.0, 0.0), 'latlon': (42.3, -71.1), 'heading': 45.0, 'depth': 1.0, 'altitude': 10.0, 'roll': 0.0, 'pitch': 0.0, 'last_fix_time': datetime.datetime(2021, 7, 28, 22, 23, 10), 'speed': None, 'rudder': 0, 'datum': (42.3, -71.1)}
2021-07-28 23:23:11,426 [INFO] Processing: $BFNVG,222310.33,4218.000000,N,07106.000000,W,0,10.0,1.0,45.0,0.0,0.0,222310.33*62
2021-07-28 23:23:11,428 [INFO] Interpreted as: {'position': (0.0, 0.0), 'latlon': (42.3, -71.1), 'heading': 45.0, 'depth': 1.0, 'altitude': 10.0, 'roll': 0.0, 'pitch': 0.0, 'last_fix_time': datetime.datetime(2021, 7, 28, 22, 23, 10), 'speed': None, 'rudder': 0, 'datum': (42.3, -71.1)}
2021-07-28 23:23:11,428 [INFO] Processing: $BFNVG,222310.58,4218.000000,N,07106.000000,W,0,10.0,1.0,45.0,0.0,0.0,222310.58*62
2021-07-28 23:23:11,431 [INFO] Interpreted as: {'position': (0.0, 0.0), 'latlon': (42.3, -71.1), 'heading': 45.0, 'depth': 1.0, 'altitude': 10.0, 'roll': 0.0, 'pitch': 0.0, 'last_fix_time': datetime.datetime(2021, 7, 28, 22, 23, 10), 'speed': None, 'rudder': 0, 'datum': (42.3, -71.1)}
2021-07-28 23:23:11,432 [INFO] Received from Frontseat: [b'$BFNVG,222309.83,4218.000000,N,07106.000000,W,0,10.0,1.0,45.0,0.0,0.0,222309.83*62', b'$BFNVG,222310.08,4218.000000,N,07106.000000,W,0,10.0,1.0,45.0,0.0,0.0,222310.08*62', b'$BFNVG,222310.33,4218.000000,N,07106.000000,W,0,10.0,1.0,45.0,0.0,0.0,222310.33*62', b'$BFNVG,222310.58,4218.000000,N,07106.000000,W,0,10.0,1.0,45.0,0.0,0.0,222310.58*62']
2021-07-28 23:23:11,432 [INFO] AUV state: {'position': (0.0, 0.0), 'latlon': (42.3, -71.1), 'heading': 45.0, 'depth': 1.0, 'altitude': 10.0, 'roll': 0.0, 'pitch': 0.0, 'last_fix_time': datetime.datetime(2021, 7, 28, 22, 23, 10), 'speed': None, 'rudder': 0, 'datum': (42.3, -71.1)}
2021-07-28 23:23:11,773 [INFO] **** [(-0.21993023293121178, -7.6862156757158235)] [(15.437560812208067, -7.329055330858309)]
2021-07-28 23:23:11,775 [INFO] Next green buoy: [(-0.21993023293121178, -7.6862156757158235)], next red buoy: [(15.437560812208067, -7.329055330858309)]
2021-07-28 23:23:11,776 [INFO] Desired_heading: 52.60881528963843
2021-07-28 23:23:11,776 [INFO] delta angle: 25
2021-07-28 23:23:11,776 [INFO] sending message $BPRMB,222312.40,-25,1,0,750,0,1*53
...
2021-07-28 23:23:12,778 [INFO] sending message $BPSTS,222312.77,1,BWSI Autonomy OK*46
...
2021-07-28 23:23:12,780 [INFO] Processing: $BFNVG,222310.98,4218.000000,N,07106.000000,W,0,10.0,1.0,45.0,0.0,0.0,222310.98*62
2021-07-28 23:23:12,782 [INFO] Interpreted as: {'position': (0.0, 0.0), 'latlon': (42.3, -71.1), 'heading': 45.0, 'depth': 1.0, 'altitude': 10.0, 'roll': 0.0, 'pitch': 0.0, 'last_fix_time': datetime.datetime(2021, 7, 28, 22, 23, 10), 'speed': None, 'rudder': 0, 'datum': (42.3, -71.1)}
2021-07-28 23:23:12,783 [INFO] Processing: $BFNVG,222311.33,4218.000000,N,07106.000000,W,0,10.0,1.0,45.0,0.0,0.0,222311.33*62
2021-07-28 23:23:12,785 [INFO] Interpreted as: {'position': (0.0, 0.0), 'latlon': (42.3, -71.1), 'heading': 45.0, 'depth': 1.0, 'altitude': 10.0, 'roll': 0.0, 'pitch': 0.0, 'last_fix_time': datetime.datetime(2021, 7, 28, 22, 23, 11), 'speed': None, 'rudder': 0, 'datum': (42.3, -71.1)}
2021-07-28 23:23:12,786 [INFO] Processing: $BFNVG,222311.68,4218.000000,N,07106.000000,W,0,10.0,1.0,45.0,0.0,0.0,222311.68*62
2021-07-28 23:23:12,788 [INFO] Interpreted as: {'position': (0.0, 0.0), 'latlon': (42.3, -71.1), 'heading': 45.0, 'depth': 1.0, 'altitude': 10.0, 'roll': 0.0, 'pitch': 0.0, 'last_fix_time': datetime.datetime(2021, 7, 28, 22, 23, 11), 'speed': None, 'rudder': 0, 'datum': (42.3, -71.1)}
2021-07-28 23:23:12,788 [INFO] Received from Frontseat: [b'$BFNVG,222310.98,4218.000000,N,07106.000000,W,0,10.0,1.0,45.0,0.0,0.0,222310.98*62', b'$BFNVG,222311.33,4218.000000,N,07106.000000,W,0,10.0,1.0,45.0,0.0,0.0,222311.33*62', b'$BFNVG,222311.68,4218.000000,N,07106.000000,W,0,10.0,1.0,45.0,0.0,0.0,222311.68*62']
2021-07-28 23:23:12,789 [INFO] AUV state: {'position': (0.0, 0.0), 'latlon': (42.3, -71.1), 'heading': 45.0, 'depth': 1.0, 'altitude': 10.0, 'roll': 0.0, 'pitch': 0.0, 'last_fix_time': datetime.datetime(2021, 7, 28, 22, 23, 11), 'speed': None, 'rudder': 0, 'datum': (42.3, -71.1)}
2021-07-28 23:23:13,091 [INFO] **** [(-0.22035521470194389, -7.708961974233651)] [(15.437560812208067, -7.333901112744751)]
2021-07-28 23:23:13,093 [INFO] Next green buoy: [(-0.22035521470194389, -7.708961974233651)], next red buoy: [(15.437560812208067, -7.333901112744751)]
2021-07-28 23:23:13,094 [INFO] Desired_heading: 52.60860279875306
2021-07-28 23:23:13,094 [INFO] delta angle: 25
2021-07-28 23:23:13,095 [INFO] sending message $BPRMB,222313.14,-25,1,0,750,0,1*53
...
2021-07-28 23:23:14,096 [INFO] sending message $BPSTS,222314.09,1,BWSI Autonomy OK*49
...
2021-07-28 23:23:14,098 [INFO] Processing: $BFNVG,222312.03,4218.000000,N,07106.000000,W,0,10.0,1.0,45.0,0.0,0.0,222312.03*62
2021-07-28 23:23:14,100 [INFO] Interpreted as: {'position': (0.0, 0.0), 'latlon': (42.3, -71.1), 'heading': 45.0, 'depth': 1.0, 'altitude': 10.0, 'roll': 0.0, 'pitch': 0.0, 'last_fix_time': datetime.datetime(2021, 7, 28, 22, 23, 12), 'speed': None, 'rudder': 0, 'datum': (42.3, -71.1)}
2021-07-28 23:23:14,101 [INFO] Processing: $BFNVG,222312.38,4218.000104,N,07105.999863,W,0,10.0,1.0,46.6,0.0,0.0,222312.38*65
2021-07-28 23:23:14,103 [INFO] Interpreted as: {'position': (0.1929714276921004, 0.18782751262187958), 'latlon': (42.30000173333333, -71.09999771666666), 'heading': 46.6, 'depth': 1.0, 'altitude': 10.0, 'roll': 0.0, 'pitch': 0.0, 'last_fix_time': datetime.datetime(2021, 7, 28, 22, 23, 12), 'speed': None, 'rudder': 0, 'datum': (42.3, -71.1)}
2021-07-28 23:23:14,104 [INFO] Processing: $BFNVG,222312.72,4218.000203,N,07105.999724,W,0,10.0,1.0,48.2,0.0,0.0,222312.72*67
2021-07-28 23:23:14,106 [INFO] Interpreted as: {'position': (0.3884622468613088, 0.3663337333127856), 'latlon': (42.30000338333333, -71.0999954), 'heading': 48.2, 'depth': 1.0, 'altitude': 10.0, 'roll': 0.0, 'pitch': 0.0, 'last_fix_time': datetime.datetime(2021, 7, 28, 22, 23, 12), 'speed': None, 'rudder': 0, 'datum': (42.3, -71.1)}
2021-07-28 23:23:14,107 [INFO] Processing: $BFNVG,222313.07,4218.000301,N,07105.999580,W,0,10.0,1.0,49.9,0.0,0.0,222313.07*62
2021-07-28 23:23:14,109 [INFO] Interpreted as: {'position': (0.5907767825992778, 0.5428197383880615), 'latlon': (42.30000501666667, -71.099993), 'heading': 49.9, 'depth': 1.0, 'altitude': 10.0, 'roll': 0.0, 'pitch': 0.0, 'last_fix_time': datetime.datetime(2021, 7, 28, 22, 23, 13), 'speed': None, 'rudder': 0, 'datum': (42.3, -71.1)}
2021-07-28 23:23:14,110 [INFO] Received from Frontseat: [b'$BFNVG,222312.03,4218.000000,N,07106.000000,W,0,10.0,1.0,45.0,0.0,0.0,222312.03*62', b'$BFNVG,222312.38,4218.000104,N,07105.999863,W,0,10.0,1.0,46.6,0.0,0.0,222312.38*65', b'$BFNVG,222312.72,4218.000203,N,07105.999724,W,0,10.0,1.0,48.2,0.0,0.0,222312.72*67', b'$BFNVG,222313.07,4218.000301,N,07105.999580,W,0,10.0,1.0,49.9,0.0,0.0,222313.07*62']
2021-07-28 23:23:14,111 [INFO] AUV state: {'position': (0.5907767825992778, 0.5428197383880615), 'latlon': (42.30000501666667, -71.099993), 'heading': 49.9, 'depth': 1.0, 'altitude': 10.0, 'roll': 0.0, 'pitch': 0.0, 'last_fix_time': datetime.datetime(2021, 7, 28, 22, 23, 13), 'speed': None, 'rudder': 0, 'datum': (42.3, -71.1)}
2021-07-28 23:23:14,444 [INFO] **** [(-6.024850133529634, -8.525762420125751)] [(11.645470767285358, -8.239208846926779)]
2021-07-28 23:23:14,446 [INFO] Next green buoy: [(-6.024850133529634, -8.525762420125751)], next red buoy: [(11.645470767285358, -8.239208846926779)]
2021-07-28 23:23:14,447 [INFO] Desired_heading: 52.71031031687786
2021-07-28 23:23:14,447 [INFO] delta angle: 5.2652293847667595
2021-07-28 23:23:14,448 [INFO] sending message $BPRMB,222315.04,-5.2652293847667595,1,0,750,0,1*46
...
2021-07-28 23:23:15,449 [INFO] sending message $BPSTS,222315.44,1,BWSI Autonomy OK*41
...
2021-07-28 23:23:15,451 [INFO] Processing: $BFNVG,222313.41,4218.000395,N,07105.999433,W,0,10.0,1.0,51.5,0.0,0.0,222313.41*63
2021-07-28 23:23:15,456 [INFO] Interpreted as: {'position': (0.7970302596222609, 0.7118012439459562), 'latlon': (42.300006583333335, -71.09999055), 'heading': 51.5, 'depth': 1.0, 'altitude': 10.0, 'roll': 0.0, 'pitch': 0.0, 'last_fix_time': datetime.datetime(2021, 7, 28, 22, 23, 13), 'speed': None, 'rudder': 0, 'datum': (42.3, -71.1)}
2021-07-28 23:23:15,458 [INFO] Processing: $BFNVG,222313.76,4218.000486,N,07105.999282,W,0,10.0,1.0,53.1,0.0,0.0,222313.76*6C
2021-07-28 23:23:15,461 [INFO] Interpreted as: {'position': (1.0086422318709083, 0.8750950451940298), 'latlon': (42.3000081, -71.09998803333333), 'heading': 53.1, 'depth': 1.0, 'altitude': 10.0, 'roll': 0.0, 'pitch': 0.0, 'last_fix_time': datetime.datetime(2021, 7, 28, 22, 23, 13), 'speed': None, 'rudder': 0, 'datum': (42.3, -71.1)}
2021-07-28 23:23:15,463 [INFO] Processing: $BFNVG,222314.11,4218.000574,N,07105.999127,W,0,10.0,1.0,54.8,0.0,0.0,222314.11*62
2021-07-28 23:23:15,464 [INFO] Interpreted as: {'position': (1.2256126930587925, 1.0327011430636048), 'latlon': (42.30000956666667, -71.09998545), 'heading': 54.8, 'depth': 1.0, 'altitude': 10.0, 'roll': 0.0, 'pitch': 0.0, 'last_fix_time': datetime.datetime(2021, 7, 28, 22, 23, 14), 'speed': None, 'rudder': 0, 'datum': (42.3, -71.1)}
2021-07-28 23:23:15,465 [INFO] Received from Frontseat: [b'$BFNVG,222313.41,4218.000395,N,07105.999433,W,0,10.0,1.0,51.5,0.0,0.0,222313.41*63', b'$BFNVG,222313.76,4218.000486,N,07105.999282,W,0,10.0,1.0,53.1,0.0,0.0,222313.76*6C', b'$BFNVG,222314.11,4218.000574,N,07105.999127,W,0,10.0,1.0,54.8,0.0,0.0,222314.11*62']
2021-07-28 23:23:15,466 [INFO] AUV state: {'position': (1.2256126930587925, 1.0327011430636048), 'latlon': (42.30000956666667, -71.09998545), 'heading': 54.8, 'depth': 1.0, 'altitude': 10.0, 'roll': 0.0, 'pitch': 0.0, 'last_fix_time': datetime.datetime(2021, 7, 28, 22, 23, 14), 'speed': None, 'rudder': 0, 'datum': (42.3, -71.1)}
2021-07-28 23:23:15,803 [INFO] **** [(-12.380225176193202, -9.54234086035903)] [(7.351052794254979, -9.150224976218677)]
2021-07-28 23:23:15,805 [INFO] Next green buoy: [(-12.380225176193202, -9.54234086035903)], next red buoy: [(7.351052794254979, -9.150224976218677)]
2021-07-28 23:23:15,805 [INFO] Desired_heading: 52.285413809030885
2021-07-28 23:23:15,806 [INFO] delta angle: -4.215429141208347
2021-07-28 23:23:15,806 [INFO] sending message $BPRMB,222315.85,4.215429141208347,1,0,750,0,1*5a
...
2021-07-28 23:23:16,808 [INFO] sending message $BPSTS,222316.80,1,BWSI Autonomy OK*4a
...
2021-07-28 23:23:16,809 [INFO] Processing: $BFNVG,222314.45,4218.000658,N,07105.998970,W,0,10.0,1.0,56.4,0.0,0.0,222314.45*6A
2021-07-28 23:23:16,811 [INFO] Interpreted as: {'position': (1.4451482230215333, 1.1828366490080953), 'latlon': (42.30001096666667, -71.09998283333333), 'heading': 56.4, 'depth': 1.0, 'altitude': 10.0, 'roll': 0.0, 'pitch': 0.0, 'last_fix_time': datetime.datetime(2021, 7, 28, 22, 23, 14), 'speed': None, 'rudder': 0, 'datum': (42.3, -71.1)}
2021-07-28 23:23:16,812 [INFO] Processing: $BFNVG,222314.80,4218.000740,N,07105.998811,W,0,10.0,1.0,56.7,0.0,0.0,222314.80*67
2021-07-28 23:23:16,814 [INFO] Interpreted as: {'position': (1.6673401549924165, 1.3292029574513435), 'latlon': (42.300012333333335, -71.09998018333333), 'heading': 56.7, 'depth': 1.0, 'altitude': 10.0, 'roll': 0.0, 'pitch': 0.0, 'last_fix_time': datetime.datetime(2021, 7, 28, 22, 23, 14), 'speed': None, 'rudder': 0, 'datum': (42.3, -71.1)}
2021-07-28 23:23:16,815 [INFO] Processing: $BFNVG,222315.14,4218.000823,N,07105.998650,W,0,10.0,1.0,57.1,0.0,0.0,222315.14*61
2021-07-28 23:23:16,817 [INFO] Interpreted as: {'position': (1.8923255081754178, 1.4773521600291133), 'latlon': (42.30001371666667, -71.0999775), 'heading': 57.1, 'depth': 1.0, 'altitude': 10.0, 'roll': 0.0, 'pitch': 0.0, 'last_fix_time': datetime.datetime(2021, 7, 28, 22, 23, 15), 'speed': None, 'rudder': 0, 'datum': (42.3, -71.1)}
2021-07-28 23:23:16,819 [INFO] Processing: $BFNVG,222315.49,4218.000904,N,07105.998489,W,0,10.0,1.0,57.4,0.0,0.0,222315.49*66
2021-07-28 23:23:16,821 [INFO] Interpreted as: {'position': (2.117219508625567, 1.6217999774962664), 'latlon': (42.30001506666667, -71.09997481666667), 'heading': 57.4, 'depth': 1.0, 'altitude': 10.0, 'roll': 0.0, 'pitch': 0.0, 'last_fix_time': datetime.datetime(2021, 7, 28, 22, 23, 15), 'speed': None, 'rudder': 0, 'datum': (42.3, -71.1)}
2021-07-28 23:23:16,822 [INFO] Received from Frontseat: [b'$BFNVG,222314.45,4218.000658,N,07105.998970,W,0,10.0,1.0,56.4,0.0,0.0,222314.45*6A', b'$BFNVG,222314.80,4218.000740,N,07105.998811,W,0,10.0,1.0,56.7,0.0,0.0,222314.80*67', b'$BFNVG,222315.14,4218.000823,N,07105.998650,W,0,10.0,1.0,57.1,0.0,0.0,222315.14*61', b'$BFNVG,222315.49,4218.000904,N,07105.998489,W,0,10.0,1.0,57.4,0.0,0.0,222315.49*66']
2021-07-28 23:23:16,822 [INFO] AUV state: {'position': (2.117219508625567, 1.6217999774962664), 'latlon': (42.30001506666667, -71.09997481666667), 'heading': 57.4, 'depth': 1.0, 'altitude': 10.0, 'roll': 0.0, 'pitch': 0.0, 'last_fix_time': datetime.datetime(2021, 7, 28, 22, 23, 15), 'speed': None, 'rudder': 0, 'datum': (42.3, -71.1)}
2021-07-28 23:23:17,142 [INFO] **** [(-17.77397763691395, -11.413227633831207)] [(5.5275710935857445, -10.98416958435668)]
2021-07-28 23:23:17,144 [INFO] Next green buoy: [(-17.77397763691395, -11.413227633831207)], next red buoy: [(5.5275710935857445, -10.98416958435668)]
2021-07-28 23:23:17,144 [INFO] Desired_heading: 51.276796728335896
2021-07-28 23:23:17,145 [INFO] delta angle: -24.995745537412006
2021-07-28 23:23:17,145 [INFO] sending message $BPRMB,222317.76,24.995745537412006,1,0,750,0,1*62
...
2021-07-28 23:23:18,147 [INFO] sending message $BPSTS,222318.14,1,BWSI Autonomy OK*49
...
2021-07-28 23:23:18,148 [INFO] Processing: $BFNVG,222315.83,4218.000983,N,07105.998330,W,0,10.0,1.0,57.7,0.0,0.0,222315.83*6F
2021-07-28 23:23:18,150 [INFO] Interpreted as: {'position': (2.3392743978183717, 1.7626142166554928), 'latlon': (42.300016383333336, -71.09997216666666), 'heading': 57.7, 'depth': 1.0, 'altitude': 10.0, 'roll': 0.0, 'pitch': 0.0, 'last_fix_time': datetime.datetime(2021, 7, 28, 22, 23, 15), 'speed': None, 'rudder': 0, 'datum': (42.3, -71.1)}
2021-07-28 23:23:18,150 [INFO] Processing: $BFNVG,222316.18,4218.001063,N,07105.998169,W,0,10.0,1.0,57.5,0.0,0.0,222316.18*65
2021-07-28 23:23:18,152 [INFO] Interpreted as: {'position': (2.564122708165087, 1.905211347155273), 'latlon': (42.300017716666666, -71.09996948333334), 'heading': 57.5, 'depth': 1.0, 'altitude': 10.0, 'roll': 0.0, 'pitch': 0.0, 'last_fix_time': datetime.datetime(2021, 7, 28, 22, 23, 16), 'speed': None, 'rudder': 0, 'datum': (42.3, -71.1)}
2021-07-28 23:23:18,153 [INFO] Processing: $BFNVG,222316.52,4218.001143,N,07105.998010,W,0,10.0,1.0,57.2,0.0,0.0,222316.52*6E
2021-07-28 23:23:18,155 [INFO] Interpreted as: {'position': (2.7862232505576685, 2.047876297496259), 'latlon': (42.30001905, -71.09996683333334), 'heading': 57.2, 'depth': 1.0, 'altitude': 10.0, 'roll': 0.0, 'pitch': 0.0, 'last_fix_time': datetime.datetime(2021, 7, 28, 22, 23, 16), 'speed': None, 'rudder': 0, 'datum': (42.3, -71.1)}
2021-07-28 23:23:18,156 [INFO] Processing: $BFNVG,222316.86,4218.001224,N,07105.997851,W,0,10.0,1.0,56.9,0.0,0.0,222316.86*64
2021-07-28 23:23:18,158 [INFO] Interpreted as: {'position': (3.0083694570930675, 2.192391948774457), 'latlon': (42.3000204, -71.09996418333333), 'heading': 56.9, 'depth': 1.0, 'altitude': 10.0, 'roll': 0.0, 'pitch': 0.0, 'last_fix_time': datetime.datetime(2021, 7, 28, 22, 23, 16), 'speed': None, 'rudder': 0, 'datum': (42.3, -71.1)}
2021-07-28 23:23:18,158 [INFO] Received from Frontseat: [b'$BFNVG,222315.83,4218.000983,N,07105.998330,W,0,10.0,1.0,57.7,0.0,0.0,222315.83*6F', b'$BFNVG,222316.18,4218.001063,N,07105.998169,W,0,10.0,1.0,57.5,0.0,0.0,222316.18*65', b'$BFNVG,222316.52,4218.001143,N,07105.998010,W,0,10.0,1.0,57.2,0.0,0.0,222316.52*6E', b'$BFNVG,222316.86,4218.001224,N,07105.997851,W,0,10.0,1.0,56.9,0.0,0.0,222316.86*64']
2021-07-28 23:23:18,159 [INFO] AUV state: {'position': (3.0083694570930675, 2.192391948774457), 'latlon': (42.3000204, -71.09996418333333), 'heading': 56.9, 'depth': 1.0, 'altitude': 10.0, 'roll': 0.0, 'pitch': 0.0, 'last_fix_time': datetime.datetime(2021, 7, 28, 22, 23, 16), 'speed': None, 'rudder': 0, 'datum': (42.3, -71.1)}
2021-07-28 23:23:18,505 [INFO] **** [(-21.176648240744115, -14.06197613204251)] [(7.401677719071914, -13.470154732555468)]
2021-07-28 23:23:18,506 [INFO] Next green buoy: [(-21.176648240744115, -14.06197613204251)], next red buoy: [(7.401677719071914, -13.470154732555468)]
2021-07-28 23:23:18,507 [INFO] Desired_heading: 50.0125147391639
2021-07-28 23:23:18,507 [INFO] delta angle: -25
2021-07-28 23:23:18,508 [INFO] sending message $BPRMB,222318.53,25,1,0,750,0,1*76
...
2021-07-28 23:23:19,509 [INFO] sending message $BPSTS,222319.50,1,BWSI Autonomy OK*48
...
2021-07-28 23:23:19,510 [INFO] Processing: $BFNVG,222317.20,4218.001305,N,07105.997693,W,0,10.0,1.0,56.6,0.0,0.0,222317.20*69
2021-07-28 23:23:19,512 [INFO] Interpreted as: {'position': (3.2291417729575187, 2.3369415141642094), 'latlon': (42.30002175, -71.09996155), 'heading': 56.6, 'depth': 1.0, 'altitude': 10.0, 'roll': 0.0, 'pitch': 0.0, 'last_fix_time': datetime.datetime(2021, 7, 28, 22, 23, 17), 'speed': None, 'rudder': 0, 'datum': (42.3, -71.1)}
2021-07-28 23:23:19,513 [INFO] Processing: $BFNVG,222317.55,4218.001388,N,07105.997536,W,0,10.0,1.0,55.0,0.0,0.0,222317.55*65
2021-07-28 23:23:19,515 [INFO] Interpreted as: {'position': (3.4486315427348018, 2.4852263825014234), 'latlon': (42.30002313333333, -71.09995893333334), 'heading': 55.0, 'depth': 1.0, 'altitude': 10.0, 'roll': 0.0, 'pitch': 0.0, 'last_fix_time': datetime.datetime(2021, 7, 28, 22, 23, 17), 'speed': None, 'rudder': 0, 'datum': (42.3, -71.1)}
2021-07-28 23:23:19,516 [INFO] Processing: $BFNVG,222317.89,4218.001474,N,07105.997384,W,0,10.0,1.0,53.4,0.0,0.0,222317.89*6C
2021-07-28 23:23:19,519 [INFO] Interpreted as: {'position': (3.661388922308106, 2.6392328711226583), 'latlon': (42.300024566666664, -71.0999564), 'heading': 53.4, 'depth': 1.0, 'altitude': 10.0, 'roll': 0.0, 'pitch': 0.0, 'last_fix_time': datetime.datetime(2021, 7, 28, 22, 23, 17), 'speed': None, 'rudder': 0, 'datum': (42.3, -71.1)}
2021-07-28 23:23:19,520 [INFO] Processing: $BFNVG,222318.23,4218.001563,N,07105.997234,W,0,10.0,1.0,51.8,0.0,0.0,222318.23*6F
2021-07-28 23:23:19,522 [INFO] Interpreted as: {'position': (3.8715355452150106, 2.79885926656425), 'latlon': (42.30002605, -71.0999539), 'heading': 51.8, 'depth': 1.0, 'altitude': 10.0, 'roll': 0.0, 'pitch': 0.0, 'last_fix_time': datetime.datetime(2021, 7, 28, 22, 23, 18), 'speed': None, 'rudder': 0, 'datum': (42.3, -71.1)}
2021-07-28 23:23:19,523 [INFO] Received from Frontseat: [b'$BFNVG,222317.20,4218.001305,N,07105.997693,W,0,10.0,1.0,56.6,0.0,0.0,222317.20*69', b'$BFNVG,222317.55,4218.001388,N,07105.997536,W,0,10.0,1.0,55.0,0.0,0.0,222317.55*65', b'$BFNVG,222317.89,4218.001474,N,07105.997384,W,0,10.0,1.0,53.4,0.0,0.0,222317.89*6C', b'$BFNVG,222318.23,4218.001563,N,07105.997234,W,0,10.0,1.0,51.8,0.0,0.0,222318.23*6F']
2021-07-28 23:23:19,524 [INFO] AUV state: {'position': (3.8715355452150106, 2.79885926656425), 'latlon': (42.30002605, -71.0999539), 'heading': 51.8, 'depth': 1.0, 'altitude': 10.0, 'roll': 0.0, 'pitch': 0.0, 'last_fix_time': datetime.datetime(2021, 7, 28, 22, 23, 18), 'speed': None, 'rudder': 0, 'datum': (42.3, -71.1)}
2021-07-28 23:23:19,885 [INFO] **** [(-21.782005230683577, -18.185922228165083)] [(15.514639478295559, -17.506768422715552), (-10.431398988794362, -4.811211562782232)]
2021-07-28 23:23:19,887 [INFO] Next green buoy: [(-21.782005230683577, -18.185922228165083)], next red buoy: [(15.514639478295559, -17.506768422715552), (-10.431398988794362, -4.811211562782232)]
2021-07-28 23:23:19,887 [INFO] Desired_heading: 48.66631712380599
2021-07-28 23:23:19,888 [INFO] delta angle: -6.546645579034362
2021-07-28 23:23:19,888 [INFO] sending message $BPRMB,222320.48,6.546645579034362,1,0,750,0,1*53
...
2021-07-28 23:23:20,890 [INFO] sending message $BPSTS,222320.89,1,BWSI Autonomy OK*46
...
2021-07-28 23:23:20,892 [INFO] Processing: $BFNVG,222318.57,4218.001656,N,07105.997087,W,0,10.0,1.0,50.2,0.0,0.0,222318.57*6B
2021-07-28 23:23:20,897 [INFO] Interpreted as: {'position': (4.077743205125444, 2.965990168042481), 'latlon': (42.3000276, -71.09995145), 'heading': 50.2, 'depth': 1.0, 'altitude': 10.0, 'roll': 0.0, 'pitch': 0.0, 'last_fix_time': datetime.datetime(2021, 7, 28, 22, 23, 18), 'speed': None, 'rudder': 0, 'datum': (42.3, -71.1)}
2021-07-28 23:23:20,898 [INFO] Processing: $BFNVG,222318.92,4218.001753,N,07105.996942,W,0,10.0,1.0,48.6,0.0,0.0,222318.92*63
2021-07-28 23:23:20,900 [INFO] Interpreted as: {'position': (4.2813857808941975, 3.1405916707590222), 'latlon': (42.300029216666665, -71.09994903333333), 'heading': 48.6, 'depth': 1.0, 'altitude': 10.0, 'roll': 0.0, 'pitch': 0.0, 'last_fix_time': datetime.datetime(2021, 7, 28, 22, 23, 18), 'speed': None, 'rudder': 0, 'datum': (42.3, -71.1)}
2021-07-28 23:23:20,902 [INFO] Processing: $BFNVG,222319.27,4218.001853,N,07105.996800,W,0,10.0,1.0,47.0,0.0,0.0,222319.27*62
2021-07-28 23:23:20,904 [INFO] Interpreted as: {'position': (4.481043722073082, 3.320846987888217), 'latlon': (42.300030883333335, -71.09994666666667), 'heading': 47.0, 'depth': 1.0, 'altitude': 10.0, 'roll': 0.0, 'pitch': 0.0, 'last_fix_time': datetime.datetime(2021, 7, 28, 22, 23, 19), 'speed': None, 'rudder': 0, 'datum': (42.3, -71.1)}
2021-07-28 23:23:20,905 [INFO] Processing: $BFNVG,222319.61,4218.001955,N,07105.996664,W,0,10.0,1.0,45.3,0.0,0.0,222319.61*68
2021-07-28 23:23:20,907 [INFO] Interpreted as: {'position': (4.672549720387906, 3.5050071263685822), 'latlon': (42.30003258333333, -71.0999444), 'heading': 45.3, 'depth': 1.0, 'altitude': 10.0, 'roll': 0.0, 'pitch': 0.0, 'last_fix_time': datetime.datetime(2021, 7, 28, 22, 23, 19), 'speed': None, 'rudder': 0, 'datum': (42.3, -71.1)}
2021-07-28 23:23:20,909 [INFO] Received from Frontseat: [b'$BFNVG,222318.57,4218.001656,N,07105.997087,W,0,10.0,1.0,50.2,0.0,0.0,222318.57*6B', b'$BFNVG,222318.92,4218.001753,N,07105.996942,W,0,10.0,1.0,48.6,0.0,0.0,222318.92*63', b'$BFNVG,222319.27,4218.001853,N,07105.996800,W,0,10.0,1.0,47.0,0.0,0.0,222319.27*62', b'$BFNVG,222319.61,4218.001955,N,07105.996664,W,0,10.0,1.0,45.3,0.0,0.0,222319.61*68']
2021-07-28 23:23:20,910 [INFO] AUV state: {'position': (4.672549720387906, 3.5050071263685822), 'latlon': (42.30003258333333, -71.0999444), 'heading': 45.3, 'depth': 1.0, 'altitude': 10.0, 'roll': 0.0, 'pitch': 0.0, 'last_fix_time': datetime.datetime(2021, 7, 28, 22, 23, 19), 'speed': None, 'rudder': 0, 'datum': (42.3, -71.1)}
2021-07-28 23:23:21,254 [INFO] **** [(-22.634828775546826, -23.998600811119104)] [(-22.622886780570802, -23.841954748992144), (-3.9627917668899384, -5.250325346507005), (-21.49824040134019, -24.340024545527235)]
2021-07-28 23:23:21,257 [INFO] Next green buoy: [(-22.634828775546826, -23.998600811119104)], next red buoy: [(-22.622886780570802, -23.841954748992144), (-3.9627917668899384, -5.250325346507005), (-21.49824040134019, -24.340024545527235)]
2021-07-28 23:23:21,257 [INFO] Desired_heading: 22.67114222194118
2021-07-28 23:23:21,258 [INFO] delta angle: 18.623197106924692
2021-07-28 23:23:21,258 [INFO] sending message $BPRMB,222321.29,-18.623197106924692,1,0,750,0,1*41
...
2021-07-28 23:23:22,260 [INFO] sending message $BPSTS,222322.25,1,BWSI Autonomy OK*42
...
2021-07-28 23:23:22,261 [INFO] Processing: $BFNVG,222319.96,4218.002060,N,07105.996532,W,0,10.0,1.0,43.7,0.0,0.0,222319.96*66
2021-07-28 23:23:22,263 [INFO] Interpreted as: {'position': (4.858697204967029, 3.6948549784719944), 'latlon': (42.300034333333336, -71.0999422), 'heading': 43.7, 'depth': 1.0, 'altitude': 10.0, 'roll': 0.0, 'pitch': 0.0, 'last_fix_time': datetime.datetime(2021, 7, 28, 22, 23, 19), 'speed': None, 'rudder': 0, 'datum': (42.3, -71.1)}
2021-07-28 23:23:22,264 [INFO] Processing: $BFNVG,222320.32,4218.002171,N,07105.996397,W,0,10.0,1.0,43.3,0.0,0.0,222320.32*6A
2021-07-28 23:23:22,266 [INFO] Interpreted as: {'position': (5.049240339489188, 3.8957053050398827), 'latlon': (42.30003618333333, -71.09993995), 'heading': 43.3, 'depth': 1.0, 'altitude': 10.0, 'roll': 0.0, 'pitch': 0.0, 'last_fix_time': datetime.datetime(2021, 7, 28, 22, 23, 20), 'speed': None, 'rudder': 0, 'datum': (42.3, -71.1)}
2021-07-28 23:23:22,267 [INFO] Processing: $BFNVG,222320.67,4218.002280,N,07105.996267,W,0,10.0,1.0,42.9,0.0,0.0,222320.67*62
2021-07-28 23:23:22,269 [INFO] Interpreted as: {'position': (5.232822731079068, 4.0930237621068954), 'latlon': (42.300038, -71.09993778333333), 'heading': 42.9, 'depth': 1.0, 'altitude': 10.0, 'roll': 0.0, 'pitch': 0.0, 'last_fix_time': datetime.datetime(2021, 7, 28, 22, 23, 20), 'speed': None, 'rudder': 0, 'datum': (42.3, -71.1)}
2021-07-28 23:23:22,270 [INFO] Processing: $BFNVG,222321.02,4218.002392,N,07105.996134,W,0,10.0,1.0,42.4,0.0,0.0,222321.02*68
2021-07-28 23:23:22,272 [INFO] Interpreted as: {'position': (5.420663757307921, 4.295792604796588), 'latlon': (42.300039866666665, -71.09993556666667), 'heading': 42.4, 'depth': 1.0, 'altitude': 10.0, 'roll': 0.0, 'pitch': 0.0, 'last_fix_time': datetime.datetime(2021, 7, 28, 22, 23, 21), 'speed': None, 'rudder': 0, 'datum': (42.3, -71.1)}
2021-07-28 23:23:22,273 [INFO] Received from Frontseat: [b'$BFNVG,222319.96,4218.002060,N,07105.996532,W,0,10.0,1.0,43.7,0.0,0.0,222319.96*66', b'$BFNVG,222320.32,4218.002171,N,07105.996397,W,0,10.0,1.0,43.3,0.0,0.0,222320.32*6A', b'$BFNVG,222320.67,4218.002280,N,07105.996267,W,0,10.0,1.0,42.9,0.0,0.0,222320.67*62', b'$BFNVG,222321.02,4218.002392,N,07105.996134,W,0,10.0,1.0,42.4,0.0,0.0,222321.02*68']
2021-07-28 23:23:22,274 [INFO] AUV state: {'position': (5.420663757307921, 4.295792604796588), 'latlon': (42.300039866666665, -71.09993556666667), 'heading': 42.4, 'depth': 1.0, 'altitude': 10.0, 'roll': 0.0, 'pitch': 0.0, 'last_fix_time': datetime.datetime(2021, 7, 28, 22, 23, 21), 'speed': None, 'rudder': 0, 'datum': (42.3, -71.1)}
2021-07-28 23:23:22,584 [INFO] **** [] [(-0.9049769782524487, -5.855050654612468)]
2021-07-28 23:23:22,586 [INFO] Next green buoy: [], next red buoy: [(-0.9049769782524487, -5.855050654612468)]
2021-07-28 23:23:22,587 [INFO] Desired_heading: 41.49502302174755
2021-07-28 23:23:22,587 [INFO] delta angle: -0.5459888874446506
2021-07-28 23:23:22,588 [INFO] sending message $BPRMB,222323.22,0.5459888874446506,1,0,750,0,1*6a
...
2021-07-28 23:23:23,589 [INFO] sending message $BPSTS,222323.58,1,BWSI Autonomy OK*49
...
2021-07-28 23:23:23,591 [INFO] Processing: $BFNVG,222321.38,4218.002505,N,07105.996003,W,0,10.0,1.0,42.0,0.0,0.0,222321.38*61
2021-07-28 23:23:23,593 [INFO] Interpreted as: {'position': (5.605802687932737, 4.5004799561575055), 'latlon': (42.30004175, -71.09993338333334), 'heading': 42.0, 'depth': 1.0, 'altitude': 10.0, 'roll': 0.0, 'pitch': 0.0, 'last_fix_time': datetime.datetime(2021, 7, 28, 22, 23, 21), 'speed': None, 'rudder': 0, 'datum': (42.3, -71.1)}
2021-07-28 23:23:23,593 [INFO] Processing: $BFNVG,222321.74,4218.002617,N,07105.995871,W,0,10.0,1.0,43.2,0.0,0.0,222321.74*6C
2021-07-28 23:23:23,595 [INFO] Interpreted as: {'position': (5.792269814061001, 4.703282711096108), 'latlon': (42.30004361666667, -71.09993118333334), 'heading': 43.2, 'depth': 1.0, 'altitude': 10.0, 'roll': 0.0, 'pitch': 0.0, 'last_fix_time': datetime.datetime(2021, 7, 28, 22, 23, 21), 'speed': None, 'rudder': 0, 'datum': (42.3, -71.1)}
2021-07-28 23:23:23,596 [INFO] Processing: $BFNVG,222322.11,4218.002732,N,07105.995730,W,0,10.0,1.0,44.5,0.0,0.0,222322.11*60
2021-07-28 23:23:23,599 [INFO] Interpreted as: {'position': (5.991238852730021, 4.911332426592708), 'latlon': (42.30004553333333, -71.09992883333334), 'heading': 44.5, 'depth': 1.0, 'altitude': 10.0, 'roll': 0.0, 'pitch': 0.0, 'last_fix_time': datetime.datetime(2021, 7, 28, 22, 23, 22), 'speed': None, 'rudder': 0, 'datum': (42.3, -71.1)}
2021-07-28 23:23:23,601 [INFO] Processing: $BFNVG,222322.49,4218.002844,N,07105.995585,W,0,10.0,1.0,45.8,0.0,0.0,222322.49*6E
2021-07-28 23:23:23,602 [INFO] Interpreted as: {'position': (6.195566385402344, 5.1136944415047765), 'latlon': (42.3000474, -71.09992641666666), 'heading': 45.8, 'depth': 1.0, 'altitude': 10.0, 'roll': 0.0, 'pitch': 0.0, 'last_fix_time': datetime.datetime(2021, 7, 28, 22, 23, 22), 'speed': None, 'rudder': 0, 'datum': (42.3, -71.1)}
2021-07-28 23:23:23,603 [INFO] Received from Frontseat: [b'$BFNVG,222321.38,4218.002505,N,07105.996003,W,0,10.0,1.0,42.0,0.0,0.0,222321.38*61', b'$BFNVG,222321.74,4218.002617,N,07105.995871,W,0,10.0,1.0,43.2,0.0,0.0,222321.74*6C', b'$BFNVG,222322.11,4218.002732,N,07105.995730,W,0,10.0,1.0,44.5,0.0,0.0,222322.11*60', b'$BFNVG,222322.49,4218.002844,N,07105.995585,W,0,10.0,1.0,45.8,0.0,0.0,222322.49*6E']
2021-07-28 23:23:23,604 [INFO] AUV state: {'position': (6.195566385402344, 5.1136944415047765), 'latlon': (42.3000474, -71.09992641666666), 'heading': 45.8, 'depth': 1.0, 'altitude': 10.0, 'roll': 0.0, 'pitch': 0.0, 'last_fix_time': datetime.datetime(2021, 7, 28, 22, 23, 22), 'speed': None, 'rudder': 0, 'datum': (42.3, -71.1)}
2021-07-28 23:23:23,914 [INFO] **** [] [(-4.961555512536714, -6.488332614930573), (5.75677461016487, -4.278142319947175)]
2021-07-28 23:23:23,916 [INFO] Next green buoy: [], next red buoy: [(-4.961555512536714, -6.488332614930573), (5.75677461016487, -4.278142319947175)]
2021-07-28 23:23:23,917 [INFO] Desired_heading: 40.838444487463285
2021-07-28 23:23:23,917 [INFO] delta angle: -16.4113554026556
2021-07-28 23:23:23,918 [INFO] sending message $BPRMB,222323.95,16.4113554026556,1,0,750,0,1*6b
...
2021-07-28 23:23:24,920 [INFO] sending message $BPSTS,222324.91,1,BWSI Autonomy OK*4b
...
2021-07-28 23:23:24,922 [INFO] Processing: $BFNVG,222322.85,4218.002951,N,07105.995440,W,0,10.0,1.0,47.1,0.0,0.0,222322.85*68
2021-07-28 23:23:24,924 [INFO] Interpreted as: {'position': (6.399665551958606, 5.306802975945175), 'latlon': (42.300049183333336, -71.099924), 'heading': 47.1, 'depth': 1.0, 'altitude': 10.0, 'roll': 0.0, 'pitch': 0.0, 'last_fix_time': datetime.datetime(2021, 7, 28, 22, 23, 22), 'speed': None, 'rudder': 0, 'datum': (42.3, -71.1)}
2021-07-28 23:23:24,925 [INFO] Processing: $BFNVG,222323.20,4218.003054,N,07105.995298,W,0,10.0,1.0,47.1,0.0,0.0,222323.20*66
2021-07-28 23:23:24,927 [INFO] Interpreted as: {'position': (6.5994603876024485, 5.492610438726842), 'latlon': (42.3000509, -71.09992163333334), 'heading': 47.1, 'depth': 1.0, 'altitude': 10.0, 'roll': 0.0, 'pitch': 0.0, 'last_fix_time': datetime.datetime(2021, 7, 28, 22, 23, 23), 'speed': None, 'rudder': 0, 'datum': (42.3, -71.1)}
2021-07-28 23:23:24,928 [INFO] Processing: $BFNVG,222323.56,4218.003157,N,07105.995156,W,0,10.0,1.0,47.0,0.0,0.0,222323.56*64
2021-07-28 23:23:24,930 [INFO] Interpreted as: {'position': (6.799255216843449, 5.678417907096446), 'latlon': (42.30005261666667, -71.09991926666666), 'heading': 47.0, 'depth': 1.0, 'altitude': 10.0, 'roll': 0.0, 'pitch': 0.0, 'last_fix_time': datetime.datetime(2021, 7, 28, 22, 23, 23), 'speed': None, 'rudder': 0, 'datum': (42.3, -71.1)}
2021-07-28 23:23:24,931 [INFO] Processing: $BFNVG,222323.91,4218.003260,N,07105.995015,W,0,10.0,1.0,47.0,0.0,0.0,222323.91*65
2021-07-28 23:23:24,933 [INFO] Interpreted as: {'position': (6.997676152852364, 5.864259285852313), 'latlon': (42.300054333333335, -71.09991691666667), 'heading': 47.0, 'depth': 1.0, 'altitude': 10.0, 'roll': 0.0, 'pitch': 0.0, 'last_fix_time': datetime.datetime(2021, 7, 28, 22, 23, 23), 'speed': None, 'rudder': 0, 'datum': (42.3, -71.1)}
2021-07-28 23:23:24,933 [INFO] Received from Frontseat: [b'$BFNVG,222322.85,4218.002951,N,07105.995440,W,0,10.0,1.0,47.1,0.0,0.0,222322.85*68', b'$BFNVG,222323.20,4218.003054,N,07105.995298,W,0,10.0,1.0,47.1,0.0,0.0,222323.20*66', b'$BFNVG,222323.56,4218.003157,N,07105.995156,W,0,10.0,1.0,47.0,0.0,0.0,222323.56*64', b'$BFNVG,222323.91,4218.003260,N,07105.995015,W,0,10.0,1.0,47.0,0.0,0.0,222323.91*65']
2021-07-28 23:23:24,934 [INFO] AUV state: {'position': (6.997676152852364, 5.864259285852313), 'latlon': (42.300054333333335, -71.09991691666667), 'heading': 47.0, 'depth': 1.0, 'altitude': 10.0, 'roll': 0.0, 'pitch': 0.0, 'last_fix_time': datetime.datetime(2021, 7, 28, 22, 23, 23), 'speed': None, 'rudder': 0, 'datum': (42.3, -71.1)}
2021-07-28 23:23:25,234 [INFO] **** [(-20.340936267824993, -6.79539036546303)] [(-7.089603187909547, -7.398666204312422), (4.825370424878431, -4.627093370555232)]
2021-07-28 23:23:25,236 [INFO] Next green buoy: [(-20.340936267824993, -6.79539036546303)], next red buoy: [(-7.089603187909547, -7.398666204312422), (4.825370424878431, -4.627093370555232)]
2021-07-28 23:23:25,236 [INFO] Desired_heading: 33.284730272132734
2021-07-28 23:23:25,236 [INFO] delta angle: -25
2021-07-28 23:23:25,237 [INFO] sending message $BPRMB,222325.88,25,1,0,750,0,1*7e
...
2021-07-28 23:23:26,238 [INFO] sending message $BPSTS,222326.23,1,BWSI Autonomy OK*40
...
2021-07-28 23:23:26,239 [INFO] Processing: $BFNVG,222324.27,4218.003364,N,07105.994872,W,0,10.0,1.0,47.0,0.0,0.0,222324.27*68
2021-07-28 23:23:26,245 [INFO] Interpreted as: {'position': (7.198890510073397, 6.051883557811379), 'latlon': (42.30005606666667, -71.09991453333333), 'heading': 47.0, 'depth': 1.0, 'altitude': 10.0, 'roll': 0.0, 'pitch': 0.0, 'last_fix_time': datetime.datetime(2021, 7, 28, 22, 23, 24), 'speed': None, 'rudder': 0, 'datum': (42.3, -71.1)}
2021-07-28 23:23:26,246 [INFO] Processing: $BFNVG,222324.62,4218.003469,N,07105.994731,W,0,10.0,1.0,45.9,0.0,0.0,222324.62*61
2021-07-28 23:23:26,247 [INFO] Interpreted as: {'position': (7.3974027676158585, 6.241426340304315), 'latlon': (42.300057816666666, -71.09991218333333), 'heading': 45.9, 'depth': 1.0, 'altitude': 10.0, 'roll': 0.0, 'pitch': 0.0, 'last_fix_time': datetime.datetime(2021, 7, 28, 22, 23, 24), 'speed': None, 'rudder': 0, 'datum': (42.3, -71.1)}
2021-07-28 23:23:26,248 [INFO] Processing: $BFNVG,222324.98,4218.003576,N,07105.994591,W,0,10.0,1.0,44.8,0.0,0.0,222324.98*66
2021-07-28 23:23:26,250 [INFO] Interpreted as: {'position': (7.594632474356331, 6.434704426676035), 'latlon': (42.3000596, -71.09990985), 'heading': 44.8, 'depth': 1.0, 'altitude': 10.0, 'roll': 0.0, 'pitch': 0.0, 'last_fix_time': datetime.datetime(2021, 7, 28, 22, 23, 24), 'speed': None, 'rudder': 0, 'datum': (42.3, -71.1)}
2021-07-28 23:23:26,250 [INFO] Received from Frontseat: [b'$BFNVG,222324.27,4218.003364,N,07105.994872,W,0,10.0,1.0,47.0,0.0,0.0,222324.27*68', b'$BFNVG,222324.62,4218.003469,N,07105.994731,W,0,10.0,1.0,45.9,0.0,0.0,222324.62*61', b'$BFNVG,222324.98,4218.003576,N,07105.994591,W,0,10.0,1.0,44.8,0.0,0.0,222324.98*66']
2021-07-28 23:23:26,251 [INFO] AUV state: {'position': (7.594632474356331, 6.434704426676035), 'latlon': (42.3000596, -71.09990985), 'heading': 44.8, 'depth': 1.0, 'altitude': 10.0, 'roll': 0.0, 'pitch': 0.0, 'last_fix_time': datetime.datetime(2021, 7, 28, 22, 23, 24), 'speed': None, 'rudder': 0, 'datum': (42.3, -71.1)}
2021-07-28 23:23:26,580 [INFO] **** [(-20.034441960945262, -7.43002972837458)] [(-5.326700018634879, -8.24475890510594), (7.6301334298940295, -4.93517375623342)]
2021-07-28 23:23:26,582 [INFO] Next green buoy: [(-20.034441960945262, -7.43002972837458)], next red buoy: [(-5.326700018634879, -8.24475890510594), (7.6301334298940295, -4.93517375623342)]
2021-07-28 23:23:26,582 [INFO] Desired_heading: 32.11942901020993
2021-07-28 23:23:26,583 [INFO] delta angle: -25
2021-07-28 23:23:26,583 [INFO] sending message $BPRMB,222326.58,25,1,0,750,0,1*70
...
2021-07-28 23:23:27,585 [INFO] sending message $BPSTS,222327.58,1,BWSI Autonomy OK*4d
...
2021-07-28 23:23:27,586 [INFO] Processing: $BFNVG,222325.33,4218.003685,N,07105.994456,W,0,10.0,1.0,43.7,0.0,0.0,222325.33*6B
2021-07-28 23:23:27,588 [INFO] Interpreted as: {'position': (7.785084122500848, 6.631853428669274), 'latlon': (42.300061416666665, -71.0999076), 'heading': 43.7, 'depth': 1.0, 'altitude': 10.0, 'roll': 0.0, 'pitch': 0.0, 'last_fix_time': datetime.datetime(2021, 7, 28, 22, 23, 25), 'speed': None, 'rudder': 0, 'datum': (42.3, -71.1)}
2021-07-28 23:23:27,589 [INFO] Processing: $BFNVG,222325.69,4218.003795,N,07105.994325,W,0,10.0,1.0,42.0,0.0,0.0,222325.69*6E
2021-07-28 23:23:27,591 [INFO] Interpreted as: {'position': (7.970085912325885, 6.83098875079304), 'latlon': (42.30006325, -71.09990541666667), 'heading': 42.0, 'depth': 1.0, 'altitude': 10.0, 'roll': 0.0, 'pitch': 0.0, 'last_fix_time': datetime.datetime(2021, 7, 28, 22, 23, 25), 'speed': None, 'rudder': 0, 'datum': (42.3, -71.1)}
2021-07-28 23:23:27,591 [INFO] Processing: $BFNVG,222326.04,4218.003909,N,07105.994197,W,0,10.0,1.0,40.3,0.0,0.0,222326.04*6F
2021-07-28 23:23:27,593 [INFO] Interpreted as: {'position': (8.15114873892162, 7.037628571502864), 'latlon': (42.30006515, -71.09990328333333), 'heading': 40.3, 'depth': 1.0, 'altitude': 10.0, 'roll': 0.0, 'pitch': 0.0, 'last_fix_time': datetime.datetime(2021, 7, 28, 22, 23, 26), 'speed': None, 'rudder': 0, 'datum': (42.3, -71.1)}
2021-07-28 23:23:27,594 [INFO] Processing: $BFNVG,222326.40,4218.004026,N,07105.994074,W,0,10.0,1.0,38.7,0.0,0.0,222326.40*6B
2021-07-28 23:23:27,595 [INFO] Interpreted as: {'position': (8.32547917345073, 7.249990007840097), 'latlon': (42.3000671, -71.09990123333333), 'heading': 38.7, 'depth': 1.0, 'altitude': 10.0, 'roll': 0.0, 'pitch': 0.0, 'last_fix_time': datetime.datetime(2021, 7, 28, 22, 23, 26), 'speed': None, 'rudder': 0, 'datum': (42.3, -71.1)}
2021-07-28 23:23:27,596 [INFO] Received from Frontseat: [b'$BFNVG,222325.33,4218.003685,N,07105.994456,W,0,10.0,1.0,43.7,0.0,0.0,222325.33*6B', b'$BFNVG,222325.69,4218.003795,N,07105.994325,W,0,10.0,1.0,42.0,0.0,0.0,222325.69*6E', b'$BFNVG,222326.04,4218.003909,N,07105.994197,W,0,10.0,1.0,40.3,0.0,0.0,222326.04*6F', b'$BFNVG,222326.40,4218.004026,N,07105.994074,W,0,10.0,1.0,38.7,0.0,0.0,222326.40*6B']
2021-07-28 23:23:27,597 [INFO] AUV state: {'position': (8.32547917345073, 7.249990007840097), 'latlon': (42.3000671, -71.09990123333333), 'heading': 38.7, 'depth': 1.0, 'altitude': 10.0, 'roll': 0.0, 'pitch': 0.0, 'last_fix_time': datetime.datetime(2021, 7, 28, 22, 23, 26), 'speed': None, 'rudder': 0, 'datum': (42.3, -71.1)}
2021-07-28 23:23:27,926 [INFO] **** [(-16.346436124511403, -8.551501116968245)] [(1.0485899501990623, -9.571726949915949), (15.18552379692105, -5.373609388371913)]
2021-07-28 23:23:27,928 [INFO] Next green buoy: [(-16.346436124511403, -8.551501116968245)], next red buoy: [(1.0485899501990623, -9.571726949915949), (15.18552379692105, -5.373609388371913)]
2021-07-28 23:23:27,928 [INFO] Desired_heading: 31.051076912843833
2021-07-28 23:23:27,929 [INFO] delta angle: -25
2021-07-28 23:23:27,929 [INFO] sending message $BPRMB,222328.58,25,1,0,750,0,1*7e
...
2021-07-28 23:23:28,931 [INFO] sending message $BPSTS,222328.93,1,BWSI Autonomy OK*45
...
2021-07-28 23:23:28,932 [INFO] Processing: $BFNVG,222326.76,4218.004146,N,07105.993955,W,0,10.0,1.0,37.0,0.0,0.0,222326.76*69
2021-07-28 23:23:28,934 [INFO] Interpreted as: {'position': (8.494451094302349, 7.468039152212441), 'latlon': (42.3000691, -71.09989924999999), 'heading': 37.0, 'depth': 1.0, 'altitude': 10.0, 'roll': 0.0, 'pitch': 0.0, 'last_fix_time': datetime.datetime(2021, 7, 28, 22, 23, 26), 'speed': None, 'rudder': 0, 'datum': (42.3, -71.1)}
2021-07-28 23:23:28,935 [INFO] Processing: $BFNVG,222327.13,4218.004273,N,07105.993836,W,0,10.0,1.0,35.3,0.0,0.0,222327.13*69
2021-07-28 23:23:28,936 [INFO] Interpreted as: {'position': (8.663742692384403, 7.699043180793524), 'latlon': (42.300071216666666, -71.09989726666667), 'heading': 35.3, 'depth': 1.0, 'altitude': 10.0, 'roll': 0.0, 'pitch': 0.0, 'last_fix_time': datetime.datetime(2021, 7, 28, 22, 23, 27), 'speed': None, 'rudder': 0, 'datum': (42.3, -71.1)}
2021-07-28 23:23:28,937 [INFO] Processing: $BFNVG,222327.49,4218.004400,N,07105.993725,W,0,10.0,1.0,33.5,0.0,0.0,222327.49*66
2021-07-28 23:23:28,939 [INFO] Interpreted as: {'position': (8.822043256135657, 7.9303184393793344), 'latlon': (42.30007333333333, -71.09989541666667), 'heading': 33.5, 'depth': 1.0, 'altitude': 10.0, 'roll': 0.0, 'pitch': 0.0, 'last_fix_time': datetime.datetime(2021, 7, 28, 22, 23, 27), 'speed': None, 'rudder': 0, 'datum': (42.3, -71.1)}
2021-07-28 23:23:28,940 [INFO] Processing: $BFNVG,222327.84,4218.004526,N,07105.993622,W,0,10.0,1.0,31.9,0.0,0.0,222327.84*6B
2021-07-28 23:23:28,942 [INFO] Interpreted as: {'position': (8.969307112740353, 8.160014231689274), 'latlon': (42.30007543333333, -71.0998937), 'heading': 31.9, 'depth': 1.0, 'altitude': 10.0, 'roll': 0.0, 'pitch': 0.0, 'last_fix_time': datetime.datetime(2021, 7, 28, 22, 23, 27), 'speed': None, 'rudder': 0, 'datum': (42.3, -71.1)}
2021-07-28 23:23:28,942 [INFO] Received from Frontseat: [b'$BFNVG,222326.76,4218.004146,N,07105.993955,W,0,10.0,1.0,37.0,0.0,0.0,222326.76*69', b'$BFNVG,222327.13,4218.004273,N,07105.993836,W,0,10.0,1.0,35.3,0.0,0.0,222327.13*69', b'$BFNVG,222327.49,4218.004400,N,07105.993725,W,0,10.0,1.0,33.5,0.0,0.0,222327.49*66', b'$BFNVG,222327.84,4218.004526,N,07105.993622,W,0,10.0,1.0,31.9,0.0,0.0,222327.84*6B']
2021-07-28 23:23:28,943 [INFO] AUV state: {'position': (8.969307112740353, 8.160014231689274), 'latlon': (42.30007543333333, -71.0998937), 'heading': 31.9, 'depth': 1.0, 'altitude': 10.0, 'roll': 0.0, 'pitch': 0.0, 'last_fix_time': datetime.datetime(2021, 7, 28, 22, 23, 27), 'speed': None, 'rudder': 0, 'datum': (42.3, -71.1)}
2021-07-28 23:23:29,271 [INFO] **** [(-11.520979002738292, -10.099493028958445)] [(9.552741236265739, -11.725897034799974), (23.721697643796887, -6.007701101853788), (-11.285012008119804, -10.081612977542376)]
2021-07-28 23:23:29,273 [INFO] Next green buoy: [(-11.520979002738292, -10.099493028958445)], next red buoy: [(9.552741236265739, -11.725897034799974), (23.721697643796887, -6.007701101853788), (-11.285012008119804, -10.081612977542376)]
2021-07-28 23:23:29,273 [INFO] Desired_heading: 30.91588111676372
2021-07-28 23:23:29,273 [INFO] delta angle: -0.6456599842281321
2021-07-28 23:23:29,274 [INFO] sending message $BPRMB,222329.28,0.6456599842281321,1,0,750,0,1*60
...
2021-07-28 23:23:30,276 [INFO] sending message $BPSTS,222330.27,1,BWSI Autonomy OK*43
...
2021-07-28 23:23:30,277 [INFO] Processing: $BFNVG,222328.20,4218.004655,N,07105.993523,W,0,10.0,1.0,30.2,0.0,0.0,222328.20*64
2021-07-28 23:23:30,279 [INFO] Interpreted as: {'position': (9.111212459160015, 8.395397732034326), 'latlon': (42.300077583333334, -71.09989205), 'heading': 30.2, 'depth': 1.0, 'altitude': 10.0, 'roll': 0.0, 'pitch': 0.0, 'last_fix_time': datetime.datetime(2021, 7, 28, 22, 23, 28), 'speed': None, 'rudder': 0, 'datum': (42.3, -71.1)}
2021-07-28 23:23:30,280 [INFO] Processing: $BFNVG,222328.55,4218.004785,N,07105.993430,W,0,10.0,1.0,28.6,0.0,0.0,222328.55*66
2021-07-28 23:23:30,282 [INFO] Interpreted as: {'position': (9.244920195895247, 8.63283535093069), 'latlon': (42.30007975, -71.0998905), 'heading': 28.6, 'depth': 1.0, 'altitude': 10.0, 'roll': 0.0, 'pitch': 0.0, 'last_fix_time': datetime.datetime(2021, 7, 28, 22, 23, 28), 'speed': None, 'rudder': 0, 'datum': (42.3, -71.1)}
2021-07-28 23:23:30,284 [INFO] Processing: $BFNVG,222328.91,4218.004917,N,07105.993342,W,0,10.0,1.0,26.9,0.0,0.0,222328.91*60
2021-07-28 23:23:30,286 [INFO] Interpreted as: {'position': (9.371849873452447, 8.874143881723285), 'latlon': (42.30008195, -71.09988903333333), 'heading': 26.9, 'depth': 1.0, 'altitude': 10.0, 'roll': 0.0, 'pitch': 0.0, 'last_fix_time': datetime.datetime(2021, 7, 28, 22, 23, 28), 'speed': None, 'rudder': 0, 'datum': (42.3, -71.1)}
2021-07-28 23:23:30,287 [INFO] Processing: $BFNVG,222329.26,4218.005052,N,07105.993259,W,0,10.0,1.0,25.2,0.0,0.0,222329.26*6A
2021-07-28 23:23:30,290 [INFO] Interpreted as: {'position': (9.49204716423992, 9.121174023486674), 'latlon': (42.3000842, -71.09988765), 'heading': 25.2, 'depth': 1.0, 'altitude': 10.0, 'roll': 0.0, 'pitch': 0.0, 'last_fix_time': datetime.datetime(2021, 7, 28, 22, 23, 29), 'speed': None, 'rudder': 0, 'datum': (42.3, -71.1)}
2021-07-28 23:23:30,291 [INFO] Received from Frontseat: [b'$BFNVG,222328.20,4218.004655,N,07105.993523,W,0,10.0,1.0,30.2,0.0,0.0,222328.20*64', b'$BFNVG,222328.55,4218.004785,N,07105.993430,W,0,10.0,1.0,28.6,0.0,0.0,222328.55*66', b'$BFNVG,222328.91,4218.004917,N,07105.993342,W,0,10.0,1.0,26.9,0.0,0.0,222328.91*60', b'$BFNVG,222329.26,4218.005052,N,07105.993259,W,0,10.0,1.0,25.2,0.0,0.0,222329.26*6A']
2021-07-28 23:23:30,292 [INFO] AUV state: {'position': (9.49204716423992, 9.121174023486674), 'latlon': (42.3000842, -71.09988765), 'heading': 25.2, 'depth': 1.0, 'altitude': 10.0, 'roll': 0.0, 'pitch': 0.0, 'last_fix_time': datetime.datetime(2021, 7, 28, 22, 23, 29), 'speed': None, 'rudder': 0, 'datum': (42.3, -71.1)}
2021-07-28 23:23:30,604 [INFO] **** [(-5.910162544936098, -12.314317663177968)] [(19.716034353824153, -14.701691579808843)]
2021-07-28 23:23:30,606 [INFO] Next green buoy: [(-5.910162544936098, -12.314317663177968)], next red buoy: [(19.716034353824153, -14.701691579808843)]
2021-07-28 23:23:30,607 [INFO] Desired_heading: 32.102935904444024
2021-07-28 23:23:30,607 [INFO] delta angle: 25
2021-07-28 23:23:30,607 [INFO] sending message $BPRMB,222331.27,-25,1,0,750,0,1*53
...
2021-07-28 23:23:31,609 [INFO] sending message $BPSTS,222331.60,1,BWSI Autonomy OK*41
...
2021-07-28 23:23:31,611 [INFO] Processing: $BFNVG,222329.62,4218.005189,N,07105.993181,W,0,10.0,1.0,23.6,0.0,0.0,222329.62*69
2021-07-28 23:23:31,616 [INFO] Interpreted as: {'position': (9.605466392822564, 9.372075079008937), 'latlon': (42.30008648333333, -71.09988635), 'heading': 23.6, 'depth': 1.0, 'altitude': 10.0, 'roll': 0.0, 'pitch': 0.0, 'last_fix_time': datetime.datetime(2021, 7, 28, 22, 23, 29), 'speed': None, 'rudder': 0, 'datum': (42.3, -71.1)}
2021-07-28 23:23:31,618 [INFO] Processing: $BFNVG,222329.98,4218.005326,N,07105.993105,W,0,10.0,1.0,23.5,0.0,0.0,222329.98*61
2021-07-28 23:23:31,620 [INFO] Interpreted as: {'position': (9.716137862356845, 9.623043938539922), 'latlon': (42.30008876666667, -71.09988508333333), 'heading': 23.5, 'depth': 1.0, 'altitude': 10.0, 'roll': 0.0, 'pitch': 0.0, 'last_fix_time': datetime.datetime(2021, 7, 28, 22, 23, 29), 'speed': None, 'rudder': 0, 'datum': (42.3, -71.1)}
2021-07-28 23:23:31,621 [INFO] Processing: $BFNVG,222330.33,4218.005463,N,07105.993031,W,0,10.0,1.0,23.5,0.0,0.0,222330.33*61
2021-07-28 23:23:31,623 [INFO] Interpreted as: {'position': (9.824061566847377, 9.874080608598888), 'latlon': (42.30009105, -71.09988385), 'heading': 23.5, 'depth': 1.0, 'altitude': 10.0, 'roll': 0.0, 'pitch': 0.0, 'last_fix_time': datetime.datetime(2021, 7, 28, 22, 23, 30), 'speed': None, 'rudder': 0, 'datum': (42.3, -71.1)}
2021-07-28 23:23:31,624 [INFO] Received from Frontseat: [b'$BFNVG,222329.62,4218.005189,N,07105.993181,W,0,10.0,1.0,23.6,0.0,0.0,222329.62*69', b'$BFNVG,222329.98,4218.005326,N,07105.993105,W,0,10.0,1.0,23.5,0.0,0.0,222329.98*61', b'$BFNVG,222330.33,4218.005463,N,07105.993031,W,0,10.0,1.0,23.5,0.0,0.0,222330.33*61']
2021-07-28 23:23:31,625 [INFO] AUV state: {'position': (9.824061566847377, 9.874080608598888), 'latlon': (42.30009105, -71.09988385), 'heading': 23.5, 'depth': 1.0, 'altitude': 10.0, 'roll': 0.0, 'pitch': 0.0, 'last_fix_time': datetime.datetime(2021, 7, 28, 22, 23, 30), 'speed': None, 'rudder': 0, 'datum': (42.3, -71.1)}
2021-07-28 23:23:31,953 [INFO] **** [(-5.000471411469267, -14.890406280139288)] []
2021-07-28 23:23:31,955 [INFO] Next green buoy: [(-5.000471411469267, -14.890406280139288)], next red buoy: []
2021-07-28 23:23:31,955 [INFO] Desired_heading: 18.499528588530733
2021-07-28 23:23:31,956 [INFO] delta angle: -16.669809557947644
2021-07-28 23:23:31,956 [INFO] sending message $BPRMB,222331.94,16.669809557947644,1,0,750,0,1*6b
...
2021-07-28 23:23:32,958 [INFO] sending message $BPSTS,222332.95,1,BWSI Autonomy OK*48
...
2021-07-28 23:23:32,959 [INFO] Processing: $BFNVG,222330.68,4218.005599,N,07105.992956,W,0,10.0,1.0,23.4,0.0,0.0,222330.68*6D
2021-07-28 23:23:32,961 [INFO] Interpreted as: {'position': (9.93331347242929, 10.123232680372894), 'latlon': (42.30009331666667, -71.0998826), 'heading': 23.4, 'depth': 1.0, 'altitude': 10.0, 'roll': 0.0, 'pitch': 0.0, 'last_fix_time': datetime.datetime(2021, 7, 28, 22, 23, 30), 'speed': None, 'rudder': 0, 'datum': (42.3, -71.1)}
2021-07-28 23:23:32,961 [INFO] Processing: $BFNVG,222331.04,4218.005735,N,07105.992879,W,0,10.0,1.0,25.1,0.0,0.0,222331.04*66
2021-07-28 23:23:32,963 [INFO] Interpreted as: {'position': (10.045313126291148, 10.37231694534421), 'latlon': (42.30009558333333, -71.09988131666667), 'heading': 25.1, 'depth': 1.0, 'altitude': 10.0, 'roll': 0.0, 'pitch': 0.0, 'last_fix_time': datetime.datetime(2021, 7, 28, 22, 23, 31), 'speed': None, 'rudder': 0, 'datum': (42.3, -71.1)}
2021-07-28 23:23:32,964 [INFO] Processing: $BFNVG,222331.39,4218.005870,N,07105.992796,W,0,10.0,1.0,26.8,0.0,0.0,222331.39*6C
2021-07-28 23:23:32,966 [INFO] Interpreted as: {'position': (10.165510369290132, 10.61934709828347), 'latlon': (42.30009783333333, -71.09987993333333), 'heading': 26.8, 'depth': 1.0, 'altitude': 10.0, 'roll': 0.0, 'pitch': 0.0, 'last_fix_time': datetime.datetime(2021, 7, 28, 22, 23, 31), 'speed': None, 'rudder': 0, 'datum': (42.3, -71.1)}
2021-07-28 23:23:32,967 [INFO] Processing: $BFNVG,222331.75,4218.006003,N,07105.992708,W,0,10.0,1.0,28.4,0.0,0.0,222331.75*66
2021-07-28 23:23:32,969 [INFO] Interpreted as: {'position': (10.292485655518249, 10.862506342120469), 'latlon': (42.30010005, -71.09987846666667), 'heading': 28.4, 'depth': 1.0, 'altitude': 10.0, 'roll': 0.0, 'pitch': 0.0, 'last_fix_time': datetime.datetime(2021, 7, 28, 22, 23, 31), 'speed': None, 'rudder': 0, 'datum': (42.3, -71.1)}
2021-07-28 23:23:32,969 [INFO] Received from Frontseat: [b'$BFNVG,222330.68,4218.005599,N,07105.992956,W,0,10.0,1.0,23.4,0.0,0.0,222330.68*6D', b'$BFNVG,222331.04,4218.005735,N,07105.992879,W,0,10.0,1.0,25.1,0.0,0.0,222331.04*66', b'$BFNVG,222331.39,4218.005870,N,07105.992796,W,0,10.0,1.0,26.8,0.0,0.0,222331.39*6C', b'$BFNVG,222331.75,4218.006003,N,07105.992708,W,0,10.0,1.0,28.4,0.0,0.0,222331.75*66']
2021-07-28 23:23:32,970 [INFO] AUV state: {'position': (10.292485655518249, 10.862506342120469), 'latlon': (42.30010005, -71.09987846666667), 'heading': 28.4, 'depth': 1.0, 'altitude': 10.0, 'roll': 0.0, 'pitch': 0.0, 'last_fix_time': datetime.datetime(2021, 7, 28, 22, 23, 31), 'speed': None, 'rudder': 0, 'datum': (42.3, -71.1)}
2021-07-28 23:23:33,309 [INFO] **** [(-12.831214669955031, -20.168053327844518)] [(-12.581680144507336, -19.594224023313664)]
2021-07-28 23:23:33,311 [INFO] Next green buoy: [(-12.831214669955031, -20.168053327844518)], next red buoy: [(-12.581680144507336, -19.594224023313664)]
2021-07-28 23:23:33,311 [INFO] Desired_heading: 15.693552592768814
2021-07-28 23:23:33,312 [INFO] delta angle: -25
2021-07-28 23:23:33,312 [INFO] sending message $BPRMB,222333.96,25,1,0,750,0,1*76
...
2021-07-28 23:23:34,314 [INFO] sending message $BPSTS,222334.31,1,BWSI Autonomy OK*40
...
2021-07-28 23:23:34,315 [INFO] Processing: $BFNVG,222332.10,4218.006134,N,07105.992615,W,0,10.0,1.0,30.1,0.0,0.0,222332.10*62
2021-07-28 23:23:34,316 [INFO] Interpreted as: {'position': (10.426238978165202, 11.101794679649174), 'latlon': (42.300102233333334, -71.09987691666667), 'heading': 30.1, 'depth': 1.0, 'altitude': 10.0, 'roll': 0.0, 'pitch': 0.0, 'last_fix_time': datetime.datetime(2021, 7, 28, 22, 23, 32), 'speed': None, 'rudder': 0, 'datum': (42.3, -71.1)}
2021-07-28 23:23:34,317 [INFO] Processing: $BFNVG,222332.46,4218.006266,N,07105.992520,W,0,10.0,1.0,29.0,0.0,0.0,222332.46*6A
2021-07-28 23:23:34,319 [INFO] Interpreted as: {'position': (10.562785720918328, 11.342865910381079), 'latlon': (42.30010443333333, -71.09987533333333), 'heading': 29.0, 'depth': 1.0, 'altitude': 10.0, 'roll': 0.0, 'pitch': 0.0, 'last_fix_time': datetime.datetime(2021, 7, 28, 22, 23, 32), 'speed': None, 'rudder': 0, 'datum': (42.3, -71.1)}
2021-07-28 23:23:34,321 [INFO] Processing: $BFNVG,222332.82,4218.006399,N,07105.992429,W,0,10.0,1.0,27.9,0.0,0.0,222332.82*64
2021-07-28 23:23:34,323 [INFO] Interpreted as: {'position': (10.693882612278685, 11.585923452861607), 'latlon': (42.30010665, -71.09987381666667), 'heading': 27.9, 'depth': 1.0, 'altitude': 10.0, 'roll': 0.0, 'pitch': 0.0, 'last_fix_time': datetime.datetime(2021, 7, 28, 22, 23, 32), 'speed': None, 'rudder': 0, 'datum': (42.3, -71.1)}
2021-07-28 23:23:34,324 [INFO] Processing: $BFNVG,222333.19,4218.006539,N,07105.992337,W,0,10.0,1.0,26.7,0.0,0.0,222333.19*6F
2021-07-28 23:23:34,326 [INFO] Interpreted as: {'position': (10.826673058327287, 11.841901973821223), 'latlon': (42.30010898333333, -71.09987228333334), 'heading': 26.7, 'depth': 1.0, 'altitude': 10.0, 'roll': 0.0, 'pitch': 0.0, 'last_fix_time': datetime.datetime(2021, 7, 28, 22, 23, 33), 'speed': None, 'rudder': 0, 'datum': (42.3, -71.1)}
2021-07-28 23:23:34,326 [INFO] Received from Frontseat: [b'$BFNVG,222332.10,4218.006134,N,07105.992615,W,0,10.0,1.0,30.1,0.0,0.0,222332.10*62', b'$BFNVG,222332.46,4218.006266,N,07105.992520,W,0,10.0,1.0,29.0,0.0,0.0,222332.46*6A', b'$BFNVG,222332.82,4218.006399,N,07105.992429,W,0,10.0,1.0,27.9,0.0,0.0,222332.82*64', b'$BFNVG,222333.19,4218.006539,N,07105.992337,W,0,10.0,1.0,26.7,0.0,0.0,222333.19*6F']
2021-07-28 23:23:34,327 [INFO] AUV state: {'position': (10.826673058327287, 11.841901973821223), 'latlon': (42.30010898333333, -71.09987228333334), 'heading': 26.7, 'depth': 1.0, 'altitude': 10.0, 'roll': 0.0, 'pitch': 0.0, 'last_fix_time': datetime.datetime(2021, 7, 28, 22, 23, 33), 'speed': None, 'rudder': 0, 'datum': (42.3, -71.1)}
2021-07-28 23:23:34,648 [INFO] **** [(-17.64604135641106, -23.900190702248533)] [(-16.882588846302383, -23.844689456689242)]
2021-07-28 23:23:34,650 [INFO] Next green buoy: [(-17.64604135641106, -23.900190702248533)], next red buoy: [(-16.882588846302383, -23.844689456689242)]
2021-07-28 23:23:34,651 [INFO] Desired_heading: 9.435684898643277
2021-07-28 23:23:34,651 [INFO] delta angle: 25
2021-07-28 23:23:34,652 [INFO] sending message $BPRMB,222334.66,-25,1,0,750,0,1*53
...
2021-07-28 23:23:35,653 [INFO] sending message $BPSTS,222335.65,1,BWSI Autonomy OK*40
...
2021-07-28 23:23:35,655 [INFO] Processing: $BFNVG,222333.56,4218.006678,N,07105.992251,W,0,10.0,1.0,25.5,0.0,0.0,222333.56*69
2021-07-28 23:23:35,657 [INFO] Interpreted as: {'position': (10.951174563728273, 12.096233216114342), 'latlon': (42.3001113, -71.09987085), 'heading': 25.5, 'depth': 1.0, 'altitude': 10.0, 'roll': 0.0, 'pitch': 0.0, 'last_fix_time': datetime.datetime(2021, 7, 28, 22, 23, 33), 'speed': None, 'rudder': 0, 'datum': (42.3, -71.1)}
2021-07-28 23:23:35,658 [INFO] Processing: $BFNVG,222333.91,4218.006814,N,07105.992172,W,0,10.0,1.0,23.9,0.0,0.0,222333.91*65
2021-07-28 23:23:35,660 [INFO] Interpreted as: {'position': (11.065921909408644, 12.345249691978097), 'latlon': (42.30011356666667, -71.09986953333333), 'heading': 23.9, 'depth': 1.0, 'altitude': 10.0, 'roll': 0.0, 'pitch': 0.0, 'last_fix_time': datetime.datetime(2021, 7, 28, 22, 23, 33), 'speed': None, 'rudder': 0, 'datum': (42.3, -71.1)}
2021-07-28 23:23:35,661 [INFO] Processing: $BFNVG,222334.27,4218.006952,N,07105.992099,W,0,10.0,1.0,22.2,0.0,0.0,222334.27*68
2021-07-28 23:23:35,663 [INFO] Interpreted as: {'position': (11.172517322585918, 12.598170982673764), 'latlon': (42.300115866666665, -71.09986831666667), 'heading': 22.2, 'depth': 1.0, 'altitude': 10.0, 'roll': 0.0, 'pitch': 0.0, 'last_fix_time': datetime.datetime(2021, 7, 28, 22, 23, 34), 'speed': None, 'rudder': 0, 'datum': (42.3, -71.1)}
2021-07-28 23:23:35,664 [INFO] Processing: $BFNVG,222334.63,4218.007092,N,07105.992030,W,0,10.0,1.0,20.5,0.0,0.0,222334.63*6A
2021-07-28 23:23:35,666 [INFO] Interpreted as: {'position': (11.273708556313068, 12.854929277673364), 'latlon': (42.3001182, -71.09986716666667), 'heading': 20.5, 'depth': 1.0, 'altitude': 10.0, 'roll': 0.0, 'pitch': 0.0, 'last_fix_time': datetime.datetime(2021, 7, 28, 22, 23, 34), 'speed': None, 'rudder': 0, 'datum': (42.3, -71.1)}
2021-07-28 23:23:35,667 [INFO] Received from Frontseat: [b'$BFNVG,222333.56,4218.006678,N,07105.992251,W,0,10.0,1.0,25.5,0.0,0.0,222333.56*69', b'$BFNVG,222333.91,4218.006814,N,07105.992172,W,0,10.0,1.0,23.9,0.0,0.0,222333.91*65', b'$BFNVG,222334.27,4218.006952,N,07105.992099,W,0,10.0,1.0,22.2,0.0,0.0,222334.27*68', b'$BFNVG,222334.63,4218.007092,N,07105.992030,W,0,10.0,1.0,20.5,0.0,0.0,222334.63*6A']
2021-07-28 23:23:35,668 [INFO] AUV state: {'position': (11.273708556313068, 12.854929277673364), 'latlon': (42.3001182, -71.09986716666667), 'heading': 20.5, 'depth': 1.0, 'altitude': 10.0, 'roll': 0.0, 'pitch': 0.0, 'last_fix_time': datetime.datetime(2021, 7, 28, 22, 23, 34), 'speed': None, 'rudder': 0, 'datum': (42.3, -71.1)}
2021-07-28 23:23:35,945 [INFO] **** [] []
2021-07-28 23:23:35,947 [INFO] Next green buoy: [], next red buoy: []
2021-07-28 23:23:35,948 [INFO] Desired_heading: 20.5
2021-07-28 23:23:35,948 [INFO] delta angle: 0.0
2021-07-28 23:23:35,948 [INFO] sending message $BPRMB,222336.64,-0.0,1,0,750,0,1*7a
...
2021-07-28 23:23:36,950 [INFO] sending message $BPSTS,222336.95,1,BWSI Autonomy OK*4c
...
2021-07-28 23:23:36,951 [INFO] Processing: $BFNVG,222335.00,4218.007241,N,07105.991964,W,0,10.0,1.0,18.8,0.0,0.0,222335.00*6B
2021-07-28 23:23:36,956 [INFO] Interpreted as: {'position': (11.371189179481007, 13.128445557318628), 'latlon': (42.30012068333333, -71.09986606666666), 'heading': 18.8, 'depth': 1.0, 'altitude': 10.0, 'roll': 0.0, 'pitch': 0.0, 'last_fix_time': datetime.datetime(2021, 7, 28, 22, 23, 35), 'speed': None, 'rudder': 0, 'datum': (42.3, -71.1)}
2021-07-28 23:23:36,957 [INFO] Processing: $BFNVG,222335.36,4218.007382,N,07105.991902,W,0,10.0,1.0,20.4,0.0,0.0,222335.36*62
2021-07-28 23:23:36,959 [INFO] Interpreted as: {'position': (11.462808931188192, 13.387291874736547), 'latlon': (42.300123033333335, -71.09986503333333), 'heading': 20.4, 'depth': 1.0, 'altitude': 10.0, 'roll': 0.0, 'pitch': 0.0, 'last_fix_time': datetime.datetime(2021, 7, 28, 22, 23, 35), 'speed': None, 'rudder': 0, 'datum': (42.3, -71.1)}
2021-07-28 23:23:36,960 [INFO] Processing: $BFNVG,222335.72,4218.007523,N,07105.991833,W,0,10.0,1.0,22.1,0.0,0.0,222335.72*6B
2021-07-28 23:23:36,962 [INFO] Interpreted as: {'position': (11.564045816310681, 13.645900870673358), 'latlon': (42.30012538333333, -71.09986388333333), 'heading': 22.1, 'depth': 1.0, 'altitude': 10.0, 'roll': 0.0, 'pitch': 0.0, 'last_fix_time': datetime.datetime(2021, 7, 28, 22, 23, 35), 'speed': None, 'rudder': 0, 'datum': (42.3, -71.1)}
2021-07-28 23:23:36,964 [INFO] Received from Frontseat: [b'$BFNVG,222335.00,4218.007241,N,07105.991964,W,0,10.0,1.0,18.8,0.0,0.0,222335.00*6B', b'$BFNVG,222335.36,4218.007382,N,07105.991902,W,0,10.0,1.0,20.4,0.0,0.0,222335.36*62', b'$BFNVG,222335.72,4218.007523,N,07105.991833,W,0,10.0,1.0,22.1,0.0,0.0,222335.72*6B']
2021-07-28 23:23:36,964 [INFO] AUV state: {'position': (11.564045816310681, 13.645900870673358), 'latlon': (42.30012538333333, -71.09986388333333), 'heading': 22.1, 'depth': 1.0, 'altitude': 10.0, 'roll': 0.0, 'pitch': 0.0, 'last_fix_time': datetime.datetime(2021, 7, 28, 22, 23, 35), 'speed': None, 'rudder': 0, 'datum': (42.3, -71.1)}
2021-07-28 23:23:37,251 [INFO] **** [] []
2021-07-28 23:23:37,253 [INFO] Next green buoy: [], next red buoy: []
2021-07-28 23:23:37,254 [INFO] Desired_heading: 22.1
2021-07-28 23:23:37,254 [INFO] delta angle: 0.0
2021-07-28 23:23:37,255 [INFO] sending message $BPRMB,222337.25,-0.0,1,0,750,0,1*7e
...
2021-07-28 23:23:38,256 [INFO] sending message $BPSTS,222338.25,1,BWSI Autonomy OK*49
...
2021-07-28 23:23:38,258 [INFO] Processing: $BFNVG,222336.08,4218.007661,N,07105.991759,W,0,10.0,1.0,23.8,0.0,0.0,222336.08*65
2021-07-28 23:23:38,260 [INFO] Interpreted as: {'position': (11.6720150699839, 13.8987882649526), 'latlon': (42.300127683333336, -71.09986265), 'heading': 23.8, 'depth': 1.0, 'altitude': 10.0, 'roll': 0.0, 'pitch': 0.0, 'last_fix_time': datetime.datetime(2021, 7, 28, 22, 23, 36), 'speed': None, 'rudder': 0, 'datum': (42.3, -71.1)}
2021-07-28 23:23:38,260 [INFO] Processing: $BFNVG,222336.43,4218.007797,N,07105.991684,W,0,10.0,1.0,23.8,0.0,0.0,222336.43*6C
2021-07-28 23:23:38,263 [INFO] Interpreted as: {'position': (11.781266859383322, 14.147940361872315), 'latlon': (42.30012995, -71.0998614), 'heading': 23.8, 'depth': 1.0, 'altitude': 10.0, 'roll': 0.0, 'pitch': 0.0, 'last_fix_time': datetime.datetime(2021, 7, 28, 22, 23, 36), 'speed': None, 'rudder': 0, 'datum': (42.3, -71.1)}
2021-07-28 23:23:38,263 [INFO] Processing: $BFNVG,222336.78,4218.007934,N,07105.991608,W,0,10.0,1.0,23.8,0.0,0.0,222336.78*6F
2021-07-28 23:23:38,265 [INFO] Interpreted as: {'position': (11.89193818345666, 14.398909255862236), 'latlon': (42.300132233333336, -71.09986013333334), 'heading': 23.8, 'depth': 1.0, 'altitude': 10.0, 'roll': 0.0, 'pitch': 0.0, 'last_fix_time': datetime.datetime(2021, 7, 28, 22, 23, 36), 'speed': None, 'rudder': 0, 'datum': (42.3, -71.1)}
2021-07-28 23:23:38,266 [INFO] Processing: $BFNVG,222337.15,4218.008076,N,07105.991529,W,0,10.0,1.0,23.8,0.0,0.0,222337.15*6F
2021-07-28 23:23:38,268 [INFO] Interpreted as: {'position': (12.006959480699152, 14.659029927104712), 'latlon': (42.3001346, -71.09985881666667), 'heading': 23.8, 'depth': 1.0, 'altitude': 10.0, 'roll': 0.0, 'pitch': 0.0, 'last_fix_time': datetime.datetime(2021, 7, 28, 22, 23, 37), 'speed': None, 'rudder': 0, 'datum': (42.3, -71.1)}
2021-07-28 23:23:38,269 [INFO] Received from Frontseat: [b'$BFNVG,222336.08,4218.007661,N,07105.991759,W,0,10.0,1.0,23.8,0.0,0.0,222336.08*65', b'$BFNVG,222336.43,4218.007797,N,07105.991684,W,0,10.0,1.0,23.8,0.0,0.0,222336.43*6C', b'$BFNVG,222336.78,4218.007934,N,07105.991608,W,0,10.0,1.0,23.8,0.0,0.0,222336.78*6F', b'$BFNVG,222337.15,4218.008076,N,07105.991529,W,0,10.0,1.0,23.8,0.0,0.0,222337.15*6F']
2021-07-28 23:23:38,270 [INFO] AUV state: {'position': (12.006959480699152, 14.659029927104712), 'latlon': (42.3001346, -71.09985881666667), 'heading': 23.8, 'depth': 1.0, 'altitude': 10.0, 'roll': 0.0, 'pitch': 0.0, 'last_fix_time': datetime.datetime(2021, 7, 28, 22, 23, 37), 'speed': None, 'rudder': 0, 'datum': (42.3, -71.1)}
2021-07-28 23:23:38,564 [INFO] **** [] []
2021-07-28 23:23:38,566 [INFO] Next green buoy: [], next red buoy: []
2021-07-28 23:23:38,567 [INFO] Desired_heading: 23.8
2021-07-28 23:23:38,567 [INFO] delta angle: 0.0
2021-07-28 23:23:38,567 [INFO] sending message $BPRMB,222339.25,-0.0,1,0,750,0,1*70
...
2021-07-28 23:23:39,569 [INFO] sending message $BPSTS,222339.56,1,BWSI Autonomy OK*4c
...
2021-07-28 23:23:39,570 [INFO] Processing: $BFNVG,222337.52,4218.008219,N,07105.991450,W,0,10.0,1.0,23.8,0.0,0.0,222337.52*6B
2021-07-28 23:23:39,572 [INFO] Interpreted as: {'position': (12.12202643713681, 14.92100129649043), 'latlon': (42.30013698333333, -71.0998575), 'heading': 23.8, 'depth': 1.0, 'altitude': 10.0, 'roll': 0.0, 'pitch': 0.0, 'last_fix_time': datetime.datetime(2021, 7, 28, 22, 23, 37), 'speed': None, 'rudder': 0, 'datum': (42.3, -71.1)}
2021-07-28 23:23:39,573 [INFO] Processing: $BFNVG,222337.90,4218.008364,N,07105.991370,W,0,10.0,1.0,23.8,0.0,0.0,222337.90*65
2021-07-28 23:23:39,575 [INFO] Interpreted as: {'position': (12.23855860059848, 15.186640162952244), 'latlon': (42.3001394, -71.09985616666667), 'heading': 23.8, 'depth': 1.0, 'altitude': 10.0, 'roll': 0.0, 'pitch': 0.0, 'last_fix_time': datetime.datetime(2021, 7, 28, 22, 23, 37), 'speed': None, 'rudder': 0, 'datum': (42.3, -71.1)}
2021-07-28 23:23:39,576 [INFO] Processing: $BFNVG,222338.26,4218.008502,N,07105.991293,W,0,10.0,1.0,23.8,0.0,0.0,222338.26*6F
2021-07-28 23:23:39,578 [INFO] Interpreted as: {'position': (12.350649442407303, 15.43942585773766), 'latlon': (42.3001417, -71.09985488333334), 'heading': 23.8, 'depth': 1.0, 'altitude': 10.0, 'roll': 0.0, 'pitch': 0.0, 'last_fix_time': datetime.datetime(2021, 7, 28, 22, 23, 38), 'speed': None, 'rudder': 0, 'datum': (42.3, -71.1)}
2021-07-28 23:23:39,579 [INFO] Received from Frontseat: [b'$BFNVG,222337.52,4218.008219,N,07105.991450,W,0,10.0,1.0,23.8,0.0,0.0,222337.52*6B', b'$BFNVG,222337.90,4218.008364,N,07105.991370,W,0,10.0,1.0,23.8,0.0,0.0,222337.90*65', b'$BFNVG,222338.26,4218.008502,N,07105.991293,W,0,10.0,1.0,23.8,0.0,0.0,222338.26*6F']
2021-07-28 23:23:39,580 [INFO] AUV state: {'position': (12.350649442407303, 15.43942585773766), 'latlon': (42.3001417, -71.09985488333334), 'heading': 23.8, 'depth': 1.0, 'altitude': 10.0, 'roll': 0.0, 'pitch': 0.0, 'last_fix_time': datetime.datetime(2021, 7, 28, 22, 23, 38), 'speed': None, 'rudder': 0, 'datum': (42.3, -71.1)}
2021-07-28 23:23:39,875 [INFO] **** [] []
2021-07-28 23:23:39,877 [INFO] Next green buoy: [], next red buoy: []
2021-07-28 23:23:39,878 [INFO] Desired_heading: 23.8
2021-07-28 23:23:39,878 [INFO] delta angle: 0.0
2021-07-28 23:23:39,878 [INFO] sending message $BPRMB,222339.87,-0.0,1,0,750,0,1*78
...
2021-07-28 23:23:40,880 [INFO] sending message $BPSTS,222340.88,1,BWSI Autonomy OK*41
...
2021-07-28 23:23:40,881 [INFO] Processing: $BFNVG,222338.61,4218.008638,N,07105.991217,W,0,10.0,1.0,23.8,0.0,0.0,222338.61*69
2021-07-28 23:23:40,883 [INFO] Interpreted as: {'position': (12.461275062058121, 15.68854406196624), 'latlon': (42.30014396666667, -71.09985361666666), 'heading': 23.8, 'depth': 1.0, 'altitude': 10.0, 'roll': 0.0, 'pitch': 0.0, 'last_fix_time': datetime.datetime(2021, 7, 28, 22, 23, 38), 'speed': None, 'rudder': 0, 'datum': (42.3, -71.1)}
2021-07-28 23:23:40,885 [INFO] Processing: $BFNVG,222338.97,4218.008775,N,07105.991141,W,0,10.0,1.0,23.8,0.0,0.0,222338.97*61
2021-07-28 23:23:40,886 [INFO] Interpreted as: {'position': (12.57194634352345, 15.939512965269387), 'latlon': (42.30014625, -71.09985235), 'heading': 23.8, 'depth': 1.0, 'altitude': 10.0, 'roll': 0.0, 'pitch': 0.0, 'last_fix_time': datetime.datetime(2021, 7, 28, 22, 23, 38), 'speed': None, 'rudder': 0, 'datum': (42.3, -71.1)}
2021-07-28 23:23:40,887 [INFO] Processing: $BFNVG,222339.33,4218.008913,N,07105.991065,W,0,10.0,1.0,23.8,0.0,0.0,222339.33*68
2021-07-28 23:23:40,889 [INFO] Interpreted as: {'position': (12.68266328657046, 16.192332568578422), 'latlon': (42.30014855, -71.09985108333333), 'heading': 23.8, 'depth': 1.0, 'altitude': 10.0, 'roll': 0.0, 'pitch': 0.0, 'last_fix_time': datetime.datetime(2021, 7, 28, 22, 23, 39), 'speed': None, 'rudder': 0, 'datum': (42.3, -71.1)}
2021-07-28 23:23:40,890 [INFO] Processing: $BFNVG,222339.68,4218.009051,N,07105.990988,W,0,10.0,1.0,23.8,0.0,0.0,222339.68*6D
2021-07-28 23:23:40,892 [INFO] Interpreted as: {'position': (12.794754100963473, 16.44511826802045), 'latlon': (42.30015085, -71.0998498), 'heading': 23.8, 'depth': 1.0, 'altitude': 10.0, 'roll': 0.0, 'pitch': 0.0, 'last_fix_time': datetime.datetime(2021, 7, 28, 22, 23, 39), 'speed': None, 'rudder': 0, 'datum': (42.3, -71.1)}
2021-07-28 23:23:40,893 [INFO] Received from Frontseat: [b'$BFNVG,222338.61,4218.008638,N,07105.991217,W,0,10.0,1.0,23.8,0.0,0.0,222338.61*69', b'$BFNVG,222338.97,4218.008775,N,07105.991141,W,0,10.0,1.0,23.8,0.0,0.0,222338.97*61', b'$BFNVG,222339.33,4218.008913,N,07105.991065,W,0,10.0,1.0,23.8,0.0,0.0,222339.33*68', b'$BFNVG,222339.68,4218.009051,N,07105.990988,W,0,10.0,1.0,23.8,0.0,0.0,222339.68*6D']
2021-07-28 23:23:40,894 [INFO] AUV state: {'position': (12.794754100963473, 16.44511826802045), 'latlon': (42.30015085, -71.0998498), 'heading': 23.8, 'depth': 1.0, 'altitude': 10.0, 'roll': 0.0, 'pitch': 0.0, 'last_fix_time': datetime.datetime(2021, 7, 28, 22, 23, 39), 'speed': None, 'rudder': 0, 'datum': (42.3, -71.1)}
2021-07-28 23:23:41,190 [INFO] **** [] []
2021-07-28 23:23:41,192 [INFO] Next green buoy: [], next red buoy: []
2021-07-28 23:23:41,193 [INFO] Desired_heading: 23.8
2021-07-28 23:23:41,193 [INFO] delta angle: 0.0
2021-07-28 23:23:41,193 [INFO] sending message $BPRMB,222341.88,-0.0,1,0,750,0,1*78
...
