2021-07-29 04:27:07,279 [INFO] host = 192.168.1.213, port = 29500
2021-07-29 04:27:07,287 [INFO] sending message $BPLOG,ACK,ON*1e
...
2021-07-29 04:27:07,287 [INFO] sending message $BPLOG,ALL,ON*16
...
2021-07-29 04:27:07,287 [INFO] sending message $BPSTS,032707.28,1,BWSI Autonomy OK*4f
...
2021-07-29 04:27:07,288 [INFO] Received from Frontseat: []
2021-07-29 04:27:07,288 [INFO] AUV state: {'position': (None, None), 'latlon': None, 'heading': None, 'depth': None, 'altitude': None, 'roll': None, 'pitch': None, 'last_fix_time': None, 'speed': None, 'rudder': 0}
2021-07-29 04:27:08,290 [INFO] sending message $BPSTS,032708.28,1,BWSI Autonomy OK*40
...
2021-07-29 04:27:08,291 [INFO] Processing: $BFNVG,032704.03,4218.019579,N,07105.985939,W,0,10.0,1.0,20.1,0.0,0.0,032704.03*67
2021-07-29 04:27:08,294 [INFO] Interpreted as: {'position': (0, 0), 'latlon': (42.30032631666667, -71.09976565), 'heading': 20.1, 'depth': 1.0, 'altitude': 10.0, 'roll': 0.0, 'pitch': 0.0, 'last_fix_time': datetime.datetime(2021, 7, 29, 3, 27, 4), 'speed': None, 'rudder': 0, 'datum': (42.30032631666667, -71.09976565)}
2021-07-29 04:27:08,295 [INFO] Processing: $BFNVG,032704.36,4218.019753,N,07105.985860,W,0,10.0,1.0,20.1,0.0,0.0,032704.36*60
2021-07-29 04:27:08,297 [INFO] Interpreted as: {'position': (0.1164820448611863, 0.31934310495853424), 'latlon': (42.30032921666667, -71.09976433333334), 'heading': 20.1, 'depth': 1.0, 'altitude': 10.0, 'roll': 0.0, 'pitch': 0.0, 'last_fix_time': datetime.datetime(2021, 7, 29, 3, 27, 4), 'speed': None, 'rudder': 0, 'datum': (42.30032631666667, -71.09976565)}
2021-07-29 04:27:08,297 [INFO] Processing: $BFNVG,032704.68,4218.019926,N,07105.985781,W,0,10.0,1.0,20.1,0.0,0.0,032704.68*6C
2021-07-29 04:27:08,299 [INFO] Interpreted as: {'position': (0.23291841085301712, 0.6368355164304376), 'latlon': (42.3003321, -71.09976301666667), 'heading': 20.1, 'depth': 1.0, 'altitude': 10.0, 'roll': 0.0, 'pitch': 0.0, 'last_fix_time': datetime.datetime(2021, 7, 29, 3, 27, 4), 'speed': None, 'rudder': 0, 'datum': (42.30032631666667, -71.09976565)}
2021-07-29 04:27:08,301 [INFO] Processing: $BFNVG,032705.01,4218.020100,N,07105.985702,W,0,10.0,1.0,20.1,0.0,0.0,032705.01*61
2021-07-29 04:27:08,302 [INFO] Interpreted as: {'position': (0.3494004387757741, 0.9561786260455847), 'latlon': (42.300335, -71.0997617), 'heading': 20.1, 'depth': 1.0, 'altitude': 10.0, 'roll': 0.0, 'pitch': 0.0, 'last_fix_time': datetime.datetime(2021, 7, 29, 3, 27, 5), 'speed': None, 'rudder': 0, 'datum': (42.30032631666667, -71.09976565)}
2021-07-29 04:27:08,303 [INFO] Processing: $BFNVG,032705.35,4218.020274,N,07105.985623,W,0,10.0,1.0,20.1,0.0,0.0,032705.35*63
2021-07-29 04:27:08,305 [INFO] Interpreted as: {'position': (0.46588245511520654, 1.2755217384546995), 'latlon': (42.3003379, -71.09976038333333), 'heading': 20.1, 'depth': 1.0, 'altitude': 10.0, 'roll': 0.0, 'pitch': 0.0, 'last_fix_time': datetime.datetime(2021, 7, 29, 3, 27, 5), 'speed': None, 'rudder': 0, 'datum': (42.30032631666667, -71.09976565)}
2021-07-29 04:27:08,306 [INFO] Processing: $BFNVG,032705.68,4218.020448,N,07105.985544,W,0,10.0,1.0,20.1,0.0,0.0,032705.68*68
2021-07-29 04:27:08,308 [INFO] Interpreted as: {'position': (0.5823644618503749, 1.594864853657782), 'latlon': (42.3003408, -71.09975906666666), 'heading': 20.1, 'depth': 1.0, 'altitude': 10.0, 'roll': 0.0, 'pitch': 0.0, 'last_fix_time': datetime.datetime(2021, 7, 29, 3, 27, 5), 'speed': None, 'rudder': 0, 'datum': (42.30032631666667, -71.09976565)}
2021-07-29 04:27:08,309 [INFO] Processing: $BFNVG,032706.01,4218.020622,N,07105.985465,W,0,10.0,1.0,20.1,0.0,0.0,032706.01*64
2021-07-29 04:27:08,311 [INFO] Interpreted as: {'position': (0.6988464611931704, 1.9142079688608646), 'latlon': (42.3003437, -71.09975775), 'heading': 20.1, 'depth': 1.0, 'altitude': 10.0, 'roll': 0.0, 'pitch': 0.0, 'last_fix_time': datetime.datetime(2021, 7, 29, 3, 27, 6), 'speed': None, 'rudder': 0, 'datum': (42.30032631666667, -71.09976565)}
2021-07-29 04:27:08,312 [INFO] Processing: $BFNVG,032706.33,4218.020796,N,07105.985386,W,0,10.0,1.0,20.1,0.0,0.0,032706.33*60
2021-07-29 04:27:08,314 [INFO] Interpreted as: {'position': (0.8153284467407502, 2.2335510859265924), 'latlon': (42.3003466, -71.09975643333334), 'heading': 20.1, 'depth': 1.0, 'altitude': 10.0, 'roll': 0.0, 'pitch': 0.0, 'last_fix_time': datetime.datetime(2021, 7, 29, 3, 27, 6), 'speed': None, 'rudder': 0, 'datum': (42.30032631666667, -71.09976565)}
2021-07-29 04:27:08,315 [INFO] Processing: $BFNVG,032706.66,4218.020967,N,07105.985308,W,0,10.0,1.0,20.1,0.0,0.0,032706.66*66
2021-07-29 04:27:08,317 [INFO] Interpreted as: {'position': (0.9302995535545051, 2.5473760161548853), 'latlon': (42.30034945, -71.09975513333333), 'heading': 20.1, 'depth': 1.0, 'altitude': 10.0, 'roll': 0.0, 'pitch': 0.0, 'last_fix_time': datetime.datetime(2021, 7, 29, 3, 27, 6), 'speed': None, 'rudder': 0, 'datum': (42.30032631666667, -71.09976565)}
2021-07-29 04:27:08,318 [INFO] Processing: $BFNVG,032707.03,4218.021160,N,07105.985220,W,0,10.0,1.0,20.1,0.0,0.0,032707.03*63
2021-07-29 04:27:08,320 [INFO] Interpreted as: {'position': (1.060014042945113, 2.901577272452414), 'latlon': (42.30035266666667, -71.09975366666667), 'heading': 20.1, 'depth': 1.0, 'altitude': 10.0, 'roll': 0.0, 'pitch': 0.0, 'last_fix_time': datetime.datetime(2021, 7, 29, 3, 27, 7), 'speed': None, 'rudder': 0, 'datum': (42.30032631666667, -71.09976565)}
2021-07-29 04:27:08,321 [INFO] Processing: $BFNVG,032707.35,4218.021332,N,07105.985142,W,0,10.0,1.0,20.1,0.0,0.0,032707.35*61
2021-07-29 04:27:08,322 [INFO] Interpreted as: {'position': (1.1750307970796712, 3.217252902686596), 'latlon': (42.30035553333333, -71.09975236666666), 'heading': 20.1, 'depth': 1.0, 'altitude': 10.0, 'roll': 0.0, 'pitch': 0.0, 'last_fix_time': datetime.datetime(2021, 7, 29, 3, 27, 7), 'speed': None, 'rudder': 0, 'datum': (42.30032631666667, -71.09976565)}
2021-07-29 04:27:08,323 [INFO] Received from Frontseat: [b'$BFNVG,032704.03,4218.019579,N,07105.985939,W,0,10.0,1.0,20.1,0.0,0.0,032704.03*67', b'$BFNVG,032704.36,4218.019753,N,07105.985860,W,0,10.0,1.0,20.1,0.0,0.0,032704.36*60', b'$BFNVG,032704.68,4218.019926,N,07105.985781,W,0,10.0,1.0,20.1,0.0,0.0,032704.68*6C', b'$BFNVG,032705.01,4218.020100,N,07105.985702,W,0,10.0,1.0,20.1,0.0,0.0,032705.01*61', b'$BFNVG,032705.35,4218.020274,N,07105.985623,W,0,10.0,1.0,20.1,0.0,0.0,032705.35*63', b'$BFNVG,032705.68,4218.020448,N,07105.985544,W,0,10.0,1.0,20.1,0.0,0.0,032705.68*68', b'$BFNVG,032706.01,4218.020622,N,07105.985465,W,0,10.0,1.0,20.1,0.0,0.0,032706.01*64', b'$BFNVG,032706.33,4218.020796,N,07105.985386,W,0,10.0,1.0,20.1,0.0,0.0,032706.33*60', b'$BFNVG,032706.66,4218.020967,N,07105.985308,W,0,10.0,1.0,20.1,0.0,0.0,032706.66*66', b'$BFNVG,032707.03,4218.021160,N,07105.985220,W,0,10.0,1.0,20.1,0.0,0.0,032707.03*63', b'$BFNVG,032707.35,4218.021332,N,07105.985142,W,0,10.0,1.0,20.1,0.0,0.0,032707.35*61']
2021-07-29 04:27:08,324 [INFO] AUV state: {'position': (1.1750307970796712, 3.217252902686596), 'latlon': (42.30035553333333, -71.09975236666666), 'heading': 20.1, 'depth': 1.0, 'altitude': 10.0, 'roll': 0.0, 'pitch': 0.0, 'last_fix_time': datetime.datetime(2021, 7, 29, 3, 27, 7), 'speed': None, 'rudder': 0, 'datum': (42.30032631666667, -71.09976565)}
2021-07-29 04:27:08,625 [INFO] **** [] []
2021-07-29 04:27:08,627 [INFO] Next green buoy: [], next red buoy: []
2021-07-29 04:27:08,628 [INFO] Desired_heading: 20.1
2021-07-29 04:27:08,628 [INFO] delta angle: 0.0
2021-07-29 04:27:08,629 [INFO] sending message $BPRMB,032709.28,-0.0,1,0,1000,0,1*4a
...
2021-07-29 04:27:09,631 [INFO] sending message $BPSTS,032709.63,1,BWSI Autonomy OK*4e
...
2021-07-29 04:27:09,632 [INFO] Processing: $BFNVG,032707.69,4218.021511,N,07105.985061,W,0,10.0,1.0,20.1,0.0,0.0,032707.69*66
2021-07-29 04:27:09,635 [INFO] Interpreted as: {'position': (1.2944888226338662, 3.5457817120477557), 'latlon': (42.30035851666667, -71.09975101666667), 'heading': 20.1, 'depth': 1.0, 'altitude': 10.0, 'roll': 0.0, 'pitch': 0.0, 'last_fix_time': datetime.datetime(2021, 7, 29, 3, 27, 7), 'speed': None, 'rudder': 0, 'datum': (42.30032631666667, -71.09976565)}
2021-07-29 04:27:09,636 [INFO] Processing: $BFNVG,032708.03,4218.021690,N,07105.984979,W,0,10.0,1.0,20.1,0.0,0.0,032708.03*6D
2021-07-29 04:27:09,638 [INFO] Interpreted as: {'position': (1.415320714120753, 3.874276620335877), 'latlon': (42.3003615, -71.09974965), 'heading': 20.1, 'depth': 1.0, 'altitude': 10.0, 'roll': 0.0, 'pitch': 0.0, 'last_fix_time': datetime.datetime(2021, 7, 29, 3, 27, 8), 'speed': None, 'rudder': 0, 'datum': (42.30032631666667, -71.09976565)}
2021-07-29 04:27:09,639 [INFO] Processing: $BFNVG,032708.37,4218.021869,N,07105.984898,W,0,10.0,1.0,20.1,0.0,0.0,032708.37*6B
2021-07-29 04:27:09,642 [INFO] Interpreted as: {'position': (1.534778721514158, 4.2028054324910045), 'latlon': (42.30036448333333, -71.0997483), 'heading': 20.1, 'depth': 1.0, 'altitude': 10.0, 'roll': 0.0, 'pitch': 0.0, 'last_fix_time': datetime.datetime(2021, 7, 29, 3, 27, 8), 'speed': None, 'rudder': 0, 'datum': (42.30032631666667, -71.09976565)}
2021-07-29 04:27:09,643 [INFO] Received from Frontseat: [b'$BFNVG,032707.69,4218.021511,N,07105.985061,W,0,10.0,1.0,20.1,0.0,0.0,032707.69*66', b'$BFNVG,032708.03,4218.021690,N,07105.984979,W,0,10.0,1.0,20.1,0.0,0.0,032708.03*6D', b'$BFNVG,032708.37,4218.021869,N,07105.984898,W,0,10.0,1.0,20.1,0.0,0.0,032708.37*6B']
2021-07-29 04:27:09,644 [INFO] AUV state: {'position': (1.534778721514158, 4.2028054324910045), 'latlon': (42.30036448333333, -71.0997483), 'heading': 20.1, 'depth': 1.0, 'altitude': 10.0, 'roll': 0.0, 'pitch': 0.0, 'last_fix_time': datetime.datetime(2021, 7, 29, 3, 27, 8), 'speed': None, 'rudder': 0, 'datum': (42.30032631666667, -71.09976565)}
2021-07-29 04:27:09,947 [INFO] **** [] []
2021-07-29 04:27:09,949 [INFO] Next green buoy: [], next red buoy: []
2021-07-29 04:27:09,949 [INFO] Desired_heading: 20.1
2021-07-29 04:27:09,950 [INFO] delta angle: 0.0
2021-07-29 04:27:09,950 [INFO] sending message $BPRMB,032709.97,-0.0,1,0,1000,0,1*4e
...
2021-07-29 04:27:10,952 [INFO] sending message $BPSTS,032710.95,1,BWSI Autonomy OK*4f
...
2021-07-29 04:27:10,953 [INFO] Processing: $BFNVG,032708.71,4218.022049,N,07105.984816,W,0,10.0,1.0,20.1,0.0,0.0,032708.71*64
2021-07-29 04:27:10,955 [INFO] Interpreted as: {'position': (1.655656257586088, 4.53315104264766), 'latlon': (42.30036748333333, -71.09974693333334), 'heading': 20.1, 'depth': 1.0, 'altitude': 10.0, 'roll': 0.0, 'pitch': 0.0, 'last_fix_time': datetime.datetime(2021, 7, 29, 3, 27, 8), 'speed': None, 'rudder': 0, 'datum': (42.30032631666667, -71.09976565)}
2021-07-29 04:27:10,956 [INFO] Processing: $BFNVG,032709.06,4218.022229,N,07105.984734,W,0,10.0,1.0,20.1,0.0,0.0,032709.06*6F
2021-07-29 04:27:10,958 [INFO] Interpreted as: {'position': (1.776533785450738, 4.863496653735638), 'latlon': (42.30037048333333, -71.09974556666667), 'heading': 20.1, 'depth': 1.0, 'altitude': 10.0, 'roll': 0.0, 'pitch': 0.0, 'last_fix_time': datetime.datetime(2021, 7, 29, 3, 27, 9), 'speed': None, 'rudder': 0, 'datum': (42.30032631666667, -71.09976565)}
2021-07-29 04:27:10,959 [INFO] Processing: $BFNVG,032709.40,4218.022408,N,07105.984653,W,0,10.0,1.0,20.1,0.0,0.0,032709.40*6A
2021-07-29 04:27:10,961 [INFO] Interpreted as: {'position': (1.8959917624597438, 5.192025474272668), 'latlon': (42.30037346666667, -71.09974421666666), 'heading': 20.1, 'depth': 1.0, 'altitude': 10.0, 'roll': 0.0, 'pitch': 0.0, 'last_fix_time': datetime.datetime(2021, 7, 29, 3, 27, 9), 'speed': None, 'rudder': 0, 'datum': (42.30032631666667, -71.09976565)}
2021-07-29 04:27:10,962 [INFO] Processing: $BFNVG,032709.73,4218.022584,N,07105.984572,W,0,10.0,1.0,20.1,0.0,0.0,032709.73*6F
2021-07-29 04:27:10,964 [INFO] Interpreted as: {'position': (2.015312728995923, 5.51500220131129), 'latlon': (42.3003764, -71.09974286666667), 'heading': 20.1, 'depth': 1.0, 'altitude': 10.0, 'roll': 0.0, 'pitch': 0.0, 'last_fix_time': datetime.datetime(2021, 7, 29, 3, 27, 9), 'speed': None, 'rudder': 0, 'datum': (42.30032631666667, -71.09976565)}
2021-07-29 04:27:10,965 [INFO] Received from Frontseat: [b'$BFNVG,032708.71,4218.022049,N,07105.984816,W,0,10.0,1.0,20.1,0.0,0.0,032708.71*64', b'$BFNVG,032709.06,4218.022229,N,07105.984734,W,0,10.0,1.0,20.1,0.0,0.0,032709.06*6F', b'$BFNVG,032709.40,4218.022408,N,07105.984653,W,0,10.0,1.0,20.1,0.0,0.0,032709.40*6A', b'$BFNVG,032709.73,4218.022584,N,07105.984572,W,0,10.0,1.0,20.1,0.0,0.0,032709.73*6F']
2021-07-29 04:27:10,966 [INFO] AUV state: {'position': (2.015312728995923, 5.51500220131129), 'latlon': (42.3003764, -71.09974286666667), 'heading': 20.1, 'depth': 1.0, 'altitude': 10.0, 'roll': 0.0, 'pitch': 0.0, 'last_fix_time': datetime.datetime(2021, 7, 29, 3, 27, 9), 'speed': None, 'rudder': 0, 'datum': (42.30032631666667, -71.09976565)}
2021-07-29 04:27:11,279 [INFO] **** [] []
2021-07-29 04:27:11,281 [INFO] Next green buoy: [], next red buoy: []
2021-07-29 04:27:11,282 [INFO] Desired_heading: 20.1
2021-07-29 04:27:11,282 [INFO] delta angle: 0.0
2021-07-29 04:27:11,282 [INFO] sending message $BPRMB,032711.92,-0.0,1,0,1000,0,1*42
...
2021-07-29 04:27:12,284 [INFO] sending message $BPSTS,032712.28,1,BWSI Autonomy OK*4b
...
2021-07-29 04:27:12,285 [INFO] Processing: $BFNVG,032710.08,4218.022766,N,07105.984490,W,0,10.0,1.0,20.1,0.0,0.0,032710.08*6C
2021-07-29 04:27:12,291 [INFO] Interpreted as: {'position': (2.136281557905022, 5.849049213342369), 'latlon': (42.30037943333333, -71.0997415), 'heading': 20.1, 'depth': 1.0, 'altitude': 10.0, 'roll': 0.0, 'pitch': 0.0, 'last_fix_time': datetime.datetime(2021, 7, 29, 3, 27, 10), 'speed': None, 'rudder': 0, 'datum': (42.30032631666667, -71.09976565)}
2021-07-29 04:27:12,292 [INFO] Processing: $BFNVG,032710.42,4218.022946,N,07105.984408,W,0,10.0,1.0,20.1,0.0,0.0,032710.42*61
2021-07-29 04:27:12,294 [INFO] Interpreted as: {'position': (2.2571590429288335, 6.17939483281225), 'latlon': (42.30038243333333, -71.09974013333333), 'heading': 20.1, 'depth': 1.0, 'altitude': 10.0, 'roll': 0.0, 'pitch': 0.0, 'last_fix_time': datetime.datetime(2021, 7, 29, 3, 27, 10), 'speed': None, 'rudder': 0, 'datum': (42.30032631666667, -71.09976565)}
2021-07-29 04:27:12,295 [INFO] Received from Frontseat: [b'$BFNVG,032710.08,4218.022766,N,07105.984490,W,0,10.0,1.0,20.1,0.0,0.0,032710.08*6C', b'$BFNVG,032710.42,4218.022946,N,07105.984408,W,0,10.0,1.0,20.1,0.0,0.0,032710.42*61']
2021-07-29 04:27:12,296 [INFO] AUV state: {'position': (2.2571590429288335, 6.17939483281225), 'latlon': (42.30038243333333, -71.09974013333333), 'heading': 20.1, 'depth': 1.0, 'altitude': 10.0, 'roll': 0.0, 'pitch': 0.0, 'last_fix_time': datetime.datetime(2021, 7, 29, 3, 27, 10), 'speed': None, 'rudder': 0, 'datum': (42.30032631666667, -71.09976565)}
2021-07-29 04:27:12,592 [INFO] **** [] []
2021-07-29 04:27:12,594 [INFO] Next green buoy: [], next red buoy: []
2021-07-29 04:27:12,595 [INFO] Desired_heading: 20.1
2021-07-29 04:27:12,595 [INFO] delta angle: 0.0
2021-07-29 04:27:12,596 [INFO] sending message $BPRMB,032712.63,-0.0,1,0,1000,0,1*4f
...
2021-07-29 04:27:13,597 [INFO] sending message $BPSTS,032713.59,1,BWSI Autonomy OK*4c
...
2021-07-29 04:27:13,598 [INFO] Received from Frontseat: []
2021-07-29 04:27:13,599 [INFO] AUV state: {'position': (2.2571590429288335, 6.17939483281225), 'latlon': (42.30038243333333, -71.09974013333333), 'heading': 20.1, 'depth': 1.0, 'altitude': 10.0, 'roll': 0.0, 'pitch': 0.0, 'last_fix_time': datetime.datetime(2021, 7, 29, 3, 27, 10), 'speed': None, 'rudder': 0, 'datum': (42.30032631666667, -71.09976565)}
2021-07-29 04:27:13,913 [INFO] **** [] []
2021-07-29 04:27:13,916 [INFO] Next green buoy: [], next red buoy: []
2021-07-29 04:27:13,916 [INFO] Desired_heading: 20.1
2021-07-29 04:27:13,916 [INFO] delta angle: 0.0
2021-07-29 04:27:13,917 [INFO] sending message $BPRMB,032714.55,-0.0,1,0,1000,0,1*4c
...
2021-07-29 04:27:14,919 [INFO] sending message $BPSTS,032714.91,1,BWSI Autonomy OK*4f
...
2021-07-29 04:27:14,920 [INFO] Received from Frontseat: []
2021-07-29 04:27:14,921 [INFO] AUV state: {'position': (2.2571590429288335, 6.17939483281225), 'latlon': (42.30038243333333, -71.09974013333333), 'heading': 20.1, 'depth': 1.0, 'altitude': 10.0, 'roll': 0.0, 'pitch': 0.0, 'last_fix_time': datetime.datetime(2021, 7, 29, 3, 27, 10), 'speed': None, 'rudder': 0, 'datum': (42.30032631666667, -71.09976565)}
2021-07-29 04:27:15,205 [INFO] **** [] []
2021-07-29 04:27:15,207 [INFO] Next green buoy: [], next red buoy: []
2021-07-29 04:27:15,208 [INFO] Desired_heading: 20.1
2021-07-29 04:27:15,208 [INFO] delta angle: 0.0
2021-07-29 04:27:15,209 [INFO] sending message $BPRMB,032715.28,-0.0,1,0,1000,0,1*47
...
2021-07-29 04:27:16,211 [INFO] sending message $BPSTS,032716.21,1,BWSI Autonomy OK*46
...
2021-07-29 04:27:16,212 [INFO] Received from Frontseat: []
2021-07-29 04:27:16,213 [INFO] AUV state: {'position': (2.2571590429288335, 6.17939483281225), 'latlon': (42.30038243333333, -71.09974013333333), 'heading': 20.1, 'depth': 1.0, 'altitude': 10.0, 'roll': 0.0, 'pitch': 0.0, 'last_fix_time': datetime.datetime(2021, 7, 29, 3, 27, 10), 'speed': None, 'rudder': 0, 'datum': (42.30032631666667, -71.09976565)}
2021-07-29 04:27:16,527 [INFO] **** [] []
2021-07-29 04:27:16,530 [INFO] Next green buoy: [], next red buoy: []
2021-07-29 04:27:16,530 [INFO] Desired_heading: 20.1
2021-07-29 04:27:16,530 [INFO] delta angle: 0.0
2021-07-29 04:27:16,531 [INFO] sending message $BPRMB,032717.14,-0.0,1,0,1000,0,1*4a
...
2021-07-29 04:27:17,275 [ERROR] An error occurred. The stack trace is below.
Traceback (most recent call last):
  File "BWSI_BackSeat.py", line 126, in run
    time.sleep(1/self.__warp)
KeyboardInterrupt
