2021-07-28 16:45:44,423 [INFO] host = 192.168.1.213, port = 29500
2021-07-28 16:45:46,445 [INFO] sending message $BPLOG,ACK,ON*1e
...
2021-07-28 16:45:46,447 [INFO] sending message $BPLOG,ALL,ON*16
...
2021-07-28 16:45:46,448 [INFO] sending message $BPSTS,154546.44,1,BWSI Autonomy OK*43
...
2021-07-28 16:45:46,449 [INFO] Received from Frontseat: []
2021-07-28 16:45:46,450 [INFO] AUV state: {'position': (None, None), 'latlon': None, 'heading': None, 'depth': None, 'altitude': None, 'roll': None, 'pitch': None, 'last_fix_time': None, 'speed': None, 'rudder': 0}
2021-07-28 16:45:47,452 [INFO] sending message $BPSTS,154547.45,1,BWSI Autonomy OK*43
...
2021-07-28 16:45:47,454 [INFO] Processing: $BFNVG,154545.52,4218.000000,N,07106.000000,W,0,10.0,1.0,45.0,0.0,0.0,154545.52*62
2021-07-28 16:45:47,457 [INFO] Interpreted as: {'position': (0, 0), 'latlon': (42.3, -71.1), 'heading': 45.0, 'depth': 1.0, 'altitude': 10.0, 'roll': 0.0, 'pitch': 0.0, 'last_fix_time': datetime.datetime(2021, 7, 28, 15, 45, 45), 'speed': None, 'rudder': 0, 'datum': (42.3, -71.1)}
2021-07-28 16:45:47,459 [INFO] Processing: $BFNVG,154545.77,4218.000000,N,07106.000000,W,0,10.0,1.0,45.0,0.0,0.0,154545.77*62
2021-07-28 16:45:47,462 [INFO] Interpreted as: {'position': (0.0, 0.0), 'latlon': (42.3, -71.1), 'heading': 45.0, 'depth': 1.0, 'altitude': 10.0, 'roll': 0.0, 'pitch': 0.0, 'last_fix_time': datetime.datetime(2021, 7, 28, 15, 45, 45), 'speed': None, 'rudder': 0, 'datum': (42.3, -71.1)}
2021-07-28 16:45:47,463 [INFO] Processing: $BFNVG,154546.03,4218.000000,N,07106.000000,W,0,10.0,1.0,45.0,0.0,0.0,154546.03*62
2021-07-28 16:45:47,465 [INFO] Interpreted as: {'position': (0.0, 0.0), 'latlon': (42.3, -71.1), 'heading': 45.0, 'depth': 1.0, 'altitude': 10.0, 'roll': 0.0, 'pitch': 0.0, 'last_fix_time': datetime.datetime(2021, 7, 28, 15, 45, 46), 'speed': None, 'rudder': 0, 'datum': (42.3, -71.1)}
2021-07-28 16:45:47,467 [INFO] Processing: $BFNVG,154546.28,4218.000000,N,07106.000000,W,0,10.0,1.0,45.0,0.0,0.0,154546.28*62
2021-07-28 16:45:47,469 [INFO] Interpreted as: {'position': (0.0, 0.0), 'latlon': (42.3, -71.1), 'heading': 45.0, 'depth': 1.0, 'altitude': 10.0, 'roll': 0.0, 'pitch': 0.0, 'last_fix_time': datetime.datetime(2021, 7, 28, 15, 45, 46), 'speed': None, 'rudder': 0, 'datum': (42.3, -71.1)}
2021-07-28 16:45:47,470 [INFO] Processing: $BFNVG,154546.53,4218.000000,N,07106.000000,W,0,10.0,1.0,45.0,0.0,0.0,154546.53*62
2021-07-28 16:45:47,473 [INFO] Interpreted as: {'position': (0.0, 0.0), 'latlon': (42.3, -71.1), 'heading': 45.0, 'depth': 1.0, 'altitude': 10.0, 'roll': 0.0, 'pitch': 0.0, 'last_fix_time': datetime.datetime(2021, 7, 28, 15, 45, 46), 'speed': None, 'rudder': 0, 'datum': (42.3, -71.1)}
2021-07-28 16:45:47,474 [INFO] Received from Frontseat: [b'$BFNVG,154545.52,4218.000000,N,07106.000000,W,0,10.0,1.0,45.0,0.0,0.0,154545.52*62', b'$BFNVG,154545.77,4218.000000,N,07106.000000,W,0,10.0,1.0,45.0,0.0,0.0,154545.77*62', b'$BFNVG,154546.03,4218.000000,N,07106.000000,W,0,10.0,1.0,45.0,0.0,0.0,154546.03*62', b'$BFNVG,154546.28,4218.000000,N,07106.000000,W,0,10.0,1.0,45.0,0.0,0.0,154546.28*62', b'$BFNVG,154546.53,4218.000000,N,07106.000000,W,0,10.0,1.0,45.0,0.0,0.0,154546.53*62']
2021-07-28 16:45:47,476 [INFO] AUV state: {'position': (0.0, 0.0), 'latlon': (42.3, -71.1), 'heading': 45.0, 'depth': 1.0, 'altitude': 10.0, 'roll': 0.0, 'pitch': 0.0, 'last_fix_time': datetime.datetime(2021, 7, 28, 15, 45, 46), 'speed': None, 'rudder': 0, 'datum': (42.3, -71.1)}
2021-07-28 16:45:47,835 [INFO] **** [(-0.21993023293121178, -7.6862156757158235)] [(15.437560812208067, -7.329055330858309)]
2021-07-28 16:45:47,837 [INFO] Next green buoy: [(-0.21993023293121178, -7.6862156757158235)], next red buoy: [(15.437560812208067, -7.329055330858309)]
2021-07-28 16:45:47,838 [INFO] Desired_heading: 52.60881528963843
2021-07-28 16:45:47,838 [INFO] sending message $BPRMB,154548.44,-25,,,1000,0,1*6e
...
2021-07-28 16:45:48,840 [INFO] sending message $BPSTS,154548.84,1,BWSI Autonomy OK*41
...
2021-07-28 16:45:48,841 [INFO] Processing: $BFNVG,154546.95,4218.000000,N,07106.000000,W,0,10.0,1.0,45.0,0.0,0.0,154546.95*62
2021-07-28 16:45:48,842 [INFO] Interpreted as: {'position': (0.0, 0.0), 'latlon': (42.3, -71.1), 'heading': 45.0, 'depth': 1.0, 'altitude': 10.0, 'roll': 0.0, 'pitch': 0.0, 'last_fix_time': datetime.datetime(2021, 7, 28, 15, 45, 46), 'speed': None, 'rudder': 0, 'datum': (42.3, -71.1)}
2021-07-28 16:45:48,842 [INFO] Processing: $BFNVG,154547.33,4218.000000,N,07106.000000,W,0,10.0,1.0,45.0,0.0,0.0,154547.33*62
2021-07-28 16:45:48,843 [INFO] Interpreted as: {'position': (0.0, 0.0), 'latlon': (42.3, -71.1), 'heading': 45.0, 'depth': 1.0, 'altitude': 10.0, 'roll': 0.0, 'pitch': 0.0, 'last_fix_time': datetime.datetime(2021, 7, 28, 15, 45, 47), 'speed': None, 'rudder': 0, 'datum': (42.3, -71.1)}
2021-07-28 16:45:48,843 [INFO] Processing: $BFNVG,154547.69,4218.000000,N,07106.000000,W,0,10.0,1.0,45.0,0.0,0.0,154547.69*62
2021-07-28 16:45:48,844 [INFO] Interpreted as: {'position': (0.0, 0.0), 'latlon': (42.3, -71.1), 'heading': 45.0, 'depth': 1.0, 'altitude': 10.0, 'roll': 0.0, 'pitch': 0.0, 'last_fix_time': datetime.datetime(2021, 7, 28, 15, 45, 47), 'speed': None, 'rudder': 0, 'datum': (42.3, -71.1)}
2021-07-28 16:45:48,845 [INFO] Received from Frontseat: [b'$BFNVG,154546.95,4218.000000,N,07106.000000,W,0,10.0,1.0,45.0,0.0,0.0,154546.95*62', b'$BFNVG,154547.33,4218.000000,N,07106.000000,W,0,10.0,1.0,45.0,0.0,0.0,154547.33*62', b'$BFNVG,154547.69,4218.000000,N,07106.000000,W,0,10.0,1.0,45.0,0.0,0.0,154547.69*62']
2021-07-28 16:45:48,845 [INFO] AUV state: {'position': (0.0, 0.0), 'latlon': (42.3, -71.1), 'heading': 45.0, 'depth': 1.0, 'altitude': 10.0, 'roll': 0.0, 'pitch': 0.0, 'last_fix_time': datetime.datetime(2021, 7, 28, 15, 45, 47), 'speed': None, 'rudder': 0, 'datum': (42.3, -71.1)}
2021-07-28 16:45:49,163 [INFO] **** [(-0.22035521470194389, -7.708961974233651)] [(15.437560812208067, -7.333901112744751)]
2021-07-28 16:45:49,166 [INFO] Next green buoy: [(-0.22035521470194389, -7.708961974233651)], next red buoy: [(15.437560812208067, -7.333901112744751)]
2021-07-28 16:45:49,166 [INFO] Desired_heading: 52.60860279875306
2021-07-28 16:45:49,167 [INFO] sending message $BPRMB,154549.23,-25,,,1000,0,1*6e
...
2021-07-28 16:45:50,169 [INFO] sending message $BPSTS,154550.16,1,BWSI Autonomy OK*43
...
2021-07-28 16:45:50,170 [INFO] Processing: $BFNVG,154548.05,4218.000000,N,07106.000000,W,0,10.0,1.0,45.0,0.0,0.0,154548.05*62
2021-07-28 16:45:50,172 [INFO] Interpreted as: {'position': (0.0, 0.0), 'latlon': (42.3, -71.1), 'heading': 45.0, 'depth': 1.0, 'altitude': 10.0, 'roll': 0.0, 'pitch': 0.0, 'last_fix_time': datetime.datetime(2021, 7, 28, 15, 45, 48), 'speed': None, 'rudder': 0, 'datum': (42.3, -71.1)}
2021-07-28 16:45:50,173 [INFO] Processing: $BFNVG,154548.41,4218.000143,N,07105.999809,W,0,10.0,1.0,47.3,0.0,0.0,154548.41*6E
2021-07-28 16:45:50,175 [INFO] Interpreted as: {'position': (0.2689421483082697, 0.25817382987588644), 'latlon': (42.300002383333336, -71.09999681666666), 'heading': 47.3, 'depth': 1.0, 'altitude': 10.0, 'roll': 0.0, 'pitch': 0.0, 'last_fix_time': datetime.datetime(2021, 7, 28, 15, 45, 48), 'speed': None, 'rudder': 0, 'datum': (42.3, -71.1)}
2021-07-28 16:45:50,176 [INFO] Processing: $BFNVG,154548.77,4218.000278,N,07105.999615,W,0,10.0,1.0,49.5,0.0,0.0,154548.77*6E
2021-07-28 16:45:50,179 [INFO] Interpreted as: {'position': (0.5416405382566154, 0.5014403769746423), 'latlon': (42.30000463333333, -71.09999358333333), 'heading': 49.5, 'depth': 1.0, 'altitude': 10.0, 'roll': 0.0, 'pitch': 0.0, 'last_fix_time': datetime.datetime(2021, 7, 28, 15, 45, 48), 'speed': None, 'rudder': 0, 'datum': (42.3, -71.1)}
2021-07-28 16:45:50,180 [INFO] Processing: $BFNVG,154549.13,4218.000409,N,07105.999409,W,0,10.0,1.0,51.8,0.0,0.0,154549.13*65
2021-07-28 16:45:50,184 [INFO] Interpreted as: {'position': (0.830642779939808, 0.7368972850963473), 'latlon': (42.30000681666667, -71.09999015), 'heading': 51.8, 'depth': 1.0, 'altitude': 10.0, 'roll': 0.0, 'pitch': 0.0, 'last_fix_time': datetime.datetime(2021, 7, 28, 15, 45, 49), 'speed': None, 'rudder': 0, 'datum': (42.3, -71.1)}
2021-07-28 16:45:50,184 [INFO] Received from Frontseat: [b'$BFNVG,154548.05,4218.000000,N,07106.000000,W,0,10.0,1.0,45.0,0.0,0.0,154548.05*62', b'$BFNVG,154548.41,4218.000143,N,07105.999809,W,0,10.0,1.0,47.3,0.0,0.0,154548.41*6E', b'$BFNVG,154548.77,4218.000278,N,07105.999615,W,0,10.0,1.0,49.5,0.0,0.0,154548.77*6E', b'$BFNVG,154549.13,4218.000409,N,07105.999409,W,0,10.0,1.0,51.8,0.0,0.0,154549.13*65']
2021-07-28 16:45:50,186 [INFO] AUV state: {'position': (0.830642779939808, 0.7368972850963473), 'latlon': (42.30000681666667, -71.09999015), 'heading': 51.8, 'depth': 1.0, 'altitude': 10.0, 'roll': 0.0, 'pitch': 0.0, 'last_fix_time': datetime.datetime(2021, 7, 28, 15, 45, 49), 'speed': None, 'rudder': 0, 'datum': (42.3, -71.1)}
2021-07-28 16:45:50,551 [INFO] **** [(-8.32520027799828, -8.81883554711719)] [(10.025325772590836, -8.555285926432692)]
2021-07-28 16:45:50,553 [INFO] Next green buoy: [(-8.32520027799828, -8.81883554711719)], next red buoy: [(10.025325772590836, -8.555285926432692)]
2021-07-28 16:45:50,553 [INFO] Desired_heading: 52.650062747296275
2021-07-28 16:45:50,554 [INFO] sending message $BPRMB,154551.09,-1.0839100115113427,,,1000,0,1*73
...
2021-07-28 16:45:51,556 [INFO] sending message $BPSTS,154551.55,1,BWSI Autonomy OK*45
...
2021-07-28 16:45:51,557 [INFO] Processing: $BFNVG,154549.49,4218.000533,N,07105.999200,W,0,10.0,1.0,54.0,0.0,0.0,154549.49*6F
2021-07-28 16:45:51,559 [INFO] Interpreted as: {'position': (1.1234469384071417, 0.959297614172101), 'latlon': (42.300008883333334, -71.09998666666667), 'heading': 54.0, 'depth': 1.0, 'altitude': 10.0, 'roll': 0.0, 'pitch': 0.0, 'last_fix_time': datetime.datetime(2021, 7, 28, 15, 45, 49), 'speed': None, 'rudder': 0, 'datum': (42.3, -71.1)}
2021-07-28 16:45:51,561 [INFO] Processing: $BFNVG,154549.85,4218.000651,N,07105.998984,W,0,10.0,1.0,56.2,0.0,0.0,154549.85*6E
2021-07-28 16:45:51,563 [INFO] Interpreted as: {'position': (1.4255942048621364, 1.1703564366325736), 'latlon': (42.30001085, -71.09998306666667), 'heading': 56.2, 'depth': 1.0, 'altitude': 10.0, 'roll': 0.0, 'pitch': 0.0, 'last_fix_time': datetime.datetime(2021, 7, 28, 15, 45, 49), 'speed': None, 'rudder': 0, 'datum': (42.3, -71.1)}
2021-07-28 16:45:51,564 [INFO] Processing: $BFNVG,154550.20,4218.000763,N,07105.998761,W,0,10.0,1.0,58.5,0.0,0.0,154550.20*62
2021-07-28 16:45:51,565 [INFO] Interpreted as: {'position': (1.7370845797122456, 1.3700737543404102), 'latlon': (42.300012716666664, -71.09997935), 'heading': 58.5, 'depth': 1.0, 'altitude': 10.0, 'roll': 0.0, 'pitch': 0.0, 'last_fix_time': datetime.datetime(2021, 7, 28, 15, 45, 50), 'speed': None, 'rudder': 0, 'datum': (42.3, -71.1)}
2021-07-28 16:45:51,566 [INFO] Received from Frontseat: [b'$BFNVG,154549.49,4218.000533,N,07105.999200,W,0,10.0,1.0,54.0,0.0,0.0,154549.49*6F', b'$BFNVG,154549.85,4218.000651,N,07105.998984,W,0,10.0,1.0,56.2,0.0,0.0,154549.85*6E', b'$BFNVG,154550.20,4218.000763,N,07105.998761,W,0,10.0,1.0,58.5,0.0,0.0,154550.20*62']
2021-07-28 16:45:51,567 [INFO] AUV state: {'position': (1.7370845797122456, 1.3700737543404102), 'latlon': (42.300012716666664, -71.09997935), 'heading': 58.5, 'depth': 1.0, 'altitude': 10.0, 'roll': 0.0, 'pitch': 0.0, 'last_fix_time': datetime.datetime(2021, 7, 28, 15, 45, 50), 'speed': None, 'rudder': 0, 'datum': (42.3, -71.1)}
2021-07-28 16:45:51,949 [INFO] **** [(-17.650210657351554, -10.508247446524685)] [(3.7659114680165717, -10.097773879559904)]
2021-07-28 16:45:51,951 [INFO] Next green buoy: [(-17.650210657351554, -10.508247446524685)], next red buoy: [(3.7659114680165717, -10.097773879559904)]
2021-07-28 16:45:51,951 [INFO] Desired_heading: 51.55785040533251
2021-07-28 16:45:51,952 [INFO] sending message $BPRMB,154552.01,-25,,,1000,0,1*64
...
2021-07-28 16:45:52,953 [INFO] sending message $BPSTS,154552.95,1,BWSI Autonomy OK*4a
...
2021-07-28 16:45:52,954 [INFO] Processing: $BFNVG,154550.56,4218.000867,N,07105.998534,W,0,10.0,1.0,60.7,0.0,0.0,154550.56*62
2021-07-28 16:45:52,956 [INFO] Interpreted as: {'position': (2.0537050820421427, 1.554849891923368), 'latlon': (42.30001445, -71.09997556666667), 'heading': 60.7, 'depth': 1.0, 'altitude': 10.0, 'roll': 0.0, 'pitch': 0.0, 'last_fix_time': datetime.datetime(2021, 7, 28, 15, 45, 50), 'speed': None, 'rudder': 0, 'datum': (42.3, -71.1)}
2021-07-28 16:45:52,957 [INFO] Processing: $BFNVG,154550.92,4218.000968,N,07105.998304,W,0,10.0,1.0,60.8,0.0,0.0,154550.92*66
2021-07-28 16:45:52,959 [INFO] Interpreted as: {'position': (2.3743101911386475, 1.7339722402393818), 'latlon': (42.30001613333334, -71.09997173333333), 'heading': 60.8, 'depth': 1.0, 'altitude': 10.0, 'roll': 0.0, 'pitch': 0.0, 'last_fix_time': datetime.datetime(2021, 7, 28, 15, 45, 50), 'speed': None, 'rudder': 0, 'datum': (42.3, -71.1)}
2021-07-28 16:45:52,960 [INFO] Processing: $BFNVG,154551.28,4218.001070,N,07105.998073,W,0,10.0,1.0,60.9,0.0,0.0,154551.28*65
2021-07-28 16:45:52,961 [INFO] Interpreted as: {'position': (2.6963348364224657, 1.9149113921448588), 'latlon': (42.300017833333335, -71.09996788333333), 'heading': 60.9, 'depth': 1.0, 'altitude': 10.0, 'roll': 0.0, 'pitch': 0.0, 'last_fix_time': datetime.datetime(2021, 7, 28, 15, 45, 51), 'speed': None, 'rudder': 0, 'datum': (42.3, -71.1)}
2021-07-28 16:45:52,962 [INFO] Processing: $BFNVG,154551.64,4218.001174,N,07105.997835,W,0,10.0,1.0,61.0,0.0,0.0,154551.64*6D
2021-07-28 16:45:52,964 [INFO] Interpreted as: {'position': (3.028067960869521, 2.0993146235123277), 'latlon': (42.30001956666667, -71.09996391666667), 'heading': 61.0, 'depth': 1.0, 'altitude': 10.0, 'roll': 0.0, 'pitch': 0.0, 'last_fix_time': datetime.datetime(2021, 7, 28, 15, 45, 51), 'speed': None, 'rudder': 0, 'datum': (42.3, -71.1)}
2021-07-28 16:45:52,965 [INFO] Received from Frontseat: [b'$BFNVG,154550.56,4218.000867,N,07105.998534,W,0,10.0,1.0,60.7,0.0,0.0,154550.56*62', b'$BFNVG,154550.92,4218.000968,N,07105.998304,W,0,10.0,1.0,60.8,0.0,0.0,154550.92*66', b'$BFNVG,154551.28,4218.001070,N,07105.998073,W,0,10.0,1.0,60.9,0.0,0.0,154551.28*65', b'$BFNVG,154551.64,4218.001174,N,07105.997835,W,0,10.0,1.0,61.0,0.0,0.0,154551.64*6D']
2021-07-28 16:45:52,966 [INFO] AUV state: {'position': (3.028067960869521, 2.0993146235123277), 'latlon': (42.30001956666667, -71.09996391666667), 'heading': 61.0, 'depth': 1.0, 'altitude': 10.0, 'roll': 0.0, 'pitch': 0.0, 'last_fix_time': datetime.datetime(2021, 7, 28, 15, 45, 51), 'speed': None, 'rudder': 0, 'datum': (42.3, -71.1)}
2021-07-28 16:45:53,337 [INFO] **** [] [(1.5156757131249516, -13.480584625642832)]
2021-07-28 16:45:53,339 [INFO] Next green buoy: [], next red buoy: [(1.5156757131249516, -13.480584625642832)]
2021-07-28 16:45:53,340 [INFO] Desired_heading: 62.51567571312495
2021-07-28 16:45:53,340 [INFO] sending message $BPRMB,154553.89,-3.445909301035235,,,1000,0,1*4a
...
2021-07-28 16:45:54,342 [INFO] sending message $BPSTS,154554.34,1,BWSI Autonomy OK*47
...
2021-07-28 16:45:54,343 [INFO] Processing: $BFNVG,154552.00,4218.001274,N,07105.997604,W,0,10.0,1.0,61.1,0.0,0.0,154552.00*63
2021-07-28 16:45:54,345 [INFO] Interpreted as: {'position': (3.3500012271106243, 2.276552409864962), 'latlon': (42.30002123333333, -71.09996006666667), 'heading': 61.1, 'depth': 1.0, 'altitude': 10.0, 'roll': 0.0, 'pitch': 0.0, 'last_fix_time': datetime.datetime(2021, 7, 28, 15, 45, 52), 'speed': None, 'rudder': 0, 'datum': (42.3, -71.1)}
2021-07-28 16:45:54,345 [INFO] Processing: $BFNVG,154552.36,4218.001372,N,07105.997369,W,0,10.0,1.0,63.4,0.0,0.0,154552.36*6D
2021-07-28 16:45:54,347 [INFO] Interpreted as: {'position': (3.677338653651532, 2.4499532002955675), 'latlon': (42.300022866666666, -71.09995615), 'heading': 63.4, 'depth': 1.0, 'altitude': 10.0, 'roll': 0.0, 'pitch': 0.0, 'last_fix_time': datetime.datetime(2021, 7, 28, 15, 45, 52), 'speed': None, 'rudder': 0, 'datum': (42.3, -71.1)}
2021-07-28 16:45:54,348 [INFO] Processing: $BFNVG,154552.72,4218.001462,N,07105.997131,W,0,10.0,1.0,65.6,0.0,0.0,154552.72*60
2021-07-28 16:45:54,349 [INFO] Interpreted as: {'position': (4.00843233068008, 2.608446715399623), 'latlon': (42.30002436666667, -71.09995218333333), 'heading': 65.6, 'depth': 1.0, 'altitude': 10.0, 'roll': 0.0, 'pitch': 0.0, 'last_fix_time': datetime.datetime(2021, 7, 28, 15, 45, 52), 'speed': None, 'rudder': 0, 'datum': (42.3, -71.1)}
2021-07-28 16:45:54,350 [INFO] Processing: $BFNVG,154553.08,4218.001544,N,07105.996888,W,0,10.0,1.0,67.8,0.0,0.0,154553.08*63
2021-07-28 16:45:54,352 [INFO] Interpreted as: {'position': (4.346030020620674, 2.751965149305761), 'latlon': (42.300025733333335, -71.09994813333333), 'heading': 67.8, 'depth': 1.0, 'altitude': 10.0, 'roll': 0.0, 'pitch': 0.0, 'last_fix_time': datetime.datetime(2021, 7, 28, 15, 45, 53), 'speed': None, 'rudder': 0, 'datum': (42.3, -71.1)}
2021-07-28 16:45:54,353 [INFO] Received from Frontseat: [b'$BFNVG,154552.00,4218.001274,N,07105.997604,W,0,10.0,1.0,61.1,0.0,0.0,154552.00*63', b'$BFNVG,154552.36,4218.001372,N,07105.997369,W,0,10.0,1.0,63.4,0.0,0.0,154552.36*6D', b'$BFNVG,154552.72,4218.001462,N,07105.997131,W,0,10.0,1.0,65.6,0.0,0.0,154552.72*60', b'$BFNVG,154553.08,4218.001544,N,07105.996888,W,0,10.0,1.0,67.8,0.0,0.0,154553.08*63']
2021-07-28 16:45:54,354 [INFO] AUV state: {'position': (4.346030020620674, 2.751965149305761), 'latlon': (42.300025733333335, -71.09994813333333), 'heading': 67.8, 'depth': 1.0, 'altitude': 10.0, 'roll': 0.0, 'pitch': 0.0, 'last_fix_time': datetime.datetime(2021, 7, 28, 15, 45, 53), 'speed': None, 'rudder': 0, 'datum': (42.3, -71.1)}
2021-07-28 16:45:54,711 [INFO] **** [] [(-6.747540235925134, -19.83303576757167)]
2021-07-28 16:45:54,713 [INFO] Next green buoy: [], next red buoy: [(-6.747540235925134, -19.83303576757167)]
2021-07-28 16:45:54,713 [INFO] Desired_heading: 61.05245976407486
2021-07-28 16:45:54,713 [INFO] sending message $BPRMB,154554.78,-25,,,1000,0,1*6c
...
2021-07-28 16:45:55,715 [INFO] sending message $BPSTS,154555.71,1,BWSI Autonomy OK*47
...
2021-07-28 16:45:55,716 [INFO] Processing: $BFNVG,154553.43,4218.001620,N,07105.996643,W,0,10.0,1.0,70.0,0.0,0.0,154553.43*65
2021-07-28 16:45:55,718 [INFO] Interpreted as: {'position': (4.686101431259885, 2.8843116080388427), 'latlon': (42.300027, -71.09994405), 'heading': 70.0, 'depth': 1.0, 'altitude': 10.0, 'roll': 0.0, 'pitch': 0.0, 'last_fix_time': datetime.datetime(2021, 7, 28, 15, 45, 53), 'speed': None, 'rudder': 0, 'datum': (42.3, -71.1)}
2021-07-28 16:45:55,718 [INFO] Processing: $BFNVG,154553.79,4218.001692,N,07105.996393,W,0,10.0,1.0,70.3,0.0,0.0,154553.79*67
2021-07-28 16:45:55,720 [INFO] Interpreted as: {'position': (5.032859541126527, 3.0090857734903693), 'latlon': (42.3000282, -71.09993988333333), 'heading': 70.3, 'depth': 1.0, 'altitude': 10.0, 'roll': 0.0, 'pitch': 0.0, 'last_fix_time': datetime.datetime(2021, 7, 28, 15, 45, 53), 'speed': None, 'rudder': 0, 'datum': (42.3, -71.1)}
2021-07-28 16:45:55,721 [INFO] Processing: $BFNVG,154554.15,4218.001763,N,07105.996142,W,0,10.0,1.0,70.7,0.0,0.0,154554.15*62
2021-07-28 16:45:55,723 [INFO] Interpreted as: {'position': (5.380945844226517, 3.13197535648942), 'latlon': (42.30002938333333, -71.0999357), 'heading': 70.7, 'depth': 1.0, 'altitude': 10.0, 'roll': 0.0, 'pitch': 0.0, 'last_fix_time': datetime.datetime(2021, 7, 28, 15, 45, 54), 'speed': None, 'rudder': 0, 'datum': (42.3, -71.1)}
2021-07-28 16:45:55,723 [INFO] Processing: $BFNVG,154554.50,4218.001833,N,07105.995893,W,0,10.0,1.0,71.0,0.0,0.0,154554.50*68
2021-07-28 16:45:55,725 [INFO] Interpreted as: {'position': (5.726238705567084, 3.2530820639804006), 'latlon': (42.30003055, -71.09993155), 'heading': 71.0, 'depth': 1.0, 'altitude': 10.0, 'roll': 0.0, 'pitch': 0.0, 'last_fix_time': datetime.datetime(2021, 7, 28, 15, 45, 54), 'speed': None, 'rudder': 0, 'datum': (42.3, -71.1)}
2021-07-28 16:45:55,726 [INFO] Received from Frontseat: [b'$BFNVG,154553.43,4218.001620,N,07105.996643,W,0,10.0,1.0,70.0,0.0,0.0,154553.43*65', b'$BFNVG,154553.79,4218.001692,N,07105.996393,W,0,10.0,1.0,70.3,0.0,0.0,154553.79*67', b'$BFNVG,154554.15,4218.001763,N,07105.996142,W,0,10.0,1.0,70.7,0.0,0.0,154554.15*62', b'$BFNVG,154554.50,4218.001833,N,07105.995893,W,0,10.0,1.0,71.0,0.0,0.0,154554.50*68']
2021-07-28 16:45:55,727 [INFO] AUV state: {'position': (5.726238705567084, 3.2530820639804006), 'latlon': (42.30003055, -71.09993155), 'heading': 71.0, 'depth': 1.0, 'altitude': 10.0, 'roll': 0.0, 'pitch': 0.0, 'last_fix_time': datetime.datetime(2021, 7, 28, 15, 45, 54), 'speed': None, 'rudder': 0, 'datum': (42.3, -71.1)}
2021-07-28 16:45:56,124 [INFO] **** [] [(-17.945681721965475, -23.78864491020854)]
2021-07-28 16:45:56,126 [INFO] Next green buoy: [], next red buoy: [(-17.945681721965475, -23.78864491020854)]
2021-07-28 16:45:56,127 [INFO] Desired_heading: 53.05431827803453
2021-07-28 16:45:56,127 [INFO] sending message $BPRMB,154556.64,-25,,,1000,0,1*63
...
2021-07-28 16:45:57,129 [INFO] sending message $BPSTS,154557.12,1,BWSI Autonomy OK*40
...
2021-07-28 16:45:57,130 [INFO] Processing: $BFNVG,154554.86,4218.001901,N,07105.995643,W,0,10.0,1.0,71.3,0.0,0.0,154554.86*68
2021-07-28 16:45:57,132 [INFO] Interpreted as: {'position': (6.072814094310161, 3.3704534908756614), 'latlon': (42.30003168333333, -71.09992738333334), 'heading': 71.3, 'depth': 1.0, 'altitude': 10.0, 'roll': 0.0, 'pitch': 0.0, 'last_fix_time': datetime.datetime(2021, 7, 28, 15, 45, 54), 'speed': None, 'rudder': 0, 'datum': (42.3, -71.1)}
2021-07-28 16:45:57,132 [INFO] Processing: $BFNVG,154555.22,4218.001966,N,07105.995390,W,0,10.0,1.0,73.5,0.0,0.0,154555.22*66
2021-07-28 16:45:57,134 [INFO] Interpreted as: {'position': (6.423374096630141, 3.4821711322292686), 'latlon': (42.30003276666667, -71.09992316666667), 'heading': 73.5, 'depth': 1.0, 'altitude': 10.0, 'roll': 0.0, 'pitch': 0.0, 'last_fix_time': datetime.datetime(2021, 7, 28, 15, 45, 55), 'speed': None, 'rudder': 0, 'datum': (42.3, -71.1)}
2021-07-28 16:45:57,135 [INFO] Processing: $BFNVG,154555.57,4218.002023,N,07105.995133,W,0,10.0,1.0,75.7,0.0,0.0,154555.57*62
2021-07-28 16:45:57,137 [INFO] Interpreted as: {'position': (6.779064240399748, 3.5789475990459323), 'latlon': (42.30003371666667, -71.09991888333333), 'heading': 75.7, 'depth': 1.0, 'altitude': 10.0, 'roll': 0.0, 'pitch': 0.0, 'last_fix_time': datetime.datetime(2021, 7, 28, 15, 45, 55), 'speed': None, 'rudder': 0, 'datum': (42.3, -71.1)}
2021-07-28 16:45:57,137 [INFO] Processing: $BFNVG,154555.93,4218.002073,N,07105.994875,W,0,10.0,1.0,78.0,0.0,0.0,154555.93*67
2021-07-28 16:45:57,139 [INFO] Interpreted as: {'position': (7.135808558727149, 3.6627353001385927), 'latlon': (42.30003455, -71.09991458333333), 'heading': 78.0, 'depth': 1.0, 'altitude': 10.0, 'roll': 0.0, 'pitch': 0.0, 'last_fix_time': datetime.datetime(2021, 7, 28, 15, 45, 55), 'speed': None, 'rudder': 0, 'datum': (42.3, -71.1)}
2021-07-28 16:45:57,140 [INFO] Received from Frontseat: [b'$BFNVG,154554.86,4218.001901,N,07105.995643,W,0,10.0,1.0,71.3,0.0,0.0,154554.86*68', b'$BFNVG,154555.22,4218.001966,N,07105.995390,W,0,10.0,1.0,73.5,0.0,0.0,154555.22*66', b'$BFNVG,154555.57,4218.002023,N,07105.995133,W,0,10.0,1.0,75.7,0.0,0.0,154555.57*62', b'$BFNVG,154555.93,4218.002073,N,07105.994875,W,0,10.0,1.0,78.0,0.0,0.0,154555.93*67']
2021-07-28 16:45:57,140 [INFO] AUV state: {'position': (7.135808558727149, 3.6627353001385927), 'latlon': (42.30003455, -71.09991458333333), 'heading': 78.0, 'depth': 1.0, 'altitude': 10.0, 'roll': 0.0, 'pitch': 0.0, 'last_fix_time': datetime.datetime(2021, 7, 28, 15, 45, 55), 'speed': None, 'rudder': 0, 'datum': (42.3, -71.1)}
2021-07-28 16:45:57,493 [INFO] **** [] []
2021-07-28 16:45:57,495 [INFO] Next green buoy: [], next red buoy: []
2021-07-28 16:45:57,495 [INFO] Desired_heading: 78.0
2021-07-28 16:45:57,496 [INFO] sending message $BPRMB,154557.61,-0.0,,,1000,0,1*4e
...
2021-07-28 16:45:58,497 [INFO] sending message $BPSTS,154558.49,1,BWSI Autonomy OK*41
...
2021-07-28 16:45:58,498 [INFO] Processing: $BFNVG,154556.29,4218.002115,N,07105.994615,W,0,10.0,1.0,80.2,0.0,0.0,154556.29*6B
2021-07-28 16:45:58,500 [INFO] Interpreted as: {'position': (7.4949352643452585, 3.731649635359645), 'latlon': (42.30003525, -71.09991025), 'heading': 80.2, 'depth': 1.0, 'altitude': 10.0, 'roll': 0.0, 'pitch': 0.0, 'last_fix_time': datetime.datetime(2021, 7, 28, 15, 45, 56), 'speed': None, 'rudder': 0, 'datum': (42.3, -71.1)}
2021-07-28 16:45:58,501 [INFO] Processing: $BFNVG,154556.66,4218.002151,N,07105.994343,W,0,10.0,1.0,82.5,0.0,0.0,154556.66*68
2021-07-28 16:45:58,503 [INFO] Interpreted as: {'position': (7.8702744918409735, 3.789052963256836), 'latlon': (42.30003585, -71.09990571666667), 'heading': 82.5, 'depth': 1.0, 'altitude': 10.0, 'roll': 0.0, 'pitch': 0.0, 'last_fix_time': datetime.datetime(2021, 7, 28, 15, 45, 56), 'speed': None, 'rudder': 0, 'datum': (42.3, -71.1)}
2021-07-28 16:45:58,503 [INFO] Processing: $BFNVG,154557.01,4218.002178,N,07105.994077,W,0,10.0,1.0,84.8,0.0,0.0,154557.01*6C
2021-07-28 16:45:58,505 [INFO] Interpreted as: {'position': (8.23695940838661, 3.8300034599378705), 'latlon': (42.3000363, -71.09990128333334), 'heading': 84.8, 'depth': 1.0, 'altitude': 10.0, 'roll': 0.0, 'pitch': 0.0, 'last_fix_time': datetime.datetime(2021, 7, 28, 15, 45, 57), 'speed': None, 'rudder': 0, 'datum': (42.3, -71.1)}
2021-07-28 16:45:58,506 [INFO] Processing: $BFNVG,154557.37,4218.002197,N,07105.993812,W,0,10.0,1.0,87.0,0.0,0.0,154557.37*6A
2021-07-28 16:45:58,508 [INFO] Interpreted as: {'position': (8.60190508159576, 3.856182299554348), 'latlon': (42.30003661666667, -71.09989686666667), 'heading': 87.0, 'depth': 1.0, 'altitude': 10.0, 'roll': 0.0, 'pitch': 0.0, 'last_fix_time': datetime.datetime(2021, 7, 28, 15, 45, 57), 'speed': None, 'rudder': 0, 'datum': (42.3, -71.1)}
2021-07-28 16:45:58,509 [INFO] Received from Frontseat: [b'$BFNVG,154556.29,4218.002115,N,07105.994615,W,0,10.0,1.0,80.2,0.0,0.0,154556.29*6B', b'$BFNVG,154556.66,4218.002151,N,07105.994343,W,0,10.0,1.0,82.5,0.0,0.0,154556.66*68', b'$BFNVG,154557.01,4218.002178,N,07105.994077,W,0,10.0,1.0,84.8,0.0,0.0,154557.01*6C', b'$BFNVG,154557.37,4218.002197,N,07105.993812,W,0,10.0,1.0,87.0,0.0,0.0,154557.37*6A']
2021-07-28 16:45:58,510 [INFO] AUV state: {'position': (8.60190508159576, 3.856182299554348), 'latlon': (42.30003661666667, -71.09989686666667), 'heading': 87.0, 'depth': 1.0, 'altitude': 10.0, 'roll': 0.0, 'pitch': 0.0, 'last_fix_time': datetime.datetime(2021, 7, 28, 15, 45, 57), 'speed': None, 'rudder': 0, 'datum': (42.3, -71.1)}
2021-07-28 16:45:58,859 [INFO] **** [] []
2021-07-28 16:45:58,861 [INFO] Next green buoy: [], next red buoy: []
2021-07-28 16:45:58,861 [INFO] Desired_heading: 87.0
2021-07-28 16:45:58,862 [INFO] sending message $BPRMB,154559.37,-0.0,,,1000,0,1*43
...
2021-07-28 16:45:59,863 [INFO] sending message $BPSTS,154559.86,1,BWSI Autonomy OK*43
...
2021-07-28 16:45:59,865 [INFO] Processing: $BFNVG,154557.73,4218.002209,N,07105.993545,W,0,10.0,1.0,89.2,0.0,0.0,154557.73*6D
2021-07-28 16:45:59,867 [INFO] Interpreted as: {'position': (8.969278820673935, 3.8693384723737836), 'latlon': (42.30003681666667, -71.09989241666666), 'heading': 89.2, 'depth': 1.0, 'altitude': 10.0, 'roll': 0.0, 'pitch': 0.0, 'last_fix_time': datetime.datetime(2021, 7, 28, 15, 45, 57), 'speed': None, 'rudder': 0, 'datum': (42.3, -71.1)}
2021-07-28 16:45:59,867 [INFO] Processing: $BFNVG,154558.08,4218.002216,N,07105.993280,W,0,10.0,1.0,89.2,0.0,0.0,154558.08*6D
2021-07-28 16:45:59,870 [INFO] Interpreted as: {'position': (9.333676448848564, 3.8733089845627546), 'latlon': (42.30003693333333, -71.099888), 'heading': 89.2, 'depth': 1.0, 'altitude': 10.0, 'roll': 0.0, 'pitch': 0.0, 'last_fix_time': datetime.datetime(2021, 7, 28, 15, 45, 58), 'speed': None, 'rudder': 0, 'datum': (42.3, -71.1)}
2021-07-28 16:45:59,870 [INFO] Processing: $BFNVG,154558.45,4218.002224,N,07105.993003,W,0,10.0,1.0,89.2,0.0,0.0,154558.45*65
2021-07-28 16:45:59,877 [INFO] Interpreted as: {'position': (9.714606295106933, 3.8787233754992485), 'latlon': (42.30003706666667, -71.09988338333334), 'heading': 89.2, 'depth': 1.0, 'altitude': 10.0, 'roll': 0.0, 'pitch': 0.0, 'last_fix_time': datetime.datetime(2021, 7, 28, 15, 45, 58), 'speed': None, 'rudder': 0, 'datum': (42.3, -71.1)}
2021-07-28 16:45:59,878 [INFO] Processing: $BFNVG,154558.81,4218.002232,N,07105.992736,W,0,10.0,1.0,89.2,0.0,0.0,154558.81*62
2021-07-28 16:45:59,880 [INFO] Interpreted as: {'position': (10.081797349790577, 3.884476819075644), 'latlon': (42.3000372, -71.09987893333333), 'heading': 89.2, 'depth': 1.0, 'altitude': 10.0, 'roll': 0.0, 'pitch': 0.0, 'last_fix_time': datetime.datetime(2021, 7, 28, 15, 45, 58), 'speed': None, 'rudder': 0, 'datum': (42.3, -71.1)}
2021-07-28 16:45:59,881 [INFO] Received from Frontseat: [b'$BFNVG,154557.73,4218.002209,N,07105.993545,W,0,10.0,1.0,89.2,0.0,0.0,154557.73*6D', b'$BFNVG,154558.08,4218.002216,N,07105.993280,W,0,10.0,1.0,89.2,0.0,0.0,154558.08*6D', b'$BFNVG,154558.45,4218.002224,N,07105.993003,W,0,10.0,1.0,89.2,0.0,0.0,154558.45*65', b'$BFNVG,154558.81,4218.002232,N,07105.992736,W,0,10.0,1.0,89.2,0.0,0.0,154558.81*62']
2021-07-28 16:45:59,882 [INFO] AUV state: {'position': (10.081797349790577, 3.884476819075644), 'latlon': (42.3000372, -71.09987893333333), 'heading': 89.2, 'depth': 1.0, 'altitude': 10.0, 'roll': 0.0, 'pitch': 0.0, 'last_fix_time': datetime.datetime(2021, 7, 28, 15, 45, 58), 'speed': None, 'rudder': 0, 'datum': (42.3, -71.1)}
2021-07-28 16:46:00,226 [INFO] **** [] []
2021-07-28 16:46:00,228 [INFO] Next green buoy: [], next red buoy: []
2021-07-28 16:46:00,228 [INFO] Desired_heading: 89.2
2021-07-28 16:46:00,228 [INFO] sending message $BPRMB,154600.34,-0.0,,,1000,0,1*4f
...
2021-07-28 16:46:01,230 [INFO] sending message $BPSTS,154601.23,1,BWSI Autonomy OK*42
...
2021-07-28 16:46:01,231 [INFO] Processing: $BFNVG,154559.17,4218.002240,N,07105.992467,W,0,10.0,1.0,89.2,0.0,0.0,154559.17*60
2021-07-28 16:46:01,233 [INFO] Interpreted as: {'position': (10.451736158691347, 3.8901624754071236), 'latlon': (42.300037333333336, -71.09987445), 'heading': 89.2, 'depth': 1.0, 'altitude': 10.0, 'roll': 0.0, 'pitch': 0.0, 'last_fix_time': datetime.datetime(2021, 7, 28, 15, 45, 59), 'speed': None, 'rudder': 0, 'datum': (42.3, -71.1)}
2021-07-28 16:46:01,233 [INFO] Processing: $BFNVG,154559.53,4218.002247,N,07105.992199,W,0,10.0,1.0,89.2,0.0,0.0,154559.53*63
2021-07-28 16:46:01,235 [INFO] Interpreted as: {'position': (10.82025541976327, 3.8940313570201397), 'latlon': (42.30003745, -71.09986998333333), 'heading': 89.2, 'depth': 1.0, 'altitude': 10.0, 'roll': 0.0, 'pitch': 0.0, 'last_fix_time': datetime.datetime(2021, 7, 28, 15, 45, 59), 'speed': None, 'rudder': 0, 'datum': (42.3, -71.1)}
2021-07-28 16:46:01,236 [INFO] Processing: $BFNVG,154559.89,4218.002255,N,07105.991931,W,0,10.0,1.0,89.2,0.0,0.0,154559.89*69
2021-07-28 16:46:01,237 [INFO] Interpreted as: {'position': (11.188820348586887, 3.899750955402851), 'latlon': (42.300037583333335, -71.09986551666667), 'heading': 89.2, 'depth': 1.0, 'altitude': 10.0, 'roll': 0.0, 'pitch': 0.0, 'last_fix_time': datetime.datetime(2021, 7, 28, 15, 45, 59), 'speed': None, 'rudder': 0, 'datum': (42.3, -71.1)}
2021-07-28 16:46:01,239 [INFO] Received from Frontseat: [b'$BFNVG,154559.17,4218.002240,N,07105.992467,W,0,10.0,1.0,89.2,0.0,0.0,154559.17*60', b'$BFNVG,154559.53,4218.002247,N,07105.992199,W,0,10.0,1.0,89.2,0.0,0.0,154559.53*63', b'$BFNVG,154559.89,4218.002255,N,07105.991931,W,0,10.0,1.0,89.2,0.0,0.0,154559.89*69']
2021-07-28 16:46:01,239 [INFO] AUV state: {'position': (11.188820348586887, 3.899750955402851), 'latlon': (42.300037583333335, -71.09986551666667), 'heading': 89.2, 'depth': 1.0, 'altitude': 10.0, 'roll': 0.0, 'pitch': 0.0, 'last_fix_time': datetime.datetime(2021, 7, 28, 15, 45, 59), 'speed': None, 'rudder': 0, 'datum': (42.3, -71.1)}
2021-07-28 16:46:01,584 [INFO] **** [] []
2021-07-28 16:46:01,586 [INFO] Next green buoy: [], next red buoy: []
2021-07-28 16:46:01,587 [INFO] Desired_heading: 89.2
2021-07-28 16:46:01,587 [INFO] sending message $BPRMB,154602.11,-0.0,,,1000,0,1*4a
...
2021-07-28 16:46:02,589 [INFO] sending message $BPSTS,154602.58,1,BWSI Autonomy OK*4d
...
2021-07-28 16:46:02,590 [INFO] Processing: $BFNVG,154600.24,4218.002263,N,07105.991662,W,0,10.0,1.0,89.2,0.0,0.0,154600.24*65
2021-07-28 16:46:02,592 [INFO] Interpreted as: {'position': (11.558759154751897, 3.9054366694763303), 'latlon': (42.300037716666665, -71.09986103333334), 'heading': 89.2, 'depth': 1.0, 'altitude': 10.0, 'roll': 0.0, 'pitch': 0.0, 'last_fix_time': datetime.datetime(2021, 7, 28, 15, 46), 'speed': None, 'rudder': 0, 'datum': (42.3, -71.1)}
2021-07-28 16:46:02,593 [INFO] Processing: $BFNVG,154600.60,4218.002270,N,07105.991396,W,0,10.0,1.0,89.2,0.0,0.0,154600.60*69
2021-07-28 16:46:02,595 [INFO] Interpreted as: {'position': (11.924530653283, 3.9093734128400683), 'latlon': (42.300037833333334, -71.0998566), 'heading': 89.2, 'depth': 1.0, 'altitude': 10.0, 'roll': 0.0, 'pitch': 0.0, 'last_fix_time': datetime.datetime(2021, 7, 28, 15, 46), 'speed': None, 'rudder': 0, 'datum': (42.3, -71.1)}
2021-07-28 16:46:02,595 [INFO] Processing: $BFNVG,154600.97,4218.002278,N,07105.991123,W,0,10.0,1.0,89.2,0.0,0.0,154600.97*6D
2021-07-28 16:46:02,597 [INFO] Interpreted as: {'position': (12.299964972073212, 3.9149235542863607), 'latlon': (42.300037966666665, -71.09985205), 'heading': 89.2, 'depth': 1.0, 'altitude': 10.0, 'roll': 0.0, 'pitch': 0.0, 'last_fix_time': datetime.datetime(2021, 7, 28, 15, 46), 'speed': None, 'rudder': 0, 'datum': (42.3, -71.1)}
2021-07-28 16:46:02,598 [INFO] Processing: $BFNVG,154601.32,4218.002286,N,07105.990856,W,0,10.0,1.0,89.2,0.0,0.0,154601.32*66
2021-07-28 16:46:02,599 [INFO] Interpreted as: {'position': (12.66715601325268, 3.9206771347671747), 'latlon': (42.3000381, -71.0998476), 'heading': 89.2, 'depth': 1.0, 'altitude': 10.0, 'roll': 0.0, 'pitch': 0.0, 'last_fix_time': datetime.datetime(2021, 7, 28, 15, 46, 1), 'speed': None, 'rudder': 0, 'datum': (42.3, -71.1)}
2021-07-28 16:46:02,600 [INFO] Received from Frontseat: [b'$BFNVG,154600.24,4218.002263,N,07105.991662,W,0,10.0,1.0,89.2,0.0,0.0,154600.24*65', b'$BFNVG,154600.60,4218.002270,N,07105.991396,W,0,10.0,1.0,89.2,0.0,0.0,154600.60*69', b'$BFNVG,154600.97,4218.002278,N,07105.991123,W,0,10.0,1.0,89.2,0.0,0.0,154600.97*6D', b'$BFNVG,154601.32,4218.002286,N,07105.990856,W,0,10.0,1.0,89.2,0.0,0.0,154601.32*66']
2021-07-28 16:46:02,601 [INFO] AUV state: {'position': (12.66715601325268, 3.9206771347671747), 'latlon': (42.3000381, -71.0998476), 'heading': 89.2, 'depth': 1.0, 'altitude': 10.0, 'roll': 0.0, 'pitch': 0.0, 'last_fix_time': datetime.datetime(2021, 7, 28, 15, 46, 1), 'speed': None, 'rudder': 0, 'datum': (42.3, -71.1)}
2021-07-28 16:46:02,948 [INFO] **** [] []
2021-07-28 16:46:02,950 [INFO] Next green buoy: [], next red buoy: []
2021-07-28 16:46:02,951 [INFO] Desired_heading: 89.2
2021-07-28 16:46:02,951 [INFO] sending message $BPRMB,154603.06,-0.0,,,1000,0,1*4d
...
2021-07-28 16:46:03,953 [INFO] sending message $BPSTS,154603.95,1,BWSI Autonomy OK*4d
...
2021-07-28 16:46:03,954 [INFO] Processing: $BFNVG,154601.68,4218.002293,N,07105.990588,W,0,10.0,1.0,89.2,0.0,0.0,154601.68*6C
2021-07-28 16:46:03,956 [INFO] Interpreted as: {'position': (13.035675265127793, 3.9245461290702224), 'latlon': (42.300038216666664, -71.09984313333334), 'heading': 89.2, 'depth': 1.0, 'altitude': 10.0, 'roll': 0.0, 'pitch': 0.0, 'last_fix_time': datetime.datetime(2021, 7, 28, 15, 46, 1), 'speed': None, 'rudder': 0, 'datum': (42.3, -71.1)}
2021-07-28 16:46:03,957 [INFO] Processing: $BFNVG,154602.04,4218.002301,N,07105.990321,W,0,10.0,1.0,89.2,0.0,0.0,154602.04*63
2021-07-28 16:46:03,959 [INFO] Interpreted as: {'position': (13.40286630531773, 3.9302997486665845), 'latlon': (42.30003835, -71.09983868333333), 'heading': 89.2, 'depth': 1.0, 'altitude': 10.0, 'roll': 0.0, 'pitch': 0.0, 'last_fix_time': datetime.datetime(2021, 7, 28, 15, 46, 2), 'speed': None, 'rudder': 0, 'datum': (42.3, -71.1)}
2021-07-28 16:46:03,960 [INFO] Processing: $BFNVG,154602.40,4218.002308,N,07105.990053,W,0,10.0,1.0,89.2,0.0,0.0,154602.40*6C
2021-07-28 16:46:03,962 [INFO] Interpreted as: {'position': (13.771385552012362, 3.9341687839478254), 'latlon': (42.30003846666666, -71.09983421666666), 'heading': 89.2, 'depth': 1.0, 'altitude': 10.0, 'roll': 0.0, 'pitch': 0.0, 'last_fix_time': datetime.datetime(2021, 7, 28, 15, 46, 2), 'speed': None, 'rudder': 0, 'datum': (42.3, -71.1)}
2021-07-28 16:46:03,962 [INFO] Processing: $BFNVG,154602.75,4218.002316,N,07105.989790,W,0,10.0,1.0,89.2,0.0,0.0,154602.75*63
2021-07-28 16:46:03,964 [INFO] Interpreted as: {'position': (14.133081073174253, 3.9400580478832126), 'latlon': (42.3000386, -71.09982983333333), 'heading': 89.2, 'depth': 1.0, 'altitude': 10.0, 'roll': 0.0, 'pitch': 0.0, 'last_fix_time': datetime.datetime(2021, 7, 28, 15, 46, 2), 'speed': None, 'rudder': 0, 'datum': (42.3, -71.1)}
2021-07-28 16:46:03,965 [INFO] Received from Frontseat: [b'$BFNVG,154601.68,4218.002293,N,07105.990588,W,0,10.0,1.0,89.2,0.0,0.0,154601.68*6C', b'$BFNVG,154602.04,4218.002301,N,07105.990321,W,0,10.0,1.0,89.2,0.0,0.0,154602.04*63', b'$BFNVG,154602.40,4218.002308,N,07105.990053,W,0,10.0,1.0,89.2,0.0,0.0,154602.40*6C', b'$BFNVG,154602.75,4218.002316,N,07105.989790,W,0,10.0,1.0,89.2,0.0,0.0,154602.75*63']
2021-07-28 16:46:03,966 [INFO] AUV state: {'position': (14.133081073174253, 3.9400580478832126), 'latlon': (42.3000386, -71.09982983333333), 'heading': 89.2, 'depth': 1.0, 'altitude': 10.0, 'roll': 0.0, 'pitch': 0.0, 'last_fix_time': datetime.datetime(2021, 7, 28, 15, 46, 2), 'speed': None, 'rudder': 0, 'datum': (42.3, -71.1)}
2021-07-28 16:46:04,287 [INFO] **** [] []
2021-07-28 16:46:04,289 [INFO] Next green buoy: [], next red buoy: []
2021-07-28 16:46:04,289 [INFO] Desired_heading: 89.2
2021-07-28 16:46:04,289 [INFO] sending message $BPRMB,154604.84,-0.0,,,1000,0,1*40
...
2021-07-28 16:46:05,291 [INFO] sending message $BPSTS,154605.29,1,BWSI Autonomy OK*4c
...
2021-07-28 16:46:05,292 [INFO] Processing: $BFNVG,154603.09,4218.002323,N,07105.989535,W,0,10.0,1.0,89.2,0.0,0.0,154603.09*68
2021-07-28 16:46:05,298 [INFO] Interpreted as: {'position': (14.483739892602898, 3.9443678511306643), 'latlon': (42.30003871666667, -71.09982558333333), 'heading': 89.2, 'depth': 1.0, 'altitude': 10.0, 'roll': 0.0, 'pitch': 0.0, 'last_fix_time': datetime.datetime(2021, 7, 28, 15, 46, 3), 'speed': None, 'rudder': 0, 'datum': (42.3, -71.1)}
2021-07-28 16:46:05,298 [INFO] Processing: $BFNVG,154603.45,4218.002331,N,07105.989264,W,0,10.0,1.0,89.2,0.0,0.0,154603.45*68
2021-07-28 16:46:05,300 [INFO] Interpreted as: {'position': (14.856426442158408, 3.9499859353527427), 'latlon': (42.30003885, -71.09982106666666), 'heading': 89.2, 'depth': 1.0, 'altitude': 10.0, 'roll': 0.0, 'pitch': 0.0, 'last_fix_time': datetime.datetime(2021, 7, 28, 15, 46, 3), 'speed': None, 'rudder': 0, 'datum': (42.3, -71.1)}
2021-07-28 16:46:05,301 [INFO] Processing: $BFNVG,154603.81,4218.002339,N,07105.988996,W,0,10.0,1.0,89.2,0.0,0.0,154603.81*67
2021-07-28 16:46:05,303 [INFO] Interpreted as: {'position': (15.224991353228688, 3.9557057432830334), 'latlon': (42.30003898333333, -71.0998166), 'heading': 89.2, 'depth': 1.0, 'altitude': 10.0, 'roll': 0.0, 'pitch': 0.0, 'last_fix_time': datetime.datetime(2021, 7, 28, 15, 46, 3), 'speed': None, 'rudder': 0, 'datum': (42.3, -71.1)}
2021-07-28 16:46:05,304 [INFO] Processing: $BFNVG,154604.15,4218.002346,N,07105.988737,W,0,10.0,1.0,89.2,0.0,0.0,154604.15*6A
2021-07-28 16:46:05,306 [INFO] Interpreted as: {'position': (15.581145682022907, 3.9598799934610724), 'latlon': (42.3000391, -71.09981228333334), 'heading': 89.2, 'depth': 1.0, 'altitude': 10.0, 'roll': 0.0, 'pitch': 0.0, 'last_fix_time': datetime.datetime(2021, 7, 28, 15, 46, 4), 'speed': None, 'rudder': 0, 'datum': (42.3, -71.1)}
2021-07-28 16:46:05,307 [INFO] Received from Frontseat: [b'$BFNVG,154603.09,4218.002323,N,07105.989535,W,0,10.0,1.0,89.2,0.0,0.0,154603.09*68', b'$BFNVG,154603.45,4218.002331,N,07105.989264,W,0,10.0,1.0,89.2,0.0,0.0,154603.45*68', b'$BFNVG,154603.81,4218.002339,N,07105.988996,W,0,10.0,1.0,89.2,0.0,0.0,154603.81*67', b'$BFNVG,154604.15,4218.002346,N,07105.988737,W,0,10.0,1.0,89.2,0.0,0.0,154604.15*6A']
2021-07-28 16:46:05,308 [INFO] AUV state: {'position': (15.581145682022907, 3.9598799934610724), 'latlon': (42.3000391, -71.09981228333334), 'heading': 89.2, 'depth': 1.0, 'altitude': 10.0, 'roll': 0.0, 'pitch': 0.0, 'last_fix_time': datetime.datetime(2021, 7, 28, 15, 46, 4), 'speed': None, 'rudder': 0, 'datum': (42.3, -71.1)}
2021-07-28 16:46:05,651 [INFO] **** [] []
2021-07-28 16:46:05,654 [INFO] Next green buoy: [], next red buoy: []
2021-07-28 16:46:05,654 [INFO] Desired_heading: 89.2
2021-07-28 16:46:05,655 [INFO] sending message $BPRMB,154605.74,-0.0,,,1000,0,1*4e
...
2021-07-28 16:46:06,656 [INFO] sending message $BPSTS,154606.65,1,BWSI Autonomy OK*47
...
2021-07-28 16:46:06,658 [INFO] Processing: $BFNVG,154604.49,4218.002353,N,07105.988483,W,0,10.0,1.0,89.2,0.0,0.0,154604.49*62
2021-07-28 16:46:06,660 [INFO] Interpreted as: {'position': (15.930430616775993, 3.9642237722873688), 'latlon': (42.30003921666667, -71.09980805), 'heading': 89.2, 'depth': 1.0, 'altitude': 10.0, 'roll': 0.0, 'pitch': 0.0, 'last_fix_time': datetime.datetime(2021, 7, 28, 15, 46, 4), 'speed': None, 'rudder': 0, 'datum': (42.3, -71.1)}
2021-07-28 16:46:06,662 [ERROR] An error occurred. The stack trace is below.
Traceback (most recent call last):
  File "BWSI_BackSeat.py", line 98, in run
    self.process_message(str(msg, 'utf-8'))
  File "BWSI_BackSeat.py", line 185, in process_message
    self.__logger.info(f"Processing: {msg}")
  File "/usr/lib/python3.7/logging/__init__.py", line 1383, in info
    self._log(INFO, msg, args, **kwargs)
  File "/usr/lib/python3.7/logging/__init__.py", line 1519, in _log
    self.handle(record)
  File "/usr/lib/python3.7/logging/__init__.py", line 1529, in handle
    self.callHandlers(record)
  File "/usr/lib/python3.7/logging/__init__.py", line 1591, in callHandlers
    hdlr.handle(record)
  File "/usr/lib/python3.7/logging/__init__.py", line 907, in handle
    self.release()
KeyboardInterrupt
