2021-07-29 13:51:30,535 [INFO] host = 192.168.1.213, port = 29500
2021-07-29 13:51:35,726 [INFO] sending message $BPLOG,ACK,ON*1e
...
2021-07-29 13:51:35,727 [INFO] sending message $BPLOG,ALL,ON*16
...
2021-07-29 13:51:35,728 [INFO] sending message $BPSTS,125135.72,1,BWSI Autonomy OK*40
...
2021-07-29 13:51:35,729 [INFO] Received from Frontseat: []
2021-07-29 13:51:35,730 [INFO] AUV state: {'position': (None, None), 'latlon': None, 'heading': None, 'depth': None, 'altitude': None, 'roll': None, 'pitch': None, 'last_fix_time': None, 'speed': None, 'rudder': 0}
2021-07-29 13:51:36,732 [INFO] sending message $BPSTS,125136.73,1,BWSI Autonomy OK*42
...
2021-07-29 13:51:36,733 [INFO] Processing: $BFNVG,125135.32,4218.000000,N,07106.000000,W,0,10.0,1.0,45.0,0.0,0.0,125135.32*62
2021-07-29 13:51:36,735 [INFO] Interpreted as: {'position': (0, 0), 'latlon': (42.3, -71.1), 'heading': 45.0, 'depth': 1.0, 'altitude': 10.0, 'roll': 0.0, 'pitch': 0.0, 'last_fix_time': datetime.datetime(2021, 7, 29, 12, 51, 35), 'speed': None, 'rudder': 0, 'datum': (42.3, -71.1)}
2021-07-29 13:51:36,736 [INFO] Processing: $BFNVG,125135.57,4218.000000,N,07106.000000,W,0,10.0,1.0,45.0,0.0,0.0,125135.57*62
2021-07-29 13:51:36,738 [INFO] Interpreted as: {'position': (0.0, 0.0), 'latlon': (42.3, -71.1), 'heading': 45.0, 'depth': 1.0, 'altitude': 10.0, 'roll': 0.0, 'pitch': 0.0, 'last_fix_time': datetime.datetime(2021, 7, 29, 12, 51, 35), 'speed': None, 'rudder': 0, 'datum': (42.3, -71.1)}
2021-07-29 13:51:36,739 [INFO] Processing: $BFNVG,125135.82,4218.000000,N,07106.000000,W,0,10.0,1.0,45.0,0.0,0.0,125135.82*62
2021-07-29 13:51:36,741 [INFO] Interpreted as: {'position': (0.0, 0.0), 'latlon': (42.3, -71.1), 'heading': 45.0, 'depth': 1.0, 'altitude': 10.0, 'roll': 0.0, 'pitch': 0.0, 'last_fix_time': datetime.datetime(2021, 7, 29, 12, 51, 35), 'speed': None, 'rudder': 0, 'datum': (42.3, -71.1)}
2021-07-29 13:51:36,742 [INFO] Received from Frontseat: [b'$BFNVG,125135.32,4218.000000,N,07106.000000,W,0,10.0,1.0,45.0,0.0,0.0,125135.32*62', b'$BFNVG,125135.57,4218.000000,N,07106.000000,W,0,10.0,1.0,45.0,0.0,0.0,125135.57*62', b'$BFNVG,125135.82,4218.000000,N,07106.000000,W,0,10.0,1.0,45.0,0.0,0.0,125135.82*62']
2021-07-29 13:51:36,743 [INFO] AUV state: {'position': (0.0, 0.0), 'latlon': (42.3, -71.1), 'heading': 45.0, 'depth': 1.0, 'altitude': 10.0, 'roll': 0.0, 'pitch': 0.0, 'last_fix_time': datetime.datetime(2021, 7, 29, 12, 51, 35), 'speed': None, 'rudder': 0, 'datum': (42.3, -71.1)}
2021-07-29 13:51:37,124 [INFO] **** [(-0.21993023293121178, -7.6862156757158235)] [(15.437560812208067, -7.329055330858309)]
2021-07-29 13:51:37,127 [INFO] Next green buoy: [(-0.21993023293121178, -7.6862156757158235)], next red buoy: [(15.437560812208067, -7.329055330858309)]
2021-07-29 13:51:37,127 [INFO] Desired_heading: 52.60881528963843
2021-07-29 13:51:37,128 [INFO] delta angle: 25
2021-07-29 13:51:37,128 [INFO] sending message $BPRMB,125137.72,-25,1,0,1000,0,1*60
...
2021-07-29 13:51:38,130 [INFO] sending message $BPSTS,125138.13,1,BWSI Autonomy OK*4a
...
2021-07-29 13:51:38,131 [INFO] Processing: $BFNVG,125136.23,4218.000000,N,07106.000000,W,0,10.0,1.0,45.0,0.0,0.0,125136.23*62
2021-07-29 13:51:38,134 [INFO] Interpreted as: {'position': (0.0, 0.0), 'latlon': (42.3, -71.1), 'heading': 45.0, 'depth': 1.0, 'altitude': 10.0, 'roll': 0.0, 'pitch': 0.0, 'last_fix_time': datetime.datetime(2021, 7, 29, 12, 51, 36), 'speed': None, 'rudder': 0, 'datum': (42.3, -71.1)}
2021-07-29 13:51:38,135 [INFO] Processing: $BFNVG,125136.57,4218.000000,N,07106.000000,W,0,10.0,1.0,45.0,0.0,0.0,125136.57*62
2021-07-29 13:51:38,138 [INFO] Interpreted as: {'position': (0.0, 0.0), 'latlon': (42.3, -71.1), 'heading': 45.0, 'depth': 1.0, 'altitude': 10.0, 'roll': 0.0, 'pitch': 0.0, 'last_fix_time': datetime.datetime(2021, 7, 29, 12, 51, 36), 'speed': None, 'rudder': 0, 'datum': (42.3, -71.1)}
2021-07-29 13:51:38,139 [INFO] Processing: $BFNVG,125136.90,4218.000000,N,07106.000000,W,0,10.0,1.0,45.0,0.0,0.0,125136.90*62
2021-07-29 13:51:38,142 [INFO] Interpreted as: {'position': (0.0, 0.0), 'latlon': (42.3, -71.1), 'heading': 45.0, 'depth': 1.0, 'altitude': 10.0, 'roll': 0.0, 'pitch': 0.0, 'last_fix_time': datetime.datetime(2021, 7, 29, 12, 51, 36), 'speed': None, 'rudder': 0, 'datum': (42.3, -71.1)}
2021-07-29 13:51:38,143 [INFO] Received from Frontseat: [b'$BFNVG,125136.23,4218.000000,N,07106.000000,W,0,10.0,1.0,45.0,0.0,0.0,125136.23*62', b'$BFNVG,125136.57,4218.000000,N,07106.000000,W,0,10.0,1.0,45.0,0.0,0.0,125136.57*62', b'$BFNVG,125136.90,4218.000000,N,07106.000000,W,0,10.0,1.0,45.0,0.0,0.0,125136.90*62']
2021-07-29 13:51:38,144 [INFO] AUV state: {'position': (0.0, 0.0), 'latlon': (42.3, -71.1), 'heading': 45.0, 'depth': 1.0, 'altitude': 10.0, 'roll': 0.0, 'pitch': 0.0, 'last_fix_time': datetime.datetime(2021, 7, 29, 12, 51, 36), 'speed': None, 'rudder': 0, 'datum': (42.3, -71.1)}
2021-07-29 13:51:38,511 [INFO] **** [(-0.22035521470194389, -7.708961974233651)] [(15.437560812208067, -7.333901112744751)]
2021-07-29 13:51:38,513 [INFO] Next green buoy: [(-0.22035521470194389, -7.708961974233651)], next red buoy: [(15.437560812208067, -7.333901112744751)]
2021-07-29 13:51:38,514 [INFO] Desired_heading: 52.60860279875306
2021-07-29 13:51:38,514 [INFO] delta angle: 25
2021-07-29 13:51:38,514 [INFO] sending message $BPRMB,125138.53,-25,1,0,1000,0,1*6c
...
2021-07-29 13:51:39,516 [INFO] sending message $BPSTS,125139.51,1,BWSI Autonomy OK*4d
...
2021-07-29 13:51:39,518 [INFO] Processing: $BFNVG,125137.24,4218.000000,N,07106.000000,W,0,10.0,1.0,45.0,0.0,0.0,125137.24*62
2021-07-29 13:51:39,520 [INFO] Interpreted as: {'position': (0.0, 0.0), 'latlon': (42.3, -71.1), 'heading': 45.0, 'depth': 1.0, 'altitude': 10.0, 'roll': 0.0, 'pitch': 0.0, 'last_fix_time': datetime.datetime(2021, 7, 29, 12, 51, 37), 'speed': None, 'rudder': 0, 'datum': (42.3, -71.1)}
2021-07-29 13:51:39,521 [INFO] Processing: $BFNVG,125137.58,4218.000134,N,07105.999821,W,0,10.0,1.0,47.1,0.0,0.0,125137.58*66
2021-07-29 13:51:39,524 [INFO] Interpreted as: {'position': (0.2520445429254323, 0.24192441627383232), 'latlon': (42.30000223333333, -71.09999701666666), 'heading': 47.1, 'depth': 1.0, 'altitude': 10.0, 'roll': 0.0, 'pitch': 0.0, 'last_fix_time': datetime.datetime(2021, 7, 29, 12, 51, 37), 'speed': None, 'rudder': 0, 'datum': (42.3, -71.1)}
2021-07-29 13:51:39,525 [INFO] Processing: $BFNVG,125137.92,4218.000263,N,07105.999637,W,0,10.0,1.0,49.2,0.0,0.0,125137.92*63
2021-07-29 13:51:39,527 [INFO] Interpreted as: {'position': (0.5107301053358242, 0.4744258290156722), 'latlon': (42.30000438333333, -71.09999395), 'heading': 49.2, 'depth': 1.0, 'altitude': 10.0, 'roll': 0.0, 'pitch': 0.0, 'last_fix_time': datetime.datetime(2021, 7, 29, 12, 51, 37), 'speed': None, 'rudder': 0, 'datum': (42.3, -71.1)}
2021-07-29 13:51:39,528 [INFO] Processing: $BFNVG,125138.26,4218.000386,N,07105.999446,W,0,10.0,1.0,51.3,0.0,0.0,125138.26*65
2021-07-29 13:51:39,532 [INFO] Interpreted as: {'position': (0.7787587769562379, 0.6955857332795858), 'latlon': (42.30000643333333, -71.09999076666666), 'heading': 51.3, 'depth': 1.0, 'altitude': 10.0, 'roll': 0.0, 'pitch': 0.0, 'last_fix_time': datetime.datetime(2021, 7, 29, 12, 51, 38), 'speed': None, 'rudder': 0, 'datum': (42.3, -71.1)}
2021-07-29 13:51:39,533 [INFO] Received from Frontseat: [b'$BFNVG,125137.24,4218.000000,N,07106.000000,W,0,10.0,1.0,45.0,0.0,0.0,125137.24*62', b'$BFNVG,125137.58,4218.000134,N,07105.999821,W,0,10.0,1.0,47.1,0.0,0.0,125137.58*66', b'$BFNVG,125137.92,4218.000263,N,07105.999637,W,0,10.0,1.0,49.2,0.0,0.0,125137.92*63', b'$BFNVG,125138.26,4218.000386,N,07105.999446,W,0,10.0,1.0,51.3,0.0,0.0,125138.26*65']
2021-07-29 13:51:39,534 [INFO] AUV state: {'position': (0.7787587769562379, 0.6955857332795858), 'latlon': (42.30000643333333, -71.09999076666666), 'heading': 51.3, 'depth': 1.0, 'altitude': 10.0, 'roll': 0.0, 'pitch': 0.0, 'last_fix_time': datetime.datetime(2021, 7, 29, 12, 51, 38), 'speed': None, 'rudder': 0, 'datum': (42.3, -71.1)}
2021-07-29 13:51:39,920 [INFO] **** [(-7.757606392824646, -8.735607374089389)] [(10.49932256266825, -8.449423194459706)]
2021-07-29 13:51:39,922 [INFO] Next green buoy: [(-7.757606392824646, -8.735607374089389)], next red buoy: [(10.49932256266825, -8.449423194459706)]
2021-07-29 13:51:39,923 [INFO] Desired_heading: 52.6708580849218
2021-07-29 13:51:39,923 [INFO] delta angle: 1.503401511196371
2021-07-29 13:51:39,924 [INFO] sending message $BPRMB,125140.49,-1.503401511196371,1,0,1000,0,1*4d
...
2021-07-29 13:51:40,925 [INFO] sending message $BPSTS,125140.92,1,BWSI Autonomy OK*4c
...
2021-07-29 13:51:40,932 [INFO] Processing: $BFNVG,125138.60,4218.000505,N,07105.999250,W,0,10.0,1.0,53.5,0.0,0.0,125138.60*6D
2021-07-29 13:51:40,934 [INFO] Interpreted as: {'position': (1.0534741467563435, 0.9091733349487185), 'latlon': (42.300008416666664, -71.0999875), 'heading': 53.5, 'depth': 1.0, 'altitude': 10.0, 'roll': 0.0, 'pitch': 0.0, 'last_fix_time': datetime.datetime(2021, 7, 29, 12, 51, 38), 'speed': None, 'rudder': 0, 'datum': (42.3, -71.1)}
2021-07-29 13:51:40,935 [INFO] Processing: $BFNVG,125138.94,4218.000619,N,07105.999044,W,0,10.0,1.0,55.6,0.0,0.0,125138.94*61
2021-07-29 13:51:40,937 [INFO] Interpreted as: {'position': (1.3416999325854704, 1.1131684146821499), 'latlon': (42.300010316666665, -71.09998406666666), 'heading': 55.6, 'depth': 1.0, 'altitude': 10.0, 'roll': 0.0, 'pitch': 0.0, 'last_fix_time': datetime.datetime(2021, 7, 29, 12, 51, 38), 'speed': None, 'rudder': 0, 'datum': (42.3, -71.1)}
2021-07-29 13:51:40,938 [INFO] Processing: $BFNVG,125139.28,4218.000726,N,07105.998836,W,0,10.0,1.0,57.7,0.0,0.0,125139.28*63
2021-07-29 13:51:40,941 [INFO] Interpreted as: {'position': (1.6323537610005587, 1.3041408164426684), 'latlon': (42.300012100000004, -71.0999806), 'heading': 57.7, 'depth': 1.0, 'altitude': 10.0, 'roll': 0.0, 'pitch': 0.0, 'last_fix_time': datetime.datetime(2021, 7, 29, 12, 51, 39), 'speed': None, 'rudder': 0, 'datum': (42.3, -71.1)}
2021-07-29 13:51:40,941 [INFO] Processing: $BFNVG,125139.62,4218.000829,N,07105.998619,W,0,10.0,1.0,59.9,0.0,0.0,125139.62*60
2021-07-29 13:51:40,943 [INFO] Interpreted as: {'position': (1.9351898024324328, 1.4874053001403809), 'latlon': (42.30001381666667, -71.09997698333333), 'heading': 59.9, 'depth': 1.0, 'altitude': 10.0, 'roll': 0.0, 'pitch': 0.0, 'last_fix_time': datetime.datetime(2021, 7, 29, 12, 51, 39), 'speed': None, 'rudder': 0, 'datum': (42.3, -71.1)}
2021-07-29 13:51:40,944 [INFO] Received from Frontseat: [b'$BFNVG,125138.60,4218.000505,N,07105.999250,W,0,10.0,1.0,53.5,0.0,0.0,125138.60*6D', b'$BFNVG,125138.94,4218.000619,N,07105.999044,W,0,10.0,1.0,55.6,0.0,0.0,125138.94*61', b'$BFNVG,125139.28,4218.000726,N,07105.998836,W,0,10.0,1.0,57.7,0.0,0.0,125139.28*63', b'$BFNVG,125139.62,4218.000829,N,07105.998619,W,0,10.0,1.0,59.9,0.0,0.0,125139.62*60']
2021-07-29 13:51:40,944 [INFO] AUV state: {'position': (1.9351898024324328, 1.4874053001403809), 'latlon': (42.30001381666667, -71.09997698333333), 'heading': 59.9, 'depth': 1.0, 'altitude': 10.0, 'roll': 0.0, 'pitch': 0.0, 'last_fix_time': datetime.datetime(2021, 7, 29, 12, 51, 39), 'speed': None, 'rudder': 0, 'datum': (42.3, -71.1)}
2021-07-29 13:51:41,298 [INFO] **** [(-19.742612757747924, -10.919776258498452)] [(2.4065195402076114, -10.571573235105818)]
2021-07-29 13:51:41,300 [INFO] Next green buoy: [(-19.742612757747924, -10.919776258498452)], next red buoy: [(2.4065195402076114, -10.571573235105818)]
2021-07-29 13:51:41,300 [INFO] Desired_heading: 51.231953391229844
2021-07-29 13:51:41,301 [INFO] delta angle: -25
2021-07-29 13:51:41,301 [INFO] sending message $BPRMB,125141.35,25,1,0,1000,0,1*4f
...
2021-07-29 13:51:42,303 [INFO] sending message $BPSTS,125142.30,1,BWSI Autonomy OK*46
...
2021-07-29 13:51:42,305 [INFO] Processing: $BFNVG,125139.96,4218.000926,N,07105.998399,W,0,10.0,1.0,62.0,0.0,0.0,125139.96*62
2021-07-29 13:51:42,308 [INFO] Interpreted as: {'position': (2.2418734391685575, 1.6594638973474503), 'latlon': (42.300015433333336, -71.09997331666666), 'heading': 62.0, 'depth': 1.0, 'altitude': 10.0, 'roll': 0.0, 'pitch': 0.0, 'last_fix_time': datetime.datetime(2021, 7, 29, 12, 51, 39), 'speed': None, 'rudder': 0, 'datum': (42.3, -71.1)}
2021-07-29 13:51:42,310 [INFO] Processing: $BFNVG,125140.30,4218.001019,N,07105.998176,W,0,10.0,1.0,62.1,0.0,0.0,125140.30*64
2021-07-29 13:51:42,312 [INFO] Interpreted as: {'position': (2.5524960089242086, 1.824018007144332), 'latlon': (42.300016983333336, -71.0999696), 'heading': 62.1, 'depth': 1.0, 'altitude': 10.0, 'roll': 0.0, 'pitch': 0.0, 'last_fix_time': datetime.datetime(2021, 7, 29, 12, 51, 40), 'speed': None, 'rudder': 0, 'datum': (42.3, -71.1)}
2021-07-29 13:51:42,313 [INFO] Processing: $BFNVG,125140.65,4218.001111,N,07105.997952,W,0,10.0,1.0,62.3,0.0,0.0,125140.65*6E
2021-07-29 13:51:42,316 [INFO] Interpreted as: {'position': (2.8644467757549137, 1.9866875279694796), 'latlon': (42.30001851666667, -71.09996586666666), 'heading': 62.3, 'depth': 1.0, 'altitude': 10.0, 'roll': 0.0, 'pitch': 0.0, 'last_fix_time': datetime.datetime(2021, 7, 29, 12, 51, 40), 'speed': None, 'rudder': 0, 'datum': (42.3, -71.1)}
2021-07-29 13:51:42,317 [INFO] Processing: $BFNVG,125140.99,4218.001203,N,07105.997729,W,0,10.0,1.0,62.4,0.0,0.0,125140.99*6B
2021-07-29 13:51:42,320 [INFO] Interpreted as: {'position': (3.1750236463267356, 2.1493909684941173), 'latlon': (42.30002005, -71.09996215), 'heading': 62.4, 'depth': 1.0, 'altitude': 10.0, 'roll': 0.0, 'pitch': 0.0, 'last_fix_time': datetime.datetime(2021, 7, 29, 12, 51, 40), 'speed': None, 'rudder': 0, 'datum': (42.3, -71.1)}
2021-07-29 13:51:42,321 [INFO] Received from Frontseat: [b'$BFNVG,125139.96,4218.000926,N,07105.998399,W,0,10.0,1.0,62.0,0.0,0.0,125139.96*62', b'$BFNVG,125140.30,4218.001019,N,07105.998176,W,0,10.0,1.0,62.1,0.0,0.0,125140.30*64', b'$BFNVG,125140.65,4218.001111,N,07105.997952,W,0,10.0,1.0,62.3,0.0,0.0,125140.65*6E', b'$BFNVG,125140.99,4218.001203,N,07105.997729,W,0,10.0,1.0,62.4,0.0,0.0,125140.99*6B']
2021-07-29 13:51:42,322 [INFO] AUV state: {'position': (3.1750236463267356, 2.1493909684941173), 'latlon': (42.30002005, -71.09996215), 'heading': 62.4, 'depth': 1.0, 'altitude': 10.0, 'roll': 0.0, 'pitch': 0.0, 'last_fix_time': datetime.datetime(2021, 7, 29, 12, 51, 40), 'speed': None, 'rudder': 0, 'datum': (42.3, -71.1)}
2021-07-29 13:51:42,697 [INFO] **** [] [(-0.3343352041711018, -13.884941035970273)]
2021-07-29 13:51:42,700 [INFO] Next green buoy: [], next red buoy: [(-0.3343352041711018, -13.884941035970273)]
2021-07-29 13:51:42,701 [INFO] Desired_heading: 62.065664795828894
2021-07-29 13:51:42,701 [INFO] delta angle: -0.08942402299851437
2021-07-29 13:51:42,702 [INFO] sending message $BPRMB,125143.25,0.08942402299851437,1,0,1000,0,1*6a
...
2021-07-29 13:51:43,704 [INFO] sending message $BPSTS,125143.70,1,BWSI Autonomy OK*43
...
2021-07-29 13:51:43,706 [INFO] Processing: $BFNVG,125141.33,4218.001296,N,07105.997503,W,0,10.0,1.0,62.5,0.0,0.0,125141.33*6C
2021-07-29 13:51:43,709 [INFO] Interpreted as: {'position': (3.48976781120291, 2.313843403942883), 'latlon': (42.3000216, -71.09995838333333), 'heading': 62.5, 'depth': 1.0, 'altitude': 10.0, 'roll': 0.0, 'pitch': 0.0, 'last_fix_time': datetime.datetime(2021, 7, 29, 12, 51, 41), 'speed': None, 'rudder': 0, 'datum': (42.3, -71.1)}
2021-07-29 13:51:43,710 [INFO] Processing: $BFNVG,125141.67,4218.001391,N,07105.997281,W,0,10.0,1.0,60.4,0.0,0.0,125141.67*64
2021-07-29 13:51:43,712 [INFO] Interpreted as: {'position': (3.79910778591875, 2.4821328641846776), 'latlon': (42.30002318333333, -71.09995468333334), 'heading': 60.4, 'depth': 1.0, 'altitude': 10.0, 'roll': 0.0, 'pitch': 0.0, 'last_fix_time': datetime.datetime(2021, 7, 29, 12, 51, 41), 'speed': None, 'rudder': 0, 'datum': (42.3, -71.1)}
2021-07-29 13:51:43,713 [INFO] Processing: $BFNVG,125142.02,4218.001493,N,07105.997063,W,0,10.0,1.0,58.2,0.0,0.0,125142.02*62
2021-07-29 13:51:43,715 [INFO] Interpreted as: {'position': (4.103271925705485, 2.6635128371417522), 'latlon': (42.300024883333336, -71.09995105), 'heading': 58.2, 'depth': 1.0, 'altitude': 10.0, 'roll': 0.0, 'pitch': 0.0, 'last_fix_time': datetime.datetime(2021, 7, 29, 12, 51, 42), 'speed': None, 'rudder': 0, 'datum': (42.3, -71.1)}
2021-07-29 13:51:43,716 [INFO] Processing: $BFNVG,125142.36,4218.001600,N,07105.996851,W,0,10.0,1.0,56.1,0.0,0.0,125142.36*6F
2021-07-29 13:51:43,719 [INFO] Interpreted as: {'position': (4.399421128910035, 2.854349732398987), 'latlon': (42.30002666666667, -71.09994751666666), 'heading': 56.1, 'depth': 1.0, 'altitude': 10.0, 'roll': 0.0, 'pitch': 0.0, 'last_fix_time': datetime.datetime(2021, 7, 29, 12, 51, 42), 'speed': None, 'rudder': 0, 'datum': (42.3, -71.1)}
2021-07-29 13:51:43,720 [INFO] Received from Frontseat: [b'$BFNVG,125141.33,4218.001296,N,07105.997503,W,0,10.0,1.0,62.5,0.0,0.0,125141.33*6C', b'$BFNVG,125141.67,4218.001391,N,07105.997281,W,0,10.0,1.0,60.4,0.0,0.0,125141.67*64', b'$BFNVG,125142.02,4218.001493,N,07105.997063,W,0,10.0,1.0,58.2,0.0,0.0,125142.02*62', b'$BFNVG,125142.36,4218.001600,N,07105.996851,W,0,10.0,1.0,56.1,0.0,0.0,125142.36*6F']
2021-07-29 13:51:43,721 [INFO] AUV state: {'position': (4.399421128910035, 2.854349732398987), 'latlon': (42.30002666666667, -71.09994751666666), 'heading': 56.1, 'depth': 1.0, 'altitude': 10.0, 'roll': 0.0, 'pitch': 0.0, 'last_fix_time': datetime.datetime(2021, 7, 29, 12, 51, 42), 'speed': None, 'rudder': 0, 'datum': (42.3, -71.1)}
2021-07-29 13:51:44,110 [INFO] **** [] [(7.588263286730383, -20.417688828014896), (-16.68843668685877, -5.026361713210614)]
2021-07-29 13:51:44,112 [INFO] Next green buoy: [], next red buoy: [(7.588263286730383, -20.417688828014896), (-16.68843668685877, -5.026361713210614)]
2021-07-29 13:51:44,113 [INFO] Desired_heading: 63.68826328673038
2021-07-29 13:51:44,113 [INFO] delta angle: 25
2021-07-29 13:51:44,114 [INFO] sending message $BPRMB,125144.15,-25,1,0,1000,0,1*65
...
2021-07-29 13:51:45,116 [INFO] sending message $BPSTS,125145.11,1,BWSI Autonomy OK*42
...
2021-07-29 13:51:45,117 [INFO] Processing: $BFNVG,125142.70,4218.001712,N,07105.996645,W,0,10.0,1.0,54.0,0.0,0.0,125142.70*65
2021-07-29 13:51:45,119 [INFO] Interpreted as: {'position': (4.687555395124946, 3.054643550887704), 'latlon': (42.30002853333333, -71.09994408333333), 'heading': 54.0, 'depth': 1.0, 'altitude': 10.0, 'roll': 0.0, 'pitch': 0.0, 'last_fix_time': datetime.datetime(2021, 7, 29, 12, 51, 42), 'speed': None, 'rudder': 0, 'datum': (42.3, -71.1)}
2021-07-29 13:51:45,121 [INFO] Processing: $BFNVG,125143.06,4218.001836,N,07105.996437,W,0,10.0,1.0,51.7,0.0,0.0,125143.06*69
2021-07-29 13:51:45,123 [INFO] Interpreted as: {'position': (4.9789854508126155, 3.277077936567366), 'latlon': (42.3000306, -71.09994061666667), 'heading': 51.7, 'depth': 1.0, 'altitude': 10.0, 'roll': 0.0, 'pitch': 0.0, 'last_fix_time': datetime.datetime(2021, 7, 29, 12, 51, 43), 'speed': None, 'rudder': 0, 'datum': (42.3, -71.1)}
2021-07-29 13:51:45,124 [INFO] Processing: $BFNVG,125143.41,4218.001962,N,07105.996232,W,0,10.0,1.0,51.7,0.0,0.0,125143.41*6A
2021-07-29 13:51:45,127 [INFO] Interpreted as: {'position': (5.2663851962424815, 3.5033154413104057), 'latlon': (42.3000327, -71.0999372), 'heading': 51.7, 'depth': 1.0, 'altitude': 10.0, 'roll': 0.0, 'pitch': 0.0, 'last_fix_time': datetime.datetime(2021, 7, 29, 12, 51, 43), 'speed': None, 'rudder': 0, 'datum': (42.3, -71.1)}
2021-07-29 13:51:45,128 [INFO] Processing: $BFNVG,125143.75,4218.002082,N,07105.996036,W,0,10.0,1.0,51.7,0.0,0.0,125143.75*68
2021-07-29 13:51:45,131 [INFO] Interpreted as: {'position': (5.541145983559545, 3.7187539087608457), 'latlon': (42.3000347, -71.09993393333333), 'heading': 51.7, 'depth': 1.0, 'altitude': 10.0, 'roll': 0.0, 'pitch': 0.0, 'last_fix_time': datetime.datetime(2021, 7, 29, 12, 51, 43), 'speed': None, 'rudder': 0, 'datum': (42.3, -71.1)}
2021-07-29 13:51:45,132 [INFO] Received from Frontseat: [b'$BFNVG,125142.70,4218.001712,N,07105.996645,W,0,10.0,1.0,54.0,0.0,0.0,125142.70*65', b'$BFNVG,125143.06,4218.001836,N,07105.996437,W,0,10.0,1.0,51.7,0.0,0.0,125143.06*69', b'$BFNVG,125143.41,4218.001962,N,07105.996232,W,0,10.0,1.0,51.7,0.0,0.0,125143.41*6A', b'$BFNVG,125143.75,4218.002082,N,07105.996036,W,0,10.0,1.0,51.7,0.0,0.0,125143.75*68']
2021-07-29 13:51:45,134 [INFO] AUV state: {'position': (5.541145983559545, 3.7187539087608457), 'latlon': (42.3000347, -71.09993393333333), 'heading': 51.7, 'depth': 1.0, 'altitude': 10.0, 'roll': 0.0, 'pitch': 0.0, 'last_fix_time': datetime.datetime(2021, 7, 29, 12, 51, 43), 'speed': None, 'rudder': 0, 'datum': (42.3, -71.1)}
2021-07-29 13:51:45,539 [INFO] **** [] [(21.5464112043525, -23.7904486441993), (-13.806435668461916, -5.675063858023328)]
2021-07-29 13:51:45,541 [INFO] Next green buoy: [], next red buoy: [(21.5464112043525, -23.7904486441993), (-13.806435668461916, -5.675063858023328)]
2021-07-29 13:51:45,542 [INFO] Desired_heading: 73.2464112043525
2021-07-29 13:51:45,542 [INFO] delta angle: 11.398268629637357
2021-07-29 13:51:45,543 [INFO] sending message $BPRMB,125146.07,-11.398268629637357,1,0,1000,0,1*7d
...
2021-07-29 13:51:46,545 [INFO] sending message $BPSTS,125146.54,1,BWSI Autonomy OK*40
...
2021-07-29 13:51:46,547 [INFO] Processing: $BFNVG,125144.10,4218.002207,N,07105.995834,W,0,10.0,1.0,51.7,0.0,0.0,125144.10*6E
2021-07-29 13:51:46,552 [INFO] Interpreted as: {'position': (5.824378383113071, 3.9432424502447248), 'latlon': (42.30003678333333, -71.09993056666667), 'heading': 51.7, 'depth': 1.0, 'altitude': 10.0, 'roll': 0.0, 'pitch': 0.0, 'last_fix_time': datetime.datetime(2021, 7, 29, 12, 51, 44), 'speed': None, 'rudder': 0, 'datum': (42.3, -71.1)}
2021-07-29 13:51:46,554 [INFO] Processing: $BFNVG,125144.45,4218.002329,N,07105.995637,W,0,10.0,1.0,51.7,0.0,0.0,125144.45*6E
2021-07-29 13:51:46,556 [INFO] Interpreted as: {'position': (6.100604358070996, 4.16234842967242), 'latlon': (42.300038816666664, -71.09992728333333), 'heading': 51.7, 'depth': 1.0, 'altitude': 10.0, 'roll': 0.0, 'pitch': 0.0, 'last_fix_time': datetime.datetime(2021, 7, 29, 12, 51, 44), 'speed': None, 'rudder': 0, 'datum': (42.3, -71.1)}
2021-07-29 13:51:46,558 [INFO] Processing: $BFNVG,125144.79,4218.002447,N,07105.995437,W,0,10.0,1.0,53.8,0.0,0.0,125144.79*6E
2021-07-29 13:51:46,560 [INFO] Interpreted as: {'position': (6.380769268551376, 4.373949919827282), 'latlon': (42.30004078333333, -71.09992395), 'heading': 53.8, 'depth': 1.0, 'altitude': 10.0, 'roll': 0.0, 'pitch': 0.0, 'last_fix_time': datetime.datetime(2021, 7, 29, 12, 51, 44), 'speed': None, 'rudder': 0, 'datum': (42.3, -71.1)}
2021-07-29 13:51:46,561 [INFO] Processing: $BFNVG,125145.14,4218.002562,N,07105.995228,W,0,10.0,1.0,56.0,0.0,0.0,125145.14*6D
2021-07-29 13:51:46,563 [INFO] Interpreted as: {'position': (6.6731620648643, 4.579694195650518), 'latlon': (42.3000427, -71.09992046666666), 'heading': 56.0, 'depth': 1.0, 'altitude': 10.0, 'roll': 0.0, 'pitch': 0.0, 'last_fix_time': datetime.datetime(2021, 7, 29, 12, 51, 45), 'speed': None, 'rudder': 0, 'datum': (42.3, -71.1)}
2021-07-29 13:51:46,564 [INFO] Processing: $BFNVG,125145.49,4218.002674,N,07105.995007,W,0,10.0,1.0,58.3,0.0,0.0,125145.49*6B
2021-07-29 13:51:46,566 [INFO] Interpreted as: {'position': (6.9819043767638505, 4.779479547403753), 'latlon': (42.300044566666664, -71.09991678333333), 'heading': 58.3, 'depth': 1.0, 'altitude': 10.0, 'roll': 0.0, 'pitch': 0.0, 'last_fix_time': datetime.datetime(2021, 7, 29, 12, 51, 45), 'speed': None, 'rudder': 0, 'datum': (42.3, -71.1)}
2021-07-29 13:51:46,567 [INFO] Received from Frontseat: [b'$BFNVG,125144.10,4218.002207,N,07105.995834,W,0,10.0,1.0,51.7,0.0,0.0,125144.10*6E', b'$BFNVG,125144.45,4218.002329,N,07105.995637,W,0,10.0,1.0,51.7,0.0,0.0,125144.45*6E', b'$BFNVG,125144.79,4218.002447,N,07105.995437,W,0,10.0,1.0,53.8,0.0,0.0,125144.79*6E', b'$BFNVG,125145.14,4218.002562,N,07105.995228,W,0,10.0,1.0,56.0,0.0,0.0,125145.14*6D', b'$BFNVG,125145.49,4218.002674,N,07105.995007,W,0,10.0,1.0,58.3,0.0,0.0,125145.49*6B']
2021-07-29 13:51:46,568 [INFO] AUV state: {'position': (6.9819043767638505, 4.779479547403753), 'latlon': (42.300044566666664, -71.09991678333333), 'heading': 58.3, 'depth': 1.0, 'altitude': 10.0, 'roll': 0.0, 'pitch': 0.0, 'last_fix_time': datetime.datetime(2021, 7, 29, 12, 51, 45), 'speed': None, 'rudder': 0, 'datum': (42.3, -71.1)}
2021-07-29 13:51:46,930 [INFO] **** [] [(-23.236680436173337, -6.745519688575124)]
2021-07-29 13:51:46,932 [INFO] Next green buoy: [], next red buoy: [(-23.236680436173337, -6.745519688575124)]
2021-07-29 13:51:46,932 [INFO] Desired_heading: 35.06331956382666
2021-07-29 13:51:46,933 [INFO] delta angle: -25
2021-07-29 13:51:46,933 [INFO] sending message $BPRMB,125147.01,25,1,0,1000,0,1*4e
...
2021-07-29 13:51:47,935 [INFO] sending message $BPSTS,125147.93,1,BWSI Autonomy OK*4a
...
2021-07-29 13:51:47,936 [INFO] Processing: $BFNVG,125145.85,4218.002778,N,07105.994783,W,0,10.0,1.0,60.5,0.0,0.0,125145.85*61
2021-07-29 13:51:47,939 [INFO] Interpreted as: {'position': (7.294402945379261, 4.96435762476176), 'latlon': (42.3000463, -71.09991305), 'heading': 60.5, 'depth': 1.0, 'altitude': 10.0, 'roll': 0.0, 'pitch': 0.0, 'last_fix_time': datetime.datetime(2021, 7, 29, 12, 51, 45), 'speed': None, 'rudder': 0, 'datum': (42.3, -71.1)}
2021-07-29 13:51:47,940 [INFO] Processing: $BFNVG,125146.20,4218.002877,N,07105.994557,W,0,10.0,1.0,61.5,0.0,0.0,125146.20*6B
2021-07-29 13:51:47,941 [INFO] Interpreted as: {'position': (7.609420905937441, 5.13991442322731), 'latlon': (42.30004795, -71.09990928333333), 'heading': 61.5, 'depth': 1.0, 'altitude': 10.0, 'roll': 0.0, 'pitch': 0.0, 'last_fix_time': datetime.datetime(2021, 7, 29, 12, 51, 46), 'speed': None, 'rudder': 0, 'datum': (42.3, -71.1)}
2021-07-29 13:51:47,942 [INFO] Processing: $BFNVG,125146.55,4218.002973,N,07105.994328,W,0,10.0,1.0,62.5,0.0,0.0,125146.55*63
2021-07-29 13:51:47,945 [INFO] Interpreted as: {'position': (7.928423472098075, 5.309817433357239), 'latlon': (42.30004955, -71.09990546666667), 'heading': 62.5, 'depth': 1.0, 'altitude': 10.0, 'roll': 0.0, 'pitch': 0.0, 'last_fix_time': datetime.datetime(2021, 7, 29, 12, 51, 46), 'speed': None, 'rudder': 0, 'datum': (42.3, -71.1)}
2021-07-29 13:51:47,946 [INFO] Processing: $BFNVG,125146.92,4218.003071,N,07105.994084,W,0,10.0,1.0,63.5,0.0,0.0,125146.92*6D
2021-07-29 13:51:47,948 [INFO] Interpreted as: {'position': (8.268125546746887, 5.482913298532367), 'latlon': (42.30005118333333, -71.0999014), 'heading': 63.5, 'depth': 1.0, 'altitude': 10.0, 'roll': 0.0, 'pitch': 0.0, 'last_fix_time': datetime.datetime(2021, 7, 29, 12, 51, 46), 'speed': None, 'rudder': 0, 'datum': (42.3, -71.1)}
2021-07-29 13:51:47,948 [INFO] Received from Frontseat: [b'$BFNVG,125145.85,4218.002778,N,07105.994783,W,0,10.0,1.0,60.5,0.0,0.0,125145.85*61', b'$BFNVG,125146.20,4218.002877,N,07105.994557,W,0,10.0,1.0,61.5,0.0,0.0,125146.20*6B', b'$BFNVG,125146.55,4218.002973,N,07105.994328,W,0,10.0,1.0,62.5,0.0,0.0,125146.55*63', b'$BFNVG,125146.92,4218.003071,N,07105.994084,W,0,10.0,1.0,63.5,0.0,0.0,125146.92*6D']
2021-07-29 13:51:47,949 [INFO] AUV state: {'position': (8.268125546746887, 5.482913298532367), 'latlon': (42.30005118333333, -71.0999014), 'heading': 63.5, 'depth': 1.0, 'altitude': 10.0, 'roll': 0.0, 'pitch': 0.0, 'last_fix_time': datetime.datetime(2021, 7, 29, 12, 51, 46), 'speed': None, 'rudder': 0, 'datum': (42.3, -71.1)}
2021-07-29 13:51:48,305 [INFO] **** [] [(-18.48059426299228, -4.934939908542399)]
2021-07-29 13:51:48,307 [INFO] Next green buoy: [], next red buoy: [(-18.48059426299228, -4.934939908542399)]
2021-07-29 13:51:48,308 [INFO] Desired_heading: 45.019405737007716
2021-07-29 13:51:48,308 [INFO] delta angle: 25
2021-07-29 13:51:48,309 [INFO] sending message $BPRMB,125148.85,-25,1,0,1000,0,1*60
...
2021-07-29 13:51:49,310 [INFO] sending message $BPSTS,125149.31,1,BWSI Autonomy OK*4c
...
2021-07-29 13:51:49,312 [INFO] Processing: $BFNVG,125147.27,4218.003161,N,07105.993851,W,0,10.0,1.0,64.5,0.0,0.0,125147.27*6D
2021-07-29 13:51:49,314 [INFO] Interpreted as: {'position': (8.592349577811547, 5.6415765434503555), 'latlon': (42.300052683333334, -71.09989751666667), 'heading': 64.5, 'depth': 1.0, 'altitude': 10.0, 'roll': 0.0, 'pitch': 0.0, 'last_fix_time': datetime.datetime(2021, 7, 29, 12, 51, 47), 'speed': None, 'rudder': 0, 'datum': (42.3, -71.1)}
2021-07-29 13:51:49,315 [INFO] Processing: $BFNVG,125147.62,4218.003253,N,07105.993616,W,0,10.0,1.0,62.3,0.0,0.0,125147.62*62
2021-07-29 13:51:49,317 [INFO] Interpreted as: {'position': (8.919412690447643, 5.80387338809669), 'latlon': (42.300054216666666, -71.0998936), 'heading': 62.3, 'depth': 1.0, 'altitude': 10.0, 'roll': 0.0, 'pitch': 0.0, 'last_fix_time': datetime.datetime(2021, 7, 29, 12, 51, 47), 'speed': None, 'rudder': 0, 'datum': (42.3, -71.1)}
2021-07-29 13:51:49,317 [INFO] Processing: $BFNVG,125147.98,4218.003353,N,07105.993386,W,0,10.0,1.0,60.1,0.0,0.0,125147.98*6F
2021-07-29 13:51:49,319 [INFO] Interpreted as: {'position': (9.239971754548606, 5.981145340949297), 'latlon': (42.300055883333336, -71.09988976666666), 'heading': 60.1, 'depth': 1.0, 'altitude': 10.0, 'roll': 0.0, 'pitch': 0.0, 'last_fix_time': datetime.datetime(2021, 7, 29, 12, 51, 47), 'speed': None, 'rudder': 0, 'datum': (42.3, -71.1)}
2021-07-29 13:51:49,320 [INFO] Received from Frontseat: [b'$BFNVG,125147.27,4218.003161,N,07105.993851,W,0,10.0,1.0,64.5,0.0,0.0,125147.27*6D', b'$BFNVG,125147.62,4218.003253,N,07105.993616,W,0,10.0,1.0,62.3,0.0,0.0,125147.62*62', b'$BFNVG,125147.98,4218.003353,N,07105.993386,W,0,10.0,1.0,60.1,0.0,0.0,125147.98*6F']
2021-07-29 13:51:49,322 [INFO] AUV state: {'position': (9.239971754548606, 5.981145340949297), 'latlon': (42.300055883333336, -71.09988976666666), 'heading': 60.1, 'depth': 1.0, 'altitude': 10.0, 'roll': 0.0, 'pitch': 0.0, 'last_fix_time': datetime.datetime(2021, 7, 29, 12, 51, 47), 'speed': None, 'rudder': 0, 'datum': (42.3, -71.1)}
2021-07-29 13:51:49,671 [INFO] **** [] [(-16.638706233458844, -5.353701957179106)]
2021-07-29 13:51:49,674 [INFO] Next green buoy: [], next red buoy: [(-16.638706233458844, -5.353701957179106)]
2021-07-29 13:51:49,674 [INFO] Desired_heading: 43.46129376654116
2021-07-29 13:51:49,674 [INFO] delta angle: 25
2021-07-29 13:51:49,675 [INFO] sending message $BPRMB,125149.76,-25,1,0,1000,0,1*6d
...
2021-07-29 13:51:50,677 [INFO] sending message $BPSTS,125150.67,1,BWSI Autonomy OK*47
...
2021-07-29 13:51:50,678 [INFO] Processing: $BFNVG,125148.33,4218.003457,N,07105.993166,W,0,10.0,1.0,57.9,0.0,0.0,125148.33*6C
2021-07-29 13:51:50,680 [INFO] Interpreted as: {'position': (9.546974690980278, 6.166159128770232), 'latlon': (42.30005761666666, -71.0998861), 'heading': 57.9, 'depth': 1.0, 'altitude': 10.0, 'roll': 0.0, 'pitch': 0.0, 'last_fix_time': datetime.datetime(2021, 7, 29, 12, 51, 48), 'speed': None, 'rudder': 0, 'datum': (42.3, -71.1)}
2021-07-29 13:51:50,681 [INFO] Processing: $BFNVG,125148.68,4218.003562,N,07105.992942,W,0,10.0,1.0,60.1,0.0,0.0,125148.68*68
2021-07-29 13:51:50,683 [INFO] Interpreted as: {'position': (9.859518798766658, 6.352888014167547), 'latlon': (42.300059366666666, -71.09988236666666), 'heading': 60.1, 'depth': 1.0, 'altitude': 10.0, 'roll': 0.0, 'pitch': 0.0, 'last_fix_time': datetime.datetime(2021, 7, 29, 12, 51, 48), 'speed': None, 'rudder': 0, 'datum': (42.3, -71.1)}
2021-07-29 13:51:50,684 [INFO] Processing: $BFNVG,125149.03,4218.003659,N,07105.992719,W,0,10.0,1.0,62.3,0.0,0.0,125149.03*63
2021-07-29 13:51:50,686 [INFO] Interpreted as: {'position': (10.170323655125685, 6.52484523691237), 'latlon': (42.30006098333333, -71.09987865), 'heading': 62.3, 'depth': 1.0, 'altitude': 10.0, 'roll': 0.0, 'pitch': 0.0, 'last_fix_time': datetime.datetime(2021, 7, 29, 12, 51, 49), 'speed': None, 'rudder': 0, 'datum': (42.3, -71.1)}
2021-07-29 13:51:50,687 [INFO] Processing: $BFNVG,125149.37,4218.003750,N,07105.992490,W,0,10.0,1.0,64.4,0.0,0.0,125149.37*68
2021-07-29 13:51:50,689 [INFO] Interpreted as: {'position': (10.489097745739855, 6.685494875535369), 'latlon': (42.3000625, -71.09987483333333), 'heading': 64.4, 'depth': 1.0, 'altitude': 10.0, 'roll': 0.0, 'pitch': 0.0, 'last_fix_time': datetime.datetime(2021, 7, 29, 12, 51, 49), 'speed': None, 'rudder': 0, 'datum': (42.3, -71.1)}
2021-07-29 13:51:50,690 [INFO] Received from Frontseat: [b'$BFNVG,125148.33,4218.003457,N,07105.993166,W,0,10.0,1.0,57.9,0.0,0.0,125148.33*6C', b'$BFNVG,125148.68,4218.003562,N,07105.992942,W,0,10.0,1.0,60.1,0.0,0.0,125148.68*68', b'$BFNVG,125149.03,4218.003659,N,07105.992719,W,0,10.0,1.0,62.3,0.0,0.0,125149.03*63', b'$BFNVG,125149.37,4218.003750,N,07105.992490,W,0,10.0,1.0,64.4,0.0,0.0,125149.37*68']
2021-07-29 13:51:50,691 [INFO] AUV state: {'position': (10.489097745739855, 6.685494875535369), 'latlon': (42.3000625, -71.09987483333333), 'heading': 64.4, 'depth': 1.0, 'altitude': 10.0, 'roll': 0.0, 'pitch': 0.0, 'last_fix_time': datetime.datetime(2021, 7, 29, 12, 51, 49), 'speed': None, 'rudder': 0, 'datum': (42.3, -71.1)}
2021-07-29 13:51:51,049 [INFO] **** [] [(-23.026231070644723, -6.1177218180536315), (-5.6763020733816045, -4.391282772481519)]
2021-07-29 13:51:51,051 [INFO] Next green buoy: [], next red buoy: [(-23.026231070644723, -6.1177218180536315), (-5.6763020733816045, -4.391282772481519)]
2021-07-29 13:51:51,052 [INFO] Desired_heading: 41.37376892935528
2021-07-29 13:51:51,052 [INFO] delta angle: -25
2021-07-29 13:51:51,053 [INFO] sending message $BPRMB,125151.58,25,1,0,1000,0,1*45
...
2021-07-29 13:51:52,055 [INFO] sending message $BPSTS,125152.05,1,BWSI Autonomy OK*41
...
2021-07-29 13:51:52,056 [INFO] Processing: $BFNVG,125149.72,4218.003833,N,07105.992259,W,0,10.0,1.0,66.6,0.0,0.0,125149.72*61
2021-07-29 13:51:52,058 [INFO] Interpreted as: {'position': (10.810254227544647, 6.831271143630147), 'latlon': (42.30006388333334, -71.09987098333333), 'heading': 66.6, 'depth': 1.0, 'altitude': 10.0, 'roll': 0.0, 'pitch': 0.0, 'last_fix_time': datetime.datetime(2021, 7, 29, 12, 51, 49), 'speed': None, 'rudder': 0, 'datum': (42.3, -71.1)}
2021-07-29 13:51:52,059 [INFO] Processing: $BFNVG,125150.06,4218.003910,N,07105.992022,W,0,10.0,1.0,68.7,0.0,0.0,125150.06*60
2021-07-29 13:51:52,061 [INFO] Interpreted as: {'position': (11.139379946049303, 6.965739826671779), 'latlon': (42.30006516666667, -71.09986703333334), 'heading': 68.7, 'depth': 1.0, 'altitude': 10.0, 'roll': 0.0, 'pitch': 0.0, 'last_fix_time': datetime.datetime(2021, 7, 29, 12, 51, 50), 'speed': None, 'rudder': 0, 'datum': (42.3, -71.1)}
2021-07-29 13:51:52,062 [INFO] Processing: $BFNVG,125150.41,4218.003982,N,07105.991778,W,0,10.0,1.0,70.9,0.0,0.0,125150.41*67
2021-07-29 13:51:52,064 [INFO] Interpreted as: {'position': (11.477894458163064, 7.090717718936503), 'latlon': (42.30006636666667, -71.09986296666666), 'heading': 70.9, 'depth': 1.0, 'altitude': 10.0, 'roll': 0.0, 'pitch': 0.0, 'last_fix_time': datetime.datetime(2021, 7, 29, 12, 51, 50), 'speed': None, 'rudder': 0, 'datum': (42.3, -71.1)}
2021-07-29 13:51:52,065 [INFO] Processing: $BFNVG,125150.77,4218.004047,N,07105.991529,W,0,10.0,1.0,73.1,0.0,0.0,125150.77*6D
2021-07-29 13:51:52,067 [INFO] Interpreted as: {'position': (11.822958665550686, 7.202571234665811), 'latlon': (42.30006745, -71.09985881666667), 'heading': 73.1, 'depth': 1.0, 'altitude': 10.0, 'roll': 0.0, 'pitch': 0.0, 'last_fix_time': datetime.datetime(2021, 7, 29, 12, 51, 50), 'speed': None, 'rudder': 0, 'datum': (42.3, -71.1)}
2021-07-29 13:51:52,068 [INFO] Received from Frontseat: [b'$BFNVG,125149.72,4218.003833,N,07105.992259,W,0,10.0,1.0,66.6,0.0,0.0,125149.72*61', b'$BFNVG,125150.06,4218.003910,N,07105.992022,W,0,10.0,1.0,68.7,0.0,0.0,125150.06*60', b'$BFNVG,125150.41,4218.003982,N,07105.991778,W,0,10.0,1.0,70.9,0.0,0.0,125150.41*67', b'$BFNVG,125150.77,4218.004047,N,07105.991529,W,0,10.0,1.0,73.1,0.0,0.0,125150.77*6D']
2021-07-29 13:51:52,069 [INFO] AUV state: {'position': (11.822958665550686, 7.202571234665811), 'latlon': (42.30006745, -71.09985881666667), 'heading': 73.1, 'depth': 1.0, 'altitude': 10.0, 'roll': 0.0, 'pitch': 0.0, 'last_fix_time': datetime.datetime(2021, 7, 29, 12, 51, 50), 'speed': None, 'rudder': 0, 'datum': (42.3, -71.1)}
2021-07-29 13:51:52,404 [INFO] **** [] [(-16.222563221971964, -4.93517375623342)]
2021-07-29 13:51:52,407 [INFO] Next green buoy: [], next red buoy: [(-16.222563221971964, -4.93517375623342)]
2021-07-29 13:51:52,407 [INFO] Desired_heading: 56.87743677802803
2021-07-29 13:51:52,408 [INFO] delta angle: 25
2021-07-29 13:51:52,408 [INFO] sending message $BPRMB,125152.52,-25,1,0,1000,0,1*61
...
2021-07-29 13:51:53,410 [INFO] sending message $BPSTS,125153.40,1,BWSI Autonomy OK*41
...
2021-07-29 13:51:53,411 [INFO] Processing: $BFNVG,125151.12,4218.004104,N,07105.991279,W,0,10.0,1.0,75.3,0.0,0.0,125151.12*6D
2021-07-29 13:51:53,413 [INFO] Interpreted as: {'position': (12.169031387660652, 7.299585286527872), 'latlon': (42.3000684, -71.09985465), 'heading': 75.3, 'depth': 1.0, 'altitude': 10.0, 'roll': 0.0, 'pitch': 0.0, 'last_fix_time': datetime.datetime(2021, 7, 29, 12, 51, 51), 'speed': None, 'rudder': 0, 'datum': (42.3, -71.1)}
2021-07-29 13:51:53,414 [INFO] Processing: $BFNVG,125151.46,4218.004162,N,07105.991030,W,0,10.0,1.0,73.1,0.0,0.0,125151.46*66
2021-07-29 13:51:53,416 [INFO] Interpreted as: {'position': (12.5137758878991, 7.398483956232667), 'latlon': (42.30006936666667, -71.0998505), 'heading': 73.1, 'depth': 1.0, 'altitude': 10.0, 'roll': 0.0, 'pitch': 0.0, 'last_fix_time': datetime.datetime(2021, 7, 29, 12, 51, 51), 'speed': None, 'rudder': 0, 'datum': (42.3, -71.1)}
2021-07-29 13:51:53,418 [INFO] Processing: $BFNVG,125151.81,4218.004226,N,07105.990783,W,0,10.0,1.0,71.0,0.0,0.0,125151.81*68
2021-07-29 13:51:53,420 [INFO] Interpreted as: {'position': (12.856046633911319, 7.508554628118873), 'latlon': (42.30007043333333, -71.09984638333333), 'heading': 71.0, 'depth': 1.0, 'altitude': 10.0, 'roll': 0.0, 'pitch': 0.0, 'last_fix_time': datetime.datetime(2021, 7, 29, 12, 51, 51), 'speed': None, 'rudder': 0, 'datum': (42.3, -71.1)}
2021-07-29 13:51:53,420 [INFO] Processing: $BFNVG,125152.17,4218.004299,N,07105.990534,W,0,10.0,1.0,68.7,0.0,0.0,125152.17*6D
2021-07-29 13:51:53,422 [INFO] Interpreted as: {'position': (13.201476145535707, 7.635213786736131), 'latlon': (42.30007165, -71.09984223333333), 'heading': 68.7, 'depth': 1.0, 'altitude': 10.0, 'roll': 0.0, 'pitch': 0.0, 'last_fix_time': datetime.datetime(2021, 7, 29, 12, 51, 52), 'speed': None, 'rudder': 0, 'datum': (42.3, -71.1)}
2021-07-29 13:51:53,423 [INFO] Received from Frontseat: [b'$BFNVG,125151.12,4218.004104,N,07105.991279,W,0,10.0,1.0,75.3,0.0,0.0,125151.12*6D', b'$BFNVG,125151.46,4218.004162,N,07105.991030,W,0,10.0,1.0,73.1,0.0,0.0,125151.46*66', b'$BFNVG,125151.81,4218.004226,N,07105.990783,W,0,10.0,1.0,71.0,0.0,0.0,125151.81*68', b'$BFNVG,125152.17,4218.004299,N,07105.990534,W,0,10.0,1.0,68.7,0.0,0.0,125152.17*6D']
2021-07-29 13:51:53,424 [INFO] AUV state: {'position': (13.201476145535707, 7.635213786736131), 'latlon': (42.30007165, -71.09984223333333), 'heading': 68.7, 'depth': 1.0, 'altitude': 10.0, 'roll': 0.0, 'pitch': 0.0, 'last_fix_time': datetime.datetime(2021, 7, 29, 12, 51, 52), 'speed': None, 'rudder': 0, 'datum': (42.3, -71.1)}
2021-07-29 13:51:53,779 [INFO] **** [] [(-13.558535109773295, -5.456230045736979)]
2021-07-29 13:51:53,781 [INFO] Next green buoy: [], next red buoy: [(-13.558535109773295, -5.456230045736979)]
2021-07-29 13:51:53,781 [INFO] Desired_heading: 55.14146489022671
2021-07-29 13:51:53,782 [INFO] delta angle: -25
2021-07-29 13:51:53,782 [INFO] sending message $BPRMB,125154.29,25,1,0,1000,0,1*46
...
2021-07-29 13:51:54,784 [INFO] sending message $BPSTS,125154.78,1,BWSI Autonomy OK*4d
...
2021-07-29 13:51:54,785 [INFO] Processing: $BFNVG,125152.53,4218.004379,N,07105.990290,W,0,10.0,1.0,66.5,0.0,0.0,125152.53*67
2021-07-29 13:51:54,787 [INFO] Interpreted as: {'position': (13.54035593115259, 7.7749973544850945), 'latlon': (42.30007298333334, -71.09983816666667), 'heading': 66.5, 'depth': 1.0, 'altitude': 10.0, 'roll': 0.0, 'pitch': 0.0, 'last_fix_time': datetime.datetime(2021, 7, 29, 12, 51, 52), 'speed': None, 'rudder': 0, 'datum': (42.3, -71.1)}
2021-07-29 13:51:54,788 [INFO] Processing: $BFNVG,125152.87,4218.004457,N,07105.990053,W,0,10.0,1.0,68.7,0.0,0.0,125152.87*6D
2021-07-29 13:51:54,790 [INFO] Interpreted as: {'position': (13.869527218281291, 7.911316859535873), 'latlon': (42.30007428333333, -71.09983421666666), 'heading': 68.7, 'depth': 1.0, 'altitude': 10.0, 'roll': 0.0, 'pitch': 0.0, 'last_fix_time': datetime.datetime(2021, 7, 29, 12, 51, 52), 'speed': None, 'rudder': 0, 'datum': (42.3, -71.1)}
2021-07-29 13:51:54,792 [INFO] Processing: $BFNVG,125153.22,4218.004528,N,07105.989811,W,0,10.0,1.0,70.8,0.0,0.0,125153.22*64
2021-07-29 13:51:54,794 [INFO] Interpreted as: {'position': (14.205248205631506, 8.034511988982558), 'latlon': (42.30007546666667, -71.09983018333334), 'heading': 70.8, 'depth': 1.0, 'altitude': 10.0, 'roll': 0.0, 'pitch': 0.0, 'last_fix_time': datetime.datetime(2021, 7, 29, 12, 51, 53), 'speed': None, 'rudder': 0, 'datum': (42.3, -71.1)}
2021-07-29 13:51:54,795 [INFO] Processing: $BFNVG,125153.57,4218.004593,N,07105.989564,W,0,10.0,1.0,73.0,0.0,0.0,125153.57*60
2021-07-29 13:51:54,797 [INFO] Interpreted as: {'position': (14.547564560896717, 8.146433438174427), 'latlon': (42.30007655, -71.09982606666667), 'heading': 73.0, 'depth': 1.0, 'altitude': 10.0, 'roll': 0.0, 'pitch': 0.0, 'last_fix_time': datetime.datetime(2021, 7, 29, 12, 51, 53), 'speed': None, 'rudder': 0, 'datum': (42.3, -71.1)}
2021-07-29 13:51:54,797 [INFO] Received from Frontseat: [b'$BFNVG,125152.53,4218.004379,N,07105.990290,W,0,10.0,1.0,66.5,0.0,0.0,125152.53*67', b'$BFNVG,125152.87,4218.004457,N,07105.990053,W,0,10.0,1.0,68.7,0.0,0.0,125152.87*6D', b'$BFNVG,125153.22,4218.004528,N,07105.989811,W,0,10.0,1.0,70.8,0.0,0.0,125153.22*64', b'$BFNVG,125153.57,4218.004593,N,07105.989564,W,0,10.0,1.0,73.0,0.0,0.0,125153.57*60']
2021-07-29 13:51:54,798 [INFO] AUV state: {'position': (14.547564560896717, 8.146433438174427), 'latlon': (42.30007655, -71.09982606666667), 'heading': 73.0, 'depth': 1.0, 'altitude': 10.0, 'roll': 0.0, 'pitch': 0.0, 'last_fix_time': datetime.datetime(2021, 7, 29, 12, 51, 53), 'speed': None, 'rudder': 0, 'datum': (42.3, -71.1)}
2021-07-29 13:51:55,133 [INFO] **** [] [(-19.897316004129827, -6.317897863451425)]
2021-07-29 13:51:55,135 [INFO] Next green buoy: [], next red buoy: [(-19.897316004129827, -6.317897863451425)]
2021-07-29 13:51:55,135 [INFO] Desired_heading: 53.10268399587017
2021-07-29 13:51:55,136 [INFO] delta angle: 25
2021-07-29 13:51:55,136 [INFO] sending message $BPRMB,125155.27,-25,1,0,1000,0,1*64
...
2021-07-29 13:51:56,138 [INFO] sending message $BPSTS,125156.13,1,BWSI Autonomy OK*42
...
2021-07-29 13:51:56,139 [INFO] Processing: $BFNVG,125153.92,4218.004650,N,07105.989316,W,0,10.0,1.0,75.2,0.0,0.0,125153.92*6B
2021-07-29 13:51:56,141 [INFO] Interpreted as: {'position': (14.890889434376732, 8.243515429086983), 'latlon': (42.3000775, -71.09982193333333), 'heading': 75.2, 'depth': 1.0, 'altitude': 10.0, 'roll': 0.0, 'pitch': 0.0, 'last_fix_time': datetime.datetime(2021, 7, 29, 12, 51, 53), 'speed': None, 'rudder': 0, 'datum': (42.3, -71.1)}
2021-07-29 13:51:56,142 [INFO] Processing: $BFNVG,125154.27,4218.004708,N,07105.989066,W,0,10.0,1.0,73.0,0.0,0.0,125154.27*67
2021-07-29 13:51:56,144 [INFO] Interpreted as: {'position': (15.237007723888382, 8.342380326241255), 'latlon': (42.30007846666667, -71.09981776666666), 'heading': 73.0, 'depth': 1.0, 'altitude': 10.0, 'roll': 0.0, 'pitch': 0.0, 'last_fix_time': datetime.datetime(2021, 7, 29, 12, 51, 54), 'speed': None, 'rudder': 0, 'datum': (42.3, -71.1)}
2021-07-29 13:51:56,145 [INFO] Processing: $BFNVG,125154.61,4218.004772,N,07105.988822,W,0,10.0,1.0,70.9,0.0,0.0,125154.61*69
2021-07-29 13:51:56,147 [INFO] Interpreted as: {'position': (15.57515674107708, 8.45255283638835), 'latlon': (42.30007953333333, -71.0998137), 'heading': 70.9, 'depth': 1.0, 'altitude': 10.0, 'roll': 0.0, 'pitch': 0.0, 'last_fix_time': datetime.datetime(2021, 7, 29, 12, 51, 54), 'speed': None, 'rudder': 0, 'datum': (42.3, -71.1)}
2021-07-29 13:51:56,148 [INFO] Processing: $BFNVG,125154.98,4218.004847,N,07105.988568,W,0,10.0,1.0,68.6,0.0,0.0,125154.98*65
2021-07-29 13:51:56,150 [INFO] Interpreted as: {'position': (15.927546877413988, 8.582744009792805), 'latlon': (42.300080783333335, -71.09980946666667), 'heading': 68.6, 'depth': 1.0, 'altitude': 10.0, 'roll': 0.0, 'pitch': 0.0, 'last_fix_time': datetime.datetime(2021, 7, 29, 12, 51, 54), 'speed': None, 'rudder': 0, 'datum': (42.3, -71.1)}
2021-07-29 13:51:56,151 [INFO] Received from Frontseat: [b'$BFNVG,125153.92,4218.004650,N,07105.989316,W,0,10.0,1.0,75.2,0.0,0.0,125153.92*6B', b'$BFNVG,125154.27,4218.004708,N,07105.989066,W,0,10.0,1.0,73.0,0.0,0.0,125154.27*67', b'$BFNVG,125154.61,4218.004772,N,07105.988822,W,0,10.0,1.0,70.9,0.0,0.0,125154.61*69', b'$BFNVG,125154.98,4218.004847,N,07105.988568,W,0,10.0,1.0,68.6,0.0,0.0,125154.98*65']
2021-07-29 13:51:56,152 [INFO] AUV state: {'position': (15.927546877413988, 8.582744009792805), 'latlon': (42.300080783333335, -71.09980946666667), 'heading': 68.6, 'depth': 1.0, 'altitude': 10.0, 'roll': 0.0, 'pitch': 0.0, 'last_fix_time': datetime.datetime(2021, 7, 29, 12, 51, 54), 'speed': None, 'rudder': 0, 'datum': (42.3, -71.1)}
2021-07-29 13:51:56,505 [INFO] **** [] [(-18.54072722273338, -7.24583331890174)]
2021-07-29 13:51:56,507 [INFO] Next green buoy: [], next red buoy: [(-18.54072722273338, -7.24583331890174)]
2021-07-29 13:51:56,507 [INFO] Desired_heading: 50.059272777266614
2021-07-29 13:51:56,508 [INFO] delta angle: 25
2021-07-29 13:51:56,508 [INFO] sending message $BPRMB,125157.00,-25,1,0,1000,0,1*63
...
2021-07-29 13:51:57,510 [INFO] sending message $BPSTS,125157.51,1,BWSI Autonomy OK*45
...
2021-07-29 13:51:57,511 [INFO] Processing: $BFNVG,125155.33,4218.004925,N,07105.988330,W,0,10.0,1.0,66.4,0.0,0.0,125155.33*67
2021-07-29 13:51:57,517 [INFO] Interpreted as: {'position': (16.25809195358306, 8.719029724597931), 'latlon': (42.300082083333336, -71.0998055), 'heading': 66.4, 'depth': 1.0, 'altitude': 10.0, 'roll': 0.0, 'pitch': 0.0, 'last_fix_time': datetime.datetime(2021, 7, 29, 12, 51, 55), 'speed': None, 'rudder': 0, 'datum': (42.3, -71.1)}
2021-07-29 13:51:57,517 [INFO] Processing: $BFNVG,125155.69,4218.005007,N,07105.988081,W,0,10.0,1.0,68.7,0.0,0.0,125155.69*6B
2021-07-29 13:51:57,519 [INFO] Interpreted as: {'position': (16.60393234534422, 8.862345320172608), 'latlon': (42.30008345, -71.09980135), 'heading': 68.7, 'depth': 1.0, 'altitude': 10.0, 'roll': 0.0, 'pitch': 0.0, 'last_fix_time': datetime.datetime(2021, 7, 29, 12, 51, 55), 'speed': None, 'rudder': 0, 'datum': (42.3, -71.1)}
2021-07-29 13:51:57,520 [INFO] Processing: $BFNVG,125156.04,4218.005079,N,07105.987836,W,0,10.0,1.0,70.9,0.0,0.0,125156.04*6E
2021-07-29 13:51:57,522 [INFO] Interpreted as: {'position': (16.94382053508889, 8.987289569340646), 'latlon': (42.30008465, -71.09979726666667), 'heading': 70.9, 'depth': 1.0, 'altitude': 10.0, 'roll': 0.0, 'pitch': 0.0, 'last_fix_time': datetime.datetime(2021, 7, 29, 12, 51, 56), 'speed': None, 'rudder': 0, 'datum': (42.3, -71.1)}
2021-07-29 13:51:57,524 [INFO] Processing: $BFNVG,125156.39,4218.005144,N,07105.987590,W,0,10.0,1.0,73.1,0.0,0.0,125156.39*6B
2021-07-29 13:51:57,525 [INFO] Interpreted as: {'position': (17.284762914292514, 9.099245053716004), 'latlon': (42.30008573333333, -71.09979316666667), 'heading': 73.1, 'depth': 1.0, 'altitude': 10.0, 'roll': 0.0, 'pitch': 0.0, 'last_fix_time': datetime.datetime(2021, 7, 29, 12, 51, 56), 'speed': None, 'rudder': 0, 'datum': (42.3, -71.1)}
2021-07-29 13:51:57,526 [INFO] Received from Frontseat: [b'$BFNVG,125155.33,4218.004925,N,07105.988330,W,0,10.0,1.0,66.4,0.0,0.0,125155.33*67', b'$BFNVG,125155.69,4218.005007,N,07105.988081,W,0,10.0,1.0,68.7,0.0,0.0,125155.69*6B', b'$BFNVG,125156.04,4218.005079,N,07105.987836,W,0,10.0,1.0,70.9,0.0,0.0,125156.04*6E', b'$BFNVG,125156.39,4218.005144,N,07105.987590,W,0,10.0,1.0,73.1,0.0,0.0,125156.39*6B']
2021-07-29 13:51:57,527 [INFO] AUV state: {'position': (17.284762914292514, 9.099245053716004), 'latlon': (42.30008573333333, -71.09979316666667), 'heading': 73.1, 'depth': 1.0, 'altitude': 10.0, 'roll': 0.0, 'pitch': 0.0, 'last_fix_time': datetime.datetime(2021, 7, 29, 12, 51, 56), 'speed': None, 'rudder': 0, 'datum': (42.3, -71.1)}
2021-07-29 13:51:57,858 [INFO] **** [] []
2021-07-29 13:51:57,860 [INFO] Next green buoy: [], next red buoy: []
2021-07-29 13:51:57,860 [INFO] Desired_heading: 98.1
2021-07-29 13:51:57,861 [INFO] delta angle: 25
2021-07-29 13:51:57,861 [INFO] sending message $BPRMB,125158.01,-25,1,0,1000,0,1*6d
...
2021-07-29 13:51:58,863 [INFO] sending message $BPSTS,125158.86,1,BWSI Autonomy OK*40
...
2021-07-29 13:51:58,864 [INFO] Processing: $BFNVG,125156.74,4218.005201,N,07105.987340,W,0,10.0,1.0,75.2,0.0,0.0,125156.74*67
2021-07-29 13:51:58,866 [INFO] Interpreted as: {'position': (17.630835454910994, 9.196259369142354), 'latlon': (42.30008668333333, -71.099789), 'heading': 75.2, 'depth': 1.0, 'altitude': 10.0, 'roll': 0.0, 'pitch': 0.0, 'last_fix_time': datetime.datetime(2021, 7, 29, 12, 51, 56), 'speed': None, 'rudder': 0, 'datum': (42.3, -71.1)}
2021-07-29 13:51:58,868 [INFO] Processing: $BFNVG,125157.09,4218.005252,N,07105.987085,W,0,10.0,1.0,77.5,0.0,0.0,125157.09*6E
2021-07-29 13:51:58,870 [INFO] Interpreted as: {'position': (17.98350336763542, 9.28200001269579), 'latlon': (42.30008753333333, -71.09978475), 'heading': 77.5, 'depth': 1.0, 'altitude': 10.0, 'roll': 0.0, 'pitch': 0.0, 'last_fix_time': datetime.datetime(2021, 7, 29, 12, 51, 57), 'speed': None, 'rudder': 0, 'datum': (42.3, -71.1)}
2021-07-29 13:51:58,871 [INFO] Processing: $BFNVG,125157.44,4218.005296,N,07105.986829,W,0,10.0,1.0,79.6,0.0,0.0,125157.44*64
2021-07-29 13:51:58,873 [INFO] Interpreted as: {'position': (18.337225479190238, 9.35475189331919), 'latlon': (42.30008826666667, -71.09978048333333), 'heading': 79.6, 'depth': 1.0, 'altitude': 10.0, 'roll': 0.0, 'pitch': 0.0, 'last_fix_time': datetime.datetime(2021, 7, 29, 12, 51, 57), 'speed': None, 'rudder': 0, 'datum': (42.3, -71.1)}
2021-07-29 13:51:58,874 [INFO] Processing: $BFNVG,125157.79,4218.005332,N,07105.986573,W,0,10.0,1.0,81.8,0.0,0.0,125157.79*60
2021-07-29 13:51:58,876 [INFO] Interpreted as: {'position': (18.69058224413311, 9.412698211148381), 'latlon': (42.30008886666667, -71.09977621666667), 'heading': 81.8, 'depth': 1.0, 'altitude': 10.0, 'roll': 0.0, 'pitch': 0.0, 'last_fix_time': datetime.datetime(2021, 7, 29, 12, 51, 57), 'speed': None, 'rudder': 0, 'datum': (42.3, -71.1)}
2021-07-29 13:51:58,877 [INFO] Received from Frontseat: [b'$BFNVG,125156.74,4218.005201,N,07105.987340,W,0,10.0,1.0,75.2,0.0,0.0,125156.74*67', b'$BFNVG,125157.09,4218.005252,N,07105.987085,W,0,10.0,1.0,77.5,0.0,0.0,125157.09*6E', b'$BFNVG,125157.44,4218.005296,N,07105.986829,W,0,10.0,1.0,79.6,0.0,0.0,125157.44*64', b'$BFNVG,125157.79,4218.005332,N,07105.986573,W,0,10.0,1.0,81.8,0.0,0.0,125157.79*60']
2021-07-29 13:51:58,878 [INFO] AUV state: {'position': (18.69058224413311, 9.412698211148381), 'latlon': (42.30008886666667, -71.09977621666667), 'heading': 81.8, 'depth': 1.0, 'altitude': 10.0, 'roll': 0.0, 'pitch': 0.0, 'last_fix_time': datetime.datetime(2021, 7, 29, 12, 51, 57), 'speed': None, 'rudder': 0, 'datum': (42.3, -71.1)}
2021-07-29 13:51:59,231 [INFO] **** [] []
2021-07-29 13:51:59,233 [INFO] Next green buoy: [], next red buoy: []
2021-07-29 13:51:59,234 [INFO] Desired_heading: 106.8
2021-07-29 13:51:59,234 [INFO] delta angle: 25
2021-07-29 13:51:59,234 [INFO] sending message $BPRMB,125159.71,-25,1,0,1000,0,1*6b
...
2021-07-29 13:52:00,236 [INFO] sending message $BPSTS,125200.23,1,BWSI Autonomy OK*41
...
2021-07-29 13:52:00,237 [INFO] Processing: $BFNVG,125158.14,4218.005360,N,07105.986314,W,0,10.0,1.0,84.0,0.0,0.0,125158.14*6D
2021-07-29 13:52:00,239 [INFO] Interpreted as: {'position': (19.047695298097096, 9.455737268552184), 'latlon': (42.30008933333333, -71.0997719), 'heading': 84.0, 'depth': 1.0, 'altitude': 10.0, 'roll': 0.0, 'pitch': 0.0, 'last_fix_time': datetime.datetime(2021, 7, 29, 12, 51, 58), 'speed': None, 'rudder': 0, 'datum': (42.3, -71.1)}
2021-07-29 13:52:00,240 [INFO] Processing: $BFNVG,125158.50,4218.005382,N,07105.986047,W,0,10.0,1.0,86.3,0.0,0.0,125158.50*65
2021-07-29 13:52:00,242 [INFO] Interpreted as: {'position': (19.415525364864152, 9.48740095179528), 'latlon': (42.3000897, -71.09976745), 'heading': 86.3, 'depth': 1.0, 'altitude': 10.0, 'roll': 0.0, 'pitch': 0.0, 'last_fix_time': datetime.datetime(2021, 7, 29, 12, 51, 58), 'speed': None, 'rudder': 0, 'datum': (42.3, -71.1)}
2021-07-29 13:52:00,243 [INFO] Processing: $BFNVG,125158.86,4218.005396,N,07105.985780,W,0,10.0,1.0,88.5,0.0,0.0,125158.86*67
2021-07-29 13:52:00,245 [INFO] Interpreted as: {'position': (19.782990093226545, 9.50425907317549), 'latlon': (42.30008993333333, -71.099763), 'heading': 88.5, 'depth': 1.0, 'altitude': 10.0, 'roll': 0.0, 'pitch': 0.0, 'last_fix_time': datetime.datetime(2021, 7, 29, 12, 51, 58), 'speed': None, 'rudder': 0, 'datum': (42.3, -71.1)}
2021-07-29 13:52:00,246 [INFO] Processing: $BFNVG,125159.22,4218.005402,N,07105.985511,W,0,10.0,1.0,90.7,0.0,0.0,125159.22*6C
2021-07-29 13:52:00,248 [INFO] Interpreted as: {'position': (20.152837236993946, 9.506243839859962), 'latlon': (42.30009003333333, -71.09975851666667), 'heading': 90.7, 'depth': 1.0, 'altitude': 10.0, 'roll': 0.0, 'pitch': 0.0, 'last_fix_time': datetime.datetime(2021, 7, 29, 12, 51, 59), 'speed': None, 'rudder': 0, 'datum': (42.3, -71.1)}
2021-07-29 13:52:00,249 [INFO] Received from Frontseat: [b'$BFNVG,125158.14,4218.005360,N,07105.986314,W,0,10.0,1.0,84.0,0.0,0.0,125158.14*6D', b'$BFNVG,125158.50,4218.005382,N,07105.986047,W,0,10.0,1.0,86.3,0.0,0.0,125158.50*65', b'$BFNVG,125158.86,4218.005396,N,07105.985780,W,0,10.0,1.0,88.5,0.0,0.0,125158.86*67', b'$BFNVG,125159.22,4218.005402,N,07105.985511,W,0,10.0,1.0,90.7,0.0,0.0,125159.22*6C']
2021-07-29 13:52:00,250 [INFO] AUV state: {'position': (20.152837236993946, 9.506243839859962), 'latlon': (42.30009003333333, -71.09975851666667), 'heading': 90.7, 'depth': 1.0, 'altitude': 10.0, 'roll': 0.0, 'pitch': 0.0, 'last_fix_time': datetime.datetime(2021, 7, 29, 12, 51, 59), 'speed': None, 'rudder': 0, 'datum': (42.3, -71.1)}
2021-07-29 13:52:00,584 [INFO] **** [] []
2021-07-29 13:52:00,586 [INFO] Next green buoy: [], next red buoy: []
2021-07-29 13:52:00,587 [INFO] Desired_heading: 115.7
2021-07-29 13:52:00,587 [INFO] delta angle: 25
2021-07-29 13:52:00,587 [INFO] sending message $BPRMB,125200.76,-25,1,0,1000,0,1*63
...
2021-07-29 13:52:01,589 [INFO] sending message $BPSTS,125201.58,1,BWSI Autonomy OK*4c
...
2021-07-29 13:52:01,590 [INFO] Processing: $BFNVG,125159.58,4218.005401,N,07105.985243,W,0,10.0,1.0,93.0,0.0,0.0,125159.58*6B
2021-07-29 13:52:01,592 [INFO] Interpreted as: {'position': (20.520990836201236, 9.495307645760477), 'latlon': (42.300090016666665, -71.09975405), 'heading': 93.0, 'depth': 1.0, 'altitude': 10.0, 'roll': 0.0, 'pitch': 0.0, 'last_fix_time': datetime.datetime(2021, 7, 29, 12, 51, 59), 'speed': None, 'rudder': 0, 'datum': (42.3, -71.1)}
2021-07-29 13:52:01,594 [INFO] Processing: $BFNVG,125159.94,4218.005391,N,07105.984970,W,0,10.0,1.0,95.3,0.0,0.0,125159.94*6A
2021-07-29 13:52:01,596 [INFO] Interpreted as: {'position': (20.895602824166417, 9.467545689083636), 'latlon': (42.30008985, -71.0997495), 'heading': 95.3, 'depth': 1.0, 'altitude': 10.0, 'roll': 0.0, 'pitch': 0.0, 'last_fix_time': datetime.datetime(2021, 7, 29, 12, 51, 59), 'speed': None, 'rudder': 0, 'datum': (42.3, -71.1)}
2021-07-29 13:52:01,597 [INFO] Processing: $BFNVG,125200.29,4218.005374,N,07105.984709,W,0,10.0,1.0,97.5,0.0,0.0,125200.29*65
2021-07-29 13:52:01,599 [INFO] Interpreted as: {'position': (21.253408613614738, 9.427235686220229), 'latlon': (42.300089566666664, -71.09974515), 'heading': 97.5, 'depth': 1.0, 'altitude': 10.0, 'roll': 0.0, 'pitch': 0.0, 'last_fix_time': datetime.datetime(2021, 7, 29, 12, 52), 'speed': None, 'rudder': 0, 'datum': (42.3, -71.1)}
2021-07-29 13:52:01,600 [INFO] Received from Frontseat: [b'$BFNVG,125159.58,4218.005401,N,07105.985243,W,0,10.0,1.0,93.0,0.0,0.0,125159.58*6B', b'$BFNVG,125159.94,4218.005391,N,07105.984970,W,0,10.0,1.0,95.3,0.0,0.0,125159.94*6A', b'$BFNVG,125200.29,4218.005374,N,07105.984709,W,0,10.0,1.0,97.5,0.0,0.0,125200.29*65']
2021-07-29 13:52:01,601 [INFO] AUV state: {'position': (21.253408613614738, 9.427235686220229), 'latlon': (42.300089566666664, -71.09974515), 'heading': 97.5, 'depth': 1.0, 'altitude': 10.0, 'roll': 0.0, 'pitch': 0.0, 'last_fix_time': datetime.datetime(2021, 7, 29, 12, 52), 'speed': None, 'rudder': 0, 'datum': (42.3, -71.1)}
2021-07-29 13:52:01,950 [INFO] **** [] []
2021-07-29 13:52:01,952 [INFO] Next green buoy: [], next red buoy: []
2021-07-29 13:52:01,953 [INFO] Desired_heading: 122.5
2021-07-29 13:52:01,953 [INFO] delta angle: 25
2021-07-29 13:52:01,953 [INFO] sending message $BPRMB,125202.41,-25,1,0,1000,0,1*65
...
2021-07-29 13:52:02,955 [INFO] sending message $BPSTS,125202.95,1,BWSI Autonomy OK*4e
...
2021-07-29 13:52:02,957 [INFO] Processing: $BFNVG,125200.64,4218.005350,N,07105.984448,W,0,10.0,1.0,99.7,0.0,0.0,125200.64*69
2021-07-29 13:52:02,959 [INFO] Interpreted as: {'position': (21.61089474055916, 9.373970822431147), 'latlon': (42.300089166666666, -71.0997408), 'heading': 99.7, 'depth': 1.0, 'altitude': 10.0, 'roll': 0.0, 'pitch': 0.0, 'last_fix_time': datetime.datetime(2021, 7, 29, 12, 52), 'speed': None, 'rudder': 0, 'datum': (42.3, -71.1)}
2021-07-29 13:52:02,960 [INFO] Processing: $BFNVG,125201.00,4218.005318,N,07105.984182,W,0,10.0,1.0,101.9,0.0,0.0,125201.00*58
2021-07-29 13:52:02,962 [INFO] Interpreted as: {'position': (21.97488492989214, 9.305730894207954), 'latlon': (42.30008863333333, -71.09973636666666), 'heading': 101.9, 'depth': 1.0, 'altitude': 10.0, 'roll': 0.0, 'pitch': 0.0, 'last_fix_time': datetime.datetime(2021, 7, 29, 12, 52, 1), 'speed': None, 'rudder': 0, 'datum': (42.3, -71.1)}
2021-07-29 13:52:02,963 [INFO] Processing: $BFNVG,125201.36,4218.005277,N,07105.983917,W,0,10.0,1.0,104.2,0.0,0.0,125201.36*5D
2021-07-29 13:52:02,965 [INFO] Interpreted as: {'position': (22.33709024830023, 9.220868613570929), 'latlon': (42.30008795, -71.09973195), 'heading': 104.2, 'depth': 1.0, 'altitude': 10.0, 'roll': 0.0, 'pitch': 0.0, 'last_fix_time': datetime.datetime(2021, 7, 29, 12, 52, 1), 'speed': None, 'rudder': 0, 'datum': (42.3, -71.1)}
2021-07-29 13:52:02,965 [INFO] Processing: $BFNVG,125201.71,4218.005230,N,07105.983662,W,0,10.0,1.0,106.4,0.0,0.0,125201.71*57
2021-07-29 13:52:02,967 [INFO] Interpreted as: {'position': (22.685282798309345, 9.125241176225245), 'latlon': (42.300087166666664, -71.0997277), 'heading': 106.4, 'depth': 1.0, 'altitude': 10.0, 'roll': 0.0, 'pitch': 0.0, 'last_fix_time': datetime.datetime(2021, 7, 29, 12, 52, 1), 'speed': None, 'rudder': 0, 'datum': (42.3, -71.1)}
2021-07-29 13:52:02,968 [INFO] Received from Frontseat: [b'$BFNVG,125200.64,4218.005350,N,07105.984448,W,0,10.0,1.0,99.7,0.0,0.0,125200.64*69', b'$BFNVG,125201.00,4218.005318,N,07105.984182,W,0,10.0,1.0,101.9,0.0,0.0,125201.00*58', b'$BFNVG,125201.36,4218.005277,N,07105.983917,W,0,10.0,1.0,104.2,0.0,0.0,125201.36*5D', b'$BFNVG,125201.71,4218.005230,N,07105.983662,W,0,10.0,1.0,106.4,0.0,0.0,125201.71*57']
2021-07-29 13:52:02,969 [INFO] AUV state: {'position': (22.685282798309345, 9.125241176225245), 'latlon': (42.300087166666664, -71.0997277), 'heading': 106.4, 'depth': 1.0, 'altitude': 10.0, 'roll': 0.0, 'pitch': 0.0, 'last_fix_time': datetime.datetime(2021, 7, 29, 12, 52, 1), 'speed': None, 'rudder': 0, 'datum': (42.3, -71.1)}
2021-07-29 13:52:03,308 [INFO] **** [] []
2021-07-29 13:52:03,310 [INFO] Next green buoy: [], next red buoy: []
2021-07-29 13:52:03,311 [INFO] Desired_heading: 131.4
2021-07-29 13:52:03,311 [INFO] delta angle: 25
2021-07-29 13:52:03,312 [INFO] sending message $BPRMB,125203.49,-25,1,0,1000,0,1*6c
...
2021-07-29 13:52:04,314 [INFO] sending message $BPSTS,125204.31,1,BWSI Autonomy OK*46
...
2021-07-29 13:52:04,315 [INFO] Processing: $BFNVG,125202.07,4218.005176,N,07105.983408,W,0,10.0,1.0,108.6,0.0,0.0,125202.07*54
2021-07-29 13:52:04,317 [INFO] Interpreted as: {'position': (23.03178181813564, 9.016692776232958), 'latlon': (42.30008626666667, -71.09972346666666), 'heading': 108.6, 'depth': 1.0, 'altitude': 10.0, 'roll': 0.0, 'pitch': 0.0, 'last_fix_time': datetime.datetime(2021, 7, 29, 12, 52, 2), 'speed': None, 'rudder': 0, 'datum': (42.3, -71.1)}
2021-07-29 13:52:04,318 [INFO] Processing: $BFNVG,125202.42,4218.005115,N,07105.983157,W,0,10.0,1.0,110.8,0.0,0.0,125202.42*59
2021-07-29 13:52:04,320 [INFO] Interpreted as: {'position': (23.373839551757555, 8.89529121760279), 'latlon': (42.30008525, -71.09971928333333), 'heading': 110.8, 'depth': 1.0, 'altitude': 10.0, 'roll': 0.0, 'pitch': 0.0, 'last_fix_time': datetime.datetime(2021, 7, 29, 12, 52, 2), 'speed': None, 'rudder': 0, 'datum': (42.3, -71.1)}
2021-07-29 13:52:04,321 [INFO] Processing: $BFNVG,125202.77,4218.005046,N,07105.982910,W,0,10.0,1.0,113.0,0.0,0.0,125202.77*5F
2021-07-29 13:52:04,323 [INFO] Interpreted as: {'position': (23.7100364548387, 8.759219697676599), 'latlon': (42.3000841, -71.09971516666667), 'heading': 113.0, 'depth': 1.0, 'altitude': 10.0, 'roll': 0.0, 'pitch': 0.0, 'last_fix_time': datetime.datetime(2021, 7, 29, 12, 52, 2), 'speed': None, 'rudder': 0, 'datum': (42.3, -71.1)}
2021-07-29 13:52:04,324 [INFO] Processing: $BFNVG,125203.13,4218.004969,N,07105.982661,W,0,10.0,1.0,115.2,0.0,0.0,125203.13*57
2021-07-29 13:52:04,326 [INFO] Interpreted as: {'position': (24.048615801380947, 8.608274819329381), 'latlon': (42.30008281666667, -71.09971101666666), 'heading': 115.2, 'depth': 1.0, 'altitude': 10.0, 'roll': 0.0, 'pitch': 0.0, 'last_fix_time': datetime.datetime(2021, 7, 29, 12, 52, 3), 'speed': None, 'rudder': 0, 'datum': (42.3, -71.1)}
2021-07-29 13:52:04,326 [INFO] Received from Frontseat: [b'$BFNVG,125202.07,4218.005176,N,07105.983408,W,0,10.0,1.0,108.6,0.0,0.0,125202.07*54', b'$BFNVG,125202.42,4218.005115,N,07105.983157,W,0,10.0,1.0,110.8,0.0,0.0,125202.42*59', b'$BFNVG,125202.77,4218.005046,N,07105.982910,W,0,10.0,1.0,113.0,0.0,0.0,125202.77*5F', b'$BFNVG,125203.13,4218.004969,N,07105.982661,W,0,10.0,1.0,115.2,0.0,0.0,125203.13*57']
2021-07-29 13:52:04,327 [INFO] AUV state: {'position': (24.048615801380947, 8.608274819329381), 'latlon': (42.30008281666667, -71.09971101666666), 'heading': 115.2, 'depth': 1.0, 'altitude': 10.0, 'roll': 0.0, 'pitch': 0.0, 'last_fix_time': datetime.datetime(2021, 7, 29, 12, 52, 3), 'speed': None, 'rudder': 0, 'datum': (42.3, -71.1)}
2021-07-29 13:52:04,670 [INFO] **** [] []
2021-07-29 13:52:04,673 [INFO] Next green buoy: [], next red buoy: []
2021-07-29 13:52:04,673 [INFO] Desired_heading: 140.2
2021-07-29 13:52:04,673 [INFO] delta angle: 25
2021-07-29 13:52:04,674 [INFO] sending message $BPRMB,125205.13,-25,1,0,1000,0,1*65
...
2021-07-29 13:52:05,676 [INFO] sending message $BPSTS,125205.67,1,BWSI Autonomy OK*44
...
2021-07-29 13:52:05,677 [INFO] Processing: $BFNVG,125203.49,4218.004886,N,07105.982421,W,0,10.0,1.0,117.4,0.0,0.0,125203.49*55
2021-07-29 13:52:05,679 [INFO] Interpreted as: {'position': (24.37455626297742, 8.446530876681209), 'latlon': (42.30008143333333, -71.09970701666667), 'heading': 117.4, 'depth': 1.0, 'altitude': 10.0, 'roll': 0.0, 'pitch': 0.0, 'last_fix_time': datetime.datetime(2021, 7, 29, 12, 52, 3), 'speed': None, 'rudder': 0, 'datum': (42.3, -71.1)}
2021-07-29 13:52:05,680 [INFO] Processing: $BFNVG,125203.85,4218.004794,N,07105.982180,W,0,10.0,1.0,119.7,0.0,0.0,125203.85*5A
2021-07-29 13:52:05,682 [INFO] Interpreted as: {'position': (24.701459628064185, 8.268096775747836), 'latlon': (42.3000799, -71.099703), 'heading': 119.7, 'depth': 1.0, 'altitude': 10.0, 'roll': 0.0, 'pitch': 0.0, 'last_fix_time': datetime.datetime(2021, 7, 29, 12, 52, 3), 'speed': None, 'rudder': 0, 'datum': (42.3, -71.1)}
2021-07-29 13:52:05,683 [INFO] Processing: $BFNVG,125204.21,4218.004695,N,07105.981943,W,0,10.0,1.0,122.0,0.0,0.0,125204.21*51
2021-07-29 13:52:05,685 [INFO] Interpreted as: {'position': (25.022547835542355, 8.076843410730362), 'latlon': (42.30007825, -71.09969905), 'heading': 122.0, 'depth': 1.0, 'altitude': 10.0, 'roll': 0.0, 'pitch': 0.0, 'last_fix_time': datetime.datetime(2021, 7, 29, 12, 52, 4), 'speed': None, 'rudder': 0, 'datum': (42.3, -71.1)}
2021-07-29 13:52:05,686 [INFO] Processing: $BFNVG,125204.57,4218.004592,N,07105.981718,W,0,10.0,1.0,124.2,0.0,0.0,125204.57*51
2021-07-29 13:52:05,688 [INFO] Interpreted as: {'position': (25.32696686068084, 7.878594076260924), 'latlon': (42.30007653333333, -71.0996953), 'heading': 124.2, 'depth': 1.0, 'altitude': 10.0, 'roll': 0.0, 'pitch': 0.0, 'last_fix_time': datetime.datetime(2021, 7, 29, 12, 52, 4), 'speed': None, 'rudder': 0, 'datum': (42.3, -71.1)}
2021-07-29 13:52:05,689 [INFO] Received from Frontseat: [b'$BFNVG,125203.49,4218.004886,N,07105.982421,W,0,10.0,1.0,117.4,0.0,0.0,125203.49*55', b'$BFNVG,125203.85,4218.004794,N,07105.982180,W,0,10.0,1.0,119.7,0.0,0.0,125203.85*5A', b'$BFNVG,125204.21,4218.004695,N,07105.981943,W,0,10.0,1.0,122.0,0.0,0.0,125204.21*51', b'$BFNVG,125204.57,4218.004592,N,07105.981718,W,0,10.0,1.0,124.2,0.0,0.0,125204.57*51']
2021-07-29 13:52:05,690 [INFO] AUV state: {'position': (25.32696686068084, 7.878594076260924), 'latlon': (42.30007653333333, -71.0996953), 'heading': 124.2, 'depth': 1.0, 'altitude': 10.0, 'roll': 0.0, 'pitch': 0.0, 'last_fix_time': datetime.datetime(2021, 7, 29, 12, 52, 4), 'speed': None, 'rudder': 0, 'datum': (42.3, -71.1)}
2021-07-29 13:52:06,035 [INFO] **** [] []
2021-07-29 13:52:06,037 [INFO] Next green buoy: [], next red buoy: []
2021-07-29 13:52:06,038 [INFO] Desired_heading: 149.2
2021-07-29 13:52:06,038 [INFO] delta angle: 25
2021-07-29 13:52:06,039 [INFO] sending message $BPRMB,125206.21,-25,1,0,1000,0,1*67
...
2021-07-29 13:52:07,040 [INFO] sending message $BPSTS,125207.04,1,BWSI Autonomy OK*43
...
2021-07-29 13:52:07,042 [INFO] Processing: $BFNVG,125204.92,4218.004482,N,07105.981499,W,0,10.0,1.0,126.4,0.0,0.0,125204.92*5F
2021-07-29 13:52:07,044 [INFO] Interpreted as: {'position': (25.622822975739837, 7.66759327519685), 'latlon': (42.3000747, -71.09969165), 'heading': 126.4, 'depth': 1.0, 'altitude': 10.0, 'roll': 0.0, 'pitch': 0.0, 'last_fix_time': datetime.datetime(2021, 7, 29, 12, 52, 4), 'speed': None, 'rudder': 0, 'datum': (42.3, -71.1)}
2021-07-29 13:52:07,045 [INFO] Processing: $BFNVG,125205.27,4218.004366,N,07105.981283,W,0,10.0,1.0,128.6,0.0,0.0,125205.27*53
2021-07-29 13:52:07,047 [INFO] Interpreted as: {'position': (25.91428348160116, 7.445590006187558), 'latlon': (42.300072766666666, -71.09968805), 'heading': 128.6, 'depth': 1.0, 'altitude': 10.0, 'roll': 0.0, 'pitch': 0.0, 'last_fix_time': datetime.datetime(2021, 7, 29, 12, 52, 5), 'speed': None, 'rudder': 0, 'datum': (42.3, -71.1)}
2021-07-29 13:52:07,048 [INFO] Processing: $BFNVG,125205.62,4218.004247,N,07105.981081,W,0,10.0,1.0,130.8,0.0,0.0,125205.62*56
2021-07-29 13:52:07,050 [INFO] Interpreted as: {'position': (26.18637271458283, 7.21850925590843), 'latlon': (42.30007078333333, -71.09968468333334), 'heading': 130.8, 'depth': 1.0, 'altitude': 10.0, 'roll': 0.0, 'pitch': 0.0, 'last_fix_time': datetime.datetime(2021, 7, 29, 12, 52, 5), 'speed': None, 'rudder': 0, 'datum': (42.3, -71.1)}
2021-07-29 13:52:07,051 [INFO] Processing: $BFNVG,125205.97,4218.004120,N,07105.980880,W,0,10.0,1.0,133.0,0.0,0.0,125205.97*57
2021-07-29 13:52:07,053 [INFO] Interpreted as: {'position': (26.45672276528785, 6.976656840182841), 'latlon': (42.30006866666667, -71.09968133333334), 'heading': 133.0, 'depth': 1.0, 'altitude': 10.0, 'roll': 0.0, 'pitch': 0.0, 'last_fix_time': datetime.datetime(2021, 7, 29, 12, 52, 5), 'speed': None, 'rudder': 0, 'datum': (42.3, -71.1)}
2021-07-29 13:52:07,054 [INFO] Received from Frontseat: [b'$BFNVG,125204.92,4218.004482,N,07105.981499,W,0,10.0,1.0,126.4,0.0,0.0,125204.92*5F', b'$BFNVG,125205.27,4218.004366,N,07105.981283,W,0,10.0,1.0,128.6,0.0,0.0,125205.27*53', b'$BFNVG,125205.62,4218.004247,N,07105.981081,W,0,10.0,1.0,130.8,0.0,0.0,125205.62*56', b'$BFNVG,125205.97,4218.004120,N,07105.980880,W,0,10.0,1.0,133.0,0.0,0.0,125205.97*57']
2021-07-29 13:52:07,055 [INFO] AUV state: {'position': (26.45672276528785, 6.976656840182841), 'latlon': (42.30006866666667, -71.09968133333334), 'heading': 133.0, 'depth': 1.0, 'altitude': 10.0, 'roll': 0.0, 'pitch': 0.0, 'last_fix_time': datetime.datetime(2021, 7, 29, 12, 52, 5), 'speed': None, 'rudder': 0, 'datum': (42.3, -71.1)}
2021-07-29 13:52:07,400 [INFO] **** [] []
2021-07-29 13:52:07,402 [INFO] Next green buoy: [], next red buoy: []
2021-07-29 13:52:07,403 [INFO] Desired_heading: 158.0
2021-07-29 13:52:07,403 [INFO] delta angle: 25
2021-07-29 13:52:07,404 [INFO] sending message $BPRMB,125207.86,-25,1,0,1000,0,1*6b
...
2021-07-29 13:52:08,406 [INFO] sending message $BPSTS,125208.40,1,BWSI Autonomy OK*4c
...
2021-07-29 13:52:08,407 [INFO] Processing: $BFNVG,125206.31,4218.003992,N,07105.980693,W,0,10.0,1.0,135.1,0.0,0.0,125206.31*5A
2021-07-29 13:52:08,413 [INFO] Interpreted as: {'position': (26.70779287070036, 6.7334283366799355), 'latlon': (42.300066533333336, -71.09967821666666), 'heading': 135.1, 'depth': 1.0, 'altitude': 10.0, 'roll': 0.0, 'pitch': 0.0, 'last_fix_time': datetime.datetime(2021, 7, 29, 12, 52, 6), 'speed': None, 'rudder': 0, 'datum': (42.3, -71.1)}
2021-07-29 13:52:08,414 [INFO] Processing: $BFNVG,125206.65,4218.003859,N,07105.980512,W,0,10.0,1.0,137.3,0.0,0.0,125206.65*56
2021-07-29 13:52:08,417 [INFO] Interpreted as: {'position': (26.950391400256194, 6.481149754486978), 'latlon': (42.30006431666666, -71.0996752), 'heading': 137.3, 'depth': 1.0, 'altitude': 10.0, 'roll': 0.0, 'pitch': 0.0, 'last_fix_time': datetime.datetime(2021, 7, 29, 12, 52, 6), 'speed': None, 'rudder': 0, 'datum': (42.3, -71.1)}
2021-07-29 13:52:08,418 [INFO] Processing: $BFNVG,125207.00,4218.003717,N,07105.980334,W,0,10.0,1.0,139.4,0.0,0.0,125207.00*58
2021-07-29 13:52:08,421 [INFO] Interpreted as: {'position': (27.18845732707996, 6.212316609919071), 'latlon': (42.30006195, -71.09967223333334), 'heading': 139.4, 'depth': 1.0, 'altitude': 10.0, 'roll': 0.0, 'pitch': 0.0, 'last_fix_time': datetime.datetime(2021, 7, 29, 12, 52, 7), 'speed': None, 'rudder': 0, 'datum': (42.3, -71.1)}
2021-07-29 13:52:08,422 [INFO] Processing: $BFNVG,125207.34,4218.003575,N,07105.980167,W,0,10.0,1.0,141.6,0.0,0.0,125207.34*57
2021-07-29 13:52:08,425 [INFO] Interpreted as: {'position': (27.411410607164726, 5.943856369704008), 'latlon': (42.300059583333336, -71.09966945), 'heading': 141.6, 'depth': 1.0, 'altitude': 10.0, 'roll': 0.0, 'pitch': 0.0, 'last_fix_time': datetime.datetime(2021, 7, 29, 12, 52, 7), 'speed': None, 'rudder': 0, 'datum': (42.3, -71.1)}
2021-07-29 13:52:08,426 [INFO] Received from Frontseat: [b'$BFNVG,125206.31,4218.003992,N,07105.980693,W,0,10.0,1.0,135.1,0.0,0.0,125206.31*5A', b'$BFNVG,125206.65,4218.003859,N,07105.980512,W,0,10.0,1.0,137.3,0.0,0.0,125206.65*56', b'$BFNVG,125207.00,4218.003717,N,07105.980334,W,0,10.0,1.0,139.4,0.0,0.0,125207.00*58', b'$BFNVG,125207.34,4218.003575,N,07105.980167,W,0,10.0,1.0,141.6,0.0,0.0,125207.34*57']
2021-07-29 13:52:08,427 [INFO] AUV state: {'position': (27.411410607164726, 5.943856369704008), 'latlon': (42.300059583333336, -71.09966945), 'heading': 141.6, 'depth': 1.0, 'altitude': 10.0, 'roll': 0.0, 'pitch': 0.0, 'last_fix_time': datetime.datetime(2021, 7, 29, 12, 52, 7), 'speed': None, 'rudder': 0, 'datum': (42.3, -71.1)}
2021-07-29 13:52:08,768 [INFO] **** [] []
2021-07-29 13:52:08,771 [INFO] Next green buoy: [], next red buoy: []
2021-07-29 13:52:08,771 [INFO] Desired_heading: 166.6
2021-07-29 13:52:08,772 [INFO] delta angle: 25
2021-07-29 13:52:08,772 [INFO] sending message $BPRMB,125208.94,-25,1,0,1000,0,1*67
...
2021-07-29 13:52:09,774 [INFO] sending message $BPSTS,125209.77,1,BWSI Autonomy OK*49
...
2021-07-29 13:52:09,776 [INFO] Processing: $BFNVG,125207.69,4218.003422,N,07105.980002,W,0,10.0,1.0,143.8,0.0,0.0,125207.69*5A
2021-07-29 13:52:09,779 [INFO] Interpreted as: {'position': (27.63111383386422, 5.655106266029179), 'latlon': (42.30005703333333, -71.0996667), 'heading': 143.8, 'depth': 1.0, 'altitude': 10.0, 'roll': 0.0, 'pitch': 0.0, 'last_fix_time': datetime.datetime(2021, 7, 29, 12, 52, 7), 'speed': None, 'rudder': 0, 'datum': (42.3, -71.1)}
2021-07-29 13:52:09,780 [INFO] Processing: $BFNVG,125208.03,4218.003270,N,07105.979850,W,0,10.0,1.0,145.9,0.0,0.0,125208.03*55
2021-07-29 13:52:09,783 [INFO] Interpreted as: {'position': (27.833002322353423, 5.368647566065192), 'latlon': (42.3000545, -71.09966416666667), 'heading': 145.9, 'depth': 1.0, 'altitude': 10.0, 'roll': 0.0, 'pitch': 0.0, 'last_fix_time': datetime.datetime(2021, 7, 29, 12, 52, 8), 'speed': None, 'rudder': 0, 'datum': (42.3, -71.1)}
2021-07-29 13:52:09,784 [INFO] Processing: $BFNVG,125208.37,4218.003114,N,07105.979706,W,0,10.0,1.0,148.0,0.0,0.0,125208.37*5C
2021-07-29 13:52:09,787 [INFO] Interpreted as: {'position': (28.023717139672954, 5.075057277455926), 'latlon': (42.3000519, -71.09966176666667), 'heading': 148.0, 'depth': 1.0, 'altitude': 10.0, 'roll': 0.0, 'pitch': 0.0, 'last_fix_time': datetime.datetime(2021, 7, 29, 12, 52, 8), 'speed': None, 'rudder': 0, 'datum': (42.3, -71.1)}
2021-07-29 13:52:09,788 [INFO] Processing: $BFNVG,125208.75,4218.002938,N,07105.979557,W,0,10.0,1.0,150.4,0.0,0.0,125208.75*50
2021-07-29 13:52:09,791 [INFO] Interpreted as: {'position': (28.220388072892092, 4.744283556006849), 'latlon': (42.300048966666665, -71.09965928333334), 'heading': 150.4, 'depth': 1.0, 'altitude': 10.0, 'roll': 0.0, 'pitch': 0.0, 'last_fix_time': datetime.datetime(2021, 7, 29, 12, 52, 8), 'speed': None, 'rudder': 0, 'datum': (42.3, -71.1)}
2021-07-29 13:52:09,792 [INFO] Received from Frontseat: [b'$BFNVG,125207.69,4218.003422,N,07105.980002,W,0,10.0,1.0,143.8,0.0,0.0,125207.69*5A', b'$BFNVG,125208.03,4218.003270,N,07105.979850,W,0,10.0,1.0,145.9,0.0,0.0,125208.03*55', b'$BFNVG,125208.37,4218.003114,N,07105.979706,W,0,10.0,1.0,148.0,0.0,0.0,125208.37*5C', b'$BFNVG,125208.75,4218.002938,N,07105.979557,W,0,10.0,1.0,150.4,0.0,0.0,125208.75*50']
2021-07-29 13:52:09,793 [INFO] AUV state: {'position': (28.220388072892092, 4.744283556006849), 'latlon': (42.300048966666665, -71.09965928333334), 'heading': 150.4, 'depth': 1.0, 'altitude': 10.0, 'roll': 0.0, 'pitch': 0.0, 'last_fix_time': datetime.datetime(2021, 7, 29, 12, 52, 8), 'speed': None, 'rudder': 0, 'datum': (42.3, -71.1)}
2021-07-29 13:52:09,964 [ERROR] An error occurred. The stack trace is below.
Traceback (most recent call last):
  File "BWSI_BackSeat.py", line 111, in run
    green, red = self.__buoy_detector.run(self.__auv_state)
  File "/home/pi/Baygulls/ChallengeCodePi/Image_Processor.py", line 158, in run
    image = self.__camera.get_frame(auv_state['position'], auv_state['heading'], self.__simField)
  File "/home/pi/Baygulls/ChallengeCodePi/BWSI_Sensor.py", line 98, in get_frame
    image_snap = image_snap + np.random.normal(0, 20, (self.__Hpix, self.__Wpix, 3)).astype(int)
KeyboardInterrupt
