2021-07-29 04:27:19,773 [INFO] host = 192.168.1.213, port = 29500
2021-07-29 04:27:19,782 [INFO] sending message $BPLOG,ACK,ON*1e
...
2021-07-29 04:27:19,783 [INFO] sending message $BPLOG,ALL,ON*16
...
2021-07-29 04:27:19,783 [INFO] sending message $BPSTS,032719.78,1,BWSI Autonomy OK*45
...
2021-07-29 04:27:19,783 [INFO] Received from Frontseat: []
2021-07-29 04:27:19,784 [INFO] AUV state: {'position': (None, None), 'latlon': None, 'heading': None, 'depth': None, 'altitude': None, 'roll': None, 'pitch': None, 'last_fix_time': None, 'speed': None, 'rudder': 0}
2021-07-29 04:27:20,785 [INFO] sending message $BPSTS,032720.78,1,BWSI Autonomy OK*4f
...
2021-07-29 04:27:20,787 [INFO] Processing: $BFNVG,032717.23,4218.000000,N,07106.000000,W,0,10.0,1.0,45.0,0.0,0.0,032717.23*62
2021-07-29 04:27:20,790 [INFO] Interpreted as: {'position': (0, 0), 'latlon': (42.3, -71.1), 'heading': 45.0, 'depth': 1.0, 'altitude': 10.0, 'roll': 0.0, 'pitch': 0.0, 'last_fix_time': datetime.datetime(2021, 7, 29, 3, 27, 17), 'speed': None, 'rudder': 0, 'datum': (42.3, -71.1)}
2021-07-29 04:27:20,790 [INFO] Processing: $BFNVG,032717.48,4218.000000,N,07106.000000,W,0,10.0,1.0,45.0,0.0,0.0,032717.48*62
2021-07-29 04:27:20,793 [INFO] Interpreted as: {'position': (0.0, 0.0), 'latlon': (42.3, -71.1), 'heading': 45.0, 'depth': 1.0, 'altitude': 10.0, 'roll': 0.0, 'pitch': 0.0, 'last_fix_time': datetime.datetime(2021, 7, 29, 3, 27, 17), 'speed': None, 'rudder': 0, 'datum': (42.3, -71.1)}
2021-07-29 04:27:20,793 [INFO] Processing: $BFNVG,032717.73,4218.000000,N,07106.000000,W,0,10.0,1.0,45.0,0.0,0.0,032717.73*62
2021-07-29 04:27:20,796 [INFO] Interpreted as: {'position': (0.0, 0.0), 'latlon': (42.3, -71.1), 'heading': 45.0, 'depth': 1.0, 'altitude': 10.0, 'roll': 0.0, 'pitch': 0.0, 'last_fix_time': datetime.datetime(2021, 7, 29, 3, 27, 17), 'speed': None, 'rudder': 0, 'datum': (42.3, -71.1)}
2021-07-29 04:27:20,797 [INFO] Processing: $BFNVG,032717.98,4218.000000,N,07106.000000,W,0,10.0,1.0,45.0,0.0,0.0,032717.98*62
2021-07-29 04:27:20,798 [INFO] Interpreted as: {'position': (0.0, 0.0), 'latlon': (42.3, -71.1), 'heading': 45.0, 'depth': 1.0, 'altitude': 10.0, 'roll': 0.0, 'pitch': 0.0, 'last_fix_time': datetime.datetime(2021, 7, 29, 3, 27, 17), 'speed': None, 'rudder': 0, 'datum': (42.3, -71.1)}
2021-07-29 04:27:20,799 [INFO] Processing: $BFNVG,032718.23,4218.000000,N,07106.000000,W,0,10.0,1.0,45.0,0.0,0.0,032718.23*62
2021-07-29 04:27:20,801 [INFO] Interpreted as: {'position': (0.0, 0.0), 'latlon': (42.3, -71.1), 'heading': 45.0, 'depth': 1.0, 'altitude': 10.0, 'roll': 0.0, 'pitch': 0.0, 'last_fix_time': datetime.datetime(2021, 7, 29, 3, 27, 18), 'speed': None, 'rudder': 0, 'datum': (42.3, -71.1)}
2021-07-29 04:27:20,802 [INFO] Processing: $BFNVG,032718.48,4218.000000,N,07106.000000,W,0,10.0,1.0,45.0,0.0,0.0,032718.48*62
2021-07-29 04:27:20,804 [INFO] Interpreted as: {'position': (0.0, 0.0), 'latlon': (42.3, -71.1), 'heading': 45.0, 'depth': 1.0, 'altitude': 10.0, 'roll': 0.0, 'pitch': 0.0, 'last_fix_time': datetime.datetime(2021, 7, 29, 3, 27, 18), 'speed': None, 'rudder': 0, 'datum': (42.3, -71.1)}
2021-07-29 04:27:20,805 [INFO] Processing: $BFNVG,032718.74,4218.000000,N,07106.000000,W,0,10.0,1.0,45.0,0.0,0.0,032718.74*62
2021-07-29 04:27:20,807 [INFO] Interpreted as: {'position': (0.0, 0.0), 'latlon': (42.3, -71.1), 'heading': 45.0, 'depth': 1.0, 'altitude': 10.0, 'roll': 0.0, 'pitch': 0.0, 'last_fix_time': datetime.datetime(2021, 7, 29, 3, 27, 18), 'speed': None, 'rudder': 0, 'datum': (42.3, -71.1)}
2021-07-29 04:27:20,808 [INFO] Processing: $BFNVG,032718.99,4218.000000,N,07106.000000,W,0,10.0,1.0,45.0,0.0,0.0,032718.99*62
2021-07-29 04:27:20,810 [INFO] Interpreted as: {'position': (0.0, 0.0), 'latlon': (42.3, -71.1), 'heading': 45.0, 'depth': 1.0, 'altitude': 10.0, 'roll': 0.0, 'pitch': 0.0, 'last_fix_time': datetime.datetime(2021, 7, 29, 3, 27, 18), 'speed': None, 'rudder': 0, 'datum': (42.3, -71.1)}
2021-07-29 04:27:20,811 [INFO] Processing: $BFNVG,032719.24,4218.000000,N,07106.000000,W,0,10.0,1.0,45.0,0.0,0.0,032719.24*62
2021-07-29 04:27:20,812 [INFO] Interpreted as: {'position': (0.0, 0.0), 'latlon': (42.3, -71.1), 'heading': 45.0, 'depth': 1.0, 'altitude': 10.0, 'roll': 0.0, 'pitch': 0.0, 'last_fix_time': datetime.datetime(2021, 7, 29, 3, 27, 19), 'speed': None, 'rudder': 0, 'datum': (42.3, -71.1)}
2021-07-29 04:27:20,813 [INFO] Processing: $BFNVG,032719.49,4218.000000,N,07106.000000,W,0,10.0,1.0,45.0,0.0,0.0,032719.49*62
2021-07-29 04:27:20,815 [INFO] Interpreted as: {'position': (0.0, 0.0), 'latlon': (42.3, -71.1), 'heading': 45.0, 'depth': 1.0, 'altitude': 10.0, 'roll': 0.0, 'pitch': 0.0, 'last_fix_time': datetime.datetime(2021, 7, 29, 3, 27, 19), 'speed': None, 'rudder': 0, 'datum': (42.3, -71.1)}
2021-07-29 04:27:20,816 [INFO] Processing: $BFNVG,032719.74,4218.000000,N,07106.000000,W,0,10.0,1.0,45.0,0.0,0.0,032719.74*62
2021-07-29 04:27:20,818 [INFO] Interpreted as: {'position': (0.0, 0.0), 'latlon': (42.3, -71.1), 'heading': 45.0, 'depth': 1.0, 'altitude': 10.0, 'roll': 0.0, 'pitch': 0.0, 'last_fix_time': datetime.datetime(2021, 7, 29, 3, 27, 19), 'speed': None, 'rudder': 0, 'datum': (42.3, -71.1)}
2021-07-29 04:27:20,819 [INFO] Processing: $BFNVG,032720.14,4218.000000,N,07106.000000,W,0,10.0,1.0,45.0,0.0,0.0,032720.14*62
2021-07-29 04:27:20,821 [INFO] Interpreted as: {'position': (0.0, 0.0), 'latlon': (42.3, -71.1), 'heading': 45.0, 'depth': 1.0, 'altitude': 10.0, 'roll': 0.0, 'pitch': 0.0, 'last_fix_time': datetime.datetime(2021, 7, 29, 3, 27, 20), 'speed': None, 'rudder': 0, 'datum': (42.3, -71.1)}
2021-07-29 04:27:20,822 [INFO] Received from Frontseat: [b'$BFNVG,032717.23,4218.000000,N,07106.000000,W,0,10.0,1.0,45.0,0.0,0.0,032717.23*62', b'$BFNVG,032717.48,4218.000000,N,07106.000000,W,0,10.0,1.0,45.0,0.0,0.0,032717.48*62', b'$BFNVG,032717.73,4218.000000,N,07106.000000,W,0,10.0,1.0,45.0,0.0,0.0,032717.73*62', b'$BFNVG,032717.98,4218.000000,N,07106.000000,W,0,10.0,1.0,45.0,0.0,0.0,032717.98*62', b'$BFNVG,032718.23,4218.000000,N,07106.000000,W,0,10.0,1.0,45.0,0.0,0.0,032718.23*62', b'$BFNVG,032718.48,4218.000000,N,07106.000000,W,0,10.0,1.0,45.0,0.0,0.0,032718.48*62', b'$BFNVG,032718.74,4218.000000,N,07106.000000,W,0,10.0,1.0,45.0,0.0,0.0,032718.74*62', b'$BFNVG,032718.99,4218.000000,N,07106.000000,W,0,10.0,1.0,45.0,0.0,0.0,032718.99*62', b'$BFNVG,032719.24,4218.000000,N,07106.000000,W,0,10.0,1.0,45.0,0.0,0.0,032719.24*62', b'$BFNVG,032719.49,4218.000000,N,07106.000000,W,0,10.0,1.0,45.0,0.0,0.0,032719.49*62', b'$BFNVG,032719.74,4218.000000,N,07106.000000,W,0,10.0,1.0,45.0,0.0,0.0,032719.74*62', b'$BFNVG,032720.14,4218.000000,N,07106.000000,W,0,10.0,1.0,45.0,0.0,0.0,032720.14*62']
2021-07-29 04:27:20,823 [INFO] AUV state: {'position': (0.0, 0.0), 'latlon': (42.3, -71.1), 'heading': 45.0, 'depth': 1.0, 'altitude': 10.0, 'roll': 0.0, 'pitch': 0.0, 'last_fix_time': datetime.datetime(2021, 7, 29, 3, 27, 20), 'speed': None, 'rudder': 0, 'datum': (42.3, -71.1)}
2021-07-29 04:27:21,124 [INFO] **** [(-0.21993023293121178, -7.6862156757158235)] [(15.437560812208067, -7.329055330858309)]
2021-07-29 04:27:21,126 [INFO] Next green buoy: [(-0.21993023293121178, -7.6862156757158235)], next red buoy: [(15.437560812208067, -7.329055330858309)]
2021-07-29 04:27:21,127 [INFO] Desired_heading: 52.60881528963843
2021-07-29 04:27:21,127 [INFO] delta angle: 16.790574229062365
2021-07-29 04:27:21,128 [INFO] sending message $BPRMB,032721.78,-16.790574229062365,1,0,1000,0,1*77
...
2021-07-29 04:27:22,130 [INFO] sending message $BPSTS,032722.12,1,BWSI Autonomy OK*41
...
2021-07-29 04:27:22,131 [INFO] Processing: $BFNVG,032720.48,4218.000000,N,07106.000000,W,0,10.0,1.0,45.0,0.0,0.0,032720.48*62
2021-07-29 04:27:22,133 [INFO] Interpreted as: {'position': (0.0, 0.0), 'latlon': (42.3, -71.1), 'heading': 45.0, 'depth': 1.0, 'altitude': 10.0, 'roll': 0.0, 'pitch': 0.0, 'last_fix_time': datetime.datetime(2021, 7, 29, 3, 27, 20), 'speed': None, 'rudder': 0, 'datum': (42.3, -71.1)}
2021-07-29 04:27:22,134 [INFO] Processing: $BFNVG,032720.82,4218.000000,N,07106.000000,W,0,10.0,1.0,45.0,0.0,0.0,032720.82*62
2021-07-29 04:27:22,136 [INFO] Interpreted as: {'position': (0.0, 0.0), 'latlon': (42.3, -71.1), 'heading': 45.0, 'depth': 1.0, 'altitude': 10.0, 'roll': 0.0, 'pitch': 0.0, 'last_fix_time': datetime.datetime(2021, 7, 29, 3, 27, 20), 'speed': None, 'rudder': 0, 'datum': (42.3, -71.1)}
2021-07-29 04:27:22,137 [INFO] Received from Frontseat: [b'$BFNVG,032720.48,4218.000000,N,07106.000000,W,0,10.0,1.0,45.0,0.0,0.0,032720.48*62', b'$BFNVG,032720.82,4218.000000,N,07106.000000,W,0,10.0,1.0,45.0,0.0,0.0,032720.82*62']
2021-07-29 04:27:22,137 [INFO] AUV state: {'position': (0.0, 0.0), 'latlon': (42.3, -71.1), 'heading': 45.0, 'depth': 1.0, 'altitude': 10.0, 'roll': 0.0, 'pitch': 0.0, 'last_fix_time': datetime.datetime(2021, 7, 29, 3, 27, 20), 'speed': None, 'rudder': 0, 'datum': (42.3, -71.1)}
2021-07-29 04:27:22,465 [INFO] **** [(-0.22035521470194389, -7.708961974233651)] [(15.437560812208067, -7.333901112744751)]
2021-07-29 04:27:22,467 [INFO] Next green buoy: [(-0.22035521470194389, -7.708961974233651)], next red buoy: [(15.437560812208067, -7.333901112744751)]
2021-07-29 04:27:22,468 [INFO] Desired_heading: 52.60860279875306
2021-07-29 04:27:22,468 [INFO] delta angle: 16.78987087007583
2021-07-29 04:27:22,468 [INFO] sending message $BPRMB,032722.47,-16.78987087007583,1,0,1000,0,1*42
...
2021-07-29 04:27:23,470 [INFO] sending message $BPSTS,032723.47,1,BWSI Autonomy OK*40
...
2021-07-29 04:27:23,471 [INFO] Processing: $BFNVG,032721.16,4218.000000,N,07106.000000,W,0,10.0,1.0,45.0,0.0,0.0,032721.16*62
2021-07-29 04:27:23,473 [INFO] Interpreted as: {'position': (0.0, 0.0), 'latlon': (42.3, -71.1), 'heading': 45.0, 'depth': 1.0, 'altitude': 10.0, 'roll': 0.0, 'pitch': 0.0, 'last_fix_time': datetime.datetime(2021, 7, 29, 3, 27, 21), 'speed': None, 'rudder': 0, 'datum': (42.3, -71.1)}
2021-07-29 04:27:23,474 [INFO] Processing: $BFNVG,032721.50,4218.000135,N,07105.999822,W,0,10.0,1.0,46.4,0.0,0.0,032721.50*60
2021-07-29 04:27:23,476 [INFO] Interpreted as: {'position': (0.2507163331611082, 0.2438090182840824), 'latlon': (42.30000225, -71.09999703333334), 'heading': 46.4, 'depth': 1.0, 'altitude': 10.0, 'roll': 0.0, 'pitch': 0.0, 'last_fix_time': datetime.datetime(2021, 7, 29, 3, 27, 21), 'speed': None, 'rudder': 0, 'datum': (42.3, -71.1)}
2021-07-29 04:27:23,477 [INFO] Processing: $BFNVG,032721.84,4218.000266,N,07105.999641,W,0,10.0,1.0,47.8,0.0,0.0,032721.84*63
2021-07-29 04:27:23,479 [INFO] Interpreted as: {'position': (0.5053716023685411, 0.48011353984475136), 'latlon': (42.300004433333335, -71.09999401666667), 'heading': 47.8, 'depth': 1.0, 'altitude': 10.0, 'roll': 0.0, 'pitch': 0.0, 'last_fix_time': datetime.datetime(2021, 7, 29, 3, 27, 21), 'speed': None, 'rudder': 0, 'datum': (42.3, -71.1)}
2021-07-29 04:27:23,480 [INFO] Processing: $BFNVG,032722.18,4218.000395,N,07105.999454,W,0,10.0,1.0,49.3,0.0,0.0,032722.18*6D
2021-07-29 04:27:23,482 [INFO] Interpreted as: {'position': (0.7681787866749801, 0.7125132465735078), 'latlon': (42.300006583333335, -71.0999909), 'heading': 49.3, 'depth': 1.0, 'altitude': 10.0, 'roll': 0.0, 'pitch': 0.0, 'last_fix_time': datetime.datetime(2021, 7, 29, 3, 27, 22), 'speed': None, 'rudder': 0, 'datum': (42.3, -71.1)}
2021-07-29 04:27:23,483 [INFO] Received from Frontseat: [b'$BFNVG,032721.16,4218.000000,N,07106.000000,W,0,10.0,1.0,45.0,0.0,0.0,032721.16*62', b'$BFNVG,032721.50,4218.000135,N,07105.999822,W,0,10.0,1.0,46.4,0.0,0.0,032721.50*60', b'$BFNVG,032721.84,4218.000266,N,07105.999641,W,0,10.0,1.0,47.8,0.0,0.0,032721.84*63', b'$BFNVG,032722.18,4218.000395,N,07105.999454,W,0,10.0,1.0,49.3,0.0,0.0,032722.18*6D']
2021-07-29 04:27:23,484 [INFO] AUV state: {'position': (0.7681787866749801, 0.7125132465735078), 'latlon': (42.300006583333335, -71.0999909), 'heading': 49.3, 'depth': 1.0, 'altitude': 10.0, 'roll': 0.0, 'pitch': 0.0, 'last_fix_time': datetime.datetime(2021, 7, 29, 3, 27, 22), 'speed': None, 'rudder': 0, 'datum': (42.3, -71.1)}
2021-07-29 04:27:23,823 [INFO] **** [(-5.431345471039421, -8.705232727480674)] [(12.712111482252064, -8.454498741684331)]
2021-07-29 04:27:23,825 [INFO] Next green buoy: [(-5.431345471039421, -8.705232727480674)], next red buoy: [(12.712111482252064, -8.454498741684331)]
2021-07-29 04:27:23,830 [INFO] Desired_heading: 52.94038300560632
2021-07-29 04:27:23,831 [INFO] delta angle: 5.556618805867705
2021-07-29 04:27:23,831 [INFO] sending message $BPRMB,032724.46,-5.556618805867705,1,0,1000,0,1*47
...
2021-07-29 04:27:24,833 [INFO] sending message $BPSTS,032724.83,1,BWSI Autonomy OK*4f
...
2021-07-29 04:27:24,834 [INFO] Processing: $BFNVG,032722.53,4218.000522,N,07105.999260,W,0,10.0,1.0,50.7,0.0,0.0,032722.53*6A
2021-07-29 04:27:24,836 [INFO] Interpreted as: {'position': (1.0405117694754153, 0.9409742346033454), 'latlon': (42.3000087, -71.09998766666666), 'heading': 50.7, 'depth': 1.0, 'altitude': 10.0, 'roll': 0.0, 'pitch': 0.0, 'last_fix_time': datetime.datetime(2021, 7, 29, 3, 27, 22), 'speed': None, 'rudder': 0, 'datum': (42.3, -71.1)}
2021-07-29 04:27:24,837 [INFO] Processing: $BFNVG,032722.87,4218.000646,N,07105.999061,W,0,10.0,1.0,52.2,0.0,0.0,032722.87*6F
2021-07-29 04:27:24,840 [INFO] Interpreted as: {'position': (1.319577117159497, 1.1637136181816459), 'latlon': (42.30001076666667, -71.09998435), 'heading': 52.2, 'depth': 1.0, 'altitude': 10.0, 'roll': 0.0, 'pitch': 0.0, 'last_fix_time': datetime.datetime(2021, 7, 29, 3, 27, 22), 'speed': None, 'rudder': 0, 'datum': (42.3, -71.1)}
2021-07-29 04:27:24,841 [INFO] Processing: $BFNVG,032723.22,4218.000765,N,07105.998858,W,0,10.0,1.0,53.6,0.0,0.0,032723.22*69
2021-07-29 04:27:24,843 [INFO] Interpreted as: {'position': (1.6039096067543142, 1.3770639076828957), 'latlon': (42.30001275, -71.09998096666666), 'heading': 53.6, 'depth': 1.0, 'altitude': 10.0, 'roll': 0.0, 'pitch': 0.0, 'last_fix_time': datetime.datetime(2021, 7, 29, 3, 27, 23), 'speed': None, 'rudder': 0, 'datum': (42.3, -71.1)}
2021-07-29 04:27:24,844 [INFO] Processing: $BFNVG,032723.57,4218.000882,N,07105.998650,W,0,10.0,1.0,55.1,0.0,0.0,032723.57*68
2021-07-29 04:27:24,846 [INFO] Interpreted as: {'position': (1.8950201331172138, 1.586543289013207), 'latlon': (42.3000147, -71.0999775), 'heading': 55.1, 'depth': 1.0, 'altitude': 10.0, 'roll': 0.0, 'pitch': 0.0, 'last_fix_time': datetime.datetime(2021, 7, 29, 3, 27, 23), 'speed': None, 'rudder': 0, 'datum': (42.3, -71.1)}
2021-07-29 04:27:24,847 [INFO] Received from Frontseat: [b'$BFNVG,032722.53,4218.000522,N,07105.999260,W,0,10.0,1.0,50.7,0.0,0.0,032722.53*6A', b'$BFNVG,032722.87,4218.000646,N,07105.999061,W,0,10.0,1.0,52.2,0.0,0.0,032722.87*6F', b'$BFNVG,032723.22,4218.000765,N,07105.998858,W,0,10.0,1.0,53.6,0.0,0.0,032723.22*69', b'$BFNVG,032723.57,4218.000882,N,07105.998650,W,0,10.0,1.0,55.1,0.0,0.0,032723.57*68']
2021-07-29 04:27:24,848 [INFO] AUV state: {'position': (1.8950201331172138, 1.586543289013207), 'latlon': (42.3000147, -71.0999775), 'heading': 55.1, 'depth': 1.0, 'altitude': 10.0, 'roll': 0.0, 'pitch': 0.0, 'last_fix_time': datetime.datetime(2021, 7, 29, 3, 27, 23), 'speed': None, 'rudder': 0, 'datum': (42.3, -71.1)}
2021-07-29 04:27:25,157 [INFO] **** [(-13.863417952105278, -11.108528617340308)] [(8.881825225028292, -10.567653349395554)]
2021-07-29 04:27:25,159 [INFO] Next green buoy: [(-13.863417952105278, -11.108528617340308)], next red buoy: [(8.881825225028292, -10.567653349395554)]
2021-07-29 04:27:25,160 [INFO] Desired_heading: 52.60920363646151
2021-07-29 04:27:25,160 [INFO] delta angle: -3.144831069667532
2021-07-29 04:27:25,161 [INFO] sending message $BPRMB,032725.20,3.144831069667532,1,0,1000,0,1*65
...
2021-07-29 04:27:26,162 [INFO] sending message $BPSTS,032726.16,1,BWSI Autonomy OK*41
...
2021-07-29 04:27:26,164 [INFO] Processing: $BFNVG,032723.91,4218.000994,N,07105.998440,W,0,10.0,1.0,56.6,0.0,0.0,032723.91*69
2021-07-29 04:27:26,166 [INFO] Interpreted as: {'position': (2.188650041120127, 1.7867013905197382), 'latlon': (42.30001656666666, -71.099974), 'heading': 56.6, 'depth': 1.0, 'altitude': 10.0, 'roll': 0.0, 'pitch': 0.0, 'last_fix_time': datetime.datetime(2021, 7, 29, 3, 27, 23), 'speed': None, 'rudder': 0, 'datum': (42.3, -71.1)}
2021-07-29 04:27:26,168 [INFO] Processing: $BFNVG,032724.26,4218.001103,N,07105.998227,W,0,10.0,1.0,57.0,0.0,0.0,032724.26*6E
2021-07-29 04:27:26,170 [INFO] Interpreted as: {'position': (2.486264560255222, 1.9812056962400675), 'latlon': (42.30001838333333, -71.09997045), 'heading': 57.0, 'depth': 1.0, 'altitude': 10.0, 'roll': 0.0, 'pitch': 0.0, 'last_fix_time': datetime.datetime(2021, 7, 29, 3, 27, 24), 'speed': None, 'rudder': 0, 'datum': (42.3, -71.1)}
2021-07-29 04:27:26,171 [INFO] Processing: $BFNVG,032724.60,4218.001208,N,07105.998017,W,0,10.0,1.0,57.5,0.0,0.0,032724.60*62
2021-07-29 04:27:26,173 [INFO] Interpreted as: {'position': (2.779574734857306, 2.1684089405462146), 'latlon': (42.300020133333334, -71.09996695), 'heading': 57.5, 'depth': 1.0, 'altitude': 10.0, 'roll': 0.0, 'pitch': 0.0, 'last_fix_time': datetime.datetime(2021, 7, 29, 3, 27, 24), 'speed': None, 'rudder': 0, 'datum': (42.3, -71.1)}
2021-07-29 04:27:26,174 [INFO] Processing: $BFNVG,032724.94,4218.001313,N,07105.997805,W,0,10.0,1.0,58.0,0.0,0.0,032724.94*67
2021-07-29 04:27:26,176 [INFO] Interpreted as: {'position': (3.0756326562841423, 2.3555443873628974), 'latlon': (42.300021883333336, -71.09996341666667), 'heading': 58.0, 'depth': 1.0, 'altitude': 10.0, 'roll': 0.0, 'pitch': 0.0, 'last_fix_time': datetime.datetime(2021, 7, 29, 3, 27, 24), 'speed': None, 'rudder': 0, 'datum': (42.3, -71.1)}
2021-07-29 04:27:26,177 [INFO] Received from Frontseat: [b'$BFNVG,032723.91,4218.000994,N,07105.998440,W,0,10.0,1.0,56.6,0.0,0.0,032723.91*69', b'$BFNVG,032724.26,4218.001103,N,07105.998227,W,0,10.0,1.0,57.0,0.0,0.0,032724.26*6E', b'$BFNVG,032724.60,4218.001208,N,07105.998017,W,0,10.0,1.0,57.5,0.0,0.0,032724.60*62', b'$BFNVG,032724.94,4218.001313,N,07105.997805,W,0,10.0,1.0,58.0,0.0,0.0,032724.94*67']
2021-07-29 04:27:26,178 [INFO] AUV state: {'position': (3.0756326562841423, 2.3555443873628974), 'latlon': (42.300021883333336, -71.09996341666667), 'heading': 58.0, 'depth': 1.0, 'altitude': 10.0, 'roll': 0.0, 'pitch': 0.0, 'last_fix_time': datetime.datetime(2021, 7, 29, 3, 27, 24), 'speed': None, 'rudder': 0, 'datum': (42.3, -71.1)}
2021-07-29 04:27:26,523 [INFO] **** [(-21.73593760298171, -14.55643477197306)] [(7.776809344457966, -13.879111166514761), (-15.72334474954563, -4.46839149083017)]
2021-07-29 04:27:26,526 [INFO] Next green buoy: [(-21.73593760298171, -14.55643477197306)], next red buoy: [(7.776809344457966, -13.879111166514761), (-15.72334474954563, -4.46839149083017)]
2021-07-29 04:27:26,526 [INFO] Desired_heading: 51.020435870738126
2021-07-29 04:27:26,527 [INFO] delta angle: -14.751372841072964
2021-07-29 04:27:26,527 [INFO] sending message $BPRMB,032727.12,14.751372841072964,1,0,1000,0,1*51
...
2021-07-29 04:27:27,528 [INFO] sending message $BPSTS,032727.52,1,BWSI Autonomy OK*40
...
2021-07-29 04:27:27,530 [INFO] Processing: $BFNVG,032725.28,4218.001417,N,07105.997591,W,0,10.0,1.0,58.5,0.0,0.0,032725.28*61
2021-07-29 04:27:27,532 [INFO] Interpreted as: {'position': (3.3743926448514685, 2.5407613404095173), 'latlon': (42.300023616666664, -71.09995985), 'heading': 58.5, 'depth': 1.0, 'altitude': 10.0, 'roll': 0.0, 'pitch': 0.0, 'last_fix_time': datetime.datetime(2021, 7, 29, 3, 27, 25), 'speed': None, 'rudder': 0, 'datum': (42.3, -71.1)}
2021-07-29 04:27:27,532 [INFO] Processing: $BFNVG,032725.62,4218.001521,N,07105.997376,W,0,10.0,1.0,58.2,0.0,0.0,032725.62*6D
2021-07-29 04:27:27,534 [INFO] Interpreted as: {'position': (3.6745265008648857, 2.7259443989023566), 'latlon': (42.30002535, -71.09995626666667), 'heading': 58.2, 'depth': 1.0, 'altitude': 10.0, 'roll': 0.0, 'pitch': 0.0, 'last_fix_time': datetime.datetime(2021, 7, 29, 3, 27, 25), 'speed': None, 'rudder': 0, 'datum': (42.3, -71.1)}
2021-07-29 04:27:27,535 [INFO] Processing: $BFNVG,032725.96,4218.001625,N,07105.997164,W,0,10.0,1.0,57.9,0.0,0.0,032725.96*6F
2021-07-29 04:27:27,537 [INFO] Interpreted as: {'position': (3.9705386988352984, 2.911229186691344), 'latlon': (42.30002708333333, -71.09995273333334), 'heading': 57.9, 'depth': 1.0, 'altitude': 10.0, 'roll': 0.0, 'pitch': 0.0, 'last_fix_time': datetime.datetime(2021, 7, 29, 3, 27, 25), 'speed': None, 'rudder': 0, 'datum': (42.3, -71.1)}
2021-07-29 04:27:27,538 [INFO] Processing: $BFNVG,032726.30,4218.001730,N,07105.996951,W,0,10.0,1.0,57.6,0.0,0.0,032726.30*6A
2021-07-29 04:27:27,543 [INFO] Interpreted as: {'position': (4.267970435321331, 3.098330778069794), 'latlon': (42.300028833333336, -71.09994918333334), 'heading': 57.6, 'depth': 1.0, 'altitude': 10.0, 'roll': 0.0, 'pitch': 0.0, 'last_fix_time': datetime.datetime(2021, 7, 29, 3, 27, 26), 'speed': None, 'rudder': 0, 'datum': (42.3, -71.1)}
2021-07-29 04:27:27,544 [INFO] Received from Frontseat: [b'$BFNVG,032725.28,4218.001417,N,07105.997591,W,0,10.0,1.0,58.5,0.0,0.0,032725.28*61', b'$BFNVG,032725.62,4218.001521,N,07105.997376,W,0,10.0,1.0,58.2,0.0,0.0,032725.62*6D', b'$BFNVG,032725.96,4218.001625,N,07105.997164,W,0,10.0,1.0,57.9,0.0,0.0,032725.96*6F', b'$BFNVG,032726.30,4218.001730,N,07105.996951,W,0,10.0,1.0,57.6,0.0,0.0,032726.30*6A']
2021-07-29 04:27:27,545 [INFO] AUV state: {'position': (4.267970435321331, 3.098330778069794), 'latlon': (42.300028833333336, -71.09994918333334), 'heading': 57.6, 'depth': 1.0, 'altitude': 10.0, 'roll': 0.0, 'pitch': 0.0, 'last_fix_time': datetime.datetime(2021, 7, 29, 3, 27, 26), 'speed': None, 'rudder': 0, 'datum': (42.3, -71.1)}
2021-07-29 04:27:27,885 [INFO] **** [] [(11.698185953101488, -20.309644819787398), (-16.98627429300697, -5.026361713210614)]
2021-07-29 04:27:27,887 [INFO] Next green buoy: [], next red buoy: [(11.698185953101488, -20.309644819787398), (-16.98627429300697, -5.026361713210614)]
2021-07-29 04:27:27,888 [INFO] Desired_heading: 69.2981859531015
2021-07-29 04:27:27,888 [INFO] delta angle: 25
2021-07-29 04:27:27,888 [INFO] sending message $BPRMB,032727.93,-25,1,0,1000,0,1*6f
...
2021-07-29 04:27:28,890 [INFO] sending message $BPSTS,032728.89,1,BWSI Autonomy OK*49
...
2021-07-29 04:27:28,892 [INFO] Processing: $BFNVG,032726.64,4218.001836,N,07105.996740,W,0,10.0,1.0,57.4,0.0,0.0,032726.64*6F
2021-07-29 04:27:28,900 [INFO] Interpreted as: {'position': (4.5627000640379265, 3.287350886501372), 'latlon': (42.3000306, -71.09994566666667), 'heading': 57.4, 'depth': 1.0, 'altitude': 10.0, 'roll': 0.0, 'pitch': 0.0, 'last_fix_time': datetime.datetime(2021, 7, 29, 3, 27, 26), 'speed': None, 'rudder': 0, 'datum': (42.3, -71.1)}
2021-07-29 04:27:28,902 [INFO] Processing: $BFNVG,032726.98,4218.001942,N,07105.996532,W,0,10.0,1.0,56.1,0.0,0.0,032726.98*6E
2021-07-29 04:27:28,904 [INFO] Interpreted as: {'position': (4.853308043675497, 3.476472720503807), 'latlon': (42.30003236666667, -71.0999422), 'heading': 56.1, 'depth': 1.0, 'altitude': 10.0, 'roll': 0.0, 'pitch': 0.0, 'last_fix_time': datetime.datetime(2021, 7, 29, 3, 27, 26), 'speed': None, 'rudder': 0, 'datum': (42.3, -71.1)}
2021-07-29 04:27:28,905 [INFO] Processing: $BFNVG,032727.32,4218.002053,N,07105.996326,W,0,10.0,1.0,54.9,0.0,0.0,032727.32*6D
2021-07-29 04:27:28,908 [INFO] Interpreted as: {'position': (5.141396598948631, 3.6749158576130867), 'latlon': (42.30003421666667, -71.09993876666667), 'heading': 54.9, 'depth': 1.0, 'altitude': 10.0, 'roll': 0.0, 'pitch': 0.0, 'last_fix_time': datetime.datetime(2021, 7, 29, 3, 27, 27), 'speed': None, 'rudder': 0, 'datum': (42.3, -71.1)}
2021-07-29 04:27:28,909 [INFO] Processing: $BFNVG,032727.66,4218.002168,N,07105.996122,W,0,10.0,1.0,53.6,0.0,0.0,032727.66*6A
2021-07-29 04:27:28,911 [INFO] Interpreted as: {'position': (5.426920064666774, 3.8808296034112573), 'latlon': (42.300036133333336, -71.09993536666667), 'heading': 53.6, 'depth': 1.0, 'altitude': 10.0, 'roll': 0.0, 'pitch': 0.0, 'last_fix_time': datetime.datetime(2021, 7, 29, 3, 27, 27), 'speed': None, 'rudder': 0, 'datum': (42.3, -71.1)}
2021-07-29 04:27:28,912 [INFO] Received from Frontseat: [b'$BFNVG,032726.64,4218.001836,N,07105.996740,W,0,10.0,1.0,57.4,0.0,0.0,032726.64*6F', b'$BFNVG,032726.98,4218.001942,N,07105.996532,W,0,10.0,1.0,56.1,0.0,0.0,032726.98*6E', b'$BFNVG,032727.32,4218.002053,N,07105.996326,W,0,10.0,1.0,54.9,0.0,0.0,032727.32*6D', b'$BFNVG,032727.66,4218.002168,N,07105.996122,W,0,10.0,1.0,53.6,0.0,0.0,032727.66*6A']
2021-07-29 04:27:28,913 [INFO] AUV state: {'position': (5.426920064666774, 3.8808296034112573), 'latlon': (42.300036133333336, -71.09993536666667), 'heading': 53.6, 'depth': 1.0, 'altitude': 10.0, 'roll': 0.0, 'pitch': 0.0, 'last_fix_time': datetime.datetime(2021, 7, 29, 3, 27, 27), 'speed': None, 'rudder': 0, 'datum': (42.3, -71.1)}
2021-07-29 04:27:29,238 [INFO] **** [] [(-14.745935624316775, -5.675063858023328)]
2021-07-29 04:27:29,240 [INFO] Next green buoy: [], next red buoy: [(-14.745935624316775, -5.675063858023328)]
2021-07-29 04:27:29,241 [INFO] Desired_heading: 38.85406437568322
2021-07-29 04:27:29,241 [INFO] delta angle: -25
2021-07-29 04:27:29,241 [INFO] sending message $BPRMB,032729.84,25,1,0,1000,0,1*4a
...
2021-07-29 04:27:30,243 [INFO] sending message $BPSTS,032730.24,1,BWSI Autonomy OK*47
...
2021-07-29 04:27:30,245 [INFO] Processing: $BFNVG,032728.00,4218.002286,N,07105.995922,W,0,10.0,1.0,52.4,0.0,0.0,032728.00*61
2021-07-29 04:27:30,247 [INFO] Interpreted as: {'position': (5.707085009547882, 4.092431069351733), 'latlon': (42.3000381, -71.09993203333333), 'heading': 52.4, 'depth': 1.0, 'altitude': 10.0, 'roll': 0.0, 'pitch': 0.0, 'last_fix_time': datetime.datetime(2021, 7, 29, 3, 27, 28), 'speed': None, 'rudder': 0, 'datum': (42.3, -71.1)}
2021-07-29 04:27:30,248 [INFO] Processing: $BFNVG,032728.34,4218.002402,N,07105.995721,W,0,10.0,1.0,54.5,0.0,0.0,032728.34*61
2021-07-29 04:27:30,251 [INFO] Interpreted as: {'position': (5.988532475195825, 4.30029724445194), 'latlon': (42.30004003333333, -71.09992868333333), 'heading': 54.5, 'depth': 1.0, 'altitude': 10.0, 'roll': 0.0, 'pitch': 0.0, 'last_fix_time': datetime.datetime(2021, 7, 29, 3, 27, 28), 'speed': None, 'rudder': 0, 'datum': (42.3, -71.1)}
2021-07-29 04:27:30,252 [INFO] Processing: $BFNVG,032728.68,4218.002512,N,07105.995515,W,0,10.0,1.0,56.6,0.0,0.0,032728.68*65
2021-07-29 04:27:30,254 [INFO] Interpreted as: {'position': (6.276575295603834, 4.496889730915427), 'latlon': (42.30004186666667, -71.09992525), 'heading': 56.6, 'depth': 1.0, 'altitude': 10.0, 'roll': 0.0, 'pitch': 0.0, 'last_fix_time': datetime.datetime(2021, 7, 29, 3, 27, 28), 'speed': None, 'rudder': 0, 'datum': (42.3, -71.1)}
2021-07-29 04:27:30,255 [INFO] Processing: $BFNVG,032729.02,4218.002618,N,07105.995303,W,0,10.0,1.0,58.7,0.0,0.0,032729.02*62
2021-07-29 04:27:30,258 [INFO] Interpreted as: {'position': (6.572678688913584, 4.685876016505063), 'latlon': (42.30004363333333, -71.09992171666667), 'heading': 58.7, 'depth': 1.0, 'altitude': 10.0, 'roll': 0.0, 'pitch': 0.0, 'last_fix_time': datetime.datetime(2021, 7, 29, 3, 27, 29), 'speed': None, 'rudder': 0, 'datum': (42.3, -71.1)}
2021-07-29 04:27:30,259 [INFO] Received from Frontseat: [b'$BFNVG,032728.00,4218.002286,N,07105.995922,W,0,10.0,1.0,52.4,0.0,0.0,032728.00*61', b'$BFNVG,032728.34,4218.002402,N,07105.995721,W,0,10.0,1.0,54.5,0.0,0.0,032728.34*61', b'$BFNVG,032728.68,4218.002512,N,07105.995515,W,0,10.0,1.0,56.6,0.0,0.0,032728.68*65', b'$BFNVG,032729.02,4218.002618,N,07105.995303,W,0,10.0,1.0,58.7,0.0,0.0,032729.02*62']
2021-07-29 04:27:30,260 [INFO] AUV state: {'position': (6.572678688913584, 4.685876016505063), 'latlon': (42.30004363333333, -71.09992171666667), 'heading': 58.7, 'depth': 1.0, 'altitude': 10.0, 'roll': 0.0, 'pitch': 0.0, 'last_fix_time': datetime.datetime(2021, 7, 29, 3, 27, 29), 'speed': None, 'rudder': 0, 'datum': (42.3, -71.1)}
2021-07-29 04:27:30,580 [INFO] **** [] [(-22.042819973458364, -6.531672786228564)]
2021-07-29 04:27:30,582 [INFO] Next green buoy: [], next red buoy: [(-22.042819973458364, -6.531672786228564)]
2021-07-29 04:27:30,583 [INFO] Desired_heading: 36.65718002654164
2021-07-29 04:27:30,584 [INFO] delta angle: -25
2021-07-29 04:27:30,584 [INFO] sending message $BPRMB,032730.64,25,1,0,1000,0,1*4c
...
2021-07-29 04:27:31,586 [INFO] sending message $BPSTS,032731.58,1,BWSI Autonomy OK*4d
...
2021-07-29 04:27:31,587 [INFO] Processing: $BFNVG,032729.37,4218.002719,N,07105.995080,W,0,10.0,1.0,60.9,0.0,0.0,032729.37*6F
2021-07-29 04:27:31,589 [INFO] Interpreted as: {'position': (6.88366638548905, 4.865235888399184), 'latlon': (42.30004531666667, -71.099918), 'heading': 60.9, 'depth': 1.0, 'altitude': 10.0, 'roll': 0.0, 'pitch': 0.0, 'last_fix_time': datetime.datetime(2021, 7, 29, 3, 27, 29), 'speed': None, 'rudder': 0, 'datum': (42.3, -71.1)}
2021-07-29 04:27:31,590 [INFO] Processing: $BFNVG,032729.71,4218.002819,N,07105.994863,W,0,10.0,1.0,58.8,0.0,0.0,032729.71*6E
2021-07-29 04:27:31,592 [INFO] Interpreted as: {'position': (7.18636512075318, 5.042948498390615), 'latlon': (42.30004698333333, -71.09991438333333), 'heading': 58.8, 'depth': 1.0, 'altitude': 10.0, 'roll': 0.0, 'pitch': 0.0, 'last_fix_time': datetime.datetime(2021, 7, 29, 3, 27, 29), 'speed': None, 'rudder': 0, 'datum': (42.3, -71.1)}
2021-07-29 04:27:31,593 [INFO] Processing: $BFNVG,032730.05,4218.002924,N,07105.994650,W,0,10.0,1.0,56.7,0.0,0.0,032730.05*6E
2021-07-29 04:27:31,595 [INFO] Interpreted as: {'position': (7.483796676329803, 5.230050222016871), 'latlon': (42.300048733333334, -71.09991083333334), 'heading': 56.7, 'depth': 1.0, 'altitude': 10.0, 'roll': 0.0, 'pitch': 0.0, 'last_fix_time': datetime.datetime(2021, 7, 29, 3, 27, 30), 'speed': None, 'rudder': 0, 'datum': (42.3, -71.1)}
2021-07-29 04:27:31,596 [INFO] Processing: $BFNVG,032730.40,4218.003036,N,07105.994441,W,0,10.0,1.0,54.5,0.0,0.0,032730.40*67
2021-07-29 04:27:31,598 [INFO] Interpreted as: {'position': (7.776052391738631, 5.430242449045181), 'latlon': (42.3000506, -71.09990735), 'heading': 54.5, 'depth': 1.0, 'altitude': 10.0, 'roll': 0.0, 'pitch': 0.0, 'last_fix_time': datetime.datetime(2021, 7, 29, 3, 27, 30), 'speed': None, 'rudder': 0, 'datum': (42.3, -71.1)}
2021-07-29 04:27:31,599 [INFO] Received from Frontseat: [b'$BFNVG,032729.37,4218.002719,N,07105.995080,W,0,10.0,1.0,60.9,0.0,0.0,032729.37*6F', b'$BFNVG,032729.71,4218.002819,N,07105.994863,W,0,10.0,1.0,58.8,0.0,0.0,032729.71*6E', b'$BFNVG,032730.05,4218.002924,N,07105.994650,W,0,10.0,1.0,56.7,0.0,0.0,032730.05*6E', b'$BFNVG,032730.40,4218.003036,N,07105.994441,W,0,10.0,1.0,54.5,0.0,0.0,032730.40*67']
2021-07-29 04:27:31,600 [INFO] AUV state: {'position': (7.776052391738631, 5.430242449045181), 'latlon': (42.3000506, -71.09990735), 'heading': 54.5, 'depth': 1.0, 'altitude': 10.0, 'roll': 0.0, 'pitch': 0.0, 'last_fix_time': datetime.datetime(2021, 7, 29, 3, 27, 30), 'speed': None, 'rudder': 0, 'datum': (42.3, -71.1)}
2021-07-29 04:27:31,910 [INFO] **** [] [(-21.33929260784154, -7.433100976632976), (-7.542169067363638, -4.713370694897881)]
2021-07-29 04:27:31,912 [INFO] Next green buoy: [], next red buoy: [(-21.33929260784154, -7.433100976632976), (-7.542169067363638, -4.713370694897881)]
2021-07-29 04:27:31,913 [INFO] Desired_heading: 33.16070739215846
2021-07-29 04:27:31,913 [INFO] delta angle: -25
2021-07-29 04:27:31,914 [INFO] sending message $BPRMB,032732.53,25,1,0,1000,0,1*4a
...
2021-07-29 04:27:32,916 [INFO] sending message $BPSTS,032732.91,1,BWSI Autonomy OK*4b
...
2021-07-29 04:27:32,917 [INFO] Processing: $BFNVG,032730.75,4218.003155,N,07105.994235,W,0,10.0,1.0,52.3,0.0,0.0,032730.75*66
2021-07-29 04:27:32,919 [INFO] Interpreted as: {'position': (8.064506144728512, 5.643491281196475), 'latlon': (42.30005258333333, -71.09990391666666), 'heading': 52.3, 'depth': 1.0, 'altitude': 10.0, 'roll': 0.0, 'pitch': 0.0, 'last_fix_time': datetime.datetime(2021, 7, 29, 3, 27, 30), 'speed': None, 'rudder': 0, 'datum': (42.3, -71.1)}
2021-07-29 04:27:32,920 [INFO] Processing: $BFNVG,032731.10,4218.003282,N,07105.994033,W,0,10.0,1.0,50.1,0.0,0.0,032731.10*6B
2021-07-29 04:27:32,922 [INFO] Interpreted as: {'position': (8.347829723148607, 5.871681313030422), 'latlon': (42.3000547, -71.09990055), 'heading': 50.1, 'depth': 1.0, 'altitude': 10.0, 'roll': 0.0, 'pitch': 0.0, 'last_fix_time': datetime.datetime(2021, 7, 29, 3, 27, 31), 'speed': None, 'rudder': 0, 'datum': (42.3, -71.1)}
2021-07-29 04:27:32,923 [INFO] Processing: $BFNVG,032731.46,4218.003415,N,07105.993837,W,0,10.0,1.0,47.9,0.0,0.0,032731.46*66
2021-07-29 04:27:32,924 [INFO] Interpreted as: {'position': (8.623184035473969, 6.111178960651159), 'latlon': (42.30005691666667, -71.09989728333333), 'heading': 47.9, 'depth': 1.0, 'altitude': 10.0, 'roll': 0.0, 'pitch': 0.0, 'last_fix_time': datetime.datetime(2021, 7, 29, 3, 27, 31), 'speed': None, 'rudder': 0, 'datum': (42.3, -71.1)}
2021-07-29 04:27:32,925 [INFO] Processing: $BFNVG,032731.81,4218.003553,N,07105.993649,W,0,10.0,1.0,45.7,0.0,0.0,032731.81*6E
2021-07-29 04:27:32,927 [INFO] Interpreted as: {'position': (8.887775645940565, 6.360201328992844), 'latlon': (42.30005921666667, -71.09989415), 'heading': 45.7, 'depth': 1.0, 'altitude': 10.0, 'roll': 0.0, 'pitch': 0.0, 'last_fix_time': datetime.datetime(2021, 7, 29, 3, 27, 31), 'speed': None, 'rudder': 0, 'datum': (42.3, -71.1)}
2021-07-29 04:27:32,928 [INFO] Received from Frontseat: [b'$BFNVG,032730.75,4218.003155,N,07105.994235,W,0,10.0,1.0,52.3,0.0,0.0,032730.75*66', b'$BFNVG,032731.10,4218.003282,N,07105.994033,W,0,10.0,1.0,50.1,0.0,0.0,032731.10*6B', b'$BFNVG,032731.46,4218.003415,N,07105.993837,W,0,10.0,1.0,47.9,0.0,0.0,032731.46*66', b'$BFNVG,032731.81,4218.003553,N,07105.993649,W,0,10.0,1.0,45.7,0.0,0.0,032731.81*6E']
2021-07-29 04:27:32,929 [INFO] AUV state: {'position': (8.887775645940565, 6.360201328992844), 'latlon': (42.30005921666667, -71.09989415), 'heading': 45.7, 'depth': 1.0, 'altitude': 10.0, 'roll': 0.0, 'pitch': 0.0, 'last_fix_time': datetime.datetime(2021, 7, 29, 3, 27, 31), 'speed': None, 'rudder': 0, 'datum': (42.3, -71.1)}
2021-07-29 04:27:33,235 [INFO] **** [] [(-15.893263369783012, -9.084402796105485), (1.8375247730385924, -5.3529507079462375)]
2021-07-29 04:27:33,237 [INFO] Next green buoy: [], next red buoy: [(-15.893263369783012, -9.084402796105485), (1.8375247730385924, -5.3529507079462375)]
2021-07-29 04:27:33,238 [INFO] Desired_heading: 29.80673663021699
2021-07-29 04:27:33,238 [INFO] delta angle: -25
2021-07-29 04:27:33,239 [INFO] sending message $BPRMB,032733.30,25,1,0,1000,0,1*4e
...
2021-07-29 04:27:34,240 [INFO] sending message $BPSTS,032734.24,1,BWSI Autonomy OK*43
...
2021-07-29 04:27:34,242 [INFO] Processing: $BFNVG,032732.16,4218.003697,N,07105.993467,W,0,10.0,1.0,43.5,0.0,0.0,032732.16*6F
2021-07-29 04:27:34,250 [INFO] Interpreted as: {'position': (9.144397985655814, 6.620531312189996), 'latlon': (42.30006161666667, -71.09989111666667), 'heading': 43.5, 'depth': 1.0, 'altitude': 10.0, 'roll': 0.0, 'pitch': 0.0, 'last_fix_time': datetime.datetime(2021, 7, 29, 3, 27, 32), 'speed': None, 'rudder': 0, 'datum': (42.3, -71.1)}
2021-07-29 04:27:34,251 [INFO] Processing: $BFNVG,032732.52,4218.003847,N,07105.993292,W,0,10.0,1.0,41.2,0.0,0.0,032732.52*65
2021-07-29 04:27:34,253 [INFO] Interpreted as: {'position': (9.391677180305123, 6.892202809453011), 'latlon': (42.30006411666667, -71.0998882), 'heading': 41.2, 'depth': 1.0, 'altitude': 10.0, 'roll': 0.0, 'pitch': 0.0, 'last_fix_time': datetime.datetime(2021, 7, 29, 3, 27, 32), 'speed': None, 'rudder': 0, 'datum': (42.3, -71.1)}
2021-07-29 04:27:34,254 [INFO] Processing: $BFNVG,032732.87,4218.003997,N,07105.993129,W,0,10.0,1.0,39.1,0.0,0.0,032732.87*66
2021-07-29 04:27:34,255 [INFO] Interpreted as: {'position': (9.622469809721224, 7.16428114939481), 'latlon': (42.30006661666667, -71.09988548333334), 'heading': 39.1, 'depth': 1.0, 'altitude': 10.0, 'roll': 0.0, 'pitch': 0.0, 'last_fix_time': datetime.datetime(2021, 7, 29, 3, 27, 32), 'speed': None, 'rudder': 0, 'datum': (42.3, -71.1)}
2021-07-29 04:27:34,256 [INFO] Processing: $BFNVG,032733.22,4218.004153,N,07105.992974,W,0,10.0,1.0,36.9,0.0,0.0,032733.22*67
2021-07-29 04:27:34,258 [INFO] Interpreted as: {'position': (9.842545417021029, 7.447734906338155), 'latlon': (42.300069216666664, -71.0998829), 'heading': 36.9, 'depth': 1.0, 'altitude': 10.0, 'roll': 0.0, 'pitch': 0.0, 'last_fix_time': datetime.datetime(2021, 7, 29, 3, 27, 33), 'speed': None, 'rudder': 0, 'datum': (42.3, -71.1)}
2021-07-29 04:27:34,259 [INFO] Received from Frontseat: [b'$BFNVG,032732.16,4218.003697,N,07105.993467,W,0,10.0,1.0,43.5,0.0,0.0,032732.16*6F', b'$BFNVG,032732.52,4218.003847,N,07105.993292,W,0,10.0,1.0,41.2,0.0,0.0,032732.52*65', b'$BFNVG,032732.87,4218.003997,N,07105.993129,W,0,10.0,1.0,39.1,0.0,0.0,032732.87*66', b'$BFNVG,032733.22,4218.004153,N,07105.992974,W,0,10.0,1.0,36.9,0.0,0.0,032733.22*67']
2021-07-29 04:27:34,260 [INFO] AUV state: {'position': (9.842545417021029, 7.447734906338155), 'latlon': (42.300069216666664, -71.0998829), 'heading': 36.9, 'depth': 1.0, 'altitude': 10.0, 'roll': 0.0, 'pitch': 0.0, 'last_fix_time': datetime.datetime(2021, 7, 29, 3, 27, 33), 'speed': None, 'rudder': 0, 'datum': (42.3, -71.1)}
2021-07-29 04:27:34,555 [INFO] **** [] [(-9.48102585740909, -11.50648520169736), (12.45327659347144, -6.063663192322946)]
2021-07-29 04:27:34,558 [INFO] Next green buoy: [], next red buoy: [(-9.48102585740909, -11.50648520169736), (12.45327659347144, -6.063663192322946)]
2021-07-29 04:27:34,558 [INFO] Desired_heading: 27.41897414259091
2021-07-29 04:27:34,559 [INFO] delta angle: -23.35462958237389
2021-07-29 04:27:34,559 [INFO] sending message $BPRMB,032735.18,23.35462958237389,1,0,1000,0,1*6c
...
2021-07-29 04:27:35,561 [INFO] sending message $BPSTS,032735.56,1,BWSI Autonomy OK*47
...
2021-07-29 04:27:35,562 [INFO] Processing: $BFNVG,032733.55,4218.004308,N,07105.992831,W,0,10.0,1.0,34.8,0.0,0.0,032733.55*68
2021-07-29 04:27:35,564 [INFO] Interpreted as: {'position': (10.046088796807453, 7.72974481061101), 'latlon': (42.3000718, -71.09988051666667), 'heading': 34.8, 'depth': 1.0, 'altitude': 10.0, 'roll': 0.0, 'pitch': 0.0, 'last_fix_time': datetime.datetime(2021, 7, 29, 3, 27, 33), 'speed': None, 'rudder': 0, 'datum': (42.3, -71.1)}
2021-07-29 04:27:35,565 [INFO] Processing: $BFNVG,032733.90,4218.004471,N,07105.992692,W,0,10.0,1.0,32.6,0.0,0.0,032733.90*6E
2021-07-29 04:27:35,567 [INFO] Interpreted as: {'position': (10.244502004119568, 8.026695910841227), 'latlon': (42.30007451666667, -71.0998782), 'heading': 32.6, 'depth': 1.0, 'altitude': 10.0, 'roll': 0.0, 'pitch': 0.0, 'last_fix_time': datetime.datetime(2021, 7, 29, 3, 27, 33), 'speed': None, 'rudder': 0, 'datum': (42.3, -71.1)}
2021-07-29 04:27:35,568 [INFO] Processing: $BFNVG,032734.25,4218.004638,N,07105.992562,W,0,10.0,1.0,30.4,0.0,0.0,032734.25*6D
2021-07-29 04:27:35,570 [INFO] Interpreted as: {'position': (10.430732970009558, 8.33135492913425), 'latlon': (42.3000773, -71.09987603333333), 'heading': 30.4, 'depth': 1.0, 'altitude': 10.0, 'roll': 0.0, 'pitch': 0.0, 'last_fix_time': datetime.datetime(2021, 7, 29, 3, 27, 34), 'speed': None, 'rudder': 0, 'datum': (42.3, -71.1)}
2021-07-29 04:27:35,571 [INFO] Received from Frontseat: [b'$BFNVG,032733.55,4218.004308,N,07105.992831,W,0,10.0,1.0,34.8,0.0,0.0,032733.55*68', b'$BFNVG,032733.90,4218.004471,N,07105.992692,W,0,10.0,1.0,32.6,0.0,0.0,032733.90*6E', b'$BFNVG,032734.25,4218.004638,N,07105.992562,W,0,10.0,1.0,30.4,0.0,0.0,032734.25*6D']
2021-07-29 04:27:35,572 [INFO] AUV state: {'position': (10.430732970009558, 8.33135492913425), 'latlon': (42.3000773, -71.09987603333333), 'heading': 30.4, 'depth': 1.0, 'altitude': 10.0, 'roll': 0.0, 'pitch': 0.0, 'last_fix_time': datetime.datetime(2021, 7, 29, 3, 27, 34), 'speed': None, 'rudder': 0, 'datum': (42.3, -71.1)}
2021-07-29 04:27:35,880 [INFO] **** [(-23.7423696724552, -11.12114169690572)] [(-3.8976724629129076, -14.39446070104976), (20.815848501309762, -6.691184588142013)]
2021-07-29 04:27:35,882 [INFO] Next green buoy: [(-23.7423696724552, -11.12114169690572)], next red buoy: [(-3.8976724629129076, -14.39446070104976), (20.815848501309762, -6.691184588142013)]
2021-07-29 04:27:35,883 [INFO] Desired_heading: 16.579978932315946
2021-07-29 04:27:35,883 [INFO] delta angle: -25
2021-07-29 04:27:35,884 [INFO] sending message $BPRMB,032735.94,25,1,0,1000,0,1*46
...
2021-07-29 04:27:36,886 [INFO] sending message $BPSTS,032736.88,1,BWSI Autonomy OK*47
...
2021-07-29 04:27:36,887 [INFO] Processing: $BFNVG,032734.60,4218.004808,N,07105.992440,W,0,10.0,1.0,28.2,0.0,0.0,032734.60*6E
2021-07-29 04:27:36,889 [INFO] Interpreted as: {'position': (10.606109902320895, 8.641837269067764), 'latlon': (42.30008013333333, -71.099874), 'heading': 28.2, 'depth': 1.0, 'altitude': 10.0, 'roll': 0.0, 'pitch': 0.0, 'last_fix_time': datetime.datetime(2021, 7, 29, 3, 27, 34), 'speed': None, 'rudder': 0, 'datum': (42.3, -71.1)}
2021-07-29 04:27:36,890 [INFO] Processing: $BFNVG,032734.94,4218.004981,N,07105.992328,W,0,10.0,1.0,26.2,0.0,0.0,032734.94*69
2021-07-29 04:27:36,892 [INFO] Interpreted as: {'position': (10.76788504817523, 8.958210735581815), 'latlon': (42.30008301666667, -71.09987213333334), 'heading': 26.2, 'depth': 1.0, 'altitude': 10.0, 'roll': 0.0, 'pitch': 0.0, 'last_fix_time': datetime.datetime(2021, 7, 29, 3, 27, 34), 'speed': None, 'rudder': 0, 'datum': (42.3, -71.1)}
2021-07-29 04:27:36,893 [INFO] Processing: $BFNVG,032735.29,4218.005157,N,07105.992223,W,0,10.0,1.0,24.2,0.0,0.0,032735.29*63
2021-07-29 04:27:36,896 [INFO] Interpreted as: {'position': (10.920180045126472, 9.280373616144061), 'latlon': (42.30008595, -71.09987038333334), 'heading': 24.2, 'depth': 1.0, 'altitude': 10.0, 'roll': 0.0, 'pitch': 0.0, 'last_fix_time': datetime.datetime(2021, 7, 29, 3, 27, 35), 'speed': None, 'rudder': 0, 'datum': (42.3, -71.1)}
2021-07-29 04:27:36,897 [INFO] Processing: $BFNVG,032735.63,4218.005335,N,07105.992127,W,0,10.0,1.0,22.2,0.0,0.0,032735.63*64
2021-07-29 04:27:36,899 [INFO] Interpreted as: {'position': (11.060201466898434, 9.606543019413948), 'latlon': (42.30008891666667, -71.09986878333333), 'heading': 22.2, 'depth': 1.0, 'altitude': 10.0, 'roll': 0.0, 'pitch': 0.0, 'last_fix_time': datetime.datetime(2021, 7, 29, 3, 27, 35), 'speed': None, 'rudder': 0, 'datum': (42.3, -71.1)}
2021-07-29 04:27:36,900 [INFO] Received from Frontseat: [b'$BFNVG,032734.60,4218.004808,N,07105.992440,W,0,10.0,1.0,28.2,0.0,0.0,032734.60*6E', b'$BFNVG,032734.94,4218.004981,N,07105.992328,W,0,10.0,1.0,26.2,0.0,0.0,032734.94*69', b'$BFNVG,032735.29,4218.005157,N,07105.992223,W,0,10.0,1.0,24.2,0.0,0.0,032735.29*63', b'$BFNVG,032735.63,4218.005335,N,07105.992127,W,0,10.0,1.0,22.2,0.0,0.0,032735.63*64']
2021-07-29 04:27:36,901 [INFO] AUV state: {'position': (11.060201466898434, 9.606543019413948), 'latlon': (42.30008891666667, -71.09986878333333), 'heading': 22.2, 'depth': 1.0, 'altitude': 10.0, 'roll': 0.0, 'pitch': 0.0, 'last_fix_time': datetime.datetime(2021, 7, 29, 3, 27, 35), 'speed': None, 'rudder': 0, 'datum': (42.3, -71.1)}
2021-07-29 04:27:37,251 [INFO] **** [(-21.947805748528854, -14.641611352117078), (23.00753030844208, -6.640401513944322)] [(5.534698599854378, -21.498030460093236)]
2021-07-29 04:27:37,254 [INFO] Next green buoy: [(-21.947805748528854, -14.641611352117078), (23.00753030844208, -6.640401513944322)], next red buoy: [(5.534698599854378, -21.498030460093236)]
2021-07-29 04:27:37,254 [INFO] Desired_heading: 13.99344642566276
2021-07-29 04:27:37,255 [INFO] delta angle: -18.80750563111161
2021-07-29 04:27:37,255 [INFO] sending message $BPRMB,032737.83,18.80750563111161,1,0,1000,0,1*6f
...
2021-07-29 04:27:38,257 [INFO] sending message $BPSTS,032738.25,1,BWSI Autonomy OK*4e
...
2021-07-29 04:27:38,259 [INFO] Processing: $BFNVG,032735.98,4218.005517,N,07105.992039,W,0,10.0,1.0,20.2,0.0,0.0,032735.98*6E
2021-07-29 04:27:38,261 [INFO] Interpreted as: {'position': (11.189414529420901, 9.94038643874228), 'latlon': (42.30009195, -71.09986731666666), 'heading': 20.2, 'depth': 1.0, 'altitude': 10.0, 'roll': 0.0, 'pitch': 0.0, 'last_fix_time': datetime.datetime(2021, 7, 29, 3, 27, 35), 'speed': None, 'rudder': 0, 'datum': (42.3, -71.1)}
2021-07-29 04:27:38,262 [INFO] Processing: $BFNVG,032736.33,4218.005701,N,07105.991960,W,0,10.0,1.0,18.0,0.0,0.0,032736.33*64
2021-07-29 04:27:38,265 [INFO] Interpreted as: {'position': (11.306354019674473, 10.27823637984693), 'latlon': (42.30009501666667, -71.099866), 'heading': 18.0, 'depth': 1.0, 'altitude': 10.0, 'roll': 0.0, 'pitch': 0.0, 'last_fix_time': datetime.datetime(2021, 7, 29, 3, 27, 36), 'speed': None, 'rudder': 0, 'datum': (42.3, -71.1)}
2021-07-29 04:27:38,267 [INFO] Processing: $BFNVG,032736.68,4218.005889,N,07105.991890,W,0,10.0,1.0,15.8,0.0,0.0,032736.68*60
2021-07-29 04:27:38,269 [INFO] Interpreted as: {'position': (11.41111127793556, 10.623794235289097), 'latlon': (42.30009815, -71.09986483333333), 'heading': 15.8, 'depth': 1.0, 'altitude': 10.0, 'roll': 0.0, 'pitch': 0.0, 'last_fix_time': datetime.datetime(2021, 7, 29, 3, 27, 36), 'speed': None, 'rudder': 0, 'datum': (42.3, -71.1)}
2021-07-29 04:27:38,270 [INFO] Processing: $BFNVG,032737.03,4218.006078,N,07105.991830,W,0,10.0,1.0,13.6,0.0,0.0,032737.03*67
2021-07-29 04:27:38,272 [INFO] Interpreted as: {'position': (11.502175420406274, 10.97154182009399), 'latlon': (42.3001013, -71.09986383333333), 'heading': 13.6, 'depth': 1.0, 'altitude': 10.0, 'roll': 0.0, 'pitch': 0.0, 'last_fix_time': datetime.datetime(2021, 7, 29, 3, 27, 37), 'speed': None, 'rudder': 0, 'datum': (42.3, -71.1)}
2021-07-29 04:27:38,274 [INFO] Received from Frontseat: [b'$BFNVG,032735.98,4218.005517,N,07105.992039,W,0,10.0,1.0,20.2,0.0,0.0,032735.98*6E', b'$BFNVG,032736.33,4218.005701,N,07105.991960,W,0,10.0,1.0,18.0,0.0,0.0,032736.33*64', b'$BFNVG,032736.68,4218.005889,N,07105.991890,W,0,10.0,1.0,15.8,0.0,0.0,032736.68*60', b'$BFNVG,032737.03,4218.006078,N,07105.991830,W,0,10.0,1.0,13.6,0.0,0.0,032737.03*67']
2021-07-29 04:27:38,275 [INFO] AUV state: {'position': (11.502175420406274, 10.97154182009399), 'latlon': (42.3001013, -71.09986383333333), 'heading': 13.6, 'depth': 1.0, 'altitude': 10.0, 'roll': 0.0, 'pitch': 0.0, 'last_fix_time': datetime.datetime(2021, 7, 29, 3, 27, 37), 'speed': None, 'rudder': 0, 'datum': (42.3, -71.1)}
2021-07-29 04:27:38,653 [INFO] **** [(-21.798948859615667, -21.62265820255936)] [(23.876159200828127, -23.74663510642676)]
2021-07-29 04:27:38,655 [INFO] Next green buoy: [(-21.798948859615667, -21.62265820255936)], next red buoy: [(23.876159200828127, -23.74663510642676)]
2021-07-29 04:27:38,656 [INFO] Desired_heading: 14.63860517060623
2021-07-29 04:27:38,656 [INFO] delta angle: 0.8467704765689021
2021-07-29 04:27:38,657 [INFO] sending message $BPRMB,032738.68,-0.8467704765689021,1,0,1000,0,1*72
...
2021-07-29 04:27:39,659 [INFO] sending message $BPSTS,032739.65,1,BWSI Autonomy OK*4b
...
2021-07-29 04:27:39,660 [INFO] Processing: $BFNVG,032737.38,4218.006269,N,07105.991780,W,0,10.0,1.0,11.4,0.0,0.0,032737.38*61
2021-07-29 04:27:39,668 [INFO] Interpreted as: {'position': (11.579592116293497, 11.323329827748239), 'latlon': (42.300104483333335, -71.099863), 'heading': 11.4, 'depth': 1.0, 'altitude': 10.0, 'roll': 0.0, 'pitch': 0.0, 'last_fix_time': datetime.datetime(2021, 7, 29, 3, 27, 37), 'speed': None, 'rudder': 0, 'datum': (42.3, -71.1)}
2021-07-29 04:27:39,669 [INFO] Processing: $BFNVG,032737.73,4218.006461,N,07105.991738,W,0,10.0,1.0,9.8,0.0,0.0,032737.73*59
2021-07-29 04:27:39,671 [INFO] Interpreted as: {'position': (11.64606345735956, 11.677239755168557), 'latlon': (42.30010768333333, -71.0998623), 'heading': 9.8, 'depth': 1.0, 'altitude': 10.0, 'roll': 0.0, 'pitch': 0.0, 'last_fix_time': datetime.datetime(2021, 7, 29, 3, 27, 37), 'speed': None, 'rudder': 0, 'datum': (42.3, -71.1)}
2021-07-29 04:27:39,672 [INFO] Processing: $BFNVG,032738.08,4218.006654,N,07105.991704,W,0,10.0,1.0,8.1,0.0,0.0,032738.08*5A
2021-07-29 04:27:39,674 [INFO] Interpreted as: {'position': (11.701589443371631, 12.033271604217589), 'latlon': (42.3001109, -71.09986173333333), 'heading': 8.1, 'depth': 1.0, 'altitude': 10.0, 'roll': 0.0, 'pitch': 0.0, 'last_fix_time': datetime.datetime(2021, 7, 29, 3, 27, 38), 'speed': None, 'rudder': 0, 'datum': (42.3, -71.1)}
2021-07-29 04:27:39,675 [INFO] Processing: $BFNVG,032738.43,4218.006847,N,07105.991677,W,0,10.0,1.0,6.5,0.0,0.0,032738.43*59
2021-07-29 04:27:39,678 [INFO] Interpreted as: {'position': (11.747498281823937, 12.389540773816407), 'latlon': (42.30011411666667, -71.09986128333334), 'heading': 6.5, 'depth': 1.0, 'altitude': 10.0, 'roll': 0.0, 'pitch': 0.0, 'last_fix_time': datetime.datetime(2021, 7, 29, 3, 27, 38), 'speed': None, 'rudder': 0, 'datum': (42.3, -71.1)}
2021-07-29 04:27:39,679 [INFO] Received from Frontseat: [b'$BFNVG,032737.38,4218.006269,N,07105.991780,W,0,10.0,1.0,11.4,0.0,0.0,032737.38*61', b'$BFNVG,032737.73,4218.006461,N,07105.991738,W,0,10.0,1.0,9.8,0.0,0.0,032737.73*59', b'$BFNVG,032738.08,4218.006654,N,07105.991704,W,0,10.0,1.0,8.1,0.0,0.0,032738.08*5A', b'$BFNVG,032738.43,4218.006847,N,07105.991677,W,0,10.0,1.0,6.5,0.0,0.0,032738.43*59']
2021-07-29 04:27:39,680 [INFO] AUV state: {'position': (11.747498281823937, 12.389540773816407), 'latlon': (42.30011411666667, -71.09986128333334), 'heading': 6.5, 'depth': 1.0, 'altitude': 10.0, 'roll': 0.0, 'pitch': 0.0, 'last_fix_time': datetime.datetime(2021, 7, 29, 3, 27, 38), 'speed': None, 'rudder': 0, 'datum': (42.3, -71.1)}
2021-07-29 04:27:39,986 [INFO] **** [] []
2021-07-29 04:27:39,988 [INFO] Next green buoy: [], next red buoy: []
2021-07-29 04:27:39,989 [INFO] Desired_heading: 6.5
2021-07-29 04:27:39,989 [INFO] delta angle: 0.0
2021-07-29 04:27:39,990 [INFO] sending message $BPRMB,032740.63,-0.0,1,0,1000,0,1*48
...
2021-07-29 04:27:40,991 [INFO] sending message $BPSTS,032740.99,1,BWSI Autonomy OK*46
...
2021-07-29 04:27:40,993 [INFO] Processing: $BFNVG,032738.78,4218.007041,N,07105.991658,W,0,10.0,1.0,4.8,0.0,0.0,032738.78*54
2021-07-29 04:27:40,995 [INFO] Interpreted as: {'position': (11.782461768307257, 12.74793186224997), 'latlon': (42.30011735, -71.09986096666667), 'heading': 4.8, 'depth': 1.0, 'altitude': 10.0, 'roll': 0.0, 'pitch': 0.0, 'last_fix_time': datetime.datetime(2021, 7, 29, 3, 27, 38), 'speed': None, 'rudder': 0, 'datum': (42.3, -71.1)}
2021-07-29 04:27:40,996 [INFO] Processing: $BFNVG,032739.13,4218.007235,N,07105.991642,W,0,10.0,1.0,4.9,0.0,0.0,032739.13*5F
2021-07-29 04:27:40,998 [INFO] Interpreted as: {'position': (11.813303621136583, 13.106424658559263), 'latlon': (42.30012058333333, -71.0998607), 'heading': 4.9, 'depth': 1.0, 'altitude': 10.0, 'roll': 0.0, 'pitch': 0.0, 'last_fix_time': datetime.datetime(2021, 7, 29, 3, 27, 39), 'speed': None, 'rudder': 0, 'datum': (42.3, -71.1)}
2021-07-29 04:27:40,999 [INFO] Processing: $BFNVG,032739.48,4218.007430,N,07105.991626,W,0,10.0,1.0,5.0,0.0,0.0,032739.48*56
2021-07-29 04:27:41,001 [INFO] Interpreted as: {'position': (11.844191141368356, 13.466768153943121), 'latlon': (42.30012383333333, -71.09986043333333), 'heading': 5.0, 'depth': 1.0, 'altitude': 10.0, 'roll': 0.0, 'pitch': 0.0, 'last_fix_time': datetime.datetime(2021, 7, 29, 3, 27, 39), 'speed': None, 'rudder': 0, 'datum': (42.3, -71.1)}
2021-07-29 04:27:41,002 [INFO] Processing: $BFNVG,032739.83,4218.007624,N,07105.991609,W,0,10.0,1.0,5.0,0.0,0.0,032739.83*5C
2021-07-29 04:27:41,004 [INFO] Interpreted as: {'position': (11.876406869967468, 13.825227048248053), 'latlon': (42.30012706666667, -71.09986015), 'heading': 5.0, 'depth': 1.0, 'altitude': 10.0, 'roll': 0.0, 'pitch': 0.0, 'last_fix_time': datetime.datetime(2021, 7, 29, 3, 27, 39), 'speed': None, 'rudder': 0, 'datum': (42.3, -71.1)}
2021-07-29 04:27:41,005 [INFO] Received from Frontseat: [b'$BFNVG,032738.78,4218.007041,N,07105.991658,W,0,10.0,1.0,4.8,0.0,0.0,032738.78*54', b'$BFNVG,032739.13,4218.007235,N,07105.991642,W,0,10.0,1.0,4.9,0.0,0.0,032739.13*5F', b'$BFNVG,032739.48,4218.007430,N,07105.991626,W,0,10.0,1.0,5.0,0.0,0.0,032739.48*56', b'$BFNVG,032739.83,4218.007624,N,07105.991609,W,0,10.0,1.0,5.0,0.0,0.0,032739.83*5C']
2021-07-29 04:27:41,006 [INFO] AUV state: {'position': (11.876406869967468, 13.825227048248053), 'latlon': (42.30012706666667, -71.09986015), 'heading': 5.0, 'depth': 1.0, 'altitude': 10.0, 'roll': 0.0, 'pitch': 0.0, 'last_fix_time': datetime.datetime(2021, 7, 29, 3, 27, 39), 'speed': None, 'rudder': 0, 'datum': (42.3, -71.1)}
2021-07-29 04:27:41,308 [INFO] **** [] []
2021-07-29 04:27:41,311 [INFO] Next green buoy: [], next red buoy: []
2021-07-29 04:27:41,311 [INFO] Desired_heading: 5.0
2021-07-29 04:27:41,311 [INFO] delta angle: 0.0
2021-07-29 04:27:41,312 [INFO] sending message $BPRMB,032741.34,-0.0,1,0,1000,0,1*4b
...
2021-07-29 04:27:42,314 [INFO] sending message $BPSTS,032742.31,1,BWSI Autonomy OK*46
...
2021-07-29 04:27:42,315 [INFO] Processing: $BFNVG,032740.18,4218.007819,N,07105.991592,W,0,10.0,1.0,5.1,0.0,0.0,032740.18*5C
2021-07-29 04:27:42,317 [INFO] Interpreted as: {'position': (11.908668263698928, 14.185536640696228), 'latlon': (42.30013031666667, -71.09985986666666), 'heading': 5.1, 'depth': 1.0, 'altitude': 10.0, 'roll': 0.0, 'pitch': 0.0, 'last_fix_time': datetime.datetime(2021, 7, 29, 3, 27, 40), 'speed': None, 'rudder': 0, 'datum': (42.3, -71.1)}
2021-07-29 04:27:42,318 [INFO] Processing: $BFNVG,032740.53,4218.008012,N,07105.991575,W,0,10.0,1.0,5.1,0.0,0.0,032740.53*59
2021-07-29 04:27:42,320 [INFO] Interpreted as: {'position': (11.940838319365866, 14.542144837789237), 'latlon': (42.30013353333333, -71.09985958333333), 'heading': 5.1, 'depth': 1.0, 'altitude': 10.0, 'roll': 0.0, 'pitch': 0.0, 'last_fix_time': datetime.datetime(2021, 7, 29, 3, 27, 40), 'speed': None, 'rudder': 0, 'datum': (42.3, -71.1)}
2021-07-29 04:27:42,321 [INFO] Processing: $BFNVG,032740.88,4218.008206,N,07105.991559,W,0,10.0,1.0,5.1,0.0,0.0,032740.88*50
2021-07-29 04:27:42,324 [INFO] Interpreted as: {'position': (11.971680163522251, 14.90063763782382), 'latlon': (42.30013676666667, -71.09985931666667), 'heading': 5.1, 'depth': 1.0, 'altitude': 10.0, 'roll': 0.0, 'pitch': 0.0, 'last_fix_time': datetime.datetime(2021, 7, 29, 3, 27, 40), 'speed': None, 'rudder': 0, 'datum': (42.3, -71.1)}
2021-07-29 04:27:42,325 [INFO] Processing: $BFNVG,032741.23,4218.008401,N,07105.991541,W,0,10.0,1.0,5.1,0.0,0.0,032741.23*58
2021-07-29 04:27:42,327 [INFO] Interpreted as: {'position': (12.005315428599715, 15.260913328267634), 'latlon': (42.30014001666667, -71.09985901666667), 'heading': 5.1, 'depth': 1.0, 'altitude': 10.0, 'roll': 0.0, 'pitch': 0.0, 'last_fix_time': datetime.datetime(2021, 7, 29, 3, 27, 41), 'speed': None, 'rudder': 0, 'datum': (42.3, -71.1)}
2021-07-29 04:27:42,328 [INFO] Received from Frontseat: [b'$BFNVG,032740.18,4218.007819,N,07105.991592,W,0,10.0,1.0,5.1,0.0,0.0,032740.18*5C', b'$BFNVG,032740.53,4218.008012,N,07105.991575,W,0,10.0,1.0,5.1,0.0,0.0,032740.53*59', b'$BFNVG,032740.88,4218.008206,N,07105.991559,W,0,10.0,1.0,5.1,0.0,0.0,032740.88*50', b'$BFNVG,032741.23,4218.008401,N,07105.991541,W,0,10.0,1.0,5.1,0.0,0.0,032741.23*58']
2021-07-29 04:27:42,329 [INFO] AUV state: {'position': (12.005315428599715, 15.260913328267634), 'latlon': (42.30014001666667, -71.09985901666667), 'heading': 5.1, 'depth': 1.0, 'altitude': 10.0, 'roll': 0.0, 'pitch': 0.0, 'last_fix_time': datetime.datetime(2021, 7, 29, 3, 27, 41), 'speed': None, 'rudder': 0, 'datum': (42.3, -71.1)}
2021-07-29 04:27:42,626 [INFO] **** [] []
2021-07-29 04:27:42,628 [INFO] Next green buoy: [], next red buoy: []
2021-07-29 04:27:42,629 [INFO] Desired_heading: 5.1
2021-07-29 04:27:42,629 [INFO] delta angle: 0.0
2021-07-29 04:27:42,630 [INFO] sending message $BPRMB,032743.27,-0.0,1,0,1000,0,1*4b
...
2021-07-29 04:27:43,631 [INFO] sending message $BPSTS,032743.63,1,BWSI Autonomy OK*40
...
2021-07-29 04:27:43,633 [INFO] Processing: $BFNVG,032741.59,4218.008601,N,07105.991524,W,0,10.0,1.0,5.1,0.0,0.0,032741.59*59
2021-07-29 04:27:43,635 [INFO] Interpreted as: {'position': (12.037805160623975, 15.630476407706738), 'latlon': (42.30014335, -71.09985873333333), 'heading': 5.1, 'depth': 1.0, 'altitude': 10.0, 'roll': 0.0, 'pitch': 0.0, 'last_fix_time': datetime.datetime(2021, 7, 29, 3, 27, 41), 'speed': None, 'rudder': 0, 'datum': (42.3, -71.1)}
2021-07-29 04:27:43,636 [INFO] Processing: $BFNVG,032741.94,4218.008794,N,07105.991507,W,0,10.0,1.0,5.1,0.0,0.0,032741.94*55
2021-07-29 04:27:43,638 [INFO] Interpreted as: {'position': (12.069975206977688, 15.98708460573107), 'latlon': (42.30014656666667, -71.09985845), 'heading': 5.1, 'depth': 1.0, 'altitude': 10.0, 'roll': 0.0, 'pitch': 0.0, 'last_fix_time': datetime.datetime(2021, 7, 29, 3, 27, 41), 'speed': None, 'rudder': 0, 'datum': (42.3, -71.1)}
2021-07-29 04:27:43,639 [INFO] Processing: $BFNVG,032742.29,4218.008991,N,07105.991490,W,0,10.0,1.0,5.1,0.0,0.0,032742.29*51
2021-07-29 04:27:43,641 [INFO] Interpreted as: {'position': (12.102327927830629, 16.351095594465733), 'latlon': (42.30014985, -71.09985816666666), 'heading': 5.1, 'depth': 1.0, 'altitude': 10.0, 'roll': 0.0, 'pitch': 0.0, 'last_fix_time': datetime.datetime(2021, 7, 29, 3, 27, 42), 'speed': None, 'rudder': 0, 'datum': (42.3, -71.1)}
2021-07-29 04:27:43,642 [INFO] Received from Frontseat: [b'$BFNVG,032741.59,4218.008601,N,07105.991524,W,0,10.0,1.0,5.1,0.0,0.0,032741.59*59', b'$BFNVG,032741.94,4218.008794,N,07105.991507,W,0,10.0,1.0,5.1,0.0,0.0,032741.94*55', b'$BFNVG,032742.29,4218.008991,N,07105.991490,W,0,10.0,1.0,5.1,0.0,0.0,032742.29*51']
2021-07-29 04:27:43,643 [INFO] AUV state: {'position': (12.102327927830629, 16.351095594465733), 'latlon': (42.30014985, -71.09985816666666), 'heading': 5.1, 'depth': 1.0, 'altitude': 10.0, 'roll': 0.0, 'pitch': 0.0, 'last_fix_time': datetime.datetime(2021, 7, 29, 3, 27, 42), 'speed': None, 'rudder': 0, 'datum': (42.3, -71.1)}
2021-07-29 04:27:43,940 [INFO] **** [] []
2021-07-29 04:27:43,942 [INFO] Next green buoy: [], next red buoy: []
2021-07-29 04:27:43,942 [INFO] Desired_heading: 5.1
2021-07-29 04:27:43,943 [INFO] delta angle: 0.0
2021-07-29 04:27:43,943 [INFO] sending message $BPRMB,032743.98,-0.0,1,0,1000,0,1*4f
...
2021-07-29 04:27:44,945 [INFO] sending message $BPSTS,032744.94,1,BWSI Autonomy OK*4f
...
2021-07-29 04:27:44,946 [INFO] Processing: $BFNVG,032742.64,4218.009184,N,07105.991473,W,0,10.0,1.0,5.1,0.0,0.0,032742.64*51
2021-07-29 04:27:44,956 [INFO] Interpreted as: {'position': (12.134497972554527, 16.70770379435271), 'latlon': (42.30015306666667, -71.09985788333333), 'heading': 5.1, 'depth': 1.0, 'altitude': 10.0, 'roll': 0.0, 'pitch': 0.0, 'last_fix_time': datetime.datetime(2021, 7, 29, 3, 27, 42), 'speed': None, 'rudder': 0, 'datum': (42.3, -71.1)}
2021-07-29 04:27:44,957 [INFO] Processing: $BFNVG,032742.99,4218.009378,N,07105.991456,W,0,10.0,1.0,5.1,0.0,0.0,032742.99*57
2021-07-29 04:27:44,959 [INFO] Interpreted as: {'position': (12.16671368025709, 17.06616269145161), 'latlon': (42.3001563, -71.0998576), 'heading': 5.1, 'depth': 1.0, 'altitude': 10.0, 'roll': 0.0, 'pitch': 0.0, 'last_fix_time': datetime.datetime(2021, 7, 29, 3, 27, 42), 'speed': None, 'rudder': 0, 'datum': (42.3, -71.1)}
2021-07-29 04:27:44,960 [INFO] Processing: $BFNVG,032743.34,4218.009572,N,07105.991439,W,0,10.0,1.0,5.1,0.0,0.0,032743.34*52
2021-07-29 04:27:44,963 [INFO] Interpreted as: {'position': (12.198929390404373, 17.424621588550508), 'latlon': (42.300159533333336, -71.09985731666667), 'heading': 5.1, 'depth': 1.0, 'altitude': 10.0, 'roll': 0.0, 'pitch': 0.0, 'last_fix_time': datetime.datetime(2021, 7, 29, 3, 27, 43), 'speed': None, 'rudder': 0, 'datum': (42.3, -71.1)}
2021-07-29 04:27:44,964 [INFO] Processing: $BFNVG,032743.71,4218.009776,N,07105.991421,W,0,10.0,1.0,5.1,0.0,0.0,032743.71*5D
2021-07-29 04:27:44,967 [INFO] Interpreted as: {'position': (12.232975666120183, 17.801553553901613), 'latlon': (42.30016293333333, -71.09985701666666), 'heading': 5.1, 'depth': 1.0, 'altitude': 10.0, 'roll': 0.0, 'pitch': 0.0, 'last_fix_time': datetime.datetime(2021, 7, 29, 3, 27, 43), 'speed': None, 'rudder': 0, 'datum': (42.3, -71.1)}
2021-07-29 04:27:44,969 [INFO] Received from Frontseat: [b'$BFNVG,032742.64,4218.009184,N,07105.991473,W,0,10.0,1.0,5.1,0.0,0.0,032742.64*51', b'$BFNVG,032742.99,4218.009378,N,07105.991456,W,0,10.0,1.0,5.1,0.0,0.0,032742.99*57', b'$BFNVG,032743.34,4218.009572,N,07105.991439,W,0,10.0,1.0,5.1,0.0,0.0,032743.34*52', b'$BFNVG,032743.71,4218.009776,N,07105.991421,W,0,10.0,1.0,5.1,0.0,0.0,032743.71*5D']
2021-07-29 04:27:44,970 [INFO] AUV state: {'position': (12.232975666120183, 17.801553553901613), 'latlon': (42.30016293333333, -71.09985701666666), 'heading': 5.1, 'depth': 1.0, 'altitude': 10.0, 'roll': 0.0, 'pitch': 0.0, 'last_fix_time': datetime.datetime(2021, 7, 29, 3, 27, 43), 'speed': None, 'rudder': 0, 'datum': (42.3, -71.1)}
2021-07-29 04:27:45,259 [INFO] **** [] []
2021-07-29 04:27:45,261 [INFO] Next green buoy: [], next red buoy: []
2021-07-29 04:27:45,262 [INFO] Desired_heading: 5.1
2021-07-29 04:27:45,262 [INFO] delta angle: 0.0
2021-07-29 04:27:45,263 [INFO] sending message $BPRMB,032745.90,-0.0,1,0,1000,0,1*41
...
2021-07-29 04:27:46,265 [INFO] sending message $BPSTS,032746.26,1,BWSI Autonomy OK*44
...
2021-07-29 04:27:46,267 [INFO] Processing: $BFNVG,032744.06,4218.009970,N,07105.991404,W,0,10.0,1.0,5.1,0.0,0.0,032744.06*52
2021-07-29 04:27:46,269 [INFO] Interpreted as: {'position': (12.265191370388493, 18.160012452863157), 'latlon': (42.30016616666666, -71.09985673333334), 'heading': 5.1, 'depth': 1.0, 'altitude': 10.0, 'roll': 0.0, 'pitch': 0.0, 'last_fix_time': datetime.datetime(2021, 7, 29, 3, 27, 44), 'speed': None, 'rudder': 0, 'datum': (42.3, -71.1)}
2021-07-29 04:27:46,271 [INFO] Processing: $BFNVG,032744.41,4218.010164,N,07105.991388,W,0,10.0,1.0,5.1,0.0,0.0,032744.41*54
2021-07-29 04:27:46,274 [INFO] Interpreted as: {'position': (12.296033196616918, 18.51850525289774), 'latlon': (42.3001694, -71.09985646666667), 'heading': 5.1, 'depth': 1.0, 'altitude': 10.0, 'roll': 0.0, 'pitch': 0.0, 'last_fix_time': datetime.datetime(2021, 7, 29, 3, 27, 44), 'speed': None, 'rudder': 0, 'datum': (42.3, -71.1)}
2021-07-29 04:27:46,275 [INFO] Processing: $BFNVG,032744.76,4218.010357,N,07105.991371,W,0,10.0,1.0,5.1,0.0,0.0,032744.76*50
2021-07-29 04:27:46,277 [INFO] Interpreted as: {'position': (12.328203228185885, 18.875113454647362), 'latlon': (42.300172616666664, -71.09985618333333), 'heading': 5.1, 'depth': 1.0, 'altitude': 10.0, 'roll': 0.0, 'pitch': 0.0, 'last_fix_time': datetime.datetime(2021, 7, 29, 3, 27, 44), 'speed': None, 'rudder': 0, 'datum': (42.3, -71.1)}
2021-07-29 04:27:46,278 [INFO] Processing: $BFNVG,032745.11,4218.010552,N,07105.991354,W,0,10.0,1.0,5.1,0.0,0.0,032745.11*54
2021-07-29 04:27:46,280 [INFO] Interpreted as: {'position': (12.360464596073143, 19.235423048958182), 'latlon': (42.30017586666666, -71.0998559), 'heading': 5.1, 'depth': 1.0, 'altitude': 10.0, 'roll': 0.0, 'pitch': 0.0, 'last_fix_time': datetime.datetime(2021, 7, 29, 3, 27, 45), 'speed': None, 'rudder': 0, 'datum': (42.3, -71.1)}
2021-07-29 04:27:46,281 [INFO] Received from Frontseat: [b'$BFNVG,032744.06,4218.009970,N,07105.991404,W,0,10.0,1.0,5.1,0.0,0.0,032744.06*52', b'$BFNVG,032744.41,4218.010164,N,07105.991388,W,0,10.0,1.0,5.1,0.0,0.0,032744.41*54', b'$BFNVG,032744.76,4218.010357,N,07105.991371,W,0,10.0,1.0,5.1,0.0,0.0,032744.76*50', b'$BFNVG,032745.11,4218.010552,N,07105.991354,W,0,10.0,1.0,5.1,0.0,0.0,032745.11*54']
2021-07-29 04:27:46,282 [INFO] AUV state: {'position': (12.360464596073143, 19.235423048958182), 'latlon': (42.30017586666666, -71.0998559), 'heading': 5.1, 'depth': 1.0, 'altitude': 10.0, 'roll': 0.0, 'pitch': 0.0, 'last_fix_time': datetime.datetime(2021, 7, 29, 3, 27, 45), 'speed': None, 'rudder': 0, 'datum': (42.3, -71.1)}
2021-07-29 04:27:46,571 [INFO] **** [] []
2021-07-29 04:27:46,573 [INFO] Next green buoy: [], next red buoy: []
2021-07-29 04:27:46,574 [INFO] Desired_heading: 5.1
2021-07-29 04:27:46,574 [INFO] delta angle: 0.0
2021-07-29 04:27:46,575 [INFO] sending message $BPRMB,032746.62,-0.0,1,0,1000,0,1*4f
...
2021-07-29 04:27:47,576 [INFO] sending message $BPSTS,032747.57,1,BWSI Autonomy OK*43
...
2021-07-29 04:27:47,577 [INFO] Processing: $BFNVG,032745.46,4218.010747,N,07105.991337,W,0,10.0,1.0,5.1,0.0,0.0,032745.46*57
2021-07-29 04:27:47,580 [INFO] Interpreted as: {'position': (12.392725962097757, 19.59573264606297), 'latlon': (42.30017911666667, -71.09985561666667), 'heading': 5.1, 'depth': 1.0, 'altitude': 10.0, 'roll': 0.0, 'pitch': 0.0, 'last_fix_time': datetime.datetime(2021, 7, 29, 3, 27, 45), 'speed': None, 'rudder': 0, 'datum': (42.3, -71.1)}
2021-07-29 04:27:47,581 [INFO] Processing: $BFNVG,032745.81,4218.010943,N,07105.991319,W,0,10.0,1.0,5.1,0.0,0.0,032745.81*51
2021-07-29 04:27:47,582 [INFO] Interpreted as: {'position': (12.426406873273663, 19.957859037443995), 'latlon': (42.300182383333336, -71.09985531666666), 'heading': 5.1, 'depth': 1.0, 'altitude': 10.0, 'roll': 0.0, 'pitch': 0.0, 'last_fix_time': datetime.datetime(2021, 7, 29, 3, 27, 45), 'speed': None, 'rudder': 0, 'datum': (42.3, -71.1)}
2021-07-29 04:27:47,583 [INFO] Processing: $BFNVG,032746.16,4218.011138,N,07105.991302,W,0,10.0,1.0,5.1,0.0,0.0,032746.16*5E
2021-07-29 04:27:47,585 [INFO] Interpreted as: {'position': (12.458668237668462, 20.31816863361746), 'latlon': (42.300185633333335, -71.09985503333333), 'heading': 5.1, 'depth': 1.0, 'altitude': 10.0, 'roll': 0.0, 'pitch': 0.0, 'last_fix_time': datetime.datetime(2021, 7, 29, 3, 27, 46), 'speed': None, 'rudder': 0, 'datum': (42.3, -71.1)}
2021-07-29 04:27:47,586 [INFO] Processing: $BFNVG,032746.51,4218.011333,N,07105.991285,W,0,10.0,1.0,5.1,0.0,0.0,032746.51*59
2021-07-29 04:27:47,588 [INFO] Interpreted as: {'position': (12.490929596067872, 20.678478228859603), 'latlon': (42.300188883333334, -71.09985475), 'heading': 5.1, 'depth': 1.0, 'altitude': 10.0, 'roll': 0.0, 'pitch': 0.0, 'last_fix_time': datetime.datetime(2021, 7, 29, 3, 27, 46), 'speed': None, 'rudder': 0, 'datum': (42.3, -71.1)}
2021-07-29 04:27:47,589 [INFO] Received from Frontseat: [b'$BFNVG,032745.46,4218.010747,N,07105.991337,W,0,10.0,1.0,5.1,0.0,0.0,032745.46*57', b'$BFNVG,032745.81,4218.010943,N,07105.991319,W,0,10.0,1.0,5.1,0.0,0.0,032745.81*51', b'$BFNVG,032746.16,4218.011138,N,07105.991302,W,0,10.0,1.0,5.1,0.0,0.0,032746.16*5E', b'$BFNVG,032746.51,4218.011333,N,07105.991285,W,0,10.0,1.0,5.1,0.0,0.0,032746.51*59']
2021-07-29 04:27:47,590 [INFO] AUV state: {'position': (12.490929596067872, 20.678478228859603), 'latlon': (42.300188883333334, -71.09985475), 'heading': 5.1, 'depth': 1.0, 'altitude': 10.0, 'roll': 0.0, 'pitch': 0.0, 'last_fix_time': datetime.datetime(2021, 7, 29, 3, 27, 46), 'speed': None, 'rudder': 0, 'datum': (42.3, -71.1)}
2021-07-29 04:27:47,882 [INFO] **** [] []
2021-07-29 04:27:47,884 [INFO] Next green buoy: [], next red buoy: []
2021-07-29 04:27:47,885 [INFO] Desired_heading: 5.1
2021-07-29 04:27:47,885 [INFO] delta angle: 0.0
2021-07-29 04:27:47,886 [INFO] sending message $BPRMB,032748.52,-0.0,1,0,1000,0,1*42
...
2021-07-29 04:27:48,887 [INFO] sending message $BPSTS,032748.88,1,BWSI Autonomy OK*4e
...
2021-07-29 04:27:48,889 [INFO] Processing: $BFNVG,032746.87,4218.011528,N,07105.991268,W,0,10.0,1.0,5.1,0.0,0.0,032746.87*56
2021-07-29 04:27:48,891 [INFO] Interpreted as: {'position': (12.523190956795588, 21.038787826895714), 'latlon': (42.30019213333333, -71.09985446666667), 'heading': 5.1, 'depth': 1.0, 'altitude': 10.0, 'roll': 0.0, 'pitch': 0.0, 'last_fix_time': datetime.datetime(2021, 7, 29, 3, 27, 46), 'speed': None, 'rudder': 0, 'datum': (42.3, -71.1)}
2021-07-29 04:27:48,892 [INFO] Processing: $BFNVG,032747.23,4218.011731,N,07105.991251,W,0,10.0,1.0,5.1,0.0,0.0,032747.23*56
2021-07-29 04:27:48,894 [INFO] Interpreted as: {'position': (12.555817666230723, 21.41390300169587), 'latlon': (42.30019551666667, -71.09985418333333), 'heading': 5.1, 'depth': 1.0, 'altitude': 10.0, 'roll': 0.0, 'pitch': 0.0, 'last_fix_time': datetime.datetime(2021, 7, 29, 3, 27, 47), 'speed': None, 'rudder': 0, 'datum': (42.3, -71.1)}
2021-07-29 04:27:48,895 [INFO] Processing: $BFNVG,032747.59,4218.011930,N,07105.991233,W,0,10.0,1.0,5.1,0.0,0.0,032747.59*5D
2021-07-29 04:27:48,897 [INFO] Interpreted as: {'position': (12.589635572803672, 21.781581482850015), 'latlon': (42.30019883333333, -71.09985388333334), 'heading': 5.1, 'depth': 1.0, 'altitude': 10.0, 'roll': 0.0, 'pitch': 0.0, 'last_fix_time': datetime.datetime(2021, 7, 29, 3, 27, 47), 'speed': None, 'rudder': 0, 'datum': (42.3, -71.1)}
2021-07-29 04:27:48,898 [INFO] Received from Frontseat: [b'$BFNVG,032746.87,4218.011528,N,07105.991268,W,0,10.0,1.0,5.1,0.0,0.0,032746.87*56', b'$BFNVG,032747.23,4218.011731,N,07105.991251,W,0,10.0,1.0,5.1,0.0,0.0,032747.23*56', b'$BFNVG,032747.59,4218.011930,N,07105.991233,W,0,10.0,1.0,5.1,0.0,0.0,032747.59*5D']
2021-07-29 04:27:48,899 [INFO] AUV state: {'position': (12.589635572803672, 21.781581482850015), 'latlon': (42.30019883333333, -71.09985388333334), 'heading': 5.1, 'depth': 1.0, 'altitude': 10.0, 'roll': 0.0, 'pitch': 0.0, 'last_fix_time': datetime.datetime(2021, 7, 29, 3, 27, 47), 'speed': None, 'rudder': 0, 'datum': (42.3, -71.1)}
2021-07-29 04:27:49,196 [INFO] **** [] []
2021-07-29 04:27:49,198 [INFO] Next green buoy: [], next red buoy: []
2021-07-29 04:27:49,199 [INFO] Desired_heading: 5.1
2021-07-29 04:27:49,199 [INFO] delta angle: 0.0
2021-07-29 04:27:49,199 [INFO] sending message $BPRMB,032749.24,-0.0,1,0,1000,0,1*42
...
2021-07-29 04:27:50,201 [INFO] sending message $BPSTS,032750.20,1,BWSI Autonomy OK*45
...
2021-07-29 04:27:50,203 [INFO] Processing: $BFNVG,032747.95,4218.012126,N,07105.991216,W,0,10.0,1.0,5.1,0.0,0.0,032747.95*56
2021-07-29 04:27:50,218 [INFO] Interpreted as: {'position': (12.621942594880238, 22.143741779960692), 'latlon': (42.3002021, -71.0998536), 'heading': 5.1, 'depth': 1.0, 'altitude': 10.0, 'roll': 0.0, 'pitch': 0.0, 'last_fix_time': datetime.datetime(2021, 7, 29, 3, 27, 47), 'speed': None, 'rudder': 0, 'datum': (42.3, -71.1)}
2021-07-29 04:27:50,220 [INFO] Processing: $BFNVG,032748.30,4218.012322,N,07105.991199,W,0,10.0,1.0,5.1,0.0,0.0,032748.30*54
2021-07-29 04:27:50,222 [INFO] Interpreted as: {'position': (12.654249615035951, 22.505902076140046), 'latlon': (42.30020536666667, -71.09985331666667), 'heading': 5.1, 'depth': 1.0, 'altitude': 10.0, 'roll': 0.0, 'pitch': 0.0, 'last_fix_time': datetime.datetime(2021, 7, 29, 3, 27, 48), 'speed': None, 'rudder': 0, 'datum': (42.3, -71.1)}
2021-07-29 04:27:50,223 [INFO] Processing: $BFNVG,032748.65,4218.012518,N,07105.991182,W,0,10.0,1.0,5.1,0.0,0.0,032748.65*51
2021-07-29 04:27:50,225 [INFO] Interpreted as: {'position': (12.686556635424495, 22.868062371388078), 'latlon': (42.300208633333334, -71.09985303333333), 'heading': 5.1, 'depth': 1.0, 'altitude': 10.0, 'roll': 0.0, 'pitch': 0.0, 'last_fix_time': datetime.datetime(2021, 7, 29, 3, 27, 48), 'speed': None, 'rudder': 0, 'datum': (42.3, -71.1)}
2021-07-29 04:27:50,226 [INFO] Processing: $BFNVG,032749.00,4218.012713,N,07105.991165,W,0,10.0,1.0,5.1,0.0,0.0,032749.00*51
2021-07-29 04:27:50,228 [INFO] Interpreted as: {'position': (12.718817982822657, 23.228371967561543), 'latlon': (42.30021188333333, -71.09985275), 'heading': 5.1, 'depth': 1.0, 'altitude': 10.0, 'roll': 0.0, 'pitch': 0.0, 'last_fix_time': datetime.datetime(2021, 7, 29, 3, 27, 49), 'speed': None, 'rudder': 0, 'datum': (42.3, -71.1)}
2021-07-29 04:27:50,228 [INFO] Received from Frontseat: [b'$BFNVG,032747.95,4218.012126,N,07105.991216,W,0,10.0,1.0,5.1,0.0,0.0,032747.95*56', b'$BFNVG,032748.30,4218.012322,N,07105.991199,W,0,10.0,1.0,5.1,0.0,0.0,032748.30*54', b'$BFNVG,032748.65,4218.012518,N,07105.991182,W,0,10.0,1.0,5.1,0.0,0.0,032748.65*51', b'$BFNVG,032749.00,4218.012713,N,07105.991165,W,0,10.0,1.0,5.1,0.0,0.0,032749.00*51']
2021-07-29 04:27:50,229 [INFO] AUV state: {'position': (12.718817982822657, 23.228371967561543), 'latlon': (42.30021188333333, -71.09985275), 'heading': 5.1, 'depth': 1.0, 'altitude': 10.0, 'roll': 0.0, 'pitch': 0.0, 'last_fix_time': datetime.datetime(2021, 7, 29, 3, 27, 49), 'speed': None, 'rudder': 0, 'datum': (42.3, -71.1)}
2021-07-29 04:27:50,516 [INFO] **** [] []
2021-07-29 04:27:50,518 [INFO] Next green buoy: [], next red buoy: []
2021-07-29 04:27:50,519 [INFO] Desired_heading: 5.1
2021-07-29 04:27:50,519 [INFO] delta angle: 0.0
2021-07-29 04:27:50,519 [INFO] sending message $BPRMB,032751.15,-0.0,1,0,1000,0,1*49
...
2021-07-29 04:27:51,521 [INFO] sending message $BPSTS,032751.52,1,BWSI Autonomy OK*41
...
2021-07-29 04:27:51,522 [INFO] Processing: $BFNVG,032749.36,4218.012908,N,07105.991148,W,0,10.0,1.0,5.1,0.0,0.0,032749.36*5A
2021-07-29 04:27:51,524 [INFO] Interpreted as: {'position': (12.75107933045365, 23.588681566528976), 'latlon': (42.30021513333333, -71.09985246666666), 'heading': 5.1, 'depth': 1.0, 'altitude': 10.0, 'roll': 0.0, 'pitch': 0.0, 'last_fix_time': datetime.datetime(2021, 7, 29, 3, 27, 49), 'speed': None, 'rudder': 0, 'datum': (42.3, -71.1)}
2021-07-29 04:27:51,525 [INFO] Processing: $BFNVG,032749.71,4218.013103,N,07105.991131,W,0,10.0,1.0,5.1,0.0,0.0,032749.71*56
2021-07-29 04:27:51,527 [INFO] Interpreted as: {'position': (12.783340672031045, 23.94899116549641), 'latlon': (42.30021838333333, -71.09985218333334), 'heading': 5.1, 'depth': 1.0, 'altitude': 10.0, 'roll': 0.0, 'pitch': 0.0, 'last_fix_time': datetime.datetime(2021, 7, 29, 3, 27, 49), 'speed': None, 'rudder': 0, 'datum': (42.3, -71.1)}
2021-07-29 04:27:51,528 [INFO] Processing: $BFNVG,032750.06,4218.013297,N,07105.991114,W,0,10.0,1.0,5.1,0.0,0.0,032750.06*5F
2021-07-29 04:27:51,530 [INFO] Interpreted as: {'position': (12.815556346962694, 24.307450068183243), 'latlon': (42.30022161666667, -71.0998519), 'heading': 5.1, 'depth': 1.0, 'altitude': 10.0, 'roll': 0.0, 'pitch': 0.0, 'last_fix_time': datetime.datetime(2021, 7, 29, 3, 27, 50), 'speed': None, 'rudder': 0, 'datum': (42.3, -71.1)}
2021-07-29 04:27:51,531 [INFO] Processing: $BFNVG,032750.41,4218.013491,N,07105.991097,W,0,10.0,1.0,5.1,0.0,0.0,032750.41*55
2021-07-29 04:27:51,533 [INFO] Interpreted as: {'position': (12.847772017936222, 24.665908969007432), 'latlon': (42.30022485, -71.09985161666667), 'heading': 5.1, 'depth': 1.0, 'altitude': 10.0, 'roll': 0.0, 'pitch': 0.0, 'last_fix_time': datetime.datetime(2021, 7, 29, 3, 27, 50), 'speed': None, 'rudder': 0, 'datum': (42.3, -71.1)}
2021-07-29 04:27:51,534 [INFO] Received from Frontseat: [b'$BFNVG,032749.36,4218.012908,N,07105.991148,W,0,10.0,1.0,5.1,0.0,0.0,032749.36*5A', b'$BFNVG,032749.71,4218.013103,N,07105.991131,W,0,10.0,1.0,5.1,0.0,0.0,032749.71*56', b'$BFNVG,032750.06,4218.013297,N,07105.991114,W,0,10.0,1.0,5.1,0.0,0.0,032750.06*5F', b'$BFNVG,032750.41,4218.013491,N,07105.991097,W,0,10.0,1.0,5.1,0.0,0.0,032750.41*55']
2021-07-29 04:27:51,535 [INFO] AUV state: {'position': (12.847772017936222, 24.665908969007432), 'latlon': (42.30022485, -71.09985161666667), 'heading': 5.1, 'depth': 1.0, 'altitude': 10.0, 'roll': 0.0, 'pitch': 0.0, 'last_fix_time': datetime.datetime(2021, 7, 29, 3, 27, 50), 'speed': None, 'rudder': 0, 'datum': (42.3, -71.1)}
2021-07-29 04:27:51,827 [INFO] **** [] []
2021-07-29 04:27:51,830 [INFO] Next green buoy: [], next red buoy: []
2021-07-29 04:27:51,830 [INFO] Desired_heading: 5.1
2021-07-29 04:27:51,831 [INFO] delta angle: 0.0
2021-07-29 04:27:51,831 [INFO] sending message $BPRMB,032751.88,-0.0,1,0,1000,0,1*4d
...
2021-07-29 04:27:51,878 [ERROR] An error occurred. The stack trace is below.
Traceback (most recent call last):
  File "BWSI_BackSeat.py", line 126, in run
    time.sleep(1/self.__warp)
KeyboardInterrupt
