2021-07-28 22:57:43,813 [INFO] host = 192.168.1.213, port = 29500
2021-07-28 22:57:50,121 [INFO] sending message $BPLOG,ACK,ON*1e
...
2021-07-28 22:57:50,122 [INFO] sending message $BPLOG,ALL,ON*16
...
2021-07-28 22:57:50,123 [INFO] sending message $BPSTS,215750.12,1,BWSI Autonomy OK*43
...
2021-07-28 22:57:50,124 [INFO] Received from Frontseat: []
2021-07-28 22:57:50,125 [INFO] AUV state: {'position': (None, None), 'latlon': None, 'heading': None, 'depth': None, 'altitude': None, 'roll': None, 'pitch': None, 'last_fix_time': None, 'speed': None, 'rudder': 0}
2021-07-28 22:57:51,127 [INFO] sending message $BPSTS,215751.12,1,BWSI Autonomy OK*42
...
2021-07-28 22:57:51,128 [INFO] Processing: $BFNVG,215747.81,4218.000000,N,07106.000000,W,0,10.0,1.0,45.0,0.0,0.0,215747.81*62
2021-07-28 22:57:51,131 [INFO] Interpreted as: {'position': (0, 0), 'latlon': (42.3, -71.1), 'heading': 45.0, 'depth': 1.0, 'altitude': 10.0, 'roll': 0.0, 'pitch': 0.0, 'last_fix_time': datetime.datetime(2021, 7, 28, 21, 57, 47), 'speed': None, 'rudder': 0, 'datum': (42.3, -71.1)}
2021-07-28 22:57:51,132 [INFO] Processing: $BFNVG,215748.06,4218.000000,N,07106.000000,W,0,10.0,1.0,45.0,0.0,0.0,215748.06*62
2021-07-28 22:57:51,134 [INFO] Interpreted as: {'position': (0.0, 0.0), 'latlon': (42.3, -71.1), 'heading': 45.0, 'depth': 1.0, 'altitude': 10.0, 'roll': 0.0, 'pitch': 0.0, 'last_fix_time': datetime.datetime(2021, 7, 28, 21, 57, 48), 'speed': None, 'rudder': 0, 'datum': (42.3, -71.1)}
2021-07-28 22:57:51,135 [INFO] Processing: $BFNVG,215748.31,4218.000000,N,07106.000000,W,0,10.0,1.0,45.0,0.0,0.0,215748.31*62
2021-07-28 22:57:51,137 [INFO] Interpreted as: {'position': (0.0, 0.0), 'latlon': (42.3, -71.1), 'heading': 45.0, 'depth': 1.0, 'altitude': 10.0, 'roll': 0.0, 'pitch': 0.0, 'last_fix_time': datetime.datetime(2021, 7, 28, 21, 57, 48), 'speed': None, 'rudder': 0, 'datum': (42.3, -71.1)}
2021-07-28 22:57:51,138 [INFO] Processing: $BFNVG,215748.56,4218.000000,N,07106.000000,W,0,10.0,1.0,45.0,0.0,0.0,215748.56*62
2021-07-28 22:57:51,140 [INFO] Interpreted as: {'position': (0.0, 0.0), 'latlon': (42.3, -71.1), 'heading': 45.0, 'depth': 1.0, 'altitude': 10.0, 'roll': 0.0, 'pitch': 0.0, 'last_fix_time': datetime.datetime(2021, 7, 28, 21, 57, 48), 'speed': None, 'rudder': 0, 'datum': (42.3, -71.1)}
2021-07-28 22:57:51,141 [INFO] Processing: $BFNVG,215748.81,4218.000000,N,07106.000000,W,0,10.0,1.0,45.0,0.0,0.0,215748.81*62
2021-07-28 22:57:51,143 [INFO] Interpreted as: {'position': (0.0, 0.0), 'latlon': (42.3, -71.1), 'heading': 45.0, 'depth': 1.0, 'altitude': 10.0, 'roll': 0.0, 'pitch': 0.0, 'last_fix_time': datetime.datetime(2021, 7, 28, 21, 57, 48), 'speed': None, 'rudder': 0, 'datum': (42.3, -71.1)}
2021-07-28 22:57:51,144 [INFO] Processing: $BFNVG,215749.07,4218.000000,N,07106.000000,W,0,10.0,1.0,45.0,0.0,0.0,215749.07*62
2021-07-28 22:57:51,146 [INFO] Interpreted as: {'position': (0.0, 0.0), 'latlon': (42.3, -71.1), 'heading': 45.0, 'depth': 1.0, 'altitude': 10.0, 'roll': 0.0, 'pitch': 0.0, 'last_fix_time': datetime.datetime(2021, 7, 28, 21, 57, 49), 'speed': None, 'rudder': 0, 'datum': (42.3, -71.1)}
2021-07-28 22:57:51,147 [INFO] Processing: $BFNVG,215749.32,4218.000000,N,07106.000000,W,0,10.0,1.0,45.0,0.0,0.0,215749.32*62
2021-07-28 22:57:51,148 [INFO] Interpreted as: {'position': (0.0, 0.0), 'latlon': (42.3, -71.1), 'heading': 45.0, 'depth': 1.0, 'altitude': 10.0, 'roll': 0.0, 'pitch': 0.0, 'last_fix_time': datetime.datetime(2021, 7, 28, 21, 57, 49), 'speed': None, 'rudder': 0, 'datum': (42.3, -71.1)}
2021-07-28 22:57:51,149 [INFO] Processing: $BFNVG,215749.57,4218.000000,N,07106.000000,W,0,10.0,1.0,45.0,0.0,0.0,215749.57*62
2021-07-28 22:57:51,151 [INFO] Interpreted as: {'position': (0.0, 0.0), 'latlon': (42.3, -71.1), 'heading': 45.0, 'depth': 1.0, 'altitude': 10.0, 'roll': 0.0, 'pitch': 0.0, 'last_fix_time': datetime.datetime(2021, 7, 28, 21, 57, 49), 'speed': None, 'rudder': 0, 'datum': (42.3, -71.1)}
2021-07-28 22:57:51,152 [INFO] Processing: $BFNVG,215749.82,4218.000000,N,07106.000000,W,0,10.0,1.0,45.0,0.0,0.0,215749.82*62
2021-07-28 22:57:51,154 [INFO] Interpreted as: {'position': (0.0, 0.0), 'latlon': (42.3, -71.1), 'heading': 45.0, 'depth': 1.0, 'altitude': 10.0, 'roll': 0.0, 'pitch': 0.0, 'last_fix_time': datetime.datetime(2021, 7, 28, 21, 57, 49), 'speed': None, 'rudder': 0, 'datum': (42.3, -71.1)}
2021-07-28 22:57:51,155 [INFO] Processing: $BFNVG,215750.07,4218.000000,N,07106.000000,W,0,10.0,1.0,45.0,0.0,0.0,215750.07*62
2021-07-28 22:57:51,156 [INFO] Interpreted as: {'position': (0.0, 0.0), 'latlon': (42.3, -71.1), 'heading': 45.0, 'depth': 1.0, 'altitude': 10.0, 'roll': 0.0, 'pitch': 0.0, 'last_fix_time': datetime.datetime(2021, 7, 28, 21, 57, 50), 'speed': None, 'rudder': 0, 'datum': (42.3, -71.1)}
2021-07-28 22:57:51,157 [INFO] Processing: $BFNVG,215750.32,4218.000000,N,07106.000000,W,0,10.0,1.0,45.0,0.0,0.0,215750.32*62
2021-07-28 22:57:51,159 [INFO] Interpreted as: {'position': (0.0, 0.0), 'latlon': (42.3, -71.1), 'heading': 45.0, 'depth': 1.0, 'altitude': 10.0, 'roll': 0.0, 'pitch': 0.0, 'last_fix_time': datetime.datetime(2021, 7, 28, 21, 57, 50), 'speed': None, 'rudder': 0, 'datum': (42.3, -71.1)}
2021-07-28 22:57:51,160 [INFO] Received from Frontseat: [b'$BFNVG,215747.81,4218.000000,N,07106.000000,W,0,10.0,1.0,45.0,0.0,0.0,215747.81*62', b'$BFNVG,215748.06,4218.000000,N,07106.000000,W,0,10.0,1.0,45.0,0.0,0.0,215748.06*62', b'$BFNVG,215748.31,4218.000000,N,07106.000000,W,0,10.0,1.0,45.0,0.0,0.0,215748.31*62', b'$BFNVG,215748.56,4218.000000,N,07106.000000,W,0,10.0,1.0,45.0,0.0,0.0,215748.56*62', b'$BFNVG,215748.81,4218.000000,N,07106.000000,W,0,10.0,1.0,45.0,0.0,0.0,215748.81*62', b'$BFNVG,215749.07,4218.000000,N,07106.000000,W,0,10.0,1.0,45.0,0.0,0.0,215749.07*62', b'$BFNVG,215749.32,4218.000000,N,07106.000000,W,0,10.0,1.0,45.0,0.0,0.0,215749.32*62', b'$BFNVG,215749.57,4218.000000,N,07106.000000,W,0,10.0,1.0,45.0,0.0,0.0,215749.57*62', b'$BFNVG,215749.82,4218.000000,N,07106.000000,W,0,10.0,1.0,45.0,0.0,0.0,215749.82*62', b'$BFNVG,215750.07,4218.000000,N,07106.000000,W,0,10.0,1.0,45.0,0.0,0.0,215750.07*62', b'$BFNVG,215750.32,4218.000000,N,07106.000000,W,0,10.0,1.0,45.0,0.0,0.0,215750.32*62']
2021-07-28 22:57:51,160 [INFO] AUV state: {'position': (0.0, 0.0), 'latlon': (42.3, -71.1), 'heading': 45.0, 'depth': 1.0, 'altitude': 10.0, 'roll': 0.0, 'pitch': 0.0, 'last_fix_time': datetime.datetime(2021, 7, 28, 21, 57, 50), 'speed': None, 'rudder': 0, 'datum': (42.3, -71.1)}
2021-07-28 22:57:51,711 [INFO] **** [] [(-1.1943189149333595, 11.981951358955623), (-15.099285565436434, -2.465837525465926), (29.248690979578747, 10.713427835877972), (28.97938954077198, -16.499278735698223), (8.914999093125406, -22.216169314340263), (21.75287262093633, -13.370391025735833), (-9.894462754567337, -19.923853865129743), (-1.5647519327312844, -21.23167426781007), (1.4040387607589733, -20.740851304135305), (-3.966045980660134, -22.53573332197243), (16.12234298458331, -19.90818552765349), (7.808265698579272, -14.819000596057723), (7.435638062360447, 24.25360121897525)]
2021-07-28 22:57:51,712 [INFO] Next green buoy: [], next red buoy: [(-1.1943189149333595, 11.981951358955623), (-15.099285565436434, -2.465837525465926), (29.248690979578747, 10.713427835877972), (28.97938954077198, -16.499278735698223), (8.914999093125406, -22.216169314340263), (21.75287262093633, -13.370391025735833), (-9.894462754567337, -19.923853865129743), (-1.5647519327312844, -21.23167426781007), (1.4040387607589733, -20.740851304135305), (-3.966045980660134, -22.53573332197243), (16.12234298458331, -19.90818552765349), (7.808265698579272, -14.819000596057723), (7.435638062360447, 24.25360121897525)]
2021-07-28 22:57:51,713 [INFO] Desired_heading: 43.80568108506664
2021-07-28 22:57:51,713 [INFO] delta angle: -0.8323560278874425
2021-07-28 22:57:51,714 [INFO] sending message $BPRMB,215749.83,0.8323560278874425,1,0,750,0,1*6a
...
2021-07-28 22:57:52,716 [INFO] sending message $BPSTS,215752.71,1,BWSI Autonomy OK*44
...
2021-07-28 22:57:52,717 [INFO] Processing: $BFNVG,215750.71,4218.000000,N,07106.000000,W,0,10.0,1.0,45.0,0.0,0.0,215750.71*62
2021-07-28 22:57:52,719 [INFO] Interpreted as: {'position': (0.0, 0.0), 'latlon': (42.3, -71.1), 'heading': 45.0, 'depth': 1.0, 'altitude': 10.0, 'roll': 0.0, 'pitch': 0.0, 'last_fix_time': datetime.datetime(2021, 7, 28, 21, 57, 50), 'speed': None, 'rudder': 0, 'datum': (42.3, -71.1)}
2021-07-28 22:57:52,720 [INFO] Processing: $BFNVG,215751.05,4218.000000,N,07106.000000,W,0,10.0,1.0,45.0,0.0,0.0,215751.05*62
2021-07-28 22:57:52,722 [INFO] Interpreted as: {'position': (0.0, 0.0), 'latlon': (42.3, -71.1), 'heading': 45.0, 'depth': 1.0, 'altitude': 10.0, 'roll': 0.0, 'pitch': 0.0, 'last_fix_time': datetime.datetime(2021, 7, 28, 21, 57, 51), 'speed': None, 'rudder': 0, 'datum': (42.3, -71.1)}
2021-07-28 22:57:52,723 [INFO] Processing: $BFNVG,215751.40,4218.000000,N,07106.000000,W,0,10.0,1.0,45.0,0.0,0.0,215751.40*62
2021-07-28 22:57:52,725 [INFO] Interpreted as: {'position': (0.0, 0.0), 'latlon': (42.3, -71.1), 'heading': 45.0, 'depth': 1.0, 'altitude': 10.0, 'roll': 0.0, 'pitch': 0.0, 'last_fix_time': datetime.datetime(2021, 7, 28, 21, 57, 51), 'speed': None, 'rudder': 0, 'datum': (42.3, -71.1)}
2021-07-28 22:57:52,726 [INFO] Received from Frontseat: [b'$BFNVG,215750.71,4218.000000,N,07106.000000,W,0,10.0,1.0,45.0,0.0,0.0,215750.71*62', b'$BFNVG,215751.05,4218.000000,N,07106.000000,W,0,10.0,1.0,45.0,0.0,0.0,215751.05*62', b'$BFNVG,215751.40,4218.000000,N,07106.000000,W,0,10.0,1.0,45.0,0.0,0.0,215751.40*62']
2021-07-28 22:57:52,727 [INFO] AUV state: {'position': (0.0, 0.0), 'latlon': (42.3, -71.1), 'heading': 45.0, 'depth': 1.0, 'altitude': 10.0, 'roll': 0.0, 'pitch': 0.0, 'last_fix_time': datetime.datetime(2021, 7, 28, 21, 57, 51), 'speed': None, 'rudder': 0, 'datum': (42.3, -71.1)}
2021-07-28 22:57:53,262 [INFO] **** [] [(-1.3633785167629098, 12.227095807776122), (-15.104317357617544, -2.483163659409942), (29.15652454095493, 10.69746358668354), (29.018643273291733, -16.403915909521274), (8.806510588297254, -22.278156827588035), (-1.6406890248283426, -21.405534473812907), (-9.99076198822914, -20.069517356588324), (21.915928058738128, -13.373823009509199), (-15.588490297266507, -6.340838184364103), (7.787808607001741, -14.909532716488691), (7.3912348369555065, 24.235581549058757), (23.328121068060348, -3.247675889827087)]
2021-07-28 22:57:53,263 [INFO] Next green buoy: [], next red buoy: [(-1.3633785167629098, 12.227095807776122), (-15.104317357617544, -2.483163659409942), (29.15652454095493, 10.69746358668354), (29.018643273291733, -16.403915909521274), (8.806510588297254, -22.278156827588035), (-1.6406890248283426, -21.405534473812907), (-9.99076198822914, -20.069517356588324), (21.915928058738128, -13.373823009509199), (-15.588490297266507, -6.340838184364103), (7.787808607001741, -14.909532716488691), (7.3912348369555065, 24.235581549058757), (23.328121068060348, -3.247675889827087)]
2021-07-28 22:57:53,264 [INFO] Desired_heading: 43.63662148323709
2021-07-28 22:57:53,264 [INFO] delta angle: -0.9821533423508413
2021-07-28 22:57:53,265 [INFO] sending message $BPRMB,215755.59,0.9821533423508413,1,0,750,0,1*65
...
2021-07-28 22:57:54,266 [INFO] sending message $BPSTS,215754.26,1,BWSI Autonomy OK*40
...
2021-07-28 22:57:54,268 [INFO] Processing: $BFNVG,215751.74,4218.000000,N,07106.000000,W,0,10.0,1.0,45.0,0.0,0.0,215751.74*62
2021-07-28 22:57:54,270 [INFO] Interpreted as: {'position': (0.0, 0.0), 'latlon': (42.3, -71.1), 'heading': 45.0, 'depth': 1.0, 'altitude': 10.0, 'roll': 0.0, 'pitch': 0.0, 'last_fix_time': datetime.datetime(2021, 7, 28, 21, 57, 51), 'speed': None, 'rudder': 0, 'datum': (42.3, -71.1)}
2021-07-28 22:57:54,271 [INFO] Processing: $BFNVG,215752.08,4218.000104,N,07105.999866,W,0,10.0,1.0,44.9,0.0,0.0,215752.08*6D
2021-07-28 22:57:54,273 [INFO] Interpreted as: {'position': (0.18884978839196265, 0.18792922794818878), 'latlon': (42.30000173333333, -71.09999776666666), 'heading': 44.9, 'depth': 1.0, 'altitude': 10.0, 'roll': 0.0, 'pitch': 0.0, 'last_fix_time': datetime.datetime(2021, 7, 28, 21, 57, 52), 'speed': None, 'rudder': 0, 'datum': (42.3, -71.1)}
2021-07-28 22:57:54,273 [INFO] Processing: $BFNVG,215752.43,4218.000208,N,07105.999734,W,0,10.0,1.0,44.9,0.0,0.0,215752.43*6A
2021-07-28 22:57:54,275 [INFO] Interpreted as: {'position': (0.3749518094700761, 0.37592626735568047), 'latlon': (42.300003466666666, -71.09999556666666), 'heading': 44.9, 'depth': 1.0, 'altitude': 10.0, 'roll': 0.0, 'pitch': 0.0, 'last_fix_time': datetime.datetime(2021, 7, 28, 21, 57, 52), 'speed': None, 'rudder': 0, 'datum': (42.3, -71.1)}
2021-07-28 22:57:54,277 [INFO] Processing: $BFNVG,215752.77,4218.000311,N,07105.999602,W,0,10.0,1.0,44.8,0.0,0.0,215752.77*66
2021-07-28 22:57:54,279 [INFO] Interpreted as: {'position': (0.5610081487102434, 0.5620726170018315), 'latlon': (42.30000518333333, -71.09999336666667), 'heading': 44.8, 'depth': 1.0, 'altitude': 10.0, 'roll': 0.0, 'pitch': 0.0, 'last_fix_time': datetime.datetime(2021, 7, 28, 21, 57, 52), 'speed': None, 'rudder': 0, 'datum': (42.3, -71.1)}
2021-07-28 22:57:54,280 [INFO] Processing: $BFNVG,215753.12,4218.000417,N,07105.999467,W,0,10.0,1.0,44.8,0.0,0.0,215753.12*66
2021-07-28 22:57:54,282 [INFO] Interpreted as: {'position': (0.7513231328921393, 0.7536693457514048), 'latlon': (42.30000695, -71.09999111666667), 'heading': 44.8, 'depth': 1.0, 'altitude': 10.0, 'roll': 0.0, 'pitch': 0.0, 'last_fix_time': datetime.datetime(2021, 7, 28, 21, 57, 53), 'speed': None, 'rudder': 0, 'datum': (42.3, -71.1)}
2021-07-28 22:57:54,282 [INFO] Received from Frontseat: [b'$BFNVG,215751.74,4218.000000,N,07106.000000,W,0,10.0,1.0,45.0,0.0,0.0,215751.74*62', b'$BFNVG,215752.08,4218.000104,N,07105.999866,W,0,10.0,1.0,44.9,0.0,0.0,215752.08*6D', b'$BFNVG,215752.43,4218.000208,N,07105.999734,W,0,10.0,1.0,44.9,0.0,0.0,215752.43*6A', b'$BFNVG,215752.77,4218.000311,N,07105.999602,W,0,10.0,1.0,44.8,0.0,0.0,215752.77*66', b'$BFNVG,215753.12,4218.000417,N,07105.999467,W,0,10.0,1.0,44.8,0.0,0.0,215753.12*66']
2021-07-28 22:57:54,283 [INFO] AUV state: {'position': (0.7513231328921393, 0.7536693457514048), 'latlon': (42.30000695, -71.09999111666667), 'heading': 44.8, 'depth': 1.0, 'altitude': 10.0, 'roll': 0.0, 'pitch': 0.0, 'last_fix_time': datetime.datetime(2021, 7, 28, 21, 57, 53), 'speed': None, 'rudder': 0, 'datum': (42.3, -71.1)}
2021-07-28 22:57:54,821 [INFO] **** [] [(0.6305219278463533, 10.042659676416678), (-15.42594922900616, -2.2713650159149013), (29.160511149463947, 10.714345420259454), (6.518188437130594, -21.949898705172608), (29.02452338501985, -16.335415913099354), (-10.065228023106265, -20.14313658453682), (-15.773474654502436, -6.378041922598667), (7.727853083936346, -15.31572104276345), (7.421430004867321, 24.21755677532377), (22.685408870099007, -9.845075775437525)]
2021-07-28 22:57:54,822 [INFO] Next green buoy: [], next red buoy: [(0.6305219278463533, 10.042659676416678), (-15.42594922900616, -2.2713650159149013), (29.160511149463947, 10.714345420259454), (6.518188437130594, -21.949898705172608), (29.02452338501985, -16.335415913099354), (-10.065228023106265, -20.14313658453682), (-15.773474654502436, -6.378041922598667), (7.727853083936346, -15.31572104276345), (7.421430004867321, 24.21755677532377), (22.685408870099007, -9.845075775437525)]
2021-07-28 22:57:54,822 [INFO] Desired_heading: 45.43052192784635
2021-07-28 22:57:54,823 [INFO] delta angle: 0.3745708567913541
2021-07-28 22:57:54,823 [INFO] sending message $BPRMB,215752.93,-0.3745708567913541,1,0,750,0,1*45
...
2021-07-28 22:57:55,825 [INFO] sending message $BPSTS,215755.82,1,BWSI Autonomy OK*4f
...
2021-07-28 22:57:55,826 [INFO] Processing: $BFNVG,215753.47,4218.000525,N,07105.999329,W,0,10.0,1.0,44.7,0.0,0.0,215753.47*64
2021-07-28 22:57:55,832 [INFO] Interpreted as: {'position': (0.9458510893164203, 0.9488657619804144), 'latlon': (42.30000875, -71.09998881666667), 'heading': 44.7, 'depth': 1.0, 'altitude': 10.0, 'roll': 0.0, 'pitch': 0.0, 'last_fix_time': datetime.datetime(2021, 7, 28, 21, 57, 53), 'speed': None, 'rudder': 0, 'datum': (42.3, -71.1)}
2021-07-28 22:57:55,833 [INFO] Processing: $BFNVG,215753.83,4218.000635,N,07105.999190,W,0,10.0,1.0,44.7,0.0,0.0,215753.83*66
2021-07-28 22:57:55,835 [INFO] Interpreted as: {'position': (1.1418442583526485, 1.1477296706289053), 'latlon': (42.30001058333333, -71.0999865), 'heading': 44.7, 'depth': 1.0, 'altitude': 10.0, 'roll': 0.0, 'pitch': 0.0, 'last_fix_time': datetime.datetime(2021, 7, 28, 21, 57, 53), 'speed': None, 'rudder': 0, 'datum': (42.3, -71.1)}
2021-07-28 22:57:55,837 [INFO] Processing: $BFNVG,215754.20,4218.000745,N,07105.999051,W,0,10.0,1.0,44.6,0.0,0.0,215754.20*6D
2021-07-28 22:57:55,839 [INFO] Interpreted as: {'position': (1.3378374163876288, 1.346593583934009), 'latlon': (42.30001241666667, -71.09998418333333), 'heading': 44.6, 'depth': 1.0, 'altitude': 10.0, 'roll': 0.0, 'pitch': 0.0, 'last_fix_time': datetime.datetime(2021, 7, 28, 21, 57, 54), 'speed': None, 'rudder': 0, 'datum': (42.3, -71.1)}
2021-07-28 22:57:55,840 [INFO] Processing: $BFNVG,215754.55,4218.000852,N,07105.998916,W,0,10.0,1.0,44.5,0.0,0.0,215754.55*6C
2021-07-28 22:57:55,842 [INFO] Interpreted as: {'position': (1.5281980304280296, 1.5400410313159227), 'latlon': (42.3000142, -71.09998193333334), 'heading': 44.5, 'depth': 1.0, 'altitude': 10.0, 'roll': 0.0, 'pitch': 0.0, 'last_fix_time': datetime.datetime(2021, 7, 28, 21, 57, 54), 'speed': None, 'rudder': 0, 'datum': (42.3, -71.1)}
2021-07-28 22:57:55,843 [INFO] Received from Frontseat: [b'$BFNVG,215753.47,4218.000525,N,07105.999329,W,0,10.0,1.0,44.7,0.0,0.0,215753.47*64', b'$BFNVG,215753.83,4218.000635,N,07105.999190,W,0,10.0,1.0,44.7,0.0,0.0,215753.83*66', b'$BFNVG,215754.20,4218.000745,N,07105.999051,W,0,10.0,1.0,44.6,0.0,0.0,215754.20*6D', b'$BFNVG,215754.55,4218.000852,N,07105.998916,W,0,10.0,1.0,44.5,0.0,0.0,215754.55*6C']
2021-07-28 22:57:55,844 [INFO] AUV state: {'position': (1.5281980304280296, 1.5400410313159227), 'latlon': (42.3000142, -71.09998193333334), 'heading': 44.5, 'depth': 1.0, 'altitude': 10.0, 'roll': 0.0, 'pitch': 0.0, 'last_fix_time': datetime.datetime(2021, 7, 28, 21, 57, 54), 'speed': None, 'rudder': 0, 'datum': (42.3, -71.1)}
2021-07-28 22:57:56,360 [INFO] **** [] [(-1.413319368322306, 12.17311237825941), (-15.373722903451014, -2.2971444747967404), (29.225901031276315, 10.691228972384708), (29.042937857007047, -16.309139922668788), (9.482788929962378, -22.436289116165433), (-9.907320583143896, -19.706400898932426), (22.632553005365466, -13.438368890578094), (-2.037887542285661, -21.251024216491714), (4.914321690120395, -20.582719380684477), (-4.039181508593557, -22.58693563755459), (2.3128029110441655, -20.65415204818726), (-15.595671902971398, -6.344661372931322), (19.189241503365494, -13.139607850523683), (7.4162632108337405, 24.235581549058757), (7.802356077648481, -14.854162466789905), (23.248117382043894, -3.166651342488939)]
2021-07-28 22:57:56,362 [INFO] Next green buoy: [], next red buoy: [(-1.413319368322306, 12.17311237825941), (-15.373722903451014, -2.2971444747967404), (29.225901031276315, 10.691228972384708), (29.042937857007047, -16.309139922668788), (9.482788929962378, -22.436289116165433), (-9.907320583143896, -19.706400898932426), (22.632553005365466, -13.438368890578094), (-2.037887542285661, -21.251024216491714), (4.914321690120395, -20.582719380684477), (-4.039181508593557, -22.58693563755459), (2.3128029110441655, -20.65415204818726), (-15.595671902971398, -6.344661372931322), (19.189241503365494, -13.139607850523683), (7.4162632108337405, 24.235581549058757), (7.802356077648481, -14.854162466789905), (23.248117382043894, -3.166651342488939)]
2021-07-28 22:57:56,362 [INFO] Desired_heading: 43.086680631677694
2021-07-28 22:57:56,363 [INFO] delta angle: -1.0273280099016802
2021-07-28 22:57:56,363 [INFO] sending message $BPRMB,215758.71,1.0273280099016802,1,0,750,0,1*6b
...
2021-07-28 22:57:57,365 [INFO] sending message $BPSTS,215757.36,1,BWSI Autonomy OK*42
...
2021-07-28 22:57:57,366 [INFO] Processing: $BFNVG,215754.89,4218.000955,N,07105.998786,W,0,10.0,1.0,44.5,0.0,0.0,215754.89*6D
2021-07-28 22:57:57,369 [INFO] Interpreted as: {'position': (1.7115065501420759, 1.7262552175670862), 'latlon': (42.300015916666666, -71.09997976666666), 'heading': 44.5, 'depth': 1.0, 'altitude': 10.0, 'roll': 0.0, 'pitch': 0.0, 'last_fix_time': datetime.datetime(2021, 7, 28, 21, 57, 54), 'speed': None, 'rudder': 0, 'datum': (42.3, -71.1)}
2021-07-28 22:57:57,370 [INFO] Processing: $BFNVG,215755.23,4218.001061,N,07105.998653,W,0,10.0,1.0,44.5,0.0,0.0,215755.23*6B
2021-07-28 22:57:57,372 [INFO] Interpreted as: {'position': (1.8990737134008668, 1.9179197866469622), 'latlon': (42.30001768333333, -71.09997755), 'heading': 44.5, 'depth': 1.0, 'altitude': 10.0, 'roll': 0.0, 'pitch': 0.0, 'last_fix_time': datetime.datetime(2021, 7, 28, 21, 57, 55), 'speed': None, 'rudder': 0, 'datum': (42.3, -71.1)}
2021-07-28 22:57:57,374 [INFO] Processing: $BFNVG,215755.60,4218.001172,N,07105.998513,W,0,10.0,1.0,44.5,0.0,0.0,215755.60*6F
2021-07-28 22:57:57,376 [INFO] Interpreted as: {'position': (2.096486380090937, 2.1186005137860775), 'latlon': (42.300019533333334, -71.09997521666666), 'heading': 44.5, 'depth': 1.0, 'altitude': 10.0, 'roll': 0.0, 'pitch': 0.0, 'last_fix_time': datetime.datetime(2021, 7, 28, 21, 57, 55), 'speed': None, 'rudder': 0, 'datum': (42.3, -71.1)}
2021-07-28 22:57:57,377 [INFO] Processing: $BFNVG,215755.95,4218.001277,N,07105.998380,W,0,10.0,1.0,44.5,0.0,0.0,215755.95*65
2021-07-28 22:57:57,379 [INFO] Interpreted as: {'position': (2.2840078490553424, 2.308414394967258), 'latlon': (42.300021283333336, -71.099973), 'heading': 44.5, 'depth': 1.0, 'altitude': 10.0, 'roll': 0.0, 'pitch': 0.0, 'last_fix_time': datetime.datetime(2021, 7, 28, 21, 57, 55), 'speed': None, 'rudder': 0, 'datum': (42.3, -71.1)}
2021-07-28 22:57:57,380 [INFO] Processing: $BFNVG,215756.29,4218.001383,N,07105.998247,W,0,10.0,1.0,44.6,0.0,0.0,215756.29*66
2021-07-28 22:57:57,382 [INFO] Interpreted as: {'position': (2.471574983675964, 2.5000789798796177), 'latlon': (42.30002305, -71.09997078333333), 'heading': 44.6, 'depth': 1.0, 'altitude': 10.0, 'roll': 0.0, 'pitch': 0.0, 'last_fix_time': datetime.datetime(2021, 7, 28, 21, 57, 56), 'speed': None, 'rudder': 0, 'datum': (42.3, -71.1)}
2021-07-28 22:57:57,383 [INFO] Received from Frontseat: [b'$BFNVG,215754.89,4218.000955,N,07105.998786,W,0,10.0,1.0,44.5,0.0,0.0,215754.89*6D', b'$BFNVG,215755.23,4218.001061,N,07105.998653,W,0,10.0,1.0,44.5,0.0,0.0,215755.23*6B', b'$BFNVG,215755.60,4218.001172,N,07105.998513,W,0,10.0,1.0,44.5,0.0,0.0,215755.60*6F', b'$BFNVG,215755.95,4218.001277,N,07105.998380,W,0,10.0,1.0,44.5,0.0,0.0,215755.95*65', b'$BFNVG,215756.29,4218.001383,N,07105.998247,W,0,10.0,1.0,44.6,0.0,0.0,215756.29*66']
2021-07-28 22:57:57,384 [INFO] AUV state: {'position': (2.471574983675964, 2.5000789798796177), 'latlon': (42.30002305, -71.09997078333333), 'heading': 44.6, 'depth': 1.0, 'altitude': 10.0, 'roll': 0.0, 'pitch': 0.0, 'last_fix_time': datetime.datetime(2021, 7, 28, 21, 57, 56), 'speed': None, 'rudder': 0, 'datum': (42.3, -71.1)}
2021-07-28 22:57:57,899 [INFO] **** [] [(0.6306451021995197, 10.094166098859233), (-15.34282738581796, -2.2444431260560185), (29.211770073318622, 10.688563307829531), (29.042315061805372, -16.348556133220445), (9.32451462348555, -22.273192771643732), (-9.968069610110348, -19.849864103288088), (-1.3418995283058608, -21.146519508120047), (1.6487688031068686, -20.693518147079704), (-15.646481203365393, -6.3140742786871655), (7.804719946073058, -14.905899916137033), (7.411046613034425, 24.228649547701856), (16.121808142260935, -19.889226938737345), (22.731519577810076, -9.871374582255466)]
2021-07-28 22:57:57,900 [INFO] Next green buoy: [], next red buoy: [(0.6306451021995197, 10.094166098859233), (-15.34282738581796, -2.2444431260560185), (29.211770073318622, 10.688563307829531), (29.042315061805372, -16.348556133220445), (9.32451462348555, -22.273192771643732), (-9.968069610110348, -19.849864103288088), (-1.3418995283058608, -21.146519508120047), (1.6487688031068686, -20.693518147079704), (-15.646481203365393, -6.3140742786871655), (7.804719946073058, -14.905899916137033), (7.411046613034425, 24.228649547701856), (16.121808142260935, -19.889226938737345), (22.731519577810076, -9.871374582255466)]
2021-07-28 22:57:57,900 [INFO] Desired_heading: 45.230645102199524
2021-07-28 22:57:57,901 [INFO] delta angle: 0.37466232595274856
2021-07-28 22:57:57,901 [INFO] sending message $BPRMB,215756.01,-0.37466232595274856,1,0,750,0,1*7f
...
2021-07-28 22:57:58,903 [INFO] sending message $BPSTS,215758.90,1,BWSI Autonomy OK*41
...
2021-07-28 22:57:58,904 [INFO] Processing: $BFNVG,215756.65,4218.001492,N,07105.998108,W,0,10.0,1.0,44.6,0.0,0.0,215756.65*69
2021-07-28 22:57:58,906 [INFO] Interpreted as: {'position': (2.6675223959609866, 2.6970922304317355), 'latlon': (42.30002486666667, -71.09996846666667), 'heading': 44.6, 'depth': 1.0, 'altitude': 10.0, 'roll': 0.0, 'pitch': 0.0, 'last_fix_time': datetime.datetime(2021, 7, 28, 21, 57, 56), 'speed': None, 'rudder': 0, 'datum': (42.3, -71.1)}
2021-07-28 22:57:58,907 [INFO] Processing: $BFNVG,215757.01,4218.001600,N,07105.997973,W,0,10.0,1.0,44.5,0.0,0.0,215757.01*68
2021-07-28 22:57:58,909 [INFO] Interpreted as: {'position': (2.8579286070307717, 2.8923904094845057), 'latlon': (42.30002666666667, -71.09996621666667), 'heading': 44.5, 'depth': 1.0, 'altitude': 10.0, 'roll': 0.0, 'pitch': 0.0, 'last_fix_time': datetime.datetime(2021, 7, 28, 21, 57, 57), 'speed': None, 'rudder': 0, 'datum': (42.3, -71.1)}
2021-07-28 22:57:58,910 [INFO] Processing: $BFNVG,215757.35,4218.001705,N,07105.997840,W,0,10.0,1.0,44.5,0.0,0.0,215757.35*6D
2021-07-28 22:57:58,912 [INFO] Interpreted as: {'position': (3.04545003734529, 3.0822043092921376), 'latlon': (42.30002841666666, -71.099964), 'heading': 44.5, 'depth': 1.0, 'altitude': 10.0, 'roll': 0.0, 'pitch': 0.0, 'last_fix_time': datetime.datetime(2021, 7, 28, 21, 57, 57), 'speed': None, 'rudder': 0, 'datum': (42.3, -71.1)}
2021-07-28 22:57:58,913 [INFO] Processing: $BFNVG,215757.71,4218.001813,N,07105.997705,W,0,10.0,1.0,44.4,0.0,0.0,215757.71*6A
2021-07-28 22:57:58,915 [INFO] Interpreted as: {'position': (3.235856227867771, 3.2775024976581335), 'latlon': (42.30003021666667, -71.09996175), 'heading': 44.4, 'depth': 1.0, 'altitude': 10.0, 'roll': 0.0, 'pitch': 0.0, 'last_fix_time': datetime.datetime(2021, 7, 28, 21, 57, 57), 'speed': None, 'rudder': 0, 'datum': (42.3, -71.1)}
2021-07-28 22:57:58,916 [INFO] Received from Frontseat: [b'$BFNVG,215756.65,4218.001492,N,07105.998108,W,0,10.0,1.0,44.6,0.0,0.0,215756.65*69', b'$BFNVG,215757.01,4218.001600,N,07105.997973,W,0,10.0,1.0,44.5,0.0,0.0,215757.01*68', b'$BFNVG,215757.35,4218.001705,N,07105.997840,W,0,10.0,1.0,44.5,0.0,0.0,215757.35*6D', b'$BFNVG,215757.71,4218.001813,N,07105.997705,W,0,10.0,1.0,44.4,0.0,0.0,215757.71*6A']
2021-07-28 22:57:58,917 [INFO] AUV state: {'position': (3.235856227867771, 3.2775024976581335), 'latlon': (42.30003021666667, -71.09996175), 'heading': 44.4, 'depth': 1.0, 'altitude': 10.0, 'roll': 0.0, 'pitch': 0.0, 'last_fix_time': datetime.datetime(2021, 7, 28, 21, 57, 57), 'speed': None, 'rudder': 0, 'datum': (42.3, -71.1)}
2021-07-28 22:57:59,431 [INFO] **** [] [(0.5929676391758885, 10.082766805138936), (-15.191890623383093, -2.4038828546977227), (29.30500912491099, 10.753101878524538), (29.03785147618363, -16.340439925190708), (9.059719120395295, -22.3027595073838), (-9.943453108380961, -19.949207567057385), (-1.5913037500396026, -21.264260727377003), (2.4981953579808147, -20.50273784994727), (-15.548264027635744, -6.367599311841974), (16.33978338466429, -19.905680749284908), (7.832439678564843, -14.850071491527574), (-4.233235999940616, -22.346316946036968), (7.435638062360447, 24.25360121897525)]
2021-07-28 22:57:59,432 [INFO] Next green buoy: [], next red buoy: [(0.5929676391758885, 10.082766805138936), (-15.191890623383093, -2.4038828546977227), (29.30500912491099, 10.753101878524538), (29.03785147618363, -16.340439925190708), (9.059719120395295, -22.3027595073838), (-9.943453108380961, -19.949207567057385), (-1.5913037500396026, -21.264260727377003), (2.4981953579808147, -20.50273784994727), (-15.548264027635744, -6.367599311841974), (16.33978338466429, -19.905680749284908), (7.832439678564843, -14.850071491527574), (-4.233235999940616, -22.346316946036968), (7.435638062360447, 24.25360121897525)]
2021-07-28 22:57:59,433 [INFO] Desired_heading: 44.99296763917589
2021-07-28 22:57:59,433 [INFO] delta angle: 0.346894554004259
2021-07-28 22:57:59,433 [INFO] sending message $BPRMB,215801.78,-0.346894554004259,1,0,750,0,1*76
...
2021-07-28 22:58:00,435 [INFO] sending message $BPSTS,215800.43,1,BWSI Autonomy OK*4d
...
2021-07-28 22:58:00,437 [INFO] Processing: $BFNVG,215758.06,4218.001921,N,07105.997569,W,0,10.0,1.0,44.3,0.0,0.0,215758.06*65
2021-07-28 22:58:00,439 [INFO] Interpreted as: {'position': (3.427636289037764, 3.4727667858824134), 'latlon': (42.30003201666667, -71.09995948333334), 'heading': 44.3, 'depth': 1.0, 'altitude': 10.0, 'roll': 0.0, 'pitch': 0.0, 'last_fix_time': datetime.datetime(2021, 7, 28, 21, 57, 58), 'speed': None, 'rudder': 0, 'datum': (42.3, -71.1)}
2021-07-28 22:58:00,440 [INFO] Processing: $BFNVG,215758.41,4218.002029,N,07105.997434,W,0,10.0,1.0,44.3,0.0,0.0,215758.41*6E
2021-07-28 22:58:00,442 [INFO] Interpreted as: {'position': (3.618042462738231, 3.66806498542428), 'latlon': (42.30003381666667, -71.09995723333333), 'heading': 44.3, 'depth': 1.0, 'altitude': 10.0, 'roll': 0.0, 'pitch': 0.0, 'last_fix_time': datetime.datetime(2021, 7, 28, 21, 57, 58), 'speed': None, 'rudder': 0, 'datum': (42.3, -71.1)}
2021-07-28 22:58:00,443 [INFO] Processing: $BFNVG,215758.77,4218.002136,N,07105.997300,W,0,10.0,1.0,44.4,0.0,0.0,215758.77*66
2021-07-28 22:58:00,445 [INFO] Interpreted as: {'position': (3.8070290737668984, 3.8615463944151998), 'latlon': (42.3000356, -71.099955), 'heading': 44.4, 'depth': 1.0, 'altitude': 10.0, 'roll': 0.0, 'pitch': 0.0, 'last_fix_time': datetime.datetime(2021, 7, 28, 21, 57, 58), 'speed': None, 'rudder': 0, 'datum': (42.3, -71.1)}
2021-07-28 22:58:00,446 [INFO] Processing: $BFNVG,215759.13,4218.002247,N,07105.997161,W,0,10.0,1.0,44.4,0.0,0.0,215759.13*66
2021-07-28 22:58:00,448 [INFO] Interpreted as: {'position': (4.003067753859796, 4.062261076644063), 'latlon': (42.30003745, -71.09995268333333), 'heading': 44.4, 'depth': 1.0, 'altitude': 10.0, 'roll': 0.0, 'pitch': 0.0, 'last_fix_time': datetime.datetime(2021, 7, 28, 21, 57, 59), 'speed': None, 'rudder': 0, 'datum': (42.3, -71.1)}
2021-07-28 22:58:00,449 [INFO] Received from Frontseat: [b'$BFNVG,215758.06,4218.001921,N,07105.997569,W,0,10.0,1.0,44.3,0.0,0.0,215758.06*65', b'$BFNVG,215758.41,4218.002029,N,07105.997434,W,0,10.0,1.0,44.3,0.0,0.0,215758.41*6E', b'$BFNVG,215758.77,4218.002136,N,07105.997300,W,0,10.0,1.0,44.4,0.0,0.0,215758.77*66', b'$BFNVG,215759.13,4218.002247,N,07105.997161,W,0,10.0,1.0,44.4,0.0,0.0,215759.13*66']
2021-07-28 22:58:00,449 [INFO] AUV state: {'position': (4.003067753859796, 4.062261076644063), 'latlon': (42.30003745, -71.09995268333333), 'heading': 44.4, 'depth': 1.0, 'altitude': 10.0, 'roll': 0.0, 'pitch': 0.0, 'last_fix_time': datetime.datetime(2021, 7, 28, 21, 57, 59), 'speed': None, 'rudder': 0, 'datum': (42.3, -71.1)}
2021-07-28 22:58:00,999 [INFO] **** [] [(-1.3190289601439882, 12.12366613392673), (-15.229525735791475, -2.2941583926520166), (29.237949262441422, 10.761390660492216), (28.95348988259994, -16.6877364374071), (12.919861974877756, -23.16651949333215), (6.540374142355952, -22.355388525622086), (-9.91289045802702, -19.729274199892313), (23.63983809103967, -13.523840870259464), (-15.593517474012204, -6.356895194954346), (21.31036401736516, -13.322746626085443), (7.4162632108337405, 24.24377294090048), (19.16161864091543, -13.14083131672864)]
2021-07-28 22:58:01,000 [INFO] Next green buoy: [], next red buoy: [(-1.3190289601439882, 12.12366613392673), (-15.229525735791475, -2.2941583926520166), (29.237949262441422, 10.761390660492216), (28.95348988259994, -16.6877364374071), (12.919861974877756, -23.16651949333215), (6.540374142355952, -22.355388525622086), (-9.91289045802702, -19.729274199892313), (23.63983809103967, -13.523840870259464), (-15.593517474012204, -6.356895194954346), (21.31036401736516, -13.322746626085443), (7.4162632108337405, 24.24377294090048), (19.16161864091543, -13.14083131672864)]
2021-07-28 22:58:01,001 [INFO] Desired_heading: 43.08097103985601
2021-07-28 22:58:01,001 [INFO] delta angle: -0.9423812888477983
2021-07-28 22:58:01,002 [INFO] sending message $BPRMB,215759.08,0.9423812888477983,1,0,750,0,1*6d
...
2021-07-28 22:58:02,003 [INFO] sending message $BPSTS,215802.00,1,BWSI Autonomy OK*48
...
2021-07-28 22:58:02,005 [INFO] Processing: $BFNVG,215759.49,4218.002356,N,07105.997024,W,0,10.0,1.0,44.4,0.0,0.0,215759.49*67
2021-07-28 22:58:02,007 [INFO] Interpreted as: {'position': (4.196267320774496, 4.259342177771032), 'latlon': (42.300039266666666, -71.0999504), 'heading': 44.4, 'depth': 1.0, 'altitude': 10.0, 'roll': 0.0, 'pitch': 0.0, 'last_fix_time': datetime.datetime(2021, 7, 28, 21, 57, 59), 'speed': None, 'rudder': 0, 'datum': (42.3, -71.1)}
2021-07-28 22:58:02,008 [INFO] Processing: $BFNVG,215759.85,4218.002467,N,07105.996884,W,0,10.0,1.0,44.4,0.0,0.0,215759.85*61
2021-07-28 22:58:02,010 [INFO] Interpreted as: {'position': (4.393679857836105, 4.4600229654461145), 'latlon': (42.30004111666667, -71.09994806666667), 'heading': 44.4, 'depth': 1.0, 'altitude': 10.0, 'roll': 0.0, 'pitch': 0.0, 'last_fix_time': datetime.datetime(2021, 7, 28, 21, 57, 59), 'speed': None, 'rudder': 0, 'datum': (42.3, -71.1)}
2021-07-28 22:58:02,011 [INFO] Processing: $BFNVG,215800.22,4218.002580,N,07105.996741,W,0,10.0,1.0,44.5,0.0,0.0,215800.22*6E
2021-07-28 22:58:02,012 [INFO] Interpreted as: {'position': (4.595305362250656, 4.664303440600634), 'latlon': (42.300043, -71.09994568333333), 'heading': 44.5, 'depth': 1.0, 'altitude': 10.0, 'roll': 0.0, 'pitch': 0.0, 'last_fix_time': datetime.datetime(2021, 7, 28, 21, 58), 'speed': None, 'rudder': 0, 'datum': (42.3, -71.1)}
2021-07-28 22:58:02,014 [INFO] Processing: $BFNVG,215800.58,4218.002688,N,07105.996605,W,0,10.0,1.0,44.5,0.0,0.0,215800.58*64
2021-07-28 22:58:02,017 [INFO] Interpreted as: {'position': (4.787085348856635, 4.859567764215171), 'latlon': (42.3000448, -71.09994341666666), 'heading': 44.5, 'depth': 1.0, 'altitude': 10.0, 'roll': 0.0, 'pitch': 0.0, 'last_fix_time': datetime.datetime(2021, 7, 28, 21, 58), 'speed': None, 'rudder': 0, 'datum': (42.3, -71.1)}
2021-07-28 22:58:02,018 [INFO] Processing: $BFNVG,215800.93,4218.002796,N,07105.996470,W,0,10.0,1.0,44.5,0.0,0.0,215800.93*6A
2021-07-28 22:58:02,020 [INFO] Interpreted as: {'position': (4.977491446188651, 5.054865998215973), 'latlon': (42.3000466, -71.09994116666667), 'heading': 44.5, 'depth': 1.0, 'altitude': 10.0, 'roll': 0.0, 'pitch': 0.0, 'last_fix_time': datetime.datetime(2021, 7, 28, 21, 58), 'speed': None, 'rudder': 0, 'datum': (42.3, -71.1)}
2021-07-28 22:58:02,021 [INFO] Received from Frontseat: [b'$BFNVG,215759.49,4218.002356,N,07105.997024,W,0,10.0,1.0,44.4,0.0,0.0,215759.49*67', b'$BFNVG,215759.85,4218.002467,N,07105.996884,W,0,10.0,1.0,44.4,0.0,0.0,215759.85*61', b'$BFNVG,215800.22,4218.002580,N,07105.996741,W,0,10.0,1.0,44.5,0.0,0.0,215800.22*6E', b'$BFNVG,215800.58,4218.002688,N,07105.996605,W,0,10.0,1.0,44.5,0.0,0.0,215800.58*64', b'$BFNVG,215800.93,4218.002796,N,07105.996470,W,0,10.0,1.0,44.5,0.0,0.0,215800.93*6A']
2021-07-28 22:58:02,022 [INFO] AUV state: {'position': (4.977491446188651, 5.054865998215973), 'latlon': (42.3000466, -71.09994116666667), 'heading': 44.5, 'depth': 1.0, 'altitude': 10.0, 'roll': 0.0, 'pitch': 0.0, 'last_fix_time': datetime.datetime(2021, 7, 28, 21, 58), 'speed': None, 'rudder': 0, 'datum': (42.3, -71.1)}
2021-07-28 22:58:02,543 [INFO] **** [] [(-1.3078340465513867, 12.086189327492164), (-15.146338066038684, -2.389883797007589), (29.211307119642115, 10.733152709729021), (29.02544872072777, -16.372749568782513), (8.994679793329881, -22.34713015391021), (-9.916638632086025, -19.707616707572647), (22.56479301982197, -13.434372184337604), (-1.2481640333291308, -21.13382849284282), (1.9258868275494232, -20.63678479906918), (-15.492927242295815, -6.415762304361518), (7.435638062360447, 24.25360121897525), (18.995687331594237, -13.148171857762806), (7.896889886290202, -14.882283725776045)]
2021-07-28 22:58:02,544 [INFO] Next green buoy: [], next red buoy: [(-1.3078340465513867, 12.086189327492164), (-15.146338066038684, -2.389883797007589), (29.211307119642115, 10.733152709729021), (29.02544872072777, -16.372749568782513), (8.994679793329881, -22.34713015391021), (-9.916638632086025, -19.707616707572647), (22.56479301982197, -13.434372184337604), (-1.2481640333291308, -21.13382849284282), (1.9258868275494232, -20.63678479906918), (-15.492927242295815, -6.415762304361518), (7.435638062360447, 24.25360121897525), (18.995687331594237, -13.148171857762806), (7.896889886290202, -14.882283725776045)]
2021-07-28 22:58:02,544 [INFO] Desired_heading: 43.192165953448615
2021-07-28 22:58:02,545 [INFO] delta angle: -0.9323941494766927
2021-07-28 22:58:02,545 [INFO] sending message $BPRMB,215804.92,0.9323941494766927,1,0,750,0,1*65
...
2021-07-28 22:58:03,547 [INFO] sending message $BPSTS,215803.54,1,BWSI Autonomy OK*48
...
2021-07-28 22:58:03,548 [INFO] Processing: $BFNVG,215801.29,4218.002906,N,07105.996331,W,0,10.0,1.0,44.5,0.0,0.0,215801.29*6F
2021-07-28 22:58:03,550 [INFO] Interpreted as: {'position': (5.1734843896119855, 5.25373001396656), 'latlon': (42.30004843333333, -71.09993885), 'heading': 44.5, 'depth': 1.0, 'altitude': 10.0, 'roll': 0.0, 'pitch': 0.0, 'last_fix_time': datetime.datetime(2021, 7, 28, 21, 58, 1), 'speed': None, 'rudder': 0, 'datum': (42.3, -71.1)}
2021-07-28 22:58:03,551 [INFO] Processing: $BFNVG,215801.65,4218.003013,N,07105.996196,W,0,10.0,1.0,44.5,0.0,0.0,215801.65*6C
2021-07-28 22:58:03,553 [INFO] Interpreted as: {'position': (5.363844795152545, 5.447177559137344), 'latlon': (42.30005021666667, -71.0999366), 'heading': 44.5, 'depth': 1.0, 'altitude': 10.0, 'roll': 0.0, 'pitch': 0.0, 'last_fix_time': datetime.datetime(2021, 7, 28, 21, 58, 1), 'speed': None, 'rudder': 0, 'datum': (42.3, -71.1)}
2021-07-28 22:58:03,554 [INFO] Processing: $BFNVG,215802.00,4218.003122,N,07105.996059,W,0,10.0,1.0,44.4,0.0,0.0,215802.00*6C
2021-07-28 22:58:03,556 [INFO] Interpreted as: {'position': (5.557044288958423, 5.644258696585894), 'latlon': (42.30005203333333, -71.09993431666666), 'heading': 44.4, 'depth': 1.0, 'altitude': 10.0, 'roll': 0.0, 'pitch': 0.0, 'last_fix_time': datetime.datetime(2021, 7, 28, 21, 58, 2), 'speed': None, 'rudder': 0, 'datum': (42.3, -71.1)}
2021-07-28 22:58:03,557 [INFO] Processing: $BFNVG,215802.36,4218.003231,N,07105.995923,W,0,10.0,1.0,44.4,0.0,0.0,215802.36*6A
2021-07-28 22:58:03,559 [INFO] Interpreted as: {'position': (5.748869893432129, 5.841373742558062), 'latlon': (42.30005385, -71.09993205), 'heading': 44.4, 'depth': 1.0, 'altitude': 10.0, 'roll': 0.0, 'pitch': 0.0, 'last_fix_time': datetime.datetime(2021, 7, 28, 21, 58, 2), 'speed': None, 'rudder': 0, 'datum': (42.3, -71.1)}
2021-07-28 22:58:03,560 [INFO] Received from Frontseat: [b'$BFNVG,215801.29,4218.002906,N,07105.996331,W,0,10.0,1.0,44.5,0.0,0.0,215801.29*6F', b'$BFNVG,215801.65,4218.003013,N,07105.996196,W,0,10.0,1.0,44.5,0.0,0.0,215801.65*6C', b'$BFNVG,215802.00,4218.003122,N,07105.996059,W,0,10.0,1.0,44.4,0.0,0.0,215802.00*6C', b'$BFNVG,215802.36,4218.003231,N,07105.995923,W,0,10.0,1.0,44.4,0.0,0.0,215802.36*6A']
2021-07-28 22:58:03,561 [INFO] AUV state: {'position': (5.748869893432129, 5.841373742558062), 'latlon': (42.30005385, -71.09993205), 'heading': 44.4, 'depth': 1.0, 'altitude': 10.0, 'roll': 0.0, 'pitch': 0.0, 'last_fix_time': datetime.datetime(2021, 7, 28, 21, 58, 2), 'speed': None, 'rudder': 0, 'datum': (42.3, -71.1)}
2021-07-28 22:58:04,074 [INFO] **** [] [(-1.3802176095182292, 12.190385322840859), (-15.234747049014038, -2.3802663146430114), (29.23579701931985, 10.710074068927657), (28.991200481051735, -16.491054780903816), (8.860548472201382, -22.299588850055915), (-2.708230683334679, -21.74359293532609), (-9.986181232249052, -20.024321207933752), (1.6171221819583967, -20.717591443993022), (23.730216590511098, -13.542641960553407), (-15.597916051715156, -6.370944256874617), (7.822770422802822, -14.850071491527574), (7.435638062360447, 24.25360121897525)]
2021-07-28 22:58:04,076 [INFO] Next green buoy: [], next red buoy: [(-1.3802176095182292, 12.190385322840859), (-15.234747049014038, -2.3802663146430114), (29.23579701931985, 10.710074068927657), (28.991200481051735, -16.491054780903816), (8.860548472201382, -22.299588850055915), (-2.708230683334679, -21.74359293532609), (-9.986181232249052, -20.024321207933752), (1.6171221819583967, -20.717591443993022), (23.730216590511098, -13.542641960553407), (-15.597916051715156, -6.370944256874617), (7.822770422802822, -14.850071491527574), (7.435638062360447, 24.25360121897525)]
2021-07-28 22:58:04,076 [INFO] Desired_heading: 43.01978239048177
2021-07-28 22:58:04,077 [INFO] delta angle: -0.997339904725095
2021-07-28 22:58:04,077 [INFO] sending message $BPRMB,215802.16,0.997339904725095,1,0,750,0,1*55
...
2021-07-28 22:58:05,079 [INFO] sending message $BPSTS,215805.07,1,BWSI Autonomy OK*48
...
2021-07-28 22:58:05,080 [INFO] Processing: $BFNVG,215802.72,4218.003340,N,07105.995786,W,0,10.0,1.0,44.3,0.0,0.0,215802.72*6B
2021-07-28 22:58:05,082 [INFO] Interpreted as: {'position': (5.942069365992211, 6.03845489025116), 'latlon': (42.300055666666665, -71.09992976666666), 'heading': 44.3, 'depth': 1.0, 'altitude': 10.0, 'roll': 0.0, 'pitch': 0.0, 'last_fix_time': datetime.datetime(2021, 7, 28, 21, 58, 2), 'speed': None, 'rudder': 0, 'datum': (42.3, -71.1)}
2021-07-28 22:58:05,084 [INFO] Processing: $BFNVG,215803.07,4218.003448,N,07105.995650,W,0,10.0,1.0,44.2,0.0,0.0,215803.07*6F
2021-07-28 22:58:05,086 [INFO] Interpreted as: {'position': (6.133849278674461, 6.233719249255955), 'latlon': (42.300057466666665, -71.0999275), 'heading': 44.2, 'depth': 1.0, 'altitude': 10.0, 'roll': 0.0, 'pitch': 0.0, 'last_fix_time': datetime.datetime(2021, 7, 28, 21, 58, 3), 'speed': None, 'rudder': 0, 'datum': (42.3, -71.1)}
2021-07-28 22:58:05,087 [INFO] Processing: $BFNVG,215803.43,4218.003557,N,07105.995515,W,0,10.0,1.0,44.2,0.0,0.0,215803.43*62
2021-07-28 22:58:05,089 [INFO] Interpreted as: {'position': (6.324300972861238, 6.430868213064969), 'latlon': (42.30005928333333, -71.09992525), 'heading': 44.2, 'depth': 1.0, 'altitude': 10.0, 'roll': 0.0, 'pitch': 0.0, 'last_fix_time': datetime.datetime(2021, 7, 28, 21, 58, 3), 'speed': None, 'rudder': 0, 'datum': (42.3, -71.1)}
2021-07-28 22:58:05,089 [INFO] Processing: $BFNVG,215803.79,4218.003669,N,07105.995376,W,0,10.0,1.0,44.1,0.0,0.0,215803.79*6C
2021-07-28 22:58:05,091 [INFO] Interpreted as: {'position': (6.520385181764141, 6.633433658629656), 'latlon': (42.30006115, -71.09992293333333), 'heading': 44.1, 'depth': 1.0, 'altitude': 10.0, 'roll': 0.0, 'pitch': 0.0, 'last_fix_time': datetime.datetime(2021, 7, 28, 21, 58, 3), 'speed': None, 'rudder': 0, 'datum': (42.3, -71.1)}
2021-07-28 22:58:05,092 [INFO] Received from Frontseat: [b'$BFNVG,215802.72,4218.003340,N,07105.995786,W,0,10.0,1.0,44.3,0.0,0.0,215802.72*6B', b'$BFNVG,215803.07,4218.003448,N,07105.995650,W,0,10.0,1.0,44.2,0.0,0.0,215803.07*6F', b'$BFNVG,215803.43,4218.003557,N,07105.995515,W,0,10.0,1.0,44.2,0.0,0.0,215803.43*62', b'$BFNVG,215803.79,4218.003669,N,07105.995376,W,0,10.0,1.0,44.1,0.0,0.0,215803.79*6C']
2021-07-28 22:58:05,093 [INFO] AUV state: {'position': (6.520385181764141, 6.633433658629656), 'latlon': (42.30006115, -71.09992293333333), 'heading': 44.1, 'depth': 1.0, 'altitude': 10.0, 'roll': 0.0, 'pitch': 0.0, 'last_fix_time': datetime.datetime(2021, 7, 28, 21, 58, 3), 'speed': None, 'rudder': 0, 'datum': (42.3, -71.1)}
2021-07-28 22:58:05,606 [INFO] **** [] [(-1.4713002164994053, 12.264676399474808), (-15.377527691274253, -2.155451141071989), (29.19856818404893, 10.756113950711034), (29.035126423055985, -16.35116279591128), (12.258004167957296, -23.230419382786174), (6.650329858899643, -22.256588079003528), (-9.835261713791137, -19.706981585961742), (23.843334300183447, -13.559501291398323), (7.4162632108337405, 24.24377294090048)]
2021-07-28 22:58:05,607 [INFO] Next green buoy: [], next red buoy: [(-1.4713002164994053, 12.264676399474808), (-15.377527691274253, -2.155451141071989), (29.19856818404893, 10.756113950711034), (29.035126423055985, -16.35116279591128), (12.258004167957296, -23.230419382786174), (6.650329858899643, -22.256588079003528), (-9.835261713791137, -19.706981585961742), (23.843334300183447, -13.559501291398323), (7.4162632108337405, 24.24377294090048)]
2021-07-28 22:58:05,608 [INFO] Desired_heading: 42.62869978350059
2021-07-28 22:58:05,608 [INFO] delta angle: -1.0802775841573862
2021-07-28 22:58:05,609 [INFO] sending message $BPRMB,215807.98,1.0802775841573862,1,0,750,0,1*67
...
2021-07-28 22:58:06,611 [INFO] sending message $BPSTS,215806.61,1,BWSI Autonomy OK*4b
...
2021-07-28 22:58:06,612 [INFO] Processing: $BFNVG,215804.15,4218.003780,N,07105.995239,W,0,10.0,1.0,44.0,0.0,0.0,215804.15*61
2021-07-28 22:58:06,614 [INFO] Interpreted as: {'position': (6.713675952341873, 6.83421622030437), 'latlon': (42.300063, -71.09992065), 'heading': 44.0, 'depth': 1.0, 'altitude': 10.0, 'roll': 0.0, 'pitch': 0.0, 'last_fix_time': datetime.datetime(2021, 7, 28, 21, 58, 4), 'speed': None, 'rudder': 0, 'datum': (42.3, -71.1)}
2021-07-28 22:58:06,615 [INFO] Processing: $BFNVG,215804.50,4218.003887,N,07105.995105,W,0,10.0,1.0,44.0,0.0,0.0,215804.50*65
2021-07-28 22:58:06,617 [INFO] Interpreted as: {'position': (6.902662395325024, 7.027697709389031), 'latlon': (42.30006478333333, -71.09991841666667), 'heading': 44.0, 'depth': 1.0, 'altitude': 10.0, 'roll': 0.0, 'pitch': 0.0, 'last_fix_time': datetime.datetime(2021, 7, 28, 21, 58, 4), 'speed': None, 'rudder': 0, 'datum': (42.3, -71.1)}
2021-07-28 22:58:06,618 [INFO] Processing: $BFNVG,215804.86,4218.003996,N,07105.994971,W,0,10.0,1.0,43.9,0.0,0.0,215804.86*60
2021-07-28 22:58:06,620 [INFO] Interpreted as: {'position': (7.091740168747492, 7.224880599416792), 'latlon': (42.3000666, -71.09991618333333), 'heading': 43.9, 'depth': 1.0, 'altitude': 10.0, 'roll': 0.0, 'pitch': 0.0, 'last_fix_time': datetime.datetime(2021, 7, 28, 21, 58, 4), 'speed': None, 'rudder': 0, 'datum': (42.3, -71.1)}
2021-07-28 22:58:06,621 [INFO] Processing: $BFNVG,215805.21,4218.004104,N,07105.994838,W,0,10.0,1.0,43.8,0.0,0.0,215805.21*69
2021-07-28 22:58:06,623 [INFO] Interpreted as: {'position': (7.279398383107036, 7.420246697962284), 'latlon': (42.3000684, -71.09991396666666), 'heading': 43.8, 'depth': 1.0, 'altitude': 10.0, 'roll': 0.0, 'pitch': 0.0, 'last_fix_time': datetime.datetime(2021, 7, 28, 21, 58, 5), 'speed': None, 'rudder': 0, 'datum': (42.3, -71.1)}
2021-07-28 22:58:06,624 [INFO] Processing: $BFNVG,215805.56,4218.004213,N,07105.994704,W,0,10.0,1.0,43.8,0.0,0.0,215805.56*6C
2021-07-28 22:58:06,626 [INFO] Interpreted as: {'position': (7.4684761356329545, 7.617429596371949), 'latlon': (42.30007021666667, -71.09991173333333), 'heading': 43.8, 'depth': 1.0, 'altitude': 10.0, 'roll': 0.0, 'pitch': 0.0, 'last_fix_time': datetime.datetime(2021, 7, 28, 21, 58, 5), 'speed': None, 'rudder': 0, 'datum': (42.3, -71.1)}
2021-07-28 22:58:06,627 [INFO] Received from Frontseat: [b'$BFNVG,215804.15,4218.003780,N,07105.995239,W,0,10.0,1.0,44.0,0.0,0.0,215804.15*61', b'$BFNVG,215804.50,4218.003887,N,07105.995105,W,0,10.0,1.0,44.0,0.0,0.0,215804.50*65', b'$BFNVG,215804.86,4218.003996,N,07105.994971,W,0,10.0,1.0,43.9,0.0,0.0,215804.86*60', b'$BFNVG,215805.21,4218.004104,N,07105.994838,W,0,10.0,1.0,43.8,0.0,0.0,215805.21*69', b'$BFNVG,215805.56,4218.004213,N,07105.994704,W,0,10.0,1.0,43.8,0.0,0.0,215805.56*6C']
2021-07-28 22:58:06,628 [INFO] AUV state: {'position': (7.4684761356329545, 7.617429596371949), 'latlon': (42.30007021666667, -71.09991173333333), 'heading': 43.8, 'depth': 1.0, 'altitude': 10.0, 'roll': 0.0, 'pitch': 0.0, 'last_fix_time': datetime.datetime(2021, 7, 28, 21, 58, 5), 'speed': None, 'rudder': 0, 'datum': (42.3, -71.1)}
2021-07-28 22:58:07,138 [INFO] **** [] [(0.5869267097379428, 10.079257553732479), (-15.195143077692471, -2.334859979797932), (29.2374821801088, 10.715401914910817), (29.02756699141785, -16.375088899311322), (10.340677916019382, -22.047618274165668), (-9.93740885338952, -19.882034356533225), (-1.6689719060122206, -21.180179010536886), (7.79053633476508, -15.034011524908127), (-15.446714329922742, -6.4259775286211465), (2.3287138298692396, -20.57197708380076), (1.1197009348971256, -20.768490516814186), (7.4162632108337405, 24.24377294090048), (22.685408870099007, -9.871374582255466)]
2021-07-28 22:58:07,139 [INFO] Next green buoy: [], next red buoy: [(0.5869267097379428, 10.079257553732479), (-15.195143077692471, -2.334859979797932), (29.2374821801088, 10.715401914910817), (29.02756699141785, -16.375088899311322), (10.340677916019382, -22.047618274165668), (-9.93740885338952, -19.882034356533225), (-1.6689719060122206, -21.180179010536886), (7.79053633476508, -15.034011524908127), (-15.446714329922742, -6.4259775286211465), (2.3287138298692396, -20.57197708380076), (1.1197009348971256, -20.768490516814186), (7.4162632108337405, 24.24377294090048), (22.685408870099007, -9.871374582255466)]
2021-07-28 22:58:07,140 [INFO] Desired_heading: 44.38692670973794
2021-07-28 22:58:07,140 [INFO] delta angle: 0.3424826562159687
2021-07-28 22:58:07,141 [INFO] sending message $BPRMB,215805.23,-0.3424826562159687,1,0,750,0,1*4e
...
2021-07-28 22:58:08,143 [INFO] sending message $BPSTS,215808.14,1,BWSI Autonomy OK*47
...
2021-07-28 22:58:08,144 [INFO] Processing: $BFNVG,215805.91,4218.004321,N,07105.994571,W,0,10.0,1.0,43.7,0.0,0.0,215805.91*63
2021-07-28 22:58:08,146 [INFO] Interpreted as: {'position': (7.656134327291511, 7.812795704230666), 'latlon': (42.30007201666667, -71.09990951666667), 'heading': 43.7, 'depth': 1.0, 'altitude': 10.0, 'roll': 0.0, 'pitch': 0.0, 'last_fix_time': datetime.datetime(2021, 7, 28, 21, 58, 5), 'speed': None, 'rudder': 0, 'datum': (42.3, -71.1)}
2021-07-28 22:58:08,147 [INFO] Processing: $BFNVG,215806.27,4218.004431,N,07105.994437,W,0,10.0,1.0,43.6,0.0,0.0,215806.27*67
2021-07-28 22:58:08,149 [INFO] Interpreted as: {'position': (7.845257729117293, 8.011829311028123), 'latlon': (42.30007385, -71.09990728333334), 'heading': 43.6, 'depth': 1.0, 'altitude': 10.0, 'roll': 0.0, 'pitch': 0.0, 'last_fix_time': datetime.datetime(2021, 7, 28, 21, 58, 6), 'speed': None, 'rudder': 0, 'datum': (42.3, -71.1)}
2021-07-28 22:58:08,150 [INFO] Processing: $BFNVG,215806.62,4218.004540,N,07105.994303,W,0,10.0,1.0,43.6,0.0,0.0,215806.62*60
2021-07-28 22:58:08,152 [INFO] Interpreted as: {'position': (8.034335448290221, 8.209012221544981), 'latlon': (42.300075666666665, -71.09990505), 'heading': 43.6, 'depth': 1.0, 'altitude': 10.0, 'roll': 0.0, 'pitch': 0.0, 'last_fix_time': datetime.datetime(2021, 7, 28, 21, 58, 6), 'speed': None, 'rudder': 0, 'datum': (42.3, -71.1)}
2021-07-28 22:58:08,154 [INFO] Processing: $BFNVG,215806.98,4218.004650,N,07105.994170,W,0,10.0,1.0,43.5,0.0,0.0,215806.98*67
2021-07-28 22:58:08,156 [INFO] Interpreted as: {'position': (8.222084953216836, 8.408079740591347), 'latlon': (42.3000775, -71.09990283333333), 'heading': 43.5, 'depth': 1.0, 'altitude': 10.0, 'roll': 0.0, 'pitch': 0.0, 'last_fix_time': datetime.datetime(2021, 7, 28, 21, 58, 6), 'speed': None, 'rudder': 0, 'datum': (42.3, -71.1)}
2021-07-28 22:58:08,157 [INFO] Received from Frontseat: [b'$BFNVG,215805.91,4218.004321,N,07105.994571,W,0,10.0,1.0,43.7,0.0,0.0,215805.91*63', b'$BFNVG,215806.27,4218.004431,N,07105.994437,W,0,10.0,1.0,43.6,0.0,0.0,215806.27*67', b'$BFNVG,215806.62,4218.004540,N,07105.994303,W,0,10.0,1.0,43.6,0.0,0.0,215806.62*60', b'$BFNVG,215806.98,4218.004650,N,07105.994170,W,0,10.0,1.0,43.5,0.0,0.0,215806.98*67']
2021-07-28 22:58:08,158 [INFO] AUV state: {'position': (8.222084953216836, 8.408079740591347), 'latlon': (42.3000775, -71.09990283333333), 'heading': 43.5, 'depth': 1.0, 'altitude': 10.0, 'roll': 0.0, 'pitch': 0.0, 'last_fix_time': datetime.datetime(2021, 7, 28, 21, 58, 6), 'speed': None, 'rudder': 0, 'datum': (42.3, -71.1)}
2021-07-28 22:58:08,701 [INFO] **** [] [(0.5887317848691099, 10.096327843010556), (-15.265485661829308, -2.1348502960874214), (29.239835951254438, 10.68906936201125), (29.0361250269942, -16.31894495057538), (10.237702516555748, -22.364947947342436), (-9.914522491631523, -19.822520518403117), (-13.115469706524772, -6.597790718683463), (4.7905167821710535, -20.61163343040066), (7.435638062360447, 24.280621151138472), (22.685408870099007, -9.871374582255466)]
2021-07-28 22:58:08,702 [INFO] Next green buoy: [], next red buoy: [(0.5887317848691099, 10.096327843010556), (-15.265485661829308, -2.1348502960874214), (29.239835951254438, 10.68906936201125), (29.0361250269942, -16.31894495057538), (10.237702516555748, -22.364947947342436), (-9.914522491631523, -19.822520518403117), (-13.115469706524772, -6.597790718683463), (4.7905167821710535, -20.61163343040066), (7.435638062360447, 24.280621151138472), (22.685408870099007, -9.871374582255466)]
2021-07-28 22:58:08,703 [INFO] Desired_heading: 44.08873178486911
2021-07-28 22:58:08,703 [INFO] delta angle: 0.3437997806379936
2021-07-28 22:58:08,704 [INFO] sending message $BPRMB,215811.05,-0.3437997806379936,1,0,750,0,1*4c
...
2021-07-28 22:58:09,706 [INFO] sending message $BPSTS,215809.70,1,BWSI Autonomy OK*44
...
2021-07-28 22:58:09,707 [INFO] Processing: $BFNVG,215807.33,4218.004760,N,07105.994036,W,0,10.0,1.0,43.4,0.0,0.0,215807.33*67
2021-07-28 22:58:09,710 [INFO] Interpreted as: {'position': (8.41120832139859, 8.607113359495997), 'latlon': (42.300079333333336, -71.0999006), 'heading': 43.4, 'depth': 1.0, 'altitude': 10.0, 'roll': 0.0, 'pitch': 0.0, 'last_fix_time': datetime.datetime(2021, 7, 28, 21, 58, 7), 'speed': None, 'rudder': 0, 'datum': (42.3, -71.1)}
2021-07-28 22:58:09,711 [INFO] Processing: $BFNVG,215807.69,4218.004870,N,07105.993902,W,0,10.0,1.0,43.4,0.0,0.0,215807.69*60
2021-07-28 22:58:09,713 [INFO] Interpreted as: {'position': (8.60033168119844, 8.806146983988583), 'latlon': (42.300081166666665, -71.09989836666666), 'heading': 43.4, 'depth': 1.0, 'altitude': 10.0, 'roll': 0.0, 'pitch': 0.0, 'last_fix_time': datetime.datetime(2021, 7, 28, 21, 58, 7), 'speed': None, 'rudder': 0, 'datum': (42.3, -71.1)}
2021-07-28 22:58:09,714 [INFO] Processing: $BFNVG,215808.04,4218.004980,N,07105.993768,W,0,10.0,1.0,43.5,0.0,0.0,215808.04*6D
2021-07-28 22:58:09,716 [INFO] Interpreted as: {'position': (8.789455030462705, 9.005180612206459), 'latlon': (42.300083, -71.09989613333333), 'heading': 43.5, 'depth': 1.0, 'altitude': 10.0, 'roll': 0.0, 'pitch': 0.0, 'last_fix_time': datetime.datetime(2021, 7, 28, 21, 58, 8), 'speed': None, 'rudder': 0, 'datum': (42.3, -71.1)}
2021-07-28 22:58:09,717 [INFO] Processing: $BFNVG,215808.40,4218.005091,N,07105.993635,W,0,10.0,1.0,43.5,0.0,0.0,215808.40*6C
2021-07-28 22:58:09,719 [INFO] Interpreted as: {'position': (8.977250161056872, 9.206098845228553), 'latlon': (42.30008485, -71.09989391666667), 'heading': 43.5, 'depth': 1.0, 'altitude': 10.0, 'roll': 0.0, 'pitch': 0.0, 'last_fix_time': datetime.datetime(2021, 7, 28, 21, 58, 8), 'speed': None, 'rudder': 0, 'datum': (42.3, -71.1)}
2021-07-28 22:58:09,720 [INFO] Received from Frontseat: [b'$BFNVG,215807.33,4218.004760,N,07105.994036,W,0,10.0,1.0,43.4,0.0,0.0,215807.33*67', b'$BFNVG,215807.69,4218.004870,N,07105.993902,W,0,10.0,1.0,43.4,0.0,0.0,215807.69*60', b'$BFNVG,215808.04,4218.004980,N,07105.993768,W,0,10.0,1.0,43.5,0.0,0.0,215808.04*6D', b'$BFNVG,215808.40,4218.005091,N,07105.993635,W,0,10.0,1.0,43.5,0.0,0.0,215808.40*6C']
2021-07-28 22:58:09,721 [INFO] AUV state: {'position': (8.977250161056872, 9.206098845228553), 'latlon': (42.30008485, -71.09989391666667), 'heading': 43.5, 'depth': 1.0, 'altitude': 10.0, 'roll': 0.0, 'pitch': 0.0, 'last_fix_time': datetime.datetime(2021, 7, 28, 21, 58, 8), 'speed': None, 'rudder': 0, 'datum': (42.3, -71.1)}
2021-07-28 22:58:10,240 [INFO] **** [] [(-1.4298353038877478, 12.182365054629656), (-14.747306743221019, -2.4301431312916124), (29.27757063846385, 10.786702778108642), (29.05038486711635, -16.317239485133026), (10.195014709060594, -22.72960505488906), (23.77839308756235, -13.556638508175393), (-9.698619333365494, -19.756302667348415), (-13.116675470351916, -6.557436193301147), (11.365851014789667, -20.324507383846157), (19.14089541792381, -13.124814066836484), (7.435638062360447, 24.280621151138472)]
2021-07-28 22:58:10,241 [INFO] Next green buoy: [], next red buoy: [(-1.4298353038877478, 12.182365054629656), (-14.747306743221019, -2.4301431312916124), (29.27757063846385, 10.786702778108642), (29.05038486711635, -16.317239485133026), (10.195014709060594, -22.72960505488906), (23.77839308756235, -13.556638508175393), (-9.698619333365494, -19.756302667348415), (-13.116675470351916, -6.557436193301147), (11.365851014789667, -20.324507383846157), (19.14089541792381, -13.124814066836484), (7.435638062360447, 24.280621151138472)]
2021-07-28 22:58:10,241 [INFO] Desired_heading: 42.07016469611225
2021-07-28 22:58:10,242 [INFO] delta angle: -1.0423564567124117
2021-07-28 22:58:10,242 [INFO] sending message $BPRMB,215808.35,1.0423564567124117,1,0,750,0,1*66
...
2021-07-28 22:58:11,244 [INFO] sending message $BPSTS,215811.24,1,BWSI Autonomy OK*4c
...
2021-07-28 22:58:11,245 [INFO] Processing: $BFNVG,215808.76,4218.005203,N,07105.993498,W,0,10.0,1.0,43.5,0.0,0.0,215808.76*60
2021-07-28 22:58:11,248 [INFO] Interpreted as: {'position': (9.170586462598294, 9.408732169307768), 'latlon': (42.30008671666667, -71.09989163333333), 'heading': 43.5, 'depth': 1.0, 'altitude': 10.0, 'roll': 0.0, 'pitch': 0.0, 'last_fix_time': datetime.datetime(2021, 7, 28, 21, 58, 8), 'speed': None, 'rudder': 0, 'datum': (42.3, -71.1)}
2021-07-28 22:58:11,249 [INFO] Processing: $BFNVG,215809.12,4218.005314,N,07105.993362,W,0,10.0,1.0,43.5,0.0,0.0,215809.12*65
2021-07-28 22:58:11,252 [INFO] Interpreted as: {'position': (9.362503205542453, 9.609548704698682), 'latlon': (42.300088566666666, -71.09988936666667), 'heading': 43.5, 'depth': 1.0, 'altitude': 10.0, 'roll': 0.0, 'pitch': 0.0, 'last_fix_time': datetime.datetime(2021, 7, 28, 21, 58, 9), 'speed': None, 'rudder': 0, 'datum': (42.3, -71.1)}
2021-07-28 22:58:11,253 [INFO] Processing: $BFNVG,215809.48,4218.005423,N,07105.993230,W,0,10.0,1.0,43.6,0.0,0.0,215809.48*63
2021-07-28 22:58:11,255 [INFO] Interpreted as: {'position': (9.548833086853847, 9.806799460202456), 'latlon': (42.300090383333334, -71.09988716666666), 'heading': 43.6, 'depth': 1.0, 'altitude': 10.0, 'roll': 0.0, 'pitch': 0.0, 'last_fix_time': datetime.datetime(2021, 7, 28, 21, 58, 9), 'speed': None, 'rudder': 0, 'datum': (42.3, -71.1)}
2021-07-28 22:58:11,256 [INFO] Processing: $BFNVG,215809.83,4218.005533,N,07105.993096,W,0,10.0,1.0,43.6,0.0,0.0,215809.83*6D
2021-07-28 22:58:11,258 [INFO] Interpreted as: {'position': (9.737956383207347, 10.005833115428686), 'latlon': (42.30009221666667, -71.09988493333333), 'heading': 43.6, 'depth': 1.0, 'altitude': 10.0, 'roll': 0.0, 'pitch': 0.0, 'last_fix_time': datetime.datetime(2021, 7, 28, 21, 58, 9), 'speed': None, 'rudder': 0, 'datum': (42.3, -71.1)}
2021-07-28 22:58:11,259 [INFO] Processing: $BFNVG,215810.19,4218.005643,N,07105.992961,W,0,10.0,1.0,43.6,0.0,0.0,215810.19*69
2021-07-28 22:58:11,262 [INFO] Interpreted as: {'position': (9.9284535467159, 10.204832868650556), 'latlon': (42.30009405, -71.09988268333333), 'heading': 43.6, 'depth': 1.0, 'altitude': 10.0, 'roll': 0.0, 'pitch': 0.0, 'last_fix_time': datetime.datetime(2021, 7, 28, 21, 58, 10), 'speed': None, 'rudder': 0, 'datum': (42.3, -71.1)}
2021-07-28 22:58:11,263 [INFO] Received from Frontseat: [b'$BFNVG,215808.76,4218.005203,N,07105.993498,W,0,10.0,1.0,43.5,0.0,0.0,215808.76*60', b'$BFNVG,215809.12,4218.005314,N,07105.993362,W,0,10.0,1.0,43.5,0.0,0.0,215809.12*65', b'$BFNVG,215809.48,4218.005423,N,07105.993230,W,0,10.0,1.0,43.6,0.0,0.0,215809.48*63', b'$BFNVG,215809.83,4218.005533,N,07105.993096,W,0,10.0,1.0,43.6,0.0,0.0,215809.83*6D', b'$BFNVG,215810.19,4218.005643,N,07105.992961,W,0,10.0,1.0,43.6,0.0,0.0,215810.19*69']
2021-07-28 22:58:11,264 [INFO] AUV state: {'position': (9.9284535467159, 10.204832868650556), 'latlon': (42.30009405, -71.09988268333333), 'heading': 43.6, 'depth': 1.0, 'altitude': 10.0, 'roll': 0.0, 'pitch': 0.0, 'last_fix_time': datetime.datetime(2021, 7, 28, 21, 58, 10), 'speed': None, 'rudder': 0, 'datum': (42.3, -71.1)}
2021-07-28 22:58:11,772 [INFO] **** [] [(-1.4716203124697678, 12.167143546716453), (-15.230743516248477, -2.1435386776875727), (29.346433746825493, 10.890262867606905), (28.976260398685838, -16.54052907055477), (6.7993479136360975, -22.308537505815202), (12.958528298008904, -23.798678455340337), (14.064035896948672, -22.1628712610049), (23.708025083173162, -13.533362492088939), (-13.078635022276305, -6.591023399055882), (11.88301810694104, -22.137416204698248), (-9.893135935941313, -18.91546380086778), (21.075110765145677, -13.305153807663189), (7.435638062360447, 24.280621151138472), (19.066123023979525, -13.143500655197201), (-9.555514562557835, -20.102376472980904)]
2021-07-28 22:58:11,773 [INFO] Next green buoy: [], next red buoy: [(-1.4716203124697678, 12.167143546716453), (-15.230743516248477, -2.1435386776875727), (29.346433746825493, 10.890262867606905), (28.976260398685838, -16.54052907055477), (6.7993479136360975, -22.308537505815202), (12.958528298008904, -23.798678455340337), (14.064035896948672, -22.1628712610049), (23.708025083173162, -13.533362492088939), (-13.078635022276305, -6.591023399055882), (11.88301810694104, -22.137416204698248), (-9.893135935941313, -18.91546380086778), (21.075110765145677, -13.305153807663189), (7.435638062360447, 24.280621151138472), (19.066123023979525, -13.143500655197201), (-9.555514562557835, -20.102376472980904)]
2021-07-28 22:58:11,774 [INFO] Desired_heading: 42.128379687530234
2021-07-28 22:58:11,774 [INFO] delta angle: -1.0805713735392146
2021-07-28 22:58:11,775 [INFO] sending message $BPRMB,215814.12,1.0805713735392146,1,0,750,0,1*6a
...
2021-07-28 22:58:12,776 [INFO] sending message $BPSTS,215812.77,1,BWSI Autonomy OK*49
...
2021-07-28 22:58:12,778 [INFO] Processing: $BFNVG,215810.54,4218.005752,N,07105.992828,W,0,10.0,1.0,43.6,0.0,0.0,215810.54*64
2021-07-28 22:58:12,780 [INFO] Interpreted as: {'position': (10.11615727469325, 10.402049737982452), 'latlon': (42.300095866666666, -71.09988046666666), 'heading': 43.6, 'depth': 1.0, 'altitude': 10.0, 'roll': 0.0, 'pitch': 0.0, 'last_fix_time': datetime.datetime(2021, 7, 28, 21, 58, 10), 'speed': None, 'rudder': 0, 'datum': (42.3, -71.1)}
2021-07-28 22:58:12,781 [INFO] Processing: $BFNVG,215810.90,4218.005862,N,07105.992694,W,0,10.0,1.0,43.6,0.0,0.0,215810.90*61
2021-07-28 22:58:12,783 [INFO] Interpreted as: {'position': (10.305280539381783, 10.601083405315876), 'latlon': (42.3000977, -71.09987823333333), 'heading': 43.6, 'depth': 1.0, 'altitude': 10.0, 'roll': 0.0, 'pitch': 0.0, 'last_fix_time': datetime.datetime(2021, 7, 28, 21, 58, 10), 'speed': None, 'rudder': 0, 'datum': (42.3, -71.1)}
2021-07-28 22:58:12,784 [INFO] Processing: $BFNVG,215811.25,4218.005971,N,07105.992561,W,0,10.0,1.0,43.5,0.0,0.0,215811.25*68
2021-07-28 22:58:12,786 [INFO] Interpreted as: {'position': (10.492984244367108, 10.798300283960998), 'latlon': (42.30009951666667, -71.09987601666667), 'heading': 43.5, 'depth': 1.0, 'altitude': 10.0, 'roll': 0.0, 'pitch': 0.0, 'last_fix_time': datetime.datetime(2021, 7, 28, 21, 58, 11), 'speed': None, 'rudder': 0, 'datum': (42.3, -71.1)}
2021-07-28 22:58:12,786 [INFO] Processing: $BFNVG,215811.61,4218.006083,N,07105.992425,W,0,10.0,1.0,43.4,0.0,0.0,215811.61*6F
2021-07-28 22:58:12,788 [INFO] Interpreted as: {'position': (10.684946584166028, 11.000967550091445), 'latlon': (42.300101383333335, -71.09987375), 'heading': 43.4, 'depth': 1.0, 'altitude': 10.0, 'roll': 0.0, 'pitch': 0.0, 'last_fix_time': datetime.datetime(2021, 7, 28, 21, 58, 11), 'speed': None, 'rudder': 0, 'datum': (42.3, -71.1)}
2021-07-28 22:58:12,789 [INFO] Received from Frontseat: [b'$BFNVG,215810.54,4218.005752,N,07105.992828,W,0,10.0,1.0,43.6,0.0,0.0,215810.54*64', b'$BFNVG,215810.90,4218.005862,N,07105.992694,W,0,10.0,1.0,43.6,0.0,0.0,215810.90*61', b'$BFNVG,215811.25,4218.005971,N,07105.992561,W,0,10.0,1.0,43.5,0.0,0.0,215811.25*68', b'$BFNVG,215811.61,4218.006083,N,07105.992425,W,0,10.0,1.0,43.4,0.0,0.0,215811.61*6F']
2021-07-28 22:58:12,790 [INFO] AUV state: {'position': (10.684946584166028, 11.000967550091445), 'latlon': (42.300101383333335, -71.09987375), 'heading': 43.4, 'depth': 1.0, 'altitude': 10.0, 'roll': 0.0, 'pitch': 0.0, 'last_fix_time': datetime.datetime(2021, 7, 28, 21, 58, 11), 'speed': None, 'rudder': 0, 'datum': (42.3, -71.1)}
2021-07-28 22:58:13,304 [INFO] **** [] [(-1.432914339109062, 12.1612784381813), (-15.176596193639892, -2.400117573147141), (29.355778001561774, 10.933840609050634), (28.960143089463937, -16.702272167030085), (6.937342964392308, -22.536032869563858), (12.466849128187278, -23.850032906138946), (13.121153474241613, -22.10090049134341), (-9.850030943774456, -19.615409593546474), (23.821816327727678, -13.558535109773294), (7.405191100979645, 24.274188876087365), (19.114024235470882, -13.13104324561685), (2.869455293384424, -24.280621151138472)]
2021-07-28 22:58:13,305 [INFO] Next green buoy: [], next red buoy: [(-1.432914339109062, 12.1612784381813), (-15.176596193639892, -2.400117573147141), (29.355778001561774, 10.933840609050634), (28.960143089463937, -16.702272167030085), (6.937342964392308, -22.536032869563858), (12.466849128187278, -23.850032906138946), (13.121153474241613, -22.10090049134341), (-9.850030943774456, -19.615409593546474), (23.821816327727678, -13.558535109773294), (7.405191100979645, 24.274188876087365), (19.114024235470882, -13.13104324561685), (2.869455293384424, -24.280621151138472)]
2021-07-28 22:58:13,306 [INFO] Desired_heading: 41.96708566089094
2021-07-28 22:58:13,306 [INFO] delta angle: -1.0451629999573697
2021-07-28 22:58:13,307 [INFO] sending message $BPRMB,215811.42,1.0451629999573697,1,0,750,0,1*65
...
2021-07-28 22:58:14,308 [INFO] sending message $BPSTS,215814.30,1,BWSI Autonomy OK*4c
...
2021-07-28 22:58:14,310 [INFO] Processing: $BFNVG,215811.97,4218.006193,N,07105.992291,W,0,10.0,1.0,43.3,0.0,0.0,215811.97*61
2021-07-28 22:58:14,312 [INFO] Interpreted as: {'position': (10.874069815094117, 11.200001231394708), 'latlon': (42.30010321666666, -71.09987151666667), 'heading': 43.3, 'depth': 1.0, 'altitude': 10.0, 'roll': 0.0, 'pitch': 0.0, 'last_fix_time': datetime.datetime(2021, 7, 28, 21, 58, 11), 'speed': None, 'rudder': 0, 'datum': (42.3, -71.1)}
2021-07-28 22:58:14,313 [INFO] Processing: $BFNVG,215812.33,4218.006304,N,07105.992157,W,0,10.0,1.0,43.3,0.0,0.0,215812.33*64
2021-07-28 22:58:14,315 [INFO] Interpreted as: {'position': (11.063238706905395, 11.400885615497828), 'latlon': (42.30010506666667, -71.09986928333333), 'heading': 43.3, 'depth': 1.0, 'altitude': 10.0, 'roll': 0.0, 'pitch': 0.0, 'last_fix_time': datetime.datetime(2021, 7, 28, 21, 58, 12), 'speed': None, 'rudder': 0, 'datum': (42.3, -71.1)}
2021-07-28 22:58:14,315 [INFO] Processing: $BFNVG,215812.68,4218.006415,N,07105.992024,W,0,10.0,1.0,43.2,0.0,0.0,215812.68*67
2021-07-28 22:58:14,317 [INFO] Interpreted as: {'position': (11.25103371066507, 11.601803907193244), 'latlon': (42.300106916666664, -71.09986706666666), 'heading': 43.2, 'depth': 1.0, 'altitude': 10.0, 'roll': 0.0, 'pitch': 0.0, 'last_fix_time': datetime.datetime(2021, 7, 28, 21, 58, 12), 'speed': None, 'rudder': 0, 'datum': (42.3, -71.1)}
2021-07-28 22:58:14,318 [INFO] Processing: $BFNVG,215813.04,4218.006525,N,07105.991892,W,0,10.0,1.0,43.1,0.0,0.0,215813.04*60
2021-07-28 22:58:14,320 [INFO] Interpreted as: {'position': (11.437409157166258, 11.800905410200357), 'latlon': (42.30010875, -71.09986486666666), 'heading': 43.1, 'depth': 1.0, 'altitude': 10.0, 'roll': 0.0, 'pitch': 0.0, 'last_fix_time': datetime.datetime(2021, 7, 28, 21, 58, 13), 'speed': None, 'rudder': 0, 'datum': (42.3, -71.1)}
2021-07-28 22:58:14,321 [INFO] Received from Frontseat: [b'$BFNVG,215811.97,4218.006193,N,07105.992291,W,0,10.0,1.0,43.3,0.0,0.0,215811.97*61', b'$BFNVG,215812.33,4218.006304,N,07105.992157,W,0,10.0,1.0,43.3,0.0,0.0,215812.33*64', b'$BFNVG,215812.68,4218.006415,N,07105.992024,W,0,10.0,1.0,43.2,0.0,0.0,215812.68*67', b'$BFNVG,215813.04,4218.006525,N,07105.991892,W,0,10.0,1.0,43.1,0.0,0.0,215813.04*60']
2021-07-28 22:58:14,322 [INFO] AUV state: {'position': (11.437409157166258, 11.800905410200357), 'latlon': (42.30010875, -71.09986486666666), 'heading': 43.1, 'depth': 1.0, 'altitude': 10.0, 'roll': 0.0, 'pitch': 0.0, 'last_fix_time': datetime.datetime(2021, 7, 28, 21, 58, 13), 'speed': None, 'rudder': 0, 'datum': (42.3, -71.1)}
2021-07-28 22:58:14,831 [INFO] **** [] [(-1.4501753752655973, 12.243396365710451), (-15.12642732510187, -2.306975630066512), (29.248369690154682, 10.782960838098145), (29.07983932390445, -16.37192665597109), (10.319278135862385, -22.79922000248466), (-9.927287182071897, -19.756233890421605), (-13.131043245616853, -6.596440446663239), (23.799446949607244, -13.551506375588538), (-1.5037259753961414, -21.045040584030286), (4.995968541006145, -20.551914193732813), (2.9529812310199994, -24.292899139949483), (7.435638062360447, 24.25360121897525)]
2021-07-28 22:58:14,833 [INFO] Next green buoy: [], next red buoy: [(-1.4501753752655973, 12.243396365710451), (-15.12642732510187, -2.306975630066512), (29.248369690154682, 10.782960838098145), (29.07983932390445, -16.37192665597109), (10.319278135862385, -22.79922000248466), (-9.927287182071897, -19.756233890421605), (-13.131043245616853, -6.596440446663239), (23.799446949607244, -13.551506375588538), (-1.5037259753961414, -21.045040584030286), (4.995968541006145, -20.551914193732813), (2.9529812310199994, -24.292899139949483), (7.435638062360447, 24.25360121897525)]
2021-07-28 22:58:14,833 [INFO] Desired_heading: 41.64982462473441
2021-07-28 22:58:14,834 [INFO] delta angle: -1.0609243048407393
2021-07-28 22:58:14,834 [INFO] sending message $BPRMB,215817.19,1.0609243048407393,1,0,750,0,1*6c
...
2021-07-28 22:58:15,836 [INFO] sending message $BPSTS,215815.83,1,BWSI Autonomy OK*45
...
2021-07-28 22:58:15,837 [INFO] Processing: $BFNVG,215813.40,4218.006637,N,07105.991757,W,0,10.0,1.0,43.1,0.0,0.0,215813.40*66
2021-07-28 22:58:15,839 [INFO] Interpreted as: {'position': (11.627997561707161, 12.003606604412198), 'latlon': (42.300110616666664, -71.09986261666667), 'heading': 43.1, 'depth': 1.0, 'altitude': 10.0, 'roll': 0.0, 'pitch': 0.0, 'last_fix_time': datetime.datetime(2021, 7, 28, 21, 58, 13), 'speed': None, 'rudder': 0, 'datum': (42.3, -71.1)}
2021-07-28 22:58:15,840 [INFO] Processing: $BFNVG,215813.75,4218.006747,N,07105.991625,W,0,10.0,1.0,43.0,0.0,0.0,215813.75*65
2021-07-28 22:58:15,842 [INFO] Interpreted as: {'position': (11.814372987137176, 12.202708114869893), 'latlon': (42.30011245, -71.09986041666667), 'heading': 43.0, 'depth': 1.0, 'altitude': 10.0, 'roll': 0.0, 'pitch': 0.0, 'last_fix_time': datetime.datetime(2021, 7, 28, 21, 58, 13), 'speed': None, 'rudder': 0, 'datum': (42.3, -71.1)}
2021-07-28 22:58:15,843 [INFO] Processing: $BFNVG,215814.10,4218.006858,N,07105.991493,W,0,10.0,1.0,42.9,0.0,0.0,215814.10*63
2021-07-28 22:58:15,845 [INFO] Interpreted as: {'position': (12.000794071354903, 12.403660328127444), 'latlon': (42.3001143, -71.09985821666666), 'heading': 42.9, 'depth': 1.0, 'altitude': 10.0, 'roll': 0.0, 'pitch': 0.0, 'last_fix_time': datetime.datetime(2021, 7, 28, 21, 58, 14), 'speed': None, 'rudder': 0, 'datum': (42.3, -71.1)}
2021-07-28 22:58:15,846 [INFO] Processing: $BFNVG,215814.46,4218.006970,N,07105.991360,W,0,10.0,1.0,42.8,0.0,0.0,215814.46*62
2021-07-28 22:58:15,848 [INFO] Interpreted as: {'position': (12.188634691410698, 12.606429343111813), 'latlon': (42.30011616666667, -71.099856), 'heading': 42.8, 'depth': 1.0, 'altitude': 10.0, 'roll': 0.0, 'pitch': 0.0, 'last_fix_time': datetime.datetime(2021, 7, 28, 21, 58, 14), 'speed': None, 'rudder': 0, 'datum': (42.3, -71.1)}
2021-07-28 22:58:15,849 [INFO] Received from Frontseat: [b'$BFNVG,215813.40,4218.006637,N,07105.991757,W,0,10.0,1.0,43.1,0.0,0.0,215813.40*66', b'$BFNVG,215813.75,4218.006747,N,07105.991625,W,0,10.0,1.0,43.0,0.0,0.0,215813.75*65', b'$BFNVG,215814.10,4218.006858,N,07105.991493,W,0,10.0,1.0,42.9,0.0,0.0,215814.10*63', b'$BFNVG,215814.46,4218.006970,N,07105.991360,W,0,10.0,1.0,42.8,0.0,0.0,215814.46*62']
2021-07-28 22:58:15,850 [INFO] AUV state: {'position': (12.188634691410698, 12.606429343111813), 'latlon': (42.30011616666667, -71.099856), 'heading': 42.8, 'depth': 1.0, 'altitude': 10.0, 'roll': 0.0, 'pitch': 0.0, 'last_fix_time': datetime.datetime(2021, 7, 28, 21, 58, 14), 'speed': None, 'rudder': 0, 'datum': (42.3, -71.1)}
2021-07-28 22:58:16,397 [INFO] **** [] [(-1.3534242051254155, 12.15158515104158), (-15.146475309594738, -2.475065103657323), (29.172315828166944, 10.646203725335392), (5.555875766108887, -22.098960203495476), (29.038749482545168, -16.32474768645495), (-10.003081993763594, -20.036455681173557), (22.748970863261718, -13.449606528344152), (13.0058002522162, -20.083995448879758), (-15.646481203365393, -6.363482396586807), (7.758873024550069, -15.18912859143346), (16.36354108896325, -19.89503455655), (19.237559210467914, -13.15607656446321), (7.435638062360447, 24.22056125865206), (23.328121068060348, -3.247675889827087)]
2021-07-28 22:58:16,398 [INFO] Next green buoy: [], next red buoy: [(-1.3534242051254155, 12.15158515104158), (-15.146475309594738, -2.475065103657323), (29.172315828166944, 10.646203725335392), (5.555875766108887, -22.098960203495476), (29.038749482545168, -16.32474768645495), (-10.003081993763594, -20.036455681173557), (22.748970863261718, -13.449606528344152), (13.0058002522162, -20.083995448879758), (-15.646481203365393, -6.363482396586807), (7.758873024550069, -15.18912859143346), (16.36354108896325, -19.89503455655), (19.237559210467914, -13.15607656446321), (7.435638062360447, 24.22056125865206), (23.328121068060348, -3.247675889827087)]
2021-07-28 22:58:16,399 [INFO] Desired_heading: 41.44657579487458
2021-07-28 22:58:16,399 [INFO] delta angle: -0.973197904346705
2021-07-28 22:58:16,400 [INFO] sending message $BPRMB,215814.47,0.973197904346705,1,0,750,0,1*55
...
2021-07-28 22:58:17,401 [INFO] sending message $BPSTS,215817.40,1,BWSI Autonomy OK*48
...
2021-07-28 22:58:17,403 [INFO] Processing: $BFNVG,215814.84,4218.007089,N,07105.991219,W,0,10.0,1.0,42.8,0.0,0.0,215814.84*63
2021-07-28 22:58:17,408 [INFO] Interpreted as: {'position': (12.387786001665518, 12.821882016956806), 'latlon': (42.30011815, -71.09985365), 'heading': 42.8, 'depth': 1.0, 'altitude': 10.0, 'roll': 0.0, 'pitch': 0.0, 'last_fix_time': datetime.datetime(2021, 7, 28, 21, 58, 14), 'speed': None, 'rudder': 0, 'datum': (42.3, -71.1)}
2021-07-28 22:58:17,409 [INFO] Processing: $BFNVG,215815.20,4218.007200,N,07105.991088,W,0,10.0,1.0,42.7,0.0,0.0,215815.20*65
2021-07-28 22:58:17,411 [INFO] Interpreted as: {'position': (12.57283317646943, 13.022868148051202), 'latlon': (42.30012, -71.09985146666666), 'heading': 42.7, 'depth': 1.0, 'altitude': 10.0, 'roll': 0.0, 'pitch': 0.0, 'last_fix_time': datetime.datetime(2021, 7, 28, 21, 58, 15), 'speed': None, 'rudder': 0, 'datum': (42.3, -71.1)}
2021-07-28 22:58:17,412 [INFO] Processing: $BFNVG,215815.55,4218.007311,N,07105.990956,W,0,10.0,1.0,42.6,0.0,0.0,215815.55*6E
2021-07-28 22:58:17,414 [INFO] Interpreted as: {'position': (12.759254217962734, 13.22382038179785), 'latlon': (42.30012185, -71.09984926666667), 'heading': 42.6, 'depth': 1.0, 'altitude': 10.0, 'roll': 0.0, 'pitch': 0.0, 'last_fix_time': datetime.datetime(2021, 7, 28, 21, 58, 15), 'speed': None, 'rudder': 0, 'datum': (42.3, -71.1)}
2021-07-28 22:58:17,415 [INFO] Processing: $BFNVG,215815.91,4218.007422,N,07105.990825,W,0,10.0,1.0,42.6,0.0,0.0,215815.91*6C
2021-07-28 22:58:17,417 [INFO] Interpreted as: {'position': (12.944301371986512, 13.424806520342827), 'latlon': (42.3001237, -71.09984708333333), 'heading': 42.6, 'depth': 1.0, 'altitude': 10.0, 'roll': 0.0, 'pitch': 0.0, 'last_fix_time': datetime.datetime(2021, 7, 28, 21, 58, 15), 'speed': None, 'rudder': 0, 'datum': (42.3, -71.1)}
2021-07-28 22:58:17,418 [INFO] Processing: $BFNVG,215816.26,4218.007533,N,07105.990694,W,0,10.0,1.0,42.5,0.0,0.0,215816.26*6A
2021-07-28 22:58:17,420 [INFO] Interpreted as: {'position': (13.129348515474703, 13.625792666338384), 'latlon': (42.30012555, -71.0998449), 'heading': 42.5, 'depth': 1.0, 'altitude': 10.0, 'roll': 0.0, 'pitch': 0.0, 'last_fix_time': datetime.datetime(2021, 7, 28, 21, 58, 16), 'speed': None, 'rudder': 0, 'datum': (42.3, -71.1)}
2021-07-28 22:58:17,421 [INFO] Received from Frontseat: [b'$BFNVG,215814.84,4218.007089,N,07105.991219,W,0,10.0,1.0,42.8,0.0,0.0,215814.84*63', b'$BFNVG,215815.20,4218.007200,N,07105.991088,W,0,10.0,1.0,42.7,0.0,0.0,215815.20*65', b'$BFNVG,215815.55,4218.007311,N,07105.990956,W,0,10.0,1.0,42.6,0.0,0.0,215815.55*6E', b'$BFNVG,215815.91,4218.007422,N,07105.990825,W,0,10.0,1.0,42.6,0.0,0.0,215815.91*6C', b'$BFNVG,215816.26,4218.007533,N,07105.990694,W,0,10.0,1.0,42.5,0.0,0.0,215816.26*6A']
2021-07-28 22:58:17,421 [INFO] AUV state: {'position': (13.129348515474703, 13.625792666338384), 'latlon': (42.30012555, -71.0998449), 'heading': 42.5, 'depth': 1.0, 'altitude': 10.0, 'roll': 0.0, 'pitch': 0.0, 'last_fix_time': datetime.datetime(2021, 7, 28, 21, 58, 16), 'speed': None, 'rudder': 0, 'datum': (42.3, -71.1)}
2021-07-28 22:58:17,935 [INFO] **** [] [(-0.7694924269007871, 11.53129522153102), (-15.299713166654827, -2.2301954891702183), (29.210010711495997, 10.714778641052742), (29.035126423055985, -16.340221078838713), (9.710337310484388, -22.382133772298825), (22.610889362046894, -13.429270959959373), (-9.84543606139596, -19.800030577549546), (-1.4505471602288054, -21.20517329770235), (4.75202116170808, -20.60725137446343), (2.6892602106383685, -20.657873085402308), (16.269314846829353, -19.93635881797183), (7.435638062360447, 24.25360121897525), (7.7702723665703735, -14.81719196229568), (-15.457697484463004, -6.346190632475442), (22.685408870099007, -9.871374582255466)]
2021-07-28 22:58:17,936 [INFO] Next green buoy: [], next red buoy: [(-0.7694924269007871, 11.53129522153102), (-15.299713166654827, -2.2301954891702183), (29.210010711495997, 10.714778641052742), (29.035126423055985, -16.340221078838713), (9.710337310484388, -22.382133772298825), (22.610889362046894, -13.429270959959373), (-9.84543606139596, -19.800030577549546), (-1.4505471602288054, -21.20517329770235), (4.75202116170808, -20.60725137446343), (2.6892602106383685, -20.657873085402308), (16.269314846829353, -19.93635881797183), (7.435638062360447, 24.25360121897525), (7.7702723665703735, -14.81719196229568), (-15.457697484463004, -6.346190632475442), (22.685408870099007, -9.871374582255466)]
2021-07-28 22:58:17,937 [INFO] Desired_heading: 41.73050757309921
2021-07-28 22:58:17,937 [INFO] delta angle: -0.4804676794346392
2021-07-28 22:58:17,938 [INFO] sending message $BPRMB,215820.32,0.4804676794346392,1,0,750,0,1*60
...
