2021-07-28 16:39:27,739 [INFO] host = 192.168.1.213, port = 29500
2021-07-28 16:39:29,761 [INFO] sending message $BPLOG,ACK,ON*1e
...
2021-07-28 16:39:29,762 [INFO] sending message $BPLOG,ALL,ON*16
...
2021-07-28 16:39:29,763 [INFO] sending message $BPSTS,153929.76,1,BWSI Autonomy OK*40
...
2021-07-28 16:39:29,764 [INFO] Received from Frontseat: []
2021-07-28 16:39:29,765 [INFO] AUV state: {'position': (None, None), 'latlon': None, 'heading': None, 'depth': None, 'altitude': None, 'roll': None, 'pitch': None, 'last_fix_time': None, 'speed': None, 'rudder': 0}
2021-07-28 16:39:30,767 [INFO] sending message $BPSTS,153930.76,1,BWSI Autonomy OK*48
...
2021-07-28 16:39:30,769 [INFO] Processing: $BFNVG,153928.98,4218.000000,N,07106.000000,W,0,10.0,1.0,45.0,0.0,0.0,153928.98*62
2021-07-28 16:39:30,771 [INFO] Interpreted as: {'position': (0, 0), 'latlon': (42.3, -71.1), 'heading': 45.0, 'depth': 1.0, 'altitude': 10.0, 'roll': 0.0, 'pitch': 0.0, 'last_fix_time': datetime.datetime(2021, 7, 28, 15, 39, 28), 'speed': None, 'rudder': 0, 'datum': (42.3, -71.1)}
2021-07-28 16:39:30,772 [INFO] Processing: $BFNVG,153929.23,4218.000000,N,07106.000000,W,0,10.0,1.0,45.0,0.0,0.0,153929.23*62
2021-07-28 16:39:30,774 [INFO] Interpreted as: {'position': (0.0, 0.0), 'latlon': (42.3, -71.1), 'heading': 45.0, 'depth': 1.0, 'altitude': 10.0, 'roll': 0.0, 'pitch': 0.0, 'last_fix_time': datetime.datetime(2021, 7, 28, 15, 39, 29), 'speed': None, 'rudder': 0, 'datum': (42.3, -71.1)}
2021-07-28 16:39:30,775 [INFO] Processing: $BFNVG,153929.48,4218.000000,N,07106.000000,W,0,10.0,1.0,45.0,0.0,0.0,153929.48*62
2021-07-28 16:39:30,777 [INFO] Interpreted as: {'position': (0.0, 0.0), 'latlon': (42.3, -71.1), 'heading': 45.0, 'depth': 1.0, 'altitude': 10.0, 'roll': 0.0, 'pitch': 0.0, 'last_fix_time': datetime.datetime(2021, 7, 28, 15, 39, 29), 'speed': None, 'rudder': 0, 'datum': (42.3, -71.1)}
2021-07-28 16:39:30,778 [INFO] Processing: $BFNVG,153929.73,4218.000000,N,07106.000000,W,0,10.0,1.0,45.0,0.0,0.0,153929.73*62
2021-07-28 16:39:30,781 [INFO] Interpreted as: {'position': (0.0, 0.0), 'latlon': (42.3, -71.1), 'heading': 45.0, 'depth': 1.0, 'altitude': 10.0, 'roll': 0.0, 'pitch': 0.0, 'last_fix_time': datetime.datetime(2021, 7, 28, 15, 39, 29), 'speed': None, 'rudder': 0, 'datum': (42.3, -71.1)}
2021-07-28 16:39:30,782 [INFO] Processing: $BFNVG,153929.98,4218.000000,N,07106.000000,W,0,10.0,1.0,45.0,0.0,0.0,153929.98*62
2021-07-28 16:39:30,784 [INFO] Interpreted as: {'position': (0.0, 0.0), 'latlon': (42.3, -71.1), 'heading': 45.0, 'depth': 1.0, 'altitude': 10.0, 'roll': 0.0, 'pitch': 0.0, 'last_fix_time': datetime.datetime(2021, 7, 28, 15, 39, 29), 'speed': None, 'rudder': 0, 'datum': (42.3, -71.1)}
2021-07-28 16:39:30,786 [INFO] Received from Frontseat: [b'$BFNVG,153928.98,4218.000000,N,07106.000000,W,0,10.0,1.0,45.0,0.0,0.0,153928.98*62', b'$BFNVG,153929.23,4218.000000,N,07106.000000,W,0,10.0,1.0,45.0,0.0,0.0,153929.23*62', b'$BFNVG,153929.48,4218.000000,N,07106.000000,W,0,10.0,1.0,45.0,0.0,0.0,153929.48*62', b'$BFNVG,153929.73,4218.000000,N,07106.000000,W,0,10.0,1.0,45.0,0.0,0.0,153929.73*62', b'$BFNVG,153929.98,4218.000000,N,07106.000000,W,0,10.0,1.0,45.0,0.0,0.0,153929.98*62']
2021-07-28 16:39:30,787 [INFO] AUV state: {'position': (0.0, 0.0), 'latlon': (42.3, -71.1), 'heading': 45.0, 'depth': 1.0, 'altitude': 10.0, 'roll': 0.0, 'pitch': 0.0, 'last_fix_time': datetime.datetime(2021, 7, 28, 15, 39, 29), 'speed': None, 'rudder': 0, 'datum': (42.3, -71.1)}
2021-07-28 16:39:31,167 [INFO] **** [(-0.21993023293121178, -7.6862156757158235)] [(15.437560812208067, -7.329055330858309)]
2021-07-28 16:39:31,169 [INFO] Next green buoy: [(-0.21993023293121178, -7.6862156757158235)], next red buoy: [(15.437560812208067, -7.329055330858309)]
2021-07-28 16:39:31,170 [INFO] Desired_heading: 52.60881528963843
2021-07-28 16:39:31,170 [INFO] sending message $BPRMB,153931.75,-14.473517527958881,,,1000,0,1*73
...
2021-07-28 16:39:32,172 [INFO] sending message $BPSTS,153932.17,1,BWSI Autonomy OK*4d
...
2021-07-28 16:39:32,173 [INFO] Processing: $BFNVG,153930.41,4218.000000,N,07106.000000,W,0,10.0,1.0,45.0,0.0,0.0,153930.41*62
2021-07-28 16:39:32,175 [INFO] Interpreted as: {'position': (0.0, 0.0), 'latlon': (42.3, -71.1), 'heading': 45.0, 'depth': 1.0, 'altitude': 10.0, 'roll': 0.0, 'pitch': 0.0, 'last_fix_time': datetime.datetime(2021, 7, 28, 15, 39, 30), 'speed': None, 'rudder': 0, 'datum': (42.3, -71.1)}
2021-07-28 16:39:32,176 [INFO] Processing: $BFNVG,153930.77,4218.000000,N,07106.000000,W,0,10.0,1.0,45.0,0.0,0.0,153930.77*62
2021-07-28 16:39:32,178 [INFO] Interpreted as: {'position': (0.0, 0.0), 'latlon': (42.3, -71.1), 'heading': 45.0, 'depth': 1.0, 'altitude': 10.0, 'roll': 0.0, 'pitch': 0.0, 'last_fix_time': datetime.datetime(2021, 7, 28, 15, 39, 30), 'speed': None, 'rudder': 0, 'datum': (42.3, -71.1)}
2021-07-28 16:39:32,178 [INFO] Processing: $BFNVG,153931.14,4218.000000,N,07106.000000,W,0,10.0,1.0,45.0,0.0,0.0,153931.14*62
2021-07-28 16:39:32,180 [INFO] Interpreted as: {'position': (0.0, 0.0), 'latlon': (42.3, -71.1), 'heading': 45.0, 'depth': 1.0, 'altitude': 10.0, 'roll': 0.0, 'pitch': 0.0, 'last_fix_time': datetime.datetime(2021, 7, 28, 15, 39, 31), 'speed': None, 'rudder': 0, 'datum': (42.3, -71.1)}
2021-07-28 16:39:32,181 [INFO] Received from Frontseat: [b'$BFNVG,153930.41,4218.000000,N,07106.000000,W,0,10.0,1.0,45.0,0.0,0.0,153930.41*62', b'$BFNVG,153930.77,4218.000000,N,07106.000000,W,0,10.0,1.0,45.0,0.0,0.0,153930.77*62', b'$BFNVG,153931.14,4218.000000,N,07106.000000,W,0,10.0,1.0,45.0,0.0,0.0,153931.14*62']
2021-07-28 16:39:32,183 [INFO] AUV state: {'position': (0.0, 0.0), 'latlon': (42.3, -71.1), 'heading': 45.0, 'depth': 1.0, 'altitude': 10.0, 'roll': 0.0, 'pitch': 0.0, 'last_fix_time': datetime.datetime(2021, 7, 28, 15, 39, 31), 'speed': None, 'rudder': 0, 'datum': (42.3, -71.1)}
2021-07-28 16:39:32,551 [INFO] **** [(-0.22035521470194389, -7.708961974233651)] [(15.437560812208067, -7.333901112744751)]
2021-07-28 16:39:32,553 [INFO] Next green buoy: [(-0.22035521470194389, -7.708961974233651)], next red buoy: [(15.437560812208067, -7.333901112744751)]
2021-07-28 16:39:32,553 [INFO] Desired_heading: 52.60860279875306
2021-07-28 16:39:32,554 [INFO] sending message $BPRMB,153932.58,-14.47270913729823,,,1000,0,1*41
...
2021-07-28 16:39:33,556 [INFO] sending message $BPSTS,153933.55,1,BWSI Autonomy OK*4a
...
2021-07-28 16:39:33,564 [INFO] Processing: $BFNVG,153931.50,4218.000000,N,07106.000000,W,0,10.0,1.0,45.0,0.0,0.0,153931.50*62
2021-07-28 16:39:33,567 [INFO] Interpreted as: {'position': (0.0, 0.0), 'latlon': (42.3, -71.1), 'heading': 45.0, 'depth': 1.0, 'altitude': 10.0, 'roll': 0.0, 'pitch': 0.0, 'last_fix_time': datetime.datetime(2021, 7, 28, 15, 39, 31), 'speed': None, 'rudder': 0, 'datum': (42.3, -71.1)}
2021-07-28 16:39:33,568 [INFO] Processing: $BFNVG,153931.86,4218.000144,N,07105.999810,W,0,10.0,1.0,46.3,0.0,0.0,153931.86*60
2021-07-28 16:39:33,571 [INFO] Interpreted as: {'position': (0.26761393842753023, 0.26005843188613653), 'latlon': (42.3000024, -71.09999683333334), 'heading': 46.3, 'depth': 1.0, 'altitude': 10.0, 'roll': 0.0, 'pitch': 0.0, 'last_fix_time': datetime.datetime(2021, 7, 28, 15, 39, 31), 'speed': None, 'rudder': 0, 'datum': (42.3, -71.1)}
2021-07-28 16:39:33,572 [INFO] Processing: $BFNVG,153932.23,4218.000290,N,07105.999611,W,0,10.0,1.0,47.7,0.0,0.0,153932.23*60
2021-07-28 16:39:33,574 [INFO] Interpreted as: {'position': (0.5476841204799712, 0.5235131215304136), 'latlon': (42.30000483333333, -71.09999351666667), 'heading': 47.7, 'depth': 1.0, 'altitude': 10.0, 'roll': 0.0, 'pitch': 0.0, 'last_fix_time': datetime.datetime(2021, 7, 28, 15, 39, 32), 'speed': None, 'rudder': 0, 'datum': (42.3, -71.1)}
2021-07-28 16:39:33,575 [INFO] Received from Frontseat: [b'$BFNVG,153931.50,4218.000000,N,07106.000000,W,0,10.0,1.0,45.0,0.0,0.0,153931.50*62', b'$BFNVG,153931.86,4218.000144,N,07105.999810,W,0,10.0,1.0,46.3,0.0,0.0,153931.86*60', b'$BFNVG,153932.23,4218.000290,N,07105.999611,W,0,10.0,1.0,47.7,0.0,0.0,153932.23*60']
2021-07-28 16:39:33,576 [INFO] AUV state: {'position': (0.5476841204799712, 0.5235131215304136), 'latlon': (42.30000483333333, -71.09999351666667), 'heading': 47.7, 'depth': 1.0, 'altitude': 10.0, 'roll': 0.0, 'pitch': 0.0, 'last_fix_time': datetime.datetime(2021, 7, 28, 15, 39, 32), 'speed': None, 'rudder': 0, 'datum': (42.3, -71.1)}
2021-07-28 16:39:33,936 [INFO] **** [(-3.4096856599597456, -8.489152283460541)] [(14.022583907909596, -8.133506146902702)]
2021-07-28 16:39:33,938 [INFO] Next green buoy: [(-3.4096856599597456, -8.489152283460541)], next red buoy: [(14.022583907909596, -8.133506146902702)]
2021-07-28 16:39:33,938 [INFO] Desired_heading: 53.00644912397493
2021-07-28 16:39:33,939 [INFO] sending message $BPRMB,153934.52,-7.039600576333572,,,1000,0,1*4c
...
2021-07-28 16:39:34,941 [INFO] sending message $BPSTS,153934.94,1,BWSI Autonomy OK*40
...
2021-07-28 16:39:34,941 [INFO] Processing: $BFNVG,153932.60,4218.000429,N,07105.999410,W,0,10.0,1.0,49.0,0.0,0.0,153932.60*6E
2021-07-28 16:39:34,943 [INFO] Interpreted as: {'position': (0.8301823357469402, 0.7739451341331005), 'latlon': (42.30000715, -71.09999016666667), 'heading': 49.0, 'depth': 1.0, 'altitude': 10.0, 'roll': 0.0, 'pitch': 0.0, 'last_fix_time': datetime.datetime(2021, 7, 28, 15, 39, 32), 'speed': None, 'rudder': 0, 'datum': (42.3, -71.1)}
2021-07-28 16:39:34,944 [INFO] Processing: $BFNVG,153932.96,4218.000561,N,07105.999210,W,0,10.0,1.0,50.3,0.0,0.0,153932.96*6E
2021-07-28 16:39:34,946 [INFO] Interpreted as: {'position': (1.1109869529609568, 1.011456181295216), 'latlon': (42.30000935, -71.09998683333333), 'heading': 50.3, 'depth': 1.0, 'altitude': 10.0, 'roll': 0.0, 'pitch': 0.0, 'last_fix_time': datetime.datetime(2021, 7, 28, 15, 39, 32), 'speed': None, 'rudder': 0, 'datum': (42.3, -71.1)}
2021-07-28 16:39:34,947 [INFO] Processing: $BFNVG,153933.32,4218.000693,N,07105.999003,W,0,10.0,1.0,51.6,0.0,0.0,153933.32*64
2021-07-28 16:39:34,948 [INFO] Interpreted as: {'position': (1.4014087038231082, 1.2487299051135778), 'latlon': (42.30001155, -71.09998338333334), 'heading': 51.6, 'depth': 1.0, 'altitude': 10.0, 'roll': 0.0, 'pitch': 0.0, 'last_fix_time': datetime.datetime(2021, 7, 28, 15, 39, 33), 'speed': None, 'rudder': 0, 'datum': (42.3, -71.1)}
2021-07-28 16:39:34,949 [INFO] Processing: $BFNVG,153933.69,4218.000821,N,07105.998790,W,0,10.0,1.0,52.9,0.0,0.0,153933.69*63
2021-07-28 16:39:34,951 [INFO] Interpreted as: {'position': (1.6998910297406837, 1.4783974243327975), 'latlon': (42.30001368333333, -71.09997983333334), 'heading': 52.9, 'depth': 1.0, 'altitude': 10.0, 'roll': 0.0, 'pitch': 0.0, 'last_fix_time': datetime.datetime(2021, 7, 28, 15, 39, 33), 'speed': None, 'rudder': 0, 'datum': (42.3, -71.1)}
2021-07-28 16:39:34,951 [INFO] Received from Frontseat: [b'$BFNVG,153932.60,4218.000429,N,07105.999410,W,0,10.0,1.0,49.0,0.0,0.0,153932.60*6E', b'$BFNVG,153932.96,4218.000561,N,07105.999210,W,0,10.0,1.0,50.3,0.0,0.0,153932.96*6E', b'$BFNVG,153933.32,4218.000693,N,07105.999003,W,0,10.0,1.0,51.6,0.0,0.0,153933.32*64', b'$BFNVG,153933.69,4218.000821,N,07105.998790,W,0,10.0,1.0,52.9,0.0,0.0,153933.69*63']
2021-07-28 16:39:34,952 [INFO] AUV state: {'position': (1.6998910297406837, 1.4783974243327975), 'latlon': (42.30001368333333, -71.09997983333334), 'heading': 52.9, 'depth': 1.0, 'altitude': 10.0, 'roll': 0.0, 'pitch': 0.0, 'last_fix_time': datetime.datetime(2021, 7, 28, 15, 39, 33), 'speed': None, 'rudder': 0, 'datum': (42.3, -71.1)}
2021-07-28 16:39:35,334 [INFO] **** [(-10.764980806469099, -10.684504629883065)] [(11.14883700894916, -10.094155908125442)]
2021-07-28 16:39:35,336 [INFO] Next green buoy: [(-10.764980806469099, -10.684504629883065)], next red buoy: [(11.14883700894916, -10.094155908125442)]
2021-07-28 16:39:35,336 [INFO] Desired_heading: 53.09192810124003
2021-07-28 16:39:35,337 [INFO] sending message $BPRMB,153935.35,-0.009209099011400846,,,1000,0,1*7c
...
2021-07-28 16:39:36,339 [INFO] sending message $BPSTS,153936.33,1,BWSI Autonomy OK*4f
...
2021-07-28 16:39:36,340 [INFO] Processing: $BFNVG,153934.05,4218.000945,N,07105.998575,W,0,10.0,1.0,54.3,0.0,0.0,153934.05*65
2021-07-28 16:39:36,342 [INFO] Interpreted as: {'position': (2.000938406388741, 1.7005943581461906), 'latlon': (42.30001575, -71.09997625), 'heading': 54.3, 'depth': 1.0, 'altitude': 10.0, 'roll': 0.0, 'pitch': 0.0, 'last_fix_time': datetime.datetime(2021, 7, 28, 15, 39, 34), 'speed': None, 'rudder': 0, 'datum': (42.3, -71.1)}
2021-07-28 16:39:36,343 [INFO] Processing: $BFNVG,153934.41,4218.001065,N,07105.998360,W,0,10.0,1.0,54.9,0.0,0.0,153934.41*67
2021-07-28 16:39:36,345 [INFO] Interpreted as: {'position': (2.30180307792034, 1.9153885170817375), 'latlon': (42.30001775, -71.09997266666667), 'heading': 54.9, 'depth': 1.0, 'altitude': 10.0, 'roll': 0.0, 'pitch': 0.0, 'last_fix_time': datetime.datetime(2021, 7, 28, 15, 39, 34), 'speed': None, 'rudder': 0, 'datum': (42.3, -71.1)}
2021-07-28 16:39:36,345 [INFO] Processing: $BFNVG,153934.77,4218.001183,N,07105.998143,W,0,10.0,1.0,55.5,0.0,0.0,153934.77*60
2021-07-28 16:39:36,347 [INFO] Interpreted as: {'position': (2.6053241468034685, 2.1264134822413325), 'latlon': (42.30001971666667, -71.09996905), 'heading': 55.5, 'depth': 1.0, 'altitude': 10.0, 'roll': 0.0, 'pitch': 0.0, 'last_fix_time': datetime.datetime(2021, 7, 28, 15, 39, 34), 'speed': None, 'rudder': 0, 'datum': (42.3, -71.1)}
2021-07-28 16:39:36,348 [INFO] Processing: $BFNVG,153935.16,4218.001309,N,07105.997905,W,0,10.0,1.0,56.2,0.0,0.0,153935.16*61
2021-07-28 16:39:36,350 [INFO] Interpreted as: {'position': (2.9380620339070447, 2.3515320448204875), 'latlon': (42.300021816666664, -71.09996508333333), 'heading': 56.2, 'depth': 1.0, 'altitude': 10.0, 'roll': 0.0, 'pitch': 0.0, 'last_fix_time': datetime.datetime(2021, 7, 28, 15, 39, 35), 'speed': None, 'rudder': 0, 'datum': (42.3, -71.1)}
2021-07-28 16:39:36,351 [INFO] Received from Frontseat: [b'$BFNVG,153934.05,4218.000945,N,07105.998575,W,0,10.0,1.0,54.3,0.0,0.0,153934.05*65', b'$BFNVG,153934.41,4218.001065,N,07105.998360,W,0,10.0,1.0,54.9,0.0,0.0,153934.41*67', b'$BFNVG,153934.77,4218.001183,N,07105.998143,W,0,10.0,1.0,55.5,0.0,0.0,153934.77*60', b'$BFNVG,153935.16,4218.001309,N,07105.997905,W,0,10.0,1.0,56.2,0.0,0.0,153935.16*61']
2021-07-28 16:39:36,352 [INFO] AUV state: {'position': (2.9380620339070447, 2.3515320448204875), 'latlon': (42.300021816666664, -71.09996508333333), 'heading': 56.2, 'depth': 1.0, 'altitude': 10.0, 'roll': 0.0, 'pitch': 0.0, 'last_fix_time': datetime.datetime(2021, 7, 28, 15, 39, 35), 'speed': None, 'rudder': 0, 'datum': (42.3, -71.1)}
2021-07-28 16:39:36,737 [INFO] **** [(-18.515739976218395, -14.223890073043645)] [(10.522938260855772, -13.421313341566083), (-13.37404439185184, -4.488233033714938)]
2021-07-28 16:39:36,739 [INFO] Next green buoy: [(-18.515739976218395, -14.223890073043645)], next red buoy: [(10.522938260855772, -13.421313341566083), (-13.37404439185184, -4.488233033714938)]
2021-07-28 16:39:36,740 [INFO] Desired_heading: 52.203599142318694
2021-07-28 16:39:36,740 [INFO] sending message $BPRMB,153937.32,-3.992804953818975,,,1000,0,1*4d
...
2021-07-28 16:39:37,742 [INFO] sending message $BPSTS,153937.74,1,BWSI Autonomy OK*4d
...
2021-07-28 16:39:37,743 [INFO] Processing: $BFNVG,153935.51,4218.001421,N,07105.997689,W,0,10.0,1.0,56.8,0.0,0.0,153935.51*6D
2021-07-28 16:39:37,745 [INFO] Interpreted as: {'position': (3.239935159566812, 2.551486760377884), 'latlon': (42.300023683333336, -71.09996148333333), 'heading': 56.8, 'depth': 1.0, 'altitude': 10.0, 'roll': 0.0, 'pitch': 0.0, 'last_fix_time': datetime.datetime(2021, 7, 28, 15, 39, 35), 'speed': None, 'rudder': 0, 'datum': (42.3, -71.1)}
2021-07-28 16:39:37,746 [INFO] Processing: $BFNVG,153935.85,4218.001529,N,07105.997478,W,0,10.0,1.0,56.8,0.0,0.0,153935.85*68
2021-07-28 16:39:37,747 [INFO] Interpreted as: {'position': (3.534756182518322, 2.744208221323788), 'latlon': (42.300025483333336, -71.09995796666666), 'heading': 56.8, 'depth': 1.0, 'altitude': 10.0, 'roll': 0.0, 'pitch': 0.0, 'last_fix_time': datetime.datetime(2021, 7, 28, 15, 39, 35), 'speed': None, 'rudder': 0, 'datum': (42.3, -71.1)}
2021-07-28 16:39:37,748 [INFO] Processing: $BFNVG,153936.19,4218.001636,N,07105.997268,W,0,10.0,1.0,56.8,0.0,0.0,153936.19*62
2021-07-28 16:39:37,750 [INFO] Interpreted as: {'position': (3.828157640818972, 2.935112901031971), 'latlon': (42.30002726666667, -71.09995446666667), 'heading': 56.8, 'depth': 1.0, 'altitude': 10.0, 'roll': 0.0, 'pitch': 0.0, 'last_fix_time': datetime.datetime(2021, 7, 28, 15, 39, 36), 'speed': None, 'rudder': 0, 'datum': (42.3, -71.1)}
2021-07-28 16:39:37,751 [INFO] Processing: $BFNVG,153936.53,4218.001743,N,07105.997059,W,0,10.0,1.0,56.8,0.0,0.0,153936.53*61
2021-07-28 16:39:37,753 [INFO] Interpreted as: {'position': (4.120185203733854, 3.126051497645676), 'latlon': (42.30002905, -71.09995098333333), 'heading': 56.8, 'depth': 1.0, 'altitude': 10.0, 'roll': 0.0, 'pitch': 0.0, 'last_fix_time': datetime.datetime(2021, 7, 28, 15, 39, 36), 'speed': None, 'rudder': 0, 'datum': (42.3, -71.1)}
2021-07-28 16:39:37,754 [INFO] Received from Frontseat: [b'$BFNVG,153935.51,4218.001421,N,07105.997689,W,0,10.0,1.0,56.8,0.0,0.0,153935.51*6D', b'$BFNVG,153935.85,4218.001529,N,07105.997478,W,0,10.0,1.0,56.8,0.0,0.0,153935.85*68', b'$BFNVG,153936.19,4218.001636,N,07105.997268,W,0,10.0,1.0,56.8,0.0,0.0,153936.19*62', b'$BFNVG,153936.53,4218.001743,N,07105.997059,W,0,10.0,1.0,56.8,0.0,0.0,153936.53*61']
2021-07-28 16:39:37,755 [INFO] AUV state: {'position': (4.120185203733854, 3.126051497645676), 'latlon': (42.30002905, -71.09995098333333), 'heading': 56.8, 'depth': 1.0, 'altitude': 10.0, 'roll': 0.0, 'pitch': 0.0, 'last_fix_time': datetime.datetime(2021, 7, 28, 15, 39, 36), 'speed': None, 'rudder': 0, 'datum': (42.3, -71.1)}
2021-07-28 16:39:38,140 [INFO] **** [] [(14.113999521522024, -19.39994313507746), (-15.556493408260893, -5.031249861231403)]
2021-07-28 16:39:38,142 [INFO] Next green buoy: [], next red buoy: [(14.113999521522024, -19.39994313507746), (-15.556493408260893, -5.031249861231403)]
2021-07-28 16:39:38,142 [INFO] Desired_heading: 70.91399952152202
2021-07-28 16:39:38,142 [INFO] sending message $BPRMB,153938.16,-25,,,1000,0,1*65
...
2021-07-28 16:39:39,144 [INFO] sending message $BPSTS,153939.14,1,BWSI Autonomy OK*45
...
2021-07-28 16:39:39,145 [INFO] Processing: $BFNVG,153936.87,4218.001851,N,07105.996850,W,0,10.0,1.0,56.8,0.0,0.0,153936.87*6D
2021-07-28 16:39:39,147 [INFO] Interpreted as: {'position': (4.412258421536535, 3.3188408026471734), 'latlon': (42.30003085, -71.0999475), 'heading': 56.8, 'depth': 1.0, 'altitude': 10.0, 'roll': 0.0, 'pitch': 0.0, 'last_fix_time': datetime.datetime(2021, 7, 28, 15, 39, 36), 'speed': None, 'rudder': 0, 'datum': (42.3, -71.1)}
2021-07-28 16:39:39,148 [INFO] Processing: $BFNVG,153937.21,4218.001958,N,07105.996639,W,0,10.0,1.0,57.2,0.0,0.0,153937.21*6F
2021-07-28 16:39:39,151 [INFO] Interpreted as: {'position': (4.7070337103214115, 3.5097116138786077), 'latlon': (42.30003263333333, -71.09994398333333), 'heading': 57.2, 'depth': 1.0, 'altitude': 10.0, 'roll': 0.0, 'pitch': 0.0, 'last_fix_time': datetime.datetime(2021, 7, 28, 15, 39, 37), 'speed': None, 'rudder': 0, 'datum': (42.3, -71.1)}
2021-07-28 16:39:39,151 [INFO] Processing: $BFNVG,153937.55,4218.002064,N,07105.996428,W,0,10.0,1.0,57.5,0.0,0.0,153937.55*6F
2021-07-28 16:39:39,153 [INFO] Interpreted as: {'position': (5.001763312029652, 3.6987317400053144), 'latlon': (42.3000344, -71.09994046666667), 'heading': 57.5, 'depth': 1.0, 'altitude': 10.0, 'roll': 0.0, 'pitch': 0.0, 'last_fix_time': datetime.datetime(2021, 7, 28, 15, 39, 37), 'speed': None, 'rudder': 0, 'datum': (42.3, -71.1)}
2021-07-28 16:39:39,154 [INFO] Processing: $BFNVG,153937.90,4218.002169,N,07105.996215,W,0,10.0,1.0,57.9,0.0,0.0,153937.90*67
2021-07-28 16:39:39,157 [INFO] Interpreted as: {'position': (5.299194984836504, 3.885833372361958), 'latlon': (42.30003615, -71.09993691666666), 'heading': 57.9, 'depth': 1.0, 'altitude': 10.0, 'roll': 0.0, 'pitch': 0.0, 'last_fix_time': datetime.datetime(2021, 7, 28, 15, 39, 37), 'speed': None, 'rudder': 0, 'datum': (42.3, -71.1)}
2021-07-28 16:39:39,157 [INFO] Received from Frontseat: [b'$BFNVG,153936.87,4218.001851,N,07105.996850,W,0,10.0,1.0,56.8,0.0,0.0,153936.87*6D', b'$BFNVG,153937.21,4218.001958,N,07105.996639,W,0,10.0,1.0,57.2,0.0,0.0,153937.21*6F', b'$BFNVG,153937.55,4218.002064,N,07105.996428,W,0,10.0,1.0,57.5,0.0,0.0,153937.55*6F', b'$BFNVG,153937.90,4218.002169,N,07105.996215,W,0,10.0,1.0,57.9,0.0,0.0,153937.90*67']
2021-07-28 16:39:39,158 [INFO] AUV state: {'position': (5.299194984836504, 3.885833372361958), 'latlon': (42.30003615, -71.09993691666666), 'heading': 57.9, 'depth': 1.0, 'altitude': 10.0, 'roll': 0.0, 'pitch': 0.0, 'last_fix_time': datetime.datetime(2021, 7, 28, 15, 39, 37), 'speed': None, 'rudder': 0, 'datum': (42.3, -71.1)}
2021-07-28 16:39:39,532 [INFO] **** [] [(22.799243381913886, -23.83597725929399), (-18.592251749428936, -5.670936435092061)]
2021-07-28 16:39:39,534 [INFO] Next green buoy: [], next red buoy: [(22.799243381913886, -23.83597725929399), (-18.592251749428936, -5.670936435092061)]
2021-07-28 16:39:39,535 [INFO] Desired_heading: 80.69924338191389
2021-07-28 16:39:39,535 [INFO] sending message $BPRMB,153940.12,-25,,,1000,0,1*6e
...
2021-07-28 16:39:40,537 [INFO] sending message $BPSTS,153940.53,1,BWSI Autonomy OK*48
...
2021-07-28 16:39:40,538 [INFO] Processing: $BFNVG,153938.24,4218.002274,N,07105.996002,W,0,10.0,1.0,58.2,0.0,0.0,153938.24*68
2021-07-28 16:39:40,540 [INFO] Interpreted as: {'position': (5.596626641578041, 4.072935019619763), 'latlon': (42.3000379, -71.09993336666666), 'heading': 58.2, 'depth': 1.0, 'altitude': 10.0, 'roll': 0.0, 'pitch': 0.0, 'last_fix_time': datetime.datetime(2021, 7, 28, 15, 39, 38), 'speed': None, 'rudder': 0, 'datum': (42.3, -71.1)}
2021-07-28 16:39:40,541 [INFO] Processing: $BFNVG,153938.58,4218.002375,N,07105.995784,W,0,10.0,1.0,60.3,0.0,0.0,153938.58*68
2021-07-28 16:39:40,543 [INFO] Interpreted as: {'position': (5.90074499452021, 4.2524643689394), 'latlon': (42.30003958333333, -71.09992973333334), 'heading': 60.3, 'depth': 1.0, 'altitude': 10.0, 'roll': 0.0, 'pitch': 0.0, 'last_fix_time': datetime.datetime(2021, 7, 28, 15, 39, 38), 'speed': None, 'rudder': 0, 'datum': (42.3, -71.1)}
2021-07-28 16:39:40,544 [INFO] Processing: $BFNVG,153938.92,4218.002471,N,07105.995561,W,0,10.0,1.0,62.5,0.0,0.0,153938.92*66
2021-07-28 16:39:40,546 [INFO] Interpreted as: {'position': (6.211504373524804, 4.422570725902915), 'latlon': (42.300041183333335, -71.09992601666667), 'heading': 62.5, 'depth': 1.0, 'altitude': 10.0, 'roll': 0.0, 'pitch': 0.0, 'last_fix_time': datetime.datetime(2021, 7, 28, 15, 39, 38), 'speed': None, 'rudder': 0, 'datum': (42.3, -71.1)}
2021-07-28 16:39:40,548 [INFO] Processing: $BFNVG,153939.27,4218.002559,N,07105.995335,W,0,10.0,1.0,64.6,0.0,0.0,153939.27*6F
2021-07-28 16:39:40,551 [INFO] Interpreted as: {'position': (6.526020010234788, 4.577769808471203), 'latlon': (42.30004265, -71.09992225), 'heading': 64.6, 'depth': 1.0, 'altitude': 10.0, 'roll': 0.0, 'pitch': 0.0, 'last_fix_time': datetime.datetime(2021, 7, 28, 15, 39, 39), 'speed': None, 'rudder': 0, 'datum': (42.3, -71.1)}
2021-07-28 16:39:40,552 [INFO] Received from Frontseat: [b'$BFNVG,153938.24,4218.002274,N,07105.996002,W,0,10.0,1.0,58.2,0.0,0.0,153938.24*68', b'$BFNVG,153938.58,4218.002375,N,07105.995784,W,0,10.0,1.0,60.3,0.0,0.0,153938.58*68', b'$BFNVG,153938.92,4218.002471,N,07105.995561,W,0,10.0,1.0,62.5,0.0,0.0,153938.92*66', b'$BFNVG,153939.27,4218.002559,N,07105.995335,W,0,10.0,1.0,64.6,0.0,0.0,153939.27*6F']
2021-07-28 16:39:40,553 [INFO] AUV state: {'position': (6.526020010234788, 4.577769808471203), 'latlon': (42.30004265, -71.09992225), 'heading': 64.6, 'depth': 1.0, 'altitude': 10.0, 'roll': 0.0, 'pitch': 0.0, 'last_fix_time': datetime.datetime(2021, 7, 28, 15, 39, 39), 'speed': None, 'rudder': 0, 'datum': (42.3, -71.1)}
2021-07-28 16:39:40,903 [INFO] **** [] []
2021-07-28 16:39:40,906 [INFO] Next green buoy: [], next red buoy: []
2021-07-28 16:39:40,906 [INFO] Desired_heading: 65.6
2021-07-28 16:39:40,907 [INFO] sending message $BPRMB,153940.94,-0.25,,,1000,0,1*7e
...
2021-07-28 16:39:41,908 [INFO] sending message $BPSTS,153941.90,1,BWSI Autonomy OK*46
...
2021-07-28 16:39:41,910 [INFO] Processing: $BFNVG,153939.61,4218.002642,N,07105.995105,W,0,10.0,1.0,66.8,0.0,0.0,153939.61*6B
2021-07-28 16:39:41,912 [INFO] Interpreted as: {'position': (6.845802798168734, 4.723579805344343), 'latlon': (42.300044033333336, -71.09991841666667), 'heading': 66.8, 'depth': 1.0, 'altitude': 10.0, 'roll': 0.0, 'pitch': 0.0, 'last_fix_time': datetime.datetime(2021, 7, 28, 15, 39, 39), 'speed': None, 'rudder': 0, 'datum': (42.3, -71.1)}
2021-07-28 16:39:41,913 [INFO] Processing: $BFNVG,153939.96,4218.002720,N,07105.994863,W,0,10.0,1.0,69.0,0.0,0.0,153939.96*61
2021-07-28 16:39:41,915 [INFO] Interpreted as: {'position': (7.181843764614314, 4.859729485586286), 'latlon': (42.30004533333334, -71.09991438333333), 'heading': 69.0, 'depth': 1.0, 'altitude': 10.0, 'roll': 0.0, 'pitch': 0.0, 'last_fix_time': datetime.datetime(2021, 7, 28, 15, 39, 39), 'speed': None, 'rudder': 0, 'datum': (42.3, -71.1)}
2021-07-28 16:39:41,916 [INFO] Processing: $BFNVG,153940.30,4218.002790,N,07105.994623,W,0,10.0,1.0,71.1,0.0,0.0,153940.30*68
2021-07-28 16:39:41,919 [INFO] Interpreted as: {'position': (7.514771598391235, 4.981141411699355), 'latlon': (42.3000465, -71.09991038333334), 'heading': 71.1, 'depth': 1.0, 'altitude': 10.0, 'roll': 0.0, 'pitch': 0.0, 'last_fix_time': datetime.datetime(2021, 7, 28, 15, 39, 40), 'speed': None, 'rudder': 0, 'datum': (42.3, -71.1)}
2021-07-28 16:39:41,920 [INFO] Processing: $BFNVG,153940.65,4218.002852,N,07105.994381,W,0,10.0,1.0,73.3,0.0,0.0,153940.65*64
2021-07-28 16:39:41,923 [INFO] Interpreted as: {'position': (7.850081818876788, 5.08767997007817), 'latlon': (42.300047533333334, -71.09990635), 'heading': 73.3, 'depth': 1.0, 'altitude': 10.0, 'roll': 0.0, 'pitch': 0.0, 'last_fix_time': datetime.datetime(2021, 7, 28, 15, 39, 40), 'speed': None, 'rudder': 0, 'datum': (42.3, -71.1)}
2021-07-28 16:39:41,924 [INFO] Received from Frontseat: [b'$BFNVG,153939.61,4218.002642,N,07105.995105,W,0,10.0,1.0,66.8,0.0,0.0,153939.61*6B', b'$BFNVG,153939.96,4218.002720,N,07105.994863,W,0,10.0,1.0,69.0,0.0,0.0,153939.96*61', b'$BFNVG,153940.30,4218.002790,N,07105.994623,W,0,10.0,1.0,71.1,0.0,0.0,153940.30*68', b'$BFNVG,153940.65,4218.002852,N,07105.994381,W,0,10.0,1.0,73.3,0.0,0.0,153940.65*64']
2021-07-28 16:39:41,925 [INFO] AUV state: {'position': (7.850081818876788, 5.08767997007817), 'latlon': (42.300047533333334, -71.09990635), 'heading': 73.3, 'depth': 1.0, 'altitude': 10.0, 'roll': 0.0, 'pitch': 0.0, 'last_fix_time': datetime.datetime(2021, 7, 28, 15, 39, 40), 'speed': None, 'rudder': 0, 'datum': (42.3, -71.1)}
2021-07-28 16:39:42,279 [INFO] **** [] []
2021-07-28 16:39:42,281 [INFO] Next green buoy: [], next red buoy: []
2021-07-28 16:39:42,282 [INFO] Desired_heading: 74.3
2021-07-28 16:39:42,282 [INFO] sending message $BPRMB,153942.86,-0.25,,,1000,0,1*7f
...
2021-07-28 16:39:43,284 [INFO] sending message $BPSTS,153943.28,1,BWSI Autonomy OK*47
...
2021-07-28 16:39:43,285 [INFO] Processing: $BFNVG,153940.99,4218.002909,N,07105.994134,W,0,10.0,1.0,75.4,0.0,0.0,153940.99*66
2021-07-28 16:39:43,287 [INFO] Interpreted as: {'position': (8.192033070023172, 5.1847955416888), 'latlon': (42.300048483333335, -71.09990223333334), 'heading': 75.4, 'depth': 1.0, 'altitude': 10.0, 'roll': 0.0, 'pitch': 0.0, 'last_fix_time': datetime.datetime(2021, 7, 28, 15, 39, 40), 'speed': None, 'rudder': 0, 'datum': (42.3, -71.1)}
2021-07-28 16:39:43,288 [INFO] Processing: $BFNVG,153941.33,4218.002961,N,07105.993887,W,0,10.0,1.0,75.4,0.0,0.0,153941.33*6E
2021-07-28 16:39:43,290 [INFO] Interpreted as: {'position': (8.533755961398128, 5.27265764400363), 'latlon': (42.30004935, -71.09989811666667), 'heading': 75.4, 'depth': 1.0, 'altitude': 10.0, 'roll': 0.0, 'pitch': 0.0, 'last_fix_time': datetime.datetime(2021, 7, 28, 15, 39, 41), 'speed': None, 'rudder': 0, 'datum': (42.3, -71.1)}
2021-07-28 16:39:43,291 [INFO] Processing: $BFNVG,153941.69,4218.003015,N,07105.993634,W,0,10.0,1.0,75.5,0.0,0.0,153941.69*62
2021-07-28 16:39:43,293 [INFO] Interpreted as: {'position': (8.883813457330689, 5.364017735235393), 'latlon': (42.30005025, -71.0998939), 'heading': 75.5, 'depth': 1.0, 'altitude': 10.0, 'roll': 0.0, 'pitch': 0.0, 'last_fix_time': datetime.datetime(2021, 7, 28, 15, 39, 41), 'speed': None, 'rudder': 0, 'datum': (42.3, -71.1)}
2021-07-28 16:39:43,295 [INFO] Processing: $BFNVG,153942.03,4218.003067,N,07105.993386,W,0,10.0,1.0,75.5,0.0,0.0,153942.03*6B
2021-07-28 16:39:43,298 [INFO] Interpreted as: {'position': (9.226910210447386, 5.451845966279507), 'latlon': (42.300051116666666, -71.09988976666666), 'heading': 75.5, 'depth': 1.0, 'altitude': 10.0, 'roll': 0.0, 'pitch': 0.0, 'last_fix_time': datetime.datetime(2021, 7, 28, 15, 39, 42), 'speed': None, 'rudder': 0, 'datum': (42.3, -71.1)}
2021-07-28 16:39:43,299 [INFO] Received from Frontseat: [b'$BFNVG,153940.99,4218.002909,N,07105.994134,W,0,10.0,1.0,75.4,0.0,0.0,153940.99*66', b'$BFNVG,153941.33,4218.002961,N,07105.993887,W,0,10.0,1.0,75.4,0.0,0.0,153941.33*6E', b'$BFNVG,153941.69,4218.003015,N,07105.993634,W,0,10.0,1.0,75.5,0.0,0.0,153941.69*62', b'$BFNVG,153942.03,4218.003067,N,07105.993386,W,0,10.0,1.0,75.5,0.0,0.0,153942.03*6B']
2021-07-28 16:39:43,300 [INFO] AUV state: {'position': (9.226910210447386, 5.451845966279507), 'latlon': (42.300051116666666, -71.09988976666666), 'heading': 75.5, 'depth': 1.0, 'altitude': 10.0, 'roll': 0.0, 'pitch': 0.0, 'last_fix_time': datetime.datetime(2021, 7, 28, 15, 39, 42), 'speed': None, 'rudder': 0, 'datum': (42.3, -71.1)}
2021-07-28 16:39:43,635 [INFO] **** [] []
2021-07-28 16:39:43,638 [INFO] Next green buoy: [], next red buoy: []
2021-07-28 16:39:43,638 [INFO] Desired_heading: 76.5
2021-07-28 16:39:43,639 [INFO] sending message $BPRMB,153943.69,-0.25,,,1000,0,1*7f
...
2021-07-28 16:39:44,640 [INFO] sending message $BPSTS,153944.64,1,BWSI Autonomy OK*48
...
2021-07-28 16:39:44,648 [INFO] Processing: $BFNVG,153942.37,4218.003120,N,07105.993139,W,0,10.0,1.0,75.5,0.0,0.0,153942.37*6F
2021-07-28 16:39:44,650 [INFO] Interpreted as: {'position': (9.56867874308955, 5.541558816097677), 'latlon': (42.300052, -71.09988565), 'heading': 75.5, 'depth': 1.0, 'altitude': 10.0, 'roll': 0.0, 'pitch': 0.0, 'last_fix_time': datetime.datetime(2021, 7, 28, 15, 39, 42), 'speed': None, 'rudder': 0, 'datum': (42.3, -71.1)}
2021-07-28 16:39:44,651 [INFO] Processing: $BFNVG,153942.73,4218.003174,N,07105.992881,W,0,10.0,1.0,75.5,0.0,0.0,153942.73*65
2021-07-28 16:39:44,653 [INFO] Interpreted as: {'position': (9.92560560075799, 5.6327494429424405), 'latlon': (42.3000529, -71.09988135), 'heading': 75.5, 'depth': 1.0, 'altitude': 10.0, 'roll': 0.0, 'pitch': 0.0, 'last_fix_time': datetime.datetime(2021, 7, 28, 15, 39, 42), 'speed': None, 'rudder': 0, 'datum': (42.3, -71.1)}
2021-07-28 16:39:44,654 [INFO] Processing: $BFNVG,153943.09,4218.003229,N,07105.992623,W,0,10.0,1.0,75.6,0.0,0.0,153943.09*6B
2021-07-28 16:39:44,655 [INFO] Interpreted as: {'position': (10.282578119833488, 5.725790787488222), 'latlon': (42.30005381666667, -71.09987705), 'heading': 75.6, 'depth': 1.0, 'altitude': 10.0, 'roll': 0.0, 'pitch': 0.0, 'last_fix_time': datetime.datetime(2021, 7, 28, 15, 39, 43), 'speed': None, 'rudder': 0, 'datum': (42.3, -71.1)}
2021-07-28 16:39:44,656 [INFO] Processing: $BFNVG,153943.43,4218.003281,N,07105.992375,W,0,10.0,1.0,75.6,0.0,0.0,153943.43*6F
2021-07-28 16:39:44,658 [INFO] Interpreted as: {'position': (10.625674834416714, 5.8136190846562386), 'latlon': (42.300054683333336, -71.09987291666667), 'heading': 75.6, 'depth': 1.0, 'altitude': 10.0, 'roll': 0.0, 'pitch': 0.0, 'last_fix_time': datetime.datetime(2021, 7, 28, 15, 39, 43), 'speed': None, 'rudder': 0, 'datum': (42.3, -71.1)}
2021-07-28 16:39:44,659 [INFO] Received from Frontseat: [b'$BFNVG,153942.37,4218.003120,N,07105.993139,W,0,10.0,1.0,75.5,0.0,0.0,153942.37*6F', b'$BFNVG,153942.73,4218.003174,N,07105.992881,W,0,10.0,1.0,75.5,0.0,0.0,153942.73*65', b'$BFNVG,153943.09,4218.003229,N,07105.992623,W,0,10.0,1.0,75.6,0.0,0.0,153943.09*6B', b'$BFNVG,153943.43,4218.003281,N,07105.992375,W,0,10.0,1.0,75.6,0.0,0.0,153943.43*6F']
2021-07-28 16:39:44,660 [INFO] AUV state: {'position': (10.625674834416714, 5.8136190846562386), 'latlon': (42.300054683333336, -71.09987291666667), 'heading': 75.6, 'depth': 1.0, 'altitude': 10.0, 'roll': 0.0, 'pitch': 0.0, 'last_fix_time': datetime.datetime(2021, 7, 28, 15, 39, 43), 'speed': None, 'rudder': 0, 'datum': (42.3, -71.1)}
2021-07-28 16:39:45,015 [INFO] **** [] []
2021-07-28 16:39:45,017 [INFO] Next green buoy: [], next red buoy: []
2021-07-28 16:39:45,018 [INFO] Desired_heading: 76.6
2021-07-28 16:39:45,018 [INFO] sending message $BPRMB,153945.58,-0.25,,,1000,0,1*7b
...
2021-07-28 16:39:46,020 [INFO] sending message $BPSTS,153946.02,1,BWSI Autonomy OK*4a
...
2021-07-28 16:39:46,022 [INFO] Processing: $BFNVG,153943.78,4218.003333,N,07105.992128,W,0,10.0,1.0,75.6,0.0,0.0,153943.78*6D
2021-07-28 16:39:46,024 [INFO] Interpreted as: {'position': (10.967397661006544, 5.90148130338639), 'latlon': (42.30005555, -71.0998688), 'heading': 75.6, 'depth': 1.0, 'altitude': 10.0, 'roll': 0.0, 'pitch': 0.0, 'last_fix_time': datetime.datetime(2021, 7, 28, 15, 39, 43), 'speed': None, 'rudder': 0, 'datum': (42.3, -71.1)}
2021-07-28 16:39:46,025 [INFO] Processing: $BFNVG,153944.12,4218.003385,N,07105.991878,W,0,10.0,1.0,75.6,0.0,0.0,153944.12*6F
2021-07-28 16:39:46,028 [INFO] Interpreted as: {'position': (11.313242109725252, 5.989241830073297), 'latlon': (42.30005641666666, -71.09986463333334), 'heading': 75.6, 'depth': 1.0, 'altitude': 10.0, 'roll': 0.0, 'pitch': 0.0, 'last_fix_time': datetime.datetime(2021, 7, 28, 15, 39, 44), 'speed': None, 'rudder': 0, 'datum': (42.3, -71.1)}
2021-07-28 16:39:46,029 [INFO] Processing: $BFNVG,153944.47,4218.003437,N,07105.991630,W,0,10.0,1.0,75.6,0.0,0.0,153944.47*63
2021-07-28 16:39:46,031 [INFO] Interpreted as: {'position': (11.656338796077762, 6.0770701803267), 'latlon': (42.30005728333333, -71.0998605), 'heading': 75.6, 'depth': 1.0, 'altitude': 10.0, 'roll': 0.0, 'pitch': 0.0, 'last_fix_time': datetime.datetime(2021, 7, 28, 15, 39, 44), 'speed': None, 'rudder': 0, 'datum': (42.3, -71.1)}
2021-07-28 16:39:46,032 [INFO] Processing: $BFNVG,153944.81,4218.003489,N,07105.991382,W,0,10.0,1.0,75.7,0.0,0.0,153944.81*6B
2021-07-28 16:39:46,034 [INFO] Interpreted as: {'position': (11.999435473117046, 6.164898544549942), 'latlon': (42.30005815, -71.09985636666667), 'heading': 75.7, 'depth': 1.0, 'altitude': 10.0, 'roll': 0.0, 'pitch': 0.0, 'last_fix_time': datetime.datetime(2021, 7, 28, 15, 39, 44), 'speed': None, 'rudder': 0, 'datum': (42.3, -71.1)}
2021-07-28 16:39:46,035 [INFO] Received from Frontseat: [b'$BFNVG,153943.78,4218.003333,N,07105.992128,W,0,10.0,1.0,75.6,0.0,0.0,153943.78*6D', b'$BFNVG,153944.12,4218.003385,N,07105.991878,W,0,10.0,1.0,75.6,0.0,0.0,153944.12*6F', b'$BFNVG,153944.47,4218.003437,N,07105.991630,W,0,10.0,1.0,75.6,0.0,0.0,153944.47*63', b'$BFNVG,153944.81,4218.003489,N,07105.991382,W,0,10.0,1.0,75.7,0.0,0.0,153944.81*6B']
2021-07-28 16:39:46,036 [INFO] AUV state: {'position': (11.999435473117046, 6.164898544549942), 'latlon': (42.30005815, -71.09985636666667), 'heading': 75.7, 'depth': 1.0, 'altitude': 10.0, 'roll': 0.0, 'pitch': 0.0, 'last_fix_time': datetime.datetime(2021, 7, 28, 15, 39, 44), 'speed': None, 'rudder': 0, 'datum': (42.3, -71.1)}
2021-07-28 16:39:46,369 [INFO] **** [] []
2021-07-28 16:39:46,371 [INFO] Next green buoy: [], next red buoy: []
2021-07-28 16:39:46,371 [INFO] Desired_heading: 76.7
2021-07-28 16:39:46,371 [INFO] sending message $BPRMB,153946.45,-0.25,,,1000,0,1*74
...
2021-07-28 16:39:47,373 [INFO] sending message $BPSTS,153947.37,1,BWSI Autonomy OK*4d
...
2021-07-28 16:39:47,374 [INFO] Processing: $BFNVG,153945.16,4218.003542,N,07105.991132,W,0,10.0,1.0,75.7,0.0,0.0,153945.16*64
2021-07-28 16:39:47,376 [INFO] Interpreted as: {'position': (12.345325566537213, 6.254509818740189), 'latlon': (42.30005903333333, -71.0998522), 'heading': 75.7, 'depth': 1.0, 'altitude': 10.0, 'roll': 0.0, 'pitch': 0.0, 'last_fix_time': datetime.datetime(2021, 7, 28, 15, 39, 45), 'speed': None, 'rudder': 0, 'datum': (42.3, -71.1)}
2021-07-28 16:39:47,377 [INFO] Processing: $BFNVG,153945.50,4218.003594,N,07105.990883,W,0,10.0,1.0,75.7,0.0,0.0,153945.50*6D
2021-07-28 16:39:47,378 [INFO] Interpreted as: {'position': (12.689796100952663, 6.342304314486682), 'latlon': (42.3000599, -71.09984805), 'heading': 75.7, 'depth': 1.0, 'altitude': 10.0, 'roll': 0.0, 'pitch': 0.0, 'last_fix_time': datetime.datetime(2021, 7, 28, 15, 39, 45), 'speed': None, 'rudder': 0, 'datum': (42.3, -71.1)}
2021-07-28 16:39:47,379 [INFO] Processing: $BFNVG,153945.85,4218.003645,N,07105.990635,W,0,10.0,1.0,75.7,0.0,0.0,153945.85*61
2021-07-28 16:39:47,381 [INFO] Interpreted as: {'position': (13.032847078691702, 6.428282032720745), 'latlon': (42.30006075, -71.09984391666667), 'heading': 75.7, 'depth': 1.0, 'altitude': 10.0, 'roll': 0.0, 'pitch': 0.0, 'last_fix_time': datetime.datetime(2021, 7, 28, 15, 39, 45), 'speed': None, 'rudder': 0, 'datum': (42.3, -71.1)}
2021-07-28 16:39:47,382 [INFO] Processing: $BFNVG,153946.20,4218.003698,N,07105.990385,W,0,10.0,1.0,75.7,0.0,0.0,153946.20*6F
2021-07-28 16:39:47,384 [INFO] Interpreted as: {'position': (13.3787371434737, 6.517893357202411), 'latlon': (42.300061633333335, -71.09983975), 'heading': 75.7, 'depth': 1.0, 'altitude': 10.0, 'roll': 0.0, 'pitch': 0.0, 'last_fix_time': datetime.datetime(2021, 7, 28, 15, 39, 46), 'speed': None, 'rudder': 0, 'datum': (42.3, -71.1)}
2021-07-28 16:39:47,385 [INFO] Received from Frontseat: [b'$BFNVG,153945.16,4218.003542,N,07105.991132,W,0,10.0,1.0,75.7,0.0,0.0,153945.16*64', b'$BFNVG,153945.50,4218.003594,N,07105.990883,W,0,10.0,1.0,75.7,0.0,0.0,153945.50*6D', b'$BFNVG,153945.85,4218.003645,N,07105.990635,W,0,10.0,1.0,75.7,0.0,0.0,153945.85*61', b'$BFNVG,153946.20,4218.003698,N,07105.990385,W,0,10.0,1.0,75.7,0.0,0.0,153946.20*6F']
2021-07-28 16:39:47,385 [INFO] AUV state: {'position': (13.3787371434737, 6.517893357202411), 'latlon': (42.300061633333335, -71.09983975), 'heading': 75.7, 'depth': 1.0, 'altitude': 10.0, 'roll': 0.0, 'pitch': 0.0, 'last_fix_time': datetime.datetime(2021, 7, 28, 15, 39, 46), 'speed': None, 'rudder': 0, 'datum': (42.3, -71.1)}
2021-07-28 16:39:47,733 [INFO] **** [] []
2021-07-28 16:39:47,735 [INFO] Next green buoy: [], next red buoy: []
2021-07-28 16:39:47,735 [INFO] Desired_heading: 76.7
2021-07-28 16:39:47,736 [INFO] sending message $BPRMB,153948.28,-0.25,,,1000,0,1*71
...
2021-07-28 16:39:48,737 [INFO] sending message $BPSTS,153948.73,1,BWSI Autonomy OK*42
...
2021-07-28 16:39:48,738 [INFO] Processing: $BFNVG,153946.54,4218.003749,N,07105.990136,W,0,10.0,1.0,75.8,0.0,0.0,153946.54*67
2021-07-28 16:39:48,740 [INFO] Interpreted as: {'position': (13.723161983129103, 6.603837205097079), 'latlon': (42.300062483333335, -71.0998356), 'heading': 75.8, 'depth': 1.0, 'altitude': 10.0, 'roll': 0.0, 'pitch': 0.0, 'last_fix_time': datetime.datetime(2021, 7, 28, 15, 39, 46), 'speed': None, 'rudder': 0, 'datum': (42.3, -71.1)}
2021-07-28 16:39:48,740 [INFO] Processing: $BFNVG,153946.89,4218.003801,N,07105.989888,W,0,10.0,1.0,75.8,0.0,0.0,153946.89*60
2021-07-28 16:39:48,742 [INFO] Interpreted as: {'position': (14.066258601495065, 6.691665669903159), 'latlon': (42.30006335, -71.09983146666667), 'heading': 75.8, 'depth': 1.0, 'altitude': 10.0, 'roll': 0.0, 'pitch': 0.0, 'last_fix_time': datetime.datetime(2021, 7, 28, 15, 39, 46), 'speed': None, 'rudder': 0, 'datum': (42.3, -71.1)}
2021-07-28 16:39:48,742 [INFO] Processing: $BFNVG,153947.24,4218.003854,N,07105.989635,W,0,10.0,1.0,75.8,0.0,0.0,153947.24*68
2021-07-28 16:39:48,743 [INFO] Interpreted as: {'position': (14.416270270710811, 6.781175336800516), 'latlon': (42.30006423333333, -71.09982725), 'heading': 75.8, 'depth': 1.0, 'altitude': 10.0, 'roll': 0.0, 'pitch': 0.0, 'last_fix_time': datetime.datetime(2021, 7, 28, 15, 39, 47), 'speed': None, 'rudder': 0, 'datum': (42.3, -71.1)}
2021-07-28 16:39:48,744 [INFO] Processing: $BFNVG,153947.58,4218.003905,N,07105.989384,W,0,10.0,1.0,75.8,0.0,0.0,153947.58*62
2021-07-28 16:39:48,745 [INFO] Interpreted as: {'position': (14.763442838913761, 6.867051432840526), 'latlon': (42.30006508333334, -71.09982306666667), 'heading': 75.8, 'depth': 1.0, 'altitude': 10.0, 'roll': 0.0, 'pitch': 0.0, 'last_fix_time': datetime.datetime(2021, 7, 28, 15, 39, 47), 'speed': None, 'rudder': 0, 'datum': (42.3, -71.1)}
2021-07-28 16:39:48,746 [INFO] Received from Frontseat: [b'$BFNVG,153946.54,4218.003749,N,07105.990136,W,0,10.0,1.0,75.8,0.0,0.0,153946.54*67', b'$BFNVG,153946.89,4218.003801,N,07105.989888,W,0,10.0,1.0,75.8,0.0,0.0,153946.89*60', b'$BFNVG,153947.24,4218.003854,N,07105.989635,W,0,10.0,1.0,75.8,0.0,0.0,153947.24*68', b'$BFNVG,153947.58,4218.003905,N,07105.989384,W,0,10.0,1.0,75.8,0.0,0.0,153947.58*62']
2021-07-28 16:39:48,747 [INFO] AUV state: {'position': (14.763442838913761, 6.867051432840526), 'latlon': (42.30006508333334, -71.09982306666667), 'heading': 75.8, 'depth': 1.0, 'altitude': 10.0, 'roll': 0.0, 'pitch': 0.0, 'last_fix_time': datetime.datetime(2021, 7, 28, 15, 39, 47), 'speed': None, 'rudder': 0, 'datum': (42.3, -71.1)}
2021-07-28 16:39:49,077 [INFO] **** [] []
2021-07-28 16:39:49,079 [INFO] Next green buoy: [], next red buoy: []
2021-07-28 16:39:49,080 [INFO] Desired_heading: 76.8
2021-07-28 16:39:49,080 [INFO] sending message $BPRMB,153949.18,-0.25,,,1000,0,1*73
...
2021-07-28 16:39:50,082 [INFO] sending message $BPSTS,153950.08,1,BWSI Autonomy OK*47
...
2021-07-28 16:39:50,083 [INFO] Processing: $BFNVG,153947.93,4218.003957,N,07105.989134,W,0,10.0,1.0,75.9,0.0,0.0,153947.93*6D
2021-07-28 16:39:50,091 [INFO] Interpreted as: {'position': (15.109287187689915, 6.95481214299798), 'latlon': (42.30006595, -71.0998189), 'heading': 75.9, 'depth': 1.0, 'altitude': 10.0, 'roll': 0.0, 'pitch': 0.0, 'last_fix_time': datetime.datetime(2021, 7, 28, 15, 39, 47), 'speed': None, 'rudder': 0, 'datum': (42.3, -71.1)}
2021-07-28 16:39:50,091 [INFO] Processing: $BFNVG,153948.29,4218.004010,N,07105.988876,W,0,10.0,1.0,75.9,0.0,0.0,153948.29*6E
2021-07-28 16:39:50,093 [INFO] Interpreted as: {'position': (15.46616821968928, 7.0441523510962725), 'latlon': (42.30006683333333, -71.0998146), 'heading': 75.9, 'depth': 1.0, 'altitude': 10.0, 'roll': 0.0, 'pitch': 0.0, 'last_fix_time': datetime.datetime(2021, 7, 28, 15, 39, 48), 'speed': None, 'rudder': 0, 'datum': (42.3, -71.1)}
2021-07-28 16:39:50,094 [INFO] Processing: $BFNVG,153948.64,4218.004063,N,07105.988620,W,0,10.0,1.0,75.9,0.0,0.0,153948.64*67
2021-07-28 16:39:50,096 [INFO] Interpreted as: {'position': (15.820301485073287, 7.133560382761061), 'latlon': (42.30006771666667, -71.09981033333334), 'heading': 75.9, 'depth': 1.0, 'altitude': 10.0, 'roll': 0.0, 'pitch': 0.0, 'last_fix_time': datetime.datetime(2021, 7, 28, 15, 39, 48), 'speed': None, 'rudder': 0, 'datum': (42.3, -71.1)}
2021-07-28 16:39:50,097 [INFO] Processing: $BFNVG,153949.00,4218.004116,N,07105.988364,W,0,10.0,1.0,75.9,0.0,0.0,153949.00*61
2021-07-28 16:39:50,100 [INFO] Interpreted as: {'position': (16.17443474259926, 7.222968430258334), 'latlon': (42.3000686, -71.09980606666667), 'heading': 75.9, 'depth': 1.0, 'altitude': 10.0, 'roll': 0.0, 'pitch': 0.0, 'last_fix_time': datetime.datetime(2021, 7, 28, 15, 39, 49), 'speed': None, 'rudder': 0, 'datum': (42.3, -71.1)}
2021-07-28 16:39:50,101 [INFO] Received from Frontseat: [b'$BFNVG,153947.93,4218.003957,N,07105.989134,W,0,10.0,1.0,75.9,0.0,0.0,153947.93*6D', b'$BFNVG,153948.29,4218.004010,N,07105.988876,W,0,10.0,1.0,75.9,0.0,0.0,153948.29*6E', b'$BFNVG,153948.64,4218.004063,N,07105.988620,W,0,10.0,1.0,75.9,0.0,0.0,153948.64*67', b'$BFNVG,153949.00,4218.004116,N,07105.988364,W,0,10.0,1.0,75.9,0.0,0.0,153949.00*61']
2021-07-28 16:39:50,101 [INFO] AUV state: {'position': (16.17443474259926, 7.222968430258334), 'latlon': (42.3000686, -71.09980606666667), 'heading': 75.9, 'depth': 1.0, 'altitude': 10.0, 'roll': 0.0, 'pitch': 0.0, 'last_fix_time': datetime.datetime(2021, 7, 28, 15, 39, 49), 'speed': None, 'rudder': 0, 'datum': (42.3, -71.1)}
2021-07-28 16:39:50,452 [INFO] **** [] []
2021-07-28 16:39:50,454 [INFO] Next green buoy: [], next red buoy: []
2021-07-28 16:39:50,454 [INFO] Desired_heading: 76.9
2021-07-28 16:39:50,455 [INFO] sending message $BPRMB,153950.97,-0.25,,,1000,0,1*7c
...
2021-07-28 16:39:51,457 [INFO] sending message $BPSTS,153951.45,1,BWSI Autonomy OK*4f
...
2021-07-28 16:39:51,458 [INFO] Processing: $BFNVG,153949.35,4218.004168,N,07105.988109,W,0,10.0,1.0,75.9,0.0,0.0,153949.35*61
2021-07-28 16:39:51,460 [INFO] Interpreted as: {'position': (16.527148444205523, 7.310559700243175), 'latlon': (42.30006946666666, -71.09980181666667), 'heading': 75.9, 'depth': 1.0, 'altitude': 10.0, 'roll': 0.0, 'pitch': 0.0, 'last_fix_time': datetime.datetime(2021, 7, 28, 15, 39, 49), 'speed': None, 'rudder': 0, 'datum': (42.3, -71.1)}
2021-07-28 16:39:51,462 [INFO] Processing: $BFNVG,153949.71,4218.004222,N,07105.987848,W,0,10.0,1.0,76.0,0.0,0.0,153949.71*65
2021-07-28 16:39:51,464 [INFO] Interpreted as: {'position': (16.88819674111437, 7.401648970320821), 'latlon': (42.30007036666667, -71.09979746666667), 'heading': 76.0, 'depth': 1.0, 'altitude': 10.0, 'roll': 0.0, 'pitch': 0.0, 'last_fix_time': datetime.datetime(2021, 7, 28, 15, 39, 49), 'speed': None, 'rudder': 0, 'datum': (42.3, -71.1)}
2021-07-28 16:39:51,465 [INFO] Processing: $BFNVG,153950.07,4218.004274,N,07105.987592,W,0,10.0,1.0,76.0,0.0,0.0,153950.07*6C
2021-07-28 16:39:51,467 [INFO] Interpreted as: {'position': (17.242284301260952, 7.489206374622881), 'latlon': (42.300071233333334, -71.0997932), 'heading': 76.0, 'depth': 1.0, 'altitude': 10.0, 'roll': 0.0, 'pitch': 0.0, 'last_fix_time': datetime.datetime(2021, 7, 28, 15, 39, 50), 'speed': None, 'rudder': 0, 'datum': (42.3, -71.1)}
2021-07-28 16:39:51,469 [INFO] Processing: $BFNVG,153950.42,4218.004327,N,07105.987336,W,0,10.0,1.0,76.0,0.0,0.0,153950.42*63
2021-07-28 16:39:51,471 [INFO] Interpreted as: {'position': (17.596417517168447, 7.57861449290067), 'latlon': (42.30007211666667, -71.09978893333333), 'heading': 76.0, 'depth': 1.0, 'altitude': 10.0, 'roll': 0.0, 'pitch': 0.0, 'last_fix_time': datetime.datetime(2021, 7, 28, 15, 39, 50), 'speed': None, 'rudder': 0, 'datum': (42.3, -71.1)}
2021-07-28 16:39:51,472 [INFO] Received from Frontseat: [b'$BFNVG,153949.35,4218.004168,N,07105.988109,W,0,10.0,1.0,75.9,0.0,0.0,153949.35*61', b'$BFNVG,153949.71,4218.004222,N,07105.987848,W,0,10.0,1.0,76.0,0.0,0.0,153949.71*65', b'$BFNVG,153950.07,4218.004274,N,07105.987592,W,0,10.0,1.0,76.0,0.0,0.0,153950.07*6C', b'$BFNVG,153950.42,4218.004327,N,07105.987336,W,0,10.0,1.0,76.0,0.0,0.0,153950.42*63']
2021-07-28 16:39:51,473 [INFO] AUV state: {'position': (17.596417517168447, 7.57861449290067), 'latlon': (42.30007211666667, -71.09978893333333), 'heading': 76.0, 'depth': 1.0, 'altitude': 10.0, 'roll': 0.0, 'pitch': 0.0, 'last_fix_time': datetime.datetime(2021, 7, 28, 15, 39, 50), 'speed': None, 'rudder': 0, 'datum': (42.3, -71.1)}
2021-07-28 16:39:51,818 [INFO] **** [] []
2021-07-28 16:39:51,820 [INFO] Next green buoy: [], next red buoy: []
2021-07-28 16:39:51,821 [INFO] Desired_heading: 77.0
2021-07-28 16:39:51,821 [INFO] sending message $BPRMB,153951.93,-0.25,,,1000,0,1*79
...
2021-07-28 16:39:52,823 [INFO] sending message $BPSTS,153952.82,1,BWSI Autonomy OK*47
...
2021-07-28 16:39:52,825 [INFO] Processing: $BFNVG,153950.80,4218.004382,N,07105.987067,W,0,10.0,1.0,76.0,0.0,0.0,153950.80*6B
2021-07-28 16:39:52,827 [INFO] Interpreted as: {'position': (17.968502474657726, 7.671283303759992), 'latlon': (42.300073033333334, -71.09978445), 'heading': 76.0, 'depth': 1.0, 'altitude': 10.0, 'roll': 0.0, 'pitch': 0.0, 'last_fix_time': datetime.datetime(2021, 7, 28, 15, 39, 50), 'speed': None, 'rudder': 0, 'datum': (42.3, -71.1)}
2021-07-28 16:39:52,828 [INFO] Processing: $BFNVG,153951.16,4218.004435,N,07105.986807,W,0,10.0,1.0,76.1,0.0,0.0,153951.16*6E
2021-07-28 16:39:52,830 [INFO] Interpreted as: {'position': (18.32813118514605, 7.760555853135884), 'latlon': (42.30007391666667, -71.09978011666666), 'heading': 76.1, 'depth': 1.0, 'altitude': 10.0, 'roll': 0.0, 'pitch': 0.0, 'last_fix_time': datetime.datetime(2021, 7, 28, 15, 39, 51), 'speed': None, 'rudder': 0, 'datum': (42.3, -71.1)}
2021-07-28 16:39:52,832 [INFO] Processing: $BFNVG,153951.51,4218.004487,N,07105.986550,W,0,10.0,1.0,76.1,0.0,0.0,153951.51*68
2021-07-28 16:39:52,834 [INFO] Interpreted as: {'position': (18.68359258386772, 7.848079426214099), 'latlon': (42.300074783333336, -71.09977583333334), 'heading': 76.1, 'depth': 1.0, 'altitude': 10.0, 'roll': 0.0, 'pitch': 0.0, 'last_fix_time': datetime.datetime(2021, 7, 28, 15, 39, 51), 'speed': None, 'rudder': 0, 'datum': (42.3, -71.1)}
2021-07-28 16:39:52,835 [INFO] Received from Frontseat: [b'$BFNVG,153950.80,4218.004382,N,07105.987067,W,0,10.0,1.0,76.0,0.0,0.0,153950.80*6B', b'$BFNVG,153951.16,4218.004435,N,07105.986807,W,0,10.0,1.0,76.1,0.0,0.0,153951.16*6E', b'$BFNVG,153951.51,4218.004487,N,07105.986550,W,0,10.0,1.0,76.1,0.0,0.0,153951.51*68']
2021-07-28 16:39:52,837 [INFO] AUV state: {'position': (18.68359258386772, 7.848079426214099), 'latlon': (42.300074783333336, -71.09977583333334), 'heading': 76.1, 'depth': 1.0, 'altitude': 10.0, 'roll': 0.0, 'pitch': 0.0, 'last_fix_time': datetime.datetime(2021, 7, 28, 15, 39, 51), 'speed': None, 'rudder': 0, 'datum': (42.3, -71.1)}
2021-07-28 16:39:53,190 [INFO] **** [] []
2021-07-28 16:39:53,192 [INFO] Next green buoy: [], next red buoy: []
2021-07-28 16:39:53,193 [INFO] Desired_heading: 77.1
2021-07-28 16:39:53,193 [INFO] sending message $BPRMB,153953.70,-0.25,,,1000,0,1*76
...
2021-07-28 16:39:54,195 [INFO] sending message $BPSTS,153954.19,1,BWSI Autonomy OK*43
...
2021-07-28 16:39:54,197 [INFO] Processing: $BFNVG,153951.86,4218.004539,N,07105.986296,W,0,10.0,1.0,76.1,0.0,0.0,153951.86*61
2021-07-28 16:39:54,199 [INFO] Interpreted as: {'position': (19.034932338283397, 7.935704723000526), 'latlon': (42.30007565, -71.0997716), 'heading': 76.1, 'depth': 1.0, 'altitude': 10.0, 'roll': 0.0, 'pitch': 0.0, 'last_fix_time': datetime.datetime(2021, 7, 28, 15, 39, 51), 'speed': None, 'rudder': 0, 'datum': (42.3, -71.1)}
2021-07-28 16:39:54,201 [INFO] Processing: $BFNVG,153952.22,4218.004591,N,07105.986038,W,0,10.0,1.0,76.1,0.0,0.0,153952.22*65
2021-07-28 16:39:54,203 [INFO] Interpreted as: {'position': (19.391767595661804, 8.023194429464638), 'latlon': (42.300076516666664, -71.0997673), 'heading': 76.1, 'depth': 1.0, 'altitude': 10.0, 'roll': 0.0, 'pitch': 0.0, 'last_fix_time': datetime.datetime(2021, 7, 28, 15, 39, 52), 'speed': None, 'rudder': 0, 'datum': (42.3, -71.1)}
2021-07-28 16:39:54,205 [INFO] Processing: $BFNVG,153952.58,4218.004643,N,07105.985781,W,0,10.0,1.0,76.1,0.0,0.0,153952.58*6F
2021-07-28 16:39:54,207 [INFO] Interpreted as: {'position': (19.74722896097228, 8.110718056559563), 'latlon': (42.30007738333333, -71.09976301666667), 'heading': 76.1, 'depth': 1.0, 'altitude': 10.0, 'roll': 0.0, 'pitch': 0.0, 'last_fix_time': datetime.datetime(2021, 7, 28, 15, 39, 52), 'speed': None, 'rudder': 0, 'datum': (42.3, -71.1)}
2021-07-28 16:39:54,208 [INFO] Processing: $BFNVG,153952.93,4218.004696,N,07105.985523,W,0,10.0,1.0,76.2,0.0,0.0,153952.93*6E
2021-07-28 16:39:54,211 [INFO] Interpreted as: {'position': (20.10410986561328, 8.200058497488499), 'latlon': (42.30007826666667, -71.09975871666667), 'heading': 76.2, 'depth': 1.0, 'altitude': 10.0, 'roll': 0.0, 'pitch': 0.0, 'last_fix_time': datetime.datetime(2021, 7, 28, 15, 39, 52), 'speed': None, 'rudder': 0, 'datum': (42.3, -71.1)}
2021-07-28 16:39:54,212 [INFO] Received from Frontseat: [b'$BFNVG,153951.86,4218.004539,N,07105.986296,W,0,10.0,1.0,76.1,0.0,0.0,153951.86*61', b'$BFNVG,153952.22,4218.004591,N,07105.986038,W,0,10.0,1.0,76.1,0.0,0.0,153952.22*65', b'$BFNVG,153952.58,4218.004643,N,07105.985781,W,0,10.0,1.0,76.1,0.0,0.0,153952.58*6F', b'$BFNVG,153952.93,4218.004696,N,07105.985523,W,0,10.0,1.0,76.2,0.0,0.0,153952.93*6E']
2021-07-28 16:39:54,213 [INFO] AUV state: {'position': (20.10410986561328, 8.200058497488499), 'latlon': (42.30007826666667, -71.09975871666667), 'heading': 76.2, 'depth': 1.0, 'altitude': 10.0, 'roll': 0.0, 'pitch': 0.0, 'last_fix_time': datetime.datetime(2021, 7, 28, 15, 39, 52), 'speed': None, 'rudder': 0, 'datum': (42.3, -71.1)}
2021-07-28 16:39:54,567 [INFO] **** [] []
2021-07-28 16:39:54,569 [INFO] Next green buoy: [], next red buoy: []
2021-07-28 16:39:54,570 [INFO] Desired_heading: 77.2
2021-07-28 16:39:54,570 [INFO] sending message $BPRMB,153954.68,-0.25,,,1000,0,1*78
...
2021-07-28 16:39:55,572 [INFO] sending message $BPSTS,153955.57,1,BWSI Autonomy OK*48
...
2021-07-28 16:39:55,573 [INFO] Processing: $BFNVG,153953.29,4218.004747,N,07105.985267,W,0,10.0,1.0,76.2,0.0,0.0,153953.29*64
2021-07-28 16:39:55,580 [INFO] Interpreted as: {'position': (20.458151670580264, 8.285765365697443), 'latlon': (42.300079116666666, -71.09975445), 'heading': 76.2, 'depth': 1.0, 'altitude': 10.0, 'roll': 0.0, 'pitch': 0.0, 'last_fix_time': datetime.datetime(2021, 7, 28, 15, 39, 53), 'speed': None, 'rudder': 0, 'datum': (42.3, -71.1)}
2021-07-28 16:39:55,581 [INFO] Processing: $BFNVG,153953.64,4218.004799,N,07105.985012,W,0,10.0,1.0,76.2,0.0,0.0,153953.64*67
2021-07-28 16:39:55,584 [INFO] Interpreted as: {'position': (20.810865254723467, 8.37335684709251), 'latlon': (42.30007998333333, -71.0997502), 'heading': 76.2, 'depth': 1.0, 'altitude': 10.0, 'roll': 0.0, 'pitch': 0.0, 'last_fix_time': datetime.datetime(2021, 7, 28, 15, 39, 53), 'speed': None, 'rudder': 0, 'datum': (42.3, -71.1)}
2021-07-28 16:39:55,585 [INFO] Processing: $BFNVG,153953.99,4218.004850,N,07105.984757,W,0,10.0,1.0,76.2,0.0,0.0,153953.99*6A
2021-07-28 16:39:55,587 [INFO] Interpreted as: {'position': (21.163533160462976, 8.459097649902105), 'latlon': (42.30008083333333, -71.09974595), 'heading': 76.2, 'depth': 1.0, 'altitude': 10.0, 'roll': 0.0, 'pitch': 0.0, 'last_fix_time': datetime.datetime(2021, 7, 28, 15, 39, 53), 'speed': None, 'rudder': 0, 'datum': (42.3, -71.1)}
2021-07-28 16:39:55,588 [INFO] Processing: $BFNVG,153954.36,4218.004903,N,07105.984492,W,0,10.0,1.0,76.3,0.0,0.0,153954.36*66
2021-07-28 16:39:55,591 [INFO] Interpreted as: {'position': (21.530031171860173, 8.548200856894255), 'latlon': (42.30008171666667, -71.09974153333333), 'heading': 76.3, 'depth': 1.0, 'altitude': 10.0, 'roll': 0.0, 'pitch': 0.0, 'last_fix_time': datetime.datetime(2021, 7, 28, 15, 39, 54), 'speed': None, 'rudder': 0, 'datum': (42.3, -71.1)}
2021-07-28 16:39:55,592 [INFO] Received from Frontseat: [b'$BFNVG,153953.29,4218.004747,N,07105.985267,W,0,10.0,1.0,76.2,0.0,0.0,153953.29*64', b'$BFNVG,153953.64,4218.004799,N,07105.985012,W,0,10.0,1.0,76.2,0.0,0.0,153953.64*67', b'$BFNVG,153953.99,4218.004850,N,07105.984757,W,0,10.0,1.0,76.2,0.0,0.0,153953.99*6A', b'$BFNVG,153954.36,4218.004903,N,07105.984492,W,0,10.0,1.0,76.3,0.0,0.0,153954.36*66']
2021-07-28 16:39:55,592 [INFO] AUV state: {'position': (21.530031171860173, 8.548200856894255), 'latlon': (42.30008171666667, -71.09974153333333), 'heading': 76.3, 'depth': 1.0, 'altitude': 10.0, 'roll': 0.0, 'pitch': 0.0, 'last_fix_time': datetime.datetime(2021, 7, 28, 15, 39, 54), 'speed': None, 'rudder': 0, 'datum': (42.3, -71.1)}
2021-07-28 16:39:55,945 [INFO] **** [] [(-21.16537071575855, -5.24136984378085)]
2021-07-28 16:39:55,947 [INFO] Next green buoy: [], next red buoy: [(-21.16537071575855, -5.24136984378085)]
2021-07-28 16:39:55,947 [INFO] Desired_heading: 55.13462928424145
2021-07-28 16:39:55,948 [INFO] sending message $BPRMB,153956.46,-25,,,1000,0,1*68
...
2021-07-28 16:39:56,950 [INFO] sending message $BPSTS,153956.94,1,BWSI Autonomy OK*44
...
2021-07-28 16:39:56,951 [INFO] Processing: $BFNVG,153954.73,4218.004957,N,07105.984223,W,0,10.0,1.0,76.3,0.0,0.0,153954.73*6B
2021-07-28 16:39:56,953 [INFO] Interpreted as: {'position': (21.902070349431597, 8.639019173569977), 'latlon': (42.300082616666664, -71.09973705), 'heading': 76.3, 'depth': 1.0, 'altitude': 10.0, 'roll': 0.0, 'pitch': 0.0, 'last_fix_time': datetime.datetime(2021, 7, 28, 15, 39, 54), 'speed': None, 'rudder': 0, 'datum': (42.3, -71.1)}
2021-07-28 16:39:56,954 [INFO] Processing: $BFNVG,153955.10,4218.005011,N,07105.983957,W,0,10.0,1.0,76.3,0.0,0.0,153955.10*6E
2021-07-28 16:39:56,956 [INFO] Interpreted as: {'position': (22.26998788450146, 8.729939213953912), 'latlon': (42.30008351666667, -71.09973261666667), 'heading': 76.3, 'depth': 1.0, 'altitude': 10.0, 'roll': 0.0, 'pitch': 0.0, 'last_fix_time': datetime.datetime(2021, 7, 28, 15, 39, 55), 'speed': None, 'rudder': 0, 'datum': (42.3, -71.1)}
2021-07-28 16:39:56,957 [INFO] Processing: $BFNVG,153955.45,4218.005062,N,07105.983701,W,0,10.0,1.0,76.3,0.0,0.0,153955.45*67
2021-07-28 16:39:56,958 [INFO] Interpreted as: {'position': (22.624029630911537, 8.815646190196276), 'latlon': (42.30008436666667, -71.09972835), 'heading': 76.3, 'depth': 1.0, 'altitude': 10.0, 'roll': 0.0, 'pitch': 0.0, 'last_fix_time': datetime.datetime(2021, 7, 28, 15, 39, 55), 'speed': None, 'rudder': 0, 'datum': (42.3, -71.1)}
2021-07-28 16:39:56,959 [INFO] Processing: $BFNVG,153955.80,4218.005112,N,07105.983452,W,0,10.0,1.0,76.3,0.0,0.0,153955.80*64
2021-07-28 16:39:56,961 [INFO] Interpreted as: {'position': (22.96840855613118, 8.899739786982536), 'latlon': (42.3000852, -71.0997242), 'heading': 76.3, 'depth': 1.0, 'altitude': 10.0, 'roll': 0.0, 'pitch': 0.0, 'last_fix_time': datetime.datetime(2021, 7, 28, 15, 39, 55), 'speed': None, 'rudder': 0, 'datum': (42.3, -71.1)}
2021-07-28 16:39:56,962 [INFO] Received from Frontseat: [b'$BFNVG,153954.73,4218.004957,N,07105.984223,W,0,10.0,1.0,76.3,0.0,0.0,153954.73*6B', b'$BFNVG,153955.10,4218.005011,N,07105.983957,W,0,10.0,1.0,76.3,0.0,0.0,153955.10*6E', b'$BFNVG,153955.45,4218.005062,N,07105.983701,W,0,10.0,1.0,76.3,0.0,0.0,153955.45*67', b'$BFNVG,153955.80,4218.005112,N,07105.983452,W,0,10.0,1.0,76.3,0.0,0.0,153955.80*64']
2021-07-28 16:39:56,962 [INFO] AUV state: {'position': (22.96840855613118, 8.899739786982536), 'latlon': (42.3000852, -71.0997242), 'heading': 76.3, 'depth': 1.0, 'altitude': 10.0, 'roll': 0.0, 'pitch': 0.0, 'last_fix_time': datetime.datetime(2021, 7, 28, 15, 39, 55), 'speed': None, 'rudder': 0, 'datum': (42.3, -71.1)}
2021-07-28 16:39:57,290 [INFO] **** [] [(-23.81367668161723, -5.9926948127483675)]
2021-07-28 16:39:57,292 [INFO] Next green buoy: [], next red buoy: [(-23.81367668161723, -5.9926948127483675)]
2021-07-28 16:39:57,293 [INFO] Desired_heading: 52.486323318382766
2021-07-28 16:39:57,293 [INFO] sending message $BPRMB,153957.43,-25,,,1000,0,1*6c
...
2021-07-28 16:39:58,295 [INFO] sending message $BPSTS,153958.29,1,BWSI Autonomy OK*4c
...
2021-07-28 16:39:58,296 [INFO] Processing: $BFNVG,153956.18,4218.005167,N,07105.983179,W,0,10.0,1.0,76.4,0.0,0.0,153956.18*6D
2021-07-28 16:39:58,298 [INFO] Interpreted as: {'position': (23.34598887246102, 8.99227327760309), 'latlon': (42.30008611666667, -71.09971965), 'heading': 76.4, 'depth': 1.0, 'altitude': 10.0, 'roll': 0.0, 'pitch': 0.0, 'last_fix_time': datetime.datetime(2021, 7, 28, 15, 39, 56), 'speed': None, 'rudder': 0, 'datum': (42.3, -71.1)}
2021-07-28 16:39:58,299 [INFO] Processing: $BFNVG,153956.55,4218.005216,N,07105.982911,W,0,10.0,1.0,78.7,0.0,0.0,153956.55*62
2021-07-28 16:39:58,301 [INFO] Interpreted as: {'position': (23.716425792488735, 9.07387210521847), 'latlon': (42.30008693333333, -71.09971518333333), 'heading': 78.7, 'depth': 1.0, 'altitude': 10.0, 'roll': 0.0, 'pitch': 0.0, 'last_fix_time': datetime.datetime(2021, 7, 28, 15, 39, 56), 'speed': None, 'rudder': 0, 'datum': (42.3, -71.1)}
2021-07-28 16:39:58,302 [INFO] Processing: $BFNVG,153956.91,4218.005256,N,07105.982643,W,0,10.0,1.0,81.0,0.0,0.0,153956.91*6F
2021-07-28 16:39:58,304 [INFO] Interpreted as: {'position': (24.086451708106324, 9.138814678415656), 'latlon': (42.3000876, -71.09971071666666), 'heading': 81.0, 'depth': 1.0, 'altitude': 10.0, 'roll': 0.0, 'pitch': 0.0, 'last_fix_time': datetime.datetime(2021, 7, 28, 15, 39, 56), 'speed': None, 'rudder': 0, 'datum': (42.3, -71.1)}
2021-07-28 16:39:58,305 [INFO] Processing: $BFNVG,153957.27,4218.005289,N,07105.982377,W,0,10.0,1.0,83.2,0.0,0.0,153957.27*6F
2021-07-28 16:39:58,307 [INFO] Interpreted as: {'position': (24.453410199843347, 9.190870192833245), 'latlon': (42.30008815, -71.09970628333333), 'heading': 83.2, 'depth': 1.0, 'altitude': 10.0, 'roll': 0.0, 'pitch': 0.0, 'last_fix_time': datetime.datetime(2021, 7, 28, 15, 39, 57), 'speed': None, 'rudder': 0, 'datum': (42.3, -71.1)}
2021-07-28 16:39:58,308 [INFO] Received from Frontseat: [b'$BFNVG,153956.18,4218.005167,N,07105.983179,W,0,10.0,1.0,76.4,0.0,0.0,153956.18*6D', b'$BFNVG,153956.55,4218.005216,N,07105.982911,W,0,10.0,1.0,78.7,0.0,0.0,153956.55*62', b'$BFNVG,153956.91,4218.005256,N,07105.982643,W,0,10.0,1.0,81.0,0.0,0.0,153956.91*6F', b'$BFNVG,153957.27,4218.005289,N,07105.982377,W,0,10.0,1.0,83.2,0.0,0.0,153957.27*6F']
2021-07-28 16:39:58,308 [INFO] AUV state: {'position': (24.453410199843347, 9.190870192833245), 'latlon': (42.30008815, -71.09970628333333), 'heading': 83.2, 'depth': 1.0, 'altitude': 10.0, 'roll': 0.0, 'pitch': 0.0, 'last_fix_time': datetime.datetime(2021, 7, 28, 15, 39, 57), 'speed': None, 'rudder': 0, 'datum': (42.3, -71.1)}
2021-07-28 16:39:58,657 [INFO] **** [] []
2021-07-28 16:39:58,660 [INFO] Next green buoy: [], next red buoy: []
2021-07-28 16:39:58,660 [INFO] Desired_heading: 84.2
2021-07-28 16:39:58,660 [INFO] sending message $BPRMB,153959.15,-0.25,,,1000,0,1*7f
...
2021-07-28 16:39:59,662 [INFO] sending message $BPSTS,153959.66,1,BWSI Autonomy OK*46
...
2021-07-28 16:39:59,664 [INFO] Processing: $BFNVG,153957.61,4218.005312,N,07105.982124,W,0,10.0,1.0,85.3,0.0,0.0,153957.61*6F
2021-07-28 16:39:59,666 [INFO] Interpreted as: {'position': (24.802051618229598, 9.224859458394349), 'latlon': (42.30008853333333, -71.09970206666667), 'heading': 85.3, 'depth': 1.0, 'altitude': 10.0, 'roll': 0.0, 'pitch': 0.0, 'last_fix_time': datetime.datetime(2021, 7, 28, 15, 39, 57), 'speed': None, 'rudder': 0, 'datum': (42.3, -71.1)}
2021-07-28 16:39:59,667 [INFO] Processing: $BFNVG,153957.96,4218.005329,N,07105.981861,W,0,10.0,1.0,87.5,0.0,0.0,153957.96*68
2021-07-28 16:39:59,670 [INFO] Interpreted as: {'position': (25.164157817314845, 9.247405556030571), 'latlon': (42.300088816666666, -71.09969768333333), 'heading': 87.5, 'depth': 1.0, 'altitude': 10.0, 'roll': 0.0, 'pitch': 0.0, 'last_fix_time': datetime.datetime(2021, 7, 28, 15, 39, 57), 'speed': None, 'rudder': 0, 'datum': (42.3, -71.1)}
2021-07-28 16:39:59,671 [INFO] Processing: $BFNVG,153958.32,4218.005339,N,07105.981597,W,0,10.0,1.0,89.8,0.0,0.0,153958.32*6E
2021-07-28 16:39:59,673 [INFO] Interpreted as: {'position': (25.527318232459947, 9.256962892599404), 'latlon': (42.30008898333333, -71.09969328333334), 'heading': 89.8, 'depth': 1.0, 'altitude': 10.0, 'roll': 0.0, 'pitch': 0.0, 'last_fix_time': datetime.datetime(2021, 7, 28, 15, 39, 58), 'speed': None, 'rudder': 0, 'datum': (42.3, -71.1)}
2021-07-28 16:39:59,674 [INFO] Received from Frontseat: [b'$BFNVG,153957.61,4218.005312,N,07105.982124,W,0,10.0,1.0,85.3,0.0,0.0,153957.61*6F', b'$BFNVG,153957.96,4218.005329,N,07105.981861,W,0,10.0,1.0,87.5,0.0,0.0,153957.96*68', b'$BFNVG,153958.32,4218.005339,N,07105.981597,W,0,10.0,1.0,89.8,0.0,0.0,153958.32*6E']
2021-07-28 16:39:59,675 [INFO] AUV state: {'position': (25.527318232459947, 9.256962892599404), 'latlon': (42.30008898333333, -71.09969328333334), 'heading': 89.8, 'depth': 1.0, 'altitude': 10.0, 'roll': 0.0, 'pitch': 0.0, 'last_fix_time': datetime.datetime(2021, 7, 28, 15, 39, 58), 'speed': None, 'rudder': 0, 'datum': (42.3, -71.1)}
2021-07-28 16:40:00,016 [INFO] **** [] []
2021-07-28 16:40:00,018 [INFO] Next green buoy: [], next red buoy: []
2021-07-28 16:40:00,019 [INFO] Desired_heading: 90.8
2021-07-28 16:40:00,019 [INFO] sending message $BPRMB,154000.17,-0.25,,,1000,0,1*7f
...
2021-07-28 16:40:01,021 [INFO] sending message $BPSTS,154001.02,1,BWSI Autonomy OK*47
...
2021-07-28 16:40:01,023 [INFO] Processing: $BFNVG,153958.66,4218.005341,N,07105.981342,W,0,10.0,1.0,91.9,0.0,0.0,153958.66*67
2021-07-28 16:40:01,025 [INFO] Interpreted as: {'position': (25.87774842197541, 9.25201977416873), 'latlon': (42.30008901666667, -71.09968903333333), 'heading': 91.9, 'depth': 1.0, 'altitude': 10.0, 'roll': 0.0, 'pitch': 0.0, 'last_fix_time': datetime.datetime(2021, 7, 28, 15, 39, 58), 'speed': None, 'rudder': 0, 'datum': (42.3, -71.1)}
2021-07-28 16:40:01,026 [INFO] Processing: $BFNVG,153959.01,4218.005339,N,07105.981076,W,0,10.0,1.0,91.9,0.0,0.0,153959.01*6C
2021-07-28 16:40:01,028 [INFO] Interpreted as: {'position': (26.243108603870496, 9.239300981163979), 'latlon': (42.30008898333333, -71.0996846), 'heading': 91.9, 'depth': 1.0, 'altitude': 10.0, 'roll': 0.0, 'pitch': 0.0, 'last_fix_time': datetime.datetime(2021, 7, 28, 15, 39, 59), 'speed': None, 'rudder': 0, 'datum': (42.3, -71.1)}
2021-07-28 16:40:01,029 [INFO] Processing: $BFNVG,153959.35,4218.005337,N,07105.980821,W,0,10.0,1.0,91.9,0.0,0.0,153959.35*69
2021-07-28 16:40:01,031 [INFO] Interpreted as: {'position': (26.593356129829772, 9.226955108344555), 'latlon': (42.30008895, -71.09968035), 'heading': 91.9, 'depth': 1.0, 'altitude': 10.0, 'roll': 0.0, 'pitch': 0.0, 'last_fix_time': datetime.datetime(2021, 7, 28, 15, 39, 59), 'speed': None, 'rudder': 0, 'datum': (42.3, -71.1)}
2021-07-28 16:40:01,032 [INFO] Processing: $BFNVG,153959.70,4218.005336,N,07105.980564,W,0,10.0,1.0,92.0,0.0,0.0,153959.70*6E
2021-07-28 16:40:01,034 [INFO] Interpreted as: {'position': (26.94639707892202, 9.216392148286104), 'latlon': (42.300088933333335, -71.09967606666666), 'heading': 92.0, 'depth': 1.0, 'altitude': 10.0, 'roll': 0.0, 'pitch': 0.0, 'last_fix_time': datetime.datetime(2021, 7, 28, 15, 39, 59), 'speed': None, 'rudder': 0, 'datum': (42.3, -71.1)}
2021-07-28 16:40:01,034 [INFO] Received from Frontseat: [b'$BFNVG,153958.66,4218.005341,N,07105.981342,W,0,10.0,1.0,91.9,0.0,0.0,153958.66*67', b'$BFNVG,153959.01,4218.005339,N,07105.981076,W,0,10.0,1.0,91.9,0.0,0.0,153959.01*6C', b'$BFNVG,153959.35,4218.005337,N,07105.980821,W,0,10.0,1.0,91.9,0.0,0.0,153959.35*69', b'$BFNVG,153959.70,4218.005336,N,07105.980564,W,0,10.0,1.0,92.0,0.0,0.0,153959.70*6E']
2021-07-28 16:40:01,035 [INFO] AUV state: {'position': (26.94639707892202, 9.216392148286104), 'latlon': (42.300088933333335, -71.09967606666666), 'heading': 92.0, 'depth': 1.0, 'altitude': 10.0, 'roll': 0.0, 'pitch': 0.0, 'last_fix_time': datetime.datetime(2021, 7, 28, 15, 39, 59), 'speed': None, 'rudder': 0, 'datum': (42.3, -71.1)}
2021-07-28 16:40:01,385 [INFO] **** [] []
2021-07-28 16:40:01,387 [INFO] Next green buoy: [], next red buoy: []
2021-07-28 16:40:01,388 [INFO] Desired_heading: 93.0
2021-07-28 16:40:01,388 [INFO] sending message $BPRMB,154001.87,-0.25,,,1000,0,1*77
...
2021-07-28 16:40:02,390 [INFO] sending message $BPSTS,154002.38,1,BWSI Autonomy OK*4d
...
2021-07-28 16:40:02,391 [INFO] Processing: $BFNVG,154000.04,4218.005334,N,07105.980308,W,0,10.0,1.0,92.0,0.0,0.0,154000.04*60
2021-07-28 16:40:02,393 [INFO] Interpreted as: {'position': (27.298018485307693, 9.204012411646545), 'latlon': (42.3000889, -71.0996718), 'heading': 92.0, 'depth': 1.0, 'altitude': 10.0, 'roll': 0.0, 'pitch': 0.0, 'last_fix_time': datetime.datetime(2021, 7, 28, 15, 40), 'speed': None, 'rudder': 0, 'datum': (42.3, -71.1)}
2021-07-28 16:40:02,394 [INFO] Processing: $BFNVG,154000.39,4218.005332,N,07105.980044,W,0,10.0,1.0,92.0,0.0,0.0,154000.39*6D
2021-07-28 16:40:02,396 [INFO] Interpreted as: {'position': (27.660630914731883, 9.191361493431032), 'latlon': (42.30008886666667, -71.0996674), 'heading': 92.0, 'depth': 1.0, 'altitude': 10.0, 'roll': 0.0, 'pitch': 0.0, 'last_fix_time': datetime.datetime(2021, 7, 28, 15, 40), 'speed': None, 'rudder': 0, 'datum': (42.3, -71.1)}
2021-07-28 16:40:02,397 [INFO] Processing: $BFNVG,154000.73,4218.005330,N,07105.979788,W,0,10.0,1.0,92.0,0.0,0.0,154000.73*6E
2021-07-28 16:40:02,399 [INFO] Interpreted as: {'position': (28.012252319487743, 9.178981791250408), 'latlon': (42.300088833333334, -71.09966313333334), 'heading': 92.0, 'depth': 1.0, 'altitude': 10.0, 'roll': 0.0, 'pitch': 0.0, 'last_fix_time': datetime.datetime(2021, 7, 28, 15, 40), 'speed': None, 'rudder': 0, 'datum': (42.3, -71.1)}
2021-07-28 16:40:02,400 [INFO] Processing: $BFNVG,154001.09,4218.005328,N,07105.979523,W,0,10.0,1.0,92.0,0.0,0.0,154001.09*64
2021-07-28 16:40:02,402 [INFO] Interpreted as: {'position': (28.376238627242856, 9.166297011077404), 'latlon': (42.3000888, -71.09965871666667), 'heading': 92.0, 'depth': 1.0, 'altitude': 10.0, 'roll': 0.0, 'pitch': 0.0, 'last_fix_time': datetime.datetime(2021, 7, 28, 15, 40, 1), 'speed': None, 'rudder': 0, 'datum': (42.3, -71.1)}
2021-07-28 16:40:02,403 [INFO] Received from Frontseat: [b'$BFNVG,154000.04,4218.005334,N,07105.980308,W,0,10.0,1.0,92.0,0.0,0.0,154000.04*60', b'$BFNVG,154000.39,4218.005332,N,07105.980044,W,0,10.0,1.0,92.0,0.0,0.0,154000.39*6D', b'$BFNVG,154000.73,4218.005330,N,07105.979788,W,0,10.0,1.0,92.0,0.0,0.0,154000.73*6E', b'$BFNVG,154001.09,4218.005328,N,07105.979523,W,0,10.0,1.0,92.0,0.0,0.0,154001.09*64']
2021-07-28 16:40:02,404 [INFO] AUV state: {'position': (28.376238627242856, 9.166297011077404), 'latlon': (42.3000888, -71.09965871666667), 'heading': 92.0, 'depth': 1.0, 'altitude': 10.0, 'roll': 0.0, 'pitch': 0.0, 'last_fix_time': datetime.datetime(2021, 7, 28, 15, 40, 1), 'speed': None, 'rudder': 0, 'datum': (42.3, -71.1)}
2021-07-28 16:40:02,759 [INFO] **** [] []
2021-07-28 16:40:02,761 [INFO] Next green buoy: [], next red buoy: []
2021-07-28 16:40:02,762 [INFO] Desired_heading: 93.0
2021-07-28 16:40:02,762 [INFO] sending message $BPRMB,154002.90,-0.25,,,1000,0,1*72
...
2021-07-28 16:40:03,764 [INFO] sending message $BPSTS,154003.76,1,BWSI Autonomy OK*46
...
2021-07-28 16:40:03,765 [INFO] Processing: $BFNVG,154001.44,4218.005325,N,07105.979258,W,0,10.0,1.0,92.1,0.0,0.0,154001.44*63
2021-07-28 16:40:03,767 [INFO] Interpreted as: {'position': (28.74017926864326, 9.15176155231893), 'latlon': (42.30008875, -71.0996543), 'heading': 92.1, 'depth': 1.0, 'altitude': 10.0, 'roll': 0.0, 'pitch': 0.0, 'last_fix_time': datetime.datetime(2021, 7, 28, 15, 40, 1), 'speed': None, 'rudder': 0, 'datum': (42.3, -71.1)}
2021-07-28 16:40:03,768 [INFO] Processing: $BFNVG,154001.78,4218.005323,N,07105.979003,W,0,10.0,1.0,92.1,0.0,0.0,154001.78*69
2021-07-28 16:40:03,770 [INFO] Interpreted as: {'position': (29.090426798618864, 9.139415804296732), 'latlon': (42.300088716666664, -71.09965005), 'heading': 92.1, 'depth': 1.0, 'altitude': 10.0, 'roll': 0.0, 'pitch': 0.0, 'last_fix_time': datetime.datetime(2021, 7, 28, 15, 40, 1), 'speed': None, 'rudder': 0, 'datum': (42.3, -71.1)}
2021-07-28 16:40:03,771 [INFO] Processing: $BFNVG,154002.13,4218.005321,N,07105.978746,W,0,10.0,1.0,92.1,0.0,0.0,154002.13*6C
2021-07-28 16:40:03,774 [INFO] Interpreted as: {'position': (29.44342208461603, 9.127002275548875), 'latlon': (42.300088683333335, -71.09964576666667), 'heading': 92.1, 'depth': 1.0, 'altitude': 10.0, 'roll': 0.0, 'pitch': 0.0, 'last_fix_time': datetime.datetime(2021, 7, 28, 15, 40, 2), 'speed': None, 'rudder': 0, 'datum': (42.3, -71.1)}
2021-07-28 16:40:03,774 [INFO] Processing: $BFNVG,154002.48,4218.005319,N,07105.978481,W,0,10.0,1.0,92.1,0.0,0.0,154002.48*6F
2021-07-28 16:40:03,776 [INFO] Interpreted as: {'position': (29.807408393651713, 9.114317568950355), 'latlon': (42.30008865, -71.09964135), 'heading': 92.1, 'depth': 1.0, 'altitude': 10.0, 'roll': 0.0, 'pitch': 0.0, 'last_fix_time': datetime.datetime(2021, 7, 28, 15, 40, 2), 'speed': None, 'rudder': 0, 'datum': (42.3, -71.1)}
2021-07-28 16:40:03,777 [INFO] Received from Frontseat: [b'$BFNVG,154001.44,4218.005325,N,07105.979258,W,0,10.0,1.0,92.1,0.0,0.0,154001.44*63', b'$BFNVG,154001.78,4218.005323,N,07105.979003,W,0,10.0,1.0,92.1,0.0,0.0,154001.78*69', b'$BFNVG,154002.13,4218.005321,N,07105.978746,W,0,10.0,1.0,92.1,0.0,0.0,154002.13*6C', b'$BFNVG,154002.48,4218.005319,N,07105.978481,W,0,10.0,1.0,92.1,0.0,0.0,154002.48*6F']
2021-07-28 16:40:03,778 [INFO] AUV state: {'position': (29.807408393651713, 9.114317568950355), 'latlon': (42.30008865, -71.09964135), 'heading': 92.1, 'depth': 1.0, 'altitude': 10.0, 'roll': 0.0, 'pitch': 0.0, 'last_fix_time': datetime.datetime(2021, 7, 28, 15, 40, 2), 'speed': None, 'rudder': 0, 'datum': (42.3, -71.1)}
2021-07-28 16:40:04,121 [INFO] **** [] []
2021-07-28 16:40:04,123 [INFO] Next green buoy: [], next red buoy: []
2021-07-28 16:40:04,123 [INFO] Desired_heading: 93.1
2021-07-28 16:40:04,123 [INFO] sending message $BPRMB,154004.61,-0.25,,,1000,0,1*7a
...
2021-07-28 16:40:04,998 [ERROR] An error occurred. The stack trace is below.
Traceback (most recent call last):
  File "BWSI_BackSeat.py", line 126, in run
    time.sleep(1/self.__warp)
KeyboardInterrupt
