2021-07-28 15:46:11,145 [INFO] host = 192.168.1.213, port = 29500
2021-07-28 15:46:35,268 [INFO] sending message $BPLOG,ACK,ON*1e
...
2021-07-28 15:46:35,269 [INFO] sending message $BPLOG,ALL,ON*16
...
2021-07-28 15:46:35,271 [INFO] sending message $BPSTS,144635.27,1,BWSI Autonomy OK*40
...
2021-07-28 15:46:35,271 [INFO] Received from Frontseat: []
2021-07-28 15:46:35,272 [INFO] AUV state: {'position': (None, None), 'latlon': None, 'heading': None, 'depth': None, 'altitude': None, 'roll': None, 'pitch': None, 'last_fix_time': None, 'speed': None, 'rudder': 0}
2021-07-28 15:46:36,274 [INFO] sending message $BPSTS,144636.27,1,BWSI Autonomy OK*43
...
2021-07-28 15:46:36,275 [INFO] Processing: $BFNVG,144634.77,4218.000000,N,07106.000000,W,0,10.0,1.0,45.0,0.0,0.0,144634.77*62
2021-07-28 15:46:36,278 [INFO] Interpreted as: {'position': (0, 0), 'latlon': (42.3, -71.1), 'heading': 45.0, 'depth': 1.0, 'altitude': 10.0, 'roll': 0.0, 'pitch': 0.0, 'last_fix_time': datetime.datetime(2021, 7, 28, 14, 46, 34), 'speed': None, 'rudder': 0, 'datum': (42.3, -71.1)}
2021-07-28 15:46:36,278 [INFO] Processing: $BFNVG,144635.02,4218.000000,N,07106.000000,W,0,10.0,1.0,45.0,0.0,0.0,144635.02*62
2021-07-28 15:46:36,280 [INFO] Interpreted as: {'position': (0.0, 0.0), 'latlon': (42.3, -71.1), 'heading': 45.0, 'depth': 1.0, 'altitude': 10.0, 'roll': 0.0, 'pitch': 0.0, 'last_fix_time': datetime.datetime(2021, 7, 28, 14, 46, 35), 'speed': None, 'rudder': 0, 'datum': (42.3, -71.1)}
2021-07-28 15:46:36,281 [INFO] Processing: $BFNVG,144635.27,4218.000000,N,07106.000000,W,0,10.0,1.0,45.0,0.0,0.0,144635.27*62
2021-07-28 15:46:36,283 [INFO] Interpreted as: {'position': (0.0, 0.0), 'latlon': (42.3, -71.1), 'heading': 45.0, 'depth': 1.0, 'altitude': 10.0, 'roll': 0.0, 'pitch': 0.0, 'last_fix_time': datetime.datetime(2021, 7, 28, 14, 46, 35), 'speed': None, 'rudder': 0, 'datum': (42.3, -71.1)}
2021-07-28 15:46:36,284 [INFO] Processing: $BFNVG,144635.53,4218.000000,N,07106.000000,W,0,10.0,1.0,45.0,0.0,0.0,144635.53*62
2021-07-28 15:46:36,286 [INFO] Interpreted as: {'position': (0.0, 0.0), 'latlon': (42.3, -71.1), 'heading': 45.0, 'depth': 1.0, 'altitude': 10.0, 'roll': 0.0, 'pitch': 0.0, 'last_fix_time': datetime.datetime(2021, 7, 28, 14, 46, 35), 'speed': None, 'rudder': 0, 'datum': (42.3, -71.1)}
2021-07-28 15:46:36,286 [INFO] Received from Frontseat: [b'$BFNVG,144634.77,4218.000000,N,07106.000000,W,0,10.0,1.0,45.0,0.0,0.0,144634.77*62', b'$BFNVG,144635.02,4218.000000,N,07106.000000,W,0,10.0,1.0,45.0,0.0,0.0,144635.02*62', b'$BFNVG,144635.27,4218.000000,N,07106.000000,W,0,10.0,1.0,45.0,0.0,0.0,144635.27*62', b'$BFNVG,144635.53,4218.000000,N,07106.000000,W,0,10.0,1.0,45.0,0.0,0.0,144635.53*62']
2021-07-28 15:46:36,287 [INFO] AUV state: {'position': (0.0, 0.0), 'latlon': (42.3, -71.1), 'heading': 45.0, 'depth': 1.0, 'altitude': 10.0, 'roll': 0.0, 'pitch': 0.0, 'last_fix_time': datetime.datetime(2021, 7, 28, 14, 46, 35), 'speed': None, 'rudder': 0, 'datum': (42.3, -71.1)}
2021-07-28 15:46:36,678 [INFO] **** [(-0.24446547658767925, -5.951560393753625)] [(19.428883662183388, -5.833710947160539), (0.8127351204250307, -2.7613448325260608)]
2021-07-28 15:46:36,680 [INFO] Next green buoy: [(-0.24446547658767925, -5.951560393753625)], next red buoy: [(19.428883662183388, -5.833710947160539), (0.8127351204250307, -2.7613448325260608)]
2021-07-28 15:46:36,680 [INFO] Desired_heading: 54.59220909279786
2021-07-28 15:46:36,681 [INFO] sending message $BPRMB,144637.26,-25,,,1000,0,1*60
...
2021-07-28 15:46:37,682 [INFO] sending message $BPSTS,144637.68,1,BWSI Autonomy OK*49
...
2021-07-28 15:46:37,683 [INFO] Processing: $BFNVG,144635.94,4218.000000,N,07106.000000,W,0,10.0,1.0,45.0,0.0,0.0,144635.94*62
2021-07-28 15:46:37,685 [INFO] Interpreted as: {'position': (0.0, 0.0), 'latlon': (42.3, -71.1), 'heading': 45.0, 'depth': 1.0, 'altitude': 10.0, 'roll': 0.0, 'pitch': 0.0, 'last_fix_time': datetime.datetime(2021, 7, 28, 14, 46, 35), 'speed': None, 'rudder': 0, 'datum': (42.3, -71.1)}
2021-07-28 15:46:37,686 [INFO] Processing: $BFNVG,144636.33,4218.000000,N,07106.000000,W,0,10.0,1.0,45.0,0.0,0.0,144636.33*62
2021-07-28 15:46:37,688 [INFO] Interpreted as: {'position': (0.0, 0.0), 'latlon': (42.3, -71.1), 'heading': 45.0, 'depth': 1.0, 'altitude': 10.0, 'roll': 0.0, 'pitch': 0.0, 'last_fix_time': datetime.datetime(2021, 7, 28, 14, 46, 36), 'speed': None, 'rudder': 0, 'datum': (42.3, -71.1)}
2021-07-28 15:46:37,689 [INFO] Processing: $BFNVG,144636.70,4218.000000,N,07106.000000,W,0,10.0,1.0,45.0,0.0,0.0,144636.70*62
2021-07-28 15:46:37,691 [INFO] Interpreted as: {'position': (0.0, 0.0), 'latlon': (42.3, -71.1), 'heading': 45.0, 'depth': 1.0, 'altitude': 10.0, 'roll': 0.0, 'pitch': 0.0, 'last_fix_time': datetime.datetime(2021, 7, 28, 14, 46, 36), 'speed': None, 'rudder': 0, 'datum': (42.3, -71.1)}
2021-07-28 15:46:37,692 [INFO] Received from Frontseat: [b'$BFNVG,144635.94,4218.000000,N,07106.000000,W,0,10.0,1.0,45.0,0.0,0.0,144635.94*62', b'$BFNVG,144636.33,4218.000000,N,07106.000000,W,0,10.0,1.0,45.0,0.0,0.0,144636.33*62', b'$BFNVG,144636.70,4218.000000,N,07106.000000,W,0,10.0,1.0,45.0,0.0,0.0,144636.70*62']
2021-07-28 15:46:37,692 [INFO] AUV state: {'position': (0.0, 0.0), 'latlon': (42.3, -71.1), 'heading': 45.0, 'depth': 1.0, 'altitude': 10.0, 'roll': 0.0, 'pitch': 0.0, 'last_fix_time': datetime.datetime(2021, 7, 28, 14, 46, 36), 'speed': None, 'rudder': 0, 'datum': (42.3, -71.1)}
2021-07-28 15:46:38,073 [INFO] **** [(-0.2167428688826267, -5.954409729971918)] [(19.43215168474766, -5.856886359787597), (0.8127351204250307, -2.7613448325260608)]
2021-07-28 15:46:38,075 [INFO] Next green buoy: [(-0.2167428688826267, -5.954409729971918)], next red buoy: [(19.43215168474766, -5.856886359787597), (0.8127351204250307, -2.7613448325260608)]
2021-07-28 15:46:38,075 [INFO] Desired_heading: 54.607704407932516
2021-07-28 15:46:38,076 [INFO] sending message $BPRMB,144638.10,-25,,,1000,0,1*6a
...
2021-07-28 15:46:39,077 [INFO] sending message $BPSTS,144639.07,1,BWSI Autonomy OK*4e
...
2021-07-28 15:46:39,078 [INFO] Processing: $BFNVG,144637.05,4218.000000,N,07106.000000,W,0,10.0,1.0,45.0,0.0,0.0,144637.05*62
2021-07-28 15:46:39,080 [INFO] Interpreted as: {'position': (0.0, 0.0), 'latlon': (42.3, -71.1), 'heading': 45.0, 'depth': 1.0, 'altitude': 10.0, 'roll': 0.0, 'pitch': 0.0, 'last_fix_time': datetime.datetime(2021, 7, 28, 14, 46, 37), 'speed': None, 'rudder': 0, 'datum': (42.3, -71.1)}
2021-07-28 15:46:39,082 [INFO] Processing: $BFNVG,144637.40,4218.000138,N,07105.999816,W,0,10.0,1.0,47.2,0.0,0.0,144637.40*6D
2021-07-28 15:46:39,084 [INFO] Interpreted as: {'position': (0.2590966299176216, 0.24915768019855022), 'latlon': (42.3000023, -71.09999693333333), 'heading': 47.2, 'depth': 1.0, 'altitude': 10.0, 'roll': 0.0, 'pitch': 0.0, 'last_fix_time': datetime.datetime(2021, 7, 28, 14, 46, 37), 'speed': None, 'rudder': 0, 'datum': (42.3, -71.1)}
2021-07-28 15:46:39,085 [INFO] Processing: $BFNVG,144637.74,4218.000266,N,07105.999633,W,0,10.0,1.0,49.3,0.0,0.0,144637.74*63
2021-07-28 15:46:39,087 [INFO] Interpreted as: {'position': (0.5163626400753856, 0.47984230052679777), 'latlon': (42.300004433333335, -71.09999388333334), 'heading': 49.3, 'depth': 1.0, 'altitude': 10.0, 'roll': 0.0, 'pitch': 0.0, 'last_fix_time': datetime.datetime(2021, 7, 28, 14, 46, 37), 'speed': None, 'rudder': 0, 'datum': (42.3, -71.1)}
2021-07-28 15:46:39,088 [INFO] Processing: $BFNVG,144638.08,4218.000389,N,07105.999441,W,0,10.0,1.0,51.4,0.0,0.0,144638.08*6A
2021-07-28 15:46:39,091 [INFO] Interpreted as: {'position': (0.7857651909580454, 0.7009683009237051), 'latlon': (42.300006483333334, -71.09999068333333), 'heading': 51.4, 'depth': 1.0, 'altitude': 10.0, 'roll': 0.0, 'pitch': 0.0, 'last_fix_time': datetime.datetime(2021, 7, 28, 14, 46, 38), 'speed': None, 'rudder': 0, 'datum': (42.3, -71.1)}
2021-07-28 15:46:39,091 [INFO] Received from Frontseat: [b'$BFNVG,144637.05,4218.000000,N,07106.000000,W,0,10.0,1.0,45.0,0.0,0.0,144637.05*62', b'$BFNVG,144637.40,4218.000138,N,07105.999816,W,0,10.0,1.0,47.2,0.0,0.0,144637.40*6D', b'$BFNVG,144637.74,4218.000266,N,07105.999633,W,0,10.0,1.0,49.3,0.0,0.0,144637.74*63', b'$BFNVG,144638.08,4218.000389,N,07105.999441,W,0,10.0,1.0,51.4,0.0,0.0,144638.08*6A']
2021-07-28 15:46:39,093 [INFO] AUV state: {'position': (0.7857651909580454, 0.7009683009237051), 'latlon': (42.300006483333334, -71.09999068333333), 'heading': 51.4, 'depth': 1.0, 'altitude': 10.0, 'roll': 0.0, 'pitch': 0.0, 'last_fix_time': datetime.datetime(2021, 7, 28, 14, 46, 38), 'speed': None, 'rudder': 0, 'datum': (42.3, -71.1)}
2021-07-28 15:46:39,462 [INFO] **** [(-10.08355835717079, -6.985278525412839)] [(13.122126035975308, -6.647505186178017), (-8.498505903434973, -3.020775418922754)]
2021-07-28 15:46:39,464 [INFO] Next green buoy: [(-10.08355835717079, -6.985278525412839)], next red buoy: [(13.122126035975308, -6.647505186178017), (-8.498505903434973, -3.020775418922754)]
2021-07-28 15:46:39,464 [INFO] Desired_heading: 52.919283839402254
2021-07-28 15:46:39,465 [INFO] sending message $BPRMB,144640.05,-4.557851518206768,,,1000,0,1*46
...
2021-07-28 15:46:40,466 [INFO] sending message $BPSTS,144640.46,1,BWSI Autonomy OK*45
...
2021-07-28 15:46:40,469 [INFO] Processing: $BFNVG,144638.42,4218.000509,N,07105.999242,W,0,10.0,1.0,53.5,0.0,0.0,144638.42*62
2021-07-28 15:46:40,471 [INFO] Interpreted as: {'position': (1.0646478710114025, 0.9163048872724175), 'latlon': (42.300008483333336, -71.09998736666667), 'heading': 53.5, 'depth': 1.0, 'altitude': 10.0, 'roll': 0.0, 'pitch': 0.0, 'last_fix_time': datetime.datetime(2021, 7, 28, 14, 46, 38), 'speed': None, 'rudder': 0, 'datum': (42.3, -71.1)}
2021-07-28 15:46:40,473 [INFO] Processing: $BFNVG,144638.76,4218.000622,N,07105.999038,W,0,10.0,1.0,55.7,0.0,0.0,144638.76*63
2021-07-28 15:46:40,475 [INFO] Interpreted as: {'position': (1.3500802253838629, 1.1185170765966177), 'latlon': (42.30001036666667, -71.09998396666667), 'heading': 55.7, 'depth': 1.0, 'altitude': 10.0, 'roll': 0.0, 'pitch': 0.0, 'last_fix_time': datetime.datetime(2021, 7, 28, 14, 46, 38), 'speed': None, 'rudder': 0, 'datum': (42.3, -71.1)}
2021-07-28 15:46:40,476 [INFO] Processing: $BFNVG,144639.10,4218.000730,N,07105.998829,W,0,10.0,1.0,57.8,0.0,0.0,144639.10*65
2021-07-28 15:46:40,478 [INFO] Interpreted as: {'position': (1.6421536044799723, 1.3113062717020512), 'latlon': (42.30001216666667, -71.09998048333334), 'heading': 57.8, 'depth': 1.0, 'altitude': 10.0, 'roll': 0.0, 'pitch': 0.0, 'last_fix_time': datetime.datetime(2021, 7, 28, 14, 46, 39), 'speed': None, 'rudder': 0, 'datum': (42.3, -71.1)}
2021-07-28 15:46:40,479 [INFO] Processing: $BFNVG,144639.48,4218.000842,N,07105.998591,W,0,10.0,1.0,60.2,0.0,0.0,144639.48*6F
2021-07-28 15:46:40,481 [INFO] Interpreted as: {'position': (1.974252159241587, 1.5105150314047933), 'latlon': (42.30001403333333, -71.09997651666667), 'heading': 60.2, 'depth': 1.0, 'altitude': 10.0, 'roll': 0.0, 'pitch': 0.0, 'last_fix_time': datetime.datetime(2021, 7, 28, 14, 46, 39), 'speed': None, 'rudder': 0, 'datum': (42.3, -71.1)}
2021-07-28 15:46:40,482 [INFO] Received from Frontseat: [b'$BFNVG,144638.42,4218.000509,N,07105.999242,W,0,10.0,1.0,53.5,0.0,0.0,144638.42*62', b'$BFNVG,144638.76,4218.000622,N,07105.999038,W,0,10.0,1.0,55.7,0.0,0.0,144638.76*63', b'$BFNVG,144639.10,4218.000730,N,07105.998829,W,0,10.0,1.0,57.8,0.0,0.0,144639.10*65', b'$BFNVG,144639.48,4218.000842,N,07105.998591,W,0,10.0,1.0,60.2,0.0,0.0,144639.48*6F']
2021-07-28 15:46:40,483 [INFO] AUV state: {'position': (1.974252159241587, 1.5105150314047933), 'latlon': (42.30001403333333, -71.09997651666667), 'heading': 60.2, 'depth': 1.0, 'altitude': 10.0, 'roll': 0.0, 'pitch': 0.0, 'last_fix_time': datetime.datetime(2021, 7, 28, 14, 46, 39), 'speed': None, 'rudder': 0, 'datum': (42.3, -71.1)}
2021-07-28 15:46:40,869 [INFO] **** [(-25.220433178709815, -8.750101224021368)] [(2.5967391599862535, -8.360649984429205), (-21.381813926724124, -3.193660949712362)]
2021-07-28 15:46:40,871 [INFO] Next green buoy: [(-25.220433178709815, -8.750101224021368)], next red buoy: [(2.5967391599862535, -8.360649984429205), (-21.381813926724124, -3.193660949712362)]
2021-07-28 15:46:40,871 [INFO] Desired_heading: 48.88815299063822
2021-07-28 15:46:40,872 [INFO] sending message $BPRMB,144640.87,25,,,1000,0,1*46
...
2021-07-28 15:46:41,874 [INFO] sending message $BPSTS,144641.87,1,BWSI Autonomy OK*49
...
2021-07-28 15:46:41,875 [INFO] Processing: $BFNVG,144639.82,4218.000937,N,07105.998371,W,0,10.0,1.0,62.3,0.0,0.0,144639.82*67
2021-07-28 15:46:41,877 [INFO] Interpreted as: {'position': (2.2808444509864785, 1.678872236981988), 'latlon': (42.30001561666667, -71.09997285), 'heading': 62.3, 'depth': 1.0, 'altitude': 10.0, 'roll': 0.0, 'pitch': 0.0, 'last_fix_time': datetime.datetime(2021, 7, 28, 14, 46, 39), 'speed': None, 'rudder': 0, 'datum': (42.3, -71.1)}
2021-07-28 15:46:41,878 [INFO] Processing: $BFNVG,144640.16,4218.001029,N,07105.998147,W,0,10.0,1.0,62.7,0.0,0.0,144640.16*63
2021-07-28 15:46:41,880 [INFO] Interpreted as: {'position': (2.5927952267229557, 1.8415417466312647), 'latlon': (42.30001715, -71.09996911666667), 'heading': 62.7, 'depth': 1.0, 'altitude': 10.0, 'roll': 0.0, 'pitch': 0.0, 'last_fix_time': datetime.datetime(2021, 7, 28, 14, 46, 40), 'speed': None, 'rudder': 0, 'datum': (42.3, -71.1)}
2021-07-28 15:46:41,882 [INFO] Processing: $BFNVG,144640.50,4218.001119,N,07105.997923,W,0,10.0,1.0,63.1,0.0,0.0,144640.50*63
2021-07-28 15:46:41,885 [INFO] Interpreted as: {'position': (2.904654649202712, 2.000509874895215), 'latlon': (42.30001865, -71.09996538333333), 'heading': 63.1, 'depth': 1.0, 'altitude': 10.0, 'roll': 0.0, 'pitch': 0.0, 'last_fix_time': datetime.datetime(2021, 7, 28, 14, 46, 40), 'speed': None, 'rudder': 0, 'datum': (42.3, -71.1)}
2021-07-28 15:46:41,886 [INFO] Processing: $BFNVG,144640.84,4218.001208,N,07105.997699,W,0,10.0,1.0,63.4,0.0,0.0,144640.84*6B
2021-07-28 15:46:41,888 [INFO] Interpreted as: {'position': (3.2164683837327175, 2.157627319917083), 'latlon': (42.300020133333334, -71.09996165), 'heading': 63.4, 'depth': 1.0, 'altitude': 10.0, 'roll': 0.0, 'pitch': 0.0, 'last_fix_time': datetime.datetime(2021, 7, 28, 14, 46, 40), 'speed': None, 'rudder': 0, 'datum': (42.3, -71.1)}
2021-07-28 15:46:41,889 [INFO] Received from Frontseat: [b'$BFNVG,144639.82,4218.000937,N,07105.998371,W,0,10.0,1.0,62.3,0.0,0.0,144639.82*67', b'$BFNVG,144640.16,4218.001029,N,07105.998147,W,0,10.0,1.0,62.7,0.0,0.0,144640.16*63', b'$BFNVG,144640.50,4218.001119,N,07105.997923,W,0,10.0,1.0,63.1,0.0,0.0,144640.50*63', b'$BFNVG,144640.84,4218.001208,N,07105.997699,W,0,10.0,1.0,63.4,0.0,0.0,144640.84*6B']
2021-07-28 15:46:41,890 [INFO] AUV state: {'position': (3.2164683837327175, 2.157627319917083), 'latlon': (42.300020133333334, -71.09996165), 'heading': 63.4, 'depth': 1.0, 'altitude': 10.0, 'roll': 0.0, 'pitch': 0.0, 'last_fix_time': datetime.datetime(2021, 7, 28, 14, 46, 40), 'speed': None, 'rudder': 0, 'datum': (42.3, -71.1)}
2021-07-28 15:46:42,278 [INFO] **** [] [(-2.169111447291656, -11.059021309586857), (-27.356578268208565, -3.5176620152715414)]
2021-07-28 15:46:42,280 [INFO] Next green buoy: [], next red buoy: [(-2.169111447291656, -11.059021309586857), (-27.356578268208565, -3.5176620152715414)]
2021-07-28 15:46:42,281 [INFO] Desired_heading: 61.23088855270834
2021-07-28 15:46:42,281 [INFO] sending message $BPRMB,144642.86,6.50733434187498,,,1000,0,1*50
...
2021-07-28 15:46:43,283 [INFO] sending message $BPSTS,144643.28,1,BWSI Autonomy OK*4e
...
2021-07-28 15:46:43,284 [INFO] Processing: $BFNVG,144641.18,4218.001296,N,07105.997475,W,0,10.0,1.0,63.8,0.0,0.0,144641.18*60
2021-07-28 15:46:43,286 [INFO] Interpreted as: {'position': (3.5282364325830713, 2.312894081696868), 'latlon': (42.3000216, -71.09995791666667), 'heading': 63.8, 'depth': 1.0, 'altitude': 10.0, 'roll': 0.0, 'pitch': 0.0, 'last_fix_time': datetime.datetime(2021, 7, 28, 14, 46, 41), 'speed': None, 'rudder': 0, 'datum': (42.3, -71.1)}
2021-07-28 15:46:43,287 [INFO] Processing: $BFNVG,144641.52,4218.001386,N,07105.997252,W,0,10.0,1.0,61.7,0.0,0.0,144641.52*6E
2021-07-28 15:46:43,288 [INFO] Interpreted as: {'position': (3.8387219321448356, 2.471896154806018), 'latlon': (42.3000231, -71.0999542), 'heading': 61.7, 'depth': 1.0, 'altitude': 10.0, 'roll': 0.0, 'pitch': 0.0, 'last_fix_time': datetime.datetime(2021, 7, 28, 14, 46, 41), 'speed': None, 'rudder': 0, 'datum': (42.3, -71.1)}
2021-07-28 15:46:43,289 [INFO] Processing: $BFNVG,144641.85,4218.001483,N,07105.997034,W,0,10.0,1.0,59.6,0.0,0.0,144641.85*64
2021-07-28 15:46:43,291 [INFO] Interpreted as: {'position': (4.1426577139645815, 2.644022644497454), 'latlon': (42.30002471666667, -71.09995056666666), 'heading': 59.6, 'depth': 1.0, 'altitude': 10.0, 'roll': 0.0, 'pitch': 0.0, 'last_fix_time': datetime.datetime(2021, 7, 28, 14, 46, 41), 'speed': None, 'rudder': 0, 'datum': (42.3, -71.1)}
2021-07-28 15:46:43,292 [INFO] Processing: $BFNVG,144642.19,4218.001586,N,07105.996820,W,0,10.0,1.0,57.5,0.0,0.0,144642.19*61
2021-07-28 15:46:43,294 [INFO] Interpreted as: {'position': (4.441371993510984, 2.827388944104314), 'latlon': (42.300026433333336, -71.099947), 'heading': 57.5, 'depth': 1.0, 'altitude': 10.0, 'roll': 0.0, 'pitch': 0.0, 'last_fix_time': datetime.datetime(2021, 7, 28, 14, 46, 42), 'speed': None, 'rudder': 0, 'datum': (42.3, -71.1)}
2021-07-28 15:46:43,294 [INFO] Received from Frontseat: [b'$BFNVG,144641.18,4218.001296,N,07105.997475,W,0,10.0,1.0,63.8,0.0,0.0,144641.18*60', b'$BFNVG,144641.52,4218.001386,N,07105.997252,W,0,10.0,1.0,61.7,0.0,0.0,144641.52*6E', b'$BFNVG,144641.85,4218.001483,N,07105.997034,W,0,10.0,1.0,59.6,0.0,0.0,144641.85*64', b'$BFNVG,144642.19,4218.001586,N,07105.996820,W,0,10.0,1.0,57.5,0.0,0.0,144642.19*61']
2021-07-28 15:46:43,295 [INFO] AUV state: {'position': (4.441371993510984, 2.827388944104314), 'latlon': (42.300026433333336, -71.099947), 'heading': 57.5, 'depth': 1.0, 'altitude': 10.0, 'roll': 0.0, 'pitch': 0.0, 'last_fix_time': datetime.datetime(2021, 7, 28, 14, 46, 42), 'speed': None, 'rudder': 0, 'datum': (42.3, -71.1)}
2021-07-28 15:46:43,707 [INFO] **** [] [(6.46969650513276, -16.419471716662212), (-22.940602301017723, -3.90770534939941), (-12.2198719318849, -2.7613448325260608)]
2021-07-28 15:46:43,709 [INFO] Next green buoy: [], next red buoy: [(6.46969650513276, -16.419471716662212), (-22.940602301017723, -3.90770534939941), (-12.2198719318849, -2.7613448325260608)]
2021-07-28 15:46:43,709 [INFO] Desired_heading: 63.96969650513276
2021-07-28 15:46:43,710 [INFO] sending message $BPRMB,144643.69,-19.40908951539828,,,1000,0,1*4c
...
2021-07-28 15:46:44,711 [INFO] sending message $BPSTS,144644.71,1,BWSI Autonomy OK*45
...
2021-07-28 15:46:44,712 [INFO] Processing: $BFNVG,144642.54,4218.001694,N,07105.996611,W,0,10.0,1.0,55.3,0.0,0.0,144642.54*69
2021-07-28 15:46:44,714 [INFO] Interpreted as: {'position': (4.73344521143008, 3.020178262144327), 'latlon': (42.300028233333336, -71.09994351666667), 'heading': 55.3, 'depth': 1.0, 'altitude': 10.0, 'roll': 0.0, 'pitch': 0.0, 'last_fix_time': datetime.datetime(2021, 7, 28, 14, 46, 42), 'speed': None, 'rudder': 0, 'datum': (42.3, -71.1)}
2021-07-28 15:46:44,715 [INFO] Processing: $BFNVG,144642.88,4218.001807,N,07105.996405,W,0,10.0,1.0,54.8,0.0,0.0,144642.88*60
2021-07-28 15:46:44,717 [INFO] Interpreted as: {'position': (5.021625131834298, 3.222322789952159), 'latlon': (42.30003011666667, -71.09994008333334), 'heading': 54.8, 'depth': 1.0, 'altitude': 10.0, 'roll': 0.0, 'pitch': 0.0, 'last_fix_time': datetime.datetime(2021, 7, 28, 14, 46, 42), 'speed': None, 'rudder': 0, 'datum': (42.3, -71.1)}
2021-07-28 15:46:44,718 [INFO] Processing: $BFNVG,144643.22,4218.001920,N,07105.996201,W,0,10.0,1.0,54.2,0.0,0.0,144643.22*6C
2021-07-28 15:46:44,720 [INFO] Interpreted as: {'position': (5.307057277124841, 3.4245351376011968), 'latlon': (42.300032, -71.09993668333334), 'heading': 54.2, 'depth': 1.0, 'altitude': 10.0, 'roll': 0.0, 'pitch': 0.0, 'last_fix_time': datetime.datetime(2021, 7, 28, 14, 46, 43), 'speed': None, 'rudder': 0, 'datum': (42.3, -71.1)}
2021-07-28 15:46:44,720 [INFO] Processing: $BFNVG,144643.56,4218.002036,N,07105.995999,W,0,10.0,1.0,53.7,0.0,0.0,144643.56*6A
2021-07-28 15:46:44,722 [INFO] Interpreted as: {'position': (5.5898786597535945, 3.6323673957958817), 'latlon': (42.30003393333333, -71.09993331666666), 'heading': 53.7, 'depth': 1.0, 'altitude': 10.0, 'roll': 0.0, 'pitch': 0.0, 'last_fix_time': datetime.datetime(2021, 7, 28, 14, 46, 43), 'speed': None, 'rudder': 0, 'datum': (42.3, -71.1)}
2021-07-28 15:46:44,723 [INFO] Received from Frontseat: [b'$BFNVG,144642.54,4218.001694,N,07105.996611,W,0,10.0,1.0,55.3,0.0,0.0,144642.54*69', b'$BFNVG,144642.88,4218.001807,N,07105.996405,W,0,10.0,1.0,54.8,0.0,0.0,144642.88*60', b'$BFNVG,144643.22,4218.001920,N,07105.996201,W,0,10.0,1.0,54.2,0.0,0.0,144643.22*6C', b'$BFNVG,144643.56,4218.002036,N,07105.995999,W,0,10.0,1.0,53.7,0.0,0.0,144643.56*6A']
2021-07-28 15:46:44,724 [INFO] AUV state: {'position': (5.5898786597535945, 3.6323673957958817), 'latlon': (42.30003393333333, -71.09993331666666), 'heading': 53.7, 'depth': 1.0, 'altitude': 10.0, 'roll': 0.0, 'pitch': 0.0, 'last_fix_time': datetime.datetime(2021, 7, 28, 14, 46, 43), 'speed': None, 'rudder': 0, 'datum': (42.3, -71.1)}
2021-07-28 15:46:45,166 [INFO] **** [] [(20.013924245167708, -23.609812463340084), (-20.53838352069584, -4.329329099219036), (-7.755073106487263, -3.091617300263482)]
2021-07-28 15:46:45,168 [INFO] Next green buoy: [], next red buoy: [(20.013924245167708, -23.609812463340084), (-20.53838352069584, -4.329329099219036), (-7.755073106487263, -3.091617300263482)]
2021-07-28 15:46:45,168 [INFO] Desired_heading: 73.7139242451677
2021-07-28 15:46:45,169 [INFO] sending message $BPRMB,144645.72,-25,,,1000,0,1*64
...
2021-07-28 15:46:46,170 [INFO] sending message $BPSTS,144646.17,1,BWSI Autonomy OK*47
...
2021-07-28 15:46:46,171 [INFO] Processing: $BFNVG,144643.90,4218.002153,N,07105.995797,W,0,10.0,1.0,53.1,0.0,0.0,144643.90*6E
2021-07-28 15:46:46,173 [INFO] Interpreted as: {'position': (5.872745696105994, 3.8420503614470363), 'latlon': (42.30003588333334, -71.09992995), 'heading': 53.1, 'depth': 1.0, 'altitude': 10.0, 'roll': 0.0, 'pitch': 0.0, 'last_fix_time': datetime.datetime(2021, 7, 28, 14, 46, 43), 'speed': None, 'rudder': 0, 'datum': (42.3, -71.1)}
2021-07-28 15:46:46,174 [INFO] Processing: $BFNVG,144644.24,4218.002269,N,07105.995594,W,0,10.0,1.0,54.8,0.0,0.0,144644.24*6B
2021-07-28 15:46:46,176 [INFO] Interpreted as: {'position': (6.156940921850037, 4.049848738126457), 'latlon': (42.300037816666666, -71.09992656666667), 'heading': 54.8, 'depth': 1.0, 'altitude': 10.0, 'roll': 0.0, 'pitch': 0.0, 'last_fix_time': datetime.datetime(2021, 7, 28, 14, 46, 44), 'speed': None, 'rudder': 0, 'datum': (42.3, -71.1)}
2021-07-28 15:46:46,177 [INFO] Processing: $BFNVG,144644.59,4218.002382,N,07105.995381,W,0,10.0,1.0,56.5,0.0,0.0,144644.59*62
2021-07-28 15:46:46,179 [INFO] Interpreted as: {'position': (6.454737912805285, 4.251755995675921), 'latlon': (42.3000397, -71.09992301666666), 'heading': 56.5, 'depth': 1.0, 'altitude': 10.0, 'roll': 0.0, 'pitch': 0.0, 'last_fix_time': datetime.datetime(2021, 7, 28, 14, 46, 44), 'speed': None, 'rudder': 0, 'datum': (42.3, -71.1)}
2021-07-28 15:46:46,179 [INFO] Processing: $BFNVG,144644.94,4218.002491,N,07105.995165,W,0,10.0,1.0,58.2,0.0,0.0,144644.94*66
2021-07-28 15:46:46,181 [INFO] Interpreted as: {'position': (6.756473837420344, 4.446158763952553), 'latlon': (42.30004151666667, -71.09991941666667), 'heading': 58.2, 'depth': 1.0, 'altitude': 10.0, 'roll': 0.0, 'pitch': 0.0, 'last_fix_time': datetime.datetime(2021, 7, 28, 14, 46, 44), 'speed': None, 'rudder': 0, 'datum': (42.3, -71.1)}
2021-07-28 15:46:46,182 [INFO] Received from Frontseat: [b'$BFNVG,144643.90,4218.002153,N,07105.995797,W,0,10.0,1.0,53.1,0.0,0.0,144643.90*6E', b'$BFNVG,144644.24,4218.002269,N,07105.995594,W,0,10.0,1.0,54.8,0.0,0.0,144644.24*6B', b'$BFNVG,144644.59,4218.002382,N,07105.995381,W,0,10.0,1.0,56.5,0.0,0.0,144644.59*62', b'$BFNVG,144644.94,4218.002491,N,07105.995165,W,0,10.0,1.0,58.2,0.0,0.0,144644.94*66']
2021-07-28 15:46:46,182 [INFO] AUV state: {'position': (6.756473837420344, 4.446158763952553), 'latlon': (42.30004151666667, -71.09991941666667), 'heading': 58.2, 'depth': 1.0, 'altitude': 10.0, 'roll': 0.0, 'pitch': 0.0, 'last_fix_time': datetime.datetime(2021, 7, 28, 14, 46, 44), 'speed': None, 'rudder': 0, 'datum': (42.3, -71.1)}
2021-07-28 15:46:46,530 [INFO] **** [] [(-28.637032066509647, -4.982592476165484), (-14.897686176382763, -3.289944425813687), (1.4627034984846963, -2.6712377149570905)]
2021-07-28 15:46:46,532 [INFO] Next green buoy: [], next red buoy: [(-28.637032066509647, -4.982592476165484), (-14.897686176382763, -3.289944425813687), (1.4627034984846963, -2.6712377149570905)]
2021-07-28 15:46:46,532 [INFO] Desired_heading: 29.562967933490356
2021-07-28 15:46:46,532 [INFO] sending message $BPRMB,144646.61,25,,,1000,0,1*48
...
2021-07-28 15:46:47,534 [INFO] sending message $BPSTS,144647.53,1,BWSI Autonomy OK*46
...
2021-07-28 15:46:47,535 [INFO] Processing: $BFNVG,144645.29,4218.002595,N,07105.994944,W,0,10.0,1.0,59.9,0.0,0.0,144645.29*63
2021-07-28 15:46:47,537 [INFO] Interpreted as: {'position': (7.064850792172365, 4.631138544529676), 'latlon': (42.30004325, -71.09991573333333), 'heading': 59.9, 'depth': 1.0, 'altitude': 10.0, 'roll': 0.0, 'pitch': 0.0, 'last_fix_time': datetime.datetime(2021, 7, 28, 14, 46, 45), 'speed': None, 'rudder': 0, 'datum': (42.3, -71.1)}
2021-07-28 15:46:47,537 [INFO] Processing: $BFNVG,144645.63,4218.002691,N,07105.994725,W,0,10.0,1.0,62.0,0.0,0.0,144645.63*6C
2021-07-28 15:46:47,539 [INFO] Interpreted as: {'position': (7.370114608784206, 4.801380567252636), 'latlon': (42.30004485, -71.09991208333334), 'heading': 62.0, 'depth': 1.0, 'altitude': 10.0, 'roll': 0.0, 'pitch': 0.0, 'last_fix_time': datetime.datetime(2021, 7, 28, 14, 46, 45), 'speed': None, 'rudder': 0, 'datum': (42.3, -71.1)}
2021-07-28 15:46:47,540 [INFO] Processing: $BFNVG,144645.98,4218.002783,N,07105.994494,W,0,10.0,1.0,64.2,0.0,0.0,144645.98*63
2021-07-28 15:46:47,542 [INFO] Interpreted as: {'position': (7.691682275268249, 4.963812969624996), 'latlon': (42.30004638333333, -71.09990823333334), 'heading': 64.2, 'depth': 1.0, 'altitude': 10.0, 'roll': 0.0, 'pitch': 0.0, 'last_fix_time': datetime.datetime(2021, 7, 28, 14, 46, 45), 'speed': None, 'rudder': 0, 'datum': (42.3, -71.1)}
2021-07-28 15:46:47,543 [INFO] Processing: $BFNVG,144646.32,4218.002867,N,07105.994265,W,0,10.0,1.0,66.3,0.0,0.0,144646.32*6D
2021-07-28 15:46:47,545 [INFO] Interpreted as: {'position': (8.010136810480617, 5.111507618799806), 'latlon': (42.30004778333333, -71.09990441666666), 'heading': 66.3, 'depth': 1.0, 'altitude': 10.0, 'roll': 0.0, 'pitch': 0.0, 'last_fix_time': datetime.datetime(2021, 7, 28, 14, 46, 46), 'speed': None, 'rudder': 0, 'datum': (42.3, -71.1)}
2021-07-28 15:46:47,545 [INFO] Received from Frontseat: [b'$BFNVG,144645.29,4218.002595,N,07105.994944,W,0,10.0,1.0,59.9,0.0,0.0,144645.29*63', b'$BFNVG,144645.63,4218.002691,N,07105.994725,W,0,10.0,1.0,62.0,0.0,0.0,144645.63*6C', b'$BFNVG,144645.98,4218.002783,N,07105.994494,W,0,10.0,1.0,64.2,0.0,0.0,144645.98*63', b'$BFNVG,144646.32,4218.002867,N,07105.994265,W,0,10.0,1.0,66.3,0.0,0.0,144646.32*6D']
2021-07-28 15:46:47,546 [INFO] AUV state: {'position': (8.010136810480617, 5.111507618799806), 'latlon': (42.30004778333333, -71.09990441666666), 'heading': 66.3, 'depth': 1.0, 'altitude': 10.0, 'roll': 0.0, 'pitch': 0.0, 'last_fix_time': datetime.datetime(2021, 7, 28, 14, 46, 46), 'speed': None, 'rudder': 0, 'datum': (42.3, -71.1)}
2021-07-28 15:46:47,904 [INFO] **** [] [(-26.85321362002198, -3.7227475573862665), (-10.303233969644566, -2.869455293384424)]
2021-07-28 15:46:47,906 [INFO] Next green buoy: [], next red buoy: [(-26.85321362002198, -3.7227475573862665), (-10.303233969644566, -2.869455293384424)]
2021-07-28 15:46:47,906 [INFO] Desired_heading: 39.44678637997802
2021-07-28 15:46:47,907 [INFO] sending message $BPRMB,144648.45,25,,,1000,0,1*40
...
2021-07-28 15:46:48,908 [INFO] sending message $BPSTS,144648.90,1,BWSI Autonomy OK*46
...
2021-07-28 15:46:48,909 [INFO] Processing: $BFNVG,144646.66,4218.002944,N,07105.994032,W,0,10.0,1.0,68.4,0.0,0.0,144646.66*64
2021-07-28 15:46:48,911 [INFO] Interpreted as: {'position': (8.33376715274062, 5.246111786924303), 'latlon': (42.300049066666666, -71.09990053333334), 'heading': 68.4, 'depth': 1.0, 'altitude': 10.0, 'roll': 0.0, 'pitch': 0.0, 'last_fix_time': datetime.datetime(2021, 7, 28, 14, 46, 46), 'speed': None, 'rudder': 0, 'datum': (42.3, -71.1)}
2021-07-28 15:46:48,912 [INFO] Processing: $BFNVG,144647.01,4218.003022,N,07105.993797,W,0,10.0,1.0,66.3,0.0,0.0,144647.01*6A
2021-07-28 15:46:48,914 [INFO] Interpreted as: {'position': (8.660190913476981, 5.382498862221837), 'latlon': (42.30005036666667, -71.09989661666667), 'heading': 66.3, 'depth': 1.0, 'altitude': 10.0, 'roll': 0.0, 'pitch': 0.0, 'last_fix_time': datetime.datetime(2021, 7, 28, 14, 46, 47), 'speed': None, 'rudder': 0, 'datum': (42.3, -71.1)}
2021-07-28 15:46:48,914 [INFO] Processing: $BFNVG,144647.35,4218.003105,N,07105.993569,W,0,10.0,1.0,64.2,0.0,0.0,144647.35*6E
2021-07-28 15:46:48,916 [INFO] Interpreted as: {'position': (8.97722585714655, 5.5283767599612474), 'latlon': (42.30005175, -71.09989281666667), 'heading': 64.2, 'depth': 1.0, 'altitude': 10.0, 'roll': 0.0, 'pitch': 0.0, 'last_fix_time': datetime.datetime(2021, 7, 28, 14, 46, 47), 'speed': None, 'rudder': 0, 'datum': (42.3, -71.1)}
2021-07-28 15:46:48,917 [INFO] Processing: $BFNVG,144647.69,4218.003195,N,07105.993344,W,0,10.0,1.0,62.0,0.0,0.0,144647.69*6A
2021-07-28 15:46:48,920 [INFO] Interpreted as: {'position': (9.290458839153871, 5.687311260029674), 'latlon': (42.30005325, -71.09988906666666), 'heading': 62.0, 'depth': 1.0, 'altitude': 10.0, 'roll': 0.0, 'pitch': 0.0, 'last_fix_time': datetime.datetime(2021, 7, 28, 14, 46, 47), 'speed': None, 'rudder': 0, 'datum': (42.3, -71.1)}
2021-07-28 15:46:48,920 [INFO] Received from Frontseat: [b'$BFNVG,144646.66,4218.002944,N,07105.994032,W,0,10.0,1.0,68.4,0.0,0.0,144646.66*64', b'$BFNVG,144647.01,4218.003022,N,07105.993797,W,0,10.0,1.0,66.3,0.0,0.0,144647.01*6A', b'$BFNVG,144647.35,4218.003105,N,07105.993569,W,0,10.0,1.0,64.2,0.0,0.0,144647.35*6E', b'$BFNVG,144647.69,4218.003195,N,07105.993344,W,0,10.0,1.0,62.0,0.0,0.0,144647.69*6A']
2021-07-28 15:46:48,921 [INFO] AUV state: {'position': (9.290458839153871, 5.687311260029674), 'latlon': (42.30005325, -71.09988906666666), 'heading': 62.0, 'depth': 1.0, 'altitude': 10.0, 'roll': 0.0, 'pitch': 0.0, 'last_fix_time': datetime.datetime(2021, 7, 28, 14, 46, 47), 'speed': None, 'rudder': 0, 'datum': (42.3, -71.1)}
2021-07-28 15:46:49,261 [INFO] **** [] [(-24.550187682774894, -4.12304386573112), (-5.219875590208036, -3.0748082103990235)]
2021-07-28 15:46:49,264 [INFO] Next green buoy: [], next red buoy: [(-24.550187682774894, -4.12304386573112), (-5.219875590208036, -3.0748082103990235)]
2021-07-28 15:46:49,264 [INFO] Desired_heading: 37.44981231722511
2021-07-28 15:46:49,265 [INFO] sending message $BPRMB,144649.36,25,,,1000,0,1*45
...
2021-07-28 15:46:50,266 [INFO] sending message $BPSTS,144650.26,1,BWSI Autonomy OK*42
...
2021-07-28 15:46:50,268 [INFO] Processing: $BFNVG,144648.03,4218.003292,N,07105.993123,W,0,10.0,1.0,59.9,0.0,0.0,144648.03*6C
2021-07-28 15:46:50,270 [INFO] Interpreted as: {'position': (9.598515981750097, 5.859336266294122), 'latlon': (42.30005486666666, -71.09988538333333), 'heading': 59.9, 'depth': 1.0, 'altitude': 10.0, 'roll': 0.0, 'pitch': 0.0, 'last_fix_time': datetime.datetime(2021, 7, 28, 14, 46, 48), 'speed': None, 'rudder': 0, 'datum': (42.3, -71.1)}
2021-07-28 15:46:50,271 [INFO] Processing: $BFNVG,144648.37,4218.003394,N,07105.992907,W,0,10.0,1.0,57.7,0.0,0.0,144648.37*64
2021-07-28 15:46:50,273 [INFO] Interpreted as: {'position': (9.899932059575804, 6.040784289129078), 'latlon': (42.30005656666667, -71.09988178333333), 'heading': 57.7, 'depth': 1.0, 'altitude': 10.0, 'roll': 0.0, 'pitch': 0.0, 'last_fix_time': datetime.datetime(2021, 7, 28, 14, 46, 48), 'speed': None, 'rudder': 0, 'datum': (42.3, -71.1)}
2021-07-28 15:46:50,274 [INFO] Processing: $BFNVG,144648.72,4218.003504,N,07105.992694,W,0,10.0,1.0,55.6,0.0,0.0,144648.72*6D
2021-07-28 15:46:50,276 [INFO] Interpreted as: {'position': (10.1975918461103, 6.237139608711004), 'latlon': (42.3000584, -71.09987823333333), 'heading': 55.6, 'depth': 1.0, 'altitude': 10.0, 'roll': 0.0, 'pitch': 0.0, 'last_fix_time': datetime.datetime(2021, 7, 28, 14, 46, 48), 'speed': None, 'rudder': 0, 'datum': (42.3, -71.1)}
2021-07-28 15:46:50,277 [INFO] Processing: $BFNVG,144649.06,4218.003619,N,07105.992487,W,0,10.0,1.0,53.4,0.0,0.0,144649.06*66
2021-07-28 15:46:50,279 [INFO] Interpreted as: {'position': (10.487236687564291, 6.442951844073832), 'latlon': (42.300060316666666, -71.09987478333333), 'heading': 53.4, 'depth': 1.0, 'altitude': 10.0, 'roll': 0.0, 'pitch': 0.0, 'last_fix_time': datetime.datetime(2021, 7, 28, 14, 46, 49), 'speed': None, 'rudder': 0, 'datum': (42.3, -71.1)}
2021-07-28 15:46:50,280 [INFO] Received from Frontseat: [b'$BFNVG,144648.03,4218.003292,N,07105.993123,W,0,10.0,1.0,59.9,0.0,0.0,144648.03*6C', b'$BFNVG,144648.37,4218.003394,N,07105.992907,W,0,10.0,1.0,57.7,0.0,0.0,144648.37*64', b'$BFNVG,144648.72,4218.003504,N,07105.992694,W,0,10.0,1.0,55.6,0.0,0.0,144648.72*6D', b'$BFNVG,144649.06,4218.003619,N,07105.992487,W,0,10.0,1.0,53.4,0.0,0.0,144649.06*66']
2021-07-28 15:46:50,281 [INFO] AUV state: {'position': (10.487236687564291, 6.442951844073832), 'latlon': (42.300060316666666, -71.09987478333333), 'heading': 53.4, 'depth': 1.0, 'altitude': 10.0, 'roll': 0.0, 'pitch': 0.0, 'last_fix_time': datetime.datetime(2021, 7, 28, 14, 46, 49), 'speed': None, 'rudder': 0, 'datum': (42.3, -71.1)}
2021-07-28 15:46:50,660 [INFO] **** [(-24.11532005324602, -3.967285674403821)] [(-16.26968981353939, -4.7230519331896375), (7.134294829744247, -3.4308134007912137)]
2021-07-28 15:46:50,662 [INFO] Next green buoy: [(-24.11532005324602, -3.967285674403821)], next red buoy: [(-16.26968981353939, -4.7230519331896375), (7.134294829744247, -3.4308134007912137)]
2021-07-28 15:46:50,662 [INFO] Desired_heading: 33.207495066607294
2021-07-28 15:46:50,663 [INFO] sending message $BPRMB,144651.16,25,,,1000,0,1*4e
...
2021-07-28 15:46:51,664 [INFO] sending message $BPSTS,144651.66,1,BWSI Autonomy OK*47
...
2021-07-28 15:46:51,669 [INFO] Processing: $BFNVG,144649.42,4218.003743,N,07105.992282,W,0,10.0,1.0,51.2,0.0,0.0,144649.42*6F
2021-07-28 15:46:51,670 [INFO] Interpreted as: {'position': (10.774544783344027, 6.665488172322512), 'latlon': (42.300062383333334, -71.09987136666666), 'heading': 51.2, 'depth': 1.0, 'altitude': 10.0, 'roll': 0.0, 'pitch': 0.0, 'last_fix_time': datetime.datetime(2021, 7, 28, 14, 46, 49), 'speed': None, 'rudder': 0, 'datum': (42.3, -71.1)}
2021-07-28 15:46:51,670 [INFO] Processing: $BFNVG,144649.77,4218.003873,N,07105.992083,W,0,10.0,1.0,49.0,0.0,0.0,144649.77*6B
2021-07-28 15:46:51,671 [INFO] Interpreted as: {'position': (11.053883601911366, 6.899332111701369), 'latlon': (42.30006455, -71.09986805), 'heading': 49.0, 'depth': 1.0, 'altitude': 10.0, 'roll': 0.0, 'pitch': 0.0, 'last_fix_time': datetime.datetime(2021, 7, 28, 14, 46, 49), 'speed': None, 'rudder': 0, 'datum': (42.3, -71.1)}
2021-07-28 15:46:51,671 [INFO] Processing: $BFNVG,144650.13,4218.004010,N,07105.991888,W,0,10.0,1.0,46.8,0.0,0.0,144650.13*66
2021-07-28 15:46:51,672 [INFO] Interpreted as: {'position': (11.328046572976746, 7.1462665516883135), 'latlon': (42.30006683333333, -71.0998648), 'heading': 46.8, 'depth': 1.0, 'altitude': 10.0, 'roll': 0.0, 'pitch': 0.0, 'last_fix_time': datetime.datetime(2021, 7, 28, 14, 46, 50), 'speed': None, 'rudder': 0, 'datum': (42.3, -71.1)}
2021-07-28 15:46:51,673 [INFO] Processing: $BFNVG,144650.48,4218.004150,N,07105.991705,W,0,10.0,1.0,44.6,0.0,0.0,144650.48*65
2021-07-28 15:46:51,674 [INFO] Interpreted as: {'position': (11.585859996965155, 7.399159926921129), 'latlon': (42.30006916666667, -71.09986175), 'heading': 44.6, 'depth': 1.0, 'altitude': 10.0, 'roll': 0.0, 'pitch': 0.0, 'last_fix_time': datetime.datetime(2021, 7, 28, 14, 46, 50), 'speed': None, 'rudder': 0, 'datum': (42.3, -71.1)}
2021-07-28 15:46:51,674 [INFO] Received from Frontseat: [b'$BFNVG,144649.42,4218.003743,N,07105.992282,W,0,10.0,1.0,51.2,0.0,0.0,144649.42*6F', b'$BFNVG,144649.77,4218.003873,N,07105.992083,W,0,10.0,1.0,49.0,0.0,0.0,144649.77*6B', b'$BFNVG,144650.13,4218.004010,N,07105.991888,W,0,10.0,1.0,46.8,0.0,0.0,144650.13*66', b'$BFNVG,144650.48,4218.004150,N,07105.991705,W,0,10.0,1.0,44.6,0.0,0.0,144650.48*65']
2021-07-28 15:46:51,674 [INFO] AUV state: {'position': (11.585859996965155, 7.399159926921129), 'latlon': (42.30006916666667, -71.09986175), 'heading': 44.6, 'depth': 1.0, 'altitude': 10.0, 'roll': 0.0, 'pitch': 0.0, 'last_fix_time': datetime.datetime(2021, 7, 28, 14, 46, 50), 'speed': None, 'rudder': 0, 'datum': (42.3, -71.1)}
2021-07-28 15:46:51,988 [INFO] **** [(-15.395596859780879, -4.5914387906386835)] [(-5.960535702733067, -5.474779022433837), (20.29328288935785, -3.7874918212221336)]
2021-07-28 15:46:51,991 [INFO] Next green buoy: [(-15.395596859780879, -4.5914387906386835)], next red buoy: [(-5.960535702733067, -5.474779022433837), (20.29328288935785, -3.7874918212221336)]
2021-07-28 15:46:51,991 [INFO] Desired_heading: 33.92193371874303
2021-07-28 15:46:51,992 [INFO] sending message $BPRMB,144652.16,25,,,1000,0,1*4d
...
2021-07-28 15:46:52,993 [INFO] sending message $BPSTS,144652.99,1,BWSI Autonomy OK*44
...
2021-07-28 15:46:52,995 [INFO] Processing: $BFNVG,144650.83,4218.004295,N,07105.991529,W,0,10.0,1.0,42.4,0.0,0.0,144650.83*67
2021-07-28 15:46:52,997 [INFO] Interpreted as: {'position': (11.834284596145153, 7.6615441190078855), 'latlon': (42.300071583333335, -71.09985881666667), 'heading': 42.4, 'depth': 1.0, 'altitude': 10.0, 'roll': 0.0, 'pitch': 0.0, 'last_fix_time': datetime.datetime(2021, 7, 28, 14, 46, 50), 'speed': None, 'rudder': 0, 'datum': (42.3, -71.1)}
2021-07-28 15:46:52,998 [INFO] Processing: $BFNVG,144651.19,4218.004448,N,07105.991357,W,0,10.0,1.0,40.1,0.0,0.0,144651.19*69
2021-07-28 15:46:53,000 [INFO] Interpreted as: {'position': (12.077579016447999, 7.938869504258037), 'latlon': (42.30007413333333, -71.09985595), 'heading': 40.1, 'depth': 1.0, 'altitude': 10.0, 'roll': 0.0, 'pitch': 0.0, 'last_fix_time': datetime.datetime(2021, 7, 28, 14, 46, 51), 'speed': None, 'rudder': 0, 'datum': (42.3, -71.1)}
2021-07-28 15:46:53,000 [INFO] Processing: $BFNVG,144651.54,4218.004603,N,07105.991196,W,0,10.0,1.0,37.9,0.0,0.0,144651.54*63
2021-07-28 15:46:53,003 [INFO] Interpreted as: {'position': (12.305852096527815, 8.220269221812487), 'latlon': (42.300076716666666, -71.09985326666667), 'heading': 37.9, 'depth': 1.0, 'altitude': 10.0, 'roll': 0.0, 'pitch': 0.0, 'last_fix_time': datetime.datetime(2021, 7, 28, 14, 46, 51), 'speed': None, 'rudder': 0, 'datum': (42.3, -71.1)}
2021-07-28 15:46:53,004 [INFO] Processing: $BFNVG,144651.90,4218.004764,N,07105.991042,W,0,10.0,1.0,35.7,0.0,0.0,144651.90*67
2021-07-28 15:46:53,006 [INFO] Interpreted as: {'position': (12.524782025779132, 8.513010447844863), 'latlon': (42.3000794, -71.0998507), 'heading': 35.7, 'depth': 1.0, 'altitude': 10.0, 'roll': 0.0, 'pitch': 0.0, 'last_fix_time': datetime.datetime(2021, 7, 28, 14, 46, 51), 'speed': None, 'rudder': 0, 'datum': (42.3, -71.1)}
2021-07-28 15:46:53,007 [INFO] Received from Frontseat: [b'$BFNVG,144650.83,4218.004295,N,07105.991529,W,0,10.0,1.0,42.4,0.0,0.0,144650.83*67', b'$BFNVG,144651.19,4218.004448,N,07105.991357,W,0,10.0,1.0,40.1,0.0,0.0,144651.19*69', b'$BFNVG,144651.54,4218.004603,N,07105.991196,W,0,10.0,1.0,37.9,0.0,0.0,144651.54*63', b'$BFNVG,144651.90,4218.004764,N,07105.991042,W,0,10.0,1.0,35.7,0.0,0.0,144651.90*67']
2021-07-28 15:46:53,007 [INFO] AUV state: {'position': (12.524782025779132, 8.513010447844863), 'latlon': (42.3000794, -71.0998507), 'heading': 35.7, 'depth': 1.0, 'altitude': 10.0, 'roll': 0.0, 'pitch': 0.0, 'last_fix_time': datetime.datetime(2021, 7, 28, 14, 46, 51), 'speed': None, 'rudder': 0, 'datum': (42.3, -71.1)}
2021-07-28 15:46:53,372 [INFO] **** [(-4.681657066485074, -5.362744627089122)] [(6.766793752729121, -6.5439262873976345)]
2021-07-28 15:46:53,375 [INFO] Next green buoy: [(-4.681657066485074, -5.362744627089122)], next red buoy: [(6.766793752729121, -6.5439262873976345)]
2021-07-28 15:46:53,375 [INFO] Desired_heading: 36.742568343122024
2021-07-28 15:46:53,376 [INFO] sending message $BPRMB,144653.82,-3.127705029366062,,,1000,0,1*4c
...
2021-07-28 15:46:54,377 [INFO] sending message $BPSTS,144654.37,1,BWSI Autonomy OK*46
...
2021-07-28 15:46:54,379 [INFO] Processing: $BFNVG,144652.25,4218.004928,N,07105.990897,W,0,10.0,1.0,33.5,0.0,0.0,144652.25*64
2021-07-28 15:46:54,381 [INFO] Interpreted as: {'position': (12.731484043993987, 8.811608894728124), 'latlon': (42.30008213333333, -71.09984828333333), 'heading': 33.5, 'depth': 1.0, 'altitude': 10.0, 'roll': 0.0, 'pitch': 0.0, 'last_fix_time': datetime.datetime(2021, 7, 28, 14, 46, 52), 'speed': None, 'rudder': 0, 'datum': (42.3, -71.1)}
2021-07-28 15:46:54,382 [INFO] Processing: $BFNVG,144652.61,4218.005097,N,07105.990761,W,0,10.0,1.0,31.3,0.0,0.0,144652.61*6A
2021-07-28 15:46:54,383 [INFO] Interpreted as: {'position': (12.926049485686235, 9.119765956886113), 'latlon': (42.30008495, -71.09984601666666), 'heading': 31.3, 'depth': 1.0, 'altitude': 10.0, 'roll': 0.0, 'pitch': 0.0, 'last_fix_time': datetime.datetime(2021, 7, 28, 14, 46, 52), 'speed': None, 'rudder': 0, 'datum': (42.3, -71.1)}
2021-07-28 15:46:54,384 [INFO] Processing: $BFNVG,144652.96,4218.005269,N,07105.990634,W,0,10.0,1.0,29.1,0.0,0.0,144652.96*63
2021-07-28 15:46:54,386 [INFO] Interpreted as: {'position': (13.108387014362961, 9.433780237101018), 'latlon': (42.30008781666667, -71.0998439), 'heading': 29.1, 'depth': 1.0, 'altitude': 10.0, 'roll': 0.0, 'pitch': 0.0, 'last_fix_time': datetime.datetime(2021, 7, 28, 14, 46, 52), 'speed': None, 'rudder': 0, 'datum': (42.3, -71.1)}
2021-07-28 15:46:54,388 [INFO] Processing: $BFNVG,144653.31,4218.005445,N,07105.990515,W,0,10.0,1.0,26.8,0.0,0.0,144653.31*6D
2021-07-28 15:46:54,390 [INFO] Interpreted as: {'position': (13.279916182043962, 9.755468531511724), 'latlon': (42.30009075, -71.09984191666666), 'heading': 26.8, 'depth': 1.0, 'altitude': 10.0, 'roll': 0.0, 'pitch': 0.0, 'last_fix_time': datetime.datetime(2021, 7, 28, 14, 46, 53), 'speed': None, 'rudder': 0, 'datum': (42.3, -71.1)}
2021-07-28 15:46:54,391 [INFO] Received from Frontseat: [b'$BFNVG,144652.25,4218.004928,N,07105.990897,W,0,10.0,1.0,33.5,0.0,0.0,144652.25*64', b'$BFNVG,144652.61,4218.005097,N,07105.990761,W,0,10.0,1.0,31.3,0.0,0.0,144652.61*6A', b'$BFNVG,144652.96,4218.005269,N,07105.990634,W,0,10.0,1.0,29.1,0.0,0.0,144652.96*63', b'$BFNVG,144653.31,4218.005445,N,07105.990515,W,0,10.0,1.0,26.8,0.0,0.0,144653.31*6D']
2021-07-28 15:46:54,391 [INFO] AUV state: {'position': (13.279916182043962, 9.755468531511724), 'latlon': (42.30009075, -71.09984191666666), 'heading': 26.8, 'depth': 1.0, 'altitude': 10.0, 'roll': 0.0, 'pitch': 0.0, 'last_fix_time': datetime.datetime(2021, 7, 28, 14, 46, 53), 'speed': None, 'rudder': 0, 'datum': (42.3, -71.1)}
2021-07-28 15:46:54,734 [INFO] **** [(8.120207279788907, -6.367599311841974)] [(21.49493976393314, -8.090662218748003)]
2021-07-28 15:46:54,736 [INFO] Next green buoy: [(8.120207279788907, -6.367599311841974)], next red buoy: [(21.49493976393314, -8.090662218748003)]
2021-07-28 15:46:54,736 [INFO] Desired_heading: 41.60757352186103
2021-07-28 15:46:54,737 [INFO] sending message $BPRMB,144654.92,-25,,,1000,0,1*6a
...
2021-07-28 15:46:55,739 [INFO] sending message $BPSTS,144655.73,1,BWSI Autonomy OK*47
...
2021-07-28 15:46:55,740 [INFO] Processing: $BFNVG,144653.67,4218.005626,N,07105.990405,W,0,10.0,1.0,24.6,0.0,0.0,144653.67*66
2021-07-28 15:46:55,742 [INFO] Interpreted as: {'position': (13.439308778673876, 10.086715435609221), 'latlon': (42.30009376666667, -71.09984008333333), 'heading': 24.6, 'depth': 1.0, 'altitude': 10.0, 'roll': 0.0, 'pitch': 0.0, 'last_fix_time': datetime.datetime(2021, 7, 28, 14, 46, 53), 'speed': None, 'rudder': 0, 'datum': (42.3, -71.1)}
2021-07-28 15:46:55,743 [INFO] Processing: $BFNVG,144654.04,4218.005815,N,07105.990295,W,0,10.0,1.0,24.9,0.0,0.0,144654.04*68
2021-07-28 15:46:55,745 [INFO] Interpreted as: {'position': (13.599066708353348, 10.432767920196056), 'latlon': (42.30009691666667, -71.09983825), 'heading': 24.9, 'depth': 1.0, 'altitude': 10.0, 'roll': 0.0, 'pitch': 0.0, 'last_fix_time': datetime.datetime(2021, 7, 28, 14, 46, 54), 'speed': None, 'rudder': 0, 'datum': (42.3, -71.1)}
2021-07-28 15:46:55,746 [INFO] Processing: $BFNVG,144654.39,4218.005994,N,07105.990190,W,0,10.0,1.0,25.2,0.0,0.0,144654.39*6C
2021-07-28 15:46:55,748 [INFO] Interpreted as: {'position': (13.751498551340774, 10.760482949204743), 'latlon': (42.3000999, -71.0998365), 'heading': 25.2, 'depth': 1.0, 'altitude': 10.0, 'roll': 0.0, 'pitch': 0.0, 'last_fix_time': datetime.datetime(2021, 7, 28, 14, 46, 54), 'speed': None, 'rudder': 0, 'datum': (42.3, -71.1)}
2021-07-28 15:46:55,749 [INFO] Processing: $BFNVG,144654.76,4218.006181,N,07105.990078,W,0,10.0,1.0,25.5,0.0,0.0,144654.76*63
2021-07-28 15:46:55,751 [INFO] Interpreted as: {'position': (13.913912870571949, 11.102766240946949), 'latlon': (42.30010301666667, -71.09983463333333), 'heading': 25.5, 'depth': 1.0, 'altitude': 10.0, 'roll': 0.0, 'pitch': 0.0, 'last_fix_time': datetime.datetime(2021, 7, 28, 14, 46, 54), 'speed': None, 'rudder': 0, 'datum': (42.3, -71.1)}
2021-07-28 15:46:55,752 [INFO] Received from Frontseat: [b'$BFNVG,144653.67,4218.005626,N,07105.990405,W,0,10.0,1.0,24.6,0.0,0.0,144653.67*66', b'$BFNVG,144654.04,4218.005815,N,07105.990295,W,0,10.0,1.0,24.9,0.0,0.0,144654.04*68', b'$BFNVG,144654.39,4218.005994,N,07105.990190,W,0,10.0,1.0,25.2,0.0,0.0,144654.39*6C', b'$BFNVG,144654.76,4218.006181,N,07105.990078,W,0,10.0,1.0,25.5,0.0,0.0,144654.76*63']
2021-07-28 15:46:55,753 [INFO] AUV state: {'position': (13.913912870571949, 11.102766240946949), 'latlon': (42.30010301666667, -71.09983463333333), 'heading': 25.5, 'depth': 1.0, 'altitude': 10.0, 'roll': 0.0, 'pitch': 0.0, 'last_fix_time': datetime.datetime(2021, 7, 28, 14, 46, 54), 'speed': None, 'rudder': 0, 'datum': (42.3, -71.1)}
2021-07-28 15:46:56,130 [INFO] **** [(12.426742582132713, -7.978047723849992)] [(29.54874666968261, -10.679887787784908)]
2021-07-28 15:46:56,132 [INFO] Next green buoy: [(12.426742582132713, -7.978047723849992)], next red buoy: [(29.54874666968261, -10.679887787784908)]
2021-07-28 15:46:56,133 [INFO] Desired_heading: 46.487744625907666
2021-07-28 15:46:56,133 [INFO] sending message $BPRMB,144656.54,-25,,,1000,0,1*62
...
2021-07-28 15:46:57,135 [INFO] sending message $BPSTS,144657.13,1,BWSI Autonomy OK*43
...
2021-07-28 15:46:57,141 [INFO] Processing: $BFNVG,144655.13,4218.006370,N,07105.989964,W,0,10.0,1.0,25.8,0.0,0.0,144655.13*6E
2021-07-28 15:46:57,143 [INFO] Interpreted as: {'position': (14.079166269220877, 11.448683125898242), 'latlon': (42.300106166666666, -71.09983273333333), 'heading': 25.8, 'depth': 1.0, 'altitude': 10.0, 'roll': 0.0, 'pitch': 0.0, 'last_fix_time': datetime.datetime(2021, 7, 28, 14, 46, 55), 'speed': None, 'rudder': 0, 'datum': (42.3, -71.1)}
2021-07-28 15:46:57,144 [INFO] Processing: $BFNVG,144655.49,4218.006550,N,07105.989848,W,0,10.0,1.0,28.0,0.0,0.0,144655.49*60
2021-07-28 15:46:57,146 [INFO] Interpreted as: {'position': (14.246756391017698, 11.77787593845278), 'latlon': (42.300109166666665, -71.0998308), 'heading': 28.0, 'depth': 1.0, 'altitude': 10.0, 'roll': 0.0, 'pitch': 0.0, 'last_fix_time': datetime.datetime(2021, 7, 28, 14, 46, 55), 'speed': None, 'rudder': 0, 'datum': (42.3, -71.1)}
2021-07-28 15:46:57,147 [INFO] Processing: $BFNVG,144655.85,4218.006724,N,07105.989725,W,0,10.0,1.0,30.2,0.0,0.0,144655.85*6E
2021-07-28 15:46:57,149 [INFO] Interpreted as: {'position': (14.423689628951252, 12.09572725277394), 'latlon': (42.300112066666664, -71.09982875), 'heading': 30.2, 'depth': 1.0, 'altitude': 10.0, 'roll': 0.0, 'pitch': 0.0, 'last_fix_time': datetime.datetime(2021, 7, 28, 14, 46, 55), 'speed': None, 'rudder': 0, 'datum': (42.3, -71.1)}
2021-07-28 15:46:57,151 [INFO] Received from Frontseat: [b'$BFNVG,144655.13,4218.006370,N,07105.989964,W,0,10.0,1.0,25.8,0.0,0.0,144655.13*6E', b'$BFNVG,144655.49,4218.006550,N,07105.989848,W,0,10.0,1.0,28.0,0.0,0.0,144655.49*60', b'$BFNVG,144655.85,4218.006724,N,07105.989725,W,0,10.0,1.0,30.2,0.0,0.0,144655.85*6E']
2021-07-28 15:46:57,152 [INFO] AUV state: {'position': (14.423689628951252, 12.09572725277394), 'latlon': (42.300112066666664, -71.09982875), 'heading': 30.2, 'depth': 1.0, 'altitude': 10.0, 'roll': 0.0, 'pitch': 0.0, 'last_fix_time': datetime.datetime(2021, 7, 28, 14, 46, 55), 'speed': None, 'rudder': 0, 'datum': (42.3, -71.1)}
2021-07-28 15:46:57,517 [INFO] **** [(8.072728284746242, -9.814923208312221)] []
2021-07-28 15:46:57,519 [INFO] Next green buoy: [(8.072728284746242, -9.814923208312221)], next red buoy: []
2021-07-28 15:46:57,519 [INFO] Desired_heading: 38.27272828474624
2021-07-28 15:46:57,520 [INFO] sending message $BPRMB,144657.72,-24.218184854238732,,,1000,0,1*78
...
2021-07-28 15:46:58,521 [INFO] sending message $BPSTS,144658.52,1,BWSI Autonomy OK*49
...
2021-07-28 15:46:58,523 [INFO] Processing: $BFNVG,144656.20,4218.006895,N,07105.989593,W,0,10.0,1.0,32.4,0.0,0.0,144656.20*60
2021-07-28 15:46:58,525 [INFO] Interpreted as: {'position': (14.612850739969872, 12.407721361145377), 'latlon': (42.300114916666665, -71.09982655), 'heading': 32.4, 'depth': 1.0, 'altitude': 10.0, 'roll': 0.0, 'pitch': 0.0, 'last_fix_time': datetime.datetime(2021, 7, 28, 14, 46, 56), 'speed': None, 'rudder': 0, 'datum': (42.3, -71.1)}
2021-07-28 15:46:58,526 [INFO] Processing: $BFNVG,144656.55,4218.007060,N,07105.989453,W,0,10.0,1.0,34.6,0.0,0.0,144656.55*6A
2021-07-28 15:46:58,528 [INFO] Interpreted as: {'position': (14.812728846911341, 12.708340073004365), 'latlon': (42.300117666666665, -71.09982421666666), 'heading': 34.6, 'depth': 1.0, 'altitude': 10.0, 'roll': 0.0, 'pitch': 0.0, 'last_fix_time': datetime.datetime(2021, 7, 28, 14, 46, 56), 'speed': None, 'rudder': 0, 'datum': (42.3, -71.1)}
2021-07-28 15:46:58,529 [INFO] Processing: $BFNVG,144656.91,4218.007223,N,07105.989303,W,0,10.0,1.0,36.8,0.0,0.0,144656.91*61
2021-07-28 15:46:58,531 [INFO] Interpreted as: {'position': (15.026254368247464, 13.004918375052512), 'latlon': (42.300120383333336, -71.09982171666667), 'heading': 36.8, 'depth': 1.0, 'altitude': 10.0, 'roll': 0.0, 'pitch': 0.0, 'last_fix_time': datetime.datetime(2021, 7, 28, 14, 46, 56), 'speed': None, 'rudder': 0, 'datum': (42.3, -71.1)}
2021-07-28 15:46:58,532 [INFO] Processing: $BFNVG,144657.27,4218.007387,N,07105.989139,W,0,10.0,1.0,39.2,0.0,0.0,144657.27*60
2021-07-28 15:46:58,534 [INFO] Interpreted as: {'position': (15.259059824282303, 13.302872749976814), 'latlon': (42.30012311666667, -71.09981898333334), 'heading': 39.2, 'depth': 1.0, 'altitude': 10.0, 'roll': 0.0, 'pitch': 0.0, 'last_fix_time': datetime.datetime(2021, 7, 28, 14, 46, 57), 'speed': None, 'rudder': 0, 'datum': (42.3, -71.1)}
2021-07-28 15:46:58,535 [INFO] Received from Frontseat: [b'$BFNVG,144656.20,4218.006895,N,07105.989593,W,0,10.0,1.0,32.4,0.0,0.0,144656.20*60', b'$BFNVG,144656.55,4218.007060,N,07105.989453,W,0,10.0,1.0,34.6,0.0,0.0,144656.55*6A', b'$BFNVG,144656.91,4218.007223,N,07105.989303,W,0,10.0,1.0,36.8,0.0,0.0,144656.91*61', b'$BFNVG,144657.27,4218.007387,N,07105.989139,W,0,10.0,1.0,39.2,0.0,0.0,144657.27*60']
2021-07-28 15:46:58,536 [INFO] AUV state: {'position': (15.259059824282303, 13.302872749976814), 'latlon': (42.30012311666667, -71.09981898333334), 'heading': 39.2, 'depth': 1.0, 'altitude': 10.0, 'roll': 0.0, 'pitch': 0.0, 'last_fix_time': datetime.datetime(2021, 7, 28, 14, 46, 57), 'speed': None, 'rudder': 0, 'datum': (42.3, -71.1)}
2021-07-28 15:46:58,896 [INFO] **** [(-4.024803353724708, -14.018503463999803)] [(-3.5381374910412537, -13.372983279684567)]
2021-07-28 15:46:58,898 [INFO] Next green buoy: [(-4.024803353724708, -14.018503463999803)], next red buoy: [(-3.5381374910412537, -13.372983279684567)]
2021-07-28 15:46:58,899 [INFO] Desired_heading: 35.41852957761702
2021-07-28 15:46:58,899 [INFO] sending message $BPRMB,144659.32,11.344411267148928,,,1000,0,1*53
...
2021-07-28 15:46:59,901 [INFO] sending message $BPSTS,144659.90,1,BWSI Autonomy OK*46
...
2021-07-28 15:46:59,902 [INFO] Processing: $BFNVG,144657.65,4218.007549,N,07105.988963,W,0,10.0,1.0,41.5,0.0,0.0,144657.65*6A
2021-07-28 15:46:59,904 [INFO] Interpreted as: {'position': (15.508260447299108, 13.596718912944198), 'latlon': (42.300125816666664, -71.09981605), 'heading': 41.5, 'depth': 1.0, 'altitude': 10.0, 'roll': 0.0, 'pitch': 0.0, 'last_fix_time': datetime.datetime(2021, 7, 28, 14, 46, 57), 'speed': None, 'rudder': 0, 'datum': (42.3, -71.1)}
2021-07-28 15:46:59,905 [INFO] Processing: $BFNVG,144658.01,4218.007700,N,07105.988786,W,0,10.0,1.0,43.7,0.0,0.0,144658.01*60
2021-07-28 15:46:59,907 [INFO] Interpreted as: {'position': (15.758332577475812, 13.870173514820635), 'latlon': (42.30012833333333, -71.0998131), 'heading': 43.7, 'depth': 1.0, 'altitude': 10.0, 'roll': 0.0, 'pitch': 0.0, 'last_fix_time': datetime.datetime(2021, 7, 28, 14, 46, 58), 'speed': None, 'rudder': 0, 'datum': (42.3, -71.1)}
2021-07-28 15:46:59,908 [INFO] Processing: $BFNVG,144658.36,4218.007843,N,07105.988603,W,0,10.0,1.0,45.8,0.0,0.0,144658.36*6D
2021-07-28 15:46:59,910 [INFO] Interpreted as: {'position': (16.01628260780126, 14.12861913535744), 'latlon': (42.300130716666665, -71.09981005), 'heading': 45.8, 'depth': 1.0, 'altitude': 10.0, 'roll': 0.0, 'pitch': 0.0, 'last_fix_time': datetime.datetime(2021, 7, 28, 14, 46, 58), 'speed': None, 'rudder': 0, 'datum': (42.3, -71.1)}
2021-07-28 15:46:59,911 [INFO] Processing: $BFNVG,144658.72,4218.007980,N,07105.988415,W,0,10.0,1.0,48.0,0.0,0.0,144658.72*63
2021-07-28 15:46:59,914 [INFO] Interpreted as: {'position': (16.28082799585536, 14.375791073776782), 'latlon': (42.300133, -71.09980691666667), 'heading': 48.0, 'depth': 1.0, 'altitude': 10.0, 'roll': 0.0, 'pitch': 0.0, 'last_fix_time': datetime.datetime(2021, 7, 28, 14, 46, 58), 'speed': None, 'rudder': 0, 'datum': (42.3, -71.1)}
2021-07-28 15:46:59,915 [INFO] Received from Frontseat: [b'$BFNVG,144657.65,4218.007549,N,07105.988963,W,0,10.0,1.0,41.5,0.0,0.0,144657.65*6A', b'$BFNVG,144658.01,4218.007700,N,07105.988786,W,0,10.0,1.0,43.7,0.0,0.0,144658.01*60', b'$BFNVG,144658.36,4218.007843,N,07105.988603,W,0,10.0,1.0,45.8,0.0,0.0,144658.36*6D', b'$BFNVG,144658.72,4218.007980,N,07105.988415,W,0,10.0,1.0,48.0,0.0,0.0,144658.72*63']
2021-07-28 15:46:59,915 [INFO] AUV state: {'position': (16.28082799585536, 14.375791073776782), 'latlon': (42.300133, -71.09980691666667), 'heading': 48.0, 'depth': 1.0, 'altitude': 10.0, 'roll': 0.0, 'pitch': 0.0, 'last_fix_time': datetime.datetime(2021, 7, 28, 14, 46, 58), 'speed': None, 'rudder': 0, 'datum': (42.3, -71.1)}
2021-07-28 15:47:00,313 [INFO] **** [(-22.274819267122016, -23.725145075615483)] [(-21.428782440267053, -23.585571450520934)]
2021-07-28 15:47:00,315 [INFO] Next green buoy: [(-22.274819267122016, -23.725145075615483)], next red buoy: [(-21.428782440267053, -23.585571450520934)]
2021-07-28 15:47:00,315 [INFO] Desired_heading: 26.148199146305465
2021-07-28 15:47:00,316 [INFO] sending message $BPRMB,144700.48,25,,,1000,0,1*40
...
2021-07-28 15:47:01,317 [INFO] sending message $BPSTS,144701.31,1,BWSI Autonomy OK*41
...
2021-07-28 15:47:01,319 [INFO] Processing: $BFNVG,144659.07,4218.008112,N,07105.988221,W,0,10.0,1.0,50.1,0.0,0.0,144659.07*66
2021-07-28 15:47:01,321 [INFO] Interpreted as: {'position': (16.553388284693938, 14.613506122492254), 'latlon': (42.3001352, -71.09980368333333), 'heading': 50.1, 'depth': 1.0, 'altitude': 10.0, 'roll': 0.0, 'pitch': 0.0, 'last_fix_time': datetime.datetime(2021, 7, 28, 14, 46, 59), 'speed': None, 'rudder': 0, 'datum': (42.3, -71.1)}
2021-07-28 15:47:01,322 [INFO] Processing: $BFNVG,144659.42,4218.008244,N,07105.988023,W,0,10.0,1.0,49.1,0.0,0.0,144659.42*6E
2021-07-28 15:47:01,324 [INFO] Interpreted as: {'position': (16.831444066599943, 14.851085574366152), 'latlon': (42.3001374, -71.09980038333333), 'heading': 49.1, 'depth': 1.0, 'altitude': 10.0, 'roll': 0.0, 'pitch': 0.0, 'last_fix_time': datetime.datetime(2021, 7, 28, 14, 46, 59), 'speed': None, 'rudder': 0, 'datum': (42.3, -71.1)}
2021-07-28 15:47:01,324 [INFO] Processing: $BFNVG,144659.79,4218.008383,N,07105.987821,W,0,10.0,1.0,48.0,0.0,0.0,144659.79*61
2021-07-28 15:47:01,326 [INFO] Interpreted as: {'position': (17.115315007104073, 15.101484309881926), 'latlon': (42.30013971666666, -71.09979701666667), 'heading': 48.0, 'depth': 1.0, 'altitude': 10.0, 'roll': 0.0, 'pitch': 0.0, 'last_fix_time': datetime.datetime(2021, 7, 28, 14, 46, 59), 'speed': None, 'rudder': 0, 'datum': (42.3, -71.1)}
2021-07-28 15:47:01,327 [INFO] Processing: $BFNVG,144700.15,4218.008522,N,07105.987626,W,0,10.0,1.0,47.0,0.0,0.0,144700.15*6A
2021-07-28 15:47:01,329 [INFO] Interpreted as: {'position': (17.389568792656064, 15.352120369672775), 'latlon': (42.30014203333333, -71.09979376666666), 'heading': 47.0, 'depth': 1.0, 'altitude': 10.0, 'roll': 0.0, 'pitch': 0.0, 'last_fix_time': datetime.datetime(2021, 7, 28, 14, 47), 'speed': None, 'rudder': 0, 'datum': (42.3, -71.1)}
2021-07-28 15:47:01,331 [INFO] Received from Frontseat: [b'$BFNVG,144659.07,4218.008112,N,07105.988221,W,0,10.0,1.0,50.1,0.0,0.0,144659.07*66', b'$BFNVG,144659.42,4218.008244,N,07105.988023,W,0,10.0,1.0,49.1,0.0,0.0,144659.42*6E', b'$BFNVG,144659.79,4218.008383,N,07105.987821,W,0,10.0,1.0,48.0,0.0,0.0,144659.79*61', b'$BFNVG,144700.15,4218.008522,N,07105.987626,W,0,10.0,1.0,47.0,0.0,0.0,144700.15*6A']
2021-07-28 15:47:01,331 [INFO] AUV state: {'position': (17.389568792656064, 15.352120369672775), 'latlon': (42.30014203333333, -71.09979376666666), 'heading': 47.0, 'depth': 1.0, 'altitude': 10.0, 'roll': 0.0, 'pitch': 0.0, 'last_fix_time': datetime.datetime(2021, 7, 28, 14, 47), 'speed': None, 'rudder': 0, 'datum': (42.3, -71.1)}
2021-07-28 15:47:01,677 [INFO] **** [] []
2021-07-28 15:47:01,679 [INFO] Next green buoy: [], next red buoy: []
2021-07-28 15:47:01,679 [INFO] Desired_heading: 47.0
2021-07-28 15:47:01,680 [INFO] sending message $BPRMB,144702.15,-0.0,,,1000,0,1*4e
...
2021-07-28 15:47:02,682 [INFO] sending message $BPSTS,144702.68,1,BWSI Autonomy OK*4e
...
2021-07-28 15:47:02,687 [INFO] Processing: $BFNVG,144700.50,4218.008660,N,07105.987439,W,0,10.0,1.0,46.0,0.0,0.0,144700.50*62
2021-07-28 15:47:02,689 [INFO] Interpreted as: {'position': (17.65278587793, 15.601176955737174), 'latlon': (42.300144333333336, -71.09979065), 'heading': 46.0, 'depth': 1.0, 'altitude': 10.0, 'roll': 0.0, 'pitch': 0.0, 'last_fix_time': datetime.datetime(2021, 7, 28, 14, 47), 'speed': None, 'rudder': 0, 'datum': (42.3, -71.1)}
2021-07-28 15:47:02,690 [INFO] Processing: $BFNVG,144700.86,4218.008804,N,07105.987256,W,0,10.0,1.0,43.8,0.0,0.0,144700.86*6C
2021-07-28 15:47:02,692 [INFO] Interpreted as: {'position': (17.910781441780273, 15.861473339609802), 'latlon': (42.300146733333335, -71.0997876), 'heading': 43.8, 'depth': 1.0, 'altitude': 10.0, 'roll': 0.0, 'pitch': 0.0, 'last_fix_time': datetime.datetime(2021, 7, 28, 14, 47), 'speed': None, 'rudder': 0, 'datum': (42.3, -71.1)}
2021-07-28 15:47:02,693 [INFO] Processing: $BFNVG,144701.21,4218.008950,N,07105.987082,W,0,10.0,1.0,41.6,0.0,0.0,144701.21*6B
2021-07-28 15:47:02,695 [INFO] Interpreted as: {'position': (18.15650343289599, 16.125776240602136), 'latlon': (42.300149166666664, -71.0997847), 'heading': 41.6, 'depth': 1.0, 'altitude': 10.0, 'roll': 0.0, 'pitch': 0.0, 'last_fix_time': datetime.datetime(2021, 7, 28, 14, 47, 1), 'speed': None, 'rudder': 0, 'datum': (42.3, -71.1)}
2021-07-28 15:47:02,696 [INFO] Processing: $BFNVG,144701.58,4218.009110,N,07105.986908,W,0,10.0,1.0,39.3,0.0,0.0,144701.58*66
2021-07-28 15:47:02,698 [INFO] Interpreted as: {'position': (18.402864752686583, 16.41598891094327), 'latlon': (42.30015183333333, -71.0997818), 'heading': 39.3, 'depth': 1.0, 'altitude': 10.0, 'roll': 0.0, 'pitch': 0.0, 'last_fix_time': datetime.datetime(2021, 7, 28, 14, 47, 1), 'speed': None, 'rudder': 0, 'datum': (42.3, -71.1)}
2021-07-28 15:47:02,699 [INFO] Received from Frontseat: [b'$BFNVG,144700.50,4218.008660,N,07105.987439,W,0,10.0,1.0,46.0,0.0,0.0,144700.50*62', b'$BFNVG,144700.86,4218.008804,N,07105.987256,W,0,10.0,1.0,43.8,0.0,0.0,144700.86*6C', b'$BFNVG,144701.21,4218.008950,N,07105.987082,W,0,10.0,1.0,41.6,0.0,0.0,144701.21*6B', b'$BFNVG,144701.58,4218.009110,N,07105.986908,W,0,10.0,1.0,39.3,0.0,0.0,144701.58*66']
2021-07-28 15:47:02,700 [INFO] AUV state: {'position': (18.402864752686583, 16.41598891094327), 'latlon': (42.30015183333333, -71.0997818), 'heading': 39.3, 'depth': 1.0, 'altitude': 10.0, 'roll': 0.0, 'pitch': 0.0, 'last_fix_time': datetime.datetime(2021, 7, 28, 14, 47, 1), 'speed': None, 'rudder': 0, 'datum': (42.3, -71.1)}
2021-07-28 15:47:03,046 [INFO] **** [] []
2021-07-28 15:47:03,048 [INFO] Next green buoy: [], next red buoy: []
2021-07-28 15:47:03,049 [INFO] Desired_heading: 39.3
2021-07-28 15:47:03,049 [INFO] sending message $BPRMB,144703.20,-0.0,,,1000,0,1*49
...
2021-07-28 15:47:04,051 [INFO] sending message $BPSTS,144704.05,1,BWSI Autonomy OK*43
...
2021-07-28 15:47:04,052 [INFO] Processing: $BFNVG,144701.95,4218.009276,N,07105.986742,W,0,10.0,1.0,36.9,0.0,0.0,144701.95*60
2021-07-28 15:47:04,054 [INFO] Interpreted as: {'position': (18.63850904337596, 16.717576982453465), 'latlon': (42.3001546, -71.09977903333333), 'heading': 36.9, 'depth': 1.0, 'altitude': 10.0, 'roll': 0.0, 'pitch': 0.0, 'last_fix_time': datetime.datetime(2021, 7, 28, 14, 47, 1), 'speed': None, 'rudder': 0, 'datum': (42.3, -71.1)}
2021-07-28 15:47:04,055 [INFO] Processing: $BFNVG,144702.31,4218.009436,N,07105.986587,W,0,10.0,1.0,36.9,0.0,0.0,144702.31*69
2021-07-28 15:47:04,057 [INFO] Interpreted as: {'position': (18.858766672492493, 17.008433796465397), 'latlon': (42.300157266666666, -71.09977645), 'heading': 36.9, 'depth': 1.0, 'altitude': 10.0, 'roll': 0.0, 'pitch': 0.0, 'last_fix_time': datetime.datetime(2021, 7, 28, 14, 47, 2), 'speed': None, 'rudder': 0, 'datum': (42.3, -71.1)}
2021-07-28 15:47:04,057 [INFO] Processing: $BFNVG,144702.66,4218.009595,N,07105.986434,W,0,10.0,1.0,36.9,0.0,0.0,144702.66*68
2021-07-28 15:47:04,059 [INFO] Interpreted as: {'position': (19.076230861945078, 17.29750772099942), 'latlon': (42.300159916666665, -71.0997739), 'heading': 36.9, 'depth': 1.0, 'altitude': 10.0, 'roll': 0.0, 'pitch': 0.0, 'last_fix_time': datetime.datetime(2021, 7, 28, 14, 47, 2), 'speed': None, 'rudder': 0, 'datum': (42.3, -71.1)}
2021-07-28 15:47:04,060 [INFO] Processing: $BFNVG,144703.01,4218.009754,N,07105.986281,W,0,10.0,1.0,36.9,0.0,0.0,144703.01*6F
2021-07-28 15:47:04,062 [INFO] Interpreted as: {'position': (19.293695034109987, 17.5865816520527), 'latlon': (42.300162566666664, -71.09977135), 'heading': 36.9, 'depth': 1.0, 'altitude': 10.0, 'roll': 0.0, 'pitch': 0.0, 'last_fix_time': datetime.datetime(2021, 7, 28, 14, 47, 3), 'speed': None, 'rudder': 0, 'datum': (42.3, -71.1)}
2021-07-28 15:47:04,063 [INFO] Received from Frontseat: [b'$BFNVG,144701.95,4218.009276,N,07105.986742,W,0,10.0,1.0,36.9,0.0,0.0,144701.95*60', b'$BFNVG,144702.31,4218.009436,N,07105.986587,W,0,10.0,1.0,36.9,0.0,0.0,144702.31*69', b'$BFNVG,144702.66,4218.009595,N,07105.986434,W,0,10.0,1.0,36.9,0.0,0.0,144702.66*68', b'$BFNVG,144703.01,4218.009754,N,07105.986281,W,0,10.0,1.0,36.9,0.0,0.0,144703.01*6F']
2021-07-28 15:47:04,064 [INFO] AUV state: {'position': (19.293695034109987, 17.5865816520527), 'latlon': (42.300162566666664, -71.09977135), 'heading': 36.9, 'depth': 1.0, 'altitude': 10.0, 'roll': 0.0, 'pitch': 0.0, 'last_fix_time': datetime.datetime(2021, 7, 28, 14, 47, 3), 'speed': None, 'rudder': 0, 'datum': (42.3, -71.1)}
2021-07-28 15:47:04,408 [INFO] **** [] []
2021-07-28 15:47:04,410 [INFO] Next green buoy: [], next red buoy: []
2021-07-28 15:47:04,410 [INFO] Desired_heading: 36.9
2021-07-28 15:47:04,411 [INFO] sending message $BPRMB,144704.89,-0.0,,,1000,0,1*4d
...
2021-07-28 15:47:05,412 [INFO] sending message $BPSTS,144705.41,1,BWSI Autonomy OK*42
...
2021-07-28 15:47:05,414 [INFO] Processing: $BFNVG,144703.36,4218.009914,N,07105.986128,W,0,10.0,1.0,36.9,0.0,0.0,144703.36*65
2021-07-28 15:47:05,416 [INFO] Interpreted as: {'position': (19.511204856156837, 17.87750628683716), 'latlon': (42.30016523333333, -71.0997688), 'heading': 36.9, 'depth': 1.0, 'altitude': 10.0, 'roll': 0.0, 'pitch': 0.0, 'last_fix_time': datetime.datetime(2021, 7, 28, 14, 47, 3), 'speed': None, 'rudder': 0, 'datum': (42.3, -71.1)}
2021-07-28 15:47:05,417 [INFO] Processing: $BFNVG,144703.72,4218.010073,N,07105.985974,W,0,10.0,1.0,36.9,0.0,0.0,144703.72*67
2021-07-28 15:47:05,419 [INFO] Interpreted as: {'position': (19.730042869690806, 18.16654632985592), 'latlon': (42.30016788333333, -71.09976623333333), 'heading': 36.9, 'depth': 1.0, 'altitude': 10.0, 'roll': 0.0, 'pitch': 0.0, 'last_fix_time': datetime.datetime(2021, 7, 28, 14, 47, 3), 'speed': None, 'rudder': 0, 'datum': (42.3, -71.1)}
2021-07-28 15:47:05,419 [INFO] Processing: $BFNVG,144704.07,4218.010233,N,07105.985821,W,0,10.0,1.0,36.9,0.0,0.0,144704.07*60
2021-07-28 15:47:05,422 [INFO] Interpreted as: {'position': (19.947552656871267, 18.457470976747572), 'latlon': (42.30017055, -71.09976368333334), 'heading': 36.9, 'depth': 1.0, 'altitude': 10.0, 'roll': 0.0, 'pitch': 0.0, 'last_fix_time': datetime.datetime(2021, 7, 28, 14, 47, 4), 'speed': None, 'rudder': 0, 'datum': (42.3, -71.1)}
2021-07-28 15:47:05,423 [INFO] Processing: $BFNVG,144704.42,4218.010393,N,07105.985666,W,0,10.0,1.0,36.9,0.0,0.0,144704.42*66
2021-07-28 15:47:05,425 [INFO] Interpreted as: {'position': (20.16781017871108, 18.74832782894373), 'latlon': (42.300173216666664, -71.0997611), 'heading': 36.9, 'depth': 1.0, 'altitude': 10.0, 'roll': 0.0, 'pitch': 0.0, 'last_fix_time': datetime.datetime(2021, 7, 28, 14, 47, 4), 'speed': None, 'rudder': 0, 'datum': (42.3, -71.1)}
2021-07-28 15:47:05,426 [INFO] Received from Frontseat: [b'$BFNVG,144703.36,4218.009914,N,07105.986128,W,0,10.0,1.0,36.9,0.0,0.0,144703.36*65', b'$BFNVG,144703.72,4218.010073,N,07105.985974,W,0,10.0,1.0,36.9,0.0,0.0,144703.72*67', b'$BFNVG,144704.07,4218.010233,N,07105.985821,W,0,10.0,1.0,36.9,0.0,0.0,144704.07*60', b'$BFNVG,144704.42,4218.010393,N,07105.985666,W,0,10.0,1.0,36.9,0.0,0.0,144704.42*66']
2021-07-28 15:47:05,426 [INFO] AUV state: {'position': (20.16781017871108, 18.74832782894373), 'latlon': (42.300173216666664, -71.0997611), 'heading': 36.9, 'depth': 1.0, 'altitude': 10.0, 'roll': 0.0, 'pitch': 0.0, 'last_fix_time': datetime.datetime(2021, 7, 28, 14, 47, 4), 'speed': None, 'rudder': 0, 'datum': (42.3, -71.1)}
2021-07-28 15:47:05,745 [INFO] **** [] []
2021-07-28 15:47:05,747 [INFO] Next green buoy: [], next red buoy: []
2021-07-28 15:47:05,748 [INFO] Desired_heading: 36.9
2021-07-28 15:47:05,748 [INFO] sending message $BPRMB,144705.93,-0.0,,,1000,0,1*47
...
2021-07-28 15:47:06,750 [INFO] sending message $BPSTS,144706.75,1,BWSI Autonomy OK*46
...
2021-07-28 15:47:06,751 [INFO] Processing: $BFNVG,144704.78,4218.010557,N,07105.985509,W,0,10.0,1.0,36.9,0.0,0.0,144704.78*62
2021-07-28 15:47:06,752 [INFO] Interpreted as: {'position': (20.390998102724552, 19.046519674360752), 'latlon': (42.30017595, -71.09975848333333), 'heading': 36.9, 'depth': 1.0, 'altitude': 10.0, 'roll': 0.0, 'pitch': 0.0, 'last_fix_time': datetime.datetime(2021, 7, 28, 14, 47, 4), 'speed': None, 'rudder': 0, 'datum': (42.3, -71.1)}
2021-07-28 15:47:06,753 [INFO] Processing: $BFNVG,144705.14,4218.010719,N,07105.985353,W,0,10.0,1.0,36.9,0.0,0.0,144705.14*63
2021-07-28 15:47:06,754 [INFO] Interpreted as: {'position': (20.61272080068011, 19.341044031083584), 'latlon': (42.30017865, -71.09975588333333), 'heading': 36.9, 'depth': 1.0, 'altitude': 10.0, 'roll': 0.0, 'pitch': 0.0, 'last_fix_time': datetime.datetime(2021, 7, 28, 14, 47, 5), 'speed': None, 'rudder': 0, 'datum': (42.3, -71.1)}
2021-07-28 15:47:06,755 [INFO] Processing: $BFNVG,144705.50,4218.010879,N,07105.985200,W,0,10.0,1.0,36.9,0.0,0.0,144705.50*6D
2021-07-28 15:47:06,756 [INFO] Interpreted as: {'position': (20.83023051521741, 19.631968704983592), 'latlon': (42.30018131666667, -71.09975333333334), 'heading': 36.9, 'depth': 1.0, 'altitude': 10.0, 'roll': 0.0, 'pitch': 0.0, 'last_fix_time': datetime.datetime(2021, 7, 28, 14, 47, 5), 'speed': None, 'rudder': 0, 'datum': (42.3, -71.1)}
2021-07-28 15:47:06,757 [INFO] Received from Frontseat: [b'$BFNVG,144704.78,4218.010557,N,07105.985509,W,0,10.0,1.0,36.9,0.0,0.0,144704.78*62', b'$BFNVG,144705.14,4218.010719,N,07105.985353,W,0,10.0,1.0,36.9,0.0,0.0,144705.14*63', b'$BFNVG,144705.50,4218.010879,N,07105.985200,W,0,10.0,1.0,36.9,0.0,0.0,144705.50*6D']
2021-07-28 15:47:06,758 [INFO] AUV state: {'position': (20.83023051521741, 19.631968704983592), 'latlon': (42.30018131666667, -71.09975333333334), 'heading': 36.9, 'depth': 1.0, 'altitude': 10.0, 'roll': 0.0, 'pitch': 0.0, 'last_fix_time': datetime.datetime(2021, 7, 28, 14, 47, 5), 'speed': None, 'rudder': 0, 'datum': (42.3, -71.1)}
2021-07-28 15:47:07,099 [INFO] **** [] []
2021-07-28 15:47:07,101 [INFO] Next green buoy: [], next red buoy: []
2021-07-28 15:47:07,101 [INFO] Desired_heading: 36.9
2021-07-28 15:47:07,102 [INFO] sending message $BPRMB,144707.56,-0.0,,,1000,0,1*4c
...
2021-07-28 15:47:08,103 [INFO] sending message $BPSTS,144708.10,1,BWSI Autonomy OK*4b
...
2021-07-28 15:47:08,109 [INFO] Processing: $BFNVG,144705.85,4218.011039,N,07105.985045,W,0,10.0,1.0,36.9,0.0,0.0,144705.85*63
2021-07-28 15:47:08,111 [INFO] Interpreted as: {'position': (21.050487968081143, 19.92282558232546), 'latlon': (42.30018398333333, -71.09975075), 'heading': 36.9, 'depth': 1.0, 'altitude': 10.0, 'roll': 0.0, 'pitch': 0.0, 'last_fix_time': datetime.datetime(2021, 7, 28, 14, 47, 5), 'speed': None, 'rudder': 0, 'datum': (42.3, -71.1)}
2021-07-28 15:47:08,113 [INFO] Processing: $BFNVG,144706.20,4218.011199,N,07105.984891,W,0,10.0,1.0,36.9,0.0,0.0,144706.20*68
2021-07-28 15:47:08,115 [INFO] Interpreted as: {'position': (21.269371527596377, 20.2137163663283), 'latlon': (42.30018665, -71.09974818333333), 'heading': 36.9, 'depth': 1.0, 'altitude': 10.0, 'roll': 0.0, 'pitch': 0.0, 'last_fix_time': datetime.datetime(2021, 7, 28, 14, 47, 6), 'speed': None, 'rudder': 0, 'datum': (42.3, -71.1)}
2021-07-28 15:47:08,116 [INFO] Processing: $BFNVG,144706.56,4218.011360,N,07105.984736,W,0,10.0,1.0,36.9,0.0,0.0,144706.56*6E
2021-07-28 15:47:08,118 [INFO] Interpreted as: {'position': (21.489674609852955, 20.506423954851925), 'latlon': (42.300189333333336, -71.0997456), 'heading': 36.9, 'depth': 1.0, 'altitude': 10.0, 'roll': 0.0, 'pitch': 0.0, 'last_fix_time': datetime.datetime(2021, 7, 28, 14, 47, 6), 'speed': None, 'rudder': 0, 'datum': (42.3, -71.1)}
2021-07-28 15:47:08,118 [INFO] Processing: $BFNVG,144706.92,4218.011524,N,07105.984579,W,0,10.0,1.0,36.9,0.0,0.0,144706.92*61
2021-07-28 15:47:08,120 [INFO] Interpreted as: {'position': (21.71286242560018, 20.80461583752185), 'latlon': (42.30019206666667, -71.09974298333333), 'heading': 36.9, 'depth': 1.0, 'altitude': 10.0, 'roll': 0.0, 'pitch': 0.0, 'last_fix_time': datetime.datetime(2021, 7, 28, 14, 47, 6), 'speed': None, 'rudder': 0, 'datum': (42.3, -71.1)}
2021-07-28 15:47:08,121 [INFO] Received from Frontseat: [b'$BFNVG,144705.85,4218.011039,N,07105.985045,W,0,10.0,1.0,36.9,0.0,0.0,144705.85*63', b'$BFNVG,144706.20,4218.011199,N,07105.984891,W,0,10.0,1.0,36.9,0.0,0.0,144706.20*68', b'$BFNVG,144706.56,4218.011360,N,07105.984736,W,0,10.0,1.0,36.9,0.0,0.0,144706.56*6E', b'$BFNVG,144706.92,4218.011524,N,07105.984579,W,0,10.0,1.0,36.9,0.0,0.0,144706.92*61']
2021-07-28 15:47:08,122 [INFO] AUV state: {'position': (21.71286242560018, 20.80461583752185), 'latlon': (42.30019206666667, -71.09974298333333), 'heading': 36.9, 'depth': 1.0, 'altitude': 10.0, 'roll': 0.0, 'pitch': 0.0, 'last_fix_time': datetime.datetime(2021, 7, 28, 14, 47, 6), 'speed': None, 'rudder': 0, 'datum': (42.3, -71.1)}
2021-07-28 15:47:08,465 [INFO] **** [] []
2021-07-28 15:47:08,467 [INFO] Next green buoy: [], next red buoy: []
2021-07-28 15:47:08,468 [INFO] Desired_heading: 36.9
2021-07-28 15:47:08,468 [INFO] sending message $BPRMB,144708.63,-0.0,,,1000,0,1*45
...
2021-07-28 15:47:09,470 [INFO] sending message $BPSTS,144709.47,1,BWSI Autonomy OK*48
...
2021-07-28 15:47:09,471 [INFO] Processing: $BFNVG,144707.28,4218.011685,N,07105.984423,W,0,10.0,1.0,36.9,0.0,0.0,144707.28*67
2021-07-28 15:47:09,473 [INFO] Interpreted as: {'position': (21.934539347537793, 21.097289537079632), 'latlon': (42.30019475, -71.09974038333333), 'heading': 36.9, 'depth': 1.0, 'altitude': 10.0, 'roll': 0.0, 'pitch': 0.0, 'last_fix_time': datetime.datetime(2021, 7, 28, 14, 47, 7), 'speed': None, 'rudder': 0, 'datum': (42.3, -71.1)}
2021-07-28 15:47:09,474 [INFO] Processing: $BFNVG,144707.64,4218.011846,N,07105.984268,W,0,10.0,1.0,36.9,0.0,0.0,144707.64*6F
2021-07-28 15:47:09,476 [INFO] Interpreted as: {'position': (22.154842376126908, 21.389997145161033), 'latlon': (42.30019743333333, -71.0997378), 'heading': 36.9, 'depth': 1.0, 'altitude': 10.0, 'roll': 0.0, 'pitch': 0.0, 'last_fix_time': datetime.datetime(2021, 7, 28, 14, 47, 7), 'speed': None, 'rudder': 0, 'datum': (42.3, -71.1)}
2021-07-28 15:47:09,477 [INFO] Processing: $BFNVG,144707.99,4218.012006,N,07105.984115,W,0,10.0,1.0,36.9,0.0,0.0,144707.99*69
2021-07-28 15:47:09,479 [INFO] Interpreted as: {'position': (22.37235196970869, 21.68092186190188), 'latlon': (42.3002001, -71.09973525), 'heading': 36.9, 'depth': 1.0, 'altitude': 10.0, 'roll': 0.0, 'pitch': 0.0, 'last_fix_time': datetime.datetime(2021, 7, 28, 14, 47, 7), 'speed': None, 'rudder': 0, 'datum': (42.3, -71.1)}
2021-07-28 15:47:09,480 [INFO] Processing: $BFNVG,144708.34,4218.012166,N,07105.983961,W,0,10.0,1.0,36.9,0.0,0.0,144708.34*62
2021-07-28 15:47:09,483 [INFO] Interpreted as: {'position': (22.591235421132296, 21.97181268595159), 'latlon': (42.300202766666665, -71.09973268333333), 'heading': 36.9, 'depth': 1.0, 'altitude': 10.0, 'roll': 0.0, 'pitch': 0.0, 'last_fix_time': datetime.datetime(2021, 7, 28, 14, 47, 8), 'speed': None, 'rudder': 0, 'datum': (42.3, -71.1)}
2021-07-28 15:47:09,484 [INFO] Received from Frontseat: [b'$BFNVG,144707.28,4218.011685,N,07105.984423,W,0,10.0,1.0,36.9,0.0,0.0,144707.28*67', b'$BFNVG,144707.64,4218.011846,N,07105.984268,W,0,10.0,1.0,36.9,0.0,0.0,144707.64*6F', b'$BFNVG,144707.99,4218.012006,N,07105.984115,W,0,10.0,1.0,36.9,0.0,0.0,144707.99*69', b'$BFNVG,144708.34,4218.012166,N,07105.983961,W,0,10.0,1.0,36.9,0.0,0.0,144708.34*62']
2021-07-28 15:47:09,485 [INFO] AUV state: {'position': (22.591235421132296, 21.97181268595159), 'latlon': (42.300202766666665, -71.09973268333333), 'heading': 36.9, 'depth': 1.0, 'altitude': 10.0, 'roll': 0.0, 'pitch': 0.0, 'last_fix_time': datetime.datetime(2021, 7, 28, 14, 47, 8), 'speed': None, 'rudder': 0, 'datum': (42.3, -71.1)}
2021-07-28 15:47:09,829 [INFO] **** [] []
2021-07-28 15:47:09,831 [INFO] Next green buoy: [], next red buoy: []
2021-07-28 15:47:09,832 [INFO] Desired_heading: 36.9
2021-07-28 15:47:09,832 [INFO] sending message $BPRMB,144710.30,-0.0,,,1000,0,1*4a
...
2021-07-28 15:47:10,834 [INFO] sending message $BPSTS,144710.83,1,BWSI Autonomy OK*48
...
2021-07-28 15:47:10,836 [INFO] Processing: $BFNVG,144708.71,4218.012334,N,07105.983799,W,0,10.0,1.0,36.9,0.0,0.0,144708.71*6E
2021-07-28 15:47:10,838 [INFO] Interpreted as: {'position': (22.82147518871352, 22.27723788842559), 'latlon': (42.30020556666667, -71.09972998333333), 'heading': 36.9, 'depth': 1.0, 'altitude': 10.0, 'roll': 0.0, 'pitch': 0.0, 'last_fix_time': datetime.datetime(2021, 7, 28, 14, 47, 8), 'speed': None, 'rudder': 0, 'datum': (42.3, -71.1)}
2021-07-28 15:47:10,838 [INFO] Processing: $BFNVG,144709.07,4218.012496,N,07105.983644,W,0,10.0,1.0,36.9,0.0,0.0,144709.07*60
2021-07-28 15:47:10,841 [INFO] Interpreted as: {'position': (23.04182381206192, 22.57179621886462), 'latlon': (42.300208266666665, -71.0997274), 'heading': 36.9, 'depth': 1.0, 'altitude': 10.0, 'roll': 0.0, 'pitch': 0.0, 'last_fix_time': datetime.datetime(2021, 7, 28, 14, 47, 9), 'speed': None, 'rudder': 0, 'datum': (42.3, -71.1)}
2021-07-28 15:47:10,841 [INFO] Processing: $BFNVG,144709.43,4218.012656,N,07105.983489,W,0,10.0,1.0,36.9,0.0,0.0,144709.43*6D
2021-07-28 15:47:10,843 [INFO] Interpreted as: {'position': (23.26208108715946, 22.86265316233039), 'latlon': (42.30021093333333, -71.09972481666667), 'heading': 36.9, 'depth': 1.0, 'altitude': 10.0, 'roll': 0.0, 'pitch': 0.0, 'last_fix_time': datetime.datetime(2021, 7, 28, 14, 47, 9), 'speed': None, 'rudder': 0, 'datum': (42.3, -71.1)}
2021-07-28 15:47:10,844 [INFO] Processing: $BFNVG,144709.78,4218.012815,N,07105.983336,W,0,10.0,1.0,36.9,0.0,0.0,144709.78*67
2021-07-28 15:47:10,846 [INFO] Interpreted as: {'position': (23.47954492806457, 23.151727214455605), 'latlon': (42.30021358333333, -71.09972226666666), 'heading': 36.9, 'depth': 1.0, 'altitude': 10.0, 'roll': 0.0, 'pitch': 0.0, 'last_fix_time': datetime.datetime(2021, 7, 28, 14, 47, 9), 'speed': None, 'rudder': 0, 'datum': (42.3, -71.1)}
2021-07-28 15:47:10,847 [INFO] Received from Frontseat: [b'$BFNVG,144708.71,4218.012334,N,07105.983799,W,0,10.0,1.0,36.9,0.0,0.0,144708.71*6E', b'$BFNVG,144709.07,4218.012496,N,07105.983644,W,0,10.0,1.0,36.9,0.0,0.0,144709.07*60', b'$BFNVG,144709.43,4218.012656,N,07105.983489,W,0,10.0,1.0,36.9,0.0,0.0,144709.43*6D', b'$BFNVG,144709.78,4218.012815,N,07105.983336,W,0,10.0,1.0,36.9,0.0,0.0,144709.78*67']
2021-07-28 15:47:10,848 [INFO] AUV state: {'position': (23.47954492806457, 23.151727214455605), 'latlon': (42.30021358333333, -71.09972226666666), 'heading': 36.9, 'depth': 1.0, 'altitude': 10.0, 'roll': 0.0, 'pitch': 0.0, 'last_fix_time': datetime.datetime(2021, 7, 28, 14, 47, 9), 'speed': None, 'rudder': 0, 'datum': (42.3, -71.1)}
2021-07-28 15:47:11,193 [INFO] **** [] []
2021-07-28 15:47:11,195 [INFO] Next green buoy: [], next red buoy: []
2021-07-28 15:47:11,195 [INFO] Desired_heading: 36.9
2021-07-28 15:47:11,195 [INFO] sending message $BPRMB,144711.36,-0.0,,,1000,0,1*4d
...
2021-07-28 15:47:12,197 [INFO] sending message $BPSTS,144712.19,1,BWSI Autonomy OK*49
...
2021-07-28 15:47:12,198 [INFO] Processing: $BFNVG,144710.16,4218.012988,N,07105.983170,W,0,10.0,1.0,36.9,0.0,0.0,144710.16*62
2021-07-28 15:47:12,200 [INFO] Interpreted as: {'position': (23.715508451976348, 23.466270328499377), 'latlon': (42.30021646666667, -71.0997195), 'heading': 36.9, 'depth': 1.0, 'altitude': 10.0, 'roll': 0.0, 'pitch': 0.0, 'last_fix_time': datetime.datetime(2021, 7, 28, 14, 47, 10), 'speed': None, 'rudder': 0, 'datum': (42.3, -71.1)}
2021-07-28 15:47:12,201 [INFO] Processing: $BFNVG,144710.54,4218.013159,N,07105.983006,W,0,10.0,1.0,36.9,0.0,0.0,144710.54*67
2021-07-28 15:47:12,202 [INFO] Interpreted as: {'position': (23.948632873187307, 23.777179854921997), 'latlon': (42.30021931666667, -71.09971676666666), 'heading': 36.9, 'depth': 1.0, 'altitude': 10.0, 'roll': 0.0, 'pitch': 0.0, 'last_fix_time': datetime.datetime(2021, 7, 28, 14, 47, 10), 'speed': None, 'rudder': 0, 'datum': (42.3, -71.1)}
2021-07-28 15:47:12,203 [INFO] Processing: $BFNVG,144710.90,4218.013321,N,07105.982849,W,0,10.0,1.0,36.9,0.0,0.0,144710.90*68
2021-07-28 15:47:12,205 [INFO] Interpreted as: {'position': (24.17172915529227, 24.07167041860521), 'latlon': (42.300222016666666, -71.09971415), 'heading': 36.9, 'depth': 1.0, 'altitude': 10.0, 'roll': 0.0, 'pitch': 0.0, 'last_fix_time': datetime.datetime(2021, 7, 28, 14, 47, 10), 'speed': None, 'rudder': 0, 'datum': (42.3, -71.1)}
2021-07-28 15:47:12,205 [INFO] Received from Frontseat: [b'$BFNVG,144710.16,4218.012988,N,07105.983170,W,0,10.0,1.0,36.9,0.0,0.0,144710.16*62', b'$BFNVG,144710.54,4218.013159,N,07105.983006,W,0,10.0,1.0,36.9,0.0,0.0,144710.54*67', b'$BFNVG,144710.90,4218.013321,N,07105.982849,W,0,10.0,1.0,36.9,0.0,0.0,144710.90*68']
2021-07-28 15:47:12,206 [INFO] AUV state: {'position': (24.17172915529227, 24.07167041860521), 'latlon': (42.300222016666666, -71.09971415), 'heading': 36.9, 'depth': 1.0, 'altitude': 10.0, 'roll': 0.0, 'pitch': 0.0, 'last_fix_time': datetime.datetime(2021, 7, 28, 14, 47, 10), 'speed': None, 'rudder': 0, 'datum': (42.3, -71.1)}
2021-07-28 15:47:12,528 [INFO] **** [] []
2021-07-28 15:47:12,530 [INFO] Next green buoy: [], next red buoy: []
2021-07-28 15:47:12,531 [INFO] Desired_heading: 36.9
2021-07-28 15:47:12,531 [INFO] sending message $BPRMB,144713.02,-0.0,,,1000,0,1*48
...
2021-07-28 15:47:13,533 [INFO] sending message $BPSTS,144713.53,1,BWSI Autonomy OK*46
...
2021-07-28 15:47:13,541 [INFO] Processing: $BFNVG,144711.25,4218.013481,N,07105.982696,W,0,10.0,1.0,36.9,0.0,0.0,144711.25*69
2021-07-28 15:47:13,544 [INFO] Interpreted as: {'position': (24.389238587697037, 24.3625951949507), 'latlon': (42.30022468333333, -71.0997116), 'heading': 36.9, 'depth': 1.0, 'altitude': 10.0, 'roll': 0.0, 'pitch': 0.0, 'last_fix_time': datetime.datetime(2021, 7, 28, 14, 47, 11), 'speed': None, 'rudder': 0, 'datum': (42.3, -71.1)}
2021-07-28 15:47:13,545 [INFO] Processing: $BFNVG,144711.61,4218.013643,N,07105.982540,W,0,10.0,1.0,36.9,0.0,0.0,144711.61*6D
2021-07-28 15:47:13,548 [ERROR] An error occurred. The stack trace is below.
Traceback (most recent call last):
  File "BWSI_BackSeat.py", line 98, in run
    self.process_message(str(msg, 'utf-8'))
  File "BWSI_BackSeat.py", line 224, in process_message
    self.__logger.info(f"Interpreted as: {str(self.__auv_state)}")
  File "/usr/lib/python3.7/logging/__init__.py", line 1383, in info
    self._log(INFO, msg, args, **kwargs)
  File "/usr/lib/python3.7/logging/__init__.py", line 1519, in _log
    self.handle(record)
  File "/usr/lib/python3.7/logging/__init__.py", line 1529, in handle
    self.callHandlers(record)
  File "/usr/lib/python3.7/logging/__init__.py", line 1591, in callHandlers
    hdlr.handle(record)
  File "/usr/lib/python3.7/logging/__init__.py", line 905, in handle
    self.emit(record)
  File "/usr/lib/python3.7/logging/__init__.py", line 1037, in emit
    stream.write(msg + self.terminator)
KeyboardInterrupt
