2021-07-29 04:20:12,951 [INFO] host = 192.168.1.213, port = 29500
2021-07-29 04:20:14,973 [INFO] sending message $BPLOG,ACK,ON*1e
...
2021-07-29 04:20:14,976 [INFO] sending message $BPLOG,ALL,ON*16
...
2021-07-29 04:20:14,979 [INFO] sending message $BPSTS,032014.97,1,BWSI Autonomy OK*4e
...
2021-07-29 04:20:14,982 [INFO] Received from Frontseat: []
2021-07-29 04:20:14,982 [INFO] AUV state: {'position': (None, None), 'latlon': None, 'heading': None, 'depth': None, 'altitude': None, 'roll': None, 'pitch': None, 'last_fix_time': None, 'speed': None, 'rudder': 0}
2021-07-29 04:20:15,984 [INFO] sending message $BPSTS,032015.98,1,BWSI Autonomy OK*40
...
2021-07-29 04:20:15,986 [INFO] Processing: $BFNVG,032014.83,4218.000000,N,07106.000000,W,0,10.0,1.0,45.0,0.0,0.0,032014.83*62
2021-07-29 04:20:15,988 [INFO] Interpreted as: {'position': (0, 0), 'latlon': (42.3, -71.1), 'heading': 45.0, 'depth': 1.0, 'altitude': 10.0, 'roll': 0.0, 'pitch': 0.0, 'last_fix_time': datetime.datetime(2021, 7, 29, 3, 20, 14), 'speed': None, 'rudder': 0, 'datum': (42.3, -71.1)}
2021-07-29 04:20:15,990 [INFO] Processing: $BFNVG,032015.08,4218.000000,N,07106.000000,W,0,10.0,1.0,45.0,0.0,0.0,032015.08*62
2021-07-29 04:20:15,992 [INFO] Interpreted as: {'position': (0.0, 0.0), 'latlon': (42.3, -71.1), 'heading': 45.0, 'depth': 1.0, 'altitude': 10.0, 'roll': 0.0, 'pitch': 0.0, 'last_fix_time': datetime.datetime(2021, 7, 29, 3, 20, 15), 'speed': None, 'rudder': 0, 'datum': (42.3, -71.1)}
2021-07-29 04:20:15,993 [INFO] Processing: $BFNVG,032015.48,4218.000000,N,07106.000000,W,0,10.0,1.0,45.0,0.0,0.0,032015.48*62
2021-07-29 04:20:15,995 [INFO] Interpreted as: {'position': (0.0, 0.0), 'latlon': (42.3, -71.1), 'heading': 45.0, 'depth': 1.0, 'altitude': 10.0, 'roll': 0.0, 'pitch': 0.0, 'last_fix_time': datetime.datetime(2021, 7, 29, 3, 20, 15), 'speed': None, 'rudder': 0, 'datum': (42.3, -71.1)}
2021-07-29 04:20:15,997 [INFO] Received from Frontseat: [b'$BFNVG,032014.83,4218.000000,N,07106.000000,W,0,10.0,1.0,45.0,0.0,0.0,032014.83*62', b'$BFNVG,032015.08,4218.000000,N,07106.000000,W,0,10.0,1.0,45.0,0.0,0.0,032015.08*62', b'$BFNVG,032015.48,4218.000000,N,07106.000000,W,0,10.0,1.0,45.0,0.0,0.0,032015.48*62']
2021-07-29 04:20:15,998 [INFO] AUV state: {'position': (0.0, 0.0), 'latlon': (42.3, -71.1), 'heading': 45.0, 'depth': 1.0, 'altitude': 10.0, 'roll': 0.0, 'pitch': 0.0, 'last_fix_time': datetime.datetime(2021, 7, 29, 3, 20, 15), 'speed': None, 'rudder': 0, 'datum': (42.3, -71.1)}
2021-07-29 04:20:16,330 [INFO] **** [(-0.21993023293121178, -7.6862156757158235)] [(15.437560812208067, -7.329055330858309)]
2021-07-29 04:20:16,333 [INFO] Next green buoy: [(-0.21993023293121178, -7.6862156757158235)], next red buoy: [(15.437560812208067, -7.329055330858309)]
2021-07-29 04:20:16,333 [INFO] Desired_heading: 52.60881528963843
2021-07-29 04:20:16,334 [INFO] delta angle: 15.217630579276857
2021-07-29 04:20:16,334 [INFO] sending message $BPRMB,032016.97,-15.217630579276857,1,0,750,0,1*43
...
2021-07-29 04:20:17,336 [INFO] sending message $BPSTS,032017.33,1,BWSI Autonomy OK*43
...
2021-07-29 04:20:17,337 [INFO] Processing: $BFNVG,032015.82,4218.000000,N,07106.000000,W,0,10.0,1.0,45.0,0.0,0.0,032015.82*62
2021-07-29 04:20:17,340 [INFO] Interpreted as: {'position': (0.0, 0.0), 'latlon': (42.3, -71.1), 'heading': 45.0, 'depth': 1.0, 'altitude': 10.0, 'roll': 0.0, 'pitch': 0.0, 'last_fix_time': datetime.datetime(2021, 7, 29, 3, 20, 15), 'speed': None, 'rudder': 0, 'datum': (42.3, -71.1)}
2021-07-29 04:20:17,341 [INFO] Processing: $BFNVG,032016.16,4218.000000,N,07106.000000,W,0,10.0,1.0,45.0,0.0,0.0,032016.16*62
2021-07-29 04:20:17,343 [INFO] Interpreted as: {'position': (0.0, 0.0), 'latlon': (42.3, -71.1), 'heading': 45.0, 'depth': 1.0, 'altitude': 10.0, 'roll': 0.0, 'pitch': 0.0, 'last_fix_time': datetime.datetime(2021, 7, 29, 3, 20, 16), 'speed': None, 'rudder': 0, 'datum': (42.3, -71.1)}
2021-07-29 04:20:17,345 [INFO] Received from Frontseat: [b'$BFNVG,032015.82,4218.000000,N,07106.000000,W,0,10.0,1.0,45.0,0.0,0.0,032015.82*62', b'$BFNVG,032016.16,4218.000000,N,07106.000000,W,0,10.0,1.0,45.0,0.0,0.0,032016.16*62']
2021-07-29 04:20:17,346 [INFO] AUV state: {'position': (0.0, 0.0), 'latlon': (42.3, -71.1), 'heading': 45.0, 'depth': 1.0, 'altitude': 10.0, 'roll': 0.0, 'pitch': 0.0, 'last_fix_time': datetime.datetime(2021, 7, 29, 3, 20, 16), 'speed': None, 'rudder': 0, 'datum': (42.3, -71.1)}
2021-07-29 04:20:17,646 [INFO] **** [(-0.22035521470194389, -7.708961974233651)] [(15.437560812208067, -7.333901112744751)]
2021-07-29 04:20:17,648 [INFO] Next green buoy: [(-0.22035521470194389, -7.708961974233651)], next red buoy: [(15.437560812208067, -7.333901112744751)]
2021-07-29 04:20:17,649 [INFO] Desired_heading: 52.60860279875306
2021-07-29 04:20:17,650 [INFO] delta angle: 15.217205597506123
2021-07-29 04:20:17,650 [INFO] sending message $BPRMB,032017.70,-15.217205597506123,1,0,750,0,1*43
...
2021-07-29 04:20:18,652 [INFO] sending message $BPSTS,032018.65,1,BWSI Autonomy OK*4f
...
2021-07-29 04:20:18,654 [INFO] Processing: $BFNVG,032016.50,4218.000000,N,07106.000000,W,0,10.0,1.0,45.0,0.0,0.0,032016.50*62
2021-07-29 04:20:18,656 [INFO] Interpreted as: {'position': (0.0, 0.0), 'latlon': (42.3, -71.1), 'heading': 45.0, 'depth': 1.0, 'altitude': 10.0, 'roll': 0.0, 'pitch': 0.0, 'last_fix_time': datetime.datetime(2021, 7, 29, 3, 20, 16), 'speed': None, 'rudder': 0, 'datum': (42.3, -71.1)}
2021-07-29 04:20:18,658 [INFO] Processing: $BFNVG,032016.84,4218.000102,N,07105.999867,W,0,10.0,1.0,46.0,0.0,0.0,032016.84*61
2021-07-29 04:20:18,660 [INFO] Interpreted as: {'position': (0.18738456460414454, 0.1842617392539978), 'latlon': (42.3000017, -71.09999778333334), 'heading': 46.0, 'depth': 1.0, 'altitude': 10.0, 'roll': 0.0, 'pitch': 0.0, 'last_fix_time': datetime.datetime(2021, 7, 29, 3, 20, 16), 'speed': None, 'rudder': 0, 'datum': (42.3, -71.1)}
2021-07-29 04:20:18,661 [INFO] Processing: $BFNVG,032017.18,4218.000202,N,07105.999732,W,0,10.0,1.0,46.9,0.0,0.0,032017.18*64
2021-07-29 04:20:18,663 [INFO] Interpreted as: {'position': (0.3774255369207822, 0.36475427635014057), 'latlon': (42.300003366666665, -71.09999553333333), 'heading': 46.9, 'depth': 1.0, 'altitude': 10.0, 'roll': 0.0, 'pitch': 0.0, 'last_fix_time': datetime.datetime(2021, 7, 29, 3, 20, 17), 'speed': None, 'rudder': 0, 'datum': (42.3, -71.1)}
2021-07-29 04:20:18,664 [INFO] Processing: $BFNVG,032017.52,4218.000299,N,07105.999596,W,0,10.0,1.0,47.9,0.0,0.0,032017.52*6B
2021-07-29 04:20:18,667 [INFO] Interpreted as: {'position': (0.5687033635331318, 0.5396608235314488), 'latlon': (42.30000498333333, -71.09999326666667), 'heading': 47.9, 'depth': 1.0, 'altitude': 10.0, 'roll': 0.0, 'pitch': 0.0, 'last_fix_time': datetime.datetime(2021, 7, 29, 3, 20, 17), 'speed': None, 'rudder': 0, 'datum': (42.3, -71.1)}
2021-07-29 04:20:18,668 [INFO] Received from Frontseat: [b'$BFNVG,032016.50,4218.000000,N,07106.000000,W,0,10.0,1.0,45.0,0.0,0.0,032016.50*62', b'$BFNVG,032016.84,4218.000102,N,07105.999867,W,0,10.0,1.0,46.0,0.0,0.0,032016.84*61', b'$BFNVG,032017.18,4218.000202,N,07105.999732,W,0,10.0,1.0,46.9,0.0,0.0,032017.18*64', b'$BFNVG,032017.52,4218.000299,N,07105.999596,W,0,10.0,1.0,47.9,0.0,0.0,032017.52*6B']
2021-07-29 04:20:18,669 [INFO] AUV state: {'position': (0.5687033635331318, 0.5396608235314488), 'latlon': (42.30000498333333, -71.09999326666667), 'heading': 47.9, 'depth': 1.0, 'altitude': 10.0, 'roll': 0.0, 'pitch': 0.0, 'last_fix_time': datetime.datetime(2021, 7, 29, 3, 20, 17), 'speed': None, 'rudder': 0, 'datum': (42.3, -71.1)}
2021-07-29 04:20:18,975 [INFO] **** [(-3.622438683581974, -8.48291628353102)] [(13.814296952612729, -8.241803518511619)]
2021-07-29 04:20:18,977 [INFO] Next green buoy: [(-3.622438683581974, -8.48291628353102)], next red buoy: [(13.814296952612729, -8.241803518511619)]
2021-07-29 04:20:18,978 [INFO] Desired_heading: 52.99592913451538
2021-07-29 04:20:18,978 [INFO] delta angle: 10.19185826903076
2021-07-29 04:20:18,979 [INFO] sending message $BPRMB,032019.60,-10.19185826903076,1,0,750,0,1*71
...
2021-07-29 04:20:19,980 [INFO] sending message $BPSTS,032019.98,1,BWSI Autonomy OK*4c
...
2021-07-29 04:20:19,982 [INFO] Processing: $BFNVG,032017.86,4218.000397,N,07105.999455,W,0,10.0,1.0,48.9,0.0,0.0,032017.86*65
2021-07-29 04:20:19,984 [INFO] Interpreted as: {'position': (0.7668962508323602, 0.7162485467270017), 'latlon': (42.300006616666664, -71.09999091666667), 'heading': 48.9, 'depth': 1.0, 'altitude': 10.0, 'roll': 0.0, 'pitch': 0.0, 'last_fix_time': datetime.datetime(2021, 7, 29, 3, 20, 17), 'speed': None, 'rudder': 0, 'datum': (42.3, -71.1)}
2021-07-29 04:20:19,985 [INFO] Processing: $BFNVG,032018.20,4218.000492,N,07105.999314,W,0,10.0,1.0,49.8,0.0,0.0,032018.20*65
2021-07-29 04:20:19,988 [INFO] Interpreted as: {'position': (0.9649521126411855, 0.8872841838747263), 'latlon': (42.3000082, -71.09998856666667), 'heading': 49.8, 'depth': 1.0, 'altitude': 10.0, 'roll': 0.0, 'pitch': 0.0, 'last_fix_time': datetime.datetime(2021, 7, 29, 3, 20, 18), 'speed': None, 'rudder': 0, 'datum': (42.3, -71.1)}
2021-07-29 04:20:19,989 [INFO] Processing: $BFNVG,032018.54,4218.000584,N,07105.999171,W,0,10.0,1.0,50.8,0.0,0.0,032018.54*6A
2021-07-29 04:20:19,991 [INFO] Interpreted as: {'position': (1.165618708706461, 1.0526999263092875), 'latlon': (42.30000973333333, -71.09998618333333), 'heading': 50.8, 'depth': 1.0, 'altitude': 10.0, 'roll': 0.0, 'pitch': 0.0, 'last_fix_time': datetime.datetime(2021, 7, 29, 3, 20, 18), 'speed': None, 'rudder': 0, 'datum': (42.3, -71.1)}
2021-07-29 04:20:19,994 [INFO] Processing: $BFNVG,032018.87,4218.000675,N,07105.999025,W,0,10.0,1.0,51.8,0.0,0.0,032018.87*66
2021-07-29 04:20:19,996 [INFO] Interpreted as: {'position': (1.3703612622339278, 1.2161632617935538), 'latlon': (42.30001125, -71.09998375), 'heading': 51.8, 'depth': 1.0, 'altitude': 10.0, 'roll': 0.0, 'pitch': 0.0, 'last_fix_time': datetime.datetime(2021, 7, 29, 3, 20, 18), 'speed': None, 'rudder': 0, 'datum': (42.3, -71.1)}
2021-07-29 04:20:19,997 [INFO] Received from Frontseat: [b'$BFNVG,032017.86,4218.000397,N,07105.999455,W,0,10.0,1.0,48.9,0.0,0.0,032017.86*65', b'$BFNVG,032018.20,4218.000492,N,07105.999314,W,0,10.0,1.0,49.8,0.0,0.0,032018.20*65', b'$BFNVG,032018.54,4218.000584,N,07105.999171,W,0,10.0,1.0,50.8,0.0,0.0,032018.54*6A', b'$BFNVG,032018.87,4218.000675,N,07105.999025,W,0,10.0,1.0,51.8,0.0,0.0,032018.87*66']
2021-07-29 04:20:19,998 [INFO] AUV state: {'position': (1.3703612622339278, 1.2161632617935538), 'latlon': (42.30001125, -71.09998375), 'heading': 51.8, 'depth': 1.0, 'altitude': 10.0, 'roll': 0.0, 'pitch': 0.0, 'last_fix_time': datetime.datetime(2021, 7, 29, 3, 20, 18), 'speed': None, 'rudder': 0, 'datum': (42.3, -71.1)}
2021-07-29 04:20:20,330 [INFO] **** [(-8.949104471833458, -9.86892835866076)] [(11.491569197213835, -9.47294258572257)]
2021-07-29 04:20:20,332 [INFO] Next green buoy: [(-8.949104471833458, -9.86892835866076)], next red buoy: [(11.491569197213835, -9.47294258572257)]
2021-07-29 04:20:20,333 [INFO] Desired_heading: 53.07123236269018
2021-07-29 04:20:20,333 [INFO] delta angle: 2.54246472538037
2021-07-29 04:20:20,334 [INFO] sending message $BPRMB,032020.35,-2.54246472538037,1,0,750,0,1*41
...
2021-07-29 04:20:21,336 [INFO] sending message $BPSTS,032021.33,1,BWSI Autonomy OK*46
...
2021-07-29 04:20:21,337 [INFO] Processing: $BFNVG,032019.21,4218.000764,N,07105.998878,W,0,10.0,1.0,52.7,0.0,0.0,032019.21*6A
2021-07-29 04:20:21,339 [INFO] Interpreted as: {'position': (1.5763863424072042, 1.375891306437552), 'latlon': (42.30001273333333, -71.0999813), 'heading': 52.7, 'depth': 1.0, 'altitude': 10.0, 'roll': 0.0, 'pitch': 0.0, 'last_fix_time': datetime.datetime(2021, 7, 29, 3, 20, 19), 'speed': None, 'rudder': 0, 'datum': (42.3, -71.1)}
2021-07-29 04:20:21,340 [INFO] Processing: $BFNVG,032019.55,4218.000851,N,07105.998730,W,0,10.0,1.0,53.4,0.0,0.0,032019.55*62
2021-07-29 04:20:21,342 [INFO] Interpreted as: {'position': (1.7836939493427053, 1.5318840546533465), 'latlon': (42.30001418333333, -71.09997883333334), 'heading': 53.4, 'depth': 1.0, 'altitude': 10.0, 'roll': 0.0, 'pitch': 0.0, 'last_fix_time': datetime.datetime(2021, 7, 29, 3, 20, 19), 'speed': None, 'rudder': 0, 'datum': (42.3, -71.1)}
2021-07-29 04:20:21,343 [INFO] Processing: $BFNVG,032019.89,4218.000938,N,07105.998579,W,0,10.0,1.0,54.0,0.0,0.0,032019.89*60
2021-07-29 04:20:21,345 [INFO] Interpreted as: {'position': (1.9951231854502112, 1.687775095924735), 'latlon': (42.30001563333333, -71.09997631666667), 'heading': 54.0, 'depth': 1.0, 'altitude': 10.0, 'roll': 0.0, 'pitch': 0.0, 'last_fix_time': datetime.datetime(2021, 7, 29, 3, 20, 19), 'speed': None, 'rudder': 0, 'datum': (42.3, -71.1)}
2021-07-29 04:20:21,347 [INFO] Processing: $BFNVG,032020.23,4218.001023,N,07105.998427,W,0,10.0,1.0,54.7,0.0,0.0,032020.23*6F
2021-07-29 04:20:21,349 [INFO] Interpreted as: {'position': (2.2078349483781494, 1.839930847287178), 'latlon': (42.30001705, -71.09997378333334), 'heading': 54.7, 'depth': 1.0, 'altitude': 10.0, 'roll': 0.0, 'pitch': 0.0, 'last_fix_time': datetime.datetime(2021, 7, 29, 3, 20, 20), 'speed': None, 'rudder': 0, 'datum': (42.3, -71.1)}
2021-07-29 04:20:21,351 [INFO] Received from Frontseat: [b'$BFNVG,032019.21,4218.000764,N,07105.998878,W,0,10.0,1.0,52.7,0.0,0.0,032019.21*6A', b'$BFNVG,032019.55,4218.000851,N,07105.998730,W,0,10.0,1.0,53.4,0.0,0.0,032019.55*62', b'$BFNVG,032019.89,4218.000938,N,07105.998579,W,0,10.0,1.0,54.0,0.0,0.0,032019.89*60', b'$BFNVG,032020.23,4218.001023,N,07105.998427,W,0,10.0,1.0,54.7,0.0,0.0,032020.23*6F']
2021-07-29 04:20:21,352 [INFO] AUV state: {'position': (2.2078349483781494, 1.839930847287178), 'latlon': (42.30001705, -71.09997378333334), 'heading': 54.7, 'depth': 1.0, 'altitude': 10.0, 'roll': 0.0, 'pitch': 0.0, 'last_fix_time': datetime.datetime(2021, 7, 29, 3, 20, 20), 'speed': None, 'rudder': 0, 'datum': (42.3, -71.1)}
2021-07-29 04:20:21,697 [INFO] **** [(-14.174933424879333, -11.948310302274159)] [(10.256602582844895, -11.299602333710055)]
2021-07-29 04:20:21,699 [INFO] Next green buoy: [(-14.174933424879333, -11.948310302274159)], next red buoy: [(10.256602582844895, -11.299602333710055)]
2021-07-29 04:20:21,700 [INFO] Desired_heading: 52.740834578982785
2021-07-29 04:20:21,701 [INFO] delta angle: -3.918330842034436
2021-07-29 04:20:21,701 [INFO] sending message $BPRMB,032022.31,3.918330842034436,1,0,750,0,1*59
...
2021-07-29 04:20:22,703 [INFO] sending message $BPSTS,032022.70,1,BWSI Autonomy OK*42
...
2021-07-29 04:20:22,704 [INFO] Processing: $BFNVG,032020.57,4218.001108,N,07105.998272,W,0,10.0,1.0,55.3,0.0,0.0,032020.57*64
2021-07-29 04:20:22,707 [INFO] Interpreted as: {'position': (2.4246683423407376, 1.9919848879799247), 'latlon': (42.300018466666664, -71.0999712), 'heading': 55.3, 'depth': 1.0, 'altitude': 10.0, 'roll': 0.0, 'pitch': 0.0, 'last_fix_time': datetime.datetime(2021, 7, 29, 3, 20, 20), 'speed': None, 'rudder': 0, 'datum': (42.3, -71.1)}
2021-07-29 04:20:22,708 [INFO] Processing: $BFNVG,032020.91,4218.001191,N,07105.998117,W,0,10.0,1.0,55.5,0.0,0.0,032020.91*62
2021-07-29 04:20:22,710 [INFO] Interpreted as: {'position': (2.641410381940659, 2.140337540768087), 'latlon': (42.30001985, -71.09996861666667), 'heading': 55.5, 'depth': 1.0, 'altitude': 10.0, 'roll': 0.0, 'pitch': 0.0, 'last_fix_time': datetime.datetime(2021, 7, 29, 3, 20, 20), 'speed': None, 'rudder': 0, 'datum': (42.3, -71.1)}
2021-07-29 04:20:22,712 [INFO] Processing: $BFNVG,032021.25,4218.001274,N,07105.997962,W,0,10.0,1.0,55.7,0.0,0.0,032021.25*6D
2021-07-29 04:20:22,714 [INFO] Interpreted as: {'position': (2.8581524143228307, 2.2886902010068297), 'latlon': (42.30002123333333, -71.09996603333333), 'heading': 55.7, 'depth': 1.0, 'altitude': 10.0, 'roll': 0.0, 'pitch': 0.0, 'last_fix_time': datetime.datetime(2021, 7, 29, 3, 20, 21), 'speed': None, 'rudder': 0, 'datum': (42.3, -71.1)}
2021-07-29 04:20:22,715 [INFO] Processing: $BFNVG,032021.59,4218.001357,N,07105.997808,W,0,10.0,1.0,55.8,0.0,0.0,032021.59*6F
2021-07-29 04:20:22,718 [INFO] Interpreted as: {'position': (3.073520555975847, 2.4370767725631595), 'latlon': (42.300022616666666, -71.09996346666667), 'heading': 55.8, 'depth': 1.0, 'altitude': 10.0, 'roll': 0.0, 'pitch': 0.0, 'last_fix_time': datetime.datetime(2021, 7, 29, 3, 20, 21), 'speed': None, 'rudder': 0, 'datum': (42.3, -71.1)}
2021-07-29 04:20:22,719 [INFO] Received from Frontseat: [b'$BFNVG,032020.57,4218.001108,N,07105.998272,W,0,10.0,1.0,55.3,0.0,0.0,032020.57*64', b'$BFNVG,032020.91,4218.001191,N,07105.998117,W,0,10.0,1.0,55.5,0.0,0.0,032020.91*62', b'$BFNVG,032021.25,4218.001274,N,07105.997962,W,0,10.0,1.0,55.7,0.0,0.0,032021.25*6D', b'$BFNVG,032021.59,4218.001357,N,07105.997808,W,0,10.0,1.0,55.8,0.0,0.0,032021.59*6F']
2021-07-29 04:20:22,720 [INFO] AUV state: {'position': (3.073520555975847, 2.4370767725631595), 'latlon': (42.300022616666666, -71.09996346666667), 'heading': 55.8, 'depth': 1.0, 'altitude': 10.0, 'roll': 0.0, 'pitch': 0.0, 'last_fix_time': datetime.datetime(2021, 7, 29, 3, 20, 21), 'speed': None, 'rudder': 0, 'datum': (42.3, -71.1)}
2021-07-29 04:20:23,038 [INFO] **** [(-18.90428369047446, -14.919874404948876)] [(11.230625076103376, -13.977469203064567), (-13.165298077957825, -4.608743683502145)]
2021-07-29 04:20:23,041 [INFO] Next green buoy: [(-18.90428369047446, -14.919874404948876)], next red buoy: [(11.230625076103376, -13.977469203064567), (-13.165298077957825, -4.608743683502145)]
2021-07-29 04:20:23,041 [INFO] Desired_heading: 51.96317069281446
2021-07-29 04:20:23,042 [INFO] delta angle: -7.6736586143711065
2021-07-29 04:20:23,042 [INFO] sending message $BPRMB,032023.09,7.6736586143711065,1,0,750,0,1*62
...
2021-07-29 04:20:24,044 [INFO] sending message $BPSTS,032024.04,1,BWSI Autonomy OK*47
...
2021-07-29 04:20:24,045 [INFO] Processing: $BFNVG,032021.93,4218.001439,N,07105.997652,W,0,10.0,1.0,56.0,0.0,0.0,032021.93*6A
2021-07-29 04:20:24,046 [INFO] Interpreted as: {'position': (3.2915907758288085, 2.5835448456928134), 'latlon': (42.30002398333333, -71.09996086666666), 'heading': 56.0, 'depth': 1.0, 'altitude': 10.0, 'roll': 0.0, 'pitch': 0.0, 'last_fix_time': datetime.datetime(2021, 7, 29, 3, 20, 21), 'speed': None, 'rudder': 0, 'datum': (42.3, -71.1)}
2021-07-29 04:20:24,048 [INFO] Processing: $BFNVG,032022.27,4218.001522,N,07105.997496,W,0,10.0,1.0,55.7,0.0,0.0,032022.27*6F
2021-07-29 04:20:24,049 [INFO] Interpreted as: {'position': (3.5097066576126963, 2.731863619759679), 'latlon': (42.30002536666667, -71.09995826666666), 'heading': 55.7, 'depth': 1.0, 'altitude': 10.0, 'roll': 0.0, 'pitch': 0.0, 'last_fix_time': datetime.datetime(2021, 7, 29, 3, 20, 22), 'speed': None, 'rudder': 0, 'datum': (42.3, -71.1)}
2021-07-29 04:20:24,050 [INFO] Processing: $BFNVG,032022.61,4218.001605,N,07105.997340,W,0,10.0,1.0,55.5,0.0,0.0,032022.61*67
2021-07-29 04:20:24,051 [INFO] Interpreted as: {'position': (3.7278225300833583, 2.8801824003458023), 'latlon': (42.30002675, -71.09995566666667), 'heading': 55.5, 'depth': 1.0, 'altitude': 10.0, 'roll': 0.0, 'pitch': 0.0, 'last_fix_time': datetime.datetime(2021, 7, 29, 3, 20, 22), 'speed': None, 'rudder': 0, 'datum': (42.3, -71.1)}
2021-07-29 04:20:24,051 [INFO] Processing: $BFNVG,032022.96,4218.001689,N,07105.997185,W,0,10.0,1.0,55.2,0.0,0.0,032022.96*6F
2021-07-29 04:20:24,053 [INFO] Interpreted as: {'position': (3.944610185106285, 3.030385791324079), 'latlon': (42.30002815, -71.09995308333333), 'heading': 55.2, 'depth': 1.0, 'altitude': 10.0, 'roll': 0.0, 'pitch': 0.0, 'last_fix_time': datetime.datetime(2021, 7, 29, 3, 20, 22), 'speed': None, 'rudder': 0, 'datum': (42.3, -71.1)}
2021-07-29 04:20:24,053 [INFO] Received from Frontseat: [b'$BFNVG,032021.93,4218.001439,N,07105.997652,W,0,10.0,1.0,56.0,0.0,0.0,032021.93*6A', b'$BFNVG,032022.27,4218.001522,N,07105.997496,W,0,10.0,1.0,55.7,0.0,0.0,032022.27*6F', b'$BFNVG,032022.61,4218.001605,N,07105.997340,W,0,10.0,1.0,55.5,0.0,0.0,032022.61*67', b'$BFNVG,032022.96,4218.001689,N,07105.997185,W,0,10.0,1.0,55.2,0.0,0.0,032022.96*6F']
2021-07-29 04:20:24,054 [INFO] AUV state: {'position': (3.944610185106285, 3.030385791324079), 'latlon': (42.30002815, -71.09995308333333), 'heading': 55.2, 'depth': 1.0, 'altitude': 10.0, 'roll': 0.0, 'pitch': 0.0, 'last_fix_time': datetime.datetime(2021, 7, 29, 3, 20, 22), 'speed': None, 'rudder': 0, 'datum': (42.3, -71.1)}
2021-07-29 04:20:24,409 [INFO] **** [(-24.005973658007584, -19.58962378736059)] [(15.210535397981522, -18.290079904045673), (-13.543171766425786, -4.913425216858656)]
2021-07-29 04:20:24,411 [INFO] Next green buoy: [(-24.005973658007584, -19.58962378736059)], next red buoy: [(15.210535397981522, -18.290079904045673), (-13.543171766425786, -4.913425216858656)]
2021-07-29 04:20:24,411 [INFO] Desired_heading: 50.80228086998697
2021-07-29 04:20:24,412 [INFO] delta angle: -8.79543826002606
2021-07-29 04:20:24,412 [INFO] sending message $BPRMB,032024.99,8.79543826002606,1,0,750,0,1*6c
...
2021-07-29 04:20:25,414 [INFO] sending message $BPSTS,032025.41,1,BWSI Autonomy OK*47
...
2021-07-29 04:20:25,415 [INFO] Processing: $BFNVG,032023.30,4218.001773,N,07105.997031,W,0,10.0,1.0,55.0,0.0,0.0,032023.30*67
2021-07-29 04:20:25,417 [INFO] Interpreted as: {'position': (4.160023951611947, 3.1806230917572975), 'latlon': (42.30002955, -71.09995051666667), 'heading': 55.0, 'depth': 1.0, 'altitude': 10.0, 'roll': 0.0, 'pitch': 0.0, 'last_fix_time': datetime.datetime(2021, 7, 29, 3, 20, 23), 'speed': None, 'rudder': 0, 'datum': (42.3, -71.1)}
2021-07-29 04:20:25,417 [INFO] Processing: $BFNVG,032023.64,4218.001858,N,07105.996877,W,0,10.0,1.0,54.5,0.0,0.0,032023.64*6E
2021-07-29 04:20:25,419 [INFO] Interpreted as: {'position': (4.375483379815705, 3.332711096853018), 'latlon': (42.30003096666667, -71.09994795), 'heading': 54.5, 'depth': 1.0, 'altitude': 10.0, 'roll': 0.0, 'pitch': 0.0, 'last_fix_time': datetime.datetime(2021, 7, 29, 3, 20, 23), 'speed': None, 'rudder': 0, 'datum': (42.3, -71.1)}
2021-07-29 04:20:25,420 [INFO] Processing: $BFNVG,032023.98,4218.001943,N,07105.996725,W,0,10.0,1.0,54.0,0.0,0.0,032023.98*68
2021-07-29 04:20:25,422 [INFO] Interpreted as: {'position': (4.588195040356368, 3.484866913408041), 'latlon': (42.30003238333333, -71.09994541666667), 'heading': 54.0, 'depth': 1.0, 'altitude': 10.0, 'roll': 0.0, 'pitch': 0.0, 'last_fix_time': datetime.datetime(2021, 7, 29, 3, 20, 23), 'speed': None, 'rudder': 0, 'datum': (42.3, -71.1)}
2021-07-29 04:20:25,424 [INFO] Processing: $BFNVG,032024.32,4218.002030,N,07105.996575,W,0,10.0,1.0,53.5,0.0,0.0,032024.32*63
2021-07-29 04:20:25,426 [INFO] Interpreted as: {'position': (4.798250277293846, 3.6407919423654675), 'latlon': (42.30003383333333, -71.09994291666666), 'heading': 53.5, 'depth': 1.0, 'altitude': 10.0, 'roll': 0.0, 'pitch': 0.0, 'last_fix_time': datetime.datetime(2021, 7, 29, 3, 20, 24), 'speed': None, 'rudder': 0, 'datum': (42.3, -71.1)}
2021-07-29 04:20:25,427 [INFO] Received from Frontseat: [b'$BFNVG,032023.30,4218.001773,N,07105.997031,W,0,10.0,1.0,55.0,0.0,0.0,032023.30*67', b'$BFNVG,032023.64,4218.001858,N,07105.996877,W,0,10.0,1.0,54.5,0.0,0.0,032023.64*6E', b'$BFNVG,032023.98,4218.001943,N,07105.996725,W,0,10.0,1.0,54.0,0.0,0.0,032023.98*68', b'$BFNVG,032024.32,4218.002030,N,07105.996575,W,0,10.0,1.0,53.5,0.0,0.0,032024.32*63']
2021-07-29 04:20:25,428 [INFO] AUV state: {'position': (4.798250277293846, 3.6407919423654675), 'latlon': (42.30003383333333, -71.09994291666666), 'heading': 53.5, 'depth': 1.0, 'altitude': 10.0, 'roll': 0.0, 'pitch': 0.0, 'last_fix_time': datetime.datetime(2021, 7, 29, 3, 20, 24), 'speed': None, 'rudder': 0, 'datum': (42.3, -71.1)}
2021-07-29 04:20:25,758 [INFO] **** [] [(23.534566213449143, -23.96599588879778), (-12.890992959352504, -5.380151011975447)]
2021-07-29 04:20:25,760 [INFO] Next green buoy: [], next red buoy: [(23.534566213449143, -23.96599588879778), (-12.890992959352504, -5.380151011975447)]
2021-07-29 04:20:25,761 [INFO] Desired_heading: 77.03456621344914
2021-07-29 04:20:25,761 [INFO] delta angle: 25
2021-07-29 04:20:25,761 [INFO] sending message $BPRMB,032025.83,-25,1,0,750,0,1*58
...
2021-07-29 04:20:26,763 [INFO] sending message $BPSTS,032026.76,1,BWSI Autonomy OK*40
...
2021-07-29 04:20:26,764 [INFO] Processing: $BFNVG,032024.67,4218.002120,N,07105.996420,W,0,10.0,1.0,53.0,0.0,0.0,032024.67*67
2021-07-29 04:20:26,770 [INFO] Interpreted as: {'position': (5.01531191036338, 3.802099546417594), 'latlon': (42.300035333333334, -71.09994033333334), 'heading': 53.0, 'depth': 1.0, 'altitude': 10.0, 'roll': 0.0, 'pitch': 0.0, 'last_fix_time': datetime.datetime(2021, 7, 29, 3, 20, 24), 'speed': None, 'rudder': 0, 'datum': (42.3, -71.1)}
2021-07-29 04:20:26,771 [INFO] Processing: $BFNVG,032025.01,4218.002210,N,07105.996268,W,0,10.0,1.0,52.4,0.0,0.0,032025.01*68
2021-07-29 04:20:26,773 [INFO] Interpreted as: {'position': (5.228251896332949, 3.9635088685899973), 'latlon': (42.30003683333333, -71.0999378), 'heading': 52.4, 'depth': 1.0, 'altitude': 10.0, 'roll': 0.0, 'pitch': 0.0, 'last_fix_time': datetime.datetime(2021, 7, 29, 3, 20, 25), 'speed': None, 'rudder': 0, 'datum': (42.3, -71.1)}
2021-07-29 04:20:26,774 [INFO] Processing: $BFNVG,032025.36,4218.002303,N,07105.996116,W,0,10.0,1.0,51.9,0.0,0.0,032025.36*6F
2021-07-29 04:20:26,776 [INFO] Interpreted as: {'position': (5.441328886838164, 4.130470289848745), 'latlon': (42.30003838333333, -71.09993526666666), 'heading': 51.9, 'depth': 1.0, 'altitude': 10.0, 'roll': 0.0, 'pitch': 0.0, 'last_fix_time': datetime.datetime(2021, 7, 29, 3, 20, 25), 'speed': None, 'rudder': 0, 'datum': (42.3, -71.1)}
2021-07-29 04:20:26,776 [INFO] Received from Frontseat: [b'$BFNVG,032024.67,4218.002120,N,07105.996420,W,0,10.0,1.0,53.0,0.0,0.0,032024.67*67', b'$BFNVG,032025.01,4218.002210,N,07105.996268,W,0,10.0,1.0,52.4,0.0,0.0,032025.01*68', b'$BFNVG,032025.36,4218.002303,N,07105.996116,W,0,10.0,1.0,51.9,0.0,0.0,032025.36*6F']
2021-07-29 04:20:26,777 [INFO] AUV state: {'position': (5.441328886838164, 4.130470289848745), 'latlon': (42.30003838333333, -71.09993526666666), 'heading': 51.9, 'depth': 1.0, 'altitude': 10.0, 'roll': 0.0, 'pitch': 0.0, 'last_fix_time': datetime.datetime(2021, 7, 29, 3, 20, 25), 'speed': None, 'rudder': 0, 'datum': (42.3, -71.1)}
2021-07-29 04:20:27,104 [INFO] **** [] [(-12.082373402294905, -5.791176621445141)]
2021-07-29 04:20:27,106 [INFO] Next green buoy: [], next red buoy: [(-12.082373402294905, -5.791176621445141)]
2021-07-29 04:20:27,107 [INFO] Desired_heading: 39.81762659770509
2021-07-29 04:20:27,107 [INFO] delta angle: -24.16474680458981
2021-07-29 04:20:27,107 [INFO] sending message $BPRMB,032027.69,24.16474680458981,1,0,750,0,1*5b
...
2021-07-29 04:20:28,109 [INFO] sending message $BPSTS,032028.10,1,BWSI Autonomy OK*4e
...
2021-07-29 04:20:28,110 [INFO] Processing: $BFNVG,032025.71,4218.002396,N,07105.995965,W,0,10.0,1.0,51.3,0.0,0.0,032025.71*66
2021-07-29 04:20:28,112 [INFO] Interpreted as: {'position': (5.653031986090355, 4.297465619631112), 'latlon': (42.30003993333333, -71.09993275), 'heading': 51.3, 'depth': 1.0, 'altitude': 10.0, 'roll': 0.0, 'pitch': 0.0, 'last_fix_time': datetime.datetime(2021, 7, 29, 3, 20, 25), 'speed': None, 'rudder': 0, 'datum': (42.3, -71.1)}
2021-07-29 04:20:28,112 [INFO] Processing: $BFNVG,032026.06,4218.002488,N,07105.995814,W,0,10.0,1.0,52.9,0.0,0.0,032026.06*60
2021-07-29 04:20:28,114 [INFO] Interpreted as: {'position': (5.864689404610544, 4.46261026058346), 'latlon': (42.30004146666667, -71.09993023333334), 'heading': 52.9, 'depth': 1.0, 'altitude': 10.0, 'roll': 0.0, 'pitch': 0.0, 'last_fix_time': datetime.datetime(2021, 7, 29, 3, 20, 26), 'speed': None, 'rudder': 0, 'datum': (42.3, -71.1)}
2021-07-29 04:20:28,115 [INFO] Processing: $BFNVG,032026.41,4218.002575,N,07105.995661,W,0,10.0,1.0,54.5,0.0,0.0,032026.41*65
2021-07-29 04:20:28,117 [INFO] Interpreted as: {'position': (6.07886621815851, 4.618433612398803), 'latlon': (42.30004291666667, -71.09992768333333), 'heading': 54.5, 'depth': 1.0, 'altitude': 10.0, 'roll': 0.0, 'pitch': 0.0, 'last_fix_time': datetime.datetime(2021, 7, 29, 3, 20, 26), 'speed': None, 'rudder': 0, 'datum': (42.3, -71.1)}
2021-07-29 04:20:28,117 [INFO] Processing: $BFNVG,032026.75,4218.002660,N,07105.995505,W,0,10.0,1.0,56.2,0.0,0.0,032026.75*66
2021-07-29 04:20:28,120 [INFO] Interpreted as: {'position': (6.2970733175752684, 4.770453864708543), 'latlon': (42.30004433333333, -71.09992508333333), 'heading': 56.2, 'depth': 1.0, 'altitude': 10.0, 'roll': 0.0, 'pitch': 0.0, 'last_fix_time': datetime.datetime(2021, 7, 29, 3, 20, 26), 'speed': None, 'rudder': 0, 'datum': (42.3, -71.1)}
2021-07-29 04:20:28,120 [INFO] Received from Frontseat: [b'$BFNVG,032025.71,4218.002396,N,07105.995965,W,0,10.0,1.0,51.3,0.0,0.0,032025.71*66', b'$BFNVG,032026.06,4218.002488,N,07105.995814,W,0,10.0,1.0,52.9,0.0,0.0,032026.06*60', b'$BFNVG,032026.41,4218.002575,N,07105.995661,W,0,10.0,1.0,54.5,0.0,0.0,032026.41*65', b'$BFNVG,032026.75,4218.002660,N,07105.995505,W,0,10.0,1.0,56.2,0.0,0.0,032026.75*66']
2021-07-29 04:20:28,121 [INFO] AUV state: {'position': (6.2970733175752684, 4.770453864708543), 'latlon': (42.30004433333333, -71.09992508333333), 'heading': 56.2, 'depth': 1.0, 'altitude': 10.0, 'roll': 0.0, 'pitch': 0.0, 'last_fix_time': datetime.datetime(2021, 7, 29, 3, 20, 26), 'speed': None, 'rudder': 0, 'datum': (42.3, -71.1)}
2021-07-29 04:20:28,442 [INFO] **** [] [(-17.972193185992868, -6.367599311841974)]
2021-07-29 04:20:28,445 [INFO] Next green buoy: [], next red buoy: [(-17.972193185992868, -6.367599311841974)]
2021-07-29 04:20:28,445 [INFO] Desired_heading: 38.22780681400714
2021-07-29 04:20:28,445 [INFO] delta angle: -25
2021-07-29 04:20:28,446 [INFO] sending message $BPRMB,032028.52,25,1,0,750,0,1*74
...
2021-07-29 04:20:29,447 [INFO] sending message $BPSTS,032029.44,1,BWSI Autonomy OK*4e
...
2021-07-29 04:20:29,449 [INFO] Processing: $BFNVG,032027.10,4218.002742,N,07105.995343,W,0,10.0,1.0,57.8,0.0,0.0,032027.10*68
2021-07-29 04:20:29,451 [INFO] Interpreted as: {'position': (6.523386669112369, 4.9167186096310616), 'latlon': (42.3000457, -71.09992238333334), 'heading': 57.8, 'depth': 1.0, 'altitude': 10.0, 'roll': 0.0, 'pitch': 0.0, 'last_fix_time': datetime.datetime(2021, 7, 29, 3, 20, 27), 'speed': None, 'rudder': 0, 'datum': (42.3, -71.1)}
2021-07-29 04:20:29,452 [INFO] Processing: $BFNVG,032027.44,4218.002823,N,07105.995183,W,0,10.0,1.0,56.2,0.0,0.0,032027.44*65
2021-07-29 04:20:29,455 [INFO] Interpreted as: {'position': (6.746906583022792, 5.061200472526252), 'latlon': (42.30004705, -71.09991971666666), 'heading': 56.2, 'depth': 1.0, 'altitude': 10.0, 'roll': 0.0, 'pitch': 0.0, 'last_fix_time': datetime.datetime(2021, 7, 29, 3, 20, 27), 'speed': None, 'rudder': 0, 'datum': (42.3, -71.1)}
2021-07-29 04:20:29,456 [INFO] Processing: $BFNVG,032027.79,4218.002909,N,07105.995025,W,0,10.0,1.0,54.7,0.0,0.0,032027.79*66
2021-07-29 04:20:29,459 [INFO] Interpreted as: {'position': (6.967907081707381, 5.215003636665642), 'latlon': (42.300048483333335, -71.09991708333334), 'heading': 54.7, 'depth': 1.0, 'altitude': 10.0, 'roll': 0.0, 'pitch': 0.0, 'last_fix_time': datetime.datetime(2021, 7, 29, 3, 20, 27), 'speed': None, 'rudder': 0, 'datum': (42.3, -71.1)}
2021-07-29 04:20:29,460 [INFO] Processing: $BFNVG,032028.14,4218.002998,N,07105.994868,W,0,10.0,1.0,53.1,0.0,0.0,032028.14*6F
2021-07-29 04:20:29,462 [INFO] Interpreted as: {'position': (7.187670704792254, 5.374392800964415), 'latlon': (42.30004996666667, -71.09991446666666), 'heading': 53.1, 'depth': 1.0, 'altitude': 10.0, 'roll': 0.0, 'pitch': 0.0, 'last_fix_time': datetime.datetime(2021, 7, 29, 3, 20, 28), 'speed': None, 'rudder': 0, 'datum': (42.3, -71.1)}
2021-07-29 04:20:29,463 [INFO] Received from Frontseat: [b'$BFNVG,032027.10,4218.002742,N,07105.995343,W,0,10.0,1.0,57.8,0.0,0.0,032027.10*68', b'$BFNVG,032027.44,4218.002823,N,07105.995183,W,0,10.0,1.0,56.2,0.0,0.0,032027.44*65', b'$BFNVG,032027.79,4218.002909,N,07105.995025,W,0,10.0,1.0,54.7,0.0,0.0,032027.79*66', b'$BFNVG,032028.14,4218.002998,N,07105.994868,W,0,10.0,1.0,53.1,0.0,0.0,032028.14*6F']
2021-07-29 04:20:29,464 [INFO] AUV state: {'position': (7.187670704792254, 5.374392800964415), 'latlon': (42.30004996666667, -71.09991446666666), 'heading': 53.1, 'depth': 1.0, 'altitude': 10.0, 'roll': 0.0, 'pitch': 0.0, 'last_fix_time': datetime.datetime(2021, 7, 29, 3, 20, 28), 'speed': None, 'rudder': 0, 'datum': (42.3, -71.1)}
2021-07-29 04:20:29,786 [INFO] **** [] [(-16.87620785957581, -7.139160224275754), (-4.391282772481523, -4.590541476977422)]
2021-07-29 04:20:29,789 [INFO] Next green buoy: [], next red buoy: [(-16.87620785957581, -7.139160224275754), (-4.391282772481523, -4.590541476977422)]
2021-07-29 04:20:29,789 [INFO] Desired_heading: 36.223792140424194
2021-07-29 04:20:29,790 [INFO] delta angle: -25
2021-07-29 04:20:29,790 [INFO] sending message $BPRMB,032030.37,25,1,0,750,0,1*7e
...
2021-07-29 04:20:30,792 [INFO] sending message $BPSTS,032030.79,1,BWSI Autonomy OK*48
...
2021-07-29 04:20:30,793 [INFO] Processing: $BFNVG,032028.49,4218.003088,N,07105.994719,W,0,10.0,1.0,51.5,0.0,0.0,032028.49*69
2021-07-29 04:20:30,796 [INFO] Interpreted as: {'position': (7.396488956583198, 5.535903898067772), 'latlon': (42.300051466666666, -71.09991198333333), 'heading': 51.5, 'depth': 1.0, 'altitude': 10.0, 'roll': 0.0, 'pitch': 0.0, 'last_fix_time': datetime.datetime(2021, 7, 29, 3, 20, 28), 'speed': None, 'rudder': 0, 'datum': (42.3, -71.1)}
2021-07-29 04:20:30,797 [INFO] Processing: $BFNVG,032028.83,4218.003181,N,07105.994574,W,0,10.0,1.0,49.9,0.0,0.0,032028.83*6D
2021-07-29 04:20:30,799 [INFO] Interpreted as: {'position': (7.599948694580235, 5.703102706931531), 'latlon': (42.300053016666666, -71.09990956666667), 'heading': 49.9, 'depth': 1.0, 'altitude': 10.0, 'roll': 0.0, 'pitch': 0.0, 'last_fix_time': datetime.datetime(2021, 7, 29, 3, 20, 28), 'speed': None, 'rudder': 0, 'datum': (42.3, -71.1)}
2021-07-29 04:20:30,799 [INFO] Processing: $BFNVG,032029.17,4218.003278,N,07105.994430,W,0,10.0,1.0,48.3,0.0,0.0,032029.17*62
2021-07-29 04:20:30,801 [INFO] Interpreted as: {'position': (7.802217224729247, 5.877738212235272), 'latlon': (42.30005463333333, -71.09990716666667), 'heading': 48.3, 'depth': 1.0, 'altitude': 10.0, 'roll': 0.0, 'pitch': 0.0, 'last_fix_time': datetime.datetime(2021, 7, 29, 3, 20, 29), 'speed': None, 'rudder': 0, 'datum': (42.3, -71.1)}
2021-07-29 04:20:30,802 [INFO] Processing: $BFNVG,032029.52,4218.003378,N,07105.994290,W,0,10.0,1.0,46.7,0.0,0.0,032029.52*65
2021-07-29 04:20:30,804 [INFO] Interpreted as: {'position': (7.99912724288879, 6.058061429299414), 'latlon': (42.3000563, -71.09990483333333), 'heading': 46.7, 'depth': 1.0, 'altitude': 10.0, 'roll': 0.0, 'pitch': 0.0, 'last_fix_time': datetime.datetime(2021, 7, 29, 3, 20, 29), 'speed': None, 'rudder': 0, 'datum': (42.3, -71.1)}
2021-07-29 04:20:30,805 [INFO] Received from Frontseat: [b'$BFNVG,032028.49,4218.003088,N,07105.994719,W,0,10.0,1.0,51.5,0.0,0.0,032028.49*69', b'$BFNVG,032028.83,4218.003181,N,07105.994574,W,0,10.0,1.0,49.9,0.0,0.0,032028.83*6D', b'$BFNVG,032029.17,4218.003278,N,07105.994430,W,0,10.0,1.0,48.3,0.0,0.0,032029.17*62', b'$BFNVG,032029.52,4218.003378,N,07105.994290,W,0,10.0,1.0,46.7,0.0,0.0,032029.52*65']
2021-07-29 04:20:30,806 [INFO] AUV state: {'position': (7.99912724288879, 6.058061429299414), 'latlon': (42.3000563, -71.09990483333333), 'heading': 46.7, 'depth': 1.0, 'altitude': 10.0, 'roll': 0.0, 'pitch': 0.0, 'last_fix_time': datetime.datetime(2021, 7, 29, 3, 20, 29), 'speed': None, 'rudder': 0, 'datum': (42.3, -71.1)}
2021-07-29 04:20:31,113 [INFO] **** [] [(-12.064506046193927, -8.13530341546404), (2.6667320082423007, -4.923286290003506)]
2021-07-29 04:20:31,116 [INFO] Next green buoy: [], next red buoy: [(-12.064506046193927, -8.13530341546404), (2.6667320082423007, -4.923286290003506)]
2021-07-29 04:20:31,116 [INFO] Desired_heading: 34.635493953806076
2021-07-29 04:20:31,117 [INFO] delta angle: -24.129012092387825
2021-07-29 04:20:31,117 [INFO] sending message $BPRMB,032031.21,24.129012092387825,1,0,750,0,1*66
...
2021-07-29 04:20:32,119 [INFO] sending message $BPSTS,032032.11,1,BWSI Autonomy OK*44
...
2021-07-29 04:20:32,121 [INFO] Processing: $BFNVG,032029.87,4218.003482,N,07105.994153,W,0,10.0,1.0,45.0,0.0,0.0,032029.87*6F
2021-07-29 04:20:32,126 [INFO] Interpreted as: {'position': (8.192098291241564, 6.245889151468873), 'latlon': (42.300058033333336, -71.09990255), 'heading': 45.0, 'depth': 1.0, 'altitude': 10.0, 'roll': 0.0, 'pitch': 0.0, 'last_fix_time': datetime.datetime(2021, 7, 29, 3, 20, 29), 'speed': None, 'rudder': 0, 'datum': (42.3, -71.1)}
2021-07-29 04:20:32,127 [INFO] Processing: $BFNVG,032030.21,4218.003588,N,07105.994021,W,0,10.0,1.0,43.4,0.0,0.0,032030.21*62
2021-07-29 04:20:32,130 [INFO] Interpreted as: {'position': (8.378291278902907, 6.437587789259851), 'latlon': (42.3000598, -71.09990035), 'heading': 43.4, 'depth': 1.0, 'altitude': 10.0, 'roll': 0.0, 'pitch': 0.0, 'last_fix_time': datetime.datetime(2021, 7, 29, 3, 20, 30), 'speed': None, 'rudder': 0, 'datum': (42.3, -71.1)}
2021-07-29 04:20:32,132 [INFO] Processing: $BFNVG,032030.56,4218.003696,N,07105.993894,W,0,10.0,1.0,41.8,0.0,0.0,032030.56*61
2021-07-29 04:20:32,135 [INFO] Interpreted as: {'position': (8.557706202031113, 6.633157343603671), 'latlon': (42.3000616, -71.09989823333333), 'heading': 41.8, 'depth': 1.0, 'altitude': 10.0, 'roll': 0.0, 'pitch': 0.0, 'last_fix_time': datetime.datetime(2021, 7, 29, 3, 20, 30), 'speed': None, 'rudder': 0, 'datum': (42.3, -71.1)}
2021-07-29 04:20:32,136 [INFO] Processing: $BFNVG,032030.91,4218.003810,N,07105.993767,W,0,10.0,1.0,40.1,0.0,0.0,032030.91*6A
2021-07-29 04:20:32,138 [INFO] Interpreted as: {'position': (8.73739513673354, 6.839831083081663), 'latlon': (42.3000635, -71.09989611666667), 'heading': 40.1, 'depth': 1.0, 'altitude': 10.0, 'roll': 0.0, 'pitch': 0.0, 'last_fix_time': datetime.datetime(2021, 7, 29, 3, 20, 30), 'speed': None, 'rudder': 0, 'datum': (42.3, -71.1)}
2021-07-29 04:20:32,140 [INFO] Received from Frontseat: [b'$BFNVG,032029.87,4218.003482,N,07105.994153,W,0,10.0,1.0,45.0,0.0,0.0,032029.87*6F', b'$BFNVG,032030.21,4218.003588,N,07105.994021,W,0,10.0,1.0,43.4,0.0,0.0,032030.21*62', b'$BFNVG,032030.56,4218.003696,N,07105.993894,W,0,10.0,1.0,41.8,0.0,0.0,032030.56*61', b'$BFNVG,032030.91,4218.003810,N,07105.993767,W,0,10.0,1.0,40.1,0.0,0.0,032030.91*6A']
2021-07-29 04:20:32,141 [INFO] AUV state: {'position': (8.73739513673354, 6.839831083081663), 'latlon': (42.3000635, -71.09989611666667), 'heading': 40.1, 'depth': 1.0, 'altitude': 10.0, 'roll': 0.0, 'pitch': 0.0, 'last_fix_time': datetime.datetime(2021, 7, 29, 3, 20, 30), 'speed': None, 'rudder': 0, 'datum': (42.3, -71.1)}
2021-07-29 04:20:32,441 [INFO] **** [(-21.943435335216677, -8.343513113776496)] [(-6.295131995894928, -9.464696715804077), (10.572491362940777, -5.441194770031882)]
2021-07-29 04:20:32,443 [INFO] Next green buoy: [(-21.943435335216677, -8.343513113776496)], next red buoy: [(-6.295131995894928, -9.464696715804077), (10.572491362940777, -5.441194770031882)]
2021-07-29 04:20:32,444 [INFO] Desired_heading: 25.9807163344442
2021-07-29 04:20:32,444 [INFO] delta angle: -25
2021-07-29 04:20:32,445 [INFO] sending message $BPRMB,032033.02,25,1,0,750,0,1*7b
...
2021-07-29 04:20:33,447 [INFO] sending message $BPSTS,032033.44,1,BWSI Autonomy OK*45
...
2021-07-29 04:20:33,448 [INFO] Processing: $BFNVG,032031.27,4218.003927,N,07105.993645,W,0,10.0,1.0,38.5,0.0,0.0,032031.27*65
2021-07-29 04:20:33,450 [INFO] Interpreted as: {'position': (8.910351678845473, 7.052226438187063), 'latlon': (42.30006545, -71.09989408333334), 'heading': 38.5, 'depth': 1.0, 'altitude': 10.0, 'roll': 0.0, 'pitch': 0.0, 'last_fix_time': datetime.datetime(2021, 7, 29, 3, 20, 31), 'speed': None, 'rudder': 0, 'datum': (42.3, -71.1)}
2021-07-29 04:20:33,451 [INFO] Processing: $BFNVG,032031.61,4218.004042,N,07105.993531,W,0,10.0,1.0,36.9,0.0,0.0,032031.61*6A
2021-07-29 04:20:33,454 [INFO] Interpreted as: {'position': (9.07222584442934, 7.2611916260793805), 'latlon': (42.30006736666667, -71.09989218333334), 'heading': 36.9, 'depth': 1.0, 'altitude': 10.0, 'roll': 0.0, 'pitch': 0.0, 'last_fix_time': datetime.datetime(2021, 7, 29, 3, 20, 31), 'speed': None, 'rudder': 0, 'datum': (42.3, -71.1)}
2021-07-29 04:20:33,454 [INFO] Processing: $BFNVG,032031.96,4218.004160,N,07105.993420,W,0,10.0,1.0,35.3,0.0,0.0,032031.96*63
2021-07-29 04:20:33,456 [INFO] Interpreted as: {'position': (9.230115373036824, 7.475810620933771), 'latlon': (42.30006933333333, -71.09989033333333), 'heading': 35.3, 'depth': 1.0, 'altitude': 10.0, 'roll': 0.0, 'pitch': 0.0, 'last_fix_time': datetime.datetime(2021, 7, 29, 3, 20, 31), 'speed': None, 'rudder': 0, 'datum': (42.3, -71.1)}
2021-07-29 04:20:33,457 [INFO] Processing: $BFNVG,032032.31,4218.004283,N,07105.993312,W,0,10.0,1.0,33.7,0.0,0.0,032032.31*69
2021-07-29 04:20:33,461 [INFO] Interpreted as: {'position': (9.384111608262174, 7.699784814380109), 'latlon': (42.30007138333333, -71.09988853333333), 'heading': 33.7, 'depth': 1.0, 'altitude': 10.0, 'roll': 0.0, 'pitch': 0.0, 'last_fix_time': datetime.datetime(2021, 7, 29, 3, 20, 32), 'speed': None, 'rudder': 0, 'datum': (42.3, -71.1)}
2021-07-29 04:20:33,462 [INFO] Received from Frontseat: [b'$BFNVG,032031.27,4218.003927,N,07105.993645,W,0,10.0,1.0,38.5,0.0,0.0,032031.27*65', b'$BFNVG,032031.61,4218.004042,N,07105.993531,W,0,10.0,1.0,36.9,0.0,0.0,032031.61*6A', b'$BFNVG,032031.96,4218.004160,N,07105.993420,W,0,10.0,1.0,35.3,0.0,0.0,032031.96*63', b'$BFNVG,032032.31,4218.004283,N,07105.993312,W,0,10.0,1.0,33.7,0.0,0.0,032032.31*69']
2021-07-29 04:20:33,463 [INFO] AUV state: {'position': (9.384111608262174, 7.699784814380109), 'latlon': (42.30007138333333, -71.09988853333333), 'heading': 33.7, 'depth': 1.0, 'altitude': 10.0, 'roll': 0.0, 'pitch': 0.0, 'last_fix_time': datetime.datetime(2021, 7, 29, 3, 20, 32), 'speed': None, 'rudder': 0, 'datum': (42.3, -71.1)}
2021-07-29 04:20:33,790 [INFO] **** [(-18.534888946712055, -9.681930035534501)] [(0.23503914755377345, -11.507494261208368), (18.55854507391889, -5.996523026208747)]
2021-07-29 04:20:33,793 [INFO] Next green buoy: [(-18.534888946712055, -9.681930035534501)], next red buoy: [(0.23503914755377345, -11.507494261208368), (18.55854507391889, -5.996523026208747)]
2021-07-29 04:20:33,793 [INFO] Desired_heading: 24.550075100420862
2021-07-29 04:20:33,794 [INFO] delta angle: -18.299849799158267
2021-07-29 04:20:33,794 [INFO] sending message $BPRMB,032033.86,18.299849799158267,1,0,750,0,1*68
...
2021-07-29 04:20:34,796 [INFO] sending message $BPSTS,032034.79,1,BWSI Autonomy OK*4c
...
2021-07-29 04:20:34,798 [INFO] Processing: $BFNVG,032032.66,4218.004408,N,07105.993209,W,0,10.0,1.0,32.2,0.0,0.0,032032.66*63
2021-07-29 04:20:34,800 [INFO] Interpreted as: {'position': (9.53132978035137, 7.927629919722676), 'latlon': (42.30007346666667, -71.09988681666667), 'heading': 32.2, 'depth': 1.0, 'altitude': 10.0, 'roll': 0.0, 'pitch': 0.0, 'last_fix_time': datetime.datetime(2021, 7, 29, 3, 20, 32), 'speed': None, 'rudder': 0, 'datum': (42.3, -71.1)}
2021-07-29 04:20:34,801 [INFO] Processing: $BFNVG,032033.02,4218.004539,N,07105.993108,W,0,10.0,1.0,30.5,0.0,0.0,032033.02*67
2021-07-29 04:20:34,803 [INFO] Interpreted as: {'position': (9.676074207003694, 8.16664701886475), 'latlon': (42.30007565, -71.09988513333333), 'heading': 30.5, 'depth': 1.0, 'altitude': 10.0, 'roll': 0.0, 'pitch': 0.0, 'last_fix_time': datetime.datetime(2021, 7, 29, 3, 20, 33), 'speed': None, 'rudder': 0, 'datum': (42.3, -71.1)}
2021-07-29 04:20:34,804 [INFO] Processing: $BFNVG,032033.38,4218.004671,N,07105.993012,W,0,10.0,1.0,28.8,0.0,0.0,032033.38*66
2021-07-29 04:20:34,806 [INFO] Interpreted as: {'position': (9.813994899275713, 8.40768433175981), 'latlon': (42.30007785, -71.09988353333334), 'heading': 28.8, 'depth': 1.0, 'altitude': 10.0, 'roll': 0.0, 'pitch': 0.0, 'last_fix_time': datetime.datetime(2021, 7, 29, 3, 20, 33), 'speed': None, 'rudder': 0, 'datum': (42.3, -71.1)}
2021-07-29 04:20:34,807 [INFO] Processing: $BFNVG,032033.73,4218.004801,N,07105.992925,W,0,10.0,1.0,27.1,0.0,0.0,032033.73*65
2021-07-29 04:20:34,809 [INFO] Interpreted as: {'position': (9.939459345012438, 8.645325381308794), 'latlon': (42.30008001666667, -71.09988208333333), 'heading': 27.1, 'depth': 1.0, 'altitude': 10.0, 'roll': 0.0, 'pitch': 0.0, 'last_fix_time': datetime.datetime(2021, 7, 29, 3, 20, 33), 'speed': None, 'rudder': 0, 'datum': (42.3, -71.1)}
2021-07-29 04:20:34,810 [INFO] Received from Frontseat: [b'$BFNVG,032032.66,4218.004408,N,07105.993209,W,0,10.0,1.0,32.2,0.0,0.0,032032.66*63', b'$BFNVG,032033.02,4218.004539,N,07105.993108,W,0,10.0,1.0,30.5,0.0,0.0,032033.02*67', b'$BFNVG,032033.38,4218.004671,N,07105.993012,W,0,10.0,1.0,28.8,0.0,0.0,032033.38*66', b'$BFNVG,032033.73,4218.004801,N,07105.992925,W,0,10.0,1.0,27.1,0.0,0.0,032033.73*65']
2021-07-29 04:20:34,811 [INFO] AUV state: {'position': (9.939459345012438, 8.645325381308794), 'latlon': (42.30008001666667, -71.09988208333333), 'heading': 27.1, 'depth': 1.0, 'altitude': 10.0, 'roll': 0.0, 'pitch': 0.0, 'last_fix_time': datetime.datetime(2021, 7, 29, 3, 20, 33), 'speed': None, 'rudder': 0, 'datum': (42.3, -71.1)}
2021-07-29 04:20:35,149 [INFO] **** [(-14.786641586940274, -11.61273994164962)] [(8.517083217520423, -14.400671619141741)]
2021-07-29 04:20:35,152 [INFO] Next green buoy: [(-14.786641586940274, -11.61273994164962)], next red buoy: [(8.517083217520423, -14.400671619141741)]
2021-07-29 04:20:35,152 [INFO] Desired_heading: 23.965220815290074
2021-07-29 04:20:35,152 [INFO] delta angle: -6.269558369419883
2021-07-29 04:20:35,153 [INFO] sending message $BPRMB,032035.72,6.269558369419883,1,0,750,0,1*53
...
2021-07-29 04:20:36,155 [INFO] sending message $BPSTS,032036.15,1,BWSI Autonomy OK*44
...
2021-07-29 04:20:36,156 [INFO] Processing: $BFNVG,032034.13,4218.004951,N,07105.992832,W,0,10.0,1.0,25.3,0.0,0.0,032034.13*66
2021-07-29 04:20:36,158 [INFO] Interpreted as: {'position': (10.07408044213662, 8.919776958413422), 'latlon': (42.30008251666667, -71.09988053333333), 'heading': 25.3, 'depth': 1.0, 'altitude': 10.0, 'roll': 0.0, 'pitch': 0.0, 'last_fix_time': datetime.datetime(2021, 7, 29, 3, 20, 34), 'speed': None, 'rudder': 0, 'datum': (42.3, -71.1)}
2021-07-29 04:20:36,159 [INFO] Processing: $BFNVG,032034.50,4218.005093,N,07105.992749,W,0,10.0,1.0,24.0,0.0,0.0,032034.50*61
2021-07-29 04:20:36,161 [INFO] Interpreted as: {'position': (10.19459738949081, 9.17976199183613), 'latlon': (42.300084883333334, -71.09987915), 'heading': 24.0, 'depth': 1.0, 'altitude': 10.0, 'roll': 0.0, 'pitch': 0.0, 'last_fix_time': datetime.datetime(2021, 7, 29, 3, 20, 34), 'speed': None, 'rudder': 0, 'datum': (42.3, -71.1)}
2021-07-29 04:20:36,162 [INFO] Processing: $BFNVG,032034.85,4218.005228,N,07105.992676,W,0,10.0,1.0,22.8,0.0,0.0,032034.85*60
2021-07-29 04:20:36,164 [INFO] Interpreted as: {'position': (10.301055867166724, 9.427131176926196), 'latlon': (42.300087133333335, -71.09987793333333), 'heading': 22.8, 'depth': 1.0, 'altitude': 10.0, 'roll': 0.0, 'pitch': 0.0, 'last_fix_time': datetime.datetime(2021, 7, 29, 3, 20, 34), 'speed': None, 'rudder': 0, 'datum': (42.3, -71.1)}
2021-07-29 04:20:36,165 [INFO] Received from Frontseat: [b'$BFNVG,032034.13,4218.004951,N,07105.992832,W,0,10.0,1.0,25.3,0.0,0.0,032034.13*66', b'$BFNVG,032034.50,4218.005093,N,07105.992749,W,0,10.0,1.0,24.0,0.0,0.0,032034.50*61', b'$BFNVG,032034.85,4218.005228,N,07105.992676,W,0,10.0,1.0,22.8,0.0,0.0,032034.85*60']
2021-07-29 04:20:36,166 [INFO] AUV state: {'position': (10.301055867166724, 9.427131176926196), 'latlon': (42.300087133333335, -71.09987793333333), 'heading': 22.8, 'depth': 1.0, 'altitude': 10.0, 'roll': 0.0, 'pitch': 0.0, 'last_fix_time': datetime.datetime(2021, 7, 29, 3, 20, 34), 'speed': None, 'rudder': 0, 'datum': (42.3, -71.1)}
2021-07-29 04:20:36,495 [INFO] **** [(-12.631721117692132, -13.769385213795998)] [(15.735612568943557, -17.992327029438776)]
2021-07-29 04:20:36,497 [INFO] Next green buoy: [(-12.631721117692132, -13.769385213795998)], next red buoy: [(15.735612568943557, -17.992327029438776)]
2021-07-29 04:20:36,497 [INFO] Desired_heading: 24.35194572562571
2021-07-29 04:20:36,498 [INFO] delta angle: 3.103891451251421
2021-07-29 04:20:36,498 [INFO] sending message $BPRMB,032036.58,-3.103891451251421,1,0,750,0,1*75
...
2021-07-29 04:20:37,500 [INFO] sending message $BPSTS,032037.50,1,BWSI Autonomy OK*44
...
2021-07-29 04:20:37,501 [INFO] Processing: $BFNVG,032035.20,4218.005365,N,07105.992606,W,0,10.0,1.0,21.6,0.0,0.0,032035.20*62
2021-07-29 04:20:37,506 [INFO] Interpreted as: {'position': (10.403484039299656, 9.678303468041122), 'latlon': (42.300089416666665, -71.09987676666667), 'heading': 21.6, 'depth': 1.0, 'altitude': 10.0, 'roll': 0.0, 'pitch': 0.0, 'last_fix_time': datetime.datetime(2021, 7, 29, 3, 20, 35), 'speed': None, 'rudder': 0, 'datum': (42.3, -71.1)}
2021-07-29 04:20:37,508 [INFO] Processing: $BFNVG,032035.55,4218.005501,N,07105.992539,W,0,10.0,1.0,21.2,0.0,0.0,032035.55*6D
2021-07-29 04:20:37,510 [INFO] Interpreted as: {'position': (10.50174490606878, 9.9277267716825), 'latlon': (42.300091683333335, -71.09987565), 'heading': 21.2, 'depth': 1.0, 'altitude': 10.0, 'roll': 0.0, 'pitch': 0.0, 'last_fix_time': datetime.datetime(2021, 7, 29, 3, 20, 35), 'speed': None, 'rudder': 0, 'datum': (42.3, -71.1)}
2021-07-29 04:20:37,511 [INFO] Processing: $BFNVG,032035.90,4218.005639,N,07105.992474,W,0,10.0,1.0,20.8,0.0,0.0,032035.90*66
2021-07-29 04:20:37,513 [INFO] Interpreted as: {'position': (10.597349345567636, 10.18091927561909), 'latlon': (42.30009398333333, -71.09987456666667), 'heading': 20.8, 'depth': 1.0, 'altitude': 10.0, 'roll': 0.0, 'pitch': 0.0, 'last_fix_time': datetime.datetime(2021, 7, 29, 3, 20, 35), 'speed': None, 'rudder': 0, 'datum': (42.3, -71.1)}
2021-07-29 04:20:37,513 [INFO] Processing: $BFNVG,032036.25,4218.005779,N,07105.992408,W,0,10.0,1.0,20.4,0.0,0.0,032036.25*64
2021-07-29 04:20:37,515 [INFO] Interpreted as: {'position': (10.694418999599293, 10.437779273837805), 'latlon': (42.30009631666667, -71.09987346666666), 'heading': 20.4, 'depth': 1.0, 'altitude': 10.0, 'roll': 0.0, 'pitch': 0.0, 'last_fix_time': datetime.datetime(2021, 7, 29, 3, 20, 36), 'speed': None, 'rudder': 0, 'datum': (42.3, -71.1)}
2021-07-29 04:20:37,516 [INFO] Received from Frontseat: [b'$BFNVG,032035.20,4218.005365,N,07105.992606,W,0,10.0,1.0,21.6,0.0,0.0,032035.20*62', b'$BFNVG,032035.55,4218.005501,N,07105.992539,W,0,10.0,1.0,21.2,0.0,0.0,032035.55*6D', b'$BFNVG,032035.90,4218.005639,N,07105.992474,W,0,10.0,1.0,20.8,0.0,0.0,032035.90*66', b'$BFNVG,032036.25,4218.005779,N,07105.992408,W,0,10.0,1.0,20.4,0.0,0.0,032036.25*64']
2021-07-29 04:20:37,517 [INFO] AUV state: {'position': (10.694418999599293, 10.437779273837805), 'latlon': (42.30009631666667, -71.09987346666666), 'heading': 20.4, 'depth': 1.0, 'altitude': 10.0, 'roll': 0.0, 'pitch': 0.0, 'last_fix_time': datetime.datetime(2021, 7, 29, 3, 20, 36), 'speed': None, 'rudder': 0, 'datum': (42.3, -71.1)}
2021-07-29 04:20:37,865 [INFO] **** [(-13.578066388541192, -18.2321070064575)] [(25.262708482811117, -23.970844523753673)]
2021-07-29 04:20:37,867 [INFO] Next green buoy: [(-13.578066388541192, -18.2321070064575)], next red buoy: [(25.262708482811117, -23.970844523753673)]
2021-07-29 04:20:37,868 [INFO] Desired_heading: 26.24232104713496
2021-07-29 04:20:37,868 [INFO] delta angle: 11.684642094269925
2021-07-29 04:20:37,869 [INFO] sending message $BPRMB,032038.41,-11.684642094269925,1,0,750,0,1*47
...
2021-07-29 04:20:38,871 [INFO] sending message $BPSTS,032038.87,1,BWSI Autonomy OK*41
...
2021-07-29 04:20:38,872 [INFO] Processing: $BFNVG,032036.60,4218.005916,N,07105.992345,W,0,10.0,1.0,19.9,0.0,0.0,032036.60*6A
2021-07-29 04:20:38,874 [INFO] Interpreted as: {'position': (10.787230001937132, 10.689188891090453), 'latlon': (42.3000986, -71.09987241666667), 'heading': 19.9, 'depth': 1.0, 'altitude': 10.0, 'roll': 0.0, 'pitch': 0.0, 'last_fix_time': datetime.datetime(2021, 7, 29, 3, 20, 36), 'speed': None, 'rudder': 0, 'datum': (42.3, -71.1)}
2021-07-29 04:20:38,875 [INFO] Processing: $BFNVG,032036.95,4218.006054,N,07105.992283,W,0,10.0,1.0,20.1,0.0,0.0,032036.95*6F
2021-07-29 04:20:38,877 [INFO] Interpreted as: {'position': (10.878712792065926, 10.942483109422028), 'latlon': (42.3001009, -71.09987138333334), 'heading': 20.1, 'depth': 1.0, 'altitude': 10.0, 'roll': 0.0, 'pitch': 0.0, 'last_fix_time': datetime.datetime(2021, 7, 29, 3, 20, 36), 'speed': None, 'rudder': 0, 'datum': (42.3, -71.1)}
2021-07-29 04:20:38,877 [INFO] Processing: $BFNVG,032037.30,4218.006192,N,07105.992219,W,0,10.0,1.0,20.3,0.0,0.0,032037.30*65
2021-07-29 04:20:38,879 [INFO] Interpreted as: {'position': (10.972943331464194, 11.195709521882236), 'latlon': (42.3001032, -71.09987031666667), 'heading': 20.3, 'depth': 1.0, 'altitude': 10.0, 'roll': 0.0, 'pitch': 0.0, 'last_fix_time': datetime.datetime(2021, 7, 29, 3, 20, 37), 'speed': None, 'rudder': 0, 'datum': (42.3, -71.1)}
2021-07-29 04:20:38,880 [INFO] Processing: $BFNVG,032037.65,4218.006330,N,07105.992155,W,0,10.0,1.0,20.6,0.0,0.0,032037.65*61
2021-07-29 04:20:38,882 [INFO] Interpreted as: {'position': (11.06717386469245, 11.448935936205089), 'latlon': (42.3001055, -71.09986925), 'heading': 20.6, 'depth': 1.0, 'altitude': 10.0, 'roll': 0.0, 'pitch': 0.0, 'last_fix_time': datetime.datetime(2021, 7, 29, 3, 20, 37), 'speed': None, 'rudder': 0, 'datum': (42.3, -71.1)}
2021-07-29 04:20:38,883 [INFO] Received from Frontseat: [b'$BFNVG,032036.60,4218.005916,N,07105.992345,W,0,10.0,1.0,19.9,0.0,0.0,032036.60*6A', b'$BFNVG,032036.95,4218.006054,N,07105.992283,W,0,10.0,1.0,20.1,0.0,0.0,032036.95*6F', b'$BFNVG,032037.30,4218.006192,N,07105.992219,W,0,10.0,1.0,20.3,0.0,0.0,032037.30*65', b'$BFNVG,032037.65,4218.006330,N,07105.992155,W,0,10.0,1.0,20.6,0.0,0.0,032037.65*61']
2021-07-29 04:20:38,885 [INFO] AUV state: {'position': (11.06717386469245, 11.448935936205089), 'latlon': (42.3001055, -71.09986925), 'heading': 20.6, 'depth': 1.0, 'altitude': 10.0, 'roll': 0.0, 'pitch': 0.0, 'last_fix_time': datetime.datetime(2021, 7, 29, 3, 20, 37), 'speed': None, 'rudder': 0, 'datum': (42.3, -71.1)}
2021-07-29 04:20:39,210 [INFO] **** [(-19.0681127296158, -23.95129620669691)] [(-18.993265043123035, -23.787971957791296), (-17.620136234562278, -24.340624295905613)]
2021-07-29 04:20:39,212 [INFO] Next green buoy: [(-19.0681127296158, -23.95129620669691)], next red buoy: [(-18.993265043123035, -23.787971957791296), (-17.620136234562278, -24.340624295905613)]
2021-07-29 04:20:39,213 [INFO] Desired_heading: 1.569311113630583
2021-07-29 04:20:39,213 [INFO] delta angle: -25
2021-07-29 04:20:39,214 [INFO] sending message $BPRMB,032039.32,25,1,0,750,0,1*72
...
2021-07-29 04:20:40,215 [INFO] sending message $BPSTS,032040.21,1,BWSI Autonomy OK*42
...
2021-07-29 04:20:40,217 [INFO] Processing: $BFNVG,032038.00,4218.006467,N,07105.992091,W,0,10.0,1.0,20.8,0.0,0.0,032038.00*63
2021-07-29 04:20:40,219 [INFO] Interpreted as: {'position': (11.161358722369187, 11.700311654247344), 'latlon': (42.30010778333333, -71.09986818333333), 'heading': 20.8, 'depth': 1.0, 'altitude': 10.0, 'roll': 0.0, 'pitch': 0.0, 'last_fix_time': datetime.datetime(2021, 7, 29, 3, 20, 38), 'speed': None, 'rudder': 0, 'datum': (42.3, -71.1)}
2021-07-29 04:20:40,220 [INFO] Processing: $BFNVG,032038.35,4218.006605,N,07105.992024,W,0,10.0,1.0,21.5,0.0,0.0,032038.35*67
2021-07-29 04:20:40,222 [INFO] Interpreted as: {'position': (11.259710875572637, 11.95343636162579), 'latlon': (42.30011008333334, -71.09986706666666), 'heading': 21.5, 'depth': 1.0, 'altitude': 10.0, 'roll': 0.0, 'pitch': 0.0, 'last_fix_time': datetime.datetime(2021, 7, 29, 3, 20, 38), 'speed': None, 'rudder': 0, 'datum': (42.3, -71.1)}
2021-07-29 04:20:40,223 [INFO] Processing: $BFNVG,032038.70,4218.006744,N,07105.991954,W,0,10.0,1.0,22.3,0.0,0.0,032038.70*6B
2021-07-29 04:20:40,225 [INFO] Interpreted as: {'position': (11.362230323604308, 12.208310060203075), 'latlon': (42.3001124, -71.0998659), 'heading': 22.3, 'depth': 1.0, 'altitude': 10.0, 'roll': 0.0, 'pitch': 0.0, 'last_fix_time': datetime.datetime(2021, 7, 29, 3, 20, 38), 'speed': None, 'rudder': 0, 'datum': (42.3, -71.1)}
2021-07-29 04:20:40,226 [INFO] Processing: $BFNVG,032039.07,4218.006885,N,07105.991880,W,0,10.0,1.0,23.1,0.0,0.0,032039.07*62
2021-07-29 04:20:40,228 [INFO] Interpreted as: {'position': (11.470336612546816, 12.466749539598823), 'latlon': (42.30011475, -71.09986466666666), 'heading': 23.1, 'depth': 1.0, 'altitude': 10.0, 'roll': 0.0, 'pitch': 0.0, 'last_fix_time': datetime.datetime(2021, 7, 29, 3, 20, 39), 'speed': None, 'rudder': 0, 'datum': (42.3, -71.1)}
2021-07-29 04:20:40,229 [INFO] Received from Frontseat: [b'$BFNVG,032038.00,4218.006467,N,07105.992091,W,0,10.0,1.0,20.8,0.0,0.0,032038.00*63', b'$BFNVG,032038.35,4218.006605,N,07105.992024,W,0,10.0,1.0,21.5,0.0,0.0,032038.35*67', b'$BFNVG,032038.70,4218.006744,N,07105.991954,W,0,10.0,1.0,22.3,0.0,0.0,032038.70*6B', b'$BFNVG,032039.07,4218.006885,N,07105.991880,W,0,10.0,1.0,23.1,0.0,0.0,032039.07*62']
2021-07-29 04:20:40,230 [INFO] AUV state: {'position': (11.470336612546816, 12.466749539598823), 'latlon': (42.30011475, -71.09986466666666), 'heading': 23.1, 'depth': 1.0, 'altitude': 10.0, 'roll': 0.0, 'pitch': 0.0, 'last_fix_time': datetime.datetime(2021, 7, 29, 3, 20, 39), 'speed': None, 'rudder': 0, 'datum': (42.3, -71.1)}
2021-07-29 04:20:40,513 [INFO] **** [] []
2021-07-29 04:20:40,515 [INFO] Next green buoy: [], next red buoy: []
2021-07-29 04:20:40,516 [INFO] Desired_heading: 23.1
2021-07-29 04:20:40,516 [INFO] delta angle: 0.0
2021-07-29 04:20:40,516 [INFO] sending message $BPRMB,032041.10,-0.0,1,0,750,0,1*79
...
2021-07-29 04:20:41,518 [INFO] sending message $BPSTS,032041.51,1,BWSI Autonomy OK*44
...
2021-07-29 04:20:41,519 [INFO] Processing: $BFNVG,032039.42,4218.007021,N,07105.991806,W,0,10.0,1.0,23.9,0.0,0.0,032039.42*63
2021-07-29 04:20:41,522 [INFO] Interpreted as: {'position': (11.578214548062533, 12.715935537591577), 'latlon': (42.30011701666667, -71.09986343333334), 'heading': 23.9, 'depth': 1.0, 'altitude': 10.0, 'roll': 0.0, 'pitch': 0.0, 'last_fix_time': datetime.datetime(2021, 7, 29, 3, 20, 39), 'speed': None, 'rudder': 0, 'datum': (42.3, -71.1)}
2021-07-29 04:20:41,522 [INFO] Processing: $BFNVG,032039.77,4218.007157,N,07105.991733,W,0,10.0,1.0,22.2,0.0,0.0,032039.77*60
2021-07-29 04:20:41,524 [INFO] Interpreted as: {'position': (11.68471859942656, 12.965155439451337), 'latlon': (42.30011928333333, -71.09986221666666), 'heading': 22.2, 'depth': 1.0, 'altitude': 10.0, 'roll': 0.0, 'pitch': 0.0, 'last_fix_time': datetime.datetime(2021, 7, 29, 3, 20, 39), 'speed': None, 'rudder': 0, 'datum': (42.3, -71.1)}
2021-07-29 04:20:41,525 [INFO] Processing: $BFNVG,032040.12,4218.007295,N,07105.991666,W,0,10.0,1.0,20.6,0.0,0.0,032040.12*6A
2021-07-29 04:20:41,527 [INFO] Interpreted as: {'position': (11.783070719218813, 13.218280154280365), 'latlon': (42.300121583333336, -71.0998611), 'heading': 20.6, 'depth': 1.0, 'altitude': 10.0, 'roll': 0.0, 'pitch': 0.0, 'last_fix_time': datetime.datetime(2021, 7, 29, 3, 20, 40), 'speed': None, 'rudder': 0, 'datum': (42.3, -71.1)}
2021-07-29 04:20:41,528 [INFO] Processing: $BFNVG,032040.47,4218.007433,N,07105.991604,W,0,10.0,1.0,18.9,0.0,0.0,032040.47*60
2021-07-29 04:20:41,531 [INFO] Interpreted as: {'position': (11.874553447123617, 13.471574384719133), 'latlon': (42.300123883333335, -71.09986006666666), 'heading': 18.9, 'depth': 1.0, 'altitude': 10.0, 'roll': 0.0, 'pitch': 0.0, 'last_fix_time': datetime.datetime(2021, 7, 29, 3, 20, 40), 'speed': None, 'rudder': 0, 'datum': (42.3, -71.1)}
2021-07-29 04:20:41,532 [INFO] Received from Frontseat: [b'$BFNVG,032039.42,4218.007021,N,07105.991806,W,0,10.0,1.0,23.9,0.0,0.0,032039.42*63', b'$BFNVG,032039.77,4218.007157,N,07105.991733,W,0,10.0,1.0,22.2,0.0,0.0,032039.77*60', b'$BFNVG,032040.12,4218.007295,N,07105.991666,W,0,10.0,1.0,20.6,0.0,0.0,032040.12*6A', b'$BFNVG,032040.47,4218.007433,N,07105.991604,W,0,10.0,1.0,18.9,0.0,0.0,032040.47*60']
2021-07-29 04:20:41,533 [INFO] AUV state: {'position': (11.874553447123617, 13.471574384719133), 'latlon': (42.300123883333335, -71.09986006666666), 'heading': 18.9, 'depth': 1.0, 'altitude': 10.0, 'roll': 0.0, 'pitch': 0.0, 'last_fix_time': datetime.datetime(2021, 7, 29, 3, 20, 40), 'speed': None, 'rudder': 0, 'datum': (42.3, -71.1)}
2021-07-29 04:20:41,828 [INFO] **** [] []
2021-07-29 04:20:41,830 [INFO] Next green buoy: [], next red buoy: []
2021-07-29 04:20:41,831 [INFO] Desired_heading: 18.9
2021-07-29 04:20:41,831 [INFO] delta angle: 0.0
2021-07-29 04:20:41,832 [INFO] sending message $BPRMB,032041.93,-0.0,1,0,750,0,1*72
...
2021-07-29 04:20:42,834 [INFO] sending message $BPSTS,032042.83,1,BWSI Autonomy OK*48
...
2021-07-29 04:20:42,836 [INFO] Processing: $BFNVG,032040.82,4218.007573,N,07105.991548,W,0,10.0,1.0,17.3,0.0,0.0,032040.82*6B
2021-07-29 04:20:42,841 [INFO] Interpreted as: {'position': (11.957884245086461, 13.728773426264524), 'latlon': (42.30012621666667, -71.09985913333334), 'heading': 17.3, 'depth': 1.0, 'altitude': 10.0, 'roll': 0.0, 'pitch': 0.0, 'last_fix_time': datetime.datetime(2021, 7, 29, 3, 20, 40), 'speed': None, 'rudder': 0, 'datum': (42.3, -71.1)}
2021-07-29 04:20:42,843 [INFO] Processing: $BFNVG,032041.17,4218.007713,N,07105.991494,W,0,10.0,1.0,17.3,0.0,0.0,032041.17*6F
2021-07-29 04:20:42,846 [INFO] Interpreted as: {'position': (12.038467281498015, 13.986040273681283), 'latlon': (42.30012855, -71.09985823333334), 'heading': 17.3, 'depth': 1.0, 'altitude': 10.0, 'roll': 0.0, 'pitch': 0.0, 'last_fix_time': datetime.datetime(2021, 7, 29, 3, 20, 41), 'speed': None, 'rudder': 0, 'datum': (42.3, -71.1)}
2021-07-29 04:20:42,847 [INFO] Processing: $BFNVG,032041.52,4218.007853,N,07105.991440,W,0,10.0,1.0,17.3,0.0,0.0,032041.52*6D
2021-07-29 04:20:42,850 [INFO] Interpreted as: {'position': (12.11905031488277, 14.243307122029364), 'latlon': (42.30013088333333, -71.09985733333333), 'heading': 17.3, 'depth': 1.0, 'altitude': 10.0, 'roll': 0.0, 'pitch': 0.0, 'last_fix_time': datetime.datetime(2021, 7, 29, 3, 20, 41), 'speed': None, 'rudder': 0, 'datum': (42.3, -71.1)}
2021-07-29 04:20:42,851 [INFO] Received from Frontseat: [b'$BFNVG,032040.82,4218.007573,N,07105.991548,W,0,10.0,1.0,17.3,0.0,0.0,032040.82*6B', b'$BFNVG,032041.17,4218.007713,N,07105.991494,W,0,10.0,1.0,17.3,0.0,0.0,032041.17*6F', b'$BFNVG,032041.52,4218.007853,N,07105.991440,W,0,10.0,1.0,17.3,0.0,0.0,032041.52*6D']
2021-07-29 04:20:42,852 [INFO] AUV state: {'position': (12.11905031488277, 14.243307122029364), 'latlon': (42.30013088333333, -71.09985733333333), 'heading': 17.3, 'depth': 1.0, 'altitude': 10.0, 'roll': 0.0, 'pitch': 0.0, 'last_fix_time': datetime.datetime(2021, 7, 29, 3, 20, 41), 'speed': None, 'rudder': 0, 'datum': (42.3, -71.1)}
2021-07-29 04:20:43,143 [INFO] **** [] []
2021-07-29 04:20:43,145 [INFO] Next green buoy: [], next red buoy: []
2021-07-29 04:20:43,146 [INFO] Desired_heading: 17.3
2021-07-29 04:20:43,146 [INFO] delta angle: 0.0
2021-07-29 04:20:43,146 [INFO] sending message $BPRMB,032043.73,-0.0,1,0,750,0,1*7e
...
2021-07-29 04:20:44,148 [INFO] sending message $BPSTS,032044.14,1,BWSI Autonomy OK*40
...
2021-07-29 04:20:44,150 [INFO] Processing: $BFNVG,032041.87,4218.007994,N,07105.991386,W,0,10.0,1.0,17.3,0.0,0.0,032041.87*6A
2021-07-29 04:20:44,152 [INFO] Interpreted as: {'position': (12.199679012061097, 14.502424670383334), 'latlon': (42.300133233333334, -71.09985643333333), 'heading': 17.3, 'depth': 1.0, 'altitude': 10.0, 'roll': 0.0, 'pitch': 0.0, 'last_fix_time': datetime.datetime(2021, 7, 29, 3, 20, 41), 'speed': None, 'rudder': 0, 'datum': (42.3, -71.1)}
2021-07-29 04:20:44,152 [INFO] Processing: $BFNVG,032042.22,4218.008135,N,07105.991332,W,0,10.0,1.0,17.3,0.0,0.0,032042.22*69
2021-07-29 04:20:44,154 [INFO] Interpreted as: {'position': (12.280307701905258, 14.761542217805982), 'latlon': (42.300135583333336, -71.09985553333334), 'heading': 17.3, 'depth': 1.0, 'altitude': 10.0, 'roll': 0.0, 'pitch': 0.0, 'last_fix_time': datetime.datetime(2021, 7, 29, 3, 20, 42), 'speed': None, 'rudder': 0, 'datum': (42.3, -71.1)}
2021-07-29 04:20:44,155 [INFO] Processing: $BFNVG,032042.58,4218.008276,N,07105.991278,W,0,10.0,1.0,17.3,0.0,0.0,032042.58*62
2021-07-29 04:20:44,158 [INFO] Interpreted as: {'position': (12.360936390701681, 15.02065976522863), 'latlon': (42.30013793333333, -71.09985463333334), 'heading': 17.3, 'depth': 1.0, 'altitude': 10.0, 'roll': 0.0, 'pitch': 0.0, 'last_fix_time': datetime.datetime(2021, 7, 29, 3, 20, 42), 'speed': None, 'rudder': 0, 'datum': (42.3, -71.1)}
2021-07-29 04:20:44,159 [INFO] Processing: $BFNVG,032042.93,4218.008417,N,07105.991224,W,0,10.0,1.0,17.3,0.0,0.0,032042.93*6A
2021-07-29 04:20:44,161 [INFO] Interpreted as: {'position': (12.441565070184879, 15.279777315445244), 'latlon': (42.300140283333334, -71.09985373333333), 'heading': 17.3, 'depth': 1.0, 'altitude': 10.0, 'roll': 0.0, 'pitch': 0.0, 'last_fix_time': datetime.datetime(2021, 7, 29, 3, 20, 42), 'speed': None, 'rudder': 0, 'datum': (42.3, -71.1)}
2021-07-29 04:20:44,163 [INFO] Received from Frontseat: [b'$BFNVG,032041.87,4218.007994,N,07105.991386,W,0,10.0,1.0,17.3,0.0,0.0,032041.87*6A', b'$BFNVG,032042.22,4218.008135,N,07105.991332,W,0,10.0,1.0,17.3,0.0,0.0,032042.22*69', b'$BFNVG,032042.58,4218.008276,N,07105.991278,W,0,10.0,1.0,17.3,0.0,0.0,032042.58*62', b'$BFNVG,032042.93,4218.008417,N,07105.991224,W,0,10.0,1.0,17.3,0.0,0.0,032042.93*6A']
2021-07-29 04:20:44,164 [INFO] AUV state: {'position': (12.441565070184879, 15.279777315445244), 'latlon': (42.300140283333334, -71.09985373333333), 'heading': 17.3, 'depth': 1.0, 'altitude': 10.0, 'roll': 0.0, 'pitch': 0.0, 'last_fix_time': datetime.datetime(2021, 7, 29, 3, 20, 42), 'speed': None, 'rudder': 0, 'datum': (42.3, -71.1)}
2021-07-29 04:20:44,455 [INFO] **** [] []
2021-07-29 04:20:44,457 [INFO] Next green buoy: [], next red buoy: []
2021-07-29 04:20:44,457 [INFO] Desired_heading: 17.3
2021-07-29 04:20:44,458 [INFO] delta angle: 0.0
2021-07-29 04:20:44,459 [INFO] sending message $BPRMB,032044.56,-0.0,1,0,750,0,1*7e
...
2021-07-29 04:20:45,461 [INFO] sending message $BPSTS,032045.46,1,BWSI Autonomy OK*46
...
2021-07-29 04:20:45,462 [INFO] Processing: $BFNVG,032043.28,4218.008557,N,07105.991170,W,0,10.0,1.0,17.3,0.0,0.0,032043.28*6D
2021-07-29 04:20:45,464 [INFO] Interpreted as: {'position': (12.522148077376187, 15.537044168449938), 'latlon': (42.30014261666667, -71.09985283333333), 'heading': 17.3, 'depth': 1.0, 'altitude': 10.0, 'roll': 0.0, 'pitch': 0.0, 'last_fix_time': datetime.datetime(2021, 7, 29, 3, 20, 43), 'speed': None, 'rudder': 0, 'datum': (42.3, -71.1)}
2021-07-29 04:20:45,466 [INFO] Processing: $BFNVG,032043.63,4218.008698,N,07105.991116,W,0,10.0,1.0,17.3,0.0,0.0,032043.63*6D
2021-07-29 04:20:45,468 [INFO] Interpreted as: {'position': (12.602776748477481, 15.796161719597876), 'latlon': (42.300144966666664, -71.09985193333333), 'heading': 17.3, 'depth': 1.0, 'altitude': 10.0, 'roll': 0.0, 'pitch': 0.0, 'last_fix_time': datetime.datetime(2021, 7, 29, 3, 20, 43), 'speed': None, 'rudder': 0, 'datum': (42.3, -71.1)}
2021-07-29 04:20:45,469 [INFO] Processing: $BFNVG,032043.98,4218.008837,N,07105.991063,W,0,10.0,1.0,17.3,0.0,0.0,032043.98*65
2021-07-29 04:20:45,472 [INFO] Interpreted as: {'position': (12.681940197653603, 16.051611779257655), 'latlon': (42.30014728333333, -71.09985105), 'heading': 17.3, 'depth': 1.0, 'altitude': 10.0, 'roll': 0.0, 'pitch': 0.0, 'last_fix_time': datetime.datetime(2021, 7, 29, 3, 20, 43), 'speed': None, 'rudder': 0, 'datum': (42.3, -71.1)}
2021-07-29 04:20:45,473 [INFO] Processing: $BFNVG,032044.33,4218.008978,N,07105.991009,W,0,10.0,1.0,17.3,0.0,0.0,032044.33*63
2021-07-29 04:20:45,475 [INFO] Interpreted as: {'position': (12.762568860431202, 16.31072933319956), 'latlon': (42.300149633333334, -71.09985015), 'heading': 17.3, 'depth': 1.0, 'altitude': 10.0, 'roll': 0.0, 'pitch': 0.0, 'last_fix_time': datetime.datetime(2021, 7, 29, 3, 20, 44), 'speed': None, 'rudder': 0, 'datum': (42.3, -71.1)}
2021-07-29 04:20:45,476 [INFO] Received from Frontseat: [b'$BFNVG,032043.28,4218.008557,N,07105.991170,W,0,10.0,1.0,17.3,0.0,0.0,032043.28*6D', b'$BFNVG,032043.63,4218.008698,N,07105.991116,W,0,10.0,1.0,17.3,0.0,0.0,032043.63*6D', b'$BFNVG,032043.98,4218.008837,N,07105.991063,W,0,10.0,1.0,17.3,0.0,0.0,032043.98*65', b'$BFNVG,032044.33,4218.008978,N,07105.991009,W,0,10.0,1.0,17.3,0.0,0.0,032044.33*63']
2021-07-29 04:20:45,477 [INFO] AUV state: {'position': (12.762568860431202, 16.31072933319956), 'latlon': (42.300149633333334, -71.09985015), 'heading': 17.3, 'depth': 1.0, 'altitude': 10.0, 'roll': 0.0, 'pitch': 0.0, 'last_fix_time': datetime.datetime(2021, 7, 29, 3, 20, 44), 'speed': None, 'rudder': 0, 'datum': (42.3, -71.1)}
2021-07-29 04:20:45,767 [INFO] **** [] []
2021-07-29 04:20:45,769 [INFO] Next green buoy: [], next red buoy: []
2021-07-29 04:20:45,770 [INFO] Desired_heading: 17.3
2021-07-29 04:20:45,770 [INFO] delta angle: 0.0
2021-07-29 04:20:45,771 [INFO] sending message $BPRMB,032046.36,-0.0,1,0,750,0,1*7a
...
2021-07-29 04:20:46,773 [INFO] sending message $BPSTS,032046.77,1,BWSI Autonomy OK*47
...
2021-07-29 04:20:46,774 [INFO] Processing: $BFNVG,032044.68,4218.009118,N,07105.990955,W,0,10.0,1.0,17.3,0.0,0.0,032044.68*6D
2021-07-29 04:20:46,776 [INFO] Interpreted as: {'position': (12.843151844805107, 16.567996189929545), 'latlon': (42.30015196666667, -71.09984925), 'heading': 17.3, 'depth': 1.0, 'altitude': 10.0, 'roll': 0.0, 'pitch': 0.0, 'last_fix_time': datetime.datetime(2021, 7, 29, 3, 20, 44), 'speed': None, 'rudder': 0, 'datum': (42.3, -71.1)}
2021-07-29 04:20:46,777 [INFO] Processing: $BFNVG,032045.03,4218.009261,N,07105.990901,W,0,10.0,1.0,17.3,0.0,0.0,032045.03*61
2021-07-29 04:20:46,779 [INFO] Interpreted as: {'position': (12.923871830687858, 16.830815138295293), 'latlon': (42.30015435, -71.09984835), 'heading': 17.3, 'depth': 1.0, 'altitude': 10.0, 'roll': 0.0, 'pitch': 0.0, 'last_fix_time': datetime.datetime(2021, 7, 29, 3, 20, 45), 'speed': None, 'rudder': 0, 'datum': (42.3, -71.1)}
2021-07-29 04:20:46,780 [INFO] Processing: $BFNVG,032045.38,4218.009402,N,07105.990847,W,0,10.0,1.0,17.3,0.0,0.0,032045.38*61
2021-07-29 04:20:46,781 [INFO] Interpreted as: {'position': (13.004500477807596, 17.089932695031166), 'latlon': (42.3001567, -71.09984745), 'heading': 17.3, 'depth': 1.0, 'altitude': 10.0, 'roll': 0.0, 'pitch': 0.0, 'last_fix_time': datetime.datetime(2021, 7, 29, 3, 20, 45), 'speed': None, 'rudder': 0, 'datum': (42.3, -71.1)}
2021-07-29 04:20:46,782 [INFO] Processing: $BFNVG,032045.73,4218.009541,N,07105.990793,W,0,10.0,1.0,17.3,0.0,0.0,032045.73*61
2021-07-29 04:20:46,784 [INFO] Interpreted as: {'position': (13.085037777549587, 17.34534885548055), 'latlon': (42.30015901666667, -71.09984655), 'heading': 17.3, 'depth': 1.0, 'altitude': 10.0, 'roll': 0.0, 'pitch': 0.0, 'last_fix_time': datetime.datetime(2021, 7, 29, 3, 20, 45), 'speed': None, 'rudder': 0, 'datum': (42.3, -71.1)}
2021-07-29 04:20:46,784 [INFO] Received from Frontseat: [b'$BFNVG,032044.68,4218.009118,N,07105.990955,W,0,10.0,1.0,17.3,0.0,0.0,032044.68*6D', b'$BFNVG,032045.03,4218.009261,N,07105.990901,W,0,10.0,1.0,17.3,0.0,0.0,032045.03*61', b'$BFNVG,032045.38,4218.009402,N,07105.990847,W,0,10.0,1.0,17.3,0.0,0.0,032045.38*61', b'$BFNVG,032045.73,4218.009541,N,07105.990793,W,0,10.0,1.0,17.3,0.0,0.0,032045.73*61']
2021-07-29 04:20:46,785 [INFO] AUV state: {'position': (13.085037777549587, 17.34534885548055), 'latlon': (42.30015901666667, -71.09984655), 'heading': 17.3, 'depth': 1.0, 'altitude': 10.0, 'roll': 0.0, 'pitch': 0.0, 'last_fix_time': datetime.datetime(2021, 7, 29, 3, 20, 45), 'speed': None, 'rudder': 0, 'datum': (42.3, -71.1)}
2021-07-29 04:20:47,081 [INFO] **** [] []
2021-07-29 04:20:47,083 [INFO] Next green buoy: [], next red buoy: []
2021-07-29 04:20:47,084 [INFO] Desired_heading: 17.3
2021-07-29 04:20:47,084 [INFO] delta angle: 0.0
2021-07-29 04:20:47,084 [INFO] sending message $BPRMB,032047.18,-0.0,1,0,750,0,1*77
...
2021-07-29 04:20:48,086 [INFO] sending message $BPSTS,032048.08,1,BWSI Autonomy OK*41
...
2021-07-29 04:20:48,087 [INFO] Processing: $BFNVG,032046.09,4218.009685,N,07105.990738,W,0,10.0,1.0,17.3,0.0,0.0,032046.09*6B
2021-07-29 04:20:48,093 [INFO] Interpreted as: {'position': (13.167177294904832, 17.609984601847827), 'latlon': (42.30016141666667, -71.09984563333333), 'heading': 17.3, 'depth': 1.0, 'altitude': 10.0, 'roll': 0.0, 'pitch': 0.0, 'last_fix_time': datetime.datetime(2021, 7, 29, 3, 20, 46), 'speed': None, 'rudder': 0, 'datum': (42.3, -71.1)}
2021-07-29 04:20:48,094 [INFO] Processing: $BFNVG,032046.45,4218.009829,N,07105.990683,W,0,10.0,1.0,17.3,0.0,0.0,032046.45*62
2021-07-29 04:20:48,096 [INFO] Interpreted as: {'position': (13.249316806846764, 17.874620348215103), 'latlon': (42.30016381666667, -71.09984471666667), 'heading': 17.3, 'depth': 1.0, 'altitude': 10.0, 'roll': 0.0, 'pitch': 0.0, 'last_fix_time': datetime.datetime(2021, 7, 29, 3, 20, 46), 'speed': None, 'rudder': 0, 'datum': (42.3, -71.1)}
2021-07-29 04:20:48,097 [INFO] Processing: $BFNVG,032046.81,4218.009975,N,07105.990627,W,0,10.0,1.0,17.3,0.0,0.0,032046.81*64
2021-07-29 04:20:48,099 [INFO] Interpreted as: {'position': (13.332921527151484, 18.14292358700186), 'latlon': (42.30016625, -71.09984378333333), 'heading': 17.3, 'depth': 1.0, 'altitude': 10.0, 'roll': 0.0, 'pitch': 0.0, 'last_fix_time': datetime.datetime(2021, 7, 29, 3, 20, 46), 'speed': None, 'rudder': 0, 'datum': (42.3, -71.1)}
2021-07-29 04:20:48,100 [INFO] Received from Frontseat: [b'$BFNVG,032046.09,4218.009685,N,07105.990738,W,0,10.0,1.0,17.3,0.0,0.0,032046.09*6B', b'$BFNVG,032046.45,4218.009829,N,07105.990683,W,0,10.0,1.0,17.3,0.0,0.0,032046.45*62', b'$BFNVG,032046.81,4218.009975,N,07105.990627,W,0,10.0,1.0,17.3,0.0,0.0,032046.81*64']
2021-07-29 04:20:48,101 [INFO] AUV state: {'position': (13.332921527151484, 18.14292358700186), 'latlon': (42.30016625, -71.09984378333333), 'heading': 17.3, 'depth': 1.0, 'altitude': 10.0, 'roll': 0.0, 'pitch': 0.0, 'last_fix_time': datetime.datetime(2021, 7, 29, 3, 20, 46), 'speed': None, 'rudder': 0, 'datum': (42.3, -71.1)}
2021-07-29 04:20:48,395 [INFO] **** [] []
2021-07-29 04:20:48,398 [INFO] Next green buoy: [], next red buoy: []
2021-07-29 04:20:48,398 [INFO] Desired_heading: 17.3
2021-07-29 04:20:48,399 [INFO] delta angle: 0.0
2021-07-29 04:20:48,399 [INFO] sending message $BPRMB,032048.98,-0.0,1,0,750,0,1*70
...
2021-07-29 04:20:49,401 [INFO] sending message $BPSTS,032049.40,1,BWSI Autonomy OK*4c
...
2021-07-29 04:20:49,402 [INFO] Processing: $BFNVG,032047.17,4218.010116,N,07105.990573,W,0,10.0,1.0,17.3,0.0,0.0,032047.17*63
2021-07-29 04:20:49,404 [INFO] Interpreted as: {'position': (13.41355014347937, 18.402041147463024), 'latlon': (42.3001686, -71.09984288333334), 'heading': 17.3, 'depth': 1.0, 'altitude': 10.0, 'roll': 0.0, 'pitch': 0.0, 'last_fix_time': datetime.datetime(2021, 7, 29, 3, 20, 47), 'speed': None, 'rudder': 0, 'datum': (42.3, -71.1)}
2021-07-29 04:20:49,405 [INFO] Processing: $BFNVG,032047.52,4218.010257,N,07105.990519,W,0,10.0,1.0,17.3,0.0,0.0,032047.52*69
2021-07-29 04:20:49,407 [INFO] Interpreted as: {'position': (13.494178756605834, 18.661158707924187), 'latlon': (42.30017095, -71.09984198333333), 'heading': 17.3, 'depth': 1.0, 'altitude': 10.0, 'roll': 0.0, 'pitch': 0.0, 'last_fix_time': datetime.datetime(2021, 7, 29, 3, 20, 47), 'speed': None, 'rudder': 0, 'datum': (42.3, -71.1)}
2021-07-29 04:20:49,408 [INFO] Processing: $BFNVG,032047.87,4218.010397,N,07105.990465,W,0,10.0,1.0,17.3,0.0,0.0,032047.87*6E
2021-07-29 04:20:49,410 [INFO] Interpreted as: {'position': (13.574761695810594, 18.918425573036075), 'latlon': (42.300173283333336, -71.09984108333333), 'heading': 17.3, 'depth': 1.0, 'altitude': 10.0, 'roll': 0.0, 'pitch': 0.0, 'last_fix_time': datetime.datetime(2021, 7, 29, 3, 20, 47), 'speed': None, 'rudder': 0, 'datum': (42.3, -71.1)}
2021-07-29 04:20:49,411 [INFO] Processing: $BFNVG,032048.22,4218.010537,N,07105.990412,W,0,10.0,1.0,17.3,0.0,0.0,032048.22*62
2021-07-29 04:20:49,413 [INFO] Interpreted as: {'position': (13.653970753657632, 19.175726340152323), 'latlon': (42.300175616666664, -71.0998402), 'heading': 17.3, 'depth': 1.0, 'altitude': 10.0, 'roll': 0.0, 'pitch': 0.0, 'last_fix_time': datetime.datetime(2021, 7, 29, 3, 20, 48), 'speed': None, 'rudder': 0, 'datum': (42.3, -71.1)}
2021-07-29 04:20:49,414 [INFO] Received from Frontseat: [b'$BFNVG,032047.17,4218.010116,N,07105.990573,W,0,10.0,1.0,17.3,0.0,0.0,032047.17*63', b'$BFNVG,032047.52,4218.010257,N,07105.990519,W,0,10.0,1.0,17.3,0.0,0.0,032047.52*69', b'$BFNVG,032047.87,4218.010397,N,07105.990465,W,0,10.0,1.0,17.3,0.0,0.0,032047.87*6E', b'$BFNVG,032048.22,4218.010537,N,07105.990412,W,0,10.0,1.0,17.3,0.0,0.0,032048.22*62']
2021-07-29 04:20:49,415 [INFO] AUV state: {'position': (13.653970753657632, 19.175726340152323), 'latlon': (42.300175616666664, -71.0998402), 'heading': 17.3, 'depth': 1.0, 'altitude': 10.0, 'roll': 0.0, 'pitch': 0.0, 'last_fix_time': datetime.datetime(2021, 7, 29, 3, 20, 48), 'speed': None, 'rudder': 0, 'datum': (42.3, -71.1)}
2021-07-29 04:20:49,710 [INFO] **** [] []
2021-07-29 04:20:49,712 [INFO] Next green buoy: [], next red buoy: []
2021-07-29 04:20:49,712 [INFO] Desired_heading: 17.3
2021-07-29 04:20:49,713 [INFO] delta angle: 0.0
2021-07-29 04:20:49,713 [INFO] sending message $BPRMB,032049.81,-0.0,1,0,750,0,1*79
...
2021-07-29 04:20:50,715 [INFO] sending message $BPSTS,032050.71,1,BWSI Autonomy OK*46
...
2021-07-29 04:20:50,716 [INFO] Processing: $BFNVG,032048.57,4218.010677,N,07105.990358,W,0,10.0,1.0,17.3,0.0,0.0,032048.57*6C
2021-07-29 04:20:50,718 [INFO] Interpreted as: {'position': (13.734553680405952, 19.43299320526421), 'latlon': (42.30017795, -71.0998393), 'heading': 17.3, 'depth': 1.0, 'altitude': 10.0, 'roll': 0.0, 'pitch': 0.0, 'last_fix_time': datetime.datetime(2021, 7, 29, 3, 20, 48), 'speed': None, 'rudder': 0, 'datum': (42.3, -71.1)}
2021-07-29 04:20:50,720 [INFO] Processing: $BFNVG,032048.92,4218.010818,N,07105.990304,W,0,10.0,1.0,17.3,0.0,0.0,032048.92*62
2021-07-29 04:20:50,722 [INFO] Interpreted as: {'position': (13.81518227478955, 19.692110768519342), 'latlon': (42.3001803, -71.0998384), 'heading': 17.3, 'depth': 1.0, 'altitude': 10.0, 'roll': 0.0, 'pitch': 0.0, 'last_fix_time': datetime.datetime(2021, 7, 29, 3, 20, 48), 'speed': None, 'rudder': 0, 'datum': (42.3, -71.1)}
2021-07-29 04:20:50,723 [INFO] Processing: $BFNVG,032049.28,4218.010964,N,07105.990248,W,0,10.0,1.0,17.3,0.0,0.0,032049.28*61
2021-07-29 04:20:50,725 [INFO] Interpreted as: {'position': (13.898786954930983, 19.96041401475668), 'latlon': (42.30018273333334, -71.09983746666667), 'heading': 17.3, 'depth': 1.0, 'altitude': 10.0, 'roll': 0.0, 'pitch': 0.0, 'last_fix_time': datetime.datetime(2021, 7, 29, 3, 20, 49), 'speed': None, 'rudder': 0, 'datum': (42.3, -71.1)}
2021-07-29 04:20:50,725 [INFO] Processing: $BFNVG,032049.64,4218.011108,N,07105.990193,W,0,10.0,1.0,17.3,0.0,0.0,032049.64*67
2021-07-29 04:20:50,727 [INFO] Interpreted as: {'position': (13.98092641623225, 20.22504976950586), 'latlon': (42.300185133333336, -71.09983655), 'heading': 17.3, 'depth': 1.0, 'altitude': 10.0, 'roll': 0.0, 'pitch': 0.0, 'last_fix_time': datetime.datetime(2021, 7, 29, 3, 20, 49), 'speed': None, 'rudder': 0, 'datum': (42.3, -71.1)}
2021-07-29 04:20:50,728 [INFO] Received from Frontseat: [b'$BFNVG,032048.57,4218.010677,N,07105.990358,W,0,10.0,1.0,17.3,0.0,0.0,032048.57*6C', b'$BFNVG,032048.92,4218.010818,N,07105.990304,W,0,10.0,1.0,17.3,0.0,0.0,032048.92*62', b'$BFNVG,032049.28,4218.010964,N,07105.990248,W,0,10.0,1.0,17.3,0.0,0.0,032049.28*61', b'$BFNVG,032049.64,4218.011108,N,07105.990193,W,0,10.0,1.0,17.3,0.0,0.0,032049.64*67']
2021-07-29 04:20:50,729 [INFO] AUV state: {'position': (13.98092641623225, 20.22504976950586), 'latlon': (42.300185133333336, -71.09983655), 'heading': 17.3, 'depth': 1.0, 'altitude': 10.0, 'roll': 0.0, 'pitch': 0.0, 'last_fix_time': datetime.datetime(2021, 7, 29, 3, 20, 49), 'speed': None, 'rudder': 0, 'datum': (42.3, -71.1)}
2021-07-29 04:20:51,023 [INFO] **** [] []
2021-07-29 04:20:51,025 [INFO] Next green buoy: [], next red buoy: []
2021-07-29 04:20:51,026 [INFO] Desired_heading: 17.3
2021-07-29 04:20:51,026 [INFO] delta angle: 0.0
2021-07-29 04:20:51,026 [INFO] sending message $BPRMB,032051.61,-0.0,1,0,750,0,1*7e
...
2021-07-29 04:20:52,028 [INFO] sending message $BPSTS,032052.02,1,BWSI Autonomy OK*40
...
2021-07-29 04:20:52,084 [INFO] Processing: $BFNVG,032050.01,4218.011255,N,07105.990137,W,0,10.0,1.0,17.3,0.0,0.0,032050.01*62
2021-07-29 04:20:52,086 [INFO] Interpreted as: {'position': (14.06457675807178, 20.495203714817762), 'latlon': (42.30018758333333, -71.09983561666667), 'heading': 17.3, 'depth': 1.0, 'altitude': 10.0, 'roll': 0.0, 'pitch': 0.0, 'last_fix_time': datetime.datetime(2021, 7, 29, 3, 20, 50), 'speed': None, 'rudder': 0, 'datum': (42.3, -71.1)}
2021-07-29 04:20:52,087 [INFO] Received from Frontseat: [b'$BFNVG,032050.01,4218.011255,N,07105.990137,W,0,10.0,1.0,17.3,0.0,0.0,032050.01*62']
2021-07-29 04:20:52,088 [INFO] AUV state: {'position': (14.06457675807178, 20.495203714817762), 'latlon': (42.30018758333333, -71.09983561666667), 'heading': 17.3, 'depth': 1.0, 'altitude': 10.0, 'roll': 0.0, 'pitch': 0.0, 'last_fix_time': datetime.datetime(2021, 7, 29, 3, 20, 50), 'speed': None, 'rudder': 0, 'datum': (42.3, -71.1)}
2021-07-29 04:20:52,376 [INFO] **** [] []
2021-07-29 04:20:52,379 [INFO] Next green buoy: [], next red buoy: []
2021-07-29 04:20:52,379 [INFO] Desired_heading: 17.3
2021-07-29 04:20:52,380 [INFO] delta angle: 0.0
2021-07-29 04:20:52,380 [INFO] sending message $BPRMB,032052.44,-0.0,1,0,750,0,1*7a
...
2021-07-29 04:20:53,382 [INFO] sending message $BPSTS,032053.38,1,BWSI Autonomy OK*48
...
2021-07-29 04:20:53,390 [INFO] Received from Frontseat: []
2021-07-29 04:20:53,390 [INFO] AUV state: {'position': (14.06457675807178, 20.495203714817762), 'latlon': (42.30018758333333, -71.09983561666667), 'heading': 17.3, 'depth': 1.0, 'altitude': 10.0, 'roll': 0.0, 'pitch': 0.0, 'last_fix_time': datetime.datetime(2021, 7, 29, 3, 20, 50), 'speed': None, 'rudder': 0, 'datum': (42.3, -71.1)}
2021-07-29 04:20:53,703 [INFO] **** [] []
2021-07-29 04:20:53,705 [INFO] Next green buoy: [], next red buoy: []
2021-07-29 04:20:53,705 [INFO] Desired_heading: 17.3
2021-07-29 04:20:53,706 [INFO] delta angle: 0.0
2021-07-29 04:20:53,706 [INFO] sending message $BPRMB,032054.32,-0.0,1,0,750,0,1*7d
...
2021-07-29 04:20:53,726 [ERROR] An error occurred. The stack trace is below.
Traceback (most recent call last):
  File "BWSI_BackSeat.py", line 126, in run
    time.sleep(1/self.__warp)
KeyboardInterrupt
