2021-07-29 04:28:35,880 [INFO] host = 192.168.1.213, port = 29500
2021-07-29 04:28:35,888 [INFO] sending message $BPLOG,ACK,ON*1e
...
2021-07-29 04:28:35,888 [INFO] sending message $BPLOG,ALL,ON*16
...
2021-07-29 04:28:35,889 [INFO] sending message $BPSTS,032835.88,1,BWSI Autonomy OK*4b
...
2021-07-29 04:28:35,889 [INFO] Received from Frontseat: []
2021-07-29 04:28:35,890 [INFO] AUV state: {'position': (None, None), 'latlon': None, 'heading': None, 'depth': None, 'altitude': None, 'roll': None, 'pitch': None, 'last_fix_time': None, 'speed': None, 'rudder': 0}
2021-07-29 04:28:36,892 [INFO] sending message $BPSTS,032836.89,1,BWSI Autonomy OK*49
...
2021-07-29 04:28:36,893 [INFO] Processing: $BFNVG,032832.62,4218.036901,N,07105.989052,W,0,10.0,1.0,5.1,0.0,0.0,032832.62*56
2021-07-29 04:28:36,896 [INFO] Interpreted as: {'position': (0, 0), 'latlon': (42.30061501666667, -71.09981753333334), 'heading': 5.1, 'depth': 1.0, 'altitude': 10.0, 'roll': 0.0, 'pitch': 0.0, 'last_fix_time': datetime.datetime(2021, 7, 29, 3, 28, 32), 'speed': None, 'rudder': 0, 'datum': (42.30061501666667, -71.09981753333334)}
2021-07-29 04:28:36,896 [INFO] Processing: $BFNVG,032832.95,4218.037084,N,07105.989036,W,0,10.0,1.0,5.1,0.0,0.0,032832.95*51
2021-07-29 04:28:36,898 [INFO] Interpreted as: {'position': (0.030339228047523648, 0.33813516423106194), 'latlon': (42.300618066666665, -71.09981726666666), 'heading': 5.1, 'depth': 1.0, 'altitude': 10.0, 'roll': 0.0, 'pitch': 0.0, 'last_fix_time': datetime.datetime(2021, 7, 29, 3, 28, 32), 'speed': None, 'rudder': 0, 'datum': (42.30061501666667, -71.09981753333334)}
2021-07-29 04:28:36,899 [INFO] Processing: $BFNVG,032833.27,4218.037266,N,07105.989020,W,0,10.0,1.0,5.1,0.0,0.0,032833.27*58
2021-07-29 04:28:36,901 [INFO] Interpreted as: {'position': (0.06063278380315751, 0.6744196312502027), 'latlon': (42.3006211, -71.099817), 'heading': 5.1, 'depth': 1.0, 'altitude': 10.0, 'roll': 0.0, 'pitch': 0.0, 'last_fix_time': datetime.datetime(2021, 7, 29, 3, 28, 33), 'speed': None, 'rudder': 0, 'datum': (42.30061501666667, -71.09981753333334)}
2021-07-29 04:28:36,902 [INFO] Processing: $BFNVG,032833.60,4218.037448,N,07105.989004,W,0,10.0,1.0,5.1,0.0,0.0,032833.60*54
2021-07-29 04:28:36,904 [INFO] Interpreted as: {'position': (0.090926339966245, 1.0107040982693434), 'latlon': (42.300624133333336, -71.09981673333333), 'heading': 5.1, 'depth': 1.0, 'altitude': 10.0, 'roll': 0.0, 'pitch': 0.0, 'last_fix_time': datetime.datetime(2021, 7, 29, 3, 28, 33), 'speed': None, 'rudder': 0, 'datum': (42.30061501666667, -71.09981753333334)}
2021-07-29 04:28:36,904 [INFO] Processing: $BFNVG,032833.93,4218.037630,N,07105.988988,W,0,10.0,1.0,5.1,0.0,0.0,032833.93*55
2021-07-29 04:28:36,906 [INFO] Interpreted as: {'position': (0.12121989240404218, 1.3469885643571615), 'latlon': (42.300627166666665, -71.09981646666667), 'heading': 5.1, 'depth': 1.0, 'altitude': 10.0, 'roll': 0.0, 'pitch': 0.0, 'last_fix_time': datetime.datetime(2021, 7, 29, 3, 28, 33), 'speed': None, 'rudder': 0, 'datum': (42.30061501666667, -71.09981753333334)}
2021-07-29 04:28:36,907 [INFO] Processing: $BFNVG,032834.26,4218.037812,N,07105.988972,W,0,10.0,1.0,5.1,0.0,0.0,032834.26*5E
2021-07-29 04:28:36,909 [INFO] Interpreted as: {'position': (0.15151344327023253, 1.6832730332389474), 'latlon': (42.3006302, -71.0998162), 'heading': 5.1, 'depth': 1.0, 'altitude': 10.0, 'roll': 0.0, 'pitch': 0.0, 'last_fix_time': datetime.datetime(2021, 7, 29, 3, 28, 34), 'speed': None, 'rudder': 0, 'datum': (42.30061501666667, -71.09981753333334)}
2021-07-29 04:28:36,910 [INFO] Processing: $BFNVG,032834.59,4218.037994,N,07105.988956,W,0,10.0,1.0,5.1,0.0,0.0,032834.59*57
2021-07-29 04:28:36,912 [INFO] Interpreted as: {'position': (0.1818069924484007, 2.0195575021207333), 'latlon': (42.300633233333336, -71.09981593333333), 'heading': 5.1, 'depth': 1.0, 'altitude': 10.0, 'roll': 0.0, 'pitch': 0.0, 'last_fix_time': datetime.datetime(2021, 7, 29, 3, 28, 34), 'speed': None, 'rudder': 0, 'datum': (42.30061501666667, -71.09981753333334)}
2021-07-29 04:28:36,912 [INFO] Processing: $BFNVG,032834.92,4218.038176,N,07105.988941,W,0,10.0,1.0,5.1,0.0,0.0,032834.92*5A
2021-07-29 04:28:36,914 [INFO] Interpreted as: {'position': (0.2107266741222702, 2.35587586928159), 'latlon': (42.300636266666665, -71.09981568333333), 'heading': 5.1, 'depth': 1.0, 'altitude': 10.0, 'roll': 0.0, 'pitch': 0.0, 'last_fix_time': datetime.datetime(2021, 7, 29, 3, 28, 34), 'speed': None, 'rudder': 0, 'datum': (42.30061501666667, -71.09981753333334)}
2021-07-29 04:28:36,915 [INFO] Processing: $BFNVG,032835.24,4218.038359,N,07105.988925,W,0,10.0,1.0,5.1,0.0,0.0,032835.24*57
2021-07-29 04:28:36,917 [INFO] Interpreted as: {'position': (0.24106588878203183, 2.694011035375297), 'latlon': (42.30063931666667, -71.09981541666667), 'heading': 5.1, 'depth': 1.0, 'altitude': 10.0, 'roll': 0.0, 'pitch': 0.0, 'last_fix_time': datetime.datetime(2021, 7, 29, 3, 28, 35), 'speed': None, 'rudder': 0, 'datum': (42.30061501666667, -71.09981753333334)}
2021-07-29 04:28:36,918 [INFO] Processing: $BFNVG,032835.57,4218.038541,N,07105.988909,W,0,10.0,1.0,5.1,0.0,0.0,032835.57*56
2021-07-29 04:28:36,919 [INFO] Interpreted as: {'position': (0.27135943522443995, 3.030295504257083), 'latlon': (42.30064235, -71.09981515), 'heading': 5.1, 'depth': 1.0, 'altitude': 10.0, 'roll': 0.0, 'pitch': 0.0, 'last_fix_time': datetime.datetime(2021, 7, 29, 3, 28, 35), 'speed': None, 'rudder': 0, 'datum': (42.30061501666667, -71.09981753333334)}
2021-07-29 04:28:36,920 [INFO] Processing: $BFNVG,032835.90,4218.038722,N,07105.988893,W,0,10.0,1.0,5.1,0.0,0.0,032835.90*53
2021-07-29 04:28:36,922 [INFO] Interpreted as: {'position': (0.3016073093749583, 3.36472927685827), 'latlon': (42.300645366666664, -71.09981488333334), 'heading': 5.1, 'depth': 1.0, 'altitude': 10.0, 'roll': 0.0, 'pitch': 0.0, 'last_fix_time': datetime.datetime(2021, 7, 29, 3, 28, 35), 'speed': None, 'rudder': 0, 'datum': (42.30061501666667, -71.09981753333334)}
2021-07-29 04:28:36,923 [INFO] Received from Frontseat: [b'$BFNVG,032832.62,4218.036901,N,07105.989052,W,0,10.0,1.0,5.1,0.0,0.0,032832.62*56', b'$BFNVG,032832.95,4218.037084,N,07105.989036,W,0,10.0,1.0,5.1,0.0,0.0,032832.95*51', b'$BFNVG,032833.27,4218.037266,N,07105.989020,W,0,10.0,1.0,5.1,0.0,0.0,032833.27*58', b'$BFNVG,032833.60,4218.037448,N,07105.989004,W,0,10.0,1.0,5.1,0.0,0.0,032833.60*54', b'$BFNVG,032833.93,4218.037630,N,07105.988988,W,0,10.0,1.0,5.1,0.0,0.0,032833.93*55', b'$BFNVG,032834.26,4218.037812,N,07105.988972,W,0,10.0,1.0,5.1,0.0,0.0,032834.26*5E', b'$BFNVG,032834.59,4218.037994,N,07105.988956,W,0,10.0,1.0,5.1,0.0,0.0,032834.59*57', b'$BFNVG,032834.92,4218.038176,N,07105.988941,W,0,10.0,1.0,5.1,0.0,0.0,032834.92*5A', b'$BFNVG,032835.24,4218.038359,N,07105.988925,W,0,10.0,1.0,5.1,0.0,0.0,032835.24*57', b'$BFNVG,032835.57,4218.038541,N,07105.988909,W,0,10.0,1.0,5.1,0.0,0.0,032835.57*56', b'$BFNVG,032835.90,4218.038722,N,07105.988893,W,0,10.0,1.0,5.1,0.0,0.0,032835.90*53']
2021-07-29 04:28:36,923 [INFO] AUV state: {'position': (0.3016073093749583, 3.36472927685827), 'latlon': (42.300645366666664, -71.09981488333334), 'heading': 5.1, 'depth': 1.0, 'altitude': 10.0, 'roll': 0.0, 'pitch': 0.0, 'last_fix_time': datetime.datetime(2021, 7, 29, 3, 28, 35), 'speed': None, 'rudder': 0, 'datum': (42.30061501666667, -71.09981753333334)}
2021-07-29 04:28:37,227 [INFO] **** [] []
2021-07-29 04:28:37,229 [INFO] Next green buoy: [], next red buoy: []
2021-07-29 04:28:37,233 [INFO] Desired_heading: 5.1
2021-07-29 04:28:37,233 [INFO] delta angle: 0.0
2021-07-29 04:28:37,234 [INFO] sending message $BPRMB,032837.88,-0.0,1,0,1000,0,1*42
...
2021-07-29 04:28:38,236 [INFO] sending message $BPSTS,032838.23,1,BWSI Autonomy OK*47
...
2021-07-29 04:28:38,237 [INFO] Processing: $BFNVG,032836.25,4218.038914,N,07105.988876,W,0,10.0,1.0,5.1,0.0,0.0,032836.25*53
2021-07-29 04:28:38,239 [INFO] Interpreted as: {'position': (0.33373140246840194, 3.7194868149235845), 'latlon': (42.300648566666666, -71.0998146), 'heading': 5.1, 'depth': 1.0, 'altitude': 10.0, 'roll': 0.0, 'pitch': 0.0, 'last_fix_time': datetime.datetime(2021, 7, 29, 3, 28, 36), 'speed': None, 'rudder': 0, 'datum': (42.30061501666667, -71.09981753333334)}
2021-07-29 04:28:38,240 [INFO] Processing: $BFNVG,032836.59,4218.039103,N,07105.988860,W,0,10.0,1.0,5.1,0.0,0.0,032836.59*5B
2021-07-29 04:28:38,242 [INFO] Interpreted as: {'position': (0.36434462427860126, 4.068726163357496), 'latlon': (42.300651716666664, -71.09981433333333), 'heading': 5.1, 'depth': 1.0, 'altitude': 10.0, 'roll': 0.0, 'pitch': 0.0, 'last_fix_time': datetime.datetime(2021, 7, 29, 3, 28, 36), 'speed': None, 'rudder': 0, 'datum': (42.30061501666667, -71.09981753333334)}
2021-07-29 04:28:38,243 [INFO] Processing: $BFNVG,032836.93,4218.039291,N,07105.988843,W,0,10.0,1.0,5.1,0.0,0.0,032836.93*52
2021-07-29 04:28:38,245 [INFO] Interpreted as: {'position': (0.39628603926394135, 4.416080914437771), 'latlon': (42.30065485, -71.09981405), 'heading': 5.1, 'depth': 1.0, 'altitude': 10.0, 'roll': 0.0, 'pitch': 0.0, 'last_fix_time': datetime.datetime(2021, 7, 29, 3, 28, 36), 'speed': None, 'rudder': 0, 'datum': (42.30061501666667, -71.09981753333334)}
2021-07-29 04:28:38,246 [INFO] Received from Frontseat: [b'$BFNVG,032836.25,4218.038914,N,07105.988876,W,0,10.0,1.0,5.1,0.0,0.0,032836.25*53', b'$BFNVG,032836.59,4218.039103,N,07105.988860,W,0,10.0,1.0,5.1,0.0,0.0,032836.59*5B', b'$BFNVG,032836.93,4218.039291,N,07105.988843,W,0,10.0,1.0,5.1,0.0,0.0,032836.93*52']
2021-07-29 04:28:38,247 [INFO] AUV state: {'position': (0.39628603926394135, 4.416080914437771), 'latlon': (42.30065485, -71.09981405), 'heading': 5.1, 'depth': 1.0, 'altitude': 10.0, 'roll': 0.0, 'pitch': 0.0, 'last_fix_time': datetime.datetime(2021, 7, 29, 3, 28, 36), 'speed': None, 'rudder': 0, 'datum': (42.30061501666667, -71.09981753333334)}
2021-07-29 04:28:38,539 [INFO] **** [] []
2021-07-29 04:28:38,541 [INFO] Next green buoy: [], next red buoy: []
2021-07-29 04:28:38,542 [INFO] Desired_heading: 5.1
2021-07-29 04:28:38,542 [INFO] delta angle: 0.0
2021-07-29 04:28:38,543 [INFO] sending message $BPRMB,032838.58,-0.0,1,0,1000,0,1*40
...
2021-07-29 04:28:39,544 [INFO] sending message $BPSTS,032839.54,1,BWSI Autonomy OK*46
...
2021-07-29 04:28:39,546 [INFO] Processing: $BFNVG,032837.28,4218.039488,N,07105.988826,W,0,10.0,1.0,5.1,0.0,0.0,032837.28*5F
2021-07-29 04:28:39,548 [INFO] Interpreted as: {'position': (0.4286384700681083, 4.7800919422879815), 'latlon': (42.300658133333336, -71.09981376666667), 'heading': 5.1, 'depth': 1.0, 'altitude': 10.0, 'roll': 0.0, 'pitch': 0.0, 'last_fix_time': datetime.datetime(2021, 7, 29, 3, 28, 37), 'speed': None, 'rudder': 0, 'datum': (42.30061501666667, -71.09981753333334)}
2021-07-29 04:28:39,549 [INFO] Processing: $BFNVG,032837.64,4218.039688,N,07105.988808,W,0,10.0,1.0,5.1,0.0,0.0,032837.64*51
2021-07-29 04:28:39,551 [INFO] Interpreted as: {'position': (0.4625017701764591, 5.149621158838272), 'latlon': (42.30066146666667, -71.09981346666666), 'heading': 5.1, 'depth': 1.0, 'altitude': 10.0, 'roll': 0.0, 'pitch': 0.0, 'last_fix_time': datetime.datetime(2021, 7, 29, 3, 28, 37), 'speed': None, 'rudder': 0, 'datum': (42.30061501666667, -71.09981753333334)}
2021-07-29 04:28:39,552 [INFO] Processing: $BFNVG,032838.00,4218.039888,N,07105.988791,W,0,10.0,1.0,5.1,0.0,0.0,032838.00*50
2021-07-29 04:28:39,554 [INFO] Interpreted as: {'position': (0.4949912029551342, 5.519184276461601), 'latlon': (42.3006648, -71.09981318333334), 'heading': 5.1, 'depth': 1.0, 'altitude': 10.0, 'roll': 0.0, 'pitch': 0.0, 'last_fix_time': datetime.datetime(2021, 7, 29, 3, 28, 38), 'speed': None, 'rudder': 0, 'datum': (42.30061501666667, -71.09981753333334)}
2021-07-29 04:28:39,555 [INFO] Processing: $BFNVG,032838.36,4218.040084,N,07105.988774,W,0,10.0,1.0,5.1,0.0,0.0,032838.36*51
2021-07-29 04:28:39,557 [INFO] Interpreted as: {'position': (0.5272979593719356, 5.881344606168568), 'latlon': (42.30066806666667, -71.0998129), 'heading': 5.1, 'depth': 1.0, 'altitude': 10.0, 'roll': 0.0, 'pitch': 0.0, 'last_fix_time': datetime.datetime(2021, 7, 29, 3, 28, 38), 'speed': None, 'rudder': 0, 'datum': (42.30061501666667, -71.09981753333334)}
2021-07-29 04:28:39,558 [INFO] Received from Frontseat: [b'$BFNVG,032837.28,4218.039488,N,07105.988826,W,0,10.0,1.0,5.1,0.0,0.0,032837.28*5F', b'$BFNVG,032837.64,4218.039688,N,07105.988808,W,0,10.0,1.0,5.1,0.0,0.0,032837.64*51', b'$BFNVG,032838.00,4218.039888,N,07105.988791,W,0,10.0,1.0,5.1,0.0,0.0,032838.00*50', b'$BFNVG,032838.36,4218.040084,N,07105.988774,W,0,10.0,1.0,5.1,0.0,0.0,032838.36*51']
2021-07-29 04:28:39,559 [INFO] AUV state: {'position': (0.5272979593719356, 5.881344606168568), 'latlon': (42.30066806666667, -71.0998129), 'heading': 5.1, 'depth': 1.0, 'altitude': 10.0, 'roll': 0.0, 'pitch': 0.0, 'last_fix_time': datetime.datetime(2021, 7, 29, 3, 28, 38), 'speed': None, 'rudder': 0, 'datum': (42.30061501666667, -71.09981753333334)}
2021-07-29 04:28:39,852 [INFO] **** [] []
2021-07-29 04:28:39,854 [INFO] Next green buoy: [], next red buoy: []
2021-07-29 04:28:39,854 [INFO] Desired_heading: 5.1
2021-07-29 04:28:39,855 [INFO] delta angle: 0.0
2021-07-29 04:28:39,855 [INFO] sending message $BPRMB,032840.50,-0.0,1,0,1000,0,1*47
...
2021-07-29 04:28:40,857 [INFO] sending message $BPSTS,032840.85,1,BWSI Autonomy OK*44
...
2021-07-29 04:28:40,858 [INFO] Processing: $BFNVG,032838.70,4218.040273,N,07105.988757,W,0,10.0,1.0,5.1,0.0,0.0,032838.70*5A
2021-07-29 04:28:40,860 [INFO] Interpreted as: {'position': (0.5592850358225405, 6.2305500553920865), 'latlon': (42.300671216666665, -71.09981261666667), 'heading': 5.1, 'depth': 1.0, 'altitude': 10.0, 'roll': 0.0, 'pitch': 0.0, 'last_fix_time': datetime.datetime(2021, 7, 29, 3, 28, 38), 'speed': None, 'rudder': 0, 'datum': (42.30061501666667, -71.09981753333334)}
2021-07-29 04:28:40,862 [INFO] Processing: $BFNVG,032839.05,4218.040470,N,07105.988740,W,0,10.0,1.0,5.1,0.0,0.0,032839.05*59
2021-07-29 04:28:40,864 [INFO] Interpreted as: {'position': (0.5916374572552741, 6.594561083242297), 'latlon': (42.3006745, -71.09981233333333), 'heading': 5.1, 'depth': 1.0, 'altitude': 10.0, 'roll': 0.0, 'pitch': 0.0, 'last_fix_time': datetime.datetime(2021, 7, 29, 3, 28, 39), 'speed': None, 'rudder': 0, 'datum': (42.30061501666667, -71.09981753333334)}
2021-07-29 04:28:40,865 [INFO] Processing: $BFNVG,032839.45,4218.040690,N,07105.988721,W,0,10.0,1.0,5.1,0.0,0.0,032839.45*52
2021-07-29 04:28:40,867 [INFO] Interpreted as: {'position': (0.6277879865374416, 7.001070343889296), 'latlon': (42.300678166666664, -71.09981201666666), 'heading': 5.1, 'depth': 1.0, 'altitude': 10.0, 'roll': 0.0, 'pitch': 0.0, 'last_fix_time': datetime.datetime(2021, 7, 29, 3, 28, 39), 'speed': None, 'rudder': 0, 'datum': (42.30061501666667, -71.09981753333334)}
2021-07-29 04:28:40,867 [INFO] Processing: $BFNVG,032839.81,4218.040892,N,07105.988703,W,0,10.0,1.0,5.1,0.0,0.0,032839.81*5E
2021-07-29 04:28:40,870 [INFO] Interpreted as: {'position': (0.6617426119628362, 7.374300957657397), 'latlon': (42.30068153333333, -71.09981171666666), 'heading': 5.1, 'depth': 1.0, 'altitude': 10.0, 'roll': 0.0, 'pitch': 0.0, 'last_fix_time': datetime.datetime(2021, 7, 29, 3, 28, 39), 'speed': None, 'rudder': 0, 'datum': (42.30061501666667, -71.09981753333334)}
2021-07-29 04:28:40,870 [INFO] Received from Frontseat: [b'$BFNVG,032838.70,4218.040273,N,07105.988757,W,0,10.0,1.0,5.1,0.0,0.0,032838.70*5A', b'$BFNVG,032839.05,4218.040470,N,07105.988740,W,0,10.0,1.0,5.1,0.0,0.0,032839.05*59', b'$BFNVG,032839.45,4218.040690,N,07105.988721,W,0,10.0,1.0,5.1,0.0,0.0,032839.45*52', b'$BFNVG,032839.81,4218.040892,N,07105.988703,W,0,10.0,1.0,5.1,0.0,0.0,032839.81*5E']
2021-07-29 04:28:40,871 [INFO] AUV state: {'position': (0.6617426119628362, 7.374300957657397), 'latlon': (42.30068153333333, -71.09981171666666), 'heading': 5.1, 'depth': 1.0, 'altitude': 10.0, 'roll': 0.0, 'pitch': 0.0, 'last_fix_time': datetime.datetime(2021, 7, 29, 3, 28, 39), 'speed': None, 'rudder': 0, 'datum': (42.30061501666667, -71.09981753333334)}
2021-07-29 04:28:41,165 [INFO] **** [] []
2021-07-29 04:28:41,167 [INFO] Next green buoy: [], next red buoy: []
2021-07-29 04:28:41,168 [INFO] Desired_heading: 5.1
2021-07-29 04:28:41,168 [INFO] delta angle: 0.0
2021-07-29 04:28:41,169 [INFO] sending message $BPRMB,032841.20,-0.0,1,0,1000,0,1*41
...
2021-07-29 04:28:42,170 [INFO] sending message $BPSTS,032842.17,1,BWSI Autonomy OK*4d
...
2021-07-29 04:28:42,172 [INFO] Processing: $BFNVG,032840.15,4218.041081,N,07105.988687,W,0,10.0,1.0,5.1,0.0,0.0,032840.15*58
2021-07-29 04:28:42,174 [INFO] Interpreted as: {'position': (0.6923558138078079, 7.723540308885276), 'latlon': (42.30068468333333, -71.09981145), 'heading': 5.1, 'depth': 1.0, 'altitude': 10.0, 'roll': 0.0, 'pitch': 0.0, 'last_fix_time': datetime.datetime(2021, 7, 29, 3, 28, 40), 'speed': None, 'rudder': 0, 'datum': (42.30061501666667, -71.09981753333334)}
2021-07-29 04:28:42,175 [INFO] Processing: $BFNVG,032840.49,4218.041269,N,07105.988670,W,0,10.0,1.0,5.1,0.0,0.0,032840.49*54
2021-07-29 04:28:42,176 [INFO] Interpreted as: {'position': (0.7242972102831118, 8.070895061828196), 'latlon': (42.30068781666667, -71.09981116666667), 'heading': 5.1, 'depth': 1.0, 'altitude': 10.0, 'roll': 0.0, 'pitch': 0.0, 'last_fix_time': datetime.datetime(2021, 7, 29, 3, 28, 40), 'speed': None, 'rudder': 0, 'datum': (42.30061501666667, -71.09981753333334)}
2021-07-29 04:28:42,177 [INFO] Received from Frontseat: [b'$BFNVG,032840.15,4218.041081,N,07105.988687,W,0,10.0,1.0,5.1,0.0,0.0,032840.15*58', b'$BFNVG,032840.49,4218.041269,N,07105.988670,W,0,10.0,1.0,5.1,0.0,0.0,032840.49*54']
2021-07-29 04:28:42,178 [INFO] AUV state: {'position': (0.7242972102831118, 8.070895061828196), 'latlon': (42.30068781666667, -71.09981116666667), 'heading': 5.1, 'depth': 1.0, 'altitude': 10.0, 'roll': 0.0, 'pitch': 0.0, 'last_fix_time': datetime.datetime(2021, 7, 29, 3, 28, 40), 'speed': None, 'rudder': 0, 'datum': (42.30061501666667, -71.09981753333334)}
2021-07-29 04:28:42,471 [INFO] **** [] []
2021-07-29 04:28:42,473 [INFO] Next green buoy: [], next red buoy: []
2021-07-29 04:28:42,474 [INFO] Desired_heading: 5.1
2021-07-29 04:28:42,474 [INFO] delta angle: 0.0
2021-07-29 04:28:42,475 [INFO] sending message $BPRMB,032843.13,-0.0,1,0,1000,0,1*43
...
2021-07-29 04:28:43,477 [INFO] sending message $BPSTS,032843.47,1,BWSI Autonomy OK*49
...
2021-07-29 04:28:43,478 [INFO] Received from Frontseat: []
2021-07-29 04:28:43,479 [INFO] AUV state: {'position': (0.7242972102831118, 8.070895061828196), 'latlon': (42.30068781666667, -71.09981116666667), 'heading': 5.1, 'depth': 1.0, 'altitude': 10.0, 'roll': 0.0, 'pitch': 0.0, 'last_fix_time': datetime.datetime(2021, 7, 29, 3, 28, 40), 'speed': None, 'rudder': 0, 'datum': (42.30061501666667, -71.09981753333334)}
2021-07-29 04:28:43,790 [INFO] **** [] []
2021-07-29 04:28:43,792 [INFO] Next green buoy: [], next red buoy: []
2021-07-29 04:28:43,793 [INFO] Desired_heading: 5.1
2021-07-29 04:28:43,793 [INFO] delta angle: 0.0
2021-07-29 04:28:43,794 [INFO] sending message $BPRMB,032843.82,-0.0,1,0,1000,0,1*4b
...
2021-07-29 04:28:44,796 [INFO] sending message $BPSTS,032844.79,1,BWSI Autonomy OK*43
...
2021-07-29 04:28:44,797 [INFO] Received from Frontseat: []
2021-07-29 04:28:44,798 [INFO] AUV state: {'position': (0.7242972102831118, 8.070895061828196), 'latlon': (42.30068781666667, -71.09981116666667), 'heading': 5.1, 'depth': 1.0, 'altitude': 10.0, 'roll': 0.0, 'pitch': 0.0, 'last_fix_time': datetime.datetime(2021, 7, 29, 3, 28, 40), 'speed': None, 'rudder': 0, 'datum': (42.30061501666667, -71.09981753333334)}
2021-07-29 04:28:45,114 [INFO] **** [] []
2021-07-29 04:28:45,116 [INFO] Next green buoy: [], next red buoy: []
2021-07-29 04:28:45,116 [INFO] Desired_heading: 5.1
2021-07-29 04:28:45,117 [INFO] delta angle: 0.0
2021-07-29 04:28:45,117 [INFO] sending message $BPRMB,032845.77,-0.0,1,0,1000,0,1*47
...
2021-07-29 04:28:45,124 [ERROR] An error occurred. The stack trace is below.
Traceback (most recent call last):
  File "BWSI_BackSeat.py", line 126, in run
    time.sleep(1/self.__warp)
KeyboardInterrupt
