2021-07-28 23:19:53,689 [INFO] host = 192.168.1.213, port = 29500
2021-07-28 23:20:01,741 [INFO] sending message $BPLOG,ACK,ON*1e
...
2021-07-28 23:20:01,742 [INFO] sending message $BPLOG,ALL,ON*16
...
2021-07-28 23:20:01,745 [INFO] sending message $BPSTS,222001.74,1,BWSI Autonomy OK*44
...
2021-07-28 23:20:01,746 [INFO] Received from Frontseat: []
2021-07-28 23:20:01,747 [INFO] AUV state: {'position': (None, None), 'latlon': None, 'heading': None, 'depth': None, 'altitude': None, 'roll': None, 'pitch': None, 'last_fix_time': None, 'speed': None, 'rudder': 0}
2021-07-28 23:20:02,749 [INFO] sending message $BPSTS,222002.74,1,BWSI Autonomy OK*47
...
2021-07-28 23:20:02,751 [INFO] Processing: $BFNVG,222001.35,4218.000000,N,07106.000000,W,0,10.0,1.0,45.0,0.0,0.0,222001.35*62
2021-07-28 23:20:02,754 [INFO] Interpreted as: {'position': (0, 0), 'latlon': (42.3, -71.1), 'heading': 45.0, 'depth': 1.0, 'altitude': 10.0, 'roll': 0.0, 'pitch': 0.0, 'last_fix_time': datetime.datetime(2021, 7, 28, 22, 20, 1), 'speed': None, 'rudder': 0, 'datum': (42.3, -71.1)}
2021-07-28 23:20:02,755 [INFO] Processing: $BFNVG,222001.60,4218.000000,N,07106.000000,W,0,10.0,1.0,45.0,0.0,0.0,222001.60*62
2021-07-28 23:20:02,757 [INFO] Interpreted as: {'position': (0.0, 0.0), 'latlon': (42.3, -71.1), 'heading': 45.0, 'depth': 1.0, 'altitude': 10.0, 'roll': 0.0, 'pitch': 0.0, 'last_fix_time': datetime.datetime(2021, 7, 28, 22, 20, 1), 'speed': None, 'rudder': 0, 'datum': (42.3, -71.1)}
2021-07-28 23:20:02,759 [INFO] Processing: $BFNVG,222001.85,4218.000000,N,07106.000000,W,0,10.0,1.0,45.0,0.0,0.0,222001.85*62
2021-07-28 23:20:02,761 [INFO] Interpreted as: {'position': (0.0, 0.0), 'latlon': (42.3, -71.1), 'heading': 45.0, 'depth': 1.0, 'altitude': 10.0, 'roll': 0.0, 'pitch': 0.0, 'last_fix_time': datetime.datetime(2021, 7, 28, 22, 20, 1), 'speed': None, 'rudder': 0, 'datum': (42.3, -71.1)}
2021-07-28 23:20:02,762 [INFO] Received from Frontseat: [b'$BFNVG,222001.35,4218.000000,N,07106.000000,W,0,10.0,1.0,45.0,0.0,0.0,222001.35*62', b'$BFNVG,222001.60,4218.000000,N,07106.000000,W,0,10.0,1.0,45.0,0.0,0.0,222001.60*62', b'$BFNVG,222001.85,4218.000000,N,07106.000000,W,0,10.0,1.0,45.0,0.0,0.0,222001.85*62']
2021-07-28 23:20:02,763 [INFO] AUV state: {'position': (0.0, 0.0), 'latlon': (42.3, -71.1), 'heading': 45.0, 'depth': 1.0, 'altitude': 10.0, 'roll': 0.0, 'pitch': 0.0, 'last_fix_time': datetime.datetime(2021, 7, 28, 22, 20, 1), 'speed': None, 'rudder': 0, 'datum': (42.3, -71.1)}
2021-07-28 23:20:03,100 [INFO] **** [(-0.21993023293121178, -7.6862156757158235)] [(15.437560812208067, -7.329055330858309)]
2021-07-28 23:20:03,102 [INFO] Next green buoy: [(-0.21993023293121178, -7.6862156757158235)], next red buoy: [(15.437560812208067, -7.329055330858309)]
2021-07-28 23:20:03,102 [INFO] Desired_heading: 52.60881528963843
2021-07-28 23:20:03,103 [INFO] delta angle: 25
2021-07-28 23:20:03,103 [INFO] sending message $BPRMB,222003.73,-25,1,0,750,0,1*50
...
2021-07-28 23:20:04,105 [INFO] sending message $BPSTS,222004.10,1,BWSI Autonomy OK*43
...
2021-07-28 23:20:04,106 [INFO] Processing: $BFNVG,222002.27,4218.000000,N,07106.000000,W,0,10.0,1.0,45.0,0.0,0.0,222002.27*62
2021-07-28 23:20:04,108 [INFO] Interpreted as: {'position': (0.0, 0.0), 'latlon': (42.3, -71.1), 'heading': 45.0, 'depth': 1.0, 'altitude': 10.0, 'roll': 0.0, 'pitch': 0.0, 'last_fix_time': datetime.datetime(2021, 7, 28, 22, 20, 2), 'speed': None, 'rudder': 0, 'datum': (42.3, -71.1)}
2021-07-28 23:20:04,110 [INFO] Processing: $BFNVG,222002.62,4218.000000,N,07106.000000,W,0,10.0,1.0,45.0,0.0,0.0,222002.62*62
2021-07-28 23:20:04,112 [INFO] Interpreted as: {'position': (0.0, 0.0), 'latlon': (42.3, -71.1), 'heading': 45.0, 'depth': 1.0, 'altitude': 10.0, 'roll': 0.0, 'pitch': 0.0, 'last_fix_time': datetime.datetime(2021, 7, 28, 22, 20, 2), 'speed': None, 'rudder': 0, 'datum': (42.3, -71.1)}
2021-07-28 23:20:04,114 [INFO] Processing: $BFNVG,222002.96,4218.000000,N,07106.000000,W,0,10.0,1.0,45.0,0.0,0.0,222002.96*62
2021-07-28 23:20:04,117 [INFO] Interpreted as: {'position': (0.0, 0.0), 'latlon': (42.3, -71.1), 'heading': 45.0, 'depth': 1.0, 'altitude': 10.0, 'roll': 0.0, 'pitch': 0.0, 'last_fix_time': datetime.datetime(2021, 7, 28, 22, 20, 2), 'speed': None, 'rudder': 0, 'datum': (42.3, -71.1)}
2021-07-28 23:20:04,118 [INFO] Received from Frontseat: [b'$BFNVG,222002.27,4218.000000,N,07106.000000,W,0,10.0,1.0,45.0,0.0,0.0,222002.27*62', b'$BFNVG,222002.62,4218.000000,N,07106.000000,W,0,10.0,1.0,45.0,0.0,0.0,222002.62*62', b'$BFNVG,222002.96,4218.000000,N,07106.000000,W,0,10.0,1.0,45.0,0.0,0.0,222002.96*62']
2021-07-28 23:20:04,119 [INFO] AUV state: {'position': (0.0, 0.0), 'latlon': (42.3, -71.1), 'heading': 45.0, 'depth': 1.0, 'altitude': 10.0, 'roll': 0.0, 'pitch': 0.0, 'last_fix_time': datetime.datetime(2021, 7, 28, 22, 20, 2), 'speed': None, 'rudder': 0, 'datum': (42.3, -71.1)}
2021-07-28 23:20:04,444 [INFO] **** [(-0.22035521470194389, -7.708961974233651)] [(15.437560812208067, -7.333901112744751)]
2021-07-28 23:20:04,446 [INFO] Next green buoy: [(-0.22035521470194389, -7.708961974233651)], next red buoy: [(15.437560812208067, -7.333901112744751)]
2021-07-28 23:20:04,447 [INFO] Desired_heading: 52.60860279875306
2021-07-28 23:20:04,447 [INFO] delta angle: 25
2021-07-28 23:20:04,448 [INFO] sending message $BPRMB,222004.47,-25,1,0,750,0,1*50
...
2021-07-28 23:20:05,450 [INFO] sending message $BPSTS,222005.44,1,BWSI Autonomy OK*43
...
2021-07-28 23:20:05,451 [INFO] Processing: $BFNVG,222003.31,4218.000000,N,07106.000000,W,0,10.0,1.0,45.0,0.0,0.0,222003.31*62
2021-07-28 23:20:05,453 [INFO] Interpreted as: {'position': (0.0, 0.0), 'latlon': (42.3, -71.1), 'heading': 45.0, 'depth': 1.0, 'altitude': 10.0, 'roll': 0.0, 'pitch': 0.0, 'last_fix_time': datetime.datetime(2021, 7, 28, 22, 20, 3), 'speed': None, 'rudder': 0, 'datum': (42.3, -71.1)}
2021-07-28 23:20:05,454 [INFO] Processing: $BFNVG,222003.66,4218.000103,N,07105.999863,W,0,10.0,1.0,46.6,0.0,0.0,222003.66*62
2021-07-28 23:20:05,456 [INFO] Interpreted as: {'position': (0.19292575563304126, 0.18597681634128094), 'latlon': (42.300001716666664, -71.09999771666666), 'heading': 46.6, 'depth': 1.0, 'altitude': 10.0, 'roll': 0.0, 'pitch': 0.0, 'last_fix_time': datetime.datetime(2021, 7, 28, 22, 20, 3), 'speed': None, 'rudder': 0, 'datum': (42.3, -71.1)}
2021-07-28 23:20:05,457 [INFO] Processing: $BFNVG,222004.00,4218.000203,N,07105.999725,W,0,10.0,1.0,48.2,0.0,0.0,222004.00*66
2021-07-28 23:20:05,459 [INFO] Interpreted as: {'position': (0.3870883670751937, 0.3663676381111145), 'latlon': (42.30000338333333, -71.09999541666667), 'heading': 48.2, 'depth': 1.0, 'altitude': 10.0, 'roll': 0.0, 'pitch': 0.0, 'last_fix_time': datetime.datetime(2021, 7, 28, 22, 20, 4), 'speed': None, 'rudder': 0, 'datum': (42.3, -71.1)}
2021-07-28 23:20:05,460 [INFO] Processing: $BFNVG,222004.34,4218.000300,N,07105.999581,W,0,10.0,1.0,49.9,0.0,0.0,222004.34*62
2021-07-28 23:20:05,462 [INFO] Interpreted as: {'position': (0.5893572309287265, 0.5410029459744692), 'latlon': (42.300005, -71.09999301666667), 'heading': 49.9, 'depth': 1.0, 'altitude': 10.0, 'roll': 0.0, 'pitch': 0.0, 'last_fix_time': datetime.datetime(2021, 7, 28, 22, 20, 4), 'speed': None, 'rudder': 0, 'datum': (42.3, -71.1)}
2021-07-28 23:20:05,463 [INFO] Received from Frontseat: [b'$BFNVG,222003.31,4218.000000,N,07106.000000,W,0,10.0,1.0,45.0,0.0,0.0,222003.31*62', b'$BFNVG,222003.66,4218.000103,N,07105.999863,W,0,10.0,1.0,46.6,0.0,0.0,222003.66*62', b'$BFNVG,222004.00,4218.000203,N,07105.999725,W,0,10.0,1.0,48.2,0.0,0.0,222004.00*66', b'$BFNVG,222004.34,4218.000300,N,07105.999581,W,0,10.0,1.0,49.9,0.0,0.0,222004.34*62']
2021-07-28 23:20:05,464 [INFO] AUV state: {'position': (0.5893572309287265, 0.5410029459744692), 'latlon': (42.300005, -71.09999301666667), 'heading': 49.9, 'depth': 1.0, 'altitude': 10.0, 'roll': 0.0, 'pitch': 0.0, 'last_fix_time': datetime.datetime(2021, 7, 28, 22, 20, 4), 'speed': None, 'rudder': 0, 'datum': (42.3, -71.1)}
2021-07-28 23:20:05,791 [INFO] **** [(-6.024850133529634, -8.525762420125751)] [(11.645470767285358, -8.239208846926779)]
2021-07-28 23:20:05,793 [INFO] Next green buoy: [(-6.024850133529634, -8.525762420125751)], next red buoy: [(11.645470767285358, -8.239208846926779)]
2021-07-28 23:20:05,793 [INFO] Desired_heading: 52.71031031687786
2021-07-28 23:20:05,794 [INFO] delta angle: 5.2652293847667595
2021-07-28 23:20:05,794 [INFO] sending message $BPRMB,222006.42,-5.2652293847667595,1,0,750,0,1*45
...
2021-07-28 23:20:06,796 [INFO] sending message $BPSTS,222006.79,1,BWSI Autonomy OK*4e
...
2021-07-28 23:20:06,798 [INFO] Processing: $BFNVG,222004.69,4218.000393,N,07105.999435,W,0,10.0,1.0,51.5,0.0,0.0,222004.69*63
2021-07-28 23:20:06,803 [INFO] Interpreted as: {'position': (0.794191156513989, 0.7081676600500941), 'latlon': (42.30000655, -71.09999058333334), 'heading': 51.5, 'depth': 1.0, 'altitude': 10.0, 'roll': 0.0, 'pitch': 0.0, 'last_fix_time': datetime.datetime(2021, 7, 28, 22, 20, 4), 'speed': None, 'rudder': 0, 'datum': (42.3, -71.1)}
2021-07-28 23:20:06,804 [INFO] Processing: $BFNVG,222005.03,4218.000484,N,07105.999285,W,0,10.0,1.0,53.1,0.0,0.0,222005.03*69
2021-07-28 23:20:06,806 [INFO] Interpreted as: {'position': (1.0044292493257672, 0.8714953660964966), 'latlon': (42.30000806666666, -71.09998808333333), 'heading': 53.1, 'depth': 1.0, 'altitude': 10.0, 'roll': 0.0, 'pitch': 0.0, 'last_fix_time': datetime.datetime(2021, 7, 28, 22, 20, 5), 'speed': None, 'rudder': 0, 'datum': (42.3, -71.1)}
2021-07-28 23:20:06,807 [INFO] Processing: $BFNVG,222005.38,4218.000572,N,07105.999130,W,0,10.0,1.0,54.7,0.0,0.0,222005.38*6D
2021-07-28 23:20:06,810 [INFO] Interpreted as: {'position': (1.2213997128419578, 1.029101463034749), 'latlon': (42.30000953333333, -71.0999855), 'heading': 54.7, 'depth': 1.0, 'altitude': 10.0, 'roll': 0.0, 'pitch': 0.0, 'last_fix_time': datetime.datetime(2021, 7, 28, 22, 20, 5), 'speed': None, 'rudder': 0, 'datum': (42.3, -71.1)}
2021-07-28 23:20:06,811 [INFO] Processing: $BFNVG,222005.73,4218.000656,N,07105.998973,W,0,10.0,1.0,56.3,0.0,0.0,222005.73*60
2021-07-28 23:20:06,814 [INFO] Interpreted as: {'position': (1.44093523878837, 1.1792369689792395), 'latlon': (42.30001093333333, -71.09998288333334), 'heading': 56.3, 'depth': 1.0, 'altitude': 10.0, 'roll': 0.0, 'pitch': 0.0, 'last_fix_time': datetime.datetime(2021, 7, 28, 22, 20, 5), 'speed': None, 'rudder': 0, 'datum': (42.3, -71.1)}
2021-07-28 23:20:06,815 [INFO] Received from Frontseat: [b'$BFNVG,222004.69,4218.000393,N,07105.999435,W,0,10.0,1.0,51.5,0.0,0.0,222004.69*63', b'$BFNVG,222005.03,4218.000484,N,07105.999285,W,0,10.0,1.0,53.1,0.0,0.0,222005.03*69', b'$BFNVG,222005.38,4218.000572,N,07105.999130,W,0,10.0,1.0,54.7,0.0,0.0,222005.38*6D', b'$BFNVG,222005.73,4218.000656,N,07105.998973,W,0,10.0,1.0,56.3,0.0,0.0,222005.73*60']
2021-07-28 23:20:06,816 [INFO] AUV state: {'position': (1.44093523878837, 1.1792369689792395), 'latlon': (42.30001093333333, -71.09998288333334), 'heading': 56.3, 'depth': 1.0, 'altitude': 10.0, 'roll': 0.0, 'pitch': 0.0, 'last_fix_time': datetime.datetime(2021, 7, 28, 22, 20, 5), 'speed': None, 'rudder': 0, 'datum': (42.3, -71.1)}
2021-07-28 23:20:07,139 [INFO] **** [(-14.555760176849322, -9.864035802461094)] [(5.994369662747136, -9.578566086979032)]
2021-07-28 23:20:07,141 [INFO] Next green buoy: [(-14.555760176849322, -9.864035802461094)], next red buoy: [(5.994369662747136, -9.578566086979032)]
2021-07-28 23:20:07,141 [INFO] Desired_heading: 52.019304742948904
2021-07-28 23:20:07,142 [INFO] delta angle: -12.216234589159797
2021-07-28 23:20:07,142 [INFO] sending message $BPRMB,222007.16,12.216234589159797,1,0,750,0,1*60
...
2021-07-28 23:20:08,144 [INFO] sending message $BPSTS,222008.14,1,BWSI Autonomy OK*4b
...
2021-07-28 23:20:08,145 [INFO] Processing: $BFNVG,222006.07,4218.000737,N,07105.998813,W,0,10.0,1.0,58.0,0.0,0.0,222006.07*6C
2021-07-28 23:20:08,147 [INFO] Interpreted as: {'position': (1.6644553808728233, 1.3237186754122376), 'latlon': (42.30001228333333, -71.09998021666667), 'heading': 58.0, 'depth': 1.0, 'altitude': 10.0, 'roll': 0.0, 'pitch': 0.0, 'last_fix_time': datetime.datetime(2021, 7, 28, 22, 20, 6), 'speed': None, 'rudder': 0, 'datum': (42.3, -71.1)}
2021-07-28 23:20:08,148 [INFO] Processing: $BFNVG,222006.41,4218.000816,N,07105.998652,W,0,10.0,1.0,58.3,0.0,0.0,222006.41*68
2021-07-28 23:20:08,151 [INFO] Interpreted as: {'position': (1.8892580479150638, 1.4644650900736451), 'latlon': (42.3000136, -71.09997753333333), 'heading': 58.3, 'depth': 1.0, 'altitude': 10.0, 'roll': 0.0, 'pitch': 0.0, 'last_fix_time': datetime.datetime(2021, 7, 28, 22, 20, 6), 'speed': None, 'rudder': 0, 'datum': (42.3, -71.1)}
2021-07-28 23:20:08,151 [INFO] Processing: $BFNVG,222006.76,4218.000894,N,07105.998490,W,0,10.0,1.0,58.6,0.0,0.0,222006.76*6B
2021-07-28 23:20:08,153 [INFO] Interpreted as: {'position': (2.115388913662173, 1.6033269120380282), 'latlon': (42.3000149, -71.09997483333333), 'heading': 58.6, 'depth': 1.0, 'altitude': 10.0, 'roll': 0.0, 'pitch': 0.0, 'last_fix_time': datetime.datetime(2021, 7, 28, 22, 20, 6), 'speed': None, 'rudder': 0, 'datum': (42.3, -71.1)}
2021-07-28 23:20:08,155 [INFO] Processing: $BFNVG,222007.11,4218.000972,N,07105.998325,W,0,10.0,1.0,59.0,0.0,0.0,222007.11*6C
2021-07-28 23:20:08,157 [INFO] Interpreted as: {'position': (2.3456414085812867, 1.7420870251953602), 'latlon': (42.3000162, -71.09997208333333), 'heading': 59.0, 'depth': 1.0, 'altitude': 10.0, 'roll': 0.0, 'pitch': 0.0, 'last_fix_time': datetime.datetime(2021, 7, 28, 22, 20, 7), 'speed': None, 'rudder': 0, 'datum': (42.3, -71.1)}
2021-07-28 23:20:08,158 [INFO] Received from Frontseat: [b'$BFNVG,222006.07,4218.000737,N,07105.998813,W,0,10.0,1.0,58.0,0.0,0.0,222006.07*6C', b'$BFNVG,222006.41,4218.000816,N,07105.998652,W,0,10.0,1.0,58.3,0.0,0.0,222006.41*68', b'$BFNVG,222006.76,4218.000894,N,07105.998490,W,0,10.0,1.0,58.6,0.0,0.0,222006.76*6B', b'$BFNVG,222007.11,4218.000972,N,07105.998325,W,0,10.0,1.0,59.0,0.0,0.0,222007.11*6C']
2021-07-28 23:20:08,159 [INFO] AUV state: {'position': (2.3456414085812867, 1.7420870251953602), 'latlon': (42.3000162, -71.09997208333333), 'heading': 59.0, 'depth': 1.0, 'altitude': 10.0, 'roll': 0.0, 'pitch': 0.0, 'last_fix_time': datetime.datetime(2021, 7, 28, 22, 20, 7), 'speed': None, 'rudder': 0, 'datum': (42.3, -71.1)}
2021-07-28 23:20:08,470 [INFO] **** [(-20.414789515965232, -11.929074546680951)] [(3.8085106112566027, -11.506142840576516)]
2021-07-28 23:20:08,472 [INFO] Next green buoy: [(-20.414789515965232, -11.929074546680951)], next red buoy: [(3.8085106112566027, -11.506142840576516)]
2021-07-28 23:20:08,473 [INFO] Desired_heading: 50.696860547645684
2021-07-28 23:20:08,473 [INFO] delta angle: -25
2021-07-28 23:20:08,473 [INFO] sending message $BPRMB,222009.12,25,1,0,750,0,1*70
...
2021-07-28 23:20:09,475 [INFO] sending message $BPSTS,222009.47,1,BWSI Autonomy OK*4c
...
2021-07-28 23:20:09,477 [INFO] Processing: $BFNVG,222007.45,4218.001049,N,07105.998162,W,0,10.0,1.0,59.3,0.0,0.0,222007.45*6E
2021-07-28 23:20:09,479 [INFO] Interpreted as: {'position': (2.5731004640692845, 1.8790642563253641), 'latlon': (42.300017483333335, -71.09996936666667), 'heading': 59.3, 'depth': 1.0, 'altitude': 10.0, 'roll': 0.0, 'pitch': 0.0, 'last_fix_time': datetime.datetime(2021, 7, 28, 22, 20, 7), 'speed': None, 'rudder': 0, 'datum': (42.3, -71.1)}
2021-07-28 23:20:09,480 [INFO] Processing: $BFNVG,222007.79,4218.001126,N,07105.997999,W,0,10.0,1.0,58.5,0.0,0.0,222007.79*62
2021-07-28 23:20:09,483 [INFO] Interpreted as: {'position': (2.8005595124559477, 2.016041496768594), 'latlon': (42.30001876666667, -71.09996665), 'heading': 58.5, 'depth': 1.0, 'altitude': 10.0, 'roll': 0.0, 'pitch': 0.0, 'last_fix_time': datetime.datetime(2021, 7, 28, 22, 20, 7), 'speed': None, 'rudder': 0, 'datum': (42.3, -71.1)}
2021-07-28 23:20:09,484 [INFO] Processing: $BFNVG,222008.14,4218.001204,N,07105.997838,W,0,10.0,1.0,57.7,0.0,0.0,222008.14*66
2021-07-28 23:20:09,486 [INFO] Interpreted as: {'position': (3.0253164623863995, 2.1549372486770153), 'latlon': (42.30002006666667, -71.09996396666666), 'heading': 57.7, 'depth': 1.0, 'altitude': 10.0, 'roll': 0.0, 'pitch': 0.0, 'last_fix_time': datetime.datetime(2021, 7, 28, 22, 20, 8), 'speed': None, 'rudder': 0, 'datum': (42.3, -71.1)}
2021-07-28 23:20:09,487 [INFO] Received from Frontseat: [b'$BFNVG,222007.45,4218.001049,N,07105.998162,W,0,10.0,1.0,59.3,0.0,0.0,222007.45*6E', b'$BFNVG,222007.79,4218.001126,N,07105.997999,W,0,10.0,1.0,58.5,0.0,0.0,222007.79*62', b'$BFNVG,222008.14,4218.001204,N,07105.997838,W,0,10.0,1.0,57.7,0.0,0.0,222008.14*66']
2021-07-28 23:20:09,488 [INFO] AUV state: {'position': (3.0253164623863995, 2.1549372486770153), 'latlon': (42.30002006666667, -71.09996396666666), 'heading': 57.7, 'depth': 1.0, 'altitude': 10.0, 'roll': 0.0, 'pitch': 0.0, 'last_fix_time': datetime.datetime(2021, 7, 28, 22, 20, 8), 'speed': None, 'rudder': 0, 'datum': (42.3, -71.1)}
2021-07-28 23:20:09,834 [INFO] **** [(-22.476389230083804, -13.944896819009939)] [(5.906104016149402, -13.467902147927626)]
2021-07-28 23:20:09,836 [INFO] Next green buoy: [(-22.476389230083804, -13.944896819009939)], next red buoy: [(5.906104016149402, -13.467902147927626)]
2021-07-28 23:20:09,837 [INFO] Desired_heading: 49.414857393032804
2021-07-28 23:20:09,837 [INFO] delta angle: -25
2021-07-28 23:20:09,838 [INFO] sending message $BPRMB,222009.82,25,1,0,750,0,1*79
...
2021-07-28 23:20:10,839 [INFO] sending message $BPSTS,222010.83,1,BWSI Autonomy OK*4c
...
2021-07-28 23:20:10,841 [INFO] Processing: $BFNVG,222008.49,4218.001286,N,07105.997675,W,0,10.0,1.0,56.9,0.0,0.0,222008.49*64
2021-07-28 23:20:10,843 [INFO] Interpreted as: {'position': (3.253003846912179, 2.3011679872870445), 'latlon': (42.300021433333335, -71.09996125), 'heading': 56.9, 'depth': 1.0, 'altitude': 10.0, 'roll': 0.0, 'pitch': 0.0, 'last_fix_time': datetime.datetime(2021, 7, 28, 22, 20, 8), 'speed': None, 'rudder': 0, 'datum': (42.3, -71.1)}
2021-07-28 23:20:10,844 [INFO] Processing: $BFNVG,222008.83,4218.001369,N,07105.997517,W,0,10.0,1.0,55.3,0.0,0.0,222008.83*6A
2021-07-28 23:20:10,847 [INFO] Interpreted as: {'position': (3.473867498571053, 2.44941895455122), 'latlon': (42.30002281666667, -71.09995861666667), 'heading': 55.3, 'depth': 1.0, 'altitude': 10.0, 'roll': 0.0, 'pitch': 0.0, 'last_fix_time': datetime.datetime(2021, 7, 28, 22, 20, 8), 'speed': None, 'rudder': 0, 'datum': (42.3, -71.1)}
2021-07-28 23:20:10,848 [INFO] Processing: $BFNVG,222009.18,4218.001455,N,07105.997362,W,0,10.0,1.0,53.7,0.0,0.0,222009.18*64
2021-07-28 23:20:10,851 [INFO] Interpreted as: {'position': (3.690746514359489, 2.603323731571436), 'latlon': (42.30002425, -71.09995603333333), 'heading': 53.7, 'depth': 1.0, 'altitude': 10.0, 'roll': 0.0, 'pitch': 0.0, 'last_fix_time': datetime.datetime(2021, 7, 28, 22, 20, 9), 'speed': None, 'rudder': 0, 'datum': (42.3, -71.1)}
2021-07-28 23:20:10,852 [INFO] Processing: $BFNVG,222009.52,4218.001545,N,07105.997211,W,0,10.0,1.0,52.1,0.0,0.0,222009.52*66
2021-07-28 23:20:10,854 [INFO] Interpreted as: {'position': (3.902312687947415, 2.7647669184952974), 'latlon': (42.30002575, -71.09995351666667), 'heading': 52.1, 'depth': 1.0, 'altitude': 10.0, 'roll': 0.0, 'pitch': 0.0, 'last_fix_time': datetime.datetime(2021, 7, 28, 22, 20, 9), 'speed': None, 'rudder': 0, 'datum': (42.3, -71.1)}
2021-07-28 23:20:10,855 [INFO] Received from Frontseat: [b'$BFNVG,222008.49,4218.001286,N,07105.997675,W,0,10.0,1.0,56.9,0.0,0.0,222008.49*64', b'$BFNVG,222008.83,4218.001369,N,07105.997517,W,0,10.0,1.0,55.3,0.0,0.0,222008.83*6A', b'$BFNVG,222009.18,4218.001455,N,07105.997362,W,0,10.0,1.0,53.7,0.0,0.0,222009.18*64', b'$BFNVG,222009.52,4218.001545,N,07105.997211,W,0,10.0,1.0,52.1,0.0,0.0,222009.52*66']
2021-07-28 23:20:10,856 [INFO] AUV state: {'position': (3.902312687947415, 2.7647669184952974), 'latlon': (42.30002575, -71.09995351666667), 'heading': 52.1, 'depth': 1.0, 'altitude': 10.0, 'roll': 0.0, 'pitch': 0.0, 'last_fix_time': datetime.datetime(2021, 7, 28, 22, 20, 9), 'speed': None, 'rudder': 0, 'datum': (42.3, -71.1)}
2021-07-28 23:20:11,210 [INFO] **** [(-22.798189461124316, -18.08113906360333)] [(14.475728202286115, -17.59669466544404), (-10.938771948682541, -4.811211562782232)]
2021-07-28 23:20:11,212 [INFO] Next green buoy: [(-22.798189461124316, -18.08113906360333)], next red buoy: [(14.475728202286115, -17.59669466544404), (-10.938771948682541, -4.811211562782232)]
2021-07-28 23:20:11,213 [INFO] Desired_heading: 47.9387693705809
2021-07-28 23:20:11,213 [INFO] delta angle: -11.543893567477141
2021-07-28 23:20:11,214 [INFO] sending message $BPRMB,222011.85,11.543893567477141,1,0,750,0,1*6a
...
2021-07-28 23:20:12,215 [INFO] sending message $BPSTS,222012.21,1,BWSI Autonomy OK*46
...
2021-07-28 23:20:12,217 [INFO] Processing: $BFNVG,222009.86,4218.001637,N,07105.997064,W,0,10.0,1.0,50.5,0.0,0.0,222009.86*66
2021-07-28 23:20:12,223 [INFO] Interpreted as: {'position': (4.108474676904734, 2.930047125555575), 'latlon': (42.300027283333336, -71.09995106666666), 'heading': 50.5, 'depth': 1.0, 'altitude': 10.0, 'roll': 0.0, 'pitch': 0.0, 'last_fix_time': datetime.datetime(2021, 7, 28, 22, 20, 9), 'speed': None, 'rudder': 0, 'datum': (42.3, -71.1)}
2021-07-28 23:20:12,224 [INFO] Processing: $BFNVG,222010.21,4218.001733,N,07105.996918,W,0,10.0,1.0,48.8,0.0,0.0,222010.21*64
2021-07-28 23:20:12,226 [INFO] Interpreted as: {'position': (4.313445461040828, 3.102764029055834), 'latlon': (42.30002888333333, -71.09994863333333), 'heading': 48.8, 'depth': 1.0, 'altitude': 10.0, 'roll': 0.0, 'pitch': 0.0, 'last_fix_time': datetime.datetime(2021, 7, 28, 22, 20, 10), 'speed': None, 'rudder': 0, 'datum': (42.3, -71.1)}
2021-07-28 23:20:12,227 [INFO] Processing: $BFNVG,222010.56,4218.001832,N,07105.996777,W,0,10.0,1.0,47.2,0.0,0.0,222010.56*68
2021-07-28 23:20:12,230 [INFO] Interpreted as: {'position': (4.511683852178976, 3.2812025528401136), 'latlon': (42.300030533333334, -71.09994628333334), 'heading': 47.2, 'depth': 1.0, 'altitude': 10.0, 'roll': 0.0, 'pitch': 0.0, 'last_fix_time': datetime.datetime(2021, 7, 28, 22, 20, 10), 'speed': None, 'rudder': 0, 'datum': (42.3, -71.1)}
2021-07-28 23:20:12,231 [INFO] Processing: $BFNVG,222010.90,4218.001935,N,07105.996639,W,0,10.0,1.0,45.6,0.0,0.0,222010.90*63
2021-07-28 23:20:12,233 [INFO] Interpreted as: {'position': (4.705983279738575, 3.4671455807983875), 'latlon': (42.30003225, -71.09994398333333), 'heading': 45.6, 'depth': 1.0, 'altitude': 10.0, 'roll': 0.0, 'pitch': 0.0, 'last_fix_time': datetime.datetime(2021, 7, 28, 22, 20, 10), 'speed': None, 'rudder': 0, 'datum': (42.3, -71.1)}
2021-07-28 23:20:12,234 [INFO] Received from Frontseat: [b'$BFNVG,222009.86,4218.001637,N,07105.997064,W,0,10.0,1.0,50.5,0.0,0.0,222009.86*66', b'$BFNVG,222010.21,4218.001733,N,07105.996918,W,0,10.0,1.0,48.8,0.0,0.0,222010.21*64', b'$BFNVG,222010.56,4218.001832,N,07105.996777,W,0,10.0,1.0,47.2,0.0,0.0,222010.56*68', b'$BFNVG,222010.90,4218.001935,N,07105.996639,W,0,10.0,1.0,45.6,0.0,0.0,222010.90*63']
2021-07-28 23:20:12,235 [INFO] AUV state: {'position': (4.705983279738575, 3.4671455807983875), 'latlon': (42.30003225, -71.09994398333333), 'heading': 45.6, 'depth': 1.0, 'altitude': 10.0, 'roll': 0.0, 'pitch': 0.0, 'last_fix_time': datetime.datetime(2021, 7, 28, 22, 20, 10), 'speed': None, 'rudder': 0, 'datum': (42.3, -71.1)}
2021-07-28 23:20:12,571 [INFO] **** [(-23.921188003818642, -23.98951128955869)] [(-4.600411803039216, -5.250325346507005), (-24.055104372570106, -23.828792354667883), (-22.685408870099007, -24.351333167736527)]
2021-07-28 23:20:12,573 [INFO] Next green buoy: [(-23.921188003818642, -23.98951128955869)], next red buoy: [(-4.600411803039216, -5.250325346507005), (-24.055104372570106, -23.828792354667883), (-22.685408870099007, -24.351333167736527)]
2021-07-28 23:20:12,574 [INFO] Desired_heading: 31.339200096571073
2021-07-28 23:20:12,574 [INFO] delta angle: -25
2021-07-28 23:20:12,574 [INFO] sending message $BPRMB,222012.58,25,1,0,750,0,1*74
...
2021-07-28 23:20:13,576 [INFO] sending message $BPSTS,222013.57,1,BWSI Autonomy OK*46
...
2021-07-28 23:20:13,578 [INFO] Processing: $BFNVG,222011.25,4218.002039,N,07105.996506,W,0,10.0,1.0,44.0,0.0,0.0,222011.25*6D
2021-07-28 23:20:13,580 [INFO] Interpreted as: {'position': (4.893458972568624, 3.6551088327541947), 'latlon': (42.300033983333336, -71.09994176666666), 'heading': 44.0, 'depth': 1.0, 'altitude': 10.0, 'roll': 0.0, 'pitch': 0.0, 'last_fix_time': datetime.datetime(2021, 7, 28, 22, 20, 11), 'speed': None, 'rudder': 0, 'datum': (42.3, -71.1)}
2021-07-28 23:20:13,581 [INFO] Processing: $BFNVG,222011.61,4218.002149,N,07105.996372,W,0,10.0,1.0,43.2,0.0,0.0,222011.61*6B
2021-07-28 23:20:13,584 [INFO] Interpreted as: {'position': (5.082582559261937, 3.854142365977168), 'latlon': (42.300035816666664, -71.09993953333333), 'heading': 43.2, 'depth': 1.0, 'altitude': 10.0, 'roll': 0.0, 'pitch': 0.0, 'last_fix_time': datetime.datetime(2021, 7, 28, 22, 20, 11), 'speed': None, 'rudder': 0, 'datum': (42.3, -71.1)}
2021-07-28 23:20:13,585 [INFO] Processing: $BFNVG,222011.95,4218.002257,N,07105.996244,W,0,10.0,1.0,42.5,0.0,0.0,222011.95*65
2021-07-28 23:20:13,587 [INFO] Interpreted as: {'position': (5.2633715200354345, 4.04967793636024), 'latlon': (42.300037616666664, -71.0999374), 'heading': 42.5, 'depth': 1.0, 'altitude': 10.0, 'roll': 0.0, 'pitch': 0.0, 'last_fix_time': datetime.datetime(2021, 7, 28, 22, 20, 11), 'speed': None, 'rudder': 0, 'datum': (42.3, -71.1)}
2021-07-28 23:20:13,588 [INFO] Processing: $BFNVG,222012.30,4218.002367,N,07105.996117,W,0,10.0,1.0,41.7,0.0,0.0,222012.30*63
2021-07-28 23:20:13,590 [INFO] Interpreted as: {'position': (5.4428779314039275, 4.248948808759451), 'latlon': (42.30003945, -71.09993528333334), 'heading': 41.7, 'depth': 1.0, 'altitude': 10.0, 'roll': 0.0, 'pitch': 0.0, 'last_fix_time': datetime.datetime(2021, 7, 28, 22, 20, 12), 'speed': None, 'rudder': 0, 'datum': (42.3, -71.1)}
2021-07-28 23:20:13,591 [INFO] Received from Frontseat: [b'$BFNVG,222011.25,4218.002039,N,07105.996506,W,0,10.0,1.0,44.0,0.0,0.0,222011.25*6D', b'$BFNVG,222011.61,4218.002149,N,07105.996372,W,0,10.0,1.0,43.2,0.0,0.0,222011.61*6B', b'$BFNVG,222011.95,4218.002257,N,07105.996244,W,0,10.0,1.0,42.5,0.0,0.0,222011.95*65', b'$BFNVG,222012.30,4218.002367,N,07105.996117,W,0,10.0,1.0,41.7,0.0,0.0,222012.30*63']
2021-07-28 23:20:13,592 [INFO] AUV state: {'position': (5.4428779314039275, 4.248948808759451), 'latlon': (42.30003945, -71.09993528333334), 'heading': 41.7, 'depth': 1.0, 'altitude': 10.0, 'roll': 0.0, 'pitch': 0.0, 'last_fix_time': datetime.datetime(2021, 7, 28, 22, 20, 12), 'speed': None, 'rudder': 0, 'datum': (42.3, -71.1)}
2021-07-28 23:20:13,911 [INFO] **** [] [(-0.45589996684119305, -5.791176621445141)]
2021-07-28 23:20:13,913 [INFO] Next green buoy: [], next red buoy: [(-0.45589996684119305, -5.791176621445141)]
2021-07-28 23:20:13,914 [INFO] Desired_heading: 41.24410003315881
2021-07-28 23:20:13,914 [INFO] delta angle: -0.1385631865105097
2021-07-28 23:20:13,915 [INFO] sending message $BPRMB,222014.57,0.1385631865105097,1,0,750,0,1*6e
...
2021-07-28 23:20:14,917 [INFO] sending message $BPSTS,222014.91,1,BWSI Autonomy OK*4b
...
2021-07-28 23:20:14,918 [INFO] Processing: $BFNVG,222012.65,4218.002478,N,07105.995992,W,0,10.0,1.0,41.0,0.0,0.0,222012.65*6B
2021-07-28 23:20:14,920 [INFO] Interpreted as: {'position': (5.619682247634046, 4.450138188898563), 'latlon': (42.3000413, -71.0999332), 'heading': 41.0, 'depth': 1.0, 'altitude': 10.0, 'roll': 0.0, 'pitch': 0.0, 'last_fix_time': datetime.datetime(2021, 7, 28, 22, 20, 12), 'speed': None, 'rudder': 0, 'datum': (42.3, -71.1)}
2021-07-28 23:20:14,921 [INFO] Processing: $BFNVG,222012.99,4218.002590,N,07105.995870,W,0,10.0,1.0,39.3,0.0,0.0,222012.99*6D
2021-07-28 23:20:14,923 [INFO] Interpreted as: {'position': (5.792410588066559, 4.653279985301197), 'latlon': (42.30004316666667, -71.09993116666666), 'heading': 39.3, 'depth': 1.0, 'altitude': 10.0, 'roll': 0.0, 'pitch': 0.0, 'last_fix_time': datetime.datetime(2021, 7, 28, 22, 20, 12), 'speed': None, 'rudder': 0, 'datum': (42.3, -71.1)}
2021-07-28 23:20:14,925 [INFO] Processing: $BFNVG,222013.34,4218.002706,N,07105.995752,W,0,10.0,1.0,37.7,0.0,0.0,222013.34*65
2021-07-28 23:20:14,929 [INFO] Interpreted as: {'position': (5.9598260837374255, 4.863960187882185), 'latlon': (42.3000451, -71.0999292), 'heading': 37.7, 'depth': 1.0, 'altitude': 10.0, 'roll': 0.0, 'pitch': 0.0, 'last_fix_time': datetime.datetime(2021, 7, 28, 22, 20, 13), 'speed': None, 'rudder': 0, 'datum': (42.3, -71.1)}
2021-07-28 23:20:14,930 [INFO] Processing: $BFNVG,222013.69,4218.002824,N,07105.995639,W,0,10.0,1.0,36.1,0.0,0.0,222013.69*61
2021-07-28 23:20:14,932 [INFO] Interpreted as: {'position': (6.1204635188914835, 5.0785113060846925), 'latlon': (42.300047066666664, -71.09992731666667), 'heading': 36.1, 'depth': 1.0, 'altitude': 10.0, 'roll': 0.0, 'pitch': 0.0, 'last_fix_time': datetime.datetime(2021, 7, 28, 22, 20, 13), 'speed': None, 'rudder': 0, 'datum': (42.3, -71.1)}
2021-07-28 23:20:14,933 [INFO] Received from Frontseat: [b'$BFNVG,222012.65,4218.002478,N,07105.995992,W,0,10.0,1.0,41.0,0.0,0.0,222012.65*6B', b'$BFNVG,222012.99,4218.002590,N,07105.995870,W,0,10.0,1.0,39.3,0.0,0.0,222012.99*6D', b'$BFNVG,222013.34,4218.002706,N,07105.995752,W,0,10.0,1.0,37.7,0.0,0.0,222013.34*65', b'$BFNVG,222013.69,4218.002824,N,07105.995639,W,0,10.0,1.0,36.1,0.0,0.0,222013.69*61']
2021-07-28 23:20:14,934 [INFO] AUV state: {'position': (6.1204635188914835, 5.0785113060846925), 'latlon': (42.300047066666664, -71.09992731666667), 'heading': 36.1, 'depth': 1.0, 'altitude': 10.0, 'roll': 0.0, 'pitch': 0.0, 'last_fix_time': datetime.datetime(2021, 7, 28, 22, 20, 13), 'speed': None, 'rudder': 0, 'datum': (42.3, -71.1)}
2021-07-28 23:20:15,237 [INFO] **** [(-6.528107105498631, -6.046284899249625)] [(6.065519781412308, -6.488332614930573)]
2021-07-28 23:20:15,239 [INFO] Next green buoy: [(-6.528107105498631, -6.046284899249625)], next red buoy: [(6.065519781412308, -6.488332614930573)]
2021-07-28 23:20:15,240 [INFO] Desired_heading: 35.86870633795684
2021-07-28 23:20:15,240 [INFO] delta angle: -0.03566450540091637
2021-07-28 23:20:15,241 [INFO] sending message $BPRMB,222015.26,0.03566450540091637,1,0,750,0,1*5f
...
2021-07-28 23:20:16,242 [INFO] sending message $BPSTS,222016.24,1,BWSI Autonomy OK*47
...
2021-07-28 23:20:16,244 [INFO] Processing: $BFNVG,222014.03,4218.002944,N,07105.995531,W,0,10.0,1.0,34.4,0.0,0.0,222014.03*6A
2021-07-28 23:20:16,246 [INFO] Interpreted as: {'position': (6.274322891898919, 5.296933343634009), 'latlon': (42.300049066666666, -71.09992551666667), 'heading': 34.4, 'depth': 1.0, 'altitude': 10.0, 'roll': 0.0, 'pitch': 0.0, 'last_fix_time': datetime.datetime(2021, 7, 28, 22, 20, 14), 'speed': None, 'rudder': 0, 'datum': (42.3, -71.1)}
2021-07-28 23:20:16,247 [INFO] Processing: $BFNVG,222014.38,4218.003064,N,07105.995425,W,0,10.0,1.0,34.4,0.0,0.0,222014.38*64
2021-07-28 23:20:16,249 [INFO] Interpreted as: {'position': (6.425434496253729, 5.515423192642629), 'latlon': (42.30005106666667, -71.09992375), 'heading': 34.4, 'depth': 1.0, 'altitude': 10.0, 'roll': 0.0, 'pitch': 0.0, 'last_fix_time': datetime.datetime(2021, 7, 28, 22, 20, 14), 'speed': None, 'rudder': 0, 'datum': (42.3, -71.1)}
2021-07-28 23:20:16,250 [INFO] Processing: $BFNVG,222014.72,4218.003185,N,07105.995319,W,0,10.0,1.0,34.4,0.0,0.0,222014.72*62
2021-07-28 23:20:16,252 [INFO] Interpreted as: {'position': (6.576591762015596, 5.73576373886317), 'latlon': (42.30005308333333, -71.09992198333333), 'heading': 34.4, 'depth': 1.0, 'altitude': 10.0, 'roll': 0.0, 'pitch': 0.0, 'last_fix_time': datetime.datetime(2021, 7, 28, 22, 20, 14), 'speed': None, 'rudder': 0, 'datum': (42.3, -71.1)}
2021-07-28 23:20:16,253 [INFO] Processing: $BFNVG,222015.07,4218.003306,N,07105.995213,W,0,10.0,1.0,34.4,0.0,0.0,222015.07*60
2021-07-28 23:20:16,255 [INFO] Interpreted as: {'position': (6.727749020676129, 5.956104290671647), 'latlon': (42.3000551, -71.09992021666666), 'heading': 34.4, 'depth': 1.0, 'altitude': 10.0, 'roll': 0.0, 'pitch': 0.0, 'last_fix_time': datetime.datetime(2021, 7, 28, 22, 20, 15), 'speed': None, 'rudder': 0, 'datum': (42.3, -71.1)}
2021-07-28 23:20:16,256 [INFO] Received from Frontseat: [b'$BFNVG,222014.03,4218.002944,N,07105.995531,W,0,10.0,1.0,34.4,0.0,0.0,222014.03*6A', b'$BFNVG,222014.38,4218.003064,N,07105.995425,W,0,10.0,1.0,34.4,0.0,0.0,222014.38*64', b'$BFNVG,222014.72,4218.003185,N,07105.995319,W,0,10.0,1.0,34.4,0.0,0.0,222014.72*62', b'$BFNVG,222015.07,4218.003306,N,07105.995213,W,0,10.0,1.0,34.4,0.0,0.0,222015.07*60']
2021-07-28 23:20:16,257 [INFO] AUV state: {'position': (6.727749020676129, 5.956104290671647), 'latlon': (42.3000551, -71.09992021666666), 'heading': 34.4, 'depth': 1.0, 'altitude': 10.0, 'roll': 0.0, 'pitch': 0.0, 'last_fix_time': datetime.datetime(2021, 7, 28, 22, 20, 15), 'speed': None, 'rudder': 0, 'datum': (42.3, -71.1)}
2021-07-28 23:20:16,559 [INFO] **** [(-5.241369843780851, -6.78081883142405)] [(8.889670254537425, -7.270304221225766)]
2021-07-28 23:20:16,561 [INFO] Next green buoy: [(-5.241369843780851, -6.78081883142405)], next red buoy: [(8.889670254537425, -7.270304221225766)]
2021-07-28 23:20:16,561 [INFO] Desired_heading: 36.22415020537829
2021-07-28 23:20:16,562 [INFO] delta angle: 2.2183493145211
2021-07-28 23:20:16,562 [INFO] sending message $BPRMB,222017.22,-2.2183493145211,1,0,750,0,1*7e
...
2021-07-28 23:20:17,564 [INFO] sending message $BPSTS,222017.56,1,BWSI Autonomy OK*43
...
2021-07-28 23:20:17,566 [INFO] Processing: $BFNVG,222015.43,4218.003431,N,07105.995104,W,0,10.0,1.0,34.4,0.0,0.0,222015.43*66
2021-07-28 23:20:17,572 [INFO] Interpreted as: {'position': (6.883210587489884, 6.183745923452079), 'latlon': (42.30005718333334, -71.0999184), 'heading': 34.4, 'depth': 1.0, 'altitude': 10.0, 'roll': 0.0, 'pitch': 0.0, 'last_fix_time': datetime.datetime(2021, 7, 28, 22, 20, 15), 'speed': None, 'rudder': 0, 'datum': (42.3, -71.1)}
2021-07-28 23:20:17,573 [INFO] Processing: $BFNVG,222015.78,4218.003556,N,07105.994995,W,0,10.0,1.0,34.4,0.0,0.0,222015.78*67
2021-07-28 23:20:17,576 [INFO] Interpreted as: {'position': (7.038672142429277, 6.411387555301189), 'latlon': (42.300059266666665, -71.09991658333334), 'heading': 34.4, 'depth': 1.0, 'altitude': 10.0, 'roll': 0.0, 'pitch': 0.0, 'last_fix_time': datetime.datetime(2021, 7, 28, 22, 20, 15), 'speed': None, 'rudder': 0, 'datum': (42.3, -71.1)}
2021-07-28 23:20:17,577 [INFO] Processing: $BFNVG,222016.16,4218.003688,N,07105.994880,W,0,10.0,1.0,34.4,0.0,0.0,222016.16*62
2021-07-28 23:20:17,580 [INFO] Interpreted as: {'position': (7.202696652559098, 6.651780652813613), 'latlon': (42.30006146666667, -71.09991466666666), 'heading': 34.4, 'depth': 1.0, 'altitude': 10.0, 'roll': 0.0, 'pitch': 0.0, 'last_fix_time': datetime.datetime(2021, 7, 28, 22, 20, 16), 'speed': None, 'rudder': 0, 'datum': (42.3, -71.1)}
2021-07-28 23:20:17,581 [INFO] Processing: $BFNVG,222016.54,4218.003819,N,07105.994765,W,0,10.0,1.0,34.4,0.0,0.0,222016.54*60
2021-07-28 23:20:17,584 [INFO] Interpreted as: {'position': (7.366675479628611, 6.890323054976761), 'latlon': (42.30006365, -71.09991275), 'heading': 34.4, 'depth': 1.0, 'altitude': 10.0, 'roll': 0.0, 'pitch': 0.0, 'last_fix_time': datetime.datetime(2021, 7, 28, 22, 20, 16), 'speed': None, 'rudder': 0, 'datum': (42.3, -71.1)}
2021-07-28 23:20:17,585 [INFO] Received from Frontseat: [b'$BFNVG,222015.43,4218.003431,N,07105.995104,W,0,10.0,1.0,34.4,0.0,0.0,222015.43*66', b'$BFNVG,222015.78,4218.003556,N,07105.994995,W,0,10.0,1.0,34.4,0.0,0.0,222015.78*67', b'$BFNVG,222016.16,4218.003688,N,07105.994880,W,0,10.0,1.0,34.4,0.0,0.0,222016.16*62', b'$BFNVG,222016.54,4218.003819,N,07105.994765,W,0,10.0,1.0,34.4,0.0,0.0,222016.54*60']
2021-07-28 23:20:17,587 [INFO] AUV state: {'position': (7.366675479628611, 6.890323054976761), 'latlon': (42.30006365, -71.09991275), 'heading': 34.4, 'depth': 1.0, 'altitude': 10.0, 'roll': 0.0, 'pitch': 0.0, 'last_fix_time': datetime.datetime(2021, 7, 28, 22, 20, 16), 'speed': None, 'rudder': 0, 'datum': (42.3, -71.1)}
2021-07-28 23:20:17,879 [INFO] **** [(-5.992694812748368, -7.808265698579272)] [(10.210397569684769, -8.462500792797716), (20.84424901684148, -4.918804020239562)]
2021-07-28 23:20:17,881 [INFO] Next green buoy: [(-5.992694812748368, -7.808265698579272)], next red buoy: [(10.210397569684769, -8.462500792797716), (20.84424901684148, -4.918804020239562)]
2021-07-28 23:20:17,882 [INFO] Desired_heading: 36.5088513784682
2021-07-28 23:20:17,882 [INFO] delta angle: 2.964836090978158
2021-07-28 23:20:17,883 [INFO] sending message $BPRMB,222017.90,-2.964836090978158,1,0,750,0,1*76
...
2021-07-28 23:20:18,884 [INFO] sending message $BPSTS,222018.88,1,BWSI Autonomy OK*4f
...
2021-07-28 23:20:18,885 [INFO] Processing: $BFNVG,222016.89,4218.003943,N,07105.994656,W,0,10.0,1.0,34.4,0.0,0.0,222016.89*6F
2021-07-28 23:20:18,888 [INFO] Interpreted as: {'position': (7.522091336431913, 7.116114001721144), 'latlon': (42.300065716666666, -71.09991093333333), 'heading': 34.4, 'depth': 1.0, 'altitude': 10.0, 'roll': 0.0, 'pitch': 0.0, 'last_fix_time': datetime.datetime(2021, 7, 28, 22, 20, 16), 'speed': None, 'rudder': 0, 'datum': (42.3, -71.1)}
2021-07-28 23:20:18,888 [INFO] Processing: $BFNVG,222017.25,4218.004067,N,07105.994548,W,0,10.0,1.0,34.5,0.0,0.0,222017.25*6A
2021-07-28 23:20:18,891 [INFO] Interpreted as: {'position': (7.676133305300027, 7.3419388551265), 'latlon': (42.30006778333333, -71.09990913333333), 'heading': 34.5, 'depth': 1.0, 'altitude': 10.0, 'roll': 0.0, 'pitch': 0.0, 'last_fix_time': datetime.datetime(2021, 7, 28, 22, 20, 17), 'speed': None, 'rudder': 0, 'datum': (42.3, -71.1)}
2021-07-28 23:20:18,892 [INFO] Processing: $BFNVG,222017.60,4218.004191,N,07105.994439,W,0,10.0,1.0,34.7,0.0,0.0,222017.60*67
2021-07-28 23:20:18,894 [INFO] Interpreted as: {'position': (7.831549138762057, 7.567729809321463), 'latlon': (42.30006985, -71.09990731666667), 'heading': 34.7, 'depth': 1.0, 'altitude': 10.0, 'roll': 0.0, 'pitch': 0.0, 'last_fix_time': datetime.datetime(2021, 7, 28, 22, 20, 17), 'speed': None, 'rudder': 0, 'datum': (42.3, -71.1)}
2021-07-28 23:20:18,895 [INFO] Received from Frontseat: [b'$BFNVG,222016.89,4218.003943,N,07105.994656,W,0,10.0,1.0,34.4,0.0,0.0,222016.89*6F', b'$BFNVG,222017.25,4218.004067,N,07105.994548,W,0,10.0,1.0,34.5,0.0,0.0,222017.25*6A', b'$BFNVG,222017.60,4218.004191,N,07105.994439,W,0,10.0,1.0,34.7,0.0,0.0,222017.60*67']
2021-07-28 23:20:18,896 [INFO] AUV state: {'position': (7.831549138762057, 7.567729809321463), 'latlon': (42.30006985, -71.09990731666667), 'heading': 34.7, 'depth': 1.0, 'altitude': 10.0, 'roll': 0.0, 'pitch': 0.0, 'last_fix_time': datetime.datetime(2021, 7, 28, 22, 20, 17), 'speed': None, 'rudder': 0, 'datum': (42.3, -71.1)}
2021-07-28 23:20:19,202 [INFO] **** [(-6.963627117983413, -8.630966278240646)] [(11.148466289920432, -9.46013910969696), (21.892913300847514, -5.353295030740454)]
2021-07-28 23:20:19,204 [INFO] Next green buoy: [(-6.963627117983413, -8.630966278240646)], next red buoy: [(11.148466289920432, -9.46013910969696), (21.892913300847514, -5.353295030740454)]
2021-07-28 23:20:19,205 [INFO] Desired_heading: 36.79241958596851
2021-07-28 23:20:19,205 [INFO] delta angle: 2.918813149163079
2021-07-28 23:20:19,205 [INFO] sending message $BPRMB,222019.86,-2.918813149163079,1,0,750,0,1*76
...
2021-07-28 23:20:20,207 [INFO] sending message $BPSTS,222020.20,1,BWSI Autonomy OK*46
...
2021-07-28 23:20:20,208 [INFO] Processing: $BFNVG,222017.96,4218.004315,N,07105.994329,W,0,10.0,1.0,34.8,0.0,0.0,222017.96*60
2021-07-28 23:20:20,211 [INFO] Interpreted as: {'position': (7.98833884508349, 7.7934868624433875), 'latlon': (42.30007191666667, -71.09990548333333), 'heading': 34.8, 'depth': 1.0, 'altitude': 10.0, 'roll': 0.0, 'pitch': 0.0, 'last_fix_time': datetime.datetime(2021, 7, 28, 22, 20, 17), 'speed': None, 'rudder': 0, 'datum': (42.3, -71.1)}
2021-07-28 23:20:20,211 [INFO] Processing: $BFNVG,222018.33,4218.004443,N,07105.994215,W,0,10.0,1.0,35.0,0.0,0.0,222018.33*63
2021-07-28 23:20:20,213 [INFO] Interpreted as: {'position': (8.150806734571233, 8.026511093601584), 'latlon': (42.30007405, -71.09990358333333), 'heading': 35.0, 'depth': 1.0, 'altitude': 10.0, 'roll': 0.0, 'pitch': 0.0, 'last_fix_time': datetime.datetime(2021, 7, 28, 22, 20, 18), 'speed': None, 'rudder': 0, 'datum': (42.3, -71.1)}
2021-07-28 23:20:20,214 [INFO] Processing: $BFNVG,222018.68,4218.004565,N,07105.994104,W,0,10.0,1.0,35.2,0.0,0.0,222018.68*67
2021-07-28 23:20:20,215 [INFO] Interpreted as: {'position': (8.308878959272988, 8.248532854951918), 'latlon': (42.30007608333333, -71.09990173333334), 'heading': 35.2, 'depth': 1.0, 'altitude': 10.0, 'roll': 0.0, 'pitch': 0.0, 'last_fix_time': datetime.datetime(2021, 7, 28, 22, 20, 18), 'speed': None, 'rudder': 0, 'datum': (42.3, -71.1)}
2021-07-28 23:20:20,216 [INFO] Processing: $BFNVG,222019.04,4218.004689,N,07105.993992,W,0,10.0,1.0,35.4,0.0,0.0,222019.04*60
2021-07-28 23:20:20,218 [INFO] Interpreted as: {'position': (8.46841639233753, 8.474222113378346), 'latlon': (42.30007815, -71.09989986666666), 'heading': 35.4, 'depth': 1.0, 'altitude': 10.0, 'roll': 0.0, 'pitch': 0.0, 'last_fix_time': datetime.datetime(2021, 7, 28, 22, 20, 19), 'speed': None, 'rudder': 0, 'datum': (42.3, -71.1)}
2021-07-28 23:20:20,218 [INFO] Received from Frontseat: [b'$BFNVG,222017.96,4218.004315,N,07105.994329,W,0,10.0,1.0,34.8,0.0,0.0,222017.96*60', b'$BFNVG,222018.33,4218.004443,N,07105.994215,W,0,10.0,1.0,35.0,0.0,0.0,222018.33*63', b'$BFNVG,222018.68,4218.004565,N,07105.994104,W,0,10.0,1.0,35.2,0.0,0.0,222018.68*67', b'$BFNVG,222019.04,4218.004689,N,07105.993992,W,0,10.0,1.0,35.4,0.0,0.0,222019.04*60']
2021-07-28 23:20:20,219 [INFO] AUV state: {'position': (8.46841639233753, 8.474222113378346), 'latlon': (42.30007815, -71.09989986666666), 'heading': 35.4, 'depth': 1.0, 'altitude': 10.0, 'roll': 0.0, 'pitch': 0.0, 'last_fix_time': datetime.datetime(2021, 7, 28, 22, 20, 19), 'speed': None, 'rudder': 0, 'datum': (42.3, -71.1)}
2021-07-28 23:20:20,527 [INFO] **** [(-9.171014700019768, -10.216955099792376)] [(12.55139587601791, -11.51203493945605), (23.206172329074768, -5.78269981137043)]
2021-07-28 23:20:20,529 [INFO] Next green buoy: [(-9.171014700019768, -10.216955099792376)], next red buoy: [(12.55139587601791, -11.51203493945605), (23.206172329074768, -5.78269981137043)]
2021-07-28 23:20:20,530 [INFO] Desired_heading: 37.09019058799907
2021-07-28 23:20:20,530 [INFO] delta angle: 1.9044961491737598
2021-07-28 23:20:20,531 [INFO] sending message $BPRMB,222020.54,-1.9044961491737598,1,0,750,0,1*40
...
2021-07-28 23:20:21,532 [INFO] sending message $BPSTS,222021.53,1,BWSI Autonomy OK*43
...
2021-07-28 23:20:21,533 [INFO] Processing: $BFNVG,222019.41,4218.004817,N,07105.993875,W,0,10.0,1.0,35.6,0.0,0.0,222019.41*63
2021-07-28 23:20:21,535 [INFO] Interpreted as: {'position': (8.63500588358147, 8.707144645042717), 'latlon': (42.30008028333334, -71.09989791666666), 'heading': 35.6, 'depth': 1.0, 'altitude': 10.0, 'roll': 0.0, 'pitch': 0.0, 'last_fix_time': datetime.datetime(2021, 7, 28, 22, 20, 19), 'speed': None, 'rudder': 0, 'datum': (42.3, -71.1)}
2021-07-28 23:20:21,536 [INFO] Processing: $BFNVG,222019.77,4218.004940,N,07105.993762,W,0,10.0,1.0,35.8,0.0,0.0,222019.77*67
2021-07-28 23:20:21,538 [INFO] Interpreted as: {'position': (8.795871502486989, 8.930949307978153), 'latlon': (42.300082333333336, -71.09989603333334), 'heading': 35.8, 'depth': 1.0, 'altitude': 10.0, 'roll': 0.0, 'pitch': 0.0, 'last_fix_time': datetime.datetime(2021, 7, 28, 22, 20, 19), 'speed': None, 'rudder': 0, 'datum': (42.3, -71.1)}
2021-07-28 23:20:21,538 [INFO] Processing: $BFNVG,222020.13,4218.005064,N,07105.993648,W,0,10.0,1.0,36.0,0.0,0.0,222020.13*6B
2021-07-28 23:20:21,540 [INFO] Interpreted as: {'position': (8.95815666159615, 9.156570767983794), 'latlon': (42.3000844, -71.09989413333334), 'heading': 36.0, 'depth': 1.0, 'altitude': 10.0, 'roll': 0.0, 'pitch': 0.0, 'last_fix_time': datetime.datetime(2021, 7, 28, 22, 20, 20), 'speed': None, 'rudder': 0, 'datum': (42.3, -71.1)}
2021-07-28 23:20:21,541 [INFO] Processing: $BFNVG,222020.50,4218.005191,N,07105.993528,W,0,10.0,1.0,36.2,0.0,0.0,222020.50*67
2021-07-28 23:20:21,543 [INFO] Interpreted as: {'position': (9.128822087543085, 9.387540902942419), 'latlon': (42.30008651666667, -71.09989213333333), 'heading': 36.2, 'depth': 1.0, 'altitude': 10.0, 'roll': 0.0, 'pitch': 0.0, 'last_fix_time': datetime.datetime(2021, 7, 28, 22, 20, 20), 'speed': None, 'rudder': 0, 'datum': (42.3, -71.1)}
2021-07-28 23:20:21,544 [INFO] Received from Frontseat: [b'$BFNVG,222019.41,4218.004817,N,07105.993875,W,0,10.0,1.0,35.6,0.0,0.0,222019.41*63', b'$BFNVG,222019.77,4218.004940,N,07105.993762,W,0,10.0,1.0,35.8,0.0,0.0,222019.77*67', b'$BFNVG,222020.13,4218.005064,N,07105.993648,W,0,10.0,1.0,36.0,0.0,0.0,222020.13*6B', b'$BFNVG,222020.50,4218.005191,N,07105.993528,W,0,10.0,1.0,36.2,0.0,0.0,222020.50*67']
2021-07-28 23:20:21,545 [INFO] AUV state: {'position': (9.128822087543085, 9.387540902942419), 'latlon': (42.30008651666667, -71.09989213333333), 'heading': 36.2, 'depth': 1.0, 'altitude': 10.0, 'roll': 0.0, 'pitch': 0.0, 'last_fix_time': datetime.datetime(2021, 7, 28, 22, 20, 20), 'speed': None, 'rudder': 0, 'datum': (42.3, -71.1)}
2021-07-28 23:20:21,893 [INFO] **** [(-12.300454607799427, -12.58337242279418)] [(14.707450719626088, -14.402869295617002), (24.818600535782043, -6.42111318724084)]
2021-07-28 23:20:21,895 [INFO] Next green buoy: [(-12.300454607799427, -12.58337242279418)], next red buoy: [(14.707450719626088, -14.402869295617002), (24.818600535782043, -6.42111318724084)]
2021-07-28 23:20:21,895 [INFO] Desired_heading: 37.40349805591333
2021-07-28 23:20:21,896 [INFO] delta angle: 0.965605047058108
2021-07-28 23:20:21,896 [INFO] sending message $BPRMB,222022.51,-0.965605047058108,1,0,750,0,1*74
...
2021-07-28 23:20:22,898 [INFO] sending message $BPSTS,222022.89,1,BWSI Autonomy OK*47
...
2021-07-28 23:20:22,898 [INFO] Processing: $BFNVG,222020.86,4218.005313,N,07105.993414,W,0,10.0,1.0,36.4,0.0,0.0,222020.86*67
2021-07-28 23:20:22,904 [INFO] Interpreted as: {'position': (9.291015886468813, 9.60946097690612), 'latlon': (42.30008855, -71.09989023333333), 'heading': 36.4, 'depth': 1.0, 'altitude': 10.0, 'roll': 0.0, 'pitch': 0.0, 'last_fix_time': datetime.datetime(2021, 7, 28, 22, 20, 20), 'speed': None, 'rudder': 0, 'datum': (42.3, -71.1)}
2021-07-28 23:20:22,905 [INFO] Processing: $BFNVG,222021.22,4218.005439,N,07105.993294,W,0,10.0,1.0,36.6,0.0,0.0,222021.22*64
2021-07-28 23:20:22,906 [INFO] Interpreted as: {'position': (9.461635619401932, 9.838580423034728), 'latlon': (42.30009065, -71.09988823333333), 'heading': 36.6, 'depth': 1.0, 'altitude': 10.0, 'roll': 0.0, 'pitch': 0.0, 'last_fix_time': datetime.datetime(2021, 7, 28, 22, 20, 21), 'speed': None, 'rudder': 0, 'datum': (42.3, -71.1)}
2021-07-28 23:20:22,907 [INFO] Processing: $BFNVG,222021.58,4218.005561,N,07105.993178,W,0,10.0,1.0,36.7,0.0,0.0,222021.58*68
2021-07-28 23:20:22,909 [INFO] Interpreted as: {'position': (9.626577153685503, 10.060432695783675), 'latlon': (42.30009268333333, -71.0998863), 'heading': 36.7, 'depth': 1.0, 'altitude': 10.0, 'roll': 0.0, 'pitch': 0.0, 'last_fix_time': datetime.datetime(2021, 7, 28, 22, 20, 21), 'speed': None, 'rudder': 0, 'datum': (42.3, -71.1)}
2021-07-28 23:20:22,909 [INFO] Received from Frontseat: [b'$BFNVG,222020.86,4218.005313,N,07105.993414,W,0,10.0,1.0,36.4,0.0,0.0,222020.86*67', b'$BFNVG,222021.22,4218.005439,N,07105.993294,W,0,10.0,1.0,36.6,0.0,0.0,222021.22*64', b'$BFNVG,222021.58,4218.005561,N,07105.993178,W,0,10.0,1.0,36.7,0.0,0.0,222021.58*68']
2021-07-28 23:20:22,910 [INFO] AUV state: {'position': (9.626577153685503, 10.060432695783675), 'latlon': (42.30009268333333, -71.0998863), 'heading': 36.7, 'depth': 1.0, 'altitude': 10.0, 'roll': 0.0, 'pitch': 0.0, 'last_fix_time': datetime.datetime(2021, 7, 28, 22, 20, 21), 'speed': None, 'rudder': 0, 'datum': (42.3, -71.1)}
2021-07-28 23:20:23,253 [INFO] **** [(-15.410095414096903, -15.239910320105869), (16.562147459922084, -6.178153541338132)] [(17.5263334696573, -17.79253693734947)]
2021-07-28 23:20:23,255 [INFO] Next green buoy: [(-15.410095414096903, -15.239910320105869), (16.562147459922084, -6.178153541338132)], next red buoy: [(17.5263334696573, -17.79253693734947)]
2021-07-28 23:20:23,256 [INFO] Desired_heading: 37.758119027780204
2021-07-28 23:20:23,256 [INFO] delta angle: 0.7464105846336783
2021-07-28 23:20:23,256 [INFO] sending message $BPRMB,222023.28,-0.7464105846336783,1,0,750,0,1*40
...
2021-07-28 23:20:24,258 [INFO] sending message $BPSTS,222024.25,1,BWSI Autonomy OK*47
...
2021-07-28 23:20:24,260 [INFO] Processing: $BFNVG,222021.94,4218.005682,N,07105.993063,W,0,10.0,1.0,36.8,0.0,0.0,222021.94*62
2021-07-28 23:20:24,262 [INFO] Interpreted as: {'position': (9.790099128498696, 10.280468180775642), 'latlon': (42.3000947, -71.09988438333333), 'heading': 36.8, 'depth': 1.0, 'altitude': 10.0, 'roll': 0.0, 'pitch': 0.0, 'last_fix_time': datetime.datetime(2021, 7, 28, 22, 20, 21), 'speed': None, 'rudder': 0, 'datum': (42.3, -71.1)}
2021-07-28 23:20:24,263 [INFO] Processing: $BFNVG,222022.29,4218.005803,N,07105.992947,W,0,10.0,1.0,36.9,0.0,0.0,222022.29*6A
2021-07-28 23:20:24,264 [INFO] Interpreted as: {'position': (9.954994973144494, 10.500469763763249), 'latlon': (42.300096716666665, -71.09988245), 'heading': 36.9, 'depth': 1.0, 'altitude': 10.0, 'roll': 0.0, 'pitch': 0.0, 'last_fix_time': datetime.datetime(2021, 7, 28, 22, 20, 22), 'speed': None, 'rudder': 0, 'datum': (42.3, -71.1)}
2021-07-28 23:20:24,265 [INFO] Processing: $BFNVG,222022.65,4218.005922,N,07105.992832,W,0,10.0,1.0,37.0,0.0,0.0,222022.65*63
2021-07-28 23:20:24,267 [INFO] Interpreted as: {'position': (10.118425591092091, 10.716803861781955), 'latlon': (42.3000987, -71.09988053333333), 'heading': 37.0, 'depth': 1.0, 'altitude': 10.0, 'roll': 0.0, 'pitch': 0.0, 'last_fix_time': datetime.datetime(2021, 7, 28, 22, 20, 22), 'speed': None, 'rudder': 0, 'datum': (42.3, -71.1)}
2021-07-28 23:20:24,269 [INFO] Processing: $BFNVG,222023.00,4218.006043,N,07105.992716,W,0,10.0,1.0,37.0,0.0,0.0,222023.00*67
2021-07-28 23:20:24,271 [INFO] Interpreted as: {'position': (10.283321415889077, 10.936805453151464), 'latlon': (42.30010071666667, -71.0998786), 'heading': 37.0, 'depth': 1.0, 'altitude': 10.0, 'roll': 0.0, 'pitch': 0.0, 'last_fix_time': datetime.datetime(2021, 7, 28, 22, 20, 23), 'speed': None, 'rudder': 0, 'datum': (42.3, -71.1)}
2021-07-28 23:20:24,271 [INFO] Received from Frontseat: [b'$BFNVG,222021.94,4218.005682,N,07105.993063,W,0,10.0,1.0,36.8,0.0,0.0,222021.94*62', b'$BFNVG,222022.29,4218.005803,N,07105.992947,W,0,10.0,1.0,36.9,0.0,0.0,222022.29*6A', b'$BFNVG,222022.65,4218.005922,N,07105.992832,W,0,10.0,1.0,37.0,0.0,0.0,222022.65*63', b'$BFNVG,222023.00,4218.006043,N,07105.992716,W,0,10.0,1.0,37.0,0.0,0.0,222023.00*67']
2021-07-28 23:20:24,272 [INFO] AUV state: {'position': (10.283321415889077, 10.936805453151464), 'latlon': (42.30010071666667, -71.0998786), 'heading': 37.0, 'depth': 1.0, 'altitude': 10.0, 'roll': 0.0, 'pitch': 0.0, 'last_fix_time': datetime.datetime(2021, 7, 28, 22, 20, 23), 'speed': None, 'rudder': 0, 'datum': (42.3, -71.1)}
2021-07-28 23:20:24,623 [INFO] **** [(-20.978794514033265, -20.591456527498117), (18.1636362269708, -7.023561284022011)] [(24.369923359751258, -23.970844523753673), (-20.673685460493118, -20.006748074790565)]
2021-07-28 23:20:24,625 [INFO] Next green buoy: [(-20.978794514033265, -20.591456527498117), (18.1636362269708, -7.023561284022011)], next red buoy: [(24.369923359751258, -23.970844523753673), (-20.673685460493118, -20.006748074790565)]
2021-07-28 23:20:24,625 [INFO] Desired_heading: 38.69556442285899
2021-07-28 23:20:24,626 [INFO] delta angle: 1.9166258080434337
2021-07-28 23:20:24,626 [INFO] sending message $BPRMB,222025.23,-1.9166258080434337,1,0,750,0,1*42
...
2021-07-28 23:20:25,628 [INFO] sending message $BPSTS,222025.62,1,BWSI Autonomy OK*45
...
2021-07-28 23:20:25,629 [INFO] Processing: $BFNVG,222023.36,4218.006164,N,07105.992600,W,0,10.0,1.0,37.1,0.0,0.0,222023.36*64
2021-07-28 23:20:25,631 [INFO] Interpreted as: {'position': (10.448217228637077, 11.156807047314942), 'latlon': (42.30010273333333, -71.09987666666666), 'heading': 37.1, 'depth': 1.0, 'altitude': 10.0, 'roll': 0.0, 'pitch': 0.0, 'last_fix_time': datetime.datetime(2021, 7, 28, 22, 20, 23), 'speed': None, 'rudder': 0, 'datum': (42.3, -71.1)}
2021-07-28 23:20:25,632 [INFO] Processing: $BFNVG,222023.72,4218.006285,N,07105.992482,W,0,10.0,1.0,37.1,0.0,0.0,222023.72*60
2021-07-28 23:20:25,634 [INFO] Interpreted as: {'position': (10.615860786405392, 11.376740841194987), 'latlon': (42.30010475, -71.0998747), 'heading': 37.1, 'depth': 1.0, 'altitude': 10.0, 'roll': 0.0, 'pitch': 0.0, 'last_fix_time': datetime.datetime(2021, 7, 28, 22, 20, 23), 'speed': None, 'rudder': 0, 'datum': (42.3, -71.1)}
2021-07-28 23:20:25,636 [INFO] Processing: $BFNVG,222024.08,4218.006407,N,07105.992364,W,0,10.0,1.0,37.2,0.0,0.0,222024.08*60
2021-07-28 23:20:25,638 [INFO] Interpreted as: {'position': (10.783550005522557, 11.598525334149599), 'latlon': (42.300106783333334, -71.09987273333333), 'heading': 37.2, 'depth': 1.0, 'altitude': 10.0, 'roll': 0.0, 'pitch': 0.0, 'last_fix_time': datetime.datetime(2021, 7, 28, 22, 20, 24), 'speed': None, 'rudder': 0, 'datum': (42.3, -71.1)}
2021-07-28 23:20:25,639 [INFO] Processing: $BFNVG,222024.43,4218.006527,N,07105.992247,W,0,10.0,1.0,37.2,0.0,0.0,222024.43*63
2021-07-28 23:20:25,641 [INFO] Interpreted as: {'position': (10.949773998232558, 11.816642340272665), 'latlon': (42.300108783333336, -71.09987078333333), 'heading': 37.2, 'depth': 1.0, 'altitude': 10.0, 'roll': 0.0, 'pitch': 0.0, 'last_fix_time': datetime.datetime(2021, 7, 28, 22, 20, 24), 'speed': None, 'rudder': 0, 'datum': (42.3, -71.1)}
2021-07-28 23:20:25,642 [INFO] Received from Frontseat: [b'$BFNVG,222023.36,4218.006164,N,07105.992600,W,0,10.0,1.0,37.1,0.0,0.0,222023.36*64', b'$BFNVG,222023.72,4218.006285,N,07105.992482,W,0,10.0,1.0,37.1,0.0,0.0,222023.72*60', b'$BFNVG,222024.08,4218.006407,N,07105.992364,W,0,10.0,1.0,37.2,0.0,0.0,222024.08*60', b'$BFNVG,222024.43,4218.006527,N,07105.992247,W,0,10.0,1.0,37.2,0.0,0.0,222024.43*63']
2021-07-28 23:20:25,642 [INFO] AUV state: {'position': (10.949773998232558, 11.816642340272665), 'latlon': (42.300108783333336, -71.09987078333333), 'heading': 37.2, 'depth': 1.0, 'altitude': 10.0, 'roll': 0.0, 'pitch': 0.0, 'last_fix_time': datetime.datetime(2021, 7, 28, 22, 20, 24), 'speed': None, 'rudder': 0, 'datum': (42.3, -71.1)}
2021-07-28 23:20:25,950 [INFO] **** [(20.35630206245133, -8.019185889585039)] []
2021-07-28 23:20:25,952 [INFO] Next green buoy: [(20.35630206245133, -8.019185889585039)], next red buoy: []
2021-07-28 23:20:25,953 [INFO] Desired_heading: 57.55630206245134
2021-07-28 23:20:25,953 [INFO] delta angle: -25
2021-07-28 23:20:25,953 [INFO] sending message $BPRMB,222026.01,25,1,0,750,0,1*7f
...
2021-07-28 23:20:26,955 [INFO] sending message $BPSTS,222026.95,1,BWSI Autonomy OK*4e
...
2021-07-28 23:20:26,956 [INFO] Processing: $BFNVG,222024.79,4218.006647,N,07105.992130,W,0,10.0,1.0,37.3,0.0,0.0,222024.79*64
2021-07-28 23:20:26,959 [INFO] Interpreted as: {'position': (11.115997980930842, 12.034759350121021), 'latlon': (42.30011078333333, -71.09986883333333), 'heading': 37.3, 'depth': 1.0, 'altitude': 10.0, 'roll': 0.0, 'pitch': 0.0, 'last_fix_time': datetime.datetime(2021, 7, 28, 22, 20, 24), 'speed': None, 'rudder': 0, 'datum': (42.3, -71.1)}
2021-07-28 23:20:26,960 [INFO] Processing: $BFNVG,222025.16,4218.006773,N,07105.992007,W,0,10.0,1.0,37.4,0.0,0.0,222025.16*60
2021-07-28 23:20:26,962 [INFO] Interpreted as: {'position': (11.290739231277257, 12.263777129352093), 'latlon': (42.300112883333334, -71.09986678333334), 'heading': 37.4, 'depth': 1.0, 'altitude': 10.0, 'roll': 0.0, 'pitch': 0.0, 'last_fix_time': datetime.datetime(2021, 7, 28, 22, 20, 25), 'speed': None, 'rudder': 0, 'datum': (42.3, -71.1)}
2021-07-28 23:20:26,963 [INFO] Processing: $BFNVG,222025.54,4218.006900,N,07105.991883,W,0,10.0,1.0,37.6,0.0,0.0,222025.54*6F
2021-07-28 23:20:26,966 [INFO] Interpreted as: {'position': (11.466900017170701, 12.49461170565337), 'latlon': (42.300115, -71.09986471666667), 'heading': 37.6, 'depth': 1.0, 'altitude': 10.0, 'roll': 0.0, 'pitch': 0.0, 'last_fix_time': datetime.datetime(2021, 7, 28, 22, 20, 25), 'speed': None, 'rudder': 0, 'datum': (42.3, -71.1)}
2021-07-28 23:20:26,968 [INFO] Processing: $BFNVG,222025.91,4218.007024,N,07105.991761,W,0,10.0,1.0,37.7,0.0,0.0,222025.91*63
2021-07-28 23:20:26,971 [INFO] Interpreted as: {'position': (11.64017603395041, 12.719962000846863), 'latlon': (42.300117066666665, -71.09986268333333), 'heading': 37.7, 'depth': 1.0, 'altitude': 10.0, 'roll': 0.0, 'pitch': 0.0, 'last_fix_time': datetime.datetime(2021, 7, 28, 22, 20, 25), 'speed': None, 'rudder': 0, 'datum': (42.3, -71.1)}
2021-07-28 23:20:26,972 [INFO] Received from Frontseat: [b'$BFNVG,222024.79,4218.006647,N,07105.992130,W,0,10.0,1.0,37.3,0.0,0.0,222024.79*64', b'$BFNVG,222025.16,4218.006773,N,07105.992007,W,0,10.0,1.0,37.4,0.0,0.0,222025.16*60', b'$BFNVG,222025.54,4218.006900,N,07105.991883,W,0,10.0,1.0,37.6,0.0,0.0,222025.54*6F', b'$BFNVG,222025.91,4218.007024,N,07105.991761,W,0,10.0,1.0,37.7,0.0,0.0,222025.91*63']
2021-07-28 23:20:26,973 [INFO] AUV state: {'position': (11.64017603395041, 12.719962000846863), 'latlon': (42.300117066666665, -71.09986268333333), 'heading': 37.7, 'depth': 1.0, 'altitude': 10.0, 'roll': 0.0, 'pitch': 0.0, 'last_fix_time': datetime.datetime(2021, 7, 28, 22, 20, 25), 'speed': None, 'rudder': 0, 'datum': (42.3, -71.1)}
2021-07-28 23:20:27,272 [INFO] **** [(22.907031349373767, -9.281953196306844)] []
2021-07-28 23:20:27,275 [INFO] Next green buoy: [(22.907031349373767, -9.281953196306844)], next red buoy: []
2021-07-28 23:20:27,275 [INFO] Desired_heading: 60.60703134937377
2021-07-28 23:20:27,276 [INFO] delta angle: -10.178609839204967
2021-07-28 23:20:27,276 [INFO] sending message $BPRMB,222027.89,10.178609839204967,1,0,750,0,1*6b
...
2021-07-28 23:20:28,278 [INFO] sending message $BPSTS,222028.27,1,BWSI Autonomy OK*49
...
2021-07-28 23:20:28,284 [INFO] Processing: $BFNVG,222026.28,4218.007150,N,07105.991635,W,0,10.0,1.0,37.8,0.0,0.0,222026.28*6E
2021-07-28 23:20:28,287 [INFO] Interpreted as: {'position': (11.8190388828516, 12.9488780843094), 'latlon': (42.30011916666667, -71.09986058333334), 'heading': 37.8, 'depth': 1.0, 'altitude': 10.0, 'roll': 0.0, 'pitch': 0.0, 'last_fix_time': datetime.datetime(2021, 7, 28, 22, 20, 26), 'speed': None, 'rudder': 0, 'datum': (42.3, -71.1)}
2021-07-28 23:20:28,289 [INFO] Processing: $BFNVG,222026.64,4218.007272,N,07105.991518,W,0,10.0,1.0,36.1,0.0,0.0,222026.64*69
2021-07-28 23:20:28,292 [INFO] Interpreted as: {'position': (11.985354151693173, 13.17069650720805), 'latlon': (42.3001212, -71.09985863333333), 'heading': 36.1, 'depth': 1.0, 'altitude': 10.0, 'roll': 0.0, 'pitch': 0.0, 'last_fix_time': datetime.datetime(2021, 7, 28, 22, 20, 26), 'speed': None, 'rudder': 0, 'datum': (42.3, -71.1)}
2021-07-28 23:20:28,294 [INFO] Processing: $BFNVG,222026.99,4218.007394,N,07105.991407,W,0,10.0,1.0,34.5,0.0,0.0,222026.99*69
2021-07-28 23:20:28,296 [INFO] Interpreted as: {'position': (12.143426147755235, 13.392718351446092), 'latlon': (42.30012323333333, -71.09985678333334), 'heading': 34.5, 'depth': 1.0, 'altitude': 10.0, 'roll': 0.0, 'pitch': 0.0, 'last_fix_time': datetime.datetime(2021, 7, 28, 22, 20, 26), 'speed': None, 'rudder': 0, 'datum': (42.3, -71.1)}
2021-07-28 23:20:28,298 [INFO] Received from Frontseat: [b'$BFNVG,222026.28,4218.007150,N,07105.991635,W,0,10.0,1.0,37.8,0.0,0.0,222026.28*6E', b'$BFNVG,222026.64,4218.007272,N,07105.991518,W,0,10.0,1.0,36.1,0.0,0.0,222026.64*69', b'$BFNVG,222026.99,4218.007394,N,07105.991407,W,0,10.0,1.0,34.5,0.0,0.0,222026.99*69']
2021-07-28 23:20:28,300 [INFO] AUV state: {'position': (12.143426147755235, 13.392718351446092), 'latlon': (42.30012323333333, -71.09985678333334), 'heading': 34.5, 'depth': 1.0, 'altitude': 10.0, 'roll': 0.0, 'pitch': 0.0, 'last_fix_time': datetime.datetime(2021, 7, 28, 22, 20, 26), 'speed': None, 'rudder': 0, 'datum': (42.3, -71.1)}
2021-07-28 23:20:28,587 [INFO] **** [] []
2021-07-28 23:20:28,589 [INFO] Next green buoy: [], next red buoy: []
2021-07-28 23:20:28,589 [INFO] Desired_heading: 34.5
2021-07-28 23:20:28,591 [INFO] delta angle: nan
2021-07-28 23:20:28,592 [INFO] sending message $BPRMB,222028.66,nan,1,0,750,0,1*16
...
2021-07-28 23:20:29,594 [INFO] sending message $BPSTS,222029.59,1,BWSI Autonomy OK*41
...
2021-07-28 23:20:29,595 [INFO] Processing: $BFNVG,222027.35,4218.007520,N,07105.991301,W,0,10.0,1.0,32.8,0.0,0.0,222027.35*6A
2021-07-28 23:20:29,597 [INFO] Interpreted as: {'position': (12.29481142287841, 13.622312499210238), 'latlon': (42.300125333333334, -71.09985501666667), 'heading': 32.8, 'depth': 1.0, 'altitude': 10.0, 'roll': 0.0, 'pitch': 0.0, 'last_fix_time': datetime.datetime(2021, 7, 28, 22, 20, 27), 'speed': None, 'rudder': 0, 'datum': (42.3, -71.1)}
2021-07-28 23:20:29,598 [INFO] Processing: $BFNVG,222027.71,4218.007647,N,07105.991198,W,0,10.0,1.0,32.1,0.0,0.0,222027.71*63
2021-07-28 23:20:29,600 [INFO] Interpreted as: {'position': (12.44212072645314, 13.853859056718647), 'latlon': (42.30012745, -71.0998533), 'heading': 32.1, 'depth': 1.0, 'altitude': 10.0, 'roll': 0.0, 'pitch': 0.0, 'last_fix_time': datetime.datetime(2021, 7, 28, 22, 20, 27), 'speed': None, 'rudder': 0, 'datum': (42.3, -71.1)}
2021-07-28 23:20:29,601 [INFO] Processing: $BFNVG,222028.06,4218.007774,N,07105.991097,W,0,10.0,1.0,31.5,0.0,0.0,222028.06*6B
2021-07-28 23:20:29,603 [INFO] Interpreted as: {'position': (12.586682268884033, 14.085473422892392), 'latlon': (42.30012956666667, -71.09985161666667), 'heading': 31.5, 'depth': 1.0, 'altitude': 10.0, 'roll': 0.0, 'pitch': 0.0, 'last_fix_time': datetime.datetime(2021, 7, 28, 22, 20, 28), 'speed': None, 'rudder': 0, 'datum': (42.3, -71.1)}
2021-07-28 23:20:29,604 [INFO] Processing: $BFNVG,222028.42,4218.007903,N,07105.990998,W,0,10.0,1.0,30.8,0.0,0.0,222028.42*6E
2021-07-28 23:20:29,606 [INFO] Interpreted as: {'position': (12.728587386314757, 14.320856990292668), 'latlon': (42.30013171666667, -71.09984996666667), 'heading': 30.8, 'depth': 1.0, 'altitude': 10.0, 'roll': 0.0, 'pitch': 0.0, 'last_fix_time': datetime.datetime(2021, 7, 28, 22, 20, 28), 'speed': None, 'rudder': 0, 'datum': (42.3, -71.1)}
2021-07-28 23:20:29,607 [INFO] Received from Frontseat: [b'$BFNVG,222027.35,4218.007520,N,07105.991301,W,0,10.0,1.0,32.8,0.0,0.0,222027.35*6A', b'$BFNVG,222027.71,4218.007647,N,07105.991198,W,0,10.0,1.0,32.1,0.0,0.0,222027.71*63', b'$BFNVG,222028.06,4218.007774,N,07105.991097,W,0,10.0,1.0,31.5,0.0,0.0,222028.06*6B', b'$BFNVG,222028.42,4218.007903,N,07105.990998,W,0,10.0,1.0,30.8,0.0,0.0,222028.42*6E']
2021-07-28 23:20:29,608 [INFO] AUV state: {'position': (12.728587386314757, 14.320856990292668), 'latlon': (42.30013171666667, -71.09984996666667), 'heading': 30.8, 'depth': 1.0, 'altitude': 10.0, 'roll': 0.0, 'pitch': 0.0, 'last_fix_time': datetime.datetime(2021, 7, 28, 22, 20, 28), 'speed': None, 'rudder': 0, 'datum': (42.3, -71.1)}
2021-07-28 23:20:29,896 [INFO] **** [] []
2021-07-28 23:20:29,898 [INFO] Next green buoy: [], next red buoy: []
2021-07-28 23:20:29,899 [INFO] Desired_heading: 30.8
2021-07-28 23:20:29,899 [INFO] delta angle: nan
2021-07-28 23:20:29,900 [INFO] sending message $BPRMB,222030.52,nan,1,0,750,0,1*18
...
2021-07-28 23:20:30,902 [INFO] sending message $BPSTS,222030.90,1,BWSI Autonomy OK*4c
...
2021-07-28 23:20:30,903 [INFO] Processing: $BFNVG,222028.77,4218.008032,N,07105.990902,W,0,10.0,1.0,30.1,0.0,0.0,222028.77*60
2021-07-28 23:20:30,905 [INFO] Interpreted as: {'position': (12.866370861884207, 14.556342268362641), 'latlon': (42.30013386666667, -71.09984836666666), 'heading': 30.1, 'depth': 1.0, 'altitude': 10.0, 'roll': 0.0, 'pitch': 0.0, 'last_fix_time': datetime.datetime(2021, 7, 28, 22, 20, 28), 'speed': None, 'rudder': 0, 'datum': (42.3, -71.1)}
2021-07-28 23:20:30,906 [INFO] Processing: $BFNVG,222029.13,4218.008166,N,07105.990805,W,0,10.0,1.0,29.4,0.0,0.0,222029.13*6B
2021-07-28 23:20:30,908 [INFO] Interpreted as: {'position': (13.005756549944635, 14.801047133281827), 'latlon': (42.3001361, -71.09984675), 'heading': 29.4, 'depth': 1.0, 'altitude': 10.0, 'roll': 0.0, 'pitch': 0.0, 'last_fix_time': datetime.datetime(2021, 7, 28, 22, 20, 29), 'speed': None, 'rudder': 0, 'datum': (42.3, -71.1)}
2021-07-28 23:20:30,909 [INFO] Processing: $BFNVG,222029.49,4218.008298,N,07105.990711,W,0,10.0,1.0,28.7,0.0,0.0,222029.49*61
2021-07-28 23:20:30,911 [INFO] Interpreted as: {'position': (13.140929262910504, 15.042152311652899), 'latlon': (42.3001383, -71.09984518333333), 'heading': 28.7, 'depth': 1.0, 'altitude': 10.0, 'roll': 0.0, 'pitch': 0.0, 'last_fix_time': datetime.datetime(2021, 7, 28, 22, 20, 29), 'speed': None, 'rudder': 0, 'datum': (42.3, -71.1)}
2021-07-28 23:20:30,912 [INFO] Processing: $BFNVG,222029.85,4218.008431,N,07105.990620,W,0,10.0,1.0,28.0,0.0,0.0,222029.85*60
2021-07-28 23:20:30,914 [INFO] Interpreted as: {'position': (13.272026001475751, 15.285209897905588), 'latlon': (42.300140516666666, -71.09984366666667), 'heading': 28.0, 'depth': 1.0, 'altitude': 10.0, 'roll': 0.0, 'pitch': 0.0, 'last_fix_time': datetime.datetime(2021, 7, 28, 22, 20, 29), 'speed': None, 'rudder': 0, 'datum': (42.3, -71.1)}
2021-07-28 23:20:30,915 [INFO] Received from Frontseat: [b'$BFNVG,222028.77,4218.008032,N,07105.990902,W,0,10.0,1.0,30.1,0.0,0.0,222028.77*60', b'$BFNVG,222029.13,4218.008166,N,07105.990805,W,0,10.0,1.0,29.4,0.0,0.0,222029.13*6B', b'$BFNVG,222029.49,4218.008298,N,07105.990711,W,0,10.0,1.0,28.7,0.0,0.0,222029.49*61', b'$BFNVG,222029.85,4218.008431,N,07105.990620,W,0,10.0,1.0,28.0,0.0,0.0,222029.85*60']
2021-07-28 23:20:30,916 [INFO] AUV state: {'position': (13.272026001475751, 15.285209897905588), 'latlon': (42.300140516666666, -71.09984366666667), 'heading': 28.0, 'depth': 1.0, 'altitude': 10.0, 'roll': 0.0, 'pitch': 0.0, 'last_fix_time': datetime.datetime(2021, 7, 28, 22, 20, 29), 'speed': None, 'rudder': 0, 'datum': (42.3, -71.1)}
2021-07-28 23:20:31,209 [INFO] **** [] []
2021-07-28 23:20:31,211 [INFO] Next green buoy: [], next red buoy: []
2021-07-28 23:20:31,212 [INFO] Desired_heading: 28.0
2021-07-28 23:20:31,212 [INFO] delta angle: nan
2021-07-28 23:20:31,213 [INFO] sending message $BPRMB,222031.28,nan,1,0,750,0,1*14
...
2021-07-28 23:20:32,214 [INFO] sending message $BPSTS,222032.21,1,BWSI Autonomy OK*44
...
2021-07-28 23:20:32,215 [INFO] Processing: $BFNVG,222030.21,4218.008565,N,07105.990531,W,0,10.0,1.0,27.3,0.0,0.0,222030.21*6F
2021-07-28 23:20:32,217 [INFO] Interpreted as: {'position': (13.400420651189052, 15.530185990035534), 'latlon': (42.30014275, -71.09984218333334), 'heading': 27.3, 'depth': 1.0, 'altitude': 10.0, 'roll': 0.0, 'pitch': 0.0, 'last_fix_time': datetime.datetime(2021, 7, 28, 22, 20, 30), 'speed': None, 'rudder': 0, 'datum': (42.3, -71.1)}
2021-07-28 23:20:32,218 [INFO] Processing: $BFNVG,222030.57,4218.008700,N,07105.990444,W,0,10.0,1.0,26.7,0.0,0.0,222030.57*68
2021-07-28 23:20:32,220 [INFO] Interpreted as: {'position': (13.526113205822185, 15.777080585248768), 'latlon': (42.300145, -71.09984073333334), 'heading': 26.7, 'depth': 1.0, 'altitude': 10.0, 'roll': 0.0, 'pitch': 0.0, 'last_fix_time': datetime.datetime(2021, 7, 28, 22, 20, 30), 'speed': None, 'rudder': 0, 'datum': (42.3, -71.1)}
2021-07-28 23:20:32,221 [INFO] Processing: $BFNVG,222030.93,4218.008838,N,07105.990357,W,0,10.0,1.0,26.0,0.0,0.0,222030.93*6E
2021-07-28 23:20:32,223 [INFO] Interpreted as: {'position': (13.651942758238874, 16.02952727396041), 'latlon': (42.3001473, -71.09983928333334), 'heading': 26.0, 'depth': 1.0, 'altitude': 10.0, 'roll': 0.0, 'pitch': 0.0, 'last_fix_time': datetime.datetime(2021, 7, 28, 22, 20, 30), 'speed': None, 'rudder': 0, 'datum': (42.3, -71.1)}
2021-07-28 23:20:32,224 [INFO] Received from Frontseat: [b'$BFNVG,222030.21,4218.008565,N,07105.990531,W,0,10.0,1.0,27.3,0.0,0.0,222030.21*6F', b'$BFNVG,222030.57,4218.008700,N,07105.990444,W,0,10.0,1.0,26.7,0.0,0.0,222030.57*68', b'$BFNVG,222030.93,4218.008838,N,07105.990357,W,0,10.0,1.0,26.0,0.0,0.0,222030.93*6E']
2021-07-28 23:20:32,225 [INFO] AUV state: {'position': (13.651942758238874, 16.02952727396041), 'latlon': (42.3001473, -71.09983928333334), 'heading': 26.0, 'depth': 1.0, 'altitude': 10.0, 'roll': 0.0, 'pitch': 0.0, 'last_fix_time': datetime.datetime(2021, 7, 28, 22, 20, 30), 'speed': None, 'rudder': 0, 'datum': (42.3, -71.1)}
2021-07-28 23:20:32,525 [INFO] **** [] []
2021-07-28 23:20:32,527 [INFO] Next green buoy: [], next red buoy: []
2021-07-28 23:20:32,528 [INFO] Desired_heading: 26.0
2021-07-28 23:20:32,528 [INFO] delta angle: nan
2021-07-28 23:20:32,528 [INFO] sending message $BPRMB,222033.14,nan,1,0,750,0,1*19
...
