2021-07-28 23:25:10,301 [INFO] host = 192.168.1.213, port = 29500
2021-07-28 23:25:25,369 [INFO] sending message $BPLOG,ACK,ON*1e
...
2021-07-28 23:25:25,376 [INFO] sending message $BPLOG,ALL,ON*16
...
2021-07-28 23:25:25,377 [INFO] sending message $BPSTS,222525.37,1,BWSI Autonomy OK*40
...
2021-07-28 23:25:25,377 [INFO] Received from Frontseat: []
2021-07-28 23:25:25,378 [INFO] AUV state: {'position': (None, None), 'latlon': None, 'heading': None, 'depth': None, 'altitude': None, 'roll': None, 'pitch': None, 'last_fix_time': None, 'speed': None, 'rudder': 0}
2021-07-28 23:25:26,380 [INFO] sending message $BPSTS,222526.37,1,BWSI Autonomy OK*43
...
2021-07-28 23:25:26,381 [INFO] Processing: $BFNVG,222524.62,4218.000000,N,07106.000000,W,0,10.0,1.0,45.0,0.0,0.0,222524.62*62
2021-07-28 23:25:26,383 [INFO] Interpreted as: {'position': (0, 0), 'latlon': (42.3, -71.1), 'heading': 45.0, 'depth': 1.0, 'altitude': 10.0, 'roll': 0.0, 'pitch': 0.0, 'last_fix_time': datetime.datetime(2021, 7, 28, 22, 25, 24), 'speed': None, 'rudder': 0, 'datum': (42.3, -71.1)}
2021-07-28 23:25:26,384 [INFO] Processing: $BFNVG,222524.87,4218.000000,N,07106.000000,W,0,10.0,1.0,45.0,0.0,0.0,222524.87*62
2021-07-28 23:25:26,386 [INFO] Interpreted as: {'position': (0.0, 0.0), 'latlon': (42.3, -71.1), 'heading': 45.0, 'depth': 1.0, 'altitude': 10.0, 'roll': 0.0, 'pitch': 0.0, 'last_fix_time': datetime.datetime(2021, 7, 28, 22, 25, 24), 'speed': None, 'rudder': 0, 'datum': (42.3, -71.1)}
2021-07-28 23:25:26,387 [INFO] Processing: $BFNVG,222525.12,4218.000000,N,07106.000000,W,0,10.0,1.0,45.0,0.0,0.0,222525.12*62
2021-07-28 23:25:26,389 [INFO] Interpreted as: {'position': (0.0, 0.0), 'latlon': (42.3, -71.1), 'heading': 45.0, 'depth': 1.0, 'altitude': 10.0, 'roll': 0.0, 'pitch': 0.0, 'last_fix_time': datetime.datetime(2021, 7, 28, 22, 25, 25), 'speed': None, 'rudder': 0, 'datum': (42.3, -71.1)}
2021-07-28 23:25:26,389 [INFO] Processing: $BFNVG,222525.37,4218.000000,N,07106.000000,W,0,10.0,1.0,45.0,0.0,0.0,222525.37*62
2021-07-28 23:25:26,391 [INFO] Interpreted as: {'position': (0.0, 0.0), 'latlon': (42.3, -71.1), 'heading': 45.0, 'depth': 1.0, 'altitude': 10.0, 'roll': 0.0, 'pitch': 0.0, 'last_fix_time': datetime.datetime(2021, 7, 28, 22, 25, 25), 'speed': None, 'rudder': 0, 'datum': (42.3, -71.1)}
2021-07-28 23:25:26,392 [INFO] Received from Frontseat: [b'$BFNVG,222524.62,4218.000000,N,07106.000000,W,0,10.0,1.0,45.0,0.0,0.0,222524.62*62', b'$BFNVG,222524.87,4218.000000,N,07106.000000,W,0,10.0,1.0,45.0,0.0,0.0,222524.87*62', b'$BFNVG,222525.12,4218.000000,N,07106.000000,W,0,10.0,1.0,45.0,0.0,0.0,222525.12*62', b'$BFNVG,222525.37,4218.000000,N,07106.000000,W,0,10.0,1.0,45.0,0.0,0.0,222525.37*62']
2021-07-28 23:25:26,392 [INFO] AUV state: {'position': (0.0, 0.0), 'latlon': (42.3, -71.1), 'heading': 45.0, 'depth': 1.0, 'altitude': 10.0, 'roll': 0.0, 'pitch': 0.0, 'last_fix_time': datetime.datetime(2021, 7, 28, 22, 25, 25), 'speed': None, 'rudder': 0, 'datum': (42.3, -71.1)}
2021-07-28 23:25:26,719 [INFO] **** [(-0.21993023293121178, -7.6862156757158235)] [(15.437560812208067, -7.329055330858309)]
2021-07-28 23:25:26,721 [INFO] Next green buoy: [(-0.21993023293121178, -7.6862156757158235)], next red buoy: [(15.437560812208067, -7.329055330858309)]
2021-07-28 23:25:26,722 [INFO] Desired_heading: 52.60881528963843
2021-07-28 23:25:26,722 [INFO] delta angle: 13.992145190885305
2021-07-28 23:25:26,722 [INFO] sending message $BPRMB,222527.36,-13.992145190885305,1,0,750,0,1*40
...
2021-07-28 23:25:27,724 [INFO] sending message $BPSTS,222527.72,1,BWSI Autonomy OK*43
...
2021-07-28 23:25:27,725 [INFO] Processing: $BFNVG,222525.80,4218.000000,N,07106.000000,W,0,10.0,1.0,45.0,0.0,0.0,222525.80*62
2021-07-28 23:25:27,727 [INFO] Interpreted as: {'position': (0.0, 0.0), 'latlon': (42.3, -71.1), 'heading': 45.0, 'depth': 1.0, 'altitude': 10.0, 'roll': 0.0, 'pitch': 0.0, 'last_fix_time': datetime.datetime(2021, 7, 28, 22, 25, 25), 'speed': None, 'rudder': 0, 'datum': (42.3, -71.1)}
2021-07-28 23:25:27,728 [INFO] Processing: $BFNVG,222526.16,4218.000000,N,07106.000000,W,0,10.0,1.0,45.0,0.0,0.0,222526.16*62
2021-07-28 23:25:27,730 [INFO] Interpreted as: {'position': (0.0, 0.0), 'latlon': (42.3, -71.1), 'heading': 45.0, 'depth': 1.0, 'altitude': 10.0, 'roll': 0.0, 'pitch': 0.0, 'last_fix_time': datetime.datetime(2021, 7, 28, 22, 25, 26), 'speed': None, 'rudder': 0, 'datum': (42.3, -71.1)}
2021-07-28 23:25:27,731 [INFO] Processing: $BFNVG,222526.52,4218.000000,N,07106.000000,W,0,10.0,1.0,45.0,0.0,0.0,222526.52*62
2021-07-28 23:25:27,733 [INFO] Interpreted as: {'position': (0.0, 0.0), 'latlon': (42.3, -71.1), 'heading': 45.0, 'depth': 1.0, 'altitude': 10.0, 'roll': 0.0, 'pitch': 0.0, 'last_fix_time': datetime.datetime(2021, 7, 28, 22, 25, 26), 'speed': None, 'rudder': 0, 'datum': (42.3, -71.1)}
2021-07-28 23:25:27,733 [INFO] Received from Frontseat: [b'$BFNVG,222525.80,4218.000000,N,07106.000000,W,0,10.0,1.0,45.0,0.0,0.0,222525.80*62', b'$BFNVG,222526.16,4218.000000,N,07106.000000,W,0,10.0,1.0,45.0,0.0,0.0,222526.16*62', b'$BFNVG,222526.52,4218.000000,N,07106.000000,W,0,10.0,1.0,45.0,0.0,0.0,222526.52*62']
2021-07-28 23:25:27,735 [INFO] AUV state: {'position': (0.0, 0.0), 'latlon': (42.3, -71.1), 'heading': 45.0, 'depth': 1.0, 'altitude': 10.0, 'roll': 0.0, 'pitch': 0.0, 'last_fix_time': datetime.datetime(2021, 7, 28, 22, 25, 26), 'speed': None, 'rudder': 0, 'datum': (42.3, -71.1)}
2021-07-28 23:25:28,078 [INFO] **** [(-0.22035521470194389, -7.708961974233651)] [(15.437560812208067, -7.333901112744751)]
2021-07-28 23:25:28,080 [INFO] Next green buoy: [(-0.22035521470194389, -7.708961974233651)], next red buoy: [(15.437560812208067, -7.333901112744751)]
2021-07-28 23:25:28,080 [INFO] Desired_heading: 52.60860279875306
2021-07-28 23:25:28,081 [INFO] delta angle: 13.991559058396525
2021-07-28 23:25:28,081 [INFO] sending message $BPRMB,222528.08,-13.991559058396525,1,0,750,0,1*40
...
2021-07-28 23:25:29,083 [INFO] sending message $BPSTS,222529.08,1,BWSI Autonomy OK*40
...
2021-07-28 23:25:29,084 [INFO] Processing: $BFNVG,222526.89,4218.000000,N,07106.000000,W,0,10.0,1.0,45.0,0.0,0.0,222526.89*62
2021-07-28 23:25:29,086 [INFO] Interpreted as: {'position': (0.0, 0.0), 'latlon': (42.3, -71.1), 'heading': 45.0, 'depth': 1.0, 'altitude': 10.0, 'roll': 0.0, 'pitch': 0.0, 'last_fix_time': datetime.datetime(2021, 7, 28, 22, 25, 26), 'speed': None, 'rudder': 0, 'datum': (42.3, -71.1)}
2021-07-28 23:25:29,087 [INFO] Processing: $BFNVG,222527.27,4218.000115,N,07105.999850,W,0,10.0,1.0,46.0,0.0,0.0,222527.27*63
2021-07-28 23:25:29,090 [INFO] Interpreted as: {'position': (0.21133425715379417, 0.20774441584944725), 'latlon': (42.300001916666666, -71.0999975), 'heading': 46.0, 'depth': 1.0, 'altitude': 10.0, 'roll': 0.0, 'pitch': 0.0, 'last_fix_time': datetime.datetime(2021, 7, 28, 22, 25, 27), 'speed': None, 'rudder': 0, 'datum': (42.3, -71.1)}
2021-07-28 23:25:29,091 [INFO] Processing: $BFNVG,222527.64,4218.000223,N,07105.999704,W,0,10.0,1.0,47.0,0.0,0.0,222527.64*6A
2021-07-28 23:25:29,093 [INFO] Interpreted as: {'position': (0.41685328318271786, 0.40266957599669695), 'latlon': (42.300003716666666, -71.09999506666666), 'heading': 47.0, 'depth': 1.0, 'altitude': 10.0, 'roll': 0.0, 'pitch': 0.0, 'last_fix_time': datetime.datetime(2021, 7, 28, 22, 25, 27), 'speed': None, 'rudder': 0, 'datum': (42.3, -71.1)}
2021-07-28 23:25:29,094 [INFO] Processing: $BFNVG,222527.99,4218.000326,N,07105.999561,W,0,10.0,1.0,47.9,0.0,0.0,222527.99*66
2021-07-28 23:25:29,096 [INFO] Interpreted as: {'position': (0.6180222951225005, 0.5884429719299078), 'latlon': (42.30000543333333, -71.09999268333334), 'heading': 47.9, 'depth': 1.0, 'altitude': 10.0, 'roll': 0.0, 'pitch': 0.0, 'last_fix_time': datetime.datetime(2021, 7, 28, 22, 25, 27), 'speed': None, 'rudder': 0, 'datum': (42.3, -71.1)}
2021-07-28 23:25:29,096 [INFO] Received from Frontseat: [b'$BFNVG,222526.89,4218.000000,N,07106.000000,W,0,10.0,1.0,45.0,0.0,0.0,222526.89*62', b'$BFNVG,222527.27,4218.000115,N,07105.999850,W,0,10.0,1.0,46.0,0.0,0.0,222527.27*63', b'$BFNVG,222527.64,4218.000223,N,07105.999704,W,0,10.0,1.0,47.0,0.0,0.0,222527.64*6A', b'$BFNVG,222527.99,4218.000326,N,07105.999561,W,0,10.0,1.0,47.9,0.0,0.0,222527.99*66']
2021-07-28 23:25:29,097 [INFO] AUV state: {'position': (0.6180222951225005, 0.5884429719299078), 'latlon': (42.30000543333333, -71.09999268333334), 'heading': 47.9, 'depth': 1.0, 'altitude': 10.0, 'roll': 0.0, 'pitch': 0.0, 'last_fix_time': datetime.datetime(2021, 7, 28, 22, 25, 27), 'speed': None, 'rudder': 0, 'datum': (42.3, -71.1)}
2021-07-28 23:25:29,425 [INFO] **** [(-3.6010811982831843, -8.578795935329556)] [(13.938465483849063, -8.246840136762081)]
2021-07-28 23:25:29,427 [INFO] Next green buoy: [(-3.6010811982831843, -8.578795935329556)], next red buoy: [(13.938465483849063, -8.246840136762081)]
2021-07-28 23:25:29,427 [INFO] Desired_heading: 53.068692142782936
2021-07-28 23:25:29,428 [INFO] delta angle: 7.833930949491823
2021-07-28 23:25:29,428 [INFO] sending message $BPRMB,222530.08,-7.833930949491823,1,0,750,0,1*74
...
2021-07-28 23:25:30,430 [INFO] sending message $BPSTS,222530.43,1,BWSI Autonomy OK*47
...
2021-07-28 23:25:30,438 [INFO] Processing: $BFNVG,222528.35,4218.000427,N,07105.999414,W,0,10.0,1.0,48.8,0.0,0.0,222528.35*6D
2021-07-28 23:25:30,440 [INFO] Interpreted as: {'position': (0.8245954755693674, 0.770379357971251), 'latlon': (42.30000711666667, -71.09999023333333), 'heading': 48.8, 'depth': 1.0, 'altitude': 10.0, 'roll': 0.0, 'pitch': 0.0, 'last_fix_time': datetime.datetime(2021, 7, 28, 22, 25, 28), 'speed': None, 'rudder': 0, 'datum': (42.3, -71.1)}
2021-07-28 23:25:30,441 [INFO] Processing: $BFNVG,222528.71,4218.000527,N,07105.999265,W,0,10.0,1.0,49.8,0.0,0.0,222528.71*6D
2021-07-28 23:25:30,443 [INFO] Interpreted as: {'position': (1.033870730549097, 0.9503972446545959), 'latlon': (42.30000878333333, -71.09998775), 'heading': 49.8, 'depth': 1.0, 'altitude': 10.0, 'roll': 0.0, 'pitch': 0.0, 'last_fix_time': datetime.datetime(2021, 7, 28, 22, 25, 28), 'speed': None, 'rudder': 0, 'datum': (42.3, -71.1)}
2021-07-28 23:25:30,444 [INFO] Processing: $BFNVG,222529.06,4218.000625,N,07105.999114,W,0,10.0,1.0,50.7,0.0,0.0,222529.06*6E
2021-07-28 23:25:30,447 [INFO] Interpreted as: {'position': (1.2458023925428279, 1.126645932905376), 'latlon': (42.300010416666666, -71.09998523333333), 'heading': 50.7, 'depth': 1.0, 'altitude': 10.0, 'roll': 0.0, 'pitch': 0.0, 'last_fix_time': datetime.datetime(2021, 7, 28, 22, 25, 29), 'speed': None, 'rudder': 0, 'datum': (42.3, -71.1)}
2021-07-28 23:25:30,448 [INFO] Processing: $BFNVG,222529.42,4218.000721,N,07105.998961,W,0,10.0,1.0,51.7,0.0,0.0,222529.42*61
2021-07-28 23:25:30,450 [INFO] Interpreted as: {'position': (1.4603904554387555, 1.2991254245862365), 'latlon': (42.30001201666666, -71.09998268333334), 'heading': 51.7, 'depth': 1.0, 'altitude': 10.0, 'roll': 0.0, 'pitch': 0.0, 'last_fix_time': datetime.datetime(2021, 7, 28, 22, 25, 29), 'speed': None, 'rudder': 0, 'datum': (42.3, -71.1)}
2021-07-28 23:25:30,450 [INFO] Received from Frontseat: [b'$BFNVG,222528.35,4218.000427,N,07105.999414,W,0,10.0,1.0,48.8,0.0,0.0,222528.35*6D', b'$BFNVG,222528.71,4218.000527,N,07105.999265,W,0,10.0,1.0,49.8,0.0,0.0,222528.71*6D', b'$BFNVG,222529.06,4218.000625,N,07105.999114,W,0,10.0,1.0,50.7,0.0,0.0,222529.06*6E', b'$BFNVG,222529.42,4218.000721,N,07105.998961,W,0,10.0,1.0,51.7,0.0,0.0,222529.42*61']
2021-07-28 23:25:30,451 [INFO] AUV state: {'position': (1.4603904554387555, 1.2991254245862365), 'latlon': (42.30001201666666, -71.09998268333334), 'heading': 51.7, 'depth': 1.0, 'altitude': 10.0, 'roll': 0.0, 'pitch': 0.0, 'last_fix_time': datetime.datetime(2021, 7, 28, 22, 25, 29), 'speed': None, 'rudder': 0, 'datum': (42.3, -71.1)}
2021-07-28 23:25:30,767 [INFO] **** [(-8.84824564220968, -10.074283661995995)] [(11.930507706006546, -9.678689796328399)]
2021-07-28 23:25:30,770 [INFO] Next green buoy: [(-8.84824564220968, -10.074283661995995)], next red buoy: [(11.930507706006546, -9.678689796328399)]
2021-07-28 23:25:30,770 [INFO] Desired_heading: 53.24113103189843
2021-07-28 23:25:30,771 [INFO] delta angle: 1.275463659006661
2021-07-28 23:25:30,771 [INFO] sending message $BPRMB,222530.77,-1.275463659006661,1,0,750,0,1*75
...
2021-07-28 23:25:31,773 [INFO] sending message $BPSTS,222531.77,1,BWSI Autonomy OK*41
...
2021-07-28 23:25:31,775 [INFO] Processing: $BFNVG,222529.78,4218.000816,N,07105.998805,W,0,10.0,1.0,52.6,0.0,0.0,222529.78*6B
2021-07-28 23:25:31,777 [INFO] Interpreted as: {'position': (1.6790544787654653, 1.4696525083854795), 'latlon': (42.3000136, -71.09998008333334), 'heading': 52.6, 'depth': 1.0, 'altitude': 10.0, 'roll': 0.0, 'pitch': 0.0, 'last_fix_time': datetime.datetime(2021, 7, 28, 22, 25, 29), 'speed': None, 'rudder': 0, 'datum': (42.3, -71.1)}
2021-07-28 23:25:31,778 [INFO] Processing: $BFNVG,222530.14,4218.000909,N,07105.998648,W,0,10.0,1.0,53.1,0.0,0.0,222530.14*65
2021-07-28 23:25:31,780 [INFO] Interpreted as: {'position': (1.899001025594771, 1.6364443022757769), 'latlon': (42.30001515, -71.09997746666667), 'heading': 53.1, 'depth': 1.0, 'altitude': 10.0, 'roll': 0.0, 'pitch': 0.0, 'last_fix_time': datetime.datetime(2021, 7, 28, 22, 25, 30), 'speed': None, 'rudder': 0, 'datum': (42.3, -71.1)}
2021-07-28 23:25:31,783 [INFO] Processing: $BFNVG,222530.50,4218.001001,N,07105.998490,W,0,10.0,1.0,53.6,0.0,0.0,222530.50*65
2021-07-28 23:25:31,786 [INFO] Interpreted as: {'position': (2.1202757698483765, 1.8013515006750822), 'latlon': (42.30001668333333, -71.09997483333333), 'heading': 53.6, 'depth': 1.0, 'altitude': 10.0, 'roll': 0.0, 'pitch': 0.0, 'last_fix_time': datetime.datetime(2021, 7, 28, 22, 25, 30), 'speed': None, 'rudder': 0, 'datum': (42.3, -71.1)}
2021-07-28 23:25:31,788 [INFO] Received from Frontseat: [b'$BFNVG,222529.78,4218.000816,N,07105.998805,W,0,10.0,1.0,52.6,0.0,0.0,222529.78*6B', b'$BFNVG,222530.14,4218.000909,N,07105.998648,W,0,10.0,1.0,53.1,0.0,0.0,222530.14*65', b'$BFNVG,222530.50,4218.001001,N,07105.998490,W,0,10.0,1.0,53.6,0.0,0.0,222530.50*65']
2021-07-28 23:25:31,789 [INFO] AUV state: {'position': (2.1202757698483765, 1.8013515006750822), 'latlon': (42.30001668333333, -71.09997483333333), 'heading': 53.6, 'depth': 1.0, 'altitude': 10.0, 'roll': 0.0, 'pitch': 0.0, 'last_fix_time': datetime.datetime(2021, 7, 28, 22, 25, 30), 'speed': None, 'rudder': 0, 'datum': (42.3, -71.1)}
2021-07-28 23:25:32,143 [INFO] **** [(-12.508460095659386, -11.69656444721854)] [(11.438367501791806, -11.080766447796929), (-9.738453603963732, -4.150783925966114)]
2021-07-28 23:25:32,145 [INFO] Next green buoy: [(-12.508460095659386, -11.69656444721854)], next red buoy: [(11.438367501791806, -11.080766447796929), (-9.738453603963732, -4.150783925966114)]
2021-07-28 23:25:32,146 [INFO] Desired_heading: 53.06495370306621
2021-07-28 23:25:32,146 [INFO] delta angle: -0.2609130399704327
2021-07-28 23:25:32,147 [INFO] sending message $BPRMB,222532.76,0.2609130399704327,1,0,750,0,1*6f
...
2021-07-28 23:25:33,149 [INFO] sending message $BPSTS,222533.14,1,BWSI Autonomy OK*46
...
2021-07-28 23:25:33,150 [INFO] Processing: $BFNVG,222530.86,4218.001092,N,07105.998330,W,0,10.0,1.0,54.2,0.0,0.0,222530.86*61
2021-07-28 23:25:33,152 [INFO] Interpreted as: {'position': (2.3442525909631513, 1.9643401987850666), 'latlon': (42.3000182, -71.09997216666666), 'heading': 54.2, 'depth': 1.0, 'altitude': 10.0, 'roll': 0.0, 'pitch': 0.0, 'last_fix_time': datetime.datetime(2021, 7, 28, 22, 25, 30), 'speed': None, 'rudder': 0, 'datum': (42.3, -71.1)}
2021-07-28 23:25:33,154 [INFO] Processing: $BFNVG,222531.21,4218.001183,N,07105.998169,W,0,10.0,1.0,54.3,0.0,0.0,222531.21*6F
2021-07-28 23:25:33,156 [INFO] Interpreted as: {'position': (2.569603280921001, 2.1272950004786253), 'latlon': (42.30001971666667, -71.09996948333334), 'heading': 54.3, 'depth': 1.0, 'altitude': 10.0, 'roll': 0.0, 'pitch': 0.0, 'last_fix_time': datetime.datetime(2021, 7, 28, 22, 25, 31), 'speed': None, 'rudder': 0, 'datum': (42.3, -71.1)}
2021-07-28 23:25:33,157 [INFO] Processing: $BFNVG,222531.57,4218.001273,N,07105.998008,W,0,10.0,1.0,54.3,0.0,0.0,222531.57*65
2021-07-28 23:25:33,159 [INFO] Interpreted as: {'position': (2.794908288982697, 2.2883991124108434), 'latlon': (42.300021216666664, -71.0999668), 'heading': 54.3, 'depth': 1.0, 'altitude': 10.0, 'roll': 0.0, 'pitch': 0.0, 'last_fix_time': datetime.datetime(2021, 7, 28, 22, 25, 31), 'speed': None, 'rudder': 0, 'datum': (42.3, -71.1)}
2021-07-28 23:25:33,161 [INFO] Processing: $BFNVG,222531.94,4218.001366,N,07105.997842,W,0,10.0,1.0,54.4,0.0,0.0,222531.94*6E
2021-07-28 23:25:33,163 [INFO] Interpreted as: {'position': (3.0272196991718374, 2.4548857985064387), 'latlon': (42.300022766666665, -71.09996403333334), 'heading': 54.4, 'depth': 1.0, 'altitude': 10.0, 'roll': 0.0, 'pitch': 0.0, 'last_fix_time': datetime.datetime(2021, 7, 28, 22, 25, 31), 'speed': None, 'rudder': 0, 'datum': (42.3, -71.1)}
2021-07-28 23:25:33,164 [INFO] Received from Frontseat: [b'$BFNVG,222530.86,4218.001092,N,07105.998330,W,0,10.0,1.0,54.2,0.0,0.0,222530.86*61', b'$BFNVG,222531.21,4218.001183,N,07105.998169,W,0,10.0,1.0,54.3,0.0,0.0,222531.21*6F', b'$BFNVG,222531.57,4218.001273,N,07105.998008,W,0,10.0,1.0,54.3,0.0,0.0,222531.57*65', b'$BFNVG,222531.94,4218.001366,N,07105.997842,W,0,10.0,1.0,54.4,0.0,0.0,222531.94*6E']
2021-07-28 23:25:33,165 [INFO] AUV state: {'position': (3.0272196991718374, 2.4548857985064387), 'latlon': (42.300022766666665, -71.09996403333334), 'heading': 54.4, 'depth': 1.0, 'altitude': 10.0, 'roll': 0.0, 'pitch': 0.0, 'last_fix_time': datetime.datetime(2021, 7, 28, 22, 25, 31), 'speed': None, 'rudder': 0, 'datum': (42.3, -71.1)}
2021-07-28 23:25:33,517 [INFO] **** [(-16.814349951323173, -14.82194885208642)] [(13.247544964778097, -13.885366187932517), (-11.399610199237213, -4.601309091848565)]
2021-07-28 23:25:33,519 [INFO] Next green buoy: [(-16.814349951323173, -14.82194885208642)], next red buoy: [(13.247544964778097, -13.885366187932517), (-11.399610199237213, -4.601309091848565)]
2021-07-28 23:25:33,520 [INFO] Desired_heading: 52.61659750672746
2021-07-28 23:25:33,520 [INFO] delta angle: -1.587752463132631
2021-07-28 23:25:33,521 [INFO] sending message $BPRMB,222533.53,1.587752463132631,1,0,750,0,1*5e
...
2021-07-28 23:25:34,522 [INFO] sending message $BPSTS,222534.52,1,BWSI Autonomy OK*43
...
2021-07-28 23:25:34,525 [INFO] Processing: $BFNVG,222532.30,4218.001455,N,07105.997682,W,0,10.0,1.0,54.5,0.0,0.0,222532.30*6A
2021-07-28 23:25:34,529 [INFO] Interpreted as: {'position': (3.2511051376350224, 2.6141731310635805), 'latlon': (42.30002425, -71.09996136666666), 'heading': 54.5, 'depth': 1.0, 'altitude': 10.0, 'roll': 0.0, 'pitch': 0.0, 'last_fix_time': datetime.datetime(2021, 7, 28, 22, 25, 32), 'speed': None, 'rudder': 0, 'datum': (42.3, -71.1)}
2021-07-28 23:25:34,531 [INFO] Processing: $BFNVG,222532.66,4218.001545,N,07105.997521,W,0,10.0,1.0,54.5,0.0,0.0,222532.66*60
2021-07-28 23:25:34,536 [INFO] Interpreted as: {'position': (3.4764101142063737, 2.7752772625535727), 'latlon': (42.30002575, -71.09995868333333), 'heading': 54.5, 'depth': 1.0, 'altitude': 10.0, 'roll': 0.0, 'pitch': 0.0, 'last_fix_time': datetime.datetime(2021, 7, 28, 22, 25, 32), 'speed': None, 'rudder': 0, 'datum': (42.3, -71.1)}
2021-07-28 23:25:34,540 [INFO] Processing: $BFNVG,222533.02,4218.001635,N,07105.997360,W,0,10.0,1.0,54.5,0.0,0.0,222533.02*67
2021-07-28 23:25:34,543 [INFO] Interpreted as: {'position': (3.701715080300346, 2.9363814014941454), 'latlon': (42.30002725, -71.099956), 'heading': 54.5, 'depth': 1.0, 'altitude': 10.0, 'roll': 0.0, 'pitch': 0.0, 'last_fix_time': datetime.datetime(2021, 7, 28, 22, 25, 33), 'speed': None, 'rudder': 0, 'datum': (42.3, -71.1)}
2021-07-28 23:25:34,544 [INFO] Processing: $BFNVG,222533.38,4218.001724,N,07105.997199,W,0,10.0,1.0,54.5,0.0,0.0,222533.38*62
2021-07-28 23:25:34,547 [INFO] Interpreted as: {'position': (3.926974364789203, 3.0956348506733775), 'latlon': (42.300028733333335, -71.09995331666667), 'heading': 54.5, 'depth': 1.0, 'altitude': 10.0, 'roll': 0.0, 'pitch': 0.0, 'last_fix_time': datetime.datetime(2021, 7, 28, 22, 25, 33), 'speed': None, 'rudder': 0, 'datum': (42.3, -71.1)}
2021-07-28 23:25:34,549 [INFO] Received from Frontseat: [b'$BFNVG,222532.30,4218.001455,N,07105.997682,W,0,10.0,1.0,54.5,0.0,0.0,222532.30*6A', b'$BFNVG,222532.66,4218.001545,N,07105.997521,W,0,10.0,1.0,54.5,0.0,0.0,222532.66*60', b'$BFNVG,222533.02,4218.001635,N,07105.997360,W,0,10.0,1.0,54.5,0.0,0.0,222533.02*67', b'$BFNVG,222533.38,4218.001724,N,07105.997199,W,0,10.0,1.0,54.5,0.0,0.0,222533.38*62']
2021-07-28 23:25:34,550 [INFO] AUV state: {'position': (3.926974364789203, 3.0956348506733775), 'latlon': (42.300028733333335, -71.09995331666667), 'heading': 54.5, 'depth': 1.0, 'altitude': 10.0, 'roll': 0.0, 'pitch': 0.0, 'last_fix_time': datetime.datetime(2021, 7, 28, 22, 25, 33), 'speed': None, 'rudder': 0, 'datum': (42.3, -71.1)}
2021-07-28 23:25:34,905 [INFO] **** [(-22.43343878060628, -19.87216841995649)] [(17.199360240164207, -18.3885719756078), (-12.550707514279525, -4.918804020239562)]
2021-07-28 23:25:34,907 [INFO] Next green buoy: [(-22.43343878060628, -19.87216841995649)], next red buoy: [(17.199360240164207, -18.3885719756078), (-12.550707514279525, -4.918804020239562)]
2021-07-28 23:25:34,907 [INFO] Desired_heading: 51.882960729778965
2021-07-28 23:25:34,907 [INFO] delta angle: -2.8224359828346905
2021-07-28 23:25:34,908 [INFO] sending message $BPRMB,222535.51,2.8224359828346905,1,0,750,0,1*6a
...
2021-07-28 23:25:35,909 [INFO] sending message $BPSTS,222535.90,1,BWSI Autonomy OK*4c
...
2021-07-28 23:25:35,917 [INFO] Processing: $BFNVG,222533.73,4218.001814,N,07105.997038,W,0,10.0,1.0,54.5,0.0,0.0,222533.73*64
2021-07-28 23:25:35,919 [INFO] Interpreted as: {'position': (4.1522793100448325, 3.2567390026524663), 'latlon': (42.30003023333333, -71.09995063333334), 'heading': 54.5, 'depth': 1.0, 'altitude': 10.0, 'roll': 0.0, 'pitch': 0.0, 'last_fix_time': datetime.datetime(2021, 7, 28, 22, 25, 33), 'speed': None, 'rudder': 0, 'datum': (42.3, -71.1)}
2021-07-28 23:25:35,920 [INFO] Processing: $BFNVG,222534.10,4218.001905,N,07105.996876,W,0,10.0,1.0,54.3,0.0,0.0,222534.10*60
2021-07-28 23:25:35,922 [INFO] Interpreted as: {'position': (4.379003794980235, 3.4196599572896957), 'latlon': (42.30003175, -71.09994793333334), 'heading': 54.3, 'depth': 1.0, 'altitude': 10.0, 'roll': 0.0, 'pitch': 0.0, 'last_fix_time': datetime.datetime(2021, 7, 28, 22, 25, 34), 'speed': None, 'rudder': 0, 'datum': (42.3, -71.1)}
2021-07-28 23:25:35,922 [INFO] Processing: $BFNVG,222534.45,4218.001995,N,07105.996716,W,0,10.0,1.0,54.2,0.0,0.0,222534.45*61
2021-07-28 23:25:35,924 [INFO] Interpreted as: {'position': (4.602934842347167, 3.580798028036952), 'latlon': (42.30003325, -71.09994526666667), 'heading': 54.2, 'depth': 1.0, 'altitude': 10.0, 'roll': 0.0, 'pitch': 0.0, 'last_fix_time': datetime.datetime(2021, 7, 28, 22, 25, 34), 'speed': None, 'rudder': 0, 'datum': (42.3, -71.1)}
2021-07-28 23:25:35,925 [INFO] Processing: $BFNVG,222534.81,4218.002086,N,07105.996555,W,0,10.0,1.0,54.1,0.0,0.0,222534.81*6F
2021-07-28 23:25:35,926 [INFO] Interpreted as: {'position': (4.8282854271819815, 3.7437528986483812), 'latlon': (42.30003476666667, -71.09994258333333), 'heading': 54.1, 'depth': 1.0, 'altitude': 10.0, 'roll': 0.0, 'pitch': 0.0, 'last_fix_time': datetime.datetime(2021, 7, 28, 22, 25, 34), 'speed': None, 'rudder': 0, 'datum': (42.3, -71.1)}
2021-07-28 23:25:35,927 [INFO] Received from Frontseat: [b'$BFNVG,222533.73,4218.001814,N,07105.997038,W,0,10.0,1.0,54.5,0.0,0.0,222533.73*64', b'$BFNVG,222534.10,4218.001905,N,07105.996876,W,0,10.0,1.0,54.3,0.0,0.0,222534.10*60', b'$BFNVG,222534.45,4218.001995,N,07105.996716,W,0,10.0,1.0,54.2,0.0,0.0,222534.45*61', b'$BFNVG,222534.81,4218.002086,N,07105.996555,W,0,10.0,1.0,54.1,0.0,0.0,222534.81*6F']
2021-07-28 23:25:35,928 [INFO] AUV state: {'position': (4.8282854271819815, 3.7437528986483812), 'latlon': (42.30003476666667, -71.09994258333333), 'heading': 54.1, 'depth': 1.0, 'altitude': 10.0, 'roll': 0.0, 'pitch': 0.0, 'last_fix_time': datetime.datetime(2021, 7, 28, 22, 25, 34), 'speed': None, 'rudder': 0, 'datum': (42.3, -71.1)}
2021-07-28 23:25:36,247 [INFO] **** [] [(25.128997638889654, -23.968609197600006), (-13.25089321019962, -5.485141917370558)]
2021-07-28 23:25:36,249 [INFO] Next green buoy: [], next red buoy: [(25.128997638889654, -23.968609197600006), (-13.25089321019962, -5.485141917370558)]
2021-07-28 23:25:36,250 [INFO] Desired_heading: 79.22899763888965
2021-07-28 23:25:36,250 [INFO] delta angle: 25
2021-07-28 23:25:36,251 [INFO] sending message $BPRMB,222536.30,-25,1,0,750,0,1*54
...
2021-07-28 23:25:37,252 [INFO] sending message $BPSTS,222537.25,1,BWSI Autonomy OK*40
...
2021-07-28 23:25:37,253 [INFO] Processing: $BFNVG,222535.17,4218.002177,N,07105.996394,W,0,10.0,1.0,54.0,0.0,0.0,222535.17*6A
2021-07-28 23:25:37,256 [INFO] Interpreted as: {'position': (5.053636003518477, 3.906707774847746), 'latlon': (42.300036283333334, -71.0999399), 'heading': 54.0, 'depth': 1.0, 'altitude': 10.0, 'roll': 0.0, 'pitch': 0.0, 'last_fix_time': datetime.datetime(2021, 7, 28, 22, 25, 35), 'speed': None, 'rudder': 0, 'datum': (42.3, -71.1)}
2021-07-28 23:25:37,256 [INFO] Processing: $BFNVG,222535.55,4218.002273,N,07105.996226,W,0,10.0,1.0,53.8,0.0,0.0,222535.55*6A
2021-07-28 23:25:37,258 [INFO] Interpreted as: {'position': (5.288832073798403, 4.0786788165569305), 'latlon': (42.30003788333333, -71.0999371), 'heading': 53.8, 'depth': 1.0, 'altitude': 10.0, 'roll': 0.0, 'pitch': 0.0, 'last_fix_time': datetime.datetime(2021, 7, 28, 22, 25, 35), 'speed': None, 'rudder': 0, 'datum': (42.3, -71.1)}
2021-07-28 23:25:37,259 [INFO] Processing: $BFNVG,222535.91,4218.002363,N,07105.996068,W,0,10.0,1.0,53.6,0.0,0.0,222535.91*6C
2021-07-28 23:25:37,261 [INFO] Interpreted as: {'position': (5.5100153189268894, 4.239884725771844), 'latlon': (42.300039383333335, -71.09993446666667), 'heading': 53.6, 'depth': 1.0, 'altitude': 10.0, 'roll': 0.0, 'pitch': 0.0, 'last_fix_time': datetime.datetime(2021, 7, 28, 22, 25, 35), 'speed': None, 'rudder': 0, 'datum': (42.3, -71.1)}
2021-07-28 23:25:37,262 [INFO] Processing: $BFNVG,222536.27,4218.002456,N,07105.995908,W,0,10.0,1.0,53.4,0.0,0.0,222536.27*63
2021-07-28 23:25:37,264 [INFO] Interpreted as: {'position': (5.734083323506638, 4.406574920751154), 'latlon': (42.300040933333335, -71.0999318), 'heading': 53.4, 'depth': 1.0, 'altitude': 10.0, 'roll': 0.0, 'pitch': 0.0, 'last_fix_time': datetime.datetime(2021, 7, 28, 22, 25, 36), 'speed': None, 'rudder': 0, 'datum': (42.3, -71.1)}
2021-07-28 23:25:37,265 [INFO] Received from Frontseat: [b'$BFNVG,222535.17,4218.002177,N,07105.996394,W,0,10.0,1.0,54.0,0.0,0.0,222535.17*6A', b'$BFNVG,222535.55,4218.002273,N,07105.996226,W,0,10.0,1.0,53.8,0.0,0.0,222535.55*6A', b'$BFNVG,222535.91,4218.002363,N,07105.996068,W,0,10.0,1.0,53.6,0.0,0.0,222535.91*6C', b'$BFNVG,222536.27,4218.002456,N,07105.995908,W,0,10.0,1.0,53.4,0.0,0.0,222536.27*63']
2021-07-28 23:25:37,267 [INFO] AUV state: {'position': (5.734083323506638, 4.406574920751154), 'latlon': (42.300040933333335, -71.0999318), 'heading': 53.4, 'depth': 1.0, 'altitude': 10.0, 'roll': 0.0, 'pitch': 0.0, 'last_fix_time': datetime.datetime(2021, 7, 28, 22, 25, 36), 'speed': None, 'rudder': 0, 'datum': (42.3, -71.1)}
2021-07-28 23:25:37,594 [INFO] **** [] [(-13.952905017637663, -5.996523026208747)]
2021-07-28 23:25:37,597 [INFO] Next green buoy: [], next red buoy: [(-13.952905017637663, -5.996523026208747)]
2021-07-28 23:25:37,598 [INFO] Desired_heading: 39.44709498236234
2021-07-28 23:25:37,598 [INFO] delta angle: -25
2021-07-28 23:25:37,599 [INFO] sending message $BPRMB,222538.20,25,1,0,750,0,1*76
...
2021-07-28 23:25:38,601 [INFO] sending message $BPSTS,222538.60,1,BWSI Autonomy OK*4e
...
2021-07-28 23:25:38,604 [INFO] Processing: $BFNVG,222536.63,4218.002546,N,07105.995748,W,0,10.0,1.0,55.1,0.0,0.0,222536.63*6A
2021-07-28 23:25:38,606 [INFO] Interpreted as: {'position': (5.95801430568099, 4.567713033407927), 'latlon': (42.30004243333333, -71.09992913333333), 'heading': 55.1, 'depth': 1.0, 'altitude': 10.0, 'roll': 0.0, 'pitch': 0.0, 'last_fix_time': datetime.datetime(2021, 7, 28, 22, 25, 36), 'speed': None, 'rudder': 0, 'datum': (42.3, -71.1)}
2021-07-28 23:25:38,608 [INFO] Processing: $BFNVG,222536.98,4218.002632,N,07105.995585,W,0,10.0,1.0,56.8,0.0,0.0,222536.98*63
2021-07-28 23:25:38,611 [INFO] Interpreted as: {'position': (6.185884233971592, 4.721346653997898), 'latlon': (42.30004386666667, -71.09992641666666), 'heading': 56.8, 'depth': 1.0, 'altitude': 10.0, 'roll': 0.0, 'pitch': 0.0, 'last_fix_time': datetime.datetime(2021, 7, 28, 22, 25, 36), 'speed': None, 'rudder': 0, 'datum': (42.3, -71.1)}
2021-07-28 23:25:38,612 [INFO] Processing: $BFNVG,222537.34,4218.002715,N,07105.995418,W,0,10.0,1.0,58.5,0.0,0.0,222537.34*61
2021-07-28 23:25:38,614 [INFO] Interpreted as: {'position': (6.419112653937191, 4.869292573072016), 'latlon': (42.30004525, -71.09992363333333), 'heading': 58.5, 'depth': 1.0, 'altitude': 10.0, 'roll': 0.0, 'pitch': 0.0, 'last_fix_time': datetime.datetime(2021, 7, 28, 22, 25, 37), 'speed': None, 'rudder': 0, 'datum': (42.3, -71.1)}
2021-07-28 23:25:38,615 [INFO] Received from Frontseat: [b'$BFNVG,222536.63,4218.002546,N,07105.995748,W,0,10.0,1.0,55.1,0.0,0.0,222536.63*6A', b'$BFNVG,222536.98,4218.002632,N,07105.995585,W,0,10.0,1.0,56.8,0.0,0.0,222536.98*63', b'$BFNVG,222537.34,4218.002715,N,07105.995418,W,0,10.0,1.0,58.5,0.0,0.0,222537.34*61']
2021-07-28 23:25:38,616 [INFO] AUV state: {'position': (6.419112653937191, 4.869292573072016), 'latlon': (42.30004525, -71.09992363333333), 'heading': 58.5, 'depth': 1.0, 'altitude': 10.0, 'roll': 0.0, 'pitch': 0.0, 'last_fix_time': datetime.datetime(2021, 7, 28, 22, 25, 37), 'speed': None, 'rudder': 0, 'datum': (42.3, -71.1)}
2021-07-28 23:25:38,944 [INFO] **** [] [(-20.483720039849857, -6.491509030555783)]
2021-07-28 23:25:38,946 [INFO] Next green buoy: [], next red buoy: [(-20.483720039849857, -6.491509030555783)]
2021-07-28 23:25:38,946 [INFO] Desired_heading: 38.01627996015014
2021-07-28 23:25:38,947 [INFO] delta angle: -25
2021-07-28 23:25:38,947 [INFO] sending message $BPRMB,222539.00,25,1,0,750,0,1*75
...
2021-07-28 23:25:39,949 [INFO] sending message $BPSTS,222539.94,1,BWSI Autonomy OK*44
...
2021-07-28 23:25:39,950 [INFO] Processing: $BFNVG,222537.71,4218.002797,N,07105.995241,W,0,10.0,1.0,60.2,0.0,0.0,222537.71*6D
2021-07-28 23:25:39,952 [INFO] Interpreted as: {'position': (6.66603418358136, 5.015048765577376), 'latlon': (42.30004661666667, -71.09992068333334), 'heading': 60.2, 'depth': 1.0, 'altitude': 10.0, 'roll': 0.0, 'pitch': 0.0, 'last_fix_time': datetime.datetime(2021, 7, 28, 22, 25, 37), 'speed': None, 'rudder': 0, 'datum': (42.3, -71.1)}
2021-07-28 23:25:39,953 [INFO] Processing: $BFNVG,222538.07,4218.002876,N,07105.995070,W,0,10.0,1.0,58.5,0.0,0.0,222538.07*61
2021-07-28 23:25:39,954 [INFO] Interpreted as: {'position': (6.9045754169346765, 5.15545629709959), 'latlon': (42.30004793333333, -71.09991783333334), 'heading': 58.5, 'depth': 1.0, 'altitude': 10.0, 'roll': 0.0, 'pitch': 0.0, 'last_fix_time': datetime.datetime(2021, 7, 28, 22, 25, 38), 'speed': None, 'rudder': 0, 'datum': (42.3, -71.1)}
2021-07-28 23:25:39,955 [INFO] Processing: $BFNVG,222538.43,4218.002959,N,07105.994903,W,0,10.0,1.0,56.9,0.0,0.0,222538.43*63
2021-07-28 23:25:39,957 [INFO] Interpreted as: {'position': (7.1378038068069145, 5.303402240388095), 'latlon': (42.300049316666666, -71.09991505), 'heading': 56.9, 'depth': 1.0, 'altitude': 10.0, 'roll': 0.0, 'pitch': 0.0, 'last_fix_time': datetime.datetime(2021, 7, 28, 22, 25, 38), 'speed': None, 'rudder': 0, 'datum': (42.3, -71.1)}
2021-07-28 23:25:39,958 [INFO] Processing: $BFNVG,222538.79,4218.003046,N,07105.994738,W,0,10.0,1.0,55.2,0.0,0.0,222538.79*6B
2021-07-28 23:25:39,961 [INFO] Interpreted as: {'position': (7.368467110209167, 5.4588187877088785), 'latlon': (42.300050766666665, -71.0999123), 'heading': 55.2, 'depth': 1.0, 'altitude': 10.0, 'roll': 0.0, 'pitch': 0.0, 'last_fix_time': datetime.datetime(2021, 7, 28, 22, 25, 38), 'speed': None, 'rudder': 0, 'datum': (42.3, -71.1)}
2021-07-28 23:25:39,961 [INFO] Received from Frontseat: [b'$BFNVG,222537.71,4218.002797,N,07105.995241,W,0,10.0,1.0,60.2,0.0,0.0,222537.71*6D', b'$BFNVG,222538.07,4218.002876,N,07105.995070,W,0,10.0,1.0,58.5,0.0,0.0,222538.07*61', b'$BFNVG,222538.43,4218.002959,N,07105.994903,W,0,10.0,1.0,56.9,0.0,0.0,222538.43*63', b'$BFNVG,222538.79,4218.003046,N,07105.994738,W,0,10.0,1.0,55.2,0.0,0.0,222538.79*6B']
2021-07-28 23:25:39,962 [INFO] AUV state: {'position': (7.368467110209167, 5.4588187877088785), 'latlon': (42.300050766666665, -71.0999123), 'heading': 55.2, 'depth': 1.0, 'altitude': 10.0, 'roll': 0.0, 'pitch': 0.0, 'last_fix_time': datetime.datetime(2021, 7, 28, 22, 25, 38), 'speed': None, 'rudder': 0, 'datum': (42.3, -71.1)}
2021-07-28 23:25:40,275 [INFO] **** [] [(-19.62078474327083, -7.336670083606106), (-6.96095762785567, -4.585157547634801)]
2021-07-28 23:25:40,277 [INFO] Next green buoy: [], next red buoy: [(-19.62078474327083, -7.336670083606106), (-6.96095762785567, -4.585157547634801)]
2021-07-28 23:25:40,277 [INFO] Desired_heading: 35.57921525672917
2021-07-28 23:25:40,278 [INFO] delta angle: -25
2021-07-28 23:25:40,278 [INFO] sending message $BPRMB,222540.89,25,1,0,750,0,1*7a
...
2021-07-28 23:25:41,280 [INFO] sending message $BPSTS,222541.28,1,BWSI Autonomy OK*4c
...
2021-07-28 23:25:41,289 [INFO] Processing: $BFNVG,222539.15,4218.003137,N,07105.994576,W,0,10.0,1.0,53.5,0.0,0.0,222539.15*65
2021-07-28 23:25:41,291 [INFO] Interpreted as: {'position': (7.5951914499746636, 5.621739840134978), 'latlon': (42.300052283333336, -71.0999096), 'heading': 53.5, 'depth': 1.0, 'altitude': 10.0, 'roll': 0.0, 'pitch': 0.0, 'last_fix_time': datetime.datetime(2021, 7, 28, 22, 25, 39), 'speed': None, 'rudder': 0, 'datum': (42.3, -71.1)}
2021-07-28 23:25:41,292 [INFO] Processing: $BFNVG,222539.51,4218.003231,N,07105.994419,W,0,10.0,1.0,51.8,0.0,0.0,222539.51*67
2021-07-28 23:25:41,294 [INFO] Interpreted as: {'position': (7.81518339633476, 5.790382509119809), 'latlon': (42.30005385, -71.09990698333333), 'heading': 51.8, 'depth': 1.0, 'altitude': 10.0, 'roll': 0.0, 'pitch': 0.0, 'last_fix_time': datetime.datetime(2021, 7, 28, 22, 25, 39), 'speed': None, 'rudder': 0, 'datum': (42.3, -71.1)}
2021-07-28 23:25:41,295 [INFO] Processing: $BFNVG,222539.87,4218.003327,N,07105.994267,W,0,10.0,1.0,50.1,0.0,0.0,222539.87*66
2021-07-28 23:25:41,298 [INFO] Interpreted as: {'position': (8.028397277113982, 5.962896096520126), 'latlon': (42.30005545, -71.09990445), 'heading': 50.1, 'depth': 1.0, 'altitude': 10.0, 'roll': 0.0, 'pitch': 0.0, 'last_fix_time': datetime.datetime(2021, 7, 28, 22, 25, 39), 'speed': None, 'rudder': 0, 'datum': (42.3, -71.1)}
2021-07-28 23:25:41,299 [INFO] Processing: $BFNVG,222540.23,4218.003428,N,07105.994117,W,0,10.0,1.0,48.4,0.0,0.0,222540.23*66
2021-07-28 23:25:41,301 [INFO] Interpreted as: {'position': (8.239091740455478, 6.14473098423332), 'latlon': (42.30005713333333, -71.09990195), 'heading': 48.4, 'depth': 1.0, 'altitude': 10.0, 'roll': 0.0, 'pitch': 0.0, 'last_fix_time': datetime.datetime(2021, 7, 28, 22, 25, 40), 'speed': None, 'rudder': 0, 'datum': (42.3, -71.1)}
2021-07-28 23:25:41,302 [INFO] Received from Frontseat: [b'$BFNVG,222539.15,4218.003137,N,07105.994576,W,0,10.0,1.0,53.5,0.0,0.0,222539.15*65', b'$BFNVG,222539.51,4218.003231,N,07105.994419,W,0,10.0,1.0,51.8,0.0,0.0,222539.51*67', b'$BFNVG,222539.87,4218.003327,N,07105.994267,W,0,10.0,1.0,50.1,0.0,0.0,222539.87*66', b'$BFNVG,222540.23,4218.003428,N,07105.994117,W,0,10.0,1.0,48.4,0.0,0.0,222540.23*66']
2021-07-28 23:25:41,303 [INFO] AUV state: {'position': (8.239091740455478, 6.14473098423332), 'latlon': (42.30005713333333, -71.09990195), 'heading': 48.4, 'depth': 1.0, 'altitude': 10.0, 'roll': 0.0, 'pitch': 0.0, 'last_fix_time': datetime.datetime(2021, 7, 28, 22, 25, 40), 'speed': None, 'rudder': 0, 'datum': (42.3, -71.1)}
2021-07-28 23:25:41,600 [INFO] **** [] [(-15.010225295846169, -8.463167615384089), (0.29213055488552125, -5.03337512008082)]
2021-07-28 23:25:41,602 [INFO] Next green buoy: [], next red buoy: [(-15.010225295846169, -8.463167615384089), (0.29213055488552125, -5.03337512008082)]
2021-07-28 23:25:41,603 [INFO] Desired_heading: 33.38977470415383
2021-07-28 23:25:41,603 [INFO] delta angle: -25
2021-07-28 23:25:41,604 [INFO] sending message $BPRMB,222541.66,25,1,0,750,0,1*7a
...
2021-07-28 23:25:42,606 [INFO] sending message $BPSTS,222542.60,1,BWSI Autonomy OK*43
...
2021-07-28 23:25:42,607 [INFO] Processing: $BFNVG,222540.59,4218.003533,N,07105.993970,W,0,10.0,1.0,46.7,0.0,0.0,222540.59*6E
2021-07-28 23:25:42,609 [INFO] Interpreted as: {'position': (8.445847237017006, 6.33407037332654), 'latlon': (42.300058883333335, -71.0998995), 'heading': 46.7, 'depth': 1.0, 'altitude': 10.0, 'roll': 0.0, 'pitch': 0.0, 'last_fix_time': datetime.datetime(2021, 7, 28, 22, 25, 40), 'speed': None, 'rudder': 0, 'datum': (42.3, -71.1)}
2021-07-28 23:25:42,610 [INFO] Processing: $BFNVG,222540.95,4218.003640,N,07105.993828,W,0,10.0,1.0,45.0,0.0,0.0,222540.95*61
2021-07-28 23:25:42,613 [INFO] Interpreted as: {'position': (8.645824669976719, 6.527280680835247), 'latlon': (42.30006066666667, -71.09989713333333), 'heading': 45.0, 'depth': 1.0, 'altitude': 10.0, 'roll': 0.0, 'pitch': 0.0, 'last_fix_time': datetime.datetime(2021, 7, 28, 22, 25, 40), 'speed': None, 'rudder': 0, 'datum': (42.3, -71.1)}
2021-07-28 23:25:42,614 [INFO] Processing: $BFNVG,222541.31,4218.003750,N,07105.993691,W,0,10.0,1.0,43.3,0.0,0.0,222541.31*68
2021-07-28 23:25:42,616 [INFO] Interpreted as: {'position': (8.839069709356409, 6.726212602108717), 'latlon': (42.3000625, -71.09989485), 'heading': 43.3, 'depth': 1.0, 'altitude': 10.0, 'roll': 0.0, 'pitch': 0.0, 'last_fix_time': datetime.datetime(2021, 7, 28, 22, 25, 41), 'speed': None, 'rudder': 0, 'datum': (42.3, -71.1)}
2021-07-28 23:25:42,617 [INFO] Received from Frontseat: [b'$BFNVG,222540.59,4218.003533,N,07105.993970,W,0,10.0,1.0,46.7,0.0,0.0,222540.59*6E', b'$BFNVG,222540.95,4218.003640,N,07105.993828,W,0,10.0,1.0,45.0,0.0,0.0,222540.95*61', b'$BFNVG,222541.31,4218.003750,N,07105.993691,W,0,10.0,1.0,43.3,0.0,0.0,222541.31*68']
2021-07-28 23:25:42,618 [INFO] AUV state: {'position': (8.839069709356409, 6.726212602108717), 'latlon': (42.3000625, -71.09989485), 'heading': 43.3, 'depth': 1.0, 'altitude': 10.0, 'roll': 0.0, 'pitch': 0.0, 'last_fix_time': datetime.datetime(2021, 7, 28, 22, 25, 41), 'speed': None, 'rudder': 0, 'datum': (42.3, -71.1)}
2021-07-28 23:25:42,924 [INFO] **** [] [(-11.211376105937761, -9.465160194400683), (6.169913661290586, -5.460360484099662)]
2021-07-28 23:25:42,926 [INFO] Next green buoy: [], next red buoy: [(-11.211376105937761, -9.465160194400683), (6.169913661290586, -5.460360484099662)]
2021-07-28 23:25:42,927 [INFO] Desired_heading: 32.08862389406224
2021-07-28 23:25:42,927 [INFO] delta angle: -25
2021-07-28 23:25:42,927 [INFO] sending message $BPRMB,222543.54,25,1,0,750,0,1*79
...
2021-07-28 23:25:43,929 [INFO] sending message $BPSTS,222543.92,1,BWSI Autonomy OK*4f
...
2021-07-28 23:25:43,931 [INFO] Processing: $BFNVG,222541.67,4218.003863,N,07105.993558,W,0,10.0,1.0,41.7,0.0,0.0,222541.67*67
2021-07-28 23:25:43,933 [INFO] Interpreted as: {'position': (9.026956231740769, 6.930832232348621), 'latlon': (42.300064383333336, -71.09989263333334), 'heading': 41.7, 'depth': 1.0, 'altitude': 10.0, 'roll': 0.0, 'pitch': 0.0, 'last_fix_time': datetime.datetime(2021, 7, 28, 22, 25, 41), 'speed': None, 'rudder': 0, 'datum': (42.3, -71.1)}
2021-07-28 23:25:43,933 [INFO] Processing: $BFNVG,222542.03,4218.003978,N,07105.993431,W,0,10.0,1.0,40.0,0.0,0.0,222542.03*64
2021-07-28 23:25:43,935 [INFO] Interpreted as: {'position': (9.20669081696542, 7.13935668207705), 'latlon': (42.3000663, -71.09989051666666), 'heading': 40.0, 'depth': 1.0, 'altitude': 10.0, 'roll': 0.0, 'pitch': 0.0, 'last_fix_time': datetime.datetime(2021, 7, 28, 22, 25, 42), 'speed': None, 'rudder': 0, 'datum': (42.3, -71.1)}
2021-07-28 23:25:43,936 [INFO] Processing: $BFNVG,222542.39,4218.004097,N,07105.993307,W,0,10.0,1.0,38.3,0.0,0.0,222542.39*65
2021-07-28 23:25:43,938 [INFO] Interpreted as: {'position': (9.382486431510188, 7.355385634116828), 'latlon': (42.30006828333333, -71.09988845), 'heading': 38.3, 'depth': 1.0, 'altitude': 10.0, 'roll': 0.0, 'pitch': 0.0, 'last_fix_time': datetime.datetime(2021, 7, 28, 22, 25, 42), 'speed': None, 'rudder': 0, 'datum': (42.3, -71.1)}
2021-07-28 23:25:43,939 [INFO] Processing: $BFNVG,222542.74,4218.004217,N,07105.993189,W,0,10.0,1.0,36.6,0.0,0.0,222542.74*60
2021-07-28 23:25:43,941 [INFO] Interpreted as: {'position': (9.550084435555618, 7.573468706570566), 'latlon': (42.30007028333333, -71.09988648333334), 'heading': 36.6, 'depth': 1.0, 'altitude': 10.0, 'roll': 0.0, 'pitch': 0.0, 'last_fix_time': datetime.datetime(2021, 7, 28, 22, 25, 42), 'speed': None, 'rudder': 0, 'datum': (42.3, -71.1)}
2021-07-28 23:25:43,942 [INFO] Received from Frontseat: [b'$BFNVG,222541.67,4218.003863,N,07105.993558,W,0,10.0,1.0,41.7,0.0,0.0,222541.67*67', b'$BFNVG,222542.03,4218.003978,N,07105.993431,W,0,10.0,1.0,40.0,0.0,0.0,222542.03*64', b'$BFNVG,222542.39,4218.004097,N,07105.993307,W,0,10.0,1.0,38.3,0.0,0.0,222542.39*65', b'$BFNVG,222542.74,4218.004217,N,07105.993189,W,0,10.0,1.0,36.6,0.0,0.0,222542.74*60']
2021-07-28 23:25:43,943 [INFO] AUV state: {'position': (9.550084435555618, 7.573468706570566), 'latlon': (42.30007028333333, -71.09988648333334), 'heading': 36.6, 'depth': 1.0, 'altitude': 10.0, 'roll': 0.0, 'pitch': 0.0, 'last_fix_time': datetime.datetime(2021, 7, 28, 22, 25, 42), 'speed': None, 'rudder': 0, 'datum': (42.3, -71.1)}
2021-07-28 23:25:44,272 [INFO] **** [(-23.10467766002653, -9.505914152245593)] [(-5.441194770031882, -11.403775670797677), (14.516139224370363, -5.939094200602839)]
2021-07-28 23:25:44,274 [INFO] Next green buoy: [(-23.10467766002653, -9.505914152245593)], next red buoy: [(-5.441194770031882, -11.403775670797677), (14.516139224370363, -5.939094200602839)]
2021-07-28 23:25:44,274 [INFO] Desired_heading: 22.327063784970797
2021-07-28 23:25:44,275 [INFO] delta angle: -25
2021-07-28 23:25:44,275 [INFO] sending message $BPRMB,222544.31,25,1,0,750,0,1*7d
...
2021-07-28 23:25:45,277 [INFO] sending message $BPSTS,222545.27,1,BWSI Autonomy OK*47
...
2021-07-28 23:25:45,278 [INFO] Processing: $BFNVG,222543.10,4218.004341,N,07105.993075,W,0,10.0,1.0,34.9,0.0,0.0,222543.10*6D
2021-07-28 23:25:45,280 [INFO] Interpreted as: {'position': (9.712369597284123, 7.799090184271336), 'latlon': (42.30007235, -71.09988458333333), 'heading': 34.9, 'depth': 1.0, 'altitude': 10.0, 'roll': 0.0, 'pitch': 0.0, 'last_fix_time': datetime.datetime(2021, 7, 28, 22, 25, 43), 'speed': None, 'rudder': 0, 'datum': (42.3, -71.1)}
2021-07-28 23:25:45,281 [INFO] Processing: $BFNVG,222543.46,4218.004467,N,07105.992967,W,0,10.0,1.0,33.2,0.0,0.0,222543.46*69
2021-07-28 23:25:45,283 [INFO] Interpreted as: {'position': (9.866502819117159, 8.02861647773534), 'latlon': (42.30007445, -71.09988278333333), 'heading': 33.2, 'depth': 1.0, 'altitude': 10.0, 'roll': 0.0, 'pitch': 0.0, 'last_fix_time': datetime.datetime(2021, 7, 28, 22, 25, 43), 'speed': None, 'rudder': 0, 'datum': (42.3, -71.1)}
2021-07-28 23:25:45,284 [INFO] Processing: $BFNVG,222543.83,4218.004598,N,07105.992860,W,0,10.0,1.0,31.5,0.0,0.0,222543.83*6B
2021-07-28 23:25:45,287 [INFO] Interpreted as: {'position': (10.019490501028486, 8.267430164851248), 'latlon': (42.30007663333333, -71.099881), 'heading': 31.5, 'depth': 1.0, 'altitude': 10.0, 'roll': 0.0, 'pitch': 0.0, 'last_fix_time': datetime.datetime(2021, 7, 28, 22, 25, 43), 'speed': None, 'rudder': 0, 'datum': (42.3, -71.1)}
2021-07-28 23:25:45,288 [INFO] Processing: $BFNVG,222544.19,4218.004731,N,07105.992760,W,0,10.0,1.0,29.8,0.0,0.0,222544.19*61
2021-07-28 23:25:45,290 [INFO] Interpreted as: {'position': (10.162952361279167, 8.510182569734752), 'latlon': (42.30007885, -71.09987933333333), 'heading': 29.8, 'depth': 1.0, 'altitude': 10.0, 'roll': 0.0, 'pitch': 0.0, 'last_fix_time': datetime.datetime(2021, 7, 28, 22, 25, 44), 'speed': None, 'rudder': 0, 'datum': (42.3, -71.1)}
2021-07-28 23:25:45,291 [INFO] Received from Frontseat: [b'$BFNVG,222543.10,4218.004341,N,07105.993075,W,0,10.0,1.0,34.9,0.0,0.0,222543.10*6D', b'$BFNVG,222543.46,4218.004467,N,07105.992967,W,0,10.0,1.0,33.2,0.0,0.0,222543.46*69', b'$BFNVG,222543.83,4218.004598,N,07105.992860,W,0,10.0,1.0,31.5,0.0,0.0,222543.83*6B', b'$BFNVG,222544.19,4218.004731,N,07105.992760,W,0,10.0,1.0,29.8,0.0,0.0,222544.19*61']
2021-07-28 23:25:45,292 [INFO] AUV state: {'position': (10.162952361279167, 8.510182569734752), 'latlon': (42.30007885, -71.09987933333333), 'heading': 29.8, 'depth': 1.0, 'altitude': 10.0, 'roll': 0.0, 'pitch': 0.0, 'last_fix_time': datetime.datetime(2021, 7, 28, 22, 25, 44), 'speed': None, 'rudder': 0, 'datum': (42.3, -71.1)}
2021-07-28 23:25:45,633 [INFO] **** [(-20.291449481140102, -11.429246472216446)] [(1.6691330369864943, -14.49779988885189), (23.252455020922397, -6.754855869736382)]
2021-07-28 23:25:45,635 [INFO] Next green buoy: [(-20.291449481140102, -11.429246472216446)], next red buoy: [(1.6691330369864943, -14.49779988885189), (23.252455020922397, -6.754855869736382)]
2021-07-28 23:25:45,635 [INFO] Desired_heading: 20.4888417779232
2021-07-28 23:25:45,636 [INFO] delta angle: -18.94149705437127
2021-07-28 23:25:45,636 [INFO] sending message $BPRMB,222546.24,18.94149705437127,1,0,750,0,1*5c
...
2021-07-28 23:25:46,638 [INFO] sending message $BPSTS,222546.63,1,BWSI Autonomy OK*44
...
2021-07-28 23:25:46,639 [INFO] Processing: $BFNVG,222544.55,4218.004863,N,07105.992667,W,0,10.0,1.0,28.1,0.0,0.0,222544.55*67
2021-07-28 23:25:46,646 [INFO] Interpreted as: {'position': (10.296751400572248, 8.751321602612734), 'latlon': (42.30008105, -71.09987778333333), 'heading': 28.1, 'depth': 1.0, 'altitude': 10.0, 'roll': 0.0, 'pitch': 0.0, 'last_fix_time': datetime.datetime(2021, 7, 28, 22, 25, 44), 'speed': None, 'rudder': 0, 'datum': (42.3, -71.1)}
2021-07-28 23:25:46,647 [INFO] Processing: $BFNVG,222544.91,4218.004997,N,07105.992579,W,0,10.0,1.0,26.4,0.0,0.0,222544.91*6A
2021-07-28 23:25:46,649 [INFO] Interpreted as: {'position': (10.42377237812616, 8.996331546455622), 'latlon': (42.300083283333336, -71.09987631666667), 'heading': 26.4, 'depth': 1.0, 'altitude': 10.0, 'roll': 0.0, 'pitch': 0.0, 'last_fix_time': datetime.datetime(2021, 7, 28, 22, 25, 44), 'speed': None, 'rudder': 0, 'datum': (42.3, -71.1)}
2021-07-28 23:25:46,650 [INFO] Processing: $BFNVG,222545.29,4218.005140,N,07105.992493,W,0,10.0,1.0,24.7,0.0,0.0,222545.29*6D
2021-07-28 23:25:46,652 [INFO] Interpreted as: {'position': (10.548456616408657, 9.258065572939813), 'latlon': (42.30008566666667, -71.09987488333333), 'heading': 24.7, 'depth': 1.0, 'altitude': 10.0, 'roll': 0.0, 'pitch': 0.0, 'last_fix_time': datetime.datetime(2021, 7, 28, 22, 25, 45), 'speed': None, 'rudder': 0, 'datum': (42.3, -71.1)}
2021-07-28 23:25:46,653 [INFO] Received from Frontseat: [b'$BFNVG,222544.55,4218.004863,N,07105.992667,W,0,10.0,1.0,28.1,0.0,0.0,222544.55*67', b'$BFNVG,222544.91,4218.004997,N,07105.992579,W,0,10.0,1.0,26.4,0.0,0.0,222544.91*6A', b'$BFNVG,222545.29,4218.005140,N,07105.992493,W,0,10.0,1.0,24.7,0.0,0.0,222545.29*6D']
2021-07-28 23:25:46,654 [INFO] AUV state: {'position': (10.548456616408657, 9.258065572939813), 'latlon': (42.30008566666667, -71.09987488333333), 'heading': 24.7, 'depth': 1.0, 'altitude': 10.0, 'roll': 0.0, 'pitch': 0.0, 'last_fix_time': datetime.datetime(2021, 7, 28, 22, 25, 45), 'speed': None, 'rudder': 0, 'datum': (42.3, -71.1)}
2021-07-28 23:25:46,980 [INFO] **** [(-18.168083418789973, -13.423005112058593)] [(8.35740616652632, -17.94747357583401)]
2021-07-28 23:25:46,982 [INFO] Next green buoy: [(-18.168083418789973, -13.423005112058593)], next red buoy: [(8.35740616652632, -17.94747357583401)]
2021-07-28 23:25:46,983 [INFO] Desired_heading: 19.794661373868173
2021-07-28 23:25:46,983 [INFO] delta angle: -7.24289568722611
2021-07-28 23:25:46,984 [INFO] sending message $BPRMB,222547.03,7.24289568722611,1,0,750,0,1*6e
...
2021-07-28 23:25:47,985 [INFO] sending message $BPSTS,222547.98,1,BWSI Autonomy OK*41
...
2021-07-28 23:25:47,987 [INFO] Processing: $BFNVG,222545.65,4218.005279,N,07105.992416,W,0,10.0,1.0,23.0,0.0,0.0,222545.65*69
2021-07-28 23:25:47,989 [INFO] Interpreted as: {'position': (10.660593269625679, 9.512701938860118), 'latlon': (42.300087983333334, -71.0998736), 'heading': 23.0, 'depth': 1.0, 'altitude': 10.0, 'roll': 0.0, 'pitch': 0.0, 'last_fix_time': datetime.datetime(2021, 7, 28, 22, 25, 45), 'speed': None, 'rudder': 0, 'datum': (42.3, -71.1)}
2021-07-28 23:25:47,990 [INFO] Processing: $BFNVG,222546.01,4218.005419,N,07105.992344,W,0,10.0,1.0,21.7,0.0,0.0,222546.01*6C
2021-07-28 23:25:47,992 [INFO] Interpreted as: {'position': (10.765906191430986, 9.769358518533409), 'latlon': (42.30009031666667, -71.0998724), 'heading': 21.7, 'depth': 1.0, 'altitude': 10.0, 'roll': 0.0, 'pitch': 0.0, 'last_fix_time': datetime.datetime(2021, 7, 28, 22, 25, 46), 'speed': None, 'rudder': 0, 'datum': (42.3, -71.1)}
2021-07-28 23:25:47,993 [INFO] Processing: $BFNVG,222546.37,4218.005561,N,07105.992276,W,0,10.0,1.0,20.4,0.0,0.0,222546.37*60
2021-07-28 23:25:47,995 [INFO] Interpreted as: {'position': (10.86581493797712, 10.029852108098567), 'latlon': (42.30009268333333, -71.09987126666667), 'heading': 20.4, 'depth': 1.0, 'altitude': 10.0, 'roll': 0.0, 'pitch': 0.0, 'last_fix_time': datetime.datetime(2021, 7, 28, 22, 25, 46), 'speed': None, 'rudder': 0, 'datum': (42.3, -71.1)}
2021-07-28 23:25:47,996 [INFO] Processing: $BFNVG,222546.73,4218.005703,N,07105.992212,W,0,10.0,1.0,19.2,0.0,0.0,222546.73*68
2021-07-28 23:25:47,998 [INFO] Interpreted as: {'position': (10.960228162643034, 10.29048130940646), 'latlon': (42.30009505, -71.0998702), 'heading': 19.2, 'depth': 1.0, 'altitude': 10.0, 'roll': 0.0, 'pitch': 0.0, 'last_fix_time': datetime.datetime(2021, 7, 28, 22, 25, 46), 'speed': None, 'rudder': 0, 'datum': (42.3, -71.1)}
2021-07-28 23:25:47,999 [INFO] Received from Frontseat: [b'$BFNVG,222545.65,4218.005279,N,07105.992416,W,0,10.0,1.0,23.0,0.0,0.0,222545.65*69', b'$BFNVG,222546.01,4218.005419,N,07105.992344,W,0,10.0,1.0,21.7,0.0,0.0,222546.01*6C', b'$BFNVG,222546.37,4218.005561,N,07105.992276,W,0,10.0,1.0,20.4,0.0,0.0,222546.37*60', b'$BFNVG,222546.73,4218.005703,N,07105.992212,W,0,10.0,1.0,19.2,0.0,0.0,222546.73*68']
2021-07-28 23:25:48,000 [INFO] AUV state: {'position': (10.960228162643034, 10.29048130940646), 'latlon': (42.30009505, -71.0998702), 'heading': 19.2, 'depth': 1.0, 'altitude': 10.0, 'roll': 0.0, 'pitch': 0.0, 'last_fix_time': datetime.datetime(2021, 7, 28, 22, 25, 46), 'speed': None, 'rudder': 0, 'datum': (42.3, -71.1)}
2021-07-28 23:25:48,352 [INFO] **** [(-17.129217052803405, -17.523133934639777)] [(19.38103842521325, -23.925530808087547)]
2021-07-28 23:25:48,354 [INFO] Next green buoy: [(-17.129217052803405, -17.523133934639777)], next red buoy: [(19.38103842521325, -23.925530808087547)]
2021-07-28 23:25:48,355 [INFO] Desired_heading: 20.32591068620492
2021-07-28 23:25:48,355 [INFO] delta angle: 0.7964612528745699
2021-07-28 23:25:48,356 [INFO] sending message $BPRMB,222548.93,-0.7964612528745699,1,0,750,0,1*4b
...
2021-07-28 23:25:49,357 [INFO] sending message $BPSTS,222549.35,1,BWSI Autonomy OK*48
...
2021-07-28 23:25:49,359 [INFO] Processing: $BFNVG,222547.09,4218.005846,N,07105.992153,W,0,10.0,1.0,17.9,0.0,0.0,222547.09*65
2021-07-28 23:25:49,361 [INFO] Interpreted as: {'position': (11.04781766619999, 10.553130723536015), 'latlon': (42.300097433333335, -71.09986921666666), 'heading': 17.9, 'depth': 1.0, 'altitude': 10.0, 'roll': 0.0, 'pitch': 0.0, 'last_fix_time': datetime.datetime(2021, 7, 28, 22, 25, 47), 'speed': None, 'rudder': 0, 'datum': (42.3, -71.1)}
2021-07-28 23:25:49,362 [INFO] Processing: $BFNVG,222547.45,4218.005990,N,07105.992096,W,0,10.0,1.0,17.4,0.0,0.0,222547.45*6A
2021-07-28 23:25:49,363 [INFO] Interpreted as: {'position': (11.132705073803663, 10.817698641680181), 'latlon': (42.300099833333334, -71.09986826666666), 'heading': 17.4, 'depth': 1.0, 'altitude': 10.0, 'roll': 0.0, 'pitch': 0.0, 'last_fix_time': datetime.datetime(2021, 7, 28, 22, 25, 47), 'speed': None, 'rudder': 0, 'datum': (42.3, -71.1)}
2021-07-28 23:25:49,364 [INFO] Processing: $BFNVG,222547.80,4218.006134,N,07105.992042,W,0,10.0,1.0,16.9,0.0,0.0,222547.80*6A
2021-07-28 23:25:49,366 [INFO] Interpreted as: {'position': (11.213470843038522, 11.082368268631399), 'latlon': (42.300102233333334, -71.09986736666667), 'heading': 16.9, 'depth': 1.0, 'altitude': 10.0, 'roll': 0.0, 'pitch': 0.0, 'last_fix_time': datetime.datetime(2021, 7, 28, 22, 25, 47), 'speed': None, 'rudder': 0, 'datum': (42.3, -71.1)}
2021-07-28 23:25:49,368 [INFO] Processing: $BFNVG,222548.19,4218.006288,N,07105.991985,W,0,10.0,1.0,16.4,0.0,0.0,222548.19*62
2021-07-28 23:25:49,370 [INFO] Interpreted as: {'position': (11.298814936424606, 11.365443160757422), 'latlon': (42.3001048, -71.09986641666667), 'heading': 16.4, 'depth': 1.0, 'altitude': 10.0, 'roll': 0.0, 'pitch': 0.0, 'last_fix_time': datetime.datetime(2021, 7, 28, 22, 25, 48), 'speed': None, 'rudder': 0, 'datum': (42.3, -71.1)}
2021-07-28 23:25:49,371 [INFO] Received from Frontseat: [b'$BFNVG,222547.09,4218.005846,N,07105.992153,W,0,10.0,1.0,17.9,0.0,0.0,222547.09*65', b'$BFNVG,222547.45,4218.005990,N,07105.992096,W,0,10.0,1.0,17.4,0.0,0.0,222547.45*6A', b'$BFNVG,222547.80,4218.006134,N,07105.992042,W,0,10.0,1.0,16.9,0.0,0.0,222547.80*6A', b'$BFNVG,222548.19,4218.006288,N,07105.991985,W,0,10.0,1.0,16.4,0.0,0.0,222548.19*62']
2021-07-28 23:25:49,372 [INFO] AUV state: {'position': (11.298814936424606, 11.365443160757422), 'latlon': (42.3001048, -71.09986641666667), 'heading': 16.4, 'depth': 1.0, 'altitude': 10.0, 'roll': 0.0, 'pitch': 0.0, 'last_fix_time': datetime.datetime(2021, 7, 28, 22, 25, 48), 'speed': None, 'rudder': 0, 'datum': (42.3, -71.1)}
2021-07-28 23:25:49,691 [INFO] **** [(-20.5500905166656, -23.994017264252328)] [(-19.955588604330664, -24.073798051941576)]
2021-07-28 23:25:49,694 [INFO] Next green buoy: [(-20.5500905166656, -23.994017264252328)], next red buoy: [(-19.955588604330664, -24.073798051941576)]
2021-07-28 23:25:49,694 [INFO] Desired_heading: -3.8528395604981327
2021-07-28 23:25:49,694 [INFO] delta angle: -25
2021-07-28 23:25:49,695 [INFO] sending message $BPRMB,222549.77,25,1,0,750,0,1*72
...
2021-07-28 23:25:50,697 [INFO] sending message $BPSTS,222550.69,1,BWSI Autonomy OK*49
...
2021-07-28 23:25:50,698 [INFO] Processing: $BFNVG,222548.56,4218.006437,N,07105.991933,W,0,10.0,1.0,15.9,0.0,0.0,222548.56*63
2021-07-28 23:25:50,700 [INFO] Interpreted as: {'position': (11.37706128595164, 11.639434081502259), 'latlon': (42.30010728333333, -71.09986555), 'heading': 15.9, 'depth': 1.0, 'altitude': 10.0, 'roll': 0.0, 'pitch': 0.0, 'last_fix_time': datetime.datetime(2021, 7, 28, 22, 25, 48), 'speed': None, 'rudder': 0, 'datum': (42.3, -71.1)}
2021-07-28 23:25:50,701 [INFO] Processing: $BFNVG,222548.92,4218.006584,N,07105.991881,W,0,10.0,1.0,15.9,0.0,0.0,222548.92*62
2021-07-28 23:25:50,703 [INFO] Interpreted as: {'position': (11.455216293863486, 11.909723608754575), 'latlon': (42.300109733333336, -71.09986468333334), 'heading': 15.9, 'depth': 1.0, 'altitude': 10.0, 'roll': 0.0, 'pitch': 0.0, 'last_fix_time': datetime.datetime(2021, 7, 28, 22, 25, 48), 'speed': None, 'rudder': 0, 'datum': (42.3, -71.1)}
2021-07-28 23:25:50,704 [INFO] Processing: $BFNVG,222549.29,4218.006733,N,07105.991829,W,0,10.0,1.0,16.0,0.0,0.0,222549.29*64
2021-07-28 23:25:50,706 [INFO] Interpreted as: {'position': (11.533462635008618, 12.183714530430734), 'latlon': (42.30011221666667, -71.09986381666667), 'heading': 16.0, 'depth': 1.0, 'altitude': 10.0, 'roll': 0.0, 'pitch': 0.0, 'last_fix_time': datetime.datetime(2021, 7, 28, 22, 25, 49), 'speed': None, 'rudder': 0, 'datum': (42.3, -71.1)}
2021-07-28 23:25:50,707 [INFO] Processing: $BFNVG,222549.66,4218.006881,N,07105.991777,W,0,10.0,1.0,16.0,0.0,0.0,222549.66*66
2021-07-28 23:25:50,709 [INFO] Interpreted as: {'position': (11.611663299496286, 12.45585475768894), 'latlon': (42.300114683333334, -71.09986295), 'heading': 16.0, 'depth': 1.0, 'altitude': 10.0, 'roll': 0.0, 'pitch': 0.0, 'last_fix_time': datetime.datetime(2021, 7, 28, 22, 25, 49), 'speed': None, 'rudder': 0, 'datum': (42.3, -71.1)}
2021-07-28 23:25:50,710 [INFO] Received from Frontseat: [b'$BFNVG,222548.56,4218.006437,N,07105.991933,W,0,10.0,1.0,15.9,0.0,0.0,222548.56*63', b'$BFNVG,222548.92,4218.006584,N,07105.991881,W,0,10.0,1.0,15.9,0.0,0.0,222548.92*62', b'$BFNVG,222549.29,4218.006733,N,07105.991829,W,0,10.0,1.0,16.0,0.0,0.0,222549.29*64', b'$BFNVG,222549.66,4218.006881,N,07105.991777,W,0,10.0,1.0,16.0,0.0,0.0,222549.66*66']
2021-07-28 23:25:50,711 [INFO] AUV state: {'position': (11.611663299496286, 12.45585475768894), 'latlon': (42.300114683333334, -71.09986295), 'heading': 16.0, 'depth': 1.0, 'altitude': 10.0, 'roll': 0.0, 'pitch': 0.0, 'last_fix_time': datetime.datetime(2021, 7, 28, 22, 25, 49), 'speed': None, 'rudder': 0, 'datum': (42.3, -71.1)}
2021-07-28 23:25:50,997 [INFO] **** [] []
2021-07-28 23:25:51,000 [INFO] Next green buoy: [], next red buoy: []
2021-07-28 23:25:51,000 [INFO] Desired_heading: 16.0
2021-07-28 23:25:51,000 [INFO] delta angle: 0.0
2021-07-28 23:25:51,001 [INFO] sending message $BPRMB,222551.61,-0.0,1,0,750,0,1*78
...
2021-07-28 23:25:52,003 [INFO] sending message $BPSTS,222552.00,1,BWSI Autonomy OK*44
...
2021-07-28 23:25:52,004 [INFO] Processing: $BFNVG,222550.03,4218.007030,N,07105.991725,W,0,10.0,1.0,16.1,0.0,0.0,222550.03*63
2021-07-28 23:25:52,012 [INFO] Interpreted as: {'position': (11.689909629989415, 12.729845683090389), 'latlon': (42.300117166666666, -71.09986208333333), 'heading': 16.1, 'depth': 1.0, 'altitude': 10.0, 'roll': 0.0, 'pitch': 0.0, 'last_fix_time': datetime.datetime(2021, 7, 28, 22, 25, 50), 'speed': None, 'rudder': 0, 'datum': (42.3, -71.1)}
2021-07-28 23:25:52,014 [INFO] Processing: $BFNVG,222550.40,4218.007182,N,07105.991675,W,0,10.0,1.0,14.3,0.0,0.0,222550.40*6F
2021-07-28 23:25:52,016 [INFO] Interpreted as: {'position': (11.765545208356343, 13.009456505998969), 'latlon': (42.3001197, -71.09986125), 'heading': 14.3, 'depth': 1.0, 'altitude': 10.0, 'roll': 0.0, 'pitch': 0.0, 'last_fix_time': datetime.datetime(2021, 7, 28, 22, 25, 50), 'speed': None, 'rudder': 0, 'datum': (42.3, -71.1)}
2021-07-28 23:25:52,017 [INFO] Processing: $BFNVG,222550.76,4218.007327,N,07105.991633,W,0,10.0,1.0,12.7,0.0,0.0,222550.76*62
2021-07-28 23:25:52,019 [INFO] Interpreted as: {'position': (11.829870078188833, 13.276383669115603), 'latlon': (42.300122116666664, -71.09986055), 'heading': 12.7, 'depth': 1.0, 'altitude': 10.0, 'roll': 0.0, 'pitch': 0.0, 'last_fix_time': datetime.datetime(2021, 7, 28, 22, 25, 50), 'speed': None, 'rudder': 0, 'datum': (42.3, -71.1)}
2021-07-28 23:25:52,020 [INFO] Received from Frontseat: [b'$BFNVG,222550.03,4218.007030,N,07105.991725,W,0,10.0,1.0,16.1,0.0,0.0,222550.03*63', b'$BFNVG,222550.40,4218.007182,N,07105.991675,W,0,10.0,1.0,14.3,0.0,0.0,222550.40*6F', b'$BFNVG,222550.76,4218.007327,N,07105.991633,W,0,10.0,1.0,12.7,0.0,0.0,222550.76*62']
2021-07-28 23:25:52,021 [INFO] AUV state: {'position': (11.829870078188833, 13.276383669115603), 'latlon': (42.300122116666664, -71.09986055), 'heading': 12.7, 'depth': 1.0, 'altitude': 10.0, 'roll': 0.0, 'pitch': 0.0, 'last_fix_time': datetime.datetime(2021, 7, 28, 22, 25, 50), 'speed': None, 'rudder': 0, 'datum': (42.3, -71.1)}
2021-07-28 23:25:52,312 [INFO] **** [] []
2021-07-28 23:25:52,314 [INFO] Next green buoy: [], next red buoy: []
2021-07-28 23:25:52,315 [INFO] Desired_heading: 12.7
2021-07-28 23:25:52,315 [INFO] delta angle: 0.0
2021-07-28 23:25:52,315 [INFO] sending message $BPRMB,222552.39,-0.0,1,0,750,0,1*76
...
2021-07-28 23:25:53,317 [INFO] sending message $BPSTS,222553.31,1,BWSI Autonomy OK*47
...
2021-07-28 23:25:53,318 [INFO] Processing: $BFNVG,222551.12,4218.007477,N,07105.991596,W,0,10.0,1.0,11.0,0.0,0.0,222551.12*68
2021-07-28 23:25:53,321 [INFO] Interpreted as: {'position': (11.887553906417452, 13.552733833901584), 'latlon': (42.300124616666665, -71.09985993333333), 'heading': 11.0, 'depth': 1.0, 'altitude': 10.0, 'roll': 0.0, 'pitch': 0.0, 'last_fix_time': datetime.datetime(2021, 7, 28, 22, 25, 51), 'speed': None, 'rudder': 0, 'datum': (42.3, -71.1)}
2021-07-28 23:25:53,321 [INFO] Processing: $BFNVG,222551.48,4218.007624,N,07105.991562,W,0,10.0,1.0,11.0,0.0,0.0,222551.48*67
2021-07-28 23:25:53,323 [INFO] Interpreted as: {'position': (11.940979092381895, 13.823633616790175), 'latlon': (42.30012706666667, -71.09985936666666), 'heading': 11.0, 'depth': 1.0, 'altitude': 10.0, 'roll': 0.0, 'pitch': 0.0, 'last_fix_time': datetime.datetime(2021, 7, 28, 22, 25, 51), 'speed': None, 'rudder': 0, 'datum': (42.3, -71.1)}
2021-07-28 23:25:53,324 [INFO] Processing: $BFNVG,222551.84,4218.007770,N,07105.991529,W,0,10.0,1.0,11.0,0.0,0.0,222551.84*68
2021-07-28 23:25:53,326 [INFO] Interpreted as: {'position': (11.992984726908617, 14.092716606333852), 'latlon': (42.3001295, -71.09985881666667), 'heading': 11.0, 'depth': 1.0, 'altitude': 10.0, 'roll': 0.0, 'pitch': 0.0, 'last_fix_time': datetime.datetime(2021, 7, 28, 22, 25, 51), 'speed': None, 'rudder': 0, 'datum': (42.3, -71.1)}
2021-07-28 23:25:53,328 [INFO] Processing: $BFNVG,222552.20,4218.007918,N,07105.991496,W,0,10.0,1.0,11.0,0.0,0.0,222552.20*6D
2021-07-28 23:25:53,330 [INFO] Interpreted as: {'position': (12.045081696414854, 14.36550099030137), 'latlon': (42.30013196666667, -71.09985826666667), 'heading': 11.0, 'depth': 1.0, 'altitude': 10.0, 'roll': 0.0, 'pitch': 0.0, 'last_fix_time': datetime.datetime(2021, 7, 28, 22, 25, 52), 'speed': None, 'rudder': 0, 'datum': (42.3, -71.1)}
2021-07-28 23:25:53,331 [INFO] Received from Frontseat: [b'$BFNVG,222551.12,4218.007477,N,07105.991596,W,0,10.0,1.0,11.0,0.0,0.0,222551.12*68', b'$BFNVG,222551.48,4218.007624,N,07105.991562,W,0,10.0,1.0,11.0,0.0,0.0,222551.48*67', b'$BFNVG,222551.84,4218.007770,N,07105.991529,W,0,10.0,1.0,11.0,0.0,0.0,222551.84*68', b'$BFNVG,222552.20,4218.007918,N,07105.991496,W,0,10.0,1.0,11.0,0.0,0.0,222552.20*6D']
2021-07-28 23:25:53,332 [INFO] AUV state: {'position': (12.045081696414854, 14.36550099030137), 'latlon': (42.30013196666667, -71.09985826666667), 'heading': 11.0, 'depth': 1.0, 'altitude': 10.0, 'roll': 0.0, 'pitch': 0.0, 'last_fix_time': datetime.datetime(2021, 7, 28, 22, 25, 52), 'speed': None, 'rudder': 0, 'datum': (42.3, -71.1)}
2021-07-28 23:25:53,625 [INFO] **** [] []
2021-07-28 23:25:53,627 [INFO] Next green buoy: [], next red buoy: []
2021-07-28 23:25:53,628 [INFO] Desired_heading: 11.0
2021-07-28 23:25:53,628 [INFO] delta angle: 0.0
2021-07-28 23:25:53,629 [INFO] sending message $BPRMB,222554.24,-0.0,1,0,750,0,1*7c
...
2021-07-28 23:25:54,631 [INFO] sending message $BPSTS,222554.63,1,BWSI Autonomy OK*47
...
2021-07-28 23:25:54,632 [INFO] Processing: $BFNVG,222552.56,4218.008070,N,07105.991462,W,0,10.0,1.0,11.0,0.0,0.0,222552.56*6E
2021-07-28 23:25:54,634 [INFO] Interpreted as: {'position': (12.09873521811096, 14.645654259249568), 'latlon': (42.3001345, -71.0998577), 'heading': 11.0, 'depth': 1.0, 'altitude': 10.0, 'roll': 0.0, 'pitch': 0.0, 'last_fix_time': datetime.datetime(2021, 7, 28, 22, 25, 52), 'speed': None, 'rudder': 0, 'datum': (42.3, -71.1)}
2021-07-28 23:25:54,635 [INFO] Processing: $BFNVG,222552.93,4218.008220,N,07105.991428,W,0,10.0,1.0,11.0,0.0,0.0,222552.93*67
2021-07-28 23:25:54,637 [INFO] Interpreted as: {'position': (12.152297398191877, 14.922106134705245), 'latlon': (42.300137, -71.09985713333333), 'heading': 11.0, 'depth': 1.0, 'altitude': 10.0, 'roll': 0.0, 'pitch': 0.0, 'last_fix_time': datetime.datetime(2021, 7, 28, 22, 25, 52), 'speed': None, 'rudder': 0, 'datum': (42.3, -71.1)}
2021-07-28 23:25:54,637 [INFO] Processing: $BFNVG,222553.29,4218.008367,N,07105.991394,W,0,10.0,1.0,11.0,0.0,0.0,222553.29*65
2021-07-28 23:25:54,640 [INFO] Interpreted as: {'position': (12.205722565588076, 15.193005920387805), 'latlon': (42.30013945, -71.09985656666667), 'heading': 11.0, 'depth': 1.0, 'altitude': 10.0, 'roll': 0.0, 'pitch': 0.0, 'last_fix_time': datetime.datetime(2021, 7, 28, 22, 25, 53), 'speed': None, 'rudder': 0, 'datum': (42.3, -71.1)}
2021-07-28 23:25:54,640 [INFO] Processing: $BFNVG,222553.65,4218.008515,N,07105.991361,W,0,10.0,1.0,11.0,0.0,0.0,222553.65*6C
2021-07-28 23:25:54,642 [INFO] Interpreted as: {'position': (12.25781952199759, 15.465790307149291), 'latlon': (42.30014191666667, -71.09985601666666), 'heading': 11.0, 'depth': 1.0, 'altitude': 10.0, 'roll': 0.0, 'pitch': 0.0, 'last_fix_time': datetime.datetime(2021, 7, 28, 22, 25, 53), 'speed': None, 'rudder': 0, 'datum': (42.3, -71.1)}
2021-07-28 23:25:54,643 [INFO] Received from Frontseat: [b'$BFNVG,222552.56,4218.008070,N,07105.991462,W,0,10.0,1.0,11.0,0.0,0.0,222552.56*6E', b'$BFNVG,222552.93,4218.008220,N,07105.991428,W,0,10.0,1.0,11.0,0.0,0.0,222552.93*67', b'$BFNVG,222553.29,4218.008367,N,07105.991394,W,0,10.0,1.0,11.0,0.0,0.0,222553.29*65', b'$BFNVG,222553.65,4218.008515,N,07105.991361,W,0,10.0,1.0,11.0,0.0,0.0,222553.65*6C']
2021-07-28 23:25:54,644 [INFO] AUV state: {'position': (12.25781952199759, 15.465790307149291), 'latlon': (42.30014191666667, -71.09985601666666), 'heading': 11.0, 'depth': 1.0, 'altitude': 10.0, 'roll': 0.0, 'pitch': 0.0, 'last_fix_time': datetime.datetime(2021, 7, 28, 22, 25, 53), 'speed': None, 'rudder': 0, 'datum': (42.3, -71.1)}
2021-07-28 23:25:54,937 [INFO] **** [] []
2021-07-28 23:25:54,939 [INFO] Next green buoy: [], next red buoy: []
2021-07-28 23:25:54,940 [INFO] Desired_heading: 11.0
2021-07-28 23:25:54,940 [INFO] delta angle: 0.0
2021-07-28 23:25:54,941 [INFO] sending message $BPRMB,222555.01,-0.0,1,0,750,0,1*7a
...
2021-07-28 23:25:55,942 [INFO] sending message $BPSTS,222555.94,1,BWSI Autonomy OK*4e
...
2021-07-28 23:25:55,943 [INFO] Processing: $BFNVG,222554.01,4218.008662,N,07105.991327,W,0,10.0,1.0,11.0,0.0,0.0,222554.01*6D
2021-07-28 23:25:55,945 [INFO] Interpreted as: {'position': (12.311244682816323, 15.736690090037882), 'latlon': (42.300144366666665, -71.09985545), 'heading': 11.0, 'depth': 1.0, 'altitude': 10.0, 'roll': 0.0, 'pitch': 0.0, 'last_fix_time': datetime.datetime(2021, 7, 28, 22, 25, 54), 'speed': None, 'rudder': 0, 'datum': (42.3, -71.1)}
2021-07-28 23:25:55,946 [INFO] Processing: $BFNVG,222554.37,4218.008811,N,07105.991294,W,0,10.0,1.0,11.0,0.0,0.0,222554.37*6E
2021-07-28 23:25:55,948 [INFO] Interpreted as: {'position': (12.363387305987999, 16.011325173079967), 'latlon': (42.30014685, -71.0998549), 'heading': 11.0, 'depth': 1.0, 'altitude': 10.0, 'roll': 0.0, 'pitch': 0.0, 'last_fix_time': datetime.datetime(2021, 7, 28, 22, 25, 54), 'speed': None, 'rudder': 0, 'datum': (42.3, -71.1)}
2021-07-28 23:25:55,949 [INFO] Processing: $BFNVG,222554.73,4218.008959,N,07105.991260,W,0,10.0,1.0,11.0,0.0,0.0,222554.73*68
2021-07-28 23:25:55,951 [INFO] Interpreted as: {'position': (12.416858129261527, 16.28407565690577), 'latlon': (42.30014931666667, -71.09985433333334), 'heading': 11.0, 'depth': 1.0, 'altitude': 10.0, 'roll': 0.0, 'pitch': 0.0, 'last_fix_time': datetime.datetime(2021, 7, 28, 22, 25, 54), 'speed': None, 'rudder': 0, 'datum': (42.3, -71.1)}
2021-07-28 23:25:55,952 [INFO] Received from Frontseat: [b'$BFNVG,222554.01,4218.008662,N,07105.991327,W,0,10.0,1.0,11.0,0.0,0.0,222554.01*6D', b'$BFNVG,222554.37,4218.008811,N,07105.991294,W,0,10.0,1.0,11.0,0.0,0.0,222554.37*6E', b'$BFNVG,222554.73,4218.008959,N,07105.991260,W,0,10.0,1.0,11.0,0.0,0.0,222554.73*68']
2021-07-28 23:25:55,953 [INFO] AUV state: {'position': (12.416858129261527, 16.28407565690577), 'latlon': (42.30014931666667, -71.09985433333334), 'heading': 11.0, 'depth': 1.0, 'altitude': 10.0, 'roll': 0.0, 'pitch': 0.0, 'last_fix_time': datetime.datetime(2021, 7, 28, 22, 25, 54), 'speed': None, 'rudder': 0, 'datum': (42.3, -71.1)}
2021-07-28 23:25:56,251 [INFO] **** [] []
2021-07-28 23:25:56,253 [INFO] Next green buoy: [], next red buoy: []
2021-07-28 23:25:56,254 [INFO] Desired_heading: 11.0
2021-07-28 23:25:56,254 [INFO] delta angle: 0.0
2021-07-28 23:25:56,254 [INFO] sending message $BPRMB,222556.86,-0.0,1,0,750,0,1*76
...
