2021-07-28 23:27:45,485 [INFO] host = 192.168.1.213, port = 29500
2021-07-28 23:27:56,553 [INFO] sending message $BPLOG,ACK,ON*1e
...
2021-07-28 23:27:56,554 [INFO] sending message $BPLOG,ALL,ON*16
...
2021-07-28 23:27:56,556 [INFO] sending message $BPSTS,222756.55,1,BWSI Autonomy OK*42
...
2021-07-28 23:27:56,557 [INFO] Received from Frontseat: []
2021-07-28 23:27:56,557 [INFO] AUV state: {'position': (None, None), 'latlon': None, 'heading': None, 'depth': None, 'altitude': None, 'roll': None, 'pitch': None, 'last_fix_time': None, 'speed': None, 'rudder': 0}
2021-07-28 23:27:57,560 [INFO] sending message $BPSTS,222757.55,1,BWSI Autonomy OK*43
...
2021-07-28 23:27:57,562 [INFO] Processing: $BFNVG,222755.93,4218.000000,N,07106.000000,W,0,10.0,1.0,45.0,0.0,0.0,222755.93*62
2021-07-28 23:27:57,565 [INFO] Interpreted as: {'position': (0, 0), 'latlon': (42.3, -71.1), 'heading': 45.0, 'depth': 1.0, 'altitude': 10.0, 'roll': 0.0, 'pitch': 0.0, 'last_fix_time': datetime.datetime(2021, 7, 28, 22, 27, 55), 'speed': None, 'rudder': 0, 'datum': (42.3, -71.1)}
2021-07-28 23:27:57,566 [INFO] Processing: $BFNVG,222756.18,4218.000000,N,07106.000000,W,0,10.0,1.0,45.0,0.0,0.0,222756.18*62
2021-07-28 23:27:57,569 [INFO] Interpreted as: {'position': (0.0, 0.0), 'latlon': (42.3, -71.1), 'heading': 45.0, 'depth': 1.0, 'altitude': 10.0, 'roll': 0.0, 'pitch': 0.0, 'last_fix_time': datetime.datetime(2021, 7, 28, 22, 27, 56), 'speed': None, 'rudder': 0, 'datum': (42.3, -71.1)}
2021-07-28 23:27:57,571 [INFO] Processing: $BFNVG,222756.43,4218.000000,N,07106.000000,W,0,10.0,1.0,45.0,0.0,0.0,222756.43*62
2021-07-28 23:27:57,573 [INFO] Interpreted as: {'position': (0.0, 0.0), 'latlon': (42.3, -71.1), 'heading': 45.0, 'depth': 1.0, 'altitude': 10.0, 'roll': 0.0, 'pitch': 0.0, 'last_fix_time': datetime.datetime(2021, 7, 28, 22, 27, 56), 'speed': None, 'rudder': 0, 'datum': (42.3, -71.1)}
2021-07-28 23:27:57,575 [INFO] Processing: $BFNVG,222756.68,4218.000000,N,07106.000000,W,0,10.0,1.0,45.0,0.0,0.0,222756.68*62
2021-07-28 23:27:57,577 [INFO] Interpreted as: {'position': (0.0, 0.0), 'latlon': (42.3, -71.1), 'heading': 45.0, 'depth': 1.0, 'altitude': 10.0, 'roll': 0.0, 'pitch': 0.0, 'last_fix_time': datetime.datetime(2021, 7, 28, 22, 27, 56), 'speed': None, 'rudder': 0, 'datum': (42.3, -71.1)}
2021-07-28 23:27:57,578 [INFO] Received from Frontseat: [b'$BFNVG,222755.93,4218.000000,N,07106.000000,W,0,10.0,1.0,45.0,0.0,0.0,222755.93*62', b'$BFNVG,222756.18,4218.000000,N,07106.000000,W,0,10.0,1.0,45.0,0.0,0.0,222756.18*62', b'$BFNVG,222756.43,4218.000000,N,07106.000000,W,0,10.0,1.0,45.0,0.0,0.0,222756.43*62', b'$BFNVG,222756.68,4218.000000,N,07106.000000,W,0,10.0,1.0,45.0,0.0,0.0,222756.68*62']
2021-07-28 23:27:57,580 [INFO] AUV state: {'position': (0.0, 0.0), 'latlon': (42.3, -71.1), 'heading': 45.0, 'depth': 1.0, 'altitude': 10.0, 'roll': 0.0, 'pitch': 0.0, 'last_fix_time': datetime.datetime(2021, 7, 28, 22, 27, 56), 'speed': None, 'rudder': 0, 'datum': (42.3, -71.1)}
2021-07-28 23:27:57,916 [INFO] **** [(-0.21993023293121178, -7.6862156757158235)] [(15.437560812208067, -7.329055330858309)]
2021-07-28 23:27:57,918 [INFO] Next green buoy: [(-0.21993023293121178, -7.6862156757158235)], next red buoy: [(15.437560812208067, -7.329055330858309)]
2021-07-28 23:27:57,919 [INFO] Desired_heading: 52.60881528963843
2021-07-28 23:27:57,919 [INFO] delta angle: 23.15762804473421
2021-07-28 23:27:57,920 [INFO] sending message $BPRMB,222758.55,-23.15762804473421,1,0,750,0,1*79
...
2021-07-28 23:27:58,921 [INFO] sending message $BPSTS,222758.92,1,BWSI Autonomy OK*47
...
2021-07-28 23:27:58,922 [INFO] Processing: $BFNVG,222757.07,4218.000000,N,07106.000000,W,0,10.0,1.0,45.0,0.0,0.0,222757.07*62
2021-07-28 23:27:58,924 [INFO] Interpreted as: {'position': (0.0, 0.0), 'latlon': (42.3, -71.1), 'heading': 45.0, 'depth': 1.0, 'altitude': 10.0, 'roll': 0.0, 'pitch': 0.0, 'last_fix_time': datetime.datetime(2021, 7, 28, 22, 27, 57), 'speed': None, 'rudder': 0, 'datum': (42.3, -71.1)}
2021-07-28 23:27:58,925 [INFO] Processing: $BFNVG,222757.41,4218.000000,N,07106.000000,W,0,10.0,1.0,45.0,0.0,0.0,222757.41*62
2021-07-28 23:27:58,928 [INFO] Interpreted as: {'position': (0.0, 0.0), 'latlon': (42.3, -71.1), 'heading': 45.0, 'depth': 1.0, 'altitude': 10.0, 'roll': 0.0, 'pitch': 0.0, 'last_fix_time': datetime.datetime(2021, 7, 28, 22, 27, 57), 'speed': None, 'rudder': 0, 'datum': (42.3, -71.1)}
2021-07-28 23:27:58,930 [INFO] Processing: $BFNVG,222757.76,4218.000000,N,07106.000000,W,0,10.0,1.0,45.0,0.0,0.0,222757.76*62
2021-07-28 23:27:58,932 [INFO] Interpreted as: {'position': (0.0, 0.0), 'latlon': (42.3, -71.1), 'heading': 45.0, 'depth': 1.0, 'altitude': 10.0, 'roll': 0.0, 'pitch': 0.0, 'last_fix_time': datetime.datetime(2021, 7, 28, 22, 27, 57), 'speed': None, 'rudder': 0, 'datum': (42.3, -71.1)}
2021-07-28 23:27:58,933 [INFO] Received from Frontseat: [b'$BFNVG,222757.07,4218.000000,N,07106.000000,W,0,10.0,1.0,45.0,0.0,0.0,222757.07*62', b'$BFNVG,222757.41,4218.000000,N,07106.000000,W,0,10.0,1.0,45.0,0.0,0.0,222757.41*62', b'$BFNVG,222757.76,4218.000000,N,07106.000000,W,0,10.0,1.0,45.0,0.0,0.0,222757.76*62']
2021-07-28 23:27:58,934 [INFO] AUV state: {'position': (0.0, 0.0), 'latlon': (42.3, -71.1), 'heading': 45.0, 'depth': 1.0, 'altitude': 10.0, 'roll': 0.0, 'pitch': 0.0, 'last_fix_time': datetime.datetime(2021, 7, 28, 22, 27, 57), 'speed': None, 'rudder': 0, 'datum': (42.3, -71.1)}
2021-07-28 23:27:59,237 [INFO] **** [(-0.22035521470194389, -7.708961974233651)] [(15.437560812208067, -7.333901112744751)]
2021-07-28 23:27:59,239 [INFO] Next green buoy: [(-0.22035521470194389, -7.708961974233651)], next red buoy: [(15.437560812208067, -7.333901112744751)]
2021-07-28 23:27:59,239 [INFO] Desired_heading: 52.60860279875306
2021-07-28 23:27:59,240 [INFO] delta angle: 23.156334619677168
2021-07-28 23:27:59,240 [INFO] sending message $BPRMB,222759.29,-23.156334619677168,1,0,750,0,1*4e
...
2021-07-28 23:28:00,242 [INFO] sending message $BPSTS,222800.24,1,BWSI Autonomy OK*48
...
2021-07-28 23:28:00,243 [INFO] Processing: $BFNVG,222758.13,4218.000000,N,07106.000000,W,0,10.0,1.0,45.0,0.0,0.0,222758.13*62
2021-07-28 23:28:00,245 [INFO] Interpreted as: {'position': (0.0, 0.0), 'latlon': (42.3, -71.1), 'heading': 45.0, 'depth': 1.0, 'altitude': 10.0, 'roll': 0.0, 'pitch': 0.0, 'last_fix_time': datetime.datetime(2021, 7, 28, 22, 27, 58), 'speed': None, 'rudder': 0, 'datum': (42.3, -71.1)}
2021-07-28 23:28:00,246 [INFO] Processing: $BFNVG,222758.48,4218.000106,N,07105.999860,W,0,10.0,1.0,46.5,0.0,0.0,222758.48*67
2021-07-28 23:28:00,248 [INFO] Interpreted as: {'position': (0.19718441111035645, 0.1914271917194128), 'latlon': (42.30000176666667, -71.09999766666667), 'heading': 46.5, 'depth': 1.0, 'altitude': 10.0, 'roll': 0.0, 'pitch': 0.0, 'last_fix_time': datetime.datetime(2021, 7, 28, 22, 27, 58), 'speed': None, 'rudder': 0, 'datum': (42.3, -71.1)}
2021-07-28 23:28:00,250 [INFO] Processing: $BFNVG,222758.83,4218.000205,N,07105.999722,W,0,10.0,1.0,48.0,0.0,0.0,222758.83*65
2021-07-28 23:28:00,252 [INFO] Interpreted as: {'position': (0.39130135241430253, 0.3699673181399703), 'latlon': (42.30000341666667, -71.09999536666666), 'heading': 48.0, 'depth': 1.0, 'altitude': 10.0, 'roll': 0.0, 'pitch': 0.0, 'last_fix_time': datetime.datetime(2021, 7, 28, 22, 27, 58), 'speed': None, 'rudder': 0, 'datum': (42.3, -71.1)}
2021-07-28 23:28:00,254 [INFO] Processing: $BFNVG,222759.17,4218.000302,N,07105.999581,W,0,10.0,1.0,49.5,0.0,0.0,222759.17*6C
2021-07-28 23:28:00,256 [INFO] Interpreted as: {'position': (0.5894485748140141, 0.5447043403983116), 'latlon': (42.300005033333335, -71.09999301666667), 'heading': 49.5, 'depth': 1.0, 'altitude': 10.0, 'roll': 0.0, 'pitch': 0.0, 'last_fix_time': datetime.datetime(2021, 7, 28, 22, 27, 59), 'speed': None, 'rudder': 0, 'datum': (42.3, -71.1)}
2021-07-28 23:28:00,257 [INFO] Received from Frontseat: [b'$BFNVG,222758.13,4218.000000,N,07106.000000,W,0,10.0,1.0,45.0,0.0,0.0,222758.13*62', b'$BFNVG,222758.48,4218.000106,N,07105.999860,W,0,10.0,1.0,46.5,0.0,0.0,222758.48*67', b'$BFNVG,222758.83,4218.000205,N,07105.999722,W,0,10.0,1.0,48.0,0.0,0.0,222758.83*65', b'$BFNVG,222759.17,4218.000302,N,07105.999581,W,0,10.0,1.0,49.5,0.0,0.0,222759.17*6C']
2021-07-28 23:28:00,258 [INFO] AUV state: {'position': (0.5894485748140141, 0.5447043403983116), 'latlon': (42.300005033333335, -71.09999301666667), 'heading': 49.5, 'depth': 1.0, 'altitude': 10.0, 'roll': 0.0, 'pitch': 0.0, 'last_fix_time': datetime.datetime(2021, 7, 28, 22, 27, 59), 'speed': None, 'rudder': 0, 'datum': (42.3, -71.1)}
2021-07-28 23:28:00,560 [INFO] **** [(-5.563602833745775, -8.53162963439457)] [(12.040118517151388, -8.248921346504188)]
2021-07-28 23:28:00,562 [INFO] Next green buoy: [(-5.563602833745775, -8.53162963439457)], next red buoy: [(12.040118517151388, -8.248921346504188)]
2021-07-28 23:28:00,562 [INFO] Desired_heading: 52.738257841702804
2021-07-28 23:28:00,563 [INFO] delta angle: 4.194525539739882
2021-07-28 23:28:00,563 [INFO] sending message $BPRMB,222801.19,-4.194525539739882,1,0,750,0,1*75
...
2021-07-28 23:28:01,565 [INFO] sending message $BPSTS,222801.56,1,BWSI Autonomy OK*4c
...
2021-07-28 23:28:01,566 [INFO] Processing: $BFNVG,222759.52,4218.000397,N,07105.999434,W,0,10.0,1.0,51.0,0.0,0.0,222759.52*63
2021-07-28 23:28:01,572 [INFO] Interpreted as: {'position': (0.7957477258751169, 0.7155365431681275), 'latlon': (42.300006616666664, -71.09999056666666), 'heading': 51.0, 'depth': 1.0, 'altitude': 10.0, 'roll': 0.0, 'pitch': 0.0, 'last_fix_time': datetime.datetime(2021, 7, 28, 22, 27, 59), 'speed': None, 'rudder': 0, 'datum': (42.3, -71.1)}
2021-07-28 23:28:01,573 [INFO] Processing: $BFNVG,222759.86,4218.000490,N,07105.999283,W,0,10.0,1.0,52.5,0.0,0.0,222759.86*6F
2021-07-28 23:28:01,575 [INFO] Interpreted as: {'position': (1.0074510396225378, 0.8825317388400435), 'latlon': (42.300008166666665, -71.09998805), 'heading': 52.5, 'depth': 1.0, 'altitude': 10.0, 'roll': 0.0, 'pitch': 0.0, 'last_fix_time': datetime.datetime(2021, 7, 28, 22, 27, 59), 'speed': None, 'rudder': 0, 'datum': (42.3, -71.1)}
2021-07-28 23:28:01,575 [INFO] Processing: $BFNVG,222800.21,4218.000578,N,07105.999132,W,0,10.0,1.0,54.0,0.0,0.0,222800.21*62
2021-07-28 23:28:01,579 [INFO] Interpreted as: {'position': (1.218925982248038, 1.040273455902934), 'latlon': (42.30000963333333, -71.09998553333334), 'heading': 54.0, 'depth': 1.0, 'altitude': 10.0, 'roll': 0.0, 'pitch': 0.0, 'last_fix_time': datetime.datetime(2021, 7, 28, 22, 28), 'speed': None, 'rudder': 0, 'datum': (42.3, -71.1)}
2021-07-28 23:28:01,580 [INFO] Processing: $BFNVG,222800.55,4218.000662,N,07105.998979,W,0,10.0,1.0,55.5,0.0,0.0,222800.55*68
2021-07-28 23:28:01,582 [INFO] Interpreted as: {'position': (1.4329659916693345, 1.1905445801094174), 'latlon': (42.300011033333334, -71.09998298333333), 'heading': 55.5, 'depth': 1.0, 'altitude': 10.0, 'roll': 0.0, 'pitch': 0.0, 'last_fix_time': datetime.datetime(2021, 7, 28, 22, 28), 'speed': None, 'rudder': 0, 'datum': (42.3, -71.1)}
2021-07-28 23:28:01,583 [INFO] Received from Frontseat: [b'$BFNVG,222759.52,4218.000397,N,07105.999434,W,0,10.0,1.0,51.0,0.0,0.0,222759.52*63', b'$BFNVG,222759.86,4218.000490,N,07105.999283,W,0,10.0,1.0,52.5,0.0,0.0,222759.86*6F', b'$BFNVG,222800.21,4218.000578,N,07105.999132,W,0,10.0,1.0,54.0,0.0,0.0,222800.21*62', b'$BFNVG,222800.55,4218.000662,N,07105.998979,W,0,10.0,1.0,55.5,0.0,0.0,222800.55*68']
2021-07-28 23:28:01,585 [INFO] AUV state: {'position': (1.4329659916693345, 1.1905445801094174), 'latlon': (42.300011033333334, -71.09998298333333), 'heading': 55.5, 'depth': 1.0, 'altitude': 10.0, 'roll': 0.0, 'pitch': 0.0, 'last_fix_time': datetime.datetime(2021, 7, 28, 22, 28), 'speed': None, 'rudder': 0, 'datum': (42.3, -71.1)}
2021-07-28 23:28:01,915 [INFO] **** [(-13.463396851421265, -9.863861065623544)] [(6.979438090060129, -9.573348103605175)]
2021-07-28 23:28:01,917 [INFO] Next green buoy: [(-13.463396851421265, -9.863861065623544)], next red buoy: [(6.979438090060129, -9.573348103605175)]
2021-07-28 23:28:01,918 [INFO] Desired_heading: 52.25802061931943
2021-07-28 23:28:01,918 [INFO] delta angle: -4.204172121903184
2021-07-28 23:28:01,918 [INFO] sending message $BPRMB,222801.93,4.204172121903184,1,0,750,0,1*53
...
2021-07-28 23:28:02,920 [INFO] sending message $BPSTS,222802.92,1,BWSI Autonomy OK*47
...
2021-07-28 23:28:02,921 [INFO] Processing: $BFNVG,222800.89,4218.000744,N,07105.998822,W,0,10.0,1.0,57.0,0.0,0.0,222800.89*65
2021-07-28 23:28:02,923 [INFO] Interpreted as: {'position': (1.6524101645918563, 1.3369786972180009), 'latlon': (42.3000124, -71.09998036666667), 'heading': 57.0, 'depth': 1.0, 'altitude': 10.0, 'roll': 0.0, 'pitch': 0.0, 'last_fix_time': datetime.datetime(2021, 7, 28, 22, 28), 'speed': None, 'rudder': 0, 'datum': (42.3, -71.1)}
2021-07-28 23:28:02,924 [INFO] Processing: $BFNVG,222801.23,4218.000824,N,07105.998664,W,0,10.0,1.0,57.3,0.0,0.0,222801.23*63
2021-07-28 23:28:02,926 [INFO] Interpreted as: {'position': (1.8731368667213246, 1.4796775234863162), 'latlon': (42.30001373333333, -71.09997773333333), 'heading': 57.3, 'depth': 1.0, 'altitude': 10.0, 'roll': 0.0, 'pitch': 0.0, 'last_fix_time': datetime.datetime(2021, 7, 28, 22, 28, 1), 'speed': None, 'rudder': 0, 'datum': (42.3, -71.1)}
2021-07-28 23:28:02,926 [INFO] Processing: $BFNVG,222801.57,4218.000904,N,07105.998506,W,0,10.0,1.0,57.5,0.0,0.0,222801.57*61
2021-07-28 23:28:02,928 [INFO] Interpreted as: {'position': (2.0938635575585067, 1.6223763562738895), 'latlon': (42.30001506666667, -71.0999751), 'heading': 57.5, 'depth': 1.0, 'altitude': 10.0, 'roll': 0.0, 'pitch': 0.0, 'last_fix_time': datetime.datetime(2021, 7, 28, 22, 28, 1), 'speed': None, 'rudder': 0, 'datum': (42.3, -71.1)}
2021-07-28 23:28:02,929 [INFO] Received from Frontseat: [b'$BFNVG,222800.89,4218.000744,N,07105.998822,W,0,10.0,1.0,57.0,0.0,0.0,222800.89*65', b'$BFNVG,222801.23,4218.000824,N,07105.998664,W,0,10.0,1.0,57.3,0.0,0.0,222801.23*63', b'$BFNVG,222801.57,4218.000904,N,07105.998506,W,0,10.0,1.0,57.5,0.0,0.0,222801.57*61']
2021-07-28 23:28:02,931 [INFO] AUV state: {'position': (2.0938635575585067, 1.6223763562738895), 'latlon': (42.30001506666667, -71.0999751), 'heading': 57.5, 'depth': 1.0, 'altitude': 10.0, 'roll': 0.0, 'pitch': 0.0, 'last_fix_time': datetime.datetime(2021, 7, 28, 22, 28, 1), 'speed': None, 'rudder': 0, 'datum': (42.3, -71.1)}
2021-07-28 23:28:03,275 [INFO] **** [(-17.726718391798464, -11.414188815154025)] [(5.524629533022618, -10.879695191692226)]
2021-07-28 23:28:03,277 [INFO] Next green buoy: [(-17.726718391798464, -11.414188815154025)], next red buoy: [(5.524629533022618, -10.879695191692226)]
2021-07-28 23:28:03,278 [INFO] Desired_heading: 51.398955570612074
2021-07-28 23:28:03,278 [INFO] delta angle: -14.889097251746193
2021-07-28 23:28:03,279 [INFO] sending message $BPRMB,222803.90,14.889097251746193,1,0,750,0,1*6b
...
2021-07-28 23:28:04,280 [INFO] sending message $BPSTS,222804.28,1,BWSI Autonomy OK*40
...
2021-07-28 23:28:04,282 [INFO] Processing: $BFNVG,222801.91,4218.000984,N,07105.998344,W,0,10.0,1.0,57.8,0.0,0.0,222801.91*64
2021-07-28 23:28:04,284 [INFO] Interpreted as: {'position': (2.3200857570627704, 1.7649395763874054), 'latlon': (42.3000164, -71.0999724), 'heading': 57.8, 'depth': 1.0, 'altitude': 10.0, 'roll': 0.0, 'pitch': 0.0, 'last_fix_time': datetime.datetime(2021, 7, 28, 22, 28, 1), 'speed': None, 'rudder': 0, 'datum': (42.3, -71.1)}
2021-07-28 23:28:04,285 [INFO] Processing: $BFNVG,222802.26,4218.001063,N,07105.998185,W,0,10.0,1.0,57.5,0.0,0.0,222802.26*67
2021-07-28 23:28:04,288 [INFO] Interpreted as: {'position': (2.5421406374662183, 1.9057538192719221), 'latlon': (42.300017716666666, -71.09996975), 'heading': 57.5, 'depth': 1.0, 'altitude': 10.0, 'roll': 0.0, 'pitch': 0.0, 'last_fix_time': datetime.datetime(2021, 7, 28, 22, 28, 2), 'speed': None, 'rudder': 0, 'datum': (42.3, -71.1)}
2021-07-28 23:28:04,290 [INFO] Processing: $BFNVG,222802.60,4218.001144,N,07105.998023,W,0,10.0,1.0,57.3,0.0,0.0,222802.60*68
2021-07-28 23:28:04,294 [INFO] Interpreted as: {'position': (2.768408489821013, 2.0501677514985204), 'latlon': (42.300019066666664, -71.09996705), 'heading': 57.3, 'depth': 1.0, 'altitude': 10.0, 'roll': 0.0, 'pitch': 0.0, 'last_fix_time': datetime.datetime(2021, 7, 28, 22, 28, 2), 'speed': None, 'rudder': 0, 'datum': (42.3, -71.1)}
2021-07-28 23:28:04,295 [INFO] Processing: $BFNVG,222802.95,4218.001225,N,07105.997862,W,0,10.0,1.0,57.0,0.0,0.0,222802.95*6D
2021-07-28 23:28:04,298 [INFO] Interpreted as: {'position': (2.9933024533092976, 2.1946155950427055), 'latlon': (42.30002041666667, -71.09996436666667), 'heading': 57.0, 'depth': 1.0, 'altitude': 10.0, 'roll': 0.0, 'pitch': 0.0, 'last_fix_time': datetime.datetime(2021, 7, 28, 22, 28, 2), 'speed': None, 'rudder': 0, 'datum': (42.3, -71.1)}
2021-07-28 23:28:04,299 [INFO] Received from Frontseat: [b'$BFNVG,222801.91,4218.000984,N,07105.998344,W,0,10.0,1.0,57.8,0.0,0.0,222801.91*64', b'$BFNVG,222802.26,4218.001063,N,07105.998185,W,0,10.0,1.0,57.5,0.0,0.0,222802.26*67', b'$BFNVG,222802.60,4218.001144,N,07105.998023,W,0,10.0,1.0,57.3,0.0,0.0,222802.60*68', b'$BFNVG,222802.95,4218.001225,N,07105.997862,W,0,10.0,1.0,57.0,0.0,0.0,222802.95*6D']
2021-07-28 23:28:04,300 [INFO] AUV state: {'position': (2.9933024533092976, 2.1946155950427055), 'latlon': (42.30002041666667, -71.09996436666667), 'heading': 57.0, 'depth': 1.0, 'altitude': 10.0, 'roll': 0.0, 'pitch': 0.0, 'last_fix_time': datetime.datetime(2021, 7, 28, 22, 28, 2), 'speed': None, 'rudder': 0, 'datum': (42.3, -71.1)}
2021-07-28 23:28:04,625 [INFO] **** [(-21.129309851607204, -14.058977631801575)] [(7.401677719071914, -13.470154732555468), (-14.932883503391439, -4.48224918972196)]
2021-07-28 23:28:04,628 [INFO] Next green buoy: [(-21.129309851607204, -14.058977631801575)], next red buoy: [(7.401677719071914, -13.470154732555468), (-14.932883503391439, -4.48224918972196)]
2021-07-28 23:28:04,628 [INFO] Desired_heading: 50.136183933732354
2021-07-28 23:28:04,629 [INFO] delta angle: -18.84478839662154
2021-07-28 23:28:04,629 [INFO] sending message $BPRMB,222804.65,18.84478839662154,1,0,750,0,1*52
...
2021-07-28 23:28:05,631 [INFO] sending message $BPSTS,222805.63,1,BWSI Autonomy OK*4e
...
2021-07-28 23:28:05,632 [INFO] Processing: $BFNVG,222803.30,4218.001308,N,07105.997702,W,0,10.0,1.0,56.7,0.0,0.0,222803.30*6C
2021-07-28 23:28:05,634 [INFO] Interpreted as: {'position': (3.2169138728058897, 2.3427987452596426), 'latlon': (42.3000218, -71.0999617), 'heading': 56.7, 'depth': 1.0, 'altitude': 10.0, 'roll': 0.0, 'pitch': 0.0, 'last_fix_time': datetime.datetime(2021, 7, 28, 22, 28, 3), 'speed': None, 'rudder': 0, 'datum': (42.3, -71.1)}
2021-07-28 23:28:05,635 [INFO] Processing: $BFNVG,222803.64,4218.001391,N,07105.997543,W,0,10.0,1.0,55.7,0.0,0.0,222803.64*68
2021-07-28 23:28:05,637 [INFO] Interpreted as: {'position': (3.439151403377764, 2.491015804000199), 'latlon': (42.30002318333333, -71.09995905), 'heading': 55.7, 'depth': 1.0, 'altitude': 10.0, 'roll': 0.0, 'pitch': 0.0, 'last_fix_time': datetime.datetime(2021, 7, 28, 22, 28, 3), 'speed': None, 'rudder': 0, 'datum': (42.3, -71.1)}
2021-07-28 23:28:05,638 [INFO] Processing: $BFNVG,222803.99,4218.001476,N,07105.997386,W,0,10.0,1.0,54.8,0.0,0.0,222803.99*67
2021-07-28 23:28:05,640 [INFO] Interpreted as: {'position': (3.6587325060972944, 2.643002074211836), 'latlon': (42.3000246, -71.09995643333333), 'heading': 54.8, 'depth': 1.0, 'altitude': 10.0, 'roll': 0.0, 'pitch': 0.0, 'last_fix_time': datetime.datetime(2021, 7, 28, 22, 28, 3), 'speed': None, 'rudder': 0, 'datum': (42.3, -71.1)}
2021-07-28 23:28:05,641 [INFO] Processing: $BFNVG,222804.34,4218.001563,N,07105.997231,W,0,10.0,1.0,53.8,0.0,0.0,222804.34*68
2021-07-28 23:28:05,643 [INFO] Interpreted as: {'position': (3.875657182885334, 2.7987575540319085), 'latlon': (42.30002605, -71.09995385), 'heading': 53.8, 'depth': 1.0, 'altitude': 10.0, 'roll': 0.0, 'pitch': 0.0, 'last_fix_time': datetime.datetime(2021, 7, 28, 22, 28, 4), 'speed': None, 'rudder': 0, 'datum': (42.3, -71.1)}
2021-07-28 23:28:05,644 [INFO] Received from Frontseat: [b'$BFNVG,222803.30,4218.001308,N,07105.997702,W,0,10.0,1.0,56.7,0.0,0.0,222803.30*6C', b'$BFNVG,222803.64,4218.001391,N,07105.997543,W,0,10.0,1.0,55.7,0.0,0.0,222803.64*68', b'$BFNVG,222803.99,4218.001476,N,07105.997386,W,0,10.0,1.0,54.8,0.0,0.0,222803.99*67', b'$BFNVG,222804.34,4218.001563,N,07105.997231,W,0,10.0,1.0,53.8,0.0,0.0,222804.34*68']
2021-07-28 23:28:05,645 [INFO] AUV state: {'position': (3.875657182885334, 2.7987575540319085), 'latlon': (42.30002605, -71.09995385), 'heading': 53.8, 'depth': 1.0, 'altitude': 10.0, 'roll': 0.0, 'pitch': 0.0, 'last_fix_time': datetime.datetime(2021, 7, 28, 22, 28, 4), 'speed': None, 'rudder': 0, 'datum': (42.3, -71.1)}
2021-07-28 23:28:06,001 [INFO] **** [(-23.69046093539605, -18.16808341878997)] [(13.421440751774357, -17.493447826692627), (-12.600447800043058, -4.816102872731959)]
2021-07-28 23:28:06,004 [INFO] Next green buoy: [(-23.69046093539605, -18.16808341878997)], next red buoy: [(13.421440751774357, -17.493447826692627), (-12.600447800043058, -4.816102872731959)]
2021-07-28 23:28:06,004 [INFO] Desired_heading: 48.66548990818915
2021-07-28 23:28:06,004 [INFO] delta angle: -10.545277553162975
2021-07-28 23:28:06,005 [INFO] sending message $BPRMB,222806.60,10.545277553162975,1,0,750,0,1*61
...
2021-07-28 23:28:07,007 [INFO] sending message $BPSTS,222807.00,1,BWSI Autonomy OK*49
...
2021-07-28 23:28:07,008 [INFO] Processing: $BFNVG,222804.70,4218.001656,N,07105.997071,W,0,10.0,1.0,52.8,0.0,0.0,222804.70*6A
2021-07-28 23:28:07,014 [INFO] Interpreted as: {'position': (4.09972527239006, 2.965447699651122), 'latlon': (42.3000276, -71.09995118333333), 'heading': 52.8, 'depth': 1.0, 'altitude': 10.0, 'roll': 0.0, 'pitch': 0.0, 'last_fix_time': datetime.datetime(2021, 7, 28, 22, 28, 4), 'speed': None, 'rudder': 0, 'datum': (42.3, -71.1)}
2021-07-28 23:28:07,014 [INFO] Processing: $BFNVG,222805.06,4218.001751,N,07105.996915,W,0,10.0,1.0,51.5,0.0,0.0,222805.06*68
2021-07-28 23:28:07,017 [INFO] Interpreted as: {'position': (4.318389176449273, 3.1359748654067516), 'latlon': (42.300029183333336, -71.09994858333333), 'heading': 51.5, 'depth': 1.0, 'altitude': 10.0, 'roll': 0.0, 'pitch': 0.0, 'last_fix_time': datetime.datetime(2021, 7, 28, 22, 28, 5), 'speed': None, 'rudder': 0, 'datum': (42.3, -71.1)}
2021-07-28 23:28:07,018 [INFO] Processing: $BFNVG,222805.42,4218.001850,N,07105.996759,W,0,10.0,1.0,50.2,0.0,0.0,222805.42*66
2021-07-28 23:28:07,020 [INFO] Interpreted as: {'position': (4.53723575361073, 3.313904824666679), 'latlon': (42.30003083333333, -71.09994598333333), 'heading': 50.2, 'depth': 1.0, 'altitude': 10.0, 'roll': 0.0, 'pitch': 0.0, 'last_fix_time': datetime.datetime(2021, 7, 28, 22, 28, 5), 'speed': None, 'rudder': 0, 'datum': (42.3, -71.1)}
2021-07-28 23:28:07,020 [INFO] Processing: $BFNVG,222805.78,4218.001948,N,07105.996611,W,0,10.0,1.0,49.0,0.0,0.0,222805.78*69
2021-07-28 23:28:07,022 [INFO] Interpreted as: {'position': (4.745045616058633, 3.4902553278952837), 'latlon': (42.300032466666664, -71.09994351666667), 'heading': 49.0, 'depth': 1.0, 'altitude': 10.0, 'roll': 0.0, 'pitch': 0.0, 'last_fix_time': datetime.datetime(2021, 7, 28, 22, 28, 5), 'speed': None, 'rudder': 0, 'datum': (42.3, -71.1)}
2021-07-28 23:28:07,023 [INFO] Received from Frontseat: [b'$BFNVG,222804.70,4218.001656,N,07105.997071,W,0,10.0,1.0,52.8,0.0,0.0,222804.70*6A', b'$BFNVG,222805.06,4218.001751,N,07105.996915,W,0,10.0,1.0,51.5,0.0,0.0,222805.06*68', b'$BFNVG,222805.42,4218.001850,N,07105.996759,W,0,10.0,1.0,50.2,0.0,0.0,222805.42*66', b'$BFNVG,222805.78,4218.001948,N,07105.996611,W,0,10.0,1.0,49.0,0.0,0.0,222805.78*69']
2021-07-28 23:28:07,024 [INFO] AUV state: {'position': (4.745045616058633, 3.4902553278952837), 'latlon': (42.300032466666664, -71.09994351666667), 'heading': 49.0, 'depth': 1.0, 'altitude': 10.0, 'roll': 0.0, 'pitch': 0.0, 'last_fix_time': datetime.datetime(2021, 7, 28, 22, 28, 5), 'speed': None, 'rudder': 0, 'datum': (42.3, -71.1)}
2021-07-28 23:28:07,349 [INFO] **** [] [(24.77188357871823, -23.970939437424857), (-8.339432684758119, -5.348818804176342)]
2021-07-28 23:28:07,351 [INFO] Next green buoy: [], next red buoy: [(24.77188357871823, -23.970939437424857), (-8.339432684758119, -5.348818804176342)]
2021-07-28 23:28:07,352 [INFO] Desired_heading: 73.77188357871823
2021-07-28 23:28:07,352 [INFO] delta angle: -25
2021-07-28 23:28:07,353 [INFO] sending message $BPRMB,222807.41,25,1,0,750,0,1*70
...
2021-07-28 23:28:08,355 [INFO] sending message $BPSTS,222808.35,1,BWSI Autonomy OK*40
...
2021-07-28 23:28:08,356 [INFO] Processing: $BFNVG,222806.13,4218.002049,N,07105.996465,W,0,10.0,1.0,47.7,0.0,0.0,222806.13*6A
2021-07-28 23:28:08,358 [INFO] Interpreted as: {'position': (4.950244722422212, 3.6722257360816), 'latlon': (42.30003415, -71.09994108333333), 'heading': 47.7, 'depth': 1.0, 'altitude': 10.0, 'roll': 0.0, 'pitch': 0.0, 'last_fix_time': datetime.datetime(2021, 7, 28, 22, 28, 6), 'speed': None, 'rudder': 0, 'datum': (42.3, -71.1)}
2021-07-28 23:28:08,359 [INFO] Processing: $BFNVG,222806.49,4218.002155,N,07105.996318,W,0,10.0,1.0,47.0,0.0,0.0,222806.49*6C
2021-07-28 23:28:08,361 [INFO] Interpreted as: {'position': (5.157046051230282, 3.8634157301858068), 'latlon': (42.300035916666666, -71.09993863333334), 'heading': 47.0, 'depth': 1.0, 'altitude': 10.0, 'roll': 0.0, 'pitch': 0.0, 'last_fix_time': datetime.datetime(2021, 7, 28, 22, 28, 6), 'speed': None, 'rudder': 0, 'datum': (42.3, -71.1)}
2021-07-28 23:28:08,362 [INFO] Processing: $BFNVG,222806.85,4218.002259,N,07105.996177,W,0,10.0,1.0,46.3,0.0,0.0,222806.85*6A
2021-07-28 23:28:08,364 [INFO] Interpreted as: {'position': (5.355512753361836, 4.051107760518789), 'latlon': (42.30003765, -71.09993628333334), 'heading': 46.3, 'depth': 1.0, 'altitude': 10.0, 'roll': 0.0, 'pitch': 0.0, 'last_fix_time': datetime.datetime(2021, 7, 28, 22, 28, 6), 'speed': None, 'rudder': 0, 'datum': (42.3, -71.1)}
2021-07-28 23:28:08,365 [INFO] Processing: $BFNVG,222807.20,4218.002364,N,07105.996038,W,0,10.0,1.0,45.6,0.0,0.0,222807.20*69
2021-07-28 23:28:08,367 [INFO] Interpreted as: {'position': (5.551277357910294, 4.240718303248286), 'latlon': (42.3000394, -71.09993396666667), 'heading': 45.6, 'depth': 1.0, 'altitude': 10.0, 'roll': 0.0, 'pitch': 0.0, 'last_fix_time': datetime.datetime(2021, 7, 28, 22, 28, 7), 'speed': None, 'rudder': 0, 'datum': (42.3, -71.1)}
2021-07-28 23:28:08,368 [INFO] Received from Frontseat: [b'$BFNVG,222806.13,4218.002049,N,07105.996465,W,0,10.0,1.0,47.7,0.0,0.0,222806.13*6A', b'$BFNVG,222806.49,4218.002155,N,07105.996318,W,0,10.0,1.0,47.0,0.0,0.0,222806.49*6C', b'$BFNVG,222806.85,4218.002259,N,07105.996177,W,0,10.0,1.0,46.3,0.0,0.0,222806.85*6A', b'$BFNVG,222807.20,4218.002364,N,07105.996038,W,0,10.0,1.0,45.6,0.0,0.0,222807.20*69']
2021-07-28 23:28:08,369 [INFO] AUV state: {'position': (5.551277357910294, 4.240718303248286), 'latlon': (42.3000394, -71.09993396666667), 'heading': 45.6, 'depth': 1.0, 'altitude': 10.0, 'roll': 0.0, 'pitch': 0.0, 'last_fix_time': datetime.datetime(2021, 7, 28, 22, 28, 7), 'speed': None, 'rudder': 0, 'datum': (42.3, -71.1)}
2021-07-28 23:28:08,690 [INFO] **** [] [(-5.33347124485159, -5.885483153558885)]
2021-07-28 23:28:08,692 [INFO] Next green buoy: [], next red buoy: [(-5.33347124485159, -5.885483153558885)]
2021-07-28 23:28:08,692 [INFO] Desired_heading: 40.266528755148414
2021-07-28 23:28:08,693 [INFO] delta angle: -11.378366207863507
2021-07-28 23:28:08,693 [INFO] sending message $BPRMB,222809.29,11.378366207863507,1,0,750,0,1*6c
...
2021-07-28 23:28:09,695 [INFO] sending message $BPSTS,222809.69,1,BWSI Autonomy OK*48
...
2021-07-28 23:28:09,696 [INFO] Processing: $BFNVG,222807.56,4218.002471,N,07105.995899,W,0,10.0,1.0,44.9,0.0,0.0,222807.56*64
2021-07-28 23:28:09,699 [INFO] Interpreted as: {'position': (5.747133293247316, 4.434030242264271), 'latlon': (42.300041183333335, -71.09993165), 'heading': 44.9, 'depth': 1.0, 'altitude': 10.0, 'roll': 0.0, 'pitch': 0.0, 'last_fix_time': datetime.datetime(2021, 7, 28, 22, 28, 7), 'speed': None, 'rudder': 0, 'datum': (42.3, -71.1)}
2021-07-28 23:28:09,700 [INFO] Processing: $BFNVG,222807.91,4218.002579,N,07105.995765,W,0,10.0,1.0,43.2,0.0,0.0,222807.91*6D
2021-07-28 23:28:09,702 [INFO] Interpreted as: {'position': (5.9361654941458255, 4.6293624034151435), 'latlon': (42.300042983333334, -71.09992941666667), 'heading': 43.2, 'depth': 1.0, 'altitude': 10.0, 'roll': 0.0, 'pitch': 0.0, 'last_fix_time': datetime.datetime(2021, 7, 28, 22, 28, 7), 'speed': None, 'rudder': 0, 'datum': (42.3, -71.1)}
2021-07-28 23:28:09,702 [INFO] Processing: $BFNVG,222808.27,4218.002691,N,07105.995634,W,0,10.0,1.0,41.6,0.0,0.0,222808.27*6B
2021-07-28 23:28:09,704 [INFO] Interpreted as: {'position': (6.121258730418049, 4.832199072465301), 'latlon': (42.30004485, -71.09992723333333), 'heading': 41.6, 'depth': 1.0, 'altitude': 10.0, 'roll': 0.0, 'pitch': 0.0, 'last_fix_time': datetime.datetime(2021, 7, 28, 22, 28, 8), 'speed': None, 'rudder': 0, 'datum': (42.3, -71.1)}
2021-07-28 23:28:09,705 [INFO] Processing: $BFNVG,222808.62,4218.002805,N,07105.995508,W,0,10.0,1.0,39.9,0.0,0.0,222808.62*64
2021-07-28 23:28:09,707 [INFO] Interpreted as: {'position': (6.299573903263081, 5.038906658068299), 'latlon': (42.30004675, -71.09992513333333), 'heading': 39.9, 'depth': 1.0, 'altitude': 10.0, 'roll': 0.0, 'pitch': 0.0, 'last_fix_time': datetime.datetime(2021, 7, 28, 22, 28, 8), 'speed': None, 'rudder': 0, 'datum': (42.3, -71.1)}
2021-07-28 23:28:09,708 [INFO] Received from Frontseat: [b'$BFNVG,222807.56,4218.002471,N,07105.995899,W,0,10.0,1.0,44.9,0.0,0.0,222807.56*64', b'$BFNVG,222807.91,4218.002579,N,07105.995765,W,0,10.0,1.0,43.2,0.0,0.0,222807.91*6D', b'$BFNVG,222808.27,4218.002691,N,07105.995634,W,0,10.0,1.0,41.6,0.0,0.0,222808.27*6B', b'$BFNVG,222808.62,4218.002805,N,07105.995508,W,0,10.0,1.0,39.9,0.0,0.0,222808.62*64']
2021-07-28 23:28:09,709 [INFO] AUV state: {'position': (6.299573903263081, 5.038906658068299), 'latlon': (42.30004675, -71.09992513333333), 'heading': 39.9, 'depth': 1.0, 'altitude': 10.0, 'roll': 0.0, 'pitch': 0.0, 'last_fix_time': datetime.datetime(2021, 7, 28, 22, 28, 8), 'speed': None, 'rudder': 0, 'datum': (42.3, -71.1)}
2021-07-28 23:28:10,033 [INFO] **** [(-11.681302922789834, -6.029796768386935)] [(0.7585593363187527, -6.477290649566845)]
2021-07-28 23:28:10,035 [INFO] Next green buoy: [(-11.681302922789834, -6.029796768386935)], next red buoy: [(0.7585593363187527, -6.477290649566845)]
2021-07-28 23:28:10,036 [INFO] Desired_heading: 34.438628206764456
2021-07-28 23:28:10,036 [INFO] delta angle: -11.930632745579544
2021-07-28 23:28:10,037 [INFO] sending message $BPRMB,222810.09,11.930632745579544,1,0,750,0,1*66
...
2021-07-28 23:28:11,038 [INFO] sending message $BPSTS,222811.03,1,BWSI Autonomy OK*4d
...
2021-07-28 23:28:11,040 [INFO] Processing: $BFNVG,222808.98,4218.002923,N,07105.995385,W,0,10.0,1.0,38.2,0.0,0.0,222808.98*68
2021-07-28 23:28:11,042 [INFO] Interpreted as: {'position': (6.473950111481827, 5.2531187469139695), 'latlon': (42.300048716666666, -71.09992308333334), 'heading': 38.2, 'depth': 1.0, 'altitude': 10.0, 'roll': 0.0, 'pitch': 0.0, 'last_fix_time': datetime.datetime(2021, 7, 28, 22, 28, 8), 'speed': None, 'rudder': 0, 'datum': (42.3, -71.1)}
2021-07-28 23:28:11,043 [INFO] Processing: $BFNVG,222809.34,4218.003043,N,07105.995266,W,0,10.0,1.0,37.5,0.0,0.0,222809.34*62
2021-07-28 23:28:11,045 [INFO] Interpreted as: {'position': (6.6429221333237365, 5.471167849376798), 'latlon': (42.30005071666667, -71.0999211), 'heading': 37.5, 'depth': 1.0, 'altitude': 10.0, 'roll': 0.0, 'pitch': 0.0, 'last_fix_time': datetime.datetime(2021, 7, 28, 22, 28, 9), 'speed': None, 'rudder': 0, 'datum': (42.3, -71.1)}
2021-07-28 23:28:11,046 [INFO] Processing: $BFNVG,222809.69,4218.003163,N,07105.995150,W,0,10.0,1.0,36.7,0.0,0.0,222809.69*64
2021-07-28 23:28:11,048 [INFO] Interpreted as: {'position': (6.807772511034273, 5.689318667165935), 'latlon': (42.30005271666667, -71.09991916666667), 'heading': 36.7, 'depth': 1.0, 'altitude': 10.0, 'roll': 0.0, 'pitch': 0.0, 'last_fix_time': datetime.datetime(2021, 7, 28, 22, 28, 9), 'speed': None, 'rudder': 0, 'datum': (42.3, -71.1)}
2021-07-28 23:28:11,049 [INFO] Received from Frontseat: [b'$BFNVG,222808.98,4218.002923,N,07105.995385,W,0,10.0,1.0,38.2,0.0,0.0,222808.98*68', b'$BFNVG,222809.34,4218.003043,N,07105.995266,W,0,10.0,1.0,37.5,0.0,0.0,222809.34*62', b'$BFNVG,222809.69,4218.003163,N,07105.995150,W,0,10.0,1.0,36.7,0.0,0.0,222809.69*64']
2021-07-28 23:28:11,050 [INFO] AUV state: {'position': (6.807772511034273, 5.689318667165935), 'latlon': (42.30005271666667, -71.09991916666667), 'heading': 36.7, 'depth': 1.0, 'altitude': 10.0, 'roll': 0.0, 'pitch': 0.0, 'last_fix_time': datetime.datetime(2021, 7, 28, 22, 28, 9), 'speed': None, 'rudder': 0, 'datum': (42.3, -71.1)}
2021-07-28 23:28:11,368 [INFO] **** [(-9.080628815476768, -6.581586969012918)] [(4.595925325079756, -7.1106560548290885)]
2021-07-28 23:28:11,371 [INFO] Next green buoy: [(-9.080628815476768, -6.581586969012918)], next red buoy: [(4.595925325079756, -7.1106560548290885)]
2021-07-28 23:28:11,371 [INFO] Desired_heading: 34.4576482548015
2021-07-28 23:28:11,371 [INFO] delta angle: -2.011256539677902
2021-07-28 23:28:11,372 [INFO] sending message $BPRMB,222811.98,2.011256539677902,1,0,750,0,1*5b
...
2021-07-28 23:28:12,374 [INFO] sending message $BPSTS,222812.37,1,BWSI Autonomy OK*49
...
2021-07-28 23:28:12,375 [INFO] Processing: $BFNVG,222810.04,4218.003283,N,07105.995037,W,0,10.0,1.0,36.0,0.0,0.0,222810.04*6E
2021-07-28 23:28:12,380 [INFO] Interpreted as: {'position': (6.9685012409463525, 5.9075711984187365), 'latlon': (42.300054716666665, -71.09991728333334), 'heading': 36.0, 'depth': 1.0, 'altitude': 10.0, 'roll': 0.0, 'pitch': 0.0, 'last_fix_time': datetime.datetime(2021, 7, 28, 22, 28, 10), 'speed': None, 'rudder': 0, 'datum': (42.3, -71.1)}
2021-07-28 23:28:12,381 [INFO] Processing: $BFNVG,222810.39,4218.003405,N,07105.994926,W,0,10.0,1.0,35.2,0.0,0.0,222810.39*6F
2021-07-28 23:28:12,383 [INFO] Interpreted as: {'position': (7.1265735467895865, 6.129592937417328), 'latlon': (42.30005675, -71.09991543333334), 'heading': 35.2, 'depth': 1.0, 'altitude': 10.0, 'roll': 0.0, 'pitch': 0.0, 'last_fix_time': datetime.datetime(2021, 7, 28, 22, 28, 10), 'speed': None, 'rudder': 0, 'datum': (42.3, -71.1)}
2021-07-28 23:28:12,384 [INFO] Processing: $BFNVG,222810.75,4218.003528,N,07105.994816,W,0,10.0,1.0,34.4,0.0,0.0,222810.75*64
2021-07-28 23:28:12,386 [INFO] Interpreted as: {'position': (7.283317634777632, 6.353499279357493), 'latlon': (42.3000588, -71.0999136), 'heading': 34.4, 'depth': 1.0, 'altitude': 10.0, 'roll': 0.0, 'pitch': 0.0, 'last_fix_time': datetime.datetime(2021, 7, 28, 22, 28, 10), 'speed': None, 'rudder': 0, 'datum': (42.3, -71.1)}
2021-07-28 23:28:12,387 [INFO] Processing: $BFNVG,222811.11,4218.003655,N,07105.994707,W,0,10.0,1.0,33.6,0.0,0.0,222811.11*67
2021-07-28 23:28:12,390 [INFO] Interpreted as: {'position': (7.438870513404254, 6.584842316806316), 'latlon': (42.300060916666666, -71.09991178333334), 'heading': 33.6, 'depth': 1.0, 'altitude': 10.0, 'roll': 0.0, 'pitch': 0.0, 'last_fix_time': datetime.datetime(2021, 7, 28, 22, 28, 11), 'speed': None, 'rudder': 0, 'datum': (42.3, -71.1)}
2021-07-28 23:28:12,390 [INFO] Received from Frontseat: [b'$BFNVG,222810.04,4218.003283,N,07105.995037,W,0,10.0,1.0,36.0,0.0,0.0,222810.04*6E', b'$BFNVG,222810.39,4218.003405,N,07105.994926,W,0,10.0,1.0,35.2,0.0,0.0,222810.39*6F', b'$BFNVG,222810.75,4218.003528,N,07105.994816,W,0,10.0,1.0,34.4,0.0,0.0,222810.75*64', b'$BFNVG,222811.11,4218.003655,N,07105.994707,W,0,10.0,1.0,33.6,0.0,0.0,222811.11*67']
2021-07-28 23:28:12,391 [INFO] AUV state: {'position': (7.438870513404254, 6.584842316806316), 'latlon': (42.300060916666666, -71.09991178333334), 'heading': 33.6, 'depth': 1.0, 'altitude': 10.0, 'roll': 0.0, 'pitch': 0.0, 'last_fix_time': datetime.datetime(2021, 7, 28, 22, 28, 11), 'speed': None, 'rudder': 0, 'datum': (42.3, -71.1)}
2021-07-28 23:28:12,696 [INFO] **** [(-6.791828516404609, -7.602513410734692)] [(8.896105980031177, -8.246329648006657), (20.379037827354335, -4.913425216858656)]
2021-07-28 23:28:12,698 [INFO] Next green buoy: [(-6.791828516404609, -7.602513410734692)], next red buoy: [(8.896105980031177, -8.246329648006657), (20.379037827354335, -4.913425216858656)]
2021-07-28 23:28:12,699 [INFO] Desired_heading: 34.65213873181329
2021-07-28 23:28:12,699 [INFO] delta angle: 0.44279836439266845
2021-07-28 23:28:12,700 [INFO] sending message $BPRMB,222812.76,-0.44279836439266845,1,0,750,0,1*70
...
2021-07-28 23:28:13,701 [INFO] sending message $BPSTS,222813.70,1,BWSI Autonomy OK*4b
...
2021-07-28 23:28:13,703 [INFO] Processing: $BFNVG,222811.46,4218.003780,N,07105.994603,W,0,10.0,1.0,32.8,0.0,0.0,222811.46*64
2021-07-28 23:28:13,705 [INFO] Interpreted as: {'position': (7.587462649680674, 6.812653481028974), 'latlon': (42.300063, -71.09991005), 'heading': 32.8, 'depth': 1.0, 'altitude': 10.0, 'roll': 0.0, 'pitch': 0.0, 'last_fix_time': datetime.datetime(2021, 7, 28, 22, 28, 11), 'speed': None, 'rudder': 0, 'datum': (42.3, -71.1)}
2021-07-28 23:28:13,706 [INFO] Processing: $BFNVG,222811.83,4218.003912,N,07105.994495,W,0,10.0,1.0,32.6,0.0,0.0,222811.83*62
2021-07-28 23:28:13,708 [INFO] Interpreted as: {'position': (7.741869983496144, 7.053283913061023), 'latlon': (42.3000652, -71.09990825), 'heading': 32.6, 'depth': 1.0, 'altitude': 10.0, 'roll': 0.0, 'pitch': 0.0, 'last_fix_time': datetime.datetime(2021, 7, 28, 22, 28, 11), 'speed': None, 'rudder': 0, 'datum': (42.3, -71.1)}
2021-07-28 23:28:13,709 [INFO] Processing: $BFNVG,222812.19,4218.004038,N,07105.994392,W,0,10.0,1.0,32.5,0.0,0.0,222812.19*67
2021-07-28 23:28:13,711 [INFO] Interpreted as: {'position': (7.889133894816041, 7.282979683950543), 'latlon': (42.3000673, -71.09990653333334), 'heading': 32.5, 'depth': 1.0, 'altitude': 10.0, 'roll': 0.0, 'pitch': 0.0, 'last_fix_time': datetime.datetime(2021, 7, 28, 22, 28, 12), 'speed': None, 'rudder': 0, 'datum': (42.3, -71.1)}
2021-07-28 23:28:13,712 [INFO] Processing: $BFNVG,222812.54,4218.004164,N,07105.994291,W,0,10.0,1.0,32.4,0.0,0.0,222812.54*6C
2021-07-28 23:28:13,715 [INFO] Interpreted as: {'position': (8.033650038181804, 7.512743265368044), 'latlon': (42.3000694, -71.09990485), 'heading': 32.4, 'depth': 1.0, 'altitude': 10.0, 'roll': 0.0, 'pitch': 0.0, 'last_fix_time': datetime.datetime(2021, 7, 28, 22, 28, 12), 'speed': None, 'rudder': 0, 'datum': (42.3, -71.1)}
2021-07-28 23:28:13,715 [INFO] Received from Frontseat: [b'$BFNVG,222811.46,4218.003780,N,07105.994603,W,0,10.0,1.0,32.8,0.0,0.0,222811.46*64', b'$BFNVG,222811.83,4218.003912,N,07105.994495,W,0,10.0,1.0,32.6,0.0,0.0,222811.83*62', b'$BFNVG,222812.19,4218.004038,N,07105.994392,W,0,10.0,1.0,32.5,0.0,0.0,222812.19*67', b'$BFNVG,222812.54,4218.004164,N,07105.994291,W,0,10.0,1.0,32.4,0.0,0.0,222812.54*6C']
2021-07-28 23:28:13,716 [INFO] AUV state: {'position': (8.033650038181804, 7.512743265368044), 'latlon': (42.3000694, -71.09990485), 'heading': 32.4, 'depth': 1.0, 'altitude': 10.0, 'roll': 0.0, 'pitch': 0.0, 'last_fix_time': datetime.datetime(2021, 7, 28, 22, 28, 12), 'speed': None, 'rudder': 0, 'datum': (42.3, -71.1)}
2021-07-28 23:28:14,017 [INFO] **** [(-6.270577035577426, -8.789795985015376)] [(11.875193432477372, -9.672569173968562), (23.311504841797394, -5.348818804176342)]
2021-07-28 23:28:14,019 [INFO] Next green buoy: [(-6.270577035577426, -8.789795985015376)], next red buoy: [(11.875193432477372, -9.672569173968562), (23.311504841797394, -5.348818804176342)]
2021-07-28 23:28:14,020 [INFO] Desired_heading: 35.20230819844997
2021-07-28 23:28:14,020 [INFO] delta angle: 3.141172495639969
2021-07-28 23:28:14,020 [INFO] sending message $BPRMB,222814.64,-3.141172495639969,1,0,750,0,1*70
...
2021-07-28 23:28:15,022 [INFO] sending message $BPSTS,222815.02,1,BWSI Autonomy OK*48
...
2021-07-28 23:28:15,023 [INFO] Processing: $BFNVG,222812.90,4218.004293,N,07105.994187,W,0,10.0,1.0,32.2,0.0,0.0,222812.90*65
2021-07-28 23:28:15,025 [INFO] Interpreted as: {'position': (8.182424817467108, 7.747957227751613), 'latlon': (42.30007155, -71.09990311666667), 'heading': 32.2, 'depth': 1.0, 'altitude': 10.0, 'roll': 0.0, 'pitch': 0.0, 'last_fix_time': datetime.datetime(2021, 7, 28, 22, 28, 12), 'speed': None, 'rudder': 0, 'datum': (42.3, -71.1)}
2021-07-28 23:28:15,026 [INFO] Processing: $BFNVG,222813.25,4218.004419,N,07105.994085,W,0,10.0,1.0,32.3,0.0,0.0,222813.25*63
2021-07-28 23:28:15,027 [INFO] Interpreted as: {'position': (8.328314822982065, 7.977686911821365), 'latlon': (42.30007365, -71.09990141666667), 'heading': 32.3, 'depth': 1.0, 'altitude': 10.0, 'roll': 0.0, 'pitch': 0.0, 'last_fix_time': datetime.datetime(2021, 7, 28, 22, 28, 13), 'speed': None, 'rudder': 0, 'datum': (42.3, -71.1)}
2021-07-28 23:28:15,029 [INFO] Processing: $BFNVG,222813.61,4218.004545,N,07105.993983,W,0,10.0,1.0,32.3,0.0,0.0,222813.61*63
2021-07-28 23:28:15,031 [INFO] Interpreted as: {'position': (8.474204817204736, 8.207416597753763), 'latlon': (42.30007575, -71.09989971666667), 'heading': 32.3, 'depth': 1.0, 'altitude': 10.0, 'roll': 0.0, 'pitch': 0.0, 'last_fix_time': datetime.datetime(2021, 7, 28, 22, 28, 13), 'speed': None, 'rudder': 0, 'datum': (42.3, -71.1)}
2021-07-28 23:28:15,031 [INFO] Processing: $BFNVG,222813.96,4218.004672,N,07105.993882,W,0,10.0,1.0,32.3,0.0,0.0,222813.96*64
2021-07-28 23:28:15,033 [INFO] Interpreted as: {'position': (8.618766596307978, 8.439030885696411), 'latlon': (42.30007786666667, -71.09989803333333), 'heading': 32.3, 'depth': 1.0, 'altitude': 10.0, 'roll': 0.0, 'pitch': 0.0, 'last_fix_time': datetime.datetime(2021, 7, 28, 22, 28, 13), 'speed': None, 'rudder': 0, 'datum': (42.3, -71.1)}
2021-07-28 23:28:15,034 [INFO] Received from Frontseat: [b'$BFNVG,222812.90,4218.004293,N,07105.994187,W,0,10.0,1.0,32.2,0.0,0.0,222812.90*65', b'$BFNVG,222813.25,4218.004419,N,07105.994085,W,0,10.0,1.0,32.3,0.0,0.0,222813.25*63', b'$BFNVG,222813.61,4218.004545,N,07105.993983,W,0,10.0,1.0,32.3,0.0,0.0,222813.61*63', b'$BFNVG,222813.96,4218.004672,N,07105.993882,W,0,10.0,1.0,32.3,0.0,0.0,222813.96*64']
2021-07-28 23:28:15,034 [INFO] AUV state: {'position': (8.618766596307978, 8.439030885696411), 'latlon': (42.30007786666667, -71.09989803333333), 'heading': 32.3, 'depth': 1.0, 'altitude': 10.0, 'roll': 0.0, 'pitch': 0.0, 'last_fix_time': datetime.datetime(2021, 7, 28, 22, 28, 13), 'speed': None, 'rudder': 0, 'datum': (42.3, -71.1)}
2021-07-28 23:28:15,334 [INFO] **** [(-7.408377608235237, -10.306215740778105)] [(14.396003836106981, -11.610506263777504)]
2021-07-28 23:28:15,336 [INFO] Next green buoy: [(-7.408377608235237, -10.306215740778105)], next red buoy: [(14.396003836106981, -11.610506263777504)]
2021-07-28 23:28:15,336 [INFO] Desired_heading: 35.79381311393587
2021-07-28 23:28:15,337 [INFO] delta angle: 4.882692030044109
2021-07-28 23:28:15,337 [INFO] sending message $BPRMB,222815.40,-4.882692030044109,1,0,750,0,1*76
...
2021-07-28 23:28:16,339 [INFO] sending message $BPSTS,222816.33,1,BWSI Autonomy OK*49
...
2021-07-28 23:28:16,340 [INFO] Processing: $BFNVG,222814.32,4218.004799,N,07105.993779,W,0,10.0,1.0,32.4,0.0,0.0,222814.32*6C
2021-07-28 23:28:16,342 [INFO] Interpreted as: {'position': (8.76607612031512, 8.67057737056166), 'latlon': (42.30007998333333, -71.09989631666667), 'heading': 32.4, 'depth': 1.0, 'altitude': 10.0, 'roll': 0.0, 'pitch': 0.0, 'last_fix_time': datetime.datetime(2021, 7, 28, 22, 28, 14), 'speed': None, 'rudder': 0, 'datum': (42.3, -71.1)}
2021-07-28 23:28:16,343 [INFO] Processing: $BFNVG,222814.67,4218.004926,N,07105.993675,W,0,10.0,1.0,32.6,0.0,0.0,222814.67*69
2021-07-28 23:28:16,345 [INFO] Interpreted as: {'position': (8.914759515144397, 8.902089956216514), 'latlon': (42.3000821, -71.09989458333334), 'heading': 32.6, 'depth': 1.0, 'altitude': 10.0, 'roll': 0.0, 'pitch': 0.0, 'last_fix_time': datetime.datetime(2021, 7, 28, 22, 28, 14), 'speed': None, 'rudder': 0, 'datum': (42.3, -71.1)}
2021-07-28 23:28:16,345 [INFO] Processing: $BFNVG,222815.03,4218.005053,N,07105.993572,W,0,10.0,1.0,32.8,0.0,0.0,222815.03*69
2021-07-28 23:28:16,347 [INFO] Interpreted as: {'position': (9.062069020583294, 9.133636446669698), 'latlon': (42.30008421666667, -71.09989286666666), 'heading': 32.8, 'depth': 1.0, 'altitude': 10.0, 'roll': 0.0, 'pitch': 0.0, 'last_fix_time': datetime.datetime(2021, 7, 28, 22, 28, 15), 'speed': None, 'rudder': 0, 'datum': (42.3, -71.1)}
2021-07-28 23:28:16,348 [INFO] Received from Frontseat: [b'$BFNVG,222814.32,4218.004799,N,07105.993779,W,0,10.0,1.0,32.4,0.0,0.0,222814.32*6C', b'$BFNVG,222814.67,4218.004926,N,07105.993675,W,0,10.0,1.0,32.6,0.0,0.0,222814.67*69', b'$BFNVG,222815.03,4218.005053,N,07105.993572,W,0,10.0,1.0,32.8,0.0,0.0,222815.03*69']
2021-07-28 23:28:16,349 [INFO] AUV state: {'position': (9.062069020583294, 9.133636446669698), 'latlon': (42.30008421666667, -71.09989286666666), 'heading': 32.8, 'depth': 1.0, 'altitude': 10.0, 'roll': 0.0, 'pitch': 0.0, 'last_fix_time': datetime.datetime(2021, 7, 28, 22, 28, 15), 'speed': None, 'rudder': 0, 'datum': (42.3, -71.1)}
2021-07-28 23:28:16,654 [INFO] **** [(-9.162266241788616, -12.004194276071706)] [(16.237667611852796, -13.735302723043317), (-8.9220502473791, -12.064506046193925)]
2021-07-28 23:28:16,656 [INFO] Next green buoy: [(-9.162266241788616, -12.004194276071706)], next red buoy: [(16.237667611852796, -13.735302723043317), (-8.9220502473791, -12.064506046193925)]
2021-07-28 23:28:16,656 [INFO] Desired_heading: 36.33770068503209
2021-07-28 23:28:16,656 [INFO] delta angle: 5.006130454750615
2021-07-28 23:28:16,657 [INFO] sending message $BPRMB,222817.27,-5.006130454750615,1,0,750,0,1*71
...
2021-07-28 23:28:17,659 [INFO] sending message $BPSTS,222817.65,1,BWSI Autonomy OK*4b
...
2021-07-28 23:28:17,660 [INFO] Processing: $BFNVG,222815.40,4218.005185,N,07105.993463,W,0,10.0,1.0,33.0,0.0,0.0,222815.40*6B
2021-07-28 23:28:17,665 [INFO] Interpreted as: {'position': (9.217850135290064, 9.37423300743103), 'latlon': (42.300086416666666, -71.09989105), 'heading': 33.0, 'depth': 1.0, 'altitude': 10.0, 'roll': 0.0, 'pitch': 0.0, 'last_fix_time': datetime.datetime(2021, 7, 28, 22, 28, 15), 'speed': None, 'rudder': 0, 'datum': (42.3, -71.1)}
2021-07-28 23:28:17,665 [INFO] Processing: $BFNVG,222815.75,4218.005310,N,07105.993359,W,0,10.0,1.0,33.3,0.0,0.0,222815.75*68
2021-07-28 23:28:17,668 [INFO] Interpreted as: {'position': (9.366442160098813, 9.6020442051813), 'latlon': (42.3000885, -71.09988931666666), 'heading': 33.3, 'depth': 1.0, 'altitude': 10.0, 'roll': 0.0, 'pitch': 0.0, 'last_fix_time': datetime.datetime(2021, 7, 28, 22, 28, 15), 'speed': None, 'rudder': 0, 'datum': (42.3, -71.1)}
2021-07-28 23:28:17,669 [INFO] Processing: $BFNVG,222816.11,4218.005436,N,07105.993252,W,0,10.0,1.0,33.6,0.0,0.0,222816.11*64
2021-07-28 23:28:17,670 [INFO] Interpreted as: {'position': (9.519201480958145, 9.831604395061731), 'latlon': (42.3000906, -71.09988753333333), 'heading': 33.6, 'depth': 1.0, 'altitude': 10.0, 'roll': 0.0, 'pitch': 0.0, 'last_fix_time': datetime.datetime(2021, 7, 28, 22, 28, 16), 'speed': None, 'rudder': 0, 'datum': (42.3, -71.1)}
2021-07-28 23:28:17,671 [INFO] Processing: $BFNVG,222816.48,4218.005566,N,07105.993141,W,0,10.0,1.0,34.0,0.0,0.0,222816.48*60
2021-07-28 23:28:17,673 [INFO] Interpreted as: {'position': (9.677638982073404, 10.068431763909757), 'latlon': (42.300092766666666, -71.09988568333333), 'heading': 34.0, 'depth': 1.0, 'altitude': 10.0, 'roll': 0.0, 'pitch': 0.0, 'last_fix_time': datetime.datetime(2021, 7, 28, 22, 28, 16), 'speed': None, 'rudder': 0, 'datum': (42.3, -71.1)}
2021-07-28 23:28:17,673 [INFO] Received from Frontseat: [b'$BFNVG,222815.40,4218.005185,N,07105.993463,W,0,10.0,1.0,33.0,0.0,0.0,222815.40*6B', b'$BFNVG,222815.75,4218.005310,N,07105.993359,W,0,10.0,1.0,33.3,0.0,0.0,222815.75*68', b'$BFNVG,222816.11,4218.005436,N,07105.993252,W,0,10.0,1.0,33.6,0.0,0.0,222816.11*64', b'$BFNVG,222816.48,4218.005566,N,07105.993141,W,0,10.0,1.0,34.0,0.0,0.0,222816.48*60']
2021-07-28 23:28:17,674 [INFO] AUV state: {'position': (9.677638982073404, 10.068431763909757), 'latlon': (42.300092766666666, -71.09988568333333), 'heading': 34.0, 'depth': 1.0, 'altitude': 10.0, 'roll': 0.0, 'pitch': 0.0, 'last_fix_time': datetime.datetime(2021, 7, 28, 22, 28, 16), 'speed': None, 'rudder': 0, 'datum': (42.3, -71.1)}
2021-07-28 23:28:18,025 [INFO] **** [(-13.223636091940705, -15.284544013493685), (19.10740845015057, -6.285248516957919)] [(19.83405999431665, -18.083221369668347)]
2021-07-28 23:28:18,027 [INFO] Next green buoy: [(-13.223636091940705, -15.284544013493685), (19.10740845015057, -6.285248516957919)], next red buoy: [(19.83405999431665, -18.083221369668347)]
2021-07-28 23:28:18,027 [INFO] Desired_heading: 37.30521195118797
2021-07-28 23:28:18,027 [INFO] delta angle: 4.369770416910318
2021-07-28 23:28:18,028 [INFO] sending message $BPRMB,222818.04,-4.369770416910318,1,0,750,0,1*72
...
2021-07-28 23:28:19,029 [INFO] sending message $BPSTS,222819.02,1,BWSI Autonomy OK*44
...
2021-07-28 23:28:19,031 [INFO] Processing: $BFNVG,222816.83,4218.005691,N,07105.993033,W,0,10.0,1.0,34.3,0.0,0.0,222816.83*6C
2021-07-28 23:28:19,033 [INFO] Interpreted as: {'position': (9.831726487376727, 10.296107358299196), 'latlon': (42.30009485, -71.09988388333333), 'heading': 34.3, 'depth': 1.0, 'altitude': 10.0, 'roll': 0.0, 'pitch': 0.0, 'last_fix_time': datetime.datetime(2021, 7, 28, 22, 28, 16), 'speed': None, 'rudder': 0, 'datum': (42.3, -71.1)}
2021-07-28 23:28:19,034 [INFO] Processing: $BFNVG,222817.20,4218.005819,N,07105.992921,W,0,10.0,1.0,34.7,0.0,0.0,222817.20*6D
2021-07-28 23:28:19,035 [INFO] Interpreted as: {'position': (9.9914465068141, 10.529199436306953), 'latlon': (42.30009698333333, -71.09988201666667), 'heading': 34.7, 'depth': 1.0, 'altitude': 10.0, 'roll': 0.0, 'pitch': 0.0, 'last_fix_time': datetime.datetime(2021, 7, 28, 22, 28, 17), 'speed': None, 'rudder': 0, 'datum': (42.3, -71.1)}
2021-07-28 23:28:19,036 [INFO] Processing: $BFNVG,222817.55,4218.005943,N,07105.992811,W,0,10.0,1.0,35.0,0.0,0.0,222817.55*67
2021-07-28 23:28:19,038 [INFO] Interpreted as: {'position': (10.148236082633957, 10.754956535995007), 'latlon': (42.30009905, -71.09988018333334), 'heading': 35.0, 'depth': 1.0, 'altitude': 10.0, 'roll': 0.0, 'pitch': 0.0, 'last_fix_time': datetime.datetime(2021, 7, 28, 22, 28, 17), 'speed': None, 'rudder': 0, 'datum': (42.3, -71.1)}
2021-07-28 23:28:19,038 [INFO] Processing: $BFNVG,222817.91,4218.006066,N,07105.992700,W,0,10.0,1.0,35.3,0.0,0.0,222817.91*66
2021-07-28 23:28:19,040 [INFO] Interpreted as: {'position': (10.306353856693022, 10.9788290373981), 'latlon': (42.3001011, -71.09987833333334), 'heading': 35.3, 'depth': 1.0, 'altitude': 10.0, 'roll': 0.0, 'pitch': 0.0, 'last_fix_time': datetime.datetime(2021, 7, 28, 22, 28, 17), 'speed': None, 'rudder': 0, 'datum': (42.3, -71.1)}
2021-07-28 23:28:19,041 [INFO] Received from Frontseat: [b'$BFNVG,222816.83,4218.005691,N,07105.993033,W,0,10.0,1.0,34.3,0.0,0.0,222816.83*6C', b'$BFNVG,222817.20,4218.005819,N,07105.992921,W,0,10.0,1.0,34.7,0.0,0.0,222817.20*6D', b'$BFNVG,222817.55,4218.005943,N,07105.992811,W,0,10.0,1.0,35.0,0.0,0.0,222817.55*67', b'$BFNVG,222817.91,4218.006066,N,07105.992700,W,0,10.0,1.0,35.3,0.0,0.0,222817.91*66']
2021-07-28 23:28:19,042 [INFO] AUV state: {'position': (10.306353856693022, 10.9788290373981), 'latlon': (42.3001011, -71.09987833333334), 'heading': 35.3, 'depth': 1.0, 'altitude': 10.0, 'roll': 0.0, 'pitch': 0.0, 'last_fix_time': datetime.datetime(2021, 7, 28, 22, 28, 17), 'speed': None, 'rudder': 0, 'datum': (42.3, -71.1)}
2021-07-28 23:28:19,374 [INFO] **** [(-19.50256812579513, -20.88074821827749), (19.953570883793294, -7.0564470731355895)] [(-19.258258101146463, -20.4769268214549)]
2021-07-28 23:28:19,376 [INFO] Next green buoy: [(-19.50256812579513, -20.88074821827749), (19.953570883793294, -7.0564470731355895)], next red buoy: [(-19.258258101146463, -20.4769268214549)]
2021-07-28 23:28:19,376 [INFO] Desired_heading: 15.919586886529203
2021-07-28 23:28:19,377 [INFO] delta angle: -25
2021-07-28 23:28:19,377 [INFO] sending message $BPRMB,222820.01,25,1,0,750,0,1*71
...
2021-07-28 23:28:20,379 [INFO] sending message $BPSTS,222820.37,1,BWSI Autonomy OK*48
...
2021-07-28 23:28:20,380 [INFO] Processing: $BFNVG,222818.27,4218.006189,N,07105.992588,W,0,10.0,1.0,35.7,0.0,0.0,222818.27*60
2021-07-28 23:28:20,381 [INFO] Interpreted as: {'position': (10.465845496510155, 11.2026676395908), 'latlon': (42.30010315, -71.09987646666667), 'heading': 35.7, 'depth': 1.0, 'altitude': 10.0, 'roll': 0.0, 'pitch': 0.0, 'last_fix_time': datetime.datetime(2021, 7, 28, 22, 28, 18), 'speed': None, 'rudder': 0, 'datum': (42.3, -71.1)}
2021-07-28 23:28:20,382 [INFO] Processing: $BFNVG,222818.63,4218.006315,N,07105.992472,W,0,10.0,1.0,36.0,0.0,0.0,222818.63*67
2021-07-28 23:28:20,384 [INFO] Interpreted as: {'position': (10.630969645048026, 11.431922724470496), 'latlon': (42.30010525, -71.09987453333333), 'heading': 36.0, 'depth': 1.0, 'altitude': 10.0, 'roll': 0.0, 'pitch': 0.0, 'last_fix_time': datetime.datetime(2021, 7, 28, 22, 28, 18), 'speed': None, 'rudder': 0, 'datum': (42.3, -71.1)}
2021-07-28 23:28:20,384 [INFO] Processing: $BFNVG,222818.99,4218.006437,N,07105.992358,W,0,10.0,1.0,36.2,0.0,0.0,222818.99*6D
2021-07-28 23:28:20,386 [INFO] Interpreted as: {'position': (10.793163352645934, 11.653842829167843), 'latlon': (42.30010728333333, -71.09987263333333), 'heading': 36.2, 'depth': 1.0, 'altitude': 10.0, 'roll': 0.0, 'pitch': 0.0, 'last_fix_time': datetime.datetime(2021, 7, 28, 22, 28, 18), 'speed': None, 'rudder': 0, 'datum': (42.3, -71.1)}
2021-07-28 23:28:20,388 [INFO] Processing: $BFNVG,222819.35,4218.006559,N,07105.992244,W,0,10.0,1.0,36.5,0.0,0.0,222819.35*6F
2021-07-28 23:28:20,389 [INFO] Interpreted as: {'position': (10.955357050290331, 11.875762939453125), 'latlon': (42.30010931666666, -71.09987073333333), 'heading': 36.5, 'depth': 1.0, 'altitude': 10.0, 'roll': 0.0, 'pitch': 0.0, 'last_fix_time': datetime.datetime(2021, 7, 28, 22, 28, 19), 'speed': None, 'rudder': 0, 'datum': (42.3, -71.1)}
2021-07-28 23:28:20,390 [INFO] Received from Frontseat: [b'$BFNVG,222818.27,4218.006189,N,07105.992588,W,0,10.0,1.0,35.7,0.0,0.0,222818.27*60', b'$BFNVG,222818.63,4218.006315,N,07105.992472,W,0,10.0,1.0,36.0,0.0,0.0,222818.63*67', b'$BFNVG,222818.99,4218.006437,N,07105.992358,W,0,10.0,1.0,36.2,0.0,0.0,222818.99*6D', b'$BFNVG,222819.35,4218.006559,N,07105.992244,W,0,10.0,1.0,36.5,0.0,0.0,222819.35*6F']
2021-07-28 23:28:20,391 [INFO] AUV state: {'position': (10.955357050290331, 11.875762939453125), 'latlon': (42.30010931666666, -71.09987073333333), 'heading': 36.5, 'depth': 1.0, 'altitude': 10.0, 'roll': 0.0, 'pitch': 0.0, 'last_fix_time': datetime.datetime(2021, 7, 28, 22, 28, 19), 'speed': None, 'rudder': 0, 'datum': (42.3, -71.1)}
2021-07-28 23:28:20,676 [INFO] **** [(21.265201899756466, -7.989018712716634)] []
2021-07-28 23:28:20,678 [INFO] Next green buoy: [(21.265201899756466, -7.989018712716634)], next red buoy: []
2021-07-28 23:28:20,679 [INFO] Desired_heading: 57.76520189975646
2021-07-28 23:28:20,679 [INFO] delta angle: -25
2021-07-28 23:28:20,679 [INFO] sending message $BPRMB,222820.74,25,1,0,750,0,1*73
...
2021-07-28 23:28:21,680 [INFO] sending message $BPSTS,222821.68,1,BWSI Autonomy OK*43
...
2021-07-28 23:28:21,681 [INFO] Processing: $BFNVG,222819.70,4218.006681,N,07105.992127,W,0,10.0,1.0,36.8,0.0,0.0,222819.70*62
2021-07-28 23:28:21,683 [INFO] Interpreted as: {'position': (11.12167237023823, 12.097581342794001), 'latlon': (42.30011135, -71.09986878333333), 'heading': 36.8, 'depth': 1.0, 'altitude': 10.0, 'roll': 0.0, 'pitch': 0.0, 'last_fix_time': datetime.datetime(2021, 7, 28, 22, 28, 19), 'speed': None, 'rudder': 0, 'datum': (42.3, -71.1)}
2021-07-28 23:28:21,683 [INFO] Processing: $BFNVG,222820.07,4218.006805,N,07105.992012,W,0,10.0,1.0,35.1,0.0,0.0,222820.07*6D
2021-07-28 23:28:21,685 [INFO] Interpreted as: {'position': (11.285331261868123, 12.323168950155377), 'latlon': (42.30011341666667, -71.09986686666667), 'heading': 35.1, 'depth': 1.0, 'altitude': 10.0, 'roll': 0.0, 'pitch': 0.0, 'last_fix_time': datetime.datetime(2021, 7, 28, 22, 28, 20), 'speed': None, 'rudder': 0, 'datum': (42.3, -71.1)}
2021-07-28 23:28:21,686 [INFO] Processing: $BFNVG,222820.44,4218.006935,N,07105.991899,W,0,10.0,1.0,33.4,0.0,0.0,222820.44*64
2021-07-28 23:28:21,688 [INFO] Interpreted as: {'position': (11.446516404277645, 12.559928550384939), 'latlon': (42.30011558333333, -71.09986498333333), 'heading': 33.4, 'depth': 1.0, 'altitude': 10.0, 'roll': 0.0, 'pitch': 0.0, 'last_fix_time': datetime.datetime(2021, 7, 28, 22, 28, 20), 'speed': None, 'rudder': 0, 'datum': (42.3, -71.1)}
2021-07-28 23:28:21,688 [INFO] Received from Frontseat: [b'$BFNVG,222819.70,4218.006681,N,07105.992127,W,0,10.0,1.0,36.8,0.0,0.0,222819.70*62', b'$BFNVG,222820.07,4218.006805,N,07105.992012,W,0,10.0,1.0,35.1,0.0,0.0,222820.07*6D', b'$BFNVG,222820.44,4218.006935,N,07105.991899,W,0,10.0,1.0,33.4,0.0,0.0,222820.44*64']
2021-07-28 23:28:21,689 [INFO] AUV state: {'position': (11.446516404277645, 12.559928550384939), 'latlon': (42.30011558333333, -71.09986498333333), 'heading': 33.4, 'depth': 1.0, 'altitude': 10.0, 'roll': 0.0, 'pitch': 0.0, 'last_fix_time': datetime.datetime(2021, 7, 28, 22, 28, 20), 'speed': None, 'rudder': 0, 'datum': (42.3, -71.1)}
2021-07-28 23:28:21,980 [INFO] **** [] []
2021-07-28 23:28:21,982 [INFO] Next green buoy: [], next red buoy: []
2021-07-28 23:28:21,983 [INFO] Desired_heading: 33.4
2021-07-28 23:28:21,983 [INFO] delta angle: 0.0
2021-07-28 23:28:21,983 [INFO] sending message $BPRMB,222822.62,-0.0,1,0,750,0,1*72
...
2021-07-28 23:28:22,984 [INFO] sending message $BPSTS,222822.98,1,BWSI Autonomy OK*4f
...
2021-07-28 23:28:22,985 [INFO] Processing: $BFNVG,222820.81,4218.007068,N,07105.991791,W,0,10.0,1.0,31.6,0.0,0.0,222820.81*63
2021-07-28 23:28:22,991 [INFO] Interpreted as: {'position': (11.600969159801025, 12.802409760653973), 'latlon': (42.3001178, -71.09986318333333), 'heading': 31.6, 'depth': 1.0, 'altitude': 10.0, 'roll': 0.0, 'pitch': 0.0, 'last_fix_time': datetime.datetime(2021, 7, 28, 22, 28, 20), 'speed': None, 'rudder': 0, 'datum': (42.3, -71.1)}
2021-07-28 23:28:22,991 [INFO] Processing: $BFNVG,222821.18,4218.007203,N,07105.991688,W,0,10.0,1.0,29.9,0.0,0.0,222821.18*63
2021-07-28 23:28:22,993 [INFO] Interpreted as: {'position': (11.748643857543357, 13.048761880025268), 'latlon': (42.30012005, -71.09986146666667), 'heading': 29.9, 'depth': 1.0, 'altitude': 10.0, 'roll': 0.0, 'pitch': 0.0, 'last_fix_time': datetime.datetime(2021, 7, 28, 22, 28, 21), 'speed': None, 'rudder': 0, 'datum': (42.3, -71.1)}
2021-07-28 23:28:22,994 [INFO] Processing: $BFNVG,222821.53,4218.007333,N,07105.991596,W,0,10.0,1.0,28.2,0.0,0.0,222821.53*67
2021-07-28 23:28:22,996 [INFO] Interpreted as: {'position': (11.880977549240924, 13.286233448423445), 'latlon': (42.300122216666665, -71.09985993333333), 'heading': 28.2, 'depth': 1.0, 'altitude': 10.0, 'roll': 0.0, 'pitch': 0.0, 'last_fix_time': datetime.datetime(2021, 7, 28, 22, 28, 21), 'speed': None, 'rudder': 0, 'datum': (42.3, -71.1)}
2021-07-28 23:28:22,997 [INFO] Processing: $BFNVG,222821.89,4218.007465,N,07105.991510,W,0,10.0,1.0,26.6,0.0,0.0,222821.89*67
2021-07-28 23:28:22,999 [INFO] Interpreted as: {'position': (12.005159308202565, 13.527609830722213), 'latlon': (42.30012441666667, -71.0998585), 'heading': 26.6, 'depth': 1.0, 'altitude': 10.0, 'roll': 0.0, 'pitch': 0.0, 'last_fix_time': datetime.datetime(2021, 7, 28, 22, 28, 21), 'speed': None, 'rudder': 0, 'datum': (42.3, -71.1)}
2021-07-28 23:28:23,000 [INFO] Received from Frontseat: [b'$BFNVG,222820.81,4218.007068,N,07105.991791,W,0,10.0,1.0,31.6,0.0,0.0,222820.81*63', b'$BFNVG,222821.18,4218.007203,N,07105.991688,W,0,10.0,1.0,29.9,0.0,0.0,222821.18*63', b'$BFNVG,222821.53,4218.007333,N,07105.991596,W,0,10.0,1.0,28.2,0.0,0.0,222821.53*67', b'$BFNVG,222821.89,4218.007465,N,07105.991510,W,0,10.0,1.0,26.6,0.0,0.0,222821.89*67']
2021-07-28 23:28:23,001 [INFO] AUV state: {'position': (12.005159308202565, 13.527609830722213), 'latlon': (42.30012441666667, -71.0998585), 'heading': 26.6, 'depth': 1.0, 'altitude': 10.0, 'roll': 0.0, 'pitch': 0.0, 'last_fix_time': datetime.datetime(2021, 7, 28, 22, 28, 21), 'speed': None, 'rudder': 0, 'datum': (42.3, -71.1)}
2021-07-28 23:28:23,292 [INFO] **** [] []
2021-07-28 23:28:23,294 [INFO] Next green buoy: [], next red buoy: []
2021-07-28 23:28:23,295 [INFO] Desired_heading: 26.6
2021-07-28 23:28:23,295 [INFO] delta angle: 0.0
2021-07-28 23:28:23,295 [INFO] sending message $BPRMB,222823.34,-0.0,1,0,750,0,1*70
...
2021-07-28 23:28:24,297 [INFO] sending message $BPSTS,222824.29,1,BWSI Autonomy OK*43
...
2021-07-28 23:28:24,298 [INFO] Processing: $BFNVG,222822.24,4218.007600,N,07105.991427,W,0,10.0,1.0,24.9,0.0,0.0,222822.24*6E
2021-07-28 23:28:24,300 [INFO] Interpreted as: {'position': (12.125356435310096, 13.774640013463795), 'latlon': (42.300126666666664, -71.09985711666667), 'heading': 24.9, 'depth': 1.0, 'altitude': 10.0, 'roll': 0.0, 'pitch': 0.0, 'last_fix_time': datetime.datetime(2021, 7, 28, 22, 28, 22), 'speed': None, 'rudder': 0, 'datum': (42.3, -71.1)}
2021-07-28 23:28:24,301 [INFO] Processing: $BFNVG,222822.60,4218.007737,N,07105.991347,W,0,10.0,1.0,24.9,0.0,0.0,222822.60*6A
2021-07-28 23:28:24,303 [INFO] Interpreted as: {'position': (12.241523261647671, 14.025473302230239), 'latlon': (42.30012895, -71.09985578333334), 'heading': 24.9, 'depth': 1.0, 'altitude': 10.0, 'roll': 0.0, 'pitch': 0.0, 'last_fix_time': datetime.datetime(2021, 7, 28, 22, 28, 22), 'speed': None, 'rudder': 0, 'datum': (42.3, -71.1)}
2021-07-28 23:28:24,304 [INFO] Processing: $BFNVG,222822.96,4218.007873,N,07105.991268,W,0,10.0,1.0,24.9,0.0,0.0,222822.96*69
2021-07-28 23:28:24,306 [INFO] Interpreted as: {'position': (12.356270536489319, 14.274489795789123), 'latlon': (42.300131216666664, -71.09985446666667), 'heading': 24.9, 'depth': 1.0, 'altitude': 10.0, 'roll': 0.0, 'pitch': 0.0, 'last_fix_time': datetime.datetime(2021, 7, 28, 22, 28, 22), 'speed': None, 'rudder': 0, 'datum': (42.3, -71.1)}
2021-07-28 23:28:24,307 [INFO] Processing: $BFNVG,222823.31,4218.008009,N,07105.991188,W,0,10.0,1.0,24.9,0.0,0.0,222823.31*6E
2021-07-28 23:28:24,310 [INFO] Interpreted as: {'position': (12.472391676506959, 14.523472390137613), 'latlon': (42.30013348333333, -71.09985313333334), 'heading': 24.9, 'depth': 1.0, 'altitude': 10.0, 'roll': 0.0, 'pitch': 0.0, 'last_fix_time': datetime.datetime(2021, 7, 28, 22, 28, 23), 'speed': None, 'rudder': 0, 'datum': (42.3, -71.1)}
2021-07-28 23:28:24,312 [INFO] Received from Frontseat: [b'$BFNVG,222822.24,4218.007600,N,07105.991427,W,0,10.0,1.0,24.9,0.0,0.0,222822.24*6E', b'$BFNVG,222822.60,4218.007737,N,07105.991347,W,0,10.0,1.0,24.9,0.0,0.0,222822.60*6A', b'$BFNVG,222822.96,4218.007873,N,07105.991268,W,0,10.0,1.0,24.9,0.0,0.0,222822.96*69', b'$BFNVG,222823.31,4218.008009,N,07105.991188,W,0,10.0,1.0,24.9,0.0,0.0,222823.31*6E']
2021-07-28 23:28:24,313 [INFO] AUV state: {'position': (12.472391676506959, 14.523472390137613), 'latlon': (42.30013348333333, -71.09985313333334), 'heading': 24.9, 'depth': 1.0, 'altitude': 10.0, 'roll': 0.0, 'pitch': 0.0, 'last_fix_time': datetime.datetime(2021, 7, 28, 22, 28, 23), 'speed': None, 'rudder': 0, 'datum': (42.3, -71.1)}
2021-07-28 23:28:24,615 [INFO] **** [] []
2021-07-28 23:28:24,618 [INFO] Next green buoy: [], next red buoy: []
2021-07-28 23:28:24,618 [INFO] Desired_heading: 24.9
2021-07-28 23:28:24,619 [INFO] delta angle: 0.0
2021-07-28 23:28:24,619 [INFO] sending message $BPRMB,222825.24,-0.0,1,0,750,0,1*77
...
2021-07-28 23:28:25,621 [INFO] sending message $BPSTS,222825.62,1,BWSI Autonomy OK*4d
...
2021-07-28 23:28:25,622 [INFO] Processing: $BFNVG,222823.67,4218.008145,N,07105.991108,W,0,10.0,1.0,24.9,0.0,0.0,222823.67*6F
2021-07-28 23:28:25,624 [INFO] Interpreted as: {'position': (12.588512813032139, 14.772454986348748), 'latlon': (42.30013575, -71.0998518), 'heading': 24.9, 'depth': 1.0, 'altitude': 10.0, 'roll': 0.0, 'pitch': 0.0, 'last_fix_time': datetime.datetime(2021, 7, 28, 22, 28, 23), 'speed': None, 'rudder': 0, 'datum': (42.3, -71.1)}
2021-07-28 23:28:25,625 [INFO] Processing: $BFNVG,222824.03,4218.008283,N,07105.991027,W,0,10.0,1.0,24.9,0.0,0.0,222824.03*6A
2021-07-28 23:28:25,627 [INFO] Interpreted as: {'position': (12.706099152448587, 15.025105074048042), 'latlon': (42.30013805, -71.09985045), 'heading': 24.9, 'depth': 1.0, 'altitude': 10.0, 'roll': 0.0, 'pitch': 0.0, 'last_fix_time': datetime.datetime(2021, 7, 28, 22, 28, 24), 'speed': None, 'rudder': 0, 'datum': (42.3, -71.1)}
2021-07-28 23:28:25,628 [INFO] Processing: $BFNVG,222824.39,4218.008421,N,07105.990946,W,0,10.0,1.0,24.9,0.0,0.0,222824.39*6B
2021-07-28 23:28:25,631 [INFO] Interpreted as: {'position': (12.823685488197953, 15.277755164541304), 'latlon': (42.30014035, -71.0998491), 'heading': 24.9, 'depth': 1.0, 'altitude': 10.0, 'roll': 0.0, 'pitch': 0.0, 'last_fix_time': datetime.datetime(2021, 7, 28, 22, 28, 24), 'speed': None, 'rudder': 0, 'datum': (42.3, -71.1)}
2021-07-28 23:28:25,632 [INFO] Received from Frontseat: [b'$BFNVG,222823.67,4218.008145,N,07105.991108,W,0,10.0,1.0,24.9,0.0,0.0,222823.67*6F', b'$BFNVG,222824.03,4218.008283,N,07105.991027,W,0,10.0,1.0,24.9,0.0,0.0,222824.03*6A', b'$BFNVG,222824.39,4218.008421,N,07105.990946,W,0,10.0,1.0,24.9,0.0,0.0,222824.39*6B']
2021-07-28 23:28:25,633 [INFO] AUV state: {'position': (12.823685488197953, 15.277755164541304), 'latlon': (42.30014035, -71.0998491), 'heading': 24.9, 'depth': 1.0, 'altitude': 10.0, 'roll': 0.0, 'pitch': 0.0, 'last_fix_time': datetime.datetime(2021, 7, 28, 22, 28, 24), 'speed': None, 'rudder': 0, 'datum': (42.3, -71.1)}
2021-07-28 23:28:25,924 [INFO] **** [] []
2021-07-28 23:28:25,926 [INFO] Next green buoy: [], next red buoy: []
2021-07-28 23:28:25,927 [INFO] Desired_heading: 24.9
2021-07-28 23:28:25,927 [INFO] delta angle: 0.0
2021-07-28 23:28:25,927 [INFO] sending message $BPRMB,222825.99,-0.0,1,0,750,0,1*71
...
2021-07-28 23:28:26,929 [INFO] sending message $BPSTS,222826.92,1,BWSI Autonomy OK*41
...
2021-07-28 23:28:26,930 [INFO] Processing: $BFNVG,222824.75,4218.008557,N,07105.990867,W,0,10.0,1.0,24.9,0.0,0.0,222824.75*69
2021-07-28 23:28:26,932 [INFO] Interpreted as: {'position': (12.938432724913582, 15.526771669276059), 'latlon': (42.30014261666667, -71.09984778333333), 'heading': 24.9, 'depth': 1.0, 'altitude': 10.0, 'roll': 0.0, 'pitch': 0.0, 'last_fix_time': datetime.datetime(2021, 7, 28, 22, 28, 24), 'speed': None, 'rudder': 0, 'datum': (42.3, -71.1)}
2021-07-28 23:28:26,933 [INFO] Processing: $BFNVG,222825.10,4218.008693,N,07105.990787,W,0,10.0,1.0,24.9,0.0,0.0,222825.10*63
2021-07-28 23:28:26,935 [INFO] Interpreted as: {'position': (13.054553826572374, 15.775754272006452), 'latlon': (42.30014488333333, -71.09984645), 'heading': 24.9, 'depth': 1.0, 'altitude': 10.0, 'roll': 0.0, 'pitch': 0.0, 'last_fix_time': datetime.datetime(2021, 7, 28, 22, 28, 25), 'speed': None, 'rudder': 0, 'datum': (42.3, -71.1)}
2021-07-28 23:28:26,936 [INFO] Processing: $BFNVG,222825.46,4218.008829,N,07105.990707,W,0,10.0,1.0,24.9,0.0,0.0,222825.46*64
2021-07-28 23:28:26,938 [INFO] Interpreted as: {'position': (13.170674924738705, 16.02473687659949), 'latlon': (42.30014715, -71.09984511666667), 'heading': 24.9, 'depth': 1.0, 'altitude': 10.0, 'roll': 0.0, 'pitch': 0.0, 'last_fix_time': datetime.datetime(2021, 7, 28, 22, 28, 25), 'speed': None, 'rudder': 0, 'datum': (42.3, -71.1)}
2021-07-28 23:28:26,938 [INFO] Processing: $BFNVG,222825.82,4218.008969,N,07105.990625,W,0,10.0,1.0,24.9,0.0,0.0,222825.82*60
2021-07-28 23:28:26,940 [INFO] Interpreted as: {'position': (13.289726439514197, 16.281054466962814), 'latlon': (42.300149483333335, -71.09984375), 'heading': 24.9, 'depth': 1.0, 'altitude': 10.0, 'roll': 0.0, 'pitch': 0.0, 'last_fix_time': datetime.datetime(2021, 7, 28, 22, 28, 25), 'speed': None, 'rudder': 0, 'datum': (42.3, -71.1)}
2021-07-28 23:28:26,941 [INFO] Received from Frontseat: [b'$BFNVG,222824.75,4218.008557,N,07105.990867,W,0,10.0,1.0,24.9,0.0,0.0,222824.75*69', b'$BFNVG,222825.10,4218.008693,N,07105.990787,W,0,10.0,1.0,24.9,0.0,0.0,222825.10*63', b'$BFNVG,222825.46,4218.008829,N,07105.990707,W,0,10.0,1.0,24.9,0.0,0.0,222825.46*64', b'$BFNVG,222825.82,4218.008969,N,07105.990625,W,0,10.0,1.0,24.9,0.0,0.0,222825.82*60']
2021-07-28 23:28:26,941 [INFO] AUV state: {'position': (13.289726439514197, 16.281054466962814), 'latlon': (42.300149483333335, -71.09984375), 'heading': 24.9, 'depth': 1.0, 'altitude': 10.0, 'roll': 0.0, 'pitch': 0.0, 'last_fix_time': datetime.datetime(2021, 7, 28, 22, 28, 25), 'speed': None, 'rudder': 0, 'datum': (42.3, -71.1)}
2021-07-28 23:28:27,236 [INFO] **** [] []
2021-07-28 23:28:27,238 [INFO] Next green buoy: [], next red buoy: []
2021-07-28 23:28:27,239 [INFO] Desired_heading: 24.9
2021-07-28 23:28:27,239 [INFO] delta angle: 0.0
2021-07-28 23:28:27,240 [INFO] sending message $BPRMB,222827.86,-0.0,1,0,750,0,1*7d
...
