2021-07-29 14:10:05,573 [INFO] host = 192.168.1.213, port = 29500
2021-07-29 14:10:08,628 [INFO] sending message $BPLOG,ACK,ON*1e
...
2021-07-29 14:10:08,630 [INFO] sending message $BPLOG,ALL,ON*16
...
2021-07-29 14:10:08,631 [INFO] sending message $BPSTS,131008.63,1,BWSI Autonomy OK*4a
...
2021-07-29 14:10:08,632 [INFO] Received from Frontseat: []
2021-07-29 14:10:08,633 [INFO] AUV state: {'position': (None, None), 'latlon': None, 'heading': None, 'depth': None, 'altitude': None, 'roll': None, 'pitch': None, 'last_fix_time': None, 'speed': None, 'rudder': 0}
2021-07-29 14:10:09,635 [INFO] sending message $BPSTS,131009.63,1,BWSI Autonomy OK*4b
...
2021-07-29 14:10:09,637 [INFO] Processing: $BFNVG,131007.98,4218.000000,N,07106.000000,W,0,10.0,1.0,45.0,0.0,0.0,131007.98*62
2021-07-29 14:10:09,639 [INFO] Interpreted as: {'position': (0, 0), 'latlon': (42.3, -71.1), 'heading': 45.0, 'depth': 1.0, 'altitude': 10.0, 'roll': 0.0, 'pitch': 0.0, 'last_fix_time': datetime.datetime(2021, 7, 29, 13, 10, 7), 'speed': None, 'rudder': 0, 'datum': (42.3, -71.1)}
2021-07-29 14:10:09,640 [INFO] Processing: $BFNVG,131008.23,4218.000000,N,07106.000000,W,0,10.0,1.0,45.0,0.0,0.0,131008.23*62
2021-07-29 14:10:09,642 [INFO] Interpreted as: {'position': (0.0, 0.0), 'latlon': (42.3, -71.1), 'heading': 45.0, 'depth': 1.0, 'altitude': 10.0, 'roll': 0.0, 'pitch': 0.0, 'last_fix_time': datetime.datetime(2021, 7, 29, 13, 10, 8), 'speed': None, 'rudder': 0, 'datum': (42.3, -71.1)}
2021-07-29 14:10:09,643 [INFO] Processing: $BFNVG,131008.49,4218.000000,N,07106.000000,W,0,10.0,1.0,45.0,0.0,0.0,131008.49*62
2021-07-29 14:10:09,645 [INFO] Interpreted as: {'position': (0.0, 0.0), 'latlon': (42.3, -71.1), 'heading': 45.0, 'depth': 1.0, 'altitude': 10.0, 'roll': 0.0, 'pitch': 0.0, 'last_fix_time': datetime.datetime(2021, 7, 29, 13, 10, 8), 'speed': None, 'rudder': 0, 'datum': (42.3, -71.1)}
2021-07-29 14:10:09,646 [INFO] Processing: $BFNVG,131008.74,4218.000000,N,07106.000000,W,0,10.0,1.0,45.0,0.0,0.0,131008.74*62
2021-07-29 14:10:09,648 [INFO] Interpreted as: {'position': (0.0, 0.0), 'latlon': (42.3, -71.1), 'heading': 45.0, 'depth': 1.0, 'altitude': 10.0, 'roll': 0.0, 'pitch': 0.0, 'last_fix_time': datetime.datetime(2021, 7, 29, 13, 10, 8), 'speed': None, 'rudder': 0, 'datum': (42.3, -71.1)}
2021-07-29 14:10:09,649 [INFO] Received from Frontseat: [b'$BFNVG,131007.98,4218.000000,N,07106.000000,W,0,10.0,1.0,45.0,0.0,0.0,131007.98*62', b'$BFNVG,131008.23,4218.000000,N,07106.000000,W,0,10.0,1.0,45.0,0.0,0.0,131008.23*62', b'$BFNVG,131008.49,4218.000000,N,07106.000000,W,0,10.0,1.0,45.0,0.0,0.0,131008.49*62', b'$BFNVG,131008.74,4218.000000,N,07106.000000,W,0,10.0,1.0,45.0,0.0,0.0,131008.74*62']
2021-07-29 14:10:09,650 [INFO] AUV state: {'position': (0.0, 0.0), 'latlon': (42.3, -71.1), 'heading': 45.0, 'depth': 1.0, 'altitude': 10.0, 'roll': 0.0, 'pitch': 0.0, 'last_fix_time': datetime.datetime(2021, 7, 29, 13, 10, 8), 'speed': None, 'rudder': 0, 'datum': (42.3, -71.1)}
2021-07-29 14:10:10,032 [INFO] Next green buoy: [(-0.21993023293121178, -7.6862156757158235)], next red buoy: [(15.437560812208067, -7.329055330858309)]
2021-07-29 14:10:10,033 [INFO] Desired_heading: 52.60881528963843
2021-07-29 14:10:10,033 [INFO] delta angle: 25
2021-07-29 14:10:10,034 [INFO] sending message $BPRMB,131010.62,-25,1,0,1000,0,1*60
...
2021-07-29 14:10:11,036 [INFO] sending message $BPSTS,131011.03,1,BWSI Autonomy OK*44
...
2021-07-29 14:10:11,037 [INFO] Processing: $BFNVG,131009.14,4218.000000,N,07106.000000,W,0,10.0,1.0,45.0,0.0,0.0,131009.14*62
2021-07-29 14:10:11,040 [INFO] Interpreted as: {'position': (0.0, 0.0), 'latlon': (42.3, -71.1), 'heading': 45.0, 'depth': 1.0, 'altitude': 10.0, 'roll': 0.0, 'pitch': 0.0, 'last_fix_time': datetime.datetime(2021, 7, 29, 13, 10, 9), 'speed': None, 'rudder': 0, 'datum': (42.3, -71.1)}
2021-07-29 14:10:11,040 [INFO] Processing: $BFNVG,131009.48,4218.000000,N,07106.000000,W,0,10.0,1.0,45.0,0.0,0.0,131009.48*62
2021-07-29 14:10:11,042 [INFO] Interpreted as: {'position': (0.0, 0.0), 'latlon': (42.3, -71.1), 'heading': 45.0, 'depth': 1.0, 'altitude': 10.0, 'roll': 0.0, 'pitch': 0.0, 'last_fix_time': datetime.datetime(2021, 7, 29, 13, 10, 9), 'speed': None, 'rudder': 0, 'datum': (42.3, -71.1)}
2021-07-29 14:10:11,043 [INFO] Processing: $BFNVG,131009.83,4218.000000,N,07106.000000,W,0,10.0,1.0,45.0,0.0,0.0,131009.83*62
2021-07-29 14:10:11,045 [INFO] Interpreted as: {'position': (0.0, 0.0), 'latlon': (42.3, -71.1), 'heading': 45.0, 'depth': 1.0, 'altitude': 10.0, 'roll': 0.0, 'pitch': 0.0, 'last_fix_time': datetime.datetime(2021, 7, 29, 13, 10, 9), 'speed': None, 'rudder': 0, 'datum': (42.3, -71.1)}
2021-07-29 14:10:11,045 [INFO] Received from Frontseat: [b'$BFNVG,131009.14,4218.000000,N,07106.000000,W,0,10.0,1.0,45.0,0.0,0.0,131009.14*62', b'$BFNVG,131009.48,4218.000000,N,07106.000000,W,0,10.0,1.0,45.0,0.0,0.0,131009.48*62', b'$BFNVG,131009.83,4218.000000,N,07106.000000,W,0,10.0,1.0,45.0,0.0,0.0,131009.83*62']
2021-07-29 14:10:11,046 [INFO] AUV state: {'position': (0.0, 0.0), 'latlon': (42.3, -71.1), 'heading': 45.0, 'depth': 1.0, 'altitude': 10.0, 'roll': 0.0, 'pitch': 0.0, 'last_fix_time': datetime.datetime(2021, 7, 29, 13, 10, 9), 'speed': None, 'rudder': 0, 'datum': (42.3, -71.1)}
2021-07-29 14:10:11,418 [INFO] Next green buoy: [(-0.22035521470194389, -7.708961974233651)], next red buoy: [(15.437560812208067, -7.333901112744751)]
2021-07-29 14:10:11,418 [INFO] Desired_heading: 52.60860279875306
2021-07-29 14:10:11,418 [INFO] delta angle: 25
2021-07-29 14:10:11,419 [INFO] sending message $BPRMB,131011.44,-25,1,0,1000,0,1*65
...
2021-07-29 14:10:12,420 [INFO] sending message $BPSTS,131012.42,1,BWSI Autonomy OK*42
...
2021-07-29 14:10:12,421 [INFO] Processing: $BFNVG,131010.17,4218.000000,N,07106.000000,W,0,10.0,1.0,45.0,0.0,0.0,131010.17*62
2021-07-29 14:10:12,424 [INFO] Interpreted as: {'position': (0.0, 0.0), 'latlon': (42.3, -71.1), 'heading': 45.0, 'depth': 1.0, 'altitude': 10.0, 'roll': 0.0, 'pitch': 0.0, 'last_fix_time': datetime.datetime(2021, 7, 29, 13, 10, 10), 'speed': None, 'rudder': 0, 'datum': (42.3, -71.1)}
2021-07-29 14:10:12,424 [INFO] Processing: $BFNVG,131010.52,4218.000136,N,07105.999818,W,0,10.0,1.0,47.2,0.0,0.0,131010.52*6D
2021-07-29 14:10:12,426 [INFO] Interpreted as: {'position': (0.2562575241900049, 0.24552409444004297), 'latlon': (42.30000226666667, -71.09999696666667), 'heading': 47.2, 'depth': 1.0, 'altitude': 10.0, 'roll': 0.0, 'pitch': 0.0, 'last_fix_time': datetime.datetime(2021, 7, 29, 13, 10, 10), 'speed': None, 'rudder': 0, 'datum': (42.3, -71.1)}
2021-07-29 14:10:12,427 [INFO] Processing: $BFNVG,131010.86,4218.000266,N,07105.999632,W,0,10.0,1.0,49.3,0.0,0.0,131010.86*62
2021-07-29 14:10:12,429 [INFO] Interpreted as: {'position': (0.517736519803293, 0.4798083957284689), 'latlon': (42.300004433333335, -71.09999386666667), 'heading': 49.3, 'depth': 1.0, 'altitude': 10.0, 'roll': 0.0, 'pitch': 0.0, 'last_fix_time': datetime.datetime(2021, 7, 29, 13, 10, 10), 'speed': None, 'rudder': 0, 'datum': (42.3, -71.1)}
2021-07-29 14:10:12,429 [INFO] Processing: $BFNVG,131011.20,4218.000391,N,07105.999439,W,0,10.0,1.0,51.4,0.0,0.0,131011.20*6C
2021-07-29 14:10:12,431 [INFO] Interpreted as: {'position': (0.7886042940663174, 0.7046018857508898), 'latlon': (42.30000651666667, -71.09999065), 'heading': 51.4, 'depth': 1.0, 'altitude': 10.0, 'roll': 0.0, 'pitch': 0.0, 'last_fix_time': datetime.datetime(2021, 7, 29, 13, 10, 11), 'speed': None, 'rudder': 0, 'datum': (42.3, -71.1)}
2021-07-29 14:10:12,432 [INFO] Received from Frontseat: [b'$BFNVG,131010.17,4218.000000,N,07106.000000,W,0,10.0,1.0,45.0,0.0,0.0,131010.17*62', b'$BFNVG,131010.52,4218.000136,N,07105.999818,W,0,10.0,1.0,47.2,0.0,0.0,131010.52*6D', b'$BFNVG,131010.86,4218.000266,N,07105.999632,W,0,10.0,1.0,49.3,0.0,0.0,131010.86*62', b'$BFNVG,131011.20,4218.000391,N,07105.999439,W,0,10.0,1.0,51.4,0.0,0.0,131011.20*6C']
2021-07-29 14:10:12,432 [INFO] AUV state: {'position': (0.7886042940663174, 0.7046018857508898), 'latlon': (42.30000651666667, -71.09999065), 'heading': 51.4, 'depth': 1.0, 'altitude': 10.0, 'roll': 0.0, 'pitch': 0.0, 'last_fix_time': datetime.datetime(2021, 7, 29, 13, 10, 11), 'speed': None, 'rudder': 0, 'datum': (42.3, -71.1)}
2021-07-29 14:10:12,790 [INFO] Next green buoy: [(-7.861444750278925, -8.828852369183794)], next red buoy: [(10.39257218957148, -8.557388565856145)]
2021-07-29 14:10:12,790 [INFO] Desired_heading: 52.66556371964628
2021-07-29 14:10:12,791 [INFO] delta angle: 1.2813212227879434
2021-07-29 14:10:12,791 [INFO] sending message $BPRMB,131013.39,-1.2813212227879434,1,0,1000,0,1*7e
...
2021-07-29 14:10:13,793 [INFO] sending message $BPSTS,131013.79,1,BWSI Autonomy OK*4b
...
2021-07-29 14:10:13,794 [INFO] Processing: $BFNVG,131011.54,4218.000510,N,07105.999240,W,0,10.0,1.0,53.6,0.0,0.0,131011.54*6B
2021-07-29 14:10:13,795 [INFO] Interpreted as: {'position': (1.067441302118823, 0.9180877730250359), 'latlon': (42.3000085, -71.09998733333333), 'heading': 53.6, 'depth': 1.0, 'altitude': 10.0, 'roll': 0.0, 'pitch': 0.0, 'last_fix_time': datetime.datetime(2021, 7, 29, 13, 10, 11), 'speed': None, 'rudder': 0, 'datum': (42.3, -71.1)}
2021-07-29 14:10:13,796 [INFO] Processing: $BFNVG,131011.88,4218.000624,N,07105.999035,W,0,10.0,1.0,55.7,0.0,0.0,131011.88*68
2021-07-29 14:10:13,798 [INFO] Interpreted as: {'position': (1.354293207579758, 1.122116757556796), 'latlon': (42.3000104, -71.09998391666667), 'heading': 55.7, 'depth': 1.0, 'altitude': 10.0, 'roll': 0.0, 'pitch': 0.0, 'last_fix_time': datetime.datetime(2021, 7, 29, 13, 10, 11), 'speed': None, 'rudder': 0, 'datum': (42.3, -71.1)}
2021-07-29 14:10:13,798 [INFO] Processing: $BFNVG,131012.22,4218.000732,N,07105.998825,W,0,10.0,1.0,57.8,0.0,0.0,131012.22*6B
2021-07-29 14:10:13,800 [INFO] Interpreted as: {'position': (1.6477404659963213, 1.314872046932578), 'latlon': (42.3000122, -71.09998041666667), 'heading': 57.8, 'depth': 1.0, 'altitude': 10.0, 'roll': 0.0, 'pitch': 0.0, 'last_fix_time': datetime.datetime(2021, 7, 29, 13, 10, 12), 'speed': None, 'rudder': 0, 'datum': (42.3, -71.1)}
2021-07-29 14:10:13,801 [INFO] Processing: $BFNVG,131012.56,4218.000833,N,07105.998610,W,0,10.0,1.0,60.0,0.0,0.0,131012.56*61
2021-07-29 14:10:13,803 [INFO] Interpreted as: {'position': (1.9477374044363387, 1.4945029448717833), 'latlon': (42.300013883333335, -71.09997683333333), 'heading': 60.0, 'depth': 1.0, 'altitude': 10.0, 'roll': 0.0, 'pitch': 0.0, 'last_fix_time': datetime.datetime(2021, 7, 29, 13, 10, 12), 'speed': None, 'rudder': 0, 'datum': (42.3, -71.1)}
2021-07-29 14:10:13,804 [INFO] Received from Frontseat: [b'$BFNVG,131011.54,4218.000510,N,07105.999240,W,0,10.0,1.0,53.6,0.0,0.0,131011.54*6B', b'$BFNVG,131011.88,4218.000624,N,07105.999035,W,0,10.0,1.0,55.7,0.0,0.0,131011.88*68', b'$BFNVG,131012.22,4218.000732,N,07105.998825,W,0,10.0,1.0,57.8,0.0,0.0,131012.22*6B', b'$BFNVG,131012.56,4218.000833,N,07105.998610,W,0,10.0,1.0,60.0,0.0,0.0,131012.56*61']
2021-07-29 14:10:13,804 [INFO] AUV state: {'position': (1.9477374044363387, 1.4945029448717833), 'latlon': (42.300013883333335, -71.09997683333333), 'heading': 60.0, 'depth': 1.0, 'altitude': 10.0, 'roll': 0.0, 'pitch': 0.0, 'last_fix_time': datetime.datetime(2021, 7, 29, 13, 10, 12), 'speed': None, 'rudder': 0, 'datum': (42.3, -71.1)}
2021-07-29 14:10:14,180 [INFO] Next green buoy: [(-19.886516571309432, -10.922098084408223)], next red buoy: [(2.296848042284099, -10.571573235105818)]
2021-07-29 14:10:14,180 [INFO] Desired_heading: 51.205165735487334
2021-07-29 14:10:14,181 [INFO] delta angle: -25
2021-07-29 14:10:14,181 [INFO] sending message $BPRMB,131014.19,25,1,0,1000,0,1*45
...
2021-07-29 14:10:15,183 [INFO] sending message $BPSTS,131015.18,1,BWSI Autonomy OK*4a
...
2021-07-29 14:10:15,184 [INFO] Processing: $BFNVG,131012.91,4218.000929,N,07105.998390,W,0,10.0,1.0,62.1,0.0,0.0,131012.91*65
2021-07-29 14:10:15,186 [INFO] Interpreted as: {'position': (2.254375366901513, 1.6647108476608992), 'latlon': (42.30001548333333, -71.09997316666667), 'heading': 62.1, 'depth': 1.0, 'altitude': 10.0, 'roll': 0.0, 'pitch': 0.0, 'last_fix_time': datetime.datetime(2021, 7, 29, 13, 10, 12), 'speed': None, 'rudder': 0, 'datum': (42.3, -71.1)}
2021-07-29 14:10:15,186 [INFO] Processing: $BFNVG,131013.25,4218.001022,N,07105.998166,W,0,10.0,1.0,62.2,0.0,0.0,131013.25*6E
2021-07-29 14:10:15,188 [INFO] Interpreted as: {'position': (2.566371817549225, 1.8292310517281294), 'latlon': (42.30001703333333, -71.09996943333333), 'heading': 62.2, 'depth': 1.0, 'altitude': 10.0, 'roll': 0.0, 'pitch': 0.0, 'last_fix_time': datetime.datetime(2021, 7, 29, 13, 10, 13), 'speed': None, 'rudder': 0, 'datum': (42.3, -71.1)}
2021-07-29 14:10:15,189 [INFO] Processing: $BFNVG,131013.59,4218.001116,N,07105.997939,W,0,10.0,1.0,62.3,0.0,0.0,131013.59*64
2021-07-29 14:10:15,191 [INFO] Interpreted as: {'position': (2.8825355648295954, 1.9955002563074231), 'latlon': (42.3000186, -71.09996565), 'heading': 62.3, 'depth': 1.0, 'altitude': 10.0, 'roll': 0.0, 'pitch': 0.0, 'last_fix_time': datetime.datetime(2021, 7, 29, 13, 10, 13), 'speed': None, 'rudder': 0, 'datum': (42.3, -71.1)}
2021-07-29 14:10:15,192 [INFO] Processing: $BFNVG,131013.94,4218.001209,N,07105.997714,W,0,10.0,1.0,62.4,0.0,0.0,131013.94*6F
2021-07-29 14:10:15,193 [INFO] Interpreted as: {'position': (3.1959058644715697, 2.1599865835160017), 'latlon': (42.30002015, -71.0999619), 'heading': 62.4, 'depth': 1.0, 'altitude': 10.0, 'roll': 0.0, 'pitch': 0.0, 'last_fix_time': datetime.datetime(2021, 7, 29, 13, 10, 13), 'speed': None, 'rudder': 0, 'datum': (42.3, -71.1)}
2021-07-29 14:10:15,194 [INFO] Received from Frontseat: [b'$BFNVG,131012.91,4218.000929,N,07105.998390,W,0,10.0,1.0,62.1,0.0,0.0,131012.91*65', b'$BFNVG,131013.25,4218.001022,N,07105.998166,W,0,10.0,1.0,62.2,0.0,0.0,131013.25*6E', b'$BFNVG,131013.59,4218.001116,N,07105.997939,W,0,10.0,1.0,62.3,0.0,0.0,131013.59*64', b'$BFNVG,131013.94,4218.001209,N,07105.997714,W,0,10.0,1.0,62.4,0.0,0.0,131013.94*6F']
2021-07-29 14:10:15,195 [INFO] AUV state: {'position': (3.1959058644715697, 2.1599865835160017), 'latlon': (42.30002015, -71.0999619), 'heading': 62.4, 'depth': 1.0, 'altitude': 10.0, 'roll': 0.0, 'pitch': 0.0, 'last_fix_time': datetime.datetime(2021, 7, 29, 13, 10, 13), 'speed': None, 'rudder': 0, 'datum': (42.3, -71.1)}
2021-07-29 14:10:15,569 [INFO] Next green buoy: [], next red buoy: [(-0.3343352041711018, -13.987027081895626)]
2021-07-29 14:10:15,570 [INFO] Desired_heading: 62.065664795828894
2021-07-29 14:10:15,570 [INFO] delta angle: -0.08942402299851437
2021-07-29 14:10:15,570 [INFO] sending message $BPRMB,131016.17,0.08942402299851437,1,0,1000,0,1*6f
...
2021-07-29 14:10:16,572 [INFO] sending message $BPSTS,131016.57,1,BWSI Autonomy OK*42
...
2021-07-29 14:10:16,573 [INFO] Processing: $BFNVG,131014.28,4218.001301,N,07105.997489,W,0,10.0,1.0,62.5,0.0,0.0,131014.28*60
2021-07-29 14:10:16,581 [INFO] Interpreted as: {'position': (3.5092304778518155, 2.3226222284138203), 'latlon': (42.300021683333334, -71.09995815), 'heading': 62.5, 'depth': 1.0, 'altitude': 10.0, 'roll': 0.0, 'pitch': 0.0, 'last_fix_time': datetime.datetime(2021, 7, 29, 13, 10, 14), 'speed': None, 'rudder': 0, 'datum': (42.3, -71.1)}
2021-07-29 14:10:16,581 [INFO] Processing: $BFNVG,131014.62,4218.001396,N,07105.997268,W,0,10.0,1.0,60.4,0.0,0.0,131014.62*64
2021-07-29 14:10:16,583 [INFO] Interpreted as: {'position': (3.817196572374087, 2.4909455943852663), 'latlon': (42.30002326666666, -71.09995446666667), 'heading': 60.4, 'depth': 1.0, 'altitude': 10.0, 'roll': 0.0, 'pitch': 0.0, 'last_fix_time': datetime.datetime(2021, 7, 29, 13, 10, 14), 'speed': None, 'rudder': 0, 'datum': (42.3, -71.1)}
2021-07-29 14:10:16,584 [INFO] Processing: $BFNVG,131014.97,4218.001497,N,07105.997050,W,0,10.0,1.0,58.3,0.0,0.0,131014.97*67
2021-07-29 14:10:16,586 [INFO] Interpreted as: {'position': (4.121315040276386, 2.6704748710617423), 'latlon': (42.30002495, -71.09995083333334), 'heading': 58.3, 'depth': 1.0, 'altitude': 10.0, 'roll': 0.0, 'pitch': 0.0, 'last_fix_time': datetime.datetime(2021, 7, 29, 13, 10, 14), 'speed': None, 'rudder': 0, 'datum': (42.3, -71.1)}
2021-07-29 14:10:16,586 [INFO] Processing: $BFNVG,131015.31,4218.001604,N,07105.996837,W,0,10.0,1.0,56.1,0.0,0.0,131015.31*6B
2021-07-29 14:10:16,588 [INFO] Interpreted as: {'position': (4.418838121928275, 2.861277861520648), 'latlon': (42.30002673333333, -71.09994728333334), 'heading': 56.1, 'depth': 1.0, 'altitude': 10.0, 'roll': 0.0, 'pitch': 0.0, 'last_fix_time': datetime.datetime(2021, 7, 29, 13, 10, 15), 'speed': None, 'rudder': 0, 'datum': (42.3, -71.1)}
2021-07-29 14:10:16,589 [INFO] Received from Frontseat: [b'$BFNVG,131014.28,4218.001301,N,07105.997489,W,0,10.0,1.0,62.5,0.0,0.0,131014.28*60', b'$BFNVG,131014.62,4218.001396,N,07105.997268,W,0,10.0,1.0,60.4,0.0,0.0,131014.62*64', b'$BFNVG,131014.97,4218.001497,N,07105.997050,W,0,10.0,1.0,58.3,0.0,0.0,131014.97*67', b'$BFNVG,131015.31,4218.001604,N,07105.996837,W,0,10.0,1.0,56.1,0.0,0.0,131015.31*6B']
2021-07-29 14:10:16,590 [INFO] AUV state: {'position': (4.418838121928275, 2.861277861520648), 'latlon': (42.30002673333333, -71.09994728333334), 'heading': 56.1, 'depth': 1.0, 'altitude': 10.0, 'roll': 0.0, 'pitch': 0.0, 'last_fix_time': datetime.datetime(2021, 7, 29, 13, 10, 15), 'speed': None, 'rudder': 0, 'datum': (42.3, -71.1)}
2021-07-29 14:10:16,956 [INFO] Next green buoy: [], next red buoy: [(7.557716670233718, -20.602677134810843), (-16.738141273044267, -5.026361713210614)]
2021-07-29 14:10:16,956 [INFO] Desired_heading: 63.65771667023372
2021-07-29 14:10:16,956 [INFO] delta angle: 25
2021-07-29 14:10:16,957 [INFO] sending message $BPRMB,131016.96,-25,1,0,1000,0,1*6d
...
2021-07-29 14:10:17,958 [INFO] sending message $BPSTS,131017.95,1,BWSI Autonomy OK*4d
...
2021-07-29 14:10:17,960 [INFO] Processing: $BFNVG,131015.65,4218.001717,N,07105.996632,W,0,10.0,1.0,54.0,0.0,0.0,131015.65*60
2021-07-29 14:10:17,962 [INFO] Interpreted as: {'position': (4.705644178960938, 3.063456282019615), 'latlon': (42.300028616666665, -71.09994386666666), 'heading': 54.0, 'depth': 1.0, 'altitude': 10.0, 'roll': 0.0, 'pitch': 0.0, 'last_fix_time': datetime.datetime(2021, 7, 29, 13, 10, 15), 'speed': None, 'rudder': 0, 'datum': (42.3, -71.1)}
2021-07-29 14:10:17,963 [INFO] Processing: $BFNVG,131015.99,4218.001833,N,07105.996428,W,0,10.0,1.0,54.0,0.0,0.0,131015.99*60
2021-07-29 14:10:17,965 [INFO] Interpreted as: {'position': (4.991213352652267, 3.2712207082659006), 'latlon': (42.30003055, -71.09994046666667), 'heading': 54.0, 'depth': 1.0, 'altitude': 10.0, 'roll': 0.0, 'pitch': 0.0, 'last_fix_time': datetime.datetime(2021, 7, 29, 13, 10, 15), 'speed': None, 'rudder': 0, 'datum': (42.3, -71.1)}
2021-07-29 14:10:17,966 [INFO] Processing: $BFNVG,131016.34,4218.001950,N,07105.996222,W,0,10.0,1.0,54.0,0.0,0.0,131016.34*68
2021-07-29 14:10:17,968 [INFO] Interpreted as: {'position': (5.279575938242488, 3.4807680351659656), 'latlon': (42.3000325, -71.09993703333333), 'heading': 54.0, 'depth': 1.0, 'altitude': 10.0, 'roll': 0.0, 'pitch': 0.0, 'last_fix_time': datetime.datetime(2021, 7, 29, 13, 10, 16), 'speed': None, 'rudder': 0, 'datum': (42.3, -71.1)}
2021-07-29 14:10:17,969 [INFO] Processing: $BFNVG,131016.69,4218.002067,N,07105.996016,W,0,10.0,1.0,54.0,0.0,0.0,131016.69*63
2021-07-29 14:10:17,972 [INFO] Interpreted as: {'position': (5.56793850439135, 3.6903153732419014), 'latlon': (42.30003445, -71.0999336), 'heading': 54.0, 'depth': 1.0, 'altitude': 10.0, 'roll': 0.0, 'pitch': 0.0, 'last_fix_time': datetime.datetime(2021, 7, 29, 13, 10, 16), 'speed': None, 'rudder': 0, 'datum': (42.3, -71.1)}
2021-07-29 14:10:17,974 [INFO] Received from Frontseat: [b'$BFNVG,131015.65,4218.001717,N,07105.996632,W,0,10.0,1.0,54.0,0.0,0.0,131015.65*60', b'$BFNVG,131015.99,4218.001833,N,07105.996428,W,0,10.0,1.0,54.0,0.0,0.0,131015.99*60', b'$BFNVG,131016.34,4218.001950,N,07105.996222,W,0,10.0,1.0,54.0,0.0,0.0,131016.34*68', b'$BFNVG,131016.69,4218.002067,N,07105.996016,W,0,10.0,1.0,54.0,0.0,0.0,131016.69*63']
2021-07-29 14:10:17,975 [INFO] AUV state: {'position': (5.56793850439135, 3.6903153732419014), 'latlon': (42.30003445, -71.0999336), 'heading': 54.0, 'depth': 1.0, 'altitude': 10.0, 'roll': 0.0, 'pitch': 0.0, 'last_fix_time': datetime.datetime(2021, 7, 29, 13, 10, 16), 'speed': None, 'rudder': 0, 'datum': (42.3, -71.1)}
2021-07-29 14:10:18,383 [INFO] Next green buoy: [], next red buoy: [(17.99882947517629, -23.74447240863525), (-16.407620054727463, -5.6859599705261274)]
2021-07-29 14:10:18,383 [INFO] Desired_heading: 71.9988294751763
2021-07-29 14:10:18,384 [INFO] delta angle: -25
2021-07-29 14:10:18,384 [INFO] sending message $BPRMB,131018.94,25,1,0,1000,0,1*4c
...
2021-07-29 14:10:19,386 [INFO] sending message $BPSTS,131019.38,1,BWSI Autonomy OK*44
...
2021-07-29 14:10:19,388 [INFO] Processing: $BFNVG,131017.04,4218.002188,N,07105.995804,W,0,10.0,1.0,53.9,0.0,0.0,131017.04*65
2021-07-29 14:10:19,390 [INFO] Interpreted as: {'position': (5.864727013860829, 3.9070620872080326), 'latlon': (42.30003646666667, -71.09993006666667), 'heading': 53.9, 'depth': 1.0, 'altitude': 10.0, 'roll': 0.0, 'pitch': 0.0, 'last_fix_time': datetime.datetime(2021, 7, 29, 13, 10, 17), 'speed': None, 'rudder': 0, 'datum': (42.3, -71.1)}
2021-07-29 14:10:19,391 [INFO] Processing: $BFNVG,131017.39,4218.002301,N,07105.995597,W,0,10.0,1.0,56.1,0.0,0.0,131017.39*6C
2021-07-29 14:10:19,393 [INFO] Interpreted as: {'position': (6.15428074169904, 4.109172757714987), 'latlon': (42.30003835, -71.09992661666666), 'heading': 56.1, 'depth': 1.0, 'altitude': 10.0, 'roll': 0.0, 'pitch': 0.0, 'last_fix_time': datetime.datetime(2021, 7, 29, 13, 10, 17), 'speed': None, 'rudder': 0, 'datum': (42.3, -71.1)}
2021-07-29 14:10:19,394 [INFO] Processing: $BFNVG,131017.74,4218.002410,N,07105.995381,W,0,10.0,1.0,58.3,0.0,0.0,131017.74*66
2021-07-29 14:10:19,396 [INFO] Interpreted as: {'position': (6.456016685348004, 4.303575514815748), 'latlon': (42.30004016666667, -71.09992301666666), 'heading': 58.3, 'depth': 1.0, 'altitude': 10.0, 'roll': 0.0, 'pitch': 0.0, 'last_fix_time': datetime.datetime(2021, 7, 29, 13, 10, 17), 'speed': None, 'rudder': 0, 'datum': (42.3, -71.1)}
2021-07-29 14:10:19,397 [INFO] Processing: $BFNVG,131018.09,4218.002515,N,07105.995156,W,0,10.0,1.0,60.5,0.0,0.0,131018.09*67
2021-07-29 14:10:19,400 [INFO] Interpreted as: {'position': (6.769934838404879, 4.490270361304283), 'latlon': (42.300041916666665, -71.09991926666666), 'heading': 60.5, 'depth': 1.0, 'altitude': 10.0, 'roll': 0.0, 'pitch': 0.0, 'last_fix_time': datetime.datetime(2021, 7, 29, 13, 10, 18), 'speed': None, 'rudder': 0, 'datum': (42.3, -71.1)}
2021-07-29 14:10:19,402 [INFO] Received from Frontseat: [b'$BFNVG,131017.04,4218.002188,N,07105.995804,W,0,10.0,1.0,53.9,0.0,0.0,131017.04*65', b'$BFNVG,131017.39,4218.002301,N,07105.995597,W,0,10.0,1.0,56.1,0.0,0.0,131017.39*6C', b'$BFNVG,131017.74,4218.002410,N,07105.995381,W,0,10.0,1.0,58.3,0.0,0.0,131017.74*66', b'$BFNVG,131018.09,4218.002515,N,07105.995156,W,0,10.0,1.0,60.5,0.0,0.0,131018.09*67']
2021-07-29 14:10:19,403 [INFO] AUV state: {'position': (6.769934838404879, 4.490270361304283), 'latlon': (42.300041916666665, -71.09991926666666), 'heading': 60.5, 'depth': 1.0, 'altitude': 10.0, 'roll': 0.0, 'pitch': 0.0, 'last_fix_time': datetime.datetime(2021, 7, 29, 13, 10, 18), 'speed': None, 'rudder': 0, 'datum': (42.3, -71.1)}
2021-07-29 14:10:19,756 [INFO] Next green buoy: [], next red buoy: [(-25.304273684320886, -6.425229174461853)]
2021-07-29 14:10:19,757 [INFO] Desired_heading: 35.19572631567911
2021-07-29 14:10:19,758 [INFO] delta angle: -25
2021-07-29 14:10:19,758 [INFO] sending message $BPRMB,131019.82,25,1,0,1000,0,1*4a
...
2021-07-29 14:10:20,760 [INFO] sending message $BPSTS,131020.76,1,BWSI Autonomy OK*44
...
2021-07-29 14:10:20,761 [INFO] Processing: $BFNVG,131018.45,4218.002613,N,07105.994925,W,0,10.0,1.0,62.7,0.0,0.0,131018.45*6F
2021-07-29 14:10:20,764 [INFO] Interpreted as: {'position': (7.091776555636898, 4.663806922733784), 'latlon': (42.30004355, -71.09991541666666), 'heading': 62.7, 'depth': 1.0, 'altitude': 10.0, 'roll': 0.0, 'pitch': 0.0, 'last_fix_time': datetime.datetime(2021, 7, 29, 13, 10, 18), 'speed': None, 'rudder': 0, 'datum': (42.3, -71.1)}
2021-07-29 14:10:20,764 [INFO] Processing: $BFNVG,131018.79,4218.002707,N,07105.994702,W,0,10.0,1.0,60.6,0.0,0.0,131018.79*63
2021-07-29 14:10:20,766 [INFO] Interpreted as: {'position': (7.40244454506319, 4.830211937427521), 'latlon': (42.300045116666666, -71.0999117), 'heading': 60.6, 'depth': 1.0, 'altitude': 10.0, 'roll': 0.0, 'pitch': 0.0, 'last_fix_time': datetime.datetime(2021, 7, 29, 13, 10, 18), 'speed': None, 'rudder': 0, 'datum': (42.3, -71.1)}
2021-07-29 14:10:20,767 [INFO] Processing: $BFNVG,131019.13,4218.002808,N,07105.994484,W,0,10.0,1.0,58.4,0.0,0.0,131019.13*67
2021-07-29 14:10:20,769 [INFO] Interpreted as: {'position': (7.706562816281803, 5.0097413612529635), 'latlon': (42.3000468, -71.09990806666667), 'heading': 58.4, 'depth': 1.0, 'altitude': 10.0, 'roll': 0.0, 'pitch': 0.0, 'last_fix_time': datetime.datetime(2021, 7, 29, 13, 10, 19), 'speed': None, 'rudder': 0, 'datum': (42.3, -71.1)}
2021-07-29 14:10:20,769 [INFO] Processing: $BFNVG,131019.48,4218.002917,N,07105.994267,W,0,10.0,1.0,56.2,0.0,0.0,131019.48*6B
2021-07-29 14:10:20,771 [INFO] Interpreted as: {'position': (8.009672555490397, 5.204110280610621), 'latlon': (42.300048616666665, -71.09990445), 'heading': 56.2, 'depth': 1.0, 'altitude': 10.0, 'roll': 0.0, 'pitch': 0.0, 'last_fix_time': datetime.datetime(2021, 7, 29, 13, 10, 19), 'speed': None, 'rudder': 0, 'datum': (42.3, -71.1)}
2021-07-29 14:10:20,772 [INFO] Received from Frontseat: [b'$BFNVG,131018.45,4218.002613,N,07105.994925,W,0,10.0,1.0,62.7,0.0,0.0,131018.45*6F', b'$BFNVG,131018.79,4218.002707,N,07105.994702,W,0,10.0,1.0,60.6,0.0,0.0,131018.79*63', b'$BFNVG,131019.13,4218.002808,N,07105.994484,W,0,10.0,1.0,58.4,0.0,0.0,131019.13*67', b'$BFNVG,131019.48,4218.002917,N,07105.994267,W,0,10.0,1.0,56.2,0.0,0.0,131019.48*6B']
2021-07-29 14:10:20,772 [INFO] AUV state: {'position': (8.009672555490397, 5.204110280610621), 'latlon': (42.300048616666665, -71.09990445), 'heading': 56.2, 'depth': 1.0, 'altitude': 10.0, 'roll': 0.0, 'pitch': 0.0, 'last_fix_time': datetime.datetime(2021, 7, 29, 13, 10, 19), 'speed': None, 'rudder': 0, 'datum': (42.3, -71.1)}
2021-07-29 14:10:21,136 [INFO] Next green buoy: [], next red buoy: [(-25.041393510607058, -7.438301970814693), (-10.989415212636727, -4.716399518899028)]
2021-07-29 14:10:21,136 [INFO] Desired_heading: 31.158606489392945
2021-07-29 14:10:21,137 [INFO] delta angle: -25
2021-07-29 14:10:21,137 [INFO] sending message $BPRMB,131021.69,25,1,0,1000,0,1*44
...
2021-07-29 14:10:22,139 [INFO] sending message $BPSTS,131022.13,1,BWSI Autonomy OK*45
...
2021-07-29 14:10:22,140 [INFO] Processing: $BFNVG,131019.84,4218.003036,N,07105.994049,W,0,10.0,1.0,54.0,0.0,0.0,131019.84*6E
2021-07-29 14:10:22,147 [INFO] Interpreted as: {'position': (8.31461285171099, 5.416952279396355), 'latlon': (42.3000506, -71.09990081666666), 'heading': 54.0, 'depth': 1.0, 'altitude': 10.0, 'roll': 0.0, 'pitch': 0.0, 'last_fix_time': datetime.datetime(2021, 7, 29, 13, 10, 19), 'speed': None, 'rudder': 0, 'datum': (42.3, -71.1)}
2021-07-29 14:10:22,147 [INFO] Processing: $BFNVG,131020.20,4218.003160,N,07105.993840,W,0,10.0,1.0,51.7,0.0,0.0,131020.20*68
2021-07-29 14:10:22,149 [INFO] Interpreted as: {'position': (8.607416575134266, 5.639352907426655), 'latlon': (42.300052666666666, -71.09989733333333), 'heading': 51.7, 'depth': 1.0, 'altitude': 10.0, 'roll': 0.0, 'pitch': 0.0, 'last_fix_time': datetime.datetime(2021, 7, 29, 13, 10, 20), 'speed': None, 'rudder': 0, 'datum': (42.3, -71.1)}
2021-07-29 14:10:22,150 [INFO] Processing: $BFNVG,131020.55,4218.003287,N,07105.993641,W,0,10.0,1.0,49.6,0.0,0.0,131020.55*65
2021-07-29 14:10:22,152 [INFO] Interpreted as: {'position': (8.88661849917844, 5.8676446713507175), 'latlon': (42.30005478333333, -71.09989401666667), 'heading': 49.6, 'depth': 1.0, 'altitude': 10.0, 'roll': 0.0, 'pitch': 0.0, 'last_fix_time': datetime.datetime(2021, 7, 29, 13, 10, 20), 'speed': None, 'rudder': 0, 'datum': (42.3, -71.1)}
2021-07-29 14:10:22,153 [INFO] Processing: $BFNVG,131020.90,4218.003420,N,07105.993449,W,0,10.0,1.0,47.4,0.0,0.0,131020.90*68
2021-07-29 14:10:22,154 [INFO] Interpreted as: {'position': (9.156477273674682, 6.107277952134609), 'latlon': (42.300057, -71.09989081666667), 'heading': 47.4, 'depth': 1.0, 'altitude': 10.0, 'roll': 0.0, 'pitch': 0.0, 'last_fix_time': datetime.datetime(2021, 7, 29, 13, 10, 20), 'speed': None, 'rudder': 0, 'datum': (42.3, -71.1)}
2021-07-29 14:10:22,155 [INFO] Received from Frontseat: [b'$BFNVG,131019.84,4218.003036,N,07105.994049,W,0,10.0,1.0,54.0,0.0,0.0,131019.84*6E', b'$BFNVG,131020.20,4218.003160,N,07105.993840,W,0,10.0,1.0,51.7,0.0,0.0,131020.20*68', b'$BFNVG,131020.55,4218.003287,N,07105.993641,W,0,10.0,1.0,49.6,0.0,0.0,131020.55*65', b'$BFNVG,131020.90,4218.003420,N,07105.993449,W,0,10.0,1.0,47.4,0.0,0.0,131020.90*68']
2021-07-29 14:10:22,156 [INFO] AUV state: {'position': (9.156477273674682, 6.107277952134609), 'latlon': (42.300057, -71.09989081666667), 'heading': 47.4, 'depth': 1.0, 'altitude': 10.0, 'roll': 0.0, 'pitch': 0.0, 'last_fix_time': datetime.datetime(2021, 7, 29, 13, 10, 20), 'speed': None, 'rudder': 0, 'datum': (42.3, -71.1)}
2021-07-29 14:10:22,496 [INFO] Next green buoy: [], next red buoy: [(-20.694266448842246, -8.9898870234349), (-2.1317757686672936, -5.363858665492986)]
2021-07-29 14:10:22,497 [INFO] Desired_heading: 26.705733551157753
2021-07-29 14:10:22,497 [INFO] delta angle: 17.397868915457707
2021-07-29 14:10:22,498 [INFO] sending message $BPRMB,131022.58,-17.397868915457707,1,0,1000,0,1*77
...
2021-07-29 14:10:23,499 [INFO] sending message $BPSTS,131023.49,1,BWSI Autonomy OK*4b
...
2021-07-29 14:10:23,501 [INFO] Processing: $BFNVG,131021.25,4218.003555,N,07105.993267,W,0,10.0,1.0,45.2,0.0,0.0,131021.25*65
2021-07-29 14:10:23,503 [INFO] Interpreted as: {'position': (9.412688588316087, 6.350951668806374), 'latlon': (42.30005925, -71.09988778333333), 'heading': 45.2, 'depth': 1.0, 'altitude': 10.0, 'roll': 0.0, 'pitch': 0.0, 'last_fix_time': datetime.datetime(2021, 7, 29, 13, 10, 21), 'speed': None, 'rudder': 0, 'datum': (42.3, -71.1)}
2021-07-29 14:10:23,504 [INFO] Processing: $BFNVG,131021.59,4218.003697,N,07105.993091,W,0,10.0,1.0,43.0,0.0,0.0,131021.59*67
2021-07-29 14:10:23,506 [INFO] Interpreted as: {'position': (9.660976297862362, 6.607783694751561), 'latlon': (42.30006161666667, -71.09988485), 'heading': 43.0, 'depth': 1.0, 'altitude': 10.0, 'roll': 0.0, 'pitch': 0.0, 'last_fix_time': datetime.datetime(2021, 7, 29, 13, 10, 21), 'speed': None, 'rudder': 0, 'datum': (42.3, -71.1)}
2021-07-29 14:10:23,507 [INFO] Processing: $BFNVG,131021.94,4218.003844,N,07105.992922,W,0,10.0,1.0,40.9,0.0,0.0,131021.94*6D
2021-07-29 14:10:23,509 [INFO] Interpreted as: {'position': (9.899875188595615, 6.874106535688043), 'latlon': (42.300064066666664, -71.09988203333333), 'heading': 40.9, 'depth': 1.0, 'altitude': 10.0, 'roll': 0.0, 'pitch': 0.0, 'last_fix_time': datetime.datetime(2021, 7, 29, 13, 10, 21), 'speed': None, 'rudder': 0, 'datum': (42.3, -71.1)}
2021-07-29 14:10:23,510 [INFO] Processing: $BFNVG,131022.29,4218.003994,N,07105.992762,W,0,10.0,1.0,38.7,0.0,0.0,131022.29*6A
2021-07-29 14:10:23,512 [INFO] Interpreted as: {'position': (10.126546165032778, 7.146286603063345), 'latlon': (42.300066566666665, -71.09987936666667), 'heading': 38.7, 'depth': 1.0, 'altitude': 10.0, 'roll': 0.0, 'pitch': 0.0, 'last_fix_time': datetime.datetime(2021, 7, 29, 13, 10, 22), 'speed': None, 'rudder': 0, 'datum': (42.3, -71.1)}
2021-07-29 14:10:23,513 [INFO] Received from Frontseat: [b'$BFNVG,131021.25,4218.003555,N,07105.993267,W,0,10.0,1.0,45.2,0.0,0.0,131021.25*65', b'$BFNVG,131021.59,4218.003697,N,07105.993091,W,0,10.0,1.0,43.0,0.0,0.0,131021.59*67', b'$BFNVG,131021.94,4218.003844,N,07105.992922,W,0,10.0,1.0,40.9,0.0,0.0,131021.94*6D', b'$BFNVG,131022.29,4218.003994,N,07105.992762,W,0,10.0,1.0,38.7,0.0,0.0,131022.29*6A']
2021-07-29 14:10:23,513 [INFO] AUV state: {'position': (10.126546165032778, 7.146286603063345), 'latlon': (42.300066566666665, -71.09987936666667), 'heading': 38.7, 'depth': 1.0, 'altitude': 10.0, 'roll': 0.0, 'pitch': 0.0, 'last_fix_time': datetime.datetime(2021, 7, 29, 13, 10, 22), 'speed': None, 'rudder': 0, 'datum': (42.3, -71.1)}
2021-07-29 14:10:23,875 [INFO] Next green buoy: [], next red buoy: [(-15.7951187736316, -11.201610320779041), (7.961856821078234, -6.049261815833749)]
2021-07-29 14:10:23,875 [INFO] Desired_heading: 22.904881226368403
2021-07-29 14:10:23,875 [INFO] delta angle: 25
2021-07-29 14:10:23,876 [INFO] sending message $BPRMB,131024.41,-25,1,0,1000,0,1*66
...
2021-07-29 14:10:24,877 [INFO] sending message $BPSTS,131024.87,1,BWSI Autonomy OK*4e
...
2021-07-29 14:10:24,878 [INFO] Processing: $BFNVG,131022.63,4218.004149,N,07105.992609,W,0,10.0,1.0,36.5,0.0,0.0,131022.63*65
2021-07-29 14:10:24,880 [INFO] Interpreted as: {'position': (10.343828323530033, 7.42795748449862), 'latlon': (42.30006915, -71.09987681666667), 'heading': 36.5, 'depth': 1.0, 'altitude': 10.0, 'roll': 0.0, 'pitch': 0.0, 'last_fix_time': datetime.datetime(2021, 7, 29, 13, 10, 22), 'speed': None, 'rudder': 0, 'datum': (42.3, -71.1)}
2021-07-29 14:10:24,881 [INFO] Processing: $BFNVG,131022.97,4218.004304,N,07105.992458,W,0,10.0,1.0,38.0,0.0,0.0,131022.97*63
2021-07-29 14:10:24,883 [INFO] Interpreted as: {'position': (10.558362710813526, 7.709696179255843), 'latlon': (42.30007173333333, -71.0998743), 'heading': 38.0, 'depth': 1.0, 'altitude': 10.0, 'roll': 0.0, 'pitch': 0.0, 'last_fix_time': datetime.datetime(2021, 7, 29, 13, 10, 22), 'speed': None, 'rudder': 0, 'datum': (42.3, -71.1)}
2021-07-29 14:10:24,883 [INFO] Processing: $BFNVG,131023.33,4218.004460,N,07105.992297,W,0,10.0,1.0,39.6,0.0,0.0,131023.33*64
2021-07-29 14:10:24,885 [INFO] Interpreted as: {'position': (10.786681532626972, 7.992946546524763), 'latlon': (42.300074333333335, -71.09987161666666), 'heading': 39.6, 'depth': 1.0, 'altitude': 10.0, 'roll': 0.0, 'pitch': 0.0, 'last_fix_time': datetime.datetime(2021, 7, 29, 13, 10, 23), 'speed': None, 'rudder': 0, 'datum': (42.3, -71.1)}
2021-07-29 14:10:24,886 [INFO] Processing: $BFNVG,131023.68,4218.004610,N,07105.992134,W,0,10.0,1.0,41.1,0.0,0.0,131023.68*63
2021-07-29 14:10:24,888 [INFO] Interpreted as: {'position': (11.017474072694313, 8.265024932101369), 'latlon': (42.300076833333335, -71.0998689), 'heading': 41.1, 'depth': 1.0, 'altitude': 10.0, 'roll': 0.0, 'pitch': 0.0, 'last_fix_time': datetime.datetime(2021, 7, 29, 13, 10, 23), 'speed': None, 'rudder': 0, 'datum': (42.3, -71.1)}
2021-07-29 14:10:24,889 [INFO] Received from Frontseat: [b'$BFNVG,131022.63,4218.004149,N,07105.992609,W,0,10.0,1.0,36.5,0.0,0.0,131022.63*65', b'$BFNVG,131022.97,4218.004304,N,07105.992458,W,0,10.0,1.0,38.0,0.0,0.0,131022.97*63', b'$BFNVG,131023.33,4218.004460,N,07105.992297,W,0,10.0,1.0,39.6,0.0,0.0,131023.33*64', b'$BFNVG,131023.68,4218.004610,N,07105.992134,W,0,10.0,1.0,41.1,0.0,0.0,131023.68*63']
2021-07-29 14:10:24,889 [INFO] AUV state: {'position': (11.017474072694313, 8.265024932101369), 'latlon': (42.300076833333335, -71.0998689), 'heading': 41.1, 'depth': 1.0, 'altitude': 10.0, 'roll': 0.0, 'pitch': 0.0, 'last_fix_time': datetime.datetime(2021, 7, 29, 13, 10, 23), 'speed': None, 'rudder': 0, 'datum': (42.3, -71.1)}
2021-07-29 14:10:25,239 [INFO] Next green buoy: [(-2.382808251307539, -6.046284899249625)], next red buoy: [(-23.12615395413297, -14.948000655051633), (6.601483518050728, -7.016451925240238)]
2021-07-29 14:10:25,240 [INFO] Desired_heading: 28.345518897279746
2021-07-29 14:10:25,240 [INFO] delta angle: -25
2021-07-29 14:10:25,240 [INFO] sending message $BPRMB,131025.33,25,1,0,1000,0,1*4f
...
2021-07-29 14:10:26,242 [INFO] sending message $BPSTS,131026.24,1,BWSI Autonomy OK*45
...
2021-07-29 14:10:26,243 [INFO] Processing: $BFNVG,131024.03,4218.004761,N,07105.991961,W,0,10.0,1.0,42.6,0.0,0.0,131024.03*6B
2021-07-29 14:10:26,245 [INFO] Interpreted as: {'position': (11.26205104944529, 8.538614992052317), 'latlon': (42.30007935, -71.09986601666667), 'heading': 42.6, 'depth': 1.0, 'altitude': 10.0, 'roll': 0.0, 'pitch': 0.0, 'last_fix_time': datetime.datetime(2021, 7, 29, 13, 10, 24), 'speed': None, 'rudder': 0, 'datum': (42.3, -71.1)}
2021-07-29 14:10:26,246 [INFO] Processing: $BFNVG,131024.39,4218.004908,N,07105.991780,W,0,10.0,1.0,44.9,0.0,0.0,131024.39*62
2021-07-29 14:10:26,247 [INFO] Interpreted as: {'position': (11.51743635290768, 8.804531051777303), 'latlon': (42.3000818, -71.099863), 'heading': 44.9, 'depth': 1.0, 'altitude': 10.0, 'roll': 0.0, 'pitch': 0.0, 'last_fix_time': datetime.datetime(2021, 7, 29, 13, 10, 24), 'speed': None, 'rudder': 0, 'datum': (42.3, -71.1)}
2021-07-29 14:10:26,248 [INFO] Processing: $BFNVG,131024.74,4218.005048,N,07105.991595,W,0,10.0,1.0,47.1,0.0,0.0,131024.74*63
2021-07-29 14:10:26,250 [INFO] Interpreted as: {'position': (11.777997465338558, 9.05735662765801), 'latlon': (42.300084133333336, -71.09985991666667), 'heading': 47.1, 'depth': 1.0, 'altitude': 10.0, 'roll': 0.0, 'pitch': 0.0, 'last_fix_time': datetime.datetime(2021, 7, 29, 13, 10, 24), 'speed': None, 'rudder': 0, 'datum': (42.3, -71.1)}
2021-07-29 14:10:26,250 [INFO] Processing: $BFNVG,131025.10,4218.005182,N,07105.991402,W,0,10.0,1.0,49.3,0.0,0.0,131025.10*67
2021-07-29 14:10:26,253 [INFO] Interpreted as: {'position': (12.049275572528131, 9.29880680795759), 'latlon': (42.30008636666667, -71.0998567), 'heading': 49.3, 'depth': 1.0, 'altitude': 10.0, 'roll': 0.0, 'pitch': 0.0, 'last_fix_time': datetime.datetime(2021, 7, 29, 13, 10, 25), 'speed': None, 'rudder': 0, 'datum': (42.3, -71.1)}
2021-07-29 14:10:26,254 [INFO] Received from Frontseat: [b'$BFNVG,131024.03,4218.004761,N,07105.991961,W,0,10.0,1.0,42.6,0.0,0.0,131024.03*6B', b'$BFNVG,131024.39,4218.004908,N,07105.991780,W,0,10.0,1.0,44.9,0.0,0.0,131024.39*62', b'$BFNVG,131024.74,4218.005048,N,07105.991595,W,0,10.0,1.0,47.1,0.0,0.0,131024.74*63', b'$BFNVG,131025.10,4218.005182,N,07105.991402,W,0,10.0,1.0,49.3,0.0,0.0,131025.10*67']
2021-07-29 14:10:26,254 [INFO] AUV state: {'position': (12.049275572528131, 9.29880680795759), 'latlon': (42.30008636666667, -71.0998567), 'heading': 49.3, 'depth': 1.0, 'altitude': 10.0, 'roll': 0.0, 'pitch': 0.0, 'last_fix_time': datetime.datetime(2021, 7, 29, 13, 10, 25), 'speed': None, 'rudder': 0, 'datum': (42.3, -71.1)}
2021-07-29 14:10:26,617 [INFO] Next green buoy: [(-12.563461854178222, -7.040401166359493)], next red buoy: [(-2.037294148915205, -8.563585683788165), (18.590298103231724, -5.365166444516004)]
2021-07-29 14:10:26,618 [INFO] Desired_heading: 41.999621998453286
2021-07-29 14:10:26,618 [INFO] delta angle: -25
2021-07-29 14:10:26,619 [INFO] sending message $BPRMB,131027.14,25,1,0,1000,0,1*48
...
2021-07-29 14:10:27,620 [INFO] sending message $BPSTS,131027.62,1,BWSI Autonomy OK*46
...
2021-07-29 14:10:27,622 [INFO] Processing: $BFNVG,131025.45,4218.005310,N,07105.991204,W,0,10.0,1.0,51.5,0.0,0.0,131025.45*61
2021-07-29 14:10:27,629 [INFO] Interpreted as: {'position': (12.327149032324087, 9.528983302414417), 'latlon': (42.3000885, -71.0998534), 'heading': 51.5, 'depth': 1.0, 'altitude': 10.0, 'roll': 0.0, 'pitch': 0.0, 'last_fix_time': datetime.datetime(2021, 7, 29, 13, 10, 25), 'speed': None, 'rudder': 0, 'datum': (42.3, -71.1)}
2021-07-29 14:10:27,630 [INFO] Processing: $BFNVG,131025.80,4218.005439,N,07105.991005,W,0,10.0,1.0,49.3,0.0,0.0,131025.80*61
2021-07-29 14:10:27,632 [INFO] Interpreted as: {'position': (12.606442022835836, 9.760976603254676), 'latlon': (42.30009065, -71.09985008333334), 'heading': 49.3, 'depth': 1.0, 'altitude': 10.0, 'roll': 0.0, 'pitch': 0.0, 'last_fix_time': datetime.datetime(2021, 7, 29, 13, 10, 25), 'speed': None, 'rudder': 0, 'datum': (42.3, -71.1)}
2021-07-29 14:10:27,633 [INFO] Processing: $BFNVG,131026.15,4218.005573,N,07105.990812,W,0,10.0,1.0,47.1,0.0,0.0,131026.15*6D
2021-07-29 14:10:27,635 [INFO] Interpreted as: {'position': (12.877720072399825, 10.002426814287901), 'latlon': (42.300092883333335, -71.09984686666667), 'heading': 47.1, 'depth': 1.0, 'altitude': 10.0, 'roll': 0.0, 'pitch': 0.0, 'last_fix_time': datetime.datetime(2021, 7, 29, 13, 10, 26), 'speed': None, 'rudder': 0, 'datum': (42.3, -71.1)}
2021-07-29 14:10:27,636 [INFO] Processing: $BFNVG,131026.51,4218.005713,N,07105.990626,W,0,10.0,1.0,44.9,0.0,0.0,131026.51*6B
2021-07-29 14:10:27,638 [INFO] Interpreted as: {'position': (13.139654969854746, 10.25521853659302), 'latlon': (42.30009521666667, -71.09984376666667), 'heading': 44.9, 'depth': 1.0, 'altitude': 10.0, 'roll': 0.0, 'pitch': 0.0, 'last_fix_time': datetime.datetime(2021, 7, 29, 13, 10, 26), 'speed': None, 'rudder': 0, 'datum': (42.3, -71.1)}
2021-07-29 14:10:27,638 [INFO] Received from Frontseat: [b'$BFNVG,131025.45,4218.005310,N,07105.991204,W,0,10.0,1.0,51.5,0.0,0.0,131025.45*61', b'$BFNVG,131025.80,4218.005439,N,07105.991005,W,0,10.0,1.0,49.3,0.0,0.0,131025.80*61', b'$BFNVG,131026.15,4218.005573,N,07105.990812,W,0,10.0,1.0,47.1,0.0,0.0,131026.15*6D', b'$BFNVG,131026.51,4218.005713,N,07105.990626,W,0,10.0,1.0,44.9,0.0,0.0,131026.51*6B']
2021-07-29 14:10:27,639 [INFO] AUV state: {'position': (13.139654969854746, 10.25521853659302), 'latlon': (42.30009521666667, -71.09984376666667), 'heading': 44.9, 'depth': 1.0, 'altitude': 10.0, 'roll': 0.0, 'pitch': 0.0, 'last_fix_time': datetime.datetime(2021, 7, 29, 13, 10, 26), 'speed': None, 'rudder': 0, 'datum': (42.3, -71.1)}
2021-07-29 14:10:27,974 [INFO] Next green buoy: [(-10.172148782041129, -8.564290860280364)], next red buoy: [(2.510246625002717, -10.780878045291592), (25.263379948365902, -6.09986436947006)]
2021-07-29 14:10:27,975 [INFO] Desired_heading: 41.06904892148079
2021-07-29 14:10:27,975 [INFO] delta angle: -11.740948932805964
2021-07-29 14:10:27,976 [INFO] sending message $BPRMB,131028.09,11.740948932805964,1,0,1000,0,1*5a
...
2021-07-29 14:10:28,977 [INFO] sending message $BPSTS,131028.97,1,BWSI Autonomy OK*43
...
2021-07-29 14:10:28,979 [INFO] Processing: $BFNVG,131026.86,4218.005858,N,07105.990448,W,0,10.0,1.0,42.7,0.0,0.0,131026.86*69
2021-07-29 14:10:28,981 [INFO] Interpreted as: {'position': (13.390827174996957, 10.517534972168505), 'latlon': (42.30009763333333, -71.0998408), 'heading': 42.7, 'depth': 1.0, 'altitude': 10.0, 'roll': 0.0, 'pitch': 0.0, 'last_fix_time': datetime.datetime(2021, 7, 29, 13, 10, 26), 'speed': None, 'rudder': 0, 'datum': (42.3, -71.1)}
2021-07-29 14:10:28,982 [INFO] Processing: $BFNVG,131027.21,4218.006009,N,07105.990277,W,0,10.0,1.0,40.4,0.0,0.0,131027.21*6D
2021-07-29 14:10:28,984 [INFO] Interpreted as: {'position': (13.632656226167455, 10.791192915290594), 'latlon': (42.30010015, -71.09983795), 'heading': 40.4, 'depth': 1.0, 'altitude': 10.0, 'roll': 0.0, 'pitch': 0.0, 'last_fix_time': datetime.datetime(2021, 7, 29, 13, 10, 27), 'speed': None, 'rudder': 0, 'datum': (42.3, -71.1)}
2021-07-29 14:10:28,984 [INFO] Processing: $BFNVG,131027.57,4218.006163,N,07105.990115,W,0,10.0,1.0,38.2,0.0,0.0,131027.57*6E
2021-07-29 14:10:28,986 [INFO] Interpreted as: {'position': (13.862257366534323, 11.070708081126213), 'latlon': (42.300102716666665, -71.09983525), 'heading': 38.2, 'depth': 1.0, 'altitude': 10.0, 'roll': 0.0, 'pitch': 0.0, 'last_fix_time': datetime.datetime(2021, 7, 29, 13, 10, 27), 'speed': None, 'rudder': 0, 'datum': (42.3, -71.1)}
2021-07-29 14:10:28,987 [INFO] Processing: $BFNVG,131027.92,4218.006322,N,07105.989961,W,0,10.0,1.0,36.0,0.0,0.0,131027.92*66
2021-07-29 14:10:28,989 [INFO] Interpreted as: {'position': (14.081095811794512, 11.359747958369553), 'latlon': (42.30010536666666, -71.09983268333333), 'heading': 36.0, 'depth': 1.0, 'altitude': 10.0, 'roll': 0.0, 'pitch': 0.0, 'last_fix_time': datetime.datetime(2021, 7, 29, 13, 10, 27), 'speed': None, 'rudder': 0, 'datum': (42.3, -71.1)}
2021-07-29 14:10:28,990 [INFO] Received from Frontseat: [b'$BFNVG,131026.86,4218.005858,N,07105.990448,W,0,10.0,1.0,42.7,0.0,0.0,131026.86*69', b'$BFNVG,131027.21,4218.006009,N,07105.990277,W,0,10.0,1.0,40.4,0.0,0.0,131027.21*6D', b'$BFNVG,131027.57,4218.006163,N,07105.990115,W,0,10.0,1.0,38.2,0.0,0.0,131027.57*6E', b'$BFNVG,131027.92,4218.006322,N,07105.989961,W,0,10.0,1.0,36.0,0.0,0.0,131027.92*66']
2021-07-29 14:10:28,991 [INFO] AUV state: {'position': (14.081095811794512, 11.359747958369553), 'latlon': (42.30010536666666, -71.09983268333333), 'heading': 36.0, 'depth': 1.0, 'altitude': 10.0, 'roll': 0.0, 'pitch': 0.0, 'last_fix_time': datetime.datetime(2021, 7, 29, 13, 10, 27), 'speed': None, 'rudder': 0, 'datum': (42.3, -71.1)}
2021-07-29 14:10:29,358 [INFO] Next green buoy: [(-1.8130911868423834, -10.671176382850017)], next red buoy: [(14.606017085950132, -14.402869295617002)]
2021-07-29 14:10:29,359 [INFO] Desired_heading: 42.39646294955387
2021-07-29 14:10:29,359 [INFO] delta angle: 25
2021-07-29 14:10:29,359 [INFO] sending message $BPRMB,131029.86,-25,1,0,1000,0,1*60
...
2021-07-29 14:10:30,361 [INFO] sending message $BPSTS,131030.36,1,BWSI Autonomy OK*41
...
2021-07-29 14:10:30,363 [INFO] Processing: $BFNVG,131028.27,4218.006486,N,07105.989815,W,0,10.0,1.0,33.8,0.0,0.0,131028.27*60
2021-07-29 14:10:30,365 [INFO] Interpreted as: {'position': (14.289171562646516, 11.658312545157969), 'latlon': (42.3001081, -71.09983025), 'heading': 33.8, 'depth': 1.0, 'altitude': 10.0, 'roll': 0.0, 'pitch': 0.0, 'last_fix_time': datetime.datetime(2021, 7, 29, 13, 10, 28), 'speed': None, 'rudder': 0, 'datum': (42.3, -71.1)}
2021-07-29 14:10:30,366 [INFO] Processing: $BFNVG,131028.63,4218.006653,N,07105.989675,W,0,10.0,1.0,32.8,0.0,0.0,131028.63*63
2021-07-29 14:10:30,367 [INFO] Interpreted as: {'position': (14.489141037396621, 11.962632643990219), 'latlon': (42.30011088333333, -71.09982791666667), 'heading': 32.8, 'depth': 1.0, 'altitude': 10.0, 'roll': 0.0, 'pitch': 0.0, 'last_fix_time': datetime.datetime(2021, 7, 29, 13, 10, 28), 'speed': None, 'rudder': 0, 'datum': (42.3, -71.1)}
2021-07-29 14:10:30,368 [INFO] Processing: $BFNVG,131028.98,4218.006822,N,07105.989539,W,0,10.0,1.0,31.7,0.0,0.0,131028.98*6C
2021-07-29 14:10:30,370 [INFO] Interpreted as: {'position': (14.683706323092338, 12.270789748989046), 'latlon': (42.3001137, -71.09982565), 'heading': 31.7, 'depth': 1.0, 'altitude': 10.0, 'roll': 0.0, 'pitch': 0.0, 'last_fix_time': datetime.datetime(2021, 7, 29, 13, 10, 28), 'speed': None, 'rudder': 0, 'datum': (42.3, -71.1)}
2021-07-29 14:10:30,371 [INFO] Processing: $BFNVG,131029.33,4218.006992,N,07105.989408,W,0,10.0,1.0,30.7,0.0,0.0,131029.33*64
2021-07-29 14:10:30,373 [INFO] Interpreted as: {'position': (14.871447874582373, 12.580967069603503), 'latlon': (42.30011653333333, -71.09982346666666), 'heading': 30.7, 'depth': 1.0, 'altitude': 10.0, 'roll': 0.0, 'pitch': 0.0, 'last_fix_time': datetime.datetime(2021, 7, 29, 13, 10, 29), 'speed': None, 'rudder': 0, 'datum': (42.3, -71.1)}
2021-07-29 14:10:30,374 [INFO] Received from Frontseat: [b'$BFNVG,131028.27,4218.006486,N,07105.989815,W,0,10.0,1.0,33.8,0.0,0.0,131028.27*60', b'$BFNVG,131028.63,4218.006653,N,07105.989675,W,0,10.0,1.0,32.8,0.0,0.0,131028.63*63', b'$BFNVG,131028.98,4218.006822,N,07105.989539,W,0,10.0,1.0,31.7,0.0,0.0,131028.98*6C', b'$BFNVG,131029.33,4218.006992,N,07105.989408,W,0,10.0,1.0,30.7,0.0,0.0,131029.33*64']
2021-07-29 14:10:30,375 [INFO] AUV state: {'position': (14.871447874582373, 12.580967069603503), 'latlon': (42.30011653333333, -71.09982346666666), 'heading': 30.7, 'depth': 1.0, 'altitude': 10.0, 'roll': 0.0, 'pitch': 0.0, 'last_fix_time': datetime.datetime(2021, 7, 29, 13, 10, 29), 'speed': None, 'rudder': 0, 'datum': (42.3, -71.1)}
2021-07-29 14:10:30,704 [INFO] Next green buoy: [(4.652669029389421, -14.313132421360491)], next red buoy: []
2021-07-29 14:10:30,705 [INFO] Desired_heading: 35.35266902938942
2021-07-29 14:10:30,705 [INFO] delta angle: 17.31786327763158
2021-07-29 14:10:30,706 [INFO] sending message $BPRMB,131030.86,-17.31786327763158,1,0,1000,0,1*44
...
2021-07-29 14:10:31,707 [INFO] sending message $BPSTS,131031.70,1,BWSI Autonomy OK*42
...
2021-07-29 14:10:31,709 [INFO] Processing: $BFNVG,131029.68,4218.007164,N,07105.989280,W,0,10.0,1.0,29.7,0.0,0.0,131029.68*6A
2021-07-29 14:10:31,711 [INFO] Interpreted as: {'position': (15.05515911540715, 12.894947496242821), 'latlon': (42.3001194, -71.09982133333334), 'heading': 29.7, 'depth': 1.0, 'altitude': 10.0, 'roll': 0.0, 'pitch': 0.0, 'last_fix_time': datetime.datetime(2021, 7, 29, 13, 10, 29), 'speed': None, 'rudder': 0, 'datum': (42.3, -71.1)}
2021-07-29 14:10:31,712 [INFO] Processing: $BFNVG,131030.04,4218.007335,N,07105.989150,W,0,10.0,1.0,31.9,0.0,0.0,131030.04*65
2021-07-29 14:10:31,714 [INFO] Interpreted as: {'position': (15.241572426632047, 13.207009423524141), 'latlon': (42.30012225, -71.09981916666666), 'heading': 31.9, 'depth': 1.0, 'altitude': 10.0, 'roll': 0.0, 'pitch': 0.0, 'last_fix_time': datetime.datetime(2021, 7, 29, 13, 10, 30), 'speed': None, 'rudder': 0, 'datum': (42.3, -71.1)}
2021-07-29 14:10:31,715 [INFO] Processing: $BFNVG,131030.42,4218.007515,N,07105.989001,W,0,10.0,1.0,34.3,0.0,0.0,131030.42*6B
2021-07-29 14:10:31,717 [INFO] Interpreted as: {'position': (15.454500400228426, 13.53508349135518), 'latlon': (42.30012525, -71.09981668333333), 'heading': 34.3, 'depth': 1.0, 'altitude': 10.0, 'roll': 0.0, 'pitch': 0.0, 'last_fix_time': datetime.datetime(2021, 7, 29, 13, 10, 30), 'speed': None, 'rudder': 0, 'datum': (42.3, -71.1)}
2021-07-29 14:10:31,718 [INFO] Received from Frontseat: [b'$BFNVG,131029.68,4218.007164,N,07105.989280,W,0,10.0,1.0,29.7,0.0,0.0,131029.68*6A', b'$BFNVG,131030.04,4218.007335,N,07105.989150,W,0,10.0,1.0,31.9,0.0,0.0,131030.04*65', b'$BFNVG,131030.42,4218.007515,N,07105.989001,W,0,10.0,1.0,34.3,0.0,0.0,131030.42*6B']
2021-07-29 14:10:31,718 [INFO] AUV state: {'position': (15.454500400228426, 13.53508349135518), 'latlon': (42.30012525, -71.09981668333333), 'heading': 34.3, 'depth': 1.0, 'altitude': 10.0, 'roll': 0.0, 'pitch': 0.0, 'last_fix_time': datetime.datetime(2021, 7, 29, 13, 10, 30), 'speed': None, 'rudder': 0, 'datum': (42.3, -71.1)}
2021-07-29 14:10:32,093 [INFO] Next green buoy: [(2.000054548835178, -19.406447077143408)], next red buoy: [(2.294902700867751, -18.819889036466147)]
2021-07-29 14:10:32,094 [INFO] Desired_heading: 36.44747862485146
2021-07-29 14:10:32,094 [INFO] delta angle: 3.6893315553551553
2021-07-29 14:10:32,095 [INFO] sending message $BPRMB,131032.55,-3.6893315553551553,1,0,1000,0,1*7c
...
2021-07-29 14:10:33,096 [INFO] sending message $BPSTS,131033.09,1,BWSI Autonomy OK*4e
...
2021-07-29 14:10:33,098 [INFO] Processing: $BFNVG,131030.80,4218.007689,N,07105.988842,W,0,10.0,1.0,36.6,0.0,0.0,131030.80*64
2021-07-29 14:10:33,105 [INFO] Interpreted as: {'position': (15.68089311599033, 13.851714361459017), 'latlon': (42.30012815, -71.09981403333333), 'heading': 36.6, 'depth': 1.0, 'altitude': 10.0, 'roll': 0.0, 'pitch': 0.0, 'last_fix_time': datetime.datetime(2021, 7, 29, 13, 10, 30), 'speed': None, 'rudder': 0, 'datum': (42.3, -71.1)}
2021-07-29 14:10:33,106 [INFO] Processing: $BFNVG,131031.17,4218.007858,N,07105.988677,W,0,10.0,1.0,38.3,0.0,0.0,131031.17*65
2021-07-29 14:10:33,108 [INFO] Interpreted as: {'position': (15.915300733176991, 14.158888339065015), 'latlon': (42.300130966666664, -71.09981128333334), 'heading': 38.3, 'depth': 1.0, 'altitude': 10.0, 'roll': 0.0, 'pitch': 0.0, 'last_fix_time': datetime.datetime(2021, 7, 29, 13, 10, 31), 'speed': None, 'rudder': 0, 'datum': (42.3, -71.1)}
2021-07-29 14:10:33,109 [INFO] Processing: $BFNVG,131031.52,4218.008009,N,07105.988520,W,0,10.0,1.0,39.8,0.0,0.0,131031.52*6D
2021-07-29 14:10:33,111 [INFO] Interpreted as: {'position': (16.137895290739834, 14.433020994067192), 'latlon': (42.30013348333333, -71.09980866666666), 'heading': 39.8, 'depth': 1.0, 'altitude': 10.0, 'roll': 0.0, 'pitch': 0.0, 'last_fix_time': datetime.datetime(2021, 7, 29, 13, 10, 31), 'speed': None, 'rudder': 0, 'datum': (42.3, -71.1)}
2021-07-29 14:10:33,112 [INFO] Processing: $BFNVG,131031.86,4218.008156,N,07105.988359,W,0,10.0,1.0,41.2,0.0,0.0,131031.86*6B
2021-07-29 14:10:33,114 [INFO] Interpreted as: {'position': (16.365802666870877, 14.69961525965482), 'latlon': (42.30013593333334, -71.09980598333334), 'heading': 41.2, 'depth': 1.0, 'altitude': 10.0, 'roll': 0.0, 'pitch': 0.0, 'last_fix_time': datetime.datetime(2021, 7, 29, 13, 10, 31), 'speed': None, 'rudder': 0, 'datum': (42.3, -71.1)}
2021-07-29 14:10:33,115 [INFO] Received from Frontseat: [b'$BFNVG,131030.80,4218.007689,N,07105.988842,W,0,10.0,1.0,36.6,0.0,0.0,131030.80*64', b'$BFNVG,131031.17,4218.007858,N,07105.988677,W,0,10.0,1.0,38.3,0.0,0.0,131031.17*65', b'$BFNVG,131031.52,4218.008009,N,07105.988520,W,0,10.0,1.0,39.8,0.0,0.0,131031.52*6D', b'$BFNVG,131031.86,4218.008156,N,07105.988359,W,0,10.0,1.0,41.2,0.0,0.0,131031.86*6B']
2021-07-29 14:10:33,116 [INFO] AUV state: {'position': (16.365802666870877, 14.69961525965482), 'latlon': (42.30013593333334, -71.09980598333334), 'heading': 41.2, 'depth': 1.0, 'altitude': 10.0, 'roll': 0.0, 'pitch': 0.0, 'last_fix_time': datetime.datetime(2021, 7, 29, 13, 10, 31), 'speed': None, 'rudder': 0, 'datum': (42.3, -71.1)}
2021-07-29 14:10:33,504 [INFO] Next green buoy: [(-7.069047562587382, -23.731337608965532)], next red buoy: [(-6.1291352326023185, -23.57729174108228)]
2021-07-29 14:10:33,504 [INFO] Desired_heading: 34.600908602405156
2021-07-29 14:10:33,505 [INFO] delta angle: -25
2021-07-29 14:10:33,505 [INFO] sending message $BPRMB,131033.64,25,1,0,1000,0,1*4a
...
2021-07-29 14:10:34,507 [INFO] sending message $BPSTS,131034.50,1,BWSI Autonomy OK*45
...
2021-07-29 14:10:34,508 [INFO] Processing: $BFNVG,131032.20,4218.008301,N,07105.988193,W,0,10.0,1.0,42.7,0.0,0.0,131032.20*69
2021-07-29 14:10:34,510 [INFO] Interpreted as: {'position': (16.60048807412386, 14.962338626384735), 'latlon': (42.30013835, -71.09980321666667), 'heading': 42.7, 'depth': 1.0, 'altitude': 10.0, 'roll': 0.0, 'pitch': 0.0, 'last_fix_time': datetime.datetime(2021, 7, 29, 13, 10, 32), 'speed': None, 'rudder': 0, 'datum': (42.3, -71.1)}
2021-07-29 14:10:34,511 [INFO] Processing: $BFNVG,131032.54,4218.008443,N,07105.988023,W,0,10.0,1.0,43.0,0.0,0.0,131032.54*64
2021-07-29 14:10:34,512 [INFO] Interpreted as: {'position': (16.840531971596647, 15.21937430370599), 'latlon': (42.30014071666667, -71.09980038333333), 'heading': 43.0, 'depth': 1.0, 'altitude': 10.0, 'roll': 0.0, 'pitch': 0.0, 'last_fix_time': datetime.datetime(2021, 7, 29, 13, 10, 32), 'speed': None, 'rudder': 0, 'datum': (42.3, -71.1)}
2021-07-29 14:10:34,513 [INFO] Processing: $BFNVG,131032.90,4218.008591,N,07105.987845,W,0,10.0,1.0,43.4,0.0,0.0,131032.90*69
2021-07-29 14:10:34,515 [INFO] Interpreted as: {'position': (17.091840867884457, 15.487242955714464), 'latlon': (42.30014318333333, -71.09979741666666), 'heading': 43.4, 'depth': 1.0, 'altitude': 10.0, 'roll': 0.0, 'pitch': 0.0, 'last_fix_time': datetime.datetime(2021, 7, 29, 13, 10, 32), 'speed': None, 'rudder': 0, 'datum': (42.3, -71.1)}
2021-07-29 14:10:34,516 [INFO] Processing: $BFNVG,131033.24,4218.008732,N,07105.987674,W,0,10.0,1.0,43.7,0.0,0.0,131033.24*6D
2021-07-29 14:10:34,518 [INFO] Interpreted as: {'position': (17.333212934841868, 15.74239404965192), 'latlon': (42.300145533333335, -71.09979456666667), 'heading': 43.7, 'depth': 1.0, 'altitude': 10.0, 'roll': 0.0, 'pitch': 0.0, 'last_fix_time': datetime.datetime(2021, 7, 29, 13, 10, 33), 'speed': None, 'rudder': 0, 'datum': (42.3, -71.1)}
2021-07-29 14:10:34,518 [INFO] Received from Frontseat: [b'$BFNVG,131032.20,4218.008301,N,07105.988193,W,0,10.0,1.0,42.7,0.0,0.0,131032.20*69', b'$BFNVG,131032.54,4218.008443,N,07105.988023,W,0,10.0,1.0,43.0,0.0,0.0,131032.54*64', b'$BFNVG,131032.90,4218.008591,N,07105.987845,W,0,10.0,1.0,43.4,0.0,0.0,131032.90*69', b'$BFNVG,131033.24,4218.008732,N,07105.987674,W,0,10.0,1.0,43.7,0.0,0.0,131033.24*6D']
2021-07-29 14:10:34,519 [INFO] AUV state: {'position': (17.333212934841868, 15.74239404965192), 'latlon': (42.300145533333335, -71.09979456666667), 'heading': 43.7, 'depth': 1.0, 'altitude': 10.0, 'roll': 0.0, 'pitch': 0.0, 'last_fix_time': datetime.datetime(2021, 7, 29, 13, 10, 33), 'speed': None, 'rudder': 0, 'datum': (42.3, -71.1)}
2021-07-29 14:10:34,837 [INFO] Next green buoy: [], next red buoy: []
2021-07-29 14:10:34,837 [INFO] Desired_heading: 38.7
2021-07-29 14:10:34,838 [INFO] delta angle: -20.0
2021-07-29 14:10:34,838 [INFO] sending message $BPRMB,131035.37,20.0,1,0,1000,0,1*51
...
2021-07-29 14:10:35,840 [INFO] sending message $BPSTS,131035.83,1,BWSI Autonomy OK*4a
...
2021-07-29 14:10:35,841 [INFO] Processing: $BFNVG,131033.58,4218.008872,N,07105.987502,W,0,10.0,1.0,44.0,0.0,0.0,131033.58*64
2021-07-29 14:10:35,843 [INFO] Interpreted as: {'position': (17.575913193402812, 15.995660551823676), 'latlon': (42.30014786666667, -71.0997917), 'heading': 44.0, 'depth': 1.0, 'altitude': 10.0, 'roll': 0.0, 'pitch': 0.0, 'last_fix_time': datetime.datetime(2021, 7, 29, 13, 10, 33), 'speed': None, 'rudder': 0, 'datum': (42.3, -71.1)}
2021-07-29 14:10:35,844 [INFO] Processing: $BFNVG,131033.94,4218.009023,N,07105.987322,W,0,10.0,1.0,41.7,0.0,0.0,131033.94*6F
2021-07-29 14:10:35,846 [INFO] Interpreted as: {'position': (17.830106792855076, 16.269013517536223), 'latlon': (42.30015038333333, -71.0997887), 'heading': 41.7, 'depth': 1.0, 'altitude': 10.0, 'roll': 0.0, 'pitch': 0.0, 'last_fix_time': datetime.datetime(2021, 7, 29, 13, 10, 33), 'speed': None, 'rudder': 0, 'datum': (42.3, -71.1)}
2021-07-29 14:10:35,847 [INFO] Processing: $BFNVG,131034.29,4218.009174,N,07105.987156,W,0,10.0,1.0,39.5,0.0,0.0,131034.29*60
2021-07-29 14:10:35,850 [INFO] Interpreted as: {'position': (18.065066102310084, 16.54284111596644), 'latlon': (42.3001529, -71.09978593333334), 'heading': 39.5, 'depth': 1.0, 'altitude': 10.0, 'roll': 0.0, 'pitch': 0.0, 'last_fix_time': datetime.datetime(2021, 7, 29, 13, 10, 34), 'speed': None, 'rudder': 0, 'datum': (42.3, -71.1)}
2021-07-29 14:10:35,851 [INFO] Processing: $BFNVG,131034.63,4218.009325,N,07105.987003,W,0,10.0,1.0,37.4,0.0,0.0,131034.63*68
2021-07-29 14:10:35,854 [INFO] Interpreted as: {'position': (18.28216499858536, 16.817109438590705), 'latlon': (42.30015541666667, -71.09978338333333), 'heading': 37.4, 'depth': 1.0, 'altitude': 10.0, 'roll': 0.0, 'pitch': 0.0, 'last_fix_time': datetime.datetime(2021, 7, 29, 13, 10, 34), 'speed': None, 'rudder': 0, 'datum': (42.3, -71.1)}
2021-07-29 14:10:35,855 [INFO] Received from Frontseat: [b'$BFNVG,131033.58,4218.008872,N,07105.987502,W,0,10.0,1.0,44.0,0.0,0.0,131033.58*64', b'$BFNVG,131033.94,4218.009023,N,07105.987322,W,0,10.0,1.0,41.7,0.0,0.0,131033.94*6F', b'$BFNVG,131034.29,4218.009174,N,07105.987156,W,0,10.0,1.0,39.5,0.0,0.0,131034.29*60', b'$BFNVG,131034.63,4218.009325,N,07105.987003,W,0,10.0,1.0,37.4,0.0,0.0,131034.63*68']
2021-07-29 14:10:35,856 [INFO] AUV state: {'position': (18.28216499858536, 16.817109438590705), 'latlon': (42.30015541666667, -71.09978338333333), 'heading': 37.4, 'depth': 1.0, 'altitude': 10.0, 'roll': 0.0, 'pitch': 0.0, 'last_fix_time': datetime.datetime(2021, 7, 29, 13, 10, 34), 'speed': None, 'rudder': 0, 'datum': (42.3, -71.1)}
2021-07-29 14:10:36,199 [INFO] Next green buoy: [], next red buoy: []
2021-07-29 14:10:36,199 [INFO] Desired_heading: 33.4
2021-07-29 14:10:36,200 [INFO] delta angle: -12.800000000000011
2021-07-29 14:10:36,200 [INFO] sending message $BPRMB,131036.30,12.800000000000011,1,0,1000,0,1*5c
...
2021-07-29 14:10:37,202 [INFO] sending message $BPSTS,131037.20,1,BWSI Autonomy OK*41
...
2021-07-29 14:10:37,203 [INFO] Processing: $BFNVG,131034.97,4218.009480,N,07105.986857,W,0,10.0,1.0,35.3,0.0,0.0,131034.97*6D
2021-07-29 14:10:37,205 [INFO] Interpreted as: {'position': (18.48982941376744, 17.099017868749797), 'latlon': (42.300158, -71.09978095), 'heading': 35.3, 'depth': 1.0, 'altitude': 10.0, 'roll': 0.0, 'pitch': 0.0, 'last_fix_time': datetime.datetime(2021, 7, 29, 13, 10, 34), 'speed': None, 'rudder': 0, 'datum': (42.3, -71.1)}
2021-07-29 14:10:37,206 [INFO] Processing: $BFNVG,131035.32,4218.009639,N,07105.986717,W,0,10.0,1.0,33.6,0.0,0.0,131035.32*65
2021-07-29 14:10:37,208 [INFO] Interpreted as: {'position': (18.689433224732056, 17.38853250350803), 'latlon': (42.30016065, -71.09977861666667), 'heading': 33.6, 'depth': 1.0, 'altitude': 10.0, 'roll': 0.0, 'pitch': 0.0, 'last_fix_time': datetime.datetime(2021, 7, 29, 13, 10, 35), 'speed': None, 'rudder': 0, 'datum': (42.3, -71.1)}
2021-07-29 14:10:37,209 [INFO] Processing: $BFNVG,131035.67,4218.009805,N,07105.986581,W,0,10.0,1.0,31.8,0.0,0.0,131035.67*65
2021-07-29 14:10:37,210 [INFO] Interpreted as: {'position': (18.883861186506692, 17.691137625835836), 'latlon': (42.30016341666666, -71.09977635), 'heading': 31.8, 'depth': 1.0, 'altitude': 10.0, 'roll': 0.0, 'pitch': 0.0, 'last_fix_time': datetime.datetime(2021, 7, 29, 13, 10, 35), 'speed': None, 'rudder': 0, 'datum': (42.3, -71.1)}
2021-07-29 14:10:37,211 [INFO] Processing: $BFNVG,131036.02,4218.009975,N,07105.986452,W,0,10.0,1.0,30.0,0.0,0.0,131036.02*65
2021-07-29 14:10:37,213 [INFO] Interpreted as: {'position': (19.06885466829408, 18.001382854767144), 'latlon': (42.30016625, -71.0997742), 'heading': 30.0, 'depth': 1.0, 'altitude': 10.0, 'roll': 0.0, 'pitch': 0.0, 'last_fix_time': datetime.datetime(2021, 7, 29, 13, 10, 36), 'speed': None, 'rudder': 0, 'datum': (42.3, -71.1)}
2021-07-29 14:10:37,214 [INFO] Received from Frontseat: [b'$BFNVG,131034.97,4218.009480,N,07105.986857,W,0,10.0,1.0,35.3,0.0,0.0,131034.97*6D', b'$BFNVG,131035.32,4218.009639,N,07105.986717,W,0,10.0,1.0,33.6,0.0,0.0,131035.32*65', b'$BFNVG,131035.67,4218.009805,N,07105.986581,W,0,10.0,1.0,31.8,0.0,0.0,131035.67*65', b'$BFNVG,131036.02,4218.009975,N,07105.986452,W,0,10.0,1.0,30.0,0.0,0.0,131036.02*65']
2021-07-29 14:10:37,214 [INFO] AUV state: {'position': (19.06885466829408, 18.001382854767144), 'latlon': (42.30016625, -71.0997742), 'heading': 30.0, 'depth': 1.0, 'altitude': 10.0, 'roll': 0.0, 'pitch': 0.0, 'last_fix_time': datetime.datetime(2021, 7, 29, 13, 10, 36), 'speed': None, 'rudder': 0, 'datum': (42.3, -71.1)}
2021-07-29 14:10:37,554 [INFO] Next green buoy: [], next red buoy: []
2021-07-29 14:10:37,555 [INFO] Desired_heading: 27.439999999999998
2021-07-29 14:10:37,556 [INFO] delta angle: -5.242880000000014
2021-07-29 14:10:37,556 [INFO] sending message $BPRMB,131038.09,5.242880000000014,1,0,1000,0,1*67
...
2021-07-29 14:10:38,558 [INFO] sending message $BPSTS,131038.55,1,BWSI Autonomy OK*4c
...
2021-07-29 14:10:38,559 [INFO] Processing: $BFNVG,131036.36,4218.010146,N,07105.986331,W,0,10.0,1.0,28.3,0.0,0.0,131036.36*6D
2021-07-29 14:10:38,565 [INFO] Interpreted as: {'position': (19.24290279095294, 18.31374999601394), 'latlon': (42.3001691, -71.09977218333333), 'heading': 28.3, 'depth': 1.0, 'altitude': 10.0, 'roll': 0.0, 'pitch': 0.0, 'last_fix_time': datetime.datetime(2021, 7, 29, 13, 10, 36), 'speed': None, 'rudder': 0, 'datum': (42.3, -71.1)}
2021-07-29 14:10:38,565 [INFO] Processing: $BFNVG,131036.71,4218.010316,N,07105.986218,W,0,10.0,1.0,27.2,0.0,0.0,131036.71*6E
2021-07-29 14:10:38,567 [INFO] Interpreted as: {'position': (19.40591422340367, 18.624537652358413), 'latlon': (42.30017193333333, -71.0997703), 'heading': 27.2, 'depth': 1.0, 'altitude': 10.0, 'roll': 0.0, 'pitch': 0.0, 'last_fix_time': datetime.datetime(2021, 7, 29, 13, 10, 36), 'speed': None, 'rudder': 0, 'datum': (42.3, -71.1)}
2021-07-29 14:10:38,568 [INFO] Processing: $BFNVG,131037.05,4218.010489,N,07105.986107,W,0,10.0,1.0,26.1,0.0,0.0,131037.05*60
2021-07-29 14:10:38,570 [INFO] Interpreted as: {'position': (19.56631489400752, 18.940945208072662), 'latlon': (42.30017481666667, -71.09976845), 'heading': 26.1, 'depth': 1.0, 'altitude': 10.0, 'roll': 0.0, 'pitch': 0.0, 'last_fix_time': datetime.datetime(2021, 7, 29, 13, 10, 37), 'speed': None, 'rudder': 0, 'datum': (42.3, -71.1)}
2021-07-29 14:10:38,570 [INFO] Processing: $BFNVG,131037.39,4218.010663,N,07105.986003,W,0,10.0,1.0,25.0,0.0,0.0,131037.39*61
2021-07-29 14:10:38,572 [INFO] Interpreted as: {'position': (19.71714408689877, 19.25944077409804), 'latlon': (42.30017771666667, -71.09976671666666), 'heading': 25.0, 'depth': 1.0, 'altitude': 10.0, 'roll': 0.0, 'pitch': 0.0, 'last_fix_time': datetime.datetime(2021, 7, 29, 13, 10, 37), 'speed': None, 'rudder': 0, 'datum': (42.3, -71.1)}
2021-07-29 14:10:38,573 [INFO] Received from Frontseat: [b'$BFNVG,131036.36,4218.010146,N,07105.986331,W,0,10.0,1.0,28.3,0.0,0.0,131036.36*6D', b'$BFNVG,131036.71,4218.010316,N,07105.986218,W,0,10.0,1.0,27.2,0.0,0.0,131036.71*6E', b'$BFNVG,131037.05,4218.010489,N,07105.986107,W,0,10.0,1.0,26.1,0.0,0.0,131037.05*60', b'$BFNVG,131037.39,4218.010663,N,07105.986003,W,0,10.0,1.0,25.0,0.0,0.0,131037.39*61']
2021-07-29 14:10:38,573 [INFO] AUV state: {'position': (19.71714408689877, 19.25944077409804), 'latlon': (42.30017771666667, -71.09976671666666), 'heading': 25.0, 'depth': 1.0, 'altitude': 10.0, 'roll': 0.0, 'pitch': 0.0, 'last_fix_time': datetime.datetime(2021, 7, 29, 13, 10, 37), 'speed': None, 'rudder': 0, 'datum': (42.3, -71.1)}
2021-07-29 14:10:38,887 [INFO] Next green buoy: [], next red buoy: []
2021-07-29 14:10:38,888 [INFO] Desired_heading: 23.951423999999996
2021-07-29 14:10:38,888 [INFO] delta angle: -0.8796093022207856
2021-07-29 14:10:38,888 [INFO] sending message $BPRMB,131039.01,0.8796093022207856,1,0,1000,0,1*5e
...
