2021-07-29 04:04:36,175 [INFO] host = 192.168.1.213, port = 29500
2021-07-29 04:04:43,266 [INFO] sending message $BPLOG,ACK,ON*1e
...
2021-07-29 04:04:43,266 [INFO] sending message $BPLOG,ALL,ON*16
...
2021-07-29 04:04:43,267 [INFO] sending message $BPSTS,030443.26,1,BWSI Autonomy OK*40
...
2021-07-29 04:04:43,268 [INFO] Received from Frontseat: []
2021-07-29 04:04:43,268 [INFO] AUV state: {'position': (None, None), 'latlon': None, 'heading': None, 'depth': None, 'altitude': None, 'roll': None, 'pitch': None, 'last_fix_time': None, 'speed': None, 'rudder': 0}
2021-07-29 04:04:44,270 [INFO] sending message $BPSTS,030444.27,1,BWSI Autonomy OK*46
...
2021-07-29 04:04:44,271 [INFO] Processing: $BFNVG,030442.70,4218.000000,N,07106.000000,W,0,10.0,1.0,45.0,0.0,0.0,030442.70*62
2021-07-29 04:04:44,274 [INFO] Interpreted as: {'position': (0, 0), 'latlon': (42.3, -71.1), 'heading': 45.0, 'depth': 1.0, 'altitude': 10.0, 'roll': 0.0, 'pitch': 0.0, 'last_fix_time': datetime.datetime(2021, 7, 29, 3, 4, 42), 'speed': None, 'rudder': 0, 'datum': (42.3, -71.1)}
2021-07-29 04:04:44,274 [INFO] Processing: $BFNVG,030442.95,4218.000000,N,07106.000000,W,0,10.0,1.0,45.0,0.0,0.0,030442.95*62
2021-07-29 04:04:44,277 [INFO] Interpreted as: {'position': (0.0, 0.0), 'latlon': (42.3, -71.1), 'heading': 45.0, 'depth': 1.0, 'altitude': 10.0, 'roll': 0.0, 'pitch': 0.0, 'last_fix_time': datetime.datetime(2021, 7, 29, 3, 4, 42), 'speed': None, 'rudder': 0, 'datum': (42.3, -71.1)}
2021-07-29 04:04:44,278 [INFO] Processing: $BFNVG,030443.20,4218.000000,N,07106.000000,W,0,10.0,1.0,45.0,0.0,0.0,030443.20*62
2021-07-29 04:04:44,280 [INFO] Interpreted as: {'position': (0.0, 0.0), 'latlon': (42.3, -71.1), 'heading': 45.0, 'depth': 1.0, 'altitude': 10.0, 'roll': 0.0, 'pitch': 0.0, 'last_fix_time': datetime.datetime(2021, 7, 29, 3, 4, 43), 'speed': None, 'rudder': 0, 'datum': (42.3, -71.1)}
2021-07-29 04:04:44,281 [INFO] Processing: $BFNVG,030443.45,4218.000000,N,07106.000000,W,0,10.0,1.0,45.0,0.0,0.0,030443.45*62
2021-07-29 04:04:44,282 [INFO] Interpreted as: {'position': (0.0, 0.0), 'latlon': (42.3, -71.1), 'heading': 45.0, 'depth': 1.0, 'altitude': 10.0, 'roll': 0.0, 'pitch': 0.0, 'last_fix_time': datetime.datetime(2021, 7, 29, 3, 4, 43), 'speed': None, 'rudder': 0, 'datum': (42.3, -71.1)}
2021-07-29 04:04:44,283 [INFO] Received from Frontseat: [b'$BFNVG,030442.70,4218.000000,N,07106.000000,W,0,10.0,1.0,45.0,0.0,0.0,030442.70*62', b'$BFNVG,030442.95,4218.000000,N,07106.000000,W,0,10.0,1.0,45.0,0.0,0.0,030442.95*62', b'$BFNVG,030443.20,4218.000000,N,07106.000000,W,0,10.0,1.0,45.0,0.0,0.0,030443.20*62', b'$BFNVG,030443.45,4218.000000,N,07106.000000,W,0,10.0,1.0,45.0,0.0,0.0,030443.45*62']
2021-07-29 04:04:44,284 [INFO] AUV state: {'position': (0.0, 0.0), 'latlon': (42.3, -71.1), 'heading': 45.0, 'depth': 1.0, 'altitude': 10.0, 'roll': 0.0, 'pitch': 0.0, 'last_fix_time': datetime.datetime(2021, 7, 29, 3, 4, 43), 'speed': None, 'rudder': 0, 'datum': (42.3, -71.1)}
2021-07-29 04:04:44,629 [INFO] **** [(-0.21993023293121178, -7.6862156757158235)] [(15.437560812208067, -7.329055330858309)]
2021-07-29 04:04:44,631 [INFO] Next green buoy: [(-0.21993023293121178, -7.6862156757158235)], next red buoy: [(15.437560812208067, -7.329055330858309)]
2021-07-29 04:04:44,632 [INFO] Desired_heading: 52.60881528963843
2021-07-29 04:04:44,632 [INFO] delta angle: 23.15762804473421
2021-07-29 04:04:44,633 [INFO] sending message $BPRMB,030445.26,-23.15762804473421,1,0,750,0,1*73
...
2021-07-29 04:04:45,635 [INFO] sending message $BPSTS,030445.63,1,BWSI Autonomy OK*47
...
2021-07-29 04:04:45,636 [INFO] Processing: $BFNVG,030443.85,4218.000000,N,07106.000000,W,0,10.0,1.0,45.0,0.0,0.0,030443.85*62
2021-07-29 04:04:45,638 [INFO] Interpreted as: {'position': (0.0, 0.0), 'latlon': (42.3, -71.1), 'heading': 45.0, 'depth': 1.0, 'altitude': 10.0, 'roll': 0.0, 'pitch': 0.0, 'last_fix_time': datetime.datetime(2021, 7, 29, 3, 4, 43), 'speed': None, 'rudder': 0, 'datum': (42.3, -71.1)}
2021-07-29 04:04:45,639 [INFO] Processing: $BFNVG,030444.19,4218.000000,N,07106.000000,W,0,10.0,1.0,45.0,0.0,0.0,030444.19*62
2021-07-29 04:04:45,641 [INFO] Interpreted as: {'position': (0.0, 0.0), 'latlon': (42.3, -71.1), 'heading': 45.0, 'depth': 1.0, 'altitude': 10.0, 'roll': 0.0, 'pitch': 0.0, 'last_fix_time': datetime.datetime(2021, 7, 29, 3, 4, 44), 'speed': None, 'rudder': 0, 'datum': (42.3, -71.1)}
2021-07-29 04:04:45,642 [INFO] Processing: $BFNVG,030444.53,4218.000000,N,07106.000000,W,0,10.0,1.0,45.0,0.0,0.0,030444.53*62
2021-07-29 04:04:45,644 [INFO] Interpreted as: {'position': (0.0, 0.0), 'latlon': (42.3, -71.1), 'heading': 45.0, 'depth': 1.0, 'altitude': 10.0, 'roll': 0.0, 'pitch': 0.0, 'last_fix_time': datetime.datetime(2021, 7, 29, 3, 4, 44), 'speed': None, 'rudder': 0, 'datum': (42.3, -71.1)}
2021-07-29 04:04:45,645 [INFO] Received from Frontseat: [b'$BFNVG,030443.85,4218.000000,N,07106.000000,W,0,10.0,1.0,45.0,0.0,0.0,030443.85*62', b'$BFNVG,030444.19,4218.000000,N,07106.000000,W,0,10.0,1.0,45.0,0.0,0.0,030444.19*62', b'$BFNVG,030444.53,4218.000000,N,07106.000000,W,0,10.0,1.0,45.0,0.0,0.0,030444.53*62']
2021-07-29 04:04:45,645 [INFO] AUV state: {'position': (0.0, 0.0), 'latlon': (42.3, -71.1), 'heading': 45.0, 'depth': 1.0, 'altitude': 10.0, 'roll': 0.0, 'pitch': 0.0, 'last_fix_time': datetime.datetime(2021, 7, 29, 3, 4, 44), 'speed': None, 'rudder': 0, 'datum': (42.3, -71.1)}
2021-07-29 04:04:45,968 [INFO] **** [(-0.22035521470194389, -7.708961974233651)] [(15.437560812208067, -7.333901112744751)]
2021-07-29 04:04:45,970 [INFO] Next green buoy: [(-0.22035521470194389, -7.708961974233651)], next red buoy: [(15.437560812208067, -7.333901112744751)]
2021-07-29 04:04:45,971 [INFO] Desired_heading: 52.60860279875306
2021-07-29 04:04:45,971 [INFO] delta angle: 23.156334619677168
2021-07-29 04:04:45,972 [INFO] sending message $BPRMB,030446.00,-23.156334619677168,1,0,750,0,1*49
...
2021-07-29 04:04:46,973 [INFO] sending message $BPSTS,030446.97,1,BWSI Autonomy OK*4f
...
2021-07-29 04:04:46,975 [INFO] Processing: $BFNVG,030444.88,4218.000000,N,07106.000000,W,0,10.0,1.0,45.0,0.0,0.0,030444.88*62
2021-07-29 04:04:46,977 [INFO] Interpreted as: {'position': (0.0, 0.0), 'latlon': (42.3, -71.1), 'heading': 45.0, 'depth': 1.0, 'altitude': 10.0, 'roll': 0.0, 'pitch': 0.0, 'last_fix_time': datetime.datetime(2021, 7, 29, 3, 4, 44), 'speed': None, 'rudder': 0, 'datum': (42.3, -71.1)}
2021-07-29 04:04:46,978 [INFO] Processing: $BFNVG,030445.23,4218.000104,N,07105.999862,W,0,10.0,1.0,46.5,0.0,0.0,030445.23*67
2021-07-29 04:04:46,980 [INFO] Interpreted as: {'position': (0.1943453075364232, 0.1877936078235507), 'latlon': (42.30000173333333, -71.0999977), 'heading': 46.5, 'depth': 1.0, 'altitude': 10.0, 'roll': 0.0, 'pitch': 0.0, 'last_fix_time': datetime.datetime(2021, 7, 29, 3, 4, 45), 'speed': None, 'rudder': 0, 'datum': (42.3, -71.1)}
2021-07-29 04:04:46,981 [INFO] Processing: $BFNVG,030445.59,4218.000208,N,07105.999719,W,0,10.0,1.0,48.1,0.0,0.0,030445.59*61
2021-07-29 04:04:46,983 [INFO] Interpreted as: {'position': (0.39556000544689596, 0.37541769351810217), 'latlon': (42.300003466666666, -71.09999531666666), 'heading': 48.1, 'depth': 1.0, 'altitude': 10.0, 'roll': 0.0, 'pitch': 0.0, 'last_fix_time': datetime.datetime(2021, 7, 29, 3, 4, 45), 'speed': None, 'rudder': 0, 'datum': (42.3, -71.1)}
2021-07-29 04:04:46,983 [INFO] Processing: $BFNVG,030445.94,4218.000307,N,07105.999574,W,0,10.0,1.0,49.6,0.0,0.0,030445.94*60
2021-07-29 04:04:46,986 [INFO] Interpreted as: {'position': (0.599294092389755, 0.5537204910069704), 'latlon': (42.30000511666667, -71.0999929), 'heading': 49.6, 'depth': 1.0, 'altitude': 10.0, 'roll': 0.0, 'pitch': 0.0, 'last_fix_time': datetime.datetime(2021, 7, 29, 3, 4, 45), 'speed': None, 'rudder': 0, 'datum': (42.3, -71.1)}
2021-07-29 04:04:46,987 [INFO] Received from Frontseat: [b'$BFNVG,030444.88,4218.000000,N,07106.000000,W,0,10.0,1.0,45.0,0.0,0.0,030444.88*62', b'$BFNVG,030445.23,4218.000104,N,07105.999862,W,0,10.0,1.0,46.5,0.0,0.0,030445.23*67', b'$BFNVG,030445.59,4218.000208,N,07105.999719,W,0,10.0,1.0,48.1,0.0,0.0,030445.59*61', b'$BFNVG,030445.94,4218.000307,N,07105.999574,W,0,10.0,1.0,49.6,0.0,0.0,030445.94*60']
2021-07-29 04:04:46,988 [INFO] AUV state: {'position': (0.599294092389755, 0.5537204910069704), 'latlon': (42.30000511666667, -71.0999929), 'heading': 49.6, 'depth': 1.0, 'altitude': 10.0, 'roll': 0.0, 'pitch': 0.0, 'last_fix_time': datetime.datetime(2021, 7, 29, 3, 4, 45), 'speed': None, 'rudder': 0, 'datum': (42.3, -71.1)}
2021-07-29 04:04:47,298 [INFO] **** [(-5.649798102080804, -8.51777858999538)] [(11.93845622817815, -8.246840136762081)]
2021-07-29 04:04:47,300 [INFO] Next green buoy: [(-5.649798102080804, -8.51777858999538)], next red buoy: [(11.93845622817815, -8.246840136762081)]
2021-07-29 04:04:47,300 [INFO] Desired_heading: 52.744329063048674
2021-07-29 04:04:47,301 [INFO] delta angle: 3.954722102693018
2021-07-29 04:04:47,302 [INFO] sending message $BPRMB,030447.93,-3.954722102693018,1,0,750,0,1*78
...
2021-07-29 04:04:48,303 [INFO] sending message $BPSTS,030448.30,1,BWSI Autonomy OK*4c
...
2021-07-29 04:04:48,305 [INFO] Processing: $BFNVG,030446.29,4218.000402,N,07105.999426,W,0,10.0,1.0,51.1,0.0,0.0,030446.29*6A
2021-07-29 04:04:48,307 [INFO] Interpreted as: {'position': (0.8069671225966886, 0.7245187889784575), 'latlon': (42.3000067, -71.09999043333333), 'heading': 51.1, 'depth': 1.0, 'altitude': 10.0, 'roll': 0.0, 'pitch': 0.0, 'last_fix_time': datetime.datetime(2021, 7, 29, 3, 4, 46), 'speed': None, 'rudder': 0, 'datum': (42.3, -71.1)}
2021-07-29 04:04:48,307 [INFO] Processing: $BFNVG,030446.63,4218.000494,N,07105.999276,W,0,10.0,1.0,52.6,0.0,0.0,030446.63*62
2021-07-29 04:04:48,309 [INFO] Interpreted as: {'position': (1.0172508822288364, 0.8896971940994263), 'latlon': (42.30000823333334, -71.09998793333334), 'heading': 52.6, 'depth': 1.0, 'altitude': 10.0, 'roll': 0.0, 'pitch': 0.0, 'last_fix_time': datetime.datetime(2021, 7, 29, 3, 4, 46), 'speed': None, 'rudder': 0, 'datum': (42.3, -71.1)}
2021-07-29 04:04:48,310 [INFO] Processing: $BFNVG,030446.97,4218.000581,N,07105.999126,W,0,10.0,1.0,54.1,0.0,0.0,030446.97*60
2021-07-29 04:04:48,312 [INFO] Interpreted as: {'position': (1.227306277200114, 1.045622119680047), 'latlon': (42.300009683333336, -71.09998543333333), 'heading': 54.1, 'depth': 1.0, 'altitude': 10.0, 'roll': 0.0, 'pitch': 0.0, 'last_fix_time': datetime.datetime(2021, 7, 29, 3, 4, 46), 'speed': None, 'rudder': 0, 'datum': (42.3, -71.1)}
2021-07-29 04:04:48,313 [INFO] Received from Frontseat: [b'$BFNVG,030446.29,4218.000402,N,07105.999426,W,0,10.0,1.0,51.1,0.0,0.0,030446.29*6A', b'$BFNVG,030446.63,4218.000494,N,07105.999276,W,0,10.0,1.0,52.6,0.0,0.0,030446.63*62', b'$BFNVG,030446.97,4218.000581,N,07105.999126,W,0,10.0,1.0,54.1,0.0,0.0,030446.97*60']
2021-07-29 04:04:48,314 [INFO] AUV state: {'position': (1.227306277200114, 1.045622119680047), 'latlon': (42.300009683333336, -71.09998543333333), 'heading': 54.1, 'depth': 1.0, 'altitude': 10.0, 'roll': 0.0, 'pitch': 0.0, 'last_fix_time': datetime.datetime(2021, 7, 29, 3, 4, 46), 'speed': None, 'rudder': 0, 'datum': (42.3, -71.1)}
2021-07-29 04:04:48,623 [INFO] **** [(-11.599810522238984, -9.542968202615063)] [(8.235080890186564, -9.140499915995369)]
2021-07-29 04:04:48,626 [INFO] Next green buoy: [(-11.599810522238984, -9.542968202615063)], next red buoy: [(8.235080890186564, -9.140499915995369)]
2021-07-29 04:04:48,626 [INFO] Desired_heading: 52.41763518397379
2021-07-29 04:04:48,626 [INFO] delta angle: -1.1321405496811394
2021-07-29 04:04:48,627 [INFO] sending message $BPRMB,030448.66,1.1321405496811394,1,0,750,0,1*66
...
2021-07-29 04:04:49,629 [INFO] sending message $BPSTS,030449.62,1,BWSI Autonomy OK*4a
...
2021-07-29 04:04:49,630 [INFO] Processing: $BFNVG,030447.31,4218.000666,N,07105.998972,W,0,10.0,1.0,55.6,0.0,0.0,030447.31*64
2021-07-29 04:04:49,632 [INFO] Interpreted as: {'position': (1.4427658355562016, 1.1977100344374776), 'latlon': (42.3000111, -71.09998286666666), 'heading': 55.6, 'depth': 1.0, 'altitude': 10.0, 'roll': 0.0, 'pitch': 0.0, 'last_fix_time': datetime.datetime(2021, 7, 29, 3, 4, 47), 'speed': None, 'rudder': 0, 'datum': (42.3, -71.1)}
2021-07-29 04:04:49,633 [INFO] Processing: $BFNVG,030447.65,4218.000749,N,07105.998817,W,0,10.0,1.0,55.8,0.0,0.0,030447.65*64
2021-07-29 04:04:49,635 [INFO] Interpreted as: {'position': (1.6595079207327217, 1.3460626592859626), 'latlon': (42.30001248333333, -71.09998028333334), 'heading': 55.8, 'depth': 1.0, 'altitude': 10.0, 'roll': 0.0, 'pitch': 0.0, 'last_fix_time': datetime.datetime(2021, 7, 29, 3, 4, 47), 'speed': None, 'rudder': 0, 'datum': (42.3, -71.1)}
2021-07-29 04:04:49,636 [INFO] Processing: $BFNVG,030448.00,4218.000833,N,07105.998659,W,0,10.0,1.0,56.1,0.0,0.0,030448.00*68
2021-07-29 04:04:49,638 [INFO] Interpreted as: {'position': (1.8804173087701201, 1.4961642744019628), 'latlon': (42.300013883333335, -71.09997765), 'heading': 56.1, 'depth': 1.0, 'altitude': 10.0, 'roll': 0.0, 'pitch': 0.0, 'last_fix_time': datetime.datetime(2021, 7, 29, 3, 4, 48), 'speed': None, 'rudder': 0, 'datum': (42.3, -71.1)}
2021-07-29 04:04:49,638 [INFO] Processing: $BFNVG,030448.35,4218.000916,N,07105.998499,W,0,10.0,1.0,56.3,0.0,0.0,030448.35*62
2021-07-29 04:04:49,640 [INFO] Interpreted as: {'position': (2.1040287725627422, 1.644347389228642), 'latlon': (42.30001526666667, -71.09997498333334), 'heading': 56.3, 'depth': 1.0, 'altitude': 10.0, 'roll': 0.0, 'pitch': 0.0, 'last_fix_time': datetime.datetime(2021, 7, 29, 3, 4, 48), 'speed': None, 'rudder': 0, 'datum': (42.3, -71.1)}
2021-07-29 04:04:49,642 [INFO] Received from Frontseat: [b'$BFNVG,030447.31,4218.000666,N,07105.998972,W,0,10.0,1.0,55.6,0.0,0.0,030447.31*64', b'$BFNVG,030447.65,4218.000749,N,07105.998817,W,0,10.0,1.0,55.8,0.0,0.0,030447.65*64', b'$BFNVG,030448.00,4218.000833,N,07105.998659,W,0,10.0,1.0,56.1,0.0,0.0,030448.00*68', b'$BFNVG,030448.35,4218.000916,N,07105.998499,W,0,10.0,1.0,56.3,0.0,0.0,030448.35*62']
2021-07-29 04:04:49,643 [INFO] AUV state: {'position': (2.1040287725627422, 1.644347389228642), 'latlon': (42.30001526666667, -71.09997498333334), 'heading': 56.3, 'depth': 1.0, 'altitude': 10.0, 'roll': 0.0, 'pitch': 0.0, 'last_fix_time': datetime.datetime(2021, 7, 29, 3, 4, 48), 'speed': None, 'rudder': 0, 'datum': (42.3, -71.1)}
2021-07-29 04:04:49,977 [INFO] **** [(-16.44144398842872, -11.447265501021546)] [(7.026552436560938, -10.985600228744007)]
2021-07-29 04:04:49,979 [INFO] Next green buoy: [(-16.44144398842872, -11.447265501021546)], next red buoy: [(7.026552436560938, -10.985600228744007)]
2021-07-29 04:04:49,980 [INFO] Desired_heading: 51.592554224066106
2021-07-29 04:04:49,980 [INFO] delta angle: -8.864018293343122
2021-07-29 04:04:49,980 [INFO] sending message $BPRMB,030450.59,8.864018293343122,1,0,750,0,1*59
...
2021-07-29 04:04:50,982 [INFO] sending message $BPSTS,030450.98,1,BWSI Autonomy OK*47
...
2021-07-29 04:04:50,983 [INFO] Processing: $BFNVG,030448.69,4218.000999,N,07105.998339,W,0,10.0,1.0,56.6,0.0,0.0,030448.69*6D
2021-07-29 04:04:50,985 [INFO] Interpreted as: {'position': (2.3276402267511003, 1.7925305115059018), 'latlon': (42.30001665, -71.09997231666667), 'heading': 56.6, 'depth': 1.0, 'altitude': 10.0, 'roll': 0.0, 'pitch': 0.0, 'last_fix_time': datetime.datetime(2021, 7, 29, 3, 4, 48), 'speed': None, 'rudder': 0, 'datum': (42.3, -71.1)}
2021-07-29 04:04:50,987 [INFO] Processing: $BFNVG,030449.05,4218.001084,N,07105.998175,W,0,10.0,1.0,56.5,0.0,0.0,030449.05*60
2021-07-29 04:04:50,989 [INFO] Interpreted as: {'position': (2.5568385319784284, 1.944279414601624), 'latlon': (42.30001806666667, -71.09996958333333), 'heading': 56.5, 'depth': 1.0, 'altitude': 10.0, 'roll': 0.0, 'pitch': 0.0, 'last_fix_time': datetime.datetime(2021, 7, 29, 3, 4, 49), 'speed': None, 'rudder': 0, 'datum': (42.3, -71.1)}
2021-07-29 04:04:50,990 [INFO] Processing: $BFNVG,030449.39,4218.001165,N,07105.998018,W,0,10.0,1.0,56.4,0.0,0.0,030449.39*65
2021-07-29 04:04:50,992 [INFO] Interpreted as: {'position': (2.776236985810101, 2.0888628689572215), 'latlon': (42.300019416666665, -71.09996696666667), 'heading': 56.4, 'depth': 1.0, 'altitude': 10.0, 'roll': 0.0, 'pitch': 0.0, 'last_fix_time': datetime.datetime(2021, 7, 29, 3, 4, 49), 'speed': None, 'rudder': 0, 'datum': (42.3, -71.1)}
2021-07-29 04:04:50,993 [INFO] Processing: $BFNVG,030449.73,4218.001247,N,07105.997862,W,0,10.0,1.0,56.4,0.0,0.0,030449.73*6C
2021-07-29 04:04:50,994 [INFO] Interpreted as: {'position': (2.994307222601492, 2.2353309327736497), 'latlon': (42.30002078333333, -71.09996436666667), 'heading': 56.4, 'depth': 1.0, 'altitude': 10.0, 'roll': 0.0, 'pitch': 0.0, 'last_fix_time': datetime.datetime(2021, 7, 29, 3, 4, 49), 'speed': None, 'rudder': 0, 'datum': (42.3, -71.1)}
2021-07-29 04:04:50,995 [INFO] Received from Frontseat: [b'$BFNVG,030448.69,4218.000999,N,07105.998339,W,0,10.0,1.0,56.6,0.0,0.0,030448.69*6D', b'$BFNVG,030449.05,4218.001084,N,07105.998175,W,0,10.0,1.0,56.5,0.0,0.0,030449.05*60', b'$BFNVG,030449.39,4218.001165,N,07105.998018,W,0,10.0,1.0,56.4,0.0,0.0,030449.39*65', b'$BFNVG,030449.73,4218.001247,N,07105.997862,W,0,10.0,1.0,56.4,0.0,0.0,030449.73*6C']
2021-07-29 04:04:50,996 [INFO] AUV state: {'position': (2.994307222601492, 2.2353309327736497), 'latlon': (42.30002078333333, -71.09996436666667), 'heading': 56.4, 'depth': 1.0, 'altitude': 10.0, 'roll': 0.0, 'pitch': 0.0, 'last_fix_time': datetime.datetime(2021, 7, 29, 3, 4, 49), 'speed': None, 'rudder': 0, 'datum': (42.3, -71.1)}
2021-07-29 04:04:51,339 [INFO] **** [(-20.272012687190827, -14.172204165116707)] [(8.520436739305913, -13.5167374635064)]
2021-07-29 04:04:51,341 [INFO] Next green buoy: [(-20.272012687190827, -14.172204165116707)], next red buoy: [(8.520436739305913, -13.5167374635064)]
2021-07-29 04:04:51,342 [INFO] Desired_heading: 50.52421202605754
2021-07-29 04:04:51,342 [INFO] delta angle: -13.80995372589075
2021-07-29 04:04:51,343 [INFO] sending message $BPRMB,030451.37,13.80995372589075,1,0,750,0,1*59
...
2021-07-29 04:04:52,345 [INFO] sending message $BPSTS,030452.34,1,BWSI Autonomy OK*43
...
2021-07-29 04:04:52,346 [INFO] Processing: $BFNVG,030450.07,4218.001328,N,07105.997705,W,0,10.0,1.0,56.3,0.0,0.0,030450.07*6D
2021-07-29 04:04:52,348 [INFO] Interpreted as: {'position': (3.2137056582141668, 2.379914401099086), 'latlon': (42.300022133333336, -71.09996175), 'heading': 56.3, 'depth': 1.0, 'altitude': 10.0, 'roll': 0.0, 'pitch': 0.0, 'last_fix_time': datetime.datetime(2021, 7, 29, 3, 4, 50), 'speed': None, 'rudder': 0, 'datum': (42.3, -71.1)}
2021-07-29 04:04:52,349 [INFO] Processing: $BFNVG,030450.42,4218.001413,N,07105.997545,W,0,10.0,1.0,55.7,0.0,0.0,030450.42*63
2021-07-29 04:04:52,351 [INFO] Interpreted as: {'position': (3.437408411526121, 2.531798950396478), 'latlon': (42.30002355, -71.09995908333333), 'heading': 55.7, 'depth': 1.0, 'altitude': 10.0, 'roll': 0.0, 'pitch': 0.0, 'last_fix_time': datetime.datetime(2021, 7, 29, 3, 4, 50), 'speed': None, 'rudder': 0, 'datum': (42.3, -71.1)}
2021-07-29 04:04:52,352 [INFO] Processing: $BFNVG,030450.77,4218.001498,N,07105.997386,W,0,10.0,1.0,55.1,0.0,0.0,030450.77*6F
2021-07-29 04:04:52,354 [INFO] Interpreted as: {'position': (3.659737271605991, 2.6837174110114574), 'latlon': (42.30002496666667, -71.09995643333333), 'heading': 55.1, 'depth': 1.0, 'altitude': 10.0, 'roll': 0.0, 'pitch': 0.0, 'last_fix_time': datetime.datetime(2021, 7, 29, 3, 4, 50), 'speed': None, 'rudder': 0, 'datum': (42.3, -71.1)}
2021-07-29 04:04:52,355 [INFO] Processing: $BFNVG,030451.12,4218.001585,N,07105.997229,W,0,10.0,1.0,54.6,0.0,0.0,030451.12*60
2021-07-29 04:04:52,357 [INFO] Interpreted as: {'position': (3.879409705696162, 2.8394050812348723), 'latlon': (42.30002641666667, -71.09995381666667), 'heading': 54.6, 'depth': 1.0, 'altitude': 10.0, 'roll': 0.0, 'pitch': 0.0, 'last_fix_time': datetime.datetime(2021, 7, 29, 3, 4, 51), 'speed': None, 'rudder': 0, 'datum': (42.3, -71.1)}
2021-07-29 04:04:52,358 [INFO] Received from Frontseat: [b'$BFNVG,030450.07,4218.001328,N,07105.997705,W,0,10.0,1.0,56.3,0.0,0.0,030450.07*6D', b'$BFNVG,030450.42,4218.001413,N,07105.997545,W,0,10.0,1.0,55.7,0.0,0.0,030450.42*63', b'$BFNVG,030450.77,4218.001498,N,07105.997386,W,0,10.0,1.0,55.1,0.0,0.0,030450.77*6F', b'$BFNVG,030451.12,4218.001585,N,07105.997229,W,0,10.0,1.0,54.6,0.0,0.0,030451.12*60']
2021-07-29 04:04:52,360 [INFO] AUV state: {'position': (3.879409705696162, 2.8394050812348723), 'latlon': (42.30002641666667, -71.09995381666667), 'heading': 54.6, 'depth': 1.0, 'altitude': 10.0, 'roll': 0.0, 'pitch': 0.0, 'last_fix_time': datetime.datetime(2021, 7, 29, 3, 4, 51), 'speed': None, 'rudder': 0, 'datum': (42.3, -71.1)}
2021-07-29 04:04:52,702 [INFO] **** [(-24.167147215933433, -18.37941085507226)] [(13.195874656623207, -17.595815488194354), (-13.288224971883434, -4.811211562782232)]
2021-07-29 04:04:52,704 [INFO] Next green buoy: [(-24.167147215933433, -18.37941085507226)], next red buoy: [(13.195874656623207, -17.595815488194354), (-13.288224971883434, -4.811211562782232)]
2021-07-29 04:04:52,705 [INFO] Desired_heading: 49.11436372034489
2021-07-29 04:04:52,705 [INFO] delta angle: -12.036882157067339
2021-07-29 04:04:52,706 [INFO] sending message $BPRMB,030453.31,12.036882157067339,1,0,750,0,1*6d
...
2021-07-29 04:04:53,707 [INFO] sending message $BPSTS,030453.70,1,BWSI Autonomy OK*42
...
2021-07-29 04:04:53,708 [INFO] Processing: $BFNVG,030451.46,4218.001671,N,07105.997077,W,0,10.0,1.0,54.0,0.0,0.0,030451.46*67
2021-07-29 04:04:53,710 [INFO] Interpreted as: {'position': (4.092167062917724, 2.9934115819633007), 'latlon': (42.30002785, -71.09995128333334), 'heading': 54.0, 'depth': 1.0, 'altitude': 10.0, 'roll': 0.0, 'pitch': 0.0, 'last_fix_time': datetime.datetime(2021, 7, 29, 3, 4, 51), 'speed': None, 'rudder': 0, 'datum': (42.3, -71.1)}
2021-07-29 04:04:53,711 [INFO] Processing: $BFNVG,030451.80,4218.001757,N,07105.996926,W,0,10.0,1.0,53.1,0.0,0.0,030451.80*68
2021-07-29 04:04:53,713 [INFO] Interpreted as: {'position': (4.303550531505607, 3.1474519930779934), 'latlon': (42.30002928333333, -71.09994876666667), 'heading': 53.1, 'depth': 1.0, 'altitude': 10.0, 'roll': 0.0, 'pitch': 0.0, 'last_fix_time': datetime.datetime(2021, 7, 29, 3, 4, 51), 'speed': None, 'rudder': 0, 'datum': (42.3, -71.1)}
2021-07-29 04:04:53,714 [INFO] Processing: $BFNVG,030452.14,4218.001845,N,07105.996779,W,0,10.0,1.0,52.2,0.0,0.0,030452.14*62
2021-07-29 04:04:53,716 [INFO] Interpreted as: {'position': (4.509529816219583, 3.3053294233977795), 'latlon': (42.30003075, -71.09994631666666), 'heading': 52.2, 'depth': 1.0, 'altitude': 10.0, 'roll': 0.0, 'pitch': 0.0, 'last_fix_time': datetime.datetime(2021, 7, 29, 3, 4, 52), 'speed': None, 'rudder': 0, 'datum': (42.3, -71.1)}
2021-07-29 04:04:53,717 [INFO] Processing: $BFNVG,030452.47,4218.001935,N,07105.996633,W,0,10.0,1.0,51.4,0.0,0.0,030452.47*6E
2021-07-29 04:04:53,719 [INFO] Interpreted as: {'position': (4.71422655438073, 3.466942156665027), 'latlon': (42.30003225, -71.09994388333334), 'heading': 51.4, 'depth': 1.0, 'altitude': 10.0, 'roll': 0.0, 'pitch': 0.0, 'last_fix_time': datetime.datetime(2021, 7, 29, 3, 4, 52), 'speed': None, 'rudder': 0, 'datum': (42.3, -71.1)}
2021-07-29 04:04:53,720 [INFO] Received from Frontseat: [b'$BFNVG,030451.46,4218.001671,N,07105.997077,W,0,10.0,1.0,54.0,0.0,0.0,030451.46*67', b'$BFNVG,030451.80,4218.001757,N,07105.996926,W,0,10.0,1.0,53.1,0.0,0.0,030451.80*68', b'$BFNVG,030452.14,4218.001845,N,07105.996779,W,0,10.0,1.0,52.2,0.0,0.0,030452.14*62', b'$BFNVG,030452.47,4218.001935,N,07105.996633,W,0,10.0,1.0,51.4,0.0,0.0,030452.47*6E']
2021-07-29 04:04:53,720 [INFO] AUV state: {'position': (4.71422655438073, 3.466942156665027), 'latlon': (42.30003225, -71.09994388333334), 'heading': 51.4, 'depth': 1.0, 'altitude': 10.0, 'roll': 0.0, 'pitch': 0.0, 'last_fix_time': datetime.datetime(2021, 7, 29, 3, 4, 52), 'speed': None, 'rudder': 0, 'datum': (42.3, -71.1)}
2021-07-29 04:04:54,062 [INFO] **** [] [(22.264170554422492, -23.97075244319278), (-11.024222379652535, -5.24136984378085)]
2021-07-29 04:04:54,064 [INFO] Next green buoy: [], next red buoy: [(22.264170554422492, -23.97075244319278), (-11.024222379652535, -5.24136984378085)]
2021-07-29 04:04:54,064 [INFO] Desired_heading: 73.6641705544225
2021-07-29 04:04:54,065 [INFO] delta angle: -25
2021-07-29 04:04:54,065 [INFO] sending message $BPRMB,030454.09,25,1,0,750,0,1*77
...
2021-07-29 04:04:55,067 [INFO] sending message $BPSTS,030455.06,1,BWSI Autonomy OK*45
...
2021-07-29 04:04:55,068 [INFO] Processing: $BFNVG,030452.81,4218.002027,N,07105.996487,W,0,10.0,1.0,50.5,0.0,0.0,030452.81*6A
2021-07-29 04:04:55,070 [INFO] Interpreted as: {'position': (4.919014624669217, 3.63225628901273), 'latlon': (42.30003378333333, -71.09994145), 'heading': 50.5, 'depth': 1.0, 'altitude': 10.0, 'roll': 0.0, 'pitch': 0.0, 'last_fix_time': datetime.datetime(2021, 7, 29, 3, 4, 52), 'speed': None, 'rudder': 0, 'datum': (42.3, -71.1)}
2021-07-29 04:04:55,071 [INFO] Processing: $BFNVG,030453.16,4218.002123,N,07105.996341,W,0,10.0,1.0,49.7,0.0,0.0,030453.16*68
2021-07-29 04:04:55,073 [INFO] Interpreted as: {'position': (5.123985368409194, 3.804973216727376), 'latlon': (42.30003538333333, -71.09993901666667), 'heading': 49.7, 'depth': 1.0, 'altitude': 10.0, 'roll': 0.0, 'pitch': 0.0, 'last_fix_time': datetime.datetime(2021, 7, 29, 3, 4, 53), 'speed': None, 'rudder': 0, 'datum': (42.3, -71.1)}
2021-07-29 04:04:55,074 [INFO] Processing: $BFNVG,030453.50,4218.002217,N,07105.996200,W,0,10.0,1.0,48.9,0.0,0.0,030453.50*67
2021-07-29 04:04:55,077 [INFO] Interpreted as: {'position': (5.3219953656662256, 3.974158274009824), 'latlon': (42.30003695, -71.09993666666666), 'heading': 48.9, 'depth': 1.0, 'altitude': 10.0, 'roll': 0.0, 'pitch': 0.0, 'last_fix_time': datetime.datetime(2021, 7, 29, 3, 4, 53), 'speed': None, 'rudder': 0, 'datum': (42.3, -71.1)}
2021-07-29 04:04:55,077 [INFO] Processing: $BFNVG,030453.84,4218.002313,N,07105.996061,W,0,10.0,1.0,48.2,0.0,0.0,030453.84*6C
2021-07-29 04:04:55,079 [INFO] Interpreted as: {'position': (5.517348936875351, 4.147112539969385), 'latlon': (42.30003855, -71.09993435), 'heading': 48.2, 'depth': 1.0, 'altitude': 10.0, 'roll': 0.0, 'pitch': 0.0, 'last_fix_time': datetime.datetime(2021, 7, 29, 3, 4, 53), 'speed': None, 'rudder': 0, 'datum': (42.3, -71.1)}
2021-07-29 04:04:55,080 [INFO] Received from Frontseat: [b'$BFNVG,030452.81,4218.002027,N,07105.996487,W,0,10.0,1.0,50.5,0.0,0.0,030452.81*6A', b'$BFNVG,030453.16,4218.002123,N,07105.996341,W,0,10.0,1.0,49.7,0.0,0.0,030453.16*68', b'$BFNVG,030453.50,4218.002217,N,07105.996200,W,0,10.0,1.0,48.9,0.0,0.0,030453.50*67', b'$BFNVG,030453.84,4218.002313,N,07105.996061,W,0,10.0,1.0,48.2,0.0,0.0,030453.84*6C']
2021-07-29 04:04:55,081 [INFO] AUV state: {'position': (5.517348936875351, 4.147112539969385), 'latlon': (42.30003855, -71.09993435), 'heading': 48.2, 'depth': 1.0, 'altitude': 10.0, 'roll': 0.0, 'pitch': 0.0, 'last_fix_time': datetime.datetime(2021, 7, 29, 3, 4, 53), 'speed': None, 'rudder': 0, 'datum': (42.3, -71.1)}
2021-07-29 04:04:55,394 [INFO] **** [] [(-8.412111975239085, -5.792135598089604)]
2021-07-29 04:04:55,397 [INFO] Next green buoy: [], next red buoy: [(-8.412111975239085, -5.792135598089604)]
2021-07-29 04:04:55,397 [INFO] Desired_heading: 39.78788802476092
2021-07-29 04:04:55,398 [INFO] delta angle: -25
2021-07-29 04:04:55,398 [INFO] sending message $BPRMB,030456.03,25,1,0,750,0,1*7f
...
2021-07-29 04:04:56,400 [INFO] sending message $BPSTS,030456.40,1,BWSI Autonomy OK*44
...
2021-07-29 04:04:56,401 [INFO] Processing: $BFNVG,030454.18,4218.002411,N,07105.995922,W,0,10.0,1.0,47.4,0.0,0.0,030454.18*6D
2021-07-29 04:04:56,403 [INFO] Interpreted as: {'position': (5.71279383986257, 4.323768206872046), 'latlon': (42.30004018333333, -71.09993203333333), 'heading': 47.4, 'depth': 1.0, 'altitude': 10.0, 'roll': 0.0, 'pitch': 0.0, 'last_fix_time': datetime.datetime(2021, 7, 29, 3, 4, 54), 'speed': None, 'rudder': 0, 'datum': (42.3, -71.1)}
2021-07-29 04:04:56,404 [INFO] Processing: $BFNVG,030454.52,4218.002511,N,07105.995787,W,0,10.0,1.0,45.8,0.0,0.0,030454.52*63
2021-07-29 04:04:56,406 [INFO] Interpreted as: {'position': (5.902834558568429, 4.504260887391865), 'latlon': (42.30004185, -71.09992978333334), 'heading': 45.8, 'depth': 1.0, 'altitude': 10.0, 'roll': 0.0, 'pitch': 0.0, 'last_fix_time': datetime.datetime(2021, 7, 29, 3, 4, 54), 'speed': None, 'rudder': 0, 'datum': (42.3, -71.1)}
2021-07-29 04:04:56,407 [INFO] Processing: $BFNVG,030454.86,4218.002615,N,07105.995653,W,0,10.0,1.0,44.2,0.0,0.0,030454.86*67
2021-07-29 04:04:56,409 [INFO] Interpreted as: {'position': (6.091684071114287, 4.692190264351666), 'latlon': (42.300043583333334, -71.09992755), 'heading': 44.2, 'depth': 1.0, 'altitude': 10.0, 'roll': 0.0, 'pitch': 0.0, 'last_fix_time': datetime.datetime(2021, 7, 29, 3, 4, 54), 'speed': None, 'rudder': 0, 'datum': (42.3, -71.1)}
2021-07-29 04:04:56,410 [INFO] Processing: $BFNVG,030455.20,4218.002720,N,07105.995526,W,0,10.0,1.0,42.6,0.0,0.0,030455.20*63
2021-07-29 04:04:56,412 [INFO] Interpreted as: {'position': (6.270962092268746, 4.882207673043013), 'latlon': (42.30004533333334, -71.09992543333334), 'heading': 42.6, 'depth': 1.0, 'altitude': 10.0, 'roll': 0.0, 'pitch': 0.0, 'last_fix_time': datetime.datetime(2021, 7, 29, 3, 4, 55), 'speed': None, 'rudder': 0, 'datum': (42.3, -71.1)}
2021-07-29 04:04:56,414 [INFO] Received from Frontseat: [b'$BFNVG,030454.18,4218.002411,N,07105.995922,W,0,10.0,1.0,47.4,0.0,0.0,030454.18*6D', b'$BFNVG,030454.52,4218.002511,N,07105.995787,W,0,10.0,1.0,45.8,0.0,0.0,030454.52*63', b'$BFNVG,030454.86,4218.002615,N,07105.995653,W,0,10.0,1.0,44.2,0.0,0.0,030454.86*67', b'$BFNVG,030455.20,4218.002720,N,07105.995526,W,0,10.0,1.0,42.6,0.0,0.0,030455.20*63']
2021-07-29 04:04:56,415 [INFO] AUV state: {'position': (6.270962092268746, 4.882207673043013), 'latlon': (42.30004533333334, -71.09992543333334), 'heading': 42.6, 'depth': 1.0, 'altitude': 10.0, 'roll': 0.0, 'pitch': 0.0, 'last_fix_time': datetime.datetime(2021, 7, 29, 3, 4, 55), 'speed': None, 'rudder': 0, 'datum': (42.3, -71.1)}
2021-07-29 04:04:56,717 [INFO] **** [(-14.909532716488691, -5.914351931575352)] [(-2.767035354142375, -6.370416110557451)]
2021-07-29 04:04:56,719 [INFO] Next green buoy: [(-14.909532716488691, -5.914351931575352)], next red buoy: [(-2.767035354142375, -6.370416110557451)]
2021-07-29 04:04:56,719 [INFO] Desired_heading: 33.76171596468447
2021-07-29 04:04:56,720 [INFO] delta angle: -25
2021-07-29 04:04:56,720 [INFO] sending message $BPRMB,030456.76,25,1,0,750,0,1*7d
...
2021-07-29 04:04:57,722 [INFO] sending message $BPSTS,030457.72,1,BWSI Autonomy OK*44
...
2021-07-29 04:04:57,723 [INFO] Processing: $BFNVG,030455.55,4218.002831,N,07105.995399,W,0,10.0,1.0,41.0,0.0,0.0,030455.55*6B
2021-07-29 04:04:57,726 [INFO] Interpreted as: {'position': (6.450514126801863, 5.083329265937209), 'latlon': (42.300047183333334, -71.09992331666666), 'heading': 41.0, 'depth': 1.0, 'altitude': 10.0, 'roll': 0.0, 'pitch': 0.0, 'last_fix_time': datetime.datetime(2021, 7, 29, 3, 4, 55), 'speed': None, 'rudder': 0, 'datum': (42.3, -71.1)}
2021-07-29 04:04:57,727 [INFO] Processing: $BFNVG,030455.90,4218.002946,N,07105.995275,W,0,10.0,1.0,39.3,0.0,0.0,030455.90*65
2021-07-29 04:04:57,729 [INFO] Interpreted as: {'position': (6.626127196708694, 5.291955364868045), 'latlon': (42.3000491, -71.09992125), 'heading': 39.3, 'depth': 1.0, 'altitude': 10.0, 'roll': 0.0, 'pitch': 0.0, 'last_fix_time': datetime.datetime(2021, 7, 29, 3, 4, 55), 'speed': None, 'rudder': 0, 'datum': (42.3, -71.1)}
2021-07-29 04:04:57,730 [INFO] Processing: $BFNVG,030456.25,4218.003062,N,07105.995157,W,0,10.0,1.0,37.7,0.0,0.0,030456.25*62
2021-07-29 04:04:57,732 [INFO] Interpreted as: {'position': (6.793542650411837, 5.502635585144162), 'latlon': (42.30005103333333, -71.09991928333334), 'heading': 37.7, 'depth': 1.0, 'altitude': 10.0, 'roll': 0.0, 'pitch': 0.0, 'last_fix_time': datetime.datetime(2021, 7, 29, 3, 4, 56), 'speed': None, 'rudder': 0, 'datum': (42.3, -71.1)}
2021-07-29 04:04:57,733 [INFO] Processing: $BFNVG,030456.60,4218.003179,N,07105.995045,W,0,10.0,1.0,36.0,0.0,0.0,030456.60*6D
2021-07-29 04:04:57,736 [INFO] Interpreted as: {'position': (6.952760497108102, 5.715369928628206), 'latlon': (42.30005298333333, -71.09991741666667), 'heading': 36.0, 'depth': 1.0, 'altitude': 10.0, 'roll': 0.0, 'pitch': 0.0, 'last_fix_time': datetime.datetime(2021, 7, 29, 3, 4, 56), 'speed': None, 'rudder': 0, 'datum': (42.3, -71.1)}
2021-07-29 04:04:57,737 [INFO] Received from Frontseat: [b'$BFNVG,030455.55,4218.002831,N,07105.995399,W,0,10.0,1.0,41.0,0.0,0.0,030455.55*6B', b'$BFNVG,030455.90,4218.002946,N,07105.995275,W,0,10.0,1.0,39.3,0.0,0.0,030455.90*65', b'$BFNVG,030456.25,4218.003062,N,07105.995157,W,0,10.0,1.0,37.7,0.0,0.0,030456.25*62', b'$BFNVG,030456.60,4218.003179,N,07105.995045,W,0,10.0,1.0,36.0,0.0,0.0,030456.60*6D']
2021-07-29 04:04:57,738 [INFO] AUV state: {'position': (6.952760497108102, 5.715369928628206), 'latlon': (42.30005298333333, -71.09991741666667), 'heading': 36.0, 'depth': 1.0, 'altitude': 10.0, 'roll': 0.0, 'pitch': 0.0, 'last_fix_time': datetime.datetime(2021, 7, 29, 3, 4, 56), 'speed': None, 'rudder': 0, 'datum': (42.3, -71.1)}
2021-07-29 04:04:58,039 [INFO] **** [(-9.133457299362556, -6.688512057333861)] [(4.703585083148902, -7.22242157334792)]
2021-07-29 04:04:58,041 [INFO] Next green buoy: [(-9.133457299362556, -6.688512057333861)], next red buoy: [(4.703585083148902, -7.22242157334792)]
2021-07-29 04:04:58,054 [INFO] Desired_heading: 33.785063891893174
2021-07-29 04:04:58,055 [INFO] delta angle: -1.9623767851981597
2021-07-29 04:04:58,055 [INFO] sending message $BPRMB,030458.67,1.9623767851981597,1,0,750,0,1*64
...
2021-07-29 04:04:59,057 [INFO] sending message $BPSTS,030459.05,1,BWSI Autonomy OK*4a
...
2021-07-29 04:04:59,058 [INFO] Processing: $BFNVG,030456.94,4218.003298,N,07105.994937,W,0,10.0,1.0,34.4,0.0,0.0,030456.94*6A
2021-07-29 04:04:59,060 [INFO] Interpreted as: {'position': (7.106574160512537, 5.931941286660731), 'latlon': (42.300054966666664, -71.09991561666666), 'heading': 34.4, 'depth': 1.0, 'altitude': 10.0, 'roll': 0.0, 'pitch': 0.0, 'last_fix_time': datetime.datetime(2021, 7, 29, 3, 4, 56), 'speed': None, 'rudder': 0, 'datum': (42.3, -71.1)}
2021-07-29 04:04:59,061 [INFO] Processing: $BFNVG,030457.29,4218.003420,N,07105.994834,W,0,10.0,1.0,32.8,0.0,0.0,030457.29*67
2021-07-29 04:04:59,063 [INFO] Interpreted as: {'position': (7.253655430744402, 6.154234257526696), 'latlon': (42.300057, -71.0999139), 'heading': 32.8, 'depth': 1.0, 'altitude': 10.0, 'roll': 0.0, 'pitch': 0.0, 'last_fix_time': datetime.datetime(2021, 7, 29, 3, 4, 57), 'speed': None, 'rudder': 0, 'datum': (42.3, -71.1)}
2021-07-29 04:04:59,064 [INFO] Processing: $BFNVG,030457.63,4218.003544,N,07105.994735,W,0,10.0,1.0,31.2,0.0,0.0,030457.63*63
2021-07-29 04:04:59,067 [INFO] Interpreted as: {'position': (7.395332518499345, 6.380364240147173), 'latlon': (42.30005906666667, -71.09991225), 'heading': 31.2, 'depth': 1.0, 'altitude': 10.0, 'roll': 0.0, 'pitch': 0.0, 'last_fix_time': datetime.datetime(2021, 7, 29, 3, 4, 57), 'speed': None, 'rudder': 0, 'datum': (42.3, -71.1)}
2021-07-29 04:04:59,067 [INFO] Processing: $BFNVG,030457.98,4218.003670,N,07105.994641,W,0,10.0,1.0,29.6,0.0,0.0,030457.98*68
2021-07-29 04:04:59,070 [INFO] Interpreted as: {'position': (7.530231547658332, 6.6103651355952024), 'latlon': (42.300061166666666, -71.09991068333333), 'heading': 29.6, 'depth': 1.0, 'altitude': 10.0, 'roll': 0.0, 'pitch': 0.0, 'last_fix_time': datetime.datetime(2021, 7, 29, 3, 4, 57), 'speed': None, 'rudder': 0, 'datum': (42.3, -71.1)}
2021-07-29 04:04:59,072 [INFO] Received from Frontseat: [b'$BFNVG,030456.94,4218.003298,N,07105.994937,W,0,10.0,1.0,34.4,0.0,0.0,030456.94*6A', b'$BFNVG,030457.29,4218.003420,N,07105.994834,W,0,10.0,1.0,32.8,0.0,0.0,030457.29*67', b'$BFNVG,030457.63,4218.003544,N,07105.994735,W,0,10.0,1.0,31.2,0.0,0.0,030457.63*63', b'$BFNVG,030457.98,4218.003670,N,07105.994641,W,0,10.0,1.0,29.6,0.0,0.0,030457.98*68']
2021-07-29 04:04:59,073 [INFO] AUV state: {'position': (7.530231547658332, 6.6103651355952024), 'latlon': (42.300061166666666, -71.09991068333333), 'heading': 29.6, 'depth': 1.0, 'altitude': 10.0, 'roll': 0.0, 'pitch': 0.0, 'last_fix_time': datetime.datetime(2021, 7, 29, 3, 4, 57), 'speed': None, 'rudder': 0, 'datum': (42.3, -71.1)}
2021-07-29 04:04:59,394 [INFO] **** [(-2.8974115984693727, -7.630293042073436)] [(12.740396403957318, -8.347593457559197), (24.009905497528802, -4.948141415419081)]
2021-07-29 04:04:59,396 [INFO] Next green buoy: [(-2.8974115984693727, -7.630293042073436)], next red buoy: [(12.740396403957318, -8.347593457559197), (24.009905497528802, -4.948141415419081)]
2021-07-29 04:04:59,396 [INFO] Desired_heading: 34.521492402743974
2021-07-29 04:04:59,397 [INFO] delta angle: 9.688434988106653
2021-07-29 04:04:59,397 [INFO] sending message $BPRMB,030459.43,-9.688434988106653,1,0,750,0,1*72
...
2021-07-29 04:05:00,399 [INFO] sending message $BPSTS,030500.39,1,BWSI Autonomy OK*48
...
2021-07-29 04:05:00,400 [INFO] Processing: $BFNVG,030458.33,4218.003800,N,07105.994550,W,0,10.0,1.0,27.9,0.0,0.0,030458.33*63
2021-07-29 04:05:00,403 [INFO] Interpreted as: {'position': (7.661191613879055, 6.847870532423258), 'latlon': (42.300063333333334, -71.09990916666666), 'heading': 27.9, 'depth': 1.0, 'altitude': 10.0, 'roll': 0.0, 'pitch': 0.0, 'last_fix_time': datetime.datetime(2021, 7, 29, 3, 4, 58), 'speed': None, 'rudder': 0, 'datum': (42.3, -71.1)}
2021-07-29 04:05:00,403 [INFO] Processing: $BFNVG,030458.68,4218.003932,N,07105.994462,W,0,10.0,1.0,27.8,0.0,0.0,030458.68*62
2021-07-29 04:05:00,405 [INFO] Interpreted as: {'position': (7.78812137269415, 7.089179038070142), 'latlon': (42.30006553333333, -71.0999077), 'heading': 27.8, 'depth': 1.0, 'altitude': 10.0, 'roll': 0.0, 'pitch': 0.0, 'last_fix_time': datetime.datetime(2021, 7, 29, 3, 4, 58), 'speed': None, 'rudder': 0, 'datum': (42.3, -71.1)}
2021-07-29 04:05:00,407 [INFO] Processing: $BFNVG,030459.04,4218.004063,N,07105.994375,W,0,10.0,1.0,27.7,0.0,0.0,030459.04*66
2021-07-29 04:05:00,409 [INFO] Interpreted as: {'position': (7.913631579140201, 7.328670752234757), 'latlon': (42.30006771666667, -71.09990625), 'heading': 27.7, 'depth': 1.0, 'altitude': 10.0, 'roll': 0.0, 'pitch': 0.0, 'last_fix_time': datetime.datetime(2021, 7, 29, 3, 4, 59), 'speed': None, 'rudder': 0, 'datum': (42.3, -71.1)}
2021-07-29 04:05:00,410 [INFO] Received from Frontseat: [b'$BFNVG,030458.33,4218.003800,N,07105.994550,W,0,10.0,1.0,27.9,0.0,0.0,030458.33*63', b'$BFNVG,030458.68,4218.003932,N,07105.994462,W,0,10.0,1.0,27.8,0.0,0.0,030458.68*62', b'$BFNVG,030459.04,4218.004063,N,07105.994375,W,0,10.0,1.0,27.7,0.0,0.0,030459.04*66']
2021-07-29 04:05:00,411 [INFO] AUV state: {'position': (7.913631579140201, 7.328670752234757), 'latlon': (42.30006771666667, -71.09990625), 'heading': 27.7, 'depth': 1.0, 'altitude': 10.0, 'roll': 0.0, 'pitch': 0.0, 'last_fix_time': datetime.datetime(2021, 7, 29, 3, 4, 59), 'speed': None, 'rudder': 0, 'datum': (42.3, -71.1)}
2021-07-29 04:05:00,730 [INFO] **** [(-0.9306419661409461, -8.451733249695812)] [(16.408470166517684, -9.252913011126)]
2021-07-29 04:05:00,733 [INFO] Next green buoy: [(-0.9306419661409461, -8.451733249695812)], next red buoy: [(16.408470166517684, -9.252913011126)]
2021-07-29 04:05:00,733 [INFO] Desired_heading: 35.43891410018837
2021-07-29 04:05:00,734 [INFO] delta angle: 23.956316580037754
2021-07-29 04:05:00,734 [INFO] sending message $BPRMB,030501.36,-23.956316580037754,1,0,750,0,1*4e
...
2021-07-29 04:05:01,736 [INFO] sending message $BPSTS,030501.73,1,BWSI Autonomy OK*47
...
2021-07-29 04:05:01,737 [INFO] Processing: $BFNVG,030459.38,4218.004192,N,07105.994289,W,0,10.0,1.0,27.5,0.0,0.0,030459.38*69
2021-07-29 04:05:01,739 [INFO] Interpreted as: {'position': (8.037676556967199, 7.564494976773858), 'latlon': (42.30006986666667, -71.09990481666667), 'heading': 27.5, 'depth': 1.0, 'altitude': 10.0, 'roll': 0.0, 'pitch': 0.0, 'last_fix_time': datetime.datetime(2021, 7, 29, 3, 4, 59), 'speed': None, 'rudder': 0, 'datum': (42.3, -71.1)}
2021-07-29 04:05:01,740 [INFO] Processing: $BFNVG,030459.73,4218.004321,N,07105.994203,W,0,10.0,1.0,28.2,0.0,0.0,030459.73*69
2021-07-29 04:05:01,742 [INFO] Interpreted as: {'position': (8.161721526936162, 7.800319203175604), 'latlon': (42.30007201666667, -71.09990338333333), 'heading': 28.2, 'depth': 1.0, 'altitude': 10.0, 'roll': 0.0, 'pitch': 0.0, 'last_fix_time': datetime.datetime(2021, 7, 29, 3, 4, 59), 'speed': None, 'rudder': 0, 'datum': (42.3, -71.1)}
2021-07-29 04:05:01,744 [INFO] Processing: $BFNVG,030500.07,4218.004449,N,07105.994115,W,0,10.0,1.0,28.8,0.0,0.0,030500.07*6E
2021-07-29 04:05:01,745 [INFO] Interpreted as: {'position': (8.288468577608, 8.034224928356707), 'latlon': (42.30007415, -71.09990191666667), 'heading': 28.8, 'depth': 1.0, 'altitude': 10.0, 'roll': 0.0, 'pitch': 0.0, 'last_fix_time': datetime.datetime(2021, 7, 29, 3, 5), 'speed': None, 'rudder': 0, 'datum': (42.3, -71.1)}
2021-07-29 04:05:01,746 [INFO] Processing: $BFNVG,030500.42,4218.004576,N,07105.994025,W,0,10.0,1.0,29.4,0.0,0.0,030500.42*6C
2021-07-29 04:05:01,748 [INFO] Interpreted as: {'position': (8.41791770234704, 8.266212152317166), 'latlon': (42.300076266666665, -71.09990041666667), 'heading': 29.4, 'depth': 1.0, 'altitude': 10.0, 'roll': 0.0, 'pitch': 0.0, 'last_fix_time': datetime.datetime(2021, 7, 29, 3, 5), 'speed': None, 'rudder': 0, 'datum': (42.3, -71.1)}
2021-07-29 04:05:01,749 [INFO] Received from Frontseat: [b'$BFNVG,030459.38,4218.004192,N,07105.994289,W,0,10.0,1.0,27.5,0.0,0.0,030459.38*69', b'$BFNVG,030459.73,4218.004321,N,07105.994203,W,0,10.0,1.0,28.2,0.0,0.0,030459.73*69', b'$BFNVG,030500.07,4218.004449,N,07105.994115,W,0,10.0,1.0,28.8,0.0,0.0,030500.07*6E', b'$BFNVG,030500.42,4218.004576,N,07105.994025,W,0,10.0,1.0,29.4,0.0,0.0,030500.42*6C']
2021-07-29 04:05:01,750 [INFO] AUV state: {'position': (8.41791770234704, 8.266212152317166), 'latlon': (42.300076266666665, -71.09990041666667), 'heading': 29.4, 'depth': 1.0, 'altitude': 10.0, 'roll': 0.0, 'pitch': 0.0, 'last_fix_time': datetime.datetime(2021, 7, 29, 3, 5), 'speed': None, 'rudder': 0, 'datum': (42.3, -71.1)}
2021-07-29 04:05:02,071 [INFO] **** [(-2.989292959028868, -9.894239695953608)] [(17.548970536247104, -11.036688616004568)]
2021-07-29 04:05:02,073 [INFO] Next green buoy: [(-2.989292959028868, -9.894239695953608)], next red buoy: [(17.548970536247104, -11.036688616004568)]
2021-07-29 04:05:02,074 [INFO] Desired_heading: 36.67983878860912
2021-07-29 04:05:02,074 [INFO] delta angle: 21.198421115255154
2021-07-29 04:05:02,075 [INFO] sending message $BPRMB,030502.10,-21.198421115255154,1,0,750,0,1*4a
...
2021-07-29 04:05:03,077 [INFO] sending message $BPSTS,030503.07,1,BWSI Autonomy OK*46
...
2021-07-29 04:05:03,078 [INFO] Processing: $BFNVG,030500.76,4218.004703,N,07105.993933,W,0,10.0,1.0,30.0,0.0,0.0,030500.76*69
2021-07-29 04:05:03,135 [INFO] Interpreted as: {'position': (8.550114579498768, 8.49813157133758), 'latlon': (42.300078383333336, -71.09989888333334), 'heading': 30.0, 'depth': 1.0, 'altitude': 10.0, 'roll': 0.0, 'pitch': 0.0, 'last_fix_time': datetime.datetime(2021, 7, 29, 3, 5), 'speed': None, 'rudder': 0, 'datum': (42.3, -71.1)}
2021-07-29 04:05:03,136 [INFO] Processing: $BFNVG,030501.11,4218.004829,N,07105.993838,W,0,10.0,1.0,31.6,0.0,0.0,030501.11*63
2021-07-29 04:05:03,138 [INFO] Interpreted as: {'position': (8.686387412599288, 8.728098584339023), 'latlon': (42.30008048333333, -71.0998973), 'heading': 31.6, 'depth': 1.0, 'altitude': 10.0, 'roll': 0.0, 'pitch': 0.0, 'last_fix_time': datetime.datetime(2021, 7, 29, 3, 5, 1), 'speed': None, 'rudder': 0, 'datum': (42.3, -71.1)}
2021-07-29 04:05:03,140 [INFO] Processing: $BFNVG,030501.46,4218.004953,N,07105.993737,W,0,10.0,1.0,33.2,0.0,0.0,030501.46*69
2021-07-29 04:05:03,142 [INFO] Interpreted as: {'position': (8.830812161264475, 8.95416078530252), 'latlon': (42.30008255, -71.09989561666667), 'heading': 33.2, 'depth': 1.0, 'altitude': 10.0, 'roll': 0.0, 'pitch': 0.0, 'last_fix_time': datetime.datetime(2021, 7, 29, 3, 5, 1), 'speed': None, 'rudder': 0, 'datum': (42.3, -71.1)}
2021-07-29 04:05:03,143 [INFO] Processing: $BFNVG,030501.81,4218.005077,N,07105.993630,W,0,10.0,1.0,34.7,0.0,0.0,030501.81*63
2021-07-29 04:05:03,146 [INFO] Interpreted as: {'position': (8.983480172930285, 9.180019569583237), 'latlon': (42.300084616666666, -71.09989383333334), 'heading': 34.7, 'depth': 1.0, 'altitude': 10.0, 'roll': 0.0, 'pitch': 0.0, 'last_fix_time': datetime.datetime(2021, 7, 29, 3, 5, 1), 'speed': None, 'rudder': 0, 'datum': (42.3, -71.1)}
2021-07-29 04:05:03,148 [INFO] Received from Frontseat: [b'$BFNVG,030500.76,4218.004703,N,07105.993933,W,0,10.0,1.0,30.0,0.0,0.0,030500.76*69', b'$BFNVG,030501.11,4218.004829,N,07105.993838,W,0,10.0,1.0,31.6,0.0,0.0,030501.11*63', b'$BFNVG,030501.46,4218.004953,N,07105.993737,W,0,10.0,1.0,33.2,0.0,0.0,030501.46*69', b'$BFNVG,030501.81,4218.005077,N,07105.993630,W,0,10.0,1.0,34.7,0.0,0.0,030501.81*63']
2021-07-29 04:05:03,149 [INFO] AUV state: {'position': (8.983480172930285, 9.180019569583237), 'latlon': (42.300084616666666, -71.09989383333334), 'heading': 34.7, 'depth': 1.0, 'altitude': 10.0, 'roll': 0.0, 'pitch': 0.0, 'last_fix_time': datetime.datetime(2021, 7, 29, 3, 5, 1), 'speed': None, 'rudder': 0, 'datum': (42.3, -71.1)}
2021-07-29 04:05:03,472 [INFO] **** [(-10.135940594386623, -12.005526886445073)] [(15.415050493473915, -13.62659187457566)]
2021-07-29 04:05:03,475 [INFO] Next green buoy: [(-10.135940594386623, -12.005526886445073)], next red buoy: [(15.415050493473915, -13.62659187457566)]
2021-07-29 04:05:03,475 [INFO] Desired_heading: 37.33955494954365
2021-07-29 04:05:03,476 [INFO] delta angle: 2.78690013266414
2021-07-29 04:05:03,476 [INFO] sending message $BPRMB,030504.04,-2.78690013266414,1,0,750,0,1*49
...
2021-07-29 04:05:04,478 [INFO] sending message $BPSTS,030504.47,1,BWSI Autonomy OK*45
...
2021-07-29 04:05:04,479 [INFO] Processing: $BFNVG,030502.16,4218.005198,N,07105.993520,W,0,10.0,1.0,36.3,0.0,0.0,030502.16*67
2021-07-29 04:05:04,481 [INFO] Interpreted as: {'position': (9.140132799511775, 9.40022455714643), 'latlon': (42.300086633333336, -71.099892), 'heading': 36.3, 'depth': 1.0, 'altitude': 10.0, 'roll': 0.0, 'pitch': 0.0, 'last_fix_time': datetime.datetime(2021, 7, 29, 3, 5, 2), 'speed': None, 'rudder': 0, 'datum': (42.3, -71.1)}
2021-07-29 04:05:04,482 [INFO] Processing: $BFNVG,030502.51,4218.005317,N,07105.993405,W,0,10.0,1.0,37.7,0.0,0.0,030502.51*61
2021-07-29 04:05:04,484 [INFO] Interpreted as: {'position': (9.303563466412015, 9.616558636538684), 'latlon': (42.30008861666666, -71.09989008333334), 'heading': 37.7, 'depth': 1.0, 'altitude': 10.0, 'roll': 0.0, 'pitch': 0.0, 'last_fix_time': datetime.datetime(2021, 7, 29, 3, 5, 2), 'speed': None, 'rudder': 0, 'datum': (42.3, -71.1)}
2021-07-29 04:05:04,486 [INFO] Processing: $BFNVG,030502.86,4218.005433,N,07105.993287,W,0,10.0,1.0,39.1,0.0,0.0,030502.86*64
2021-07-29 04:05:04,488 [INFO] Interpreted as: {'position': (9.470978747820482, 9.827238917350769), 'latlon': (42.30009055, -71.09988811666666), 'heading': 39.1, 'depth': 1.0, 'altitude': 10.0, 'roll': 0.0, 'pitch': 0.0, 'last_fix_time': datetime.datetime(2021, 7, 29, 3, 5, 2), 'speed': None, 'rudder': 0, 'datum': (42.3, -71.1)}
2021-07-29 04:05:04,489 [INFO] Processing: $BFNVG,030503.21,4218.005547,N,07105.993165,W,0,10.0,1.0,40.5,0.0,0.0,030503.21*63
2021-07-29 04:05:04,491 [INFO] Interpreted as: {'position': (9.643798189237714, 10.034082194790244), 'latlon': (42.30009245, -71.09988608333333), 'heading': 40.5, 'depth': 1.0, 'altitude': 10.0, 'roll': 0.0, 'pitch': 0.0, 'last_fix_time': datetime.datetime(2021, 7, 29, 3, 5, 3), 'speed': None, 'rudder': 0, 'datum': (42.3, -71.1)}
2021-07-29 04:05:04,492 [INFO] Received from Frontseat: [b'$BFNVG,030502.16,4218.005198,N,07105.993520,W,0,10.0,1.0,36.3,0.0,0.0,030502.16*67', b'$BFNVG,030502.51,4218.005317,N,07105.993405,W,0,10.0,1.0,37.7,0.0,0.0,030502.51*61', b'$BFNVG,030502.86,4218.005433,N,07105.993287,W,0,10.0,1.0,39.1,0.0,0.0,030502.86*64', b'$BFNVG,030503.21,4218.005547,N,07105.993165,W,0,10.0,1.0,40.5,0.0,0.0,030503.21*63']
2021-07-29 04:05:04,493 [INFO] AUV state: {'position': (9.643798189237714, 10.034082194790244), 'latlon': (42.30009245, -71.09988608333333), 'heading': 40.5, 'depth': 1.0, 'altitude': 10.0, 'roll': 0.0, 'pitch': 0.0, 'last_fix_time': datetime.datetime(2021, 7, 29, 3, 5, 3), 'speed': None, 'rudder': 0, 'datum': (42.3, -71.1)}
2021-07-29 04:05:04,831 [INFO] **** [(-19.598017105866283, -15.217505698535732), (12.435861692742337, -6.12192339740899)] [(13.039951101449843, -17.79483009000197), (22.683102519549433, -7.00900379266332)]
2021-07-29 04:05:04,833 [INFO] Next green buoy: [(-19.598017105866283, -15.217505698535732), (12.435861692742337, -6.12192339740899)], next red buoy: [(13.039951101449843, -17.79483009000197), (22.683102519549433, -7.00900379266332)]
2021-07-29 04:05:04,834 [INFO] Desired_heading: 37.22096699779178
2021-07-29 04:05:04,834 [INFO] delta angle: -4.300822971828268
2021-07-29 04:05:04,835 [INFO] sending message $BPRMB,030504.91,4.300822971828268,1,0,750,0,1*55
...
2021-07-29 04:05:05,837 [INFO] sending message $BPSTS,030505.83,1,BWSI Autonomy OK*4c
...
2021-07-29 04:05:05,838 [INFO] Processing: $BFNVG,030503.56,4218.005660,N,07105.993040,W,0,10.0,1.0,41.9,0.0,0.0,030503.56*6E
2021-07-29 04:05:05,840 [INFO] Interpreted as: {'position': (9.820693584217224, 10.23897307086736), 'latlon': (42.300094333333334, -71.099884), 'heading': 41.9, 'depth': 1.0, 'altitude': 10.0, 'roll': 0.0, 'pitch': 0.0, 'last_fix_time': datetime.datetime(2021, 7, 29, 3, 5, 3), 'speed': None, 'rudder': 0, 'datum': (42.3, -71.1)}
2021-07-29 04:05:05,842 [INFO] Processing: $BFNVG,030503.91,4218.005770,N,07105.992912,W,0,10.0,1.0,42.1,0.0,0.0,030503.91*6A
2021-07-29 04:05:05,844 [INFO] Interpreted as: {'position': (10.001573595567606, 10.43821015022695), 'latlon': (42.30009616666667, -71.09988186666666), 'heading': 42.1, 'depth': 1.0, 'altitude': 10.0, 'roll': 0.0, 'pitch': 0.0, 'last_fix_time': datetime.datetime(2021, 7, 29, 3, 5, 3), 'speed': None, 'rudder': 0, 'datum': (42.3, -71.1)}
2021-07-29 04:05:05,845 [INFO] Processing: $BFNVG,030504.26,4218.005881,N,07105.992783,W,0,10.0,1.0,42.3,0.0,0.0,030504.26*6F
2021-07-29 04:05:05,847 [INFO] Interpreted as: {'position': (10.183873144094832, 10.639264026656747), 'latlon': (42.30009801666667, -71.09987971666666), 'heading': 42.3, 'depth': 1.0, 'altitude': 10.0, 'roll': 0.0, 'pitch': 0.0, 'last_fix_time': datetime.datetime(2021, 7, 29, 3, 5, 4), 'speed': None, 'rudder': 0, 'datum': (42.3, -71.1)}
2021-07-29 04:05:05,848 [INFO] Processing: $BFNVG,030504.61,4218.005991,N,07105.992654,W,0,10.0,1.0,42.4,0.0,0.0,030504.61*63
2021-07-29 04:05:05,849 [INFO] Interpreted as: {'position': (10.366127012879588, 10.838467211462557), 'latlon': (42.30009985, -71.09987756666666), 'heading': 42.4, 'depth': 1.0, 'altitude': 10.0, 'roll': 0.0, 'pitch': 0.0, 'last_fix_time': datetime.datetime(2021, 7, 29, 3, 5, 4), 'speed': None, 'rudder': 0, 'datum': (42.3, -71.1)}
2021-07-29 04:05:05,850 [INFO] Received from Frontseat: [b'$BFNVG,030503.56,4218.005660,N,07105.993040,W,0,10.0,1.0,41.9,0.0,0.0,030503.56*6E', b'$BFNVG,030503.91,4218.005770,N,07105.992912,W,0,10.0,1.0,42.1,0.0,0.0,030503.91*6A', b'$BFNVG,030504.26,4218.005881,N,07105.992783,W,0,10.0,1.0,42.3,0.0,0.0,030504.26*6F', b'$BFNVG,030504.61,4218.005991,N,07105.992654,W,0,10.0,1.0,42.4,0.0,0.0,030504.61*63']
2021-07-29 04:05:05,851 [INFO] AUV state: {'position': (10.366127012879588, 10.838467211462557), 'latlon': (42.30009985, -71.09987756666666), 'heading': 42.4, 'depth': 1.0, 'altitude': 10.0, 'roll': 0.0, 'pitch': 0.0, 'last_fix_time': datetime.datetime(2021, 7, 29, 3, 5, 4), 'speed': None, 'rudder': 0, 'datum': (42.3, -71.1)}
2021-07-29 04:05:06,186 [INFO] **** [(11.6274342982694, -7.031478133687137)] [(16.091313794387183, -23.923638245093642), (23.465046274379194, -7.861444750278925)]
2021-07-29 04:05:06,188 [INFO] Next green buoy: [(11.6274342982694, -7.031478133687137)], next red buoy: [(16.091313794387183, -23.923638245093642), (23.465046274379194, -7.861444750278925)]
2021-07-29 04:05:06,189 [INFO] Desired_heading: 56.25937404632829
2021-07-29 04:05:06,189 [INFO] delta angle: 25
2021-07-29 04:05:06,190 [INFO] sending message $BPRMB,030506.76,-25,1,0,750,0,1*54
...
2021-07-29 04:05:07,191 [INFO] sending message $BPSTS,030507.19,1,BWSI Autonomy OK*4d
...
2021-07-29 04:05:07,193 [INFO] Processing: $BFNVG,030504.96,4218.006101,N,07105.992525,W,0,10.0,1.0,42.6,0.0,0.0,030504.96*66
2021-07-29 04:05:07,195 [INFO] Interpreted as: {'position': (10.548380871419795, 11.037670401856303), 'latlon': (42.30010168333333, -71.09987541666666), 'heading': 42.6, 'depth': 1.0, 'altitude': 10.0, 'roll': 0.0, 'pitch': 0.0, 'last_fix_time': datetime.datetime(2021, 7, 29, 3, 5, 4), 'speed': None, 'rudder': 0, 'datum': (42.3, -71.1)}
2021-07-29 04:05:07,196 [INFO] Processing: $BFNVG,030505.31,4218.006211,N,07105.992396,W,0,10.0,1.0,42.3,0.0,0.0,030505.31*6F
2021-07-29 04:05:07,198 [INFO] Interpreted as: {'position': (10.730634719948284, 11.236873594112694), 'latlon': (42.30010351666667, -71.09987326666666), 'heading': 42.3, 'depth': 1.0, 'altitude': 10.0, 'roll': 0.0, 'pitch': 0.0, 'last_fix_time': datetime.datetime(2021, 7, 29, 3, 5, 5), 'speed': None, 'rudder': 0, 'datum': (42.3, -71.1)}
2021-07-29 04:05:07,199 [INFO] Processing: $BFNVG,030505.66,4218.006322,N,07105.992267,W,0,10.0,1.0,42.1,0.0,0.0,030505.66*63
2021-07-29 04:05:07,201 [INFO] Interpreted as: {'position': (10.912934227613732, 11.437927489168942), 'latlon': (42.30010536666666, -71.09987111666666), 'heading': 42.1, 'depth': 1.0, 'altitude': 10.0, 'roll': 0.0, 'pitch': 0.0, 'last_fix_time': datetime.datetime(2021, 7, 29, 3, 5, 5), 'speed': None, 'rudder': 0, 'datum': (42.3, -71.1)}
2021-07-29 04:05:07,202 [INFO] Processing: $BFNVG,030506.01,4218.006433,N,07105.992140,W,0,10.0,1.0,41.8,0.0,0.0,030506.01*68
2021-07-29 04:05:07,204 [INFO] Interpreted as: {'position': (11.092485970119014, 11.63904919475317), 'latlon': (42.30010721666667, -71.099869), 'heading': 41.8, 'depth': 1.0, 'altitude': 10.0, 'roll': 0.0, 'pitch': 0.0, 'last_fix_time': datetime.datetime(2021, 7, 29, 3, 5, 6), 'speed': None, 'rudder': 0, 'datum': (42.3, -71.1)}
2021-07-29 04:05:07,205 [INFO] Received from Frontseat: [b'$BFNVG,030504.96,4218.006101,N,07105.992525,W,0,10.0,1.0,42.6,0.0,0.0,030504.96*66', b'$BFNVG,030505.31,4218.006211,N,07105.992396,W,0,10.0,1.0,42.3,0.0,0.0,030505.31*6F', b'$BFNVG,030505.66,4218.006322,N,07105.992267,W,0,10.0,1.0,42.1,0.0,0.0,030505.66*63', b'$BFNVG,030506.01,4218.006433,N,07105.992140,W,0,10.0,1.0,41.8,0.0,0.0,030506.01*68']
2021-07-29 04:05:07,206 [INFO] AUV state: {'position': (11.092485970119014, 11.63904919475317), 'latlon': (42.30010721666667, -71.099869), 'heading': 41.8, 'depth': 1.0, 'altitude': 10.0, 'roll': 0.0, 'pitch': 0.0, 'last_fix_time': datetime.datetime(2021, 7, 29, 3, 5, 6), 'speed': None, 'rudder': 0, 'datum': (42.3, -71.1)}
2021-07-29 04:05:07,517 [INFO] **** [(13.908590922111015, -8.016812759663345)] []
2021-07-29 04:05:07,519 [INFO] Next green buoy: [(13.908590922111015, -8.016812759663345)], next red buoy: []
2021-07-29 04:05:07,519 [INFO] Desired_heading: 55.708590922111014
2021-07-29 04:05:07,520 [INFO] delta angle: 25
2021-07-29 04:05:07,520 [INFO] sending message $BPRMB,030507.62,-25,1,0,750,0,1*50
...
2021-07-29 04:05:08,522 [INFO] sending message $BPSTS,030508.52,1,BWSI Autonomy OK*4d
...
2021-07-29 04:05:08,523 [INFO] Processing: $BFNVG,030506.36,4218.006545,N,07105.992013,W,0,10.0,1.0,41.5,0.0,0.0,030506.36*62
2021-07-29 04:05:08,525 [INFO] Interpreted as: {'position': (11.272083369782194, 11.84202160127461), 'latlon': (42.30010908333333, -71.09986688333333), 'heading': 41.5, 'depth': 1.0, 'altitude': 10.0, 'roll': 0.0, 'pitch': 0.0, 'last_fix_time': datetime.datetime(2021, 7, 29, 3, 5, 6), 'speed': None, 'rudder': 0, 'datum': (42.3, -71.1)}
2021-07-29 04:05:08,525 [INFO] Processing: $BFNVG,030506.71,4218.006655,N,07105.991884,W,0,10.0,1.0,43.1,0.0,0.0,030506.71*63
2021-07-29 04:05:08,527 [INFO] Interpreted as: {'position': (11.454337177681737, 12.041224814020097), 'latlon': (42.30011091666667, -71.09986473333333), 'heading': 43.1, 'depth': 1.0, 'altitude': 10.0, 'roll': 0.0, 'pitch': 0.0, 'last_fix_time': datetime.datetime(2021, 7, 29, 3, 5, 6), 'speed': None, 'rudder': 0, 'datum': (42.3, -71.1)}
2021-07-29 04:05:08,527 [INFO] Processing: $BFNVG,030507.06,4218.006762,N,07105.991751,W,0,10.0,1.0,44.8,0.0,0.0,030507.06*6F
2021-07-29 04:05:08,529 [INFO] Interpreted as: {'position': (11.64194947713986, 12.234740326181054), 'latlon': (42.3001127, -71.09986251666666), 'heading': 44.8, 'depth': 1.0, 'altitude': 10.0, 'roll': 0.0, 'pitch': 0.0, 'last_fix_time': datetime.datetime(2021, 7, 29, 3, 5, 7), 'speed': None, 'rudder': 0, 'datum': (42.3, -71.1)}
2021-07-29 04:05:08,530 [INFO] Processing: $BFNVG,030507.42,4218.006871,N,07105.991609,W,0,10.0,1.0,46.5,0.0,0.0,030507.42*61
2021-07-29 04:05:08,532 [INFO] Interpreted as: {'position': (11.842018000548705, 12.43165211379528), 'latlon': (42.30011451666667, -71.09986015), 'heading': 46.5, 'depth': 1.0, 'altitude': 10.0, 'roll': 0.0, 'pitch': 0.0, 'last_fix_time': datetime.datetime(2021, 7, 29, 3, 5, 7), 'speed': None, 'rudder': 0, 'datum': (42.3, -71.1)}
2021-07-29 04:05:08,533 [INFO] Received from Frontseat: [b'$BFNVG,030506.36,4218.006545,N,07105.992013,W,0,10.0,1.0,41.5,0.0,0.0,030506.36*62', b'$BFNVG,030506.71,4218.006655,N,07105.991884,W,0,10.0,1.0,43.1,0.0,0.0,030506.71*63', b'$BFNVG,030507.06,4218.006762,N,07105.991751,W,0,10.0,1.0,44.8,0.0,0.0,030507.06*6F', b'$BFNVG,030507.42,4218.006871,N,07105.991609,W,0,10.0,1.0,46.5,0.0,0.0,030507.42*61']
2021-07-29 04:05:08,534 [INFO] AUV state: {'position': (11.842018000548705, 12.43165211379528), 'latlon': (42.30011451666667, -71.09986015), 'heading': 46.5, 'depth': 1.0, 'altitude': 10.0, 'roll': 0.0, 'pitch': 0.0, 'last_fix_time': datetime.datetime(2021, 7, 29, 3, 5, 7), 'speed': None, 'rudder': 0, 'datum': (42.3, -71.1)}
2021-07-29 04:05:08,840 [INFO] **** [(10.905527895745132, -9.258262232831735)] []
2021-07-29 04:05:08,842 [INFO] Next green buoy: [(10.905527895745132, -9.258262232831735)], next red buoy: []
2021-07-29 04:05:08,843 [INFO] Desired_heading: 57.40552789574513
2021-07-29 04:05:08,843 [INFO] delta angle: 25
2021-07-29 04:05:08,843 [INFO] sending message $BPRMB,030509.42,-25,1,0,750,0,1*5c
...
2021-07-29 04:05:09,845 [INFO] sending message $BPSTS,030509.84,1,BWSI Autonomy OK*47
...
2021-07-29 04:05:09,846 [INFO] Processing: $BFNVG,030507.77,4218.006973,N,07105.991467,W,0,10.0,1.0,48.1,0.0,0.0,030507.77*62
2021-07-29 04:05:09,848 [INFO] Interpreted as: {'position': (12.041766826994717, 12.615609027445316), 'latlon': (42.300116216666666, -71.09985778333333), 'heading': 48.1, 'depth': 1.0, 'altitude': 10.0, 'roll': 0.0, 'pitch': 0.0, 'last_fix_time': datetime.datetime(2021, 7, 29, 3, 5, 7), 'speed': None, 'rudder': 0, 'datum': (42.3, -71.1)}
2021-07-29 04:05:09,850 [INFO] Processing: $BFNVG,030508.12,4218.007071,N,07105.991322,W,0,10.0,1.0,49.8,0.0,0.0,030508.12*66
2021-07-29 04:05:09,852 [INFO] Interpreted as: {'position': (12.24545460077934, 12.792061448097229), 'latlon': (42.30011785, -71.09985536666667), 'heading': 49.8, 'depth': 1.0, 'altitude': 10.0, 'roll': 0.0, 'pitch': 0.0, 'last_fix_time': datetime.datetime(2021, 7, 29, 3, 5, 8), 'speed': None, 'rudder': 0, 'datum': (42.3, -71.1)}
2021-07-29 04:05:09,853 [INFO] Processing: $BFNVG,030508.48,4218.007167,N,07105.991172,W,0,10.0,1.0,51.4,0.0,0.0,030508.48*62
2021-07-29 04:05:09,856 [INFO] Interpreted as: {'position': (12.45592041441705, 12.964642967097461), 'latlon': (42.30011945, -71.09985286666667), 'heading': 51.4, 'depth': 1.0, 'altitude': 10.0, 'roll': 0.0, 'pitch': 0.0, 'last_fix_time': datetime.datetime(2021, 7, 29, 3, 5, 8), 'speed': None, 'rudder': 0, 'datum': (42.3, -71.1)}
2021-07-29 04:05:09,857 [INFO] Received from Frontseat: [b'$BFNVG,030507.77,4218.006973,N,07105.991467,W,0,10.0,1.0,48.1,0.0,0.0,030507.77*62', b'$BFNVG,030508.12,4218.007071,N,07105.991322,W,0,10.0,1.0,49.8,0.0,0.0,030508.12*66', b'$BFNVG,030508.48,4218.007167,N,07105.991172,W,0,10.0,1.0,51.4,0.0,0.0,030508.48*62']
2021-07-29 04:05:09,858 [INFO] AUV state: {'position': (12.45592041441705, 12.964642967097461), 'latlon': (42.30011945, -71.09985286666667), 'heading': 51.4, 'depth': 1.0, 'altitude': 10.0, 'roll': 0.0, 'pitch': 0.0, 'last_fix_time': datetime.datetime(2021, 7, 29, 3, 5, 8), 'speed': None, 'rudder': 0, 'datum': (42.3, -71.1)}
2021-07-29 04:05:10,163 [INFO] **** [(6.5855479833522885, -10.578852222753484)] []
2021-07-29 04:05:10,166 [INFO] Next green buoy: [(6.5855479833522885, -10.578852222753484)], next red buoy: []
2021-07-29 04:05:10,166 [INFO] Desired_heading: 57.98554798335229
2021-07-29 04:05:10,167 [INFO] delta angle: 17.347776896414178
2021-07-29 04:05:10,167 [INFO] sending message $BPRMB,030510.26,-17.347776896414178,1,0,750,0,1*47
...
2021-07-29 04:05:11,169 [INFO] sending message $BPSTS,030511.16,1,BWSI Autonomy OK*45
...
2021-07-29 04:05:11,171 [INFO] Processing: $BFNVG,030508.83,4218.007260,N,07105.991019,W,0,10.0,1.0,53.1,0.0,0.0,030508.83*6D
2021-07-29 04:05:11,173 [INFO] Interpreted as: {'position': (12.670370842330158, 13.13157069310546), 'latlon': (42.300121, -71.09985031666666), 'heading': 53.1, 'depth': 1.0, 'altitude': 10.0, 'roll': 0.0, 'pitch': 0.0, 'last_fix_time': datetime.datetime(2021, 7, 29, 3, 5, 8), 'speed': None, 'rudder': 0, 'datum': (42.3, -71.1)}
2021-07-29 04:05:11,175 [INFO] Processing: $BFNVG,030509.19,4218.007351,N,07105.990859,W,0,10.0,1.0,54.8,0.0,0.0,030509.19*6D
2021-07-29 04:05:11,178 [INFO] Interpreted as: {'position': (12.89434706006432, 13.294559713453054), 'latlon': (42.30012251666667, -71.09984765), 'heading': 54.8, 'depth': 1.0, 'altitude': 10.0, 'roll': 0.0, 'pitch': 0.0, 'last_fix_time': datetime.datetime(2021, 7, 29, 3, 5, 9), 'speed': None, 'rudder': 0, 'datum': (42.3, -71.1)}
2021-07-29 04:05:11,179 [INFO] Processing: $BFNVG,030509.54,4218.007438,N,07105.990697,W,0,10.0,1.0,56.4,0.0,0.0,030509.54*67
2021-07-29 04:05:11,182 [INFO] Interpreted as: {'position': (13.120888346224092, 13.450078148394823), 'latlon': (42.30012396666667, -71.09984495), 'heading': 56.4, 'depth': 1.0, 'altitude': 10.0, 'roll': 0.0, 'pitch': 0.0, 'last_fix_time': datetime.datetime(2021, 7, 29, 3, 5, 9), 'speed': None, 'rudder': 0, 'datum': (42.3, -71.1)}
2021-07-29 04:05:11,183 [INFO] Processing: $BFNVG,030509.90,4218.007521,N,07105.990532,W,0,10.0,1.0,58.1,0.0,0.0,030509.90*69
2021-07-29 04:05:11,186 [INFO] Interpreted as: {'position': (13.351368578383699, 13.598092092201114), 'latlon': (42.30012535, -71.0998422), 'heading': 58.1, 'depth': 1.0, 'altitude': 10.0, 'roll': 0.0, 'pitch': 0.0, 'last_fix_time': datetime.datetime(2021, 7, 29, 3, 5, 9), 'speed': None, 'rudder': 0, 'datum': (42.3, -71.1)}
2021-07-29 04:05:11,187 [INFO] Received from Frontseat: [b'$BFNVG,030508.83,4218.007260,N,07105.991019,W,0,10.0,1.0,53.1,0.0,0.0,030508.83*6D', b'$BFNVG,030509.19,4218.007351,N,07105.990859,W,0,10.0,1.0,54.8,0.0,0.0,030509.19*6D', b'$BFNVG,030509.54,4218.007438,N,07105.990697,W,0,10.0,1.0,56.4,0.0,0.0,030509.54*67', b'$BFNVG,030509.90,4218.007521,N,07105.990532,W,0,10.0,1.0,58.1,0.0,0.0,030509.90*69']
2021-07-29 04:05:11,188 [INFO] AUV state: {'position': (13.351368578383699, 13.598092092201114), 'latlon': (42.30012535, -71.0998422), 'heading': 58.1, 'depth': 1.0, 'altitude': 10.0, 'roll': 0.0, 'pitch': 0.0, 'last_fix_time': datetime.datetime(2021, 7, 29, 3, 5, 9), 'speed': None, 'rudder': 0, 'datum': (42.3, -71.1)}
2021-07-29 04:05:11,507 [INFO] **** [(-0.18762837944926153, -13.039991500043005), (20.626238462734015, -6.247152433712451)] [(25.396183729824813, -15.25661379040889)]
2021-07-29 04:05:11,509 [INFO] Next green buoy: [(-0.18762837944926153, -13.039991500043005), (20.626238462734015, -6.247152433712451)], next red buoy: [(25.396183729824813, -15.25661379040889)]
2021-07-29 04:05:11,510 [INFO] Desired_heading: 70.70427767518778
2021-07-29 04:05:11,510 [INFO] delta angle: 25
2021-07-29 04:05:11,511 [INFO] sending message $BPRMB,030512.06,-25,1,0,750,0,1*56
...
2021-07-29 04:05:12,513 [INFO] sending message $BPSTS,030512.51,1,BWSI Autonomy OK*45
...
2021-07-29 04:05:12,514 [INFO] Processing: $BFNVG,030510.25,4218.007599,N,07105.990366,W,0,10.0,1.0,59.7,0.0,0.0,030510.25*6A
2021-07-29 04:05:12,516 [INFO] Interpreted as: {'position': (13.58299433416687, 13.736818655394018), 'latlon': (42.30012665, -71.09983943333333), 'heading': 59.7, 'depth': 1.0, 'altitude': 10.0, 'roll': 0.0, 'pitch': 0.0, 'last_fix_time': datetime.datetime(2021, 7, 29, 3, 5, 10), 'speed': None, 'rudder': 0, 'datum': (42.3, -71.1)}
2021-07-29 04:05:12,517 [INFO] Processing: $BFNVG,030510.60,4218.007675,N,07105.990197,W,0,10.0,1.0,60.9,0.0,0.0,030510.60*63
2021-07-29 04:05:12,519 [INFO] Interpreted as: {'position': (13.81865037442185, 13.871742125600576), 'latlon': (42.30012791666667, -71.09983661666666), 'heading': 60.9, 'depth': 1.0, 'altitude': 10.0, 'roll': 0.0, 'pitch': 0.0, 'last_fix_time': datetime.datetime(2021, 7, 29, 3, 5, 10), 'speed': None, 'rudder': 0, 'datum': (42.3, -71.1)}
2021-07-29 04:05:12,520 [INFO] Processing: $BFNVG,030510.95,4218.007749,N,07105.990025,W,0,10.0,1.0,62.0,0.0,0.0,030510.95*6E
2021-07-29 04:05:12,524 [INFO] Interpreted as: {'position': (14.0583367011277, 14.002862501889467), 'latlon': (42.30012915, -71.09983375), 'heading': 62.0, 'depth': 1.0, 'altitude': 10.0, 'roll': 0.0, 'pitch': 0.0, 'last_fix_time': datetime.datetime(2021, 7, 29, 3, 5, 10), 'speed': None, 'rudder': 0, 'datum': (42.3, -71.1)}
2021-07-29 04:05:12,525 [INFO] Processing: $BFNVG,030511.31,4218.007820,N,07105.989850,W,0,10.0,1.0,63.2,0.0,0.0,030511.31*6F
2021-07-29 04:05:12,528 [INFO] Interpreted as: {'position': (14.302007644088008, 14.128329085186124), 'latlon': (42.300130333333335, -71.09983083333333), 'heading': 63.2, 'depth': 1.0, 'altitude': 10.0, 'roll': 0.0, 'pitch': 0.0, 'last_fix_time': datetime.datetime(2021, 7, 29, 3, 5, 11), 'speed': None, 'rudder': 0, 'datum': (42.3, -71.1)}
2021-07-29 04:05:12,530 [INFO] Received from Frontseat: [b'$BFNVG,030510.25,4218.007599,N,07105.990366,W,0,10.0,1.0,59.7,0.0,0.0,030510.25*6A', b'$BFNVG,030510.60,4218.007675,N,07105.990197,W,0,10.0,1.0,60.9,0.0,0.0,030510.60*63', b'$BFNVG,030510.95,4218.007749,N,07105.990025,W,0,10.0,1.0,62.0,0.0,0.0,030510.95*6E', b'$BFNVG,030511.31,4218.007820,N,07105.989850,W,0,10.0,1.0,63.2,0.0,0.0,030511.31*6F']
2021-07-29 04:05:12,531 [INFO] AUV state: {'position': (14.302007644088008, 14.128329085186124), 'latlon': (42.300130333333335, -71.09983083333333), 'heading': 63.2, 'depth': 1.0, 'altitude': 10.0, 'roll': 0.0, 'pitch': 0.0, 'last_fix_time': datetime.datetime(2021, 7, 29, 3, 5, 11), 'speed': None, 'rudder': 0, 'datum': (42.3, -71.1)}
2021-07-29 04:05:12,862 [INFO] **** [(-6.852372755767033, -17.051232196405433), (17.677542327589517, -7.042363361316643)] [(-6.528107105498631, -16.837472625676387)]
2021-07-29 04:05:12,864 [INFO] Next green buoy: [(-6.852372755767033, -17.051232196405433), (17.677542327589517, -7.042363361316643)], next red buoy: [(-6.528107105498631, -16.837472625676387)]
2021-07-29 04:05:12,865 [INFO] Desired_heading: 56.509760069367175
2021-07-29 04:05:12,865 [INFO] delta angle: -17.903724131773572
2021-07-29 04:05:12,866 [INFO] sending message $BPRMB,030512.95,17.903724131773572,1,0,750,0,1*65
...
2021-07-29 04:05:13,868 [INFO] sending message $BPSTS,030513.86,1,BWSI Autonomy OK*4e
...
2021-07-29 04:05:13,869 [INFO] Processing: $BFNVG,030511.66,4218.007888,N,07105.989676,W,0,10.0,1.0,64.3,0.0,0.0,030511.66*61
2021-07-29 04:05:13,872 [INFO] Interpreted as: {'position': (14.544167693587951, 14.248277490958571), 'latlon': (42.30013146666667, -71.09982793333333), 'heading': 64.3, 'depth': 1.0, 'altitude': 10.0, 'roll': 0.0, 'pitch': 0.0, 'last_fix_time': datetime.datetime(2021, 7, 29, 3, 5, 11), 'speed': None, 'rudder': 0, 'datum': (42.3, -71.1)}
2021-07-29 04:05:13,872 [INFO] Processing: $BFNVG,030512.01,4218.007952,N,07105.989499,W,0,10.0,1.0,66.0,0.0,0.0,030512.01*65
2021-07-29 04:05:13,874 [INFO] Interpreted as: {'position': (14.790266691648867, 14.360721408389509), 'latlon': (42.30013253333333, -71.09982498333333), 'heading': 66.0, 'depth': 1.0, 'altitude': 10.0, 'roll': 0.0, 'pitch': 0.0, 'last_fix_time': datetime.datetime(2021, 7, 29, 3, 5, 12), 'speed': None, 'rudder': 0, 'datum': (42.3, -71.1)}
2021-07-29 04:05:13,875 [INFO] Processing: $BFNVG,030512.36,4218.008013,N,07105.989321,W,0,10.0,1.0,67.6,0.0,0.0,030512.36*65
2021-07-29 04:05:13,877 [INFO] Interpreted as: {'position': (15.037602555588819, 14.467579341493547), 'latlon': (42.30013355, -71.09982201666666), 'heading': 67.6, 'depth': 1.0, 'altitude': 10.0, 'roll': 0.0, 'pitch': 0.0, 'last_fix_time': datetime.datetime(2021, 7, 29, 3, 5, 12), 'speed': None, 'rudder': 0, 'datum': (42.3, -71.1)}
2021-07-29 04:05:13,878 [INFO] Processing: $BFNVG,030512.71,4218.008070,N,07105.989140,W,0,10.0,1.0,69.3,0.0,0.0,030512.71*6E
2021-07-29 04:05:13,880 [INFO] Interpreted as: {'position': (15.288877369079273, 14.566932786256075), 'latlon': (42.3001345, -71.099819), 'heading': 69.3, 'depth': 1.0, 'altitude': 10.0, 'roll': 0.0, 'pitch': 0.0, 'last_fix_time': datetime.datetime(2021, 7, 29, 3, 5, 12), 'speed': None, 'rudder': 0, 'datum': (42.3, -71.1)}
2021-07-29 04:05:13,881 [INFO] Received from Frontseat: [b'$BFNVG,030511.66,4218.007888,N,07105.989676,W,0,10.0,1.0,64.3,0.0,0.0,030511.66*61', b'$BFNVG,030512.01,4218.007952,N,07105.989499,W,0,10.0,1.0,66.0,0.0,0.0,030512.01*65', b'$BFNVG,030512.36,4218.008013,N,07105.989321,W,0,10.0,1.0,67.6,0.0,0.0,030512.36*65', b'$BFNVG,030512.71,4218.008070,N,07105.989140,W,0,10.0,1.0,69.3,0.0,0.0,030512.71*6E']
2021-07-29 04:05:13,881 [INFO] AUV state: {'position': (15.288877369079273, 14.566932786256075), 'latlon': (42.3001345, -71.099819), 'heading': 69.3, 'depth': 1.0, 'altitude': 10.0, 'roll': 0.0, 'pitch': 0.0, 'last_fix_time': datetime.datetime(2021, 7, 29, 3, 5, 12), 'speed': None, 'rudder': 0, 'datum': (42.3, -71.1)}
2021-07-29 04:05:14,222 [INFO] **** [(-17.57422262651163, -23.874809993126423), (13.291957516768626, -8.003188700566017)] [(-17.03031847183368, -23.485307395533063)]
2021-07-29 04:05:14,224 [INFO] Next green buoy: [(-17.57422262651163, -23.874809993126423), (13.291957516768626, -8.003188700566017)], next red buoy: [(-17.03031847183368, -23.485307395533063)]
2021-07-29 04:05:14,224 [INFO] Desired_heading: 51.99772945082734
2021-07-29 04:05:14,225 [INFO] delta angle: -25
2021-07-29 04:05:14,225 [INFO] sending message $BPRMB,030514.78,25,1,0,750,0,1*74
...
